  320.000  8.905637e-02 
  321.000  1.171879e-01 
  322.000  1.059045e-01 
  323.000  1.202542e-01 
  324.000  1.351130e-01 
  325.000  1.239986e-01 
  326.000  1.423734e-01 
  327.000  1.476211e-01 
  328.000  1.363519e-01 
  329.000  1.581923e-01 
  330.000  1.617329e-01 
  331.000  1.547477e-01 
  332.000  1.683091e-01 
  333.000  1.723206e-01 
  334.000  1.690250e-01 
  335.000  1.791728e-01 
  336.000  1.833276e-01 
  337.000  1.815735e-01 
  338.000  1.864620e-01 
  339.000  1.915436e-01 
  340.000  1.907060e-01 
  341.000  1.956694e-01 
  342.000  1.993208e-01 
  343.000  2.011615e-01 
  344.000  2.015382e-01 
  345.000  2.065301e-01 
  346.000  2.096986e-01 
  347.000  2.122913e-01 
  348.000  2.147274e-01 
  349.000  2.174722e-01 
  350.000  2.198255e-01 
  351.000  2.221758e-01 
  352.000  2.241086e-01 
  353.000  2.268643e-01 
  354.000  2.292169e-01 
  355.000  2.314116e-01 
  356.000  2.335552e-01 
  357.000  2.354671e-01 
  358.000  2.375285e-01 
  359.000  2.395923e-01 
  360.000  2.417104e-01 
  361.000  2.443927e-01 
  362.000  2.471934e-01 
  363.000  2.497796e-01 
  364.000  2.521654e-01 
  365.000  2.544083e-01 
  366.000  2.567066e-01 
  367.000  2.588994e-01 
  368.000  2.610767e-01 
  369.000  2.632394e-01 
  370.000  2.653840e-01 
  371.000  2.675158e-01 
  372.000  2.696341e-01 
  373.000  2.717382e-01 
  374.000  2.738122e-01 
  375.000  2.758497e-01 
  376.000  2.778214e-01 
  377.000  2.796878e-01 
  378.000  2.814241e-01 
  379.000  2.831908e-01 
  380.000  2.851367e-01 
  381.000  2.873556e-01 
  382.000  2.896591e-01 
  383.000  2.918413e-01 
  384.000  2.939146e-01 
  385.000  2.959155e-01 
  386.000  2.978678e-01 
  387.000  2.997914e-01 
  388.000  3.016931e-01 
  389.000  3.035816e-01 
  390.000  3.054574e-01 
  391.000  3.073165e-01 
  392.000  3.091640e-01 
  393.000  3.109986e-01 
  394.000  3.128184e-01 
  395.000  3.146218e-01 
  396.000  3.164156e-01 
  397.000  3.181906e-01 
  398.000  3.199514e-01 
  399.000  3.216991e-01 
  400.000  3.234246e-01 
  401.000  3.251453e-01 
  402.000  3.268540e-01 
  403.000  3.285498e-01 
  404.000  3.302323e-01 
  405.000  3.318981e-01 
  406.000  3.335544e-01 
  407.000  3.351995e-01 
  408.000  3.368317e-01 
  409.000  3.384495e-01 
  410.000  3.400534e-01 
  411.000  3.416429e-01 
  412.000  3.432169e-01 
  413.000  3.447832e-01 
  414.000  3.462384e-01 
  415.000  3.478140e-01 
  416.000  3.493711e-01 
  417.000  3.509035e-01 
  418.000  3.524021e-01 
  419.000  3.538852e-01 
  420.000  3.553563e-01 
  421.000  3.568197e-01 
  422.000  3.582753e-01 
  423.000  3.597212e-01 
  424.000  3.611512e-01 
  425.000  3.625495e-01 
  426.000  3.639352e-01 
  427.000  3.653098e-01 
  428.000  3.666609e-01 
  429.000  3.679942e-01 
  430.000  3.693128e-01 
  431.000  3.706225e-01 
  432.000  3.719195e-01 
  433.000  3.732051e-01 
  434.000  3.744807e-01 
  435.000  3.757447e-01 
  436.000  3.769953e-01 
  437.000  3.782332e-01 
  438.000  3.794578e-01 
  439.000  3.806737e-01 
  440.000  3.818708e-01 
  441.000  3.830534e-01 
  442.000  3.842181e-01 
  443.000  3.853658e-01 
  444.000  3.864962e-01 
  445.000  3.876028e-01 
  446.000  3.886794e-01 
  447.000  3.898090e-01 
  448.000  3.910210e-01 
  449.000  3.922485e-01 
  450.000  3.934530e-01 
  451.000  3.946112e-01 
  452.000  3.957294e-01 
  453.000  3.968255e-01 
  454.000  3.979022e-01 
  455.000  3.989170e-01 
  456.000  3.998503e-01 
  457.000  4.007843e-01 
  458.000  4.017062e-01 
  459.000  4.026089e-01 
  460.000  4.035048e-01 
  461.000  4.043916e-01 
  462.000  4.052619e-01 
  463.000  4.061288e-01 
  464.000  4.072579e-01 
  465.000  4.083707e-01 
  466.000  4.094644e-01 
  467.000  4.105334e-01 
  468.000  4.114046e-01 
  469.000  4.121552e-01 
  470.000  4.128456e-01 
  471.000  4.134673e-01 
  472.000  4.139954e-01 
  473.000  4.143656e-01 
  474.000  4.146697e-01 
  475.000  4.147478e-01 
  476.000  4.145973e-01 
  477.000  4.145942e-01 
  478.000  4.154741e-01 
  479.000  4.168142e-01 
  480.000  4.182617e-01 
  481.000  4.195610e-01 
  482.000  4.207803e-01 
  483.000  4.218408e-01 
  484.000  4.227528e-01 
  485.000  4.235686e-01 
  486.000  4.244390e-01 
  487.000  4.253556e-01 
  488.000  4.262432e-01 
  489.000  4.271148e-01 
  490.000  4.279763e-01 
  491.000  4.286513e-01 
  492.000  4.292684e-01 
  493.000  4.298826e-01 
  494.000  4.304796e-01 
  495.000  4.310768e-01 
  496.000  4.313845e-01 
  497.000  4.316806e-01 
  498.000  4.319724e-01 
  499.000  4.322486e-01 
  500.000  4.325204e-01 
  501.000  4.327620e-01 
  502.000  4.330037e-01 
  503.000  4.332423e-01 
  504.000  4.334701e-01 
  505.000  4.336853e-01 
  506.000  4.343160e-01 
  507.000  4.349652e-01 
  508.000  4.356136e-01 
  509.000  4.362547e-01 
  510.000  4.368823e-01 
  511.000  4.374451e-01 
  512.000  4.379888e-01 
  513.000  4.385293e-01 
  514.000  4.390633e-01 
  515.000  4.395927e-01 
  516.000  4.399711e-01 
  517.000  4.402136e-01 
  518.000  4.404495e-01 
  519.000  4.406809e-01 
  520.000  4.409101e-01 
  521.000  4.411155e-01 
  522.000  4.412636e-01 
  523.000  4.413704e-01 
  524.000  4.414808e-01 
  525.000  4.415678e-01 
  526.000  4.416898e-01 
  527.000  4.417095e-01 
  528.000  4.416876e-01 
  529.000  4.416646e-01 
  530.000  4.416467e-01 
  531.000  4.416320e-01 
  532.000  4.416650e-01 
  533.000  4.419626e-01 
  534.000  4.423386e-01 
  535.000  4.427629e-01 
  536.000  4.431733e-01 
  537.000  4.435486e-01 
  538.000  4.438844e-01 
  539.000  4.441955e-01 
  540.000  4.444874e-01 
  541.000  4.447708e-01 
  542.000  4.450418e-01 
  543.000  4.453033e-01 
  544.000  4.455010e-01 
  545.000  4.456467e-01 
  546.000  4.457857e-01 
  547.000  4.459286e-01 
  548.000  4.460643e-01 
  549.000  4.461979e-01 
  550.000  4.462627e-01 
  551.000  4.462593e-01 
  552.000  4.462585e-01 
  553.000  4.462437e-01 
  554.000  4.462223e-01 
  555.000  4.461972e-01 
  556.000  4.461462e-01 
  557.000  4.460506e-01 
  558.000  4.459472e-01 
  559.000  4.458317e-01 
  560.000  4.456871e-01 
  561.000  4.455158e-01 
  562.000  4.451580e-01 
  563.000  4.449470e-01 
  564.000  4.446690e-01 
  565.000  4.442452e-01 
  566.000  4.439620e-01 
  567.000  4.430266e-01 
  568.000  4.405325e-01 
  569.000  4.354324e-01 
  570.000  4.360629e-01 
  571.000  4.394076e-01 
  572.000  4.358558e-01 
  573.000  4.366034e-01 
  574.000  4.367097e-01 
  575.000  4.364132e-01 
  576.000  4.365839e-01 
  577.000  4.377683e-01 
  578.000  4.395337e-01 
  579.000  4.411214e-01 
  580.000  4.426627e-01 
  581.000  4.448166e-01 
  582.000  4.463230e-01 
  583.000  4.473132e-01 
  584.000  4.481666e-01 
  585.000  4.488913e-01 
  586.000  4.495423e-01 
  587.000  4.484958e-01 
  588.000  4.416930e-01 
  589.000  4.308235e-01 
  590.000  4.303443e-01 
  591.000  4.381242e-01 
  592.000  4.342886e-01 
  593.000  4.431351e-01 
  594.000  4.413992e-01 
  595.000  4.354823e-01 
  596.000  4.439535e-01 
  597.000  4.417958e-01 
  598.000  4.450920e-01 
  599.000  4.462883e-01 
  600.000  4.492444e-01 
  601.000  4.510536e-01 
  602.000  4.514994e-01 
  603.000  4.524666e-01 
  604.000  4.536313e-01 
  605.000  4.545110e-01 
  606.000  4.551457e-01 
  607.000  4.557588e-01 
  608.000  4.563410e-01 
  609.000  4.568977e-01 
  610.000  4.574735e-01 
  611.000  4.581132e-01 
  612.000  4.587399e-01 
  613.000  4.593473e-01 
  614.000  4.599369e-01 
  615.000  4.605251e-01 
  616.000  4.610918e-01 
  617.000  4.616274e-01 
  618.000  4.620764e-01 
  619.000  4.624563e-01 
  620.000  4.628081e-01 
  621.000  4.631104e-01 
  622.000  4.633631e-01 
  623.000  4.635321e-01 
  624.000  4.637119e-01 
  625.000  4.638618e-01 
  626.000  4.635835e-01 
  627.000  4.607225e-01 
  628.000  4.434924e-01 
  629.000  4.539134e-01 
  630.000  4.565711e-01 
  631.000  4.599996e-01 
  632.000  4.595327e-01 
  633.000  4.639172e-01 
  634.000  4.662335e-01 
  635.000  4.673420e-01 
  636.000  4.689470e-01 
  637.000  4.702762e-01 
  638.000  4.726105e-01 
  639.000  4.735480e-01 
  640.000  4.751716e-01 
  641.000  4.760422e-01 
  642.000  4.772434e-01 
  643.000  4.768395e-01 
  644.000  4.774558e-01 
  645.000  4.766710e-01 
  646.000  4.708247e-01 
  647.000  4.668981e-01 
  648.000  4.624526e-01 
  649.000  4.671882e-01 
  650.000  4.759098e-01 
  651.000  4.763053e-01 
  652.000  4.693685e-01 
  653.000  4.782045e-01 
  654.000  4.776730e-01 
  655.000  4.749891e-01 
  656.000  4.764615e-01 
  657.000  4.785154e-01 
  658.000  4.818016e-01 
  659.000  4.838854e-01 
  660.000  4.850200e-01 
  661.000  4.874420e-01 
  662.000  4.888141e-01 
  663.000  4.889868e-01 
  664.000  4.897836e-01 
  665.000  4.904488e-01 
  666.000  4.912660e-01 
  667.000  4.920075e-01 
  668.000  4.928510e-01 
  669.000  4.934633e-01 
  670.000  4.940089e-01 
  671.000  4.945820e-01 
  672.000  4.950972e-01 
  673.000  4.956034e-01 
  674.000  4.961053e-01 
  675.000  4.966080e-01 
  676.000  4.970800e-01 
  677.000  4.975142e-01 
  678.000  4.979496e-01 
  679.000  4.983082e-01 
  680.000  4.983348e-01 
  681.000  4.982923e-01 
  682.000  4.986068e-01 
  683.000  4.987216e-01 
  684.000  4.984355e-01 
  685.000  4.992672e-01 
  686.000  4.969607e-01 
  687.000  4.178219e-01 
  688.000  4.424862e-01 
  689.000  4.354532e-01 
  690.000  4.483990e-01 
  691.000  4.653941e-01 
  692.000  4.756369e-01 
  693.000  4.714126e-01 
  694.000  4.650410e-01 
  695.000  4.721902e-01 
  696.000  4.763678e-01 
  697.000  4.936374e-01 
  698.000  4.901980e-01 
  699.000  4.749044e-01 
  700.000  4.775335e-01 
  701.000  4.741934e-01 
  702.000  4.767991e-01 
  703.000  4.897784e-01 
  704.000  4.904296e-01 
  705.000  4.851888e-01 
  706.000  4.863063e-01 
  707.000  4.882905e-01 
  708.000  4.904312e-01 
  709.000  4.947326e-01 
  710.000  4.903100e-01 
  711.000  4.949777e-01 
  712.000  4.989681e-01 
  713.000  4.958914e-01 
  714.000  4.948954e-01 
  715.000  4.898417e-01 
  716.000  4.845732e-01 
  717.000  4.512431e-01 
  718.000  4.309761e-01 
  719.000  4.237487e-01 
  720.000  4.129138e-01 
  721.000  4.611403e-01 
  722.000  4.785874e-01 
  723.000  4.688173e-01 
  724.000  4.411431e-01 
  725.000  4.452595e-01 
  726.000  4.440092e-01 
  727.000  4.479639e-01 
  728.000  4.437426e-01 
  729.000  4.543829e-01 
  730.000  4.525923e-01 
  731.000  4.504220e-01 
  732.000  4.684264e-01 
  733.000  4.858181e-01 
  734.000  4.942607e-01 
  735.000  4.913405e-01 
  736.000  4.858571e-01 
  737.000  4.900486e-01 
  738.000  4.958073e-01 
  739.000  4.983084e-01 
  740.000  5.038274e-01 
  741.000  5.070330e-01 
  742.000  5.083973e-01 
  743.000  5.113626e-01 
  744.000  5.125585e-01 
  745.000  5.136051e-01 
  746.000  5.144419e-01 
  747.000  5.146897e-01 
  748.000  5.154544e-01 
  749.000  5.159096e-01 
  750.000  5.156731e-01 
  751.000  5.158552e-01 
  752.000  5.166551e-01 
  753.000  5.169928e-01 
  754.000  5.172624e-01 
  755.000  5.174435e-01 
  756.000  5.176326e-01 
  757.000  5.177639e-01 
  758.000  5.166339e-01 
  759.000  4.734820e-01 
  760.000  1.796066e-01 
  761.000  1.551598e-01 
  762.000  3.149770e-01 
  763.000  2.628760e-01 
  764.000  2.884505e-01 
  765.000  3.482420e-01 
  766.000  4.232994e-01 
  767.000  4.622916e-01 
  768.000  4.881795e-01 
  769.000  5.054343e-01 
  770.000  5.148503e-01 
  771.000  5.191961e-01 
  772.000  5.203079e-01 
  773.000  5.208033e-01 
  774.000  5.214604e-01 
  775.000  5.218781e-01 
  776.000  5.221781e-01 
  777.000  5.222674e-01 
  778.000  5.222585e-01 
  779.000  5.222384e-01 
  780.000  5.222155e-01 
  781.000  5.225662e-01 
  782.000  5.225326e-01 
  783.000  5.225104e-01 
  784.000  5.222437e-01 
  785.000  5.210445e-01 
  786.000  5.193562e-01 
  787.000  5.152064e-01 
  788.000  5.130354e-01 
  789.000  5.052597e-01 
  790.000  5.046063e-01 
  791.000  5.060923e-01 
  792.000  5.074701e-01 
  793.000  5.106605e-01 
  794.000  5.174170e-01 
  795.000  5.133123e-01 
  796.000  5.023891e-01 
  797.000  5.055271e-01 
  798.000  5.124577e-01 
  799.000  5.108950e-01 
  800.000  5.058781e-01 
  801.000  5.064923e-01 
  802.000  5.059997e-01 
  803.000  5.067514e-01 
  804.000  5.091345e-01 
  805.000  5.136886e-01 
  806.000  5.164176e-01 
  807.000  5.165534e-01 
  808.000  5.150287e-01 
  809.000  5.131510e-01 
  810.000  5.110908e-01 
  811.000  5.068573e-01 
  812.000  5.011617e-01 
  813.000  4.942010e-01 
  814.000  4.850455e-01 
  815.000  4.736975e-01 
  816.000  4.592731e-01 
  817.000  4.600610e-01 
  818.000  4.612404e-01 
  819.000  4.660158e-01 
  820.000  4.819809e-01 
  821.000  5.003310e-01 
  822.000  4.863822e-01 
  823.000  4.479409e-01 
  824.000  4.803181e-01 
  825.000  5.014219e-01 
  826.000  4.978488e-01 
  827.000  4.951881e-01 
  828.000  4.813246e-01 
  829.000  4.863186e-01 
  830.000  4.919349e-01 
  831.000  4.932721e-01 
  832.000  4.938847e-01 
  833.000  4.971442e-01 
  834.000  5.009873e-01 
  835.000  5.086077e-01 
  836.000  5.061801e-01 
  837.000  5.059418e-01 
  838.000  5.096586e-01 
  839.000  5.119240e-01 
  840.000  5.127545e-01 
  841.000  5.103270e-01 
  842.000  5.125314e-01 
  843.000  5.177569e-01 
  844.000  5.201389e-01 
  845.000  5.212559e-01 
  846.000  5.224302e-01 
  847.000  5.237238e-01 
  848.000  5.216197e-01 
  849.000  5.219012e-01 
  850.000  5.208668e-01 
  851.000  5.196331e-01 
  852.000  5.197682e-01 
  853.000  5.218368e-01 
  854.000  5.217379e-01 
  855.000  5.227842e-01 
  856.000  5.247328e-01 
  857.000  5.257104e-01 
  858.000  5.261532e-01 
  859.000  5.271870e-01 
  860.000  5.277684e-01 
  861.000  5.278728e-01 
  862.000  5.282216e-01 
  863.000  5.282742e-01 
  864.000  5.285161e-01 
  865.000  5.287154e-01 
  866.000  5.287743e-01 
  867.000  5.287470e-01 
  868.000  5.287849e-01 
  869.000  5.288566e-01 
  870.000  5.288172e-01 
  871.000  5.288853e-01 
  872.000  5.290408e-01 
  873.000  5.289007e-01 
  874.000  5.288281e-01 
  875.000  5.288169e-01 
  876.000  5.285667e-01 
  877.000  5.284433e-01 
  878.000  5.277870e-01 
  879.000  5.278235e-01 
  880.000  5.272004e-01 
  881.000  5.269467e-01 
  882.000  5.266292e-01 
  883.000  5.269631e-01 
  884.000  5.271025e-01 
  885.000  5.259562e-01 
  886.000  5.245118e-01 
  887.000  5.255893e-01 
  888.000  5.255204e-01 
  889.000  5.259288e-01 
  890.000  5.251523e-01 
  891.000  5.231943e-01 
  892.000  5.190597e-01 
  893.000  5.065416e-01 
  894.000  5.003074e-01 
  895.000  4.814651e-01 
  896.000  4.646595e-01 
  897.000  4.470547e-01 
  898.000  4.388695e-01 
  899.000  4.161095e-01 
  900.000  4.193407e-01 
  901.000  4.134816e-01 
  902.000  4.146299e-01 
  903.000  4.529774e-01 
  904.000  4.767636e-01 
  905.000  4.759458e-01 
  906.000  4.610756e-01 
  907.000  4.350329e-01 
  908.000  4.180475e-01 
  909.000  4.187427e-01 
  910.000  4.212857e-01 
  911.000  4.325540e-01 
  912.000  4.271051e-01 
  913.000  4.035876e-01 
  914.000  4.151975e-01 
  915.000  4.244212e-01 
  916.000  4.269550e-01 
  917.000  4.320180e-01 
  918.000  4.385677e-01 
  919.000  4.609063e-01 
  920.000  4.779801e-01 
  921.000  4.742584e-01 
  922.000  4.739549e-01 
  923.000  4.692062e-01 
  924.000  4.578192e-01 
  925.000  4.568124e-01 
  926.000  4.563567e-01 
  927.000  4.429900e-01 
  928.000  4.226126e-01 
  929.000  3.936023e-01 
  930.000  3.574534e-01 
  931.000  3.180910e-01 
  932.000  2.678176e-01 
  933.000  2.321256e-01 
  934.000  1.969645e-01 
  935.000  1.931814e-01 
  936.000  2.066798e-01 
  937.000  2.033574e-01 
  938.000  2.430793e-01 
  939.000  3.520132e-01 
  940.000  3.690529e-01 
  941.000  3.545876e-01 
  942.000  3.194104e-01 
  943.000  2.626674e-01 
  944.000  2.587045e-01 
  945.000  2.786518e-01 
  946.000  2.798923e-01 
  947.000  2.982804e-01 
  948.000  3.091571e-01 
  949.000  3.078803e-01 
  950.000  3.107158e-01 
  951.000  3.352567e-01 
  952.000  3.093116e-01 
  953.000  3.277420e-01 
  954.000  3.477797e-01 
  955.000  3.318416e-01 
  956.000  3.285320e-01 
  957.000  3.794469e-01 
  958.000  3.863024e-01 
  959.000  3.778724e-01 
  960.000  3.755014e-01 
  961.000  3.713104e-01 
  962.000  3.752967e-01 
  963.000  4.037960e-01 
  964.000  4.079867e-01 
  965.000  4.053335e-01 
  966.000  4.069779e-01 
  967.000  4.276296e-01 
  968.000  4.625157e-01 
  969.000  4.784725e-01 
  970.000  4.793699e-01 
  971.000  4.790026e-01 
  972.000  4.744701e-01 
  973.000  4.640427e-01 
  974.000  4.514185e-01 
  975.000  4.433477e-01 
  976.000  4.532325e-01 
  977.000  4.696586e-01 
  978.000  4.683588e-01 
  979.000  4.726717e-01 
  980.000  4.895774e-01 
  981.000  4.933605e-01 
  982.000  4.896254e-01 
  983.000  4.983605e-01 
  984.000  5.073748e-01 
  985.000  5.125144e-01 
  986.000  5.191549e-01 
  987.000  5.220448e-01 
  988.000  5.227152e-01 
  989.000  5.231452e-01 
  990.000  5.238523e-01 
  991.000  5.263295e-01 
  992.000  5.270351e-01 
  993.000  5.273005e-01 
  994.000  5.293474e-01 
  995.000  5.308742e-01 
  996.000  5.308616e-01 
  997.000  5.299212e-01 
  998.000  5.289602e-01 
  999.000  5.285476e-01 
 1000.000  5.288882e-01 
 1001.000  5.265223e-01 
 1002.000  5.227393e-01 
 1003.000  5.236400e-01 
 1004.000  5.258194e-01 
 1005.000  5.268169e-01 
 1006.000  5.271301e-01 
 1007.000  5.264078e-01 
 1008.000  5.233234e-01 
 1009.000  5.192023e-01 
 1010.000  5.210380e-01 
 1011.000  5.254176e-01 
 1012.000  5.270878e-01 
 1013.000  5.283993e-01 
 1014.000  5.289482e-01 
 1015.000  5.290498e-01 
 1016.000  5.294425e-01 
 1017.000  5.298018e-01 
 1018.000  5.292379e-01 
 1019.000  5.277123e-01 
 1020.000  5.282440e-01 
 1021.000  5.293405e-01 
 1022.000  5.274881e-01 
 1023.000  5.259376e-01 
 1024.000  5.250061e-01 
 1025.000  5.278316e-01 
 1026.000  5.290725e-01 
 1027.000  5.285337e-01 
 1028.000  5.289583e-01 
 1029.000  5.300342e-01 
 1030.000  5.311560e-01 
 1031.000  5.317188e-01 
 1032.000  5.321545e-01 
 1033.000  5.322832e-01 
 1034.000  5.324887e-01 
 1035.000  5.326427e-01 
 1036.000  5.325203e-01 
 1037.000  5.325242e-01 
 1038.000  5.326206e-01 
 1039.000  5.324198e-01 
 1040.000  5.322396e-01 
 1041.000  5.320963e-01 
 1042.000  5.320507e-01 
 1043.000  5.320349e-01 
 1044.000  5.319006e-01 
 1045.000  5.315131e-01 
 1046.000  5.312473e-01 
 1047.000  5.309268e-01 
 1048.000  5.304943e-01 
 1049.000  5.300680e-01 
 1050.000  5.296453e-01 
 1051.000  5.291292e-01 
 1052.000  5.287355e-01 
 1053.000  5.286032e-01 
 1054.000  5.280735e-01 
 1055.000  5.274858e-01 
 1056.000  5.269696e-01 
 1057.000  5.258210e-01 
 1058.000  5.238824e-01 
 1059.000  5.238300e-01 
 1060.000  5.247044e-01 
 1061.000  5.244028e-01 
 1062.000  5.231897e-01 
 1063.000  5.226446e-01 
 1064.000  5.215455e-01 
 1065.000  5.203115e-01 
 1066.000  5.203980e-01 
 1067.000  5.199390e-01 
 1068.000  5.176471e-01 
 1069.000  5.167072e-01 
 1070.000  5.172279e-01 
 1071.000  5.158685e-01 
 1072.000  5.144342e-01 
 1073.000  5.142537e-01 
 1074.000  5.145993e-01 
 1075.000  5.170003e-01 
 1076.000  5.156671e-01 
 1077.000  5.138375e-01 
 1078.000  5.116620e-01 
 1079.000  5.114523e-01 
 1080.000  5.054746e-01 
 1081.000  5.051969e-01 
 1082.000  5.079123e-01 
 1083.000  5.047664e-01 
 1084.000  5.013130e-01 
 1085.000  4.930282e-01 
 1086.000  4.950149e-01 
 1087.000  5.042201e-01 
 1088.000  5.046223e-01 
 1089.000  4.934964e-01 
 1090.000  4.914322e-01 
 1091.000  4.935720e-01 
 1092.000  4.880826e-01 
 1093.000  4.758171e-01 
 1094.000  4.705049e-01 
 1095.000  4.713719e-01 
 1096.000  4.721425e-01 
 1097.000  4.696974e-01 
 1098.000  4.401602e-01 
 1099.000  4.152918e-01 
 1100.000  4.169604e-01 
 1101.000  4.203657e-01 
 1102.000  4.186861e-01 
 1103.000  4.209212e-01 
 1104.000  4.167564e-01 
 1105.000  4.063653e-01 
 1106.000  3.959886e-01 
 1107.000  3.984825e-01 
 1108.000  4.002535e-01 
 1109.000  4.089733e-01 
 1110.000  4.076585e-01 
 1111.000  4.026117e-01 
 1112.000  3.808132e-01 
 1113.000  3.512762e-01 
 1114.000  3.429370e-01 
 1115.000  3.075250e-01 
 1116.000  2.861329e-01 
 1117.000  2.386668e-01 
 1118.000  1.969050e-01 
 1119.000  1.753734e-01 
 1120.000  1.499333e-01 
 1121.000  1.443782e-01 
 1122.000  1.197988e-01 
 1123.000  1.326611e-01 
 1124.000  1.415484e-01 
 1125.000  1.367773e-01 
 1126.000  1.349388e-01 
 1127.000  1.371614e-01 
 1128.000  1.414588e-01 
 1129.000  1.666741e-01 
 1130.000  2.288371e-01 
 1131.000  2.477233e-01 
 1132.000  2.218375e-01 
 1133.000  1.769978e-01 
 1134.000  1.032187e-01 
 1135.000  1.084906e-01 
 1136.000  1.837232e-01 
 1137.000  2.289688e-01 
 1138.000  2.754318e-01 
 1139.000  2.906261e-01 
 1140.000  2.815852e-01 
 1141.000  2.636947e-01 
 1142.000  2.572971e-01 
 1143.000  2.375594e-01 
 1144.000  2.159621e-01 
 1145.000  1.856602e-01 
 1146.000  1.927351e-01 
 1147.000  2.165882e-01 
 1148.000  2.383738e-01 
 1149.000  2.474823e-01 
 1150.000  2.483433e-01 
