  320.000  1.920062e-01 
  321.000  2.352887e-01 
  322.000  2.182934e-01 
  323.000  2.398324e-01 
  324.000  2.614430e-01 
  325.000  2.453406e-01 
  326.000  2.717757e-01 
  327.000  2.791590e-01 
  328.000  2.632162e-01 
  329.000  2.938294e-01 
  330.000  2.986855e-01 
  331.000  2.890778e-01 
  332.000  3.076325e-01 
  333.000  3.130456e-01 
  334.000  3.086011e-01 
  335.000  3.222171e-01 
  336.000  3.277339e-01 
  337.000  3.254088e-01 
  338.000  3.318743e-01 
  339.000  3.385487e-01 
  340.000  3.374517e-01 
  341.000  3.439339e-01 
  342.000  3.486753e-01 
  343.000  3.510570e-01 
  344.000  3.515437e-01 
  345.000  3.579714e-01 
  346.000  3.620304e-01 
  347.000  3.653398e-01 
  348.000  3.684398e-01 
  349.000  3.719217e-01 
  350.000  3.748980e-01 
  351.000  3.778622e-01 
  352.000  3.802937e-01 
  353.000  3.837511e-01 
  354.000  3.866942e-01 
  355.000  3.894327e-01 
  356.000  3.921009e-01 
  357.000  3.944753e-01 
  358.000  3.970298e-01 
  359.000  3.995815e-01 
  360.000  4.021945e-01 
  361.000  4.054950e-01 
  362.000  4.089310e-01 
  363.000  4.120951e-01 
  364.000  4.150064e-01 
  365.000  4.177368e-01 
  366.000  4.205282e-01 
  367.000  4.231854e-01 
  368.000  4.258181e-01 
  369.000  4.284275e-01 
  370.000  4.310095e-01 
  371.000  4.335708e-01 
  372.000  4.361106e-01 
  373.000  4.386283e-01 
  374.000  4.411049e-01 
  375.000  4.435334e-01 
  376.000  4.458788e-01 
  377.000  4.480952e-01 
  378.000  4.501535e-01 
  379.000  4.522445e-01 
  380.000  4.545438e-01 
  381.000  4.571606e-01 
  382.000  4.598716e-01 
  383.000  4.624347e-01 
  384.000  4.648654e-01 
  385.000  4.672068e-01 
  386.000  4.694876e-01 
  387.000  4.717309e-01 
  388.000  4.739451e-01 
  389.000  4.761403e-01 
  390.000  4.783173e-01 
  391.000  4.804713e-01 
  392.000  4.826087e-01 
  393.000  4.847279e-01 
  394.000  4.868267e-01 
  395.000  4.889035e-01 
  396.000  4.909663e-01 
  397.000  4.930044e-01 
  398.000  4.950232e-01 
  399.000  4.970243e-01 
  400.000  4.989971e-01 
  401.000  5.009617e-01 
  402.000  5.029100e-01 
  403.000  5.048409e-01 
  404.000  5.067542e-01 
  405.000  5.086459e-01 
  406.000  5.105245e-01 
  407.000  5.123878e-01 
  408.000  5.142344e-01 
  409.000  5.160622e-01 
  410.000  5.178722e-01 
  411.000  5.196638e-01 
  412.000  5.214356e-01 
  413.000  5.231968e-01 
  414.000  5.248312e-01 
  415.000  5.265988e-01 
  416.000  5.283436e-01 
  417.000  5.300587e-01 
  418.000  5.317341e-01 
  419.000  5.333905e-01 
  420.000  5.350316e-01 
  421.000  5.366624e-01 
  422.000  5.382828e-01 
  423.000  5.398906e-01 
  424.000  5.414792e-01 
  425.000  5.430310e-01 
  426.000  5.445672e-01 
  427.000  5.460896e-01 
  428.000  5.475847e-01 
  429.000  5.490584e-01 
  430.000  5.505148e-01 
  431.000  5.519599e-01 
  432.000  5.533896e-01 
  433.000  5.548055e-01 
  434.000  5.562091e-01 
  435.000  5.575988e-01 
  436.000  5.589727e-01 
  437.000  5.603313e-01 
  438.000  5.616741e-01 
  439.000  5.630065e-01 
  440.000  5.643170e-01 
  441.000  5.656106e-01 
  442.000  5.668837e-01 
  443.000  5.681372e-01 
  444.000  5.693708e-01 
  445.000  5.705777e-01 
  446.000  5.717508e-01 
  447.000  5.729809e-01 
  448.000  5.742996e-01 
  449.000  5.756342e-01 
  450.000  5.769427e-01 
  451.000  5.781999e-01 
  452.000  5.794128e-01 
  453.000  5.806008e-01 
  454.000  5.817670e-01 
  455.000  5.828654e-01 
  456.000  5.838749e-01 
  457.000  5.848846e-01 
  458.000  5.858806e-01 
  459.000  5.868553e-01 
  460.000  5.878221e-01 
  461.000  5.887786e-01 
  462.000  5.897166e-01 
  463.000  5.906506e-01 
  464.000  5.918662e-01 
  465.000  5.930634e-01 
  466.000  5.942392e-01 
  467.000  5.953877e-01 
  468.000  5.963231e-01 
  469.000  5.971285e-01 
  470.000  5.978691e-01 
  471.000  5.985358e-01 
  472.000  5.991018e-01 
  473.000  5.994985e-01 
  474.000  5.998242e-01 
  475.000  5.999079e-01 
  476.000  5.997466e-01 
  477.000  5.997433e-01 
  478.000  6.006857e-01 
  479.000  6.021199e-01 
  480.000  6.036677e-01 
  481.000  6.050558e-01 
  482.000  6.063575e-01 
  483.000  6.074888e-01 
  484.000  6.084611e-01 
  485.000  6.093304e-01 
  486.000  6.102574e-01 
  487.000  6.112331e-01 
  488.000  6.121774e-01 
  489.000  6.131041e-01 
  490.000  6.140198e-01 
  491.000  6.147367e-01 
  492.000  6.153920e-01 
  493.000  6.160439e-01 
  494.000  6.166774e-01 
  495.000  6.173107e-01 
  496.000  6.176370e-01 
  497.000  6.179510e-01 
  498.000  6.182603e-01 
  499.000  6.185529e-01 
  500.000  6.188410e-01 
  501.000  6.190969e-01 
  502.000  6.193529e-01 
  503.000  6.196057e-01 
  504.000  6.198469e-01 
  505.000  6.200749e-01 
  506.000  6.207426e-01 
  507.000  6.214295e-01 
  508.000  6.221154e-01 
  509.000  6.227933e-01 
  510.000  6.234567e-01 
  511.000  6.240513e-01 
  512.000  6.246255e-01 
  513.000  6.251963e-01 
  514.000  6.257600e-01 
  515.000  6.263187e-01 
  516.000  6.267178e-01 
  517.000  6.269736e-01 
  518.000  6.272224e-01 
  519.000  6.274664e-01 
  520.000  6.277081e-01 
  521.000  6.279246e-01 
  522.000  6.280808e-01 
  523.000  6.281934e-01 
  524.000  6.283097e-01 
  525.000  6.284013e-01 
  526.000  6.285300e-01 
  527.000  6.285507e-01 
  528.000  6.285277e-01 
  529.000  6.285034e-01 
  530.000  6.284845e-01 
  531.000  6.284690e-01 
  532.000  6.285038e-01 
  533.000  6.288174e-01 
  534.000  6.292135e-01 
  535.000  6.296604e-01 
  536.000  6.300925e-01 
  537.000  6.304877e-01 
  538.000  6.308411e-01 
  539.000  6.311685e-01 
  540.000  6.314756e-01 
  541.000  6.317737e-01 
  542.000  6.320588e-01 
  543.000  6.323338e-01 
  544.000  6.325417e-01 
  545.000  6.326948e-01 
  546.000  6.328410e-01 
  547.000  6.329912e-01 
  548.000  6.331339e-01 
  549.000  6.332743e-01 
  550.000  6.333424e-01 
  551.000  6.333389e-01 
  552.000  6.333380e-01 
  553.000  6.333224e-01 
  554.000  6.333000e-01 
  555.000  6.332736e-01 
  556.000  6.332200e-01 
  557.000  6.331195e-01 
  558.000  6.330107e-01 
  559.000  6.328894e-01 
  560.000  6.327375e-01 
  561.000  6.325573e-01 
  562.000  6.321876e-01 
  563.000  6.319663e-01 
  564.000  6.316754e-01 
  565.000  6.312342e-01 
  566.000  6.309332e-01 
  567.000  6.299692e-01 
  568.000  6.271867e-01 
  569.000  6.213976e-01 
  570.000  6.221418e-01 
  571.000  6.260148e-01 
  572.000  6.219808e-01 
  573.000  6.228629e-01 
  574.000  6.230118e-01 
  575.000  6.226939e-01 
  576.000  6.228750e-01 
  577.000  6.242644e-01 
  578.000  6.262068e-01 
  579.000  6.279193e-01 
  580.000  6.295424e-01 
  581.000  6.318115e-01 
  582.000  6.333950e-01 
  583.000  6.344333e-01 
  584.000  6.353265e-01 
  585.000  6.360510e-01 
  586.000  6.367279e-01 
  587.000  6.354248e-01 
  588.000  6.277481e-01 
  589.000  6.154749e-01 
  590.000  6.149083e-01 
  591.000  6.236591e-01 
  592.000  6.193108e-01 
  593.000  6.292461e-01 
  594.000  6.272760e-01 
  595.000  6.205944e-01 
  596.000  6.301308e-01 
  597.000  6.277257e-01 
  598.000  6.314477e-01 
  599.000  6.328084e-01 
  600.000  6.361426e-01 
  601.000  6.382573e-01 
  602.000  6.387841e-01 
  603.000  6.398106e-01 
  604.000  6.410882e-01 
  605.000  6.419973e-01 
  606.000  6.426580e-01 
  607.000  6.432962e-01 
  608.000  6.439041e-01 
  609.000  6.444855e-01 
  610.000  6.450868e-01 
  611.000  6.457547e-01 
  612.000  6.464088e-01 
  613.000  6.470425e-01 
  614.000  6.476574e-01 
  615.000  6.482706e-01 
  616.000  6.488614e-01 
  617.000  6.494194e-01 
  618.000  6.498871e-01 
  619.000  6.502827e-01 
  620.000  6.506490e-01 
  621.000  6.509637e-01 
  622.000  6.512268e-01 
  623.000  6.514027e-01 
  624.000  6.515898e-01 
  625.000  6.517459e-01 
  626.000  6.514732e-01 
  627.000  6.480919e-01 
  628.000  6.275675e-01 
  629.000  6.400822e-01 
  630.000  6.429896e-01 
  631.000  6.469787e-01 
  632.000  6.465573e-01 
  633.000  6.515452e-01 
  634.000  6.540856e-01 
  635.000  6.552324e-01 
  636.000  6.569138e-01 
  637.000  6.582944e-01 
  638.000  6.608107e-01 
  639.000  6.617782e-01 
  640.000  6.634912e-01 
  641.000  6.643613e-01 
  642.000  6.656310e-01 
  643.000  6.651328e-01 
  644.000  6.657659e-01 
  645.000  6.647549e-01 
  646.000  6.582404e-01 
  647.000  6.538441e-01 
  648.000  6.488618e-01 
  649.000  6.540791e-01 
  650.000  6.636957e-01 
  651.000  6.640933e-01 
  652.000  6.563737e-01 
  653.000  6.661123e-01 
  654.000  6.654846e-01 
  655.000  6.624808e-01 
  656.000  6.640701e-01 
  657.000  6.663007e-01 
  658.000  6.698863e-01 
  659.000  6.721427e-01 
  660.000  6.733519e-01 
  661.000  6.760589e-01 
  662.000  6.775172e-01 
  663.000  6.776901e-01 
  664.000  6.785111e-01 
  665.000  6.792231e-01 
  666.000  6.800750e-01 
  667.000  6.808262e-01 
  668.000  6.816781e-01 
  669.000  6.823015e-01 
  670.000  6.828587e-01 
  671.000  6.834429e-01 
  672.000  6.839698e-01 
  673.000  6.844876e-01 
  674.000  6.850009e-01 
  675.000  6.855149e-01 
  676.000  6.859977e-01 
  677.000  6.864416e-01 
  678.000  6.868865e-01 
  679.000  6.872556e-01 
  680.000  6.872970e-01 
  681.000  6.872451e-01 
  682.000  6.875021e-01 
  683.000  6.876479e-01 
  684.000  6.872964e-01 
  685.000  6.881622e-01 
  686.000  6.854563e-01 
  687.000  5.918465e-01 
  688.000  6.211581e-01 
  689.000  6.128038e-01 
  690.000  6.280950e-01 
  691.000  6.482138e-01 
  692.000  6.604739e-01 
  693.000  6.562551e-01 
  694.000  6.494114e-01 
  695.000  6.575436e-01 
  696.000  6.622400e-01 
  697.000  6.814932e-01 
  698.000  6.776466e-01 
  699.000  6.605537e-01 
  700.000  6.634791e-01 
  701.000  6.597151e-01 
  702.000  6.626026e-01 
  703.000  6.770551e-01 
  704.000  6.777468e-01 
  705.000  6.718802e-01 
  706.000  6.731003e-01 
  707.000  6.752861e-01 
  708.000  6.776434e-01 
  709.000  6.824017e-01 
  710.000  6.774630e-01 
  711.000  6.826298e-01 
  712.000  6.870379e-01 
  713.000  6.836088e-01 
  714.000  6.824945e-01 
  715.000  6.768808e-01 
  716.000  6.710528e-01 
  717.000  6.337078e-01 
  718.000  6.107702e-01 
  719.000  6.025500e-01 
  720.000  5.900683e-01 
  721.000  6.448587e-01 
  722.000  6.643782e-01 
  723.000  6.534147e-01 
  724.000  6.221830e-01 
  725.000  6.268556e-01 
  726.000  6.254105e-01 
  727.000  6.298625e-01 
  728.000  6.250498e-01 
  729.000  6.370508e-01 
  730.000  6.349801e-01 
  731.000  6.324748e-01 
  732.000  6.527193e-01 
  733.000  6.721048e-01 
  734.000  6.814449e-01 
  735.000  6.781712e-01 
  736.000  6.720500e-01 
  737.000  6.766955e-01 
  738.000  6.830739e-01 
  739.000  6.858280e-01 
  740.000  6.919175e-01 
  741.000  6.954420e-01 
  742.000  6.969315e-01 
  743.000  7.001883e-01 
  744.000  7.015887e-01 
  745.000  7.027332e-01 
  746.000  7.036376e-01 
  747.000  7.038897e-01 
  748.000  7.047110e-01 
  749.000  7.051626e-01 
  750.000  7.049378e-01 
  751.000  7.051223e-01 
  752.000  7.059105e-01 
  753.000  7.062469e-01 
  754.000  7.065167e-01 
  755.000  7.067000e-01 
  756.000  7.068909e-01 
  757.000  7.070237e-01 
  758.000  7.058129e-01 
  759.000  6.555284e-01 
  760.000  2.890102e-01 
  761.000  2.553948e-01 
  762.000  4.644960e-01 
  763.000  3.986770e-01 
  764.000  4.311895e-01 
  765.000  5.055529e-01 
  766.000  5.961609e-01 
  767.000  6.422098e-01 
  768.000  6.724374e-01 
  769.000  6.924356e-01 
  770.000  7.030946e-01 
  771.000  7.082132e-01 
  772.000  7.094768e-01 
  773.000  7.100477e-01 
  774.000  7.107614e-01 
  775.000  7.111827e-01 
  776.000  7.114846e-01 
  777.000  7.115772e-01 
  778.000  7.115726e-01 
  779.000  7.115564e-01 
  780.000  7.115370e-01 
  781.000  7.118822e-01 
  782.000  7.118524e-01 
  783.000  7.118338e-01 
  784.000  7.115767e-01 
  785.000  7.102484e-01 
  786.000  7.082620e-01 
  787.000  7.036608e-01 
  788.000  7.012501e-01 
  789.000  6.926063e-01 
  790.000  6.918755e-01 
  791.000  6.935223e-01 
  792.000  6.950445e-01 
  793.000  6.985784e-01 
  794.000  7.060632e-01 
  795.000  7.015059e-01 
  796.000  6.893555e-01 
  797.000  6.928424e-01 
  798.000  7.005356e-01 
  799.000  6.987919e-01 
  800.000  6.932094e-01 
  801.000  6.938853e-01 
  802.000  6.933299e-01 
  803.000  6.941572e-01 
  804.000  6.967949e-01 
  805.000  7.018409e-01 
  806.000  7.048562e-01 
  807.000  7.049988e-01 
  808.000  7.033035e-01 
  809.000  7.012181e-01 
  810.000  6.989336e-01 
  811.000  6.942364e-01 
  812.000  6.879148e-01 
  813.000  6.801720e-01 
  814.000  6.699598e-01 
  815.000  6.572676e-01 
  816.000  6.409896e-01 
  817.000  6.419050e-01 
  818.000  6.432384e-01 
  819.000  6.486065e-01 
  820.000  6.665536e-01 
  821.000  6.870708e-01 
  822.000  6.714746e-01 
  823.000  6.280460e-01 
  824.000  6.646456e-01 
  825.000  6.882372e-01 
  826.000  6.842113e-01 
  827.000  6.812353e-01 
  828.000  6.657122e-01 
  829.000  6.713088e-01 
  830.000  6.775809e-01 
  831.000  6.790578e-01 
  832.000  6.797075e-01 
  833.000  6.833274e-01 
  834.000  6.875890e-01 
  835.000  6.960421e-01 
  836.000  6.933289e-01 
  837.000  6.930457e-01 
  838.000  6.971659e-01 
  839.000  6.996681e-01 
  840.000  7.005814e-01 
  841.000  6.978786e-01 
  842.000  7.003162e-01 
  843.000  7.060988e-01 
  844.000  7.087244e-01 
  845.000  7.099517e-01 
  846.000  7.112421e-01 
  847.000  7.126652e-01 
  848.000  7.103342e-01 
  849.000  7.106407e-01 
  850.000  7.094922e-01 
  851.000  7.081221e-01 
  852.000  7.082660e-01 
  853.000  7.105475e-01 
  854.000  7.104304e-01 
  855.000  7.115803e-01 
  856.000  7.138504e-01 
  857.000  7.148898e-01 
  858.000  7.153958e-01 
  859.000  7.165400e-01 
  860.000  7.171385e-01 
  861.000  7.172419e-01 
  862.000  7.175831e-01 
  863.000  7.176360e-01 
  864.000  7.178732e-01 
  865.000  7.180688e-01 
  866.000  7.181279e-01 
  867.000  7.181031e-01 
  868.000  7.181418e-01 
  869.000  7.182133e-01 
  870.000  7.181766e-01 
  871.000  7.182446e-01 
  872.000  7.183977e-01 
  873.000  7.182629e-01 
  874.000  7.181939e-01 
  875.000  7.181847e-01 
  876.000  7.179427e-01 
  877.000  7.178241e-01 
  878.000  7.170954e-01 
  879.000  7.170526e-01 
  880.000  7.164341e-01 
  881.000  7.161172e-01 
  882.000  7.157738e-01 
  883.000  7.161291e-01 
  884.000  7.162760e-01 
  885.000  7.149926e-01 
  886.000  7.132859e-01 
  887.000  7.145883e-01 
  888.000  7.145112e-01 
  889.000  7.149577e-01 
  890.000  7.138831e-01 
  891.000  7.118259e-01 
  892.000  7.072441e-01 
  893.000  6.933090e-01 
  894.000  6.863720e-01 
  895.000  6.652099e-01 
  896.000  6.462617e-01 
  897.000  6.263110e-01 
  898.000  6.169913e-01 
  899.000  5.907324e-01 
  900.000  5.945178e-01 
  901.000  5.876998e-01 
  902.000  5.889643e-01 
  903.000  6.331096e-01 
  904.000  6.601312e-01 
  905.000  6.591570e-01 
  906.000  6.422636e-01 
  907.000  6.124492e-01 
  908.000  5.928401e-01 
  909.000  5.936716e-01 
  910.000  5.966244e-01 
  911.000  6.096449e-01 
  912.000  6.033430e-01 
  913.000  5.760000e-01 
  914.000  5.895141e-01 
  915.000  6.001759e-01 
  916.000  6.030709e-01 
  917.000  6.088704e-01 
  918.000  6.163692e-01 
  919.000  6.418934e-01 
  920.000  6.612139e-01 
  921.000  6.569632e-01 
  922.000  6.566033e-01 
  923.000  6.512148e-01 
  924.000  6.382706e-01 
  925.000  6.371859e-01 
  926.000  6.368417e-01 
  927.000  6.217232e-01 
  928.000  5.985069e-01 
  929.000  5.650806e-01 
  930.000  5.227432e-01 
  931.000  4.756696e-01 
  932.000  4.144061e-01 
  933.000  3.691260e-01 
  934.000  3.229860e-01 
  935.000  3.180669e-01 
  936.000  3.362220e-01 
  937.000  3.316219e-01 
  938.000  3.831192e-01 
  939.000  5.180097e-01 
  940.000  5.382344e-01 
  941.000  5.208198e-01 
  942.000  4.781718e-01 
  943.000  4.075628e-01 
  944.000  4.026321e-01 
  945.000  4.279386e-01 
  946.000  4.293726e-01 
  947.000  4.520622e-01 
  948.000  4.653839e-01 
  949.000  4.636658e-01 
  950.000  4.670841e-01 
  951.000  4.969295e-01 
  952.000  4.650789e-01 
  953.000  4.874500e-01 
  954.000  5.114852e-01 
  955.000  4.920507e-01 
  956.000  4.877331e-01 
  957.000  5.485467e-01 
  958.000  5.564523e-01 
  959.000  5.463459e-01 
  960.000  5.434206e-01 
  961.000  5.383591e-01 
  962.000  5.429928e-01 
  963.000  5.764247e-01 
  964.000  5.812370e-01 
  965.000  5.780528e-01 
  966.000  5.798787e-01 
  967.000  6.037613e-01 
  968.000  6.436593e-01 
  969.000  6.616910e-01 
  970.000  6.626642e-01 
  971.000  6.622355e-01 
  972.000  6.571146e-01 
  973.000  6.452894e-01 
  974.000  6.308895e-01 
  975.000  6.216379e-01 
  976.000  6.329498e-01 
  977.000  6.516415e-01 
  978.000  6.501264e-01 
  979.000  6.549724e-01 
  980.000  6.740404e-01 
  981.000  6.782664e-01 
  982.000  6.740229e-01 
  983.000  6.838111e-01 
  984.000  6.938865e-01 
  985.000  6.996096e-01 
  986.000  7.069945e-01 
  987.000  7.101923e-01 
  988.000  7.109228e-01 
  989.000  7.113891e-01 
  990.000  7.121673e-01 
  991.000  7.149134e-01 
  992.000  7.156923e-01 
  993.000  7.159825e-01 
  994.000  7.183620e-01 
  995.000  7.200544e-01 
  996.000  7.200391e-01 
  997.000  7.189780e-01 
  998.000  7.178110e-01 
  999.000  7.173511e-01 
 1000.000  7.177281e-01 
 1001.000  7.150975e-01 
 1002.000  7.108882e-01 
 1003.000  7.118883e-01 
 1004.000  7.143101e-01 
 1005.000  7.154166e-01 
 1006.000  7.157671e-01 
 1007.000  7.149633e-01 
 1008.000  7.115313e-01 
 1009.000  7.069417e-01 
 1010.000  7.089850e-01 
 1011.000  7.138577e-01 
 1012.000  7.157124e-01 
 1013.000  7.171686e-01 
 1014.000  7.177767e-01 
 1015.000  7.178896e-01 
 1016.000  7.184410e-01 
 1017.000  7.188307e-01 
 1018.000  7.179844e-01 
 1019.000  7.164055e-01 
 1020.000  7.169976e-01 
 1021.000  7.181048e-01 
 1022.000  7.161625e-01 
 1023.000  7.144421e-01 
 1024.000  7.134097e-01 
 1025.000  7.165521e-01 
 1026.000  7.178195e-01 
 1027.000  7.173383e-01 
 1028.000  7.178147e-01 
 1029.000  7.191061e-01 
 1030.000  7.203605e-01 
 1031.000  7.210004e-01 
 1032.000  7.214945e-01 
 1033.000  7.215897e-01 
 1034.000  7.218908e-01 
 1035.000  7.220357e-01 
 1036.000  7.219082e-01 
 1037.000  7.219049e-01 
 1038.000  7.219977e-01 
 1039.000  7.218003e-01 
 1040.000  7.216213e-01 
 1041.000  7.214789e-01 
 1042.000  7.214323e-01 
 1043.000  7.214141e-01 
 1044.000  7.212790e-01 
 1045.000  7.208962e-01 
 1046.000  7.206323e-01 
 1047.000  7.203130e-01 
 1048.000  7.198748e-01 
 1049.000  7.194281e-01 
 1050.000  7.190046e-01 
 1051.000  7.184639e-01 
 1052.000  7.180665e-01 
 1053.000  7.179613e-01 
 1054.000  7.174019e-01 
 1055.000  7.168050e-01 
 1056.000  7.162839e-01 
 1057.000  7.150619e-01 
 1058.000  7.129254e-01 
 1059.000  7.129452e-01 
 1060.000  7.139444e-01 
 1061.000  7.136382e-01 
 1062.000  7.122778e-01 
 1063.000  7.116765e-01 
 1064.000  7.104591e-01 
 1065.000  7.090968e-01 
 1066.000  7.091919e-01 
 1067.000  7.084305e-01 
 1068.000  7.059397e-01 
 1069.000  7.048571e-01 
 1070.000  7.053993e-01 
 1071.000  7.038385e-01 
 1072.000  7.021938e-01 
 1073.000  7.019506e-01 
 1074.000  7.022908e-01 
 1075.000  7.049336e-01 
 1076.000  7.034067e-01 
 1077.000  7.013262e-01 
 1078.000  6.988616e-01 
 1079.000  6.985964e-01 
 1080.000  6.918768e-01 
 1081.000  6.915402e-01 
 1082.000  6.945637e-01 
 1083.000  6.910229e-01 
 1084.000  6.871335e-01 
 1085.000  6.777969e-01 
 1086.000  6.800256e-01 
 1087.000  6.903676e-01 
 1088.000  6.907991e-01 
 1089.000  6.782921e-01 
 1090.000  6.759650e-01 
 1091.000  6.783777e-01 
 1092.000  6.721932e-01 
 1093.000  6.583287e-01 
 1094.000  6.522977e-01 
 1095.000  6.532941e-01 
 1096.000  6.542060e-01 
 1097.000  6.514614e-01 
 1098.000  6.177278e-01 
 1099.000  5.890105e-01 
 1100.000  5.909647e-01 
 1101.000  5.949428e-01 
 1102.000  5.930420e-01 
 1103.000  5.956889e-01 
 1104.000  5.909142e-01 
 1105.000  5.788789e-01 
 1106.000  5.667292e-01 
 1107.000  5.697606e-01 
 1108.000  5.719911e-01 
 1109.000  5.824021e-01 
 1110.000  5.811589e-01 
 1111.000  5.754142e-01 
 1112.000  5.499843e-01 
 1113.000  5.153111e-01 
 1114.000  5.059550e-01 
 1115.000  4.635649e-01 
 1116.000  4.374316e-01 
 1117.000  3.774237e-01 
 1118.000  3.231770e-01 
 1119.000  2.947497e-01 
 1120.000  2.598501e-01 
 1121.000  2.521755e-01 
 1122.000  2.166422e-01 
 1123.000  2.358524e-01 
 1124.000  2.488886e-01 
 1125.000  2.420166e-01 
 1126.000  2.392826e-01 
 1127.000  2.423068e-01 
 1128.000  2.481799e-01 
 1129.000  2.835843e-01 
 1130.000  3.677201e-01 
 1131.000  3.924066e-01 
 1132.000  3.586555e-01 
 1133.000  2.978617e-01 
 1134.000  1.912753e-01 
 1135.000  1.991800e-01 
 1136.000  3.066561e-01 
 1137.000  3.671458e-01 
 1138.000  4.265714e-01 
 1139.000  4.448246e-01 
 1140.000  4.334457e-01 
 1141.000  4.104070e-01 
 1142.000  4.022957e-01 
 1143.000  3.769619e-01 
 1144.000  3.486310e-01 
 1145.000  3.080515e-01 
 1146.000  3.175979e-01 
 1147.000  3.493797e-01 
 1148.000  3.778300e-01 
 1149.000  3.894006e-01 
 1150.000  3.900421e-01 
