  320.000  1.070509e-01 
  321.000  1.383806e-01 
  322.000  1.258806e-01 
  323.000  1.417637e-01 
  324.000  1.580811e-01 
  325.000  1.458874e-01 
  326.000  1.660111e-01 
  327.000  1.717264e-01 
  328.000  1.594362e-01 
  329.000  1.832001e-01 
  330.000  1.870317e-01 
  331.000  1.794670e-01 
  332.000  1.941340e-01 
  333.000  1.984576e-01 
  334.000  1.949061e-01 
  335.000  2.058278e-01 
  336.000  2.102878e-01 
  337.000  2.084057e-01 
  338.000  2.136481e-01 
  339.000  2.190882e-01 
  340.000  2.181921e-01 
  341.000  2.234981e-01 
  342.000  2.273959e-01 
  343.000  2.293591e-01 
  344.000  2.297607e-01 
  345.000  2.350783e-01 
  346.000  2.384492e-01 
  347.000  2.412050e-01 
  348.000  2.437924e-01 
  349.000  2.467054e-01 
  350.000  2.492010e-01 
  351.000  2.516916e-01 
  352.000  2.537386e-01 
  353.000  2.566551e-01 
  354.000  2.591432e-01 
  355.000  2.614628e-01 
  356.000  2.637269e-01 
  357.000  2.657452e-01 
  358.000  2.679202e-01 
  359.000  2.700964e-01 
  360.000  2.723287e-01 
  361.000  2.751537e-01 
  362.000  2.781013e-01 
  363.000  2.808212e-01 
  364.000  2.833288e-01 
  365.000  2.856847e-01 
  366.000  2.880974e-01 
  367.000  2.903981e-01 
  368.000  2.926813e-01 
  369.000  2.949480e-01 
  370.000  2.971944e-01 
  371.000  2.994263e-01 
  372.000  3.016429e-01 
  373.000  3.038436e-01 
  374.000  3.060116e-01 
  375.000  3.081406e-01 
  376.000  3.101996e-01 
  377.000  3.121481e-01 
  378.000  3.139597e-01 
  379.000  3.158025e-01 
  380.000  3.178313e-01 
  381.000  3.201436e-01 
  382.000  3.225429e-01 
  383.000  3.248146e-01 
  384.000  3.269720e-01 
  385.000  3.290530e-01 
  386.000  3.310828e-01 
  387.000  3.330818e-01 
  388.000  3.350572e-01 
  389.000  3.370181e-01 
  390.000  3.389651e-01 
  391.000  3.408938e-01 
  392.000  3.428099e-01 
  393.000  3.447119e-01 
  394.000  3.465977e-01 
  395.000  3.484659e-01 
  396.000  3.503234e-01 
  397.000  3.521609e-01 
  398.000  3.539829e-01 
  399.000  3.557908e-01 
  400.000  3.575750e-01 
  401.000  3.593537e-01 
  402.000  3.611194e-01 
  403.000  3.628711e-01 
  404.000  3.646086e-01 
  405.000  3.663282e-01 
  406.000  3.680375e-01 
  407.000  3.697346e-01 
  408.000  3.714179e-01 
  409.000  3.730859e-01 
  410.000  3.747390e-01 
  411.000  3.763768e-01 
  412.000  3.779980e-01 
  413.000  3.796110e-01 
  414.000  3.811090e-01 
  415.000  3.827306e-01 
  416.000  3.843326e-01 
  417.000  3.859088e-01 
  418.000  3.874497e-01 
  419.000  3.889744e-01 
  420.000  3.904862e-01 
  421.000  3.919899e-01 
  422.000  3.934850e-01 
  423.000  3.949698e-01 
  424.000  3.964379e-01 
  425.000  3.978730e-01 
  426.000  3.992950e-01 
  427.000  4.007051e-01 
  428.000  4.020908e-01 
  429.000  4.034579e-01 
  430.000  4.048097e-01 
  431.000  4.061520e-01 
  432.000  4.074810e-01 
  433.000  4.087980e-01 
  434.000  4.101045e-01 
  435.000  4.113987e-01 
  436.000  4.126791e-01 
  437.000  4.139461e-01 
  438.000  4.151993e-01 
  439.000  4.164433e-01 
  440.000  4.176678e-01 
  441.000  4.188772e-01 
  442.000  4.200681e-01 
  443.000  4.212414e-01 
  444.000  4.223967e-01 
  445.000  4.235276e-01 
  446.000  4.246276e-01 
  447.000  4.257815e-01 
  448.000  4.270193e-01 
  449.000  4.282727e-01 
  450.000  4.295025e-01 
  451.000  4.306847e-01 
  452.000  4.318259e-01 
  453.000  4.329442e-01 
  454.000  4.340426e-01 
  455.000  4.350777e-01 
  456.000  4.360295e-01 
  457.000  4.369819e-01 
  458.000  4.379218e-01 
  459.000  4.388419e-01 
  460.000  4.397551e-01 
  461.000  4.406588e-01 
  462.000  4.415456e-01 
  463.000  4.424288e-01 
  464.000  4.435789e-01 
  465.000  4.447123e-01 
  466.000  4.458260e-01 
  467.000  4.469143e-01 
  468.000  4.478011e-01 
  469.000  4.485650e-01 
  470.000  4.492676e-01 
  471.000  4.499003e-01 
  472.000  4.504376e-01 
  473.000  4.508143e-01 
  474.000  4.511237e-01 
  475.000  4.512031e-01 
  476.000  4.510500e-01 
  477.000  4.510468e-01 
  478.000  4.519419e-01 
  479.000  4.533050e-01 
  480.000  4.547769e-01 
  481.000  4.560979e-01 
  482.000  4.573373e-01 
  483.000  4.584151e-01 
  484.000  4.593417e-01 
  485.000  4.601706e-01 
  486.000  4.610548e-01 
  487.000  4.619859e-01 
  488.000  4.628873e-01 
  489.000  4.637724e-01 
  490.000  4.646471e-01 
  491.000  4.653323e-01 
  492.000  4.659588e-01 
  493.000  4.665822e-01 
  494.000  4.671882e-01 
  495.000  4.677942e-01 
  496.000  4.681064e-01 
  497.000  4.684069e-01 
  498.000  4.687030e-01 
  499.000  4.689832e-01 
  500.000  4.692590e-01 
  501.000  4.695041e-01 
  502.000  4.697492e-01 
  503.000  4.699914e-01 
  504.000  4.702224e-01 
  505.000  4.704407e-01 
  506.000  4.710805e-01 
  507.000  4.717390e-01 
  508.000  4.723965e-01 
  509.000  4.730466e-01 
  510.000  4.736830e-01 
  511.000  4.742536e-01 
  512.000  4.748047e-01 
  513.000  4.753527e-01 
  514.000  4.758940e-01 
  515.000  4.764306e-01 
  516.000  4.768139e-01 
  517.000  4.770598e-01 
  518.000  4.772988e-01 
  519.000  4.775333e-01 
  520.000  4.777656e-01 
  521.000  4.779737e-01 
  522.000  4.781238e-01 
  523.000  4.782320e-01 
  524.000  4.783438e-01 
  525.000  4.784320e-01 
  526.000  4.785556e-01 
  527.000  4.785755e-01 
  528.000  4.785534e-01 
  529.000  4.785301e-01 
  530.000  4.785119e-01 
  531.000  4.784971e-01 
  532.000  4.785305e-01 
  533.000  4.788320e-01 
  534.000  4.792129e-01 
  535.000  4.796428e-01 
  536.000  4.800584e-01 
  537.000  4.804387e-01 
  538.000  4.807787e-01 
  539.000  4.810939e-01 
  540.000  4.813895e-01 
  541.000  4.816765e-01 
  542.000  4.819509e-01 
  543.000  4.822157e-01 
  544.000  4.824159e-01 
  545.000  4.825635e-01 
  546.000  4.827042e-01 
  547.000  4.828489e-01 
  548.000  4.829863e-01 
  549.000  4.831216e-01 
  550.000  4.831873e-01 
  551.000  4.831838e-01 
  552.000  4.831830e-01 
  553.000  4.831680e-01 
  554.000  4.831464e-01 
  555.000  4.831209e-01 
  556.000  4.830694e-01 
  557.000  4.829725e-01 
  558.000  4.828678e-01 
  559.000  4.827510e-01 
  560.000  4.826049e-01 
  561.000  4.824321e-01 
  562.000  4.821764e-01 
  563.000  4.819718e-01 
  564.000  4.817168e-01 
  565.000  4.813635e-01 
  566.000  4.810274e-01 
  567.000  4.804182e-01 
  568.000  4.790810e-01 
  569.000  4.767534e-01 
  570.000  4.767299e-01 
  571.000  4.777071e-01 
  572.000  4.759556e-01 
  573.000  4.759490e-01 
  574.000  4.757480e-01 
  575.000  4.754795e-01 
  576.000  4.756378e-01 
  577.000  4.763274e-01 
  578.000  4.773225e-01 
  579.000  4.786150e-01 
  580.000  4.802108e-01 
  581.000  4.822095e-01 
  582.000  4.837522e-01 
  583.000  4.849398e-01 
  584.000  4.859686e-01 
  585.000  4.868435e-01 
  586.000  4.876403e-01 
  587.000  4.877397e-01 
  588.000  4.856586e-01 
  589.000  4.816840e-01 
  590.000  4.817380e-01 
  591.000  4.850488e-01 
  592.000  4.837393e-01 
  593.000  4.874201e-01 
  594.000  4.869260e-01 
  595.000  4.847653e-01 
  596.000  4.879799e-01 
  597.000  4.869218e-01 
  598.000  4.879999e-01 
  599.000  4.881212e-01 
  600.000  4.890579e-01 
  601.000  4.895589e-01 
  602.000  4.895301e-01 
  603.000  4.900824e-01 
  604.000  4.909386e-01 
  605.000  4.916424e-01 
  606.000  4.922349e-01 
  607.000  4.928099e-01 
  608.000  4.933903e-01 
  609.000  4.939479e-01 
  610.000  4.945294e-01 
  611.000  4.951759e-01 
  612.000  4.958093e-01 
  613.000  4.964231e-01 
  614.000  4.970189e-01 
  615.000  4.976133e-01 
  616.000  4.981860e-01 
  617.000  4.987270e-01 
  618.000  4.991806e-01 
  619.000  4.995644e-01 
  620.000  4.999198e-01 
  621.000  5.002251e-01 
  622.000  5.004804e-01 
  623.000  5.006512e-01 
  624.000  5.008333e-01 
  625.000  5.009865e-01 
  626.000  5.009847e-01 
  627.000  4.994473e-01 
  628.000  4.812532e-01 
  629.000  4.932980e-01 
  630.000  4.944124e-01 
  631.000  4.978091e-01 
  632.000  4.996167e-01 
  633.000  5.025827e-01 
  634.000  5.046896e-01 
  635.000  5.061279e-01 
  636.000  5.075653e-01 
  637.000  5.088949e-01 
  638.000  5.106050e-01 
  639.000  5.116825e-01 
  640.000  5.130435e-01 
  641.000  5.140293e-01 
  642.000  5.150672e-01 
  643.000  5.153600e-01 
  644.000  5.160713e-01 
  645.000  5.161327e-01 
  646.000  5.144438e-01 
  647.000  5.133206e-01 
  648.000  5.119618e-01 
  649.000  5.142300e-01 
  650.000  5.178843e-01 
  651.000  5.183693e-01 
  652.000  5.160991e-01 
  653.000  5.197834e-01 
  654.000  5.198807e-01 
  655.000  5.192881e-01 
  656.000  5.201881e-01 
  657.000  5.211402e-01 
  658.000  5.227797e-01 
  659.000  5.238890e-01 
  660.000  5.246119e-01 
  661.000  5.259346e-01 
  662.000  5.268500e-01 
  663.000  5.272194e-01 
  664.000  5.278501e-01 
  665.000  5.284474e-01 
  666.000  5.290929e-01 
  667.000  5.296907e-01 
  668.000  5.303331e-01 
  669.000  5.308869e-01 
  670.000  5.314144e-01 
  671.000  5.319511e-01 
  672.000  5.324646e-01 
  673.000  5.329736e-01 
  674.000  5.334798e-01 
  675.000  5.339852e-01 
  676.000  5.344657e-01 
  677.000  5.349063e-01 
  678.000  5.353463e-01 
  679.000  5.357543e-01 
  680.000  5.360276e-01 
  681.000  5.362493e-01 
  682.000  5.366064e-01 
  683.000  5.368969e-01 
  684.000  5.370128e-01 
  685.000  5.375770e-01 
  686.000  5.353946e-01 
  687.000  4.526128e-01 
  688.000  4.780310e-01 
  689.000  4.711899e-01 
  690.000  4.844498e-01 
  691.000  5.033489e-01 
  692.000  5.169808e-01 
  693.000  5.213874e-01 
  694.000  5.225856e-01 
  695.000  5.273512e-01 
  696.000  5.299547e-01 
  697.000  5.377663e-01 
  698.000  5.365990e-01 
  699.000  5.303007e-01 
  700.000  5.316187e-01 
  701.000  5.303558e-01 
  702.000  5.316407e-01 
  703.000  5.373283e-01 
  704.000  5.377641e-01 
  705.000  5.356809e-01 
  706.000  5.362878e-01 
  707.000  5.372621e-01 
  708.000  5.382992e-01 
  709.000  5.402464e-01 
  710.000  5.385157e-01 
  711.000  5.406189e-01 
  712.000  5.424301e-01 
  713.000  5.412808e-01 
  714.000  5.410120e-01 
  715.000  5.390667e-01 
  716.000  5.370730e-01 
  717.000  5.228298e-01 
  718.000  5.139600e-01 
  719.000  5.108625e-01 
  720.000  5.059040e-01 
  721.000  5.279319e-01 
  722.000  5.356455e-01 
  723.000  5.315621e-01 
  724.000  5.194438e-01 
  725.000  5.214648e-01 
  726.000  5.209829e-01 
  727.000  5.228438e-01 
  728.000  5.210192e-01 
  729.000  5.258594e-01 
  730.000  5.251109e-01 
  731.000  5.241841e-01 
  732.000  5.322259e-01 
  733.000  5.397905e-01 
  734.000  5.434374e-01 
  735.000  5.422776e-01 
  736.000  5.400095e-01 
  737.000  5.418618e-01 
  738.000  5.443702e-01 
  739.000  5.454885e-01 
  740.000  5.478683e-01 
  741.000  5.490972e-01 
  742.000  5.497568e-01 
  743.000  5.510710e-01 
  744.000  5.516993e-01 
  745.000  5.522065e-01 
  746.000  5.526422e-01 
  747.000  5.528476e-01 
  748.000  5.533289e-01 
  749.000  5.536253e-01 
  750.000  5.536426e-01 
  751.000  5.538280e-01 
  752.000  5.542614e-01 
  753.000  5.545084e-01 
  754.000  5.547274e-01 
  755.000  5.549104e-01 
  756.000  5.550961e-01 
  757.000  5.552277e-01 
  758.000  5.540817e-01 
  759.000  5.094087e-01 
  760.000  2.002704e-01 
  761.000  1.739449e-01 
  762.000  3.440032e-01 
  763.000  2.890183e-01 
  764.000  3.160516e-01 
  765.000  3.789119e-01 
  766.000  4.572705e-01 
  767.000  4.977646e-01 
  768.000  5.245782e-01 
  769.000  5.424176e-01 
  770.000  5.520992e-01 
  771.000  5.566111e-01 
  772.000  5.577566e-01 
  773.000  5.582777e-01 
  774.000  5.589877e-01 
  775.000  5.594020e-01 
  776.000  5.596881e-01 
  777.000  5.598223e-01 
  778.000  5.598915e-01 
  779.000  5.599419e-01 
  780.000  5.599858e-01 
  781.000  5.601848e-01 
  782.000  5.602238e-01 
  783.000  5.602673e-01 
  784.000  5.602096e-01 
  785.000  5.596648e-01 
  786.000  5.589204e-01 
  787.000  5.572094e-01 
  788.000  5.564557e-01 
  789.000  5.531293e-01 
  790.000  5.528983e-01 
  791.000  5.535976e-01 
  792.000  5.542435e-01 
  793.000  5.556748e-01 
  794.000  5.584832e-01 
  795.000  5.569194e-01 
  796.000  5.522055e-01 
  797.000  5.536274e-01 
  798.000  5.566908e-01 
  799.000  5.560569e-01 
  800.000  5.539173e-01 
  801.000  5.542315e-01 
  802.000  5.540610e-01 
  803.000  5.544324e-01 
  804.000  5.555108e-01 
  805.000  5.575306e-01 
  806.000  5.586184e-01 
  807.000  5.587210e-01 
  808.000  5.582403e-01 
  809.000  5.574762e-01 
  810.000  5.566370e-01 
  811.000  5.548534e-01 
  812.000  5.524333e-01 
  813.000  5.494425e-01 
  814.000  5.454568e-01 
  815.000  5.404625e-01 
  816.000  5.339062e-01 
  817.000  5.343535e-01 
  818.000  5.349451e-01 
  819.000  5.371500e-01 
  820.000  5.444209e-01 
  821.000  5.526346e-01 
  822.000  5.464737e-01 
  823.000  5.288309e-01 
  824.000  5.438029e-01 
  825.000  5.532389e-01 
  826.000  5.516509e-01 
  827.000  5.505108e-01 
  828.000  5.443533e-01 
  829.000  5.466400e-01 
  830.000  5.491764e-01 
  831.000  5.497923e-01 
  832.000  5.500613e-01 
  833.000  5.515257e-01 
  834.000  5.532358e-01 
  835.000  5.565896e-01 
  836.000  5.555519e-01 
  837.000  5.554668e-01 
  838.000  5.571226e-01 
  839.000  5.581368e-01 
  840.000  5.585310e-01 
  841.000  5.575052e-01 
  842.000  5.584968e-01 
  843.000  5.607949e-01 
  844.000  5.616687e-01 
  845.000  5.622085e-01 
  846.000  5.627058e-01 
  847.000  5.633429e-01 
  848.000  5.624700e-01 
  849.000  5.626324e-01 
  850.000  5.621948e-01 
  851.000  5.617406e-01 
  852.000  5.618337e-01 
  853.000  5.627331e-01 
  854.000  5.627165e-01 
  855.000  5.632230e-01 
  856.000  5.641343e-01 
  857.000  5.645450e-01 
  858.000  5.648190e-01 
  859.000  5.653567e-01 
  860.000  5.656593e-01 
  861.000  5.657352e-01 
  862.000  5.659125e-01 
  863.000  5.659666e-01 
  864.000  5.660993e-01 
  865.000  5.662141e-01 
  866.000  5.662704e-01 
  867.000  5.662894e-01 
  868.000  5.663365e-01 
  869.000  5.663978e-01 
  870.000  5.664113e-01 
  871.000  5.664708e-01 
  872.000  5.665678e-01 
  873.000  5.665374e-01 
  874.000  5.665359e-01 
  875.000  5.665609e-01 
  876.000  5.664827e-01 
  877.000  5.664590e-01 
  878.000  5.661176e-01 
  879.000  5.661245e-01 
  880.000  5.658927e-01 
  881.000  5.658227e-01 
  882.000  5.656997e-01 
  883.000  5.658845e-01 
  884.000  5.659776e-01 
  885.000  5.654922e-01 
  886.000  5.648103e-01 
  887.000  5.653769e-01 
  888.000  5.653735e-01 
  889.000  5.656011e-01 
  890.000  5.651761e-01 
  891.000  5.643616e-01 
  892.000  5.627661e-01 
  893.000  5.572221e-01 
  894.000  5.544841e-01 
  895.000  5.458771e-01 
  896.000  5.381134e-01 
  897.000  5.298504e-01 
  898.000  5.259669e-01 
  899.000  5.146196e-01 
  900.000  5.163498e-01 
  901.000  5.133655e-01 
  902.000  5.138746e-01 
  903.000  5.329463e-01 
  904.000  5.442924e-01 
  905.000  5.438665e-01 
  906.000  5.368158e-01 
  907.000  5.241338e-01 
  908.000  5.156456e-01 
  909.000  5.160657e-01 
  910.000  5.173926e-01 
  911.000  5.230872e-01 
  912.000  5.203642e-01 
  913.000  5.083179e-01 
  914.000  5.143249e-01 
  915.000  5.189946e-01 
  916.000  5.202462e-01 
  917.000  5.227455e-01 
  918.000  5.259670e-01 
  919.000  5.368362e-01 
  920.000  5.448927e-01 
  921.000  5.431123e-01 
  922.000  5.429729e-01 
  923.000  5.407442e-01 
  924.000  5.353314e-01 
  925.000  5.349663e-01 
  926.000  5.350329e-01 
  927.000  5.288020e-01 
  928.000  5.190675e-01 
  929.000  5.046937e-01 
  930.000  4.858241e-01 
  931.000  4.638661e-01 
  932.000  4.342468e-01 
  933.000  4.102919e-01 
  934.000  3.839673e-01 
  935.000  3.812708e-01 
  936.000  3.922546e-01 
  937.000  3.893027e-01 
  938.000  4.179125e-01 
  939.000  4.859153e-01 
  940.000  4.951959e-01 
  941.000  4.869511e-01 
  942.000  4.664316e-01 
  943.000  4.304230e-01 
  944.000  4.279450e-01 
  945.000  4.414461e-01 
  946.000  4.420512e-01 
  947.000  4.533956e-01 
  948.000  4.599631e-01 
  949.000  4.589424e-01 
  950.000  4.605767e-01 
  951.000  4.750775e-01 
  952.000  4.592694e-01 
  953.000  4.700953e-01 
  954.000  4.814267e-01 
  955.000  4.719076e-01 
  956.000  4.694693e-01 
  957.000  4.979565e-01 
  958.000  5.013741e-01 
  959.000  4.966015e-01 
  960.000  4.951403e-01 
  961.000  4.927174e-01 
  962.000  4.947706e-01 
  963.000  5.098615e-01 
  964.000  5.119411e-01 
  965.000  5.104430e-01 
  966.000  5.111745e-01 
  967.000  5.216308e-01 
  968.000  5.386681e-01 
  969.000  5.461738e-01 
  970.000  5.465563e-01 
  971.000  5.463844e-01 
  972.000  5.442778e-01 
  973.000  5.393435e-01 
  974.000  5.332494e-01 
  975.000  5.292965e-01 
  976.000  5.341531e-01 
  977.000  5.420658e-01 
  978.000  5.414075e-01 
  979.000  5.434113e-01 
  980.000  5.513270e-01 
  981.000  5.530561e-01 
  982.000  5.512854e-01 
  983.000  5.552987e-01 
  984.000  5.594077e-01 
  985.000  5.617302e-01 
  986.000  5.647140e-01 
  987.000  5.660017e-01 
  988.000  5.661097e-01 
  989.000  5.663109e-01 
  990.000  5.666462e-01 
  991.000  5.677292e-01 
  992.000  5.680746e-01 
  993.000  5.682119e-01 
  994.000  5.692230e-01 
  995.000  5.699261e-01 
  996.000  5.699342e-01 
  997.000  5.695333e-01 
  998.000  5.689973e-01 
  999.000  5.688877e-01 
 1000.000  5.689937e-01 
 1001.000  5.679593e-01 
 1002.000  5.664892e-01 
 1003.000  5.667247e-01 
 1004.000  5.677532e-01 
 1005.000  5.681579e-01 
 1006.000  5.682983e-01 
 1007.000  5.680465e-01 
 1008.000  5.666215e-01 
 1009.000  5.649651e-01 
 1010.000  5.657970e-01 
 1011.000  5.676069e-01 
 1012.000  5.683149e-01 
 1013.000  5.689306e-01 
 1014.000  5.691885e-01 
 1015.000  5.692298e-01 
 1016.000  5.694439e-01 
 1017.000  5.696127e-01 
 1018.000  5.692431e-01 
 1019.000  5.685893e-01 
 1020.000  5.688361e-01 
 1021.000  5.692863e-01 
 1022.000  5.684626e-01 
 1023.000  5.677933e-01 
 1024.000  5.673432e-01 
 1025.000  5.685818e-01 
 1026.000  5.690771e-01 
 1027.000  5.688723e-01 
 1028.000  5.689722e-01 
 1029.000  5.695508e-01 
 1030.000  5.700228e-01 
 1031.000  5.701897e-01 
 1032.000  5.704029e-01 
 1033.000  5.704259e-01 
 1034.000  5.705249e-01 
 1035.000  5.705045e-01 
 1036.000  5.702992e-01 
 1037.000  5.701734e-01 
 1038.000  5.701994e-01 
 1039.000  5.700732e-01 
 1040.000  5.699277e-01 
 1041.000  5.698086e-01 
 1042.000  5.697494e-01 
 1043.000  5.696907e-01 
 1044.000  5.695508e-01 
 1045.000  5.692785e-01 
 1046.000  5.690686e-01 
 1047.000  5.687931e-01 
 1048.000  5.682946e-01 
 1049.000  5.677070e-01 
 1050.000  5.673667e-01 
 1051.000  5.670492e-01 
 1052.000  5.667076e-01 
 1053.000  5.665157e-01 
 1054.000  5.660974e-01 
 1055.000  5.656613e-01 
 1056.000  5.651834e-01 
 1057.000  5.643997e-01 
 1058.000  5.632606e-01 
 1059.000  5.629829e-01 
 1060.000  5.631734e-01 
 1061.000  5.628806e-01 
 1062.000  5.621029e-01 
 1063.000  5.615054e-01 
 1064.000  5.607659e-01 
 1065.000  5.601751e-01 
 1066.000  5.601869e-01 
 1067.000  5.598300e-01 
 1068.000  5.589187e-01 
 1069.000  5.591887e-01 
 1070.000  5.598688e-01 
 1071.000  5.598587e-01 
 1072.000  5.595047e-01 
 1073.000  5.597306e-01 
 1074.000  5.601861e-01 
 1075.000  5.615606e-01 
 1076.000  5.612260e-01 
 1077.000  5.606430e-01 
 1078.000  5.598879e-01 
 1079.000  5.600196e-01 
 1080.000  5.574702e-01 
 1081.000  5.575154e-01 
 1082.000  5.589176e-01 
 1083.000  5.576550e-01 
 1084.000  5.562117e-01 
 1085.000  5.524974e-01 
 1086.000  5.535598e-01 
 1087.000  5.579473e-01 
 1088.000  5.582365e-01 
 1089.000  5.531960e-01 
 1090.000  5.523506e-01 
 1091.000  5.534616e-01 
 1092.000  5.510316e-01 
 1093.000  5.453180e-01 
 1094.000  5.428490e-01 
 1095.000  5.433513e-01 
 1096.000  5.438294e-01 
 1097.000  5.427969e-01 
 1098.000  5.284396e-01 
 1099.000  5.159374e-01 
 1100.000  5.168802e-01 
 1101.000  5.187162e-01 
 1102.000  5.180073e-01 
 1103.000  5.192620e-01 
 1104.000  5.172213e-01 
 1105.000  5.119686e-01 
 1106.000  5.065201e-01 
 1107.000  5.080636e-01 
 1108.000  5.092998e-01 
 1109.000  5.142575e-01 
 1110.000  5.140662e-01 
 1111.000  5.116982e-01 
 1112.000  5.003855e-01 
 1113.000  4.847435e-01 
 1114.000  4.810986e-01 
 1115.000  4.612557e-01 
 1116.000  4.484837e-01 
 1117.000  4.166766e-01 
 1118.000  3.863344e-01 
 1119.000  3.700041e-01 
 1120.000  3.481557e-01 
 1121.000  3.433279e-01 
 1122.000  3.182768e-01 
 1123.000  3.328849e-01 
 1124.000  3.424053e-01 
 1125.000  3.376362e-01 
 1126.000  3.355814e-01 
 1127.000  3.374068e-01 
 1128.000  3.409553e-01 
 1129.000  3.643789e-01 
 1130.000  4.158118e-01 
 1131.000  4.297629e-01 
 1132.000  4.108467e-01 
 1133.000  3.735584e-01 
 1134.000  2.979568e-01 
 1135.000  3.040279e-01 
 1136.000  3.784357e-01 
 1137.000  4.144666e-01 
 1138.000  4.465083e-01 
 1139.000  4.549146e-01 
 1140.000  4.489667e-01 
 1141.000  4.362409e-01 
 1142.000  4.319346e-01 
 1143.000  4.180947e-01 
 1144.000  4.018284e-01 
 1145.000  3.774284e-01 
 1146.000  3.832636e-01 
 1147.000  4.021599e-01 
 1148.000  4.183396e-01 
 1149.000  4.244999e-01 
 1150.000  4.242184e-01 
