  320.000  8.640296e-02 
  321.000  1.140343e-01 
  322.000  1.029418e-01 
  323.000  1.170507e-01 
  324.000  1.316794e-01 
  325.000  1.207354e-01 
  326.000  1.388338e-01 
  327.000  1.440074e-01 
  328.000  1.329000e-01 
  329.000  1.544352e-01 
  330.000  1.579296e-01 
  331.000  1.510365e-01 
  332.000  1.644219e-01 
  333.000  1.683836e-01 
  334.000  1.651289e-01 
  335.000  1.751531e-01 
  336.000  1.792592e-01 
  337.000  1.775255e-01 
  338.000  1.823574e-01 
  339.000  1.873816e-01 
  340.000  1.865534e-01 
  341.000  1.914619e-01 
  342.000  1.950737e-01 
  343.000  1.968948e-01 
  344.000  1.972674e-01 
  345.000  2.022071e-01 
  346.000  2.053431e-01 
  347.000  2.079096e-01 
  348.000  2.103212e-01 
  349.000  2.130390e-01 
  350.000  2.153694e-01 
  351.000  2.176971e-01 
  352.000  2.196115e-01 
  353.000  2.223412e-01 
  354.000  2.246720e-01 
  355.000  2.268466e-01 
  356.000  2.289707e-01 
  357.000  2.308654e-01 
  358.000  2.329084e-01 
  359.000  2.349541e-01 
  360.000  2.370537e-01 
  361.000  2.397130e-01 
  362.000  2.424899e-01 
  363.000  2.450545e-01 
  364.000  2.474206e-01 
  365.000  2.496451e-01 
  366.000  2.519249e-01 
  367.000  2.541002e-01 
  368.000  2.562604e-01 
  369.000  2.584063e-01 
  370.000  2.605343e-01 
  371.000  2.626499e-01 
  372.000  2.647522e-01 
  373.000  2.668406e-01 
  374.000  2.688993e-01 
  375.000  2.709220e-01 
  376.000  2.728795e-01 
  377.000  2.747326e-01 
  378.000  2.764566e-01 
  379.000  2.782109e-01 
  380.000  2.801434e-01 
  381.000  2.823471e-01 
  382.000  2.846350e-01 
  383.000  2.868026e-01 
  384.000  2.888623e-01 
  385.000  2.908500e-01 
  386.000  2.927898e-01 
  387.000  2.947011e-01 
  388.000  2.965908e-01 
  389.000  2.984675e-01 
  390.000  3.003317e-01 
  391.000  3.021794e-01 
  392.000  3.040157e-01 
  393.000  3.058393e-01 
  394.000  3.076483e-01 
  395.000  3.094411e-01 
  396.000  3.112245e-01 
  397.000  3.129894e-01 
  398.000  3.147401e-01 
  399.000  3.164780e-01 
  400.000  3.181939e-01 
  401.000  3.199051e-01 
  402.000  3.216045e-01 
  403.000  3.232912e-01 
  404.000  3.249647e-01 
  405.000  3.266217e-01 
  406.000  3.282694e-01 
  407.000  3.299058e-01 
  408.000  3.315297e-01 
  409.000  3.331393e-01 
  410.000  3.347351e-01 
  411.000  3.363168e-01 
  412.000  3.378830e-01 
  413.000  3.394417e-01 
  414.000  3.408898e-01 
  415.000  3.424580e-01 
  416.000  3.440076e-01 
  417.000  3.455329e-01 
  418.000  3.470245e-01 
  419.000  3.485008e-01 
  420.000  3.499652e-01 
  421.000  3.514221e-01 
  422.000  3.528711e-01 
  423.000  3.543107e-01 
  424.000  3.557344e-01 
  425.000  3.571267e-01 
  426.000  3.585064e-01 
  427.000  3.598752e-01 
  428.000  3.612206e-01 
  429.000  3.625483e-01 
  430.000  3.638615e-01 
  431.000  3.651659e-01 
  432.000  3.664576e-01 
  433.000  3.677380e-01 
  434.000  3.690085e-01 
  435.000  3.702675e-01 
  436.000  3.715133e-01 
  437.000  3.727464e-01 
  438.000  3.739662e-01 
  439.000  3.751776e-01 
  440.000  3.763701e-01 
  441.000  3.775483e-01 
  442.000  3.787087e-01 
  443.000  3.798522e-01 
  444.000  3.809784e-01 
  445.000  3.820811e-01 
  446.000  3.831538e-01 
  447.000  3.842795e-01 
  448.000  3.854872e-01 
  449.000  3.867104e-01 
  450.000  3.879108e-01 
  451.000  3.890650e-01 
  452.000  3.901795e-01 
  453.000  3.912718e-01 
  454.000  3.923450e-01 
  455.000  3.933564e-01 
  456.000  3.942867e-01 
  457.000  3.952177e-01 
  458.000  3.961366e-01 
  459.000  3.970364e-01 
  460.000  3.979295e-01 
  461.000  3.988135e-01 
  462.000  3.996811e-01 
  463.000  4.005453e-01 
  464.000  4.016710e-01 
  465.000  4.027804e-01 
  466.000  4.038708e-01 
  467.000  4.049366e-01 
  468.000  4.058052e-01 
  469.000  4.065535e-01 
  470.000  4.072420e-01 
  471.000  4.078619e-01 
  472.000  4.083885e-01 
  473.000  4.087576e-01 
  474.000  4.090608e-01 
  475.000  4.091387e-01 
  476.000  4.089886e-01 
  477.000  4.089855e-01 
  478.000  4.098629e-01 
  479.000  4.111993e-01 
  480.000  4.126427e-01 
  481.000  4.139384e-01 
  482.000  4.151544e-01 
  483.000  4.162121e-01 
  484.000  4.171216e-01 
  485.000  4.179353e-01 
  486.000  4.188034e-01 
  487.000  4.197176e-01 
  488.000  4.206029e-01 
  489.000  4.214723e-01 
  490.000  4.223317e-01 
  491.000  4.230049e-01 
  492.000  4.236205e-01 
  493.000  4.242332e-01 
  494.000  4.248287e-01 
  495.000  4.254244e-01 
  496.000  4.257314e-01 
  497.000  4.260268e-01 
  498.000  4.263179e-01 
  499.000  4.265934e-01 
  500.000  4.268645e-01 
  501.000  4.271055e-01 
  502.000  4.273466e-01 
  503.000  4.275847e-01 
  504.000  4.278119e-01 
  505.000  4.280266e-01 
  506.000  4.286559e-01 
  507.000  4.293036e-01 
  508.000  4.299504e-01 
  509.000  4.305900e-01 
  510.000  4.312162e-01 
  511.000  4.317777e-01 
  512.000  4.323201e-01 
  513.000  4.328595e-01 
  514.000  4.333923e-01 
  515.000  4.339205e-01 
  516.000  4.342979e-01 
  517.000  4.345399e-01 
  518.000  4.347753e-01 
  519.000  4.350062e-01 
  520.000  4.352349e-01 
  521.000  4.354399e-01 
  522.000  4.355876e-01 
  523.000  4.356942e-01 
  524.000  4.358043e-01 
  525.000  4.358912e-01 
  526.000  4.360130e-01 
  527.000  4.360325e-01 
  528.000  4.360107e-01 
  529.000  4.359878e-01 
  530.000  4.359699e-01 
  531.000  4.359553e-01 
  532.000  4.359882e-01 
  533.000  4.362851e-01 
  534.000  4.366603e-01 
  535.000  4.370837e-01 
  536.000  4.374931e-01 
  537.000  4.378677e-01 
  538.000  4.382027e-01 
  539.000  4.385132e-01 
  540.000  4.388045e-01 
  541.000  4.390872e-01 
  542.000  4.393577e-01 
  543.000  4.396186e-01 
  544.000  4.398159e-01 
  545.000  4.399613e-01 
  546.000  4.401000e-01 
  547.000  4.402426e-01 
  548.000  4.403781e-01 
  549.000  4.405114e-01 
  550.000  4.405761e-01 
  551.000  4.405727e-01 
  552.000  4.405719e-01 
  553.000  4.405571e-01 
  554.000  4.405358e-01 
  555.000  4.405107e-01 
  556.000  4.404599e-01 
  557.000  4.403644e-01 
  558.000  4.402612e-01 
  559.000  4.401460e-01 
  560.000  4.400018e-01 
  561.000  4.398311e-01 
  562.000  4.395063e-01 
  563.000  4.392985e-01 
  564.000  4.390291e-01 
  565.000  4.386292e-01 
  566.000  4.383317e-01 
  567.000  4.375007e-01 
  568.000  4.354019e-01 
  569.000  4.312151e-01 
  570.000  4.316340e-01 
  571.000  4.341668e-01 
  572.000  4.312643e-01 
  573.000  4.317635e-01 
  574.000  4.316255e-01 
  575.000  4.314842e-01 
  576.000  4.315036e-01 
  577.000  4.326587e-01 
  578.000  4.341298e-01 
  579.000  4.356067e-01 
  580.000  4.371531e-01 
  581.000  4.392522e-01 
  582.000  4.407596e-01 
  583.000  4.417989e-01 
  584.000  4.427538e-01 
  585.000  4.434802e-01 
  586.000  4.442289e-01 
  587.000  4.434029e-01 
  588.000  4.382195e-01 
  589.000  4.295302e-01 
  590.000  4.292167e-01 
  591.000  4.355850e-01 
  592.000  4.325444e-01 
  593.000  4.397549e-01 
  594.000  4.384114e-01 
  595.000  4.336795e-01 
  596.000  4.404870e-01 
  597.000  4.386788e-01 
  598.000  4.412717e-01 
  599.000  4.421678e-01 
  600.000  4.444778e-01 
  601.000  4.458061e-01 
  602.000  4.460970e-01 
  603.000  4.469242e-01 
  604.000  4.480194e-01 
  605.000  4.488412e-01 
  606.000  4.494596e-01 
  607.000  4.500580e-01 
  608.000  4.506366e-01 
  609.000  4.511907e-01 
  610.000  4.517653e-01 
  611.000  4.524038e-01 
  612.000  4.530294e-01 
  613.000  4.536356e-01 
  614.000  4.542242e-01 
  615.000  4.548114e-01 
  616.000  4.553772e-01 
  617.000  4.559118e-01 
  618.000  4.563600e-01 
  619.000  4.567393e-01 
  620.000  4.570905e-01 
  621.000  4.573923e-01 
  622.000  4.576446e-01 
  623.000  4.578134e-01 
  624.000  4.579931e-01 
  625.000  4.581433e-01 
  626.000  4.579501e-01 
  627.000  4.554222e-01 
  628.000  4.383402e-01 
  629.000  4.490426e-01 
  630.000  4.512126e-01 
  631.000  4.546194e-01 
  632.000  4.547865e-01 
  633.000  4.586978e-01 
  634.000  4.609411e-01 
  635.000  4.621430e-01 
  636.000  4.636453e-01 
  637.000  4.649689e-01 
  638.000  4.671357e-01 
  639.000  4.681147e-01 
  640.000  4.696379e-01 
  641.000  4.704947e-01 
  642.000  4.716460e-01 
  643.000  4.715176e-01 
  644.000  4.721627e-01 
  645.000  4.715234e-01 
  646.000  4.670963e-01 
  647.000  4.640529e-01 
  648.000  4.605749e-01 
  649.000  4.645338e-01 
  650.000  4.716947e-01 
  651.000  4.721171e-01 
  652.000  4.666078e-01 
  653.000  4.738539e-01 
  654.000  4.735243e-01 
  655.000  4.714559e-01 
  656.000  4.727456e-01 
  657.000  4.744956e-01 
  658.000  4.772439e-01 
  659.000  4.790222e-01 
  660.000  4.798792e-01 
  661.000  4.820860e-01 
  662.000  4.832402e-01 
  663.000  4.835288e-01 
  664.000  4.842143e-01 
  665.000  4.849014e-01 
  666.000  4.856568e-01 
  667.000  4.863525e-01 
  668.000  4.871325e-01 
  669.000  4.877254e-01 
  670.000  4.882639e-01 
  671.000  4.888244e-01 
  672.000  4.893377e-01 
  673.000  4.898434e-01 
  674.000  4.903452e-01 
  675.000  4.908474e-01 
  676.000  4.913208e-01 
  677.000  4.917558e-01 
  678.000  4.921915e-01 
  679.000  4.925640e-01 
  680.000  4.926639e-01 
  681.000  4.926613e-01 
  682.000  4.929903e-01 
  683.000  4.932158e-01 
  684.000  4.930603e-01 
  685.000  4.937547e-01 
  686.000  4.915507e-01 
  687.000  4.127356e-01 
  688.000  4.371741e-01 
  689.000  4.303246e-01 
  690.000  4.431377e-01 
  691.000  4.603932e-01 
  692.000  4.714426e-01 
  693.000  4.697349e-01 
  694.000  4.655880e-01 
  695.000  4.719690e-01 
  696.000  4.756420e-01 
  697.000  4.899803e-01 
  698.000  4.872404e-01 
  699.000  4.747143e-01 
  700.000  4.769430e-01 
  701.000  4.742376e-01 
  702.000  4.764371e-01 
  703.000  4.871714e-01 
  704.000  4.877532e-01 
  705.000  4.834835e-01 
  706.000  4.844417e-01 
  707.000  4.861130e-01 
  708.000  4.879113e-01 
  709.000  4.914834e-01 
  710.000  4.878918e-01 
  711.000  4.917660e-01 
  712.000  4.950807e-01 
  713.000  4.926024e-01 
  714.000  4.918343e-01 
  715.000  4.877471e-01 
  716.000  4.835025e-01 
  717.000  4.559785e-01 
  718.000  4.391109e-01 
  719.000  4.331053e-01 
  720.000  4.239628e-01 
  721.000  4.644569e-01 
  722.000  4.789487e-01 
  723.000  4.709043e-01 
  724.000  4.478866e-01 
  725.000  4.513881e-01 
  726.000  4.503610e-01 
  727.000  4.536902e-01 
  728.000  4.501742e-01 
  729.000  4.590834e-01 
  730.000  4.575934e-01 
  731.000  4.557820e-01 
  732.000  4.707938e-01 
  733.000  4.851857e-01 
  734.000  4.921462e-01 
  735.000  4.897628e-01 
  736.000  4.852625e-01 
  737.000  4.887344e-01 
  738.000  4.934914e-01 
  739.000  4.955634e-01 
  740.000  5.001086e-01 
  741.000  5.027528e-01 
  742.000  5.038882e-01 
  743.000  5.061352e-01 
  744.000  5.073305e-01 
  745.000  5.082071e-01 
  746.000  5.088475e-01 
  747.000  5.090844e-01 
  748.000  5.098050e-01 
  749.000  5.102122e-01 
  750.000  5.100516e-01 
  751.000  5.102344e-01 
  752.000  5.109238e-01 
  753.000  5.112339e-01 
  754.000  5.114881e-01 
  755.000  5.116695e-01 
  756.000  5.118573e-01 
  757.000  5.119885e-01 
  758.000  5.108617e-01 
  759.000  4.679500e-01 
  760.000  1.764717e-01 
  761.000  1.523169e-01 
  762.000  3.105332e-01 
  763.000  2.588841e-01 
  764.000  2.842312e-01 
  765.000  3.435381e-01 
  766.000  4.180757e-01 
  767.000  4.568305e-01 
  768.000  4.825725e-01 
  769.000  4.997348e-01 
  770.000  5.091089e-01 
  771.000  5.134291e-01 
  772.000  5.145362e-01 
  773.000  5.150319e-01 
  774.000  5.156994e-01 
  775.000  5.161157e-01 
  776.000  5.164112e-01 
  777.000  5.165137e-01 
  778.000  5.165280e-01 
  779.000  5.165287e-01 
  780.000  5.165255e-01 
  781.000  5.168311e-01 
  782.000  5.168191e-01 
  783.000  5.168164e-01 
  784.000  5.166121e-01 
  785.000  5.156421e-01 
  786.000  5.140558e-01 
  787.000  5.108693e-01 
  788.000  5.090967e-01 
  789.000  5.026875e-01 
  790.000  5.021644e-01 
  791.000  5.034099e-01 
  792.000  5.045629e-01 
  793.000  5.072126e-01 
  794.000  5.128033e-01 
  795.000  5.094318e-01 
  796.000  5.004112e-01 
  797.000  5.030250e-01 
  798.000  5.087698e-01 
  799.000  5.074918e-01 
  800.000  5.033568e-01 
  801.000  5.038791e-01 
  802.000  5.034850e-01 
  803.000  5.041198e-01 
  804.000  5.061023e-01 
  805.000  5.098779e-01 
  806.000  5.121421e-01 
  807.000  5.122672e-01 
  808.000  5.110236e-01 
  809.000  5.094894e-01 
  810.000  5.078064e-01 
  811.000  5.043270e-01 
  812.000  4.996380e-01 
  813.000  4.938919e-01 
  814.000  4.863093e-01 
  815.000  4.768837e-01 
  816.000  4.647995e-01 
  817.000  4.654950e-01 
  818.000  4.665021e-01 
  819.000  4.705099e-01 
  820.000  4.838743e-01 
  821.000  4.991609e-01 
  822.000  4.875684e-01 
  823.000  4.552939e-01 
  824.000  4.825196e-01 
  825.000  5.000965e-01 
  826.000  4.971168e-01 
  827.000  4.949171e-01 
  828.000  4.833779e-01 
  829.000  4.875585e-01 
  830.000  4.922432e-01 
  831.000  4.933590e-01 
  832.000  4.938594e-01 
  833.000  4.965712e-01 
  834.000  4.997615e-01 
  835.000  5.060754e-01 
  836.000  5.040698e-01 
  837.000  5.038748e-01 
  838.000  5.069606e-01 
  839.000  5.088410e-01 
  840.000  5.095371e-01 
  841.000  5.075381e-01 
  842.000  5.093701e-01 
  843.000  5.136961e-01 
  844.000  5.156690e-01 
  845.000  5.165995e-01 
  846.000  5.175769e-01 
  847.000  5.184335e-01 
  848.000  5.169296e-01 
  849.000  5.171728e-01 
  850.000  5.163310e-01 
  851.000  5.153236e-01 
  852.000  5.154454e-01 
  853.000  5.171615e-01 
  854.000  5.170886e-01 
  855.000  5.179605e-01 
  856.000  5.195721e-01 
  857.000  5.203167e-01 
  858.000  5.207605e-01 
  859.000  5.216209e-01 
  860.000  5.221099e-01 
  861.000  5.222057e-01 
  862.000  5.225035e-01 
  863.000  5.225564e-01 
  864.000  5.227659e-01 
  865.000  5.229400e-01 
  866.000  5.229982e-01 
  867.000  5.229844e-01 
  868.000  5.230250e-01 
  869.000  5.230937e-01 
  870.000  5.230698e-01 
  871.000  5.231354e-01 
  872.000  5.232737e-01 
  873.000  5.231658e-01 
  874.000  5.231141e-01 
  875.000  5.231136e-01 
  876.000  5.229140e-01 
  877.000  5.228198e-01 
  878.000  5.222847e-01 
  879.000  5.222598e-01 
  880.000  5.218159e-01 
  881.000  5.215390e-01 
  882.000  5.213605e-01 
  883.000  5.215681e-01 
  884.000  5.216956e-01 
  885.000  5.207501e-01 
  886.000  5.194402e-01 
  887.000  5.205439e-01 
  888.000  5.204964e-01 
  889.000  5.207661e-01 
  890.000  5.200399e-01 
  891.000  5.186129e-01 
  892.000  5.152059e-01 
  893.000  5.048236e-01 
  894.000  4.996610e-01 
  895.000  4.839016e-01 
  896.000  4.697989e-01 
  897.000  4.549581e-01 
  898.000  4.480339e-01 
  899.000  4.285282e-01 
  900.000  4.313479e-01 
  901.000  4.262948e-01 
  902.000  4.272466e-01 
  903.000  4.600757e-01 
  904.000  4.802037e-01 
  905.000  4.794901e-01 
  906.000  4.669212e-01 
  907.000  4.447494e-01 
  908.000  4.301828e-01 
  909.000  4.308079e-01 
  910.000  4.330105e-01 
  911.000  4.426973e-01 
  912.000  4.380217e-01 
  913.000  4.177178e-01 
  914.000  4.277636e-01 
  915.000  4.356964e-01 
  916.000  4.378586e-01 
  917.000  4.421811e-01 
  918.000  4.477686e-01 
  919.000  4.667740e-01 
  920.000  4.811777e-01 
  921.000  4.780227e-01 
  922.000  4.777654e-01 
  923.000  4.737614e-01 
  924.000  4.641312e-01 
  925.000  4.633313e-01 
  926.000  4.630772e-01 
  927.000  4.518252e-01 
  928.000  4.345535e-01 
  929.000  4.097102e-01 
  930.000  3.782934e-01 
  931.000  3.434351e-01 
  932.000  2.981705e-01 
  933.000  2.648417e-01 
  934.000  2.309926e-01 
  935.000  2.273897e-01 
  936.000  2.406907e-01 
  937.000  2.373346e-01 
  938.000  2.751739e-01 
  939.000  3.747880e-01 
  940.000  3.897945e-01 
  941.000  3.768952e-01 
  942.000  3.453286e-01 
  943.000  2.932132e-01 
  944.000  2.895798e-01 
  945.000  3.082292e-01 
  946.000  3.092972e-01 
  947.000  3.260571e-01 
  948.000  3.359076e-01 
  949.000  3.346480e-01 
  950.000  3.371812e-01 
  951.000  3.592663e-01 
  952.000  3.357195e-01 
  953.000  3.522750e-01 
  954.000  3.700835e-01 
  955.000  3.557051e-01 
  956.000  3.525276e-01 
  957.000  3.976108e-01 
  958.000  4.034937e-01 
  959.000  3.960051e-01 
  960.000  3.938453e-01 
  961.000  3.900999e-01 
  962.000  3.935477e-01 
  963.000  4.183836e-01 
  964.000  4.219697e-01 
  965.000  4.196132e-01 
  966.000  4.209804e-01 
  967.000  4.387507e-01 
  968.000  4.684705e-01 
  969.000  4.819218e-01 
  970.000  4.826559e-01 
  971.000  4.823431e-01 
  972.000  4.785306e-01 
  973.000  4.697207e-01 
  974.000  4.589972e-01 
  975.000  4.521131e-01 
  976.000  4.605443e-01 
  977.000  4.744808e-01 
  978.000  4.733593e-01 
  979.000  4.769805e-01 
  980.000  4.912109e-01 
  981.000  4.943722e-01 
  982.000  4.912139e-01 
  983.000  4.985270e-01 
  984.000  5.060567e-01 
  985.000  5.103382e-01 
  986.000  5.158623e-01 
  987.000  5.182589e-01 
  988.000  5.188121e-01 
  989.000  5.191678e-01 
  990.000  5.197562e-01 
  991.000  5.218152e-01 
  992.000  5.224041e-01 
  993.000  5.226277e-01 
  994.000  5.243276e-01 
  995.000  5.255986e-01 
  996.000  5.255926e-01 
  997.000  5.247358e-01 
  998.000  5.238405e-01 
  999.000  5.234866e-01 
 1000.000  5.237873e-01 
 1001.000  5.220187e-01 
 1002.000  5.188792e-01 
 1003.000  5.196330e-01 
 1004.000  5.214493e-01 
 1005.000  5.222827e-01 
 1006.000  5.225403e-01 
 1007.000  5.219449e-01 
 1008.000  5.193841e-01 
 1009.000  5.159562e-01 
 1010.000  5.174862e-01 
 1011.000  5.211284e-01 
 1012.000  5.225168e-01 
 1013.000  5.236037e-01 
 1014.000  5.238630e-01 
 1015.000  5.239490e-01 
 1016.000  5.244621e-01 
 1017.000  5.247610e-01 
 1018.000  5.241106e-01 
 1019.000  5.230277e-01 
 1020.000  5.234676e-01 
 1021.000  5.241987e-01 
 1022.000  5.228351e-01 
 1023.000  5.215422e-01 
 1024.000  5.207627e-01 
 1025.000  5.231062e-01 
 1026.000  5.239455e-01 
 1027.000  5.234722e-01 
 1028.000  5.238325e-01 
 1029.000  5.248218e-01 
 1030.000  5.257471e-01 
 1031.000  5.262014e-01 
 1032.000  5.265507e-01 
 1033.000  5.266557e-01 
 1034.000  5.268717e-01 
 1035.000  5.269746e-01 
 1036.000  5.268279e-01 
 1037.000  5.267938e-01 
 1038.000  5.268697e-01 
 1039.000  5.266908e-01 
 1040.000  5.265207e-01 
 1041.000  5.263847e-01 
 1042.000  5.263352e-01 
 1043.000  5.263069e-01 
 1044.000  5.261711e-01 
 1045.000  5.258175e-01 
 1046.000  5.255682e-01 
 1047.000  5.252610e-01 
 1048.000  5.248097e-01 
 1049.000  5.243207e-01 
 1050.000  5.239445e-01 
 1051.000  5.234985e-01 
 1052.000  5.231215e-01 
 1053.000  5.229602e-01 
 1054.000  5.224217e-01 
 1055.000  5.219359e-01 
 1056.000  5.214327e-01 
 1057.000  5.204036e-01 
 1058.000  5.186346e-01 
 1059.000  5.185942e-01 
 1060.000  5.192546e-01 
 1061.000  5.189571e-01 
 1062.000  5.178139e-01 
 1063.000  5.172660e-01 
 1064.000  5.162724e-01 
 1065.000  5.152905e-01 
 1066.000  5.153553e-01 
 1067.000  5.147997e-01 
 1068.000  5.131234e-01 
 1069.000  5.125294e-01 
 1070.000  5.131025e-01 
 1071.000  5.120969e-01 
 1072.000  5.109917e-01 
 1073.000  5.109348e-01 
 1074.000  5.113137e-01 
 1075.000  5.134019e-01 
 1076.000  5.123735e-01 
 1077.000  5.109245e-01 
 1078.000  5.091819e-01 
 1079.000  5.090776e-01 
 1080.000  5.041394e-01 
 1081.000  5.039603e-01 
 1082.000  5.062807e-01 
 1083.000  5.037073e-01 
 1084.000  5.008625e-01 
 1085.000  4.939498e-01 
 1086.000  4.956638e-01 
 1087.000  5.034274e-01 
 1088.000  5.037953e-01 
 1089.000  4.944996e-01 
 1090.000  4.928041e-01 
 1091.000  4.946420e-01 
 1092.000  4.900713e-01 
 1093.000  4.797524e-01 
 1094.000  4.752790e-01 
 1095.000  4.760450e-01 
 1096.000  4.767426e-01 
 1097.000  4.747252e-01 
 1098.000  4.495973e-01 
 1099.000  4.282388e-01 
 1100.000  4.297110e-01 
 1101.000  4.326856e-01 
 1102.000  4.312950e-01 
 1103.000  4.332718e-01 
 1104.000  4.297196e-01 
 1105.000  4.207765e-01 
 1106.000  4.117525e-01 
 1107.000  4.140185e-01 
 1108.000  4.156880e-01 
 1109.000  4.234350e-01 
 1110.000  4.225107e-01 
 1111.000  4.182421e-01 
 1112.000  3.993318e-01 
 1113.000  3.735552e-01 
 1114.000  3.665878e-01 
 1115.000  3.351445e-01 
 1116.000  3.158016e-01 
 1117.000  2.715090e-01 
 1118.000  2.316051e-01 
 1119.000  2.107360e-01 
 1120.000  1.852093e-01 
 1121.000  1.796048e-01 
 1122.000  1.537360e-01 
 1123.000  1.676927e-01 
 1124.000  1.771867e-01 
 1125.000  1.721876e-01 
 1126.000  1.702017e-01 
 1127.000  1.724198e-01 
 1128.000  1.767145e-01 
 1129.000  2.025828e-01 
 1130.000  2.643095e-01 
 1131.000  2.824901e-01 
 1132.000  2.576347e-01 
 1133.000  2.130333e-01 
 1134.000  1.353815e-01 
 1135.000  1.411145e-01 
 1136.000  2.194927e-01 
 1137.000  2.639211e-01 
 1138.000  3.077644e-01 
 1139.000  3.212995e-01 
 1140.000  3.128907e-01 
 1141.000  2.958928e-01 
 1142.000  2.899020e-01 
 1143.000  2.712178e-01 
 1144.000  2.503726e-01 
 1145.000  2.205779e-01 
 1146.000  2.275770e-01 
 1147.000  2.509183e-01 
 1148.000  2.718590e-01 
 1149.000  2.803944e-01 
 1150.000  2.808870e-01 
