  320.000  8.383815e-02 
  321.000  1.109781e-01 
  322.000  1.000733e-01 
  323.000  1.139455e-01 
  324.000  1.283477e-01 
  325.000  1.175714e-01 
  326.000  1.353977e-01 
  327.000  1.404982e-01 
  328.000  1.295502e-01 
  329.000  1.507846e-01 
  330.000  1.542333e-01 
  331.000  1.474311e-01 
  332.000  1.606429e-01 
  333.000  1.645554e-01 
  334.000  1.613410e-01 
  335.000  1.712431e-01 
  336.000  1.753010e-01 
  337.000  1.735876e-01 
  338.000  1.783635e-01 
  339.000  1.833310e-01 
  340.000  1.825120e-01 
  341.000  1.873662e-01 
  342.000  1.909389e-01 
  343.000  1.927405e-01 
  344.000  1.931092e-01 
  345.000  1.979971e-01 
  346.000  2.011009e-01 
  347.000  2.036414e-01 
  348.000  2.060290e-01 
  349.000  2.087200e-01 
  350.000  2.110277e-01 
  351.000  2.133329e-01 
  352.000  2.152291e-01 
  353.000  2.179332e-01 
  354.000  2.202423e-01 
  355.000  2.223970e-01 
  356.000  2.245018e-01 
  357.000  2.263794e-01 
  358.000  2.284043e-01 
  359.000  2.304319e-01 
  360.000  2.325133e-01 
  361.000  2.351497e-01 
  362.000  2.379030e-01 
  363.000  2.404461e-01 
  364.000  2.427927e-01 
  365.000  2.449991e-01 
  366.000  2.472605e-01 
  367.000  2.494185e-01 
  368.000  2.515616e-01 
  369.000  2.536908e-01 
  370.000  2.558024e-01 
  371.000  2.579019e-01 
  372.000  2.599883e-01 
  373.000  2.620612e-01 
  374.000  2.641048e-01 
  375.000  2.661127e-01 
  376.000  2.680560e-01 
  377.000  2.698960e-01 
  378.000  2.716078e-01 
  379.000  2.733498e-01 
  380.000  2.752689e-01 
  381.000  2.774575e-01 
  382.000  2.797300e-01 
  383.000  2.818831e-01 
  384.000  2.839291e-01 
  385.000  2.859039e-01 
  386.000  2.878312e-01 
  387.000  2.897303e-01 
  388.000  2.916080e-01 
  389.000  2.934730e-01 
  390.000  2.953257e-01 
  391.000  2.971620e-01 
  392.000  2.989872e-01 
  393.000  3.007999e-01 
  394.000  3.025982e-01 
  395.000  3.043805e-01 
  396.000  3.061535e-01 
  397.000  3.079082e-01 
  398.000  3.096490e-01 
  399.000  3.113772e-01 
  400.000  3.130835e-01 
  401.000  3.147853e-01 
  402.000  3.164754e-01 
  403.000  3.181530e-01 
  404.000  3.198176e-01 
  405.000  3.214658e-01 
  406.000  3.231049e-01 
  407.000  3.247329e-01 
  408.000  3.263484e-01 
  409.000  3.279498e-01 
  410.000  3.295377e-01 
  411.000  3.311114e-01 
  412.000  3.326699e-01 
  413.000  3.342210e-01 
  414.000  3.356622e-01 
  415.000  3.372228e-01 
  416.000  3.387652e-01 
  417.000  3.402833e-01 
  418.000  3.417679e-01 
  419.000  3.432375e-01 
  420.000  3.446952e-01 
  421.000  3.461455e-01 
  422.000  3.475882e-01 
  423.000  3.490213e-01 
  424.000  3.504389e-01 
  425.000  3.518251e-01 
  426.000  3.531989e-01 
  427.000  3.545619e-01 
  428.000  3.559016e-01 
  429.000  3.572237e-01 
  430.000  3.585316e-01 
  431.000  3.598306e-01 
  432.000  3.611171e-01 
  433.000  3.623923e-01 
  434.000  3.636578e-01 
  435.000  3.649119e-01 
  436.000  3.661527e-01 
  437.000  3.673811e-01 
  438.000  3.685963e-01 
  439.000  3.698030e-01 
  440.000  3.709911e-01 
  441.000  3.721649e-01 
  442.000  3.733209e-01 
  443.000  3.744603e-01 
  444.000  3.755824e-01 
  445.000  3.766811e-01 
  446.000  3.777500e-01 
  447.000  3.788716e-01 
  448.000  3.800751e-01 
  449.000  3.812940e-01 
  450.000  3.824903e-01 
  451.000  3.836406e-01 
  452.000  3.847513e-01 
  453.000  3.858400e-01 
  454.000  3.869096e-01 
  455.000  3.879177e-01 
  456.000  3.888449e-01 
  457.000  3.897729e-01 
  458.000  3.906888e-01 
  459.000  3.915858e-01 
  460.000  3.924761e-01 
  461.000  3.933573e-01 
  462.000  3.942221e-01 
  463.000  3.950837e-01 
  464.000  3.962059e-01 
  465.000  3.973119e-01 
  466.000  3.983991e-01 
  467.000  3.994617e-01 
  468.000  4.003277e-01 
  469.000  4.010738e-01 
  470.000  4.017603e-01 
  471.000  4.023784e-01 
  472.000  4.029035e-01 
  473.000  4.032716e-01 
  474.000  4.035739e-01 
  475.000  4.036515e-01 
  476.000  4.035018e-01 
  477.000  4.034988e-01 
  478.000  4.043737e-01 
  479.000  4.057063e-01 
  480.000  4.071457e-01 
  481.000  4.084378e-01 
  482.000  4.096505e-01 
  483.000  4.107054e-01 
  484.000  4.116124e-01 
  485.000  4.124240e-01 
  486.000  4.132898e-01 
  487.000  4.142017e-01 
  488.000  4.150847e-01 
  489.000  4.159518e-01 
  490.000  4.168090e-01 
  491.000  4.174806e-01 
  492.000  4.180946e-01 
  493.000  4.187058e-01 
  494.000  4.192999e-01 
  495.000  4.198941e-01 
  496.000  4.202003e-01 
  497.000  4.204950e-01 
  498.000  4.207854e-01 
  499.000  4.210602e-01 
  500.000  4.213307e-01 
  501.000  4.215711e-01 
  502.000  4.218116e-01 
  503.000  4.220492e-01 
  504.000  4.222758e-01 
  505.000  4.224901e-01 
  506.000  4.231178e-01 
  507.000  4.237639e-01 
  508.000  4.244093e-01 
  509.000  4.250474e-01 
  510.000  4.256721e-01 
  511.000  4.262323e-01 
  512.000  4.267735e-01 
  513.000  4.273116e-01 
  514.000  4.278432e-01 
  515.000  4.283703e-01 
  516.000  4.287469e-01 
  517.000  4.289884e-01 
  518.000  4.292232e-01 
  519.000  4.294536e-01 
  520.000  4.296818e-01 
  521.000  4.298863e-01 
  522.000  4.300338e-01 
  523.000  4.301401e-01 
  524.000  4.302500e-01 
  525.000  4.303366e-01 
  526.000  4.304581e-01 
  527.000  4.304777e-01 
  528.000  4.304560e-01 
  529.000  4.304330e-01 
  530.000  4.304152e-01 
  531.000  4.304006e-01 
  532.000  4.304334e-01 
  533.000  4.307297e-01 
  534.000  4.311040e-01 
  535.000  4.315266e-01 
  536.000  4.319351e-01 
  537.000  4.323089e-01 
  538.000  4.326432e-01 
  539.000  4.329530e-01 
  540.000  4.332437e-01 
  541.000  4.335259e-01 
  542.000  4.337958e-01 
  543.000  4.340561e-01 
  544.000  4.342530e-01 
  545.000  4.343981e-01 
  546.000  4.345365e-01 
  547.000  4.346788e-01 
  548.000  4.348140e-01 
  549.000  4.349470e-01 
  550.000  4.350116e-01 
  551.000  4.350082e-01 
  552.000  4.350074e-01 
  553.000  4.349926e-01 
  554.000  4.349714e-01 
  555.000  4.349464e-01 
  556.000  4.348956e-01 
  557.000  4.348004e-01 
  558.000  4.346973e-01 
  559.000  4.345824e-01 
  560.000  4.344383e-01 
  561.000  4.342675e-01 
  562.000  4.338877e-01 
  563.000  4.336756e-01 
  564.000  4.333928e-01 
  565.000  4.329540e-01 
  566.000  4.326828e-01 
  567.000  4.317217e-01 
  568.000  4.289304e-01 
  569.000  4.232522e-01 
  570.000  4.240211e-01 
  571.000  4.278513e-01 
  572.000  4.239253e-01 
  573.000  4.248354e-01 
  574.000  4.250087e-01 
  575.000  4.247068e-01 
  576.000  4.248803e-01 
  577.000  4.263214e-01 
  578.000  4.280896e-01 
  579.000  4.297462e-01 
  580.000  4.312730e-01 
  581.000  4.334619e-01 
  582.000  4.349581e-01 
  583.000  4.358994e-01 
  584.000  4.367720e-01 
  585.000  4.373970e-01 
  586.000  4.380126e-01 
  587.000  4.367297e-01 
  588.000  4.289711e-01 
  589.000  4.167105e-01 
  590.000  4.161233e-01 
  591.000  4.247943e-01 
  592.000  4.204527e-01 
  593.000  4.303388e-01 
  594.000  4.283499e-01 
  595.000  4.216780e-01 
  596.000  4.312126e-01 
  597.000  4.288344e-01 
  598.000  4.325844e-01 
  599.000  4.339775e-01 
  600.000  4.373536e-01 
  601.000  4.394349e-01 
  602.000  4.399833e-01 
  603.000  4.410487e-01 
  604.000  4.422856e-01 
  605.000  4.432033e-01 
  606.000  4.438465e-01 
  607.000  4.444673e-01 
  608.000  4.450492e-01 
  609.000  4.456051e-01 
  610.000  4.461789e-01 
  611.000  4.468164e-01 
  612.000  4.474409e-01 
  613.000  4.480461e-01 
  614.000  4.486336e-01 
  615.000  4.492198e-01 
  616.000  4.497846e-01 
  617.000  4.503183e-01 
  618.000  4.507658e-01 
  619.000  4.511445e-01 
  620.000  4.514951e-01 
  621.000  4.517963e-01 
  622.000  4.520482e-01 
  623.000  4.522166e-01 
  624.000  4.523957e-01 
  625.000  4.525447e-01 
  626.000  4.522053e-01 
  627.000  4.490463e-01 
  628.000  4.321236e-01 
  629.000  4.421550e-01 
  630.000  4.451326e-01 
  631.000  4.485247e-01 
  632.000  4.476072e-01 
  633.000  4.524227e-01 
  634.000  4.546729e-01 
  635.000  4.556528e-01 
  636.000  4.572831e-01 
  637.000  4.586115e-01 
  638.000  4.610848e-01 
  639.000  4.620568e-01 
  640.000  4.637374e-01 
  641.000  4.645152e-01 
  642.000  4.657554e-01 
  643.000  4.652601e-01 
  644.000  4.658577e-01 
  645.000  4.648136e-01 
  646.000  4.581366e-01 
  647.000  4.536336e-01 
  648.000  4.485612e-01 
  649.000  4.537939e-01 
  650.000  4.635256e-01 
  651.000  4.639020e-01 
  652.000  4.560378e-01 
  653.000  4.659040e-01 
  654.000  4.652397e-01 
  655.000  4.621534e-01 
  656.000  4.637428e-01 
  657.000  4.659940e-01 
  658.000  4.696309e-01 
  659.000  4.719140e-01 
  660.000  4.731265e-01 
  661.000  4.757847e-01 
  662.000  4.772656e-01 
  663.000  4.774594e-01 
  664.000  4.782277e-01 
  665.000  4.789756e-01 
  666.000  4.797687e-01 
  667.000  4.805416e-01 
  668.000  4.814292e-01 
  669.000  4.820541e-01 
  670.000  4.826034e-01 
  671.000  4.831842e-01 
  672.000  4.836995e-01 
  673.000  4.842047e-01 
  674.000  4.847053e-01 
  675.000  4.852071e-01 
  676.000  4.856770e-01 
  677.000  4.861096e-01 
  678.000  4.865437e-01 
  679.000  4.868914e-01 
  680.000  4.868649e-01 
  681.000  4.867627e-01 
  682.000  4.870639e-01 
  683.000  4.871389e-01 
  684.000  4.868411e-01 
  685.000  4.876488e-01 
  686.000  4.853503e-01 
  687.000  4.072960e-01 
  688.000  4.316974e-01 
  689.000  4.246556e-01 
  690.000  4.374811e-01 
  691.000  4.540105e-01 
  692.000  4.635059e-01 
  693.000  4.575376e-01 
  694.000  4.496815e-01 
  695.000  4.572639e-01 
  696.000  4.617422e-01 
  697.000  4.808536e-01 
  698.000  4.769675e-01 
  699.000  4.599334e-01 
  700.000  4.628080e-01 
  701.000  4.590722e-01 
  702.000  4.619300e-01 
  703.000  4.763205e-01 
  704.000  4.770171e-01 
  705.000  4.711649e-01 
  706.000  4.723835e-01 
  707.000  4.745658e-01 
  708.000  4.769238e-01 
  709.000  4.816883e-01 
  710.000  4.767381e-01 
  711.000  4.819090e-01 
  712.000  4.863295e-01 
  713.000  4.828690e-01 
  714.000  4.817235e-01 
  715.000  4.760482e-01 
  716.000  4.701147e-01 
  717.000  4.331975e-01 
  718.000  4.109038e-01 
  719.000  4.029569e-01 
  720.000  3.911794e-01 
  721.000  4.439170e-01 
  722.000  4.631829e-01 
  723.000  4.523488e-01 
  724.000  4.218765e-01 
  725.000  4.263459e-01 
  726.000  4.249674e-01 
  727.000  4.292947e-01 
  728.000  4.246617e-01 
  729.000  4.363347e-01 
  730.000  4.343751e-01 
  731.000  4.320022e-01 
  732.000  4.518162e-01 
  733.000  4.710770e-01 
  734.000  4.804628e-01 
  735.000  4.772079e-01 
  736.000  4.711088e-01 
  737.000  4.757544e-01 
  738.000  4.821480e-01 
  739.000  4.849241e-01 
  740.000  4.910673e-01 
  741.000  4.946352e-01 
  742.000  4.961486e-01 
  743.000  4.994496e-01 
  744.000  5.007661e-01 
  745.000  5.019227e-01 
  746.000  5.028455e-01 
  747.000  5.031031e-01 
  748.000  5.039364e-01 
  749.000  5.044258e-01 
  750.000  5.041875e-01 
  751.000  5.043693e-01 
  752.000  5.051947e-01 
  753.000  5.055519e-01 
  754.000  5.058324e-01 
  755.000  5.060131e-01 
  756.000  5.062029e-01 
  757.000  5.063340e-01 
  758.000  5.052092e-01 
  759.000  4.625344e-01 
  760.000  1.734154e-01 
  761.000  1.495480e-01 
  762.000  3.061886e-01 
  763.000  2.549860e-01 
  764.000  2.801066e-01 
  765.000  3.389398e-01 
  766.000  4.129645e-01 
  767.000  4.514859e-01 
  768.000  4.770841e-01 
  769.000  4.941550e-01 
  770.000  5.034878e-01 
  771.000  5.077816e-01 
  772.000  5.088830e-01 
  773.000  5.093714e-01 
  774.000  5.100160e-01 
  775.000  5.104343e-01 
  776.000  5.107371e-01 
  777.000  5.108168e-01 
  778.000  5.107913e-01 
  779.000  5.107563e-01 
  780.000  5.107191e-01 
  781.000  5.111018e-01 
  782.000  5.110527e-01 
  783.000  5.110165e-01 
  784.000  5.107052e-01 
  785.000  5.093579e-01 
  786.000  5.074763e-01 
  787.000  5.028486e-01 
  788.000  5.004228e-01 
  789.000  4.917834e-01 
  790.000  4.910466e-01 
  791.000  4.926830e-01 
  792.000  4.942027e-01 
  793.000  4.977349e-01 
  794.000  5.052312e-01 
  795.000  5.006602e-01 
  796.000  4.885387e-01 
  797.000  4.920048e-01 
  798.000  4.996830e-01 
  799.000  4.979402e-01 
  800.000  4.923675e-01 
  801.000  4.930391e-01 
  802.000  4.924845e-01 
  803.000  4.933099e-01 
  804.000  4.959462e-01 
  805.000  5.009930e-01 
  806.000  5.040177e-01 
  807.000  5.041603e-01 
  808.000  5.024563e-01 
  809.000  5.003594e-01 
  810.000  4.980575e-01 
  811.000  4.933445e-01 
  812.000  4.870106e-01 
  813.000  4.792857e-01 
  814.000  4.691505e-01 
  815.000  4.566171e-01 
  816.000  4.407954e-01 
  817.000  4.416275e-01 
  818.000  4.429063e-01 
  819.000  4.481432e-01 
  820.000  4.656774e-01 
  821.000  4.859121e-01 
  822.000  4.705101e-01 
  823.000  4.284080e-01 
  824.000  4.638323e-01 
  825.000  4.871069e-01 
  826.000  4.831759e-01 
  827.000  4.802296e-01 
  828.000  4.649402e-01 
  829.000  4.704288e-01 
  830.000  4.766190e-01 
  831.000  4.780966e-01 
  832.000  4.787875e-01 
  833.000  4.823895e-01 
  834.000  4.866436e-01 
  835.000  4.950879e-01 
  836.000  4.923978e-01 
  837.000  4.921360e-01 
  838.000  4.962505e-01 
  839.000  4.987607e-01 
  840.000  4.996766e-01 
  841.000  4.969797e-01 
  842.000  4.994198e-01 
  843.000  5.052159e-01 
  844.000  5.078599e-01 
  845.000  5.090963e-01 
  846.000  5.103971e-01 
  847.000  5.118297e-01 
  848.000  5.094824e-01 
  849.000  5.097879e-01 
  850.000  5.086304e-01 
  851.000  5.072522e-01 
  852.000  5.073958e-01 
  853.000  5.096892e-01 
  854.000  5.095742e-01 
  855.000  5.107324e-01 
  856.000  5.129774e-01 
  857.000  5.139705e-01 
  858.000  5.145356e-01 
  859.000  5.156794e-01 
  860.000  5.162445e-01 
  861.000  5.163550e-01 
  862.000  5.167402e-01 
  863.000  5.167925e-01 
  864.000  5.170575e-01 
  865.000  5.172747e-01 
  866.000  5.173342e-01 
  867.000  5.172973e-01 
  868.000  5.173332e-01 
  869.000  5.174070e-01 
  870.000  5.173565e-01 
  871.000  5.174264e-01 
  872.000  5.175940e-01 
  873.000  5.174308e-01 
  874.000  5.173435e-01 
  875.000  5.173245e-01 
  876.000  5.170383e-01 
  877.000  5.169534e-01 
  878.000  5.162445e-01 
  879.000  5.161980e-01 
  880.000  5.155876e-01 
  881.000  5.152143e-01 
  882.000  5.148556e-01 
  883.000  5.152205e-01 
  884.000  5.153692e-01 
  885.000  5.140932e-01 
  886.000  5.124950e-01 
  887.000  5.136734e-01 
  888.000  5.138074e-01 
  889.000  5.140315e-01 
  890.000  5.131682e-01 
  891.000  5.109859e-01 
  892.000  5.063860e-01 
  893.000  4.925241e-01 
  894.000  4.856142e-01 
  895.000  4.648911e-01 
  896.000  4.464606e-01 
  897.000  4.272266e-01 
  898.000  4.183116e-01 
  899.000  3.937772e-01 
  900.000  3.972120e-01 
  901.000  3.909301e-01 
  902.000  3.922028e-01 
  903.000  4.335850e-01 
  904.000  4.595012e-01 
  905.000  4.586353e-01 
  906.000  4.424228e-01 
  907.000  4.141945e-01 
  908.000  3.958945e-01 
  909.000  3.966169e-01 
  910.000  3.993376e-01 
  911.000  4.114585e-01 
  912.000  4.055922e-01 
  913.000  3.803915e-01 
  914.000  3.928131e-01 
  915.000  4.027312e-01 
  916.000  4.054750e-01 
  917.000  4.109528e-01 
  918.000  4.180436e-01 
  919.000  4.422767e-01 
  920.000  4.609283e-01 
  921.000  4.568812e-01 
  922.000  4.565534e-01 
  923.000  4.513662e-01 
  924.000  4.389557e-01 
  925.000  4.378069e-01 
  926.000  4.371764e-01 
  927.000  4.225577e-01 
  928.000  4.003973e-01 
  929.000  3.691177e-01 
  930.000  3.306168e-01 
  931.000  2.893436e-01 
  932.000  2.373795e-01 
  933.000  2.015835e-01 
  934.000  1.671960e-01 
  935.000  1.634683e-01 
  936.000  1.764179e-01 
  937.000  1.732967e-01 
  938.000  2.124794e-01 
  939.000  3.236752e-01 
  940.000  3.416129e-01 
  941.000  3.265393e-01 
  942.000  2.900705e-01 
  943.000  2.323503e-01 
  944.000  2.283179e-01 
  945.000  2.483145e-01 
  946.000  2.496403e-01 
  947.000  2.684609e-01 
  948.000  2.796547e-01 
  949.000  2.784367e-01 
  950.000  2.813885e-01 
  951.000  3.067813e-01 
  952.000  2.801201e-01 
  953.000  2.992217e-01 
  954.000  3.201732e-01 
  955.000  3.037101e-01 
  956.000  3.004713e-01 
  957.000  3.538934e-01 
  958.000  3.612717e-01 
  959.000  3.524504e-01 
  960.000  3.500223e-01 
  961.000  3.456587e-01 
  962.000  3.499242e-01 
  963.000  3.802321e-01 
  964.000  3.847563e-01 
  965.000  3.819806e-01 
  966.000  3.837969e-01 
  967.000  4.059924e-01 
  968.000  4.437964e-01 
  969.000  4.612393e-01 
  970.000  4.622460e-01 
  971.000  4.618502e-01 
  972.000  4.568895e-01 
  973.000  4.455148e-01 
  974.000  4.318037e-01 
  975.000  4.230684e-01 
  976.000  4.337719e-01 
  977.000  4.516344e-01 
  978.000  4.502427e-01 
  979.000  4.549742e-01 
  980.000  4.734778e-01 
  981.000  4.776457e-01 
  982.000  4.735743e-01 
  983.000  4.831798e-01 
  984.000  4.931101e-01 
  985.000  4.987858e-01 
  986.000  5.061269e-01 
  987.000  5.093309e-01 
  988.000  5.100785e-01 
  989.000  5.105582e-01 
  990.000  5.113417e-01 
  991.000  5.140836e-01 
  992.000  5.148634e-01 
  993.000  5.151557e-01 
  994.000  5.176299e-01 
  995.000  5.191000e-01 
  996.000  5.190833e-01 
  997.000  5.180398e-01 
  998.000  5.169799e-01 
  999.000  5.165195e-01 
 1000.000  5.168928e-01 
 1001.000  5.142707e-01 
 1002.000  5.100833e-01 
 1003.000  5.110760e-01 
 1004.000  5.134832e-01 
 1005.000  5.145838e-01 
 1006.000  5.149319e-01 
 1007.000  5.141293e-01 
 1008.000  5.107160e-01 
 1009.000  5.061615e-01 
 1010.000  5.081882e-01 
 1011.000  5.130301e-01 
 1012.000  5.148779e-01 
 1013.000  5.163314e-01 
 1014.000  5.169402e-01 
 1015.000  5.170543e-01 
 1016.000  5.177104e-01 
 1017.000  5.178794e-01 
 1018.000  5.172641e-01 
 1019.000  5.155754e-01 
 1020.000  5.161647e-01 
 1021.000  5.173787e-01 
 1022.000  5.153307e-01 
 1023.000  5.136182e-01 
 1024.000  5.125914e-01 
 1025.000  5.157200e-01 
 1026.000  5.170988e-01 
 1027.000  5.165065e-01 
 1028.000  5.169835e-01 
 1029.000  5.181733e-01 
 1030.000  5.194222e-01 
 1031.000  5.200517e-01 
 1032.000  5.205432e-01 
 1033.000  5.206954e-01 
 1034.000  5.209314e-01 
 1035.000  5.211219e-01 
 1036.000  5.210168e-01 
 1037.000  5.210478e-01 
 1038.000  5.211589e-01 
 1039.000  5.209425e-01 
 1040.000  5.207551e-01 
 1041.000  5.206068e-01 
 1042.000  5.205639e-01 
 1043.000  5.205569e-01 
 1044.000  5.204238e-01 
 1045.000  5.200122e-01 
 1046.000  5.197347e-01 
 1047.000  5.194049e-01 
 1048.000  5.189860e-01 
 1049.000  5.185905e-01 
 1050.000  5.181860e-01 
 1051.000  5.175879e-01 
 1052.000  5.172333e-01 
 1053.000  5.171199e-01 
 1054.000  5.165105e-01 
 1055.000  5.158895e-01 
 1056.000  5.153646e-01 
 1057.000  5.142191e-01 
 1058.000  5.120500e-01 
 1059.000  5.121254e-01 
 1060.000  5.130459e-01 
 1061.000  5.128165e-01 
 1062.000  5.114493e-01 
 1063.000  5.109173e-01 
 1064.000  5.097582e-01 
 1065.000  5.086082e-01 
 1066.000  5.084985e-01 
 1067.000  5.079964e-01 
 1068.000  5.054347e-01 
 1069.000  5.042693e-01 
 1070.000  5.047513e-01 
 1071.000  5.031661e-01 
 1072.000  5.015242e-01 
 1073.000  5.012634e-01 
 1074.000  5.015859e-01 
 1075.000  5.041786e-01 
 1076.000  5.026528e-01 
 1077.000  5.005836e-01 
 1078.000  4.981365e-01 
 1079.000  4.978580e-01 
 1080.000  4.912371e-01 
 1081.000  4.908965e-01 
 1082.000  4.938514e-01 
 1083.000  4.903486e-01 
 1084.000  4.865195e-01 
 1085.000  4.774013e-01 
 1086.000  4.795468e-01 
 1087.000  4.896210e-01 
 1088.000  4.900436e-01 
 1089.000  4.778023e-01 
 1090.000  4.755099e-01 
 1091.000  4.778246e-01 
 1092.000  4.717752e-01 
 1093.000  4.583504e-01 
 1094.000  4.525447e-01 
 1095.000  4.534626e-01 
 1096.000  4.542601e-01 
 1097.000  4.515501e-01 
 1098.000  4.195026e-01 
 1099.000  3.927332e-01 
 1100.000  3.944953e-01 
 1101.000  3.981151e-01 
 1102.000  3.962612e-01 
 1103.000  3.986114e-01 
 1104.000  3.941031e-01 
 1105.000  3.829397e-01 
 1106.000  3.718857e-01 
 1107.000  3.744508e-01 
 1108.000  3.762141e-01 
 1109.000  3.853441e-01 
 1110.000  3.837289e-01 
 1111.000  3.782370e-01 
 1112.000  3.549779e-01 
 1113.000  3.236206e-01 
 1114.000  3.144831e-01 
 1115.000  2.774523e-01 
 1116.000  2.554206e-01 
 1117.000  2.077741e-01 
 1118.000  1.666880e-01 
 1119.000  1.457762e-01 
 1120.000  1.217662e-01 
 1121.000  1.165527e-01 
 1122.000  9.425180e-02 
 1123.000  1.056290e-01 
 1124.000  1.135895e-01 
 1125.000  1.092477e-01 
 1126.000  1.076156e-01 
 1127.000  1.097157e-01 
 1128.000  1.137721e-01 
 1129.000  1.371338e-01 
 1130.000  1.963050e-01 
 1131.000  2.147427e-01 
 1132.000  1.894242e-01 
 1133.000  1.468093e-01 
 1134.000  7.981792e-02 
 1135.000  8.447699e-02 
 1136.000  1.533782e-01 
 1137.000  1.968593e-01 
 1138.000  2.429941e-01 
 1139.000  2.587885e-01 
 1140.000  2.496977e-01 
 1141.000  2.320178e-01 
 1142.000  2.256213e-01 
 1143.000  2.060584e-01 
 1144.000  1.849874e-01 
 1145.000  1.558708e-01 
 1146.000  1.626361e-01 
 1147.000  1.856498e-01 
 1148.000  2.069794e-01 
 1149.000  2.160831e-01 
 1150.000  2.172101e-01 
