  320.000  9.180205e-02 
  321.000  1.204430e-01 
  322.000  1.089653e-01 
  323.000  1.235599e-01 
  324.000  1.386524e-01 
  325.000  1.273650e-01 
  326.000  1.460203e-01 
  327.000  1.513432e-01 
  328.000  1.399100e-01 
  329.000  1.620597e-01 
  330.000  1.656473e-01 
  331.000  1.585686e-01 
  332.000  1.723084e-01 
  333.000  1.763702e-01 
  334.000  1.730334e-01 
  335.000  1.833062e-01 
  336.000  1.875104e-01 
  337.000  1.857356e-01 
  338.000  1.906814e-01 
  339.000  1.958210e-01 
  340.000  1.949740e-01 
  341.000  1.999929e-01 
  342.000  2.036842e-01 
  343.000  2.055448e-01 
  344.000  2.059255e-01 
  345.000  2.109703e-01 
  346.000  2.141717e-01 
  347.000  2.167909e-01 
  348.000  2.192515e-01 
  349.000  2.220237e-01 
  350.000  2.244002e-01 
  351.000  2.267733e-01 
  352.000  2.287246e-01 
  353.000  2.315065e-01 
  354.000  2.338812e-01 
  355.000  2.360962e-01 
  356.000  2.382594e-01 
  357.000  2.401887e-01 
  358.000  2.422686e-01 
  359.000  2.443507e-01 
  360.000  2.464874e-01 
  361.000  2.491930e-01 
  362.000  2.520176e-01 
  363.000  2.546257e-01 
  364.000  2.570314e-01 
  365.000  2.592927e-01 
  366.000  2.616097e-01 
  367.000  2.638201e-01 
  368.000  2.660147e-01 
  369.000  2.681945e-01 
  370.000  2.703557e-01 
  371.000  2.725039e-01 
  372.000  2.746382e-01 
  373.000  2.767581e-01 
  374.000  2.788475e-01 
  375.000  2.809000e-01 
  376.000  2.828859e-01 
  377.000  2.847658e-01 
  378.000  2.865144e-01 
  379.000  2.882935e-01 
  380.000  2.902531e-01 
  381.000  2.924873e-01 
  382.000  2.948065e-01 
  383.000  2.970033e-01 
  384.000  2.990904e-01 
  385.000  3.011044e-01 
  386.000  3.030695e-01 
  387.000  3.050054e-01 
  388.000  3.069192e-01 
  389.000  3.088196e-01 
  390.000  3.107071e-01 
  391.000  3.125776e-01 
  392.000  3.144364e-01 
  393.000  3.162820e-01 
  394.000  3.181126e-01 
  395.000  3.199266e-01 
  396.000  3.217309e-01 
  397.000  3.235162e-01 
  398.000  3.252870e-01 
  399.000  3.270447e-01 
  400.000  3.287798e-01 
  401.000  3.305100e-01 
  402.000  3.322281e-01 
  403.000  3.339331e-01 
  404.000  3.356247e-01 
  405.000  3.372993e-01 
  406.000  3.389644e-01 
  407.000  3.406180e-01 
  408.000  3.422586e-01 
  409.000  3.438846e-01 
  410.000  3.454966e-01 
  411.000  3.470941e-01 
  412.000  3.486759e-01 
  413.000  3.502499e-01 
  414.000  3.517121e-01 
  415.000  3.532953e-01 
  416.000  3.548598e-01 
  417.000  3.563994e-01 
  418.000  3.579049e-01 
  419.000  3.593949e-01 
  420.000  3.608727e-01 
  421.000  3.623428e-01 
  422.000  3.638049e-01 
  423.000  3.652572e-01 
  424.000  3.666935e-01 
  425.000  3.680978e-01 
  426.000  3.694896e-01 
  427.000  3.708700e-01 
  428.000  3.722268e-01 
  429.000  3.735656e-01 
  430.000  3.748897e-01 
  431.000  3.762048e-01 
  432.000  3.775071e-01 
  433.000  3.787978e-01 
  434.000  3.800785e-01 
  435.000  3.813475e-01 
  436.000  3.826031e-01 
  437.000  3.838458e-01 
  438.000  3.850751e-01 
  439.000  3.862956e-01 
  440.000  3.874972e-01 
  441.000  3.886843e-01 
  442.000  3.898533e-01 
  443.000  3.910052e-01 
  444.000  3.921397e-01 
  445.000  3.932504e-01 
  446.000  3.943308e-01 
  447.000  3.954645e-01 
  448.000  3.966807e-01 
  449.000  3.979124e-01 
  450.000  3.991211e-01 
  451.000  4.002833e-01 
  452.000  4.014053e-01 
  453.000  4.025050e-01 
  454.000  4.035854e-01 
  455.000  4.046035e-01 
  456.000  4.055399e-01 
  457.000  4.064769e-01 
  458.000  4.074018e-01 
  459.000  4.083074e-01 
  460.000  4.092061e-01 
  461.000  4.100958e-01 
  462.000  4.109688e-01 
  463.000  4.118384e-01 
  464.000  4.129710e-01 
  465.000  4.140871e-01 
  466.000  4.151842e-01 
  467.000  4.162564e-01 
  468.000  4.171301e-01 
  469.000  4.178829e-01 
  470.000  4.185753e-01 
  471.000  4.191989e-01 
  472.000  4.197285e-01 
  473.000  4.200998e-01 
  474.000  4.204047e-01 
  475.000  4.204831e-01 
  476.000  4.203321e-01 
  477.000  4.203290e-01 
  478.000  4.212114e-01 
  479.000  4.225554e-01 
  480.000  4.240068e-01 
  481.000  4.253097e-01 
  482.000  4.265324e-01 
  483.000  4.275958e-01 
  484.000  4.285101e-01 
  485.000  4.293281e-01 
  486.000  4.302008e-01 
  487.000  4.311199e-01 
  488.000  4.320097e-01 
  489.000  4.328835e-01 
  490.000  4.337473e-01 
  491.000  4.344239e-01 
  492.000  4.350426e-01 
  493.000  4.356583e-01 
  494.000  4.362568e-01 
  495.000  4.368554e-01 
  496.000  4.371639e-01 
  497.000  4.374608e-01 
  498.000  4.377533e-01 
  499.000  4.380301e-01 
  500.000  4.383025e-01 
  501.000  4.385447e-01 
  502.000  4.387870e-01 
  503.000  4.390262e-01 
  504.000  4.392545e-01 
  505.000  4.394703e-01 
  506.000  4.401025e-01 
  507.000  4.407532e-01 
  508.000  4.414031e-01 
  509.000  4.420457e-01 
  510.000  4.426748e-01 
  511.000  4.432389e-01 
  512.000  4.437837e-01 
  513.000  4.443255e-01 
  514.000  4.448608e-01 
  515.000  4.453914e-01 
  516.000  4.457705e-01 
  517.000  4.460136e-01 
  518.000  4.462500e-01 
  519.000  4.464819e-01 
  520.000  4.467117e-01 
  521.000  4.469175e-01 
  522.000  4.470659e-01 
  523.000  4.471730e-01 
  524.000  4.472836e-01 
  525.000  4.473708e-01 
  526.000  4.474931e-01 
  527.000  4.475128e-01 
  528.000  4.474909e-01 
  529.000  4.474678e-01 
  530.000  4.474499e-01 
  531.000  4.474351e-01 
  532.000  4.474682e-01 
  533.000  4.477665e-01 
  534.000  4.481432e-01 
  535.000  4.485685e-01 
  536.000  4.489797e-01 
  537.000  4.493559e-01 
  538.000  4.496923e-01 
  539.000  4.500041e-01 
  540.000  4.502966e-01 
  541.000  4.505806e-01 
  542.000  4.508522e-01 
  543.000  4.511142e-01 
  544.000  4.513124e-01 
  545.000  4.514584e-01 
  546.000  4.515976e-01 
  547.000  4.517408e-01 
  548.000  4.518768e-01 
  549.000  4.520108e-01 
  550.000  4.520757e-01 
  551.000  4.520723e-01 
  552.000  4.520715e-01 
  553.000  4.520566e-01 
  554.000  4.520352e-01 
  555.000  4.520101e-01 
  556.000  4.519590e-01 
  557.000  4.518631e-01 
  558.000  4.517595e-01 
  559.000  4.516438e-01 
  560.000  4.514990e-01 
  561.000  4.513273e-01 
  562.000  4.509749e-01 
  563.000  4.507641e-01 
  564.000  4.504870e-01 
  565.000  4.500667e-01 
  566.000  4.497800e-01 
  567.000  4.488623e-01 
  568.000  4.464290e-01 
  569.000  4.414684e-01 
  570.000  4.420646e-01 
  571.000  4.452912e-01 
  572.000  4.418291e-01 
  573.000  4.425364e-01 
  574.000  4.426260e-01 
  575.000  4.423305e-01 
  576.000  4.425007e-01 
  577.000  4.436612e-01 
  578.000  4.453892e-01 
  579.000  4.469611e-01 
  580.000  4.485078e-01 
  581.000  4.506166e-01 
  582.000  4.521258e-01 
  583.000  4.531692e-01 
  584.000  4.540342e-01 
  585.000  4.547693e-01 
  586.000  4.554299e-01 
  587.000  4.544410e-01 
  588.000  4.478730e-01 
  589.000  4.373451e-01 
  590.000  4.368927e-01 
  591.000  4.444547e-01 
  592.000  4.407437e-01 
  593.000  4.493354e-01 
  594.000  4.476619e-01 
  595.000  4.419306e-01 
  596.000  4.501407e-01 
  597.000  4.480367e-01 
  598.000  4.512213e-01 
  599.000  4.523691e-01 
  600.000  4.552219e-01 
  601.000  4.569651e-01 
  602.000  4.573854e-01 
  603.000  4.582775e-01 
  604.000  4.594761e-01 
  605.000  4.603467e-01 
  606.000  4.609796e-01 
  607.000  4.615912e-01 
  608.000  4.621740e-01 
  609.000  4.627314e-01 
  610.000  4.633082e-01 
  611.000  4.639491e-01 
  612.000  4.645769e-01 
  613.000  4.651853e-01 
  614.000  4.657760e-01 
  615.000  4.663652e-01 
  616.000  4.669330e-01 
  617.000  4.674694e-01 
  618.000  4.679191e-01 
  619.000  4.682997e-01 
  620.000  4.686521e-01 
  621.000  4.689549e-01 
  622.000  4.692080e-01 
  623.000  4.693774e-01 
  624.000  4.695575e-01 
  625.000  4.697078e-01 
  626.000  4.694452e-01 
  627.000  4.665008e-01 
  628.000  4.492875e-01 
  629.000  4.598455e-01 
  630.000  4.624240e-01 
  631.000  4.658715e-01 
  632.000  4.655231e-01 
  633.000  4.698454e-01 
  634.000  4.721577e-01 
  635.000  4.732853e-01 
  636.000  4.748852e-01 
  637.000  4.762156e-01 
  638.000  4.785168e-01 
  639.000  4.794634e-01 
  640.000  4.810726e-01 
  641.000  4.819512e-01 
  642.000  4.831434e-01 
  643.000  4.827791e-01 
  644.000  4.834015e-01 
  645.000  4.826625e-01 
  646.000  4.770218e-01 
  647.000  4.732380e-01 
  648.000  4.689474e-01 
  649.000  4.735612e-01 
  650.000  4.820335e-01 
  651.000  4.824342e-01 
  652.000  4.757270e-01 
  653.000  4.843087e-01 
  654.000  4.838103e-01 
  655.000  4.812263e-01 
  656.000  4.826701e-01 
  657.000  4.846756e-01 
  658.000  4.878753e-01 
  659.000  4.899102e-01 
  660.000  4.910258e-01 
  661.000  4.933909e-01 
  662.000  4.947362e-01 
  663.000  4.949207e-01 
  664.000  4.957081e-01 
  665.000  4.963693e-01 
  666.000  4.971767e-01 
  667.000  4.979103e-01 
  668.000  4.987426e-01 
  669.000  4.993520e-01 
  670.000  4.998969e-01 
  671.000  5.004682e-01 
  672.000  5.009836e-01 
  673.000  5.014903e-01 
  674.000  5.019927e-01 
  675.000  5.024959e-01 
  676.000  5.029687e-01 
  677.000  5.034035e-01 
  678.000  5.038394e-01 
  679.000  5.042010e-01 
  680.000  5.042416e-01 
  681.000  5.042145e-01 
  682.000  5.044708e-01 
  683.000  5.046573e-01 
  684.000  5.043925e-01 
  685.000  5.052119e-01 
  686.000  5.028968e-01 
  687.000  4.232324e-01 
  688.000  4.480431e-01 
  689.000  4.409904e-01 
  690.000  4.540068e-01 
  691.000  4.711759e-01 
  692.000  4.816482e-01 
  693.000  4.778832e-01 
  694.000  4.718969e-01 
  695.000  4.789467e-01 
  696.000  4.830535e-01 
  697.000  4.998698e-01 
  698.000  4.965414e-01 
  699.000  4.816786e-01 
  700.000  4.842468e-01 
  701.000  4.810051e-01 
  702.000  4.835480e-01 
  703.000  4.961790e-01 
  704.000  4.968189e-01 
  705.000  4.917296e-01 
  706.000  4.928222e-01 
  707.000  4.947576e-01 
  708.000  4.968446e-01 
  709.000  5.010316e-01 
  710.000  4.967395e-01 
  711.000  5.012828e-01 
  712.000  5.051669e-01 
  713.000  5.021853e-01 
  714.000  5.012262e-01 
  715.000  4.963265e-01 
  716.000  4.912229e-01 
  717.000  4.587817e-01 
  718.000  4.390175e-01 
  719.000  4.319688e-01 
  720.000  4.213674e-01 
  721.000  4.684760e-01 
  722.000  4.854725e-01 
  723.000  4.759662e-01 
  724.000  4.489861e-01 
  725.000  4.530153e-01 
  726.000  4.517969e-01 
  727.000  4.556593e-01 
  728.000  4.515403e-01 
  729.000  4.619245e-01 
  730.000  4.601761e-01 
  731.000  4.580559e-01 
  732.000  4.756116e-01 
  733.000  4.925399e-01 
  734.000  5.007488e-01 
  735.000  4.979116e-01 
  736.000  4.925809e-01 
  737.000  4.966599e-01 
  738.000  5.022613e-01 
  739.000  5.046944e-01 
  740.000  5.100586e-01 
  741.000  5.131745e-01 
  742.000  5.145020e-01 
  743.000  5.173841e-01 
  744.000  5.185515e-01 
  745.000  5.195709e-01 
  746.000  5.203865e-01 
  747.000  5.206318e-01 
  748.000  5.213795e-01 
  749.000  5.218259e-01 
  750.000  5.216036e-01 
  751.000  5.217860e-01 
  752.000  5.225653e-01 
  753.000  5.228979e-01 
  754.000  5.231647e-01 
  755.000  5.233461e-01 
  756.000  5.235350e-01 
  757.000  5.236663e-01 
  758.000  5.225335e-01 
  759.000  4.791379e-01 
  760.000  1.828250e-01 
  761.000  1.580802e-01 
  762.000  3.195279e-01 
  763.000  2.669668e-01 
  764.000  2.927736e-01 
  765.000  3.530560e-01 
  766.000  4.286419e-01 
  767.000  4.678749e-01 
  768.000  4.939111e-01 
  769.000  5.112597e-01 
  770.000  5.207184e-01 
  771.000  5.250906e-01 
  772.000  5.262076e-01 
  773.000  5.267062e-01 
  774.000  5.273675e-01 
  775.000  5.277851e-01 
  776.000  5.280843e-01 
  777.000  5.281762e-01 
  778.000  5.281717e-01 
  779.000  5.281556e-01 
  780.000  5.281364e-01 
  781.000  5.284786e-01 
  782.000  5.284491e-01 
  783.000  5.284306e-01 
  784.000  5.281757e-01 
  785.000  5.270132e-01 
  786.000  5.253711e-01 
  787.000  5.213395e-01 
  788.000  5.192315e-01 
  789.000  5.116696e-01 
  790.000  5.110369e-01 
  791.000  5.124857e-01 
  792.000  5.138284e-01 
  793.000  5.169343e-01 
  794.000  5.235076e-01 
  795.000  5.195183e-01 
  796.000  5.088918e-01 
  797.000  5.119487e-01 
  798.000  5.186943e-01 
  799.000  5.171760e-01 
  800.000  5.122968e-01 
  801.000  5.128968e-01 
  802.000  5.124196e-01 
  803.000  5.131530e-01 
  804.000  5.154735e-01 
  805.000  5.199057e-01 
  806.000  5.225615e-01 
  807.000  5.226957e-01 
  808.000  5.212153e-01 
  809.000  5.193920e-01 
  810.000  5.173915e-01 
  811.000  5.132768e-01 
  812.000  5.077392e-01 
  813.000  5.009679e-01 
  814.000  4.920552e-01 
  815.000  4.810009e-01 
  816.000  4.669226e-01 
  817.000  4.676996e-01 
  818.000  4.688545e-01 
  819.000  4.735155e-01 
  820.000  4.890921e-01 
  821.000  5.069752e-01 
  822.000  4.933866e-01 
  823.000  4.558516e-01 
  824.000  4.874745e-01 
  825.000  5.080405e-01 
  826.000  5.045561e-01 
  827.000  5.019662e-01 
  828.000  4.884559e-01 
  829.000  4.933275e-01 
  830.000  4.988015e-01 
  831.000  5.001041e-01 
  832.000  5.006974e-01 
  833.000  5.038719e-01 
  834.000  5.076132e-01 
  835.000  5.150295e-01 
  836.000  5.126669e-01 
  837.000  5.124344e-01 
  838.000  5.160527e-01 
  839.000  5.182576e-01 
  840.000  5.190669e-01 
  841.000  5.167062e-01 
  842.000  5.188522e-01 
  843.000  5.239362e-01 
  844.000  5.262535e-01 
  845.000  5.273408e-01 
  846.000  5.284839e-01 
  847.000  5.297430e-01 
  848.000  5.276992e-01 
  849.000  5.279747e-01 
  850.000  5.269709e-01 
  851.000  5.257729e-01 
  852.000  5.259060e-01 
  853.000  5.279189e-01 
  854.000  5.278239e-01 
  855.000  5.288426e-01 
  856.000  5.307425e-01 
  857.000  5.316929e-01 
  858.000  5.321255e-01 
  859.000  5.331321e-01 
  860.000  5.336974e-01 
  861.000  5.338002e-01 
  862.000  5.341394e-01 
  863.000  5.341920e-01 
  864.000  5.344279e-01 
  865.000  5.346224e-01 
  866.000  5.346811e-01 
  867.000  5.346565e-01 
  868.000  5.346950e-01 
  869.000  5.347661e-01 
  870.000  5.347296e-01 
  871.000  5.347973e-01 
  872.000  5.349495e-01 
  873.000  5.348154e-01 
  874.000  5.347468e-01 
  875.000  5.347376e-01 
  876.000  5.344970e-01 
  877.000  5.343791e-01 
  878.000  5.337420e-01 
  879.000  5.337043e-01 
  880.000  5.331738e-01 
  881.000  5.329273e-01 
  882.000  5.326202e-01 
  883.000  5.329462e-01 
  884.000  5.330833e-01 
  885.000  5.319690e-01 
  886.000  5.305610e-01 
  887.000  5.316153e-01 
  888.000  5.315500e-01 
  889.000  5.319500e-01 
  890.000  5.309890e-01 
  891.000  5.292907e-01 
  892.000  5.252711e-01 
  893.000  5.130848e-01 
  894.000  5.070174e-01 
  895.000  4.886391e-01 
  896.000  4.722348e-01 
  897.000  4.550319e-01 
  898.000  4.470267e-01 
  899.000  4.247020e-01 
  900.000  4.278838e-01 
  901.000  4.221278e-01 
  902.000  4.232452e-01 
  903.000  4.608476e-01 
  904.000  4.841087e-01 
  905.000  4.833025e-01 
  906.000  4.687633e-01 
  907.000  4.432583e-01 
  908.000  4.265953e-01 
  909.000  4.272842e-01 
  910.000  4.297839e-01 
  911.000  4.408432e-01 
  912.000  4.354967e-01 
  913.000  4.123904e-01 
  914.000  4.238022e-01 
  915.000  4.328558e-01 
  916.000  4.353380e-01 
  917.000  4.402988e-01 
  918.000  4.467154e-01 
  919.000  4.685878e-01 
  920.000  4.852723e-01 
  921.000  4.816306e-01 
  922.000  4.813330e-01 
  923.000  4.766923e-01 
  924.000  4.655575e-01 
  925.000  4.645860e-01 
  926.000  4.641741e-01 
  927.000  4.511169e-01 
  928.000  4.311797e-01 
  929.000  4.027284e-01 
  930.000  3.671543e-01 
  931.000  3.282483e-01 
  932.000  2.783619e-01 
  933.000  2.426444e-01 
  934.000  2.072092e-01 
  935.000  2.034050e-01 
  936.000  2.170817e-01 
  937.000  2.136957e-01 
  938.000  2.536300e-01 
  939.000  3.621056e-01 
  940.000  3.789264e-01 
  941.000  3.646053e-01 
  942.000  3.297291e-01 
  943.000  2.731682e-01 
  944.000  2.692190e-01 
  945.000  2.891838e-01 
  946.000  2.904025e-01 
  947.000  3.086994e-01 
  948.000  3.195058e-01 
  949.000  3.182112e-01 
  950.000  3.210193e-01 
  951.000  3.453653e-01 
  952.000  3.195761e-01 
  953.000  3.378522e-01 
  954.000  3.576729e-01 
  955.000  3.418532e-01 
  956.000  3.385195e-01 
  957.000  3.888373e-01 
  958.000  3.955636e-01 
  959.000  3.872263e-01 
  960.000  3.848673e-01 
  961.000  3.807164e-01 
  962.000  3.846344e-01 
  963.000  4.126942e-01 
  964.000  4.168027e-01 
  965.000  4.141786e-01 
  966.000  4.157801e-01 
  967.000  4.360534e-01 
  968.000  4.702211e-01 
  969.000  4.858109e-01 
  970.000  4.866813e-01 
  971.000  4.863211e-01 
  972.000  4.818943e-01 
  973.000  4.717008e-01 
  974.000  4.593445e-01 
  975.000  4.514371e-01 
  976.000  4.611206e-01 
  977.000  4.771926e-01 
  978.000  4.759153e-01 
  979.000  4.801249e-01 
  980.000  4.966355e-01 
  981.000  5.003241e-01 
  982.000  4.966716e-01 
  983.000  5.051922e-01 
  984.000  5.139800e-01 
  985.000  5.189872e-01 
  986.000  5.254545e-01 
  987.000  5.282669e-01 
  988.000  5.289181e-01 
  989.000  5.293359e-01 
  990.000  5.300241e-01 
  991.000  5.324359e-01 
  992.000  5.331231e-01 
  993.000  5.333819e-01 
  994.000  5.353788e-01 
  995.000  5.368657e-01 
  996.000  5.368541e-01 
  997.000  5.359391e-01 
  998.000  5.350010e-01 
  999.000  5.346003e-01 
 1000.000  5.349329e-01 
 1001.000  5.326302e-01 
 1002.000  5.289471e-01 
 1003.000  5.298252e-01 
 1004.000  5.319483e-01 
 1005.000  5.329202e-01 
 1006.000  5.332249e-01 
 1007.000  5.325224e-01 
 1008.000  5.295193e-01 
 1009.000  5.255053e-01 
 1010.000  5.272938e-01 
 1011.000  5.315591e-01 
 1012.000  5.331855e-01 
 1013.000  5.344619e-01 
 1014.000  5.349960e-01 
 1015.000  5.350944e-01 
 1016.000  5.354804e-01 
 1017.000  5.358300e-01 
 1018.000  5.350702e-01 
 1019.000  5.337921e-01 
 1020.000  5.343094e-01 
 1021.000  5.351755e-01 
 1022.000  5.335728e-01 
 1023.000  5.320624e-01 
 1024.000  5.311545e-01 
 1025.000  5.339049e-01 
 1026.000  5.349053e-01 
 1027.000  5.345862e-01 
 1028.000  5.349978e-01 
 1029.000  5.360470e-01 
 1030.000  5.371374e-01 
 1031.000  5.376839e-01 
 1032.000  5.381058e-01 
 1033.000  5.381584e-01 
 1034.000  5.384268e-01 
 1035.000  5.385712e-01 
 1036.000  5.384442e-01 
 1037.000  5.384408e-01 
 1038.000  5.385334e-01 
 1039.000  5.383367e-01 
 1040.000  5.381584e-01 
 1041.000  5.380164e-01 
 1042.000  5.379701e-01 
 1043.000  5.379519e-01 
 1044.000  5.378174e-01 
 1045.000  5.374362e-01 
 1046.000  5.371734e-01 
 1047.000  5.368554e-01 
 1048.000  5.364192e-01 
 1049.000  5.359845e-01 
 1050.000  5.355664e-01 
 1051.000  5.350621e-01 
 1052.000  5.346712e-01 
 1053.000  5.345348e-01 
 1054.000  5.340119e-01 
 1055.000  5.334328e-01 
 1056.000  5.329187e-01 
 1057.000  5.317888e-01 
 1058.000  5.298871e-01 
 1059.000  5.298258e-01 
 1060.000  5.306663e-01 
 1061.000  5.303652e-01 
 1062.000  5.291708e-01 
 1063.000  5.286213e-01 
 1064.000  5.275361e-01 
 1065.000  5.263333e-01 
 1066.000  5.264162e-01 
 1067.000  5.257803e-01 
 1068.000  5.237397e-01 
 1069.000  5.228571e-01 
 1070.000  5.233884e-01 
 1071.000  5.220852e-01 
 1072.000  5.207024e-01 
 1073.000  5.205420e-01 
 1074.000  5.208935e-01 
 1075.000  5.232475e-01 
 1076.000  5.219621e-01 
 1077.000  5.201916e-01 
 1078.000  5.180833e-01 
 1079.000  5.178907e-01 
 1080.000  5.120717e-01 
 1081.000  5.118096e-01 
 1082.000  5.144660e-01 
 1083.000  5.114083e-01 
 1084.000  5.080478e-01 
 1085.000  4.999686e-01 
 1086.000  5.019162e-01 
 1087.000  5.109070e-01 
 1088.000  5.113041e-01 
 1089.000  5.004537e-01 
 1090.000  4.984457e-01 
 1091.000  5.005425e-01 
 1092.000  4.951911e-01 
 1093.000  4.832117e-01 
 1094.000  4.780213e-01 
 1095.000  4.788758e-01 
 1096.000  4.796399e-01 
 1097.000  4.772604e-01 
 1098.000  4.483411e-01 
 1099.000  4.239387e-01 
 1100.000  4.255847e-01 
 1101.000  4.289379e-01 
 1102.000  4.273015e-01 
 1103.000  4.295089e-01 
 1104.000  4.254286e-01 
 1105.000  4.152266e-01 
 1106.000  4.050147e-01 
 1107.000  4.074928e-01 
 1108.000  4.092676e-01 
 1109.000  4.178898e-01 
 1110.000  4.166516e-01 
 1111.000  4.117153e-01 
 1112.000  3.902749e-01 
 1113.000  3.611827e-01 
 1114.000  3.530462e-01 
 1115.000  3.180237e-01 
 1116.000  2.967768e-01 
 1117.000  2.492912e-01 
 1118.000  2.072781e-01 
 1119.000  1.855419e-01 
 1120.000  1.596532e-01 
 1121.000  1.539922e-01 
 1122.000  1.287019e-01 
 1123.000  1.420299e-01 
 1124.000  1.512057e-01 
 1125.000  1.463010e-01 
 1126.000  1.443979e-01 
 1127.000  1.466576e-01 
 1128.000  1.510286e-01 
 1129.000  1.768198e-01 
 1130.000  2.399220e-01 
 1131.000  2.589569e-01 
 1132.000  2.328818e-01 
 1133.000  1.873460e-01 
 1134.000  1.114420e-01 
 1135.000  1.169071e-01 
 1136.000  1.941226e-01 
 1137.000  2.399315e-01 
 1138.000  2.865422e-01 
 1139.000  3.015869e-01 
 1140.000  2.925483e-01 
 1141.000  2.745749e-01 
 1142.000  2.681689e-01 
 1143.000  2.483558e-01 
 1144.000  2.265789e-01 
 1145.000  1.958936e-01 
 1146.000  2.030681e-01 
 1147.000  2.271961e-01 
 1148.000  2.491418e-01 
 1149.000  2.582639e-01 
 1150.000  2.590505e-01 
