  320.000  2.056447e-01 
  321.000  2.505102e-01 
  322.000  2.329248e-01 
  323.000  2.552054e-01 
  324.000  2.775013e-01 
  325.000  2.608936e-01 
  326.000  2.881424e-01 
  327.000  2.957388e-01 
  328.000  2.793282e-01 
  329.000  3.108153e-01 
  330.000  3.158009e-01 
  331.000  3.059346e-01 
  332.000  3.249805e-01 
  333.000  3.305305e-01 
  334.000  3.259737e-01 
  335.000  3.399275e-01 
  336.000  3.455761e-01 
  337.000  3.431958e-01 
  338.000  3.498137e-01 
  339.000  3.566415e-01 
  340.000  3.555196e-01 
  341.000  3.621477e-01 
  342.000  3.669934e-01 
  343.000  3.694268e-01 
  344.000  3.699240e-01 
  345.000  3.764885e-01 
  346.000  3.806321e-01 
  347.000  3.840096e-01 
  348.000  3.871724e-01 
  349.000  3.907241e-01 
  350.000  3.937592e-01 
  351.000  3.967812e-01 
  352.000  3.992597e-01 
  353.000  4.027831e-01 
  354.000  4.057817e-01 
  355.000  4.085712e-01 
  356.000  4.112884e-01 
  357.000  4.137061e-01 
  358.000  4.163067e-01 
  359.000  4.189039e-01 
  360.000  4.215630e-01 
  361.000  4.249210e-01 
  362.000  4.284162e-01 
  363.000  4.316338e-01 
  364.000  4.345939e-01 
  365.000  4.373693e-01 
  366.000  4.402063e-01 
  367.000  4.429064e-01 
  368.000  4.455811e-01 
  369.000  4.482317e-01 
  370.000  4.508539e-01 
  371.000  4.534547e-01 
  372.000  4.560331e-01 
  373.000  4.585887e-01 
  374.000  4.611023e-01 
  375.000  4.635666e-01 
  376.000  4.659462e-01 
  377.000  4.681945e-01 
  378.000  4.702822e-01 
  379.000  4.724028e-01 
  380.000  4.747343e-01 
  381.000  4.773873e-01 
  382.000  4.801354e-01 
  383.000  4.827331e-01 
  384.000  4.851962e-01 
  385.000  4.875685e-01 
  386.000  4.898790e-01 
  387.000  4.921513e-01 
  388.000  4.943937e-01 
  389.000  4.966166e-01 
  390.000  4.988208e-01 
  391.000  5.010014e-01 
  392.000  5.031649e-01 
  393.000  5.053097e-01 
  394.000  5.074337e-01 
  395.000  5.095350e-01 
  396.000  5.116219e-01 
  397.000  5.136836e-01 
  398.000  5.157256e-01 
  399.000  5.177494e-01 
  400.000  5.197443e-01 
  401.000  5.217307e-01 
  402.000  5.237005e-01 
  403.000  5.256524e-01 
  404.000  5.275863e-01 
  405.000  5.294982e-01 
  406.000  5.313966e-01 
  407.000  5.332794e-01 
  408.000  5.351449e-01 
  409.000  5.369915e-01 
  410.000  5.388198e-01 
  411.000  5.406293e-01 
  412.000  5.424188e-01 
  413.000  5.441973e-01 
  414.000  5.458475e-01 
  415.000  5.476322e-01 
  416.000  5.493935e-01 
  417.000  5.511249e-01 
  418.000  5.528159e-01 
  419.000  5.544876e-01 
  420.000  5.561437e-01 
  421.000  5.577893e-01 
  422.000  5.594242e-01 
  423.000  5.610464e-01 
  424.000  5.626490e-01 
  425.000  5.642142e-01 
  426.000  5.657638e-01 
  427.000  5.672992e-01 
  428.000  5.688068e-01 
  429.000  5.702929e-01 
  430.000  5.717614e-01 
  431.000  5.732184e-01 
  432.000  5.746598e-01 
  433.000  5.760871e-01 
  434.000  5.775020e-01 
  435.000  5.789027e-01 
  436.000  5.802873e-01 
  437.000  5.816565e-01 
  438.000  5.830098e-01 
  439.000  5.843523e-01 
  440.000  5.856727e-01 
  441.000  5.869761e-01 
  442.000  5.882586e-01 
  443.000  5.895214e-01 
  444.000  5.907640e-01 
  445.000  5.919796e-01 
  446.000  5.931612e-01 
  447.000  5.944001e-01 
  448.000  5.957280e-01 
  449.000  5.970719e-01 
  450.000  5.983895e-01 
  451.000  5.996554e-01 
  452.000  6.008765e-01 
  453.000  6.020725e-01 
  454.000  6.032465e-01 
  455.000  6.043522e-01 
  456.000  6.053684e-01 
  457.000  6.063846e-01 
  458.000  6.073870e-01 
  459.000  6.083680e-01 
  460.000  6.093409e-01 
  461.000  6.103034e-01 
  462.000  6.112474e-01 
  463.000  6.121871e-01 
  464.000  6.134102e-01 
  465.000  6.146147e-01 
  466.000  6.157977e-01 
  467.000  6.169531e-01 
  468.000  6.178940e-01 
  469.000  6.187042e-01 
  470.000  6.194491e-01 
  471.000  6.201196e-01 
  472.000  6.206890e-01 
  473.000  6.210880e-01 
  474.000  6.214156e-01 
  475.000  6.214997e-01 
  476.000  6.213375e-01 
  477.000  6.213342e-01 
  478.000  6.222820e-01 
  479.000  6.237243e-01 
  480.000  6.252807e-01 
  481.000  6.266766e-01 
  482.000  6.279853e-01 
  483.000  6.291228e-01 
  484.000  6.301003e-01 
  485.000  6.309742e-01 
  486.000  6.319061e-01 
  487.000  6.328869e-01 
  488.000  6.338360e-01 
  489.000  6.347675e-01 
  490.000  6.356878e-01 
  491.000  6.364083e-01 
  492.000  6.370669e-01 
  493.000  6.377221e-01 
  494.000  6.383587e-01 
  495.000  6.389952e-01 
  496.000  6.393231e-01 
  497.000  6.396386e-01 
  498.000  6.399494e-01 
  499.000  6.402435e-01 
  500.000  6.405329e-01 
  501.000  6.407901e-01 
  502.000  6.410473e-01 
  503.000  6.413013e-01 
  504.000  6.415436e-01 
  505.000  6.417727e-01 
  506.000  6.424435e-01 
  507.000  6.431338e-01 
  508.000  6.438228e-01 
  509.000  6.445039e-01 
  510.000  6.451703e-01 
  511.000  6.457677e-01 
  512.000  6.463446e-01 
  513.000  6.469180e-01 
  514.000  6.474842e-01 
  515.000  6.480454e-01 
  516.000  6.484463e-01 
  517.000  6.487033e-01 
  518.000  6.489531e-01 
  519.000  6.491983e-01 
  520.000  6.494411e-01 
  521.000  6.496585e-01 
  522.000  6.498153e-01 
  523.000  6.499284e-01 
  524.000  6.500452e-01 
  525.000  6.501373e-01 
  526.000  6.502665e-01 
  527.000  6.502873e-01 
  528.000  6.502642e-01 
  529.000  6.502398e-01 
  530.000  6.502208e-01 
  531.000  6.502053e-01 
  532.000  6.502402e-01 
  533.000  6.505552e-01 
  534.000  6.509530e-01 
  535.000  6.514019e-01 
  536.000  6.518358e-01 
  537.000  6.522327e-01 
  538.000  6.525876e-01 
  539.000  6.529164e-01 
  540.000  6.532248e-01 
  541.000  6.535242e-01 
  542.000  6.538104e-01 
  543.000  6.540866e-01 
  544.000  6.542953e-01 
  545.000  6.544492e-01 
  546.000  6.545959e-01 
  547.000  6.547468e-01 
  548.000  6.548900e-01 
  549.000  6.550310e-01 
  550.000  6.550995e-01 
  551.000  6.550959e-01 
  552.000  6.550950e-01 
  553.000  6.550794e-01 
  554.000  6.550568e-01 
  555.000  6.550303e-01 
  556.000  6.549765e-01 
  557.000  6.548756e-01 
  558.000  6.547664e-01 
  559.000  6.546446e-01 
  560.000  6.544921e-01 
  561.000  6.543114e-01 
  562.000  6.539677e-01 
  563.000  6.537478e-01 
  564.000  6.534626e-01 
  565.000  6.530392e-01 
  566.000  6.527242e-01 
  567.000  6.518438e-01 
  568.000  6.493956e-01 
  569.000  6.443864e-01 
  570.000  6.449471e-01 
  571.000  6.481392e-01 
  572.000  6.446408e-01 
  573.000  6.453075e-01 
  574.000  6.452944e-01 
  575.000  6.450582e-01 
  576.000  6.451610e-01 
  577.000  6.464742e-01 
  578.000  6.481865e-01 
  579.000  6.498097e-01 
  580.000  6.514481e-01 
  581.000  6.536987e-01 
  582.000  6.552935e-01 
  583.000  6.563640e-01 
  584.000  6.573325e-01 
  585.000  6.580830e-01 
  586.000  6.588296e-01 
  587.000  6.577722e-01 
  588.000  6.514291e-01 
  589.000  6.410224e-01 
  590.000  6.406000e-01 
  591.000  6.481442e-01 
  592.000  6.444780e-01 
  593.000  6.530160e-01 
  594.000  6.513823e-01 
  595.000  6.457157e-01 
  596.000  6.538294e-01 
  597.000  6.517213e-01 
  598.000  6.548415e-01 
  599.000  6.559448e-01 
  600.000  6.587270e-01 
  601.000  6.604465e-01 
  602.000  6.608393e-01 
  603.000  6.617740e-01 
  604.000  6.629520e-01 
  605.000  6.638166e-01 
  606.000  6.644670e-01 
  607.000  6.650960e-01 
  608.000  6.657041e-01 
  609.000  6.662862e-01 
  610.000  6.668895e-01 
  611.000  6.675598e-01 
  612.000  6.682162e-01 
  613.000  6.688521e-01 
  614.000  6.694692e-01 
  615.000  6.700845e-01 
  616.000  6.706774e-01 
  617.000  6.712372e-01 
  618.000  6.717066e-01 
  619.000  6.721036e-01 
  620.000  6.724711e-01 
  621.000  6.727868e-01 
  622.000  6.730508e-01 
  623.000  6.732273e-01 
  624.000  6.734152e-01 
  625.000  6.735723e-01 
  626.000  6.733702e-01 
  627.000  6.703975e-01 
  628.000  6.494040e-01 
  629.000  6.624632e-01 
  630.000  6.649501e-01 
  631.000  6.689945e-01 
  632.000  6.691673e-01 
  633.000  6.737939e-01 
  634.000  6.762886e-01 
  635.000  6.775235e-01 
  636.000  6.791438e-01 
  637.000  6.805251e-01 
  638.000  6.828849e-01 
  639.000  6.838917e-01 
  640.000  6.855244e-01 
  641.000  6.864070e-01 
  642.000  6.876323e-01 
  643.000  6.873558e-01 
  644.000  6.880158e-01 
  645.000  6.871873e-01 
  646.000  6.818245e-01 
  647.000  6.781798e-01 
  648.000  6.740225e-01 
  649.000  6.785805e-01 
  650.000  6.868751e-01 
  651.000  6.872971e-01 
  652.000  6.807903e-01 
  653.000  6.891823e-01 
  654.000  6.887273e-01 
  655.000  6.862467e-01 
  656.000  6.876828e-01 
  657.000  6.896576e-01 
  658.000  6.927896e-01 
  659.000  6.947894e-01 
  660.000  6.958203e-01 
  661.000  6.982889e-01 
  662.000  6.995835e-01 
  663.000  6.998367e-01 
  664.000  7.005851e-01 
  665.000  7.012973e-01 
  666.000  7.020990e-01 
  667.000  7.028142e-01 
  668.000  7.036157e-01 
  669.000  7.042246e-01 
  670.000  7.047775e-01 
  671.000  7.053528e-01 
  672.000  7.058796e-01 
  673.000  7.063983e-01 
  674.000  7.069129e-01 
  675.000  7.074278e-01 
  676.000  7.079130e-01 
  677.000  7.083587e-01 
  678.000  7.088050e-01 
  679.000  7.091865e-01 
  680.000  7.092888e-01 
  681.000  7.092861e-01 
  682.000  7.095941e-01 
  683.000  7.097803e-01 
  684.000  7.095395e-01 
  685.000  7.103125e-01 
  686.000  7.076359e-01 
  687.000  6.123593e-01 
  688.000  6.420923e-01 
  689.000  6.337303e-01 
  690.000  6.492156e-01 
  691.000  6.700006e-01 
  692.000  6.832781e-01 
  693.000  6.813982e-01 
  694.000  6.765699e-01 
  695.000  6.841029e-01 
  696.000  6.883960e-01 
  697.000  7.051868e-01 
  698.000  7.019342e-01 
  699.000  6.871815e-01 
  700.000  6.897680e-01 
  701.000  6.865420e-01 
  702.000  6.890863e-01 
  703.000  7.016420e-01 
  704.000  7.022761e-01 
  705.000  6.972300e-01 
  706.000  6.983163e-01 
  707.000  7.002384e-01 
  708.000  7.023073e-01 
  709.000  7.064515e-01 
  710.000  7.022139e-01 
  711.000  7.067122e-01 
  712.000  7.105517e-01 
  713.000  7.076263e-01 
  714.000  7.067038e-01 
  715.000  7.019038e-01 
  716.000  6.969373e-01 
  717.000  6.645213e-01 
  718.000  6.444933e-01 
  719.000  6.373229e-01 
  720.000  6.263041e-01 
  721.000  6.744584e-01 
  722.000  6.914681e-01 
  723.000  6.819694e-01 
  724.000  6.547125e-01 
  725.000  6.588570e-01 
  726.000  6.576038e-01 
  727.000  6.615210e-01 
  728.000  6.573129e-01 
  729.000  6.678343e-01 
  730.000  6.660220e-01 
  731.000  6.638255e-01 
  732.000  6.815198e-01 
  733.000  6.983644e-01 
  734.000  7.064551e-01 
  735.000  7.036353e-01 
  736.000  6.983454e-01 
  737.000  7.023836e-01 
  738.000  7.079173e-01 
  739.000  7.103105e-01 
  740.000  7.155812e-01 
  741.000  7.186344e-01 
  742.000  7.199322e-01 
  743.000  7.226553e-01 
  744.000  7.239833e-01 
  745.000  7.249853e-01 
  746.000  7.257479e-01 
  747.000  7.259901e-01 
  748.000  7.267537e-01 
  749.000  7.271665e-01 
  750.000  7.270038e-01 
  751.000  7.271890e-01 
  752.000  7.278877e-01 
  753.000  7.282019e-01 
  754.000  7.284594e-01 
  755.000  7.286431e-01 
  756.000  7.288333e-01 
  757.000  7.289661e-01 
  758.000  7.277474e-01 
  759.000  6.767126e-01 
  760.000  3.024126e-01 
  761.000  2.677837e-01 
  762.000  4.822384e-01 
  763.000  4.149494e-01 
  764.000  4.482075e-01 
  765.000  5.241236e-01 
  766.000  6.163767e-01 
  767.000  6.631689e-01 
  768.000  6.938533e-01 
  769.000  7.141400e-01 
  770.000  7.249293e-01 
  771.000  7.301298e-01 
  772.000  7.314098e-01 
  773.000  7.319909e-01 
  774.000  7.327201e-01 
  775.000  7.331407e-01 
  776.000  7.334393e-01 
  777.000  7.335428e-01 
  778.000  7.335571e-01 
  779.000  7.335579e-01 
  780.000  7.335547e-01 
  781.000  7.338634e-01 
  782.000  7.338512e-01 
  783.000  7.338485e-01 
  784.000  7.336422e-01 
  785.000  7.325053e-01 
  786.000  7.306814e-01 
  787.000  7.268119e-01 
  788.000  7.247344e-01 
  789.000  7.172360e-01 
  790.000  7.166143e-01 
  791.000  7.180594e-01 
  792.000  7.193931e-01 
  793.000  7.224740e-01 
  794.000  7.289826e-01 
  795.000  7.250391e-01 
  796.000  7.144845e-01 
  797.000  7.175312e-01 
  798.000  7.242302e-01 
  799.000  7.227253e-01 
  800.000  7.178822e-01 
  801.000  7.184812e-01 
  802.000  7.180084e-01 
  803.000  7.187378e-01 
  804.000  7.210397e-01 
  805.000  7.254335e-01 
  806.000  7.280598e-01 
  807.000  7.281935e-01 
  808.000  7.267334e-01 
  809.000  7.249356e-01 
  810.000  7.229667e-01 
  811.000  7.189012e-01 
  812.000  7.134235e-01 
  813.000  7.067008e-01 
  814.000  6.978124e-01 
  815.000  6.867418e-01 
  816.000  6.724484e-01 
  817.000  6.732841e-01 
  818.000  6.744708e-01 
  819.000  6.791883e-01 
  820.000  6.949342e-01 
  821.000  7.128692e-01 
  822.000  6.992582e-01 
  823.000  6.610608e-01 
  824.000  6.932869e-01 
  825.000  7.139062e-01 
  826.000  7.103814e-01 
  827.000  7.077934e-01 
  828.000  6.942300e-01 
  829.000  6.991403e-01 
  830.000  7.046273e-01 
  831.000  7.059183e-01 
  832.000  7.064750e-01 
  833.000  7.096345e-01 
  834.000  7.133480e-01 
  835.000  7.207049e-01 
  836.000  7.183465e-01 
  837.000  7.181004e-01 
  838.000  7.216914e-01 
  839.000  7.238712e-01 
  840.000  7.246720e-01 
  841.000  7.223285e-01 
  842.000  7.244542e-01 
  843.000  7.294836e-01 
  844.000  7.317672e-01 
  845.000  7.328387e-01 
  846.000  7.339646e-01 
  847.000  7.350980e-01 
  848.000  7.331933e-01 
  849.000  7.334676e-01 
  850.000  7.324802e-01 
  851.000  7.312995e-01 
  852.000  7.314322e-01 
  853.000  7.334190e-01 
  854.000  7.333239e-01 
  855.000  7.343280e-01 
  856.000  7.363129e-01 
  857.000  7.371829e-01 
  858.000  7.376649e-01 
  859.000  7.386640e-01 
  860.000  7.391865e-01 
  861.000  7.392830e-01 
  862.000  7.395828e-01 
  863.000  7.396361e-01 
  864.000  7.398469e-01 
  865.000  7.400222e-01 
  866.000  7.400807e-01 
  867.000  7.400669e-01 
  868.000  7.401078e-01 
  869.000  7.401769e-01 
  870.000  7.401528e-01 
  871.000  7.402188e-01 
  872.000  7.403581e-01 
  873.000  7.402495e-01 
  874.000  7.401975e-01 
  875.000  7.401969e-01 
  876.000  7.399960e-01 
  877.000  7.399012e-01 
  878.000  7.392733e-01 
  879.000  7.392433e-01 
  880.000  7.387102e-01 
  881.000  7.384006e-01 
  882.000  7.381465e-01 
  883.000  7.384238e-01 
  884.000  7.385598e-01 
  885.000  7.374452e-01 
  886.000  7.358945e-01 
  887.000  7.371471e-01 
  888.000  7.370876e-01 
  889.000  7.374467e-01 
  890.000  7.365634e-01 
  891.000  7.347724e-01 
  892.000  7.307957e-01 
  893.000  7.186422e-01 
  894.000  7.125998e-01 
  895.000  6.940234e-01 
  896.000  6.773493e-01 
  897.000  6.597329e-01 
  898.000  6.514815e-01 
  899.000  6.279939e-01 
  900.000  6.314270e-01 
  901.000  6.252973e-01 
  902.000  6.263952e-01 
  903.000  6.658471e-01 
  904.000  6.897776e-01 
  905.000  6.888928e-01 
  906.000  6.739432e-01 
  907.000  6.474106e-01 
  908.000  6.298611e-01 
  909.000  6.306321e-01 
  910.000  6.332943e-01 
  911.000  6.449674e-01 
  912.000  6.393241e-01 
  913.000  6.147249e-01 
  914.000  6.269023e-01 
  915.000  6.364636e-01 
  916.000  6.390427e-01 
  917.000  6.442130e-01 
  918.000  6.508947e-01 
  919.000  6.735960e-01 
  920.000  6.906642e-01 
  921.000  6.868927e-01 
  922.000  6.865720e-01 
  923.000  6.818119e-01 
  924.000  6.703504e-01 
  925.000  6.694382e-01 
  926.000  6.692585e-01 
  927.000  6.559280e-01 
  928.000  6.353506e-01 
  929.000  6.054906e-01 
  930.000  5.672415e-01 
  931.000  5.240981e-01 
  932.000  4.672732e-01 
  933.000  4.240728e-01 
  934.000  3.790008e-01 
  935.000  3.742427e-01 
  936.000  3.922993e-01 
  937.000  3.876341e-01 
  938.000  4.375198e-01 
  939.000  5.642031e-01 
  940.000  5.826449e-01 
  941.000  5.666022e-01 
  942.000  5.271251e-01 
  943.000  4.605760e-01 
  944.000  4.559391e-01 
  945.000  4.801205e-01 
  946.000  4.813964e-01 
  947.000  5.026469e-01 
  948.000  5.150640e-01 
  949.000  5.133559e-01 
  950.000  5.165076e-01 
  951.000  5.441983e-01 
  952.000  5.144422e-01 
  953.000  5.351703e-01 
  954.000  5.572578e-01 
  955.000  5.391795e-01 
  956.000  5.349708e-01 
  957.000  5.907266e-01 
  958.000  5.977940e-01 
  959.000  5.885003e-01 
  960.000  5.857574e-01 
  961.000  5.810803e-01 
  962.000  5.852498e-01 
  963.000  6.155341e-01 
  964.000  6.198296e-01 
  965.000  6.169007e-01 
  966.000  6.184907e-01 
  967.000  6.399147e-01 
  968.000  6.754308e-01 
  969.000  6.913495e-01 
  970.000  6.921866e-01 
  971.000  6.918043e-01 
  972.000  6.872900e-01 
  973.000  6.768301e-01 
  974.000  6.640385e-01 
  975.000  6.557935e-01 
  976.000  6.658731e-01 
  977.000  6.824605e-01 
  978.000  6.810970e-01 
  979.000  6.853610e-01 
  980.000  7.021788e-01 
  981.000  7.058837e-01 
  982.000  7.021263e-01 
  983.000  7.107223e-01 
  984.000  7.195555e-01 
  985.000  7.245619e-01 
  986.000  7.310154e-01 
  987.000  7.338026e-01 
  988.000  7.344361e-01 
  989.000  7.348409e-01 
  990.000  7.355204e-01 
  991.000  7.379183e-01 
  992.000  7.386001e-01 
  993.000  7.388557e-01 
  994.000  7.409437e-01 
  995.000  7.424231e-01 
  996.000  7.424132e-01 
  997.000  7.414500e-01 
  998.000  7.403757e-01 
  999.000  7.399703e-01 
 1000.000  7.403097e-01 
 1001.000  7.381117e-01 
 1002.000  7.344388e-01 
 1003.000  7.353163e-01 
 1004.000  7.374354e-01 
 1005.000  7.384052e-01 
 1006.000  7.387093e-01 
 1007.000  7.380112e-01 
 1008.000  7.350157e-01 
 1009.000  7.310043e-01 
 1010.000  7.327926e-01 
 1011.000  7.370503e-01 
 1012.000  7.386703e-01 
 1013.000  7.399396e-01 
 1014.000  7.403730e-01 
 1015.000  7.404717e-01 
 1016.000  7.410554e-01 
 1017.000  7.413950e-01 
 1018.000  7.406569e-01 
 1019.000  7.392688e-01 
 1020.000  7.397846e-01 
 1021.000  7.407603e-01 
 1022.000  7.390523e-01 
 1023.000  7.375464e-01 
 1024.000  7.366406e-01 
 1025.000  7.393816e-01 
 1026.000  7.404917e-01 
 1027.000  7.399570e-01 
 1028.000  7.403736e-01 
 1029.000  7.415544e-01 
 1030.000  7.426435e-01 
 1031.000  7.431934e-01 
 1032.000  7.436149e-01 
 1033.000  7.437260e-01 
 1034.000  7.439750e-01 
 1035.000  7.440784e-01 
 1036.000  7.439311e-01 
 1037.000  7.438969e-01 
 1038.000  7.439730e-01 
 1039.000  7.437934e-01 
 1040.000  7.436226e-01 
 1041.000  7.434859e-01 
 1042.000  7.434362e-01 
 1043.000  7.434078e-01 
 1044.000  7.432714e-01 
 1045.000  7.429160e-01 
 1046.000  7.426655e-01 
 1047.000  7.423568e-01 
 1048.000  7.419030e-01 
 1049.000  7.414113e-01 
 1050.000  7.410186e-01 
 1051.000  7.405353e-01 
 1052.000  7.401514e-01 
 1053.000  7.400224e-01 
 1054.000  7.394734e-01 
 1055.000  7.389427e-01 
 1056.000  7.384320e-01 
 1057.000  7.373089e-01 
 1058.000  7.353392e-01 
 1059.000  7.353420e-01 
 1060.000  7.361631e-01 
 1061.000  7.358599e-01 
 1062.000  7.345778e-01 
 1063.000  7.339669e-01 
 1064.000  7.328314e-01 
 1065.000  7.316604e-01 
 1066.000  7.317365e-01 
 1067.000  7.310472e-01 
 1068.000  7.289022e-01 
 1069.000  7.281199e-01 
 1070.000  7.287122e-01 
 1071.000  7.274512e-01 
 1072.000  7.260823e-01 
 1073.000  7.259436e-01 
 1074.000  7.263125e-01 
 1075.000  7.286956e-01 
 1076.000  7.274236e-01 
 1077.000  7.256609e-01 
 1078.000  7.235578e-01 
 1079.000  7.233806e-01 
 1080.000  7.175294e-01 
 1081.000  7.172750e-01 
 1082.000  7.199681e-01 
 1083.000  7.169054e-01 
 1084.000  7.135245e-01 
 1085.000  7.053372e-01 
 1086.000  7.073365e-01 
 1087.000  7.164704e-01 
 1088.000  7.168733e-01 
 1089.000  7.058985e-01 
 1090.000  7.038798e-01 
 1091.000  7.060385e-01 
 1092.000  7.006239e-01 
 1093.000  6.883950e-01 
 1094.000  6.830707e-01 
 1095.000  6.839813e-01 
 1096.000  6.848292e-01 
 1097.000  6.824435e-01 
 1098.000  6.524377e-01 
 1099.000  6.267036e-01 
 1100.000  6.284900e-01 
 1101.000  6.321003e-01 
 1102.000  6.304443e-01 
 1103.000  6.328698e-01 
 1104.000  6.286161e-01 
 1105.000  6.178159e-01 
 1106.000  6.068236e-01 
 1107.000  6.096584e-01 
 1108.000  6.117998e-01 
 1109.000  6.213741e-01 
 1110.000  6.204609e-01 
 1111.000  6.153821e-01 
 1112.000  5.924382e-01 
 1113.000  5.610250e-01 
 1114.000  5.528723e-01 
 1115.000  5.139825e-01 
 1116.000  4.896719e-01 
 1117.000  4.324539e-01 
 1118.000  3.798049e-01 
 1119.000  3.519496e-01 
 1120.000  3.168176e-01 
 1121.000  3.090679e-01 
 1122.000  2.719527e-01 
 1123.000  2.924994e-01 
 1124.000  3.062690e-01 
 1125.000  2.991194e-01 
 1126.000  2.962061e-01 
 1127.000  2.992220e-01 
 1128.000  3.050940e-01 
 1129.000  3.413441e-01 
 1130.000  4.253685e-01 
 1131.000  4.494291e-01 
 1132.000  4.166051e-01 
 1133.000  3.558155e-01 
 1134.000  2.443752e-01 
 1135.000  2.528487e-01 
 1136.000  3.643511e-01 
 1137.000  4.242573e-01 
 1138.000  4.813125e-01 
 1139.000  4.980335e-01 
 1140.000  4.872202e-01 
 1141.000  4.649552e-01 
 1142.000  4.572074e-01 
 1143.000  4.328016e-01 
 1144.000  4.050883e-01 
 1145.000  3.648182e-01 
 1146.000  3.743368e-01 
 1147.000  4.057596e-01 
 1148.000  4.335012e-01 
 1149.000  4.445573e-01 
 1150.000  4.448362e-01 
