  320.000  1.121728e-01 
  321.000  1.443574e-01 
  322.000  1.315333e-01 
  323.000  1.478247e-01 
  324.000  1.645287e-01 
  325.000  1.520491e-01 
  326.000  1.726355e-01 
  327.000  1.784740e-01 
  328.000  1.659144e-01 
  329.000  1.901851e-01 
  330.000  1.940932e-01 
  331.000  1.863762e-01 
  332.000  2.013334e-01 
  333.000  2.057387e-01 
  334.000  2.021203e-01 
  335.000  2.132445e-01 
  336.000  2.177842e-01 
  337.000  2.158687e-01 
  338.000  2.212035e-01 
  339.000  2.267371e-01 
  340.000  2.258258e-01 
  341.000  2.312211e-01 
  342.000  2.351830e-01 
  343.000  2.371780e-01 
  344.000  2.375861e-01 
  345.000  2.429884e-01 
  346.000  2.464119e-01 
  347.000  2.492101e-01 
  348.000  2.518367e-01 
  349.000  2.547933e-01 
  350.000  2.573259e-01 
  351.000  2.598529e-01 
  352.000  2.619295e-01 
  353.000  2.648876e-01 
  354.000  2.674107e-01 
  355.000  2.697627e-01 
  356.000  2.720580e-01 
  357.000  2.741038e-01 
  358.000  2.763081e-01 
  359.000  2.785134e-01 
  360.000  2.807751e-01 
  361.000  2.836370e-01 
  362.000  2.866225e-01 
  363.000  2.893770e-01 
  364.000  2.919159e-01 
  365.000  2.943010e-01 
  366.000  2.967432e-01 
  367.000  2.990717e-01 
  368.000  3.013821e-01 
  369.000  3.036756e-01 
  370.000  3.059482e-01 
  371.000  3.082059e-01 
  372.000  3.104477e-01 
  373.000  3.126732e-01 
  374.000  3.148654e-01 
  375.000  3.170179e-01 
  376.000  3.190994e-01 
  377.000  3.210689e-01 
  378.000  3.228999e-01 
  379.000  3.247621e-01 
  380.000  3.268122e-01 
  381.000  3.291485e-01 
  382.000  3.315724e-01 
  383.000  3.338670e-01 
  384.000  3.360460e-01 
  385.000  3.381476e-01 
  386.000  3.401971e-01 
  387.000  3.422154e-01 
  388.000  3.442097e-01 
  389.000  3.461891e-01 
  390.000  3.481543e-01 
  391.000  3.501009e-01 
  392.000  3.520345e-01 
  393.000  3.539537e-01 
  394.000  3.558564e-01 
  395.000  3.577411e-01 
  396.000  3.596150e-01 
  397.000  3.614684e-01 
  398.000  3.633060e-01 
  399.000  3.651293e-01 
  400.000  3.669285e-01 
  401.000  3.687220e-01 
  402.000  3.705022e-01 
  403.000  3.722683e-01 
  404.000  3.740197e-01 
  405.000  3.757530e-01 
  406.000  3.774759e-01 
  407.000  3.791862e-01 
  408.000  3.808826e-01 
  409.000  3.825633e-01 
  410.000  3.842289e-01 
  411.000  3.858790e-01 
  412.000  3.875123e-01 
  413.000  3.891371e-01 
  414.000  3.906461e-01 
  415.000  3.922794e-01 
  416.000  3.938928e-01 
  417.000  3.954801e-01 
  418.000  3.970318e-01 
  419.000  3.985671e-01 
  420.000  4.000893e-01 
  421.000  4.016031e-01 
  422.000  4.031083e-01 
  423.000  4.046030e-01 
  424.000  4.060808e-01 
  425.000  4.075253e-01 
  426.000  4.089564e-01 
  427.000  4.103756e-01 
  428.000  4.117701e-01 
  429.000  4.131458e-01 
  430.000  4.145060e-01 
  431.000  4.158566e-01 
  432.000  4.171937e-01 
  433.000  4.185186e-01 
  434.000  4.198329e-01 
  435.000  4.211349e-01 
  436.000  4.224228e-01 
  437.000  4.236972e-01 
  438.000  4.249576e-01 
  439.000  4.262088e-01 
  440.000  4.274402e-01 
  441.000  4.286565e-01 
  442.000  4.298540e-01 
  443.000  4.310338e-01 
  444.000  4.321954e-01 
  445.000  4.333325e-01 
  446.000  4.344383e-01 
  447.000  4.355985e-01 
  448.000  4.368428e-01 
  449.000  4.381028e-01 
  450.000  4.393389e-01 
  451.000  4.405272e-01 
  452.000  4.416742e-01 
  453.000  4.427981e-01 
  454.000  4.439021e-01 
  455.000  4.449423e-01 
  456.000  4.458988e-01 
  457.000  4.468558e-01 
  458.000  4.478002e-01 
  459.000  4.487248e-01 
  460.000  4.496423e-01 
  461.000  4.505503e-01 
  462.000  4.514413e-01 
  463.000  4.523286e-01 
  464.000  4.534841e-01 
  465.000  4.546226e-01 
  466.000  4.557413e-01 
  467.000  4.568345e-01 
  468.000  4.577253e-01 
  469.000  4.584925e-01 
  470.000  4.591983e-01 
  471.000  4.598337e-01 
  472.000  4.603734e-01 
  473.000  4.607517e-01 
  474.000  4.610624e-01 
  475.000  4.611422e-01 
  476.000  4.609884e-01 
  477.000  4.609852e-01 
  478.000  4.618842e-01 
  479.000  4.632531e-01 
  480.000  4.647311e-01 
  481.000  4.660575e-01 
  482.000  4.673020e-01 
  483.000  4.683842e-01 
  484.000  4.693146e-01 
  485.000  4.701468e-01 
  486.000  4.710345e-01 
  487.000  4.719692e-01 
  488.000  4.728741e-01 
  489.000  4.737625e-01 
  490.000  4.746406e-01 
  491.000  4.753284e-01 
  492.000  4.759572e-01 
  493.000  4.765830e-01 
  494.000  4.771912e-01 
  495.000  4.777994e-01 
  496.000  4.781128e-01 
  497.000  4.784144e-01 
  498.000  4.787116e-01 
  499.000  4.789928e-01 
  500.000  4.792695e-01 
  501.000  4.795156e-01 
  502.000  4.797616e-01 
  503.000  4.800046e-01 
  504.000  4.802365e-01 
  505.000  4.804556e-01 
  506.000  4.810977e-01 
  507.000  4.817584e-01 
  508.000  4.824183e-01 
  509.000  4.830707e-01 
  510.000  4.837092e-01 
  511.000  4.842818e-01 
  512.000  4.848348e-01 
  513.000  4.853847e-01 
  514.000  4.859278e-01 
  515.000  4.864662e-01 
  516.000  4.868509e-01 
  517.000  4.870975e-01 
  518.000  4.873373e-01 
  519.000  4.875726e-01 
  520.000  4.878057e-01 
  521.000  4.880144e-01 
  522.000  4.881650e-01 
  523.000  4.882736e-01 
  524.000  4.883858e-01 
  525.000  4.884742e-01 
  526.000  4.885983e-01 
  527.000  4.886183e-01 
  528.000  4.885961e-01 
  529.000  4.885727e-01 
  530.000  4.885544e-01 
  531.000  4.885395e-01 
  532.000  4.885730e-01 
  533.000  4.888756e-01 
  534.000  4.892577e-01 
  535.000  4.896890e-01 
  536.000  4.901060e-01 
  537.000  4.904875e-01 
  538.000  4.908286e-01 
  539.000  4.911447e-01 
  540.000  4.914413e-01 
  541.000  4.917292e-01 
  542.000  4.920045e-01 
  543.000  4.922701e-01 
  544.000  4.924710e-01 
  545.000  4.926190e-01 
  546.000  4.927602e-01 
  547.000  4.929053e-01 
  548.000  4.930432e-01 
  549.000  4.931789e-01 
  550.000  4.932447e-01 
  551.000  4.932413e-01 
  552.000  4.932405e-01 
  553.000  4.932254e-01 
  554.000  4.932037e-01 
  555.000  4.931782e-01 
  556.000  4.931265e-01 
  557.000  4.930293e-01 
  558.000  4.929243e-01 
  559.000  4.928071e-01 
  560.000  4.926607e-01 
  561.000  4.924878e-01 
  562.000  4.922945e-01 
  563.000  4.920948e-01 
  564.000  4.918546e-01 
  565.000  4.915453e-01 
  566.000  4.911783e-01 
  567.000  4.907670e-01 
  568.000  4.902588e-01 
  569.000  4.897990e-01 
  570.000  4.893313e-01 
  571.000  4.887985e-01 
  572.000  4.882675e-01 
  573.000  4.877290e-01 
  574.000  4.873143e-01 
  575.000  4.870687e-01 
  576.000  4.872195e-01 
  577.000  4.875319e-01 
  578.000  4.880708e-01 
  579.000  4.891025e-01 
  580.000  4.907284e-01 
  581.000  4.925769e-01 
  582.000  4.941356e-01 
  583.000  4.954857e-01 
  584.000  4.966331e-01 
  585.000  4.976548e-01 
  586.000  4.985532e-01 
  587.000  4.993700e-01 
  588.000  5.001155e-01 
  589.000  5.006115e-01 
  590.000  5.010107e-01 
  591.000  5.013844e-01 
  592.000  5.017292e-01 
  593.000  5.020489e-01 
  594.000  5.023521e-01 
  595.000  5.026404e-01 
  596.000  5.024541e-01 
  597.000  5.021161e-01 
  598.000  5.017763e-01 
  599.000  5.014359e-01 
  600.000  5.010832e-01 
  601.000  5.007316e-01 
  602.000  5.003824e-01 
  603.000  5.005910e-01 
  604.000  5.011932e-01 
  605.000  5.017890e-01 
  606.000  5.023539e-01 
  607.000  5.029041e-01 
  608.000  5.034813e-01 
  609.000  5.040372e-01 
  610.000  5.046200e-01 
  611.000  5.052683e-01 
  612.000  5.059032e-01 
  613.000  5.065187e-01 
  614.000  5.071160e-01 
  615.000  5.077119e-01 
  616.000  5.082861e-01 
  617.000  5.088285e-01 
  618.000  5.092833e-01 
  619.000  5.096681e-01 
  620.000  5.100244e-01 
  621.000  5.103305e-01 
  622.000  5.105864e-01 
  623.000  5.107576e-01 
  624.000  5.109405e-01 
  625.000  5.110947e-01 
  626.000  5.112603e-01 
  627.000  5.106384e-01 
  628.000  4.920455e-01 
  629.000  5.049418e-01 
  630.000  5.050724e-01 
  631.000  5.084835e-01 
  632.000  5.114703e-01 
  633.000  5.136632e-01 
  634.000  5.156910e-01 
  635.000  5.173553e-01 
  636.000  5.187552e-01 
  637.000  5.200793e-01 
  638.000  5.212973e-01 
  639.000  5.224728e-01 
  640.000  5.235999e-01 
  641.000  5.247037e-01 
  642.000  5.255840e-01 
  643.000  5.264000e-01 
  644.000  5.271717e-01 
  645.000  5.279073e-01 
  646.000  5.286188e-01 
  647.000  5.293002e-01 
  648.000  5.299584e-01 
  649.000  5.305998e-01 
  650.000  5.311825e-01 
  651.000  5.317291e-01 
  652.000  5.322722e-01 
  653.000  5.328106e-01 
  654.000  5.333458e-01 
  655.000  5.338784e-01 
  656.000  5.344077e-01 
  657.000  5.348973e-01 
  658.000  5.354084e-01 
  659.000  5.359275e-01 
  660.000  5.364559e-01 
  661.000  5.369843e-01 
  662.000  5.375130e-01 
  663.000  5.380245e-01 
  664.000  5.385340e-01 
  665.000  5.390415e-01 
  666.000  5.395471e-01 
  667.000  5.400566e-01 
  668.000  5.405759e-01 
  669.000  5.410932e-01 
  670.000  5.416086e-01 
  671.000  5.421221e-01 
  672.000  5.426338e-01 
  673.000  5.431435e-01 
  674.000  5.436513e-01 
  675.000  5.441574e-01 
  676.000  5.446425e-01 
  677.000  5.450863e-01 
  678.000  5.455283e-01 
  679.000  5.459686e-01 
  680.000  5.464071e-01 
  681.000  5.468439e-01 
  682.000  5.472790e-01 
  683.000  5.477124e-01 
  684.000  5.481441e-01 
  685.000  5.485606e-01 
  686.000  5.463268e-01 
  687.000  4.623486e-01 
  688.000  4.878638e-01 
  689.000  4.812746e-01 
  690.000  4.945327e-01 
  691.000  5.144527e-01 
  692.000  5.302190e-01 
  693.000  5.407012e-01 
  694.000  5.472296e-01 
  695.000  5.501179e-01 
  696.000  5.515447e-01 
  697.000  5.525464e-01 
  698.000  5.530800e-01 
  699.000  5.534464e-01 
  700.000  5.537620e-01 
  701.000  5.540612e-01 
  702.000  5.543590e-01 
  703.000  5.546554e-01 
  704.000  5.549505e-01 
  705.000  5.552042e-01 
  706.000  5.554450e-01 
  707.000  5.556846e-01 
  708.000  5.559230e-01 
  709.000  5.561603e-01 
  710.000  5.563962e-01 
  711.000  5.566311e-01 
  712.000  5.568647e-01 
  713.000  5.570973e-01 
  714.000  5.573286e-01 
  715.000  5.575926e-01 
  716.000  5.578688e-01 
  717.000  5.581439e-01 
  718.000  5.584177e-01 
  719.000  5.586904e-01 
  720.000  5.589619e-01 
  721.000  5.592321e-01 
  722.000  5.595012e-01 
  723.000  5.597690e-01 
  724.000  5.600358e-01 
  725.000  5.602712e-01 
  726.000  5.604525e-01 
  727.000  5.606328e-01 
  728.000  5.608122e-01 
  729.000  5.609906e-01 
  730.000  5.611680e-01 
  731.000  5.613444e-01 
  732.000  5.615200e-01 
  733.000  5.616946e-01 
  734.000  5.618682e-01 
  735.000  5.620409e-01 
  736.000  5.621831e-01 
  737.000  5.623120e-01 
  738.000  5.624401e-01 
  739.000  5.625674e-01 
  740.000  5.626939e-01 
  741.000  5.628196e-01 
  742.000  5.629445e-01 
  743.000  5.630686e-01 
  744.000  5.631920e-01 
  745.000  5.633146e-01 
  746.000  5.634364e-01 
  747.000  5.636087e-01 
  748.000  5.637990e-01 
  749.000  5.639883e-01 
  750.000  5.641768e-01 
  751.000  5.643644e-01 
  752.000  5.645511e-01 
  753.000  5.647369e-01 
  754.000  5.649219e-01 
  755.000  5.651060e-01 
  756.000  5.652892e-01 
  757.000  5.654209e-01 
  758.000  5.642713e-01 
  759.000  5.191949e-01 
  760.000  2.059868e-01 
  761.000  1.791552e-01 
  762.000  3.519568e-01 
  763.000  2.962019e-01 
  764.000  3.236260e-01 
  765.000  3.873016e-01 
  766.000  4.665377e-01 
  767.000  5.074299e-01 
  768.000  5.344891e-01 
  769.000  5.524833e-01 
  770.000  5.622353e-01 
  771.000  5.667920e-01 
  772.000  5.679470e-01 
  773.000  5.684792e-01 
  774.000  5.692216e-01 
  775.000  5.696329e-01 
  776.000  5.699087e-01 
  777.000  5.700747e-01 
  778.000  5.701994e-01 
  779.000  5.702996e-01 
  780.000  5.703909e-01 
  781.000  5.704816e-01 
  782.000  5.705718e-01 
  783.000  5.706613e-01 
  784.000  5.707504e-01 
  785.000  5.708388e-01 
  786.000  5.709267e-01 
  787.000  5.710140e-01 
  788.000  5.711008e-01 
  789.000  5.711871e-01 
  790.000  5.712729e-01 
  791.000  5.713580e-01 
  792.000  5.714427e-01 
  793.000  5.715268e-01 
  794.000  5.716104e-01 
  795.000  5.716935e-01 
  796.000  5.717761e-01 
  797.000  5.718581e-01 
  798.000  5.719397e-01 
  799.000  5.720207e-01 
  800.000  5.721013e-01 
  801.000  5.721813e-01 
  802.000  5.722609e-01 
  803.000  5.723400e-01 
  804.000  5.724186e-01 
  805.000  5.724967e-01 
  806.000  5.725743e-01 
  807.000  5.726514e-01 
  808.000  5.727282e-01 
  809.000  5.728043e-01 
  810.000  5.728801e-01 
  811.000  5.729554e-01 
  812.000  5.730302e-01 
  813.000  5.731046e-01 
  814.000  5.731785e-01 
  815.000  5.732520e-01 
  816.000  5.733250e-01 
  817.000  5.733976e-01 
  818.000  5.734698e-01 
  819.000  5.735415e-01 
  820.000  5.736127e-01 
  821.000  5.736836e-01 
  822.000  5.737540e-01 
  823.000  5.738240e-01 
  824.000  5.738936e-01 
  825.000  5.739627e-01 
  826.000  5.740315e-01 
  827.000  5.740998e-01 
  828.000  5.741678e-01 
  829.000  5.742353e-01 
  830.000  5.743024e-01 
  831.000  5.743692e-01 
  832.000  5.744355e-01 
  833.000  5.745015e-01 
  834.000  5.745670e-01 
  835.000  5.746321e-01 
  836.000  5.746969e-01 
  837.000  5.747613e-01 
  838.000  5.748253e-01 
  839.000  5.748889e-01 
  840.000  5.749522e-01 
  841.000  5.750151e-01 
  842.000  5.750775e-01 
  843.000  5.751397e-01 
  844.000  5.752015e-01 
  845.000  5.752629e-01 
  846.000  5.753239e-01 
  847.000  5.753847e-01 
  848.000  5.754450e-01 
  849.000  5.755050e-01 
  850.000  5.755646e-01 
  851.000  5.756239e-01 
  852.000  5.756829e-01 
  853.000  5.757415e-01 
  854.000  5.757998e-01 
  855.000  5.758577e-01 
  856.000  5.759153e-01 
  857.000  5.759726e-01 
  858.000  5.760295e-01 
  859.000  5.760861e-01 
  860.000  5.761424e-01 
  861.000  5.761983e-01 
  862.000  5.762540e-01 
  863.000  5.763093e-01 
  864.000  5.763643e-01 
  865.000  5.764189e-01 
  866.000  5.764733e-01 
  867.000  5.765274e-01 
  868.000  5.765811e-01 
  869.000  5.766346e-01 
  870.000  5.766877e-01 
  871.000  5.767406e-01 
  872.000  5.767931e-01 
  873.000  5.768453e-01 
  874.000  5.768973e-01 
  875.000  5.769489e-01 
  876.000  5.770003e-01 
  877.000  5.770513e-01 
  878.000  5.771021e-01 
  879.000  5.771526e-01 
  880.000  5.772027e-01 
  881.000  5.772527e-01 
  882.000  5.773023e-01 
  883.000  5.773517e-01 
  884.000  5.774007e-01 
  885.000  5.774496e-01 
  886.000  5.774981e-01 
  887.000  5.775464e-01 
  888.000  5.775943e-01 
  889.000  5.776421e-01 
  890.000  5.776895e-01 
  891.000  5.777367e-01 
  892.000  5.777836e-01 
  893.000  5.778303e-01 
  894.000  5.778767e-01 
  895.000  5.779229e-01 
  896.000  5.779688e-01 
  897.000  5.780144e-01 
  898.000  5.780598e-01 
  899.000  5.781050e-01 
  900.000  5.781499e-01 
  901.000  5.781945e-01 
  902.000  5.782389e-01 
  903.000  5.782831e-01 
  904.000  5.783269e-01 
  905.000  5.783706e-01 
  906.000  5.784140e-01 
  907.000  5.784572e-01 
  908.000  5.785002e-01 
  909.000  5.785429e-01 
  910.000  5.785854e-01 
  911.000  5.786276e-01 
  912.000  5.786697e-01 
  913.000  5.787115e-01 
  914.000  5.787531e-01 
  915.000  5.787944e-01 
  916.000  5.788355e-01 
  917.000  5.788764e-01 
  918.000  5.789171e-01 
  919.000  5.789576e-01 
  920.000  5.789978e-01 
  921.000  5.790378e-01 
  922.000  5.790776e-01 
  923.000  5.791172e-01 
  924.000  5.791566e-01 
  925.000  5.791957e-01 
  926.000  5.792347e-01 
  927.000  5.792735e-01 
  928.000  5.793120e-01 
  929.000  5.793503e-01 
  930.000  5.793884e-01 
  931.000  5.794263e-01 
  932.000  5.794641e-01 
  933.000  5.795016e-01 
  934.000  5.795389e-01 
  935.000  5.795760e-01 
  936.000  5.796130e-01 
  937.000  5.796497e-01 
  938.000  5.796862e-01 
  939.000  5.797226e-01 
  940.000  5.797587e-01 
  941.000  5.797946e-01 
  942.000  5.798305e-01 
  943.000  5.798660e-01 
  944.000  5.799014e-01 
  945.000  5.799366e-01 
  946.000  5.799716e-01 
  947.000  5.800065e-01 
  948.000  5.800411e-01 
  949.000  5.800756e-01 
  950.000  5.801099e-01 
  951.000  5.801440e-01 
  952.000  5.801779e-01 
  953.000  5.802117e-01 
  954.000  5.802453e-01 
  955.000  5.802786e-01 
  956.000  5.803119e-01 
  957.000  5.803450e-01 
  958.000  5.803778e-01 
  959.000  5.804105e-01 
  960.000  5.804431e-01 
  961.000  5.804754e-01 
  962.000  5.805077e-01 
  963.000  5.805397e-01 
  964.000  5.805716e-01 
  965.000  5.806033e-01 
  966.000  5.806349e-01 
  967.000  5.806662e-01 
  968.000  5.806975e-01 
  969.000  5.807285e-01 
  970.000  5.807595e-01 
  971.000  5.807902e-01 
  972.000  5.808208e-01 
  973.000  5.808512e-01 
  974.000  5.808815e-01 
  975.000  5.809116e-01 
  976.000  5.809416e-01 
  977.000  5.809714e-01 
  978.000  5.810010e-01 
  979.000  5.810306e-01 
  980.000  5.810599e-01 
  981.000  5.810891e-01 
  982.000  5.811182e-01 
  983.000  5.811471e-01 
  984.000  5.811759e-01 
  985.000  5.812045e-01 
  986.000  5.812330e-01 
  987.000  5.812613e-01 
  988.000  5.812896e-01 
  989.000  5.813176e-01 
  990.000  5.813456e-01 
  991.000  5.813733e-01 
  992.000  5.814009e-01 
  993.000  5.814284e-01 
  994.000  5.814558e-01 
  995.000  5.814830e-01 
  996.000  5.815101e-01 
  997.000  5.815370e-01 
  998.000  5.815638e-01 
  999.000  5.815905e-01 
 1000.000  5.816171e-01 
 1001.000  5.816435e-01 
 1002.000  5.816697e-01 
 1003.000  5.816959e-01 
 1004.000  5.817220e-01 
 1005.000  5.817478e-01 
 1006.000  5.817304e-01 
 1007.000  5.817528e-01 
 1008.000  5.817702e-01 
 1009.000  5.817780e-01 
 1010.000  5.817904e-01 
 1011.000  5.817929e-01 
 1012.000  5.818012e-01 
 1013.000  5.817949e-01 
 1014.000  5.817956e-01 
 1015.000  5.817854e-01 
 1016.000  5.817815e-01 
 1017.000  5.817838e-01 
 1018.000  5.817729e-01 
 1019.000  5.817720e-01 
 1020.000  5.817611e-01 
 1021.000  5.817549e-01 
 1022.000  5.817282e-01 
 1023.000  5.816997e-01 
 1024.000  5.816678e-01 
 1025.000  5.816471e-01 
 1026.000  5.816041e-01 
 1027.000  5.815724e-01 
 1028.000  5.815152e-01 
 1029.000  5.814711e-01 
 1030.000  5.814151e-01 
 1031.000  5.813574e-01 
 1032.000  5.812789e-01 
 1033.000  5.812030e-01 
 1034.000  5.811102e-01 
 1035.000  5.809588e-01 
 1036.000  5.806912e-01 
 1037.000  5.804679e-01 
 1038.000  5.804406e-01 
 1039.000  5.803705e-01 
 1040.000  5.802522e-01 
 1041.000  5.801514e-01 
 1042.000  5.800815e-01 
 1043.000  5.799898e-01 
 1044.000  5.798452e-01 
 1045.000  5.796605e-01 
 1046.000  5.794932e-01 
 1047.000  5.792515e-01 
 1048.000  5.787027e-01 
 1049.000  5.780091e-01 
 1050.000  5.777371e-01 
 1051.000  5.776303e-01 
 1052.000  5.773362e-01 
 1053.000  5.770415e-01 
 1054.000  5.767670e-01 
 1055.000  5.764711e-01 
 1056.000  5.760285e-01 
 1057.000  5.755813e-01 
 1058.000  5.750788e-01 
 1059.000  5.746469e-01 
 1060.000  5.742518e-01 
 1061.000  5.739675e-01 
 1062.000  5.734974e-01 
 1063.000  5.728126e-01 
 1064.000  5.723248e-01 
 1065.000  5.722606e-01 
 1066.000  5.722069e-01 
 1067.000  5.721012e-01 
 1068.000  5.723419e-01 
 1069.000  5.734726e-01 
 1070.000  5.743457e-01 
 1071.000  5.751631e-01 
 1072.000  5.757057e-01 
 1073.000  5.762717e-01 
 1074.000  5.768190e-01 
 1075.000  5.773500e-01 
 1076.000  5.778356e-01 
 1077.000  5.782709e-01 
 1078.000  5.786827e-01 
 1079.000  5.790802e-01 
 1080.000  5.793948e-01 
 1081.000  5.796987e-01 
 1082.000  5.799717e-01 
 1083.000  5.802644e-01 
 1084.000  5.805055e-01 
 1085.000  5.807298e-01 
 1086.000  5.809485e-01 
 1087.000  5.811403e-01 
 1088.000  5.813322e-01 
 1089.000  5.815005e-01 
 1090.000  5.816767e-01 
 1091.000  5.818359e-01 
 1092.000  5.820311e-01 
 1093.000  5.821444e-01 
 1094.000  5.822565e-01 
 1095.000  5.823596e-01 
 1096.000  5.824403e-01 
 1097.000  5.825776e-01 
 1098.000  5.826752e-01 
 1099.000  5.828035e-01 
 1100.000  5.828928e-01 
 1101.000  5.829607e-01 
 1102.000  5.830854e-01 
 1103.000  5.831189e-01 
 1104.000  5.831351e-01 
 1105.000  5.832124e-01 
 1106.000  5.832850e-01 
 1107.000  5.833606e-01 
 1108.000  5.834423e-01 
 1109.000  5.834853e-01 
 1110.000  5.835503e-01 
 1111.000  5.836163e-01 
 1112.000  5.836756e-01 
 1113.000  5.836700e-01 
 1114.000  5.837014e-01 
 1115.000  5.837253e-01 
 1116.000  5.837683e-01 
 1117.000  5.837578e-01 
 1118.000  5.838339e-01 
 1119.000  5.838416e-01 
 1120.000  5.839131e-01 
 1121.000  5.839558e-01 
 1122.000  5.839717e-01 
 1123.000  5.839589e-01 
 1124.000  5.839885e-01 
 1125.000  5.840279e-01 
 1126.000  5.840265e-01 
 1127.000  5.840958e-01 
 1128.000  5.840689e-01 
 1129.000  5.841220e-01 
 1130.000  5.841528e-01 
 1131.000  5.841702e-01 
 1132.000  5.841874e-01 
 1133.000  5.842206e-01 
 1134.000  5.842305e-01 
 1135.000  5.842489e-01 
 1136.000  5.842630e-01 
 1137.000  5.842674e-01 
 1138.000  5.842815e-01 
 1139.000  5.842955e-01 
 1140.000  5.843095e-01 
 1141.000  5.843233e-01 
 1142.000  5.843371e-01 
 1143.000  5.843509e-01 
 1144.000  5.843646e-01 
 1145.000  5.843782e-01 
 1146.000  5.843918e-01 
 1147.000  5.844054e-01 
 1148.000  5.844188e-01 
 1149.000  5.844322e-01 
 1150.000  5.844456e-01 
