  320.000  1.194433e-01 
  321.000  1.528043e-01 
  322.000  1.395349e-01 
  323.000  1.563871e-01 
  324.000  1.736207e-01 
  325.000  1.607496e-01 
  326.000  1.819694e-01 
  327.000  1.879765e-01 
  328.000  1.750485e-01 
  329.000  2.000118e-01 
  330.000  2.040241e-01 
  331.000  1.960994e-01 
  332.000  2.114525e-01 
  333.000  2.159692e-01 
  334.000  2.122594e-01 
  335.000  2.236595e-01 
  336.000  2.283078e-01 
  337.000  2.263467e-01 
  338.000  2.318073e-01 
  339.000  2.374680e-01 
  340.000  2.365361e-01 
  341.000  2.420527e-01 
  342.000  2.461018e-01 
  343.000  2.481402e-01 
  344.000  2.485571e-01 
  345.000  2.540744e-01 
  346.000  2.575693e-01 
  347.000  2.604250e-01 
  348.000  2.631048e-01 
  349.000  2.661207e-01 
  350.000  2.687033e-01 
  351.000  2.712796e-01 
  352.000  2.733963e-01 
  353.000  2.764109e-01 
  354.000  2.789816e-01 
  355.000  2.813773e-01 
  356.000  2.837149e-01 
  357.000  2.857979e-01 
  358.000  2.880420e-01 
  359.000  2.902867e-01 
  360.000  2.925883e-01 
  361.000  2.955001e-01 
  362.000  2.985369e-01 
  363.000  3.013380e-01 
  364.000  3.039194e-01 
  365.000  3.063439e-01 
  366.000  3.088260e-01 
  367.000  3.111920e-01 
  368.000  3.135393e-01 
  369.000  3.158689e-01 
  370.000  3.181770e-01 
  371.000  3.204695e-01 
  372.000  3.227455e-01 
  373.000  3.250045e-01 
  374.000  3.272294e-01 
  375.000  3.294135e-01 
  376.000  3.315254e-01 
  377.000  3.335232e-01 
  378.000  3.353805e-01 
  379.000  3.372690e-01 
  380.000  3.393478e-01 
  381.000  3.417164e-01 
  382.000  3.441734e-01 
  383.000  3.464990e-01 
  384.000  3.487071e-01 
  385.000  3.508364e-01 
  386.000  3.529127e-01 
  387.000  3.549570e-01 
  388.000  3.569767e-01 
  389.000  3.589811e-01 
  390.000  3.609708e-01 
  391.000  3.629415e-01 
  392.000  3.648987e-01 
  393.000  3.668411e-01 
  394.000  3.687666e-01 
  395.000  3.706736e-01 
  396.000  3.725694e-01 
  397.000  3.744442e-01 
  398.000  3.763029e-01 
  399.000  3.781469e-01 
  400.000  3.799663e-01 
  401.000  3.817797e-01 
  402.000  3.835795e-01 
  403.000  3.853648e-01 
  404.000  3.871351e-01 
  405.000  3.888869e-01 
  406.000  3.906279e-01 
  407.000  3.923561e-01 
  408.000  3.940700e-01 
  409.000  3.957679e-01 
  410.000  3.974504e-01 
  411.000  3.991170e-01 
  412.000  4.007665e-01 
  413.000  4.024073e-01 
  414.000  4.039309e-01 
  415.000  4.055799e-01 
  416.000  4.072087e-01 
  417.000  4.088110e-01 
  418.000  4.103772e-01 
  419.000  4.119267e-01 
  420.000  4.134628e-01 
  421.000  4.149904e-01 
  422.000  4.165090e-01 
  423.000  4.180170e-01 
  424.000  4.195078e-01 
  425.000  4.209649e-01 
  426.000  4.224084e-01 
  427.000  4.238397e-01 
  428.000  4.252460e-01 
  429.000  4.266332e-01 
  430.000  4.280047e-01 
  431.000  4.293665e-01 
  432.000  4.307145e-01 
  433.000  4.320501e-01 
  434.000  4.333749e-01 
  435.000  4.346873e-01 
  436.000  4.359853e-01 
  437.000  4.372696e-01 
  438.000  4.385397e-01 
  439.000  4.398005e-01 
  440.000  4.410412e-01 
  441.000  4.422666e-01 
  442.000  4.434730e-01 
  443.000  4.446615e-01 
  444.000  4.458317e-01 
  445.000  4.469770e-01 
  446.000  4.480907e-01 
  447.000  4.492591e-01 
  448.000  4.505123e-01 
  449.000  4.517810e-01 
  450.000  4.530257e-01 
  451.000  4.542222e-01 
  452.000  4.553770e-01 
  453.000  4.565085e-01 
  454.000  4.576198e-01 
  455.000  4.586669e-01 
  456.000  4.596297e-01 
  457.000  4.605930e-01 
  458.000  4.615435e-01 
  459.000  4.624740e-01 
  460.000  4.633973e-01 
  461.000  4.643111e-01 
  462.000  4.652076e-01 
  463.000  4.661004e-01 
  464.000  4.672630e-01 
  465.000  4.684085e-01 
  466.000  4.695340e-01 
  467.000  4.706338e-01 
  468.000  4.715298e-01 
  469.000  4.723016e-01 
  470.000  4.730115e-01 
  471.000  4.736507e-01 
  472.000  4.741935e-01 
  473.000  4.745739e-01 
  474.000  4.748864e-01 
  475.000  4.749666e-01 
  476.000  4.748120e-01 
  477.000  4.748088e-01 
  478.000  4.757129e-01 
  479.000  4.770896e-01 
  480.000  4.785759e-01 
  481.000  4.799096e-01 
  482.000  4.811609e-01 
  483.000  4.822490e-01 
  484.000  4.831843e-01 
  485.000  4.840209e-01 
  486.000  4.849133e-01 
  487.000  4.858529e-01 
  488.000  4.867624e-01 
  489.000  4.876554e-01 
  490.000  4.885380e-01 
  491.000  4.892293e-01 
  492.000  4.898612e-01 
  493.000  4.904901e-01 
  494.000  4.911013e-01 
  495.000  4.917125e-01 
  496.000  4.920275e-01 
  497.000  4.923306e-01 
  498.000  4.926292e-01 
  499.000  4.929117e-01 
  500.000  4.931898e-01 
  501.000  4.934370e-01 
  502.000  4.936843e-01 
  503.000  4.939284e-01 
  504.000  4.941614e-01 
  505.000  4.943816e-01 
  506.000  4.950267e-01 
  507.000  4.956906e-01 
  508.000  4.963536e-01 
  509.000  4.970089e-01 
  510.000  4.976505e-01 
  511.000  4.982257e-01 
  512.000  4.987812e-01 
  513.000  4.993336e-01 
  514.000  4.998792e-01 
  515.000  5.004200e-01 
  516.000  5.008063e-01 
  517.000  5.010540e-01 
  518.000  5.012950e-01 
  519.000  5.015313e-01 
  520.000  5.017654e-01 
  521.000  5.019751e-01 
  522.000  5.021263e-01 
  523.000  5.022354e-01 
  524.000  5.023481e-01 
  525.000  5.024369e-01 
  526.000  5.025615e-01 
  527.000  5.025816e-01 
  528.000  5.025593e-01 
  529.000  5.025358e-01 
  530.000  5.025175e-01 
  531.000  5.025025e-01 
  532.000  5.025362e-01 
  533.000  5.028400e-01 
  534.000  5.032238e-01 
  535.000  5.036570e-01 
  536.000  5.040758e-01 
  537.000  5.044589e-01 
  538.000  5.048015e-01 
  539.000  5.051190e-01 
  540.000  5.054168e-01 
  541.000  5.057059e-01 
  542.000  5.059824e-01 
  543.000  5.062491e-01 
  544.000  5.064508e-01 
  545.000  5.065994e-01 
  546.000  5.067412e-01 
  547.000  5.068870e-01 
  548.000  5.070254e-01 
  549.000  5.071617e-01 
  550.000  5.072278e-01 
  551.000  5.072243e-01 
  552.000  5.072235e-01 
  553.000  5.072083e-01 
  554.000  5.071866e-01 
  555.000  5.071610e-01 
  556.000  5.071090e-01 
  557.000  5.070114e-01 
  558.000  5.069060e-01 
  559.000  5.067883e-01 
  560.000  5.066410e-01 
  561.000  5.064666e-01 
  562.000  5.061564e-01 
  563.000  5.059458e-01 
  564.000  5.056759e-01 
  565.000  5.052825e-01 
  566.000  5.049683e-01 
  567.000  5.041879e-01 
  568.000  5.021968e-01 
  569.000  4.984018e-01 
  570.000  4.987214e-01 
  571.000  5.009587e-01 
  572.000  4.982575e-01 
  573.000  4.985236e-01 
  574.000  4.984924e-01 
  575.000  4.982035e-01 
  576.000  4.983705e-01 
  577.000  4.993954e-01 
  578.000  5.008338e-01 
  579.000  5.022516e-01 
  580.000  5.038748e-01 
  581.000  5.059828e-01 
  582.000  5.075275e-01 
  583.000  5.086282e-01 
  584.000  5.095772e-01 
  585.000  5.104032e-01 
  586.000  5.111360e-01 
  587.000  5.105482e-01 
  588.000  5.059668e-01 
  589.000  4.982060e-01 
  590.000  4.979721e-01 
  591.000  5.037593e-01 
  592.000  5.010599e-01 
  593.000  5.075883e-01 
  594.000  5.064183e-01 
  595.000  5.021922e-01 
  596.000  5.082912e-01 
  597.000  5.066224e-01 
  598.000  5.089085e-01 
  599.000  5.096679e-01 
  600.000  5.116939e-01 
  601.000  5.128668e-01 
  602.000  5.130846e-01 
  603.000  5.138129e-01 
  604.000  5.148881e-01 
  605.000  5.156881e-01 
  606.000  5.163087e-01 
  607.000  5.169095e-01 
  608.000  5.174977e-01 
  609.000  5.180615e-01 
  610.000  5.186470e-01 
  611.000  5.192976e-01 
  612.000  5.199350e-01 
  613.000  5.205526e-01 
  614.000  5.211521e-01 
  615.000  5.217501e-01 
  616.000  5.223262e-01 
  617.000  5.228705e-01 
  618.000  5.233268e-01 
  619.000  5.237129e-01 
  620.000  5.240704e-01 
  621.000  5.243775e-01 
  622.000  5.246343e-01 
  623.000  5.248061e-01 
  624.000  5.249891e-01 
  625.000  5.251423e-01 
  626.000  5.250028e-01 
  627.000  5.226595e-01 
  628.000  5.041757e-01 
  629.000  5.159181e-01 
  630.000  5.178610e-01 
  631.000  5.214819e-01 
  632.000  5.220965e-01 
  633.000  5.259321e-01 
  634.000  5.282156e-01 
  635.000  5.294520e-01 
  636.000  5.310181e-01 
  637.000  5.323603e-01 
  638.000  5.343952e-01 
  639.000  5.354078e-01 
  640.000  5.369189e-01 
  641.000  5.378556e-01 
  642.000  5.389875e-01 
  643.000  5.389184e-01 
  644.000  5.395867e-01 
  645.000  5.391610e-01 
  646.000  5.352692e-01 
  647.000  5.326317e-01 
  648.000  5.295949e-01 
  649.000  5.332194e-01 
  650.000  5.396901e-01 
  651.000  5.401322e-01 
  652.000  5.352709e-01 
  653.000  5.418106e-01 
  654.000  5.415790e-01 
  655.000  5.397958e-01 
  656.000  5.410104e-01 
  657.000  5.426292e-01 
  658.000  5.451396e-01 
  659.000  5.466572e-01 
  660.000  5.476395e-01 
  661.000  5.496141e-01 
  662.000  5.507178e-01 
  663.000  5.510226e-01 
  664.000  5.517464e-01 
  665.000  5.523805e-01 
  666.000  5.531436e-01 
  667.000  5.538165e-01 
  668.000  5.545627e-01 
  669.000  5.551490e-01 
  670.000  5.556887e-01 
  671.000  5.562468e-01 
  672.000  5.567644e-01 
  673.000  5.572751e-01 
  674.000  5.577822e-01 
  675.000  5.582893e-01 
  676.000  5.587684e-01 
  677.000  5.592083e-01 
  678.000  5.596486e-01 
  679.000  5.600342e-01 
  680.000  5.601850e-01 
  681.000  5.602472e-01 
  682.000  5.605474e-01 
  683.000  5.607827e-01 
  684.000  5.606846e-01 
  685.000  5.614154e-01 
  686.000  5.590692e-01 
  687.000  4.746248e-01 
  688.000  5.007861e-01 
  689.000  4.935297e-01 
  690.000  5.071992e-01 
  691.000  5.258956e-01 
  692.000  5.383086e-01 
  693.000  5.383365e-01 
  694.000  5.355504e-01 
  695.000  5.417812e-01 
  696.000  5.453127e-01 
  697.000  5.584236e-01 
  698.000  5.560015e-01 
  699.000  5.446734e-01 
  700.000  5.467382e-01 
  701.000  5.443071e-01 
  702.000  5.463365e-01 
  703.000  5.561051e-01 
  704.000  5.566577e-01 
  705.000  5.528100e-01 
  706.000  5.537007e-01 
  707.000  5.552378e-01 
  708.000  5.568882e-01 
  709.000  5.601434e-01 
  710.000  5.569167e-01 
  711.000  5.604461e-01 
  712.000  5.634659e-01 
  713.000  5.612540e-01 
  714.000  5.605912e-01 
  715.000  5.569362e-01 
  716.000  5.531566e-01 
  717.000  5.281152e-01 
  718.000  5.126495e-01 
  719.000  5.071449e-01 
  720.000  4.986423e-01 
  721.000  5.360453e-01 
  722.000  5.492790e-01 
  723.000  5.419747e-01 
  724.000  5.208945e-01 
  725.000  5.241586e-01 
  726.000  5.232213e-01 
  727.000  5.262952e-01 
  728.000  5.230643e-01 
  729.000  5.312616e-01 
  730.000  5.298882e-01 
  731.000  5.282159e-01 
  732.000  5.419762e-01 
  733.000  5.550693e-01 
  734.000  5.613738e-01 
  735.000  5.592238e-01 
  736.000  5.551526e-01 
  737.000  5.583096e-01 
  738.000  5.626256e-01 
  739.000  5.645069e-01 
  740.000  5.686179e-01 
  741.000  5.710105e-01 
  742.000  5.720426e-01 
  743.000  5.741139e-01 
  744.000  5.751358e-01 
  745.000  5.759392e-01 
  746.000  5.765896e-01 
  747.000  5.768184e-01 
  748.000  5.774735e-01 
  749.000  5.778504e-01 
  750.000  5.777405e-01 
  751.000  5.779247e-01 
  752.000  5.785431e-01 
  753.000  5.788363e-01 
  754.000  5.790814e-01 
  755.000  5.792639e-01 
  756.000  5.794519e-01 
  757.000  5.795837e-01 
  758.000  5.784260e-01 
  759.000  5.327966e-01 
  760.000  2.139912e-01 
  761.000  1.864622e-01 
  762.000  3.630394e-01 
  763.000  3.062299e-01 
  764.000  3.341842e-01 
  765.000  3.989896e-01 
  766.000  4.794280e-01 
  767.000  5.208682e-01 
  768.000  5.482633e-01 
  769.000  5.664709e-01 
  770.000  5.763193e-01 
  771.000  5.809340e-01 
  772.000  5.820993e-01 
  773.000  5.826256e-01 
  774.000  5.833222e-01 
  775.000  5.837392e-01 
  776.000  5.840330e-01 
  777.000  5.841449e-01 
  778.000  5.841749e-01 
  779.000  5.841898e-01 
  780.000  5.842001e-01 
  781.000  5.844762e-01 
  782.000  5.844788e-01 
  783.000  5.844893e-01 
  784.000  5.843265e-01 
  785.000  5.834033e-01 
  786.000  5.820431e-01 
  787.000  5.791245e-01 
  788.000  5.775277e-01 
  789.000  5.717130e-01 
  790.000  5.712479e-01 
  791.000  5.723906e-01 
  792.000  5.734463e-01 
  793.000  5.758612e-01 
  794.000  5.809427e-01 
  795.000  5.778928e-01 
  796.000  5.696970e-01 
  797.000  5.720858e-01 
  798.000  5.773164e-01 
  799.000  5.761627e-01 
  800.000  5.724107e-01 
  801.000  5.728941e-01 
  802.000  5.725430e-01 
  803.000  5.731275e-01 
  804.000  5.749356e-01 
  805.000  5.783719e-01 
  806.000  5.804324e-01 
  807.000  5.805530e-01 
  808.000  5.794334e-01 
  809.000  5.780509e-01 
  810.000  5.765353e-01 
  811.000  5.733876e-01 
  812.000  5.691404e-01 
  813.000  5.639228e-01 
  814.000  5.570172e-01 
  815.000  5.484101e-01 
  816.000  5.372820e-01 
  817.000  5.379509e-01 
  818.000  5.388914e-01 
  819.000  5.425826e-01 
  820.000  5.548705e-01 
  821.000  5.688593e-01 
  822.000  5.582692e-01 
  823.000  5.284942e-01 
  824.000  5.536427e-01 
  825.000  5.697238e-01 
  826.000  5.669894e-01 
  827.000  5.649873e-01 
  828.000  5.544307e-01 
  829.000  5.582722e-01 
  830.000  5.625619e-01 
  831.000  5.635809e-01 
  832.000  5.640261e-01 
  833.000  5.665009e-01 
  834.000  5.694068e-01 
  835.000  5.751507e-01 
  836.000  5.733264e-01 
  837.000  5.731473e-01 
  838.000  5.759581e-01 
  839.000  5.776693e-01 
  840.000  5.783064e-01 
  841.000  5.764940e-01 
  842.000  5.781631e-01 
  843.000  5.820940e-01 
  844.000  5.838856e-01 
  845.000  5.847332e-01 
  846.000  5.854933e-01 
  847.000  5.864463e-01 
  848.000  5.850486e-01 
  849.000  5.852753e-01 
  850.000  5.845191e-01 
  851.000  5.836121e-01 
  852.000  5.837283e-01 
  853.000  5.852886e-01 
  854.000  5.852270e-01 
  855.000  5.860216e-01 
  856.000  5.875201e-01 
  857.000  5.882025e-01 
  858.000  5.885437e-01 
  859.000  5.893466e-01 
  860.000  5.898251e-01 
  861.000  5.899154e-01 
  862.000  5.901793e-01 
  863.000  5.902327e-01 
  864.000  5.904207e-01 
  865.000  5.905783e-01 
  866.000  5.906359e-01 
  867.000  5.906315e-01 
  868.000  5.906740e-01 
  869.000  5.907407e-01 
  870.000  5.907274e-01 
  871.000  5.907913e-01 
  872.000  5.909183e-01 
  873.000  5.908322e-01 
  874.000  5.907946e-01 
  875.000  5.908014e-01 
  876.000  5.906358e-01 
  877.000  5.905614e-01 
  878.000  5.900800e-01 
  879.000  5.900640e-01 
  880.000  5.896622e-01 
  881.000  5.894208e-01 
  882.000  5.891896e-01 
  883.000  5.894583e-01 
  884.000  5.895779e-01 
  885.000  5.887202e-01 
  886.000  5.875266e-01 
  887.000  5.884658e-01 
  888.000  5.884271e-01 
  889.000  5.887616e-01 
  890.000  5.880989e-01 
  891.000  5.867736e-01 
  892.000  5.836832e-01 
  893.000  5.742120e-01 
  894.000  5.695088e-01 
  895.000  5.550141e-01 
  896.000  5.420012e-01 
  897.000  5.282466e-01 
  898.000  5.218062e-01 
  899.000  5.034310e-01 
  900.000  5.061317e-01 
  901.000  5.013390e-01 
  902.000  5.022018e-01 
  903.000  5.330874e-01 
  904.000  5.518039e-01 
  905.000  5.511178e-01 
  906.000  5.394389e-01 
  907.000  5.186905e-01 
  908.000  5.049593e-01 
  909.000  5.055735e-01 
  910.000  5.076674e-01 
  911.000  5.168160e-01 
  912.000  5.124046e-01 
  913.000  4.931393e-01 
  914.000  5.026889e-01 
  915.000  5.101838e-01 
  916.000  5.122088e-01 
  917.000  5.162617e-01 
  918.000  5.214974e-01 
  919.000  5.392653e-01 
  920.000  5.526158e-01 
  921.000  5.496734e-01 
  922.000  5.494303e-01 
  923.000  5.457167e-01 
  924.000  5.367625e-01 
  925.000  5.360633e-01 
  926.000  5.359463e-01 
  927.000  5.255375e-01 
  928.000  5.094550e-01 
  929.000  4.860903e-01 
  930.000  4.561158e-01 
  931.000  4.222421e-01 
  932.000  3.775674e-01 
  933.000  3.434749e-01 
  934.000  3.077939e-01 
  935.000  3.040392e-01 
  936.000  3.183779e-01 
  937.000  3.146683e-01 
  938.000  3.541281e-01 
  939.000  4.539557e-01 
  940.000  4.684375e-01 
  941.000  4.558290e-01 
  942.000  4.247793e-01 
  943.000  3.723163e-01 
  944.000  3.686672e-01 
  945.000  3.877712e-01 
  946.000  3.887720e-01 
  947.000  4.055127e-01 
  948.000  4.152909e-01 
  949.000  4.139369e-01 
  950.000  4.164174e-01 
  951.000  4.382100e-01 
  952.000  4.147757e-01 
  953.000  4.310848e-01 
  954.000  4.484456e-01 
  955.000  4.342158e-01 
  956.000  4.308825e-01 
  957.000  4.746951e-01 
  958.000  4.802330e-01 
  959.000  4.729300e-01 
  960.000  4.707717e-01 
  961.000  4.670962e-01 
  962.000  4.703684e-01 
  963.000  4.941341e-01 
  964.000  4.975022e-01 
  965.000  4.952035e-01 
  966.000  4.964485e-01 
  967.000  5.132422e-01 
  968.000  5.410526e-01 
  969.000  5.535076e-01 
  970.000  5.541651e-01 
  971.000  5.538712e-01 
  972.000  5.503466e-01 
  973.000  5.421687e-01 
  974.000  5.321612e-01 
  975.000  5.257096e-01 
  976.000  5.336080e-01 
  977.000  5.465965e-01 
  978.000  5.455320e-01 
  979.000  5.488704e-01 
  980.000  5.620289e-01 
  981.000  5.649294e-01 
  982.000  5.619941e-01 
  983.000  5.687187e-01 
  984.000  5.756276e-01 
  985.000  5.795447e-01 
  986.000  5.845917e-01 
  987.000  5.867739e-01 
  988.000  5.872738e-01 
  989.000  5.875953e-01 
  990.000  5.881316e-01 
  991.000  5.900102e-01 
  992.000  5.905486e-01 
  993.000  5.905775e-01 
  994.000  5.922710e-01 
  995.000  5.934386e-01 
  996.000  5.934350e-01 
  997.000  5.927289e-01 
  998.000  5.919079e-01 
  999.000  5.915914e-01 
 1000.000  5.918666e-01 
 1001.000  5.902188e-01 
 1002.000  5.873548e-01 
 1003.000  5.880461e-01 
 1004.000  5.897074e-01 
 1005.000  5.904707e-01 
 1006.000  5.907047e-01 
 1007.000  5.901641e-01 
 1008.000  5.878274e-01 
 1009.000  5.846943e-01 
 1010.000  5.860944e-01 
 1011.000  5.894219e-01 
 1012.000  5.906894e-01 
 1013.000  5.915241e-01 
 1014.000  5.919529e-01 
 1015.000  5.920290e-01 
 1016.000  5.924224e-01 
 1017.000  5.926981e-01 
 1018.000  5.921736e-01 
 1019.000  5.909761e-01 
 1020.000  5.913918e-01 
 1021.000  5.922523e-01 
 1022.000  5.909718e-01 
 1023.000  5.897891e-01 
 1024.000  5.890745e-01 
 1025.000  5.910442e-01 
 1026.000  5.920083e-01 
 1027.000  5.915769e-01 
 1028.000  5.918961e-01 
 1029.000  5.927994e-01 
 1030.000  5.936375e-01 
 1031.000  5.940490e-01 
 1032.000  5.943604e-01 
 1033.000  5.943973e-01 
 1034.000  5.946255e-01 
 1035.000  5.946935e-01 
 1036.000  5.945300e-01 
 1037.000  5.944700e-01 
 1038.000  5.945318e-01 
 1039.000  5.943676e-01 
 1040.000  5.942042e-01 
 1041.000  5.940728e-01 
 1042.000  5.940205e-01 
 1043.000  5.939837e-01 
 1044.000  5.938466e-01 
 1045.000  5.935154e-01 
 1046.000  5.932769e-01 
 1047.000  5.929782e-01 
 1048.000  5.925128e-01 
 1049.000  5.919951e-01 
 1050.000  5.916297e-01 
 1051.000  5.912196e-01 
 1052.000  5.908518e-01 
 1053.000  5.906522e-01 
 1054.000  5.901748e-01 
 1055.000  5.896540e-01 
 1056.000  5.891542e-01 
 1057.000  5.881692e-01 
 1058.000  5.865733e-01 
 1059.000  5.864928e-01 
 1060.000  5.870015e-01 
 1061.000  5.867595e-01 
 1062.000  5.856708e-01 
 1063.000  5.850911e-01 
 1064.000  5.841203e-01 
 1065.000  5.832114e-01 
 1066.000  5.832644e-01 
 1067.000  5.826887e-01 
 1068.000  5.811949e-01 
 1069.000  5.807839e-01 
 1070.000  5.814011e-01 
 1071.000  5.805604e-01 
 1072.000  5.795994e-01 
 1073.000  5.796022e-01 
 1074.000  5.800011e-01 
 1075.000  5.819658e-01 
 1076.000  5.810709e-01 
 1077.000  5.797855e-01 
 1078.000  5.782282e-01 
 1079.000  5.781729e-01 
 1080.000  5.736683e-01 
 1081.000  5.735335e-01 
 1082.000  5.756952e-01 
 1083.000  5.733639e-01 
 1084.000  5.707729e-01 
 1085.000  5.644191e-01 
 1086.000  5.660290e-01 
 1087.000  5.732123e-01 
 1088.000  5.735675e-01 
 1089.000  5.650216e-01 
 1090.000  5.634806e-01 
 1091.000  5.652038e-01 
 1092.000  5.610102e-01 
 1093.000  5.514644e-01 
 1094.000  5.473191e-01 
 1095.000  5.480545e-01 
 1096.000  5.487394e-01 
 1097.000  5.469034e-01 
 1098.000  5.234160e-01 
 1099.000  5.032602e-01 
 1100.000  5.046807e-01 
 1101.000  5.075293e-01 
 1102.000  5.062588e-01 
 1103.000  5.081742e-01 
 1104.000  5.048454e-01 
 1105.000  4.963889e-01 
 1106.000  4.877693e-01 
 1107.000  4.900201e-01 
 1108.000  4.917314e-01 
 1109.000  4.992777e-01 
 1110.000  4.985986e-01 
 1111.000  4.946361e-01 
 1112.000  4.766372e-01 
 1113.000  4.519713e-01 
 1114.000  4.456177e-01 
 1115.000  4.150399e-01 
 1116.000  3.958938e-01 
 1117.000  3.506619e-01 
 1118.000  3.089673e-01 
 1119.000  2.868861e-01 
 1120.000  2.589380e-01 
 1121.000  2.527751e-01 
 1122.000  2.230952e-01 
 1123.000  2.395865e-01 
 1124.000  2.506244e-01 
 1125.000  2.449152e-01 
 1126.000  2.425788e-01 
 1127.000  2.449792e-01 
 1128.000  2.496424e-01 
 1129.000  2.785673e-01 
 1130.000  3.454081e-01 
 1131.000  3.644903e-01 
 1132.000  3.384718e-01 
 1133.000  2.901048e-01 
 1134.000  2.009381e-01 
 1135.000  2.077380e-01 
 1136.000  2.968617e-01 
 1137.000  3.444634e-01 
 1138.000  3.896176e-01 
 1139.000  4.027590e-01 
 1140.000  3.942129e-01 
 1141.000  3.765698e-01 
 1142.000  3.704419e-01 
 1143.000  3.511173e-01 
 1144.000  3.291316e-01 
 1145.000  2.971235e-01 
 1146.000  3.046921e-01 
 1147.000  3.296543e-01 
 1148.000  3.516542e-01 
 1149.000  3.603965e-01 
 1150.000  3.605744e-01 
