  320.000  2.365515e-01 
  321.000  2.847596e-01 
  322.000  2.659316e-01 
  323.000  2.897728e-01 
  324.000  3.135052e-01 
  325.000  2.958389e-01 
  326.000  3.247909e-01 
  327.000  3.328321e-01 
  328.000  3.154446e-01 
  329.000  3.487550e-01 
  330.000  3.540102e-01 
  331.000  3.436055e-01 
  332.000  3.636731e-01 
  333.000  3.695073e-01 
  334.000  3.647176e-01 
  335.000  3.793722e-01 
  336.000  3.852942e-01 
  337.000  3.827994e-01 
  338.000  3.897329e-01 
  339.000  3.968782e-01 
  340.000  3.957047e-01 
  341.000  4.026343e-01 
  342.000  4.076957e-01 
  343.000  4.102359e-01 
  344.000  4.107547e-01 
  345.000  4.176018e-01 
  346.000  4.219200e-01 
  347.000  4.254377e-01 
  348.000  4.287302e-01 
  349.000  4.324255e-01 
  350.000  4.355817e-01 
  351.000  4.387229e-01 
  352.000  4.412981e-01 
  353.000  4.449573e-01 
  354.000  4.480698e-01 
  355.000  4.509641e-01 
  356.000  4.537824e-01 
  357.000  4.562890e-01 
  358.000  4.589842e-01 
  359.000  4.616750e-01 
  360.000  4.644287e-01 
  361.000  4.679048e-01 
  362.000  4.715212e-01 
  363.000  4.748488e-01 
  364.000  4.779087e-01 
  365.000  4.807767e-01 
  366.000  4.837070e-01 
  367.000  4.864950e-01 
  368.000  4.892556e-01 
  369.000  4.919905e-01 
  370.000  4.946951e-01 
  371.000  4.973767e-01 
  372.000  5.000343e-01 
  373.000  5.026675e-01 
  374.000  5.052566e-01 
  375.000  5.077939e-01 
  376.000  5.102434e-01 
  377.000  5.125571e-01 
  378.000  5.147048e-01 
  379.000  5.168858e-01 
  380.000  5.192830e-01 
  381.000  5.220100e-01 
  382.000  5.248337e-01 
  383.000  5.275020e-01 
  384.000  5.300313e-01 
  385.000  5.324665e-01 
  386.000  5.348377e-01 
  387.000  5.371690e-01 
  388.000  5.394689e-01 
  389.000  5.417483e-01 
  390.000  5.440079e-01 
  391.000  5.462427e-01 
  392.000  5.484595e-01 
  393.000  5.506564e-01 
  394.000  5.528314e-01 
  395.000  5.549828e-01 
  396.000  5.571188e-01 
  397.000  5.592287e-01 
  398.000  5.613177e-01 
  399.000  5.633876e-01 
  400.000  5.654276e-01 
  401.000  5.674585e-01 
  402.000  5.694717e-01 
  403.000  5.714663e-01 
  404.000  5.734420e-01 
  405.000  5.753949e-01 
  406.000  5.773336e-01 
  407.000  5.792559e-01 
  408.000  5.811602e-01 
  409.000  5.830448e-01 
  410.000  5.849103e-01 
  411.000  5.867562e-01 
  412.000  5.885813e-01 
  413.000  5.903949e-01 
  414.000  5.920774e-01 
  415.000  5.938966e-01 
  416.000  5.956917e-01 
  417.000  5.974559e-01 
  418.000  5.991787e-01 
  419.000  6.008815e-01 
  420.000  6.025680e-01 
  421.000  6.042436e-01 
  422.000  6.059079e-01 
  423.000  6.075591e-01 
  424.000  6.091899e-01 
  425.000  6.107826e-01 
  426.000  6.123590e-01 
  427.000  6.139208e-01 
  428.000  6.154541e-01 
  429.000  6.169653e-01 
  430.000  6.184582e-01 
  431.000  6.199393e-01 
  432.000  6.214043e-01 
  433.000  6.228548e-01 
  434.000  6.242924e-01 
  435.000  6.257154e-01 
  436.000  6.271219e-01 
  437.000  6.285125e-01 
  438.000  6.298867e-01 
  439.000  6.312498e-01 
  440.000  6.325904e-01 
  441.000  6.339134e-01 
  442.000  6.352150e-01 
  443.000  6.364965e-01 
  444.000  6.377574e-01 
  445.000  6.389906e-01 
  446.000  6.401893e-01 
  447.000  6.414459e-01 
  448.000  6.427927e-01 
  449.000  6.441554e-01 
  450.000  6.454913e-01 
  451.000  6.467746e-01 
  452.000  6.480124e-01 
  453.000  6.492245e-01 
  454.000  6.504142e-01 
  455.000  6.515346e-01 
  456.000  6.525642e-01 
  457.000  6.535937e-01 
  458.000  6.546091e-01 
  459.000  6.556027e-01 
  460.000  6.565881e-01 
  461.000  6.575628e-01 
  462.000  6.585186e-01 
  463.000  6.594701e-01 
  464.000  6.607083e-01 
  465.000  6.619276e-01 
  466.000  6.631250e-01 
  467.000  6.642942e-01 
  468.000  6.652463e-01 
  469.000  6.660661e-01 
  470.000  6.668198e-01 
  471.000  6.674982e-01 
  472.000  6.680741e-01 
  473.000  6.684777e-01 
  474.000  6.688091e-01 
  475.000  6.688942e-01 
  476.000  6.687302e-01 
  477.000  6.687268e-01 
  478.000  6.696854e-01 
  479.000  6.711442e-01 
  480.000  6.727181e-01 
  481.000  6.741294e-01 
  482.000  6.754525e-01 
  483.000  6.766023e-01 
  484.000  6.775903e-01 
  485.000  6.784735e-01 
  486.000  6.794152e-01 
  487.000  6.804063e-01 
  488.000  6.813653e-01 
  489.000  6.823063e-01 
  490.000  6.832360e-01 
  491.000  6.839638e-01 
  492.000  6.846290e-01 
  493.000  6.852908e-01 
  494.000  6.859337e-01 
  495.000  6.865764e-01 
  496.000  6.869076e-01 
  497.000  6.872261e-01 
  498.000  6.875400e-01 
  499.000  6.878369e-01 
  500.000  6.881291e-01 
  501.000  6.883888e-01 
  502.000  6.886486e-01 
  503.000  6.889050e-01 
  504.000  6.891497e-01 
  505.000  6.893809e-01 
  506.000  6.900582e-01 
  507.000  6.907549e-01 
  508.000  6.914505e-01 
  509.000  6.921379e-01 
  510.000  6.928105e-01 
  511.000  6.934134e-01 
  512.000  6.939955e-01 
  513.000  6.945742e-01 
  514.000  6.951455e-01 
  515.000  6.957118e-01 
  516.000  6.961163e-01 
  517.000  6.963755e-01 
  518.000  6.966277e-01 
  519.000  6.968750e-01 
  520.000  6.971198e-01 
  521.000  6.973392e-01 
  522.000  6.974974e-01 
  523.000  6.976115e-01 
  524.000  6.977293e-01 
  525.000  6.978223e-01 
  526.000  6.979526e-01 
  527.000  6.979735e-01 
  528.000  6.979502e-01 
  529.000  6.979256e-01 
  530.000  6.979066e-01 
  531.000  6.978908e-01 
  532.000  6.979260e-01 
  533.000  6.982438e-01 
  534.000  6.986451e-01 
  535.000  6.990979e-01 
  536.000  6.995355e-01 
  537.000  6.999359e-01 
  538.000  7.002938e-01 
  539.000  7.006254e-01 
  540.000  7.009364e-01 
  541.000  7.012383e-01 
  542.000  7.015271e-01 
  543.000  7.018055e-01 
  544.000  7.020160e-01 
  545.000  7.021711e-01 
  546.000  7.023191e-01 
  547.000  7.024712e-01 
  548.000  7.026157e-01 
  549.000  7.027579e-01 
  550.000  7.028269e-01 
  551.000  7.028232e-01 
  552.000  7.028224e-01 
  553.000  7.028066e-01 
  554.000  7.027839e-01 
  555.000  7.027571e-01 
  556.000  7.027029e-01 
  557.000  7.026011e-01 
  558.000  7.024910e-01 
  559.000  7.023681e-01 
  560.000  7.022142e-01 
  561.000  7.020318e-01 
  562.000  7.016508e-01 
  563.000  7.014261e-01 
  564.000  7.011300e-01 
  565.000  7.006784e-01 
  566.000  7.003765e-01 
  567.000  6.993791e-01 
  568.000  6.963927e-01 
  569.000  6.901193e-01 
  570.000  6.909621e-01 
  571.000  6.952271e-01 
  572.000  6.908664e-01 
  573.000  6.918645e-01 
  574.000  6.920571e-01 
  575.000  6.917301e-01 
  576.000  6.919155e-01 
  577.000  6.934245e-01 
  578.000  6.954904e-01 
  579.000  6.972715e-01 
  580.000  6.989126e-01 
  581.000  7.012607e-01 
  582.000  7.028636e-01 
  583.000  7.038639e-01 
  584.000  7.047521e-01 
  585.000  7.054564e-01 
  586.000  7.061263e-01 
  587.000  7.046289e-01 
  588.000  6.962512e-01 
  589.000  6.829039e-01 
  590.000  6.822616e-01 
  591.000  6.917255e-01 
  592.000  6.869848e-01 
  593.000  6.977346e-01 
  594.000  6.955767e-01 
  595.000  6.883111e-01 
  596.000  6.986636e-01 
  597.000  6.960806e-01 
  598.000  7.001403e-01 
  599.000  7.016400e-01 
  600.000  7.052800e-01 
  601.000  7.076188e-01 
  602.000  7.082171e-01 
  603.000  7.093425e-01 
  604.000  7.106472e-01 
  605.000  7.115781e-01 
  606.000  7.122493e-01 
  607.000  7.128974e-01 
  608.000  7.135126e-01 
  609.000  7.141006e-01 
  610.000  7.147085e-01 
  611.000  7.153836e-01 
  612.000  7.160448e-01 
  613.000  7.166852e-01 
  614.000  7.173066e-01 
  615.000  7.179263e-01 
  616.000  7.185232e-01 
  617.000  7.190869e-01 
  618.000  7.195595e-01 
  619.000  7.199592e-01 
  620.000  7.203292e-01 
  621.000  7.206470e-01 
  622.000  7.209127e-01 
  623.000  7.210904e-01 
  624.000  7.212794e-01 
  625.000  7.214369e-01 
  626.000  7.211444e-01 
  627.000  7.175730e-01 
  628.000  6.958892e-01 
  629.000  7.089851e-01 
  630.000  7.121099e-01 
  631.000  7.162810e-01 
  632.000  7.156903e-01 
  633.000  7.210041e-01 
  634.000  7.236351e-01 
  635.000  7.247645e-01 
  636.000  7.264796e-01 
  637.000  7.278751e-01 
  638.000  7.305101e-01 
  639.000  7.314731e-01 
  640.000  7.332402e-01 
  641.000  7.340946e-01 
  642.000  7.354027e-01 
  643.000  7.348063e-01 
  644.000  7.354352e-01 
  645.000  7.342607e-01 
  646.000  7.271721e-01 
  647.000  7.223739e-01 
  648.000  7.169439e-01 
  649.000  7.225345e-01 
  650.000  7.328784e-01 
  651.000  7.332678e-01 
  652.000  7.248923e-01 
  653.000  7.353688e-01 
  654.000  7.346520e-01 
  655.000  7.313706e-01 
  656.000  7.330480e-01 
  657.000  7.354199e-01 
  658.000  7.392524e-01 
  659.000  7.416492e-01 
  660.000  7.429151e-01 
  661.000  7.458221e-01 
  662.000  7.473530e-01 
  663.000  7.475081e-01 
  664.000  7.483509e-01 
  665.000  7.490872e-01 
  666.000  7.499661e-01 
  667.000  7.507308e-01 
  668.000  7.516001e-01 
  669.000  7.522310e-01 
  670.000  7.527928e-01 
  671.000  7.533828e-01 
  672.000  7.539130e-01 
  673.000  7.544338e-01 
  674.000  7.549498e-01 
  675.000  7.554666e-01 
  676.000  7.559518e-01 
  677.000  7.563978e-01 
  678.000  7.568451e-01 
  679.000  7.572133e-01 
  680.000  7.572406e-01 
  681.000  7.571622e-01 
  682.000  7.574382e-01 
  683.000  7.575328e-01 
  684.000  7.571226e-01 
  685.000  7.580192e-01 
  686.000  7.551699e-01 
  687.000  6.568491e-01 
  688.000  6.877109e-01 
  689.000  6.788797e-01 
  690.000  6.949577e-01 
  691.000  7.159972e-01 
  692.000  7.286683e-01 
  693.000  7.237266e-01 
  694.000  7.160912e-01 
  695.000  7.247604e-01 
  696.000  7.297676e-01 
  697.000  7.504961e-01 
  698.000  7.463184e-01 
  699.000  7.278543e-01 
  700.000  7.309898e-01 
  701.000  7.269070e-01 
  702.000  7.300014e-01 
  703.000  7.455697e-01 
  704.000  7.462936e-01 
  705.000  7.399477e-01 
  706.000  7.412459e-01 
  707.000  7.435855e-01 
  708.000  7.461098e-01 
  709.000  7.512228e-01 
  710.000  7.458807e-01 
  711.000  7.514342e-01 
  712.000  7.561690e-01 
  713.000  7.524558e-01 
  714.000  7.512386e-01 
  715.000  7.451694e-01 
  716.000  7.388706e-01 
  717.000  6.985659e-01 
  718.000  6.737837e-01 
  719.000  6.648885e-01 
  720.000  6.513774e-01 
  721.000  7.105325e-01 
  722.000  7.315679e-01 
  723.000  7.197243e-01 
  724.000  6.860012e-01 
  725.000  6.910324e-01 
  726.000  6.894591e-01 
  727.000  6.942524e-01 
  728.000  6.890437e-01 
  729.000  7.019840e-01 
  730.000  6.997346e-01 
  731.000  6.970158e-01 
  732.000  7.188447e-01 
  733.000  7.397314e-01 
  734.000  7.497826e-01 
  735.000  7.462411e-01 
  736.000  7.396333e-01 
  737.000  7.446303e-01 
  738.000  7.514938e-01 
  739.000  7.544512e-01 
  740.000  7.610013e-01 
  741.000  7.647877e-01 
  742.000  7.663822e-01 
  743.000  7.698800e-01 
  744.000  7.714077e-01 
  745.000  7.726318e-01 
  746.000  7.735949e-01 
  747.000  7.738519e-01 
  748.000  7.747211e-01 
  749.000  7.751833e-01 
  750.000  7.749432e-01 
  751.000  7.751281e-01 
  752.000  7.759400e-01 
  753.000  7.762827e-01 
  754.000  7.765561e-01 
  755.000  7.767399e-01 
  756.000  7.769316e-01 
  757.000  7.770647e-01 
  758.000  7.758279e-01 
  759.000  7.231932e-01 
  760.000  3.322297e-01 
  761.000  2.954135e-01 
  762.000  5.213702e-01 
  763.000  4.509354e-01 
  764.000  4.857875e-01 
  765.000  5.650272e-01 
  766.000  6.607924e-01 
  767.000  7.091711e-01 
  768.000  7.408284e-01 
  769.000  7.617306e-01 
  770.000  7.727975e-01 
  771.000  7.781715e-01 
  772.000  7.794850e-01 
  773.000  7.800798e-01 
  774.000  7.808089e-01 
  775.000  7.812315e-01 
  776.000  7.815349e-01 
  777.000  7.816252e-01 
  778.000  7.816162e-01 
  779.000  7.815959e-01 
  780.000  7.815727e-01 
  781.000  7.819273e-01 
  782.000  7.818933e-01 
  783.000  7.818709e-01 
  784.000  7.816013e-01 
  785.000  7.801662e-01 
  786.000  7.779875e-01 
  787.000  7.730274e-01 
  788.000  7.704256e-01 
  789.000  7.611108e-01 
  790.000  7.603177e-01 
  791.000  7.620854e-01 
  792.000  7.637184e-01 
  793.000  7.675177e-01 
  794.000  7.755706e-01 
  795.000  7.706578e-01 
  796.000  7.575666e-01 
  797.000  7.613164e-01 
  798.000  7.695951e-01 
  799.000  7.677115e-01 
  800.000  7.616938e-01 
  801.000  7.624161e-01 
  802.000  7.618120e-01 
  803.000  7.626972e-01 
  804.000  7.655315e-01 
  805.000  7.709590e-01 
  806.000  7.741993e-01 
  807.000  7.743469e-01 
  808.000  7.725163e-01 
  809.000  7.702659e-01 
  810.000  7.678013e-01 
  811.000  7.627391e-01 
  812.000  7.559277e-01 
  813.000  7.475847e-01 
  814.000  7.365798e-01 
  815.000  7.229003e-01 
  816.000  7.053453e-01 
  817.000  7.063300e-01 
  818.000  7.077634e-01 
  819.000  7.135450e-01 
  820.000  7.328840e-01 
  821.000  7.549828e-01 
  822.000  7.381769e-01 
  823.000  6.913468e-01 
  824.000  7.308075e-01 
  825.000  7.562171e-01 
  826.000  7.518733e-01 
  827.000  7.486631e-01 
  828.000  7.319340e-01 
  829.000  7.379605e-01 
  830.000  7.447125e-01 
  831.000  7.462979e-01 
  832.000  7.469907e-01 
  833.000  7.508840e-01 
  834.000  7.554675e-01 
  835.000  7.645631e-01 
  836.000  7.616366e-01 
  837.000  7.613260e-01 
  838.000  7.657570e-01 
  839.000  7.684455e-01 
  840.000  7.694238e-01 
  841.000  7.665095e-01 
  842.000  7.691287e-01 
  843.000  7.753481e-01 
  844.000  7.781689e-01 
  845.000  7.794850e-01 
  846.000  7.808690e-01 
  847.000  7.823957e-01 
  848.000  7.798830e-01 
  849.000  7.802084e-01 
  850.000  7.789682e-01 
  851.000  7.774894e-01 
  852.000  7.776399e-01 
  853.000  7.800908e-01 
  854.000  7.799603e-01 
  855.000  7.811932e-01 
  856.000  7.836691e-01 
  857.000  7.847731e-01 
  858.000  7.853203e-01 
  859.000  7.865499e-01 
  860.000  7.871785e-01 
  861.000  7.872837e-01 
  862.000  7.876351e-01 
  863.000  7.876881e-01 
  864.000  7.879318e-01 
  865.000  7.881325e-01 
  866.000  7.881918e-01 
  867.000  7.881644e-01 
  868.000  7.882026e-01 
  869.000  7.882748e-01 
  870.000  7.882351e-01 
  871.000  7.883037e-01 
  872.000  7.884603e-01 
  873.000  7.883191e-01 
  874.000  7.882461e-01 
  875.000  7.882348e-01 
  876.000  7.879828e-01 
  877.000  7.878584e-01 
  878.000  7.870718e-01 
  879.000  7.870547e-01 
  880.000  7.863526e-01 
  881.000  7.859987e-01 
  882.000  7.856295e-01 
  883.000  7.860050e-01 
  884.000  7.861584e-01 
  885.000  7.847716e-01 
  886.000  7.829016e-01 
  887.000  7.843325e-01 
  888.000  7.842468e-01 
  889.000  7.847212e-01 
  890.000  7.836542e-01 
  891.000  7.813141e-01 
  892.000  7.763796e-01 
  893.000  7.613732e-01 
  894.000  7.539014e-01 
  895.000  7.310970e-01 
  896.000  7.106709e-01 
  897.000  6.891547e-01 
  898.000  6.790982e-01 
  899.000  6.507383e-01 
  900.000  6.548283e-01 
  901.000  6.474574e-01 
  902.000  6.488156e-01 
  903.000  6.964758e-01 
  904.000  7.256146e-01 
  905.000  7.245570e-01 
  906.000  7.063366e-01 
  907.000  6.741598e-01 
  908.000  6.529810e-01 
  909.000  6.538789e-01 
  910.000  6.570669e-01 
  911.000  6.711265e-01 
  912.000  6.643177e-01 
  913.000  6.347701e-01 
  914.000  6.493719e-01 
  915.000  6.608847e-01 
  916.000  6.640063e-01 
  917.000  6.702630e-01 
  918.000  6.783530e-01 
  919.000  7.058895e-01 
  920.000  7.267146e-01 
  921.000  7.221268e-01 
  922.000  7.217345e-01 
  923.000  7.159215e-01 
  924.000  7.019588e-01 
  925.000  7.007908e-01 
  926.000  7.004308e-01 
  927.000  6.841294e-01 
  928.000  6.590830e-01 
  929.000  6.229889e-01 
  930.000  5.772104e-01 
  931.000  5.262216e-01 
  932.000  4.597539e-01 
  933.000  4.104646e-01 
  934.000  3.600971e-01 
  935.000  3.547285e-01 
  936.000  3.745831e-01 
  937.000  3.695390e-01 
  938.000  4.256930e-01 
  939.000  5.722030e-01 
  940.000  5.940894e-01 
  941.000  5.752209e-01 
  942.000  5.289837e-01 
  943.000  4.522597e-01 
  944.000  4.469005e-01 
  945.000  4.744412e-01 
  946.000  4.759891e-01 
  947.000  5.006272e-01 
  948.000  5.150831e-01 
  949.000  5.132051e-01 
  950.000  5.169093e-01 
  951.000  5.492758e-01 
  952.000  5.147080e-01 
  953.000  5.389661e-01 
  954.000  5.650027e-01 
  955.000  5.439227e-01 
  956.000  5.392151e-01 
  957.000  6.050681e-01 
  958.000  6.136032e-01 
  959.000  6.026561e-01 
  960.000  5.994795e-01 
  961.000  5.939931e-01 
  962.000  5.989986e-01 
  963.000  6.351446e-01 
  964.000  6.403373e-01 
  965.000  6.368874e-01 
  966.000  6.388514e-01 
  967.000  6.646413e-01 
  968.000  7.076851e-01 
  969.000  7.271180e-01 
  970.000  7.281610e-01 
  971.000  7.276964e-01 
  972.000  7.221761e-01 
  973.000  7.094260e-01 
  974.000  6.938928e-01 
  975.000  6.839085e-01 
  976.000  6.961114e-01 
  977.000  7.162666e-01 
  978.000  7.146282e-01 
  979.000  7.198476e-01 
  980.000  7.403927e-01 
  981.000  7.449412e-01 
  982.000  7.403646e-01 
  983.000  7.509046e-01 
  984.000  7.617514e-01 
  985.000  7.679099e-01 
  986.000  7.758563e-01 
  987.000  7.792948e-01 
  988.000  7.800779e-01 
  989.000  7.805771e-01 
  990.000  7.814121e-01 
  991.000  7.843651e-01 
  992.000  7.852011e-01 
  993.000  7.855113e-01 
  994.000  7.881029e-01 
  995.000  7.899222e-01 
  996.000  7.899041e-01 
  997.000  7.887560e-01 
  998.000  7.874689e-01 
  999.000  7.869722e-01 
 1000.000  7.873760e-01 
 1001.000  7.845433e-01 
 1002.000  7.800114e-01 
 1003.000  7.810858e-01 
 1004.000  7.836903e-01 
 1005.000  7.848793e-01 
 1006.000  7.852578e-01 
 1007.000  7.843913e-01 
 1008.000  7.806965e-01 
 1009.000  7.757560e-01 
 1010.000  7.779545e-01 
 1011.000  7.831983e-01 
 1012.000  7.851936e-01 
 1013.000  7.867610e-01 
 1014.000  7.874151e-01 
 1015.000  7.875373e-01 
 1016.000  7.881657e-01 
 1017.000  7.885821e-01 
 1018.000  7.877643e-01 
 1019.000  7.859414e-01 
 1020.000  7.865794e-01 
 1021.000  7.878920e-01 
 1022.000  7.856833e-01 
 1023.000  7.838340e-01 
 1024.000  7.827253e-01 
 1025.000  7.861086e-01 
 1026.000  7.875993e-01 
 1027.000  7.869600e-01 
 1028.000  7.874768e-01 
 1029.000  7.888978e-01 
 1030.000  7.902529e-01 
 1031.000  7.909487e-01 
 1032.000  7.914871e-01 
 1033.000  7.916322e-01 
 1034.000  7.919286e-01 
 1035.000  7.920834e-01 
 1036.000  7.919604e-01 
 1037.000  7.919642e-01 
 1038.000  7.920612e-01 
 1039.000  7.918594e-01 
 1040.000  7.916782e-01 
 1041.000  7.915342e-01 
 1042.000  7.914884e-01 
 1043.000  7.914726e-01 
 1044.000  7.913375e-01 
 1045.000  7.909480e-01 
 1046.000  7.906806e-01 
 1047.000  7.903584e-01 
 1048.000  7.899233e-01 
 1049.000  7.894804e-01 
 1050.000  7.890503e-01 
 1051.000  7.884828e-01 
 1052.000  7.880799e-01 
 1053.000  7.879921e-01 
 1054.000  7.874106e-01 
 1055.000  7.867979e-01 
 1056.000  7.862719e-01 
 1057.000  7.849926e-01 
 1058.000  7.827205e-01 
 1059.000  7.827838e-01 
 1060.000  7.838842e-01 
 1061.000  7.835756e-01 
 1062.000  7.821274e-01 
 1063.000  7.815107e-01 
 1064.000  7.802253e-01 
 1065.000  7.787647e-01 
 1066.000  7.788689e-01 
 1067.000  7.781195e-01 
 1068.000  7.753029e-01 
 1069.000  7.740742e-01 
 1070.000  7.746080e-01 
 1071.000  7.728800e-01 
 1072.000  7.710723e-01 
 1073.000  7.707732e-01 
 1074.000  7.711019e-01 
 1075.000  7.739131e-01 
 1076.000  7.722357e-01 
 1077.000  7.699645e-01 
 1078.000  7.672817e-01 
 1079.000  7.669683e-01 
 1080.000  7.597086e-01 
 1081.000  7.593246e-01 
 1082.000  7.625621e-01 
 1083.000  7.587286e-01 
 1084.000  7.545223e-01 
 1085.000  7.444476e-01 
 1086.000  7.468342e-01 
 1087.000  7.579623e-01 
 1088.000  7.584134e-01 
 1089.000  7.449294e-01 
 1090.000  7.424108e-01 
 1091.000  7.450001e-01 
 1092.000  7.383245e-01 
 1093.000  7.233754e-01 
 1094.000  7.168666e-01 
 1095.000  7.179354e-01 
 1096.000  7.189167e-01 
 1097.000  7.159510e-01 
 1098.000  6.795601e-01 
 1099.000  6.485490e-01 
 1100.000  6.506560e-01 
 1101.000  6.549504e-01 
 1102.000  6.528940e-01 
 1103.000  6.557544e-01 
 1104.000  6.506008e-01 
 1105.000  6.375992e-01 
 1106.000  6.244639e-01 
 1107.000  6.277447e-01 
 1108.000  6.301633e-01 
 1109.000  6.414282e-01 
 1110.000  6.401045e-01 
 1111.000  6.339057e-01 
 1112.000  6.064260e-01 
 1113.000  5.689409e-01 
 1114.000  5.588599e-01 
 1115.000  5.129558e-01 
 1116.000  4.846077e-01 
 1117.000  4.193346e-01 
 1118.000  3.601860e-01 
 1119.000  3.291459e-01 
 1120.000  2.909181e-01 
 1121.000  2.825053e-01 
 1122.000  2.434169e-01 
 1123.000  2.646004e-01 
 1124.000  2.789517e-01 
 1125.000  2.713929e-01 
 1126.000  2.683786e-01 
 1127.000  2.716871e-01 
 1128.000  2.781183e-01 
 1129.000  3.169632e-01 
 1130.000  4.089814e-01 
 1131.000  4.358993e-01 
 1132.000  3.991034e-01 
 1133.000  3.326081e-01 
 1134.000  2.153762e-01 
 1135.000  2.240994e-01 
 1136.000  3.422036e-01 
 1137.000  4.082950e-01 
 1138.000  4.729815e-01 
 1139.000  4.927507e-01 
 1140.000  4.803807e-01 
 1141.000  4.552915e-01 
 1142.000  4.464689e-01 
 1143.000  4.188830e-01 
 1144.000  3.879749e-01 
 1145.000  3.436272e-01 
 1146.000  3.540689e-01 
 1147.000  3.887894e-01 
 1148.000  4.198172e-01 
 1149.000  4.324083e-01 
 1150.000  4.330695e-01 
