  320.000  8.383815e-02 
  321.000  1.109781e-01 
  322.000  1.000733e-01 
  323.000  1.139455e-01 
  324.000  1.283477e-01 
  325.000  1.175714e-01 
  326.000  1.353977e-01 
  327.000  1.404982e-01 
  328.000  1.295502e-01 
  329.000  1.507846e-01 
  330.000  1.542333e-01 
  331.000  1.474311e-01 
  332.000  1.606429e-01 
  333.000  1.645554e-01 
  334.000  1.613410e-01 
  335.000  1.712431e-01 
  336.000  1.753010e-01 
  337.000  1.735876e-01 
  338.000  1.783635e-01 
  339.000  1.833310e-01 
  340.000  1.825120e-01 
  341.000  1.873662e-01 
  342.000  1.909389e-01 
  343.000  1.927405e-01 
  344.000  1.931092e-01 
  345.000  1.979971e-01 
  346.000  2.011009e-01 
  347.000  2.036414e-01 
  348.000  2.060290e-01 
  349.000  2.087200e-01 
  350.000  2.110277e-01 
  351.000  2.133329e-01 
  352.000  2.152291e-01 
  353.000  2.179332e-01 
  354.000  2.202423e-01 
  355.000  2.223970e-01 
  356.000  2.245018e-01 
  357.000  2.263794e-01 
  358.000  2.284043e-01 
  359.000  2.304319e-01 
  360.000  2.325133e-01 
  361.000  2.351497e-01 
  362.000  2.379030e-01 
  363.000  2.404461e-01 
  364.000  2.427927e-01 
  365.000  2.449991e-01 
  366.000  2.472605e-01 
  367.000  2.494185e-01 
  368.000  2.515616e-01 
  369.000  2.536908e-01 
  370.000  2.558024e-01 
  371.000  2.579019e-01 
  372.000  2.599883e-01 
  373.000  2.620612e-01 
  374.000  2.641048e-01 
  375.000  2.661127e-01 
  376.000  2.680560e-01 
  377.000  2.698960e-01 
  378.000  2.716078e-01 
  379.000  2.733498e-01 
  380.000  2.752689e-01 
  381.000  2.774575e-01 
  382.000  2.797300e-01 
  383.000  2.818831e-01 
  384.000  2.839291e-01 
  385.000  2.859039e-01 
  386.000  2.878312e-01 
  387.000  2.897303e-01 
  388.000  2.916080e-01 
  389.000  2.934730e-01 
  390.000  2.953257e-01 
  391.000  2.971620e-01 
  392.000  2.989872e-01 
  393.000  3.007999e-01 
  394.000  3.025982e-01 
  395.000  3.043805e-01 
  396.000  3.061535e-01 
  397.000  3.079082e-01 
  398.000  3.096490e-01 
  399.000  3.113772e-01 
  400.000  3.130835e-01 
  401.000  3.147853e-01 
  402.000  3.164754e-01 
  403.000  3.181530e-01 
  404.000  3.198176e-01 
  405.000  3.214658e-01 
  406.000  3.231049e-01 
  407.000  3.247329e-01 
  408.000  3.263484e-01 
  409.000  3.279498e-01 
  410.000  3.295377e-01 
  411.000  3.311114e-01 
  412.000  3.326699e-01 
  413.000  3.342210e-01 
  414.000  3.356622e-01 
  415.000  3.372228e-01 
  416.000  3.387652e-01 
  417.000  3.402833e-01 
  418.000  3.417679e-01 
  419.000  3.432375e-01 
  420.000  3.446952e-01 
  421.000  3.461455e-01 
  422.000  3.475882e-01 
  423.000  3.490213e-01 
  424.000  3.504389e-01 
  425.000  3.518251e-01 
  426.000  3.531989e-01 
  427.000  3.545619e-01 
  428.000  3.559016e-01 
  429.000  3.572237e-01 
  430.000  3.585316e-01 
  431.000  3.598306e-01 
  432.000  3.611171e-01 
  433.000  3.623923e-01 
  434.000  3.636578e-01 
  435.000  3.649119e-01 
  436.000  3.661527e-01 
  437.000  3.673811e-01 
  438.000  3.685963e-01 
  439.000  3.698030e-01 
  440.000  3.709911e-01 
  441.000  3.721649e-01 
  442.000  3.733209e-01 
  443.000  3.744603e-01 
  444.000  3.755824e-01 
  445.000  3.766811e-01 
  446.000  3.777500e-01 
  447.000  3.788716e-01 
  448.000  3.800751e-01 
  449.000  3.812940e-01 
  450.000  3.824903e-01 
  451.000  3.836406e-01 
  452.000  3.847513e-01 
  453.000  3.858400e-01 
  454.000  3.869096e-01 
  455.000  3.879177e-01 
  456.000  3.888449e-01 
  457.000  3.897729e-01 
  458.000  3.906888e-01 
  459.000  3.915858e-01 
  460.000  3.924761e-01 
  461.000  3.933573e-01 
  462.000  3.942221e-01 
  463.000  3.950837e-01 
  464.000  3.962059e-01 
  465.000  3.973119e-01 
  466.000  3.983991e-01 
  467.000  3.994617e-01 
  468.000  4.003277e-01 
  469.000  4.010738e-01 
  470.000  4.017603e-01 
  471.000  4.023784e-01 
  472.000  4.029035e-01 
  473.000  4.032716e-01 
  474.000  4.035739e-01 
  475.000  4.036515e-01 
  476.000  4.035018e-01 
  477.000  4.034988e-01 
  478.000  4.043737e-01 
  479.000  4.057063e-01 
  480.000  4.071457e-01 
  481.000  4.084378e-01 
  482.000  4.096505e-01 
  483.000  4.107054e-01 
  484.000  4.116124e-01 
  485.000  4.124240e-01 
  486.000  4.132898e-01 
  487.000  4.142017e-01 
  488.000  4.150847e-01 
  489.000  4.159518e-01 
  490.000  4.168090e-01 
  491.000  4.174806e-01 
  492.000  4.180946e-01 
  493.000  4.187058e-01 
  494.000  4.192999e-01 
  495.000  4.198941e-01 
  496.000  4.202003e-01 
  497.000  4.204950e-01 
  498.000  4.207854e-01 
  499.000  4.210602e-01 
  500.000  4.213307e-01 
  501.000  4.215711e-01 
  502.000  4.218116e-01 
  503.000  4.220492e-01 
  504.000  4.222758e-01 
  505.000  4.224901e-01 
  506.000  4.231178e-01 
  507.000  4.237639e-01 
  508.000  4.244093e-01 
  509.000  4.250474e-01 
  510.000  4.256721e-01 
  511.000  4.262323e-01 
  512.000  4.267735e-01 
  513.000  4.273116e-01 
  514.000  4.278432e-01 
  515.000  4.283703e-01 
  516.000  4.287469e-01 
  517.000  4.289884e-01 
  518.000  4.292232e-01 
  519.000  4.294536e-01 
  520.000  4.296818e-01 
  521.000  4.298863e-01 
  522.000  4.300338e-01 
  523.000  4.301401e-01 
  524.000  4.302500e-01 
  525.000  4.303366e-01 
  526.000  4.304581e-01 
  527.000  4.304777e-01 
  528.000  4.304560e-01 
  529.000  4.304330e-01 
  530.000  4.304152e-01 
  531.000  4.304006e-01 
  532.000  4.304334e-01 
  533.000  4.307297e-01 
  534.000  4.311040e-01 
  535.000  4.315266e-01 
  536.000  4.319351e-01 
  537.000  4.323089e-01 
  538.000  4.326432e-01 
  539.000  4.329530e-01 
  540.000  4.332437e-01 
  541.000  4.335259e-01 
  542.000  4.337958e-01 
  543.000  4.340561e-01 
  544.000  4.342530e-01 
  545.000  4.343981e-01 
  546.000  4.345365e-01 
  547.000  4.346788e-01 
  548.000  4.348140e-01 
  549.000  4.349470e-01 
  550.000  4.350116e-01 
  551.000  4.350082e-01 
  552.000  4.350074e-01 
  553.000  4.349926e-01 
  554.000  4.349714e-01 
  555.000  4.349464e-01 
  556.000  4.348956e-01 
  557.000  4.348003e-01 
  558.000  4.346973e-01 
  559.000  4.345823e-01 
  560.000  4.344382e-01 
  561.000  4.342673e-01 
  562.000  4.338763e-01 
  563.000  4.336632e-01 
  564.000  4.333777e-01 
  565.000  4.329309e-01 
  566.000  4.326648e-01 
  567.000  4.316706e-01 
  568.000  4.289005e-01 
  569.000  4.227619e-01 
  570.000  4.236017e-01 
  571.000  4.276853e-01 
  572.000  4.235611e-01 
  573.000  4.245546e-01 
  574.000  4.247617e-01 
  575.000  4.244564e-01 
  576.000  4.246317e-01 
  577.000  4.261393e-01 
  578.000  4.279803e-01 
  579.000  4.296750e-01 
  580.000  4.311980e-01 
  581.000  4.334091e-01 
  582.000  4.349034e-01 
  583.000  4.358221e-01 
  584.000  4.366798e-01 
  585.000  4.372824e-01 
  586.000  4.379435e-01 
  587.000  4.364755e-01 
  588.000  4.282236e-01 
  589.000  4.152440e-01 
  590.000  4.146020e-01 
  591.000  4.237348e-01 
  592.000  4.191325e-01 
  593.000  4.295572e-01 
  594.000  4.274381e-01 
  595.000  4.203764e-01 
  596.000  4.304604e-01 
  597.000  4.279674e-01 
  598.000  4.319515e-01 
  599.000  4.334456e-01 
  600.000  4.370383e-01 
  601.000  4.392621e-01 
  602.000  4.398631e-01 
  603.000  4.409794e-01 
  604.000  4.422544e-01 
  605.000  4.431917e-01 
  606.000  4.438402e-01 
  607.000  4.444658e-01 
  608.000  4.450485e-01 
  609.000  4.456050e-01 
  610.000  4.461789e-01 
  611.000  4.468164e-01 
  612.000  4.474409e-01 
  613.000  4.480461e-01 
  614.000  4.486336e-01 
  615.000  4.492198e-01 
  616.000  4.497846e-01 
  617.000  4.503183e-01 
  618.000  4.507658e-01 
  619.000  4.511444e-01 
  620.000  4.514951e-01 
  621.000  4.517963e-01 
  622.000  4.520482e-01 
  623.000  4.522166e-01 
  624.000  4.523956e-01 
  625.000  4.525443e-01 
  626.000  4.521755e-01 
  627.000  4.488573e-01 
  628.000  4.319731e-01 
  629.000  4.418839e-01 
  630.000  4.450253e-01 
  631.000  4.484183e-01 
  632.000  4.472835e-01 
  633.000  4.522554e-01 
  634.000  4.545287e-01 
  635.000  4.554733e-01 
  636.000  4.571187e-01 
  637.000  4.584488e-01 
  638.000  4.610568e-01 
  639.000  4.619572e-01 
  640.000  4.636708e-01 
  641.000  4.644305e-01 
  642.000  4.657513e-01 
  643.000  4.651211e-01 
  644.000  4.657085e-01 
  645.000  4.645610e-01 
  646.000  4.574589e-01 
  647.000  4.526614e-01 
  648.000  4.472689e-01 
  649.000  4.527572e-01 
  650.000  4.630075e-01 
  651.000  4.633748e-01 
  652.000  4.550364e-01 
  653.000  4.654309e-01 
  654.000  4.646994e-01 
  655.000  4.614077e-01 
  656.000  4.630579e-01 
  657.000  4.654106e-01 
  658.000  4.692276e-01 
  659.000  4.716133e-01 
  660.000  4.728664e-01 
  661.000  4.757151e-01 
  662.000  4.771857e-01 
  663.000  4.773615e-01 
  664.000  4.781452e-01 
  665.000  4.789074e-01 
  666.000  4.797650e-01 
  667.000  4.805062e-01 
  668.000  4.814155e-01 
  669.000  4.820471e-01 
  670.000  4.825986e-01 
  671.000  4.831836e-01 
  672.000  4.836993e-01 
  673.000  4.842046e-01 
  674.000  4.847050e-01 
  675.000  4.852069e-01 
  676.000  4.856762e-01 
  677.000  4.861083e-01 
  678.000  4.865421e-01 
  679.000  4.868850e-01 
  680.000  4.868334e-01 
  681.000  4.867689e-01 
  682.000  4.869962e-01 
  683.000  4.871231e-01 
  684.000  4.867148e-01 
  685.000  4.875438e-01 
  686.000  4.852360e-01 
  687.000  4.072373e-01 
  688.000  4.316619e-01 
  689.000  4.245732e-01 
  690.000  4.374164e-01 
  691.000  4.538218e-01 
  692.000  4.630211e-01 
  693.000  4.562140e-01 
  694.000  4.476328e-01 
  695.000  4.554527e-01 
  696.000  4.600914e-01 
  697.000  4.801509e-01 
  698.000  4.760371e-01 
  699.000  4.581113e-01 
  700.000  4.611127e-01 
  701.000  4.571744e-01 
  702.000  4.601623e-01 
  703.000  4.752757e-01 
  704.000  4.759957e-01 
  705.000  4.698308e-01 
  706.000  4.711013e-01 
  707.000  4.733852e-01 
  708.000  4.758548e-01 
  709.000  4.808565e-01 
  710.000  4.756365e-01 
  711.000  4.810651e-01 
  712.000  4.857060e-01 
  713.000  4.820493e-01 
  714.000  4.808276e-01 
  715.000  4.748346e-01 
  716.000  4.685619e-01 
  717.000  4.298087e-01 
  718.000  4.064764e-01 
  719.000  3.981610e-01 
  720.000  3.858978e-01 
  721.000  4.409521e-01 
  722.000  4.611482e-01 
  723.000  4.497707e-01 
  724.000  4.178658e-01 
  725.000  4.225173e-01 
  726.000  4.210732e-01 
  727.000  4.255917e-01 
  728.000  4.207479e-01 
  729.000  4.329502e-01 
  730.000  4.309039e-01 
  731.000  4.284272e-01 
  732.000  4.491676e-01 
  733.000  4.693836e-01 
  734.000  4.792515e-01 
  735.000  4.758257e-01 
  736.000  4.694122e-01 
  737.000  4.742898e-01 
  738.000  4.810079e-01 
  739.000  4.839245e-01 
  740.000  4.903865e-01 
  741.000  4.941395e-01 
  742.000  4.957290e-01 
  743.000  4.992016e-01 
  744.000  5.005831e-01 
  745.000  5.018707e-01 
  746.000  5.027625e-01 
  747.000  5.030251e-01 
  748.000  5.038933e-01 
  749.000  5.043991e-01 
  750.000  5.041379e-01 
  751.000  5.043194e-01 
  752.000  5.051796e-01 
  753.000  5.055462e-01 
  754.000  5.058319e-01 
  755.000  5.060125e-01 
  756.000  5.062027e-01 
  757.000  5.063338e-01 
  758.000  5.052089e-01 
  759.000  4.625341e-01 
  760.000  1.734153e-01 
  761.000  1.495479e-01 
  762.000  3.061883e-01 
  763.000  2.549859e-01 
  764.000  2.801061e-01 
  765.000  3.389398e-01 
  766.000  4.129643e-01 
  767.000  4.514857e-01 
  768.000  4.770839e-01 
  769.000  4.941549e-01 
  770.000  5.034876e-01 
  771.000  5.077813e-01 
  772.000  5.088825e-01 
  773.000  5.093700e-01 
  774.000  5.100104e-01 
  775.000  5.104291e-01 
  776.000  5.107334e-01 
  777.000  5.108086e-01 
  778.000  5.107753e-01 
  779.000  5.107332e-01 
  780.000  5.106894e-01 
  781.000  5.110873e-01 
  782.000  5.110308e-01 
  783.000  5.109880e-01 
  784.000  5.107101e-01 
  785.000  5.093136e-01 
  786.000  5.072483e-01 
  787.000  5.023764e-01 
  788.000  4.998203e-01 
  789.000  4.907392e-01 
  790.000  4.899598e-01 
  791.000  4.916733e-01 
  792.000  4.932656e-01 
  793.000  4.969727e-01 
  794.000  5.048472e-01 
  795.000  5.000379e-01 
  796.000  4.873036e-01 
  797.000  4.909376e-01 
  798.000  4.989981e-01 
  799.000  4.971634e-01 
  800.000  4.913064e-01 
  801.000  4.920074e-01 
  802.000  4.914213e-01 
  803.000  4.922842e-01 
  804.000  4.950501e-01 
  805.000  5.003487e-01 
  806.000  5.035246e-01 
  807.000  5.036708e-01 
  808.000  5.018751e-01 
  809.000  4.996662e-01 
  810.000  4.972410e-01 
  811.000  4.922830e-01 
  812.000  4.856229e-01 
  813.000  4.775078e-01 
  814.000  4.668714e-01 
  815.000  4.537318e-01 
  816.000  4.371938e-01 
  817.000  4.380490e-01 
  818.000  4.393791e-01 
  819.000  4.448523e-01 
  820.000  4.631903e-01 
  821.000  4.843890e-01 
  822.000  4.682440e-01 
  823.000  4.242643e-01 
  824.000  4.612521e-01 
  825.000  4.856370e-01 
  826.000  4.815228e-01 
  827.000  4.784309e-01 
  828.000  4.624120e-01 
  829.000  4.681538e-01 
  830.000  4.746376e-01 
  831.000  4.761866e-01 
  832.000  4.769173e-01 
  833.000  4.806949e-01 
  834.000  4.851590e-01 
  835.000  4.940241e-01 
  836.000  4.911999e-01 
  837.000  4.909261e-01 
  838.000  4.952438e-01 
  839.000  4.978789e-01 
  840.000  4.988385e-01 
  841.000  4.960040e-01 
  842.000  4.985645e-01 
  843.000  5.046521e-01 
  844.000  5.074298e-01 
  845.000  5.087273e-01 
  846.000  5.100926e-01 
  847.000  5.115963e-01 
  848.000  5.091248e-01 
  849.000  5.094426e-01 
  850.000  5.082222e-01 
  851.000  5.067703e-01 
  852.000  5.069183e-01 
  853.000  5.093265e-01 
  854.000  5.092034e-01 
  855.000  5.104185e-01 
  856.000  5.129428e-01 
  857.000  5.138191e-01 
  858.000  5.144109e-01 
  859.000  5.156114e-01 
  860.000  5.162032e-01 
  861.000  5.163167e-01 
  862.000  5.167192e-01 
  863.000  5.167713e-01 
  864.000  5.170473e-01 
  865.000  5.172730e-01 
  866.000  5.173327e-01 
  867.000  5.172912e-01 
  868.000  5.173263e-01 
  869.000  5.174010e-01 
  870.000  5.173454e-01 
  871.000  5.174161e-01 
  872.000  5.175894e-01 
  873.000  5.174154e-01 
  874.000  5.173210e-01 
  875.000  5.172983e-01 
  876.000  5.169953e-01 
  877.000  5.169035e-01 
  878.000  5.161563e-01 
  879.000  5.161048e-01 
  880.000  5.154613e-01 
  881.000  5.150666e-01 
  882.000  5.147752e-01 
  883.000  5.150677e-01 
  884.000  5.152210e-01 
  885.000  5.138784e-01 
  886.000  5.121980e-01 
  887.000  5.136545e-01 
  888.000  5.135692e-01 
  889.000  5.137992e-01 
  890.000  5.128878e-01 
  891.000  5.105908e-01 
  892.000  5.057526e-01 
  893.000  4.912020e-01 
  894.000  4.839461e-01 
  895.000  4.622573e-01 
  896.000  4.429914e-01 
  897.000  4.229185e-01 
  898.000  4.136272e-01 
  899.000  3.881701e-01 
  900.000  3.917124e-01 
  901.000  3.852092e-01 
  902.000  3.865450e-01 
  903.000  4.295031e-01 
  904.000  4.565170e-01 
  905.000  4.556256e-01 
  906.000  4.387216e-01 
  907.000  4.093625e-01 
  908.000  3.903786e-01 
  909.000  3.911163e-01 
  910.000  3.939300e-01 
  911.000  4.064951e-01 
  912.000  4.004115e-01 
  913.000  3.743298e-01 
  914.000  3.871770e-01 
  915.000  3.974570e-01 
  916.000  4.003094e-01 
  917.000  4.060021e-01 
  918.000  4.133730e-01 
  919.000  4.385857e-01 
  920.000  4.580489e-01 
  921.000  4.538337e-01 
  922.000  4.534930e-01 
  923.000  4.480798e-01 
  924.000  4.351414e-01 
  925.000  4.339203e-01 
  926.000  4.332029e-01 
  927.000  4.179407e-01 
  928.000  3.948617e-01 
  929.000  3.624062e-01 
  930.000  3.226696e-01 
  931.000  2.803585e-01 
  932.000  2.274220e-01 
  933.000  1.914285e-01 
  934.000  1.572237e-01 
  935.000  1.535044e-01 
  936.000  1.662774e-01 
  937.000  1.632266e-01 
  938.000  2.023430e-01 
  939.000  3.150055e-01 
  940.000  3.334203e-01 
  941.000  3.180133e-01 
  942.000  2.808174e-01 
  943.000  2.224212e-01 
  944.000  2.183416e-01 
  945.000  2.384454e-01 
  946.000  2.398145e-01 
  947.000  2.589060e-01 
  948.000  2.702880e-01 
  949.000  2.690916e-01 
  950.000  2.721081e-01 
  951.000  2.979890e-01 
  952.000  2.708960e-01 
  953.000  2.903794e-01 
  954.000  3.118312e-01 
  955.000  2.950633e-01 
  956.000  2.918439e-01 
  957.000  3.466284e-01 
  958.000  3.542774e-01 
  959.000  3.452419e-01 
  960.000  3.427785e-01 
  961.000  3.383186e-01 
  962.000  3.427300e-01 
  963.000  3.739933e-01 
  964.000  3.786903e-01 
  965.000  3.758477e-01 
  966.000  3.777515e-01 
  967.000  4.007512e-01 
  968.000  4.400639e-01 
  969.000  4.582708e-01 
  970.000  4.593332e-01 
  971.000  4.589227e-01 
  972.000  4.537421e-01 
  973.000  4.418800e-01 
  974.000  4.276080e-01 
  975.000  4.185289e-01 
  976.000  4.296560e-01 
  977.000  4.482595e-01 
  978.000  4.468198e-01 
  979.000  4.517663e-01 
  980.000  4.710910e-01 
  981.000  4.754561e-01 
  982.000  4.712114e-01 
  983.000  4.812637e-01 
  984.000  4.916636e-01 
  985.000  4.976138e-01 
  986.000  5.053136e-01 
  987.000  5.086783e-01 
  988.000  5.094655e-01 
  989.000  5.099705e-01 
  990.000  5.107931e-01 
  991.000  5.136705e-01 
  992.000  5.144883e-01 
  993.000  5.147945e-01 
  994.000  5.173903e-01 
  995.000  5.189324e-01 
  996.000  5.189135e-01 
  997.000  5.178168e-01 
  998.000  5.167030e-01 
  999.000  5.162182e-01 
 1000.000  5.166081e-01 
 1001.000  5.138550e-01 
 1002.000  5.094606e-01 
 1003.000  5.105004e-01 
 1004.000  5.130243e-01 
 1005.000  5.141777e-01 
 1006.000  5.145436e-01 
 1007.000  5.136999e-01 
 1008.000  5.101183e-01 
 1009.000  5.053418e-01 
 1010.000  5.074664e-01 
 1011.000  5.125450e-01 
 1012.000  5.144836e-01 
 1013.000  5.160097e-01 
 1014.000  5.166491e-01 
 1015.000  5.167698e-01 
 1016.000  5.174587e-01 
 1017.000  5.178578e-01 
 1018.000  5.169907e-01 
 1019.000  5.152185e-01 
 1020.000  5.158373e-01 
 1021.000  5.171115e-01 
 1022.000  5.149632e-01 
 1023.000  5.131679e-01 
 1024.000  5.120922e-01 
 1025.000  5.153760e-01 
 1026.000  5.168254e-01 
 1027.000  5.162057e-01 
 1028.000  5.167095e-01 
 1029.000  5.179608e-01 
 1030.000  5.192748e-01 
 1031.000  5.199389e-01 
 1032.000  5.204590e-01 
 1033.000  5.206227e-01 
 1034.000  5.209343e-01 
 1035.000  5.210828e-01 
 1036.000  5.209859e-01 
 1037.000  5.210295e-01 
 1038.000  5.211476e-01 
 1039.000  5.209238e-01 
 1040.000  5.207330e-01 
 1041.000  5.205822e-01 
 1042.000  5.205407e-01 
 1043.000  5.205378e-01 
 1044.000  5.204051e-01 
 1045.000  5.199822e-01 
 1046.000  5.196992e-01 
 1047.000  5.193649e-01 
 1048.000  5.189524e-01 
 1049.000  5.185708e-01 
 1050.000  5.181590e-01 
 1051.000  5.175368e-01 
 1052.000  5.171788e-01 
 1053.000  5.170746e-01 
 1054.000  5.164486e-01 
 1055.000  5.158114e-01 
 1056.000  5.152822e-01 
 1057.000  5.141017e-01 
 1058.000  5.118499e-01 
 1059.000  5.119498e-01 
 1060.000  5.130117e-01 
 1061.000  5.127078e-01 
 1062.000  5.112942e-01 
 1063.000  5.107667e-01 
 1064.000  5.095750e-01 
 1065.000  5.083641e-01 
 1066.000  5.084766e-01 
 1067.000  5.077285e-01 
 1068.000  5.050279e-01 
 1069.000  5.037500e-01 
 1070.000  5.042139e-01 
 1071.000  5.025142e-01 
 1072.000  5.007663e-01 
 1073.000  5.004650e-01 
 1074.000  5.007761e-01 
 1075.000  5.034677e-01 
 1076.000  5.018435e-01 
 1077.000  4.996517e-01 
 1078.000  4.970657e-01 
 1079.000  4.967521e-01 
 1080.000  4.898013e-01 
 1081.000  4.894286e-01 
 1082.000  4.925066e-01 
 1083.000  4.888210e-01 
 1084.000  4.847991e-01 
 1085.000  4.752524e-01 
 1086.000  4.774806e-01 
 1087.000  4.880011e-01 
 1088.000  4.884343e-01 
 1089.000  4.756199e-01 
 1090.000  4.732111e-01 
 1091.000  4.756153e-01 
 1092.000  4.692789e-01 
 1093.000  4.552579e-01 
 1094.000  4.491979e-01 
 1095.000  4.501425e-01 
 1096.000  4.509546e-01 
 1097.000  4.481088e-01 
 1098.000  4.147639e-01 
 1099.000  3.870051e-01 
 1100.000  3.888169e-01 
 1101.000  3.925499e-01 
 1102.000  3.906066e-01 
 1103.000  3.930184e-01 
 1104.000  3.883323e-01 
 1105.000  3.767662e-01 
 1106.000  3.653553e-01 
 1107.000  3.679621e-01 
 1108.000  3.697271e-01 
 1109.000  3.790801e-01 
 1110.000  3.773169e-01 
 1111.000  3.715970e-01 
 1112.000  3.475739e-01 
 1113.000  3.152588e-01 
 1114.000  3.057207e-01 
 1115.000  2.678131e-01 
 1116.000  2.454087e-01 
 1117.000  1.974865e-01 
 1118.000  1.565220e-01 
 1119.000  1.357926e-01 
 1120.000  1.122848e-01 
 1121.000  1.071936e-01 
 1122.000  8.572783e-02 
 1123.000  9.655779e-02 
 1124.000  1.041753e-01 
 1125.000  9.999113e-02 
 1126.000  9.843514e-02 
 1127.000  1.004904e-01 
 1128.000  1.044594e-01 
 1129.000  1.271470e-01 
 1130.000  1.852820e-01 
 1131.000  2.035925e-01 
 1132.000  1.784290e-01 
 1133.000  1.365912e-01 
 1134.000  7.207808e-02 
 1135.000  7.651320e-02 
 1136.000  1.431158e-01 
 1137.000  1.860158e-01 
 1138.000  2.321765e-01 
 1139.000  2.482898e-01 
 1140.000  2.391430e-01 
 1141.000  2.214867e-01 
 1142.000  2.150666e-01 
 1143.000  1.955036e-01 
 1144.000  1.745734e-01 
 1145.000  1.458394e-01 
 1146.000  1.525029e-01 
 1147.000  1.752553e-01 
 1148.000  1.964756e-01 
 1149.000  2.056132e-01 
 1150.000  2.068586e-01 
