  320.000  9.464364e-02 
  321.000  1.238031e-01 
  322.000  1.121280e-01 
  323.000  1.269716e-01 
  324.000  1.423015e-01 
  325.000  1.308384e-01 
  326.000  1.497785e-01 
  327.000  1.551777e-01 
  328.000  1.435780e-01 
  329.000  1.660415e-01 
  330.000  1.696766e-01 
  331.000  1.625033e-01 
  332.000  1.764237e-01 
  333.000  1.805366e-01 
  334.000  1.771579e-01 
  335.000  1.875573e-01 
  336.000  1.918115e-01 
  337.000  1.900157e-01 
  338.000  1.950194e-01 
  339.000  2.002178e-01 
  340.000  1.993612e-01 
  341.000  2.044363e-01 
  342.000  2.081679e-01 
  343.000  2.100486e-01 
  344.000  2.104334e-01 
  345.000  2.155316e-01 
  346.000  2.187663e-01 
  347.000  2.214122e-01 
  348.000  2.238977e-01 
  349.000  2.266975e-01 
  350.000  2.290973e-01 
  351.000  2.314934e-01 
  352.000  2.334636e-01 
  353.000  2.362719e-01 
  354.000  2.386688e-01 
  355.000  2.409044e-01 
  356.000  2.430874e-01 
  357.000  2.450341e-01 
  358.000  2.471327e-01 
  359.000  2.492333e-01 
  360.000  2.513888e-01 
  361.000  2.541179e-01 
  362.000  2.569667e-01 
  363.000  2.595967e-01 
  364.000  2.620225e-01 
  365.000  2.643024e-01 
  366.000  2.666382e-01 
  367.000  2.688664e-01 
  368.000  2.710784e-01 
  369.000  2.732753e-01 
  370.000  2.754533e-01 
  371.000  2.776180e-01 
  372.000  2.797685e-01 
  373.000  2.819043e-01 
  374.000  2.840092e-01 
  375.000  2.860768e-01 
  376.000  2.880771e-01 
  377.000  2.899705e-01 
  378.000  2.917316e-01 
  379.000  2.935233e-01 
  380.000  2.954965e-01 
  381.000  2.977460e-01 
  382.000  3.000811e-01 
  383.000  3.022927e-01 
  384.000  3.043937e-01 
  385.000  3.064209e-01 
  386.000  3.083987e-01 
  387.000  3.103471e-01 
  388.000  3.122731e-01 
  389.000  3.141854e-01 
  390.000  3.160847e-01 
  391.000  3.179666e-01 
  392.000  3.198368e-01 
  393.000  3.216935e-01 
  394.000  3.235351e-01 
  395.000  3.253598e-01 
  396.000  3.271746e-01 
  397.000  3.289702e-01 
  398.000  3.307511e-01 
  399.000  3.325187e-01 
  400.000  3.342635e-01 
  401.000  3.360034e-01 
  402.000  3.377309e-01 
  403.000  3.394451e-01 
  404.000  3.411458e-01 
  405.000  3.428293e-01 
  406.000  3.445031e-01 
  407.000  3.461653e-01 
  408.000  3.478144e-01 
  409.000  3.494487e-01 
  410.000  3.510689e-01 
  411.000  3.526743e-01 
  412.000  3.542639e-01 
  413.000  3.558456e-01 
  414.000  3.573149e-01 
  415.000  3.589057e-01 
  416.000  3.604777e-01 
  417.000  3.620245e-01 
  418.000  3.635370e-01 
  419.000  3.650340e-01 
  420.000  3.665185e-01 
  421.000  3.679952e-01 
  422.000  3.694638e-01 
  423.000  3.709226e-01 
  424.000  3.723652e-01 
  425.000  3.737757e-01 
  426.000  3.751733e-01 
  427.000  3.765597e-01 
  428.000  3.779222e-01 
  429.000  3.792666e-01 
  430.000  3.805963e-01 
  431.000  3.819168e-01 
  432.000  3.832243e-01 
  433.000  3.845203e-01 
  434.000  3.858061e-01 
  435.000  3.870801e-01 
  436.000  3.883406e-01 
  437.000  3.895881e-01 
  438.000  3.908221e-01 
  439.000  3.920473e-01 
  440.000  3.932535e-01 
  441.000  3.944450e-01 
  442.000  3.956183e-01 
  443.000  3.967745e-01 
  444.000  3.979131e-01 
  445.000  3.990278e-01 
  446.000  4.001121e-01 
  447.000  4.012498e-01 
  448.000  4.024703e-01 
  449.000  4.037063e-01 
  450.000  4.049192e-01 
  451.000  4.060854e-01 
  452.000  4.072112e-01 
  453.000  4.083146e-01 
  454.000  4.093986e-01 
  455.000  4.104201e-01 
  456.000  4.113595e-01 
  457.000  4.122996e-01 
  458.000  4.132274e-01 
  459.000  4.141359e-01 
  460.000  4.150375e-01 
  461.000  4.159299e-01 
  462.000  4.168057e-01 
  463.000  4.176780e-01 
  464.000  4.188141e-01 
  465.000  4.199337e-01 
  466.000  4.210340e-01 
  467.000  4.221094e-01 
  468.000  4.229858e-01 
  469.000  4.237407e-01 
  470.000  4.244352e-01 
  471.000  4.250606e-01 
  472.000  4.255917e-01 
  473.000  4.259641e-01 
  474.000  4.262699e-01 
  475.000  4.263484e-01 
  476.000  4.261971e-01 
  477.000  4.261940e-01 
  478.000  4.270789e-01 
  479.000  4.284267e-01 
  480.000  4.298822e-01 
  481.000  4.311887e-01 
  482.000  4.324147e-01 
  483.000  4.334809e-01 
  484.000  4.343977e-01 
  485.000  4.352179e-01 
  486.000  4.360929e-01 
  487.000  4.370143e-01 
  488.000  4.379064e-01 
  489.000  4.387825e-01 
  490.000  4.396484e-01 
  491.000  4.403268e-01 
  492.000  4.409470e-01 
  493.000  4.415643e-01 
  494.000  4.421643e-01 
  495.000  4.427643e-01 
  496.000  4.430736e-01 
  497.000  4.433711e-01 
  498.000  4.436644e-01 
  499.000  4.439418e-01 
  500.000  4.442150e-01 
  501.000  4.444577e-01 
  502.000  4.447006e-01 
  503.000  4.449404e-01 
  504.000  4.451692e-01 
  505.000  4.453855e-01 
  506.000  4.460192e-01 
  507.000  4.466715e-01 
  508.000  4.473229e-01 
  509.000  4.479670e-01 
  510.000  4.485975e-01 
  511.000  4.491629e-01 
  512.000  4.497090e-01 
  513.000  4.502521e-01 
  514.000  4.507885e-01 
  515.000  4.513203e-01 
  516.000  4.517002e-01 
  517.000  4.519439e-01 
  518.000  4.521808e-01 
  519.000  4.524133e-01 
  520.000  4.526435e-01 
  521.000  4.528498e-01 
  522.000  4.529985e-01 
  523.000  4.531058e-01 
  524.000  4.532167e-01 
  525.000  4.533041e-01 
  526.000  4.534267e-01 
  527.000  4.534464e-01 
  528.000  4.534245e-01 
  529.000  4.534013e-01 
  530.000  4.533833e-01 
  531.000  4.533686e-01 
  532.000  4.534017e-01 
  533.000  4.537006e-01 
  534.000  4.540782e-01 
  535.000  4.545044e-01 
  536.000  4.549165e-01 
  537.000  4.552935e-01 
  538.000  4.556306e-01 
  539.000  4.559431e-01 
  540.000  4.562362e-01 
  541.000  4.565208e-01 
  542.000  4.567930e-01 
  543.000  4.570555e-01 
  544.000  4.572541e-01 
  545.000  4.574004e-01 
  546.000  4.575400e-01 
  547.000  4.576835e-01 
  548.000  4.578198e-01 
  549.000  4.579539e-01 
  550.000  4.580190e-01 
  551.000  4.580156e-01 
  552.000  4.580148e-01 
  553.000  4.579999e-01 
  554.000  4.579785e-01 
  555.000  4.579532e-01 
  556.000  4.579021e-01 
  557.000  4.578060e-01 
  558.000  4.577021e-01 
  559.000  4.575861e-01 
  560.000  4.574408e-01 
  561.000  4.572683e-01 
  562.000  4.568576e-01 
  563.000  4.566414e-01 
  564.000  4.563493e-01 
  565.000  4.558870e-01 
  566.000  4.556261e-01 
  567.000  4.545718e-01 
  568.000  4.515442e-01 
  569.000  4.448008e-01 
  570.000  4.457728e-01 
  571.000  4.504914e-01 
  572.000  4.458285e-01 
  573.000  4.469775e-01 
  574.000  4.472459e-01 
  575.000  4.469317e-01 
  576.000  4.471117e-01 
  577.000  4.487497e-01 
  578.000  4.507469e-01 
  579.000  4.525231e-01 
  580.000  4.540535e-01 
  581.000  4.563225e-01 
  582.000  4.578780e-01 
  583.000  4.587132e-01 
  584.000  4.595494e-01 
  585.000  4.601202e-01 
  586.000  4.607610e-01 
  587.000  4.590509e-01 
  588.000  4.498664e-01 
  589.000  4.355067e-01 
  590.000  4.347629e-01 
  591.000  4.447932e-01 
  592.000  4.396898e-01 
  593.000  4.511545e-01 
  594.000  4.487888e-01 
  595.000  4.409785e-01 
  596.000  4.521160e-01 
  597.000  4.493989e-01 
  598.000  4.538271e-01 
  599.000  4.555098e-01 
  600.000  4.595110e-01 
  601.000  4.621617e-01 
  602.000  4.627705e-01 
  603.000  4.639244e-01 
  604.000  4.652740e-01 
  605.000  4.662471e-01 
  606.000  4.669081e-01 
  607.000  4.675452e-01 
  608.000  4.681336e-01 
  609.000  4.686950e-01 
  610.000  4.692731e-01 
  611.000  4.699152e-01 
  612.000  4.705442e-01 
  613.000  4.711537e-01 
  614.000  4.717454e-01 
  615.000  4.723356e-01 
  616.000  4.729044e-01 
  617.000  4.734417e-01 
  618.000  4.738923e-01 
  619.000  4.742735e-01 
  620.000  4.746265e-01 
  621.000  4.749298e-01 
  622.000  4.751833e-01 
  623.000  4.753529e-01 
  624.000  4.755329e-01 
  625.000  4.756823e-01 
  626.000  4.752681e-01 
  627.000  4.716272e-01 
  628.000  4.543430e-01 
  629.000  4.643428e-01 
  630.000  4.677884e-01 
  631.000  4.712603e-01 
  632.000  4.697757e-01 
  633.000  4.750793e-01 
  634.000  4.774295e-01 
  635.000  4.784992e-01 
  636.000  4.800098e-01 
  637.000  4.813509e-01 
  638.000  4.841079e-01 
  639.000  4.849902e-01 
  640.000  4.867714e-01 
  641.000  4.875659e-01 
  642.000  4.888738e-01 
  643.000  4.881019e-01 
  644.000  4.886756e-01 
  645.000  4.873303e-01 
  646.000  4.794425e-01 
  647.000  4.740998e-01 
  648.000  4.681109e-01 
  649.000  4.740849e-01 
  650.000  4.853056e-01 
  651.000  4.856590e-01 
  652.000  4.764389e-01 
  653.000  4.878210e-01 
  654.000  4.869670e-01 
  655.000  4.832970e-01 
  656.000  4.850628e-01 
  657.000  4.876061e-01 
  658.000  4.917583e-01 
  659.000  4.943354e-01 
  660.000  4.956653e-01 
  661.000  4.987605e-01 
  662.000  5.003328e-01 
  663.000  5.004755e-01 
  664.000  5.012922e-01 
  665.000  5.020805e-01 
  666.000  5.029763e-01 
  667.000  5.037426e-01 
  668.000  5.046873e-01 
  669.000  5.053310e-01 
  670.000  5.058879e-01 
  671.000  5.064813e-01 
  672.000  5.069997e-01 
  673.000  5.075070e-01 
  674.000  5.080090e-01 
  675.000  5.085127e-01 
  676.000  5.089829e-01 
  677.000  5.094160e-01 
  678.000  5.098510e-01 
  679.000  5.101880e-01 
  680.000  5.101000e-01 
  681.000  5.099893e-01 
  682.000  5.102006e-01 
  683.000  5.102978e-01 
  684.000  5.098105e-01 
  685.000  5.106836e-01 
  686.000  5.083026e-01 
  687.000  4.284255e-01 
  688.000  4.535199e-01 
  689.000  4.461747e-01 
  690.000  4.593663e-01 
  691.000  4.759947e-01 
  692.000  4.849872e-01 
  693.000  4.768151e-01 
  694.000  4.669875e-01 
  695.000  4.753321e-01 
  696.000  4.803044e-01 
  697.000  5.021780e-01 
  698.000  4.976388e-01 
  699.000  4.780158e-01 
  700.000  4.812647e-01 
  701.000  4.769386e-01 
  702.000  4.801767e-01 
  703.000  4.966692e-01 
  704.000  4.974332e-01 
  705.000  4.906740e-01 
  706.000  4.920433e-01 
  707.000  4.945203e-01 
  708.000  4.972010e-01 
  709.000  5.026509e-01 
  710.000  4.969221e-01 
  711.000  5.028379e-01 
  712.000  5.078936e-01 
  713.000  5.038705e-01 
  714.000  5.025092e-01 
  715.000  4.959244e-01 
  716.000  4.890243e-01 
  717.000  4.467291e-01 
  718.000  4.213298e-01 
  719.000  4.122738e-01 
  720.000  3.989840e-01 
  721.000  4.587405e-01 
  722.000  4.807377e-01 
  723.000  4.683114e-01 
  724.000  4.335779e-01 
  725.000  4.386048e-01 
  726.000  4.370269e-01 
  727.000  4.419271e-01 
  728.000  4.366570e-01 
  729.000  4.499123e-01 
  730.000  4.476857e-01 
  731.000  4.449930e-01 
  732.000  4.675534e-01 
  733.000  4.895969e-01 
  734.000  5.003698e-01 
  735.000  4.966182e-01 
  736.000  4.896070e-01 
  737.000  4.949239e-01 
  738.000  5.022530e-01 
  739.000  5.054320e-01 
  740.000  5.124888e-01 
  741.000  5.165851e-01 
  742.000  5.183151e-01 
  743.000  5.221050e-01 
  744.000  5.238291e-01 
  745.000  5.250166e-01 
  746.000  5.260552e-01 
  747.000  5.262583e-01 
  748.000  5.271909e-01 
  749.000  5.277213e-01 
  750.000  5.274228e-01 
  751.000  5.276043e-01 
  752.000  5.285200e-01 
  753.000  5.289009e-01 
  754.000  5.291948e-01 
  755.000  5.293756e-01 
  756.000  5.295667e-01 
  757.000  5.296981e-01 
  758.000  5.285617e-01 
  759.000  4.849187e-01 
  760.000  1.861282e-01 
  761.000  1.610803e-01 
  762.000  3.241860e-01 
  763.000  2.711581e-01 
  764.000  2.971993e-01 
  765.000  3.579831e-01 
  766.000  4.341050e-01 
  767.000  4.735828e-01 
  768.000  4.997693e-01 
  769.000  5.172133e-01 
  770.000  5.267152e-01 
  771.000  5.311133e-01 
  772.000  5.322350e-01 
  773.000  5.327312e-01 
  774.000  5.333731e-01 
  775.000  5.337932e-01 
  776.000  5.340999e-01 
  777.000  5.341688e-01 
  778.000  5.341242e-01 
  779.000  5.340719e-01 
  780.000  5.340183e-01 
  781.000  5.344387e-01 
  782.000  5.343716e-01 
  783.000  5.343192e-01 
  784.000  5.340106e-01 
  785.000  5.324751e-01 
  786.000  5.301982e-01 
  787.000  5.248701e-01 
  788.000  5.220710e-01 
  789.000  5.121570e-01 
  790.000  5.112983e-01 
  791.000  5.131584e-01 
  792.000  5.148880e-01 
  793.000  5.189247e-01 
  794.000  5.275102e-01 
  795.000  5.222540e-01 
  796.000  5.083609e-01 
  797.000  5.123144e-01 
  798.000  5.210974e-01 
  799.000  5.190893e-01 
  800.000  5.126955e-01 
  801.000  5.134526e-01 
  802.000  5.128067e-01 
  803.000  5.137411e-01 
  804.000  5.167512e-01 
  805.000  5.225241e-01 
  806.000  5.259832e-01 
  807.000  5.261360e-01 
  808.000  5.241691e-01 
  809.000  5.217510e-01 
  810.000  5.190959e-01 
  811.000  5.136788e-01 
  812.000  5.064059e-01 
  813.000  4.975518e-01 
  814.000  4.859596e-01 
  815.000  4.716523e-01 
  816.000  4.536947e-01 
  817.000  4.546059e-01 
  818.000  4.560407e-01 
  819.000  4.619799e-01 
  820.000  4.818957e-01 
  821.000  5.049537e-01 
  822.000  4.873794e-01 
  823.000  4.396605e-01 
  824.000  4.797730e-01 
  825.000  5.062982e-01 
  826.000  5.018249e-01 
  827.000  4.984533e-01 
  828.000  4.810251e-01 
  829.000  4.872607e-01 
  830.000  4.943106e-01 
  831.000  4.959945e-01 
  832.000  4.967943e-01 
  833.000  5.009053e-01 
  834.000  5.057660e-01 
  835.000  5.154254e-01 
  836.000  5.123453e-01 
  837.000  5.120457e-01 
  838.000  5.167470e-01 
  839.000  5.196164e-01 
  840.000  5.206579e-01 
  841.000  5.175635e-01 
  842.000  5.203504e-01 
  843.000  5.269848e-01 
  844.000  5.300115e-01 
  845.000  5.314225e-01 
  846.000  5.329077e-01 
  847.000  5.345436e-01 
  848.000  5.318409e-01 
  849.000  5.321820e-01 
  850.000  5.308447e-01 
  851.000  5.292553e-01 
  852.000  5.294116e-01 
  853.000  5.320340e-01 
  854.000  5.318953e-01 
  855.000  5.332165e-01 
  856.000  5.359667e-01 
  857.000  5.369352e-01 
  858.000  5.375734e-01 
  859.000  5.388808e-01 
  860.000  5.395226e-01 
  861.000  5.396405e-01 
  862.000  5.400682e-01 
  863.000  5.401202e-01 
  864.000  5.404123e-01 
  865.000  5.406504e-01 
  866.000  5.407104e-01 
  867.000  5.406625e-01 
  868.000  5.406963e-01 
  869.000  5.407725e-01 
  870.000  5.407093e-01 
  871.000  5.407812e-01 
  872.000  5.409629e-01 
  873.000  5.407732e-01 
  874.000  5.406685e-01 
  875.000  5.406407e-01 
  876.000  5.403129e-01 
  877.000  5.402071e-01 
  878.000  5.393869e-01 
  879.000  5.393269e-01 
  880.000  5.386199e-01 
  881.000  5.381877e-01 
  882.000  5.378605e-01 
  883.000  5.381799e-01 
  884.000  5.383416e-01 
  885.000  5.368726e-01 
  886.000  5.350202e-01 
  887.000  5.366020e-01 
  888.000  5.365039e-01 
  889.000  5.369723e-01 
  890.000  5.357469e-01 
  891.000  5.332358e-01 
  892.000  5.279524e-01 
  893.000  5.120969e-01 
  894.000  5.041863e-01 
  895.000  4.806166e-01 
  896.000  4.597021e-01 
  897.000  4.379433e-01 
  898.000  4.278829e-01 
  899.000  4.004344e-01 
  900.000  4.042301e-01 
  901.000  3.972314e-01 
  902.000  3.986859e-01 
  903.000  4.450178e-01 
  904.000  4.742603e-01 
  905.000  4.733053e-01 
  906.000  4.550000e-01 
  907.000  4.232790e-01 
  908.000  4.028151e-01 
  909.000  4.035970e-01 
  910.000  4.066199e-01 
  911.000  4.201533e-01 
  912.000  4.135969e-01 
  913.000  3.855427e-01 
  914.000  3.993515e-01 
  915.000  4.104224e-01 
  916.000  4.135019e-01 
  917.000  4.196470e-01 
  918.000  4.276055e-01 
  919.000  4.548518e-01 
  920.000  4.759405e-01 
  921.000  4.713793e-01 
  922.000  4.710097e-01 
  923.000  4.651416e-01 
  924.000  4.511311e-01 
  925.000  4.497825e-01 
  926.000  4.489415e-01 
  927.000  4.323924e-01 
  928.000  4.074247e-01 
  929.000  3.724325e-01 
  930.000  3.297974e-01 
  931.000  2.846786e-01 
  932.000  2.285470e-01 
  933.000  1.908362e-01 
  934.000  1.553518e-01 
  935.000  1.514803e-01 
  936.000  1.646253e-01 
  937.000  1.615115e-01 
  938.000  2.022221e-01 
  939.000  3.210497e-01 
  940.000  3.407037e-01 
  941.000  3.243273e-01 
  942.000  2.848631e-01 
  943.000  2.233524e-01 
  944.000  2.190542e-01 
  945.000  2.401082e-01 
  946.000  2.415775e-01 
  947.000  2.617391e-01 
  948.000  2.737846e-01 
  949.000  2.725613e-01 
  950.000  2.757689e-01 
  951.000  3.032155e-01 
  952.000  2.745646e-01 
  953.000  2.952431e-01 
  954.000  3.180897e-01 
  955.000  3.003212e-01 
  956.000  2.969899e-01 
  957.000  3.554190e-01 
  958.000  3.636586e-01 
  959.000  3.540347e-01 
  960.000  3.514346e-01 
  961.000  3.466935e-01 
  962.000  3.514352e-01 
  963.000  3.849556e-01 
  964.000  3.900215e-01 
  965.000  3.869945e-01 
  966.000  3.890659e-01 
  967.000  4.138283e-01 
  968.000  4.562890e-01 
  969.000  4.760205e-01 
  970.000  4.771832e-01 
  971.000  4.767404e-01 
  972.000  4.711229e-01 
  973.000  4.582776e-01 
  974.000  4.428492e-01 
  975.000  4.330474e-01 
  976.000  4.450614e-01 
  977.000  4.651808e-01 
  978.000  4.636333e-01 
  979.000  4.690013e-01 
  980.000  4.899538e-01 
  981.000  4.946983e-01 
  982.000  4.901032e-01 
  983.000  5.010214e-01 
  984.000  5.123253e-01 
  985.000  5.187982e-01 
  986.000  5.271780e-01 
  987.000  5.308436e-01 
  988.000  5.317028e-01 
  989.000  5.322534e-01 
  990.000  5.331486e-01 
  991.000  5.362811e-01 
  992.000  5.371701e-01 
  993.000  5.375019e-01 
  994.000  5.403270e-01 
  995.000  5.421085e-01 
  996.000  5.420873e-01 
  997.000  5.410063e-01 
  998.000  5.395694e-01 
  999.000  5.390388e-01 
 1000.000  5.394607e-01 
 1001.000  5.364603e-01 
 1002.000  5.316743e-01 
 1003.000  5.328037e-01 
 1004.000  5.355486e-01 
 1005.000  5.368019e-01 
 1006.000  5.372016e-01 
 1007.000  5.362806e-01 
 1008.000  5.323804e-01 
 1009.000  5.271822e-01 
 1010.000  5.294928e-01 
 1011.000  5.350202e-01 
 1012.000  5.371305e-01 
 1013.000  5.387933e-01 
 1014.000  5.394900e-01 
 1015.000  5.396227e-01 
 1016.000  5.403734e-01 
 1017.000  5.408080e-01 
 1018.000  5.398645e-01 
 1019.000  5.379347e-01 
 1020.000  5.386093e-01 
 1021.000  5.399972e-01 
 1022.000  5.376601e-01 
 1023.000  5.357080e-01 
 1024.000  5.345398e-01 
 1025.000  5.381169e-01 
 1026.000  5.396992e-01 
 1027.000  5.390275e-01 
 1028.000  5.395817e-01 
 1029.000  5.409648e-01 
 1030.000  5.424020e-01 
 1031.000  5.431326e-01 
 1032.000  5.437818e-01 
 1033.000  5.438891e-01 
 1034.000  5.442362e-01 
 1035.000  5.444091e-01 
 1036.000  5.443239e-01 
 1037.000  5.443858e-01 
 1038.000  5.445138e-01 
 1039.000  5.442793e-01 
 1040.000  5.440835e-01 
 1041.000  5.439291e-01 
 1042.000  5.438893e-01 
 1043.000  5.438924e-01 
 1044.000  5.437603e-01 
 1045.000  5.433208e-01 
 1046.000  5.430295e-01 
 1047.000  5.426887e-01 
 1048.000  5.422848e-01 
 1049.000  5.419215e-01 
 1050.000  5.414957e-01 
 1051.000  5.408825e-01 
 1052.000  5.404672e-01 
 1053.000  5.403818e-01 
 1054.000  5.397288e-01 
 1055.000  5.391332e-01 
 1056.000  5.386003e-01 
 1057.000  5.372756e-01 
 1058.000  5.348679e-01 
 1059.000  5.350118e-01 
 1060.000  5.362015e-01 
 1061.000  5.358945e-01 
 1062.000  5.343901e-01 
 1063.000  5.338610e-01 
 1064.000  5.325998e-01 
 1065.000  5.312601e-01 
 1066.000  5.313845e-01 
 1067.000  5.305724e-01 
 1068.000  5.276063e-01 
 1069.000  5.261273e-01 
 1070.000  5.265653e-01 
 1071.000  5.246535e-01 
 1072.000  5.227059e-01 
 1073.000  5.223308e-01 
 1074.000  5.226231e-01 
 1075.000  5.255079e-01 
 1076.000  5.236985e-01 
 1077.000  5.212748e-01 
 1078.000  5.184250e-01 
 1079.000  5.180478e-01 
 1080.000  5.104627e-01 
 1081.000  5.100304e-01 
 1082.000  5.133500e-01 
 1083.000  5.093153e-01 
 1084.000  5.049224e-01 
 1085.000  4.945396e-01 
 1086.000  4.969336e-01 
 1087.000  5.083322e-01 
 1088.000  5.087869e-01 
 1089.000  4.948576e-01 
 1090.000  4.922237e-01 
 1091.000  4.948116e-01 
 1092.000  4.879154e-01 
 1093.000  4.727090e-01 
 1094.000  4.661384e-01 
 1095.000  4.671445e-01 
 1096.000  4.680002e-01 
 1097.000  4.648935e-01 
 1098.000  4.288618e-01 
 1099.000  3.989562e-01 
 1100.000  4.008895e-01 
 1101.000  4.048873e-01 
 1102.000  4.027682e-01 
 1103.000  4.053382e-01 
 1104.000  4.002772e-01 
 1105.000  3.878249e-01 
 1106.000  3.755833e-01 
 1107.000  3.783343e-01 
 1108.000  3.801678e-01 
 1109.000  3.901241e-01 
 1110.000  3.881320e-01 
 1111.000  3.819430e-01 
 1112.000  3.561600e-01 
 1113.000  3.215473e-01 
 1114.000  3.112071e-01 
 1115.000  2.708521e-01 
 1116.000  2.471455e-01 
 1117.000  1.969510e-01 
 1118.000  1.543773e-01 
 1119.000  1.329453e-01 
 1120.000  1.089169e-01 
 1121.000  1.037247e-01 
 1122.000  8.212508e-02 
 1123.000  9.290648e-02 
 1124.000  1.005247e-01 
 1125.000  9.630913e-02 
 1126.000  9.475745e-02 
 1127.000  9.685651e-02 
 1128.000  1.009103e-01 
 1129.000  1.239190e-01 
 1130.000  1.834909e-01 
 1131.000  2.024358e-01 
 1132.000  1.763809e-01 
 1133.000  1.335424e-01 
 1134.000  6.861002e-02 
 1135.000  7.302897e-02 
 1136.000  1.403014e-01 
 1137.000  1.844355e-01 
 1138.000  2.325329e-01 
 1139.000  2.496276e-01 
 1140.000  2.400486e-01 
 1141.000  2.216877e-01 
 1142.000  2.149798e-01 
 1143.000  1.946045e-01 
 1144.000  1.729356e-01 
 1145.000  1.433626e-01 
 1146.000  1.502113e-01 
 1147.000  1.736702e-01 
 1148.000  1.956732e-01 
 1149.000  2.052266e-01 
 1150.000  2.066430e-01 
