  320.000  3.489007e-01 
  321.000  4.071193e-01 
  322.000  3.845956e-01 
  323.000  4.130738e-01 
  324.000  4.410333e-01 
  325.000  4.202558e-01 
  326.000  4.542032e-01 
  327.000  4.635399e-01 
  328.000  4.433021e-01 
  329.000  4.819176e-01 
  330.000  4.879518e-01 
  331.000  4.759900e-01 
  332.000  4.990080e-01 
  333.000  5.056595e-01 
  334.000  5.002002e-01 
  335.000  5.168664e-01 
  336.000  5.235704e-01 
  337.000  5.207483e-01 
  338.000  5.285840e-01 
  339.000  5.366344e-01 
  340.000  5.353140e-01 
  341.000  5.431021e-01 
  342.000  5.487764e-01 
  343.000  5.516197e-01 
  344.000  5.522001e-01 
  345.000  5.598479e-01 
  346.000  5.646603e-01 
  347.000  5.685744e-01 
  348.000  5.722330e-01 
  349.000  5.763336e-01 
  350.000  5.798314e-01 
  351.000  5.833082e-01 
  352.000  5.861555e-01 
  353.000  5.901964e-01 
  354.000  5.936294e-01 
  355.000  5.968180e-01 
  356.000  5.999196e-01 
  357.000  6.026753e-01 
  358.000  6.056357e-01 
  359.000  6.085883e-01 
  360.000  6.116070e-01 
  361.000  6.154132e-01 
  362.000  6.193680e-01 
  363.000  6.230025e-01 
  364.000  6.263409e-01 
  365.000  6.294665e-01 
  366.000  6.326570e-01 
  367.000  6.356894e-01 
  368.000  6.386892e-01 
  369.000  6.416582e-01 
  370.000  6.445916e-01 
  371.000  6.474975e-01 
  372.000  6.503747e-01 
  373.000  6.532229e-01 
  374.000  6.560210e-01 
  375.000  6.587608e-01 
  376.000  6.614037e-01 
  377.000  6.638979e-01 
  378.000  6.662117e-01 
  379.000  6.685596e-01 
  380.000  6.711382e-01 
  381.000  6.740693e-01 
  382.000  6.771017e-01 
  383.000  6.799645e-01 
  384.000  6.826759e-01 
  385.000  6.852846e-01 
  386.000  6.878226e-01 
  387.000  6.903162e-01 
  388.000  6.927744e-01 
  389.000  6.952090e-01 
  390.000  6.976206e-01 
  391.000  7.000042e-01 
  392.000  7.023668e-01 
  393.000  7.047068e-01 
  394.000  7.070220e-01 
  395.000  7.093104e-01 
  396.000  7.115811e-01 
  397.000  7.138224e-01 
  398.000  7.160403e-01 
  399.000  7.182364e-01 
  400.000  7.203996e-01 
  401.000  7.225516e-01 
  402.000  7.246838e-01 
  403.000  7.267951e-01 
  404.000  7.288851e-01 
  405.000  7.309497e-01 
  406.000  7.329982e-01 
  407.000  7.350281e-01 
  408.000  7.370381e-01 
  409.000  7.390260e-01 
  410.000  7.409928e-01 
  411.000  7.429380e-01 
  412.000  7.448602e-01 
  413.000  7.467692e-01 
  414.000  7.485394e-01 
  415.000  7.504525e-01 
  416.000  7.523392e-01 
  417.000  7.541925e-01 
  418.000  7.560015e-01 
  419.000  7.577885e-01 
  420.000  7.595577e-01 
  421.000  7.613146e-01 
  422.000  7.630590e-01 
  423.000  7.647886e-01 
  424.000  7.664962e-01 
  425.000  7.681631e-01 
  426.000  7.698123e-01 
  427.000  7.714455e-01 
  428.000  7.730482e-01 
  429.000  7.746271e-01 
  430.000  7.761863e-01 
  431.000  7.777326e-01 
  432.000  7.792614e-01 
  433.000  7.807745e-01 
  434.000  7.822736e-01 
  435.000  7.837568e-01 
  436.000  7.852222e-01 
  437.000  7.866706e-01 
  438.000  7.881014e-01 
  439.000  7.895201e-01 
  440.000  7.909149e-01 
  441.000  7.922909e-01 
  442.000  7.936442e-01 
  443.000  7.949761e-01 
  444.000  7.962861e-01 
  445.000  7.975671e-01 
  446.000  7.988116e-01 
  447.000  8.001159e-01 
  448.000  8.015134e-01 
  449.000  8.029269e-01 
  450.000  8.043121e-01 
  451.000  8.056422e-01 
  452.000  8.069248e-01 
  453.000  8.081805e-01 
  454.000  8.094125e-01 
  455.000  8.105723e-01 
  456.000  8.116379e-01 
  457.000  8.127031e-01 
  458.000  8.137535e-01 
  459.000  8.147810e-01 
  460.000  8.157997e-01 
  461.000  8.168072e-01 
  462.000  8.177949e-01 
  463.000  8.187779e-01 
  464.000  8.200567e-01 
  465.000  8.213156e-01 
  466.000  8.225515e-01 
  467.000  8.237581e-01 
  468.000  8.247402e-01 
  469.000  8.255858e-01 
  470.000  8.263630e-01 
  471.000  8.270624e-01 
  472.000  8.276560e-01 
  473.000  8.280720e-01 
  474.000  8.284135e-01 
  475.000  8.285012e-01 
  476.000  8.283322e-01 
  477.000  8.283287e-01 
  478.000  8.293166e-01 
  479.000  8.308193e-01 
  480.000  8.324400e-01 
  481.000  8.338927e-01 
  482.000  8.352542e-01 
  483.000  8.364370e-01 
  484.000  8.374530e-01 
  485.000  8.383611e-01 
  486.000  8.393292e-01 
  487.000  8.403477e-01 
  488.000  8.413330e-01 
  489.000  8.422997e-01 
  490.000  8.432544e-01 
  491.000  8.440018e-01 
  492.000  8.446846e-01 
  493.000  8.453639e-01 
  494.000  8.460237e-01 
  495.000  8.466831e-01 
  496.000  8.470229e-01 
  497.000  8.473498e-01 
  498.000  8.476717e-01 
  499.000  8.479763e-01 
  500.000  8.482760e-01 
  501.000  8.485423e-01 
  502.000  8.488086e-01 
  503.000  8.490717e-01 
  504.000  8.493225e-01 
  505.000  8.495596e-01 
  506.000  8.502539e-01 
  507.000  8.509682e-01 
  508.000  8.516811e-01 
  509.000  8.523855e-01 
  510.000  8.530746e-01 
  511.000  8.536922e-01 
  512.000  8.542885e-01 
  513.000  8.548810e-01 
  514.000  8.554661e-01 
  515.000  8.560458e-01 
  516.000  8.564599e-01 
  517.000  8.567253e-01 
  518.000  8.569833e-01 
  519.000  8.572364e-01 
  520.000  8.574870e-01 
  521.000  8.577116e-01 
  522.000  8.578734e-01 
  523.000  8.579902e-01 
  524.000  8.581108e-01 
  525.000  8.582058e-01 
  526.000  8.583392e-01 
  527.000  8.583606e-01 
  528.000  8.583368e-01 
  529.000  8.583116e-01 
  530.000  8.582920e-01 
  531.000  8.582760e-01 
  532.000  8.583120e-01 
  533.000  8.586372e-01 
  534.000  8.590477e-01 
  535.000  8.595108e-01 
  536.000  8.599585e-01 
  537.000  8.603680e-01 
  538.000  8.607340e-01 
  539.000  8.610731e-01 
  540.000  8.613911e-01 
  541.000  8.616998e-01 
  542.000  8.619950e-01 
  543.000  8.622796e-01 
  544.000  8.624948e-01 
  545.000  8.626534e-01 
  546.000  8.628047e-01 
  547.000  8.629601e-01 
  548.000  8.631077e-01 
  549.000  8.632531e-01 
  550.000  8.633236e-01 
  551.000  8.633199e-01 
  552.000  8.633190e-01 
  553.000  8.633028e-01 
  554.000  8.632796e-01 
  555.000  8.632523e-01 
  556.000  8.631969e-01 
  557.000  8.630928e-01 
  558.000  8.629804e-01 
  559.000  8.628548e-01 
  560.000  8.626975e-01 
  561.000  8.625113e-01 
  562.000  8.621496e-01 
  563.000  8.619223e-01 
  564.000  8.616264e-01 
  565.000  8.611845e-01 
  566.000  8.608631e-01 
  567.000  8.599316e-01 
  568.000  8.571138e-01 
  569.000  8.512211e-01 
  570.000  8.519538e-01 
  571.000  8.558767e-01 
  572.000  8.517534e-01 
  573.000  8.526227e-01 
  574.000  8.527576e-01 
  575.000  8.524288e-01 
  576.000  8.526151e-01 
  577.000  8.540850e-01 
  578.000  8.560423e-01 
  579.000  8.577945e-01 
  580.000  8.594816e-01 
  581.000  8.618433e-01 
  582.000  8.634859e-01 
  583.000  8.645475e-01 
  584.000  8.654988e-01 
  585.000  8.662416e-01 
  586.000  8.669630e-01 
  587.000  8.656281e-01 
  588.000  8.579719e-01 
  589.000  8.456467e-01 
  590.000  8.450910e-01 
  591.000  8.539215e-01 
  592.000  8.495532e-01 
  593.000  8.595534e-01 
  594.000  8.575875e-01 
  595.000  8.508759e-01 
  596.000  8.604471e-01 
  597.000  8.580167e-01 
  598.000  8.617356e-01 
  599.000  8.630818e-01 
  600.000  8.664036e-01 
  601.000  8.685542e-01 
  602.000  8.690755e-01 
  603.000  8.701239e-01 
  604.000  8.713849e-01 
  605.000  8.722861e-01 
  606.000  8.729578e-01 
  607.000  8.736070e-01 
  608.000  8.742321e-01 
  609.000  8.748301e-01 
  610.000  8.754495e-01 
  611.000  8.761375e-01 
  612.000  8.768111e-01 
  613.000  8.774635e-01 
  614.000  8.780965e-01 
  615.000  8.787276e-01 
  616.000  8.793353e-01 
  617.000  8.799093e-01 
  618.000  8.803903e-01 
  619.000  8.807972e-01 
  620.000  8.811738e-01 
  621.000  8.814973e-01 
  622.000  8.817677e-01 
  623.000  8.819485e-01 
  624.000  8.821410e-01 
  625.000  8.823018e-01 
  626.000  8.820758e-01 
  627.000  8.786280e-01 
  628.000  8.545328e-01 
  629.000  8.693810e-01 
  630.000  8.722364e-01 
  631.000  8.767838e-01 
  632.000  8.767924e-01 
  633.000  8.821003e-01 
  634.000  8.848022e-01 
  635.000  8.860263e-01 
  636.000  8.877393e-01 
  637.000  8.891547e-01 
  638.000  8.917115e-01 
  639.000  8.927201e-01 
  640.000  8.944538e-01 
  641.000  8.953403e-01 
  642.000  8.966284e-01 
  643.000  8.961681e-01 
  644.000  8.968266e-01 
  645.000  8.957606e-01 
  646.000  8.893271e-01 
  647.000  8.849766e-01 
  648.000  8.800284e-01 
  649.000  8.852547e-01 
  650.000  8.948386e-01 
  651.000  8.952491e-01 
  652.000  8.875844e-01 
  653.000  8.972837e-01 
  654.000  8.966738e-01 
  655.000  8.937062e-01 
  656.000  8.953004e-01 
  657.000  8.975260e-01 
  658.000  9.010940e-01 
  659.000  9.033420e-01 
  660.000  9.045405e-01 
  661.000  9.073117e-01 
  662.000  9.087551e-01 
  663.000  9.089615e-01 
  664.000  9.097695e-01 
  665.000  9.105069e-01 
  666.000  9.113563e-01 
  667.000  9.120920e-01 
  668.000  9.129189e-01 
  669.000  9.135408e-01 
  670.000  9.141031e-01 
  671.000  9.146891e-01 
  672.000  9.152235e-01 
  673.000  9.157494e-01 
  674.000  9.162710e-01 
  675.000  9.167928e-01 
  676.000  9.172840e-01 
  677.000  9.177353e-01 
  678.000  9.181873e-01 
  679.000  9.185706e-01 
  680.000  9.186582e-01 
  681.000  9.186347e-01 
  682.000  9.189155e-01 
  683.000  9.190542e-01 
  684.000  9.187086e-01 
  685.000  9.195610e-01 
  686.000  9.164881e-01 
  687.000  8.079591e-01 
  688.000  8.419920e-01 
  689.000  8.323666e-01 
  690.000  8.500239e-01 
  691.000  8.735589e-01 
  692.000  8.884013e-01 
  693.000  8.857099e-01 
  694.000  8.797357e-01 
  695.000  8.883998e-01 
  696.000  8.933222e-01 
  697.000  9.128557e-01 
  698.000  9.090050e-01 
  699.000  8.917269e-01 
  700.000  8.947075e-01 
  701.000  8.908913e-01 
  702.000  8.938195e-01 
  703.000  9.084332e-01 
  704.000  9.091251e-01 
  705.000  9.031957e-01 
  706.000  9.044251e-01 
  707.000  9.066300e-01 
  708.000  9.090052e-01 
  709.000  9.137995e-01 
  710.000  9.088222e-01 
  711.000  9.140302e-01 
  712.000  9.184678e-01 
  713.000  9.150256e-01 
  714.000  9.139193e-01 
  715.000  9.082934e-01 
  716.000  9.024820e-01 
  717.000  8.645672e-01 
  718.000  8.410521e-01 
  719.000  8.326009e-01 
  720.000  8.195719e-01 
  721.000  8.760747e-01 
  722.000  8.959062e-01 
  723.000  8.847702e-01 
  724.000  8.528153e-01 
  725.000  8.576524e-01 
  726.000  8.561518e-01 
  727.000  8.607144e-01 
  728.000  8.557484e-01 
  729.000  8.680469e-01 
  730.000  8.658853e-01 
  731.000  8.632722e-01 
  732.000  8.839458e-01 
  733.000  9.035671e-01 
  734.000  9.129555e-01 
  735.000  9.096397e-01 
  736.000  9.034508e-01 
  737.000  9.081346e-01 
  738.000  9.145574e-01 
  739.000  9.173205e-01 
  740.000  9.234291e-01 
  741.000  9.269568e-01 
  742.000  9.284437e-01 
  743.000  9.316919e-01 
  744.000  9.331788e-01 
  745.000  9.343253e-01 
  746.000  9.352248e-01 
  747.000  9.354689e-01 
  748.000  9.362926e-01 
  749.000  9.367188e-01 
  750.000  9.365386e-01 
  751.000  9.367250e-01 
  752.000  9.374524e-01 
  753.000  9.377747e-01 
  754.000  9.380373e-01 
  755.000  9.382222e-01 
  756.000  9.384140e-01 
  757.000  9.385477e-01 
  758.000  9.372568e-01 
  759.000  8.796384e-01 
  760.000  4.362073e-01 
  761.000  3.923661e-01 
  762.000  6.548531e-01 
  763.000  5.745142e-01 
  764.000  6.143941e-01 
  765.000  7.040595e-01 
  766.000  8.107976e-01 
  767.000  8.641188e-01 
  768.000  8.988102e-01 
  769.000  9.216288e-01 
  770.000  9.335592e-01 
  771.000  9.394767e-01 
  772.000  9.408962e-01 
  773.000  9.415458e-01 
  774.000  9.423215e-01 
  775.000  9.427447e-01 
  776.000  9.430459e-01 
  777.000  9.431471e-01 
  778.000  9.431566e-01 
  779.000  9.431529e-01 
  780.000  9.431455e-01 
  781.000  9.434654e-01 
  782.000  9.434485e-01 
  783.000  9.434417e-01 
  784.000  9.432209e-01 
  785.000  9.418887e-01 
  786.000  9.397867e-01 
  787.000  9.351583e-01 
  788.000  9.327284e-01 
  789.000  9.239824e-01 
  790.000  9.232461e-01 
  791.000  9.249173e-01 
  792.000  9.264573e-01 
  793.000  9.300315e-01 
  794.000  9.375941e-01 
  795.000  9.329920e-01 
  796.000  9.206842e-01 
  797.000  9.242228e-01 
  798.000  9.320123e-01 
  799.000  9.302471e-01 
  800.000  9.245938e-01 
  801.000  9.252794e-01 
  802.000  9.247161e-01 
  803.000  9.255532e-01 
  804.000  9.282206e-01 
  805.000  9.333230e-01 
  806.000  9.363660e-01 
  807.000  9.365091e-01 
  808.000  9.347989e-01 
  809.000  9.326962e-01 
  810.000  9.303958e-01 
  811.000  9.256548e-01 
  812.000  9.192697e-01 
  813.000  9.114299e-01 
  814.000  9.010579e-01 
  815.000  8.881301e-01 
  816.000  8.713897e-01 
  817.000  8.723693e-01 
  818.000  8.737509e-01 
  819.000  8.792571e-01 
  820.000  8.976555e-01 
  821.000  9.185746e-01 
  822.000  9.026844e-01 
  823.000  8.579458e-01 
  824.000  8.956829e-01 
  825.000  9.197321e-01 
  826.000  9.155996e-01 
  827.000  9.125713e-01 
  828.000  8.967295e-01 
  829.000  9.024557e-01 
  830.000  9.088473e-01 
  831.000  9.103390e-01 
  832.000  9.109678e-01 
  833.000  9.146376e-01 
  834.000  9.189500e-01 
  835.000  9.275020e-01 
  836.000  9.247427e-01 
  837.000  9.244417e-01 
  838.000  9.286113e-01 
  839.000  9.311359e-01 
  840.000  9.320572e-01 
  841.000  9.293192e-01 
  842.000  9.317821e-01 
  843.000  9.376215e-01 
  844.000  9.402649e-01 
  845.000  9.415000e-01 
  846.000  9.427980e-01 
  847.000  9.442205e-01 
  848.000  9.418826e-01 
  849.000  9.421924e-01 
  850.000  9.410358e-01 
  851.000  9.396543e-01 
  852.000  9.397993e-01 
  853.000  9.420991e-01 
  854.000  9.419785e-01 
  855.000  9.431358e-01 
  856.000  9.455225e-01 
  857.000  9.465344e-01 
  858.000  9.470671e-01 
  859.000  9.482250e-01 
  860.000  9.487959e-01 
  861.000  9.488946e-01 
  862.000  9.492064e-01 
  863.000  9.492598e-01 
  864.000  9.494783e-01 
  865.000  9.496596e-01 
  866.000  9.497184e-01 
  867.000  9.497017e-01 
  868.000  9.497421e-01 
  869.000  9.498121e-01 
  870.000  9.497846e-01 
  871.000  9.498514e-01 
  872.000  9.499948e-01 
  873.000  9.498789e-01 
  874.000  9.498223e-01 
  875.000  9.498194e-01 
  876.000  9.496071e-01 
  877.000  9.495057e-01 
  878.000  9.487699e-01 
  879.000  9.487321e-01 
  880.000  9.480982e-01 
  881.000  9.477458e-01 
  882.000  9.474141e-01 
  883.000  9.477661e-01 
  884.000  9.479071e-01 
  885.000  9.465991e-01 
  886.000  9.447760e-01 
  887.000  9.462051e-01 
  888.000  9.461306e-01 
  889.000  9.465842e-01 
  890.000  9.455201e-01 
  891.000  9.433385e-01 
  892.000  9.387041e-01 
  893.000  9.245304e-01 
  894.000  9.174824e-01 
  895.000  8.957549e-01 
  896.000  8.762266e-01 
  897.000  8.555602e-01 
  898.000  8.458620e-01 
  899.000  8.181365e-01 
  900.000  8.222049e-01 
  901.000  8.149434e-01 
  902.000  8.162108e-01 
  903.000  8.627322e-01 
  904.000  8.908169e-01 
  905.000  8.897562e-01 
  906.000  8.722026e-01 
  907.000  8.409683e-01 
  908.000  8.202472e-01 
  909.000  8.211637e-01 
  910.000  8.243080e-01 
  911.000  8.380870e-01 
  912.000  8.314165e-01 
  913.000  8.023023e-01 
  914.000  8.167138e-01 
  915.000  8.280002e-01 
  916.000  8.310286e-01 
  917.000  8.371101e-01 
  918.000  8.449695e-01 
  919.000  8.716652e-01 
  920.000  8.916673e-01 
  921.000  8.872267e-01 
  922.000  8.868395e-01 
  923.000  8.812484e-01 
  924.000  8.677869e-01 
  925.000  8.667330e-01 
  926.000  8.665819e-01 
  927.000  8.509578e-01 
  928.000  8.267837e-01 
  929.000  7.915729e-01 
  930.000  7.462209e-01 
  931.000  6.947014e-01 
  932.000  6.264392e-01 
  933.000  5.738205e-01 
  934.000  5.182774e-01 
  935.000  5.124349e-01 
  936.000  5.348691e-01 
  937.000  5.290108e-01 
  938.000  5.902123e-01 
  939.000  7.432466e-01 
  940.000  7.651907e-01 
  941.000  7.459965e-01 
  942.000  6.986521e-01 
  943.000  6.181113e-01 
  944.000  6.125008e-01 
  945.000  6.419582e-01 
  946.000  6.434536e-01 
  947.000  6.690891e-01 
  948.000  6.840299e-01 
  949.000  6.819096e-01 
  950.000  6.856783e-01 
  951.000  7.189257e-01 
  952.000  6.830733e-01 
  953.000  7.079446e-01 
  954.000  7.343400e-01 
  955.000  7.126027e-01 
  956.000  7.074290e-01 
  957.000  7.739872e-01 
  958.000  7.823147e-01 
  959.000  7.712009e-01 
  960.000  7.678871e-01 
  961.000  7.622781e-01 
  962.000  7.672052e-01 
  963.000  8.031375e-01 
  964.000  8.081924e-01 
  965.000  8.046863e-01 
  966.000  8.065311e-01 
  967.000  8.318255e-01 
  968.000  8.735984e-01 
  969.000  8.922412e-01 
  970.000  8.932033e-01 
  971.000  8.927472e-01 
  972.000  8.874565e-01 
  973.000  8.751859e-01 
  974.000  8.601496e-01 
  975.000  8.504401e-01 
  976.000  8.622961e-01 
  977.000  8.817701e-01 
  978.000  8.801527e-01 
  979.000  8.851339e-01 
  980.000  9.048182e-01 
  981.000  9.091367e-01 
  982.000  9.047237e-01 
  983.000  9.147599e-01 
  984.000  9.250643e-01 
  985.000  9.308954e-01 
  986.000  9.384094e-01 
  987.000  9.416470e-01 
  988.000  9.423761e-01 
  989.000  9.428400e-01 
  990.000  9.436252e-01 
  991.000  9.464120e-01 
  992.000  9.472009e-01 
  993.000  9.474935e-01 
  994.000  9.500000e-01 
  995.000  9.517182e-01 
  996.000  9.517034e-01 
  997.000  9.506080e-01 
  998.000  9.493346e-01 
  999.000  9.488671e-01 
 1000.000  9.492524e-01 
 1001.000  9.465935e-01 
 1002.000  9.423112e-01 
 1003.000  9.433296e-01 
 1004.000  9.457941e-01 
 1005.000  9.469195e-01 
 1006.000  9.472768e-01 
 1007.000  9.464607e-01 
 1008.000  9.429687e-01 
 1009.000  9.382926e-01 
 1010.000  9.403749e-01 
 1011.000  9.453349e-01 
 1012.000  9.472198e-01 
 1013.000  9.486983e-01 
 1014.000  9.492999e-01 
 1015.000  9.494140e-01 
 1016.000  9.500827e-01 
 1017.000  9.504711e-01 
 1018.000  9.496278e-01 
 1019.000  9.479203e-01 
 1020.000  9.485227e-01 
 1021.000  9.497491e-01 
 1022.000  9.476757e-01 
 1023.000  9.459265e-01 
 1024.000  9.448765e-01 
 1025.000  9.480721e-01 
 1026.000  9.494630e-01 
 1027.000  9.488549e-01 
 1028.000  9.493397e-01 
 1029.000  9.507354e-01 
 1030.000  9.520125e-01 
 1031.000  9.526754e-01 
 1032.000  9.531796e-01 
 1033.000  9.532984e-01 
 1034.000  9.535901e-01 
 1035.000  9.537045e-01 
 1036.000  9.535621e-01 
 1037.000  9.535359e-01 
 1038.000  9.536166e-01 
 1039.000  9.534319e-01 
 1040.000  9.532585e-01 
 1041.000  9.531200e-01 
 1042.000  9.530709e-01 
 1043.000  9.530452e-01 
 1044.000  9.529088e-01 
 1045.000  9.525453e-01 
 1046.000  9.522905e-01 
 1047.000  9.519781e-01 
 1048.000  9.515271e-01 
 1049.000  9.510426e-01 
 1050.000  9.506316e-01 
 1051.000  9.501014e-01 
 1052.000  9.497086e-01 
 1053.000  9.496142e-01 
 1054.000  9.490457e-01 
 1055.000  9.484673e-01 
 1056.000  9.479483e-01 
 1057.000  9.467180e-01 
 1058.000  9.445178e-01 
 1059.000  9.445761e-01 
 1060.000  9.455856e-01 
 1061.000  9.452774e-01 
 1062.000  9.438444e-01 
 1063.000  9.431849e-01 
 1064.000  9.419065e-01 
 1065.000  9.405283e-01 
 1066.000  9.406196e-01 
 1067.000  9.397956e-01 
 1068.000  9.371485e-01 
 1069.000  9.361168e-01 
 1070.000  9.367090e-01 
 1071.000  9.351423e-01 
 1072.000  9.334681e-01 
 1073.000  9.332285e-01 
 1074.000  9.335795e-01 
 1075.000  9.362882e-01 
 1076.000  9.347341e-01 
 1077.000  9.326114e-01 
 1078.000  9.300957e-01 
 1079.000  9.298304e-01 
 1080.000  9.229479e-01 
 1081.000  9.226050e-01 
 1082.000  9.257119e-01 
 1083.000  9.220929e-01 
 1084.000  9.181066e-01 
 1085.000  9.084952e-01 
 1086.000  9.108056e-01 
 1087.000  9.214626e-01 
 1088.000  9.219034e-01 
 1089.000  9.090480e-01 
 1090.000  9.066637e-01 
 1091.000  9.091715e-01 
 1092.000  9.028116e-01 
 1093.000  8.884702e-01 
 1094.000  8.822090e-01 
 1095.000  8.832695e-01 
 1096.000  8.842691e-01 
 1097.000  8.814647e-01 
 1098.000  8.461750e-01 
 1099.000  8.157876e-01 
 1100.000  8.178965e-01 
 1101.000  8.221670e-01 
 1102.000  8.202134e-01 
 1103.000  8.230964e-01 
 1104.000  8.180872e-01 
 1105.000  8.053203e-01 
 1106.000  7.922782e-01 
 1107.000  7.956735e-01 
 1108.000  7.982631e-01 
 1109.000  8.096853e-01 
 1110.000  8.087073e-01 
 1111.000  8.027425e-01 
 1112.000  7.755791e-01 
 1113.000  7.383268e-01 
 1114.000  7.288394e-01 
 1115.000  6.824334e-01 
 1116.000  6.532224e-01 
 1117.000  5.836478e-01 
 1118.000  5.190443e-01 
 1119.000  4.847059e-01 
 1120.000  4.408165e-01 
 1121.000  4.311166e-01 
 1122.000  3.839086e-01 
 1123.000  4.103325e-01 
 1124.000  4.279218e-01 
 1125.000  4.188401e-01 
 1126.000  4.150991e-01 
 1127.000  4.188386e-01 
 1128.000  4.261458e-01 
 1129.000  4.717763e-01 
 1130.000  5.762264e-01 
 1131.000  6.057678e-01 
 1132.000  5.655044e-01 
 1133.000  4.898990e-01 
 1134.000  3.481086e-01 
 1135.000  3.590282e-01 
 1136.000  5.003679e-01 
 1137.000  5.745379e-01 
 1138.000  6.440929e-01 
 1139.000  6.640103e-01 
 1140.000  6.508919e-01 
 1141.000  6.236637e-01 
 1142.000  6.142417e-01 
 1143.000  5.844318e-01 
 1144.000  5.503184e-01 
 1145.000  5.003911e-01 
 1146.000  5.122254e-01 
 1147.000  5.511176e-01 
 1148.000  5.852134e-01 
 1149.000  5.986685e-01 
 1150.000  5.988138e-01 
