  320.000  1.887659e-01 
  321.000  2.316614e-01 
  322.000  2.148105e-01 
  323.000  2.361681e-01 
  324.000  2.576106e-01 
  325.000  2.416321e-01 
  326.000  2.678676e-01 
  327.000  2.751986e-01 
  328.000  2.593706e-01 
  329.000  2.897691e-01 
  330.000  2.945934e-01 
  331.000  2.850493e-01 
  332.000  3.034832e-01 
  333.000  3.088627e-01 
  334.000  3.044457e-01 
  335.000  3.179786e-01 
  336.000  3.234629e-01 
  337.000  3.211514e-01 
  338.000  3.275793e-01 
  339.000  3.342159e-01 
  340.000  3.331251e-01 
  341.000  3.395714e-01 
  342.000  3.442870e-01 
  343.000  3.466560e-01 
  344.000  3.471401e-01 
  345.000  3.535340e-01 
  346.000  3.575721e-01 
  347.000  3.608648e-01 
  348.000  3.639492e-01 
  349.000  3.674140e-01 
  350.000  3.703757e-01 
  351.000  3.733255e-01 
  352.000  3.757455e-01 
  353.000  3.791866e-01 
  354.000  3.821160e-01 
  355.000  3.848419e-01 
  356.000  3.874979e-01 
  357.000  3.898616e-01 
  358.000  3.924048e-01 
  359.000  3.949452e-01 
  360.000  3.975468e-01 
  361.000  4.008330e-01 
  362.000  4.042545e-01 
  363.000  4.074053e-01 
  364.000  4.103046e-01 
  365.000  4.130238e-01 
  366.000  4.158038e-01 
  367.000  4.184505e-01 
  368.000  4.210728e-01 
  369.000  4.236720e-01 
  370.000  4.262441e-01 
  371.000  4.287956e-01 
  372.000  4.313257e-01 
  373.000  4.338340e-01 
  374.000  4.363016e-01 
  375.000  4.387212e-01 
  376.000  4.410581e-01 
  377.000  4.432666e-01 
  378.000  4.453176e-01 
  379.000  4.474013e-01 
  380.000  4.496926e-01 
  381.000  4.523004e-01 
  382.000  4.550023e-01 
  383.000  4.575568e-01 
  384.000  4.599794e-01 
  385.000  4.623132e-01 
  386.000  4.645866e-01 
  387.000  4.668228e-01 
  388.000  4.690299e-01 
  389.000  4.712183e-01 
  390.000  4.733885e-01 
  391.000  4.755360e-01 
  392.000  4.776669e-01 
  393.000  4.797797e-01 
  394.000  4.818723e-01 
  395.000  4.839430e-01 
  396.000  4.859997e-01 
  397.000  4.880320e-01 
  398.000  4.900450e-01 
  399.000  4.920405e-01 
  400.000  4.940078e-01 
  401.000  4.959670e-01 
  402.000  4.979099e-01 
  403.000  4.998357e-01 
  404.000  5.017438e-01 
  405.000  5.036305e-01 
  406.000  5.055042e-01 
  407.000  5.073627e-01 
  408.000  5.092045e-01 
  409.000  5.110277e-01 
  410.000  5.128331e-01 
  411.000  5.146202e-01 
  412.000  5.163878e-01 
  413.000  5.181447e-01 
  414.000  5.197751e-01 
  415.000  5.215384e-01 
  416.000  5.232791e-01 
  417.000  5.249903e-01 
  418.000  5.266618e-01 
  419.000  5.283143e-01 
  420.000  5.299516e-01 
  421.000  5.315788e-01 
  422.000  5.331955e-01 
  423.000  5.347999e-01 
  424.000  5.363849e-01 
  425.000  5.379333e-01 
  426.000  5.394663e-01 
  427.000  5.409855e-01 
  428.000  5.424773e-01 
  429.000  5.439480e-01 
  430.000  5.454013e-01 
  431.000  5.468435e-01 
  432.000  5.482703e-01 
  433.000  5.496834e-01 
  434.000  5.510843e-01 
  435.000  5.524712e-01 
  436.000  5.538423e-01 
  437.000  5.551983e-01 
  438.000  5.565386e-01 
  439.000  5.578684e-01 
  440.000  5.591764e-01 
  441.000  5.604677e-01 
  442.000  5.617384e-01 
  443.000  5.629896e-01 
  444.000  5.642210e-01 
  445.000  5.654256e-01 
  446.000  5.665967e-01 
  447.000  5.678246e-01 
  448.000  5.691410e-01 
  449.000  5.704732e-01 
  450.000  5.717795e-01 
  451.000  5.730345e-01 
  452.000  5.742454e-01 
  453.000  5.754314e-01 
  454.000  5.765957e-01 
  455.000  5.776923e-01 
  456.000  5.787002e-01 
  457.000  5.797082e-01 
  458.000  5.807026e-01 
  459.000  5.816757e-01 
  460.000  5.826410e-01 
  461.000  5.835959e-01 
  462.000  5.845326e-01 
  463.000  5.854650e-01 
  464.000  5.866787e-01 
  465.000  5.878742e-01 
  466.000  5.890482e-01 
  467.000  5.901950e-01 
  468.000  5.911289e-01 
  469.000  5.919332e-01 
  470.000  5.926728e-01 
  471.000  5.933384e-01 
  472.000  5.939036e-01 
  473.000  5.942997e-01 
  474.000  5.946250e-01 
  475.000  5.947086e-01 
  476.000  5.945476e-01 
  477.000  5.945442e-01 
  478.000  5.954852e-01 
  479.000  5.969175e-01 
  480.000  5.984631e-01 
  481.000  5.998493e-01 
  482.000  6.011491e-01 
  483.000  6.022790e-01 
  484.000  6.032500e-01 
  485.000  6.041182e-01 
  486.000  6.050439e-01 
  487.000  6.060184e-01 
  488.000  6.069614e-01 
  489.000  6.078870e-01 
  490.000  6.088014e-01 
  491.000  6.095175e-01 
  492.000  6.101719e-01 
  493.000  6.108230e-01 
  494.000  6.114558e-01 
  495.000  6.120883e-01 
  496.000  6.124142e-01 
  497.000  6.127278e-01 
  498.000  6.130368e-01 
  499.000  6.133291e-01 
  500.000  6.136167e-01 
  501.000  6.138724e-01 
  502.000  6.141281e-01 
  503.000  6.143806e-01 
  504.000  6.146215e-01 
  505.000  6.148491e-01 
  506.000  6.155160e-01 
  507.000  6.162022e-01 
  508.000  6.168873e-01 
  509.000  6.175644e-01 
  510.000  6.182269e-01 
  511.000  6.188209e-01 
  512.000  6.193945e-01 
  513.000  6.199647e-01 
  514.000  6.205277e-01 
  515.000  6.210858e-01 
  516.000  6.214845e-01 
  517.000  6.217400e-01 
  518.000  6.219885e-01 
  519.000  6.222323e-01 
  520.000  6.224737e-01 
  521.000  6.226899e-01 
  522.000  6.228459e-01 
  523.000  6.229584e-01 
  524.000  6.230745e-01 
  525.000  6.231661e-01 
  526.000  6.232947e-01 
  527.000  6.233153e-01 
  528.000  6.232923e-01 
  529.000  6.232681e-01 
  530.000  6.232492e-01 
  531.000  6.232337e-01 
  532.000  6.232685e-01 
  533.000  6.235818e-01 
  534.000  6.239774e-01 
  535.000  6.244239e-01 
  536.000  6.248555e-01 
  537.000  6.252502e-01 
  538.000  6.256032e-01 
  539.000  6.259303e-01 
  540.000  6.262371e-01 
  541.000  6.265349e-01 
  542.000  6.268197e-01 
  543.000  6.270943e-01 
  544.000  6.273020e-01 
  545.000  6.274551e-01 
  546.000  6.276010e-01 
  547.000  6.277511e-01 
  548.000  6.278936e-01 
  549.000  6.280339e-01 
  550.000  6.281019e-01 
  551.000  6.280984e-01 
  552.000  6.280975e-01 
  553.000  6.280820e-01 
  554.000  6.280596e-01 
  555.000  6.280332e-01 
  556.000  6.279797e-01 
  557.000  6.278793e-01 
  558.000  6.277707e-01 
  559.000  6.276494e-01 
  560.000  6.274977e-01 
  561.000  6.273181e-01 
  562.000  6.269834e-01 
  563.000  6.267653e-01 
  564.000  6.264834e-01 
  565.000  6.260674e-01 
  566.000  6.257508e-01 
  567.000  6.248983e-01 
  568.000  6.225528e-01 
  569.000  6.178939e-01 
  570.000  6.183861e-01 
  571.000  6.213166e-01 
  572.000  6.180316e-01 
  573.000  6.186178e-01 
  574.000  6.185691e-01 
  575.000  6.182629e-01 
  576.000  6.184384e-01 
  577.000  6.196849e-01 
  578.000  6.213130e-01 
  579.000  6.228932e-01 
  580.000  6.245256e-01 
  581.000  6.267446e-01 
  582.000  6.283324e-01 
  583.000  6.294173e-01 
  584.000  6.303965e-01 
  585.000  6.311609e-01 
  586.000  6.319181e-01 
  587.000  6.309835e-01 
  588.000  6.251266e-01 
  589.000  6.154499e-01 
  590.000  6.150811e-01 
  591.000  6.221445e-01 
  592.000  6.187453e-01 
  593.000  6.267317e-01 
  594.000  6.252272e-01 
  595.000  6.199580e-01 
  596.000  6.275159e-01 
  597.000  6.255272e-01 
  598.000  6.284158e-01 
  599.000  6.294225e-01 
  600.000  6.319941e-01 
  601.000  6.335647e-01 
  602.000  6.339077e-01 
  603.000  6.347944e-01 
  604.000  6.359358e-01 
  605.000  6.367836e-01 
  606.000  6.374277e-01 
  607.000  6.380507e-01 
  608.000  6.386554e-01 
  609.000  6.392344e-01 
  610.000  6.398351e-01 
  611.000  6.405023e-01 
  612.000  6.411558e-01 
  613.000  6.417888e-01 
  614.000  6.424032e-01 
  615.000  6.430160e-01 
  616.000  6.436062e-01 
  617.000  6.441637e-01 
  618.000  6.446310e-01 
  619.000  6.450264e-01 
  620.000  6.453924e-01 
  621.000  6.457068e-01 
  622.000  6.459696e-01 
  623.000  6.461454e-01 
  624.000  6.463326e-01 
  625.000  6.464891e-01 
  626.000  6.463069e-01 
  627.000  6.435028e-01 
  628.000  6.229268e-01 
  629.000  6.358042e-01 
  630.000  6.381372e-01 
  631.000  6.421088e-01 
  632.000  6.424381e-01 
  633.000  6.468712e-01 
  634.000  6.493205e-01 
  635.000  6.505755e-01 
  636.000  6.521743e-01 
  637.000  6.535488e-01 
  638.000  6.558016e-01 
  639.000  6.568470e-01 
  640.000  6.584204e-01 
  641.000  6.593374e-01 
  642.000  6.605390e-01 
  643.000  6.603351e-01 
  644.000  6.610007e-01 
  645.000  6.602730e-01 
  646.000  6.553181e-01 
  647.000  6.519557e-01 
  648.000  6.481113e-01 
  649.000  6.524124e-01 
  650.000  6.602012e-01 
  651.000  6.606303e-01 
  652.000  6.545826e-01 
  653.000  6.624604e-01 
  654.000  6.620691e-01 
  655.000  6.597841e-01 
  656.000  6.611599e-01 
  657.000  6.630365e-01 
  658.000  6.659961e-01 
  659.000  6.678981e-01 
  660.000  6.688850e-01 
  661.000  6.711944e-01 
  662.000  6.724695e-01 
  663.000  6.727402e-01 
  664.000  6.734704e-01 
  665.000  6.741457e-01 
  666.000  6.749527e-01 
  667.000  6.756561e-01 
  668.000  6.764418e-01 
  669.000  6.770450e-01 
  670.000  6.775952e-01 
  671.000  6.781664e-01 
  672.000  6.786916e-01 
  673.000  6.792091e-01 
  674.000  6.797227e-01 
  675.000  6.802363e-01 
  676.000  6.807208e-01 
  677.000  6.811658e-01 
  678.000  6.816112e-01 
  679.000  6.819950e-01 
  680.000  6.821134e-01 
  681.000  6.821319e-01 
  682.000  6.824487e-01 
  683.000  6.826515e-01 
  684.000  6.824521e-01 
  685.000  6.832002e-01 
  686.000  6.805866e-01 
  687.000  5.871581e-01 
  688.000  6.162657e-01 
  689.000  6.081125e-01 
  690.000  6.232777e-01 
  691.000  6.437488e-01 
  692.000  6.569871e-01 
  693.000  6.557564e-01 
  694.000  6.515639e-01 
  695.000  6.587753e-01 
  696.000  6.628742e-01 
  697.000  6.786646e-01 
  698.000  6.756424e-01 
  699.000  6.618274e-01 
  700.000  6.642730e-01 
  701.000  6.612643e-01 
  702.000  6.636686e-01 
  703.000  6.754623e-01 
  704.000  6.760741e-01 
  705.000  6.713563e-01 
  706.000  6.723891e-01 
  707.000  6.742060e-01 
  708.000  6.761603e-01 
  709.000  6.800606e-01 
  710.000  6.761009e-01 
  711.000  6.803336e-01 
  712.000  6.839480e-01 
  713.000  6.812195e-01 
  714.000  6.803694e-01 
  715.000  6.758859e-01 
  716.000  6.712491e-01 
  717.000  6.408430e-01 
  718.000  6.220461e-01 
  719.000  6.153244e-01 
  720.000  6.049718e-01 
  721.000  6.502454e-01 
  722.000  6.662275e-01 
  723.000  6.573268e-01 
  724.000  6.317397e-01 
  725.000  6.356498e-01 
  726.000  6.344811e-01 
  727.000  6.381711e-01 
  728.000  6.342252e-01 
  729.000  6.441198e-01 
  730.000  6.424240e-01 
  731.000  6.403667e-01 
  732.000  6.569957e-01 
  733.000  6.728153e-01 
  734.000  6.804144e-01 
  735.000  6.777777e-01 
  736.000  6.728214e-01 
  737.000  6.766178e-01 
  738.000  6.818171e-01 
  739.000  6.840690e-01 
  740.000  6.890200e-01 
  741.000  6.918906e-01 
  742.000  6.931147e-01 
  743.000  6.956629e-01 
  744.000  6.968797e-01 
  745.000  6.978278e-01 
  746.000  6.985850e-01 
  747.000  6.988233e-01 
  748.000  6.995552e-01 
  749.000  6.999569e-01 
  750.000  6.998110e-01 
  751.000  6.999962e-01 
  752.000  7.006699e-01 
  753.000  7.009777e-01 
  754.000  7.012314e-01 
  755.000  7.014151e-01 
  756.000  7.016048e-01 
  757.000  7.017375e-01 
  758.000  7.005293e-01 
  759.000  6.504275e-01 
  760.000  2.858014e-01 
  761.000  2.524312e-01 
  762.000  4.602336e-01 
  763.000  3.947711e-01 
  764.000  4.271039e-01 
  765.000  5.010878e-01 
  766.000  5.912957e-01 
  767.000  6.371632e-01 
  768.000  6.672797e-01 
  769.000  6.872075e-01 
  770.000  6.978347e-01 
  771.000  7.029339e-01 
  772.000  7.041941e-01 
  773.000  7.047662e-01 
  774.000  7.054909e-01 
  775.000  7.059109e-01 
  776.000  7.062082e-01 
  777.000  7.063145e-01 
  778.000  7.063339e-01 
  779.000  7.063393e-01 
  780.000  7.063404e-01 
  781.000  7.066389e-01 
  782.000  7.066315e-01 
  783.000  7.066331e-01 
  784.000  7.064406e-01 
  785.000  7.053783e-01 
  786.000  7.036678e-01 
  787.000  7.000534e-01 
  788.000  6.981080e-01 
  789.000  6.910699e-01 
  790.000  6.904913e-01 
  791.000  6.918541e-01 
  792.000  6.931119e-01 
  793.000  6.960107e-01 
  794.000  7.021288e-01 
  795.000  6.984302e-01 
  796.000  6.885196e-01 
  797.000  6.913872e-01 
  798.000  6.976851e-01 
  799.000  6.962762e-01 
  800.000  6.917313e-01 
  801.000  6.922988e-01 
  802.000  6.918592e-01 
  803.000  6.925492e-01 
  804.000  6.947160e-01 
  805.000  6.988481e-01 
  806.000  7.013193e-01 
  807.000  7.014495e-01 
  808.000  7.000828e-01 
  809.000  6.983990e-01 
  810.000  6.965547e-01 
  811.000  6.927409e-01 
  812.000  6.876003e-01 
  813.000  6.812889e-01 
  814.000  6.729405e-01 
  815.000  6.625388e-01 
  816.000  6.490959e-01 
  817.000  6.498891e-01 
  818.000  6.510103e-01 
  819.000  6.554513e-01 
  820.000  6.702653e-01 
  821.000  6.871304e-01 
  822.000  6.743392e-01 
  823.000  6.384002e-01 
  824.000  6.687306e-01 
  825.000  6.881192e-01 
  826.000  6.848072e-01 
  827.000  6.823785e-01 
  828.000  6.696298e-01 
  829.000  6.742514e-01 
  830.000  6.794137e-01 
  831.000  6.806301e-01 
  832.000  6.811548e-01 
  833.000  6.841276e-01 
  834.000  6.876204e-01 
  835.000  6.945363e-01 
  836.000  6.923232e-01 
  837.000  6.920946e-01 
  838.000  6.954724e-01 
  839.000  6.975238e-01 
  840.000  6.982797e-01 
  841.000  6.960813e-01 
  842.000  6.980820e-01 
  843.000  7.028106e-01 
  844.000  7.049590e-01 
  845.000  7.059690e-01 
  846.000  7.070300e-01 
  847.000  7.080841e-01 
  848.000  7.063127e-01 
  849.000  7.065741e-01 
  850.000  7.056502e-01 
  851.000  7.045447e-01 
  852.000  7.046729e-01 
  853.000  7.065427e-01 
  854.000  7.064566e-01 
  855.000  7.074032e-01 
  856.000  7.092594e-01 
  857.000  7.100783e-01 
  858.000  7.105367e-01 
  859.000  7.114775e-01 
  860.000  7.119750e-01 
  861.000  7.120696e-01 
  862.000  7.123580e-01 
  863.000  7.124114e-01 
  864.000  7.126150e-01 
  865.000  7.127847e-01 
  866.000  7.128429e-01 
  867.000  7.128322e-01 
  868.000  7.128736e-01 
  869.000  7.129419e-01 
  870.000  7.129213e-01 
  871.000  7.129867e-01 
  872.000  7.131221e-01 
  873.000  7.130206e-01 
  874.000  7.129733e-01 
  875.000  7.129751e-01 
  876.000  7.127854e-01 
  877.000  7.126971e-01 
  878.000  7.121093e-01 
  879.000  7.120835e-01 
  880.000  7.115859e-01 
  881.000  7.112958e-01 
  882.000  7.110635e-01 
  883.000  7.113231e-01 
  884.000  7.114546e-01 
  885.000  7.104098e-01 
  886.000  7.089558e-01 
  887.000  7.101396e-01 
  888.000  7.100865e-01 
  889.000  7.104234e-01 
  890.000  7.095992e-01 
  891.000  7.079307e-01 
  892.000  7.041964e-01 
  893.000  6.927719e-01 
  894.000  6.870940e-01 
  895.000  6.696156e-01 
  896.000  6.539223e-01 
  897.000  6.373348e-01 
  898.000  6.295634e-01 
  899.000  6.074083e-01 
  900.000  6.106549e-01 
  901.000  6.048702e-01 
  902.000  6.059031e-01 
  903.000  6.431177e-01 
  904.000  6.656649e-01 
  905.000  6.648301e-01 
  906.000  6.507485e-01 
  907.000  6.257372e-01 
  908.000  6.091820e-01 
  909.000  6.099145e-01 
  910.000  6.124302e-01 
  911.000  6.234473e-01 
  912.000  6.181242e-01 
  913.000  5.949016e-01 
  914.000  6.064022e-01 
  915.000  6.154267e-01 
  916.000  6.178599e-01 
  917.000  6.227368e-01 
  918.000  6.290385e-01 
  919.000  6.504399e-01 
  920.000  6.665177e-01 
  921.000  6.629649e-01 
  922.000  6.626642e-01 
  923.000  6.581821e-01 
  924.000  6.473858e-01 
  925.000  6.465344e-01 
  926.000  6.463833e-01 
  927.000  6.338333e-01 
  928.000  6.144468e-01 
  929.000  5.862851e-01 
  930.000  5.501578e-01 
  931.000  5.093302e-01 
  932.000  4.554751e-01 
  933.000  4.143786e-01 
  934.000  3.713671e-01 
  935.000  3.668344e-01 
  936.000  3.841088e-01 
  937.000  3.796350e-01 
  938.000  4.271892e-01 
  939.000  5.474674e-01 
  940.000  5.649093e-01 
  941.000  5.497168e-01 
  942.000  5.123071e-01 
  943.000  4.490930e-01 
  944.000  4.446912e-01 
  945.000  4.677039e-01 
  946.000  4.689068e-01 
  947.000  4.890755e-01 
  948.000  5.008534e-01 
  949.000  4.992203e-01 
  950.000  5.022054e-01 
  951.000  5.284562e-01 
  952.000  5.002232e-01 
  953.000  5.198689e-01 
  954.000  5.407809e-01 
  955.000  5.236371e-01 
  956.000  5.196214e-01 
  957.000  5.723954e-01 
  958.000  5.790628e-01 
  959.000  5.702630e-01 
  960.000  5.676597e-01 
  961.000  5.632288e-01 
  962.000  5.671663e-01 
  963.000  5.957870e-01 
  964.000  5.998393e-01 
  965.000  5.970666e-01 
  966.000  5.985619e-01 
  967.000  6.187836e-01 
  968.000  6.522718e-01 
  969.000  6.672662e-01 
  970.000  6.680530e-01 
  971.000  6.676936e-01 
  972.000  6.634437e-01 
  973.000  6.535903e-01 
  974.000  6.415337e-01 
  975.000  6.337594e-01 
  976.000  6.432658e-01 
  977.000  6.589013e-01 
  978.000  6.576146e-01 
  979.000  6.616297e-01 
  980.000  6.774694e-01 
  981.000  6.809566e-01 
  982.000  6.774173e-01 
  983.000  6.855092e-01 
  984.000  6.938226e-01 
  985.000  6.985336e-01 
  986.000  7.046050e-01 
  987.000  7.072270e-01 
  988.000  7.078235e-01 
  989.000  7.082051e-01 
  990.000  7.088453e-01 
  991.000  7.111017e-01 
  992.000  7.117445e-01 
  993.000  7.119862e-01 
  994.000  7.139412e-01 
  995.000  7.152901e-01 
  996.000  7.153260e-01 
  997.000  7.144179e-01 
  998.000  7.134116e-01 
  999.000  7.130309e-01 
 1000.000  7.133526e-01 
 1001.000  7.112992e-01 
 1002.000  7.078462e-01 
 1003.000  7.086731e-01 
 1004.000  7.106680e-01 
 1005.000  7.115816e-01 
 1006.000  7.118667e-01 
 1007.000  7.112115e-01 
 1008.000  7.083951e-01 
 1009.000  7.046219e-01 
 1010.000  7.063049e-01 
 1011.000  7.103100e-01 
 1012.000  7.118341e-01 
 1013.000  7.129133e-01 
 1014.000  7.134224e-01 
 1015.000  7.135147e-01 
 1016.000  7.140650e-01 
 1017.000  7.143384e-01 
 1018.000  7.136887e-01 
 1019.000  7.123951e-01 
 1020.000  7.127627e-01 
 1021.000  7.137853e-01 
 1022.000  7.121888e-01 
 1023.000  7.107708e-01 
 1024.000  7.099169e-01 
 1025.000  7.124938e-01 
 1026.000  7.135235e-01 
 1027.000  7.130173e-01 
 1028.000  7.134069e-01 
 1029.000  7.145128e-01 
 1030.000  7.155336e-01 
 1031.000  7.160461e-01 
 1032.000  7.164376e-01 
 1033.000  7.165398e-01 
 1034.000  7.167702e-01 
 1035.000  7.168622e-01 
 1036.000  7.167097e-01 
 1037.000  7.166671e-01 
 1038.000  7.167386e-01 
 1039.000  7.165639e-01 
 1040.000  7.163954e-01 
 1041.000  7.162604e-01 
 1042.000  7.162098e-01 
 1043.000  7.161787e-01 
 1044.000  7.160420e-01 
 1045.000  7.156943e-01 
 1046.000  7.154474e-01 
 1047.000  7.151418e-01 
 1048.000  7.146840e-01 
 1049.000  7.141837e-01 
 1050.000  7.137983e-01 
 1051.000  7.133356e-01 
 1052.000  7.129564e-01 
 1053.000  7.128164e-01 
 1054.000  7.122804e-01 
 1055.000  7.117298e-01 
 1056.000  7.112207e-01 
 1057.000  7.101746e-01 
 1058.000  7.082909e-01 
 1059.000  7.082700e-01 
 1060.000  7.090204e-01 
 1061.000  7.087187e-01 
 1062.000  7.074879e-01 
 1063.000  7.068813e-01 
 1064.000  7.057871e-01 
 1065.000  7.046857e-01 
 1066.000  7.047551e-01 
 1067.000  7.040764e-01 
 1068.000  7.021183e-01 
 1069.000  7.014436e-01 
 1070.000  7.020468e-01 
 1071.000  7.009026e-01 
 1072.000  6.996453e-01 
 1073.000  6.995464e-01 
 1074.000  6.999244e-01 
 1075.000  7.021958e-01 
 1076.000  7.010269e-01 
 1077.000  6.993940e-01 
 1078.000  6.974393e-01 
 1079.000  6.972960e-01 
 1080.000  6.918084e-01 
 1081.000  6.915869e-01 
 1082.000  6.941376e-01 
 1083.000  6.912730e-01 
 1084.000  6.881055e-01 
 1085.000  6.804101e-01 
 1086.000  6.823064e-01 
 1087.000  6.909182e-01 
 1088.000  6.913084e-01 
 1089.000  6.809863e-01 
 1090.000  6.790968e-01 
 1091.000  6.811404e-01 
 1092.000  6.760539e-01 
 1093.000  6.645409e-01 
 1094.000  6.595297e-01 
 1095.000  6.603954e-01 
 1096.000  6.612037e-01 
 1097.000  6.589665e-01 
 1098.000  6.306779e-01 
 1099.000  6.063940e-01 
 1100.000  6.080878e-01 
 1101.000  6.115040e-01 
 1102.000  6.099520e-01 
 1103.000  6.122497e-01 
 1104.000  6.082389e-01 
 1105.000  5.980465e-01 
 1106.000  5.876606e-01 
 1107.000  5.903546e-01 
 1108.000  5.923977e-01 
 1109.000  6.014681e-01 
 1110.000  6.006352e-01 
 1111.000  5.958535e-01 
 1112.000  5.741814e-01 
 1113.000  5.444918e-01 
 1114.000  5.368318e-01 
 1115.000  5.000182e-01 
 1116.000  4.769641e-01 
 1117.000  4.225199e-01 
 1118.000  3.723122e-01 
 1119.000  3.457182e-01 
 1120.000  3.120567e-01 
 1121.000  3.046299e-01 
 1122.000  2.688915e-01 
 1123.000  2.887404e-01 
 1124.000  3.020207e-01 
 1125.000  2.951413e-01 
 1126.000  2.923285e-01 
 1127.000  2.952147e-01 
 1128.000  3.008339e-01 
 1129.000  3.356492e-01 
 1130.000  4.160873e-01 
 1131.000  4.390470e-01 
 1132.000  4.077355e-01 
 1133.000  3.495308e-01 
 1134.000  2.421975e-01 
 1135.000  2.503850e-01 
 1136.000  3.576685e-01 
 1137.000  4.149548e-01 
 1138.000  4.692909e-01 
 1139.000  4.851120e-01 
 1140.000  4.748276e-01 
 1141.000  4.536023e-01 
 1142.000  4.462284e-01 
 1143.000  4.229740e-01 
 1144.000  3.965147e-01 
 1145.000  3.579930e-01 
 1146.000  3.671038e-01 
 1147.000  3.971471e-01 
 1148.000  4.236225e-01 
 1149.000  4.341449e-01 
 1150.000  4.343655e-01 
