  320.000  2.243498e-01 
  321.000  2.712762e-01 
  322.000  2.529241e-01 
  323.000  2.761677e-01 
  324.000  2.993508e-01 
  325.000  2.820892e-01 
  326.000  3.103904e-01 
  327.000  3.182618e-01 
  328.000  3.012473e-01 
  329.000  3.338619e-01 
  330.000  3.390144e-01 
  331.000  3.288149e-01 
  332.000  3.484931e-01 
  333.000  3.542190e-01 
  334.000  3.495181e-01 
  335.000  3.639058e-01 
  336.000  3.697237e-01 
  337.000  3.672725e-01 
  338.000  3.740860e-01 
  339.000  3.811104e-01 
  340.000  3.799566e-01 
  341.000  3.867716e-01 
  342.000  3.917510e-01 
  343.000  3.942506e-01 
  344.000  3.947612e-01 
  345.000  4.015009e-01 
  346.000  4.057528e-01 
  347.000  4.092172e-01 
  348.000  4.124605e-01 
  349.000  4.161013e-01 
  350.000  4.192115e-01 
  351.000  4.223075e-01 
  352.000  4.248460e-01 
  353.000  4.284536e-01 
  354.000  4.315229e-01 
  355.000  4.343775e-01 
  356.000  4.371574e-01 
  357.000  4.396303e-01 
  358.000  4.422896e-01 
  359.000  4.449449e-01 
  360.000  4.476628e-01 
  361.000  4.510942e-01 
  362.000  4.546646e-01 
  363.000  4.579505e-01 
  364.000  4.609725e-01 
  365.000  4.638055e-01 
  366.000  4.667005e-01 
  367.000  4.694552e-01 
  368.000  4.721833e-01 
  369.000  4.748862e-01 
  370.000  4.775596e-01 
  371.000  4.802106e-01 
  372.000  4.828383e-01 
  373.000  4.854421e-01 
  374.000  4.880026e-01 
  375.000  4.905123e-01 
  376.000  4.929353e-01 
  377.000  4.952243e-01 
  378.000  4.973493e-01 
  379.000  4.995074e-01 
  380.000  5.018798e-01 
  381.000  5.045788e-01 
  382.000  5.073739e-01 
  383.000  5.100155e-01 
  384.000  5.125197e-01 
  385.000  5.149312e-01 
  386.000  5.172794e-01 
  387.000  5.195884e-01 
  388.000  5.218666e-01 
  389.000  5.241247e-01 
  390.000  5.263633e-01 
  391.000  5.285777e-01 
  392.000  5.307743e-01 
  393.000  5.329515e-01 
  394.000  5.351072e-01 
  395.000  5.372397e-01 
  396.000  5.393572e-01 
  397.000  5.414488e-01 
  398.000  5.435201e-01 
  399.000  5.455726e-01 
  400.000  5.475956e-01 
  401.000  5.496097e-01 
  402.000  5.516065e-01 
  403.000  5.535850e-01 
  404.000  5.555449e-01 
  405.000  5.574823e-01 
  406.000  5.594058e-01 
  407.000  5.613132e-01 
  408.000  5.632029e-01 
  409.000  5.650731e-01 
  410.000  5.669245e-01 
  411.000  5.687568e-01 
  412.000  5.705684e-01 
  413.000  5.723687e-01 
  414.000  5.740391e-01 
  415.000  5.758452e-01 
  416.000  5.776277e-01 
  417.000  5.793794e-01 
  418.000  5.810902e-01 
  419.000  5.827813e-01 
  420.000  5.844563e-01 
  421.000  5.861206e-01 
  422.000  5.877739e-01 
  423.000  5.894141e-01 
  424.000  5.910343e-01 
  425.000  5.926166e-01 
  426.000  5.941829e-01 
  427.000  5.957347e-01 
  428.000  5.972584e-01 
  429.000  5.987601e-01 
  430.000  6.002438e-01 
  431.000  6.017158e-01 
  432.000  6.031719e-01 
  433.000  6.046137e-01 
  434.000  6.060427e-01 
  435.000  6.074573e-01 
  436.000  6.088555e-01 
  437.000  6.102381e-01 
  438.000  6.116044e-01 
  439.000  6.129597e-01 
  440.000  6.142927e-01 
  441.000  6.156084e-01 
  442.000  6.169028e-01 
  443.000  6.181772e-01 
  444.000  6.194312e-01 
  445.000  6.206579e-01 
  446.000  6.218501e-01 
  447.000  6.231000e-01 
  448.000  6.244397e-01 
  449.000  6.257953e-01 
  450.000  6.271243e-01 
  451.000  6.284010e-01 
  452.000  6.296326e-01 
  453.000  6.308386e-01 
  454.000  6.320224e-01 
  455.000  6.331372e-01 
  456.000  6.341618e-01 
  457.000  6.351863e-01 
  458.000  6.361969e-01 
  459.000  6.371856e-01 
  460.000  6.381664e-01 
  461.000  6.391364e-01 
  462.000  6.400878e-01 
  463.000  6.410348e-01 
  464.000  6.422674e-01 
  465.000  6.434811e-01 
  466.000  6.446731e-01 
  467.000  6.458371e-01 
  468.000  6.467850e-01 
  469.000  6.476012e-01 
  470.000  6.483516e-01 
  471.000  6.490270e-01 
  472.000  6.496004e-01 
  473.000  6.500023e-01 
  474.000  6.503323e-01 
  475.000  6.504170e-01 
  476.000  6.502537e-01 
  477.000  6.502503e-01 
  478.000  6.512049e-01 
  479.000  6.526575e-01 
  480.000  6.542248e-01 
  481.000  6.556302e-01 
  482.000  6.569480e-01 
  483.000  6.580932e-01 
  484.000  6.590772e-01 
  485.000  6.599569e-01 
  486.000  6.608949e-01 
  487.000  6.618821e-01 
  488.000  6.628374e-01 
  489.000  6.637748e-01 
  490.000  6.647010e-01 
  491.000  6.654261e-01 
  492.000  6.660888e-01 
  493.000  6.667480e-01 
  494.000  6.673886e-01 
  495.000  6.680290e-01 
  496.000  6.683589e-01 
  497.000  6.686763e-01 
  498.000  6.689890e-01 
  499.000  6.692849e-01 
  500.000  6.695760e-01 
  501.000  6.698348e-01 
  502.000  6.700936e-01 
  503.000  6.703491e-01 
  504.000  6.705929e-01 
  505.000  6.708233e-01 
  506.000  6.714982e-01 
  507.000  6.721925e-01 
  508.000  6.728856e-01 
  509.000  6.735706e-01 
  510.000  6.742409e-01 
  511.000  6.748417e-01 
  512.000  6.754219e-01 
  513.000  6.759986e-01 
  514.000  6.765680e-01 
  515.000  6.771323e-01 
  516.000  6.775355e-01 
  517.000  6.777939e-01 
  518.000  6.780452e-01 
  519.000  6.782916e-01 
  520.000  6.785357e-01 
  521.000  6.787543e-01 
  522.000  6.789120e-01 
  523.000  6.790258e-01 
  524.000  6.791432e-01 
  525.000  6.792358e-01 
  526.000  6.793657e-01 
  527.000  6.793866e-01 
  528.000  6.793634e-01 
  529.000  6.793389e-01 
  530.000  6.793198e-01 
  531.000  6.793042e-01 
  532.000  6.793392e-01 
  533.000  6.796560e-01 
  534.000  6.800559e-01 
  535.000  6.805072e-01 
  536.000  6.809435e-01 
  537.000  6.813425e-01 
  538.000  6.816993e-01 
  539.000  6.820299e-01 
  540.000  6.823400e-01 
  541.000  6.826409e-01 
  542.000  6.829287e-01 
  543.000  6.832063e-01 
  544.000  6.834161e-01 
  545.000  6.835707e-01 
  546.000  6.837183e-01 
  547.000  6.838699e-01 
  548.000  6.840139e-01 
  549.000  6.841557e-01 
  550.000  6.842244e-01 
  551.000  6.842208e-01 
  552.000  6.842200e-01 
  553.000  6.842042e-01 
  554.000  6.841816e-01 
  555.000  6.841549e-01 
  556.000  6.841009e-01 
  557.000  6.839994e-01 
  558.000  6.838896e-01 
  559.000  6.837670e-01 
  560.000  6.836134e-01 
  561.000  6.834311e-01 
  562.000  6.829913e-01 
  563.000  6.827622e-01 
  564.000  6.824520e-01 
  565.000  6.819590e-01 
  566.000  6.816854e-01 
  567.000  6.805230e-01 
  568.000  6.768017e-01 
  569.000  6.686171e-01 
  570.000  6.698835e-01 
  571.000  6.757487e-01 
  572.000  6.701187e-01 
  573.000  6.716146e-01 
  574.000  6.720096e-01 
  575.000  6.716627e-01 
  576.000  6.718581e-01 
  577.000  6.738152e-01 
  578.000  6.762821e-01 
  579.000  6.782848e-01 
  580.000  6.798998e-01 
  581.000  6.823733e-01 
  582.000  6.839858e-01 
  583.000  6.848494e-01 
  584.000  6.856372e-01 
  585.000  6.862173e-01 
  586.000  6.867970e-01 
  587.000  6.845126e-01 
  588.000  6.732140e-01 
  589.000  6.555652e-01 
  590.000  6.545942e-01 
  591.000  6.668342e-01 
  592.000  6.605282e-01 
  593.000  6.744997e-01 
  594.000  6.715666e-01 
  595.000  6.619677e-01 
  596.000  6.756003e-01 
  597.000  6.723312e-01 
  598.000  6.777816e-01 
  599.000  6.798782e-01 
  600.000  6.847987e-01 
  601.000  6.880726e-01 
  602.000  6.889403e-01 
  603.000  6.903328e-01 
  604.000  6.918557e-01 
  605.000  6.928885e-01 
  606.000  6.935856e-01 
  607.000  6.942572e-01 
  608.000  6.948754e-01 
  609.000  6.954648e-01 
  610.000  6.960714e-01 
  611.000  6.967448e-01 
  612.000  6.974043e-01 
  613.000  6.980430e-01 
  614.000  6.986628e-01 
  615.000  6.992809e-01 
  616.000  6.998762e-01 
  617.000  7.004385e-01 
  618.000  7.009098e-01 
  619.000  7.013085e-01 
  620.000  7.016776e-01 
  621.000  7.019947e-01 
  622.000  7.022596e-01 
  623.000  7.024368e-01 
  624.000  7.026249e-01 
  625.000  7.027809e-01 
  626.000  7.023335e-01 
  627.000  6.978203e-01 
  628.000  6.766511e-01 
  629.000  6.888454e-01 
  630.000  6.929383e-01 
  631.000  6.970684e-01 
  632.000  6.951672e-01 
  633.000  7.014381e-01 
  634.000  7.041638e-01 
  635.000  7.051550e-01 
  636.000  7.068729e-01 
  637.000  7.082751e-01 
  638.000  7.113734e-01 
  639.000  7.122584e-01 
  640.000  7.142134e-01 
  641.000  7.149726e-01 
  642.000  7.164058e-01 
  643.000  7.153534e-01 
  644.000  7.159255e-01 
  645.000  7.141048e-01 
  646.000  7.045391e-01 
  647.000  6.980176e-01 
  648.000  6.907050e-01 
  649.000  6.978033e-01 
  650.000  7.111826e-01 
  651.000  7.115186e-01 
  652.000  7.003672e-01 
  653.000  7.139335e-01 
  654.000  7.128235e-01 
  655.000  7.083444e-01 
  656.000  7.103761e-01 
  657.000  7.133387e-01 
  658.000  7.182169e-01 
  659.000  7.212073e-01 
  660.000  7.227065e-01 
  661.000  7.263921e-01 
  662.000  7.282093e-01 
  663.000  7.282780e-01 
  664.000  7.291917e-01 
  665.000  7.300269e-01 
  666.000  7.310121e-01 
  667.000  7.318344e-01 
  668.000  7.328153e-01 
  669.000  7.334793e-01 
  670.000  7.340520e-01 
  671.000  7.346628e-01 
  672.000  7.351948e-01 
  673.000  7.357149e-01 
  674.000  7.362294e-01 
  675.000  7.367456e-01 
  676.000  7.372269e-01 
  677.000  7.376703e-01 
  678.000  7.381156e-01 
  679.000  7.384583e-01 
  680.000  7.383562e-01 
  681.000  7.381510e-01 
  682.000  7.383475e-01 
  683.000  7.383705e-01 
  684.000  7.377127e-01 
  685.000  7.387122e-01 
  686.000  7.358054e-01 
  687.000  6.390524e-01 
  688.000  6.696593e-01 
  689.000  6.606549e-01 
  690.000  6.766431e-01 
  691.000  6.966718e-01 
  692.000  7.074062e-01 
  693.000  6.974094e-01 
  694.000  6.854022e-01 
  695.000  6.954724e-01 
  696.000  7.014175e-01 
  697.000  7.277145e-01 
  698.000  7.222009e-01 
  699.000  6.984766e-01 
  700.000  7.023694e-01 
  701.000  6.970842e-01 
  702.000  7.009496e-01 
  703.000  7.207835e-01 
  704.000  7.216421e-01 
  705.000  7.134535e-01 
  706.000  7.150561e-01 
  707.000  7.179919e-01 
  708.000  7.211689e-01 
  709.000  7.276700e-01 
  710.000  7.207475e-01 
  711.000  7.278100e-01 
  712.000  7.338304e-01 
  713.000  7.289759e-01 
  714.000  7.273202e-01 
  715.000  7.194047e-01 
  716.000  7.111416e-01 
  717.000  6.598685e-01 
  718.000  6.287193e-01 
  719.000  6.175418e-01 
  720.000  6.009265e-01 
  721.000  6.744659e-01 
  722.000  7.010741e-01 
  723.000  6.859807e-01 
  724.000  6.435395e-01 
  725.000  6.497096e-01 
  726.000  6.477271e-01 
  727.000  6.536928e-01 
  728.000  6.471782e-01 
  729.000  6.633574e-01 
  730.000  6.605614e-01 
  731.000  6.571883e-01 
  732.000  6.846285e-01 
  733.000  7.111852e-01 
  734.000  7.240540e-01 
  735.000  7.195019e-01 
  736.000  7.110381e-01 
  737.000  7.173991e-01 
  738.000  7.261627e-01 
  739.000  7.299370e-01 
  740.000  7.383392e-01 
  741.000  7.431954e-01 
  742.000  7.452276e-01 
  743.000  7.497146e-01 
  744.000  7.517418e-01 
  745.000  7.532310e-01 
  746.000  7.544400e-01 
  747.000  7.546920e-01 
  748.000  7.557613e-01 
  749.000  7.563068e-01 
  750.000  7.559608e-01 
  751.000  7.561445e-01 
  752.000  7.571216e-01 
  753.000  7.575118e-01 
  754.000  7.578119e-01 
  755.000  7.579949e-01 
  756.000  7.581887e-01 
  757.000  7.583217e-01 
  758.000  7.570907e-01 
  759.000  7.050726e-01 
  760.000  3.205405e-01 
  761.000  2.845719e-01 
  762.000  5.060813e-01 
  763.000  4.368625e-01 
  764.000  4.710962e-01 
  765.000  5.490572e-01 
  766.000  6.434678e-01 
  767.000  6.912360e-01 
  768.000  7.225178e-01 
  769.000  7.431833e-01 
  770.000  7.541432e-01 
  771.000  7.594492e-01 
  772.000  7.607489e-01 
  773.000  7.613320e-01 
  774.000  7.620360e-01 
  775.000  7.624606e-01 
  776.000  7.627711e-01 
  777.000  7.628386e-01 
  778.000  7.627898e-01 
  779.000  7.627336e-01 
  780.000  7.626764e-01 
  781.000  7.631081e-01 
  782.000  7.630368e-01 
  783.000  7.629808e-01 
  784.000  7.626289e-01 
  785.000  7.607730e-01 
  786.000  7.579302e-01 
  787.000  7.515587e-01 
  788.000  7.482043e-01 
  789.000  7.363181e-01 
  790.000  7.352787e-01 
  791.000  7.374976e-01 
  792.000  7.395538e-01 
  793.000  7.443705e-01 
  794.000  7.546191e-01 
  795.000  7.483248e-01 
  796.000  7.316583e-01 
  797.000  7.363917e-01 
  798.000  7.468995e-01 
  799.000  7.444804e-01 
  800.000  7.368055e-01 
  801.000  7.377001e-01 
  802.000  7.369114e-01 
  803.000  7.380163e-01 
  804.000  7.416046e-01 
  805.000  7.484967e-01 
  806.000  7.526127e-01 
  807.000  7.527805e-01 
  808.000  7.504197e-01 
  809.000  7.475215e-01 
  810.000  7.443442e-01 
  811.000  7.378607e-01 
  812.000  7.291527e-01 
  813.000  7.185262e-01 
  814.000  7.045719e-01 
  815.000  6.872945e-01 
  816.000  6.654036e-01 
  817.000  6.665472e-01 
  818.000  6.682966e-01 
  819.000  6.755053e-01 
  820.000  6.996760e-01 
  821.000  7.274919e-01 
  822.000  7.062874e-01 
  823.000  6.480599e-01 
  824.000  6.970347e-01 
  825.000  7.290276e-01 
  826.000  7.235863e-01 
  827.000  7.195150e-01 
  828.000  6.984537e-01 
  829.000  7.059937e-01 
  830.000  7.144858e-01 
  831.000  7.164894e-01 
  832.000  7.174026e-01 
  833.000  7.223241e-01 
  834.000  7.281348e-01 
  835.000  7.396855e-01 
  836.000  7.359707e-01 
  837.000  7.355835e-01 
  838.000  7.411994e-01 
  839.000  7.446129e-01 
  840.000  7.458444e-01 
  841.000  7.421272e-01 
  842.000  7.454463e-01 
  843.000  7.533568e-01 
  844.000  7.569490e-01 
  845.000  7.586169e-01 
  846.000  7.603725e-01 
  847.000  7.623087e-01 
  848.000  7.590795e-01 
  849.000  7.594766e-01 
  850.000  7.578739e-01 
  851.000  7.559690e-01 
  852.000  7.561448e-01 
  853.000  7.592590e-01 
  854.000  7.590804e-01 
  855.000  7.606419e-01 
  856.000  7.639034e-01 
  857.000  7.651853e-01 
  858.000  7.659078e-01 
  859.000  7.674664e-01 
  860.000  7.682222e-01 
  861.000  7.683421e-01 
  862.000  7.687808e-01 
  863.000  7.688332e-01 
  864.000  7.691323e-01 
  865.000  7.693759e-01 
  866.000  7.694364e-01 
  867.000  7.693860e-01 
  868.000  7.694196e-01 
  869.000  7.694967e-01 
  870.000  7.694307e-01 
  871.000  7.695035e-01 
  872.000  7.696889e-01 
  873.000  7.694930e-01 
  874.000  7.693844e-01 
  875.000  7.693546e-01 
  876.000  7.690168e-01 
  877.000  7.688714e-01 
  878.000  7.678708e-01 
  879.000  7.677975e-01 
  880.000  7.669328e-01 
  881.000  7.664295e-01 
  882.000  7.659860e-01 
  883.000  7.664442e-01 
  884.000  7.665871e-01 
  885.000  7.649061e-01 
  886.000  7.624409e-01 
  887.000  7.643279e-01 
  888.000  7.642041e-01 
  889.000  7.647663e-01 
  890.000  7.633010e-01 
  891.000  7.603022e-01 
  892.000  7.539983e-01 
  893.000  7.349933e-01 
  894.000  7.255114e-01 
  895.000  6.969855e-01 
  896.000  6.715572e-01 
  897.000  6.449485e-01 
  898.000  6.325793e-01 
  899.000  5.983615e-01 
  900.000  6.031687e-01 
  901.000  5.943622e-01 
  902.000  5.960953e-01 
  903.000  6.537057e-01 
  904.000  6.895443e-01 
  905.000  6.883101e-01 
  906.000  6.658759e-01 
  907.000  6.266723e-01 
  908.000  6.011466e-01 
  909.000  6.021587e-01 
  910.000  6.059510e-01 
  911.000  6.228460e-01 
  912.000  6.146520e-01 
  913.000  5.793918e-01 
  914.000  5.967690e-01 
  915.000  6.105967e-01 
  916.000  6.143959e-01 
  917.000  6.219974e-01 
  918.000  6.318347e-01 
  919.000  6.654330e-01 
  920.000  6.911656e-01 
  921.000  6.855458e-01 
  922.000  6.850705e-01 
  923.000  6.778882e-01 
  924.000  6.607072e-01 
  925.000  6.591318e-01 
  926.000  6.583326e-01 
  927.000  6.381255e-01 
  928.000  6.073910e-01 
  929.000  5.637709e-01 
  930.000  5.096473e-01 
  931.000  4.510233e-01 
  932.000  3.764326e-01 
  933.000  3.240602e-01 
  934.000  2.729214e-01 
  935.000  2.673759e-01 
  936.000  2.868345e-01 
  937.000  2.820761e-01 
  938.000  3.399935e-01 
  939.000  5.005072e-01 
  940.000  5.258703e-01 
  941.000  5.044309e-01 
  942.000  4.523556e-01 
  943.000  3.688490e-01 
  944.000  3.630017e-01 
  945.000  3.921966e-01 
  946.000  3.940623e-01 
  947.000  4.212070e-01 
  948.000  4.372873e-01 
  949.000  4.354660e-01 
  950.000  4.396785e-01 
  951.000  4.760077e-01 
  952.000  4.377212e-01 
  953.000  4.650332e-01 
  954.000  4.948164e-01 
  955.000  4.712641e-01 
  956.000  4.664927e-01 
  957.000  5.422145e-01 
  958.000  5.525099e-01 
  959.000  5.400000e-01 
  960.000  5.365106e-01 
  961.000  5.302999e-01 
  962.000  5.362699e-01 
  963.000  5.788317e-01 
  964.000  5.851223e-01 
  965.000  5.811846e-01 
  966.000  5.836751e-01 
  967.000  6.146241e-01 
  968.000  6.670460e-01 
  969.000  6.910902e-01 
  970.000  6.924498e-01 
  971.000  6.918909e-01 
  972.000  6.850474e-01 
  973.000  6.693361e-01 
  974.000  6.503472e-01 
  975.000  6.382188e-01 
  976.000  6.530566e-01 
  977.000  6.777536e-01 
  978.000  6.758041e-01 
  979.000  6.823062e-01 
  980.000  7.077794e-01 
  981.000  7.134872e-01 
  982.000  7.078598e-01 
  983.000  7.210383e-01 
  984.000  7.346441e-01 
  985.000  7.424033e-01 
  986.000  7.524340e-01 
  987.000  7.567980e-01 
  988.000  7.578043e-01 
  989.000  7.584457e-01 
  990.000  7.595046e-01 
  991.000  7.632401e-01 
  992.000  7.642950e-01 
  993.000  7.646840e-01 
  994.000  7.680539e-01 
  995.000  7.702845e-01 
  996.000  7.702554e-01 
  997.000  7.688500e-01 
  998.000  7.671287e-01 
  999.000  7.664912e-01 
 1000.000  7.669926e-01 
 1001.000  7.634017e-01 
 1002.000  7.576696e-01 
 1003.000  7.590179e-01 
 1004.000  7.622994e-01 
 1005.000  7.637942e-01 
 1006.000  7.642764e-01 
 1007.000  7.631727e-01 
 1008.000  7.585016e-01 
 1009.000  7.522703e-01 
 1010.000  7.550381e-01 
 1011.000  7.616564e-01 
 1012.000  7.641777e-01 
 1013.000  7.661647e-01 
 1014.000  7.669952e-01 
 1015.000  7.671543e-01 
 1016.000  7.680515e-01 
 1017.000  7.685702e-01 
 1018.000  7.674454e-01 
 1019.000  7.651393e-01 
 1020.000  7.659485e-01 
 1021.000  7.676093e-01 
 1022.000  7.648216e-01 
 1023.000  7.624919e-01 
 1024.000  7.610998e-01 
 1025.000  7.653822e-01 
 1026.000  7.672806e-01 
 1027.000  7.664823e-01 
 1028.000  7.671537e-01 
 1029.000  7.689566e-01 
 1030.000  7.706891e-01 
 1031.000  7.716216e-01 
 1032.000  7.723252e-01 
 1033.000  7.724971e-01 
 1034.000  7.729229e-01 
 1035.000  7.731370e-01 
 1036.000  7.730552e-01 
 1037.000  7.731233e-01 
 1038.000  7.732551e-01 
 1039.000  7.730161e-01 
 1040.000  7.728179e-01 
 1041.000  7.726616e-01 
 1042.000  7.726222e-01 
 1043.000  7.726273e-01 
 1044.000  7.724948e-01 
 1045.000  7.720478e-01 
 1046.000  7.717525e-01 
 1047.000  7.714078e-01 
 1048.000  7.710047e-01 
 1049.000  7.706321e-01 
 1050.000  7.701744e-01 
 1051.000  7.694870e-01 
 1052.000  7.690563e-01 
 1053.000  7.690238e-01 
 1054.000  7.683354e-01 
 1055.000  7.676669e-01 
 1056.000  7.671196e-01 
 1057.000  7.656242e-01 
 1058.000  7.628489e-01 
 1059.000  7.630829e-01 
 1060.000  7.645714e-01 
 1061.000  7.642560e-01 
 1062.000  7.625143e-01 
 1063.000  7.619187e-01 
 1064.000  7.604439e-01 
 1065.000  7.587066e-01 
 1066.000  7.588536e-01 
 1067.000  7.578501e-01 
 1068.000  7.542278e-01 
 1069.000  7.523383e-01 
 1070.000  7.527658e-01 
 1071.000  7.503704e-01 
 1072.000  7.479462e-01 
 1073.000  7.474129e-01 
 1074.000  7.476777e-01 
 1075.000  7.510690e-01 
 1076.000  7.488206e-01 
 1077.000  7.458376e-01 
 1078.000  7.423461e-01 
 1079.000  7.418332e-01 
 1080.000  7.326406e-01 
 1081.000  7.320718e-01 
 1082.000  7.360392e-01 
 1083.000  7.311383e-01 
 1084.000  7.258011e-01 
 1085.000  7.131898e-01 
 1086.000  7.160735e-01 
 1087.000  7.298576e-01 
 1088.000  7.303725e-01 
 1089.000  7.135019e-01 
 1090.000  7.102966e-01 
 1091.000  7.134338e-01 
 1092.000  7.050568e-01 
 1093.000  6.865290e-01 
 1094.000  6.784835e-01 
 1095.000  6.797277e-01 
 1096.000  6.808223e-01 
 1097.000  6.770570e-01 
 1098.000  6.326624e-01 
 1099.000  5.953663e-01 
 1100.000  5.978107e-01 
 1101.000  6.028553e-01 
 1102.000  6.002583e-01 
 1103.000  6.035497e-01 
 1104.000  5.972801e-01 
 1105.000  5.816895e-01 
 1106.000  5.661869e-01 
 1107.000  5.698140e-01 
 1108.000  5.723389e-01 
 1109.000  5.852131e-01 
 1110.000  5.830785e-01 
 1111.000  5.754498e-01 
 1112.000  5.428754e-01 
 1113.000  4.988067e-01 
 1114.000  4.861429e-01 
 1115.000  4.335514e-01 
 1116.000  4.019470e-01 
 1117.000  3.325260e-01 
 1118.000  2.717786e-01 
 1119.000  2.405487e-01 
 1120.000  2.040433e-01 
 1121.000  1.960722e-01 
 1122.000  1.613187e-01 
 1123.000  1.792876e-01 
 1124.000  1.917452e-01 
 1125.000  1.849787e-01 
 1126.000  1.824022e-01 
 1127.000  1.855938e-01 
 1128.000  1.917736e-01 
 1129.000  2.276363e-01 
 1130.000  3.167589e-01 
 1131.000  3.440574e-01 
 1132.000  3.065985e-01 
 1133.000  2.423828e-01 
 1134.000  1.382174e-01 
 1135.000  1.456090e-01 
 1136.000  2.521818e-01 
 1137.000  3.172843e-01 
 1138.000  3.848985e-01 
 1139.000  4.074478e-01 
 1140.000  3.942420e-01 
 1141.000  3.683109e-01 
 1142.000  3.589890e-01 
 1143.000  3.302929e-01 
 1144.000  2.990507e-01 
 1145.000  2.554422e-01 
 1146.000  2.656286e-01 
 1147.000  3.000323e-01 
 1148.000  3.316015e-01 
 1149.000  3.449180e-01 
 1150.000  3.463749e-01 
