  320.000  2.834464e-01 
  321.000  3.361858e-01 
  322.000  3.156804e-01 
  323.000  3.416271e-01 
  324.000  3.672861e-01 
  325.000  3.482011e-01 
  326.000  3.794328e-01 
  327.000  3.880669e-01 
  328.000  3.693760e-01 
  329.000  4.051148e-01 
  330.000  4.107276e-01 
  331.000  3.996085e-01 
  332.000  4.210306e-01 
  333.000  4.272406e-01 
  334.000  4.221430e-01 
  335.000  4.377232e-01 
  336.000  4.440055e-01 
  337.000  4.413599e-01 
  338.000  4.487093e-01 
  339.000  4.562722e-01 
  340.000  4.550308e-01 
  341.000  4.623568e-01 
  342.000  4.677013e-01 
  343.000  4.703816e-01 
  344.000  4.709289e-01 
  345.000  4.781462e-01 
  346.000  4.826931e-01 
  347.000  4.863943e-01 
  348.000  4.898562e-01 
  349.000  4.937394e-01 
  350.000  4.970538e-01 
  351.000  5.003506e-01 
  352.000  5.030520e-01 
  353.000  5.068882e-01 
  354.000  5.101494e-01 
  355.000  5.131803e-01 
  356.000  5.161301e-01 
  357.000  5.187524e-01 
  358.000  5.215708e-01 
  359.000  5.243832e-01 
  360.000  5.272601e-01 
  361.000  5.308897e-01 
  362.000  5.346634e-01 
  363.000  5.381338e-01 
  364.000  5.413232e-01 
  365.000  5.443112e-01 
  366.000  5.473626e-01 
  367.000  5.502644e-01 
  368.000  5.531365e-01 
  369.000  5.559804e-01 
  370.000  5.587918e-01 
  371.000  5.615779e-01 
  372.000  5.643378e-01 
  373.000  5.670714e-01 
  374.000  5.697579e-01 
  375.000  5.723897e-01 
  376.000  5.749295e-01 
  377.000  5.773274e-01 
  378.000  5.795527e-01 
  379.000  5.818116e-01 
  380.000  5.842936e-01 
  381.000  5.871159e-01 
  382.000  5.900372e-01 
  383.000  5.927963e-01 
  384.000  5.954108e-01 
  385.000  5.979272e-01 
  386.000  6.003764e-01 
  387.000  6.027836e-01 
  388.000  6.051576e-01 
  389.000  6.075096e-01 
  390.000  6.098403e-01 
  391.000  6.121448e-01 
  392.000  6.144298e-01 
  393.000  6.166938e-01 
  394.000  6.189345e-01 
  395.000  6.211500e-01 
  396.000  6.233491e-01 
  397.000  6.255206e-01 
  398.000  6.276700e-01 
  399.000  6.297991e-01 
  400.000  6.318969e-01 
  401.000  6.339846e-01 
  402.000  6.360536e-01 
  403.000  6.381029e-01 
  404.000  6.401323e-01 
  405.000  6.421376e-01 
  406.000  6.441278e-01 
  407.000  6.461006e-01 
  408.000  6.480545e-01 
  409.000  6.499876e-01 
  410.000  6.519007e-01 
  411.000  6.537932e-01 
  412.000  6.556640e-01 
  413.000  6.575224e-01 
  414.000  6.592461e-01 
  415.000  6.611094e-01 
  416.000  6.629476e-01 
  417.000  6.647537e-01 
  418.000  6.665169e-01 
  419.000  6.682593e-01 
  420.000  6.699847e-01 
  421.000  6.716986e-01 
  422.000  6.734005e-01 
  423.000  6.750886e-01 
  424.000  6.767556e-01 
  425.000  6.783832e-01 
  426.000  6.799939e-01 
  427.000  6.815892e-01 
  428.000  6.831552e-01 
  429.000  6.846982e-01 
  430.000  6.862224e-01 
  431.000  6.877341e-01 
  432.000  6.892292e-01 
  433.000  6.907092e-01 
  434.000  6.921757e-01 
  435.000  6.936271e-01 
  436.000  6.950614e-01 
  437.000  6.964792e-01 
  438.000  6.978801e-01 
  439.000  6.992694e-01 
  440.000  7.006354e-01 
  441.000  7.019835e-01 
  442.000  7.033094e-01 
  443.000  7.046147e-01 
  444.000  7.058987e-01 
  445.000  7.071545e-01 
  446.000  7.083747e-01 
  447.000  7.096539e-01 
  448.000  7.110246e-01 
  449.000  7.124112e-01 
  450.000  7.137704e-01 
  451.000  7.150757e-01 
  452.000  7.163347e-01 
  453.000  7.175673e-01 
  454.000  7.187771e-01 
  455.000  7.199160e-01 
  456.000  7.209626e-01 
  457.000  7.220090e-01 
  458.000  7.230409e-01 
  459.000  7.240505e-01 
  460.000  7.250516e-01 
  461.000  7.260417e-01 
  462.000  7.270126e-01 
  463.000  7.279789e-01 
  464.000  7.292364e-01 
  465.000  7.304744e-01 
  466.000  7.316899e-01 
  467.000  7.328768e-01 
  468.000  7.338431e-01 
  469.000  7.346750e-01 
  470.000  7.354399e-01 
  471.000  7.361282e-01 
  472.000  7.367125e-01 
  473.000  7.371219e-01 
  474.000  7.374581e-01 
  475.000  7.375445e-01 
  476.000  7.373781e-01 
  477.000  7.373746e-01 
  478.000  7.383471e-01 
  479.000  7.398266e-01 
  480.000  7.414226e-01 
  481.000  7.428535e-01 
  482.000  7.441947e-01 
  483.000  7.453601e-01 
  484.000  7.463613e-01 
  485.000  7.472563e-01 
  486.000  7.482105e-01 
  487.000  7.492146e-01 
  488.000  7.501860e-01 
  489.000  7.511392e-01 
  490.000  7.520807e-01 
  491.000  7.528177e-01 
  492.000  7.534913e-01 
  493.000  7.541613e-01 
  494.000  7.548122e-01 
  495.000  7.554629e-01 
  496.000  7.557981e-01 
  497.000  7.561206e-01 
  498.000  7.564383e-01 
  499.000  7.567388e-01 
  500.000  7.570345e-01 
  501.000  7.572974e-01 
  502.000  7.575603e-01 
  503.000  7.578198e-01 
  504.000  7.580674e-01 
  505.000  7.583014e-01 
  506.000  7.589867e-01 
  507.000  7.596918e-01 
  508.000  7.603955e-01 
  509.000  7.610909e-01 
  510.000  7.617714e-01 
  511.000  7.623813e-01 
  512.000  7.629701e-01 
  513.000  7.635553e-01 
  514.000  7.641332e-01 
  515.000  7.647058e-01 
  516.000  7.651148e-01 
  517.000  7.653769e-01 
  518.000  7.656319e-01 
  519.000  7.658819e-01 
  520.000  7.661296e-01 
  521.000  7.663513e-01 
  522.000  7.665113e-01 
  523.000  7.666266e-01 
  524.000  7.667457e-01 
  525.000  7.668397e-01 
  526.000  7.669715e-01 
  527.000  7.669926e-01 
  528.000  7.669691e-01 
  529.000  7.669442e-01 
  530.000  7.669249e-01 
  531.000  7.669090e-01 
  532.000  7.669446e-01 
  533.000  7.672659e-01 
  534.000  7.676715e-01 
  535.000  7.681292e-01 
  536.000  7.685716e-01 
  537.000  7.689763e-01 
  538.000  7.693380e-01 
  539.000  7.696732e-01 
  540.000  7.699875e-01 
  541.000  7.702926e-01 
  542.000  7.705844e-01 
  543.000  7.708658e-01 
  544.000  7.710785e-01 
  545.000  7.712353e-01 
  546.000  7.713848e-01 
  547.000  7.715385e-01 
  548.000  7.716845e-01 
  549.000  7.718282e-01 
  550.000  7.718979e-01 
  551.000  7.718942e-01 
  552.000  7.718933e-01 
  553.000  7.718773e-01 
  554.000  7.718544e-01 
  555.000  7.718274e-01 
  556.000  7.717726e-01 
  557.000  7.716697e-01 
  558.000  7.715585e-01 
  559.000  7.714343e-01 
  560.000  7.712787e-01 
  561.000  7.710943e-01 
  562.000  7.706964e-01 
  563.000  7.704682e-01 
  564.000  7.701657e-01 
  565.000  7.697001e-01 
  566.000  7.694009e-01 
  567.000  7.683624e-01 
  568.000  7.650734e-01 
  569.000  7.581080e-01 
  570.000  7.590979e-01 
  571.000  7.639301e-01 
  572.000  7.591063e-01 
  573.000  7.602774e-01 
  574.000  7.605372e-01 
  575.000  7.601994e-01 
  576.000  7.603898e-01 
  577.000  7.620616e-01 
  578.000  7.643036e-01 
  579.000  7.661763e-01 
  580.000  7.678298e-01 
  581.000  7.702457e-01 
  582.000  7.718630e-01 
  583.000  7.728306e-01 
  584.000  7.737150e-01 
  585.000  7.743691e-01 
  586.000  7.750204e-01 
  587.000  7.732406e-01 
  588.000  7.638327e-01 
  589.000  7.489246e-01 
  590.000  7.481678e-01 
  591.000  7.586599e-01 
  592.000  7.533486e-01 
  593.000  7.652771e-01 
  594.000  7.628437e-01 
  595.000  7.547293e-01 
  596.000  7.662688e-01 
  597.000  7.634307e-01 
  598.000  7.679852e-01 
  599.000  7.696913e-01 
  600.000  7.737814e-01 
  601.000  7.764436e-01 
  602.000  7.771490e-01 
  603.000  7.783765e-01 
  604.000  7.797604e-01 
  605.000  7.807226e-01 
  606.000  7.814061e-01 
  607.000  7.820657e-01 
  608.000  7.826875e-01 
  609.000  7.832816e-01 
  610.000  7.838951e-01 
  611.000  7.845764e-01 
  612.000  7.852435e-01 
  613.000  7.858896e-01 
  614.000  7.865164e-01 
  615.000  7.871416e-01 
  616.000  7.877436e-01 
  617.000  7.883122e-01 
  618.000  7.887887e-01 
  619.000  7.891918e-01 
  620.000  7.895650e-01 
  621.000  7.898855e-01 
  622.000  7.901534e-01 
  623.000  7.903326e-01 
  624.000  7.905231e-01 
  625.000  7.906817e-01 
  626.000  7.903532e-01 
  627.000  7.863983e-01 
  628.000  7.637366e-01 
  629.000  7.772879e-01 
  630.000  7.807388e-01 
  631.000  7.850807e-01 
  632.000  7.841686e-01 
  633.000  7.899430e-01 
  634.000  7.926397e-01 
  635.000  7.937287e-01 
  636.000  7.954850e-01 
  637.000  7.968944e-01 
  638.000  7.996958e-01 
  639.000  8.006601e-01 
  640.000  8.024852e-01 
  641.000  8.033119e-01 
  642.000  8.046716e-01 
  643.000  8.039249e-01 
  644.000  8.045590e-01 
  645.000  8.031328e-01 
  646.000  7.951922e-01 
  647.000  7.897977e-01 
  648.000  7.837070e-01 
  649.000  7.898407e-01 
  650.000  8.012527e-01 
  651.000  8.016275e-01 
  652.000  7.922830e-01 
  653.000  8.038445e-01 
  654.000  8.029938e-01 
  655.000  7.992998e-01 
  656.000  8.011046e-01 
  657.000  8.036836e-01 
  658.000  8.078795e-01 
  659.000  8.104825e-01 
  660.000  8.118306e-01 
  661.000  8.150228e-01 
  662.000  8.166608e-01 
  663.000  8.167850e-01 
  664.000  8.176603e-01 
  665.000  8.184282e-01 
  666.000  8.193465e-01 
  667.000  8.201325e-01 
  668.000  8.210304e-01 
  669.000  8.216717e-01 
  670.000  8.222388e-01 
  671.000  8.228363e-01 
  672.000  8.233696e-01 
  673.000  8.238928e-01 
  674.000  8.244111e-01 
  675.000  8.249304e-01 
  676.000  8.254170e-01 
  677.000  8.258647e-01 
  678.000  8.263136e-01 
  679.000  8.266780e-01 
  680.000  8.266776e-01 
  681.000  8.265553e-01 
  682.000  8.268098e-01 
  683.000  8.268759e-01 
  684.000  8.263785e-01 
  685.000  8.273209e-01 
  686.000  8.243224e-01 
  687.000  7.216082e-01 
  688.000  7.539468e-01 
  689.000  7.446319e-01 
  690.000  7.614639e-01 
  691.000  7.832767e-01 
  692.000  7.961148e-01 
  693.000  7.898581e-01 
  694.000  7.809195e-01 
  695.000  7.902846e-01 
  696.000  7.957084e-01 
  697.000  8.185482e-01 
  698.000  8.138864e-01 
  699.000  7.934477e-01 
  700.000  7.968809e-01 
  701.000  7.923406e-01 
  702.000  7.957303e-01 
  703.000  8.129033e-01 
  704.000  8.136743e-01 
  705.000  8.066376e-01 
  706.000  8.080484e-01 
  707.000  8.106098e-01 
  708.000  8.133755e-01 
  709.000  8.190013e-01 
  710.000  8.130751e-01 
  711.000  8.191873e-01 
  712.000  8.243951e-01 
  713.000  8.202682e-01 
  714.000  8.188986e-01 
  715.000  8.121645e-01 
  716.000  8.051733e-01 
  717.000  7.606388e-01 
  718.000  7.332610e-01 
  719.000  7.234199e-01 
  720.000  7.085009e-01 
  721.000  7.737343e-01 
  722.000  7.969319e-01 
  723.000  7.838313e-01 
  724.000  7.465926e-01 
  725.000  7.521189e-01 
  726.000  7.503682e-01 
  727.000  7.556406e-01 
  728.000  7.498801e-01 
  729.000  7.641412e-01 
  730.000  7.616467e-01 
  731.000  7.586350e-01 
  732.000  7.827054e-01 
  733.000  8.057469e-01 
  734.000  8.168301e-01 
  735.000  8.129044e-01 
  736.000  8.055962e-01 
  737.000  8.111008e-01 
  738.000  8.186665e-01 
  739.000  8.219200e-01 
  740.000  8.291410e-01 
  741.000  8.333103e-01 
  742.000  8.350591e-01 
  743.000  8.389097e-01 
  744.000  8.406124e-01 
  745.000  8.419530e-01 
  746.000  8.430026e-01 
  747.000  8.432674e-01 
  748.000  8.442068e-01 
  749.000  8.446882e-01 
  750.000  8.444190e-01 
  751.000  8.446041e-01 
  752.000  8.454593e-01 
  753.000  8.458131e-01 
  754.000  8.460931e-01 
  755.000  8.462771e-01 
  756.000  8.464698e-01 
  757.000  8.466032e-01 
  758.000  8.453418e-01 
  759.000  7.904934e-01 
  760.000  3.763206e-01 
  761.000  3.364213e-01 
  762.000  5.784822e-01 
  763.000  5.036661e-01 
  764.000  5.407406e-01 
  765.000  6.246001e-01 
  766.000  7.252331e-01 
  767.000  7.758068e-01 
  768.000  8.088118e-01 
  769.000  8.305654e-01 
  770.000  8.420161e-01 
  771.000  8.476310e-01 
  772.000  8.489913e-01 
  773.000  8.496081e-01 
  774.000  8.503494e-01 
  775.000  8.507733e-01 
  776.000  8.510788e-01 
  777.000  8.511643e-01 
  778.000  8.511468e-01 
  779.000  8.511187e-01 
  780.000  8.510881e-01 
  781.000  8.514600e-01 
  782.000  8.514180e-01 
  783.000  8.513883e-01 
  784.000  8.510949e-01 
  785.000  8.495040e-01 
  786.000  8.470594e-01 
  787.000  8.415795e-01 
  788.000  8.387009e-01 
  789.000  8.284204e-01 
  790.000  8.275370e-01 
  791.000  8.294774e-01 
  792.000  8.312698e-01 
  793.000  8.354509e-01 
  794.000  8.443230e-01 
  795.000  8.388968e-01 
  796.000  8.244544e-01 
  797.000  8.285802e-01 
  798.000  8.377002e-01 
  799.000  8.356152e-01 
  800.000  8.289723e-01 
  801.000  8.297606e-01 
  802.000  8.290868e-01 
  803.000  8.300549e-01 
  804.000  8.331723e-01 
  805.000  8.391488e-01 
  806.000  8.427141e-01 
  807.000  8.428692e-01 
  808.000  8.408427e-01 
  809.000  8.383533e-01 
  810.000  8.356276e-01 
  811.000  8.300380e-01 
  812.000  8.225197e-01 
  813.000  8.133141e-01 
  814.000  8.011758e-01 
  815.000  7.860915e-01 
  816.000  7.667475e-01 
  817.000  7.678221e-01 
  818.000  7.693934e-01 
  819.000  7.757564e-01 
  820.000  7.970546e-01 
  821.000  8.213993e-01 
  822.000  8.028731e-01 
  823.000  7.512922e-01 
  824.000  7.947420e-01 
  825.000  8.227350e-01 
  826.000  8.179445e-01 
  827.000  8.144002e-01 
  828.000  7.959620e-01 
  829.000  8.025941e-01 
  830.000  8.100281e-01 
  831.000  8.117698e-01 
  832.000  8.125296e-01 
  833.000  8.168147e-01 
  834.000  8.218610e-01 
  835.000  8.318810e-01 
  836.000  8.286499e-01 
  837.000  8.283024e-01 
  838.000  8.331802e-01 
  839.000  8.361379e-01 
  840.000  8.372102e-01 
  841.000  8.339920e-01 
  842.000  8.368731e-01 
  843.000  8.437226e-01 
  844.000  8.468264e-01 
  845.000  8.482714e-01 
  846.000  8.497911e-01 
  847.000  8.514681e-01 
  848.000  8.486920e-01 
  849.000  8.490446e-01 
  850.000  8.476714e-01 
  851.000  8.460353e-01 
  852.000  8.461953e-01 
  853.000  8.488911e-01 
  854.000  8.487416e-01 
  855.000  8.500950e-01 
  856.000  8.528764e-01 
  857.000  8.540568e-01 
  858.000  8.546613e-01 
  859.000  8.560323e-01 
  860.000  8.566904e-01 
  861.000  8.567990e-01 
  862.000  8.571697e-01 
  863.000  8.572226e-01 
  864.000  8.574786e-01 
  865.000  8.576888e-01 
  866.000  8.577485e-01 
  867.000  8.577161e-01 
  868.000  8.577533e-01 
  869.000  8.578267e-01 
  870.000  8.577812e-01 
  871.000  8.578508e-01 
  872.000  8.580139e-01 
  873.000  8.578607e-01 
  874.000  8.577799e-01 
  875.000  8.577646e-01 
  876.000  8.574937e-01 
  877.000  8.573584e-01 
  878.000  8.565078e-01 
  879.000  8.564532e-01 
  880.000  8.557065e-01 
  881.000  8.552820e-01 
  882.000  8.548742e-01 
  883.000  8.552796e-01 
  884.000  8.554423e-01 
  885.000  8.539078e-01 
  886.000  8.518150e-01 
  887.000  8.534172e-01 
  888.000  8.533185e-01 
  889.000  8.538323e-01 
  890.000  8.526223e-01 
  891.000  8.500383e-01 
  892.000  8.445953e-01 
  893.000  8.280578e-01 
  894.000  8.198204e-01 
  895.000  7.947059e-01 
  896.000  7.722133e-01 
  897.000  7.485266e-01 
  898.000  7.374560e-01 
  899.000  7.062726e-01 
  900.000  7.107596e-01 
  901.000  7.026556e-01 
  902.000  7.041502e-01 
  903.000  7.565477e-01 
  904.000  7.886046e-01 
  905.000  7.874413e-01 
  906.000  7.673893e-01 
  907.000  7.319977e-01 
  908.000  7.087122e-01 
  909.000  7.096927e-01 
  910.000  7.131916e-01 
  911.000  7.286419e-01 
  912.000  7.211546e-01 
  913.000  6.886847e-01 
  914.000  7.047244e-01 
  915.000  7.173753e-01 
  916.000  7.208055e-01 
  917.000  7.276832e-01 
  918.000  7.365768e-01 
  919.000  7.668590e-01 
  920.000  7.897723e-01 
  921.000  7.847219e-01 
  922.000  7.842869e-01 
  923.000  7.778863e-01 
  924.000  7.625207e-01 
  925.000  7.612246e-01 
  926.000  7.608069e-01 
  927.000  7.428595e-01 
  928.000  7.152982e-01 
  929.000  6.756073e-01 
  930.000  6.253151e-01 
  931.000  5.693654e-01 
  932.000  4.964924e-01 
  933.000  4.425867e-01 
  934.000  3.876121e-01 
  935.000  3.817424e-01 
  936.000  4.033723e-01 
  937.000  3.978849e-01 
  938.000  4.592127e-01 
  939.000  6.196080e-01 
  940.000  6.436249e-01 
  941.000  6.229386e-01 
  942.000  5.722631e-01 
  943.000  4.882926e-01 
  944.000  4.824235e-01 
  945.000  5.125279e-01 
  946.000  5.142307e-01 
  947.000  5.412132e-01 
  948.000  5.570499e-01 
  949.000  5.550062e-01 
  950.000  5.590682e-01 
  951.000  5.945374e-01 
  952.000  5.566813e-01 
  953.000  5.832699e-01 
  954.000  6.118273e-01 
  955.000  5.887341e-01 
  956.000  5.836024e-01 
  957.000  6.558399e-01 
  958.000  6.652231e-01 
  959.000  6.532194e-01 
  960.000  6.497419e-01 
  961.000  6.437279e-01 
  962.000  6.492268e-01 
  963.000  6.889142e-01 
  964.000  6.946220e-01 
  965.000  6.908386e-01 
  966.000  6.930019e-01 
  967.000  7.213405e-01 
  968.000  7.686682e-01 
  969.000  7.900485e-01 
  970.000  7.911974e-01 
  971.000  7.906854e-01 
  972.000  7.846082e-01 
  973.000  7.705801e-01 
  974.000  7.534966e-01 
  975.000  7.425181e-01 
  976.000  7.559322e-01 
  977.000  7.780966e-01 
  978.000  7.762954e-01 
  979.000  7.820385e-01 
  980.000  8.046427e-01 
  981.000  8.096484e-01 
  982.000  8.046128e-01 
  983.000  8.162125e-01 
  984.000  8.281510e-01 
  985.000  8.349298e-01 
  986.000  8.436777e-01 
  987.000  8.474627e-01 
  988.000  8.483234e-01 
  989.000  8.488713e-01 
  990.000  8.497886e-01 
  991.000  8.530381e-01 
  992.000  8.539563e-01 
  993.000  8.542953e-01 
  994.000  8.571786e-01 
  995.000  8.591796e-01 
  996.000  8.591575e-01 
  997.000  8.578863e-01 
  998.000  8.564379e-01 
  999.000  8.558881e-01 
 1000.000  8.563301e-01 
 1001.000  8.532082e-01 
 1002.000  8.482155e-01 
 1003.000  8.493960e-01 
 1004.000  8.522611e-01 
 1005.000  8.535675e-01 
 1006.000  8.539861e-01 
 1007.000  8.530296e-01 
 1008.000  8.489597e-01 
 1009.000  8.435195e-01 
 1010.000  8.459387e-01 
 1011.000  8.517122e-01 
 1012.000  8.539085e-01 
 1013.000  8.556352e-01 
 1014.000  8.563556e-01 
 1015.000  8.564913e-01 
 1016.000  8.572706e-01 
 1017.000  8.576729e-01 
 1018.000  8.567424e-01 
 1019.000  8.547353e-01 
 1020.000  8.554389e-01 
 1021.000  8.568848e-01 
 1022.000  8.544554e-01 
 1023.000  8.524219e-01 
 1024.000  8.512043e-01 
 1025.000  8.549318e-01 
 1026.000  8.565777e-01 
 1027.000  8.558770e-01 
 1028.000  8.564520e-01 
 1029.000  8.580481e-01 
 1030.000  8.595474e-01 
 1031.000  8.603224e-01 
 1032.000  8.609241e-01 
 1033.000  8.610868e-01 
 1034.000  8.614298e-01 
 1035.000  8.616034e-01 
 1036.000  8.614892e-01 
 1037.000  8.615070e-01 
 1038.000  8.616115e-01 
 1039.000  8.614016e-01 
 1040.000  8.612165e-01 
 1041.000  8.610698e-01 
 1042.000  8.610253e-01 
 1043.000  8.610140e-01 
 1044.000  8.608794e-01 
 1045.000  8.604771e-01 
 1046.000  8.602034e-01 
 1047.000  8.598760e-01 
 1048.000  8.594474e-01 
 1049.000  8.590158e-01 
 1050.000  8.585828e-01 
 1051.000  8.579665e-01 
 1052.000  8.575547e-01 
 1053.000  8.575028e-01 
 1054.000  8.568778e-01 
 1055.000  8.562399e-01 
 1056.000  8.557066e-01 
 1057.000  8.543449e-01 
 1058.000  8.518834e-01 
 1059.000  8.520268e-01 
 1060.000  8.532526e-01 
 1061.000  8.529409e-01 
 1062.000  8.513748e-01 
 1063.000  8.507448e-01 
 1064.000  8.493699e-01 
 1065.000  8.477687e-01 
 1066.000  8.478867e-01 
 1067.000  8.470275e-01 
 1068.000  8.438962e-01 
 1069.000  8.424444e-01 
 1070.000  8.429573e-01 
 1071.000  8.409848e-01 
 1072.000  8.389431e-01 
 1073.000  8.385611e-01 
 1074.000  8.388711e-01 
 1075.000  8.419178e-01 
 1076.000  8.400242e-01 
 1077.000  8.374802e-01 
 1078.000  8.344859e-01 
 1079.000  8.341017e-01 
 1080.000  8.260778e-01 
 1081.000  8.256250e-01 
 1082.000  8.291620e-01 
 1083.000  8.249122e-01 
 1084.000  8.202578e-01 
 1085.000  8.091480e-01 
 1086.000  8.117518e-01 
 1087.000  8.239781e-01 
 1088.000  8.244560e-01 
 1089.000  8.095994e-01 
 1090.000  8.068094e-01 
 1091.000  8.096411e-01 
 1092.000  8.022752e-01 
 1093.000  7.858185e-01 
 1094.000  7.786489e-01 
 1095.000  7.798123e-01 
 1096.000  7.808785e-01 
 1097.000  7.776000e-01 
 1098.000  7.375838e-01 
 1099.000  7.035007e-01 
 1100.000  7.058046e-01 
 1101.000  7.105119e-01 
 1102.000  7.082361e-01 
 1103.000  7.113680e-01 
 1104.000  7.056996e-01 
 1105.000  6.914089e-01 
 1106.000  6.769844e-01 
 1107.000  6.805672e-01 
 1108.000  6.831988e-01 
 1109.000  6.955391e-01 
 1110.000  6.940513e-01 
 1111.000  6.872257e-01 
 1112.000  6.570457e-01 
 1113.000  6.158922e-01 
 1114.000  6.047768e-01 
 1115.000  5.544292e-01 
 1116.000  5.233725e-01 
 1117.000  4.520265e-01 
 1118.000  3.874547e-01 
 1119.000  3.535888e-01 
 1120.000  3.119801e-01 
 1121.000  3.028228e-01 
 1122.000  2.604173e-01 
 1123.000  2.833408e-01 
 1124.000  2.988844e-01 
 1125.000  2.906786e-01 
 1126.000  2.874147e-01 
 1127.000  2.910177e-01 
 1128.000  2.980236e-01 
 1129.000  3.402259e-01 
 1130.000  4.403861e-01 
 1131.000  4.697423e-01 
 1132.000  4.296026e-01 
 1133.000  3.572376e-01 
 1134.000  2.300985e-01 
 1135.000  2.395425e-01 
 1136.000  3.677187e-01 
 1137.000  4.397124e-01 
 1138.000  5.103586e-01 
 1139.000  5.320466e-01 
 1140.000  5.185261e-01 
 1141.000  4.911494e-01 
 1142.000  4.815112e-01 
 1143.000  4.513928e-01 
 1144.000  4.176879e-01 
 1145.000  3.693849e-01 
 1146.000  3.807571e-01 
 1147.000  4.185907e-01 
 1148.000  4.524376e-01 
 1149.000  4.661995e-01 
 1150.000  4.669672e-01 
