  320.000  2.887335e-01 
  321.000  3.419490e-01 
  322.000  3.212678e-01 
  323.000  3.474350e-01 
  324.000  3.732951e-01 
  325.000  3.540621e-01 
  326.000  3.855314e-01 
  327.000  3.942271e-01 
  328.000  3.754006e-01 
  329.000  4.113919e-01 
  330.000  4.170417e-01 
  331.000  4.058485e-01 
  332.000  4.274110e-01 
  333.000  4.336599e-01 
  334.000  4.285304e-01 
  335.000  4.442064e-01 
  336.000  4.505259e-01 
  337.000  4.478647e-01 
  338.000  4.552570e-01 
  339.000  4.628630e-01 
  340.000  4.616147e-01 
  341.000  4.689815e-01 
  342.000  4.743552e-01 
  343.000  4.770498e-01 
  344.000  4.776001e-01 
  345.000  4.848555e-01 
  346.000  4.894259e-01 
  347.000  4.931460e-01 
  348.000  4.966254e-01 
  349.000  5.005278e-01 
  350.000  5.038585e-01 
  351.000  5.071713e-01 
  352.000  5.098855e-01 
  353.000  5.137400e-01 
  354.000  5.170164e-01 
  355.000  5.200613e-01 
  356.000  5.230246e-01 
  357.000  5.256588e-01 
  358.000  5.284898e-01 
  359.000  5.313147e-01 
  360.000  5.342041e-01 
  361.000  5.378495e-01 
  362.000  5.416393e-01 
  363.000  5.451243e-01 
  364.000  5.483270e-01 
  365.000  5.513272e-01 
  366.000  5.543910e-01 
  367.000  5.573045e-01 
  368.000  5.601879e-01 
  369.000  5.630430e-01 
  370.000  5.658652e-01 
  371.000  5.686620e-01 
  372.000  5.714325e-01 
  373.000  5.741762e-01 
  374.000  5.768727e-01 
  375.000  5.795142e-01 
  376.000  5.820631e-01 
  377.000  5.844697e-01 
  378.000  5.867028e-01 
  379.000  5.889697e-01 
  380.000  5.914603e-01 
  381.000  5.942923e-01 
  382.000  5.972235e-01 
  383.000  5.999920e-01 
  384.000  6.026151e-01 
  385.000  6.051397e-01 
  386.000  6.075969e-01 
  387.000  6.100118e-01 
  388.000  6.123934e-01 
  389.000  6.147528e-01 
  390.000  6.170907e-01 
  391.000  6.194023e-01 
  392.000  6.216943e-01 
  393.000  6.239650e-01 
  394.000  6.262124e-01 
  395.000  6.284345e-01 
  396.000  6.306400e-01 
  397.000  6.328177e-01 
  398.000  6.349732e-01 
  399.000  6.371084e-01 
  400.000  6.392120e-01 
  401.000  6.413054e-01 
  402.000  6.433802e-01 
  403.000  6.454350e-01 
  404.000  6.474698e-01 
  405.000  6.494805e-01 
  406.000  6.514758e-01 
  407.000  6.534538e-01 
  408.000  6.554128e-01 
  409.000  6.573508e-01 
  410.000  6.592687e-01 
  411.000  6.611660e-01 
  412.000  6.630413e-01 
  413.000  6.649043e-01 
  414.000  6.666322e-01 
  415.000  6.684999e-01 
  416.000  6.703425e-01 
  417.000  6.721528e-01 
  418.000  6.739202e-01 
  419.000  6.756666e-01 
  420.000  6.773959e-01 
  421.000  6.791136e-01 
  422.000  6.808194e-01 
  423.000  6.825112e-01 
  424.000  6.841819e-01 
  425.000  6.858130e-01 
  426.000  6.874271e-01 
  427.000  6.890259e-01 
  428.000  6.905951e-01 
  429.000  6.921414e-01 
  430.000  6.936687e-01 
  431.000  6.951836e-01 
  432.000  6.966817e-01 
  433.000  6.981646e-01 
  434.000  6.996341e-01 
  435.000  7.010884e-01 
  436.000  7.025254e-01 
  437.000  7.039461e-01 
  438.000  7.053496e-01 
  439.000  7.067415e-01 
  440.000  7.081102e-01 
  441.000  7.094607e-01 
  442.000  7.107891e-01 
  443.000  7.120968e-01 
  444.000  7.133832e-01 
  445.000  7.146412e-01 
  446.000  7.158637e-01 
  447.000  7.171450e-01 
  448.000  7.185181e-01 
  449.000  7.199072e-01 
  450.000  7.212688e-01 
  451.000  7.225764e-01 
  452.000  7.238374e-01 
  453.000  7.250721e-01 
  454.000  7.262838e-01 
  455.000  7.274247e-01 
  456.000  7.284730e-01 
  457.000  7.295211e-01 
  458.000  7.305546e-01 
  459.000  7.315658e-01 
  460.000  7.325686e-01 
  461.000  7.335603e-01 
  462.000  7.345327e-01 
  463.000  7.355005e-01 
  464.000  7.367599e-01 
  465.000  7.379998e-01 
  466.000  7.392172e-01 
  467.000  7.404058e-01 
  468.000  7.413735e-01 
  469.000  7.422067e-01 
  470.000  7.429727e-01 
  471.000  7.436619e-01 
  472.000  7.442471e-01 
  473.000  7.446572e-01 
  474.000  7.449938e-01 
  475.000  7.450803e-01 
  476.000  7.449136e-01 
  477.000  7.449102e-01 
  478.000  7.458840e-01 
  479.000  7.473657e-01 
  480.000  7.489639e-01 
  481.000  7.503967e-01 
  482.000  7.517398e-01 
  483.000  7.529068e-01 
  484.000  7.539093e-01 
  485.000  7.548056e-01 
  486.000  7.557610e-01 
  487.000  7.567663e-01 
  488.000  7.577390e-01 
  489.000  7.586933e-01 
  490.000  7.596361e-01 
  491.000  7.603741e-01 
  492.000  7.610484e-01 
  493.000  7.617193e-01 
  494.000  7.623710e-01 
  495.000  7.630225e-01 
  496.000  7.633581e-01 
  497.000  7.636810e-01 
  498.000  7.639990e-01 
  499.000  7.642999e-01 
  500.000  7.645960e-01 
  501.000  7.648593e-01 
  502.000  7.651224e-01 
  503.000  7.653822e-01 
  504.000  7.656301e-01 
  505.000  7.658644e-01 
  506.000  7.665506e-01 
  507.000  7.672564e-01 
  508.000  7.679610e-01 
  509.000  7.686573e-01 
  510.000  7.693385e-01 
  511.000  7.699491e-01 
  512.000  7.705386e-01 
  513.000  7.711244e-01 
  514.000  7.717029e-01 
  515.000  7.722762e-01 
  516.000  7.726856e-01 
  517.000  7.729481e-01 
  518.000  7.732033e-01 
  519.000  7.734537e-01 
  520.000  7.737015e-01 
  521.000  7.739236e-01 
  522.000  7.740837e-01 
  523.000  7.741992e-01 
  524.000  7.743185e-01 
  525.000  7.744125e-01 
  526.000  7.745444e-01 
  527.000  7.745656e-01 
  528.000  7.745420e-01 
  529.000  7.745171e-01 
  530.000  7.744977e-01 
  531.000  7.744819e-01 
  532.000  7.745175e-01 
  533.000  7.748391e-01 
  534.000  7.752452e-01 
  535.000  7.757034e-01 
  536.000  7.761463e-01 
  537.000  7.765514e-01 
  538.000  7.769135e-01 
  539.000  7.772490e-01 
  540.000  7.775638e-01 
  541.000  7.778692e-01 
  542.000  7.781612e-01 
  543.000  7.784429e-01 
  544.000  7.786559e-01 
  545.000  7.788128e-01 
  546.000  7.789624e-01 
  547.000  7.791163e-01 
  548.000  7.792624e-01 
  549.000  7.794062e-01 
  550.000  7.794760e-01 
  551.000  7.794724e-01 
  552.000  7.794715e-01 
  553.000  7.794555e-01 
  554.000  7.794325e-01 
  555.000  7.794055e-01 
  556.000  7.793507e-01 
  557.000  7.792477e-01 
  558.000  7.791364e-01 
  559.000  7.790121e-01 
  560.000  7.788566e-01 
  561.000  7.786726e-01 
  562.000  7.783533e-01 
  563.000  7.781316e-01 
  564.000  7.778484e-01 
  565.000  7.774388e-01 
  566.000  7.771029e-01 
  567.000  7.763041e-01 
  568.000  7.741268e-01 
  569.000  7.697892e-01 
  570.000  7.701797e-01 
  571.000  7.728199e-01 
  572.000  7.697256e-01 
  573.000  7.701611e-01 
  574.000  7.701407e-01 
  575.000  7.698324e-01 
  576.000  7.700096e-01 
  577.000  7.711567e-01 
  578.000  7.727246e-01 
  579.000  7.742743e-01 
  580.000  7.759573e-01 
  581.000  7.782023e-01 
  582.000  7.798343e-01 
  583.000  7.809775e-01 
  584.000  7.819958e-01 
  585.000  7.828340e-01 
  586.000  7.836076e-01 
  587.000  7.828864e-01 
  588.000  7.776289e-01 
  589.000  7.688885e-01 
  590.000  7.686015e-01 
  591.000  7.750813e-01 
  592.000  7.720266e-01 
  593.000  7.793284e-01 
  594.000  7.779993e-01 
  595.000  7.732398e-01 
  596.000  7.800844e-01 
  597.000  7.782343e-01 
  598.000  7.808133e-01 
  599.000  7.816813e-01 
  600.000  7.839311e-01 
  601.000  7.853881e-01 
  602.000  7.856568e-01 
  603.000  7.864673e-01 
  604.000  7.875639e-01 
  605.000  7.883897e-01 
  606.000  7.890374e-01 
  607.000  7.896644e-01 
  608.000  7.902808e-01 
  609.000  7.908715e-01 
  610.000  7.914852e-01 
  611.000  7.921669e-01 
  612.000  7.928345e-01 
  613.000  7.934812e-01 
  614.000  7.941086e-01 
  615.000  7.947342e-01 
  616.000  7.953368e-01 
  617.000  7.959059e-01 
  618.000  7.963828e-01 
  619.000  7.967863e-01 
  620.000  7.971598e-01 
  621.000  7.974806e-01 
  622.000  7.977487e-01 
  623.000  7.979281e-01 
  624.000  7.981192e-01 
  625.000  7.982792e-01 
  626.000  7.981550e-01 
  627.000  7.955141e-01 
  628.000  7.724631e-01 
  629.000  7.870826e-01 
  630.000  7.891709e-01 
  631.000  7.935221e-01 
  632.000  7.944217e-01 
  633.000  7.988722e-01 
  634.000  8.013835e-01 
  635.000  8.027305e-01 
  636.000  8.043684e-01 
  637.000  8.057657e-01 
  638.000  8.079500e-01 
  639.000  8.090071e-01 
  640.000  8.105833e-01 
  641.000  8.115371e-01 
  642.000  8.127211e-01 
  643.000  8.126118e-01 
  644.000  8.133051e-01 
  645.000  8.127559e-01 
  646.000  8.083293e-01 
  647.000  8.053742e-01 
  648.000  8.019724e-01 
  649.000  8.059407e-01 
  650.000  8.130414e-01 
  651.000  8.134913e-01 
  652.000  8.080918e-01 
  653.000  8.152655e-01 
  654.000  8.149729e-01 
  655.000  8.129737e-01 
  656.000  8.142757e-01 
  657.000  8.160221e-01 
  658.000  8.187455e-01 
  659.000  8.204820e-01 
  660.000  8.215091e-01 
  661.000  8.236529e-01 
  662.000  8.248416e-01 
  663.000  8.251351e-01 
  664.000  8.258606e-01 
  665.000  8.265418e-01 
  666.000  8.273082e-01 
  667.000  8.279881e-01 
  668.000  8.287387e-01 
  669.000  8.293357e-01 
  670.000  8.298877e-01 
  671.000  8.304570e-01 
  672.000  8.309873e-01 
  673.000  8.315107e-01 
  674.000  8.320303e-01 
  675.000  8.325497e-01 
  676.000  8.330407e-01 
  677.000  8.334914e-01 
  678.000  8.339422e-01 
  679.000  8.343402e-01 
  680.000  8.345128e-01 
  681.000  8.346003e-01 
  682.000  8.349159e-01 
  683.000  8.351344e-01 
  684.000  8.349945e-01 
  685.000  8.357428e-01 
  686.000  8.328860e-01 
  687.000  7.292458e-01 
  688.000  7.615287e-01 
  689.000  7.525767e-01 
  690.000  7.693231e-01 
  691.000  7.922809e-01 
  692.000  8.076626e-01 
  693.000  8.086250e-01 
  694.000  8.060650e-01 
  695.000  8.132696e-01 
  696.000  8.172920e-01 
  697.000  8.319408e-01 
  698.000  8.292317e-01 
  699.000  8.165625e-01 
  700.000  8.188537e-01 
  701.000  8.161070e-01 
  702.000  8.183495e-01 
  703.000  8.292221e-01 
  704.000  8.298061e-01 
  705.000  8.254908e-01 
  706.000  8.264593e-01 
  707.000  8.281481e-01 
  708.000  8.299615e-01 
  709.000  8.335594e-01 
  710.000  8.299482e-01 
  711.000  8.338520e-01 
  712.000  8.371853e-01 
  713.000  8.347118e-01 
  714.000  8.339632e-01 
  715.000  8.298947e-01 
  716.000  8.257070e-01 
  717.000  7.976750e-01 
  718.000  7.802178e-01 
  719.000  7.739764e-01 
  720.000  7.642224e-01 
  721.000  8.065644e-01 
  722.000  8.213444e-01 
  723.000  8.131506e-01 
  724.000  7.894101e-01 
  725.000  7.930974e-01 
  726.000  7.920132e-01 
  727.000  7.954598e-01 
  728.000  7.917834e-01 
  729.000  8.009996e-01 
  730.000  7.994126e-01 
  731.000  7.974837e-01 
  732.000  8.129199e-01 
  733.000  8.274973e-01 
  734.000  8.344674e-01 
  735.000  8.320530e-01 
  736.000  8.275060e-01 
  737.000  8.310013e-01 
  738.000  8.357790e-01 
  739.000  8.378484e-01 
  740.000  8.423841e-01 
  741.000  8.450138e-01 
  742.000  8.461390e-01 
  743.000  8.485316e-01 
  744.000  8.496559e-01 
  745.000  8.505313e-01 
  746.000  8.512275e-01 
  747.000  8.514458e-01 
  748.000  8.521228e-01 
  749.000  8.524930e-01 
  750.000  8.524004e-01 
  751.000  8.525872e-01 
  752.000  8.531865e-01 
  753.000  8.534766e-01 
  754.000  8.537210e-01 
  755.000  8.539059e-01 
  756.000  8.540959e-01 
  757.000  8.542293e-01 
  758.000  8.529665e-01 
  759.000  7.978818e-01 
  760.000  3.812225e-01 
  761.000  3.409896e-01 
  762.000  5.847834e-01 
  763.000  5.094961e-01 
  764.000  5.468121e-01 
  765.000  6.311612e-01 
  766.000  7.323159e-01 
  767.000  7.831233e-01 
  768.000  8.162725e-01 
  769.000  8.381166e-01 
  770.000  8.496082e-01 
  771.000  8.552501e-01 
  772.000  8.566164e-01 
  773.000  8.572431e-01 
  774.000  8.580135e-01 
  775.000  8.584344e-01 
  776.000  8.587300e-01 
  777.000  8.588462e-01 
  778.000  8.588822e-01 
  779.000  8.589025e-01 
  780.000  8.589178e-01 
  781.000  8.591853e-01 
  782.000  8.591933e-01 
  783.000  8.592088e-01 
  784.000  8.590596e-01 
  785.000  8.580792e-01 
  786.000  8.565454e-01 
  787.000  8.531646e-01 
  788.000  8.513831e-01 
  789.000  8.448966e-01 
  790.000  8.443722e-01 
  791.000  8.456399e-01 
  792.000  8.468075e-01 
  793.000  8.494883e-01 
  794.000  8.551338e-01 
  795.000  8.517339e-01 
  796.000  8.425880e-01 
  797.000  8.452474e-01 
  798.000  8.510688e-01 
  799.000  8.497751e-01 
  800.000  8.455855e-01 
  801.000  8.461170e-01 
  802.000  8.457173e-01 
  803.000  8.463606e-01 
  804.000  8.483657e-01 
  805.000  8.521829e-01 
  806.000  8.544648e-01 
  807.000  8.545907e-01 
  808.000  8.533395e-01 
  809.000  8.517969e-01 
  810.000  8.501088e-01 
  811.000  8.466037e-01 
  812.000  8.418747e-01 
  813.000  8.360550e-01 
  814.000  8.283354e-01 
  815.000  8.186936e-01 
  816.000  8.061274e-01 
  817.000  8.069002e-01 
  818.000  8.079613e-01 
  819.000  8.121104e-01 
  820.000  8.259339e-01 
  821.000  8.416001e-01 
  822.000  8.297356e-01 
  823.000  7.960801e-01 
  824.000  8.245148e-01 
  825.000  8.425214e-01 
  826.000  8.394331e-01 
  827.000  8.371873e-01 
  828.000  8.253457e-01 
  829.000  8.296553e-01 
  830.000  8.344523e-01 
  831.000  8.355783e-01 
  832.000  8.360492e-01 
  833.000  8.388019e-01 
  834.000  8.420300e-01 
  835.000  8.484161e-01 
  836.000  8.463703e-01 
  837.000  8.461555e-01 
  838.000  8.492782e-01 
  839.000  8.511719e-01 
  840.000  8.518731e-01 
  841.000  8.498476e-01 
  842.000  8.516969e-01 
  843.000  8.560585e-01 
  844.000  8.580379e-01 
  845.000  8.589709e-01 
  846.000  8.599162e-01 
  847.000  8.609892e-01 
  848.000  8.593009e-01 
  849.000  8.595472e-01 
  850.000  8.587030e-01 
  851.000  8.576909e-01 
  852.000  8.578138e-01 
  853.000  8.595389e-01 
  854.000  8.594630e-01 
  855.000  8.603020e-01 
  856.000  8.621016e-01 
  857.000  8.628640e-01 
  858.000  8.632633e-01 
  859.000  8.641403e-01 
  860.000  8.645965e-01 
  861.000  8.646853e-01 
  862.000  8.649384e-01 
  863.000  8.649923e-01 
  864.000  8.651734e-01 
  865.000  8.653257e-01 
  866.000  8.653836e-01 
  867.000  8.653826e-01 
  868.000  8.654259e-01 
  869.000  8.654923e-01 
  870.000  8.654827e-01 
  871.000  8.655465e-01 
  872.000  8.656700e-01 
  873.000  8.655913e-01 
  874.000  8.655587e-01 
  875.000  8.655681e-01 
  876.000  8.654141e-01 
  877.000  8.653466e-01 
  878.000  8.647912e-01 
  879.000  8.647909e-01 
  880.000  8.643128e-01 
  881.000  8.640749e-01 
  882.000  8.638303e-01 
  883.000  8.641105e-01 
  884.000  8.642343e-01 
  885.000  8.632684e-01 
  886.000  8.619175e-01 
  887.000  8.629905e-01 
  888.000  8.629470e-01 
  889.000  8.633067e-01 
  890.000  8.625167e-01 
  891.000  8.608962e-01 
  892.000  8.574976e-01 
  893.000  8.468927e-01 
  894.000  8.416298e-01 
  895.000  8.252747e-01 
  896.000  8.105457e-01 
  897.000  7.949131e-01 
  898.000  7.875633e-01 
  899.000  7.663404e-01 
  900.000  7.695015e-01 
  901.000  7.639216e-01 
  902.000  7.648686e-01 
  903.000  8.004695e-01 
  904.000  8.217918e-01 
  905.000  8.209745e-01 
  906.000  8.076650e-01 
  907.000  7.838607e-01 
  908.000  7.679914e-01 
  909.000  7.687222e-01 
  910.000  7.711530e-01 
  911.000  7.817322e-01 
  912.000  7.766242e-01 
  913.000  7.542179e-01 
  914.000  7.653326e-01 
  915.000  7.740008e-01 
  916.000  7.763161e-01 
  917.000  7.809641e-01 
  918.000  7.869672e-01 
  919.000  8.073142e-01 
  920.000  8.224704e-01 
  921.000  8.190981e-01 
  922.000  8.188079e-01 
  923.000  8.145779e-01 
  924.000  8.043661e-01 
  925.000  8.036122e-01 
  926.000  8.036088e-01 
  927.000  7.918075e-01 
  928.000  7.734622e-01 
  929.000  7.465555e-01 
  930.000  7.115549e-01 
  931.000  6.712912e-01 
  932.000  6.174291e-01 
  933.000  5.748545e-01 
  934.000  5.289599e-01 
  935.000  5.241888e-01 
  936.000  5.430320e-01 
  937.000  5.380278e-01 
  938.000  5.882196e-01 
  939.000  7.104222e-01 
  940.000  7.274901e-01 
  941.000  7.124223e-01 
  942.000  6.750964e-01 
  943.000  6.105689e-01 
  944.000  6.060928e-01 
  945.000  6.299887e-01 
  946.000  6.311195e-01 
  947.000  6.515379e-01 
  948.000  6.633916e-01 
  949.000  6.616167e-01 
  950.000  6.645787e-01 
  951.000  6.908567e-01 
  952.000  6.623417e-01 
  953.000  6.819760e-01 
  954.000  7.026629e-01 
  955.000  6.854348e-01 
  956.000  6.811659e-01 
  957.000  7.332513e-01 
  958.000  7.396197e-01 
  959.000  7.308978e-01 
  960.000  7.282546e-01 
  961.000  7.238349e-01 
  962.000  7.276285e-01 
  963.000  7.554617e-01 
  964.000  7.593272e-01 
  965.000  7.565769e-01 
  966.000  7.579554e-01 
  967.000  7.773826e-01 
  968.000  8.092462e-01 
  969.000  8.233651e-01 
  970.000  8.240794e-01 
  971.000  8.237352e-01 
  972.000  8.197386e-01 
  973.000  8.104351e-01 
  974.000  7.989917e-01 
  975.000  7.915808e-01 
  976.000  8.006371e-01 
  977.000  8.154556e-01 
  978.000  8.142134e-01 
  979.000  8.179770e-01 
  980.000  8.328744e-01 
  981.000  8.361277e-01 
  982.000  8.327802e-01 
  983.000  8.403486e-01 
  984.000  8.481079e-01 
  985.000  8.524918e-01 
  986.000  8.581348e-01 
  987.000  8.605628e-01 
  988.000  8.611101e-01 
  989.000  8.614601e-01 
  990.000  8.620530e-01 
  991.000  8.641472e-01 
  992.000  8.646958e-01 
  993.000  8.649227e-01 
  994.000  8.668155e-01 
  995.000  8.681111e-01 
  996.000  8.681062e-01 
  997.000  8.673002e-01 
  998.000  8.663577e-01 
  999.000  8.660122e-01 
 1000.000  8.663101e-01 
 1001.000  8.643492e-01 
 1002.000  8.611433e-01 
 1003.000  8.619144e-01 
 1004.000  8.637703e-01 
 1005.000  8.646212e-01 
 1006.000  8.648350e-01 
 1007.000  8.642793e-01 
 1008.000  8.616636e-01 
 1009.000  8.581544e-01 
 1010.000  8.597212e-01 
 1011.000  8.634443e-01 
 1012.000  8.648598e-01 
 1013.000  8.659247e-01 
 1014.000  8.663899e-01 
 1015.000  8.664730e-01 
 1016.000  8.669577e-01 
 1017.000  8.672526e-01 
 1018.000  8.666311e-01 
 1019.000  8.653293e-01 
 1020.000  8.657824e-01 
 1021.000  8.666993e-01 
 1022.000  8.651345e-01 
 1023.000  8.638629e-01 
 1024.000  8.630673e-01 
 1025.000  8.654143e-01 
 1026.000  8.664455e-01 
 1027.000  8.659986e-01 
 1028.000  8.663496e-01 
 1029.000  8.673803e-01 
 1030.000  8.683227e-01 
 1031.000  8.687980e-01 
 1032.000  8.691554e-01 
 1033.000  8.692220e-01 
 1034.000  8.694326e-01 
 1035.000  8.694882e-01 
 1036.000  8.693181e-01 
 1037.000  8.692483e-01 
 1038.000  8.693052e-01 
 1039.000  8.691458e-01 
 1040.000  8.689843e-01 
 1041.000  8.688540e-01 
 1042.000  8.688005e-01 
 1043.000  8.687604e-01 
 1044.000  8.686222e-01 
 1045.000  8.682981e-01 
 1046.000  8.680625e-01 
 1047.000  8.677657e-01 
 1048.000  8.672931e-01 
 1049.000  8.667626e-01 
 1050.000  8.663862e-01 
 1051.000  8.659486e-01 
 1052.000  8.655778e-01 
 1053.000  8.654335e-01 
 1054.000  8.649389e-01 
 1055.000  8.644209e-01 
 1056.000  8.639191e-01 
 1057.000  8.628807e-01 
 1058.000  8.611165e-01 
 1059.000  8.610566e-01 
 1060.000  8.617036e-01 
 1061.000  8.614015e-01 
 1062.000  8.602294e-01 
 1063.000  8.595780e-01 
 1064.000  8.584893e-01 
 1065.000  8.574470e-01 
 1066.000  8.575033e-01 
 1067.000  8.568427e-01 
 1068.000  8.549626e-01 
 1069.000  8.544836e-01 
 1070.000  8.551437e-01 
 1071.000  8.541596e-01 
 1072.000  8.530348e-01 
 1073.000  8.529938e-01 
 1074.000  8.533928e-01 
 1075.000  8.555592e-01 
 1076.000  8.545121e-01 
 1077.000  8.530264e-01 
 1078.000  8.512383e-01 
 1079.000  8.511404e-01 
 1080.000  8.460373e-01 
 1081.000  8.458560e-01 
 1082.000  8.482682e-01 
 1083.000  8.456196e-01 
 1084.000  8.426770e-01 
 1085.000  8.354721e-01 
 1086.000  8.372797e-01 
 1087.000  8.453847e-01 
 1088.000  8.457640e-01 
 1089.000  8.361018e-01 
 1090.000  8.343497e-01 
 1091.000  8.362958e-01 
 1092.000  8.315418e-01 
 1093.000  8.207011e-01 
 1094.000  8.159729e-01 
 1095.000  8.168161e-01 
 1096.000  8.176209e-01 
 1097.000  8.155465e-01 
 1098.000  7.886427e-01 
 1099.000  7.653280e-01 
 1100.000  7.669886e-01 
 1101.000  7.703149e-01 
 1102.000  7.688718e-01 
 1103.000  7.711353e-01 
 1104.000  7.673137e-01 
 1105.000  7.575117e-01 
 1106.000  7.474214e-01 
 1107.000  7.501398e-01 
 1108.000  7.522620e-01 
 1109.000  7.612448e-01 
 1110.000  7.606776e-01 
 1111.000  7.561710e-01 
 1112.000  7.352140e-01 
 1113.000  7.063721e-01 
 1114.000  6.993334e-01 
 1115.000  6.630420e-01 
 1116.000  6.399215e-01 
 1117.000  5.835926e-01 
 1118.000  5.305136e-01 
 1119.000  5.021090e-01 
 1120.000  4.649170e-01 
 1121.000  4.566897e-01 
 1122.000  4.153412e-01 
 1123.000  4.389865e-01 
 1124.000  4.545488e-01 
 1125.000  4.466302e-01 
 1126.000  4.432944e-01 
 1127.000  4.464229e-01 
 1128.000  4.525472e-01 
 1129.000  4.918147e-01 
 1130.000  5.797704e-01 
 1131.000  6.041086e-01 
 1132.000  5.710145e-01 
 1133.000  5.072832e-01 
 1134.000  3.828337e-01 
 1135.000  3.926277e-01 
 1136.000  5.158474e-01 
 1137.000  5.778594e-01 
 1138.000  6.344215e-01 
 1139.000  6.499062e-01 
 1140.000  6.393256e-01 
 1141.000  6.170204e-01 
 1142.000  6.093879e-01 
 1143.000  5.850503e-01 
 1144.000  5.568113e-01 
 1145.000  5.149483e-01 
 1146.000  5.249133e-01 
 1147.000  5.574178e-01 
 1148.000  5.855642e-01 
 1149.000  5.964655e-01 
 1150.000  5.962648e-01 
