  320.000  1.378700e-01 
  321.000  1.740379e-01 
  322.000  1.597093e-01 
  323.000  1.778949e-01 
  324.000  1.963824e-01 
  325.000  1.825848e-01 
  326.000  2.053023e-01 
  327.000  2.117065e-01 
  328.000  1.979095e-01 
  329.000  2.245044e-01 
  330.000  2.287616e-01 
  331.000  2.203488e-01 
  332.000  2.366315e-01 
  333.000  2.414092e-01 
  334.000  2.374854e-01 
  335.000  2.495316e-01 
  336.000  2.544337e-01 
  337.000  2.523662e-01 
  338.000  2.581207e-01 
  339.000  2.640783e-01 
  340.000  2.630979e-01 
  341.000  2.688978e-01 
  342.000  2.731501e-01 
  343.000  2.752894e-01 
  344.000  2.757268e-01 
  345.000  2.815119e-01 
  346.000  2.851729e-01 
  347.000  2.881624e-01 
  348.000  2.909661e-01 
  349.000  2.941195e-01 
  350.000  2.968183e-01 
  351.000  2.995093e-01 
  352.000  3.017191e-01 
  353.000  3.048646e-01 
  354.000  3.075455e-01 
  355.000  3.100428e-01 
  356.000  3.124783e-01 
  357.000  3.146478e-01 
  358.000  3.169839e-01 
  359.000  3.193197e-01 
  360.000  3.217137e-01 
  361.000  3.247410e-01 
  362.000  3.278965e-01 
  363.000  3.308055e-01 
  364.000  3.334851e-01 
  365.000  3.360007e-01 
  366.000  3.385749e-01 
  367.000  3.410277e-01 
  368.000  3.434601e-01 
  369.000  3.458732e-01 
  370.000  3.482630e-01 
  371.000  3.506357e-01 
  372.000  3.529905e-01 
  373.000  3.553268e-01 
  374.000  3.576270e-01 
  375.000  3.598842e-01 
  376.000  3.620660e-01 
  377.000  3.641292e-01 
  378.000  3.660466e-01 
  379.000  3.679958e-01 
  380.000  3.701407e-01 
  381.000  3.725837e-01 
  382.000  3.751169e-01 
  383.000  3.775137e-01 
  384.000  3.797886e-01 
  385.000  3.819816e-01 
  386.000  3.841193e-01 
  387.000  3.862234e-01 
  388.000  3.883016e-01 
  389.000  3.903634e-01 
  390.000  3.924094e-01 
  391.000  3.944352e-01 
  392.000  3.964467e-01 
  393.000  3.984423e-01 
  394.000  4.004200e-01 
  395.000  4.023781e-01 
  396.000  4.043242e-01 
  397.000  4.062483e-01 
  398.000  4.081553e-01 
  399.000  4.100466e-01 
  400.000  4.119123e-01 
  401.000  4.137714e-01 
  402.000  4.156160e-01 
  403.000  4.174453e-01 
  404.000  4.192587e-01 
  405.000  4.210528e-01 
  406.000  4.228354e-01 
  407.000  4.246044e-01 
  408.000  4.263585e-01 
  409.000  4.280957e-01 
  410.000  4.298168e-01 
  411.000  4.315212e-01 
  412.000  4.332078e-01 
  413.000  4.348850e-01 
  414.000  4.364421e-01 
  415.000  4.381271e-01 
  416.000  4.397910e-01 
  417.000  4.414275e-01 
  418.000  4.430268e-01 
  419.000  4.446087e-01 
  420.000  4.461766e-01 
  421.000  4.477355e-01 
  422.000  4.492851e-01 
  423.000  4.508234e-01 
  424.000  4.523439e-01 
  425.000  4.538297e-01 
  426.000  4.553014e-01 
  427.000  4.567603e-01 
  428.000  4.581936e-01 
  429.000  4.596071e-01 
  430.000  4.610044e-01 
  431.000  4.623915e-01 
  432.000  4.637643e-01 
  433.000  4.651244e-01 
  434.000  4.664732e-01 
  435.000  4.678091e-01 
  436.000  4.691301e-01 
  437.000  4.704371e-01 
  438.000  4.717293e-01 
  439.000  4.730119e-01 
  440.000  4.742739e-01 
  441.000  4.755201e-01 
  442.000  4.767467e-01 
  443.000  4.779551e-01 
  444.000  4.791445e-01 
  445.000  4.803086e-01 
  446.000  4.814405e-01 
  447.000  4.826277e-01 
  448.000  4.839008e-01 
  449.000  4.851896e-01 
  450.000  4.864538e-01 
  451.000  4.876688e-01 
  452.000  4.888413e-01 
  453.000  4.899901e-01 
  454.000  4.911181e-01 
  455.000  4.921809e-01 
  456.000  4.931580e-01 
  457.000  4.941354e-01 
  458.000  4.950998e-01 
  459.000  4.960438e-01 
  460.000  4.969804e-01 
  461.000  4.979072e-01 
  462.000  4.988164e-01 
  463.000  4.997218e-01 
  464.000  5.009006e-01 
  465.000  5.020619e-01 
  466.000  5.032028e-01 
  467.000  5.043175e-01 
  468.000  5.052255e-01 
  469.000  5.060076e-01 
  470.000  5.067269e-01 
  471.000  5.073745e-01 
  472.000  5.079243e-01 
  473.000  5.083098e-01 
  474.000  5.086263e-01 
  475.000  5.087076e-01 
  476.000  5.085509e-01 
  477.000  5.085477e-01 
  478.000  5.094635e-01 
  479.000  5.108578e-01 
  480.000  5.123629e-01 
  481.000  5.137133e-01 
  482.000  5.149800e-01 
  483.000  5.160813e-01 
  484.000  5.170280e-01 
  485.000  5.178746e-01 
  486.000  5.187775e-01 
  487.000  5.197282e-01 
  488.000  5.206484e-01 
  489.000  5.215517e-01 
  490.000  5.224445e-01 
  491.000  5.231436e-01 
  492.000  5.237827e-01 
  493.000  5.244187e-01 
  494.000  5.250367e-01 
  495.000  5.256547e-01 
  496.000  5.259731e-01 
  497.000  5.262795e-01 
  498.000  5.265814e-01 
  499.000  5.268670e-01 
  500.000  5.271482e-01 
  501.000  5.273981e-01 
  502.000  5.276480e-01 
  503.000  5.278949e-01 
  504.000  5.281303e-01 
  505.000  5.283529e-01 
  506.000  5.290049e-01 
  507.000  5.296759e-01 
  508.000  5.303459e-01 
  509.000  5.310082e-01 
  510.000  5.316564e-01 
  511.000  5.322376e-01 
  512.000  5.327988e-01 
  513.000  5.333568e-01 
  514.000  5.339080e-01 
  515.000  5.344543e-01 
  516.000  5.348446e-01 
  517.000  5.350948e-01 
  518.000  5.353381e-01 
  519.000  5.355768e-01 
  520.000  5.358132e-01 
  521.000  5.360250e-01 
  522.000  5.361778e-01 
  523.000  5.362879e-01 
  524.000  5.364017e-01 
  525.000  5.364914e-01 
  526.000  5.366173e-01 
  527.000  5.366375e-01 
  528.000  5.366150e-01 
  529.000  5.365912e-01 
  530.000  5.365728e-01 
  531.000  5.365576e-01 
  532.000  5.365916e-01 
  533.000  5.368985e-01 
  534.000  5.372860e-01 
  535.000  5.377234e-01 
  536.000  5.381463e-01 
  537.000  5.385332e-01 
  538.000  5.388790e-01 
  539.000  5.391996e-01 
  540.000  5.395002e-01 
  541.000  5.397921e-01 
  542.000  5.400712e-01 
  543.000  5.403405e-01 
  544.000  5.405441e-01 
  545.000  5.406941e-01 
  546.000  5.408372e-01 
  547.000  5.409844e-01 
  548.000  5.411241e-01 
  549.000  5.412617e-01 
  550.000  5.413284e-01 
  551.000  5.413249e-01 
  552.000  5.413241e-01 
  553.000  5.413088e-01 
  554.000  5.412868e-01 
  555.000  5.412610e-01 
  556.000  5.412085e-01 
  557.000  5.411100e-01 
  558.000  5.410035e-01 
  559.000  5.408846e-01 
  560.000  5.407356e-01 
  561.000  5.405588e-01 
  562.000  5.401488e-01 
  563.000  5.399280e-01 
  564.000  5.396312e-01 
  565.000  5.391650e-01 
  566.000  5.388922e-01 
  567.000  5.378329e-01 
  568.000  5.346931e-01 
  569.000  5.277717e-01 
  570.000  5.287696e-01 
  571.000  5.335044e-01 
  572.000  5.288238e-01 
  573.000  5.300036e-01 
  574.000  5.302783e-01 
  575.000  5.299547e-01 
  576.000  5.301390e-01 
  577.000  5.318206e-01 
  578.000  5.339087e-01 
  579.000  5.357298e-01 
  580.000  5.373028e-01 
  581.000  5.396302e-01 
  582.000  5.411739e-01 
  583.000  5.420833e-01 
  584.000  5.429332e-01 
  585.000  5.435269e-01 
  586.000  5.441738e-01 
  587.000  5.424013e-01 
  588.000  5.330011e-01 
  589.000  5.182460e-01 
  590.000  5.174816e-01 
  591.000  5.278056e-01 
  592.000  5.225556e-01 
  593.000  5.343354e-01 
  594.000  5.319095e-01 
  595.000  5.238824e-01 
  596.000  5.353160e-01 
  597.000  5.325241e-01 
  598.000  5.370620e-01 
  599.000  5.387810e-01 
  600.000  5.428734e-01 
  601.000  5.454692e-01 
  602.000  5.461844e-01 
  603.000  5.474163e-01 
  604.000  5.487891e-01 
  605.000  5.497651e-01 
  606.000  5.504358e-01 
  607.000  5.510826e-01 
  608.000  5.516832e-01 
  609.000  5.522564e-01 
  610.000  5.528472e-01 
  611.000  5.535033e-01 
  612.000  5.541459e-01 
  613.000  5.547684e-01 
  614.000  5.553727e-01 
  615.000  5.559754e-01 
  616.000  5.565560e-01 
  617.000  5.571045e-01 
  618.000  5.575644e-01 
  619.000  5.579534e-01 
  620.000  5.583136e-01 
  621.000  5.586230e-01 
  622.000  5.588817e-01 
  623.000  5.590547e-01 
  624.000  5.592384e-01 
  625.000  5.593911e-01 
  626.000  5.589975e-01 
  627.000  5.552145e-01 
  628.000  5.363430e-01 
  629.000  5.473647e-01 
  630.000  5.508620e-01 
  631.000  5.545951e-01 
  632.000  5.532198e-01 
  633.000  5.587124e-01 
  634.000  5.611825e-01 
  635.000  5.622600e-01 
  636.000  5.638425e-01 
  637.000  5.652084e-01 
  638.000  5.680073e-01 
  639.000  5.689101e-01 
  640.000  5.707211e-01 
  641.000  5.714784e-01 
  642.000  5.728551e-01 
  643.000  5.720721e-01 
  644.000  5.726590e-01 
  645.000  5.712597e-01 
  646.000  5.632396e-01 
  647.000  5.577992e-01 
  648.000  5.516875e-01 
  649.000  5.577875e-01 
  650.000  5.692162e-01 
  651.000  5.695749e-01 
  652.000  5.601835e-01 
  653.000  5.717712e-01 
  654.000  5.709006e-01 
  655.000  5.671673e-01 
  656.000  5.689633e-01 
  657.000  5.715467e-01 
  658.000  5.757625e-01 
  659.000  5.783762e-01 
  660.000  5.797234e-01 
  661.000  5.828904e-01 
  662.000  5.844941e-01 
  663.000  5.846315e-01 
  664.000  5.854673e-01 
  665.000  5.862579e-01 
  666.000  5.871653e-01 
  667.000  5.879385e-01 
  668.000  5.888735e-01 
  669.000  5.895185e-01 
  670.000  5.900798e-01 
  671.000  5.906761e-01 
  672.000  5.912000e-01 
  673.000  5.917130e-01 
  674.000  5.922208e-01 
  675.000  5.927301e-01 
  676.000  5.932060e-01 
  677.000  5.936442e-01 
  678.000  5.940841e-01 
  679.000  5.944295e-01 
  680.000  5.943648e-01 
  681.000  5.942492e-01 
  682.000  5.944677e-01 
  683.000  5.945563e-01 
  684.000  5.940560e-01 
  685.000  5.949520e-01 
  686.000  5.923796e-01 
  687.000  5.057734e-01 
  688.000  5.330123e-01 
  689.000  5.250731e-01 
  690.000  5.393461e-01 
  691.000  5.574728e-01 
  692.000  5.675243e-01 
  693.000  5.596835e-01 
  694.000  5.499051e-01 
  695.000  5.586303e-01 
  696.000  5.637851e-01 
  697.000  5.862178e-01 
  698.000  5.815790e-01 
  699.000  5.614549e-01 
  700.000  5.647987e-01 
  701.000  5.603490e-01 
  702.000  5.636717e-01 
  703.000  5.805771e-01 
  704.000  5.813495e-01 
  705.000  5.744182e-01 
  706.000  5.758147e-01 
  707.000  5.783458e-01 
  708.000  5.810832e-01 
  709.000  5.866514e-01 
  710.000  5.807893e-01 
  711.000  5.868356e-01 
  712.000  5.919970e-01 
  713.000  5.878909e-01 
  714.000  5.865087e-01 
  715.000  5.797954e-01 
  716.000  5.727808e-01 
  717.000  5.292494e-01 
  718.000  5.028952e-01 
  719.000  4.934697e-01 
  720.000  4.794910e-01 
  721.000  5.417442e-01 
  722.000  5.643921e-01 
  723.000  5.515962e-01 
  724.000  5.156295e-01 
  725.000  5.208759e-01 
  726.000  5.192218e-01 
  727.000  5.243006e-01 
  728.000  5.188071e-01 
  729.000  5.325469e-01 
  730.000  5.302064e-01 
  731.000  5.273778e-01 
  732.000  5.506956e-01 
  733.000  5.733227e-01 
  734.000  5.843204e-01 
  735.000  5.804670e-01 
  736.000  5.732765e-01 
  737.000  5.787148e-01 
  738.000  5.862048e-01 
  739.000  5.894434e-01 
  740.000  5.966334e-01 
  741.000  6.007990e-01 
  742.000  6.025535e-01 
  743.000  6.064050e-01 
  744.000  6.080005e-01 
  745.000  6.093960e-01 
  746.000  6.103973e-01 
  747.000  6.106673e-01 
  748.000  6.116107e-01 
  749.000  6.121286e-01 
  750.000  6.118386e-01 
  751.000  6.120214e-01 
  752.000  6.129210e-01 
  753.000  6.132951e-01 
  754.000  6.135856e-01 
  755.000  6.137675e-01 
  756.000  6.139593e-01 
  757.000  6.140915e-01 
  758.000  6.129175e-01 
  759.000  5.659729e-01 
  760.000  2.337915e-01 
  761.000  2.045806e-01 
  762.000  3.902183e-01 
  763.000  3.308845e-01 
  764.000  3.601128e-01 
  765.000  4.276069e-01 
  766.000  5.109110e-01 
  767.000  5.536532e-01 
  768.000  5.818481e-01 
  769.000  6.005621e-01 
  770.000  6.106396e-01 
  771.000  6.153955e-01 
  772.000  6.165877e-01 
  773.000  6.171193e-01 
  774.000  6.177905e-01 
  775.000  6.182121e-01 
  776.000  6.185189e-01 
  777.000  6.185924e-01 
  778.000  6.185550e-01 
  779.000  6.185092e-01 
  780.000  6.184618e-01 
  781.000  6.188696e-01 
  782.000  6.188092e-01 
  783.000  6.187629e-01 
  784.000  6.184593e-01 
  785.000  6.168905e-01 
  786.000  6.145277e-01 
  787.000  6.090932e-01 
  788.000  6.062379e-01 
  789.000  5.960990e-01 
  790.000  5.952224e-01 
  791.000  5.971274e-01 
  792.000  5.988950e-01 
  793.000  6.030205e-01 
  794.000  6.117888e-01 
  795.000  6.064212e-01 
  796.000  5.922019e-01 
  797.000  5.962524e-01 
  798.000  6.052370e-01 
  799.000  6.031820e-01 
  800.000  5.966389e-01 
  801.000  5.974134e-01 
  802.000  5.967508e-01 
  803.000  5.977052e-01 
  804.000  6.007813e-01 
  805.000  6.066805e-01 
  806.000  6.102098e-01 
  807.000  6.103642e-01 
  808.000  6.083565e-01 
  809.000  6.058891e-01 
  810.000  6.031822e-01 
  811.000  5.976509e-01 
  812.000  5.902202e-01 
  813.000  5.811563e-01 
  814.000  5.692612e-01 
  815.000  5.545453e-01 
  816.000  5.359428e-01 
  817.000  5.369151e-01 
  818.000  5.384089e-01 
  819.000  5.445501e-01 
  820.000  5.651293e-01 
  821.000  5.888518e-01 
  822.000  5.707799e-01 
  823.000  5.212939e-01 
  824.000  5.629199e-01 
  825.000  5.902056e-01 
  826.000  5.855814e-01 
  827.000  5.821171e-01 
  828.000  5.641735e-01 
  829.000  5.706043e-01 
  830.000  5.778539e-01 
  831.000  5.795740e-01 
  832.000  5.803694e-01 
  833.000  5.845801e-01 
  834.000  5.895526e-01 
  835.000  5.994310e-01 
  836.000  5.962688e-01 
  837.000  5.959501e-01 
  838.000  6.007577e-01 
  839.000  6.036854e-01 
  840.000  6.047472e-01 
  841.000  6.015795e-01 
  842.000  6.044257e-01 
  843.000  6.111990e-01 
  844.000  6.142817e-01 
  845.000  6.157178e-01 
  846.000  6.172292e-01 
  847.000  6.188949e-01 
  848.000  6.161395e-01 
  849.000  6.164874e-01 
  850.000  6.151239e-01 
  851.000  6.135021e-01 
  852.000  6.136606e-01 
  853.000  6.163337e-01 
  854.000  6.161895e-01 
  855.000  6.175343e-01 
  856.000  6.203345e-01 
  857.000  6.213706e-01 
  858.000  6.220097e-01 
  859.000  6.233450e-01 
  860.000  6.239982e-01 
  861.000  6.241136e-01 
  862.000  6.245261e-01 
  863.000  6.245785e-01 
  864.000  6.248609e-01 
  865.000  6.250916e-01 
  866.000  6.251516e-01 
  867.000  6.251078e-01 
  868.000  6.251426e-01 
  869.000  6.252181e-01 
  870.000  6.251597e-01 
  871.000  6.252310e-01 
  872.000  6.254078e-01 
  873.000  6.252279e-01 
  874.000  6.251296e-01 
  875.000  6.251051e-01 
  876.000  6.247926e-01 
  877.000  6.246802e-01 
  878.000  6.238371e-01 
  879.000  6.237779e-01 
  880.000  6.230506e-01 
  881.000  6.226163e-01 
  882.000  6.222653e-01 
  883.000  6.226093e-01 
  884.000  6.227725e-01 
  885.000  6.212674e-01 
  886.000  6.193178e-01 
  887.000  6.209372e-01 
  888.000  6.208378e-01 
  889.000  6.211669e-01 
  890.000  6.200758e-01 
  891.000  6.175162e-01 
  892.000  6.121289e-01 
  893.000  5.958960e-01 
  894.000  5.878002e-01 
  895.000  5.634957e-01 
  896.000  5.418596e-01 
  897.000  5.192557e-01 
  898.000  5.087657e-01 
  899.000  4.798426e-01 
  900.000  4.838949e-01 
  901.000  4.764730e-01 
  902.000  4.779583e-01 
  903.000  5.267021e-01 
  904.000  5.571470e-01 
  905.000  5.561160e-01 
  906.000  5.370633e-01 
  907.000  5.038430e-01 
  908.000  4.822692e-01 
  909.000  4.831205e-01 
  910.000  4.863251e-01 
  911.000  5.006077e-01 
  912.000  4.936875e-01 
  913.000  4.639436e-01 
  914.000  4.786015e-01 
  915.000  4.902894e-01 
  916.000  4.935132e-01 
  917.000  4.999561e-01 
  918.000  5.082955e-01 
  919.000  5.367911e-01 
  920.000  5.586800e-01 
  921.000  5.539165e-01 
  922.000  5.535222e-01 
  923.000  5.474237e-01 
  924.000  5.328364e-01 
  925.000  5.314884e-01 
  926.000  5.307681e-01 
  927.000  5.135946e-01 
  928.000  4.875280e-01 
  929.000  4.506560e-01 
  930.000  4.051276e-01 
  931.000  3.561211e-01 
  932.000  2.941571e-01 
  933.000  2.511529e-01 
  934.000  2.095751e-01 
  935.000  2.050651e-01 
  936.000  2.207833e-01 
  937.000  2.169726e-01 
  938.000  2.642327e-01 
  939.000  3.970883e-01 
  940.000  4.183452e-01 
  941.000  4.004417e-01 
  942.000  3.570574e-01 
  943.000  2.880335e-01 
  944.000  2.832058e-01 
  945.000  3.072036e-01 
  946.000  3.087725e-01 
  947.000  3.312529e-01 
  948.000  3.446020e-01 
  949.000  3.431272e-01 
  950.000  3.466384e-01 
  951.000  3.768703e-01 
  952.000  3.450836e-01 
  953.000  3.678207e-01 
  954.000  3.927026e-01 
  955.000  3.731046e-01 
  956.000  3.692060e-01 
  957.000  4.325736e-01 
  958.000  4.412722e-01 
  959.000  4.308074e-01 
  960.000  4.279119e-01 
  961.000  4.227278e-01 
  962.000  4.277620e-01 
  963.000  4.635789e-01 
  964.000  4.689044e-01 
  965.000  4.656110e-01 
  966.000  4.677374e-01 
  967.000  4.938934e-01 
  968.000  5.383455e-01 
  969.000  5.588074e-01 
  970.000  5.599783e-01 
  971.000  5.595086e-01 
  972.000  5.536864e-01 
  973.000  5.403312e-01 
  974.000  5.242164e-01 
  975.000  5.139391e-01 
  976.000  5.265222e-01 
  977.000  5.475003e-01 
  978.000  5.458567e-01 
  979.000  5.513998e-01 
  980.000  5.730935e-01 
  981.000  5.779699e-01 
  982.000  5.731875e-01 
  983.000  5.844337e-01 
  984.000  5.960536e-01 
  985.000  6.026887e-01 
  986.000  6.112692e-01 
  987.000  6.150088e-01 
  988.000  6.158766e-01 
  989.000  6.164316e-01 
  990.000  6.173424e-01 
  991.000  6.205427e-01 
  992.000  6.214495e-01 
  993.000  6.217866e-01 
  994.000  6.246740e-01 
  995.000  6.264701e-01 
  996.000  6.265119e-01 
  997.000  6.252126e-01 
  998.000  6.238970e-01 
  999.000  6.233549e-01 
 1000.000  6.237870e-01 
 1001.000  6.207182e-01 
 1002.000  6.158188e-01 
 1003.000  6.169754e-01 
 1004.000  6.197854e-01 
 1005.000  6.210678e-01 
 1006.000  6.214776e-01 
 1007.000  6.205360e-01 
 1008.000  6.165431e-01 
 1009.000  6.112162e-01 
 1010.000  6.135842e-01 
 1011.000  6.192446e-01 
 1012.000  6.214030e-01 
 1013.000  6.231027e-01 
 1014.000  6.238137e-01 
 1015.000  6.239487e-01 
 1016.000  6.247160e-01 
 1017.000  6.251602e-01 
 1018.000  6.241961e-01 
 1019.000  6.222225e-01 
 1020.000  6.229132e-01 
 1021.000  6.243333e-01 
 1022.000  6.219441e-01 
 1023.000  6.199470e-01 
 1024.000  6.187518e-01 
 1025.000  6.224124e-01 
 1026.000  6.240309e-01 
 1027.000  6.233436e-01 
 1028.000  6.239104e-01 
 1029.000  6.253772e-01 
 1030.000  6.268490e-01 
 1031.000  6.276016e-01 
 1032.000  6.281912e-01 
 1033.000  6.283693e-01 
 1034.000  6.287234e-01 
 1035.000  6.288953e-01 
 1036.000  6.288022e-01 
 1037.000  6.288521e-01 
 1038.000  6.289738e-01 
 1039.000  6.287459e-01 
 1040.000  6.285529e-01 
 1041.000  6.284005e-01 
 1042.000  6.283594e-01 
 1043.000  6.283587e-01 
 1044.000  6.282258e-01 
 1045.000  6.277962e-01 
 1046.000  6.275095e-01 
 1047.000  6.271721e-01 
 1048.000  6.267613e-01 
 1049.000  6.263785e-01 
 1050.000  6.259489e-01 
 1051.000  6.253333e-01 
 1052.000  6.249183e-01 
 1053.000  6.248419e-01 
 1054.000  6.241944e-01 
 1055.000  6.235870e-01 
 1056.000  6.230533e-01 
 1057.000  6.217088e-01 
 1058.000  6.192592e-01 
 1059.000  6.194082e-01 
 1060.000  6.206303e-01 
 1061.000  6.203217e-01 
 1062.000  6.187817e-01 
 1063.000  6.182221e-01 
 1064.000  6.169181e-01 
 1065.000  6.155001e-01 
 1066.000  6.156248e-01 
 1067.000  6.147759e-01 
 1068.000  6.117258e-01 
 1069.000  6.102266e-01 
 1070.000  6.106830e-01 
 1071.000  6.087247e-01 
 1072.000  6.067225e-01 
 1073.000  6.063361e-01 
 1074.000  6.066318e-01 
 1075.000  6.095917e-01 
 1076.000  6.077330e-01 
 1077.000  6.052430e-01 
 1078.000  6.023151e-01 
 1079.000  6.019283e-01 
 1080.000  5.941252e-01 
 1081.000  5.936794e-01 
 1082.000  5.970988e-01 
 1083.000  5.929528e-01 
 1084.000  5.884306e-01 
 1085.000  5.777104e-01 
 1086.000  5.801934e-01 
 1087.000  5.919679e-01 
 1088.000  5.924328e-01 
 1089.000  5.780673e-01 
 1090.000  5.753559e-01 
 1091.000  5.780457e-01 
 1092.000  5.709292e-01 
 1093.000  5.551698e-01 
 1094.000  5.483412e-01 
 1095.000  5.494063e-01 
 1096.000  5.503361e-01 
 1097.000  5.471413e-01 
 1098.000  5.094750e-01 
 1099.000  4.779394e-01 
 1100.000  4.800078e-01 
 1101.000  4.842689e-01 
 1102.000  4.820752e-01 
 1103.000  4.848465e-01 
 1104.000  4.795387e-01 
 1105.000  4.663740e-01 
 1106.000  4.533183e-01 
 1107.000  4.563530e-01 
 1108.000  4.584476e-01 
 1109.000  4.692476e-01 
 1110.000  4.673779e-01 
 1111.000  4.609133e-01 
 1112.000  4.334589e-01 
 1113.000  3.963950e-01 
 1114.000  3.856466e-01 
 1115.000  3.416919e-01 
 1116.000  3.154371e-01 
 1117.000  2.583153e-01 
 1118.000  2.087657e-01 
 1119.000  1.834425e-01 
 1120.000  1.541635e-01 
 1121.000  1.477908e-01 
 1122.000  1.203332e-01 
 1123.000  1.344112e-01 
 1124.000  1.442250e-01 
 1125.000  1.388780e-01 
 1126.000  1.368585e-01 
 1127.000  1.394190e-01 
 1128.000  1.443707e-01 
 1129.000  1.729605e-01 
 1130.000  2.448246e-01 
 1131.000  2.670657e-01 
 1132.000  2.365316e-01 
 1133.000  1.847679e-01 
 1134.000  1.023745e-01 
 1135.000  1.081516e-01 
 1136.000  1.927208e-01 
 1137.000  2.454068e-01 
 1138.000  3.008394e-01 
 1139.000  3.196287e-01 
 1140.000  3.087445e-01 
 1141.000  2.874999e-01 
 1142.000  2.798320e-01 
 1143.000  2.563195e-01 
 1144.000  2.308862e-01 
 1145.000  1.956016e-01 
 1146.000  2.038187e-01 
 1147.000  2.316890e-01 
 1148.000  2.574175e-01 
 1149.000  2.683495e-01 
 1150.000  2.696457e-01 
