  320.000  7.664239e-02 
  321.000  1.023602e-01 
  322.000  9.199964e-02 
  323.000  1.051853e-01 
  324.000  1.189287e-01 
  325.000  1.086404e-01 
  326.000  1.256745e-01 
  327.000  1.305619e-01 
  328.000  1.200785e-01 
  329.000  1.404355e-01 
  330.000  1.437506e-01 
  331.000  1.372141e-01 
  332.000  1.499183e-01 
  333.000  1.536869e-01 
  334.000  1.505905e-01 
  335.000  1.601354e-01 
  336.000  1.640519e-01 
  337.000  1.623978e-01 
  338.000  1.670097e-01 
  339.000  1.718107e-01 
  340.000  1.710189e-01 
  341.000  1.757138e-01 
  342.000  1.791717e-01 
  343.000  1.809162e-01 
  344.000  1.812733e-01 
  345.000  1.860092e-01 
  346.000  1.890184e-01 
  347.000  1.914825e-01 
  348.000  1.937993e-01 
  349.000  1.964114e-01 
  350.000  1.986524e-01 
  351.000  2.008917e-01 
  352.000  2.027342e-01 
  353.000  2.053627e-01 
  354.000  2.076081e-01 
  355.000  2.097039e-01 
  356.000  2.117519e-01 
  357.000  2.135794e-01 
  358.000  2.155507e-01 
  359.000  2.175253e-01 
  360.000  2.195527e-01 
  361.000  2.221216e-01 
  362.000  2.248055e-01 
  363.000  2.272853e-01 
  364.000  2.295742e-01 
  365.000  2.317270e-01 
  366.000  2.339341e-01 
  367.000  2.360409e-01 
  368.000  2.381337e-01 
  369.000  2.402135e-01 
  370.000  2.422768e-01 
  371.000  2.443286e-01 
  372.000  2.463683e-01 
  373.000  2.483952e-01 
  374.000  2.503939e-01 
  375.000  2.523583e-01 
  376.000  2.542599e-01 
  377.000  2.560607e-01 
  378.000  2.577365e-01 
  379.000  2.594422e-01 
  380.000  2.613217e-01 
  381.000  2.634656e-01 
  382.000  2.656923e-01 
  383.000  2.678025e-01 
  384.000  2.698083e-01 
  385.000  2.717447e-01 
  386.000  2.736348e-01 
  387.000  2.754978e-01 
  388.000  2.773401e-01 
  389.000  2.791704e-01 
  390.000  2.809889e-01 
  391.000  2.827917e-01 
  392.000  2.845840e-01 
  393.000  2.863643e-01 
  394.000  2.881308e-01 
  395.000  2.898819e-01 
  396.000  2.916243e-01 
  397.000  2.933489e-01 
  398.000  2.950602e-01 
  399.000  2.967594e-01 
  400.000  2.984373e-01 
  401.000  3.001112e-01 
  402.000  3.017738e-01 
  403.000  3.034244e-01 
  404.000  3.050624e-01 
  405.000  3.066846e-01 
  406.000  3.082981e-01 
  407.000  3.099010e-01 
  408.000  3.114918e-01 
  409.000  3.130689e-01 
  410.000  3.146330e-01 
  411.000  3.161834e-01 
  412.000  3.177190e-01 
  413.000  3.192475e-01 
  414.000  3.206679e-01 
  415.000  3.222062e-01 
  416.000  3.237268e-01 
  417.000  3.252237e-01 
  418.000  3.266878e-01 
  419.000  3.281372e-01 
  420.000  3.295752e-01 
  421.000  3.310060e-01 
  422.000  3.324294e-01 
  423.000  3.338436e-01 
  424.000  3.352427e-01 
  425.000  3.366109e-01 
  426.000  3.379672e-01 
  427.000  3.393129e-01 
  428.000  3.406358e-01 
  429.000  3.419414e-01 
  430.000  3.432331e-01 
  431.000  3.445163e-01 
  432.000  3.457872e-01 
  433.000  3.470472e-01 
  434.000  3.482976e-01 
  435.000  3.495368e-01 
  436.000  3.507633e-01 
  437.000  3.519774e-01 
  438.000  3.531787e-01 
  439.000  3.543717e-01 
  440.000  3.555464e-01 
  441.000  3.567071e-01 
  442.000  3.578503e-01 
  443.000  3.589772e-01 
  444.000  3.600871e-01 
  445.000  3.611740e-01 
  446.000  3.622314e-01 
  447.000  3.633412e-01 
  448.000  3.645320e-01 
  449.000  3.657383e-01 
  450.000  3.669223e-01 
  451.000  3.680608e-01 
  452.000  3.691603e-01 
  453.000  3.702381e-01 
  454.000  3.712971e-01 
  455.000  3.722953e-01 
  456.000  3.732134e-01 
  457.000  3.741324e-01 
  458.000  3.750395e-01 
  459.000  3.759279e-01 
  460.000  3.768097e-01 
  461.000  3.776827e-01 
  462.000  3.785395e-01 
  463.000  3.793930e-01 
  464.000  3.805049e-01 
  465.000  3.816009e-01 
  466.000  3.826783e-01 
  467.000  3.837314e-01 
  468.000  3.845897e-01 
  469.000  3.853293e-01 
  470.000  3.860098e-01 
  471.000  3.866225e-01 
  472.000  3.871430e-01 
  473.000  3.875080e-01 
  474.000  3.878077e-01 
  475.000  3.878847e-01 
  476.000  3.877363e-01 
  477.000  3.877333e-01 
  478.000  3.886007e-01 
  479.000  3.899221e-01 
  480.000  3.913494e-01 
  481.000  3.926309e-01 
  482.000  3.938338e-01 
  483.000  3.948801e-01 
  484.000  3.957800e-01 
  485.000  3.965851e-01 
  486.000  3.974441e-01 
  487.000  3.983489e-01 
  488.000  3.992251e-01 
  489.000  4.000856e-01 
  490.000  4.009363e-01 
  491.000  4.016028e-01 
  492.000  4.022123e-01 
  493.000  4.028189e-01 
  494.000  4.034086e-01 
  495.000  4.039984e-01 
  496.000  4.043024e-01 
  497.000  4.045950e-01 
  498.000  4.048833e-01 
  499.000  4.051561e-01 
  500.000  4.054247e-01 
  501.000  4.056634e-01 
  502.000  4.059021e-01 
  503.000  4.061380e-01 
  504.000  4.063630e-01 
  505.000  4.065757e-01 
  506.000  4.071990e-01 
  507.000  4.078406e-01 
  508.000  4.084814e-01 
  509.000  4.091151e-01 
  510.000  4.097355e-01 
  511.000  4.102919e-01 
  512.000  4.108293e-01 
  513.000  4.113638e-01 
  514.000  4.118918e-01 
  515.000  4.124154e-01 
  516.000  4.127895e-01 
  517.000  4.130293e-01 
  518.000  4.132626e-01 
  519.000  4.134915e-01 
  520.000  4.137182e-01 
  521.000  4.139213e-01 
  522.000  4.140678e-01 
  523.000  4.141735e-01 
  524.000  4.142826e-01 
  525.000  4.143687e-01 
  526.000  4.144894e-01 
  527.000  4.145089e-01 
  528.000  4.144873e-01 
  529.000  4.144645e-01 
  530.000  4.144468e-01 
  531.000  4.144322e-01 
  532.000  4.144649e-01 
  533.000  4.147592e-01 
  534.000  4.151312e-01 
  535.000  4.155509e-01 
  536.000  4.159569e-01 
  537.000  4.163283e-01 
  538.000  4.166604e-01 
  539.000  4.169683e-01 
  540.000  4.172571e-01 
  541.000  4.175375e-01 
  542.000  4.178057e-01 
  543.000  4.180644e-01 
  544.000  4.182601e-01 
  545.000  4.184042e-01 
  546.000  4.185418e-01 
  547.000  4.186832e-01 
  548.000  4.188175e-01 
  549.000  4.189498e-01 
  550.000  4.190139e-01 
  551.000  4.190105e-01 
  552.000  4.190098e-01 
  553.000  4.189951e-01 
  554.000  4.189740e-01 
  555.000  4.189491e-01 
  556.000  4.188987e-01 
  557.000  4.188040e-01 
  558.000  4.187016e-01 
  559.000  4.185874e-01 
  560.000  4.184445e-01 
  561.000  4.182753e-01 
  562.000  4.179744e-01 
  563.000  4.177702e-01 
  564.000  4.175083e-01 
  565.000  4.171269e-01 
  566.000  4.168222e-01 
  567.000  4.160656e-01 
  568.000  4.142036e-01 
  569.000  4.107403e-01 
  570.000  4.110087e-01 
  571.000  4.129967e-01 
  572.000  4.105288e-01 
  573.000  4.107060e-01 
  574.000  4.106604e-01 
  575.000  4.103827e-01 
  576.000  4.105439e-01 
  577.000  4.114934e-01 
  578.000  4.128450e-01 
  579.000  4.141892e-01 
  580.000  4.157718e-01 
  581.000  4.178061e-01 
  582.000  4.193048e-01 
  583.000  4.203833e-01 
  584.000  4.213071e-01 
  585.000  4.221274e-01 
  586.000  4.228433e-01 
  587.000  4.223504e-01 
  588.000  4.182112e-01 
  589.000  4.111121e-01 
  590.000  4.109175e-01 
  591.000  4.162466e-01 
  592.000  4.137870e-01 
  593.000  4.197988e-01 
  594.000  4.187391e-01 
  595.000  4.148730e-01 
  596.000  4.204673e-01 
  597.000  4.189172e-01 
  598.000  4.210011e-01 
  599.000  4.216827e-01 
  600.000  4.235281e-01 
  601.000  4.245539e-01 
  602.000  4.247347e-01 
  603.000  4.254114e-01 
  604.000  4.264573e-01 
  605.000  4.272357e-01 
  606.000  4.278398e-01 
  607.000  4.284247e-01 
  608.000  4.289975e-01 
  609.000  4.295464e-01 
  610.000  4.301168e-01 
  611.000  4.307507e-01 
  612.000  4.313718e-01 
  613.000  4.319738e-01 
  614.000  4.325583e-01 
  615.000  4.331414e-01 
  616.000  4.337033e-01 
  617.000  4.342342e-01 
  618.000  4.346794e-01 
  619.000  4.350562e-01 
  620.000  4.354050e-01 
  621.000  4.357048e-01 
  622.000  4.359554e-01 
  623.000  4.361231e-01 
  624.000  4.363017e-01 
  625.000  4.364513e-01 
  626.000  4.363152e-01 
  627.000  4.341499e-01 
  628.000  4.174335e-01 
  629.000  4.280931e-01 
  630.000  4.299148e-01 
  631.000  4.332457e-01 
  632.000  4.338242e-01 
  633.000  4.373583e-01 
  634.000  4.395299e-01 
  635.000  4.407319e-01 
  636.000  4.422560e-01 
  637.000  4.435684e-01 
  638.000  4.455107e-01 
  639.000  4.465045e-01 
  640.000  4.479713e-01 
  641.000  4.489008e-01 
  642.000  4.499994e-01 
  643.000  4.499708e-01 
  644.000  4.506287e-01 
  645.000  4.502858e-01 
  646.000  4.467507e-01 
  647.000  4.443421e-01 
  648.000  4.415644e-01 
  649.000  4.449544e-01 
  650.000  4.509843e-01 
  651.000  4.514239e-01 
  652.000  4.469454e-01 
  653.000  4.530400e-01 
  654.000  4.528543e-01 
  655.000  4.512278e-01 
  656.000  4.523836e-01 
  657.000  4.539134e-01 
  658.000  4.562732e-01 
  659.000  4.576696e-01 
  660.000  4.586174e-01 
  661.000  4.604763e-01 
  662.000  4.615256e-01 
  663.000  4.618394e-01 
  664.000  4.625495e-01 
  665.000  4.631629e-01 
  666.000  4.639146e-01 
  667.000  4.645776e-01 
  668.000  4.653130e-01 
  669.000  4.658910e-01 
  670.000  4.664232e-01 
  671.000  4.669735e-01 
  672.000  4.674839e-01 
  673.000  4.679877e-01 
  674.000  4.684879e-01 
  675.000  4.689883e-01 
  676.000  4.694611e-01 
  677.000  4.698953e-01 
  678.000  4.703300e-01 
  679.000  4.707106e-01 
  680.000  4.708595e-01 
  681.000  4.709210e-01 
  682.000  4.712173e-01 
  683.000  4.714636e-01 
  684.000  4.713958e-01 
  685.000  4.721093e-01 
  686.000  4.699664e-01 
  687.000  3.929244e-01 
  688.000  4.167133e-01 
  689.000  4.101271e-01 
  690.000  4.225993e-01 
  691.000  4.396904e-01 
  692.000  4.510581e-01 
  693.000  4.510333e-01 
  694.000  4.484358e-01 
  695.000  4.541921e-01 
  696.000  4.574706e-01 
  697.000  4.696277e-01 
  698.000  4.674006e-01 
  699.000  4.569299e-01 
  700.000  4.588556e-01 
  701.000  4.566243e-01 
  702.000  4.585198e-01 
  703.000  4.675850e-01 
  704.000  4.681166e-01 
  705.000  4.645677e-01 
  706.000  4.654084e-01 
  707.000  4.668479e-01 
  708.000  4.683932e-01 
  709.000  4.714271e-01 
  710.000  4.684490e-01 
  711.000  4.717370e-01 
  712.000  4.745536e-01 
  713.000  4.725136e-01 
  714.000  4.719097e-01 
  715.000  4.685289e-01 
  716.000  4.650267e-01 
  717.000  4.418674e-01 
  718.000  4.276155e-01 
  719.000  4.225573e-01 
  720.000  4.147746e-01 
  721.000  4.492331e-01 
  722.000  4.614970e-01 
  723.000  4.547518e-01 
  724.000  4.353005e-01 
  725.000  4.383166e-01 
  726.000  4.374656e-01 
  727.000  4.403131e-01 
  728.000  4.373477e-01 
  729.000  4.449248e-01 
  730.000  4.436749e-01 
  731.000  4.421503e-01 
  732.000  4.548790e-01 
  733.000  4.670278e-01 
  734.000  4.728967e-01 
  735.000  4.709143e-01 
  736.000  4.671468e-01 
  737.000  4.700854e-01 
  738.000  4.741021e-01 
  739.000  4.758594e-01 
  740.000  4.796907e-01 
  741.000  4.819254e-01 
  742.000  4.828947e-01 
  743.000  4.847831e-01 
  744.000  4.857388e-01 
  745.000  4.864942e-01 
  746.000  4.871114e-01 
  747.000  4.873378e-01 
  748.000  4.879755e-01 
  749.000  4.883497e-01 
  750.000  4.882406e-01 
  751.000  4.884235e-01 
  752.000  4.890375e-01 
  753.000  4.893286e-01 
  754.000  4.895720e-01 
  755.000  4.897533e-01 
  756.000  4.899400e-01 
  757.000  4.900709e-01 
  758.000  4.889552e-01 
  759.000  4.469698e-01 
  760.000  1.647027e-01 
  761.000  1.416638e-01 
  762.000  2.937434e-01 
  763.000  2.438329e-01 
  764.000  2.683034e-01 
  765.000  3.257508e-01 
  766.000  3.982849e-01 
  767.000  4.361252e-01 
  768.000  4.613043e-01 
  769.000  4.781097e-01 
  770.000  4.873219e-01 
  771.000  4.915422e-01 
  772.000  4.926298e-01 
  773.000  4.931177e-01 
  774.000  4.937863e-01 
  775.000  4.942011e-01 
  776.000  4.944933e-01 
  777.000  4.946046e-01 
  778.000  4.946344e-01 
  779.000  4.946493e-01 
  780.000  4.946595e-01 
  781.000  4.949341e-01 
  782.000  4.949367e-01 
  783.000  4.949472e-01 
  784.000  4.947852e-01 
  785.000  4.939111e-01 
  786.000  4.926577e-01 
  787.000  4.900016e-01 
  788.000  4.885222e-01 
  789.000  4.831271e-01 
  790.000  4.826999e-01 
  791.000  4.837655e-01 
  792.000  4.847515e-01 
  793.000  4.870001e-01 
  794.000  4.917277e-01 
  795.000  4.888981e-01 
  796.000  4.812933e-01 
  797.000  4.835152e-01 
  798.000  4.883780e-01 
  799.000  4.873115e-01 
  800.000  4.838323e-01 
  801.000  4.842860e-01 
  802.000  4.839651e-01 
  803.000  4.845130e-01 
  804.000  4.861980e-01 
  805.000  4.893960e-01 
  806.000  4.913168e-01 
  807.000  4.914341e-01 
  808.000  4.903978e-01 
  809.000  4.891167e-01 
  810.000  4.877112e-01 
  811.000  4.847891e-01 
  812.000  4.808455e-01 
  813.000  4.760037e-01 
  814.000  4.696004e-01 
  815.000  4.616260e-01 
  816.000  4.513471e-01 
  817.000  4.519618e-01 
  818.000  4.528331e-01 
  819.000  4.562514e-01 
  820.000  4.676233e-01 
  821.000  4.805930e-01 
  822.000  4.707794e-01 
  823.000  4.432818e-01 
  824.000  4.665075e-01 
  825.000  4.814180e-01 
  826.000  4.788933e-01 
  827.000  4.770405e-01 
  828.000  4.672624e-01 
  829.000  4.708233e-01 
  830.000  4.748042e-01 
  831.000  4.757557e-01 
  832.000  4.761792e-01 
  833.000  4.784816e-01 
  834.000  4.811861e-01 
  835.000  4.865284e-01 
  836.000  4.848399e-01 
  837.000  4.846804e-01 
  838.000  4.872967e-01 
  839.000  4.888925e-01 
  840.000  4.894893e-01 
  841.000  4.878093e-01 
  842.000  4.893653e-01 
  843.000  4.930253e-01 
  844.000  4.946972e-01 
  845.000  4.954904e-01 
  846.000  4.961582e-01 
  847.000  4.970401e-01 
  848.000  4.957961e-01 
  849.000  4.960108e-01 
  850.000  4.953106e-01 
  851.000  4.944704e-01 
  852.000  4.945822e-01 
  853.000  4.960382e-01 
  854.000  4.959850e-01 
  855.000  4.967287e-01 
  856.000  4.980838e-01 
  857.000  4.987179e-01 
  858.000  4.990283e-01 
  859.000  4.997824e-01 
  860.000  5.002590e-01 
  861.000  5.003490e-01 
  862.000  5.006120e-01 
  863.000  5.006652e-01 
  864.000  5.008525e-01 
  865.000  5.010095e-01 
  866.000  5.010670e-01 
  867.000  5.010626e-01 
  868.000  5.011050e-01 
  869.000  5.011715e-01 
  870.000  5.011581e-01 
  871.000  5.012219e-01 
  872.000  5.013484e-01 
  873.000  5.012625e-01 
  874.000  5.012252e-01 
  875.000  5.012319e-01 
  876.000  5.010669e-01 
  877.000  5.009928e-01 
  878.000  5.005471e-01 
  879.000  5.005332e-01 
  880.000  5.001657e-01 
  881.000  4.999369e-01 
  882.000  4.997179e-01 
  883.000  4.999766e-01 
  884.000  5.000929e-01 
  885.000  4.993004e-01 
  886.000  4.981996e-01 
  887.000  4.990639e-01 
  888.000  4.990293e-01 
  889.000  4.993472e-01 
  890.000  4.987451e-01 
  891.000  4.975598e-01 
  892.000  4.946891e-01 
  893.000  4.859010e-01 
  894.000  4.815370e-01 
  895.000  4.681279e-01 
  896.000  4.561056e-01 
  897.000  4.434194e-01 
  898.000  4.374897e-01 
  899.000  4.206481e-01 
  900.000  4.231121e-01 
  901.000  4.187340e-01 
  902.000  4.195409e-01 
  903.000  4.478756e-01 
  904.000  4.651274e-01 
  905.000  4.645073e-01 
  906.000  4.537456e-01 
  907.000  4.346766e-01 
  908.000  4.220942e-01 
  909.000  4.226519e-01 
  910.000  4.245686e-01 
  911.000  4.329519e-01 
  912.000  4.289133e-01 
  913.000  4.113027e-01 
  914.000  4.200310e-01 
  915.000  4.268987e-01 
  916.000  4.287632e-01 
  917.000  4.324897e-01 
  918.000  4.373040e-01 
  919.000  4.536486e-01 
  920.000  4.659727e-01 
  921.000  4.632678e-01 
  922.000  4.630491e-01 
  923.000  4.596269e-01 
  924.000  4.513778e-01 
  925.000  4.507215e-01 
  926.000  4.505750e-01 
  927.000  4.409656e-01 
  928.000  4.261540e-01 
  929.000  4.047178e-01 
  930.000  3.773701e-01 
  931.000  3.466859e-01 
  932.000  3.064613e-01 
  933.000  2.761912e-01 
  934.000  2.448816e-01 
  935.000  2.415743e-01 
  936.000  2.540509e-01 
  937.000  2.508570e-01 
  938.000  2.856361e-01 
  939.000  3.750069e-01 
  940.000  3.881688e-01 
  941.000  3.767711e-01 
  942.000  3.487702e-01 
  943.000  3.018883e-01 
  944.000  2.986262e-01 
  945.000  3.155846e-01 
  946.000  3.165069e-01 
  947.000  3.315147e-01 
  948.000  3.403031e-01 
  949.000  3.391245e-01 
  950.000  3.413671e-01 
  951.000  3.609979e-01 
  952.000  3.399623e-01 
  953.000  3.546630e-01 
  954.000  3.703761e-01 
  955.000  3.575754e-01 
  956.000  3.546441e-01 
  957.000  3.943439e-01 
  958.000  3.994272e-01 
  959.000  3.928209e-01 
  960.000  3.908884e-01 
  961.000  3.875728e-01 
  962.000  3.905676e-01 
  963.000  4.122351e-01 
  964.000  4.153305e-01 
  965.000  4.132528e-01 
  966.000  4.144126e-01 
  967.000  4.297999e-01 
  968.000  4.553793e-01 
  969.000  4.668844e-01 
  970.000  4.675023e-01 
  971.000  4.672351e-01 
  972.000  4.639811e-01 
  973.000  4.564382e-01 
  974.000  4.472268e-01 
  975.000  4.412991e-01 
  976.000  4.485629e-01 
  977.000  4.605303e-01 
  978.000  4.595595e-01 
  979.000  4.626506e-01 
  980.000  4.748126e-01 
  981.000  4.775037e-01 
  982.000  4.747993e-01 
  983.000  4.810297e-01 
  984.000  4.874364e-01 
  985.000  4.910741e-01 
  986.000  4.957630e-01 
  987.000  4.977947e-01 
  988.000  4.982636e-01 
  989.000  4.985661e-01 
  990.000  4.990672e-01 
  991.000  5.008152e-01 
  992.000  5.013177e-01 
  993.000  5.012867e-01 
  994.000  5.028605e-01 
  995.000  5.039493e-01 
  996.000  5.039470e-01 
  997.000  5.032985e-01 
  998.000  5.025464e-01 
  999.000  5.022498e-01 
 1000.000  5.025100e-01 
 1001.000  5.010276e-01 
 1002.000  4.983692e-01 
 1003.000  4.990127e-01 
 1004.000  5.005573e-01 
 1005.000  5.012680e-01 
 1006.000  5.014840e-01 
 1007.000  5.009831e-01 
 1008.000  4.988138e-01 
 1009.000  4.959057e-01 
 1010.000  4.972062e-01 
 1011.000  5.002964e-01 
 1012.000  5.014746e-01 
 1013.000  5.021971e-01 
 1014.000  5.026010e-01 
 1015.000  5.026723e-01 
 1016.000  5.030195e-01 
 1017.000  5.032809e-01 
 1018.000  5.028078e-01 
 1019.000  5.016805e-01 
 1020.000  5.020711e-01 
 1021.000  5.028805e-01 
 1022.000  5.017326e-01 
 1023.000  5.006320e-01 
 1024.000  4.999661e-01 
 1025.000  5.017375e-01 
 1026.000  5.026425e-01 
 1027.000  5.022349e-01 
 1028.000  5.025324e-01 
 1029.000  5.033619e-01 
 1030.000  5.041369e-01 
 1031.000  5.045115e-01 
 1032.000  5.047951e-01 
 1033.000  5.048175e-01 
 1034.000  5.050452e-01 
 1035.000  5.051131e-01 
 1036.000  5.049500e-01 
 1037.000  5.048901e-01 
 1038.000  5.049517e-01 
 1039.000  5.047879e-01 
 1040.000  5.046250e-01 
 1041.000  5.044938e-01 
 1042.000  5.044416e-01 
 1043.000  5.044049e-01 
 1044.000  5.042681e-01 
 1045.000  5.039378e-01 
 1046.000  5.036999e-01 
 1047.000  5.034021e-01 
 1048.000  5.029379e-01 
 1049.000  5.024218e-01 
 1050.000  5.020635e-01 
 1051.000  5.016682e-01 
 1052.000  5.013033e-01 
 1053.000  5.010832e-01 
 1054.000  5.006180e-01 
 1055.000  5.001018e-01 
 1056.000  4.996046e-01 
 1057.000  4.986543e-01 
 1058.000  4.971526e-01 
 1059.000  4.970559e-01 
 1060.000  4.974882e-01 
 1061.000  4.972636e-01 
 1062.000  4.962301e-01 
 1063.000  4.956774e-01 
 1064.000  4.947643e-01 
 1065.000  4.939292e-01 
 1066.000  4.939783e-01 
 1067.000  4.934463e-01 
 1068.000  4.921483e-01 
 1069.000  4.918031e-01 
 1070.000  4.924089e-01 
 1071.000  4.916639e-01 
 1072.000  4.908034e-01 
 1073.000  4.908364e-01 
 1074.000  4.912381e-01 
 1075.000  4.930879e-01 
 1076.000  4.922861e-01 
 1077.000  4.911211e-01 
 1078.000  4.897023e-01 
 1079.000  4.896746e-01 
 1080.000  4.855217e-01 
 1081.000  4.854156e-01 
 1082.000  4.874333e-01 
 1083.000  4.852903e-01 
 1084.000  4.829057e-01 
 1085.000  4.770430e-01 
 1086.000  4.785427e-01 
 1087.000  4.851975e-01 
 1088.000  4.855390e-01 
 1089.000  4.776401e-01 
 1090.000  4.762233e-01 
 1091.000  4.778228e-01 
 1092.000  4.739540e-01 
 1093.000  4.651438e-01 
 1094.000  4.613263e-01 
 1095.000  4.620059e-01 
 1096.000  4.626324e-01 
 1097.000  4.609375e-01 
 1098.000  4.393286e-01 
 1099.000  4.208576e-01 
 1100.000  4.221567e-01 
 1101.000  4.247600e-01 
 1102.000  4.235911e-01 
 1103.000  4.253331e-01 
 1104.000  4.222741e-01 
 1105.000  4.145321e-01 
 1106.000  4.066706e-01 
 1107.000  4.087011e-01 
 1108.000  4.102291e-01 
 1109.000  4.170698e-01 
 1110.000  4.163839e-01 
 1111.000  4.127317e-01 
 1112.000  3.962834e-01 
 1113.000  3.737828e-01 
 1114.000  3.678771e-01 
 1115.000  3.401593e-01 
 1116.000  3.229249e-01 
 1117.000  2.826970e-01 
 1118.000  2.459522e-01 
 1119.000  2.265850e-01 
 1120.000  2.023994e-01 
 1121.000  1.970761e-01 
 1122.000  1.718546e-01 
 1123.000  1.857115e-01 
 1124.000  1.950480e-01 
 1125.000  1.901894e-01 
 1126.000  1.882232e-01 
 1127.000  1.903140e-01 
 1128.000  1.943640e-01 
 1129.000  2.192001e-01 
 1130.000  2.773216e-01 
 1131.000  2.941213e-01 
 1132.000  2.711928e-01 
 1133.000  2.291582e-01 
 1134.000  1.534060e-01 
 1135.000  1.591094e-01 
 1136.000  2.351137e-01 
 1137.000  2.766760e-01 
 1138.000  3.167198e-01 
 1139.000  3.286477e-01 
 1140.000  3.210308e-01 
 1141.000  3.054328e-01 
 1142.000  2.999845e-01 
 1143.000  2.828779e-01 
 1144.000  2.635663e-01 
 1145.000  2.356537e-01 
 1146.000  2.422358e-01 
 1147.000  2.640421e-01 
 1148.000  2.833964e-01 
 1149.000  2.911642e-01 
 1150.000  2.914353e-01 
