  320.000  1.544940e-01 
  321.000  1.930077e-01 
  322.000  1.777971e-01 
  323.000  1.970924e-01 
  324.000  2.166179e-01 
  325.000  2.020538e-01 
  326.000  2.260088e-01 
  327.000  2.327400e-01 
  328.000  2.182270e-01 
  329.000  2.461644e-01 
  330.000  2.506223e-01 
  331.000  2.418093e-01 
  332.000  2.588536e-01 
  333.000  2.638447e-01 
  334.000  2.597460e-01 
  335.000  2.723199e-01 
  336.000  2.774289e-01 
  337.000  2.752747e-01 
  338.000  2.812686e-01 
  339.000  2.874679e-01 
  340.000  2.864483e-01 
  341.000  2.924784e-01 
  342.000  2.968959e-01 
  343.000  2.991170e-01 
  344.000  2.995711e-01 
  345.000  3.055735e-01 
  346.000  3.093691e-01 
  347.000  3.124669e-01 
  348.000  3.153709e-01 
  349.000  3.186356e-01 
  350.000  3.214285e-01 
  351.000  3.242120e-01 
  352.000  3.264970e-01 
  353.000  3.297484e-01 
  354.000  3.325183e-01 
  355.000  3.350975e-01 
  356.000  3.376121e-01 
  357.000  3.398511e-01 
  358.000  3.422615e-01 
  359.000  3.446707e-01 
  360.000  3.471392e-01 
  361.000  3.502594e-01 
  362.000  3.535104e-01 
  363.000  3.565063e-01 
  364.000  3.592648e-01 
  365.000  3.618535e-01 
  366.000  3.645018e-01 
  367.000  3.670243e-01 
  368.000  3.695250e-01 
  369.000  3.720050e-01 
  370.000  3.744604e-01 
  371.000  3.768975e-01 
  372.000  3.793155e-01 
  373.000  3.817137e-01 
  374.000  3.840742e-01 
  375.000  3.863899e-01 
  376.000  3.886276e-01 
  377.000  3.907432e-01 
  378.000  3.927088e-01 
  379.000  3.947065e-01 
  380.000  3.969042e-01 
  381.000  3.994067e-01 
  382.000  4.020008e-01 
  383.000  4.044545e-01 
  384.000  4.067827e-01 
  385.000  4.090266e-01 
  386.000  4.112133e-01 
  387.000  4.133652e-01 
  388.000  4.154899e-01 
  389.000  4.175975e-01 
  390.000  4.196884e-01 
  391.000  4.217582e-01 
  392.000  4.238129e-01 
  393.000  4.258509e-01 
  394.000  4.278702e-01 
  395.000  4.298691e-01 
  396.000  4.318552e-01 
  397.000  4.338185e-01 
  398.000  4.357639e-01 
  399.000  4.376929e-01 
  400.000  4.395954e-01 
  401.000  4.414908e-01 
  402.000  4.433710e-01 
  403.000  4.452353e-01 
  404.000  4.470831e-01 
  405.000  4.489107e-01 
  406.000  4.507264e-01 
  407.000  4.525279e-01 
  408.000  4.543137e-01 
  409.000  4.560821e-01 
  410.000  4.578338e-01 
  411.000  4.595682e-01 
  412.000  4.612842e-01 
  413.000  4.629903e-01 
  414.000  4.645741e-01 
  415.000  4.662875e-01 
  416.000  4.679793e-01 
  417.000  4.696429e-01 
  418.000  4.712684e-01 
  419.000  4.728760e-01 
  420.000  4.744692e-01 
  421.000  4.760529e-01 
  422.000  4.776269e-01 
  423.000  4.791892e-01 
  424.000  4.807331e-01 
  425.000  4.822417e-01 
  426.000  4.837357e-01 
  427.000  4.852165e-01 
  428.000  4.866711e-01 
  429.000  4.881054e-01 
  430.000  4.895231e-01 
  431.000  4.909302e-01 
  432.000  4.923227e-01 
  433.000  4.937021e-01 
  434.000  4.950698e-01 
  435.000  4.964243e-01 
  436.000  4.977636e-01 
  437.000  4.990884e-01 
  438.000  5.003982e-01 
  439.000  5.016979e-01 
  440.000  5.029767e-01 
  441.000  5.042393e-01 
  442.000  5.054820e-01 
  443.000  5.067059e-01 
  444.000  5.079107e-01 
  445.000  5.090895e-01 
  446.000  5.102357e-01 
  447.000  5.114378e-01 
  448.000  5.127266e-01 
  449.000  5.140313e-01 
  450.000  5.153108e-01 
  451.000  5.165404e-01 
  452.000  5.177269e-01 
  453.000  5.188892e-01 
  454.000  5.200305e-01 
  455.000  5.211056e-01 
  456.000  5.220939e-01 
  457.000  5.230826e-01 
  458.000  5.240579e-01 
  459.000  5.250125e-01 
  460.000  5.259596e-01 
  461.000  5.268967e-01 
  462.000  5.278158e-01 
  463.000  5.287311e-01 
  464.000  5.299227e-01 
  465.000  5.310964e-01 
  466.000  5.322495e-01 
  467.000  5.333758e-01 
  468.000  5.342933e-01 
  469.000  5.350835e-01 
  470.000  5.358102e-01 
  471.000  5.364643e-01 
  472.000  5.370198e-01 
  473.000  5.374092e-01 
  474.000  5.377289e-01 
  475.000  5.378110e-01 
  476.000  5.376527e-01 
  477.000  5.376495e-01 
  478.000  5.385745e-01 
  479.000  5.399827e-01 
  480.000  5.415026e-01 
  481.000  5.428661e-01 
  482.000  5.441449e-01 
  483.000  5.452566e-01 
  484.000  5.462121e-01 
  485.000  5.470667e-01 
  486.000  5.479780e-01 
  487.000  5.489373e-01 
  488.000  5.498658e-01 
  489.000  5.507773e-01 
  490.000  5.516780e-01 
  491.000  5.523833e-01 
  492.000  5.530280e-01 
  493.000  5.536695e-01 
  494.000  5.542929e-01 
  495.000  5.549162e-01 
  496.000  5.552374e-01 
  497.000  5.555465e-01 
  498.000  5.558509e-01 
  499.000  5.561390e-01 
  500.000  5.564225e-01 
  501.000  5.566745e-01 
  502.000  5.569265e-01 
  503.000  5.571755e-01 
  504.000  5.574129e-01 
  505.000  5.576373e-01 
  506.000  5.582948e-01 
  507.000  5.589713e-01 
  508.000  5.596468e-01 
  509.000  5.603145e-01 
  510.000  5.609680e-01 
  511.000  5.615539e-01 
  512.000  5.621197e-01 
  513.000  5.626822e-01 
  514.000  5.632377e-01 
  515.000  5.637882e-01 
  516.000  5.641816e-01 
  517.000  5.644338e-01 
  518.000  5.646790e-01 
  519.000  5.649195e-01 
  520.000  5.651578e-01 
  521.000  5.653712e-01 
  522.000  5.655251e-01 
  523.000  5.656361e-01 
  524.000  5.657508e-01 
  525.000  5.658411e-01 
  526.000  5.659680e-01 
  527.000  5.659884e-01 
  528.000  5.659657e-01 
  529.000  5.659418e-01 
  530.000  5.659232e-01 
  531.000  5.659079e-01 
  532.000  5.659422e-01 
  533.000  5.662514e-01 
  534.000  5.666419e-01 
  535.000  5.670826e-01 
  536.000  5.675087e-01 
  537.000  5.678985e-01 
  538.000  5.682469e-01 
  539.000  5.685698e-01 
  540.000  5.688727e-01 
  541.000  5.691668e-01 
  542.000  5.694480e-01 
  543.000  5.697193e-01 
  544.000  5.699244e-01 
  545.000  5.700755e-01 
  546.000  5.702196e-01 
  547.000  5.703678e-01 
  548.000  5.705085e-01 
  549.000  5.706471e-01 
  550.000  5.707144e-01 
  551.000  5.707108e-01 
  552.000  5.707100e-01 
  553.000  5.706946e-01 
  554.000  5.706725e-01 
  555.000  5.706464e-01 
  556.000  5.705936e-01 
  557.000  5.704944e-01 
  558.000  5.703871e-01 
  559.000  5.702675e-01 
  560.000  5.701178e-01 
  561.000  5.699408e-01 
  562.000  5.696686e-01 
  563.000  5.694582e-01 
  564.000  5.691943e-01 
  565.000  5.688251e-01 
  566.000  5.684854e-01 
  567.000  5.678288e-01 
  568.000  5.662925e-01 
  569.000  5.636066e-01 
  570.000  5.635653e-01 
  571.000  5.649554e-01 
  572.000  5.628937e-01 
  573.000  5.629460e-01 
  574.000  5.627820e-01 
  575.000  5.625019e-01 
  576.000  5.626660e-01 
  577.000  5.634615e-01 
  578.000  5.645885e-01 
  579.000  5.659570e-01 
  580.000  5.675890e-01 
  581.000  5.696623e-01 
  582.000  5.712405e-01 
  583.000  5.724307e-01 
  584.000  5.734651e-01 
  585.000  5.743665e-01 
  586.000  5.751692e-01 
  587.000  5.750632e-01 
  588.000  5.722787e-01 
  589.000  5.672325e-01 
  590.000  5.672131e-01 
  591.000  5.712439e-01 
  592.000  5.695429e-01 
  593.000  5.740444e-01 
  594.000  5.733647e-01 
  595.000  5.706193e-01 
  596.000  5.746518e-01 
  597.000  5.734116e-01 
  598.000  5.748251e-01 
  599.000  5.752121e-01 
  600.000  5.763341e-01 
  601.000  5.770863e-01 
  602.000  5.771099e-01 
  603.000  5.776996e-01 
  604.000  5.786161e-01 
  605.000  5.793530e-01 
  606.000  5.799630e-01 
  607.000  5.805547e-01 
  608.000  5.811483e-01 
  609.000  5.817181e-01 
  610.000  5.823120e-01 
  611.000  5.829720e-01 
  612.000  5.836185e-01 
  613.000  5.842449e-01 
  614.000  5.848529e-01 
  615.000  5.854592e-01 
  616.000  5.860434e-01 
  617.000  5.865952e-01 
  618.000  5.870578e-01 
  619.000  5.874491e-01 
  620.000  5.878114e-01 
  621.000  5.881227e-01 
  622.000  5.883829e-01 
  623.000  5.885570e-01 
  624.000  5.887426e-01 
  625.000  5.888985e-01 
  626.000  5.888700e-01 
  627.000  5.870714e-01 
  628.000  5.672792e-01 
  629.000  5.802407e-01 
  630.000  5.815692e-01 
  631.000  5.852653e-01 
  632.000  5.869302e-01 
  633.000  5.902765e-01 
  634.000  5.925313e-01 
  635.000  5.939261e-01 
  636.000  5.954577e-01 
  637.000  5.968112e-01 
  638.000  5.986001e-01 
  639.000  5.996803e-01 
  640.000  6.011009e-01 
  641.000  6.020839e-01 
  642.000  6.031632e-01 
  643.000  6.033658e-01 
  644.000  6.040776e-01 
  645.000  6.040485e-01 
  646.000  6.017106e-01 
  647.000  6.001782e-01 
  648.000  5.983618e-01 
  649.000  6.010180e-01 
  650.000  6.055532e-01 
  651.000  6.060353e-01 
  652.000  6.029603e-01 
  653.000  6.074219e-01 
  654.000  6.075524e-01 
  655.000  6.065404e-01 
  656.000  6.075340e-01 
  657.000  6.087822e-01 
  658.000  6.105428e-01 
  659.000  6.118017e-01 
  660.000  6.126394e-01 
  661.000  6.141376e-01 
  662.000  6.150905e-01 
  663.000  6.154422e-01 
  664.000  6.160999e-01 
  665.000  6.167188e-01 
  666.000  6.173943e-01 
  667.000  6.180132e-01 
  668.000  6.186827e-01 
  669.000  6.192487e-01 
  670.000  6.197842e-01 
  671.000  6.203306e-01 
  672.000  6.208503e-01 
  673.000  6.213649e-01 
  674.000  6.218764e-01 
  675.000  6.223871e-01 
  676.000  6.228722e-01 
  677.000  6.233169e-01 
  678.000  6.237612e-01 
  679.000  6.241688e-01 
  680.000  6.244206e-01 
  681.000  6.246132e-01 
  682.000  6.249624e-01 
  683.000  6.252350e-01 
  684.000  6.252922e-01 
  685.000  6.259316e-01 
  686.000  6.235283e-01 
  687.000  5.339503e-01 
  688.000  5.615761e-01 
  689.000  5.540837e-01 
  690.000  5.684616e-01 
  691.000  5.887569e-01 
  692.000  6.031461e-01 
  693.000  6.069922e-01 
  694.000  6.074680e-01 
  695.000  6.128511e-01 
  696.000  6.158050e-01 
  697.000  6.251966e-01 
  698.000  6.236810e-01 
  699.000  6.159237e-01 
  700.000  6.174670e-01 
  701.000  6.158642e-01 
  702.000  6.173700e-01 
  703.000  6.242477e-01 
  704.000  6.247180e-01 
  705.000  6.221235e-01 
  706.000  6.228139e-01 
  707.000  6.239526e-01 
  708.000  6.251681e-01 
  709.000  6.274939e-01 
  710.000  6.253331e-01 
  711.000  6.278494e-01 
  712.000  6.300097e-01 
  713.000  6.285583e-01 
  714.000  6.281812e-01 
  715.000  6.257519e-01 
  716.000  6.232596e-01 
  717.000  6.058474e-01 
  718.000  5.949943e-01 
  719.000  5.911710e-01 
  720.000  5.850934e-01 
  721.000  6.118320e-01 
  722.000  6.211718e-01 
  723.000  6.161435e-01 
  724.000  6.013422e-01 
  725.000  6.037514e-01 
  726.000  6.031297e-01 
  727.000  6.053574e-01 
  728.000  6.031036e-01 
  729.000  6.089556e-01 
  730.000  6.080115e-01 
  731.000  6.068513e-01 
  732.000  6.165996e-01 
  733.000  6.257748e-01 
  734.000  6.301823e-01 
  735.000  6.287345e-01 
  736.000  6.259435e-01 
  737.000  6.281726e-01 
  738.000  6.312011e-01 
  739.000  6.325371e-01 
  740.000  6.354099e-01 
  741.000  6.370934e-01 
  742.000  6.377094e-01 
  743.000  6.392800e-01 
  744.000  6.400217e-01 
  745.000  6.406134e-01 
  746.000  6.411105e-01 
  747.000  6.413221e-01 
  748.000  6.418488e-01 
  749.000  6.421625e-01 
  750.000  6.421551e-01 
  751.000  6.423412e-01 
  752.000  6.428131e-01 
  753.000  6.430704e-01 
  754.000  6.432956e-01 
  755.000  6.434795e-01 
  756.000  6.436666e-01 
  757.000  6.437989e-01 
  758.000  6.426145e-01 
  759.000  5.945716e-01 
  760.000  2.511570e-01 
  761.000  2.205167e-01 
  762.000  4.138035e-01 
  763.000  3.523454e-01 
  764.000  3.826520e-01 
  765.000  4.523910e-01 
  766.000  5.380943e-01 
  767.000  5.819223e-01 
  768.000  6.107861e-01 
  769.000  6.299219e-01 
  770.000  6.401905e-01 
  771.000  6.450676e-01 
  772.000  6.462848e-01 
  773.000  6.468406e-01 
  774.000  6.475720e-01 
  775.000  6.479886e-01 
  776.000  6.482773e-01 
  777.000  6.484077e-01 
  778.000  6.484694e-01 
  779.000  6.485130e-01 
  780.000  6.485505e-01 
  781.000  6.487655e-01 
  782.000  6.487975e-01 
  783.000  6.488346e-01 
  784.000  6.487561e-01 
  785.000  6.481062e-01 
  786.000  6.471806e-01 
  787.000  6.451896e-01 
  788.000  6.441012e-01 
  789.000  6.400468e-01 
  790.000  6.397485e-01 
  791.000  6.405791e-01 
  792.000  6.413454e-01 
  793.000  6.430647e-01 
  794.000  6.465104e-01 
  795.000  6.445403e-01 
  796.000  6.388044e-01 
  797.000  6.405122e-01 
  798.000  6.442115e-01 
  799.000  6.434256e-01 
  800.000  6.408136e-01 
  801.000  6.411780e-01 
  802.000  6.409548e-01 
  803.000  6.413890e-01 
  804.000  6.426810e-01 
  805.000  6.451150e-01 
  806.000  6.465802e-01 
  807.000  6.466876e-01 
  808.000  6.459280e-01 
  809.000  6.449848e-01 
  810.000  6.439508e-01 
  811.000  6.417711e-01 
  812.000  6.388196e-01 
  813.000  6.351769e-01 
  814.000  6.303293e-01 
  815.000  6.242605e-01 
  816.000  6.163069e-01 
  817.000  6.168321e-01 
  818.000  6.175336e-01 
  819.000  6.201897e-01 
  820.000  6.289816e-01 
  821.000  6.389203e-01 
  822.000  6.314400e-01 
  823.000  6.100701e-01 
  824.000  6.281774e-01 
  825.000  6.395969e-01 
  826.000  6.376603e-01 
  827.000  6.362647e-01 
  828.000  6.287910e-01 
  829.000  6.315470e-01 
  830.000  6.346065e-01 
  831.000  6.353399e-01 
  832.000  6.356540e-01 
  833.000  6.374156e-01 
  834.000  6.394756e-01 
  835.000  6.435284e-01 
  836.000  6.422577e-01 
  837.000  6.421421e-01 
  838.000  6.441361e-01 
  839.000  6.453528e-01 
  840.000  6.458178e-01 
  841.000  6.445614e-01 
  842.000  6.457506e-01 
  843.000  6.485240e-01 
  844.000  6.496927e-01 
  845.000  6.502666e-01 
  846.000  6.509299e-01 
  847.000  6.516145e-01 
  848.000  6.505443e-01 
  849.000  6.507269e-01 
  850.000  6.502491e-01 
  851.000  6.497285e-01 
  852.000  6.498277e-01 
  853.000  6.508020e-01 
  854.000  6.507713e-01 
  855.000  6.513650e-01 
  856.000  6.525278e-01 
  857.000  6.530210e-01 
  858.000  6.532746e-01 
  859.000  6.538954e-01 
  860.000  6.542336e-01 
  861.000  6.543124e-01 
  862.000  6.545073e-01 
  863.000  6.545614e-01 
  864.000  6.547053e-01 
  865.000  6.548288e-01 
  866.000  6.548855e-01 
  867.000  6.549000e-01 
  868.000  6.549462e-01 
  869.000  6.550089e-01 
  870.000  6.550170e-01 
  871.000  6.550775e-01 
  872.000  6.551807e-01 
  873.000  6.551391e-01 
  874.000  6.551306e-01 
  875.000  6.551520e-01 
  876.000  6.550562e-01 
  877.000  6.550224e-01 
  878.000  6.546275e-01 
  879.000  6.546286e-01 
  880.000  6.543935e-01 
  881.000  6.542343e-01 
  882.000  6.540825e-01 
  883.000  6.542901e-01 
  884.000  6.543906e-01 
  885.000  6.537936e-01 
  886.000  6.529567e-01 
  887.000  6.536404e-01 
  888.000  6.536277e-01 
  889.000  6.538869e-01 
  890.000  6.534353e-01 
  891.000  6.524346e-01 
  892.000  6.503707e-01 
  893.000  6.436539e-01 
  894.000  6.403314e-01 
  895.000  6.299195e-01 
  896.000  6.205301e-01 
  897.000  6.105424e-01 
  898.000  6.058457e-01 
  899.000  5.921616e-01 
  900.000  5.942341e-01 
  901.000  5.906327e-01 
  902.000  5.912419e-01 
  903.000  6.142214e-01 
  904.000  6.279077e-01 
  905.000  6.273876e-01 
  906.000  6.188689e-01 
  907.000  6.035667e-01 
  908.000  5.933303e-01 
  909.000  5.938257e-01 
  910.000  5.954155e-01 
  911.000  6.022683e-01 
  912.000  5.989797e-01 
  913.000  5.844694e-01 
  914.000  5.916924e-01 
  915.000  5.973101e-01 
  916.000  5.988119e-01 
  917.000  6.018174e-01 
  918.000  6.056947e-01 
  919.000  6.187954e-01 
  920.000  6.285138e-01 
  921.000  6.263587e-01 
  922.000  6.261834e-01 
  923.000  6.234857e-01 
  924.000  6.169466e-01 
  925.000  6.164944e-01 
  926.000  6.165555e-01 
  927.000  6.090232e-01 
  928.000  5.972686e-01 
  929.000  5.799356e-01 
  930.000  5.572215e-01 
  931.000  5.308470e-01 
  932.000  4.953253e-01 
  933.000  4.667198e-01 
  934.000  4.353978e-01 
  935.000  4.321780e-01 
  936.000  4.452040e-01 
  937.000  4.417079e-01 
  938.000  4.757831e-01 
  939.000  5.571417e-01 
  940.000  5.682906e-01 
  941.000  5.583922e-01 
  942.000  5.337832e-01 
  943.000  4.907219e-01 
  944.000  4.877514e-01 
  945.000  5.038556e-01 
  946.000  5.045825e-01 
  947.000  5.181563e-01 
  948.000  5.260172e-01 
  949.000  5.248009e-01 
  950.000  5.267565e-01 
  951.000  5.441292e-01 
  952.000  5.252012e-01 
  953.000  5.381722e-01 
  954.000  5.517658e-01 
  955.000  5.403601e-01 
  956.000  5.374545e-01 
  957.000  5.716413e-01 
  958.000  5.757548e-01 
  959.000  5.700248e-01 
  960.000  5.682719e-01 
  961.000  5.653626e-01 
  962.000  5.678288e-01 
  963.000  5.859665e-01 
  964.000  5.884671e-01 
  965.000  5.866651e-01 
  966.000  5.875452e-01 
  967.000  6.001288e-01 
  968.000  6.206589e-01 
  969.000  6.297116e-01 
  970.000  6.301695e-01 
  971.000  6.299566e-01 
  972.000  6.274081e-01 
  973.000  6.214494e-01 
  974.000  6.140966e-01 
  975.000  6.093279e-01 
  976.000  6.151748e-01 
  977.000  6.247103e-01 
  978.000  6.239128e-01 
  979.000  6.263268e-01 
  980.000  6.358747e-01 
  981.000  6.379579e-01 
  982.000  6.358169e-01 
  983.000  6.406581e-01 
  984.000  6.456161e-01 
  985.000  6.484170e-01 
  986.000  6.520175e-01 
  987.000  6.535689e-01 
  988.000  6.539240e-01 
  989.000  6.541545e-01 
  990.000  6.545404e-01 
  991.000  6.557696e-01 
  992.000  6.561109e-01 
  993.000  6.562691e-01 
  994.000  6.574850e-01 
  995.000  6.583260e-01 
  996.000  6.583310e-01 
  997.000  6.578364e-01 
  998.000  6.572603e-01 
  999.000  6.570420e-01 
 1000.000  6.572478e-01 
 1001.000  6.559938e-01 
 1002.000  6.540762e-01 
 1003.000  6.545766e-01 
 1004.000  6.556423e-01 
 1005.000  6.562083e-01 
 1006.000  6.563753e-01 
 1007.000  6.559868e-01 
 1008.000  6.544445e-01 
 1009.000  6.522124e-01 
 1010.000  6.532149e-01 
 1011.000  6.554538e-01 
 1012.000  6.563829e-01 
 1013.000  6.570547e-01 
 1014.000  6.573611e-01 
 1015.000  6.574121e-01 
 1016.000  6.576877e-01 
 1017.000  6.578862e-01 
 1018.000  6.575119e-01 
 1019.000  6.566536e-01 
 1020.000  6.569488e-01 
 1021.000  6.575642e-01 
 1022.000  6.565109e-01 
 1023.000  6.556948e-01 
 1024.000  6.551629e-01 
 1025.000  6.566678e-01 
 1026.000  6.573460e-01 
 1027.000  6.570270e-01 
 1028.000  6.572386e-01 
 1029.000  6.578686e-01 
 1030.000  6.584498e-01 
 1031.000  6.587254e-01 
 1032.000  6.589359e-01 
 1033.000  6.589723e-01 
 1034.000  6.590970e-01 
 1035.000  6.590942e-01 
 1036.000  6.588968e-01 
 1037.000  6.587839e-01 
 1038.000  6.588170e-01 
 1039.000  6.586831e-01 
 1040.000  6.585337e-01 
 1041.000  6.584120e-01 
 1042.000  6.583540e-01 
 1043.000  6.582996e-01 
 1044.000  6.581600e-01 
 1045.000  6.578755e-01 
 1046.000  6.576595e-01 
 1047.000  6.573788e-01 
 1048.000  6.568860e-01 
 1049.000  6.563110e-01 
 1050.000  6.559607e-01 
 1051.000  6.556351e-01 
 1052.000  6.552878e-01 
 1053.000  6.550868e-01 
 1054.000  6.546481e-01 
 1055.000  6.541920e-01 
 1056.000  6.537079e-01 
 1057.000  6.528624e-01 
 1058.000  6.515777e-01 
 1059.000  6.513978e-01 
 1060.000  6.516463e-01 
 1061.000  6.513951e-01 
 1062.000  6.504800e-01 
 1063.000  6.498662e-01 
 1064.000  6.490430e-01 
 1065.000  6.483440e-01 
 1066.000  6.483654e-01 
 1067.000  6.479361e-01 
 1068.000  6.468194e-01 
 1069.000  6.468927e-01 
 1070.000  6.475706e-01 
 1071.000  6.473499e-01 
 1072.000  6.468188e-01 
 1073.000  6.469849e-01 
 1074.000  6.474289e-01 
 1075.000  6.489896e-01 
 1076.000  6.484910e-01 
 1077.000  6.476992e-01 
 1078.000  6.467050e-01 
 1079.000  6.467844e-01 
 1080.000  6.436411e-01 
 1081.000  6.436341e-01 
 1082.000  6.452725e-01 
 1083.000  6.436881e-01 
 1084.000  6.418959e-01 
 1085.000  6.373668e-01 
 1086.000  6.386045e-01 
 1087.000  6.438611e-01 
 1088.000  6.441715e-01 
 1089.000  6.380528e-01 
 1090.000  6.369965e-01 
 1091.000  6.383041e-01 
 1092.000  6.353320e-01 
 1093.000  6.284180e-01 
 1094.000  6.254190e-01 
 1095.000  6.260028e-01 
 1096.000  6.265606e-01 
 1097.000  6.252861e-01 
 1098.000  6.079721e-01 
 1099.000  5.929053e-01 
 1100.000  5.940207e-01 
 1101.000  5.962135e-01 
 1102.000  5.953339e-01 
 1103.000  5.968320e-01 
 1104.000  5.943717e-01 
 1105.000  5.880389e-01 
 1106.000  5.814803e-01 
 1107.000  5.833126e-01 
 1108.000  5.847714e-01 
 1109.000  5.907052e-01 
 1110.000  5.904432e-01 
 1111.000  5.875749e-01 
 1112.000  5.739647e-01 
 1113.000  5.551699e-01 
 1114.000  5.507479e-01 
 1115.000  5.269384e-01 
 1116.000  5.116403e-01 
 1117.000  4.737087e-01 
 1118.000  4.375999e-01 
 1119.000  4.181877e-01 
 1120.000  3.923172e-01 
 1121.000  3.865976e-01 
 1122.000  3.571101e-01 
 1123.000  3.742427e-01 
 1124.000  3.854270e-01 
 1125.000  3.798048e-01 
 1126.000  3.773938e-01 
 1127.000  3.795541e-01 
 1128.000  3.837683e-01 
 1129.000  4.114161e-01 
 1130.000  4.723545e-01 
 1131.000  4.889452e-01 
 1132.000  4.664349e-01 
 1133.000  4.222562e-01 
 1134.000  3.333196e-01 
 1135.000  3.404337e-01 
 1136.000  4.280618e-01 
 1137.000  4.708027e-01 
 1138.000  5.089917e-01 
 1139.000  5.190914e-01 
 1140.000  5.119911e-01 
 1141.000  4.968435e-01 
 1142.000  4.917062e-01 
 1143.000  4.752223e-01 
 1144.000  4.558955e-01 
 1145.000  4.269691e-01 
 1146.000  4.338796e-01 
 1147.000  4.562905e-01 
 1148.000  4.755196e-01 
 1149.000  4.828641e-01 
 1150.000  4.825655e-01 
