  320.000  2.634442e-01 
  321.000  3.143219e-01 
  322.000  2.945048e-01 
  323.000  3.195878e-01 
  324.000  3.444580e-01 
  325.000  3.259538e-01 
  326.000  3.562528e-01 
  327.000  3.646446e-01 
  328.000  3.464864e-01 
  329.000  3.812333e-01 
  330.000  3.867002e-01 
  331.000  3.758726e-01 
  332.000  3.967422e-01 
  333.000  4.027991e-01 
  334.000  3.978270e-01 
  335.000  4.130301e-01 
  336.000  4.191657e-01 
  337.000  4.165815e-01 
  338.000  4.237617e-01 
  339.000  4.311546e-01 
  340.000  4.299409e-01 
  341.000  4.371057e-01 
  342.000  4.423351e-01 
  343.000  4.449584e-01 
  344.000  4.454941e-01 
  345.000  4.525610e-01 
  346.000  4.570150e-01 
  347.000  4.606417e-01 
  348.000  4.640348e-01 
  349.000  4.678417e-01 
  350.000  4.710920e-01 
  351.000  4.743256e-01 
  352.000  4.769758e-01 
  353.000  4.807402e-01 
  354.000  4.839410e-01 
  355.000  4.869166e-01 
  356.000  4.898130e-01 
  357.000  4.923884e-01 
  358.000  4.951569e-01 
  359.000  4.979200e-01 
  360.000  5.007470e-01 
  361.000  5.043144e-01 
  362.000  5.080243e-01 
  363.000  5.114369e-01 
  364.000  5.145739e-01 
  365.000  5.175132e-01 
  366.000  5.205157e-01 
  367.000  5.233714e-01 
  368.000  5.261983e-01 
  369.000  5.289981e-01 
  370.000  5.317663e-01 
  371.000  5.345101e-01 
  372.000  5.372287e-01 
  373.000  5.399216e-01 
  374.000  5.425687e-01 
  375.000  5.451624e-01 
  376.000  5.476656e-01 
  377.000  5.500295e-01 
  378.000  5.522234e-01 
  379.000  5.544508e-01 
  380.000  5.568985e-01 
  381.000  5.596823e-01 
  382.000  5.625642e-01 
  383.000  5.652866e-01 
  384.000  5.678666e-01 
  385.000  5.703503e-01 
  386.000  5.727680e-01 
  387.000  5.751445e-01 
  388.000  5.774886e-01 
  389.000  5.798113e-01 
  390.000  5.821133e-01 
  391.000  5.843897e-01 
  392.000  5.866472e-01 
  393.000  5.888841e-01 
  394.000  5.910982e-01 
  395.000  5.932879e-01 
  396.000  5.954615e-01 
  397.000  5.976081e-01 
  398.000  5.997332e-01 
  399.000  6.018385e-01 
  400.000  6.039128e-01 
  401.000  6.059777e-01 
  402.000  6.080242e-01 
  403.000  6.100515e-01 
  404.000  6.120592e-01 
  405.000  6.140434e-01 
  406.000  6.160128e-01 
  407.000  6.179652e-01 
  408.000  6.198992e-01 
  409.000  6.218126e-01 
  410.000  6.237066e-01 
  411.000  6.255803e-01 
  412.000  6.274327e-01 
  413.000  6.292731e-01 
  414.000  6.309802e-01 
  415.000  6.328257e-01 
  416.000  6.346465e-01 
  417.000  6.364357e-01 
  418.000  6.381826e-01 
  419.000  6.399091e-01 
  420.000  6.416188e-01 
  421.000  6.433173e-01 
  422.000  6.450041e-01 
  423.000  6.466773e-01 
  424.000  6.483297e-01 
  425.000  6.499433e-01 
  426.000  6.515402e-01 
  427.000  6.531220e-01 
  428.000  6.546748e-01 
  429.000  6.562051e-01 
  430.000  6.577166e-01 
  431.000  6.592160e-01 
  432.000  6.606990e-01 
  433.000  6.621671e-01 
  434.000  6.636221e-01 
  435.000  6.650620e-01 
  436.000  6.664851e-01 
  437.000  6.678920e-01 
  438.000  6.692821e-01 
  439.000  6.706609e-01 
  440.000  6.720167e-01 
  441.000  6.733546e-01 
  442.000  6.746708e-01 
  443.000  6.759666e-01 
  444.000  6.772412e-01 
  445.000  6.784880e-01 
  446.000  6.796995e-01 
  447.000  6.809696e-01 
  448.000  6.823307e-01 
  449.000  6.837077e-01 
  450.000  6.850575e-01 
  451.000  6.863540e-01 
  452.000  6.876044e-01 
  453.000  6.888288e-01 
  454.000  6.900305e-01 
  455.000  6.911620e-01 
  456.000  6.922017e-01 
  457.000  6.932414e-01 
  458.000  6.942666e-01 
  459.000  6.952698e-01 
  460.000  6.962646e-01 
  461.000  6.972485e-01 
  462.000  6.982133e-01 
  463.000  6.991737e-01 
  464.000  7.004235e-01 
  465.000  7.016540e-01 
  466.000  7.028621e-01 
  467.000  7.040419e-01 
  468.000  7.050025e-01 
  469.000  7.058296e-01 
  470.000  7.065899e-01 
  471.000  7.072743e-01 
  472.000  7.078552e-01 
  473.000  7.082623e-01 
  474.000  7.085966e-01 
  475.000  7.086824e-01 
  476.000  7.085170e-01 
  477.000  7.085136e-01 
  478.000  7.094805e-01 
  479.000  7.109517e-01 
  480.000  7.125388e-01 
  481.000  7.139618e-01 
  482.000  7.152957e-01 
  483.000  7.164549e-01 
  484.000  7.174508e-01 
  485.000  7.183411e-01 
  486.000  7.192902e-01 
  487.000  7.202891e-01 
  488.000  7.212555e-01 
  489.000  7.222038e-01 
  490.000  7.231405e-01 
  491.000  7.238739e-01 
  492.000  7.245441e-01 
  493.000  7.252108e-01 
  494.000  7.258585e-01 
  495.000  7.265060e-01 
  496.000  7.268395e-01 
  497.000  7.271605e-01 
  498.000  7.274766e-01 
  499.000  7.277757e-01 
  500.000  7.280700e-01 
  501.000  7.283316e-01 
  502.000  7.285932e-01 
  503.000  7.288515e-01 
  504.000  7.290979e-01 
  505.000  7.293308e-01 
  506.000  7.300129e-01 
  507.000  7.307146e-01 
  508.000  7.314151e-01 
  509.000  7.321073e-01 
  510.000  7.327846e-01 
  511.000  7.333917e-01 
  512.000  7.339778e-01 
  513.000  7.345604e-01 
  514.000  7.351357e-01 
  515.000  7.357057e-01 
  516.000  7.361129e-01 
  517.000  7.363739e-01 
  518.000  7.366277e-01 
  519.000  7.368767e-01 
  520.000  7.371232e-01 
  521.000  7.373440e-01 
  522.000  7.375032e-01 
  523.000  7.376181e-01 
  524.000  7.377367e-01 
  525.000  7.378302e-01 
  526.000  7.379614e-01 
  527.000  7.379825e-01 
  528.000  7.379590e-01 
  529.000  7.379343e-01 
  530.000  7.379150e-01 
  531.000  7.378992e-01 
  532.000  7.379347e-01 
  533.000  7.382545e-01 
  534.000  7.386584e-01 
  535.000  7.391142e-01 
  536.000  7.395547e-01 
  537.000  7.399576e-01 
  538.000  7.403178e-01 
  539.000  7.406515e-01 
  540.000  7.409645e-01 
  541.000  7.412684e-01 
  542.000  7.415589e-01 
  543.000  7.418391e-01 
  544.000  7.420509e-01 
  545.000  7.422071e-01 
  546.000  7.423559e-01 
  547.000  7.425090e-01 
  548.000  7.426544e-01 
  549.000  7.427975e-01 
  550.000  7.428669e-01 
  551.000  7.428632e-01 
  552.000  7.428624e-01 
  553.000  7.428465e-01 
  554.000  7.428237e-01 
  555.000  7.427967e-01 
  556.000  7.427422e-01 
  557.000  7.426397e-01 
  558.000  7.425290e-01 
  559.000  7.424054e-01 
  560.000  7.422506e-01 
  561.000  7.420672e-01 
  562.000  7.417111e-01 
  563.000  7.414874e-01 
  564.000  7.411962e-01 
  565.000  7.407612e-01 
  566.000  7.404449e-01 
  567.000  7.395282e-01 
  568.000  7.368614e-01 
  569.000  7.313337e-01 
  570.000  7.319993e-01 
  571.000  7.356189e-01 
  572.000  7.317611e-01 
  573.000  7.325513e-01 
  574.000  7.326583e-01 
  575.000  7.323381e-01 
  576.000  7.325204e-01 
  577.000  7.338870e-01 
  578.000  7.357407e-01 
  579.000  7.374379e-01 
  580.000  7.390983e-01 
  581.000  7.414097e-01 
  582.000  7.430267e-01 
  583.000  7.440854e-01 
  584.000  7.450414e-01 
  585.000  7.457807e-01 
  586.000  7.465119e-01 
  587.000  7.453226e-01 
  588.000  7.381557e-01 
  589.000  7.265987e-01 
  590.000  7.260948e-01 
  591.000  7.344049e-01 
  592.000  7.303180e-01 
  593.000  7.397297e-01 
  594.000  7.378953e-01 
  595.000  7.316025e-01 
  596.000  7.405907e-01 
  597.000  7.382913e-01 
  598.000  7.417729e-01 
  599.000  7.430243e-01 
  600.000  7.461334e-01 
  601.000  7.481016e-01 
  602.000  7.485887e-01 
  603.000  7.495780e-01 
  604.000  7.508093e-01 
  605.000  7.516978e-01 
  606.000  7.523602e-01 
  607.000  7.530004e-01 
  608.000  7.536169e-01 
  609.000  7.542068e-01 
  610.000  7.548179e-01 
  611.000  7.554967e-01 
  612.000  7.561613e-01 
  613.000  7.568051e-01 
  614.000  7.574298e-01 
  615.000  7.580528e-01 
  616.000  7.586527e-01 
  617.000  7.592193e-01 
  618.000  7.596943e-01 
  619.000  7.600961e-01 
  620.000  7.604679e-01 
  621.000  7.607874e-01 
  622.000  7.610544e-01 
  623.000  7.612330e-01 
  624.000  7.614231e-01 
  625.000  7.615819e-01 
  626.000  7.613587e-01 
  627.000  7.581092e-01 
  628.000  7.357632e-01 
  629.000  7.495636e-01 
  630.000  7.522806e-01 
  631.000  7.565482e-01 
  632.000  7.565606e-01 
  633.000  7.615522e-01 
  634.000  7.641497e-01 
  635.000  7.653683e-01 
  636.000  7.670358e-01 
  637.000  7.684340e-01 
  638.000  7.709129e-01 
  639.000  7.719159e-01 
  640.000  7.736074e-01 
  641.000  7.745021e-01 
  642.000  7.757484e-01 
  643.000  7.753602e-01 
  644.000  7.760164e-01 
  645.000  7.750391e-01 
  646.000  7.690350e-01 
  647.000  7.649591e-01 
  648.000  7.603209e-01 
  649.000  7.652808e-01 
  650.000  7.743573e-01 
  651.000  7.747710e-01 
  652.000  7.675593e-01 
  653.000  7.767447e-01 
  654.000  7.761943e-01 
  655.000  7.734156e-01 
  656.000  7.749467e-01 
  657.000  7.770735e-01 
  658.000  7.804708e-01 
  659.000  7.826216e-01 
  660.000  7.837405e-01 
  661.000  7.863969e-01 
  662.000  7.877787e-01 
  663.000  7.880042e-01 
  664.000  7.887856e-01 
  665.000  7.895147e-01 
  666.000  7.903457e-01 
  667.000  7.910758e-01 
  668.000  7.918966e-01 
  669.000  7.925138e-01 
  670.000  7.930720e-01 
  671.000  7.936538e-01 
  672.000  7.941844e-01 
  673.000  7.947066e-01 
  674.000  7.952245e-01 
  675.000  7.957427e-01 
  676.000  7.962306e-01 
  677.000  7.966788e-01 
  678.000  7.971278e-01 
  679.000  7.975085e-01 
  680.000  7.975956e-01 
  681.000  7.975722e-01 
  682.000  7.978650e-01 
  683.000  7.980239e-01 
  684.000  7.977195e-01 
  685.000  7.985368e-01 
  686.000  7.956804e-01 
  687.000  6.945895e-01 
  688.000  7.262263e-01 
  689.000  7.172880e-01 
  690.000  7.337379e-01 
  691.000  7.556838e-01 
  692.000  7.695301e-01 
  693.000  7.669421e-01 
  694.000  7.612987e-01 
  695.000  7.694359e-01 
  696.000  7.740752e-01 
  697.000  7.924755e-01 
  698.000  7.888640e-01 
  699.000  7.726188e-01 
  700.000  7.754349e-01 
  701.000  7.718613e-01 
  702.000  7.746310e-01 
  703.000  7.884017e-01 
  704.000  7.890706e-01 
  705.000  7.835023e-01 
  706.000  7.846735e-01 
  707.000  7.867630e-01 
  708.000  7.890136e-01 
  709.000  7.935435e-01 
  710.000  7.888669e-01 
  711.000  7.937860e-01 
  712.000  7.979810e-01 
  713.000  7.947470e-01 
  714.000  7.937131e-01 
  715.000  7.884187e-01 
  716.000  7.829424e-01 
  717.000  7.472979e-01 
  718.000  7.252510e-01 
  719.000  7.173415e-01 
  720.000  7.051878e-01 
  721.000  7.581314e-01 
  722.000  7.767956e-01 
  723.000  7.663361e-01 
  724.000  7.363524e-01 
  725.000  7.408912e-01 
  726.000  7.394968e-01 
  727.000  7.437873e-01 
  728.000  7.391443e-01 
  729.000  7.506940e-01 
  730.000  7.486842e-01 
  731.000  7.462519e-01 
  732.000  7.656800e-01 
  733.000  7.841610e-01 
  734.000  7.930249e-01 
  735.000  7.899128e-01 
  736.000  7.840919e-01 
  737.000  7.885129e-01 
  738.000  7.945748e-01 
  739.000  7.971889e-01 
  740.000  8.029603e-01 
  741.000  8.062981e-01 
  742.000  8.077099e-01 
  743.000  8.107531e-01 
  744.000  8.121606e-01 
  745.000  8.132491e-01 
  746.000  8.141074e-01 
  747.000  8.143335e-01 
  748.000  8.151385e-01 
  749.000  8.155630e-01 
  750.000  8.153835e-01 
  751.000  8.155692e-01 
  752.000  8.162940e-01 
  753.000  8.166151e-01 
  754.000  8.168766e-01 
  755.000  8.170610e-01 
  756.000  8.172520e-01 
  757.000  8.173853e-01 
  758.000  8.161346e-01 
  759.000  7.622029e-01 
  760.000  3.576608e-01 
  761.000  3.190454e-01 
  762.000  5.544135e-01 
  763.000  4.814146e-01 
  764.000  5.175681e-01 
  765.000  5.995099e-01 
  766.000  6.981267e-01 
  767.000  7.477911e-01 
  768.000  7.802382e-01 
  769.000  8.016390e-01 
  770.000  8.129309e-01 
  771.000  8.184465e-01 
  772.000  8.197879e-01 
  773.000  8.203988e-01 
  774.000  8.211471e-01 
  775.000  8.215691e-01 
  776.000  8.218694e-01 
  777.000  8.219703e-01 
  778.000  8.219798e-01 
  779.000  8.219761e-01 
  780.000  8.219687e-01 
  781.000  8.222877e-01 
  782.000  8.222709e-01 
  783.000  8.222641e-01 
  784.000  8.220439e-01 
  785.000  8.207905e-01 
  786.000  8.188196e-01 
  787.000  8.144954e-01 
  788.000  8.122093e-01 
  789.000  8.039766e-01 
  790.000  8.032870e-01 
  791.000  8.048643e-01 
  792.000  8.063194e-01 
  793.000  8.096906e-01 
  794.000  8.168207e-01 
  795.000  8.124884e-01 
  796.000  8.009038e-01 
  797.000  8.042385e-01 
  798.000  8.115784e-01 
  799.000  8.099203e-01 
  800.000  8.046011e-01 
  801.000  8.052507e-01 
  802.000  8.047247e-01 
  803.000  8.055174e-01 
  804.000  8.080344e-01 
  805.000  8.128455e-01 
  806.000  8.157179e-01 
  807.000  8.158572e-01 
  808.000  8.142492e-01 
  809.000  8.122709e-01 
  810.000  8.101054e-01 
  811.000  8.056409e-01 
  812.000  7.996277e-01 
  813.000  7.922481e-01 
  814.000  7.824914e-01 
  815.000  7.703385e-01 
  816.000  7.546391e-01 
  817.000  7.555525e-01 
  818.000  7.568498e-01 
  819.000  7.620218e-01 
  820.000  7.792984e-01 
  821.000  7.989691e-01 
  822.000  7.840307e-01 
  823.000  7.420856e-01 
  824.000  7.774647e-01 
  825.000  8.000796e-01 
  826.000  7.962047e-01 
  827.000  7.933598e-01 
  828.000  7.784727e-01 
  829.000  7.838549e-01 
  830.000  7.898684e-01 
  831.000  7.912778e-01 
  832.000  7.918805e-01 
  833.000  7.953395e-01 
  834.000  7.994052e-01 
  835.000  8.074654e-01 
  836.000  8.048729e-01 
  837.000  8.045962e-01 
  838.000  8.085275e-01 
  839.000  8.109110e-01 
  840.000  8.117830e-01 
  841.000  8.092077e-01 
  842.000  8.115321e-01 
  843.000  8.170395e-01 
  844.000  8.195364e-01 
  845.000  8.207049e-01 
  846.000  8.219330e-01 
  847.000  8.232433e-01 
  848.000  8.210763e-01 
  849.000  8.213715e-01 
  850.000  8.202837e-01 
  851.000  8.189842e-01 
  852.000  8.191242e-01 
  853.000  8.212962e-01 
  854.000  8.211862e-01 
  855.000  8.222811e-01 
  856.000  8.244904e-01 
  857.000  8.254431e-01 
  858.000  8.259580e-01 
  859.000  8.270504e-01 
  860.000  8.276058e-01 
  861.000  8.277044e-01 
  862.000  8.280156e-01 
  863.000  8.280689e-01 
  864.000  8.282870e-01 
  865.000  8.284679e-01 
  866.000  8.285266e-01 
  867.000  8.285100e-01 
  868.000  8.285503e-01 
  869.000  8.286201e-01 
  870.000  8.285928e-01 
  871.000  8.286594e-01 
  872.000  8.288025e-01 
  873.000  8.286868e-01 
  874.000  8.286303e-01 
  875.000  8.286275e-01 
  876.000  8.284155e-01 
  877.000  8.283143e-01 
  878.000  8.276227e-01 
  879.000  8.275874e-01 
  880.000  8.269960e-01 
  881.000  8.266590e-01 
  882.000  8.263636e-01 
  883.000  8.267016e-01 
  884.000  8.268192e-01 
  885.000  8.255919e-01 
  886.000  8.238834e-01 
  887.000  8.252420e-01 
  888.000  8.251732e-01 
  889.000  8.256044e-01 
  890.000  8.245949e-01 
  891.000  8.225877e-01 
  892.000  8.182245e-01 
  893.000  8.048939e-01 
  894.000  7.982644e-01 
  895.000  7.778773e-01 
  896.000  7.595720e-01 
  897.000  7.402250e-01 
  898.000  7.311577e-01 
  899.000  7.053293e-01 
  900.000  7.091047e-01 
  901.000  7.023571e-01 
  902.000  7.035564e-01 
  903.000  7.469222e-01 
  904.000  7.731980e-01 
  905.000  7.722195e-01 
  906.000  7.557991e-01 
  907.000  7.266419e-01 
  908.000  7.073427e-01 
  909.000  7.081892e-01 
  910.000  7.111144e-01 
  911.000  7.239466e-01 
  912.000  7.177378e-01 
  913.000  6.906735e-01 
  914.000  7.040678e-01 
  915.000  7.145783e-01 
  916.000  7.174085e-01 
  917.000  7.230867e-01 
  918.000  7.304253e-01 
  919.000  7.553611e-01 
  920.000  7.740947e-01 
  921.000  7.699482e-01 
  922.000  7.695915e-01 
  923.000  7.643608e-01 
  924.000  7.517715e-01 
  925.000  7.507702e-01 
  926.000  7.505813e-01 
  927.000  7.359447e-01 
  928.000  7.133409e-01 
  929.000  6.805144e-01 
  930.000  6.384147e-01 
  931.000  5.908534e-01 
  932.000  5.281218e-01 
  933.000  4.802874e-01 
  934.000  4.302527e-01 
  935.000  4.249721e-01 
  936.000  4.450489e-01 
  937.000  4.398483e-01 
  938.000  4.951689e-01 
  939.000  6.351634e-01 
  940.000  6.554736e-01 
  941.000  6.377832e-01 
  942.000  5.942287e-01 
  943.000  5.206565e-01 
  944.000  5.155288e-01 
  945.000  5.422985e-01 
  946.000  5.436989e-01 
  947.000  5.671755e-01 
  948.000  5.808845e-01 
  949.000  5.789858e-01 
  950.000  5.824598e-01 
  951.000  6.130177e-01 
  952.000  5.801560e-01 
  953.000  6.030267e-01 
  954.000  6.273761e-01 
  955.000  6.074200e-01 
  956.000  6.027523e-01 
  957.000  6.642010e-01 
  958.000  6.719673e-01 
  959.000  6.617205e-01 
  960.000  6.586888e-01 
  961.000  6.535283e-01 
  962.000  6.581123e-01 
  963.000  6.914420e-01 
  964.000  6.961600e-01 
  965.000  6.929292e-01 
  966.000  6.946696e-01 
  967.000  7.182217e-01 
  968.000  7.572325e-01 
  969.000  7.747005e-01 
  970.000  7.756140e-01 
  971.000  7.751912e-01 
  972.000  7.702348e-01 
  973.000  7.587502e-01 
  974.000  7.447004e-01 
  975.000  7.356400e-01 
  976.000  7.467101e-01 
  977.000  7.649215e-01 
  978.000  7.634194e-01 
  979.000  7.680944e-01 
  980.000  7.865457e-01 
  981.000  7.906055e-01 
  982.000  7.864785e-01 
  983.000  7.959033e-01 
  984.000  8.055864e-01 
  985.000  8.110719e-01 
  986.000  8.181428e-01 
  987.000  8.211942e-01 
  988.000  8.218851e-01 
  989.000  8.223256e-01 
  990.000  8.230674e-01 
  991.000  8.256925e-01 
  992.000  8.264371e-01 
  993.000  8.267145e-01 
  994.000  8.290352e-01 
  995.000  8.306540e-01 
  996.000  8.306411e-01 
  997.000  8.295962e-01 
  998.000  8.284084e-01 
  999.000  8.279654e-01 
 1000.000  8.283322e-01 
 1001.000  8.258792e-01 
 1002.000  8.218514e-01 
 1003.000  8.228108e-01 
 1004.000  8.251308e-01 
 1005.000  8.261912e-01 
 1006.000  8.265262e-01 
 1007.000  8.257592e-01 
 1008.000  8.224746e-01 
 1009.000  8.180770e-01 
 1010.000  8.200360e-01 
 1011.000  8.247023e-01 
 1012.000  8.264768e-01 
 1013.000  8.278682e-01 
 1014.000  8.283858e-01 
 1015.000  8.284940e-01 
 1016.000  8.291290e-01 
 1017.000  8.294981e-01 
 1018.000  8.286964e-01 
 1019.000  8.271353e-01 
 1020.000  8.277016e-01 
 1021.000  8.288105e-01 
 1022.000  8.269022e-01 
 1023.000  8.252546e-01 
 1024.000  8.242648e-01 
 1025.000  8.272707e-01 
 1026.000  8.285314e-01 
 1027.000  8.279526e-01 
 1028.000  8.284106e-01 
 1029.000  8.297148e-01 
 1030.000  8.309138e-01 
 1031.000  8.315495e-01 
 1032.000  8.320187e-01 
 1033.000  8.321166e-01 
 1034.000  8.323926e-01 
 1035.000  8.325069e-01 
 1036.000  8.323646e-01 
 1037.000  8.323385e-01 
 1038.000  8.324190e-01 
 1039.000  8.322346e-01 
 1040.000  8.320614e-01 
 1041.000  8.319230e-01 
 1042.000  8.318740e-01 
 1043.000  8.318483e-01 
 1044.000  8.317120e-01 
 1045.000  8.313491e-01 
 1046.000  8.310947e-01 
 1047.000  8.307828e-01 
 1048.000  8.303323e-01 
 1049.000  8.298486e-01 
 1050.000  8.294448e-01 
 1051.000  8.289317e-01 
 1052.000  8.285419e-01 
 1053.000  8.284321e-01 
 1054.000  8.278679e-01 
 1055.000  8.273107e-01 
 1056.000  8.267946e-01 
 1057.000  8.256084e-01 
 1058.000  8.235027e-01 
 1059.000  8.235400e-01 
 1060.000  8.244725e-01 
 1061.000  8.241665e-01 
 1062.000  8.227986e-01 
 1063.000  8.221677e-01 
 1064.000  8.209555e-01 
 1065.000  8.196671e-01 
 1066.000  8.197529e-01 
 1067.000  8.189917e-01 
 1068.000  8.165684e-01 
 1069.000  8.156294e-01 
 1070.000  8.162147e-01 
 1071.000  8.147713e-01 
 1072.000  8.132237e-01 
 1073.000  8.130242e-01 
 1074.000  8.133809e-01 
 1075.000  8.159500e-01 
 1076.000  8.145129e-01 
 1077.000  8.125404e-01 
 1078.000  8.101974e-01 
 1079.000  8.099675e-01 
 1080.000  8.035212e-01 
 1081.000  8.032147e-01 
 1082.000  8.061442e-01 
 1083.000  8.027592e-01 
 1084.000  7.990291e-01 
 1085.000  7.900265e-01 
 1086.000  7.922010e-01 
 1087.000  8.022041e-01 
 1088.000  8.026285e-01 
 1089.000  7.905751e-01 
 1090.000  7.883454e-01 
 1091.000  7.907003e-01 
 1092.000  7.847435e-01 
 1093.000  7.713144e-01 
 1094.000  7.654601e-01 
 1095.000  7.664517e-01 
 1096.000  7.673789e-01 
 1097.000  7.647512e-01 
 1098.000  7.317911e-01 
 1099.000  7.034963e-01 
 1100.000  7.054549e-01 
 1101.000  7.094210e-01 
 1102.000  7.075939e-01 
 1103.000  7.102612e-01 
 1104.000  7.055867e-01 
 1105.000  6.937075e-01 
 1106.000  6.816086e-01 
 1107.000  6.847293e-01 
 1108.000  6.870899e-01 
 1109.000  6.976331e-01 
 1110.000  6.966441e-01 
 1111.000  6.910636e-01 
 1112.000  6.658255e-01 
 1113.000  6.312608e-01 
 1114.000  6.223210e-01 
 1115.000  5.794675e-01 
 1116.000  5.526373e-01 
 1117.000  4.893321e-01 
 1118.000  4.309565e-01 
 1119.000  4.000365e-01 
 1120.000  3.609257e-01 
 1121.000  3.522930e-01 
 1122.000  3.108148e-01 
 1123.000  3.338279e-01 
 1124.000  3.492260e-01 
 1125.000  3.412365e-01 
 1126.000  3.379742e-01 
 1127.000  3.413253e-01 
 1128.000  3.478584e-01 
 1129.000  3.882721e-01 
 1130.000  4.816824e-01 
 1131.000  5.083565e-01 
 1132.000  4.719723e-01 
 1133.000  4.043862e-01 
 1134.000  2.798544e-01 
 1135.000  2.893512e-01 
 1136.000  4.138519e-01 
 1137.000  4.803914e-01 
 1138.000  5.435481e-01 
 1139.000  5.619686e-01 
 1140.000  5.500119e-01 
 1141.000  5.253527e-01 
 1142.000  5.167813e-01 
 1143.000  4.897548e-01 
 1144.000  4.590124e-01 
 1145.000  4.142696e-01 
 1146.000  4.248532e-01 
 1147.000  4.597540e-01 
 1148.000  4.905177e-01 
 1149.000  5.027530e-01 
 1150.000  5.030268e-01 
