  320.000  2.996751e-01 
  321.000  3.538554e-01 
  322.000  3.328183e-01 
  323.000  3.594322e-01 
  324.000  3.856991e-01 
  325.000  3.661667e-01 
  326.000  3.981167e-01 
  327.000  4.069370e-01 
  328.000  3.878363e-01 
  329.000  4.243377e-01 
  330.000  4.300624e-01 
  331.000  4.187195e-01 
  332.000  4.405656e-01 
  333.000  4.468930e-01 
  334.000  4.416992e-01 
  335.000  4.575684e-01 
  336.000  4.639630e-01 
  337.000  4.612704e-01 
  338.000  4.687493e-01 
  339.000  4.764422e-01 
  340.000  4.751797e-01 
  341.000  4.826290e-01 
  342.000  4.880615e-01 
  343.000  4.907852e-01 
  344.000  4.913414e-01 
  345.000  4.986736e-01 
  346.000  5.032914e-01 
  347.000  5.070495e-01 
  348.000  5.105640e-01 
  349.000  5.145053e-01 
  350.000  5.178688e-01 
  351.000  5.212138e-01 
  352.000  5.239542e-01 
  353.000  5.278451e-01 
  354.000  5.311523e-01 
  355.000  5.342255e-01 
  356.000  5.372158e-01 
  357.000  5.398739e-01 
  358.000  5.427303e-01 
  359.000  5.455803e-01 
  360.000  5.484952e-01 
  361.000  5.521721e-01 
  362.000  5.559944e-01 
  363.000  5.595088e-01 
  364.000  5.627382e-01 
  365.000  5.657631e-01 
  366.000  5.688518e-01 
  367.000  5.717887e-01 
  368.000  5.746951e-01 
  369.000  5.775725e-01 
  370.000  5.804166e-01 
  371.000  5.832349e-01 
  372.000  5.860264e-01 
  373.000  5.887907e-01 
  374.000  5.915073e-01 
  375.000  5.941681e-01 
  376.000  5.967355e-01 
  377.000  5.991594e-01 
  378.000  6.014084e-01 
  379.000  6.036913e-01 
  380.000  6.061993e-01 
  381.000  6.090508e-01 
  382.000  6.120020e-01 
  383.000  6.147891e-01 
  384.000  6.174296e-01 
  385.000  6.199708e-01 
  386.000  6.224440e-01 
  387.000  6.248744e-01 
  388.000  6.272711e-01 
  389.000  6.296453e-01 
  390.000  6.319978e-01 
  391.000  6.343237e-01 
  392.000  6.366296e-01 
  393.000  6.389140e-01 
  394.000  6.411747e-01 
  395.000  6.434100e-01 
  396.000  6.456284e-01 
  397.000  6.478186e-01 
  398.000  6.499865e-01 
  399.000  6.521338e-01 
  400.000  6.542491e-01 
  401.000  6.563542e-01 
  402.000  6.584402e-01 
  403.000  6.605063e-01 
  404.000  6.625520e-01 
  405.000  6.645733e-01 
  406.000  6.665792e-01 
  407.000  6.685675e-01 
  408.000  6.705366e-01 
  409.000  6.724844e-01 
  410.000  6.744120e-01 
  411.000  6.763188e-01 
  412.000  6.782034e-01 
  413.000  6.800755e-01 
  414.000  6.818117e-01 
  415.000  6.836885e-01 
  416.000  6.855398e-01 
  417.000  6.873586e-01 
  418.000  6.891342e-01 
  419.000  6.908887e-01 
  420.000  6.926259e-01 
  421.000  6.943514e-01 
  422.000  6.960648e-01 
  423.000  6.977642e-01 
  424.000  6.994421e-01 
  425.000  7.010803e-01 
  426.000  7.027014e-01 
  427.000  7.043070e-01 
  428.000  7.058829e-01 
  429.000  7.074357e-01 
  430.000  7.089693e-01 
  431.000  7.104904e-01 
  432.000  7.119946e-01 
  433.000  7.134835e-01 
  434.000  7.149588e-01 
  435.000  7.164189e-01 
  436.000  7.178615e-01 
  437.000  7.192876e-01 
  438.000  7.206966e-01 
  439.000  7.220939e-01 
  440.000  7.234677e-01 
  441.000  7.248233e-01 
  442.000  7.261567e-01 
  443.000  7.274691e-01 
  444.000  7.287602e-01 
  445.000  7.300228e-01 
  446.000  7.312496e-01 
  447.000  7.325355e-01 
  448.000  7.339135e-01 
  449.000  7.353075e-01 
  450.000  7.366737e-01 
  451.000  7.379857e-01 
  452.000  7.392511e-01 
  453.000  7.404900e-01 
  454.000  7.417057e-01 
  455.000  7.428503e-01 
  456.000  7.439020e-01 
  457.000  7.449536e-01 
  458.000  7.459905e-01 
  459.000  7.470049e-01 
  460.000  7.480108e-01 
  461.000  7.490056e-01 
  462.000  7.499811e-01 
  463.000  7.509519e-01 
  464.000  7.522152e-01 
  465.000  7.534589e-01 
  466.000  7.546799e-01 
  467.000  7.558721e-01 
  468.000  7.568427e-01 
  469.000  7.576783e-01 
  470.000  7.584465e-01 
  471.000  7.591378e-01 
  472.000  7.597247e-01 
  473.000  7.601359e-01 
  474.000  7.604735e-01 
  475.000  7.605602e-01 
  476.000  7.603931e-01 
  477.000  7.603897e-01 
  478.000  7.613662e-01 
  479.000  7.628521e-01 
  480.000  7.644548e-01 
  481.000  7.658916e-01 
  482.000  7.672383e-01 
  483.000  7.684085e-01 
  484.000  7.694137e-01 
  485.000  7.703122e-01 
  486.000  7.712702e-01 
  487.000  7.722782e-01 
  488.000  7.732534e-01 
  489.000  7.742102e-01 
  490.000  7.751553e-01 
  491.000  7.758951e-01 
  492.000  7.765712e-01 
  493.000  7.772437e-01 
  494.000  7.778971e-01 
  495.000  7.785501e-01 
  496.000  7.788866e-01 
  497.000  7.792102e-01 
  498.000  7.795291e-01 
  499.000  7.798307e-01 
  500.000  7.801275e-01 
  501.000  7.803913e-01 
  502.000  7.806551e-01 
  503.000  7.809156e-01 
  504.000  7.811641e-01 
  505.000  7.813989e-01 
  506.000  7.820867e-01 
  507.000  7.827942e-01 
  508.000  7.835005e-01 
  509.000  7.841983e-01 
  510.000  7.848812e-01 
  511.000  7.854931e-01 
  512.000  7.860839e-01 
  513.000  7.866712e-01 
  514.000  7.872510e-01 
  515.000  7.878255e-01 
  516.000  7.882359e-01 
  517.000  7.884989e-01 
  518.000  7.887547e-01 
  519.000  7.890056e-01 
  520.000  7.892540e-01 
  521.000  7.894766e-01 
  522.000  7.896370e-01 
  523.000  7.897528e-01 
  524.000  7.898723e-01 
  525.000  7.899665e-01 
  526.000  7.900987e-01 
  527.000  7.901200e-01 
  528.000  7.900963e-01 
  529.000  7.900714e-01 
  530.000  7.900520e-01 
  531.000  7.900361e-01 
  532.000  7.900718e-01 
  533.000  7.903941e-01 
  534.000  7.908010e-01 
  535.000  7.912602e-01 
  536.000  7.917041e-01 
  537.000  7.921101e-01 
  538.000  7.924730e-01 
  539.000  7.928092e-01 
  540.000  7.931246e-01 
  541.000  7.934306e-01 
  542.000  7.937233e-01 
  543.000  7.940056e-01 
  544.000  7.942190e-01 
  545.000  7.943763e-01 
  546.000  7.945262e-01 
  547.000  7.946804e-01 
  548.000  7.948268e-01 
  549.000  7.949710e-01 
  550.000  7.950408e-01 
  551.000  7.950372e-01 
  552.000  7.950364e-01 
  553.000  7.950203e-01 
  554.000  7.949973e-01 
  555.000  7.949702e-01 
  556.000  7.949153e-01 
  557.000  7.948121e-01 
  558.000  7.947005e-01 
  559.000  7.945760e-01 
  560.000  7.944201e-01 
  561.000  7.942355e-01 
  562.000  7.938916e-01 
  563.000  7.936674e-01 
  564.000  7.933778e-01 
  565.000  7.929502e-01 
  566.000  7.926247e-01 
  567.000  7.917482e-01 
  568.000  7.892134e-01 
  569.000  7.840334e-01 
  570.000  7.846149e-01 
  571.000  7.879550e-01 
  572.000  7.843055e-01 
  573.000  7.849970e-01 
  574.000  7.850330e-01 
  575.000  7.847142e-01 
  576.000  7.848960e-01 
  577.000  7.862346e-01 
  578.000  7.880071e-01 
  579.000  7.896690e-01 
  580.000  7.913473e-01 
  581.000  7.936462e-01 
  582.000  7.952776e-01 
  583.000  7.963738e-01 
  584.000  7.973534e-01 
  585.000  7.981275e-01 
  586.000  7.988766e-01 
  587.000  7.977981e-01 
  588.000  7.912262e-01 
  589.000  7.805019e-01 
  590.000  7.800645e-01 
  591.000  7.878413e-01 
  592.000  7.840592e-01 
  593.000  7.928517e-01 
  594.000  7.911689e-01 
  595.000  7.853289e-01 
  596.000  7.936827e-01 
  597.000  7.915133e-01 
  598.000  7.947247e-01 
  599.000  7.958592e-01 
  600.000  7.987200e-01 
  601.000  8.005362e-01 
  602.000  8.009434e-01 
  603.000  8.018932e-01 
  604.000  8.030792e-01 
  605.000  8.039480e-01 
  606.000  8.046079e-01 
  607.000  8.052461e-01 
  608.000  8.058654e-01 
  609.000  8.064584e-01 
  610.000  8.070732e-01 
  611.000  8.077563e-01 
  612.000  8.084251e-01 
  613.000  8.090729e-01 
  614.000  8.097014e-01 
  615.000  8.103281e-01 
  616.000  8.109317e-01 
  617.000  8.115018e-01 
  618.000  8.119796e-01 
  619.000  8.123837e-01 
  620.000  8.127578e-01 
  621.000  8.130791e-01 
  622.000  8.133477e-01 
  623.000  8.135273e-01 
  624.000  8.137187e-01 
  625.000  8.138786e-01 
  626.000  8.136923e-01 
  627.000  8.106128e-01 
  628.000  7.874302e-01 
  629.000  8.018846e-01 
  630.000  8.044047e-01 
  631.000  8.087951e-01 
  632.000  8.091474e-01 
  633.000  8.140334e-01 
  634.000  8.166362e-01 
  635.000  8.179061e-01 
  636.000  8.195723e-01 
  637.000  8.209760e-01 
  638.000  8.233598e-01 
  639.000  8.243977e-01 
  640.000  8.260481e-01 
  641.000  8.269618e-01 
  642.000  8.282046e-01 
  643.000  8.279055e-01 
  644.000  8.285772e-01 
  645.000  8.277307e-01 
  646.000  8.221945e-01 
  647.000  8.184601e-01 
  648.000  8.141958e-01 
  649.000  8.188619e-01 
  650.000  8.273445e-01 
  651.000  8.277710e-01 
  652.000  8.211080e-01 
  653.000  8.296878e-01 
  654.000  8.292171e-01 
  655.000  8.266766e-01 
  656.000  8.281402e-01 
  657.000  8.301529e-01 
  658.000  8.333465e-01 
  659.000  8.353826e-01 
  660.000  8.364784e-01 
  661.000  8.389671e-01 
  662.000  8.403063e-01 
  663.000  8.405527e-01 
  664.000  8.413205e-01 
  665.000  8.420242e-01 
  666.000  8.428422e-01 
  667.000  8.435550e-01 
  668.000  8.443510e-01 
  669.000  8.449621e-01 
  670.000  8.455193e-01 
  671.000  8.460977e-01 
  672.000  8.466294e-01 
  673.000  8.471534e-01 
  674.000  8.476732e-01 
  675.000  8.481930e-01 
  676.000  8.486833e-01 
  677.000  8.491335e-01 
  678.000  8.495842e-01 
  679.000  8.499724e-01 
  680.000  8.500921e-01 
  681.000  8.501108e-01 
  682.000  8.504125e-01 
  683.000  8.505889e-01 
  684.000  8.503346e-01 
  685.000  8.511313e-01 
  686.000  8.482053e-01 
  687.000  7.437310e-01 
  688.000  7.763907e-01 
  689.000  7.672248e-01 
  690.000  7.841792e-01 
  691.000  8.070269e-01 
  692.000  8.217836e-01 
  693.000  8.205179e-01 
  694.000  8.159418e-01 
  695.000  8.238954e-01 
  696.000  8.283911e-01 
  697.000  8.457279e-01 
  698.000  8.423833e-01 
  699.000  8.271659e-01 
  700.000  8.298360e-01 
  701.000  8.264983e-01 
  702.000  8.291187e-01 
  703.000  8.420583e-01 
  704.000  8.427020e-01 
  705.000  8.374941e-01 
  706.000  8.386067e-01 
  707.000  8.405806e-01 
  708.000  8.427048e-01 
  709.000  8.469647e-01 
  710.000  8.425971e-01 
  711.000  8.472224e-01 
  712.000  8.511671e-01 
  713.000  8.481562e-01 
  714.000  8.472083e-01 
  715.000  8.422750e-01 
  716.000  8.371836e-01 
  717.000  8.036963e-01 
  718.000  7.829096e-01 
  719.000  7.754544e-01 
  720.000  7.639163e-01 
  721.000  8.140154e-01 
  722.000  8.315828e-01 
  723.000  8.217646e-01 
  724.000  7.935050e-01 
  725.000  7.978202e-01 
  726.000  7.965078e-01 
  727.000  8.005673e-01 
  728.000  7.961838e-01 
  729.000  8.070936e-01 
  730.000  8.051931e-01 
  731.000  8.028909e-01 
  732.000  8.212103e-01 
  733.000  8.385762e-01 
  734.000  8.468874e-01 
  735.000  8.439746e-01 
  736.000  8.385192e-01 
  737.000  8.426725e-01 
  738.000  8.483618e-01 
  739.000  8.508161e-01 
  740.000  8.562248e-01 
  741.000  8.593535e-01 
  742.000  8.606799e-01 
  743.000  8.635311e-01 
  744.000  8.648559e-01 
  745.000  8.658820e-01 
  746.000  8.666926e-01 
  747.000  8.669338e-01 
  748.000  8.676916e-01 
  749.000  8.680961e-01 
  750.000  8.679492e-01 
  751.000  8.681357e-01 
  752.000  8.688136e-01 
  753.000  8.691234e-01 
  754.000  8.693787e-01 
  755.000  8.695635e-01 
  756.000  8.697544e-01 
  757.000  8.698879e-01 
  758.000  8.686195e-01 
  759.000  8.130536e-01 
  760.000  3.913245e-01 
  761.000  3.504122e-01 
  762.000  5.977371e-01 
  763.000  5.214936e-01 
  764.000  5.592942e-01 
  765.000  6.446518e-01 
  766.000  7.468660e-01 
  767.000  7.981508e-01 
  768.000  8.315929e-01 
  769.000  8.536220e-01 
  770.000  8.651971e-01 
  771.000  8.708910e-01 
  772.000  8.722672e-01 
  773.000  8.728967e-01 
  774.000  8.736622e-01 
  775.000  8.740842e-01 
  776.000  8.743830e-01 
  777.000  8.744899e-01 
  778.000  8.745094e-01 
  779.000  8.745148e-01 
  780.000  8.745160e-01 
  781.000  8.748158e-01 
  782.000  8.748084e-01 
  783.000  8.748100e-01 
  784.000  8.746166e-01 
  785.000  8.734475e-01 
  786.000  8.715855e-01 
  787.000  8.675326e-01 
  788.000  8.653923e-01 
  789.000  8.576580e-01 
  790.000  8.570163e-01 
  791.000  8.585064e-01 
  792.000  8.598796e-01 
  793.000  8.630536e-01 
  794.000  8.697584e-01 
  795.000  8.656939e-01 
  796.000  8.548027e-01 
  797.000  8.579468e-01 
  798.000  8.648546e-01 
  799.000  8.633005e-01 
  800.000  8.583028e-01 
  801.000  8.589192e-01 
  802.000  8.584291e-01 
  803.000  8.591794e-01 
  804.000  8.615502e-01 
  805.000  8.660774e-01 
  806.000  8.687801e-01 
  807.000  8.689156e-01 
  808.000  8.674104e-01 
  809.000  8.655578e-01 
  810.000  8.635307e-01 
  811.000  8.593420e-01 
  812.000  8.536974e-01 
  813.000  8.467621e-01 
  814.000  8.375798e-01 
  815.000  8.261282e-01 
  816.000  8.112744e-01 
  817.000  8.121576e-01 
  818.000  8.133935e-01 
  819.000  8.182869e-01 
  820.000  8.346215e-01 
  821.000  8.531786e-01 
  822.000  8.390976e-01 
  823.000  7.993739e-01 
  824.000  8.328990e-01 
  825.000  8.542315e-01 
  826.000  8.505704e-01 
  827.000  8.478934e-01 
  828.000  8.338509e-01 
  829.000  8.389387e-01 
  830.000  8.446134e-01 
  831.000  8.459415e-01 
  832.000  8.465016e-01 
  833.000  8.497604e-01 
  834.000  8.535873e-01 
  835.000  8.611701e-01 
  836.000  8.587310e-01 
  837.000  8.584695e-01 
  838.000  8.621703e-01 
  839.000  8.644131e-01 
  840.000  8.652359e-01 
  841.000  8.628169e-01 
  842.000  8.650054e-01 
  843.000  8.701841e-01 
  844.000  8.725312e-01 
  845.000  8.736315e-01 
  846.000  8.747875e-01 
  847.000  8.760203e-01 
  848.000  8.739906e-01 
  849.000  8.742719e-01 
  850.000  8.732547e-01 
  851.000  8.720381e-01 
  852.000  8.721732e-01 
  853.000  8.742163e-01 
  854.000  8.741159e-01 
  855.000  8.751470e-01 
  856.000  8.772435e-01 
  857.000  8.781427e-01 
  858.000  8.786252e-01 
  859.000  8.796549e-01 
  860.000  8.801734e-01 
  861.000  8.802683e-01 
  862.000  8.805577e-01 
  863.000  8.806113e-01 
  864.000  8.808155e-01 
  865.000  8.809857e-01 
  866.000  8.810441e-01 
  867.000  8.810334e-01 
  868.000  8.810749e-01 
  869.000  8.811435e-01 
  870.000  8.811228e-01 
  871.000  8.811884e-01 
  872.000  8.813242e-01 
  873.000  8.812224e-01 
  874.000  8.811749e-01 
  875.000  8.811767e-01 
  876.000  8.809865e-01 
  877.000  8.808979e-01 
  878.000  8.802502e-01 
  879.000  8.802210e-01 
  880.000  8.796657e-01 
  881.000  8.793547e-01 
  882.000  8.790733e-01 
  883.000  8.793781e-01 
  884.000  8.795150e-01 
  885.000  8.783610e-01 
  886.000  8.767515e-01 
  887.000  8.780310e-01 
  888.000  8.779702e-01 
  889.000  8.783651e-01 
  890.000  8.774393e-01 
  891.000  8.755347e-01 
  892.000  8.714325e-01 
  893.000  8.588648e-01 
  894.000  8.526195e-01 
  895.000  8.333240e-01 
  896.000  8.159732e-01 
  897.000  7.975979e-01 
  898.000  7.889719e-01 
  899.000  7.642463e-01 
  900.000  7.678902e-01 
  901.000  7.614095e-01 
  902.000  7.625344e-01 
  903.000  8.040240e-01 
  904.000  8.290234e-01 
  905.000  8.280773e-01 
  906.000  8.124595e-01 
  907.000  7.846341e-01 
  908.000  7.661525e-01 
  909.000  7.669800e-01 
  910.000  7.697927e-01 
  911.000  7.820928e-01 
  912.000  7.761443e-01 
  913.000  7.501441e-01 
  914.000  7.630230e-01 
  915.000  7.730990e-01 
  916.000  7.758005e-01 
  917.000  7.812238e-01 
  918.000  7.882312e-01 
  919.000  8.120173e-01 
  920.000  8.298143e-01 
  921.000  8.258629e-01 
  922.000  8.255210e-01 
  923.000  8.205503e-01 
  924.000  8.085723e-01 
  925.000  8.076497e-01 
  926.000  8.075502e-01 
  927.000  7.936627e-01 
  928.000  7.721496e-01 
  929.000  7.407596e-01 
  930.000  7.002288e-01 
  931.000  6.540416e-01 
  932.000  5.926994e-01 
  933.000  5.451170e-01 
  934.000  4.946268e-01 
  935.000  4.893328e-01 
  936.000  5.098127e-01 
  937.000  5.044432e-01 
  938.000  5.599768e-01 
  939.000  6.979250e-01 
  940.000  7.175786e-01 
  941.000  7.003493e-01 
  942.000  6.578065e-01 
  943.000  5.851465e-01 
  944.000  5.800911e-01 
  945.000  6.067502e-01 
  946.000  6.080807e-01 
  947.000  6.311737e-01 
  948.000  6.446202e-01 
  949.000  6.426858e-01 
  950.000  6.460699e-01 
  951.000  6.759638e-01 
  952.000  6.436776e-01 
  953.000  6.660331e-01 
  954.000  6.897157e-01 
  955.000  6.701578e-01 
  956.000  6.654546e-01 
  957.000  7.251498e-01 
  958.000  7.325765e-01 
  959.000  7.226019e-01 
  960.000  7.196159e-01 
  961.000  7.145772e-01 
  962.000  7.189790e-01 
  963.000  7.511252e-01 
  964.000  7.556337e-01 
  965.000  7.524878e-01 
  966.000  7.541243e-01 
  967.000  7.767061e-01 
  968.000  8.139353e-01 
  969.000  8.305217e-01 
  970.000  8.313743e-01 
  971.000  8.309699e-01 
  972.000  8.262670e-01 
  973.000  8.153480e-01 
  974.000  8.019559e-01 
  975.000  7.933021e-01 
  976.000  8.038738e-01 
  977.000  8.212197e-01 
  978.000  8.197765e-01 
  979.000  8.242063e-01 
  980.000  8.417165e-01 
  981.000  8.455544e-01 
  982.000  8.416276e-01 
  983.000  8.505480e-01 
  984.000  8.597033e-01 
  985.000  8.648826e-01 
  986.000  8.715547e-01 
  987.000  8.744290e-01 
  988.000  8.750773e-01 
  989.000  8.754907e-01 
  990.000  8.761898e-01 
  991.000  8.786653e-01 
  992.000  8.793682e-01 
  993.000  8.796306e-01 
  994.000  8.818372e-01 
  995.000  8.833485e-01 
  996.000  8.833542e-01 
  997.000  8.823775e-01 
  998.000  8.812553e-01 
  999.000  8.808414e-01 
 1000.000  8.811881e-01 
 1001.000  8.788560e-01 
 1002.000  8.750579e-01 
 1003.000  8.759649e-01 
 1004.000  8.781555e-01 
 1005.000  8.791574e-01 
 1006.000  8.794727e-01 
 1007.000  8.787510e-01 
 1008.000  8.756533e-01 
 1009.000  8.715027e-01 
 1010.000  8.733528e-01 
 1011.000  8.777561e-01 
 1012.000  8.794299e-01 
 1013.000  8.806990e-01 
 1014.000  8.812497e-01 
 1015.000  8.813502e-01 
 1016.000  8.819460e-01 
 1017.000  8.822754e-01 
 1018.000  8.815395e-01 
 1019.000  8.800476e-01 
 1020.000  8.805380e-01 
 1021.000  8.816460e-01 
 1022.000  8.798259e-01 
 1023.000  8.782701e-01 
 1024.000  8.773346e-01 
 1025.000  8.801685e-01 
 1026.000  8.813744e-01 
 1027.000  8.808285e-01 
 1028.000  8.812545e-01 
 1029.000  8.824843e-01 
 1030.000  8.836110e-01 
 1031.000  8.841855e-01 
 1032.000  8.846238e-01 
 1033.000  8.847298e-01 
 1034.000  8.849816e-01 
 1035.000  8.850738e-01 
 1036.000  8.849209e-01 
 1037.000  8.848783e-01 
 1038.000  8.849500e-01 
 1039.000  8.847749e-01 
 1040.000  8.846060e-01 
 1041.000  8.844707e-01 
 1042.000  8.844200e-01 
 1043.000  8.843888e-01 
 1044.000  8.842518e-01 
 1045.000  8.839033e-01 
 1046.000  8.836558e-01 
 1047.000  8.833495e-01 
 1048.000  8.828905e-01 
 1049.000  8.823889e-01 
 1050.000  8.819931e-01 
 1051.000  8.815067e-01 
 1052.000  8.811234e-01 
 1053.000  8.810045e-01 
 1054.000  8.804623e-01 
 1055.000  8.799051e-01 
 1056.000  8.793930e-01 
 1057.000  8.782632e-01 
 1058.000  8.762506e-01 
 1059.000  8.762580e-01 
 1060.000  8.771125e-01 
 1061.000  8.768075e-01 
 1062.000  8.754871e-01 
 1063.000  8.748394e-01 
 1064.000  8.736527e-01 
 1065.000  8.724289e-01 
 1066.000  8.725053e-01 
 1067.000  8.717560e-01 
 1068.000  8.694729e-01 
 1069.000  8.686786e-01 
 1070.000  8.692948e-01 
 1071.000  8.679860e-01 
 1072.000  8.665580e-01 
 1073.000  8.664058e-01 
 1074.000  8.667769e-01 
 1075.000  8.692386e-01 
 1076.000  8.679118e-01 
 1077.000  8.660757e-01 
 1078.000  8.638874e-01 
 1079.000  8.636964e-01 
 1080.000  8.576179e-01 
 1081.000  8.573472e-01 
 1082.000  8.601387e-01 
 1083.000  8.569573e-01 
 1084.000  8.534425e-01 
 1085.000  8.449223e-01 
 1086.000  8.470029e-01 
 1087.000  8.565010e-01 
 1088.000  8.569137e-01 
 1089.000  8.455048e-01 
 1090.000  8.434061e-01 
 1091.000  8.456570e-01 
 1092.000  8.400244e-01 
 1093.000  8.272755e-01 
 1094.000  8.217131e-01 
 1095.000  8.226722e-01 
 1096.000  8.235788e-01 
 1097.000  8.211035e-01 
 1098.000  7.896583e-01 
 1099.000  7.625398e-01 
 1100.000  7.644377e-01 
 1101.000  7.682665e-01 
 1102.000  7.665436e-01 
 1103.000  7.691336e-01 
 1104.000  7.646698e-01 
 1105.000  7.532754e-01 
 1106.000  7.416122e-01 
 1107.000  7.446787e-01 
 1108.000  7.470329e-01 
 1109.000  7.572945e-01 
 1110.000  7.564780e-01 
 1111.000  7.511765e-01 
 1112.000  7.268984e-01 
 1113.000  6.935718e-01 
 1114.000  6.851745e-01 
 1115.000  6.435548e-01 
 1116.000  6.172783e-01 
 1117.000  5.543357e-01 
 1118.000  4.956802e-01 
 1119.000  4.644504e-01 
 1120.000  4.242929e-01 
 1121.000  4.154168e-01 
 1122.000  3.718634e-01 
 1123.000  3.963763e-01 
 1124.000  4.126494e-01 
 1125.000  4.042814e-01 
 1126.000  4.008144e-01 
 1127.000  4.042268e-01 
 1128.000  4.108954e-01 
 1129.000  4.528131e-01 
 1130.000  5.482540e-01 
 1131.000  5.751026e-01 
 1132.000  5.385316e-01 
 1133.000  4.694276e-01 
 1134.000  3.385408e-01 
 1135.000  3.486741e-01 
 1136.000  4.789229e-01 
 1137.000  5.465729e-01 
 1138.000  6.095787e-01 
 1139.000  6.274192e-01 
 1140.000  6.155607e-01 
 1141.000  5.908501e-01 
 1142.000  5.823234e-01 
 1143.000  5.552949e-01 
 1144.000  5.242593e-01 
 1145.000  4.786918e-01 
 1146.000  4.895028e-01 
 1147.000  5.249686e-01 
 1148.000  5.559663e-01 
 1149.000  5.681413e-01 
 1150.000  5.681825e-01 
