  320.000  1.596643e-01 
  321.000  1.988758e-01 
  322.000  1.834034e-01 
  323.000  2.030280e-01 
  324.000  2.228607e-01 
  325.000  2.080699e-01 
  326.000  2.323907e-01 
  327.000  2.392183e-01 
  328.000  2.244940e-01 
  329.000  2.528273e-01 
  330.000  2.573442e-01 
  331.000  2.484134e-01 
  332.000  2.656818e-01 
  333.000  2.707356e-01 
  334.000  2.665855e-01 
  335.000  2.793144e-01 
  336.000  2.844841e-01 
  337.000  2.823044e-01 
  338.000  2.883686e-01 
  339.000  2.946388e-01 
  340.000  2.936076e-01 
  341.000  2.997051e-01 
  342.000  3.041710e-01 
  343.000  3.064161e-01 
  344.000  3.068750e-01 
  345.000  3.129410e-01 
  346.000  3.167760e-01 
  347.000  3.199054e-01 
  348.000  3.228388e-01 
  349.000  3.261360e-01 
  350.000  3.289563e-01 
  351.000  3.317669e-01 
  352.000  3.340739e-01 
  353.000  3.373562e-01 
  354.000  3.401520e-01 
  355.000  3.427550e-01 
  356.000  3.452927e-01 
  357.000  3.475521e-01 
  358.000  3.499840e-01 
  359.000  3.524146e-01 
  360.000  3.549048e-01 
  361.000  3.580521e-01 
  362.000  3.613309e-01 
  363.000  3.643521e-01 
  364.000  3.671336e-01 
  365.000  3.697436e-01 
  366.000  3.724134e-01 
  367.000  3.749562e-01 
  368.000  3.774767e-01 
  369.000  3.799763e-01 
  370.000  3.824507e-01 
  371.000  3.849066e-01 
  372.000  3.873428e-01 
  373.000  3.897591e-01 
  374.000  3.921371e-01 
  375.000  3.944698e-01 
  376.000  3.967237e-01 
  377.000  3.988546e-01 
  378.000  4.008341e-01 
  379.000  4.028459e-01 
  380.000  4.050590e-01 
  381.000  4.075787e-01 
  382.000  4.101904e-01 
  383.000  4.126607e-01 
  384.000  4.150044e-01 
  385.000  4.172630e-01 
  386.000  4.194639e-01 
  387.000  4.216296e-01 
  388.000  4.237679e-01 
  389.000  4.258887e-01 
  390.000  4.279926e-01 
  391.000  4.300752e-01 
  392.000  4.321424e-01 
  393.000  4.341927e-01 
  394.000  4.362240e-01 
  395.000  4.382347e-01 
  396.000  4.402324e-01 
  397.000  4.422070e-01 
  398.000  4.441635e-01 
  399.000  4.461035e-01 
  400.000  4.480166e-01 
  401.000  4.499224e-01 
  402.000  4.518130e-01 
  403.000  4.536874e-01 
  404.000  4.555451e-01 
  405.000  4.573825e-01 
  406.000  4.592077e-01 
  407.000  4.610185e-01 
  408.000  4.628136e-01 
  409.000  4.645910e-01 
  410.000  4.663515e-01 
  411.000  4.680946e-01 
  412.000  4.698190e-01 
  413.000  4.715336e-01 
  414.000  4.731250e-01 
  415.000  4.748467e-01 
  416.000  4.765465e-01 
  417.000  4.782180e-01 
  418.000  4.798510e-01 
  419.000  4.814661e-01 
  420.000  4.830665e-01 
  421.000  4.846573e-01 
  422.000  4.862383e-01 
  423.000  4.878076e-01 
  424.000  4.893583e-01 
  425.000  4.908735e-01 
  426.000  4.923739e-01 
  427.000  4.938610e-01 
  428.000  4.953218e-01 
  429.000  4.967621e-01 
  430.000  4.981856e-01 
  431.000  4.995986e-01 
  432.000  5.009967e-01 
  433.000  5.023816e-01 
  434.000  5.037549e-01 
  435.000  5.051147e-01 
  436.000  5.064592e-01 
  437.000  5.077891e-01 
  438.000  5.091040e-01 
  439.000  5.104086e-01 
  440.000  5.116923e-01 
  441.000  5.129596e-01 
  442.000  5.142069e-01 
  443.000  5.154354e-01 
  444.000  5.166445e-01 
  445.000  5.178276e-01 
  446.000  5.189779e-01 
  447.000  5.201843e-01 
  448.000  5.214777e-01 
  449.000  5.227869e-01 
  450.000  5.240708e-01 
  451.000  5.253046e-01 
  452.000  5.264952e-01 
  453.000  5.276614e-01 
  454.000  5.288064e-01 
  455.000  5.298851e-01 
  456.000  5.308767e-01 
  457.000  5.318685e-01 
  458.000  5.328470e-01 
  459.000  5.338047e-01 
  460.000  5.347548e-01 
  461.000  5.356948e-01 
  462.000  5.366169e-01 
  463.000  5.375350e-01 
  464.000  5.387302e-01 
  465.000  5.399075e-01 
  466.000  5.410640e-01 
  467.000  5.421938e-01 
  468.000  5.431140e-01 
  469.000  5.439065e-01 
  470.000  5.446354e-01 
  471.000  5.452914e-01 
  472.000  5.458485e-01 
  473.000  5.462390e-01 
  474.000  5.465596e-01 
  475.000  5.466419e-01 
  476.000  5.464832e-01 
  477.000  5.464799e-01 
  478.000  5.474076e-01 
  479.000  5.488198e-01 
  480.000  5.503439e-01 
  481.000  5.517111e-01 
  482.000  5.529935e-01 
  483.000  5.541082e-01 
  484.000  5.550663e-01 
  485.000  5.559230e-01 
  486.000  5.568368e-01 
  487.000  5.577986e-01 
  488.000  5.587296e-01 
  489.000  5.596433e-01 
  490.000  5.605463e-01 
  491.000  5.612534e-01 
  492.000  5.618997e-01 
  493.000  5.625429e-01 
  494.000  5.631678e-01 
  495.000  5.637926e-01 
  496.000  5.641146e-01 
  497.000  5.644244e-01 
  498.000  5.647296e-01 
  499.000  5.650184e-01 
  500.000  5.653026e-01 
  501.000  5.655552e-01 
  502.000  5.658078e-01 
  503.000  5.660573e-01 
  504.000  5.662953e-01 
  505.000  5.665203e-01 
  506.000  5.671793e-01 
  507.000  5.678574e-01 
  508.000  5.685346e-01 
  509.000  5.692038e-01 
  510.000  5.698588e-01 
  511.000  5.704460e-01 
  512.000  5.710131e-01 
  513.000  5.715768e-01 
  514.000  5.721336e-01 
  515.000  5.726854e-01 
  516.000  5.730796e-01 
  517.000  5.733324e-01 
  518.000  5.735781e-01 
  519.000  5.738192e-01 
  520.000  5.740580e-01 
  521.000  5.742719e-01 
  522.000  5.744261e-01 
  523.000  5.745374e-01 
  524.000  5.746523e-01 
  525.000  5.747429e-01 
  526.000  5.748700e-01 
  527.000  5.748904e-01 
  528.000  5.748677e-01 
  529.000  5.748437e-01 
  530.000  5.748250e-01 
  531.000  5.748098e-01 
  532.000  5.748441e-01 
  533.000  5.751540e-01 
  534.000  5.755454e-01 
  535.000  5.759870e-01 
  536.000  5.764140e-01 
  537.000  5.768046e-01 
  538.000  5.771538e-01 
  539.000  5.774775e-01 
  540.000  5.777810e-01 
  541.000  5.780756e-01 
  542.000  5.783575e-01 
  543.000  5.786293e-01 
  544.000  5.788348e-01 
  545.000  5.789862e-01 
  546.000  5.791307e-01 
  547.000  5.792792e-01 
  548.000  5.794202e-01 
  549.000  5.795591e-01 
  550.000  5.796264e-01 
  551.000  5.796229e-01 
  552.000  5.796221e-01 
  553.000  5.796067e-01 
  554.000  5.795845e-01 
  555.000  5.795584e-01 
  556.000  5.795054e-01 
  557.000  5.794060e-01 
  558.000  5.792986e-01 
  559.000  5.791786e-01 
  560.000  5.790283e-01 
  561.000  5.788502e-01 
  562.000  5.784783e-01 
  563.000  5.782589e-01 
  564.000  5.779698e-01 
  565.000  5.775291e-01 
  566.000  5.772346e-01 
  567.000  5.762614e-01 
  568.000  5.734900e-01 
  569.000  5.677330e-01 
  570.000  5.684810e-01 
  571.000  5.723379e-01 
  572.000  5.683329e-01 
  573.000  5.692192e-01 
  574.000  5.693725e-01 
  575.000  5.690581e-01 
  576.000  5.692375e-01 
  577.000  5.706027e-01 
  578.000  5.725386e-01 
  579.000  5.742381e-01 
  580.000  5.758405e-01 
  581.000  5.781090e-01 
  582.000  5.796742e-01 
  583.000  5.806743e-01 
  584.000  5.815502e-01 
  585.000  5.822670e-01 
  586.000  5.829309e-01 
  587.000  5.816363e-01 
  588.000  5.739534e-01 
  589.000  5.616981e-01 
  590.000  5.611283e-01 
  591.000  5.698523e-01 
  592.000  5.655111e-01 
  593.000  5.754241e-01 
  594.000  5.734528e-01 
  595.000  5.667818e-01 
  596.000  5.763058e-01 
  597.000  5.739090e-01 
  598.000  5.776318e-01 
  599.000  5.789972e-01 
  600.000  5.823353e-01 
  601.000  5.844384e-01 
  602.000  5.849685e-01 
  603.000  5.860253e-01 
  604.000  5.872704e-01 
  605.000  5.881814e-01 
  606.000  5.888383e-01 
  607.000  5.894728e-01 
  608.000  5.900751e-01 
  609.000  5.906509e-01 
  610.000  5.912463e-01 
  611.000  5.919076e-01 
  612.000  5.925553e-01 
  613.000  5.931829e-01 
  614.000  5.937919e-01 
  615.000  5.943993e-01 
  616.000  5.949845e-01 
  617.000  5.955372e-01 
  618.000  5.960006e-01 
  619.000  5.963926e-01 
  620.000  5.967556e-01 
  621.000  5.970674e-01 
  622.000  5.973279e-01 
  623.000  5.975023e-01 
  624.000  5.976877e-01 
  625.000  5.978423e-01 
  626.000  5.975552e-01 
  627.000  5.942995e-01 
  628.000  5.746086e-01 
  629.000  5.865070e-01 
  630.000  5.894277e-01 
  631.000  5.932685e-01 
  632.000  5.927312e-01 
  633.000  5.976338e-01 
  634.000  6.001281e-01 
  635.000  6.012514e-01 
  636.000  6.029212e-01 
  637.000  6.042906e-01 
  638.000  6.067955e-01 
  639.000  6.077496e-01 
  640.000  6.094561e-01 
  641.000  6.103203e-01 
  642.000  6.115831e-01 
  643.000  6.110733e-01 
  644.000  6.116981e-01 
  645.000  6.106991e-01 
  646.000  6.041605e-01 
  647.000  5.997487e-01 
  648.000  5.947548e-01 
  649.000  5.999693e-01 
  650.000  6.095977e-01 
  651.000  6.099910e-01 
  652.000  6.022523e-01 
  653.000  6.120050e-01 
  654.000  6.113712e-01 
  655.000  6.083549e-01 
  656.000  6.099428e-01 
  657.000  6.121752e-01 
  658.000  6.157672e-01 
  659.000  6.180266e-01 
  660.000  6.192355e-01 
  661.000  6.219277e-01 
  662.000  6.233895e-01 
  663.000  6.235530e-01 
  664.000  6.243767e-01 
  665.000  6.250821e-01 
  666.000  6.259347e-01 
  667.000  6.266904e-01 
  668.000  6.275498e-01 
  669.000  6.281735e-01 
  670.000  6.287290e-01 
  671.000  6.293125e-01 
  672.000  6.298369e-01 
  673.000  6.303520e-01 
  674.000  6.308626e-01 
  675.000  6.313739e-01 
  676.000  6.318540e-01 
  677.000  6.322955e-01 
  678.000  6.327381e-01 
  679.000  6.331027e-01 
  680.000  6.331297e-01 
  681.000  6.330675e-01 
  682.000  6.333616e-01 
  683.000  6.334656e-01 
  684.000  6.331114e-01 
  685.000  6.339799e-01 
  686.000  6.313742e-01 
  687.000  5.416703e-01 
  688.000  5.697467e-01 
  689.000  5.617243e-01 
  690.000  5.763959e-01 
  691.000  5.956184e-01 
  692.000  6.071972e-01 
  693.000  6.025702e-01 
  694.000  5.954955e-01 
  695.000  6.034855e-01 
  696.000  6.081227e-01 
  697.000  6.273083e-01 
  698.000  6.234604e-01 
  699.000  6.064113e-01 
  700.000  6.093213e-01 
  701.000  6.055705e-01 
  702.000  6.084472e-01 
  703.000  6.228608e-01 
  704.000  6.235527e-01 
  705.000  6.177005e-01 
  706.000  6.189185e-01 
  707.000  6.210999e-01 
  708.000  6.234534e-01 
  709.000  6.282045e-01 
  710.000  6.232731e-01 
  711.000  6.284316e-01 
  712.000  6.328343e-01 
  713.000  6.294056e-01 
  714.000  6.282873e-01 
  715.000  6.226717e-01 
  716.000  6.168326e-01 
  717.000  5.796415e-01 
  718.000  5.568753e-01 
  719.000  5.487250e-01 
  720.000  5.364114e-01 
  721.000  5.906850e-01 
  722.000  6.101187e-01 
  723.000  5.992016e-01 
  724.000  5.681805e-01 
  725.000  5.728031e-01 
  726.000  5.713747e-01 
  727.000  5.757939e-01 
  728.000  5.710269e-01 
  729.000  5.829402e-01 
  730.000  5.808967e-01 
  731.000  5.784238e-01 
  732.000  5.985443e-01 
  733.000  6.178707e-01 
  734.000  6.272038e-01 
  735.000  6.239402e-01 
  736.000  6.178351e-01 
  737.000  6.224725e-01 
  738.000  6.288426e-01 
  739.000  6.315963e-01 
  740.000  6.376859e-01 
  741.000  6.412129e-01 
  742.000  6.427047e-01 
  743.000  6.459647e-01 
  744.000  6.473433e-01 
  745.000  6.484883e-01 
  746.000  6.493951e-01 
  747.000  6.496482e-01 
  748.000  6.504709e-01 
  749.000  6.509305e-01 
  750.000  6.506917e-01 
  751.000  6.508755e-01 
  752.000  6.516828e-01 
  753.000  6.520236e-01 
  754.000  6.522955e-01 
  755.000  6.524783e-01 
  756.000  6.526690e-01 
  757.000  6.528014e-01 
  758.000  6.516120e-01 
  759.000  6.032424e-01 
  760.000  2.564736e-01 
  761.000  2.254053e-01 
  762.000  4.209786e-01 
  763.000  3.588892e-01 
  764.000  3.895128e-01 
  765.000  4.599277e-01 
  766.000  5.463442e-01 
  767.000  5.904965e-01 
  768.000  6.195588e-01 
  769.000  6.388206e-01 
  770.000  6.491461e-01 
  771.000  6.540573e-01 
  772.000  6.552802e-01 
  773.000  6.558303e-01 
  774.000  6.565273e-01 
  775.000  6.569480e-01 
  776.000  6.572500e-01 
  777.000  6.573399e-01 
  778.000  6.573310e-01 
  779.000  6.573108e-01 
  780.000  6.572877e-01 
  781.000  6.576408e-01 
  782.000  6.576069e-01 
  783.000  6.575846e-01 
  784.000  6.573161e-01 
  785.000  6.559869e-01 
  786.000  6.540291e-01 
  787.000  6.494328e-01 
  788.000  6.470244e-01 
  789.000  6.384006e-01 
  790.000  6.376702e-01 
  791.000  6.393116e-01 
  792.000  6.408302e-01 
  793.000  6.443561e-01 
  794.000  6.518270e-01 
  795.000  6.472771e-01 
  796.000  6.351593e-01 
  797.000  6.386346e-01 
  798.000  6.463081e-01 
  799.000  6.445685e-01 
  800.000  6.390003e-01 
  801.000  6.396741e-01 
  802.000  6.391202e-01 
  803.000  6.399454e-01 
  804.000  6.425773e-01 
  805.000  6.476128e-01 
  806.000  6.506236e-01 
  807.000  6.507660e-01 
  808.000  6.490727e-01 
  809.000  6.469897e-01 
  810.000  6.447067e-01 
  811.000  6.400166e-01 
  812.000  6.337060e-01 
  813.000  6.259835e-01 
  814.000  6.158087e-01 
  815.000  6.031753e-01 
  816.000  5.870258e-01 
  817.000  5.879219e-01 
  818.000  5.892413e-01 
  819.000  5.945716e-01 
  820.000  6.123964e-01 
  821.000  6.328121e-01 
  822.000  6.172890e-01 
  823.000  5.742259e-01 
  824.000  6.105055e-01 
  825.000  6.339825e-01 
  826.000  6.299851e-01 
  827.000  6.270217e-01 
  828.000  6.115792e-01 
  829.000  6.171422e-01 
  830.000  6.233844e-01 
  831.000  6.248585e-01 
  832.000  6.255156e-01 
  833.000  6.291245e-01 
  834.000  6.333756e-01 
  835.000  6.418089e-01 
  836.000  6.391065e-01 
  837.000  6.388286e-01 
  838.000  6.429389e-01 
  839.000  6.454374e-01 
  840.000  6.463494e-01 
  841.000  6.436539e-01 
  842.000  6.460868e-01 
  843.000  6.518597e-01 
  844.000  6.544835e-01 
  845.000  6.557101e-01 
  846.000  6.570000e-01 
  847.000  6.584220e-01 
  848.000  6.560929e-01 
  849.000  6.563985e-01 
  850.000  6.552509e-01 
  851.000  6.538823e-01 
  852.000  6.540259e-01 
  853.000  6.563050e-01 
  854.000  6.561887e-01 
  855.000  6.573378e-01 
  856.000  6.595763e-01 
  857.000  6.606237e-01 
  858.000  6.611239e-01 
  859.000  6.622655e-01 
  860.000  6.628731e-01 
  861.000  6.629780e-01 
  862.000  6.633285e-01 
  863.000  6.633813e-01 
  864.000  6.636243e-01 
  865.000  6.638244e-01 
  866.000  6.638836e-01 
  867.000  6.638562e-01 
  868.000  6.638944e-01 
  869.000  6.639663e-01 
  870.000  6.639267e-01 
  871.000  6.639951e-01 
  872.000  6.641513e-01 
  873.000  6.640105e-01 
  874.000  6.639377e-01 
  875.000  6.639264e-01 
  876.000  6.636751e-01 
  877.000  6.635512e-01 
  878.000  6.628233e-01 
  879.000  6.628304e-01 
  880.000  6.621639e-01 
  881.000  6.618552e-01 
  882.000  6.615093e-01 
  883.000  6.618661e-01 
  884.000  6.620132e-01 
  885.000  6.607348e-01 
  886.000  6.590571e-01 
  887.000  6.603283e-01 
  888.000  6.602501e-01 
  889.000  6.606948e-01 
  890.000  6.597592e-01 
  891.000  6.575912e-01 
  892.000  6.530172e-01 
  893.000  6.391320e-01 
  894.000  6.322175e-01 
  895.000  6.111981e-01 
  896.000  5.924026e-01 
  897.000  5.726478e-01 
  898.000  5.634340e-01 
  899.000  5.375991e-01 
  900.000  5.413012e-01 
  901.000  5.346126e-01 
  902.000  5.358772e-01 
  903.000  5.793385e-01 
  904.000  6.060659e-01 
  905.000  6.051167e-01 
  906.000  5.884059e-01 
  907.000  5.589942e-01 
  908.000  5.397066e-01 
  909.000  5.405127e-01 
  910.000  5.434097e-01 
  911.000  5.562103e-01 
  912.000  5.500151e-01 
  913.000  5.231891e-01 
  914.000  5.364406e-01 
  915.000  5.469210e-01 
  916.000  5.497779e-01 
  917.000  5.554966e-01 
  918.000  5.628925e-01 
  919.000  5.880861e-01 
  920.000  6.072210e-01 
  921.000  6.030238e-01 
  922.000  6.026717e-01 
  923.000  5.973384e-01 
  924.000  5.845368e-01 
  925.000  5.834409e-01 
  926.000  5.830359e-01 
  927.000  5.680555e-01 
  928.000  5.451107e-01 
  929.000  5.122064e-01 
  930.000  4.707694e-01 
  931.000  4.250340e-01 
  932.000  3.658938e-01 
  933.000  3.228020e-01 
  934.000  2.794140e-01 
  935.000  2.747701e-01 
  936.000  2.916915e-01 
  937.000  2.874474e-01 
  938.000  3.360804e-01 
  939.000  4.655270e-01 
  940.000  4.852285e-01 
  941.000  4.683510e-01 
  942.000  4.271195e-01 
  943.000  3.594794e-01 
  944.000  3.547541e-01 
  945.000  3.788303e-01 
  946.000  3.802420e-01 
  947.000  4.020447e-01 
  948.000  4.148786e-01 
  949.000  4.132775e-01 
  950.000  4.165893e-01 
  951.000  4.454113e-01 
  952.000  4.147574e-01 
  953.000  4.363765e-01 
  954.000  4.597013e-01 
  955.000  4.409537e-01 
  956.000  4.368872e-01 
  957.000  4.959842e-01 
  958.000  5.037641e-01 
  959.000  4.939570e-01 
  960.000  4.911468e-01 
  961.000  4.862478e-01 
  962.000  4.907942e-01 
  963.000  5.234871e-01 
  964.000  5.282287e-01 
  965.000  5.251398e-01 
  966.000  5.269610e-01 
  967.000  5.504330e-01 
  968.000  5.897992e-01 
  969.000  6.076655e-01 
  970.000  6.086437e-01 
  971.000  6.082230e-01 
  972.000  6.031479e-01 
  973.000  5.914448e-01 
  974.000  5.772232e-01 
  975.000  5.681021e-01 
  976.000  5.792596e-01 
  977.000  5.977335e-01 
  978.000  5.962481e-01 
  979.000  6.010590e-01 
  980.000  6.199637e-01 
  981.000  6.241676e-01 
  982.000  6.199704e-01 
  983.000  6.296971e-01 
  984.000  6.397178e-01 
  985.000  6.454171e-01 
  986.000  6.527747e-01 
  987.000  6.559659e-01 
  988.000  6.566982e-01 
  989.000  6.571662e-01 
  990.000  6.579436e-01 
  991.000  6.606820e-01 
  992.000  6.614592e-01 
  993.000  6.617492e-01 
  994.000  6.640949e-01 
  995.000  6.657823e-01 
  996.000  6.657667e-01 
  997.000  6.647123e-01 
  998.000  6.635725e-01 
  999.000  6.631137e-01 
 1000.000  6.634890e-01 
 1001.000  6.608669e-01 
 1002.000  6.566728e-01 
 1003.000  6.576689e-01 
 1004.000  6.600817e-01 
 1005.000  6.611843e-01 
 1006.000  6.615334e-01 
 1007.000  6.607318e-01 
 1008.000  6.573123e-01 
 1009.000  6.527415e-01 
 1010.000  6.547763e-01 
 1011.000  6.596304e-01 
 1012.000  6.614790e-01 
 1013.000  6.629310e-01 
 1014.000  6.635377e-01 
 1015.000  6.636506e-01 
 1016.000  6.641723e-01 
 1017.000  6.645630e-01 
 1018.000  6.638600e-01 
 1019.000  6.621712e-01 
 1020.000  6.627613e-01 
 1021.000  6.639764e-01 
 1022.000  6.619284e-01 
 1023.000  6.602138e-01 
 1024.000  6.591851e-01 
 1025.000  6.623167e-01 
 1026.000  6.636947e-01 
 1027.000  6.631008e-01 
 1028.000  6.635759e-01 
 1029.000  6.648410e-01 
 1030.000  6.660909e-01 
 1031.000  6.667267e-01 
 1032.000  6.672187e-01 
 1033.000  6.673565e-01 
 1034.000  6.676118e-01 
 1035.000  6.677663e-01 
 1036.000  6.676435e-01 
 1037.000  6.676474e-01 
 1038.000  6.677441e-01 
 1039.000  6.675427e-01 
 1040.000  6.673619e-01 
 1041.000  6.672182e-01 
 1042.000  6.671724e-01 
 1043.000  6.671566e-01 
 1044.000  6.670219e-01 
 1045.000  6.666331e-01 
 1046.000  6.663663e-01 
 1047.000  6.660448e-01 
 1048.000  6.656107e-01 
 1049.000  6.651750e-01 
 1050.000  6.647481e-01 
 1051.000  6.642036e-01 
 1052.000  6.638047e-01 
 1053.000  6.636967e-01 
 1054.000  6.631384e-01 
 1055.000  6.625368e-01 
 1056.000  6.620150e-01 
 1057.000  6.607943e-01 
 1058.000  6.586723e-01 
 1059.000  6.586831e-01 
 1060.000  6.596815e-01 
 1061.000  6.593758e-01 
 1062.000  6.580335e-01 
 1063.000  6.574488e-01 
 1064.000  6.562471e-01 
 1065.000  6.548886e-01 
 1066.000  6.549848e-01 
 1067.000  6.543670e-01 
 1068.000  6.517872e-01 
 1069.000  6.506890e-01 
 1070.000  6.512174e-01 
 1071.000  6.496558e-01 
 1072.000  6.480168e-01 
 1073.000  6.477714e-01 
 1074.000  6.481081e-01 
 1075.000  6.507346e-01 
 1076.000  6.492128e-01 
 1077.000  6.471409e-01 
 1078.000  6.446871e-01 
 1079.000  6.444207e-01 
 1080.000  6.377394e-01 
 1081.000  6.374035e-01 
 1082.000  6.404057e-01 
 1083.000  6.368824e-01 
 1084.000  6.330159e-01 
 1085.000  6.237487e-01 
 1086.000  6.259550e-01 
 1087.000  6.362158e-01 
 1088.000  6.366450e-01 
 1089.000  6.242248e-01 
 1090.000  6.219112e-01 
 1091.000  6.242979e-01 
 1092.000  6.181573e-01 
 1093.000  6.044189e-01 
 1094.000  5.984501e-01 
 1095.000  5.994277e-01 
 1096.000  6.003134e-01 
 1097.000  5.975828e-01 
 1098.000  5.642846e-01 
 1099.000  5.360473e-01 
 1100.000  5.379561e-01 
 1101.000  5.418485e-01 
 1102.000  5.399618e-01 
 1103.000  5.425391e-01 
 1104.000  5.378312e-01 
 1105.000  5.260081e-01 
 1106.000  5.141198e-01 
 1107.000  5.170433e-01 
 1108.000  5.191668e-01 
 1109.000  5.292787e-01 
 1110.000  5.279546e-01 
 1111.000  5.222737e-01 
 1112.000  4.973570e-01 
 1113.000  4.634568e-01 
 1114.000  4.541491e-01 
 1115.000  4.129813e-01 
 1116.000  3.877821e-01 
 1117.000  3.306247e-01 
 1118.000  2.794362e-01 
 1119.000  2.527562e-01 
 1120.000  2.204445e-01 
 1121.000  2.133543e-01 
 1122.000  1.810628e-01 
 1123.000  1.983165e-01 
 1124.000  2.100999e-01 
 1125.000  2.038450e-01 
 1126.000  2.013852e-01 
 1127.000  2.041953e-01 
 1128.000  2.096443e-01 
 1129.000  2.421499e-01 
 1130.000  3.203953e-01 
 1131.000  3.436384e-01 
 1132.000  3.118301e-01 
 1133.000  2.553280e-01 
 1134.000  1.584699e-01 
 1135.000  1.655608e-01 
 1136.000  2.636145e-01 
 1137.000  3.201128e-01 
 1138.000  3.764951e-01 
 1139.000  3.942126e-01 
 1140.000  3.833569e-01 
 1141.000  3.615587e-01 
 1142.000  3.538406e-01 
 1143.000  3.298385e-01 
 1144.000  3.032029e-01 
 1145.000  2.653299e-01 
 1146.000  2.742170e-01 
 1147.000  3.039340e-01 
 1148.000  3.307247e-01 
 1149.000  3.417296e-01 
 1150.000  3.424984e-01 
