  320.000  1.570543e-01 
  321.000  1.959154e-01 
  322.000  1.805744e-01 
  323.000  2.000337e-01 
  324.000  2.197122e-01 
  325.000  2.050352e-01 
  326.000  2.291724e-01 
  327.000  2.359516e-01 
  328.000  2.213334e-01 
  329.000  2.494680e-01 
  330.000  2.539553e-01 
  331.000  2.450836e-01 
  332.000  2.622396e-01 
  333.000  2.672620e-01 
  334.000  2.631376e-01 
  335.000  2.757888e-01 
  336.000  2.809280e-01 
  337.000  2.787611e-01 
  338.000  2.847901e-01 
  339.000  2.910247e-01 
  340.000  2.899993e-01 
  341.000  2.960630e-01 
  342.000  3.005047e-01 
  343.000  3.027378e-01 
  344.000  3.031942e-01 
  345.000  3.092283e-01 
  346.000  3.130436e-01 
  347.000  3.161571e-01 
  348.000  3.190758e-01 
  349.000  3.223568e-01 
  350.000  3.251633e-01 
  351.000  3.279604e-01 
  352.000  3.302563e-01 
  353.000  3.335231e-01 
  354.000  3.363059e-01 
  355.000  3.388970e-01 
  356.000  3.414231e-01 
  357.000  3.436723e-01 
  358.000  3.460934e-01 
  359.000  3.485133e-01 
  360.000  3.509926e-01 
  361.000  3.541264e-01 
  362.000  3.573912e-01 
  363.000  3.603997e-01 
  364.000  3.631697e-01 
  365.000  3.657691e-01 
  366.000  3.684281e-01 
  367.000  3.709607e-01 
  368.000  3.734713e-01 
  369.000  3.759611e-01 
  370.000  3.784260e-01 
  371.000  3.808724e-01 
  372.000  3.832995e-01 
  373.000  3.857068e-01 
  374.000  3.880760e-01 
  375.000  3.904002e-01 
  376.000  3.926460e-01 
  377.000  3.947692e-01 
  378.000  3.967417e-01 
  379.000  3.987465e-01 
  380.000  4.009518e-01 
  381.000  4.034629e-01 
  382.000  4.060658e-01 
  383.000  4.085278e-01 
  384.000  4.108638e-01 
  385.000  4.131150e-01 
  386.000  4.153088e-01 
  387.000  4.174675e-01 
  388.000  4.195991e-01 
  389.000  4.217132e-01 
  390.000  4.238107e-01 
  391.000  4.258868e-01 
  392.000  4.279478e-01 
  393.000  4.299919e-01 
  394.000  4.320171e-01 
  395.000  4.340219e-01 
  396.000  4.360139e-01 
  397.000  4.379828e-01 
  398.000  4.399337e-01 
  399.000  4.418682e-01 
  400.000  4.437761e-01 
  401.000  4.456767e-01 
  402.000  4.475621e-01 
  403.000  4.494313e-01 
  404.000  4.512841e-01 
  405.000  4.531166e-01 
  406.000  4.549370e-01 
  407.000  4.567432e-01 
  408.000  4.585336e-01 
  409.000  4.603065e-01 
  410.000  4.620626e-01 
  411.000  4.638014e-01 
  412.000  4.655216e-01 
  413.000  4.672319e-01 
  414.000  4.688195e-01 
  415.000  4.705370e-01 
  416.000  4.722328e-01 
  417.000  4.739004e-01 
  418.000  4.755297e-01 
  419.000  4.771410e-01 
  420.000  4.787377e-01 
  421.000  4.803250e-01 
  422.000  4.819025e-01 
  423.000  4.834683e-01 
  424.000  4.850156e-01 
  425.000  4.865275e-01 
  426.000  4.880247e-01 
  427.000  4.895087e-01 
  428.000  4.909663e-01 
  429.000  4.924037e-01 
  430.000  4.938243e-01 
  431.000  4.952343e-01 
  432.000  4.966296e-01 
  433.000  4.980117e-01 
  434.000  4.993822e-01 
  435.000  5.007393e-01 
  436.000  5.020813e-01 
  437.000  5.034087e-01 
  438.000  5.047209e-01 
  439.000  5.060232e-01 
  440.000  5.073044e-01 
  441.000  5.085693e-01 
  442.000  5.098143e-01 
  443.000  5.110406e-01 
  444.000  5.122474e-01 
  445.000  5.134284e-01 
  446.000  5.145767e-01 
  447.000  5.157809e-01 
  448.000  5.170720e-01 
  449.000  5.183789e-01 
  450.000  5.196607e-01 
  451.000  5.208924e-01 
  452.000  5.220809e-01 
  453.000  5.232452e-01 
  454.000  5.243883e-01 
  455.000  5.254652e-01 
  456.000  5.264551e-01 
  457.000  5.274454e-01 
  458.000  5.284222e-01 
  459.000  5.293784e-01 
  460.000  5.303270e-01 
  461.000  5.312656e-01 
  462.000  5.321862e-01 
  463.000  5.331029e-01 
  464.000  5.342963e-01 
  465.000  5.354718e-01 
  466.000  5.366266e-01 
  467.000  5.377546e-01 
  468.000  5.386735e-01 
  469.000  5.394648e-01 
  470.000  5.401926e-01 
  471.000  5.408477e-01 
  472.000  5.414040e-01 
  473.000  5.417939e-01 
  474.000  5.421141e-01 
  475.000  5.421963e-01 
  476.000  5.420378e-01 
  477.000  5.420346e-01 
  478.000  5.429609e-01 
  479.000  5.443710e-01 
  480.000  5.458931e-01 
  481.000  5.472584e-01 
  482.000  5.485390e-01 
  483.000  5.496522e-01 
  484.000  5.506091e-01 
  485.000  5.514647e-01 
  486.000  5.523772e-01 
  487.000  5.533378e-01 
  488.000  5.542675e-01 
  489.000  5.551801e-01 
  490.000  5.560820e-01 
  491.000  5.567881e-01 
  492.000  5.574337e-01 
  493.000  5.580760e-01 
  494.000  5.587001e-01 
  495.000  5.593242e-01 
  496.000  5.596458e-01 
  497.000  5.599552e-01 
  498.000  5.602601e-01 
  499.000  5.605485e-01 
  500.000  5.608323e-01 
  501.000  5.610847e-01 
  502.000  5.613370e-01 
  503.000  5.615862e-01 
  504.000  5.618239e-01 
  505.000  5.620486e-01 
  506.000  5.627069e-01 
  507.000  5.633842e-01 
  508.000  5.640605e-01 
  509.000  5.647290e-01 
  510.000  5.653833e-01 
  511.000  5.659698e-01 
  512.000  5.665362e-01 
  513.000  5.670993e-01 
  514.000  5.676554e-01 
  515.000  5.682066e-01 
  516.000  5.686004e-01 
  517.000  5.688528e-01 
  518.000  5.690984e-01 
  519.000  5.693392e-01 
  520.000  5.695777e-01 
  521.000  5.697913e-01 
  522.000  5.699455e-01 
  523.000  5.700566e-01 
  524.000  5.701714e-01 
  525.000  5.702618e-01 
  526.000  5.703888e-01 
  527.000  5.704092e-01 
  528.000  5.703865e-01 
  529.000  5.703625e-01 
  530.000  5.703439e-01 
  531.000  5.703287e-01 
  532.000  5.703629e-01 
  533.000  5.706725e-01 
  534.000  5.710634e-01 
  535.000  5.715046e-01 
  536.000  5.719311e-01 
  537.000  5.723213e-01 
  538.000  5.726702e-01 
  539.000  5.729935e-01 
  540.000  5.732967e-01 
  541.000  5.735910e-01 
  542.000  5.738725e-01 
  543.000  5.741441e-01 
  544.000  5.743493e-01 
  545.000  5.745006e-01 
  546.000  5.746449e-01 
  547.000  5.747933e-01 
  548.000  5.749342e-01 
  549.000  5.750729e-01 
  550.000  5.751402e-01 
  551.000  5.751367e-01 
  552.000  5.751358e-01 
  553.000  5.751204e-01 
  554.000  5.750983e-01 
  555.000  5.750722e-01 
  556.000  5.750193e-01 
  557.000  5.749200e-01 
  558.000  5.748126e-01 
  559.000  5.746927e-01 
  560.000  5.745426e-01 
  561.000  5.743645e-01 
  562.000  5.739806e-01 
  563.000  5.737604e-01 
  564.000  5.734685e-01 
  565.000  5.730194e-01 
  566.000  5.727308e-01 
  567.000  5.717478e-01 
  568.000  5.687949e-01 
  569.000  5.626839e-01 
  570.000  5.635146e-01 
  571.000  5.676674e-01 
  572.000  5.634314e-01 
  573.000  5.644149e-01 
  574.000  5.646078e-01 
  575.000  5.642897e-01 
  576.000  5.644709e-01 
  577.000  5.659047e-01 
  578.000  5.679342e-01 
  579.000  5.696763e-01 
  580.000  5.712727e-01 
  581.000  5.735649e-01 
  582.000  5.751265e-01 
  583.000  5.760991e-01 
  584.000  5.769917e-01 
  585.000  5.776468e-01 
  586.000  5.782918e-01 
  587.000  5.768521e-01 
  588.000  5.685984e-01 
  589.000  5.555022e-01 
  590.000  5.548679e-01 
  591.000  5.641344e-01 
  592.000  5.594872e-01 
  593.000  5.700294e-01 
  594.000  5.679064e-01 
  595.000  5.607792e-01 
  596.000  5.709442e-01 
  597.000  5.684135e-01 
  598.000  5.724083e-01 
  599.000  5.738904e-01 
  600.000  5.774789e-01 
  601.000  5.797484e-01 
  602.000  5.803395e-01 
  603.000  5.814541e-01 
  604.000  5.827420e-01 
  605.000  5.836739e-01 
  606.000  5.843360e-01 
  607.000  5.849752e-01 
  608.000  5.855779e-01 
  609.000  5.861538e-01 
  610.000  5.867488e-01 
  611.000  5.874095e-01 
  612.000  5.880567e-01 
  613.000  5.886837e-01 
  614.000  5.892922e-01 
  615.000  5.898990e-01 
  616.000  5.904837e-01 
  617.000  5.910360e-01 
  618.000  5.914989e-01 
  619.000  5.918906e-01 
  620.000  5.922532e-01 
  621.000  5.925648e-01 
  622.000  5.928252e-01 
  623.000  5.929993e-01 
  624.000  5.931845e-01 
  625.000  5.933387e-01 
  626.000  5.930194e-01 
  627.000  5.895817e-01 
  628.000  5.700135e-01 
  629.000  5.817207e-01 
  630.000  5.848311e-01 
  631.000  5.886603e-01 
  632.000  5.878633e-01 
  633.000  5.930396e-01 
  634.000  5.954553e-01 
  635.000  5.965400e-01 
  636.000  5.982260e-01 
  637.000  5.995962e-01 
  638.000  6.021855e-01 
  639.000  6.031649e-01 
  640.000  6.048660e-01 
  641.000  6.057125e-01 
  642.000  6.069994e-01 
  643.000  6.063983e-01 
  644.000  6.070553e-01 
  645.000  6.058953e-01 
  646.000  5.988686e-01 
  647.000  5.941169e-01 
  648.000  5.887515e-01 
  649.000  5.942629e-01 
  650.000  6.044894e-01 
  651.000  6.048720e-01 
  652.000  5.965855e-01 
  653.000  6.069474e-01 
  654.000  6.062358e-01 
  655.000  6.029830e-01 
  656.000  6.046405e-01 
  657.000  6.069892e-01 
  658.000  6.107873e-01 
  659.000  6.131638e-01 
  660.000  6.144185e-01 
  661.000  6.172549e-01 
  662.000  6.187797e-01 
  663.000  6.189186e-01 
  664.000  6.197633e-01 
  665.000  6.204811e-01 
  666.000  6.213570e-01 
  667.000  6.221293e-01 
  668.000  6.230121e-01 
  669.000  6.236426e-01 
  670.000  6.242003e-01 
  671.000  6.247881e-01 
  672.000  6.253127e-01 
  673.000  6.258277e-01 
  674.000  6.263378e-01 
  675.000  6.268490e-01 
  676.000  6.273282e-01 
  677.000  6.277690e-01 
  678.000  6.282112e-01 
  679.000  6.285702e-01 
  680.000  6.285697e-01 
  681.000  6.284750e-01 
  682.000  6.287602e-01 
  683.000  6.288425e-01 
  684.000  6.284384e-01 
  685.000  6.293352e-01 
  686.000  6.267232e-01 
  687.000  5.374169e-01 
  688.000  5.654151e-01 
  689.000  5.573663e-01 
  690.000  5.720060e-01 
  691.000  5.910090e-01 
  692.000  6.021897e-01 
  693.000  5.965521e-01 
  694.000  5.886036e-01 
  695.000  5.968677e-01 
  696.000  6.016892e-01 
  697.000  6.219780e-01 
  698.000  6.178648e-01 
  699.000  5.997722e-01 
  700.000  6.028321e-01 
  701.000  5.988432e-01 
  702.000  6.018720e-01 
  703.000  6.171318e-01 
  704.000  6.178502e-01 
  705.000  6.116321e-01 
  706.000  6.129103e-01 
  707.000  6.152099e-01 
  708.000  6.176927e-01 
  709.000  6.227192e-01 
  710.000  6.174740e-01 
  711.000  6.229320e-01 
  712.000  6.275899e-01 
  713.000  6.239346e-01 
  714.000  6.227294e-01 
  715.000  6.167474e-01 
  716.000  6.105188e-01 
  717.000  5.711493e-01 
  718.000  5.471182e-01 
  719.000  5.385144e-01 
  720.000  5.255829e-01 
  721.000  5.827157e-01 
  722.000  6.032575e-01 
  723.000  5.916934e-01 
  724.000  5.589384e-01 
  725.000  5.637875e-01 
  726.000  5.622772e-01 
  727.000  5.669290e-01 
  728.000  5.619019e-01 
  729.000  5.744590e-01 
  730.000  5.723059e-01 
  731.000  5.697021e-01 
  732.000  5.909385e-01 
  733.000  6.113918e-01 
  734.000  6.212846e-01 
  735.000  6.178198e-01 
  736.000  6.113453e-01 
  737.000  6.162537e-01 
  738.000  6.230015e-01 
  739.000  6.259175e-01 
  740.000  6.323751e-01 
  741.000  6.361147e-01 
  742.000  6.376935e-01 
  743.000  6.411499e-01 
  744.000  6.426056e-01 
  745.000  6.438150e-01 
  746.000  6.447716e-01 
  747.000  6.450301e-01 
  748.000  6.458926e-01 
  749.000  6.463699e-01 
  750.000  6.461030e-01 
  751.000  6.462865e-01 
  752.000  6.471345e-01 
  753.000  6.474854e-01 
  754.000  6.477631e-01 
  755.000  6.479456e-01 
  756.000  6.481368e-01 
  757.000  6.482691e-01 
  758.000  6.470814e-01 
  759.000  5.988760e-01 
  760.000  2.537934e-01 
  761.000  2.229410e-01 
  762.000  4.173631e-01 
  763.000  3.555923e-01 
  764.000  3.860543e-01 
  765.000  4.561323e-01 
  766.000  5.421897e-01 
  767.000  5.861794e-01 
  768.000  6.151416e-01 
  769.000  6.343404e-01 
  770.000  6.446373e-01 
  771.000  6.495304e-01 
  772.000  6.507497e-01 
  773.000  6.512971e-01 
  774.000  6.519883e-01 
  775.000  6.524094e-01 
  776.000  6.527130e-01 
  777.000  6.527980e-01 
  778.000  6.527805e-01 
  779.000  6.527526e-01 
  780.000  6.527222e-01 
  781.000  6.530918e-01 
  782.000  6.530500e-01 
  783.000  6.530205e-01 
  784.000  6.527290e-01 
  785.000  6.513134e-01 
  786.000  6.492347e-01 
  787.000  6.443573e-01 
  788.000  6.417990e-01 
  789.000  6.326629e-01 
  790.000  6.318836e-01 
  791.000  6.336148e-01 
  792.000  6.352175e-01 
  793.000  6.389462e-01 
  794.000  6.468546e-01 
  795.000  6.420295e-01 
  796.000  6.291991e-01 
  797.000  6.328704e-01 
  798.000  6.409881e-01 
  799.000  6.391419e-01 
  800.000  6.332433e-01 
  801.000  6.339514e-01 
  802.000  6.333607e-01 
  803.000  6.342297e-01 
  804.000  6.370118e-01 
  805.000  6.423391e-01 
  806.000  6.455243e-01 
  807.000  6.456708e-01 
  808.000  6.438719e-01 
  809.000  6.416599e-01 
  810.000  6.392349e-01 
  811.000  6.342616e-01 
  812.000  6.275733e-01 
  813.000  6.193958e-01 
  814.000  6.086334e-01 
  815.000  5.952830e-01 
  816.000  5.782688e-01 
  817.000  5.791969e-01 
  818.000  5.805794e-01 
  819.000  5.861940e-01 
  820.000  6.049822e-01 
  821.000  6.265384e-01 
  822.000  6.101382e-01 
  823.000  5.648006e-01 
  824.000  6.029788e-01 
  825.000  6.277682e-01 
  826.000  6.235515e-01 
  827.000  6.204162e-01 
  828.000  6.041098e-01 
  829.000  6.099746e-01 
  830.000  6.165634e-01 
  831.000  6.181208e-01 
  832.000  6.188214e-01 
  833.000  6.226351e-01 
  834.000  6.271308e-01 
  835.000  6.360535e-01 
  836.000  6.331938e-01 
  837.000  6.329003e-01 
  838.000  6.372468e-01 
  839.000  6.398900e-01 
  840.000  6.408523e-01 
  841.000  6.379966e-01 
  842.000  6.405690e-01 
  843.000  6.466792e-01 
  844.000  6.494568e-01 
  845.000  6.507536e-01 
  846.000  6.521175e-01 
  847.000  6.536211e-01 
  848.000  6.511492e-01 
  849.000  6.514691e-01 
  850.000  6.502491e-01 
  851.000  6.487955e-01 
  852.000  6.489441e-01 
  853.000  6.513556e-01 
  854.000  6.512296e-01 
  855.000  6.524443e-01 
  856.000  6.548685e-01 
  857.000  6.559190e-01 
  858.000  6.564457e-01 
  859.000  6.577021e-01 
  860.000  6.582945e-01 
  861.000  6.584026e-01 
  862.000  6.587717e-01 
  863.000  6.588244e-01 
  864.000  6.590793e-01 
  865.000  6.592887e-01 
  866.000  6.593481e-01 
  867.000  6.593158e-01 
  868.000  6.593529e-01 
  869.000  6.594260e-01 
  870.000  6.593807e-01 
  871.000  6.594500e-01 
  872.000  6.596124e-01 
  873.000  6.594598e-01 
  874.000  6.593794e-01 
  875.000  6.593641e-01 
  876.000  6.590943e-01 
  877.000  6.589596e-01 
  878.000  6.582392e-01 
  879.000  6.581919e-01 
  880.000  6.575387e-01 
  881.000  6.571542e-01 
  882.000  6.567850e-01 
  883.000  6.571594e-01 
  884.000  6.573119e-01 
  885.000  6.559567e-01 
  886.000  6.541818e-01 
  887.000  6.555200e-01 
  888.000  6.554337e-01 
  889.000  6.558984e-01 
  890.000  6.549059e-01 
  891.000  6.526067e-01 
  892.000  6.477600e-01 
  893.000  6.330775e-01 
  894.000  6.257626e-01 
  895.000  6.036020e-01 
  896.000  5.838092e-01 
  897.000  5.630392e-01 
  898.000  5.533643e-01 
  899.000  5.263605e-01 
  900.000  5.302061e-01 
  901.000  5.232311e-01 
  902.000  5.245700e-01 
  903.000  5.700177e-01 
  904.000  5.980829e-01 
  905.000  5.970978e-01 
  906.000  5.795456e-01 
  907.000  5.487309e-01 
  908.000  5.285755e-01 
  909.000  5.294046e-01 
  910.000  5.324222e-01 
  911.000  5.457889e-01 
  912.000  5.393170e-01 
  913.000  5.113501e-01 
  914.000  5.251556e-01 
  915.000  5.360981e-01 
  916.000  5.390900e-01 
  917.000  5.450770e-01 
  918.000  5.528215e-01 
  919.000  5.792252e-01 
  920.000  5.993400e-01 
  921.000  5.949367e-01 
  922.000  5.945682e-01 
  923.000  5.889618e-01 
  924.000  5.755180e-01 
  925.000  5.743419e-01 
  926.000  5.738514e-01 
  927.000  5.580925e-01 
  928.000  5.340137e-01 
  929.000  4.996084e-01 
  930.000  4.565067e-01 
  931.000  4.092494e-01 
  932.000  3.484953e-01 
  933.000  3.047974e-01 
  934.000  2.612725e-01 
  935.000  2.565956e-01 
  936.000  2.734300e-01 
  937.000  2.692454e-01 
  938.000  3.182154e-01 
  939.000  4.504533e-01 
  940.000  4.708507e-01 
  941.000  4.534568e-01 
  942.000  4.110559e-01 
  943.000  3.420650e-01 
  944.000  3.372426e-01 
  945.000  3.616458e-01 
  946.000  3.631204e-01 
  947.000  3.854212e-01 
  948.000  3.985781e-01 
  949.000  3.969873e-01 
  950.000  4.003998e-01 
  951.000  4.300122e-01 
  952.000  3.986148e-01 
  953.000  4.208421e-01 
  954.000  4.449137e-01 
  955.000  4.256713e-01 
  956.000  4.215904e-01 
  957.000  4.826569e-01 
  958.000  4.907872e-01 
  959.000  4.806668e-01 
  960.000  4.777931e-01 
  961.000  4.727488e-01 
  962.000  4.774871e-01 
  963.000  5.114610e-01 
  964.000  5.164213e-01 
  965.000  5.132341e-01 
  966.000  5.151597e-01 
  967.000  5.396617e-01 
  968.000  5.809006e-01 
  969.000  5.996875e-01 
  970.000  6.007281e-01 
  971.000  6.002883e-01 
  972.000  5.949488e-01 
  973.000  5.826540e-01 
  974.000  5.677419e-01 
  975.000  5.581920e-01 
  976.000  5.698757e-01 
  977.000  5.892568e-01 
  978.000  5.877088e-01 
  979.000  5.927754e-01 
  980.000  6.126639e-01 
  981.000  6.170991e-01 
  982.000  6.126915e-01 
  983.000  6.229448e-01 
  984.000  6.335162e-01 
  985.000  6.395349e-01 
  986.000  6.473085e-01 
  987.000  6.506843e-01 
  988.000  6.514609e-01 
  989.000  6.519573e-01 
  990.000  6.527792e-01 
  991.000  6.556737e-01 
  992.000  6.564946e-01 
  993.000  6.568003e-01 
  994.000  6.592764e-01 
  995.000  6.610593e-01 
  996.000  6.610413e-01 
  997.000  6.599252e-01 
  998.000  6.587207e-01 
  999.000  6.582338e-01 
 1000.000  6.586286e-01 
 1001.000  6.558550e-01 
 1002.000  6.514211e-01 
 1003.000  6.524720e-01 
 1004.000  6.550199e-01 
 1005.000  6.561836e-01 
 1006.000  6.565534e-01 
 1007.000  6.557045e-01 
 1008.000  6.520901e-01 
 1009.000  6.472614e-01 
 1010.000  6.494098e-01 
 1011.000  6.545385e-01 
 1012.000  6.564921e-01 
 1013.000  6.580279e-01 
 1014.000  6.586698e-01 
 1015.000  6.587900e-01 
 1016.000  6.594831e-01 
 1017.000  6.597525e-01 
 1018.000  6.590122e-01 
 1019.000  6.572270e-01 
 1020.000  6.578512e-01 
 1021.000  6.591358e-01 
 1022.000  6.569722e-01 
 1023.000  6.551617e-01 
 1024.000  6.540763e-01 
 1025.000  6.573876e-01 
 1026.000  6.588470e-01 
 1027.000  6.582213e-01 
 1028.000  6.587273e-01 
 1029.000  6.600655e-01 
 1030.000  6.613907e-01 
 1031.000  6.620663e-01 
 1032.000  6.625915e-01 
 1033.000  6.627419e-01 
 1034.000  6.630168e-01 
 1035.000  6.631900e-01 
 1036.000  6.630761e-01 
 1037.000  6.630939e-01 
 1038.000  6.631981e-01 
 1039.000  6.629887e-01 
 1040.000  6.628042e-01 
 1041.000  6.626579e-01 
 1042.000  6.626135e-01 
 1043.000  6.626022e-01 
 1044.000  6.624681e-01 
 1045.000  6.620669e-01 
 1046.000  6.617941e-01 
 1047.000  6.614678e-01 
 1048.000  6.610406e-01 
 1049.000  6.606204e-01 
 1050.000  6.602069e-01 
 1051.000  6.596139e-01 
 1052.000  6.592087e-01 
 1053.000  6.591442e-01 
 1054.000  6.585368e-01 
 1055.000  6.579171e-01 
 1056.000  6.573905e-01 
 1057.000  6.561254e-01 
 1058.000  6.539118e-01 
 1059.000  6.540036e-01 
 1060.000  6.550249e-01 
 1061.000  6.547178e-01 
 1062.000  6.533256e-01 
 1063.000  6.527463e-01 
 1064.000  6.515076e-01 
 1065.000  6.500748e-01 
 1066.000  6.501792e-01 
 1067.000  6.495320e-01 
 1068.000  6.467916e-01 
 1069.000  6.455613e-01 
 1070.000  6.460681e-01 
 1071.000  6.443733e-01 
 1072.000  6.426112e-01 
 1073.000  6.423191e-01 
 1074.000  6.426429e-01 
 1075.000  6.453850e-01 
 1076.000  6.437492e-01 
 1077.000  6.415353e-01 
 1078.000  6.389202e-01 
 1079.000  6.386140e-01 
 1080.000  6.315470e-01 
 1081.000  6.311741e-01 
 1082.000  6.343220e-01 
 1083.000  6.305858e-01 
 1084.000  6.264937e-01 
 1085.000  6.167200e-01 
 1086.000  6.190258e-01 
 1087.000  6.298174e-01 
 1088.000  6.302591e-01 
 1089.000  6.171628e-01 
 1090.000  6.147123e-01 
 1091.000  6.172086e-01 
 1092.000  6.107286e-01 
 1093.000  5.962755e-01 
 1094.000  5.899997e-01 
 1095.000  5.910127e-01 
 1096.000  5.919218e-01 
 1097.000  5.890319e-01 
 1098.000  5.541344e-01 
 1099.000  5.246414e-01 
 1100.000  5.266178e-01 
 1101.000  5.306606e-01 
 1102.000  5.286666e-01 
 1103.000  5.313309e-01 
 1104.000  5.264010e-01 
 1105.000  5.140611e-01 
 1106.000  5.016993e-01 
 1107.000  5.046931e-01 
 1108.000  5.068393e-01 
 1109.000  5.172753e-01 
 1110.000  5.157916e-01 
 1111.000  5.098256e-01 
 1112.000  4.838907e-01 
 1113.000  4.486763e-01 
 1114.000  4.388553e-01 
 1115.000  3.963528e-01 
 1116.000  3.705042e-01 
 1117.000  3.125261e-01 
 1118.000  2.610351e-01 
 1119.000  2.343299e-01 
 1120.000  2.023849e-01 
 1121.000  1.953885e-01 
 1122.000  1.639999e-01 
 1123.000  1.805881e-01 
 1124.000  1.919799e-01 
 1125.000  1.858902e-01 
 1126.000  1.835214e-01 
 1127.000  1.863061e-01 
 1128.000  1.917013e-01 
 1129.000  2.235848e-01 
 1130.000  3.012198e-01 
 1131.000  3.245364e-01 
 1132.000  2.925985e-01 
 1133.000  2.365735e-01 
 1134.000  1.424321e-01 
 1135.000  1.492456e-01 
 1136.000  2.448963e-01 
 1137.000  3.011774e-01 
 1138.000  3.581420e-01 
 1139.000  3.764157e-01 
 1140.000  3.653921e-01 
 1141.000  3.434252e-01 
 1142.000  3.356069e-01 
 1143.000  3.113852e-01 
 1144.000  2.846895e-01 
 1145.000  2.469801e-01 
 1146.000  2.558108e-01 
 1147.000  2.854512e-01 
 1148.000  3.123429e-01 
 1149.000  3.234903e-01 
 1150.000  3.244172e-01 
