  320.000  2.834464e-01 
  321.000  3.361858e-01 
  322.000  3.156804e-01 
  323.000  3.416271e-01 
  324.000  3.672861e-01 
  325.000  3.482011e-01 
  326.000  3.794328e-01 
  327.000  3.880669e-01 
  328.000  3.693760e-01 
  329.000  4.051148e-01 
  330.000  4.107276e-01 
  331.000  3.996085e-01 
  332.000  4.210306e-01 
  333.000  4.272406e-01 
  334.000  4.221430e-01 
  335.000  4.377232e-01 
  336.000  4.440055e-01 
  337.000  4.413599e-01 
  338.000  4.487093e-01 
  339.000  4.562722e-01 
  340.000  4.550308e-01 
  341.000  4.623568e-01 
  342.000  4.677013e-01 
  343.000  4.703816e-01 
  344.000  4.709289e-01 
  345.000  4.781462e-01 
  346.000  4.826931e-01 
  347.000  4.863943e-01 
  348.000  4.898562e-01 
  349.000  4.937394e-01 
  350.000  4.970538e-01 
  351.000  5.003506e-01 
  352.000  5.030520e-01 
  353.000  5.068882e-01 
  354.000  5.101494e-01 
  355.000  5.131803e-01 
  356.000  5.161301e-01 
  357.000  5.187524e-01 
  358.000  5.215708e-01 
  359.000  5.243832e-01 
  360.000  5.272601e-01 
  361.000  5.308897e-01 
  362.000  5.346634e-01 
  363.000  5.381338e-01 
  364.000  5.413232e-01 
  365.000  5.443112e-01 
  366.000  5.473626e-01 
  367.000  5.502644e-01 
  368.000  5.531365e-01 
  369.000  5.559804e-01 
  370.000  5.587918e-01 
  371.000  5.615779e-01 
  372.000  5.643378e-01 
  373.000  5.670714e-01 
  374.000  5.697579e-01 
  375.000  5.723897e-01 
  376.000  5.749295e-01 
  377.000  5.773274e-01 
  378.000  5.795527e-01 
  379.000  5.818116e-01 
  380.000  5.842936e-01 
  381.000  5.871159e-01 
  382.000  5.900372e-01 
  383.000  5.927963e-01 
  384.000  5.954108e-01 
  385.000  5.979272e-01 
  386.000  6.003764e-01 
  387.000  6.027836e-01 
  388.000  6.051576e-01 
  389.000  6.075096e-01 
  390.000  6.098403e-01 
  391.000  6.121448e-01 
  392.000  6.144298e-01 
  393.000  6.166938e-01 
  394.000  6.189345e-01 
  395.000  6.211500e-01 
  396.000  6.233491e-01 
  397.000  6.255206e-01 
  398.000  6.276700e-01 
  399.000  6.297991e-01 
  400.000  6.318969e-01 
  401.000  6.339846e-01 
  402.000  6.360536e-01 
  403.000  6.381029e-01 
  404.000  6.401323e-01 
  405.000  6.421376e-01 
  406.000  6.441278e-01 
  407.000  6.461006e-01 
  408.000  6.480545e-01 
  409.000  6.499876e-01 
  410.000  6.519007e-01 
  411.000  6.537932e-01 
  412.000  6.556640e-01 
  413.000  6.575224e-01 
  414.000  6.592461e-01 
  415.000  6.611094e-01 
  416.000  6.629476e-01 
  417.000  6.647537e-01 
  418.000  6.665169e-01 
  419.000  6.682593e-01 
  420.000  6.699847e-01 
  421.000  6.716986e-01 
  422.000  6.734005e-01 
  423.000  6.750886e-01 
  424.000  6.767556e-01 
  425.000  6.783832e-01 
  426.000  6.799939e-01 
  427.000  6.815892e-01 
  428.000  6.831552e-01 
  429.000  6.846982e-01 
  430.000  6.862224e-01 
  431.000  6.877341e-01 
  432.000  6.892292e-01 
  433.000  6.907092e-01 
  434.000  6.921757e-01 
  435.000  6.936271e-01 
  436.000  6.950614e-01 
  437.000  6.964792e-01 
  438.000  6.978801e-01 
  439.000  6.992694e-01 
  440.000  7.006354e-01 
  441.000  7.019835e-01 
  442.000  7.033094e-01 
  443.000  7.046147e-01 
  444.000  7.058987e-01 
  445.000  7.071545e-01 
  446.000  7.083747e-01 
  447.000  7.096539e-01 
  448.000  7.110246e-01 
  449.000  7.124112e-01 
  450.000  7.137704e-01 
  451.000  7.150757e-01 
  452.000  7.163347e-01 
  453.000  7.175673e-01 
  454.000  7.187771e-01 
  455.000  7.199160e-01 
  456.000  7.209626e-01 
  457.000  7.220090e-01 
  458.000  7.230409e-01 
  459.000  7.240505e-01 
  460.000  7.250516e-01 
  461.000  7.260417e-01 
  462.000  7.270126e-01 
  463.000  7.279789e-01 
  464.000  7.292364e-01 
  465.000  7.304744e-01 
  466.000  7.316899e-01 
  467.000  7.328768e-01 
  468.000  7.338431e-01 
  469.000  7.346750e-01 
  470.000  7.354399e-01 
  471.000  7.361282e-01 
  472.000  7.367125e-01 
  473.000  7.371219e-01 
  474.000  7.374581e-01 
  475.000  7.375445e-01 
  476.000  7.373781e-01 
  477.000  7.373746e-01 
  478.000  7.383471e-01 
  479.000  7.398266e-01 
  480.000  7.414226e-01 
  481.000  7.428535e-01 
  482.000  7.441947e-01 
  483.000  7.453601e-01 
  484.000  7.463613e-01 
  485.000  7.472563e-01 
  486.000  7.482105e-01 
  487.000  7.492146e-01 
  488.000  7.501860e-01 
  489.000  7.511392e-01 
  490.000  7.520807e-01 
  491.000  7.528177e-01 
  492.000  7.534913e-01 
  493.000  7.541613e-01 
  494.000  7.548122e-01 
  495.000  7.554629e-01 
  496.000  7.557981e-01 
  497.000  7.561206e-01 
  498.000  7.564383e-01 
  499.000  7.567388e-01 
  500.000  7.570345e-01 
  501.000  7.572974e-01 
  502.000  7.575603e-01 
  503.000  7.578198e-01 
  504.000  7.580674e-01 
  505.000  7.583014e-01 
  506.000  7.589867e-01 
  507.000  7.596918e-01 
  508.000  7.603955e-01 
  509.000  7.610909e-01 
  510.000  7.617714e-01 
  511.000  7.623813e-01 
  512.000  7.629701e-01 
  513.000  7.635553e-01 
  514.000  7.641332e-01 
  515.000  7.647058e-01 
  516.000  7.651148e-01 
  517.000  7.653769e-01 
  518.000  7.656319e-01 
  519.000  7.658819e-01 
  520.000  7.661296e-01 
  521.000  7.663513e-01 
  522.000  7.665113e-01 
  523.000  7.666266e-01 
  524.000  7.667457e-01 
  525.000  7.668397e-01 
  526.000  7.669715e-01 
  527.000  7.669926e-01 
  528.000  7.669691e-01 
  529.000  7.669442e-01 
  530.000  7.669249e-01 
  531.000  7.669090e-01 
  532.000  7.669446e-01 
  533.000  7.672659e-01 
  534.000  7.676715e-01 
  535.000  7.681292e-01 
  536.000  7.685716e-01 
  537.000  7.689763e-01 
  538.000  7.693380e-01 
  539.000  7.696732e-01 
  540.000  7.699875e-01 
  541.000  7.702926e-01 
  542.000  7.705844e-01 
  543.000  7.708658e-01 
  544.000  7.710785e-01 
  545.000  7.712353e-01 
  546.000  7.713848e-01 
  547.000  7.715385e-01 
  548.000  7.716845e-01 
  549.000  7.718282e-01 
  550.000  7.718979e-01 
  551.000  7.718942e-01 
  552.000  7.718933e-01 
  553.000  7.718773e-01 
  554.000  7.718544e-01 
  555.000  7.718274e-01 
  556.000  7.717726e-01 
  557.000  7.716697e-01 
  558.000  7.715585e-01 
  559.000  7.714343e-01 
  560.000  7.712786e-01 
  561.000  7.710940e-01 
  562.000  7.706714e-01 
  563.000  7.704412e-01 
  564.000  7.701325e-01 
  565.000  7.696493e-01 
  566.000  7.693614e-01 
  567.000  7.682456e-01 
  568.000  7.646463e-01 
  569.000  7.568225e-01 
  570.000  7.579990e-01 
  571.000  7.635132e-01 
  572.000  7.581518e-01 
  573.000  7.595422e-01 
  574.000  7.598907e-01 
  575.000  7.595436e-01 
  576.000  7.597386e-01 
  577.000  7.616222e-01 
  578.000  7.640345e-01 
  579.000  7.660062e-01 
  580.000  7.676510e-01 
  581.000  7.701250e-01 
  582.000  7.717381e-01 
  583.000  7.726471e-01 
  584.000  7.734897e-01 
  585.000  7.740894e-01 
  586.000  7.747176e-01 
  587.000  7.725837e-01 
  588.000  7.618890e-01 
  589.000  7.450742e-01 
  590.000  7.441720e-01 
  591.000  7.558994e-01 
  592.000  7.498942e-01 
  593.000  7.632513e-01 
  594.000  7.604754e-01 
  595.000  7.513263e-01 
  596.000  7.643185e-01 
  597.000  7.611755e-01 
  598.000  7.663439e-01 
  599.000  7.683122e-01 
  600.000  7.729660e-01 
  601.000  7.760139e-01 
  602.000  7.768565e-01 
  603.000  7.782127e-01 
  604.000  7.796925e-01 
  605.000  7.806975e-01 
  606.000  7.813924e-01 
  607.000  7.820624e-01 
  608.000  7.826861e-01 
  609.000  7.832814e-01 
  610.000  7.838951e-01 
  611.000  7.845763e-01 
  612.000  7.852434e-01 
  613.000  7.858895e-01 
  614.000  7.865164e-01 
  615.000  7.871415e-01 
  616.000  7.877436e-01 
  617.000  7.883122e-01 
  618.000  7.887887e-01 
  619.000  7.891918e-01 
  620.000  7.895650e-01 
  621.000  7.898855e-01 
  622.000  7.901533e-01 
  623.000  7.903325e-01 
  624.000  7.905228e-01 
  625.000  7.906809e-01 
  626.000  7.902888e-01 
  627.000  7.859119e-01 
  628.000  7.633464e-01 
  629.000  7.765879e-01 
  630.000  7.804632e-01 
  631.000  7.848079e-01 
  632.000  7.833351e-01 
  633.000  7.895142e-01 
  634.000  7.922933e-01 
  635.000  7.932870e-01 
  636.000  7.950811e-01 
  637.000  7.964949e-01 
  638.000  7.995046e-01 
  639.000  8.004214e-01 
  640.000  8.023453e-01 
  641.000  8.031154e-01 
  642.000  8.045458e-01 
  643.000  8.036012e-01 
  644.000  8.041955e-01 
  645.000  8.024931e-01 
  646.000  7.934672e-01 
  647.000  7.873165e-01 
  648.000  7.803968e-01 
  649.000  7.871969e-01 
  650.000  7.999439e-01 
  651.000  8.002957e-01 
  652.000  7.897314e-01 
  653.000  8.026511e-01 
  654.000  8.016282e-01 
  655.000  7.974091e-01 
  656.000  7.993700e-01 
  657.000  8.022082e-01 
  658.000  8.068624e-01 
  659.000  8.097255e-01 
  660.000  8.111757e-01 
  661.000  8.147179e-01 
  662.000  8.164775e-01 
  663.000  8.165689e-01 
  664.000  8.174711e-01 
  665.000  8.182869e-01 
  666.000  8.192503e-01 
  667.000  8.200577e-01 
  668.000  8.210016e-01 
  669.000  8.216568e-01 
  670.000  8.222287e-01 
  671.000  8.228350e-01 
  672.000  8.233693e-01 
  673.000  8.238925e-01 
  674.000  8.244106e-01 
  675.000  8.249298e-01 
  676.000  8.254152e-01 
  677.000  8.258620e-01 
  678.000  8.263104e-01 
  679.000  8.266646e-01 
  680.000  8.266113e-01 
  681.000  8.264389e-01 
  682.000  8.266543e-01 
  683.000  8.266940e-01 
  684.000  8.260882e-01 
  685.000  8.270714e-01 
  686.000  8.240296e-01 
  687.000  7.214520e-01 
  688.000  7.538540e-01 
  689.000  7.444149e-01 
  690.000  7.612961e-01 
  691.000  7.827903e-01 
  692.000  7.948719e-01 
  693.000  7.864380e-01 
  694.000  7.755926e-01 
  695.000  7.856039e-01 
  696.000  7.914529e-01 
  697.000  8.167686e-01 
  698.000  8.115160e-01 
  699.000  7.887384e-01 
  700.000  7.925112e-01 
  701.000  7.874348e-01 
  702.000  7.911686e-01 
  703.000  8.102387e-01 
  704.000  8.110685e-01 
  705.000  8.032129e-01 
  706.000  8.047584e-01 
  707.000  8.075842e-01 
  708.000  8.106390e-01 
  709.000  8.168795e-01 
  710.000  8.102531e-01 
  711.000  8.170339e-01 
  712.000  8.228105e-01 
  713.000  8.181799e-01 
  714.000  8.166186e-01 
  715.000  8.090706e-01 
  716.000  8.012171e-01 
  717.000  7.517739e-01 
  718.000  7.215086e-01 
  719.000  7.106277e-01 
  720.000  6.942654e-01 
  721.000  7.660749e-01 
  722.000  7.917698e-01 
  723.000  7.772139e-01 
  724.000  7.360330e-01 
  725.000  7.420830e-01 
  726.000  7.401440e-01 
  727.000  7.459484e-01 
  728.000  7.395911e-01 
  729.000  7.553206e-01 
  730.000  7.525729e-01 
  731.000  7.492582e-01 
  732.000  7.758597e-01 
  733.000  8.014304e-01 
  734.000  8.137600e-01 
  735.000  8.093837e-01 
  736.000  8.012493e-01 
  737.000  8.073593e-01 
  738.000  8.157669e-01 
  739.000  8.193808e-01 
  740.000  8.274187e-01 
  741.000  8.320587e-01 
  742.000  8.339993e-01 
  743.000  8.382847e-01 
  744.000  8.401725e-01 
  745.000  8.416744e-01 
  746.000  8.428147e-01 
  747.000  8.430905e-01 
  748.000  8.441175e-01 
  749.000  8.446329e-01 
  750.000  8.443238e-01 
  751.000  8.445084e-01 
  752.000  8.454279e-01 
  753.000  8.458012e-01 
  754.000  8.460920e-01 
  755.000  8.462758e-01 
  756.000  8.464693e-01 
  757.000  8.466027e-01 
  758.000  8.453410e-01 
  759.000  7.904927e-01 
  760.000  3.763201e-01 
  761.000  3.364211e-01 
  762.000  5.784811e-01 
  763.000  5.036657e-01 
  764.000  5.407392e-01 
  765.000  6.245998e-01 
  766.000  7.252326e-01 
  767.000  7.758065e-01 
  768.000  8.088113e-01 
  769.000  8.305650e-01 
  770.000  8.420157e-01 
  771.000  8.476301e-01 
  772.000  8.489901e-01 
  773.000  8.496048e-01 
  774.000  8.503379e-01 
  775.000  8.507626e-01 
  776.000  8.510711e-01 
  777.000  8.511474e-01 
  778.000  8.511136e-01 
  779.000  8.510709e-01 
  780.000  8.510265e-01 
  781.000  8.514299e-01 
  782.000  8.513727e-01 
  783.000  8.513293e-01 
  784.000  8.510056e-01 
  785.000  8.492308e-01 
  786.000  8.464813e-01 
  787.000  8.403783e-01 
  788.000  8.371674e-01 
  789.000  8.257464e-01 
  790.000  8.247543e-01 
  791.000  8.268957e-01 
  792.000  8.288758e-01 
  793.000  8.335081e-01 
  794.000  8.433524e-01 
  795.000  8.373150e-01 
  796.000  8.212848e-01 
  797.000  8.258485e-01 
  798.000  8.359580e-01 
  799.000  8.336355e-01 
  800.000  8.262569e-01 
  801.000  8.271220e-01 
  802.000  8.263661e-01 
  803.000  8.274317e-01 
  804.000  8.308836e-01 
  805.000  8.375093e-01 
  806.000  8.414620e-01 
  807.000  8.416259e-01 
  808.000  8.393651e-01 
  809.000  8.365895e-01 
  810.000  8.335493e-01 
  811.000  8.273308e-01 
  812.000  8.189725e-01 
  813.000  8.087524e-01 
  814.000  7.952985e-01 
  815.000  7.786033e-01 
  816.000  7.572944e-01 
  817.000  7.584468e-01 
  818.000  7.601631e-01 
  819.000  7.671712e-01 
  820.000  7.906505e-01 
  821.000  8.175572e-01 
  822.000  7.970618e-01 
  823.000  7.403044e-01 
  824.000  7.880810e-01 
  825.000  8.190236e-01 
  826.000  8.137376e-01 
  827.000  8.098086e-01 
  828.000  7.894261e-01 
  829.000  7.967402e-01 
  830.000  8.049536e-01 
  831.000  8.068807e-01 
  832.000  8.077345e-01 
  833.000  8.124773e-01 
  834.000  8.180686e-01 
  835.000  8.291784e-01 
  836.000  8.255955e-01 
  837.000  8.252121e-01 
  838.000  8.306159e-01 
  839.000  8.338944e-01 
  840.000  8.350787e-01 
  841.000  8.315038e-01 
  842.000  8.346950e-01 
  843.000  8.422934e-01 
  844.000  8.457376e-01 
  845.000  8.473376e-01 
  846.000  8.490213e-01 
  847.000  8.508790e-01 
  848.000  8.477865e-01 
  849.000  8.481709e-01 
  850.000  8.466377e-01 
  851.000  8.448133e-01 
  852.000  8.449845e-01 
  853.000  8.479734e-01 
  854.000  8.478023e-01 
  855.000  8.493007e-01 
  856.000  8.524275e-01 
  857.000  8.536943e-01 
  858.000  8.543811e-01 
  859.000  8.558794e-01 
  860.000  8.566056e-01 
  861.000  8.567202e-01 
  862.000  8.571265e-01 
  863.000  8.571791e-01 
  864.000  8.574576e-01 
  865.000  8.576853e-01 
  866.000  8.577455e-01 
  867.000  8.577037e-01 
  868.000  8.577391e-01 
  869.000  8.578145e-01 
  870.000  8.577583e-01 
  871.000  8.578296e-01 
  872.000  8.580045e-01 
  873.000  8.578290e-01 
  874.000  8.577337e-01 
  875.000  8.577110e-01 
  876.000  8.574051e-01 
  877.000  8.572648e-01 
  878.000  8.563012e-01 
  879.000  8.562351e-01 
  880.000  8.554022e-01 
  881.000  8.549262e-01 
  882.000  8.544903e-01 
  883.000  8.549117e-01 
  884.000  8.550860e-01 
  885.000  8.533800e-01 
  886.000  8.510568e-01 
  887.000  8.528790e-01 
  888.000  8.527642e-01 
  889.000  8.532657e-01 
  890.000  8.519153e-01 
  891.000  8.490407e-01 
  892.000  8.429931e-01 
  893.000  8.246788e-01 
  894.000  8.155489e-01 
  895.000  7.878621e-01 
  896.000  7.631074e-01 
  897.000  7.371010e-01 
  898.000  7.249698e-01 
  899.000  6.910413e-01 
  900.000  6.958758e-01 
  901.000  6.870898e-01 
  902.000  6.887506e-01 
  903.000  7.457968e-01 
  904.000  7.809194e-01 
  905.000  7.796680e-01 
  906.000  7.576897e-01 
  907.000  7.190461e-01 
  908.000  6.937212e-01 
  909.000  6.947613e-01 
  910.000  6.985479e-01 
  911.000  7.153322e-01 
  912.000  7.071933e-01 
  913.000  6.720083e-01 
  914.000  6.893713e-01 
  915.000  7.031123e-01 
  916.000  7.068561e-01 
  917.000  7.143577e-01 
  918.000  7.240612e-01 
  919.000  7.571418e-01 
  920.000  7.822879e-01 
  921.000  7.767633e-01 
  922.000  7.762889e-01 
  923.000  7.692643e-01 
  924.000  7.524263e-01 
  925.000  7.509551e-01 
  926.000  7.503670e-01 
  927.000  7.306436e-01 
  928.000  7.004664e-01 
  929.000  6.572485e-01 
  930.000  6.029213e-01 
  931.000  5.430924e-01 
  932.000  4.658327e-01 
  933.000  4.098098e-01 
  934.000  3.536160e-01 
  935.000  3.475749e-01 
  936.000  3.694002e-01 
  937.000  3.639399e-01 
  938.000  4.269910e-01 
  939.000  5.955307e-01 
  940.000  6.212915e-01 
  941.000  5.992650e-01 
  942.000  5.454789e-01 
  943.000  4.574604e-01 
  944.000  4.513007e-01 
  945.000  4.825539e-01 
  946.000  4.844100e-01 
  947.000  5.128224e-01 
  948.000  5.295559e-01 
  949.000  5.275001e-01 
  950.000  5.318273e-01 
  951.000  5.694247e-01 
  952.000  5.294952e-01 
  953.000  5.577106e-01 
  954.000  5.881911e-01 
  955.000  5.637578e-01 
  956.000  5.585152e-01 
  957.000  6.357501e-01 
  958.000  6.459617e-01 
  959.000  6.331581e-01 
  960.000  6.295017e-01 
  961.000  6.231091e-01 
  962.000  6.290678e-01 
  963.000  6.718658e-01 
  964.000  6.780859e-01 
  965.000  6.740522e-01 
  966.000  6.764507e-01 
  967.000  7.072218e-01 
  968.000  7.588887e-01 
  969.000  7.823643e-01 
  970.000  7.836508e-01 
  971.000  7.830935e-01 
  972.000  7.764161e-01 
  973.000  7.610360e-01 
  974.000  7.423607e-01 
  975.000  7.303870e-01 
  976.000  7.450216e-01 
  977.000  7.692711e-01 
  978.000  7.673213e-01 
  979.000  7.736425e-01 
  980.000  7.984803e-01 
  981.000  8.040048e-01 
  982.000  7.984885e-01 
  983.000  8.112731e-01 
  984.000  8.244467e-01 
  985.000  8.319386e-01 
  986.000  8.416135e-01 
  987.000  8.458078e-01 
  988.000  8.467658e-01 
  989.000  8.473754e-01 
  990.000  8.483913e-01 
  991.000  8.519877e-01 
  992.000  8.530027e-01 
  993.000  8.533764e-01 
  994.000  8.566226e-01 
  995.000  8.587793e-01 
  996.000  8.587521e-01 
  997.000  8.573415e-01 
  998.000  8.557350e-01 
  999.000  8.551230e-01 
 1000.000  8.556084e-01 
 1001.000  8.521500e-01 
 1002.000  8.466237e-01 
 1003.000  8.479261e-01 
 1004.000  8.510923e-01 
 1005.000  8.525349e-01 
 1006.000  8.529995e-01 
 1007.000  8.519378e-01 
 1008.000  8.474338e-01 
 1009.000  8.414188e-01 
 1010.000  8.440917e-01 
 1011.000  8.504766e-01 
 1012.000  8.529065e-01 
 1013.000  8.548193e-01 
 1014.000  8.556177e-01 
 1015.000  8.557696e-01 
 1016.000  8.566331e-01 
 1017.000  8.571327e-01 
 1018.000  8.560492e-01 
 1019.000  8.538275e-01 
 1020.000  8.546072e-01 
 1021.000  8.562078e-01 
 1022.000  8.535214e-01 
 1023.000  8.512744e-01 
 1024.000  8.499309e-01 
 1025.000  8.540578e-01 
 1026.000  8.558846e-01 
 1027.000  8.551131e-01 
 1028.000  8.557565e-01 
 1029.000  8.575289e-01 
 1030.000  8.591956e-01 
 1031.000  8.600607e-01 
 1032.000  8.607361e-01 
 1033.000  8.609246e-01 
 1034.000  8.613291e-01 
 1035.000  8.615235e-01 
 1036.000  8.614260e-01 
 1037.000  8.614699e-01 
 1038.000  8.615887e-01 
 1039.000  8.613635e-01 
 1040.000  8.611715e-01 
 1041.000  8.610198e-01 
 1042.000  8.609779e-01 
 1043.000  8.609751e-01 
 1044.000  8.608416e-01 
 1045.000  8.604159e-01 
 1046.000  8.601308e-01 
 1047.000  8.597942e-01 
 1048.000  8.593786e-01 
 1049.000  8.589749e-01 
 1050.000  8.585243e-01 
 1051.000  8.578536e-01 
 1052.000  8.574420e-01 
 1053.000  8.574030e-01 
 1054.000  8.567405e-01 
 1055.000  8.560657e-01 
 1056.000  8.555226e-01 
 1057.000  8.540838e-01 
 1058.000  8.513930e-01 
 1059.000  8.515975e-01 
 1060.000  8.530149e-01 
 1061.000  8.527002e-01 
 1062.000  8.509970e-01 
 1063.000  8.503730e-01 
 1064.000  8.489116e-01 
 1065.000  8.471993e-01 
 1066.000  8.473365e-01 
 1067.000  8.463459e-01 
 1068.000  8.428558e-01 
 1069.000  8.411138e-01 
 1070.000  8.415820e-01 
 1071.000  8.393143e-01 
 1072.000  8.369988e-01 
 1073.000  8.365137e-01 
 1074.000  8.367963e-01 
 1075.000  8.401034e-01 
 1076.000  8.379565e-01 
 1077.000  8.350962e-01 
 1078.000  8.317420e-01 
 1079.000  8.312703e-01 
 1080.000  8.223820e-01 
 1081.000  8.218476e-01 
 1082.000  8.257135e-01 
 1083.000  8.209876e-01 
 1084.000  8.158271e-01 
 1085.000  8.035750e-01 
 1086.000  8.064060e-01 
 1087.000  8.198320e-01 
 1088.000  8.203389e-01 
 1089.000  8.039591e-01 
 1090.000  8.008619e-01 
 1091.000  8.039448e-01 
 1092.000  7.958134e-01 
 1093.000  7.777329e-01 
 1094.000  7.698629e-01 
 1095.000  7.711108e-01 
 1096.000  7.722372e-01 
 1097.000  7.686012e-01 
 1098.000  7.248921e-01 
 1099.000  6.878566e-01 
 1100.000  6.903261e-01 
 1101.000  6.953961e-01 
 1102.000  6.928762e-01 
 1103.000  6.962242e-01 
 1104.000  6.900380e-01 
 1105.000  6.745246e-01 
 1106.000  6.589575e-01 
 1107.000  6.627321e-01 
 1108.000  6.654485e-01 
 1109.000  6.786092e-01 
 1110.000  6.767901e-01 
 1111.000  6.693063e-01 
 1112.000  6.366772e-01 
 1113.000  5.923139e-01 
 1114.000  5.800191e-01 
 1115.000  5.262381e-01 
 1116.000  4.933904e-01 
 1117.000  4.192242e-01 
 1118.000  3.529362e-01 
 1119.000  3.184153e-01 
 1120.000  2.768032e-01 
 1121.000  2.676680e-01 
 1122.000  2.263506e-01 
 1123.000  2.483047e-01 
 1124.000  2.633181e-01 
 1125.000  2.553011e-01 
 1126.000  2.521661e-01 
 1127.000  2.557876e-01 
 1128.000  2.628173e-01 
 1129.000  3.045065e-01 
 1130.000  4.051827e-01 
 1131.000  4.351919e-01 
 1132.000  3.940991e-01 
 1133.000  3.214376e-01 
 1134.000  1.976257e-01 
 1135.000  2.066658e-01 
 1136.000  3.321875e-01 
 1137.000  4.049933e-01 
 1138.000  4.780035e-01 
 1139.000  5.011588e-01 
 1140.000  4.870813e-01 
 1141.000  4.589152e-01 
 1142.000  4.489175e-01 
 1143.000  4.178544e-01 
 1144.000  3.834561e-01 
 1145.000  3.346532e-01 
 1146.000  3.461102e-01 
 1147.000  3.844422e-01 
 1148.000  4.190679e-01 
 1149.000  4.333493e-01 
 1150.000  4.344502e-01 
