  320.000  2.092322e-01 
  321.000  2.545025e-01 
  322.000  2.367664e-01 
  323.000  2.592363e-01 
  324.000  2.817069e-01 
  325.000  2.649704e-01 
  326.000  2.924265e-01 
  327.000  3.000771e-01 
  328.000  2.835475e-01 
  329.000  3.152569e-01 
  330.000  3.202755e-01 
  331.000  3.103434e-01 
  332.000  3.295141e-01 
  333.000  3.350989e-01 
  334.000  3.305136e-01 
  335.000  3.445531e-01 
  336.000  3.502353e-01 
  337.000  3.478409e-01 
  338.000  3.544974e-01 
  339.000  3.613641e-01 
  340.000  3.602359e-01 
  341.000  3.669009e-01 
  342.000  3.717731e-01 
  343.000  3.742196e-01 
  344.000  3.747195e-01 
  345.000  3.813187e-01 
  346.000  3.854837e-01 
  347.000  3.888784e-01 
  348.000  3.920572e-01 
  349.000  3.956265e-01 
  350.000  3.986765e-01 
  351.000  4.017131e-01 
  352.000  4.042035e-01 
  353.000  4.077436e-01 
  354.000  4.107561e-01 
  355.000  4.135585e-01 
  356.000  4.162882e-01 
  357.000  4.187168e-01 
  358.000  4.213291e-01 
  359.000  4.239379e-01 
  360.000  4.266086e-01 
  361.000  4.299811e-01 
  362.000  4.334912e-01 
  363.000  4.367224e-01 
  364.000  4.396947e-01 
  365.000  4.424816e-01 
  366.000  4.453301e-01 
  367.000  4.480410e-01 
  368.000  4.507263e-01 
  369.000  4.533873e-01 
  370.000  4.560197e-01 
  371.000  4.586304e-01 
  372.000  4.612186e-01 
  373.000  4.637838e-01 
  374.000  4.663067e-01 
  375.000  4.687800e-01 
  376.000  4.711682e-01 
  377.000  4.734246e-01 
  378.000  4.755197e-01 
  379.000  4.776478e-01 
  380.000  4.799873e-01 
  381.000  4.826495e-01 
  382.000  4.854070e-01 
  383.000  4.880133e-01 
  384.000  4.904846e-01 
  385.000  4.928647e-01 
  386.000  4.951827e-01 
  387.000  4.974623e-01 
  388.000  4.997118e-01 
  389.000  5.019417e-01 
  390.000  5.041527e-01 
  391.000  5.063401e-01 
  392.000  5.085102e-01 
  393.000  5.106614e-01 
  394.000  5.127916e-01 
  395.000  5.148992e-01 
  396.000  5.169922e-01 
  397.000  5.190598e-01 
  398.000  5.211076e-01 
  399.000  5.231372e-01 
  400.000  5.251376e-01 
  401.000  5.271296e-01 
  402.000  5.291047e-01 
  403.000  5.310619e-01 
  404.000  5.330009e-01 
  405.000  5.349180e-01 
  406.000  5.368213e-01 
  407.000  5.387090e-01 
  408.000  5.405794e-01 
  409.000  5.424306e-01 
  410.000  5.442635e-01 
  411.000  5.460776e-01 
  412.000  5.478715e-01 
  413.000  5.496543e-01 
  414.000  5.513086e-01 
  415.000  5.530975e-01 
  416.000  5.548631e-01 
  417.000  5.565985e-01 
  418.000  5.582935e-01 
  419.000  5.599690e-01 
  420.000  5.616288e-01 
  421.000  5.632782e-01 
  422.000  5.649167e-01 
  423.000  5.665425e-01 
  424.000  5.681486e-01 
  425.000  5.697172e-01 
  426.000  5.712701e-01 
  427.000  5.728088e-01 
  428.000  5.743196e-01 
  429.000  5.758089e-01 
  430.000  5.772803e-01 
  431.000  5.787404e-01 
  432.000  5.801847e-01 
  433.000  5.816149e-01 
  434.000  5.830326e-01 
  435.000  5.844361e-01 
  436.000  5.858234e-01 
  437.000  5.871952e-01 
  438.000  5.885511e-01 
  439.000  5.898961e-01 
  440.000  5.912191e-01 
  441.000  5.925249e-01 
  442.000  5.938098e-01 
  443.000  5.950749e-01 
  444.000  5.963198e-01 
  445.000  5.975376e-01 
  446.000  5.987213e-01 
  447.000  5.999624e-01 
  448.000  6.012927e-01 
  449.000  6.026389e-01 
  450.000  6.039588e-01 
  451.000  6.052268e-01 
  452.000  6.064500e-01 
  453.000  6.076480e-01 
  454.000  6.088240e-01 
  455.000  6.099314e-01 
  456.000  6.109493e-01 
  457.000  6.119672e-01 
  458.000  6.129712e-01 
  459.000  6.139537e-01 
  460.000  6.149282e-01 
  461.000  6.158922e-01 
  462.000  6.168377e-01 
  463.000  6.177788e-01 
  464.000  6.190039e-01 
  465.000  6.202102e-01 
  466.000  6.213950e-01 
  467.000  6.225520e-01 
  468.000  6.234944e-01 
  469.000  6.243058e-01 
  470.000  6.250518e-01 
  471.000  6.257233e-01 
  472.000  6.262934e-01 
  473.000  6.266930e-01 
  474.000  6.270211e-01 
  475.000  6.271054e-01 
  476.000  6.269429e-01 
  477.000  6.269396e-01 
  478.000  6.278887e-01 
  479.000  6.293331e-01 
  480.000  6.308917e-01 
  481.000  6.322894e-01 
  482.000  6.336000e-01 
  483.000  6.347390e-01 
  484.000  6.357177e-01 
  485.000  6.365929e-01 
  486.000  6.375260e-01 
  487.000  6.385081e-01 
  488.000  6.394584e-01 
  489.000  6.403911e-01 
  490.000  6.413125e-01 
  491.000  6.420340e-01 
  492.000  6.426934e-01 
  493.000  6.433494e-01 
  494.000  6.439868e-01 
  495.000  6.446241e-01 
  496.000  6.449524e-01 
  497.000  6.452682e-01 
  498.000  6.455794e-01 
  499.000  6.458738e-01 
  500.000  6.461636e-01 
  501.000  6.464211e-01 
  502.000  6.466787e-01 
  503.000  6.469330e-01 
  504.000  6.471756e-01 
  505.000  6.474049e-01 
  506.000  6.480766e-01 
  507.000  6.487676e-01 
  508.000  6.494575e-01 
  509.000  6.501393e-01 
  510.000  6.508065e-01 
  511.000  6.514046e-01 
  512.000  6.519821e-01 
  513.000  6.525562e-01 
  514.000  6.531231e-01 
  515.000  6.536849e-01 
  516.000  6.540862e-01 
  517.000  6.543435e-01 
  518.000  6.545936e-01 
  519.000  6.548390e-01 
  520.000  6.550820e-01 
  521.000  6.552997e-01 
  522.000  6.554567e-01 
  523.000  6.555699e-01 
  524.000  6.556869e-01 
  525.000  6.557791e-01 
  526.000  6.559084e-01 
  527.000  6.559292e-01 
  528.000  6.559061e-01 
  529.000  6.558817e-01 
  530.000  6.558627e-01 
  531.000  6.558471e-01 
  532.000  6.558821e-01 
  533.000  6.561974e-01 
  534.000  6.565956e-01 
  535.000  6.570450e-01 
  536.000  6.574794e-01 
  537.000  6.578767e-01 
  538.000  6.582320e-01 
  539.000  6.585612e-01 
  540.000  6.588699e-01 
  541.000  6.591696e-01 
  542.000  6.594562e-01 
  543.000  6.597326e-01 
  544.000  6.599416e-01 
  545.000  6.600956e-01 
  546.000  6.602424e-01 
  547.000  6.603935e-01 
  548.000  6.605369e-01 
  549.000  6.606780e-01 
  550.000  6.607465e-01 
  551.000  6.607429e-01 
  552.000  6.607421e-01 
  553.000  6.607264e-01 
  554.000  6.607038e-01 
  555.000  6.606773e-01 
  556.000  6.606235e-01 
  557.000  6.605224e-01 
  558.000  6.604131e-01 
  559.000  6.602911e-01 
  560.000  6.601384e-01 
  561.000  6.599574e-01 
  562.000  6.595924e-01 
  563.000  6.593705e-01 
  564.000  6.590798e-01 
  565.000  6.586410e-01 
  566.000  6.583353e-01 
  567.000  6.573874e-01 
  568.000  6.546490e-01 
  569.000  6.489603e-01 
  570.000  6.496763e-01 
  571.000  6.534607e-01 
  572.000  6.494890e-01 
  573.000  6.503381e-01 
  574.000  6.504723e-01 
  575.000  6.501541e-01 
  576.000  6.503353e-01 
  577.000  6.517128e-01 
  578.000  6.536279e-01 
  579.000  6.553062e-01 
  580.000  6.569663e-01 
  581.000  6.592407e-01 
  582.000  6.608335e-01 
  583.000  6.618840e-01 
  584.000  6.627916e-01 
  585.000  6.635268e-01 
  586.000  6.642153e-01 
  587.000  6.629552e-01 
  588.000  6.554646e-01 
  589.000  6.434550e-01 
  590.000  6.429109e-01 
  591.000  6.514976e-01 
  592.000  6.472455e-01 
  593.000  6.569866e-01 
  594.000  6.550660e-01 
  595.000  6.485277e-01 
  596.000  6.578621e-01 
  597.000  6.554968e-01 
  598.000  6.591309e-01 
  599.000  6.604522e-01 
  600.000  6.637043e-01 
  601.000  6.657703e-01 
  602.000  6.662762e-01 
  603.000  6.672881e-01 
  604.000  6.685492e-01 
  605.000  6.694510e-01 
  606.000  6.701117e-01 
  607.000  6.707501e-01 
  608.000  6.713603e-01 
  609.000  6.719439e-01 
  610.000  6.725479e-01 
  611.000  6.732188e-01 
  612.000  6.738758e-01 
  613.000  6.745123e-01 
  614.000  6.751300e-01 
  615.000  6.757458e-01 
  616.000  6.763391e-01 
  617.000  6.768995e-01 
  618.000  6.773692e-01 
  619.000  6.777666e-01 
  620.000  6.781344e-01 
  621.000  6.784504e-01 
  622.000  6.787146e-01 
  623.000  6.788912e-01 
  624.000  6.790792e-01 
  625.000  6.792361e-01 
  626.000  6.789795e-01 
  627.000  6.756503e-01 
  628.000  6.546489e-01 
  629.000  6.675102e-01 
  630.000  6.703505e-01 
  631.000  6.744118e-01 
  632.000  6.741267e-01 
  633.000  6.790990e-01 
  634.000  6.816522e-01 
  635.000  6.828216e-01 
  636.000  6.845028e-01 
  637.000  6.858575e-01 
  638.000  6.883822e-01 
  639.000  6.893607e-01 
  640.000  6.910648e-01 
  641.000  6.919430e-01 
  642.000  6.932080e-01 
  643.000  6.927437e-01 
  644.000  6.933841e-01 
  645.000  6.924058e-01 
  646.000  6.860574e-01 
  647.000  6.817766e-01 
  648.000  6.769189e-01 
  649.000  6.820415e-01 
  650.000  6.914613e-01 
  651.000  6.918641e-01 
  652.000  6.843284e-01 
  653.000  6.938657e-01 
  654.000  6.932655e-01 
  655.000  6.903427e-01 
  656.000  6.919104e-01 
  657.000  6.941030e-01 
  658.000  6.976202e-01 
  659.000  6.998379e-01 
  660.000  7.010327e-01 
  661.000  7.036999e-01 
  662.000  7.051367e-01 
  663.000  7.053213e-01 
  664.000  7.061346e-01 
  665.000  7.068454e-01 
  666.000  7.076897e-01 
  667.000  7.084337e-01 
  668.000  7.092751e-01 
  669.000  7.098963e-01 
  670.000  7.104536e-01 
  671.000  7.110367e-01 
  672.000  7.115646e-01 
  673.000  7.120836e-01 
  674.000  7.125982e-01 
  675.000  7.131134e-01 
  676.000  7.135976e-01 
  677.000  7.140428e-01 
  678.000  7.144889e-01 
  679.000  7.148615e-01 
  680.000  7.149177e-01 
  681.000  7.148804e-01 
  682.000  7.151441e-01 
  683.000  7.152951e-01 
  684.000  7.149606e-01 
  685.000  7.158162e-01 
  686.000  7.130671e-01 
  687.000  6.175157e-01 
  688.000  6.474261e-01 
  689.000  6.389261e-01 
  690.000  6.545151e-01 
  691.000  6.751204e-01 
  692.000  6.878238e-01 
  693.000  6.841200e-01 
  694.000  6.776675e-01 
  695.000  6.857747e-01 
  696.000  6.904387e-01 
  697.000  7.093660e-01 
  698.000  7.056055e-01 
  699.000  6.888310e-01 
  700.000  6.917141e-01 
  701.000  6.880219e-01 
  702.000  6.908646e-01 
  703.000  7.050604e-01 
  704.000  7.057436e-01 
  705.000  6.999891e-01 
  706.000  7.011907e-01 
  707.000  7.033404e-01 
  708.000  7.056577e-01 
  709.000  7.103305e-01 
  710.000  7.054897e-01 
  711.000  7.105638e-01 
  712.000  7.148923e-01 
  713.000  7.115355e-01 
  714.000  7.104505e-01 
  715.000  7.049547e-01 
  716.000  6.992555e-01 
  717.000  6.625549e-01 
  718.000  6.399634e-01 
  719.000  6.318646e-01 
  720.000  6.195217e-01 
  721.000  6.735767e-01 
  722.000  6.927713e-01 
  723.000  6.819989e-01 
  724.000  6.512496e-01 
  725.000  6.558674e-01 
  726.000  6.544428e-01 
  727.000  6.588318e-01 
  728.000  6.540865e-01 
  729.000  6.659119e-01 
  730.000  6.638666e-01 
  731.000  6.613917e-01 
  732.000  6.813213e-01 
  733.000  7.003669e-01 
  734.000  7.095301e-01 
  735.000  7.063172e-01 
  736.000  7.003089e-01 
  737.000  7.048704e-01 
  738.000  7.111309e-01 
  739.000  7.138331e-01 
  740.000  7.198048e-01 
  741.000  7.232604e-01 
  742.000  7.247213e-01 
  743.000  7.279142e-01 
  744.000  7.292990e-01 
  745.000  7.304227e-01 
  746.000  7.313104e-01 
  747.000  7.315603e-01 
  748.000  7.323684e-01 
  749.000  7.328112e-01 
  750.000  7.326010e-01 
  751.000  7.327859e-01 
  752.000  7.335534e-01 
  753.000  7.338848e-01 
  754.000  7.341518e-01 
  755.000  7.343354e-01 
  756.000  7.345264e-01 
  757.000  7.346593e-01 
  758.000  7.334381e-01 
  759.000  6.822108e-01 
  760.000  3.059108e-01 
  761.000  2.710208e-01 
  762.000  4.868527e-01 
  763.000  4.191866e-01 
  764.000  4.526352e-01 
  765.000  5.289513e-01 
  766.000  6.216266e-01 
  767.000  6.686097e-01 
  768.000  6.994111e-01 
  769.000  7.197720e-01 
  770.000  7.305947e-01 
  771.000  7.358158e-01 
  772.000  7.370996e-01 
  773.000  7.376809e-01 
  774.000  7.384040e-01 
  775.000  7.388256e-01 
  776.000  7.391269e-01 
  777.000  7.392222e-01 
  778.000  7.392222e-01 
  779.000  7.392100e-01 
  780.000  7.391945e-01 
  781.000  7.395312e-01 
  782.000  7.395056e-01 
  783.000  7.394908e-01 
  784.000  7.392457e-01 
  785.000  7.379452e-01 
  786.000  7.359115e-01 
  787.000  7.314718e-01 
  788.000  7.291079e-01 
  789.000  7.206197e-01 
  790.000  7.199043e-01 
  791.000  7.215247e-01 
  792.000  7.230213e-01 
  793.000  7.264935e-01 
  794.000  7.338443e-01 
  795.000  7.293719e-01 
  796.000  7.174363e-01 
  797.000  7.208651e-01 
  798.000  7.284243e-01 
  799.000  7.267130e-01 
  800.000  7.212303e-01 
  801.000  7.218962e-01 
  802.000  7.213519e-01 
  803.000  7.221660e-01 
  804.000  7.247580e-01 
  805.000  7.297152e-01 
  806.000  7.326767e-01 
  807.000  7.328180e-01 
  808.000  7.311554e-01 
  809.000  7.291104e-01 
  810.000  7.268704e-01 
  811.000  7.222607e-01 
  812.000  7.160553e-01 
  813.000  7.084502e-01 
  814.000  6.984118e-01 
  815.000  6.859267e-01 
  816.000  6.698787e-01 
  817.000  6.707910e-01 
  818.000  6.721094e-01 
  819.000  6.774004e-01 
  820.000  6.950840e-01 
  821.000  7.152745e-01 
  822.000  6.999316e-01 
  823.000  6.570967e-01 
  824.000  6.932054e-01 
  825.000  7.164205e-01 
  826.000  7.124541e-01 
  827.000  7.095284e-01 
  828.000  6.942510e-01 
  829.000  6.997642e-01 
  830.000  7.059366e-01 
  831.000  7.073881e-01 
  832.000  7.080212e-01 
  833.000  7.115799e-01 
  834.000  7.157673e-01 
  835.000  7.240717e-01 
  836.000  7.214047e-01 
  837.000  7.211246e-01 
  838.000  7.251732e-01 
  839.000  7.276307e-01 
  840.000  7.285284e-01 
  841.000  7.258741e-01 
  842.000  7.282689e-01 
  843.000  7.339478e-01 
  844.000  7.365251e-01 
  845.000  7.377304e-01 
  846.000  7.389975e-01 
  847.000  7.403199e-01 
  848.000  7.381088e-01 
  849.000  7.384109e-01 
  850.000  7.372852e-01 
  851.000  7.359415e-01 
  852.000  7.360840e-01 
  853.000  7.383243e-01 
  854.000  7.382100e-01 
  855.000  7.393393e-01 
  856.000  7.415818e-01 
  857.000  7.425985e-01 
  858.000  7.430985e-01 
  859.000  7.442230e-01 
  860.000  7.448068e-01 
  861.000  7.449086e-01 
  862.000  7.452400e-01 
  863.000  7.452931e-01 
  864.000  7.455241e-01 
  865.000  7.457150e-01 
  866.000  7.457739e-01 
  867.000  7.457517e-01 
  868.000  7.457909e-01 
  869.000  7.458619e-01 
  870.000  7.458282e-01 
  871.000  7.458958e-01 
  872.000  7.460456e-01 
  873.000  7.459171e-01 
  874.000  7.458521e-01 
  875.000  7.458450e-01 
  876.000  7.456127e-01 
  877.000  7.454997e-01 
  878.000  7.447851e-01 
  879.000  7.447448e-01 
  880.000  7.441370e-01 
  881.000  7.438231e-01 
  882.000  7.434881e-01 
  883.000  7.438372e-01 
  884.000  7.439823e-01 
  885.000  7.427211e-01 
  886.000  7.410333e-01 
  887.000  7.423273e-01 
  888.000  7.422531e-01 
  889.000  7.426937e-01 
  890.000  7.416428e-01 
  891.000  7.396098e-01 
  892.000  7.351112e-01 
  893.000  7.214095e-01 
  894.000  7.145908e-01 
  895.000  6.937373e-01 
  896.000  6.750489e-01 
  897.000  6.553485e-01 
  898.000  6.461362e-01 
  899.000  6.200917e-01 
  900.000  6.238626e-01 
  901.000  6.170874e-01 
  902.000  6.183280e-01 
  903.000  6.620955e-01 
  904.000  6.888012e-01 
  905.000  6.878284e-01 
  906.000  6.711352e-01 
  907.000  6.416174e-01 
  908.000  6.221648e-01 
  909.000  6.229985e-01 
  910.000  6.259338e-01 
  911.000  6.388561e-01 
  912.000  6.326025e-01 
  913.000  6.054296e-01 
  914.000  6.188654e-01 
  915.000  6.294477e-01 
  916.000  6.323138e-01 
  917.000  6.380579e-01 
  918.000  6.454839e-01 
  919.000  6.707463e-01 
  920.000  6.898236e-01 
  921.000  6.856193e-01 
  922.000  6.852615e-01 
  923.000  6.799394e-01 
  924.000  6.671457e-01 
  925.000  6.660907e-01 
  926.000  6.657966e-01 
  927.000  6.508749e-01 
  928.000  6.279202e-01 
  929.000  5.947808e-01 
  930.000  5.526423e-01 
  931.000  5.055552e-01 
  932.000  4.440127e-01 
  933.000  3.980809e-01 
  934.000  3.508929e-01 
  935.000  3.458772e-01 
  936.000  3.645589e-01 
  937.000  3.597929e-01 
  938.000  4.123065e-01 
  939.000  5.483778e-01 
  940.000  5.685717e-01 
  941.000  5.511220e-01 
  942.000  5.083171e-01 
  943.000  4.370025e-01 
  944.000  4.320251e-01 
  945.000  4.577053e-01 
  946.000  4.591256e-01 
  947.000  4.819925e-01 
  948.000  4.953952e-01 
  949.000  4.936272e-01 
  950.000  4.970530e-01 
  951.000  5.270315e-01 
  952.000  4.949631e-01 
  953.000  5.174233e-01 
  954.000  5.414857e-01 
  955.000  5.219483e-01 
  956.000  5.175367e-01 
  957.000  5.783662e-01 
  958.000  5.862054e-01 
  959.000  5.760859e-01 
  960.000  5.731366e-01 
  961.000  5.680598e-01 
  962.000  5.726644e-01 
  963.000  6.059641e-01 
  964.000  6.107326e-01 
  965.000  6.075437e-01 
  966.000  6.093375e-01 
  967.000  6.330449e-01 
  968.000  6.725445e-01 
  969.000  6.903443e-01 
  970.000  6.912958e-01 
  971.000  6.908703e-01 
  972.000  6.858171e-01 
  973.000  6.741346e-01 
  974.000  6.598881e-01 
  975.000  6.507245e-01 
  976.000  6.619264e-01 
  977.000  6.804112e-01 
  978.000  6.789044e-01 
  979.000  6.836822e-01 
  980.000  7.024986e-01 
  981.000  7.066595e-01 
  982.000  7.024655e-01 
  983.000  7.121097e-01 
  984.000  7.220310e-01 
  985.000  7.276618e-01 
  986.000  7.349253e-01 
  987.000  7.380673e-01 
  988.000  7.387831e-01 
  989.000  7.392400e-01 
  990.000  7.400043e-01 
  991.000  7.427039e-01 
  992.000  7.434698e-01 
  993.000  7.437551e-01 
  994.000  7.461072e-01 
  995.000  7.477713e-01 
  996.000  7.477568e-01 
  997.000  7.467127e-01 
  998.000  7.454541e-01 
  999.000  7.451035e-01 
 1000.000  7.454749e-01 
 1001.000  7.428890e-01 
 1002.000  7.387499e-01 
 1003.000  7.397342e-01 
 1004.000  7.421166e-01 
 1005.000  7.432053e-01 
 1006.000  7.435498e-01 
 1007.000  7.427601e-01 
 1008.000  7.393851e-01 
 1009.000  7.348700e-01 
 1010.000  7.368806e-01 
 1011.000  7.416733e-01 
 1012.000  7.434971e-01 
 1013.000  7.449285e-01 
 1014.000  7.455260e-01 
 1015.000  7.456365e-01 
 1016.000  7.461914e-01 
 1017.000  7.465736e-01 
 1018.000  7.457436e-01 
 1019.000  7.441771e-01 
 1020.000  7.447593e-01 
 1021.000  7.458617e-01 
 1022.000  7.439378e-01 
 1023.000  7.422455e-01 
 1024.000  7.412296e-01 
 1025.000  7.443194e-01 
 1026.000  7.455787e-01 
 1027.000  7.450905e-01 
 1028.000  7.454579e-01 
 1029.000  7.468368e-01 
 1030.000  7.480692e-01 
 1031.000  7.486981e-01 
 1032.000  7.491825e-01 
 1033.000  7.492777e-01 
 1034.000  7.495700e-01 
 1035.000  7.497049e-01 
 1036.000  7.495726e-01 
 1037.000  7.495619e-01 
 1038.000  7.496508e-01 
 1039.000  7.494576e-01 
 1040.000  7.492805e-01 
 1041.000  7.491394e-01 
 1042.000  7.490920e-01 
 1043.000  7.490714e-01 
 1044.000  7.489359e-01 
 1045.000  7.485596e-01 
 1046.000  7.482988e-01 
 1047.000  7.479818e-01 
 1048.000  7.475398e-01 
 1049.000  7.470835e-01 
 1050.000  7.466643e-01 
 1051.000  7.461334e-01 
 1052.000  7.457386e-01 
 1053.000  7.456312e-01 
 1054.000  7.450765e-01 
 1055.000  7.444874e-01 
 1056.000  7.439681e-01 
 1057.000  7.427596e-01 
 1058.000  7.406462e-01 
 1059.000  7.406619e-01 
 1060.000  7.416361e-01 
 1061.000  7.413301e-01 
 1062.000  7.399778e-01 
 1063.000  7.393385e-01 
 1064.000  7.381276e-01 
 1065.000  7.368146e-01 
 1066.000  7.369065e-01 
 1067.000  7.361484e-01 
 1068.000  7.336903e-01 
 1069.000  7.326574e-01 
 1070.000  7.332129e-01 
 1071.000  7.316952e-01 
 1072.000  7.300876e-01 
 1073.000  7.298602e-01 
 1074.000  7.302060e-01 
 1075.000  7.328187e-01 
 1076.000  7.313260e-01 
 1077.000  7.292872e-01 
 1078.000  7.268696e-01 
 1079.000  7.266175e-01 
 1080.000  7.200056e-01 
 1081.000  7.196804e-01 
 1082.000  7.226657e-01 
 1083.000  7.191857e-01 
 1084.000  7.153592e-01 
 1085.000  7.061570e-01 
 1086.000  7.083625e-01 
 1087.000  7.185667e-01 
 1088.000  7.189953e-01 
 1089.000  7.066697e-01 
 1090.000  7.043810e-01 
 1091.000  7.067687e-01 
 1092.000  7.006753e-01 
 1093.000  6.869904e-01 
 1094.000  6.810339e-01 
 1095.000  6.820258e-01 
 1096.000  6.829399e-01 
 1097.000  6.802410e-01 
 1098.000  6.468527e-01 
 1099.000  6.183553e-01 
 1100.000  6.203051e-01 
 1101.000  6.242675e-01 
 1102.000  6.223958e-01 
 1103.000  6.250412e-01 
 1104.000  6.203123e-01 
 1105.000  6.083624e-01 
 1106.000  5.962656e-01 
 1107.000  5.993156e-01 
 1108.000  6.015800e-01 
 1109.000  6.120008e-01 
 1110.000  6.108403e-01 
 1111.000  6.051639e-01 
 1112.000  5.798691e-01 
 1113.000  5.453308e-01 
 1114.000  5.361285e-01 
 1115.000  4.937144e-01 
 1116.000  4.674394e-01 
 1117.000  4.065936e-01 
 1118.000  3.512441e-01 
 1119.000  3.221374e-01 
 1120.000  2.860694e-01 
 1121.000  2.781277e-01 
 1122.000  2.409341e-01 
 1123.000  2.612057e-01 
 1124.000  2.749025e-01 
 1125.000  2.677181e-01 
 1126.000  2.648365e-01 
 1127.000  2.679527e-01 
 1128.000  2.740109e-01 
 1129.000  3.108127e-01 
 1130.000  3.975124e-01 
 1131.000  4.227376e-01 
 1132.000  3.882743e-01 
 1133.000  3.256007e-01 
 1134.000  2.140120e-01 
 1135.000  2.223603e-01 
 1136.000  3.345780e-01 
 1137.000  3.967293e-01 
 1138.000  4.571358e-01 
 1139.000  4.753970e-01 
 1140.000  4.638723e-01 
 1141.000  4.404042e-01 
 1142.000  4.321744e-01 
 1143.000  4.063944e-01 
 1144.000  3.774117e-01 
 1145.000  3.356918e-01 
 1146.000  3.455231e-01 
 1147.000  3.781565e-01 
 1148.000  4.072293e-01 
 1149.000  4.189713e-01 
 1150.000  4.195028e-01 
