  320.000  9.464364e-02 
  321.000  1.238031e-01 
  322.000  1.121280e-01 
  323.000  1.269716e-01 
  324.000  1.423015e-01 
  325.000  1.308384e-01 
  326.000  1.497785e-01 
  327.000  1.551777e-01 
  328.000  1.435780e-01 
  329.000  1.660415e-01 
  330.000  1.696766e-01 
  331.000  1.625033e-01 
  332.000  1.764237e-01 
  333.000  1.805366e-01 
  334.000  1.771579e-01 
  335.000  1.875573e-01 
  336.000  1.918115e-01 
  337.000  1.900157e-01 
  338.000  1.950194e-01 
  339.000  2.002178e-01 
  340.000  1.993612e-01 
  341.000  2.044363e-01 
  342.000  2.081679e-01 
  343.000  2.100486e-01 
  344.000  2.104334e-01 
  345.000  2.155316e-01 
  346.000  2.187663e-01 
  347.000  2.214122e-01 
  348.000  2.238977e-01 
  349.000  2.266975e-01 
  350.000  2.290973e-01 
  351.000  2.314934e-01 
  352.000  2.334636e-01 
  353.000  2.362719e-01 
  354.000  2.386688e-01 
  355.000  2.409044e-01 
  356.000  2.430874e-01 
  357.000  2.450341e-01 
  358.000  2.471327e-01 
  359.000  2.492333e-01 
  360.000  2.513888e-01 
  361.000  2.541179e-01 
  362.000  2.569667e-01 
  363.000  2.595967e-01 
  364.000  2.620225e-01 
  365.000  2.643024e-01 
  366.000  2.666382e-01 
  367.000  2.688664e-01 
  368.000  2.710784e-01 
  369.000  2.732753e-01 
  370.000  2.754533e-01 
  371.000  2.776180e-01 
  372.000  2.797685e-01 
  373.000  2.819043e-01 
  374.000  2.840092e-01 
  375.000  2.860768e-01 
  376.000  2.880771e-01 
  377.000  2.899705e-01 
  378.000  2.917316e-01 
  379.000  2.935233e-01 
  380.000  2.954965e-01 
  381.000  2.977460e-01 
  382.000  3.000811e-01 
  383.000  3.022927e-01 
  384.000  3.043937e-01 
  385.000  3.064209e-01 
  386.000  3.083987e-01 
  387.000  3.103471e-01 
  388.000  3.122731e-01 
  389.000  3.141854e-01 
  390.000  3.160847e-01 
  391.000  3.179666e-01 
  392.000  3.198368e-01 
  393.000  3.216935e-01 
  394.000  3.235351e-01 
  395.000  3.253598e-01 
  396.000  3.271746e-01 
  397.000  3.289702e-01 
  398.000  3.307511e-01 
  399.000  3.325187e-01 
  400.000  3.342635e-01 
  401.000  3.360034e-01 
  402.000  3.377309e-01 
  403.000  3.394451e-01 
  404.000  3.411458e-01 
  405.000  3.428293e-01 
  406.000  3.445031e-01 
  407.000  3.461653e-01 
  408.000  3.478144e-01 
  409.000  3.494487e-01 
  410.000  3.510689e-01 
  411.000  3.526743e-01 
  412.000  3.542639e-01 
  413.000  3.558456e-01 
  414.000  3.573149e-01 
  415.000  3.589057e-01 
  416.000  3.604777e-01 
  417.000  3.620245e-01 
  418.000  3.635370e-01 
  419.000  3.650340e-01 
  420.000  3.665185e-01 
  421.000  3.679952e-01 
  422.000  3.694638e-01 
  423.000  3.709226e-01 
  424.000  3.723652e-01 
  425.000  3.737757e-01 
  426.000  3.751733e-01 
  427.000  3.765597e-01 
  428.000  3.779222e-01 
  429.000  3.792666e-01 
  430.000  3.805963e-01 
  431.000  3.819168e-01 
  432.000  3.832243e-01 
  433.000  3.845203e-01 
  434.000  3.858061e-01 
  435.000  3.870801e-01 
  436.000  3.883406e-01 
  437.000  3.895881e-01 
  438.000  3.908221e-01 
  439.000  3.920473e-01 
  440.000  3.932535e-01 
  441.000  3.944450e-01 
  442.000  3.956183e-01 
  443.000  3.967745e-01 
  444.000  3.979131e-01 
  445.000  3.990278e-01 
  446.000  4.001121e-01 
  447.000  4.012498e-01 
  448.000  4.024703e-01 
  449.000  4.037063e-01 
  450.000  4.049192e-01 
  451.000  4.060854e-01 
  452.000  4.072112e-01 
  453.000  4.083146e-01 
  454.000  4.093986e-01 
  455.000  4.104201e-01 
  456.000  4.113595e-01 
  457.000  4.122996e-01 
  458.000  4.132274e-01 
  459.000  4.141359e-01 
  460.000  4.150375e-01 
  461.000  4.159299e-01 
  462.000  4.168057e-01 
  463.000  4.176780e-01 
  464.000  4.188141e-01 
  465.000  4.199337e-01 
  466.000  4.210340e-01 
  467.000  4.221094e-01 
  468.000  4.229858e-01 
  469.000  4.237407e-01 
  470.000  4.244352e-01 
  471.000  4.250606e-01 
  472.000  4.255917e-01 
  473.000  4.259641e-01 
  474.000  4.262699e-01 
  475.000  4.263484e-01 
  476.000  4.261971e-01 
  477.000  4.261940e-01 
  478.000  4.270789e-01 
  479.000  4.284267e-01 
  480.000  4.298822e-01 
  481.000  4.311887e-01 
  482.000  4.324147e-01 
  483.000  4.334809e-01 
  484.000  4.343977e-01 
  485.000  4.352179e-01 
  486.000  4.360929e-01 
  487.000  4.370143e-01 
  488.000  4.379064e-01 
  489.000  4.387825e-01 
  490.000  4.396484e-01 
  491.000  4.403268e-01 
  492.000  4.409470e-01 
  493.000  4.415643e-01 
  494.000  4.421643e-01 
  495.000  4.427643e-01 
  496.000  4.430736e-01 
  497.000  4.433711e-01 
  498.000  4.436644e-01 
  499.000  4.439418e-01 
  500.000  4.442150e-01 
  501.000  4.444577e-01 
  502.000  4.447006e-01 
  503.000  4.449404e-01 
  504.000  4.451692e-01 
  505.000  4.453855e-01 
  506.000  4.460192e-01 
  507.000  4.466715e-01 
  508.000  4.473229e-01 
  509.000  4.479670e-01 
  510.000  4.485975e-01 
  511.000  4.491629e-01 
  512.000  4.497090e-01 
  513.000  4.502521e-01 
  514.000  4.507885e-01 
  515.000  4.513203e-01 
  516.000  4.517002e-01 
  517.000  4.519439e-01 
  518.000  4.521808e-01 
  519.000  4.524133e-01 
  520.000  4.526435e-01 
  521.000  4.528498e-01 
  522.000  4.529985e-01 
  523.000  4.531058e-01 
  524.000  4.532167e-01 
  525.000  4.533041e-01 
  526.000  4.534267e-01 
  527.000  4.534464e-01 
  528.000  4.534245e-01 
  529.000  4.534013e-01 
  530.000  4.533833e-01 
  531.000  4.533686e-01 
  532.000  4.534017e-01 
  533.000  4.537006e-01 
  534.000  4.540782e-01 
  535.000  4.545044e-01 
  536.000  4.549165e-01 
  537.000  4.552935e-01 
  538.000  4.556307e-01 
  539.000  4.559431e-01 
  540.000  4.562362e-01 
  541.000  4.565208e-01 
  542.000  4.567930e-01 
  543.000  4.570555e-01 
  544.000  4.572541e-01 
  545.000  4.574004e-01 
  546.000  4.575400e-01 
  547.000  4.576835e-01 
  548.000  4.578198e-01 
  549.000  4.579539e-01 
  550.000  4.580190e-01 
  551.000  4.580156e-01 
  552.000  4.580148e-01 
  553.000  4.579999e-01 
  554.000  4.579785e-01 
  555.000  4.579532e-01 
  556.000  4.579021e-01 
  557.000  4.578060e-01 
  558.000  4.577022e-01 
  559.000  4.575863e-01 
  560.000  4.574412e-01 
  561.000  4.572695e-01 
  562.000  4.569568e-01 
  563.000  4.567489e-01 
  564.000  4.564813e-01 
  565.000  4.560889e-01 
  566.000  4.557830e-01 
  567.000  4.549916e-01 
  568.000  4.529780e-01 
  569.000  4.491596e-01 
  570.000  4.494993e-01 
  571.000  4.517701e-01 
  572.000  4.490634e-01 
  573.000  4.494700e-01 
  574.000  4.493133e-01 
  575.000  4.490277e-01 
  576.000  4.491928e-01 
  577.000  4.502206e-01 
  578.000  4.516679e-01 
  579.000  4.531103e-01 
  580.000  4.546718e-01 
  581.000  4.567568e-01 
  582.000  4.582762e-01 
  583.000  4.593498e-01 
  584.000  4.603256e-01 
  585.000  4.610843e-01 
  586.000  4.617976e-01 
  587.000  4.611743e-01 
  588.000  4.565067e-01 
  589.000  4.486058e-01 
  590.000  4.483553e-01 
  591.000  4.542185e-01 
  592.000  4.514666e-01 
  593.000  4.580896e-01 
  594.000  4.568899e-01 
  595.000  4.525873e-01 
  596.000  4.587931e-01 
  597.000  4.571085e-01 
  598.000  4.594451e-01 
  599.000  4.602303e-01 
  600.000  4.623047e-01 
  601.000  4.634906e-01 
  602.000  4.637234e-01 
  603.000  4.644559e-01 
  604.000  4.655459e-01 
  605.000  4.663475e-01 
  606.000  4.669630e-01 
  607.000  4.675587e-01 
  608.000  4.681394e-01 
  609.000  4.686958e-01 
  610.000  4.692734e-01 
  611.000  4.699154e-01 
  612.000  4.705443e-01 
  613.000  4.711538e-01 
  614.000  4.717455e-01 
  615.000  4.723357e-01 
  616.000  4.729045e-01 
  617.000  4.734418e-01 
  618.000  4.738924e-01 
  619.000  4.742736e-01 
  620.000  4.746266e-01 
  621.000  4.749299e-01 
  622.000  4.751834e-01 
  623.000  4.753531e-01 
  624.000  4.755337e-01 
  625.000  4.756849e-01 
  626.000  4.755278e-01 
  627.000  4.731702e-01 
  628.000  4.556775e-01 
  629.000  4.667494e-01 
  630.000  4.687378e-01 
  631.000  4.722019e-01 
  632.000  4.726498e-01 
  633.000  4.764270e-01 
  634.000  4.786654e-01 
  635.000  4.798587e-01 
  636.000  4.814131e-01 
  637.000  4.827408e-01 
  638.000  4.847758e-01 
  639.000  4.858270e-01 
  640.000  4.872795e-01 
  641.000  4.882024e-01 
  642.000  4.893320e-01 
  643.000  4.892884e-01 
  644.000  4.899481e-01 
  645.000  4.894347e-01 
  646.000  4.854563e-01 
  647.000  4.827416e-01 
  648.000  4.796233e-01 
  649.000  4.832993e-01 
  650.000  4.898876e-01 
  651.000  4.903222e-01 
  652.000  4.853422e-01 
  653.000  4.920037e-01 
  654.000  4.917510e-01 
  655.000  4.899124e-01 
  656.000  4.911368e-01 
  657.000  4.927765e-01 
  658.000  4.953276e-01 
  659.000  4.968393e-01 
  660.000  4.978314e-01 
  661.000  4.998322e-01 
  662.000  5.009882e-01 
  663.000  5.012966e-01 
  664.000  5.019690e-01 
  665.000  5.025997e-01 
  666.000  5.033731e-01 
  667.000  5.040513e-01 
  668.000  5.048062e-01 
  669.000  5.053926e-01 
  670.000  5.059298e-01 
  671.000  5.064867e-01 
  672.000  5.070008e-01 
  673.000  5.075079e-01 
  674.000  5.080113e-01 
  675.000  5.085150e-01 
  676.000  5.089904e-01 
  677.000  5.094271e-01 
  678.000  5.098643e-01 
  679.000  5.102440e-01 
  680.000  5.103768e-01 
  681.000  5.104163e-01 
  682.000  5.107064e-01 
  683.000  5.109366e-01 
  684.000  5.108902e-01 
  685.000  5.115644e-01 
  686.000  5.093251e-01 
  687.000  4.289519e-01 
  688.000  4.538367e-01 
  689.000  4.469130e-01 
  690.000  4.599431e-01 
  691.000  4.776795e-01 
  692.000  4.893185e-01 
  693.000  4.887213e-01 
  694.000  4.855088e-01 
  695.000  4.916596e-01 
  696.000  4.951698e-01 
  697.000  5.084438e-01 
  698.000  5.059649e-01 
  699.000  4.944565e-01 
  700.000  4.965403e-01 
  701.000  4.940687e-01 
  702.000  4.961205e-01 
  703.000  5.060310e-01 
  704.000  5.065879e-01 
  705.000  5.026759e-01 
  706.000  5.035762e-01 
  707.000  5.051330e-01 
  708.000  5.068058e-01 
  709.000  5.101099e-01 
  710.000  5.068252e-01 
  711.000  5.104077e-01 
  712.000  5.134738e-01 
  713.000  5.112169e-01 
  714.000  5.105340e-01 
  715.000  5.068051e-01 
  716.000  5.029413e-01 
  717.000  4.775516e-01 
  718.000  4.619267e-01 
  719.000  4.563682e-01 
  720.000  4.478350e-01 
  721.000  4.855207e-01 
  722.000  4.989265e-01 
  723.000  4.915178e-01 
  724.000  4.702055e-01 
  725.000  4.734855e-01 
  726.000  4.725402e-01 
  727.000  4.756416e-01 
  728.000  4.723831e-01 
  729.000  4.806600e-01 
  730.000  4.792791e-01 
  731.000  4.775980e-01 
  732.000  4.915131e-01 
  733.000  5.047987e-01 
  734.000  5.112108e-01 
  735.000  5.090257e-01 
  736.000  5.048887e-01 
  737.000  5.080951e-01 
  738.000  5.124817e-01 
  739.000  5.143949e-01 
  740.000  5.185792e-01 
  741.000  5.210153e-01 
  742.000  5.220658e-01 
  743.000  5.241474e-01 
  744.000  5.251848e-01 
  745.000  5.260012e-01 
  746.000  5.266642e-01 
  747.000  5.268952e-01 
  748.000  5.275681e-01 
  749.000  5.279548e-01 
  750.000  5.278276e-01 
  751.000  5.280109e-01 
  752.000  5.286527e-01 
  753.000  5.289512e-01 
  754.000  5.291989e-01 
  755.000  5.293807e-01 
  756.000  5.295683e-01 
  757.000  5.296996e-01 
  758.000  5.285646e-01 
  759.000  4.849212e-01 
  760.000  1.861295e-01 
  761.000  1.610807e-01 
  762.000  3.241892e-01 
  763.000  2.711593e-01 
  764.000  2.972036e-01 
  765.000  3.579839e-01 
  766.000  4.341069e-01 
  767.000  4.735842e-01 
  768.000  4.997712e-01 
  769.000  5.172149e-01 
  770.000  5.267168e-01 
  771.000  5.311163e-01 
  772.000  5.322391e-01 
  773.000  5.327439e-01 
  774.000  5.334224e-01 
  775.000  5.338386e-01 
  776.000  5.341326e-01 
  777.000  5.342410e-01 
  778.000  5.342655e-01 
  779.000  5.342755e-01 
  780.000  5.342812e-01 
  781.000  5.345671e-01 
  782.000  5.345646e-01 
  783.000  5.345706e-01 
  784.000  5.343936e-01 
  785.000  5.334404e-01 
  786.000  5.320588e-01 
  787.000  5.291199e-01 
  788.000  5.274947e-01 
  789.000  5.215893e-01 
  790.000  5.211146e-01 
  791.000  5.222719e-01 
  792.000  5.233421e-01 
  793.000  5.257926e-01 
  794.000  5.309530e-01 
  795.000  5.278525e-01 
  796.000  5.195332e-01 
  797.000  5.219542e-01 
  798.000  5.272619e-01 
  799.000  5.260891e-01 
  800.000  5.222794e-01 
  801.000  5.227681e-01 
  802.000  5.224103e-01 
  803.000  5.230023e-01 
  804.000  5.248370e-01 
  805.000  5.283253e-01 
  806.000  5.304178e-01 
  807.000  5.305390e-01 
  808.000  5.293995e-01 
  809.000  5.279924e-01 
  810.000  5.264493e-01 
  811.000  5.232488e-01 
  812.000  5.189321e-01 
  813.000  5.136345e-01 
  814.000  5.066317e-01 
  815.000  4.979135e-01 
  816.000  4.866835e-01 
  817.000  4.873473e-01 
  818.000  4.882923e-01 
  819.000  4.920193e-01 
  820.000  5.044321e-01 
  821.000  5.185930e-01 
  822.000  5.078673e-01 
  823.000  4.778407e-01 
  824.000  5.031905e-01 
  825.000  5.194710e-01 
  826.000  5.167084e-01 
  827.000  5.146786e-01 
  828.000  5.039934e-01 
  829.000  5.078763e-01 
  830.000  5.122187e-01 
  831.000  5.132526e-01 
  832.000  5.137106e-01 
  833.000  5.162204e-01 
  834.000  5.191696e-01 
  835.000  5.250006e-01 
  836.000  5.231506e-01 
  837.000  5.229712e-01 
  838.000  5.258239e-01 
  839.000  5.275619e-01 
  840.000  5.282084e-01 
  841.000  5.263676e-01 
  842.000  5.280620e-01 
  843.000  5.320553e-01 
  844.000  5.338766e-01 
  845.000  5.347379e-01 
  846.000  5.356423e-01 
  847.000  5.364477e-01 
  848.000  5.350556e-01 
  849.000  5.352848e-01 
  850.000  5.345144e-01 
  851.000  5.335911e-01 
  852.000  5.337080e-01 
  853.000  5.352935e-01 
  854.000  5.352302e-01 
  855.000  5.360376e-01 
  856.000  5.375357e-01 
  857.000  5.382262e-01 
  858.000  5.386370e-01 
  859.000  5.393836e-01 
  860.000  5.398853e-01 
  861.000  5.399774e-01 
  862.000  5.402529e-01 
  863.000  5.403060e-01 
  864.000  5.405012e-01 
  865.000  5.406644e-01 
  866.000  5.407222e-01 
  867.000  5.407146e-01 
  868.000  5.407563e-01 
  869.000  5.408237e-01 
  870.000  5.408067e-01 
  871.000  5.408711e-01 
  872.000  5.410020e-01 
  873.000  5.409083e-01 
  874.000  5.408660e-01 
  875.000  5.408701e-01 
  876.000  5.406929e-01 
  877.000  5.406118e-01 
  878.000  5.401216e-01 
  879.000  5.401031e-01 
  880.000  5.396962e-01 
  881.000  5.394461e-01 
  882.000  5.392064e-01 
  883.000  5.394812e-01 
  884.000  5.396027e-01 
  885.000  5.387326e-01 
  886.000  5.375243e-01 
  887.000  5.384688e-01 
  888.000  5.384275e-01 
  889.000  5.387669e-01 
  890.000  5.380990e-01 
  891.000  5.367773e-01 
  892.000  5.336381e-01 
  893.000  5.240394e-01 
  894.000  5.192705e-01 
  895.000  5.046337e-01 
  896.000  4.915127e-01 
  897.000  4.776703e-01 
  898.000  4.711998e-01 
  899.000  4.528423e-01 
  900.000  4.555216e-01 
  901.000  4.507488e-01 
  902.000  4.516272e-01 
  903.000  4.825044e-01 
  904.000  5.013146e-01 
  905.000  5.006365e-01 
  906.000  4.888968e-01 
  907.000  4.681059e-01 
  908.000  4.543918e-01 
  909.000  4.549950e-01 
  910.000  4.570794e-01 
  911.000  4.662104e-01 
  912.000  4.618069e-01 
  913.000  4.426216e-01 
  914.000  4.521250e-01 
  915.000  4.596045e-01 
  916.000  4.616340e-01 
  917.000  4.656928e-01 
  918.000  4.709375e-01 
  919.000  4.887517e-01 
  920.000  5.021894e-01 
  921.000  4.992374e-01 
  922.000  4.989962e-01 
  923.000  4.952605e-01 
  924.000  4.862623e-01 
  925.000  4.855405e-01 
  926.000  4.853700e-01 
  927.000  4.748852e-01 
  928.000  4.587320e-01 
  929.000  4.353687e-01 
  930.000  4.055874e-01 
  931.000  3.722069e-01 
  932.000  3.284835e-01 
  933.000  2.956474e-01 
  934.000  2.617414e-01 
  935.000  2.581552e-01 
  936.000  2.716458e-01 
  937.000  2.681950e-01 
  938.000  3.058763e-01 
  939.000  4.029138e-01 
  940.000  4.172327e-01 
  941.000  4.048391e-01 
  942.000  3.744042e-01 
  943.000  3.235119e-01 
  944.000  3.199683e-01 
  945.000  3.383568e-01 
  946.000  3.393607e-01 
  947.000  3.556582e-01 
  948.000  3.652041e-01 
  949.000  3.639284e-01 
  950.000  3.663652e-01 
  951.000  3.876959e-01 
  952.000  3.648475e-01 
  953.000  3.808227e-01 
  954.000  3.979080e-01 
  955.000  3.839997e-01 
  956.000  3.808253e-01 
  957.000  4.239995e-01 
  958.000  4.295362e-01 
  959.000  4.223517e-01 
  960.000  4.202518e-01 
  961.000  4.166463e-01 
  962.000  4.199059e-01 
  963.000  4.434880e-01 
  964.000  4.468589e-01 
  965.000  4.445982e-01 
  966.000  4.458623e-01 
  967.000  4.626199e-01 
  968.000  4.904934e-01 
  969.000  5.030365e-01 
  970.000  5.037093e-01 
  971.000  5.034159e-01 
  972.000  4.998651e-01 
  973.000  4.916395e-01 
  974.000  4.815980e-01 
  975.000  4.751369e-01 
  976.000  4.830497e-01 
  977.000  4.960916e-01 
  978.000  4.950325e-01 
  979.000  4.984014e-01 
  980.000  5.116610e-01 
  981.000  5.145946e-01 
  982.000  5.116443e-01 
  983.000  5.184379e-01 
  984.000  5.254245e-01 
  985.000  5.293911e-01 
  986.000  5.345048e-01 
  987.000  5.367197e-01 
  988.000  5.372293e-01 
  989.000  5.375573e-01 
  990.000  5.381019e-01 
  991.000  5.400070e-01 
  992.000  5.405530e-01 
  993.000  5.407612e-01 
  994.000  5.422634e-01 
  995.000  5.434482e-01 
  996.000  5.434437e-01 
  997.000  5.427305e-01 
  998.000  5.419028e-01 
  999.000  5.415789e-01 
 1000.000  5.418588e-01 
 1001.000  5.402148e-01 
 1002.000  5.373120e-01 
 1003.000  5.380118e-01 
 1004.000  5.396947e-01 
 1005.000  5.404677e-01 
 1006.000  5.407050e-01 
 1007.000  5.401564e-01 
 1008.000  5.377881e-01 
 1009.000  5.346147e-01 
 1010.000  5.360324e-01 
 1011.000  5.394037e-01 
 1012.000  5.406885e-01 
 1013.000  5.415046e-01 
 1014.000  5.419427e-01 
 1015.000  5.420209e-01 
 1016.000  5.424936e-01 
 1017.000  5.426919e-01 
 1018.000  5.421689e-01 
 1019.000  5.411574e-01 
 1020.000  5.413709e-01 
 1021.000  5.422492e-01 
 1022.000  5.409765e-01 
 1023.000  5.397782e-01 
 1024.000  5.390546e-01 
 1025.000  5.410185e-01 
 1026.000  5.420036e-01 
 1027.000  5.415643e-01 
 1028.000  5.418918e-01 
 1029.000  5.428044e-01 
 1030.000  5.436554e-01 
 1031.000  5.440715e-01 
 1032.000  5.443883e-01 
 1033.000  5.444776e-01 
 1034.000  5.446686e-01 
 1035.000  5.447487e-01 
 1036.000  5.445912e-01 
 1037.000  5.445402e-01 
 1038.000  5.446067e-01 
 1039.000  5.444376e-01 
 1040.000  5.442720e-01 
 1041.000  5.441391e-01 
 1042.000  5.440878e-01 
 1043.000  5.440539e-01 
 1044.000  5.439174e-01 
 1045.000  5.435787e-01 
 1046.000  5.433366e-01 
 1047.000  5.430351e-01 
 1048.000  5.425749e-01 
 1049.000  5.420676e-01 
 1050.000  5.417005e-01 
 1051.000  5.412820e-01 
 1052.000  5.409118e-01 
 1053.000  5.407406e-01 
 1054.000  5.402246e-01 
 1055.000  5.396941e-01 
 1056.000  5.391925e-01 
 1057.000  5.382691e-01 
 1058.000  5.365963e-01 
 1059.000  5.365252e-01 
 1060.000  5.371054e-01 
 1061.000  5.368090e-01 
 1062.000  5.357167e-01 
 1063.000  5.351557e-01 
 1064.000  5.341930e-01 
 1065.000  5.332793e-01 
 1066.000  5.333353e-01 
 1067.000  5.327612e-01 
 1068.000  5.312764e-01 
 1069.000  5.308196e-01 
 1070.000  5.314183e-01 
 1071.000  5.305467e-01 
 1072.000  5.295632e-01 
 1073.000  5.295538e-01 
 1074.000  5.299464e-01 
 1075.000  5.319225e-01 
 1076.000  5.310069e-01 
 1077.000  5.296980e-01 
 1078.000  5.281146e-01 
 1079.000  5.280500e-01 
 1080.000  5.234916e-01 
 1081.000  5.233493e-01 
 1082.000  5.255268e-01 
 1083.000  5.231634e-01 
 1084.000  5.205410e-01 
 1085.000  5.141274e-01 
 1086.000  5.157436e-01 
 1087.000  5.229840e-01 
 1088.000  5.233399e-01 
 1089.000  5.147108e-01 
 1090.000  5.131503e-01 
 1091.000  5.148799e-01 
 1092.000  5.106442e-01 
 1093.000  5.010301e-01 
 1094.000  4.968598e-01 
 1095.000  4.975910e-01 
 1096.000  4.982651e-01 
 1097.000  4.964048e-01 
 1098.000  4.728541e-01 
 1099.000  4.527313e-01 
 1100.000  4.541376e-01 
 1101.000  4.569649e-01 
 1102.000  4.556803e-01 
 1103.000  4.575714e-01 
 1104.000  4.542374e-01 
 1105.000  4.458025e-01 
 1106.000  4.372436e-01 
 1107.000  4.394421e-01 
 1108.000  4.410914e-01 
 1109.000  4.485219e-01 
 1110.000  4.477581e-01 
 1111.000  4.437726e-01 
 1112.000  4.258678e-01 
 1113.000  4.013867e-01 
 1114.000  3.949389e-01 
 1115.000  3.648058e-01 
 1116.000  3.460869e-01 
 1117.000  3.024787e-01 
 1118.000  2.626902e-01 
 1119.000  2.417325e-01 
 1120.000  2.156103e-01 
 1121.000  2.098606e-01 
 1122.000  1.826948e-01 
 1123.000  1.975923e-01 
 1124.000  2.076375e-01 
 1125.000  2.024012e-01 
 1126.000  2.002866e-01 
 1127.000  2.025443e-01 
 1128.000  2.069215e-01 
 1129.000  2.337063e-01 
 1130.000  2.964973e-01 
 1131.000  3.146773e-01 
 1132.000  2.898590e-01 
 1133.000  2.444512e-01 
 1134.000  1.628757e-01 
 1135.000  1.690069e-01 
 1136.000  2.508998e-01 
 1137.000  2.958283e-01 
 1138.000  3.392106e-01 
 1139.000  3.521787e-01 
 1140.000  3.439202e-01 
 1141.000  3.270310e-01 
 1142.000  3.211261e-01 
 1143.000  3.025977e-01 
 1144.000  2.817032e-01 
 1145.000  2.515337e-01 
 1146.000  2.586462e-01 
 1147.000  2.822218e-01 
 1148.000  3.031666e-01 
 1149.000  3.115854e-01 
 1150.000  3.118991e-01 
