  320.000  1.252512e-01 
  321.000  1.595228e-01 
  322.000  1.459093e-01 
  323.000  1.631947e-01 
  324.000  1.808365e-01 
  325.000  1.676637e-01 
  326.000  1.893714e-01 
  327.000  1.955081e-01 
  328.000  1.822967e-01 
  329.000  2.077924e-01 
  330.000  2.118847e-01 
  331.000  2.038006e-01 
  332.000  2.194575e-01 
  333.000  2.240595e-01 
  334.000  2.202798e-01 
  335.000  2.318913e-01 
  336.000  2.366227e-01 
  337.000  2.346267e-01 
  338.000  2.401836e-01 
  339.000  2.459416e-01 
  340.000  2.449938e-01 
  341.000  2.506032e-01 
  342.000  2.547190e-01 
  343.000  2.567905e-01 
  344.000  2.572141e-01 
  345.000  2.628192e-01 
  346.000  2.663686e-01 
  347.000  2.692682e-01 
  348.000  2.719888e-01 
  349.000  2.750498e-01 
  350.000  2.776706e-01 
  351.000  2.802846e-01 
  352.000  2.824318e-01 
  353.000  2.854895e-01 
  354.000  2.880964e-01 
  355.000  2.905254e-01 
  356.000  2.928953e-01 
  357.000  2.950067e-01 
  358.000  2.972811e-01 
  359.000  2.995557e-01 
  360.000  3.018878e-01 
  361.000  3.048375e-01 
  362.000  3.079134e-01 
  363.000  3.107500e-01 
  364.000  3.133638e-01 
  365.000  3.158182e-01 
  366.000  3.183306e-01 
  367.000  3.207253e-01 
  368.000  3.231006e-01 
  369.000  3.254577e-01 
  370.000  3.277927e-01 
  371.000  3.301116e-01 
  372.000  3.324136e-01 
  373.000  3.346981e-01 
  374.000  3.369478e-01 
  375.000  3.391560e-01 
  376.000  3.412910e-01 
  377.000  3.433104e-01 
  378.000  3.451874e-01 
  379.000  3.470960e-01 
  380.000  3.491966e-01 
  381.000  3.515897e-01 
  382.000  3.540718e-01 
  383.000  3.564210e-01 
  384.000  3.586510e-01 
  385.000  3.608014e-01 
  386.000  3.628979e-01 
  387.000  3.649620e-01 
  388.000  3.670010e-01 
  389.000  3.690244e-01 
  390.000  3.710327e-01 
  391.000  3.730215e-01 
  392.000  3.749967e-01 
  393.000  3.769567e-01 
  394.000  3.788994e-01 
  395.000  3.808233e-01 
  396.000  3.827357e-01 
  397.000  3.846268e-01 
  398.000  3.865015e-01 
  399.000  3.883611e-01 
  400.000  3.901958e-01 
  401.000  3.920243e-01 
  402.000  3.938389e-01 
  403.000  3.956388e-01 
  404.000  3.974234e-01 
  405.000  3.991891e-01 
  406.000  4.009439e-01 
  407.000  4.026856e-01 
  408.000  4.044128e-01 
  409.000  4.061236e-01 
  410.000  4.078189e-01 
  411.000  4.094981e-01 
  412.000  4.111598e-01 
  413.000  4.128127e-01 
  414.000  4.143474e-01 
  415.000  4.160083e-01 
  416.000  4.176487e-01 
  417.000  4.192623e-01 
  418.000  4.208395e-01 
  419.000  4.223997e-01 
  420.000  4.239463e-01 
  421.000  4.254843e-01 
  422.000  4.270132e-01 
  423.000  4.285312e-01 
  424.000  4.300318e-01 
  425.000  4.314984e-01 
  426.000  4.329512e-01 
  427.000  4.343917e-01 
  428.000  4.358070e-01 
  429.000  4.372028e-01 
  430.000  4.385829e-01 
  431.000  4.399531e-01 
  432.000  4.413093e-01 
  433.000  4.426530e-01 
  434.000  4.439858e-01 
  435.000  4.453059e-01 
  436.000  4.466116e-01 
  437.000  4.479034e-01 
  438.000  4.491808e-01 
  439.000  4.504488e-01 
  440.000  4.516966e-01 
  441.000  4.529289e-01 
  442.000  4.541420e-01 
  443.000  4.553371e-01 
  444.000  4.565136e-01 
  445.000  4.576651e-01 
  446.000  4.587850e-01 
  447.000  4.599596e-01 
  448.000  4.612193e-01 
  449.000  4.624948e-01 
  450.000  4.637459e-01 
  451.000  4.649485e-01 
  452.000  4.661092e-01 
  453.000  4.672464e-01 
  454.000  4.683633e-01 
  455.000  4.694156e-01 
  456.000  4.703831e-01 
  457.000  4.713511e-01 
  458.000  4.723062e-01 
  459.000  4.732412e-01 
  460.000  4.741689e-01 
  461.000  4.750870e-01 
  462.000  4.759877e-01 
  463.000  4.768847e-01 
  464.000  4.780527e-01 
  465.000  4.792034e-01 
  466.000  4.803340e-01 
  467.000  4.814388e-01 
  468.000  4.823388e-01 
  469.000  4.831140e-01 
  470.000  4.838270e-01 
  471.000  4.844689e-01 
  472.000  4.850141e-01 
  473.000  4.853962e-01 
  474.000  4.857100e-01 
  475.000  4.857906e-01 
  476.000  4.856353e-01 
  477.000  4.856321e-01 
  478.000  4.865401e-01 
  479.000  4.879226e-01 
  480.000  4.894152e-01 
  481.000  4.907544e-01 
  482.000  4.920108e-01 
  483.000  4.931033e-01 
  484.000  4.940424e-01 
  485.000  4.948823e-01 
  486.000  4.957782e-01 
  487.000  4.967214e-01 
  488.000  4.976346e-01 
  489.000  4.985310e-01 
  490.000  4.994169e-01 
  491.000  5.001108e-01 
  492.000  5.007451e-01 
  493.000  5.013763e-01 
  494.000  5.019898e-01 
  495.000  5.026033e-01 
  496.000  5.029194e-01 
  497.000  5.032236e-01 
  498.000  5.035233e-01 
  499.000  5.038069e-01 
  500.000  5.040860e-01 
  501.000  5.043341e-01 
  502.000  5.045822e-01 
  503.000  5.048273e-01 
  504.000  5.050610e-01 
  505.000  5.052820e-01 
  506.000  5.059295e-01 
  507.000  5.065957e-01 
  508.000  5.072610e-01 
  509.000  5.079187e-01 
  510.000  5.085624e-01 
  511.000  5.091396e-01 
  512.000  5.096971e-01 
  513.000  5.102513e-01 
  514.000  5.107988e-01 
  515.000  5.113413e-01 
  516.000  5.117291e-01 
  517.000  5.119776e-01 
  518.000  5.122193e-01 
  519.000  5.124564e-01 
  520.000  5.126913e-01 
  521.000  5.129017e-01 
  522.000  5.130534e-01 
  523.000  5.131629e-01 
  524.000  5.132759e-01 
  525.000  5.133650e-01 
  526.000  5.134900e-01 
  527.000  5.135102e-01 
  528.000  5.134878e-01 
  529.000  5.134642e-01 
  530.000  5.134459e-01 
  531.000  5.134308e-01 
  532.000  5.134646e-01 
  533.000  5.137694e-01 
  534.000  5.141545e-01 
  535.000  5.145890e-01 
  536.000  5.150092e-01 
  537.000  5.153936e-01 
  538.000  5.157372e-01 
  539.000  5.160558e-01 
  540.000  5.163545e-01 
  541.000  5.166445e-01 
  542.000  5.169219e-01 
  543.000  5.171894e-01 
  544.000  5.173918e-01 
  545.000  5.175409e-01 
  546.000  5.176831e-01 
  547.000  5.178293e-01 
  548.000  5.179682e-01 
  549.000  5.181049e-01 
  550.000  5.181712e-01 
  551.000  5.181677e-01 
  552.000  5.181669e-01 
  553.000  5.181517e-01 
  554.000  5.181299e-01 
  555.000  5.181042e-01 
  556.000  5.180520e-01 
  557.000  5.179542e-01 
  558.000  5.178484e-01 
  559.000  5.177304e-01 
  560.000  5.175828e-01 
  561.000  5.174085e-01 
  562.000  5.171882e-01 
  563.000  5.169848e-01 
  564.000  5.167364e-01 
  565.000  5.164066e-01 
  566.000  5.160490e-01 
  567.000  5.155539e-01 
  568.000  5.146609e-01 
  569.000  5.133975e-01 
  570.000  5.131189e-01 
  571.000  5.132469e-01 
  572.000  5.121533e-01 
  573.000  5.118138e-01 
  574.000  5.114936e-01 
  575.000  5.112349e-01 
  576.000  5.113903e-01 
  577.000  5.118966e-01 
  578.000  5.126711e-01 
  579.000  5.138181e-01 
  580.000  5.154461e-01 
  581.000  5.173718e-01 
  582.000  5.189373e-01 
  583.000  5.202327e-01 
  584.000  5.213414e-01 
  585.000  5.223120e-01 
  586.000  5.231768e-01 
  587.000  5.236269e-01 
  588.000  5.231693e-01 
  589.000  5.219107e-01 
  590.000  5.221692e-01 
  591.000  5.236788e-01 
  592.000  5.233087e-01 
  593.000  5.250460e-01 
  594.000  5.250002e-01 
  595.000  5.242770e-01 
  596.000  5.255206e-01 
  597.000  5.248608e-01 
  598.000  5.251426e-01 
  599.000  5.250182e-01 
  600.000  5.252072e-01 
  601.000  5.252466e-01 
  602.000  5.250450e-01 
  603.000  5.253946e-01 
  604.000  5.261046e-01 
  605.000  5.267487e-01 
  606.000  5.273291e-01 
  607.000  5.278935e-01 
  608.000  5.284764e-01 
  609.000  5.290372e-01 
  610.000  5.296238e-01 
  611.000  5.302762e-01 
  612.000  5.309151e-01 
  613.000  5.315344e-01 
  614.000  5.321354e-01 
  615.000  5.327350e-01 
  616.000  5.333126e-01 
  617.000  5.338583e-01 
  618.000  5.343158e-01 
  619.000  5.347029e-01 
  620.000  5.350612e-01 
  621.000  5.353692e-01 
  622.000  5.356266e-01 
  623.000  5.357988e-01 
  624.000  5.359827e-01 
  625.000  5.361375e-01 
  626.000  5.362360e-01 
  627.000  5.352385e-01 
  628.000  5.162318e-01 
  629.000  5.291440e-01 
  630.000  5.296790e-01 
  631.000  5.331858e-01 
  632.000  5.356962e-01 
  633.000  5.383220e-01 
  634.000  5.403535e-01 
  635.000  5.419351e-01 
  636.000  5.433849e-01 
  637.000  5.447195e-01 
  638.000  5.461664e-01 
  639.000  5.473085e-01 
  640.000  5.485377e-01 
  641.000  5.495994e-01 
  642.000  5.505490e-01 
  643.000  5.511386e-01 
  644.000  5.518891e-01 
  645.000  5.523078e-01 
  646.000  5.519714e-01 
  647.000  5.519104e-01 
  648.000  5.516942e-01 
  649.000  5.530483e-01 
  650.000  5.549572e-01 
  651.000  5.554793e-01 
  652.000  5.548131e-01 
  653.000  5.567112e-01 
  654.000  5.570565e-01 
  655.000  5.570748e-01 
  656.000  5.577709e-01 
  657.000  5.584866e-01 
  658.000  5.594473e-01 
  659.000  5.602218e-01 
  660.000  5.608675e-01 
  661.000  5.617886e-01 
  662.000  5.624773e-01 
  663.000  5.629328e-01 
  664.000  5.634940e-01 
  665.000  5.640403e-01 
  666.000  5.646051e-01 
  667.000  5.651526e-01 
  668.000  5.657242e-01 
  669.000  5.662585e-01 
  670.000  5.667809e-01 
  671.000  5.673059e-01 
  672.000  5.678203e-01 
  673.000  5.683317e-01 
  674.000  5.688408e-01 
  675.000  5.693485e-01 
  676.000  5.698335e-01 
  677.000  5.702775e-01 
  678.000  5.707203e-01 
  679.000  5.711483e-01 
  680.000  5.715169e-01 
  681.000  5.718623e-01 
  682.000  5.722652e-01 
  683.000  5.726384e-01 
  684.000  5.729139e-01 
  685.000  5.734168e-01 
  686.000  5.711500e-01 
  687.000  4.853347e-01 
  688.000  5.115535e-01 
  689.000  5.046542e-01 
  690.000  5.182877e-01 
  691.000  5.383021e-01 
  692.000  5.535406e-01 
  693.000  5.615867e-01 
  694.000  5.659992e-01 
  695.000  5.698022e-01 
  696.000  5.717850e-01 
  697.000  5.756423e-01 
  698.000  5.753868e-01 
  699.000  5.729052e-01 
  700.000  5.736724e-01 
  701.000  5.732717e-01 
  702.000  5.740124e-01 
  703.000  5.765741e-01 
  704.000  5.769334e-01 
  705.000  5.762845e-01 
  706.000  5.766883e-01 
  707.000  5.771514e-01 
  708.000  5.776981e-01 
  709.000  5.787320e-01 
  710.000  5.780514e-01 
  711.000  5.791574e-01 
  712.000  5.800787e-01 
  713.000  5.797175e-01 
  714.000  5.797203e-01 
  715.000  5.790273e-01 
  716.000  5.784135e-01 
  717.000  5.721718e-01 
  718.000  5.683008e-01 
  719.000  5.670432e-01 
  720.000  5.648888e-01 
  721.000  5.751063e-01 
  722.000  5.787223e-01 
  723.000  5.770336e-01 
  724.000  5.716867e-01 
  725.000  5.727452e-01 
  726.000  5.726205e-01 
  727.000  5.735636e-01 
  728.000  5.728247e-01 
  729.000  5.751202e-01 
  730.000  5.748667e-01 
  731.000  5.745301e-01 
  732.000  5.782666e-01 
  733.000  5.817514e-01 
  734.000  5.833648e-01 
  735.000  5.830418e-01 
  736.000  5.821038e-01 
  737.000  5.830019e-01 
  738.000  5.840313e-01 
  739.000  5.846182e-01 
  740.000  5.857392e-01 
  741.000  5.864170e-01 
  742.000  5.867900e-01 
  743.000  5.874138e-01 
  744.000  5.878109e-01 
  745.000  5.881387e-01 
  746.000  5.884162e-01 
  747.000  5.886030e-01 
  748.000  5.889193e-01 
  749.000  5.891552e-01 
  750.000  5.892701e-01 
  751.000  5.894571e-01 
  752.000  5.897507e-01 
  753.000  5.899633e-01 
  754.000  5.901633e-01 
  755.000  5.903473e-01 
  756.000  5.905319e-01 
  757.000  5.906638e-01 
  758.000  5.895026e-01 
  759.000  5.434458e-01 
  760.000  2.203048e-01 
  761.000  1.922318e-01 
  762.000  3.717435e-01 
  763.000  3.141132e-01 
  764.000  3.424845e-01 
  765.000  4.081567e-01 
  766.000  4.895267e-01 
  767.000  5.313888e-01 
  768.000  5.590445e-01 
  769.000  5.774160e-01 
  770.000  5.873389e-01 
  771.000  5.920013e-01 
  772.000  5.931768e-01 
  773.000  5.937164e-01 
  774.000  5.944532e-01 
  775.000  5.948665e-01 
  776.000  5.951473e-01 
  777.000  5.952994e-01 
  778.000  5.953996e-01 
  779.000  5.954778e-01 
  780.000  5.955480e-01 
  781.000  5.956872e-01 
  782.000  5.957547e-01 
  783.000  5.958240e-01 
  784.000  5.958481e-01 
  785.000  5.956326e-01 
  786.000  5.952494e-01 
  787.000  5.945517e-01 
  788.000  5.941618e-01 
  789.000  5.927241e-01 
  790.000  5.926608e-01 
  791.000  5.930384e-01 
  792.000  5.933284e-01 
  793.000  5.940624e-01 
  794.000  5.954550e-01 
  795.000  5.946933e-01 
  796.000  5.927340e-01 
  797.000  5.933147e-01 
  798.000  5.947675e-01 
  799.000  5.945032e-01 
  800.000  5.935803e-01 
  801.000  5.937718e-01 
  802.000  5.937327e-01 
  803.000  5.939504e-01 
  804.000  5.944443e-01 
  805.000  5.954007e-01 
  806.000  5.960428e-01 
  807.000  5.961320e-01 
  808.000  5.958685e-01 
  809.000  5.955937e-01 
  810.000  5.952309e-01 
  811.000  5.944805e-01 
  812.000  5.935301e-01 
  813.000  5.921973e-01 
  814.000  5.904011e-01 
  815.000  5.881334e-01 
  816.000  5.851049e-01 
  817.000  5.853632e-01 
  818.000  5.856811e-01 
  819.000  5.867465e-01 
  820.000  5.901739e-01 
  821.000  5.940183e-01 
  822.000  5.912036e-01 
  823.000  5.829641e-01 
  824.000  5.900321e-01 
  825.000  5.944411e-01 
  826.000  5.937342e-01 
  827.000  5.932439e-01 
  828.000  5.904236e-01 
  829.000  5.915244e-01 
  830.000  5.927352e-01 
  831.000  5.930530e-01 
  832.000  5.932046e-01 
  833.000  5.939139e-01 
  834.000  5.947343e-01 
  835.000  5.961940e-01 
  836.000  5.958642e-01 
  837.000  5.958562e-01 
  838.000  5.964759e-01 
  839.000  5.969970e-01 
  840.000  5.972195e-01 
  841.000  5.967554e-01 
  842.000  5.972661e-01 
  843.000  5.983554e-01 
  844.000  5.988525e-01 
  845.000  5.991445e-01 
  846.000  5.993939e-01 
  847.000  5.996959e-01 
  848.000  5.993643e-01 
  849.000  5.994743e-01 
  850.000  5.992941e-01 
  851.000  5.991305e-01 
  852.000  5.992057e-01 
  853.000  5.996457e-01 
  854.000  5.996672e-01 
  855.000  5.998849e-01 
  856.000  6.003916e-01 
  857.000  6.006541e-01 
  858.000  6.008126e-01 
  859.000  6.011067e-01 
  860.000  6.012726e-01 
  861.000  6.013374e-01 
  862.000  6.014472e-01 
  863.000  6.015020e-01 
  864.000  6.015916e-01 
  865.000  6.016731e-01 
  866.000  6.017284e-01 
  867.000  6.017664e-01 
  868.000  6.018171e-01 
  869.000  6.018742e-01 
  870.000  6.019092e-01 
  871.000  6.019651e-01 
  872.000  6.020382e-01 
  873.000  6.020525e-01 
  874.000  6.020800e-01 
  875.000  6.021195e-01 
  876.000  6.021115e-01 
  877.000  6.021282e-01 
  878.000  6.019989e-01 
  879.000  6.020295e-01 
  880.000  6.019227e-01 
  881.000  6.018810e-01 
  882.000  6.018425e-01 
  883.000  6.019614e-01 
  884.000  6.020333e-01 
  885.000  6.017713e-01 
  886.000  6.015152e-01 
  887.000  6.018042e-01 
  888.000  6.018267e-01 
  889.000  6.019236e-01 
  890.000  6.017779e-01 
  891.000  6.014205e-01 
  892.000  6.005959e-01 
  893.000  5.980221e-01 
  894.000  5.969294e-01 
  895.000  5.928463e-01 
  896.000  5.891519e-01 
  897.000  5.851967e-01 
  898.000  5.833409e-01 
  899.000  5.777650e-01 
  900.000  5.786616e-01 
  901.000  5.771949e-01 
  902.000  5.774480e-01 
  903.000  5.868620e-01 
  904.000  5.923790e-01 
  905.000  5.921821e-01 
  906.000  5.887901e-01 
  907.000  5.826102e-01 
  908.000  5.784382e-01 
  909.000  5.786784e-01 
  910.000  5.793625e-01 
  911.000  5.822036e-01 
  912.000  5.808761e-01 
  913.000  5.748870e-01 
  914.000  5.779101e-01 
  915.000  5.802430e-01 
  916.000  5.808735e-01 
  917.000  5.821162e-01 
  918.000  5.837123e-01 
  919.000  5.890394e-01 
  920.000  5.929435e-01 
  921.000  5.920941e-01 
  922.000  5.920432e-01 
  923.000  5.909850e-01 
  924.000  5.883797e-01 
  925.000  5.882432e-01 
  926.000  5.883535e-01 
  927.000  5.853861e-01 
  928.000  5.806984e-01 
  929.000  5.736747e-01 
  930.000  5.642670e-01 
  931.000  5.530401e-01 
  932.000  5.376504e-01 
  933.000  5.245473e-01 
  934.000  5.095147e-01 
  935.000  5.080337e-01 
  936.000  5.145352e-01 
  937.000  5.127369e-01 
  938.000  5.288338e-01 
  939.000  5.651643e-01 
  940.000  5.698701e-01 
  941.000  5.656268e-01 
  942.000  5.549576e-01 
  943.000  5.355952e-01 
  944.000  5.342935e-01 
  945.000  5.417587e-01 
  946.000  5.420506e-01 
  947.000  5.480869e-01 
  948.000  5.515621e-01 
  949.000  5.509768e-01 
  950.000  5.518342e-01 
  951.000  5.594417e-01 
  952.000  5.510594e-01 
  953.000  5.567285e-01 
  954.000  5.625763e-01 
  955.000  5.575631e-01 
  956.000  5.561818e-01 
  957.000  5.708475e-01 
  958.000  5.725308e-01 
  959.000  5.700690e-01 
  960.000  5.692979e-01 
  961.000  5.680428e-01 
  962.000  5.690752e-01 
  963.000  5.766994e-01 
  964.000  5.777316e-01 
  965.000  5.769666e-01 
  966.000  5.773180e-01 
  967.000  5.825152e-01 
  968.000  5.908600e-01 
  969.000  5.944893e-01 
  970.000  5.946779e-01 
  971.000  5.946078e-01 
  972.000  5.936103e-01 
  973.000  5.912387e-01 
  974.000  5.882826e-01 
  975.000  5.863583e-01 
  976.000  5.887534e-01 
  977.000  5.926175e-01 
  978.000  5.923018e-01 
  979.000  5.932742e-01 
  980.000  5.970970e-01 
  981.000  5.979328e-01 
  982.000  5.970870e-01 
  983.000  5.990164e-01 
  984.000  6.009860e-01 
  985.000  6.019476e-01 
  986.000  6.033624e-01 
  987.000  6.040146e-01 
  988.000  6.041093e-01 
  989.000  6.042199e-01 
  990.000  6.043977e-01 
  991.000  6.049191e-01 
  992.000  6.051049e-01 
  993.000  6.051868e-01 
  994.000  6.056861e-01 
  995.000  6.060529e-01 
  996.000  6.060703e-01 
  997.000  6.058398e-01 
  998.000  6.056244e-01 
  999.000  6.056059e-01 
 1000.000  6.056497e-01 
 1001.000  6.052313e-01 
 1002.000  6.044518e-01 
 1003.000  6.046125e-01 
 1004.000  6.051332e-01 
 1005.000  6.053215e-01 
 1006.000  6.053832e-01 
 1007.000  6.052942e-01 
 1008.000  6.046003e-01 
 1009.000  6.037449e-01 
 1010.000  6.041673e-01 
 1011.000  6.050977e-01 
 1012.000  6.054269e-01 
 1013.000  6.057311e-01 
 1014.000  6.058598e-01 
 1015.000  6.058162e-01 
 1016.000  6.059596e-01 
 1017.000  6.060467e-01 
 1018.000  6.058533e-01 
 1019.000  6.055482e-01 
 1020.000  6.056663e-01 
 1021.000  6.058669e-01 
 1022.000  6.054635e-01 
 1023.000  6.051413e-01 
 1024.000  6.049031e-01 
 1025.000  6.054823e-01 
 1026.000  6.056861e-01 
 1027.000  6.055896e-01 
 1028.000  6.055882e-01 
 1029.000  6.058189e-01 
 1030.000  6.060695e-01 
 1031.000  6.061762e-01 
 1032.000  6.062315e-01 
 1033.000  6.062010e-01 
 1034.000  6.061962e-01 
 1035.000  6.061048e-01 
 1036.000  6.058656e-01 
 1037.000  6.056869e-01 
 1038.000  6.056840e-01 
 1039.000  6.055882e-01 
 1040.000  6.054570e-01 
 1041.000  6.053478e-01 
 1042.000  6.052827e-01 
 1043.000  6.052063e-01 
 1044.000  6.050638e-01 
 1045.000  6.048386e-01 
 1046.000  6.046515e-01 
 1047.000  6.043940e-01 
 1048.000  6.038681e-01 
 1049.000  6.032228e-01 
 1050.000  6.029192e-01 
 1051.000  6.027150e-01 
 1052.000  6.023987e-01 
 1053.000  6.021514e-01 
 1054.000  6.018102e-01 
 1055.000  6.014495e-01 
 1056.000  6.009902e-01 
 1057.000  6.003624e-01 
 1058.000  5.994674e-01 
 1059.000  5.991499e-01 
 1060.000  5.990810e-01 
 1061.000  5.987918e-01 
 1062.000  5.981374e-01 
 1063.000  5.975418e-01 
 1064.000  5.969185e-01 
 1065.000  5.966010e-01 
 1066.000  5.965784e-01 
 1067.000  5.963351e-01 
 1068.000  5.960619e-01 
 1069.000  5.968018e-01 
 1070.000  5.975807e-01 
 1071.000  5.979061e-01 
 1072.000  5.980085e-01 
 1073.000  5.984097e-01 
 1074.000  5.989140e-01 
 1075.000  5.998077e-01 
 1076.000  5.998838e-01 
 1077.000  5.998827e-01 
 1078.000  5.997198e-01 
 1079.000  5.999889e-01 
 1080.000  5.990902e-01 
 1081.000  5.992717e-01 
 1082.000  5.998992e-01 
 1083.000  5.996391e-01 
 1084.000  5.990748e-01 
 1085.000  5.974041e-01 
 1086.000  5.980341e-01 
 1087.000  6.002497e-01 
 1088.000  6.004886e-01 
 1089.000  5.981547e-01 
 1090.000  5.978428e-01 
 1091.000  5.984671e-01 
 1092.000  5.974012e-01 
 1093.000  5.946933e-01 
 1094.000  5.935504e-01 
 1095.000  5.938553e-01 
 1096.000  5.941439e-01 
 1097.000  5.937251e-01 
 1098.000  5.867274e-01 
 1099.000  5.805700e-01 
 1100.000  5.810961e-01 
 1101.000  5.820613e-01 
 1102.000  5.817886e-01 
 1103.000  5.824527e-01 
 1104.000  5.814588e-01 
 1105.000  5.788792e-01 
 1106.000  5.761571e-01 
 1107.000  5.770179e-01 
 1108.000  5.777423e-01 
 1109.000  5.803448e-01 
 1110.000  5.803849e-01 
 1111.000  5.792810e-01 
 1112.000  5.736442e-01 
 1113.000  5.657749e-01 
 1114.000  5.641594e-01 
 1115.000  5.540186e-01 
 1116.000  5.473440e-01 
 1117.000  5.298640e-01 
 1118.000  5.127609e-01 
 1119.000  5.034752e-01 
 1120.000  4.904304e-01 
 1121.000  4.875666e-01 
 1122.000  4.715359e-01 
 1123.000  4.813020e-01 
 1124.000  4.875211e-01 
 1125.000  4.845097e-01 
 1126.000  4.831429e-01 
 1127.000  4.842030e-01 
 1128.000  4.862277e-01 
 1129.000  5.006978e-01 
 1130.000  5.311179e-01 
 1131.000  5.390052e-01 
 1132.000  5.283887e-01 
 1133.000  5.063160e-01 
 1134.000  4.575589e-01 
 1135.000  4.616525e-01 
 1136.000  5.090169e-01 
 1137.000  5.300330e-01 
 1138.000  5.476831e-01 
 1139.000  5.518589e-01 
 1140.000  5.486305e-01 
 1141.000  5.414853e-01 
 1142.000  5.391333e-01 
 1143.000  5.314310e-01 
 1144.000  5.221039e-01 
 1145.000  5.077436e-01 
 1146.000  5.112178e-01 
 1147.000  5.222803e-01 
 1148.000  5.315157e-01 
 1149.000  5.348959e-01 
 1150.000  5.345198e-01 
