  320.000  1.470995e-01 
  321.000  1.845898e-01 
  322.000  1.697637e-01 
  323.000  1.885753e-01 
  324.000  2.076490e-01 
  325.000  1.934185e-01 
  326.000  2.168351e-01 
  327.000  2.234241e-01 
  328.000  2.092225e-01 
  329.000  2.365764e-01 
  330.000  2.409471e-01 
  331.000  2.323079e-01 
  332.000  2.490215e-01 
  333.000  2.539200e-01 
  334.000  2.498972e-01 
  335.000  2.622422e-01 
  336.000  2.672614e-01 
  337.000  2.651448e-01 
  338.000  2.710350e-01 
  339.000  2.771295e-01 
  340.000  2.761269e-01 
  341.000  2.820572e-01 
  342.000  2.864032e-01 
  343.000  2.885889e-01 
  344.000  2.890357e-01 
  345.000  2.949440e-01 
  346.000  2.986813e-01 
  347.000  3.017322e-01 
  348.000  3.045928e-01 
  349.000  3.078094e-01 
  350.000  3.105615e-01 
  351.000  3.133050e-01 
  352.000  3.155575e-01 
  353.000  3.187630e-01 
  354.000  3.214945e-01 
  355.000  3.240382e-01 
  356.000  3.265186e-01 
  357.000  3.287275e-01 
  358.000  3.311058e-01 
  359.000  3.334832e-01 
  360.000  3.359196e-01 
  361.000  3.389996e-01 
  362.000  3.422093e-01 
  363.000  3.451677e-01 
  364.000  3.478921e-01 
  365.000  3.504492e-01 
  366.000  3.530654e-01 
  367.000  3.555579e-01 
  368.000  3.580290e-01 
  369.000  3.604802e-01 
  370.000  3.629073e-01 
  371.000  3.653166e-01 
  372.000  3.677072e-01 
  373.000  3.700787e-01 
  374.000  3.724132e-01 
  375.000  3.747036e-01 
  376.000  3.769172e-01 
  377.000  3.790102e-01 
  378.000  3.809550e-01 
  379.000  3.829317e-01 
  380.000  3.851067e-01 
  381.000  3.875835e-01 
  382.000  3.901513e-01 
  383.000  3.925804e-01 
  384.000  3.948857e-01 
  385.000  3.971076e-01 
  386.000  3.992732e-01 
  387.000  4.014044e-01 
  388.000  4.035091e-01 
  389.000  4.055969e-01 
  390.000  4.076685e-01 
  391.000  4.097193e-01 
  392.000  4.117554e-01 
  393.000  4.137751e-01 
  394.000  4.157764e-01 
  395.000  4.177578e-01 
  396.000  4.197266e-01 
  397.000  4.216730e-01 
  398.000  4.236019e-01 
  399.000  4.255146e-01 
  400.000  4.274013e-01 
  401.000  4.292810e-01 
  402.000  4.311459e-01 
  403.000  4.329951e-01 
  404.000  4.348281e-01 
  405.000  4.366413e-01 
  406.000  4.384427e-01 
  407.000  4.402302e-01 
  408.000  4.420023e-01 
  409.000  4.437573e-01 
  410.000  4.454958e-01 
  411.000  4.472173e-01 
  412.000  4.489206e-01 
  413.000  4.506143e-01 
  414.000  4.521866e-01 
  415.000  4.538877e-01 
  416.000  4.555676e-01 
  417.000  4.572195e-01 
  418.000  4.588337e-01 
  419.000  4.604303e-01 
  420.000  4.620126e-01 
  421.000  4.635856e-01 
  422.000  4.651490e-01 
  423.000  4.667010e-01 
  424.000  4.682348e-01 
  425.000  4.697337e-01 
  426.000  4.712180e-01 
  427.000  4.726894e-01 
  428.000  4.741349e-01 
  429.000  4.755602e-01 
  430.000  4.769691e-01 
  431.000  4.783676e-01 
  432.000  4.797516e-01 
  433.000  4.811227e-01 
  434.000  4.824823e-01 
  435.000  4.838288e-01 
  436.000  4.851602e-01 
  437.000  4.864773e-01 
  438.000  4.877796e-01 
  439.000  4.890719e-01 
  440.000  4.903435e-01 
  441.000  4.915990e-01 
  442.000  4.928348e-01 
  443.000  4.940521e-01 
  444.000  4.952502e-01 
  445.000  4.964227e-01 
  446.000  4.975628e-01 
  447.000  4.987584e-01 
  448.000  5.000405e-01 
  449.000  5.013384e-01 
  450.000  5.026113e-01 
  451.000  5.038346e-01 
  452.000  5.050151e-01 
  453.000  5.061716e-01 
  454.000  5.073072e-01 
  455.000  5.083770e-01 
  456.000  5.093604e-01 
  457.000  5.103443e-01 
  458.000  5.113149e-01 
  459.000  5.122650e-01 
  460.000  5.132076e-01 
  461.000  5.141402e-01 
  462.000  5.150551e-01 
  463.000  5.159661e-01 
  464.000  5.171522e-01 
  465.000  5.183206e-01 
  466.000  5.194684e-01 
  467.000  5.205897e-01 
  468.000  5.215032e-01 
  469.000  5.222899e-01 
  470.000  5.230134e-01 
  471.000  5.236647e-01 
  472.000  5.242178e-01 
  473.000  5.246055e-01 
  474.000  5.249238e-01 
  475.000  5.250056e-01 
  476.000  5.248480e-01 
  477.000  5.248447e-01 
  478.000  5.257658e-01 
  479.000  5.271680e-01 
  480.000  5.286815e-01 
  481.000  5.300394e-01 
  482.000  5.313130e-01 
  483.000  5.324203e-01 
  484.000  5.333720e-01 
  485.000  5.342231e-01 
  486.000  5.351308e-01 
  487.000  5.360864e-01 
  488.000  5.370114e-01 
  489.000  5.379193e-01 
  490.000  5.388166e-01 
  491.000  5.395193e-01 
  492.000  5.401616e-01 
  493.000  5.408007e-01 
  494.000  5.414218e-01 
  495.000  5.420428e-01 
  496.000  5.423628e-01 
  497.000  5.426707e-01 
  498.000  5.429741e-01 
  499.000  5.432611e-01 
  500.000  5.435436e-01 
  501.000  5.437947e-01 
  502.000  5.440459e-01 
  503.000  5.442938e-01 
  504.000  5.445305e-01 
  505.000  5.447541e-01 
  506.000  5.454092e-01 
  507.000  5.460833e-01 
  508.000  5.467565e-01 
  509.000  5.474219e-01 
  510.000  5.480731e-01 
  511.000  5.486569e-01 
  512.000  5.492208e-01 
  513.000  5.497814e-01 
  514.000  5.503350e-01 
  515.000  5.508837e-01 
  516.000  5.512757e-01 
  517.000  5.515271e-01 
  518.000  5.517715e-01 
  519.000  5.520113e-01 
  520.000  5.522487e-01 
  521.000  5.524614e-01 
  522.000  5.526149e-01 
  523.000  5.527255e-01 
  524.000  5.528398e-01 
  525.000  5.529299e-01 
  526.000  5.530562e-01 
  527.000  5.530766e-01 
  528.000  5.530540e-01 
  529.000  5.530301e-01 
  530.000  5.530116e-01 
  531.000  5.529964e-01 
  532.000  5.530306e-01 
  533.000  5.533387e-01 
  534.000  5.537280e-01 
  535.000  5.541673e-01 
  536.000  5.545920e-01 
  537.000  5.549805e-01 
  538.000  5.553278e-01 
  539.000  5.556498e-01 
  540.000  5.559517e-01 
  541.000  5.562448e-01 
  542.000  5.565251e-01 
  543.000  5.567955e-01 
  544.000  5.569999e-01 
  545.000  5.571506e-01 
  546.000  5.572943e-01 
  547.000  5.574420e-01 
  548.000  5.575823e-01 
  549.000  5.577205e-01 
  550.000  5.577875e-01 
  551.000  5.577840e-01 
  552.000  5.577831e-01 
  553.000  5.577678e-01 
  554.000  5.577457e-01 
  555.000  5.577198e-01 
  556.000  5.576671e-01 
  557.000  5.575682e-01 
  558.000  5.574613e-01 
  559.000  5.573419e-01 
  560.000  5.571923e-01 
  561.000  5.570149e-01 
  562.000  5.566146e-01 
  563.000  5.563938e-01 
  564.000  5.560987e-01 
  565.000  5.556387e-01 
  566.000  5.553595e-01 
  567.000  5.543284e-01 
  568.000  5.512874e-01 
  569.000  5.446223e-01 
  570.000  5.455597e-01 
  571.000  5.500870e-01 
  572.000  5.455631e-01 
  573.000  5.466718e-01 
  574.000  5.469166e-01 
  575.000  5.465946e-01 
  576.000  5.467779e-01 
  577.000  5.484060e-01 
  578.000  5.504407e-01 
  579.000  5.522346e-01 
  580.000  5.538181e-01 
  581.000  5.561351e-01 
  582.000  5.576871e-01 
  583.000  5.586209e-01 
  584.000  5.594871e-01 
  585.000  5.601046e-01 
  586.000  5.607647e-01 
  587.000  5.590986e-01 
  588.000  5.501122e-01 
  589.000  5.359499e-01 
  590.000  5.352330e-01 
  591.000  5.451812e-01 
  592.000  5.401461e-01 
  593.000  5.514846e-01 
  594.000  5.491677e-01 
  595.000  5.414619e-01 
  596.000  5.524417e-01 
  597.000  5.497425e-01 
  598.000  5.540850e-01 
  599.000  5.557181e-01 
  600.000  5.596284e-01 
  601.000  5.621080e-01 
  602.000  5.627781e-01 
  603.000  5.639673e-01 
  604.000  5.653097e-01 
  605.000  5.662693e-01 
  606.000  5.669373e-01 
  607.000  5.675816e-01 
  608.000  5.681835e-01 
  609.000  5.687582e-01 
  610.000  5.693511e-01 
  611.000  5.700095e-01 
  612.000  5.706544e-01 
  613.000  5.712792e-01 
  614.000  5.718855e-01 
  615.000  5.724903e-01 
  616.000  5.730730e-01 
  617.000  5.736234e-01 
  618.000  5.740848e-01 
  619.000  5.744751e-01 
  620.000  5.748365e-01 
  621.000  5.751470e-01 
  622.000  5.754065e-01 
  623.000  5.755801e-01 
  624.000  5.757645e-01 
  625.000  5.759179e-01 
  626.000  5.755529e-01 
  627.000  5.718910e-01 
  628.000  5.526885e-01 
  629.000  5.640109e-01 
  630.000  5.673675e-01 
  631.000  5.711481e-01 
  632.000  5.699917e-01 
  633.000  5.753761e-01 
  634.000  5.778455e-01 
  635.000  5.788324e-01 
  636.000  5.805362e-01 
  637.000  5.819049e-01 
  638.000  5.845994e-01 
  639.000  5.855600e-01 
  640.000  5.873463e-01 
  641.000  5.881231e-01 
  642.000  5.894391e-01 
  643.000  5.887661e-01 
  644.000  5.893642e-01 
  645.000  5.880507e-01 
  646.000  5.803919e-01 
  647.000  5.752015e-01 
  648.000  5.693595e-01 
  649.000  5.752482e-01 
  650.000  5.862426e-01 
  651.000  5.866103e-01 
  652.000  5.776188e-01 
  653.000  5.887634e-01 
  654.000  5.879507e-01 
  655.000  5.843920e-01 
  656.000  5.861382e-01 
  657.000  5.886366e-01 
  658.000  5.927008e-01 
  659.000  5.952284e-01 
  660.000  5.965421e-01 
  661.000  5.995592e-01 
  662.000  6.011661e-01 
  663.000  6.013191e-01 
  664.000  6.021438e-01 
  665.000  6.029223e-01 
  666.000  6.037815e-01 
  667.000  6.045769e-01 
  668.000  6.054919e-01 
  669.000  6.061315e-01 
  670.000  6.066917e-01 
  671.000  6.072848e-01 
  672.000  6.078093e-01 
  673.000  6.083232e-01 
  674.000  6.088322e-01 
  675.000  6.093425e-01 
  676.000  6.098198e-01 
  677.000  6.102592e-01 
  678.000  6.107002e-01 
  679.000  6.110510e-01 
  680.000  6.110113e-01 
  681.000  6.108719e-01 
  682.000  6.111466e-01 
  683.000  6.112481e-01 
  684.000  6.107841e-01 
  685.000  6.116644e-01 
  686.000  6.090682e-01 
  687.000  5.211526e-01 
  688.000  5.487715e-01 
  689.000  5.407641e-01 
  690.000  5.552229e-01 
  691.000  5.737427e-01 
  692.000  5.842602e-01 
  693.000  5.772455e-01 
  694.000  5.681408e-01 
  695.000  5.767155e-01 
  696.000  5.817567e-01 
  697.000  6.034281e-01 
  698.000  5.989779e-01 
  699.000  5.795755e-01 
  700.000  5.828200e-01 
  701.000  5.785329e-01 
  702.000  5.817525e-01 
  703.000  5.980732e-01 
  704.000  5.988259e-01 
  705.000  5.921482e-01 
  706.000  5.935025e-01 
  707.000  5.959510e-01 
  708.000  5.985975e-01 
  709.000  6.039720e-01 
  710.000  5.983303e-01 
  711.000  6.041664e-01 
  712.000  6.091476e-01 
  713.000  6.052037e-01 
  714.000  6.038859e-01 
  715.000  5.974361e-01 
  716.000  5.907064e-01 
  717.000  5.486375e-01 
  718.000  5.230803e-01 
  719.000  5.139343e-01 
  720.000  5.002963e-01 
  721.000  5.608206e-01 
  722.000  5.827299e-01 
  723.000  5.703666e-01 
  724.000  5.355078e-01 
  725.000  5.406218e-01 
  726.000  5.390157e-01 
  727.000  5.439481e-01 
  728.000  5.386121e-01 
  729.000  5.519460e-01 
  730.000  5.496670e-01 
  731.000  5.469123e-01 
  732.000  5.695090e-01 
  733.000  5.913676e-01 
  734.000  6.019698e-01 
  735.000  5.982538e-01 
  736.000  5.913171e-01 
  737.000  5.965667e-01 
  738.000  6.037916e-01 
  739.000  6.069143e-01 
  740.000  6.138408e-01 
  741.000  6.178525e-01 
  742.000  6.195433e-01 
  743.000  6.232519e-01 
  744.000  6.247997e-01 
  745.000  6.260918e-01 
  746.000  6.271127e-01 
  747.000  6.273785e-01 
  748.000  6.282924e-01 
  749.000  6.287947e-01 
  750.000  6.285259e-01 
  751.000  6.287091e-01 
  752.000  6.295764e-01 
  753.000  6.299416e-01 
  754.000  6.302271e-01 
  755.000  6.304094e-01 
  756.000  6.306009e-01 
  757.000  6.307332e-01 
  758.000  6.295524e-01 
  759.000  5.819889e-01 
  760.000  2.434840e-01 
  761.000  2.134707e-01 
  762.000  4.034089e-01 
  763.000  3.428808e-01 
  764.000  3.727135e-01 
  765.000  4.414747e-01 
  766.000  5.261297e-01 
  767.000  5.694842e-01 
  768.000  5.980558e-01 
  769.000  6.170079e-01 
  770.000  6.271930e-01 
  771.000  6.320163e-01 
  772.000  6.332217e-01 
  773.000  6.337608e-01 
  774.000  6.344408e-01 
  775.000  6.348622e-01 
  776.000  6.351678e-01 
  777.000  6.352458e-01 
  778.000  6.352162e-01 
  779.000  6.351773e-01 
  780.000  6.351365e-01 
  781.000  6.355295e-01 
  782.000  6.354764e-01 
  783.000  6.354366e-01 
  784.000  6.351123e-01 
  785.000  6.336416e-01 
  786.000  6.313614e-01 
  787.000  6.261271e-01 
  788.000  6.233784e-01 
  789.000  6.135972e-01 
  790.000  6.127555e-01 
  791.000  6.145990e-01 
  792.000  6.163079e-01 
  793.000  6.202918e-01 
  794.000  6.287526e-01 
  795.000  6.235793e-01 
  796.000  6.098542e-01 
  797.000  6.137704e-01 
  798.000  6.224462e-01 
  799.000  6.204656e-01 
  800.000  6.141521e-01 
  801.000  6.149030e-01 
  802.000  6.142660e-01 
  803.000  6.151901e-01 
  804.000  6.181613e-01 
  805.000  6.238564e-01 
  806.000  6.272625e-01 
  807.000  6.274139e-01 
  808.000  6.254812e-01 
  809.000  6.231053e-01 
  810.000  6.204998e-01 
  811.000  6.151684e-01 
  812.000  6.080030e-01 
  813.000  5.992544e-01 
  814.000  5.877598e-01 
  815.000  5.735233e-01 
  816.000  5.554664e-01 
  817.000  5.564266e-01 
  818.000  5.578831e-01 
  819.000  5.638425e-01 
  820.000  5.838020e-01 
  821.000  6.067650e-01 
  822.000  5.892797e-01 
  823.000  5.412133e-01 
  824.000  5.816628e-01 
  825.000  6.080731e-01 
  826.000  6.035899e-01 
  827.000  6.002415e-01 
  828.000  5.828708e-01 
  829.000  5.891047e-01 
  830.000  5.961223e-01 
  831.000  5.977845e-01 
  832.000  5.985441e-01 
  833.000  6.026140e-01 
  834.000  6.074169e-01 
  835.000  6.169549e-01 
  836.000  6.138995e-01 
  837.000  6.135888e-01 
  838.000  6.182322e-01 
  839.000  6.210580e-01 
  840.000  6.220842e-01 
  841.000  6.190275e-01 
  842.000  6.217759e-01 
  843.000  6.283120e-01 
  844.000  6.312850e-01 
  845.000  6.326711e-01 
  846.000  6.341293e-01 
  847.000  6.357368e-01 
  848.000  6.330833e-01 
  849.000  6.334212e-01 
  850.000  6.321092e-01 
  851.000  6.305478e-01 
  852.000  6.307028e-01 
  853.000  6.332819e-01 
  854.000  6.331441e-01 
  855.000  6.344422e-01 
  856.000  6.371427e-01 
  857.000  6.381512e-01 
  858.000  6.387672e-01 
  859.000  6.400564e-01 
  860.000  6.406877e-01 
  861.000  6.408003e-01 
  862.000  6.411960e-01 
  863.000  6.412485e-01 
  864.000  6.415203e-01 
  865.000  6.417426e-01 
  866.000  6.418024e-01 
  867.000  6.417631e-01 
  868.000  6.417987e-01 
  869.000  6.418734e-01 
  870.000  6.418200e-01 
  871.000  6.418906e-01 
  872.000  6.420618e-01 
  873.000  6.418925e-01 
  874.000  6.418012e-01 
  875.000  6.417803e-01 
  876.000  6.414843e-01 
  877.000  6.413770e-01 
  878.000  6.405643e-01 
  879.000  6.405095e-01 
  880.000  6.398084e-01 
  881.000  6.393924e-01 
  882.000  6.389927e-01 
  883.000  6.393901e-01 
  884.000  6.395493e-01 
  885.000  6.380977e-01 
  886.000  6.362074e-01 
  887.000  6.377743e-01 
  888.000  6.376809e-01 
  889.000  6.380135e-01 
  890.000  6.369551e-01 
  891.000  6.344892e-01 
  892.000  6.292961e-01 
  893.000  6.136146e-01 
  894.000  6.057969e-01 
  895.000  5.822396e-01 
  896.000  5.612396e-01 
  897.000  5.392596e-01 
  898.000  5.290431e-01 
  899.000  5.007318e-01 
  900.000  5.047251e-01 
  901.000  4.974402e-01 
  902.000  4.988733e-01 
  903.000  5.465580e-01 
  904.000  5.762008e-01 
  905.000  5.751817e-01 
  906.000  5.566354e-01 
  907.000  5.242060e-01 
  908.000  5.030830e-01 
  909.000  5.039308e-01 
  910.000  5.070784e-01 
  911.000  5.210721e-01 
  912.000  5.142934e-01 
  913.000  4.850938e-01 
  914.000  4.994933e-01 
  915.000  5.109466e-01 
  916.000  5.140941e-01 
  917.000  5.203880e-01 
  918.000  5.285324e-01 
  919.000  5.563364e-01 
  920.000  5.776208e-01 
  921.000  5.729773e-01 
  922.000  5.725909e-01 
  923.000  5.666597e-01 
  924.000  5.524580e-01 
  925.000  5.511742e-01 
  926.000  5.505481e-01 
  927.000  5.338575e-01 
  928.000  5.084537e-01 
  929.000  4.723679e-01 
  930.000  4.275408e-01 
  931.000  3.789170e-01 
  932.000  3.170040e-01 
  933.000  2.733915e-01 
  934.000  2.307007e-01 
  935.000  2.260871e-01 
  936.000  2.423800e-01 
  937.000  2.383886e-01 
  938.000  2.867088e-01 
  939.000  4.202824e-01 
  940.000  4.413321e-01 
  941.000  4.235122e-01 
  942.000  3.802235e-01 
  943.000  3.107074e-01 
  944.000  3.058458e-01 
  945.000  3.301881e-01 
  946.000  3.317294e-01 
  947.000  3.543002e-01 
  948.000  3.676664e-01 
  949.000  3.661322e-01 
  950.000  3.696275e-01 
  951.000  3.998192e-01 
  952.000  3.679647e-01 
  953.000  3.906527e-01 
  954.000  4.153733e-01 
  955.000  3.957831e-01 
  956.000  3.917794e-01 
  957.000  4.546301e-01 
  958.000  4.631496e-01 
  959.000  4.527552e-01 
  960.000  4.498479e-01 
  961.000  4.446854e-01 
  962.000  4.496298e-01 
  963.000  4.849198e-01 
  964.000  4.901274e-01 
  965.000  4.868552e-01 
  966.000  4.889108e-01 
  967.000  5.145481e-01 
  968.000  5.579433e-01 
  969.000  5.778326e-01 
  970.000  5.789555e-01 
  971.000  5.784950e-01 
  972.000  5.728381e-01 
  973.000  5.598419e-01 
  974.000  5.441267e-01 
  975.000  5.340869e-01 
  976.000  5.463749e-01 
  977.000  5.668185e-01 
  978.000  5.652037e-01 
  979.000  5.705816e-01 
  980.000  5.916553e-01 
  981.000  5.963760e-01 
  982.000  5.917204e-01 
  983.000  6.026196e-01 
  984.000  6.138712e-01 
  985.000  6.202880e-01 
  986.000  6.285820e-01 
  987.000  6.321912e-01 
  988.000  6.330256e-01 
  989.000  6.335590e-01 
  990.000  6.344377e-01 
  991.000  6.375289e-01 
  992.000  6.384049e-01 
  993.000  6.387307e-01 
  994.000  6.415203e-01 
  995.000  6.432663e-01 
  996.000  6.432452e-01 
  997.000  6.420523e-01 
  998.000  6.407733e-01 
  999.000  6.402509e-01 
 1000.000  6.406699e-01 
 1001.000  6.377062e-01 
 1002.000  6.329722e-01 
 1003.000  6.340913e-01 
 1004.000  6.368083e-01 
 1005.000  6.380485e-01 
 1006.000  6.384441e-01 
 1007.000  6.375357e-01 
 1008.000  6.336772e-01 
 1009.000  6.285268e-01 
 1010.000  6.308171e-01 
 1011.000  6.362888e-01 
 1012.000  6.383743e-01 
 1013.000  6.400154e-01 
 1014.000  6.407018e-01 
 1015.000  6.408314e-01 
 1016.000  6.415722e-01 
 1017.000  6.418495e-01 
 1018.000  6.410697e-01 
 1019.000  6.391633e-01 
 1020.000  6.398304e-01 
 1021.000  6.412022e-01 
 1022.000  6.388934e-01 
 1023.000  6.369627e-01 
 1024.000  6.358065e-01 
 1025.000  6.393427e-01 
 1026.000  6.409046e-01 
 1027.000  6.402391e-01 
 1028.000  6.407841e-01 
 1029.000  6.422080e-01 
 1030.000  6.436275e-01 
 1031.000  6.443529e-01 
 1032.000  6.449195e-01 
 1033.000  6.450872e-01 
 1034.000  6.454255e-01 
 1035.000  6.455848e-01 
 1036.000  6.454836e-01 
 1037.000  6.455210e-01 
 1038.000  6.456360e-01 
 1039.000  6.454152e-01 
 1040.000  6.452255e-01 
 1041.000  6.450755e-01 
 1042.000  6.450332e-01 
 1043.000  6.450283e-01 
 1044.000  6.448950e-01 
 1045.000  6.444763e-01 
 1046.000  6.441950e-01 
 1047.000  6.438618e-01 
 1048.000  6.434447e-01 
 1049.000  6.430471e-01 
 1050.000  6.426232e-01 
 1051.000  6.419938e-01 
 1052.000  6.416162e-01 
 1053.000  6.415330e-01 
 1054.000  6.409006e-01 
 1055.000  6.402564e-01 
 1056.000  6.397235e-01 
 1057.000  6.384591e-01 
 1058.000  6.360760e-01 
 1059.000  6.362042e-01 
 1060.000  6.373710e-01 
 1061.000  6.370633e-01 
 1062.000  6.355586e-01 
 1063.000  6.349902e-01 
 1064.000  6.337082e-01 
 1065.000  6.323314e-01 
 1066.000  6.322970e-01 
 1067.000  6.316217e-01 
 1068.000  6.286814e-01 
 1069.000  6.272799e-01 
 1070.000  6.277559e-01 
 1071.000  6.258920e-01 
 1072.000  6.239755e-01 
 1073.000  6.236231e-01 
 1074.000  6.239294e-01 
 1075.000  6.268133e-01 
 1076.000  6.250341e-01 
 1077.000  6.226423e-01 
 1078.000  6.198254e-01 
 1079.000  6.194679e-01 
 1080.000  6.119238e-01 
 1081.000  6.115042e-01 
 1082.000  6.148294e-01 
 1083.000  6.108283e-01 
 1084.000  6.064574e-01 
 1085.000  5.960661e-01 
 1086.000  5.984893e-01 
 1087.000  6.099240e-01 
 1088.000  6.103809e-01 
 1089.000  5.964577e-01 
 1090.000  5.938380e-01 
 1091.000  5.964630e-01 
 1092.000  5.895680e-01 
 1093.000  5.742566e-01 
 1094.000  5.676157e-01 
 1095.000  5.686656e-01 
 1096.000  5.695930e-01 
 1097.000  5.665056e-01 
 1098.000  5.297560e-01 
 1099.000  4.988675e-01 
 1100.000  5.009109e-01 
 1101.000  5.051091e-01 
 1102.000  5.029844e-01 
 1103.000  5.057300e-01 
 1104.000  5.005457e-01 
 1105.000  4.876385e-01 
 1106.000  4.747847e-01 
 1107.000  4.778236e-01 
 1108.000  4.799552e-01 
 1109.000  4.906780e-01 
 1110.000  4.889600e-01 
 1111.000  4.826612e-01 
 1112.000  4.556552e-01 
 1113.000  4.191080e-01 
 1114.000  4.086732e-01 
 1115.000  3.650077e-01 
 1116.000  3.387289e-01 
 1117.000  2.808287e-01 
 1118.000  2.301052e-01 
 1119.000  2.040183e-01 
 1120.000  1.734267e-01 
 1121.000  1.667500e-01 
 1122.000  1.374994e-01 
 1123.000  1.526869e-01 
 1124.000  1.632089e-01 
 1125.000  1.575210e-01 
 1126.000  1.553463e-01 
 1127.000  1.580196e-01 
 1128.000  1.631929e-01 
 1129.000  1.933383e-01 
 1130.000  2.681153e-01 
 1131.000  2.909721e-01 
 1132.000  2.596214e-01 
 1133.000  2.057168e-01 
 1134.000  1.179733e-01 
 1135.000  1.242073e-01 
 1136.000  2.138860e-01 
 1137.000  2.684496e-01 
 1138.000  3.249418e-01 
 1139.000  3.436620e-01 
 1140.000  3.326378e-01 
 1141.000  3.109348e-01 
 1142.000  3.031466e-01 
 1143.000  2.791634e-01 
 1144.000  2.530190e-01 
 1145.000  2.164755e-01 
 1146.000  2.250053e-01 
 1147.000  2.538111e-01 
 1148.000  2.802122e-01 
 1149.000  2.913162e-01 
 1150.000  2.924717e-01 
