  320.000  2.682791e-01 
  321.000  3.196160e-01 
  322.000  2.996290e-01 
  323.000  3.249252e-01 
  324.000  3.499903e-01 
  325.000  3.313425e-01 
  326.000  3.618721e-01 
  327.000  3.703238e-01 
  328.000  3.520339e-01 
  329.000  3.870262e-01 
  330.000  3.925292e-01 
  331.000  3.816294e-01 
  332.000  4.026358e-01 
  333.000  4.087307e-01 
  334.000  4.037274e-01 
  335.000  4.190240e-01 
  336.000  4.251960e-01 
  337.000  4.225965e-01 
  338.000  4.298186e-01 
  339.000  4.372537e-01 
  340.000  4.360331e-01 
  341.000  4.432378e-01 
  342.000  4.484958e-01 
  343.000  4.511332e-01 
  344.000  4.516718e-01 
  345.000  4.587761e-01 
  346.000  4.632531e-01 
  347.000  4.668982e-01 
  348.000  4.703085e-01 
  349.000  4.741342e-01 
  350.000  4.774004e-01 
  351.000  4.806497e-01 
  352.000  4.833126e-01 
  353.000  4.870948e-01 
  354.000  4.903107e-01 
  355.000  4.933000e-01 
  356.000  4.962097e-01 
  357.000  4.987967e-01 
  358.000  5.015776e-01 
  359.000  5.043529e-01 
  360.000  5.071923e-01 
  361.000  5.107751e-01 
  362.000  5.145009e-01 
  363.000  5.179279e-01 
  364.000  5.210779e-01 
  365.000  5.240293e-01 
  366.000  5.270439e-01 
  367.000  5.299111e-01 
  368.000  5.327493e-01 
  369.000  5.355601e-01 
  370.000  5.383389e-01 
  371.000  5.410932e-01 
  372.000  5.438222e-01 
  373.000  5.465252e-01 
  374.000  5.491821e-01 
  375.000  5.517852e-01 
  376.000  5.542975e-01 
  377.000  5.566699e-01 
  378.000  5.588716e-01 
  379.000  5.611069e-01 
  380.000  5.635631e-01 
  381.000  5.663564e-01 
  382.000  5.692481e-01 
  383.000  5.719797e-01 
  384.000  5.745683e-01 
  385.000  5.770600e-01 
  386.000  5.794856e-01 
  387.000  5.818697e-01 
  388.000  5.842213e-01 
  389.000  5.865513e-01 
  390.000  5.888604e-01 
  391.000  5.911438e-01 
  392.000  5.934081e-01 
  393.000  5.956517e-01 
  394.000  5.978725e-01 
  395.000  6.000686e-01 
  396.000  6.022486e-01 
  397.000  6.044014e-01 
  398.000  6.065325e-01 
  399.000  6.086437e-01 
  400.000  6.107239e-01 
  401.000  6.127944e-01 
  402.000  6.148465e-01 
  403.000  6.168793e-01 
  404.000  6.188924e-01 
  405.000  6.208819e-01 
  406.000  6.228564e-01 
  407.000  6.248140e-01 
  408.000  6.267529e-01 
  409.000  6.286713e-01 
  410.000  6.305700e-01 
  411.000  6.324484e-01 
  412.000  6.343054e-01 
  413.000  6.361502e-01 
  414.000  6.378615e-01 
  415.000  6.397114e-01 
  416.000  6.415366e-01 
  417.000  6.433300e-01 
  418.000  6.450810e-01 
  419.000  6.468114e-01 
  420.000  6.485251e-01 
  421.000  6.502273e-01 
  422.000  6.519179e-01 
  423.000  6.535949e-01 
  424.000  6.552509e-01 
  425.000  6.568679e-01 
  426.000  6.584682e-01 
  427.000  6.600535e-01 
  428.000  6.616095e-01 
  429.000  6.631430e-01 
  430.000  6.646577e-01 
  431.000  6.661602e-01 
  432.000  6.676462e-01 
  433.000  6.691172e-01 
  434.000  6.705751e-01 
  435.000  6.720179e-01 
  436.000  6.734437e-01 
  437.000  6.748533e-01 
  438.000  6.762461e-01 
  439.000  6.776275e-01 
  440.000  6.789859e-01 
  441.000  6.803263e-01 
  442.000  6.816450e-01 
  443.000  6.829430e-01 
  444.000  6.842201e-01 
  445.000  6.854691e-01 
  446.000  6.866828e-01 
  447.000  6.879551e-01 
  448.000  6.893186e-01 
  449.000  6.906980e-01 
  450.000  6.920502e-01 
  451.000  6.933489e-01 
  452.000  6.946015e-01 
  453.000  6.958279e-01 
  454.000  6.970316e-01 
  455.000  6.981649e-01 
  456.000  6.992064e-01 
  457.000  7.002477e-01 
  458.000  7.012746e-01 
  459.000  7.022793e-01 
  460.000  7.032757e-01 
  461.000  7.042612e-01 
  462.000  7.052276e-01 
  463.000  7.061894e-01 
  464.000  7.074411e-01 
  465.000  7.086735e-01 
  466.000  7.098835e-01 
  467.000  7.110651e-01 
  468.000  7.120271e-01 
  469.000  7.128553e-01 
  470.000  7.136168e-01 
  471.000  7.143021e-01 
  472.000  7.148839e-01 
  473.000  7.152916e-01 
  474.000  7.156264e-01 
  475.000  7.157123e-01 
  476.000  7.155466e-01 
  477.000  7.155432e-01 
  478.000  7.165115e-01 
  479.000  7.179848e-01 
  480.000  7.195741e-01 
  481.000  7.209991e-01 
  482.000  7.223348e-01 
  483.000  7.234955e-01 
  484.000  7.244928e-01 
  485.000  7.253842e-01 
  486.000  7.263346e-01 
  487.000  7.273348e-01 
  488.000  7.283025e-01 
  489.000  7.292520e-01 
  490.000  7.301899e-01 
  491.000  7.309242e-01 
  492.000  7.315952e-01 
  493.000  7.322627e-01 
  494.000  7.329112e-01 
  495.000  7.335595e-01 
  496.000  7.338935e-01 
  497.000  7.342148e-01 
  498.000  7.345313e-01 
  499.000  7.348308e-01 
  500.000  7.351255e-01 
  501.000  7.353874e-01 
  502.000  7.356493e-01 
  503.000  7.359079e-01 
  504.000  7.361546e-01 
  505.000  7.363878e-01 
  506.000  7.370707e-01 
  507.000  7.377732e-01 
  508.000  7.384745e-01 
  509.000  7.391675e-01 
  510.000  7.398456e-01 
  511.000  7.404534e-01 
  512.000  7.410402e-01 
  513.000  7.416235e-01 
  514.000  7.421994e-01 
  515.000  7.427700e-01 
  516.000  7.431777e-01 
  517.000  7.434390e-01 
  518.000  7.436931e-01 
  519.000  7.439423e-01 
  520.000  7.441891e-01 
  521.000  7.444102e-01 
  522.000  7.445695e-01 
  523.000  7.446845e-01 
  524.000  7.448033e-01 
  525.000  7.448969e-01 
  526.000  7.450282e-01 
  527.000  7.450494e-01 
  528.000  7.450259e-01 
  529.000  7.450011e-01 
  530.000  7.449818e-01 
  531.000  7.449660e-01 
  532.000  7.450015e-01 
  533.000  7.453216e-01 
  534.000  7.457260e-01 
  535.000  7.461822e-01 
  536.000  7.466232e-01 
  537.000  7.470266e-01 
  538.000  7.473871e-01 
  539.000  7.477213e-01 
  540.000  7.480346e-01 
  541.000  7.483388e-01 
  542.000  7.486296e-01 
  543.000  7.489101e-01 
  544.000  7.491221e-01 
  545.000  7.492784e-01 
  546.000  7.494274e-01 
  547.000  7.495807e-01 
  548.000  7.497262e-01 
  549.000  7.498694e-01 
  550.000  7.499389e-01 
  551.000  7.499353e-01 
  552.000  7.499344e-01 
  553.000  7.499185e-01 
  554.000  7.498956e-01 
  555.000  7.498687e-01 
  556.000  7.498141e-01 
  557.000  7.497115e-01 
  558.000  7.496006e-01 
  559.000  7.494768e-01 
  560.000  7.493216e-01 
  561.000  7.491376e-01 
  562.000  7.487224e-01 
  563.000  7.484934e-01 
  564.000  7.481872e-01 
  565.000  7.477098e-01 
  566.000  7.474200e-01 
  567.000  7.463288e-01 
  568.000  7.428580e-01 
  569.000  7.353233e-01 
  570.000  7.364362e-01 
  571.000  7.417073e-01 
  572.000  7.365425e-01 
  573.000  7.378581e-01 
  574.000  7.381771e-01 
  575.000  7.378343e-01 
  576.000  7.380272e-01 
  577.000  7.398487e-01 
  578.000  7.421799e-01 
  579.000  7.441139e-01 
  580.000  7.457557e-01 
  581.000  7.482032e-01 
  582.000  7.498124e-01 
  583.000  7.507374e-01 
  584.000  7.515920e-01 
  585.000  7.522058e-01 
  586.000  7.528458e-01 
  587.000  7.508312e-01 
  588.000  7.405800e-01 
  589.000  7.244325e-01 
  590.000  7.235796e-01 
  591.000  7.348697e-01 
  592.000  7.291074e-01 
  593.000  7.419624e-01 
  594.000  7.393049e-01 
  595.000  7.305182e-01 
  596.000  7.430028e-01 
  597.000  7.399681e-01 
  598.000  7.449241e-01 
  599.000  7.468031e-01 
  600.000  7.512631e-01 
  601.000  7.541724e-01 
  602.000  7.549684e-01 
  603.000  7.562808e-01 
  604.000  7.577269e-01 
  605.000  7.587187e-01 
  606.000  7.594089e-01 
  607.000  7.600744e-01 
  608.000  7.606960e-01 
  609.000  7.612894e-01 
  610.000  7.619013e-01 
  611.000  7.625808e-01 
  612.000  7.632461e-01 
  613.000  7.638904e-01 
  614.000  7.645157e-01 
  615.000  7.651392e-01 
  616.000  7.657397e-01 
  617.000  7.663068e-01 
  618.000  7.667822e-01 
  619.000  7.671843e-01 
  620.000  7.675564e-01 
  621.000  7.678761e-01 
  622.000  7.681434e-01 
  623.000  7.683221e-01 
  624.000  7.685120e-01 
  625.000  7.686698e-01 
  626.000  7.682942e-01 
  627.000  7.640774e-01 
  628.000  7.418082e-01 
  629.000  7.549369e-01 
  630.000  7.586704e-01 
  631.000  7.629615e-01 
  632.000  7.616420e-01 
  633.000  7.676577e-01 
  634.000  7.703930e-01 
  635.000  7.714044e-01 
  636.000  7.731823e-01 
  637.000  7.745914e-01 
  638.000  7.775156e-01 
  639.000  7.784580e-01 
  640.000  7.803509e-01 
  641.000  7.811312e-01 
  642.000  7.825254e-01 
  643.000  7.816639e-01 
  644.000  7.822642e-01 
  645.000  7.806596e-01 
  646.000  7.720012e-01 
  647.000  7.661073e-01 
  648.000  7.594711e-01 
  649.000  7.660396e-01 
  650.000  7.783285e-01 
  651.000  7.786871e-01 
  652.000  7.685390e-01 
  653.000  7.809934e-01 
  654.000  7.800283e-01 
  655.000  7.759870e-01 
  656.000  7.778935e-01 
  657.000  7.806429e-01 
  658.000  7.851409e-01 
  659.000  7.879153e-01 
  660.000  7.893304e-01 
  661.000  7.927348e-01 
  662.000  7.944648e-01 
  663.000  7.945727e-01 
  664.000  7.954584e-01 
  665.000  7.962636e-01 
  666.000  7.971961e-01 
  667.000  7.980058e-01 
  668.000  7.989371e-01 
  669.000  7.995880e-01 
  670.000  8.001578e-01 
  671.000  8.007612e-01 
  672.000  8.012944e-01 
  673.000  8.018169e-01 
  674.000  8.023342e-01 
  675.000  8.028528e-01 
  676.000  8.033378e-01 
  677.000  8.037842e-01 
  678.000  8.042321e-01 
  679.000  8.045884e-01 
  680.000  8.045480e-01 
  681.000  8.043784e-01 
  682.000  8.046196e-01 
  683.000  8.046744e-01 
  684.000  8.041064e-01 
  685.000  8.050671e-01 
  686.000  8.020771e-01 
  687.000  7.008593e-01 
  688.000  7.327940e-01 
  689.000  7.235181e-01 
  690.000  7.401588e-01 
  691.000  7.614412e-01 
  692.000  7.735409e-01 
  693.000  7.657189e-01 
  694.000  7.554555e-01 
  695.000  7.651899e-01 
  696.000  7.708693e-01 
  697.000  7.952977e-01 
  698.000  7.902507e-01 
  699.000  7.683047e-01 
  700.000  7.719534e-01 
  701.000  7.670690e-01 
  702.000  7.706789e-01 
  703.000  7.890735e-01 
  704.000  7.898831e-01 
  705.000  7.823184e-01 
  706.000  7.838163e-01 
  707.000  7.865484e-01 
  708.000  7.895012e-01 
  709.000  7.955250e-01 
  710.000  7.891454e-01 
  711.000  7.956903e-01 
  712.000  8.012668e-01 
  713.000  7.968118e-01 
  714.000  7.953158e-01 
  715.000  7.880507e-01 
  716.000  7.804931e-01 
  717.000  7.328205e-01 
  718.000  7.036290e-01 
  719.000  6.931381e-01 
  720.000  6.773458e-01 
  721.000  7.466596e-01 
  722.000  7.714509e-01 
  723.000  7.574205e-01 
  724.000  7.176965e-01 
  725.000  7.235444e-01 
  726.000  7.216778e-01 
  727.000  7.272840e-01 
  728.000  7.211529e-01 
  729.000  7.363362e-01 
  730.000  7.336877e-01 
  731.000  7.304915e-01 
  732.000  7.561622e-01 
  733.000  7.808285e-01 
  734.000  7.927213e-01 
  735.000  7.885060e-01 
  736.000  7.806659e-01 
  737.000  7.865618e-01 
  738.000  7.946728e-01 
  739.000  7.981612e-01 
  740.000  8.059145e-01 
  741.000  8.103915e-01 
  742.000  8.122663e-01 
  743.000  8.164016e-01 
  744.000  8.182164e-01 
  745.000  8.196504e-01 
  746.000  8.207720e-01 
  747.000  8.210445e-01 
  748.000  8.220415e-01 
  749.000  8.225483e-01 
  750.000  8.222544e-01 
  751.000  8.224391e-01 
  752.000  8.233369e-01 
  753.000  8.237051e-01 
  754.000  8.239931e-01 
  755.000  8.241768e-01 
  756.000  8.243700e-01 
  757.000  8.245033e-01 
  758.000  8.232492e-01 
  759.000  7.690926e-01 
  760.000  3.621888e-01 
  761.000  3.232597e-01 
  762.000  5.602663e-01 
  763.000  4.868229e-01 
  764.000  5.232003e-01 
  765.000  6.056148e-01 
  766.000  7.047260e-01 
  767.000  7.546139e-01 
  768.000  7.871977e-01 
  769.000  8.086854e-01 
  770.000  8.200163e-01 
  771.000  8.255555e-01 
  772.000  8.269008e-01 
  773.000  8.275089e-01 
  774.000  8.282387e-01 
  775.000  8.286630e-01 
  776.000  8.289706e-01 
  777.000  8.290491e-01 
  778.000  8.290193e-01 
  779.000  8.289802e-01 
  780.000  8.289391e-01 
  781.000  8.293347e-01 
  782.000  8.292812e-01 
  783.000  8.292411e-01 
  784.000  8.289148e-01 
  785.000  8.272225e-01 
  786.000  8.245807e-01 
  787.000  8.186970e-01 
  788.000  8.156030e-01 
  789.000  8.045878e-01 
  790.000  8.036339e-01 
  791.000  8.057030e-01 
  792.000  8.076162e-01 
  793.000  8.120880e-01 
  794.000  8.215876e-01 
  795.000  8.157664e-01 
  796.000  8.003032e-01 
  797.000  8.047095e-01 
  798.000  8.144659e-01 
  799.000  8.122280e-01 
  800.000  8.051118e-01 
  801.000  8.059492e-01 
  802.000  8.052226e-01 
  803.000  8.062535e-01 
  804.000  8.095863e-01 
  805.000  8.159813e-01 
  806.000  8.197970e-01 
  807.000  8.199579e-01 
  808.000  8.177797e-01 
  809.000  8.151049e-01 
  810.000  8.121750e-01 
  811.000  8.061788e-01 
  812.000  7.981181e-01 
  813.000  7.882600e-01 
  814.000  7.752802e-01 
  815.000  7.591705e-01 
  816.000  7.385983e-01 
  817.000  7.397159e-01 
  818.000  7.413761e-01 
  819.000  7.481441e-01 
  820.000  7.708137e-01 
  821.000  7.967859e-01 
  822.000  7.770068e-01 
  823.000  7.222015e-01 
  824.000  7.683407e-01 
  825.000  7.982084e-01 
  826.000  7.931067e-01 
  827.000  7.893170e-01 
  828.000  7.696452e-01 
  829.000  7.767080e-01 
  830.000  7.846375e-01 
  831.000  7.864987e-01 
  832.000  7.873228e-01 
  833.000  7.919014e-01 
  834.000  7.972984e-01 
  835.000  8.080200e-01 
  836.000  8.045642e-01 
  837.000  8.041955e-01 
  838.000  8.094118e-01 
  839.000  8.125768e-01 
  840.000  8.137215e-01 
  841.000  8.102741e-01 
  842.000  8.133552e-01 
  843.000  8.206884e-01 
  844.000  8.240131e-01 
  845.000  8.255587e-01 
  846.000  8.271849e-01 
  847.000  8.289792e-01 
  848.000  8.259979e-01 
  849.000  8.263709e-01 
  850.000  8.248939e-01 
  851.000  8.231358e-01 
  852.000  8.233030e-01 
  853.000  8.261886e-01 
  854.000  8.260254e-01 
  855.000  8.274729e-01 
  856.000  8.304914e-01 
  857.000  8.317065e-01 
  858.000  8.323726e-01 
  859.000  8.338190e-01 
  860.000  8.345212e-01 
  861.000  8.346343e-01 
  862.000  8.350318e-01 
  863.000  8.350845e-01 
  864.000  8.353574e-01 
  865.000  8.355808e-01 
  866.000  8.356408e-01 
  867.000  8.356013e-01 
  868.000  8.356372e-01 
  869.000  8.357120e-01 
  870.000  8.356585e-01 
  871.000  8.357294e-01 
  872.000  8.359013e-01 
  873.000  8.357313e-01 
  874.000  8.356395e-01 
  875.000  8.356186e-01 
  876.000  8.353213e-01 
  877.000  8.351883e-01 
  878.000  8.342609e-01 
  879.000  8.341984e-01 
  880.000  8.333970e-01 
  881.000  8.329380e-01 
  882.000  8.324969e-01 
  883.000  8.329273e-01 
  884.000  8.330977e-01 
  885.000  8.314535e-01 
  886.000  8.292222e-01 
  887.000  8.309828e-01 
  888.000  8.308738e-01 
  889.000  8.313508e-01 
  890.000  8.300592e-01 
  891.000  8.272874e-01 
  892.000  8.214541e-01 
  893.000  8.037802e-01 
  894.000  7.949710e-01 
  895.000  7.682396e-01 
  896.000  7.443356e-01 
  897.000  7.192174e-01 
  898.000  7.074988e-01 
  899.000  6.746984e-01 
  900.000  6.793783e-01 
  901.000  6.708821e-01 
  902.000  6.724849e-01 
  903.000  7.276346e-01 
  904.000  7.615692e-01 
  905.000  7.603584e-01 
  906.000  7.391259e-01 
  907.000  7.017788e-01 
  908.000  6.772946e-01 
  909.000  6.783037e-01 
  910.000  6.819676e-01 
  911.000  6.981981e-01 
  912.000  6.903296e-01 
  913.000  6.562993e-01 
  914.000  6.730953e-01 
  915.000  6.863832e-01 
  916.000  6.900023e-01 
  917.000  6.972538e-01 
  918.000  7.066334e-01 
  919.000  7.386046e-01 
  920.000  7.628967e-01 
  921.000  7.575592e-01 
  922.000  7.571018e-01 
  923.000  7.503172e-01 
  924.000  7.340504e-01 
  925.000  7.326359e-01 
  926.000  7.320828e-01 
  927.000  7.130347e-01 
  928.000  6.838795e-01 
  929.000  6.421017e-01 
  930.000  5.895432e-01 
  931.000  5.316041e-01 
  932.000  4.567257e-01 
  933.000  4.023194e-01 
  934.000  3.476569e-01 
  935.000  3.417862e-01 
  936.000  3.630470e-01 
  937.000  3.577208e-01 
  938.000  4.190205e-01 
  939.000  5.825357e-01 
  940.000  6.074785e-01 
  941.000  5.861349e-01 
  942.000  5.340018e-01 
  943.000  4.485866e-01 
  944.000  4.426106e-01 
  945.000  4.729693e-01 
  946.000  4.747631e-01 
  947.000  5.023212e-01 
  948.000  5.185462e-01 
  949.000  5.165417e-01 
  950.000  5.207337e-01 
  951.000  5.571785e-01 
  952.000  5.184523e-01 
  953.000  5.457987e-01 
  954.000  5.753233e-01 
  955.000  5.516333e-01 
  956.000  5.465303e-01 
  957.000  6.213332e-01 
  958.000  6.312054e-01 
  959.000  6.188010e-01 
  960.000  6.152533e-01 
  961.000  6.090580e-01 
  962.000  6.148213e-01 
  963.000  6.562374e-01 
  964.000  6.622505e-01 
  965.000  6.583424e-01 
  966.000  6.606569e-01 
  967.000  6.904144e-01 
  968.000  7.403530e-01 
  969.000  7.630307e-01 
  970.000  7.642714e-01 
  971.000  7.637329e-01 
  972.000  7.572836e-01 
  973.000  7.424245e-01 
  974.000  7.243766e-01 
  975.000  7.128026e-01 
  976.000  7.269492e-01 
  977.000  7.503833e-01 
  978.000  7.484974e-01 
  979.000  7.546024e-01 
  980.000  7.785950e-01 
  981.000  7.839294e-01 
  982.000  7.785996e-01 
  983.000  7.909457e-01 
  984.000  8.036659e-01 
  985.000  8.108993e-01 
  986.000  8.202394e-01 
  987.000  8.242880e-01 
  988.000  8.252128e-01 
  989.000  8.258016e-01 
  990.000  8.267827e-01 
  991.000  8.302548e-01 
  992.000  8.312353e-01 
  993.000  8.315969e-01 
  994.000  8.347310e-01 
  995.000  8.368032e-01 
  996.000  8.367777e-01 
  997.000  8.354184e-01 
  998.000  8.338779e-01 
  999.000  8.332880e-01 
 1000.000  8.337576e-01 
 1001.000  8.304201e-01 
 1002.000  8.250864e-01 
 1003.000  8.263445e-01 
 1004.000  8.294020e-01 
 1005.000  8.307954e-01 
 1006.000  8.312434e-01 
 1007.000  8.302193e-01 
 1008.000  8.258721e-01 
 1009.000  8.200654e-01 
 1010.000  8.226462e-01 
 1011.000  8.288101e-01 
 1012.000  8.311560e-01 
 1013.000  8.330020e-01 
 1014.000  8.337727e-01 
 1015.000  8.339189e-01 
 1016.000  8.347522e-01 
 1017.000  8.351718e-01 
 1018.000  8.341883e-01 
 1019.000  8.320436e-01 
 1020.000  8.327960e-01 
 1021.000  8.343408e-01 
 1022.000  8.317468e-01 
 1023.000  8.295767e-01 
 1024.000  8.282787e-01 
 1025.000  8.322617e-01 
 1026.000  8.340236e-01 
 1027.000  8.332778e-01 
 1028.000  8.338967e-01 
 1029.000  8.355972e-01 
 1030.000  8.372036e-01 
 1031.000  8.380355e-01 
 1032.000  8.386844e-01 
 1033.000  8.388653e-01 
 1034.000  8.392528e-01 
 1035.000  8.394364e-01 
 1036.000  8.393350e-01 
 1037.000  8.393725e-01 
 1038.000  8.394878e-01 
 1039.000  8.392664e-01 
 1040.000  8.390761e-01 
 1041.000  8.389257e-01 
 1042.000  8.388832e-01 
 1043.000  8.388783e-01 
 1044.000  8.387445e-01 
 1045.000  8.383246e-01 
 1046.000  8.380424e-01 
 1047.000  8.377081e-01 
 1048.000  8.372895e-01 
 1049.000  8.368802e-01 
 1050.000  8.364360e-01 
 1051.000  8.357811e-01 
 1052.000  8.353752e-01 
 1053.000  8.353267e-01 
 1054.000  8.346753e-01 
 1055.000  8.340114e-01 
 1056.000  8.334714e-01 
 1057.000  8.320702e-01 
 1058.000  8.294549e-01 
 1059.000  8.296387e-01 
 1060.000  8.309940e-01 
 1061.000  8.306807e-01 
 1062.000  8.290225e-01 
 1063.000  8.284025e-01 
 1064.000  8.269771e-01 
 1065.000  8.253325e-01 
 1066.000  8.254004e-01 
 1067.000  8.245062e-01 
 1068.000  8.211471e-01 
 1069.000  8.195013e-01 
 1070.000  8.199801e-01 
 1071.000  8.178157e-01 
 1072.000  8.155983e-01 
 1073.000  8.151486e-01 
 1074.000  8.154396e-01 
 1075.000  8.186495e-01 
 1076.000  8.165931e-01 
 1077.000  8.138469e-01 
 1078.000  8.106228e-01 
 1079.000  8.101813e-01 
 1080.000  8.016102e-01 
 1081.000  8.011048e-01 
 1082.000  8.048474e-01 
 1083.000  8.002949e-01 
 1084.000  7.953204e-01 
 1085.000  7.834951e-01 
 1086.000  7.862380e-01 
 1087.000  7.992124e-01 
 1088.000  7.997082e-01 
 1089.000  7.838953e-01 
 1090.000  7.809109e-01 
 1091.000  7.838956e-01 
 1092.000  7.760494e-01 
 1093.000  7.585866e-01 
 1094.000  7.509863e-01 
 1095.000  7.521971e-01 
 1096.000  7.532921e-01 
 1097.000  7.497866e-01 
 1098.000  7.075419e-01 
 1099.000  6.717299e-01 
 1100.000  6.741234e-01 
 1101.000  6.790325e-01 
 1102.000  6.766035e-01 
 1103.000  6.798482e-01 
 1104.000  6.738696e-01 
 1105.000  6.588683e-01 
 1106.000  6.438050e-01 
 1107.000  6.474694e-01 
 1108.000  6.501133e-01 
 1109.000  6.628676e-01 
 1110.000  6.611318e-01 
 1111.000  6.539033e-01 
 1112.000  6.223352e-01 
 1113.000  5.794019e-01 
 1114.000  5.675380e-01 
 1115.000  5.154453e-01 
 1116.000  4.835971e-01 
 1117.000  4.115591e-01 
 1118.000  3.470986e-01 
 1119.000  3.135084e-01 
 1120.000  2.729392e-01 
 1121.000  2.640316e-01 
 1122.000  2.236425e-01 
 1123.000  2.451446e-01 
 1124.000  2.598374e-01 
 1125.000  2.520036e-01 
 1126.000  2.489344e-01 
 1127.000  2.524635e-01 
 1128.000  2.593143e-01 
 1129.000  3.000148e-01 
 1130.000  3.981420e-01 
 1131.000  4.273439e-01 
 1132.000  3.873636e-01 
 1133.000  3.165315e-01 
 1134.000  1.954842e-01 
 1135.000  2.043363e-01 
 1136.000  3.269838e-01 
 1137.000  3.979017e-01 
 1138.000  4.688659e-01 
 1139.000  4.912950e-01 
 1140.000  4.776218e-01 
 1141.000  4.502293e-01 
 1142.000  4.405148e-01 
 1143.000  4.103160e-01 
 1144.000  3.768410e-01 
 1145.000  3.293008e-01 
 1146.000  3.404630e-01 
 1147.000  3.777909e-01 
 1148.000  4.114781e-01 
 1149.000  4.253512e-01 
 1150.000  4.263875e-01 
