  320.000  1.006306e-01 
  321.000  1.308557e-01 
  322.000  1.187751e-01 
  323.000  1.341297e-01 
  324.000  1.499456e-01 
  325.000  1.381228e-01 
  326.000  1.576458e-01 
  327.000  1.632008e-01 
  328.000  1.512608e-01 
  329.000  1.743654e-01 
  330.000  1.780974e-01 
  331.000  1.707310e-01 
  332.000  1.850199e-01 
  333.000  1.892368e-01 
  334.000  1.857728e-01 
  335.000  1.964301e-01 
  336.000  2.007860e-01 
  337.000  1.989475e-01 
  338.000  2.040692e-01 
  339.000  2.093871e-01 
  340.000  2.085110e-01 
  341.000  2.137002e-01 
  342.000  2.175140e-01 
  343.000  2.194355e-01 
  344.000  2.198286e-01 
  345.000  2.250354e-01 
  346.000  2.283375e-01 
  347.000  2.310378e-01 
  348.000  2.335737e-01 
  349.000  2.364295e-01 
  350.000  2.388768e-01 
  351.000  2.413197e-01 
  352.000  2.433279e-01 
  353.000  2.461898e-01 
  354.000  2.486318e-01 
  355.000  2.509091e-01 
  356.000  2.531323e-01 
  357.000  2.551145e-01 
  358.000  2.572509e-01 
  359.000  2.593890e-01 
  360.000  2.615825e-01 
  361.000  2.643592e-01 
  362.000  2.672569e-01 
  363.000  2.699316e-01 
  364.000  2.723979e-01 
  365.000  2.747155e-01 
  366.000  2.770894e-01 
  367.000  2.793536e-01 
  368.000  2.816009e-01 
  369.000  2.838324e-01 
  370.000  2.860444e-01 
  371.000  2.882424e-01 
  372.000  2.904257e-01 
  373.000  2.925937e-01 
  374.000  2.947299e-01 
  375.000  2.968279e-01 
  376.000  2.988575e-01 
  377.000  3.007782e-01 
  378.000  3.025644e-01 
  379.000  3.043814e-01 
  380.000  3.063822e-01 
  381.000  3.086629e-01 
  382.000  3.110299e-01 
  383.000  3.132713e-01 
  384.000  3.154003e-01 
  385.000  3.174543e-01 
  386.000  3.194579e-01 
  387.000  3.214315e-01 
  388.000  3.233820e-01 
  389.000  3.253185e-01 
  390.000  3.272414e-01 
  391.000  3.291466e-01 
  392.000  3.310396e-01 
  393.000  3.329188e-01 
  394.000  3.347824e-01 
  395.000  3.366287e-01 
  396.000  3.384648e-01 
  397.000  3.402812e-01 
  398.000  3.420825e-01 
  399.000  3.438701e-01 
  400.000  3.456345e-01 
  401.000  3.473937e-01 
  402.000  3.491402e-01 
  403.000  3.508731e-01 
  404.000  3.525920e-01 
  405.000  3.542935e-01 
  406.000  3.559850e-01 
  407.000  3.576645e-01 
  408.000  3.593307e-01 
  409.000  3.609817e-01 
  410.000  3.626182e-01 
  411.000  3.642398e-01 
  412.000  3.658451e-01 
  413.000  3.674424e-01 
  414.000  3.689260e-01 
  415.000  3.705321e-01 
  416.000  3.721190e-01 
  417.000  3.736805e-01 
  418.000  3.752071e-01 
  419.000  3.767179e-01 
  420.000  3.782159e-01 
  421.000  3.797061e-01 
  422.000  3.811879e-01 
  423.000  3.826596e-01 
  424.000  3.841149e-01 
  425.000  3.855377e-01 
  426.000  3.869474e-01 
  427.000  3.883456e-01 
  428.000  3.897197e-01 
  429.000  3.910754e-01 
  430.000  3.924161e-01 
  431.000  3.937474e-01 
  432.000  3.950656e-01 
  433.000  3.963721e-01 
  434.000  3.976682e-01 
  435.000  3.989523e-01 
  436.000  4.002227e-01 
  437.000  4.014799e-01 
  438.000  4.027234e-01 
  439.000  4.039581e-01 
  440.000  4.051733e-01 
  441.000  4.063738e-01 
  442.000  4.075558e-01 
  443.000  4.087206e-01 
  444.000  4.098675e-01 
  445.000  4.109902e-01 
  446.000  4.120823e-01 
  447.000  4.132281e-01 
  448.000  4.144572e-01 
  449.000  4.157020e-01 
  450.000  4.169232e-01 
  451.000  4.180974e-01 
  452.000  4.192309e-01 
  453.000  4.203417e-01 
  454.000  4.214329e-01 
  455.000  4.224612e-01 
  456.000  4.234067e-01 
  457.000  4.243530e-01 
  458.000  4.252868e-01 
  459.000  4.262011e-01 
  460.000  4.271085e-01 
  461.000  4.280065e-01 
  462.000  4.288878e-01 
  463.000  4.297655e-01 
  464.000  4.309086e-01 
  465.000  4.320350e-01 
  466.000  4.331420e-01 
  467.000  4.342239e-01 
  468.000  4.351054e-01 
  469.000  4.358649e-01 
  470.000  4.365634e-01 
  471.000  4.371924e-01 
  472.000  4.377266e-01 
  473.000  4.381011e-01 
  474.000  4.384087e-01 
  475.000  4.384877e-01 
  476.000  4.383354e-01 
  477.000  4.383323e-01 
  478.000  4.392224e-01 
  479.000  4.405778e-01 
  480.000  4.420415e-01 
  481.000  4.433551e-01 
  482.000  4.445878e-01 
  483.000  4.456598e-01 
  484.000  4.465816e-01 
  485.000  4.474061e-01 
  486.000  4.482857e-01 
  487.000  4.492119e-01 
  488.000  4.501087e-01 
  489.000  4.509892e-01 
  490.000  4.518596e-01 
  491.000  4.525413e-01 
  492.000  4.531646e-01 
  493.000  4.537850e-01 
  494.000  4.543880e-01 
  495.000  4.549910e-01 
  496.000  4.553017e-01 
  497.000  4.556007e-01 
  498.000  4.558954e-01 
  499.000  4.561742e-01 
  500.000  4.564487e-01 
  501.000  4.566926e-01 
  502.000  4.569366e-01 
  503.000  4.571776e-01 
  504.000  4.574075e-01 
  505.000  4.576248e-01 
  506.000  4.582616e-01 
  507.000  4.589169e-01 
  508.000  4.595714e-01 
  509.000  4.602185e-01 
  510.000  4.608519e-01 
  511.000  4.614199e-01 
  512.000  4.619685e-01 
  513.000  4.625140e-01 
  514.000  4.630529e-01 
  515.000  4.635870e-01 
  516.000  4.639687e-01 
  517.000  4.642134e-01 
  518.000  4.644514e-01 
  519.000  4.646849e-01 
  520.000  4.649162e-01 
  521.000  4.651233e-01 
  522.000  4.652728e-01 
  523.000  4.653805e-01 
  524.000  4.654919e-01 
  525.000  4.655796e-01 
  526.000  4.657027e-01 
  527.000  4.657226e-01 
  528.000  4.657005e-01 
  529.000  4.656773e-01 
  530.000  4.656592e-01 
  531.000  4.656444e-01 
  532.000  4.656777e-01 
  533.000  4.659779e-01 
  534.000  4.663571e-01 
  535.000  4.667852e-01 
  536.000  4.671991e-01 
  537.000  4.675777e-01 
  538.000  4.679163e-01 
  539.000  4.682301e-01 
  540.000  4.685244e-01 
  541.000  4.688102e-01 
  542.000  4.690835e-01 
  543.000  4.693472e-01 
  544.000  4.695466e-01 
  545.000  4.696935e-01 
  546.000  4.698337e-01 
  547.000  4.699777e-01 
  548.000  4.701146e-01 
  549.000  4.702494e-01 
  550.000  4.703147e-01 
  551.000  4.703113e-01 
  552.000  4.703105e-01 
  553.000  4.702955e-01 
  554.000  4.702740e-01 
  555.000  4.702486e-01 
  556.000  4.701973e-01 
  557.000  4.701008e-01 
  558.000  4.699965e-01 
  559.000  4.698800e-01 
  560.000  4.697340e-01 
  561.000  4.695608e-01 
  562.000  4.691484e-01 
  563.000  4.689313e-01 
  564.000  4.686380e-01 
  565.000  4.681738e-01 
  566.000  4.679117e-01 
  567.000  4.668512e-01 
  568.000  4.637850e-01 
  569.000  4.569623e-01 
  570.000  4.579499e-01 
  571.000  4.627306e-01 
  572.000  4.580142e-01 
  573.000  4.591815e-01 
  574.000  4.594564e-01 
  575.000  4.591401e-01 
  576.000  4.593211e-01 
  577.000  4.609769e-01 
  578.000  4.630006e-01 
  579.000  4.647903e-01 
  580.000  4.663271e-01 
  581.000  4.686093e-01 
  582.000  4.701695e-01 
  583.000  4.710064e-01 
  584.000  4.718425e-01 
  585.000  4.724135e-01 
  586.000  4.730532e-01 
  587.000  4.713127e-01 
  588.000  4.620139e-01 
  589.000  4.474748e-01 
  590.000  4.467190e-01 
  591.000  4.568709e-01 
  592.000  4.517019e-01 
  593.000  4.633041e-01 
  594.000  4.609078e-01 
  595.000  4.530004e-01 
  596.000  4.642735e-01 
  597.000  4.615259e-01 
  598.000  4.660095e-01 
  599.000  4.677143e-01 
  600.000  4.717651e-01 
  601.000  4.744492e-01 
  602.000  4.750718e-01 
  603.000  4.762390e-01 
  604.000  4.775985e-01 
  605.000  4.785753e-01 
  606.000  4.792388e-01 
  607.000  4.798783e-01 
  608.000  4.804688e-01 
  609.000  4.810322e-01 
  610.000  4.816125e-01 
  611.000  4.822569e-01 
  612.000  4.828882e-01 
  613.000  4.834998e-01 
  614.000  4.840936e-01 
  615.000  4.846859e-01 
  616.000  4.852566e-01 
  617.000  4.857958e-01 
  618.000  4.862478e-01 
  619.000  4.866304e-01 
  620.000  4.869845e-01 
  621.000  4.872888e-01 
  622.000  4.875432e-01 
  623.000  4.877133e-01 
  624.000  4.878940e-01 
  625.000  4.880439e-01 
  626.000  4.876283e-01 
  627.000  4.839393e-01 
  628.000  4.664169e-01 
  629.000  4.765545e-01 
  630.000  4.800350e-01 
  631.000  4.835474e-01 
  632.000  4.820443e-01 
  633.000  4.874028e-01 
  634.000  4.897757e-01 
  635.000  4.908423e-01 
  636.000  4.923656e-01 
  637.000  4.937111e-01 
  638.000  4.964873e-01 
  639.000  4.973708e-01 
  640.000  4.991622e-01 
  641.000  4.999556e-01 
  642.000  5.012709e-01 
  643.000  5.004845e-01 
  644.000  5.010588e-01 
  645.000  4.996883e-01 
  646.000  4.917112e-01 
  647.000  4.863058e-01 
  648.000  4.802460e-01 
  649.000  4.862813e-01 
  650.000  4.976183e-01 
  651.000  4.979711e-01 
  652.000  4.886478e-01 
  653.000  5.001474e-01 
  654.000  4.992801e-01 
  655.000  4.955671e-01 
  656.000  4.973476e-01 
  657.000  4.999136e-01 
  658.000  5.041049e-01 
  659.000  5.067043e-01 
  660.000  5.080435e-01 
  661.000  5.111708e-01 
  662.000  5.127565e-01 
  663.000  5.128955e-01 
  664.000  5.137178e-01 
  665.000  5.145088e-01 
  666.000  5.154096e-01 
  667.000  5.161792e-01 
  668.000  5.171257e-01 
  669.000  5.177707e-01 
  670.000  5.183287e-01 
  671.000  5.189233e-01 
  672.000  5.194427e-01 
  673.000  5.199509e-01 
  674.000  5.204539e-01 
  675.000  5.209585e-01 
  676.000  5.214295e-01 
  677.000  5.218634e-01 
  678.000  5.222992e-01 
  679.000  5.226368e-01 
  680.000  5.225487e-01 
  681.000  5.224332e-01 
  682.000  5.226439e-01 
  683.000  5.227373e-01 
  684.000  5.222412e-01 
  685.000  5.231214e-01 
  686.000  5.207090e-01 
  687.000  4.398073e-01 
  688.000  4.652348e-01 
  689.000  4.577908e-01 
  690.000  4.711513e-01 
  691.000  4.879899e-01 
  692.000  4.970976e-01 
  693.000  4.888415e-01 
  694.000  4.789049e-01 
  695.000  4.873465e-01 
  696.000  4.923729e-01 
  697.000  5.144849e-01 
  698.000  5.098940e-01 
  699.000  4.900506e-01 
  700.000  4.933345e-01 
  701.000  4.889569e-01 
  702.000  4.922290e-01 
  703.000  5.089013e-01 
  704.000  5.096704e-01 
  705.000  5.028346e-01 
  706.000  5.042165e-01 
  707.000  5.067181e-01 
  708.000  5.094254e-01 
  709.000  5.149316e-01 
  710.000  5.091391e-01 
  711.000  5.151163e-01 
  712.000  5.202236e-01 
  713.000  5.161564e-01 
  714.000  5.147797e-01 
  715.000  5.081242e-01 
  716.000  5.011523e-01 
  717.000  4.583713e-01 
  718.000  4.326570e-01 
  719.000  4.234844e-01 
  720.000  4.100098e-01 
  721.000  4.705258e-01 
  722.000  4.927730e-01 
  723.000  4.802024e-01 
  724.000  4.450481e-01 
  725.000  4.501383e-01 
  726.000  4.485382e-01 
  727.000  4.534968e-01 
  728.000  4.481583e-01 
  729.000  4.615738e-01 
  730.000  4.593157e-01 
  731.000  4.565853e-01 
  732.000  4.794117e-01 
  733.000  5.016983e-01 
  734.000  5.125831e-01 
  735.000  5.087885e-01 
  736.000  5.016993e-01 
  737.000  5.070723e-01 
  738.000  5.144780e-01 
  739.000  5.176886e-01 
  740.000  5.248169e-01 
  741.000  5.289534e-01 
  742.000  5.306993e-01 
  743.000  5.345260e-01 
  744.000  5.362661e-01 
  745.000  5.374701e-01 
  746.000  5.385177e-01 
  747.000  5.387236e-01 
  748.000  5.396635e-01 
  749.000  5.401945e-01 
  750.000  5.398937e-01 
  751.000  5.400754e-01 
  752.000  5.409940e-01 
  753.000  5.413752e-01 
  754.000  5.416693e-01 
  755.000  5.418503e-01 
  756.000  5.420416e-01 
  757.000  5.421731e-01 
  758.000  5.410309e-01 
  759.000  4.968812e-01 
  760.000  1.930066e-01 
  761.000  1.673332e-01 
  762.000  3.338494e-01 
  763.000  2.798615e-01 
  764.000  3.063874e-01 
  765.000  3.681950e-01 
  766.000  4.454162e-01 
  767.000  4.853946e-01 
  768.000  5.118892e-01 
  769.000  5.295282e-01 
  770.000  5.391185e-01 
  771.000  5.435715e-01 
  772.000  5.447040e-01 
  773.000  5.452055e-01 
  774.000  5.458513e-01 
  775.000  5.462717e-01 
  776.000  5.465787e-01 
  777.000  5.466476e-01 
  778.000  5.466030e-01 
  779.000  5.465506e-01 
  780.000  5.464970e-01 
  781.000  5.469177e-01 
  782.000  5.468505e-01 
  783.000  5.467981e-01 
  784.000  5.464875e-01 
  785.000  5.449349e-01 
  786.000  5.426276e-01 
  787.000  5.372444e-01 
  788.000  5.344160e-01 
  789.000  5.243973e-01 
  790.000  5.235291e-01 
  791.000  5.254083e-01 
  792.000  5.271553e-01 
  793.000  5.312334e-01 
  794.000  5.399070e-01 
  795.000  5.345960e-01 
  796.000  5.205553e-01 
  797.000  5.245504e-01 
  798.000  5.334252e-01 
  799.000  5.313953e-01 
  800.000  5.249333e-01 
  801.000  5.256978e-01 
  802.000  5.250443e-01 
  803.000  5.259878e-01 
  804.000  5.290287e-01 
  805.000  5.348610e-01 
  806.000  5.383549e-01 
  807.000  5.385085e-01 
  808.000  5.365207e-01 
  809.000  5.340773e-01 
  810.000  5.313947e-01 
  811.000  5.259211e-01 
  812.000  5.185722e-01 
  813.000  5.096237e-01 
  814.000  4.979051e-01 
  815.000  4.834382e-01 
  816.000  4.652668e-01 
  817.000  4.661911e-01 
  818.000  4.676432e-01 
  819.000  4.736513e-01 
  820.000  4.937976e-01 
  821.000  5.171115e-01 
  822.000  4.993422e-01 
  823.000  4.510513e-01 
  824.000  4.916467e-01 
  825.000  5.184659e-01 
  826.000  5.139402e-01 
  827.000  5.105311e-01 
  828.000  4.929075e-01 
  829.000  4.992135e-01 
  830.000  5.063409e-01 
  831.000  5.080417e-01 
  832.000  5.088472e-01 
  833.000  5.130011e-01 
  834.000  5.179128e-01 
  835.000  5.276727e-01 
  836.000  5.245587e-01 
  837.000  5.242543e-01 
  838.000  5.290042e-01 
  839.000  5.319024e-01 
  840.000  5.329540e-01 
  841.000  5.298265e-01 
  842.000  5.326416e-01 
  843.000  5.393435e-01 
  844.000  5.424001e-01 
  845.000  5.438246e-01 
  846.000  5.453240e-01 
  847.000  5.469758e-01 
  848.000  5.442454e-01 
  849.000  5.445895e-01 
  850.000  5.432382e-01 
  851.000  5.416321e-01 
  852.000  5.417894e-01 
  853.000  5.444378e-01 
  854.000  5.442970e-01 
  855.000  5.456309e-01 
  856.000  5.484080e-01 
  857.000  5.493937e-01 
  858.000  5.500363e-01 
  859.000  5.513570e-01 
  860.000  5.520049e-01 
  861.000  5.521227e-01 
  862.000  5.525507e-01 
  863.000  5.526027e-01 
  864.000  5.528949e-01 
  865.000  5.531331e-01 
  866.000  5.531932e-01 
  867.000  5.531452e-01 
  868.000  5.531790e-01 
  869.000  5.532553e-01 
  870.000  5.531920e-01 
  871.000  5.532640e-01 
  872.000  5.534458e-01 
  873.000  5.532560e-01 
  874.000  5.531513e-01 
  875.000  5.531234e-01 
  876.000  5.527955e-01 
  877.000  5.526875e-01 
  878.000  5.518577e-01 
  879.000  5.517972e-01 
  880.000  5.510818e-01 
  881.000  5.506459e-01 
  882.000  5.503123e-01 
  883.000  5.506374e-01 
  884.000  5.508000e-01 
  885.000  5.493149e-01 
  886.000  5.474342e-01 
  887.000  5.490322e-01 
  888.000  5.489328e-01 
  889.000  5.494063e-01 
  890.000  5.481684e-01 
  891.000  5.456317e-01 
  892.000  5.402946e-01 
  893.000  5.242722e-01 
  894.000  5.162783e-01 
  895.000  4.924423e-01 
  896.000  4.712838e-01 
  897.000  4.492611e-01 
  898.000  4.390745e-01 
  899.000  4.112514e-01 
  900.000  4.151038e-01 
  901.000  4.080045e-01 
  902.000  4.094738e-01 
  903.000  4.564289e-01 
  904.000  4.860314e-01 
  905.000  4.850607e-01 
  906.000  4.665302e-01 
  907.000  4.343980e-01 
  908.000  4.136540e-01 
  909.000  4.144489e-01 
  910.000  4.175147e-01 
  911.000  4.312345e-01 
  912.000  4.245874e-01 
  913.000  3.961321e-01 
  914.000  4.101398e-01 
  915.000  4.213636e-01 
  916.000  4.244826e-01 
  917.000  4.307080e-01 
  918.000  4.387699e-01 
  919.000  4.663647e-01 
  920.000  4.877056e-01 
  921.000  4.830866e-01 
  922.000  4.827111e-01 
  923.000  4.767715e-01 
  924.000  4.625883e-01 
  925.000  4.612281e-01 
  926.000  4.603917e-01 
  927.000  4.436438e-01 
  928.000  4.183598e-01 
  929.000  3.828893e-01 
  930.000  3.396092e-01 
  931.000  2.937239e-01 
  932.000  2.365362e-01 
  933.000  1.979824e-01 
  934.000  1.615994e-01 
  935.000  1.576315e-01 
  936.000  1.711381e-01 
  937.000  1.679306e-01 
  938.000  2.096305e-01 
  939.000  3.308492e-01 
  940.000  3.508275e-01 
  941.000  3.341624e-01 
  942.000  2.939777e-01 
  943.000  2.312052e-01 
  944.000  2.268180e-01 
  945.000  2.483397e-01 
  946.000  2.498317e-01 
  947.000  2.703938e-01 
  948.000  2.826702e-01 
  949.000  2.814123e-01 
  950.000  2.846773e-01 
  951.000  3.126312e-01 
  952.000  2.834292e-01 
  953.000  3.044862e-01 
  954.000  3.277271e-01 
  955.000  3.096286e-01 
  956.000  3.062141e-01 
  957.000  3.656226e-01 
  958.000  3.739767e-01 
  959.000  3.641892e-01 
  960.000  3.615383e-01 
  961.000  3.567137e-01 
  962.000  3.615240e-01 
  963.000  3.955513e-01 
  964.000  4.006849e-01 
  965.000  3.976062e-01 
  966.000  3.997003e-01 
  967.000  4.248060e-01 
  968.000  4.678138e-01 
  969.000  4.877792e-01 
  970.000  4.889521e-01 
  971.000  4.885029e-01 
  972.000  4.828189e-01 
  973.000  4.698176e-01 
  974.000  4.541944e-01 
  975.000  4.442647e-01 
  976.000  4.564337e-01 
  977.000  4.768033e-01 
  978.000  4.752334e-01 
  979.000  4.806625e-01 
  980.000  5.018594e-01 
  981.000  5.066553e-01 
  982.000  5.020041e-01 
  983.000  5.130436e-01 
  984.000  5.244704e-01 
  985.000  5.310117e-01 
  986.000  5.394791e-01 
  987.000  5.431814e-01 
  988.000  5.440481e-01 
  989.000  5.446034e-01 
  990.000  5.455072e-01 
  991.000  5.486715e-01 
  992.000  5.495692e-01 
  993.000  5.499040e-01 
  994.000  5.527578e-01 
  995.000  5.545638e-01 
  996.000  5.545421e-01 
  997.000  5.534433e-01 
  998.000  5.519913e-01 
  999.000  5.514552e-01 
 1000.000  5.518813e-01 
 1001.000  5.488498e-01 
 1002.000  5.440137e-01 
 1003.000  5.451546e-01 
 1004.000  5.479280e-01 
 1005.000  5.491940e-01 
 1006.000  5.495982e-01 
 1007.000  5.486676e-01 
 1008.000  5.447265e-01 
 1009.000  5.394735e-01 
 1010.000  5.418084e-01 
 1011.000  5.473936e-01 
 1012.000  5.495255e-01 
 1013.000  5.512055e-01 
 1014.000  5.519093e-01 
 1015.000  5.520433e-01 
 1016.000  5.528018e-01 
 1017.000  5.532407e-01 
 1018.000  5.522878e-01 
 1019.000  5.503380e-01 
 1020.000  5.510198e-01 
 1021.000  5.524220e-01 
 1022.000  5.500612e-01 
 1023.000  5.480891e-01 
 1024.000  5.469090e-01 
 1025.000  5.505234e-01 
 1026.000  5.521225e-01 
 1027.000  5.514440e-01 
 1028.000  5.520043e-01 
 1029.000  5.534104e-01 
 1030.000  5.548633e-01 
 1031.000  5.556027e-01 
 1032.000  5.562564e-01 
 1033.000  5.563672e-01 
 1034.000  5.567184e-01 
 1035.000  5.568933e-01 
 1036.000  5.568081e-01 
 1037.000  5.568700e-01 
 1038.000  5.569981e-01 
 1039.000  5.567635e-01 
 1040.000  5.565676e-01 
 1041.000  5.564132e-01 
 1042.000  5.563734e-01 
 1043.000  5.563765e-01 
 1044.000  5.562444e-01 
 1045.000  5.558047e-01 
 1046.000  5.555133e-01 
 1047.000  5.551723e-01 
 1048.000  5.547683e-01 
 1049.000  5.544040e-01 
 1050.000  5.539764e-01 
 1051.000  5.533594e-01 
 1052.000  5.529433e-01 
 1053.000  5.528608e-01 
 1054.000  5.522061e-01 
 1055.000  5.516066e-01 
 1056.000  5.510728e-01 
 1057.000  5.497391e-01 
 1058.000  5.473120e-01 
 1059.000  5.474604e-01 
 1060.000  5.486658e-01 
 1061.000  5.483584e-01 
 1062.000  5.468411e-01 
 1063.000  5.463079e-01 
 1064.000  5.450349e-01 
 1065.000  5.436735e-01 
 1066.000  5.437990e-01 
 1067.000  5.429764e-01 
 1068.000  5.399754e-01 
 1069.000  5.384755e-01 
 1070.000  5.389135e-01 
 1071.000  5.369765e-01 
 1072.000  5.350038e-01 
 1073.000  5.346205e-01 
 1074.000  5.349116e-01 
 1075.000  5.378236e-01 
 1076.000  5.359911e-01 
 1077.000  5.335379e-01 
 1078.000  5.306541e-01 
 1079.000  5.302699e-01 
 1080.000  5.225992e-01 
 1081.000  5.221598e-01 
 1082.000  5.255142e-01 
 1083.000  5.214335e-01 
 1084.000  5.169902e-01 
 1085.000  5.064877e-01 
 1086.000  5.089085e-01 
 1087.000  5.204356e-01 
 1088.000  5.208936e-01 
 1089.000  5.068064e-01 
 1090.000  5.041421e-01 
 1091.000  5.067599e-01 
 1092.000  4.997844e-01 
 1093.000  4.843983e-01 
 1094.000  4.777477e-01 
 1095.000  4.787672e-01 
 1096.000  4.796365e-01 
 1097.000  4.764947e-01 
 1098.000  4.400051e-01 
 1099.000  4.096908e-01 
 1100.000  4.116528e-01 
 1101.000  4.157091e-01 
 1102.000  4.135642e-01 
 1103.000  4.161750e-01 
 1104.000  4.110475e-01 
 1105.000  3.984211e-01 
 1106.000  3.859970e-01 
 1107.000  3.887983e-01 
 1108.000  3.906721e-01 
 1109.000  4.007936e-01 
 1110.000  3.987963e-01 
 1111.000  3.925281e-01 
 1112.000  3.663649e-01 
 1113.000  3.312199e-01 
 1114.000  3.207507e-01 
 1115.000  2.796983e-01 
 1116.000  2.555388e-01 
 1117.000  2.042384e-01 
 1118.000  1.606190e-01 
 1119.000  1.386231e-01 
 1120.000  1.138816e-01 
 1121.000  1.085306e-01 
 1122.000  8.618934e-02 
 1123.000  9.737204e-02 
 1124.000  1.052623e-01 
 1125.000  1.009027e-01 
 1126.000  9.929369e-02 
 1127.000  1.014557e-01 
 1128.000  1.056316e-01 
 1129.000  1.293716e-01 
 1130.000  1.906395e-01 
 1131.000  2.100670e-01 
 1132.000  1.833529e-01 
 1133.000  1.392875e-01 
 1134.000  7.214438e-02 
 1135.000  7.672872e-02 
 1136.000  1.462223e-01 
 1137.000  1.915618e-01 
 1138.000  2.407874e-01 
 1139.000  2.581974e-01 
 1140.000  2.484092e-01 
 1141.000  2.296116e-01 
 1142.000  2.227528e-01 
 1143.000  2.018977e-01 
 1144.000  1.796781e-01 
 1145.000  1.493002e-01 
 1146.000  1.563400e-01 
 1147.000  1.804269e-01 
 1148.000  2.029803e-01 
 1149.000  2.127507e-01 
 1150.000  2.141700e-01 
