  320.000  9.909458e-02 
  321.000  1.290497e-01 
  322.000  1.170718e-01 
  323.000  1.322969e-01 
  324.000  1.479900e-01 
  325.000  1.362582e-01 
  326.000  1.556337e-01 
  327.000  1.611493e-01 
  328.000  1.492954e-01 
  329.000  1.722380e-01 
  330.000  1.759456e-01 
  331.000  1.686279e-01 
  332.000  1.828237e-01 
  333.000  1.870144e-01 
  334.000  1.835719e-01 
  335.000  1.941642e-01 
  336.000  1.984944e-01 
  337.000  1.966667e-01 
  338.000  2.017587e-01 
  339.000  2.070464e-01 
  340.000  2.061752e-01 
  341.000  2.113357e-01 
  342.000  2.151288e-01 
  343.000  2.170400e-01 
  344.000  2.174310e-01 
  345.000  2.226104e-01 
  346.000  2.258955e-01 
  347.000  2.285821e-01 
  348.000  2.311053e-01 
  349.000  2.339470e-01 
  350.000  2.363823e-01 
  351.000  2.388135e-01 
  352.000  2.408121e-01 
  353.000  2.436605e-01 
  354.000  2.460912e-01 
  355.000  2.483579e-01 
  356.000  2.505710e-01 
  357.000  2.525443e-01 
  358.000  2.546712e-01 
  359.000  2.567998e-01 
  360.000  2.589838e-01 
  361.000  2.617485e-01 
  362.000  2.646339e-01 
  363.000  2.672973e-01 
  364.000  2.697534e-01 
  365.000  2.720616e-01 
  366.000  2.744259e-01 
  367.000  2.766810e-01 
  368.000  2.789195e-01 
  369.000  2.811423e-01 
  370.000  2.833457e-01 
  371.000  2.855354e-01 
  372.000  2.877104e-01 
  373.000  2.898703e-01 
  374.000  2.919987e-01 
  375.000  2.940890e-01 
  376.000  2.961112e-01 
  377.000  2.980250e-01 
  378.000  2.998049e-01 
  379.000  3.016156e-01 
  380.000  3.036095e-01 
  381.000  3.058824e-01 
  382.000  3.082413e-01 
  383.000  3.104752e-01 
  384.000  3.125972e-01 
  385.000  3.146445e-01 
  386.000  3.166416e-01 
  387.000  3.186088e-01 
  388.000  3.205532e-01 
  389.000  3.224836e-01 
  390.000  3.244006e-01 
  391.000  3.263000e-01 
  392.000  3.281872e-01 
  393.000  3.300608e-01 
  394.000  3.319188e-01 
  395.000  3.337597e-01 
  396.000  3.355904e-01 
  397.000  3.374016e-01 
  398.000  3.391978e-01 
  399.000  3.409804e-01 
  400.000  3.427399e-01 
  401.000  3.444942e-01 
  402.000  3.462359e-01 
  403.000  3.479642e-01 
  404.000  3.496785e-01 
  405.000  3.513755e-01 
  406.000  3.530625e-01 
  407.000  3.547377e-01 
  408.000  3.563996e-01 
  409.000  3.580464e-01 
  410.000  3.596788e-01 
  411.000  3.612964e-01 
  412.000  3.628978e-01 
  413.000  3.644911e-01 
  414.000  3.659711e-01 
  415.000  3.675734e-01 
  416.000  3.691565e-01 
  417.000  3.707143e-01 
  418.000  3.722374e-01 
  419.000  3.737447e-01 
  420.000  3.752394e-01 
  421.000  3.767262e-01 
  422.000  3.782047e-01 
  423.000  3.796732e-01 
  424.000  3.811252e-01 
  425.000  3.825449e-01 
  426.000  3.839517e-01 
  427.000  3.853469e-01 
  428.000  3.867181e-01 
  429.000  3.880709e-01 
  430.000  3.894088e-01 
  431.000  3.907375e-01 
  432.000  3.920530e-01 
  433.000  3.933568e-01 
  434.000  3.946503e-01 
  435.000  3.959319e-01 
  436.000  3.971998e-01 
  437.000  3.984546e-01 
  438.000  3.996958e-01 
  439.000  4.009280e-01 
  440.000  4.021410e-01 
  441.000  4.033392e-01 
  442.000  4.045191e-01 
  443.000  4.056817e-01 
  444.000  4.068265e-01 
  445.000  4.079472e-01 
  446.000  4.090374e-01 
  447.000  4.101812e-01 
  448.000  4.114081e-01 
  449.000  4.126506e-01 
  450.000  4.138698e-01 
  451.000  4.150420e-01 
  452.000  4.161735e-01 
  453.000  4.172825e-01 
  454.000  4.183719e-01 
  455.000  4.193984e-01 
  456.000  4.203425e-01 
  457.000  4.212872e-01 
  458.000  4.222195e-01 
  459.000  4.231324e-01 
  460.000  4.240383e-01 
  461.000  4.249349e-01 
  462.000  4.258148e-01 
  463.000  4.266911e-01 
  464.000  4.278325e-01 
  465.000  4.289572e-01 
  466.000  4.300626e-01 
  467.000  4.311428e-01 
  468.000  4.320230e-01 
  469.000  4.327813e-01 
  470.000  4.334789e-01 
  471.000  4.341070e-01 
  472.000  4.346404e-01 
  473.000  4.350144e-01 
  474.000  4.353215e-01 
  475.000  4.354004e-01 
  476.000  4.352484e-01 
  477.000  4.352452e-01 
  478.000  4.361340e-01 
  479.000  4.374875e-01 
  480.000  4.389491e-01 
  481.000  4.402610e-01 
  482.000  4.414920e-01 
  483.000  4.425626e-01 
  484.000  4.434831e-01 
  485.000  4.443065e-01 
  486.000  4.451849e-01 
  487.000  4.461100e-01 
  488.000  4.470056e-01 
  489.000  4.478850e-01 
  490.000  4.487543e-01 
  491.000  4.494351e-01 
  492.000  4.500577e-01 
  493.000  4.506773e-01 
  494.000  4.512795e-01 
  495.000  4.518818e-01 
  496.000  4.521922e-01 
  497.000  4.524908e-01 
  498.000  4.527851e-01 
  499.000  4.530636e-01 
  500.000  4.533377e-01 
  501.000  4.535814e-01 
  502.000  4.538251e-01 
  503.000  4.540657e-01 
  504.000  4.542954e-01 
  505.000  4.545124e-01 
  506.000  4.551484e-01 
  507.000  4.558030e-01 
  508.000  4.564567e-01 
  509.000  4.571030e-01 
  510.000  4.577358e-01 
  511.000  4.583031e-01 
  512.000  4.588511e-01 
  513.000  4.593960e-01 
  514.000  4.599342e-01 
  515.000  4.604678e-01 
  516.000  4.608490e-01 
  517.000  4.610935e-01 
  518.000  4.613312e-01 
  519.000  4.615645e-01 
  520.000  4.617954e-01 
  521.000  4.620024e-01 
  522.000  4.621516e-01 
  523.000  4.622593e-01 
  524.000  4.623705e-01 
  525.000  4.624582e-01 
  526.000  4.625812e-01 
  527.000  4.626010e-01 
  528.000  4.625790e-01 
  529.000  4.625557e-01 
  530.000  4.625377e-01 
  531.000  4.625229e-01 
  532.000  4.625561e-01 
  533.000  4.628560e-01 
  534.000  4.632348e-01 
  535.000  4.636624e-01 
  536.000  4.640759e-01 
  537.000  4.644541e-01 
  538.000  4.647923e-01 
  539.000  4.651058e-01 
  540.000  4.653998e-01 
  541.000  4.656853e-01 
  542.000  4.659583e-01 
  543.000  4.662217e-01 
  544.000  4.664209e-01 
  545.000  4.665677e-01 
  546.000  4.667077e-01 
  547.000  4.668516e-01 
  548.000  4.669883e-01 
  549.000  4.671229e-01 
  550.000  4.671882e-01 
  551.000  4.671848e-01 
  552.000  4.671840e-01 
  553.000  4.671690e-01 
  554.000  4.671475e-01 
  555.000  4.671222e-01 
  556.000  4.670709e-01 
  557.000  4.669746e-01 
  558.000  4.668704e-01 
  559.000  4.667542e-01 
  560.000  4.666089e-01 
  561.000  4.664373e-01 
  562.000  4.662205e-01 
  563.000  4.660202e-01 
  564.000  4.657758e-01 
  565.000  4.654511e-01 
  566.000  4.650992e-01 
  567.000  4.646119e-01 
  568.000  4.637331e-01 
  569.000  4.625078e-01 
  570.000  4.622312e-01 
  571.000  4.623420e-01 
  572.000  4.612729e-01 
  573.000  4.609323e-01 
  574.000  4.606175e-01 
  575.000  4.603631e-01 
  576.000  4.605159e-01 
  577.000  4.610139e-01 
  578.000  4.617756e-01 
  579.000  4.629039e-01 
  580.000  4.645058e-01 
  581.000  4.664012e-01 
  582.000  4.679426e-01 
  583.000  4.692183e-01 
  584.000  4.703105e-01 
  585.000  4.712667e-01 
  586.000  4.721188e-01 
  587.000  4.725624e-01 
  588.000  4.721476e-01 
  589.000  4.709791e-01 
  590.000  4.712379e-01 
  591.000  4.726741e-01 
  592.000  4.723254e-01 
  593.000  4.739985e-01 
  594.000  4.739600e-01 
  595.000  4.732786e-01 
  596.000  4.744652e-01 
  597.000  4.738208e-01 
  598.000  4.740868e-01 
  599.000  4.739528e-01 
  600.000  4.741257e-01 
  601.000  4.741589e-01 
  602.000  4.739602e-01 
  603.000  4.743048e-01 
  604.000  4.750047e-01 
  605.000  4.756398e-01 
  606.000  4.762122e-01 
  607.000  4.767689e-01 
  608.000  4.773438e-01 
  609.000  4.778969e-01 
  610.000  4.784756e-01 
  611.000  4.791192e-01 
  612.000  4.797497e-01 
  613.000  4.803608e-01 
  614.000  4.809541e-01 
  615.000  4.815458e-01 
  616.000  4.821160e-01 
  617.000  4.826548e-01 
  618.000  4.831065e-01 
  619.000  4.834886e-01 
  620.000  4.838426e-01 
  621.000  4.841466e-01 
  622.000  4.844008e-01 
  623.000  4.845709e-01 
  624.000  4.847525e-01 
  625.000  4.849054e-01 
  626.000  4.850027e-01 
  627.000  4.840355e-01 
  628.000  4.660278e-01 
  629.000  4.782936e-01 
  630.000  4.788235e-01 
  631.000  4.821500e-01 
  632.000  4.845608e-01 
  633.000  4.870951e-01 
  634.000  4.890710e-01 
  635.000  4.906344e-01 
  636.000  4.920678e-01 
  637.000  4.933878e-01 
  638.000  4.948191e-01 
  639.000  4.959492e-01 
  640.000  4.971657e-01 
  641.000  4.982167e-01 
  642.000  4.991568e-01 
  643.000  4.997405e-01 
  644.000  5.004838e-01 
  645.000  5.008984e-01 
  646.000  5.005994e-01 
  647.000  5.005628e-01 
  648.000  5.003689e-01 
  649.000  5.016937e-01 
  650.000  5.035419e-01 
  651.000  5.040596e-01 
  652.000  5.034402e-01 
  653.000  5.052783e-01 
  654.000  5.056233e-01 
  655.000  5.056590e-01 
  656.000  5.063458e-01 
  657.000  5.070427e-01 
  658.000  5.079810e-01 
  659.000  5.087413e-01 
  660.000  5.093818e-01 
  661.000  5.102953e-01 
  662.000  5.109785e-01 
  663.000  5.114304e-01 
  664.000  5.119871e-01 
  665.000  5.125292e-01 
  666.000  5.130897e-01 
  667.000  5.136331e-01 
  668.000  5.142004e-01 
  669.000  5.147308e-01 
  670.000  5.152493e-01 
  671.000  5.157706e-01 
  672.000  5.162813e-01 
  673.000  5.167891e-01 
  674.000  5.172946e-01 
  675.000  5.177988e-01 
  676.000  5.182805e-01 
  677.000  5.187216e-01 
  678.000  5.191614e-01 
  679.000  5.195866e-01 
  680.000  5.199528e-01 
  681.000  5.202959e-01 
  682.000  5.206962e-01 
  683.000  5.210670e-01 
  684.000  5.213408e-01 
  685.000  5.218406e-01 
  686.000  5.196694e-01 
  687.000  4.380023e-01 
  688.000  4.629081e-01 
  689.000  4.563629e-01 
  690.000  4.693375e-01 
  691.000  4.884091e-01 
  692.000  5.029554e-01 
  693.000  5.106424e-01 
  694.000  5.148629e-01 
  695.000  5.185137e-01 
  696.000  5.204232e-01 
  697.000  5.241109e-01 
  698.000  5.238732e-01 
  699.000  5.215265e-01 
  700.000  5.222730e-01 
  701.000  5.218984e-01 
  702.000  5.226197e-01 
  703.000  5.250623e-01 
  704.000  5.254179e-01 
  705.000  5.248308e-01 
  706.000  5.252269e-01 
  707.000  5.256598e-01 
  708.000  5.261839e-01 
  709.000  5.271921e-01 
  710.000  5.265384e-01 
  711.000  5.276165e-01 
  712.000  5.285068e-01 
  713.000  5.281712e-01 
  714.000  5.281797e-01 
  715.000  5.275262e-01 
  716.000  5.269651e-01 
  717.000  5.209770e-01 
  718.000  5.172676e-01 
  719.000  5.160685e-01 
  720.000  5.140100e-01 
  721.000  5.238311e-01 
  722.000  5.273151e-01 
  723.000  5.257013e-01 
  724.000  5.205731e-01 
  725.000  5.215973e-01 
  726.000  5.214837e-01 
  727.000  5.223959e-01 
  728.000  5.216923e-01 
  729.000  5.239038e-01 
  730.000  5.236667e-01 
  731.000  5.233496e-01 
  732.000  5.269464e-01 
  733.000  5.303028e-01 
  734.000  5.318405e-01 
  735.000  5.315559e-01 
  736.000  5.306589e-01 
  737.000  5.315269e-01 
  738.000  5.324902e-01 
  739.000  5.330630e-01 
  740.000  5.341445e-01 
  741.000  5.347983e-01 
  742.000  5.351660e-01 
  743.000  5.357663e-01 
  744.000  5.361618e-01 
  745.000  5.364884e-01 
  746.000  5.367648e-01 
  747.000  5.369509e-01 
  748.000  5.372660e-01 
  749.000  5.375010e-01 
  750.000  5.376155e-01 
  751.000  5.378018e-01 
  752.000  5.380943e-01 
  753.000  5.383062e-01 
  754.000  5.385055e-01 
  755.000  5.386888e-01 
  756.000  5.388728e-01 
  757.000  5.390042e-01 
  758.000  5.378662e-01 
  759.000  4.938441e-01 
  760.000  1.912547e-01 
  761.000  1.657382e-01 
  762.000  3.313956e-01 
  763.000  2.776466e-01 
  764.000  3.040564e-01 
  765.000  3.655973e-01 
  766.000  4.425427e-01 
  767.000  4.823933e-01 
  768.000  5.088111e-01 
  769.000  5.263999e-01 
  770.000  5.359680e-01 
  771.000  5.404100e-01 
  772.000  5.415421e-01 
  773.000  5.420601e-01 
  774.000  5.427815e-01 
  775.000  5.431936e-01 
  776.000  5.434737e-01 
  777.000  5.436254e-01 
  778.000  5.437252e-01 
  779.000  5.438032e-01 
  780.000  5.438733e-01 
  781.000  5.440120e-01 
  782.000  5.440794e-01 
  783.000  5.441484e-01 
  784.000  5.441725e-01 
  785.000  5.439575e-01 
  786.000  5.435754e-01 
  787.000  5.429168e-01 
  788.000  5.425383e-01 
  789.000  5.411679e-01 
  790.000  5.411091e-01 
  791.000  5.414768e-01 
  792.000  5.417483e-01 
  793.000  5.424632e-01 
  794.000  5.438021e-01 
  795.000  5.430695e-01 
  796.000  5.412211e-01 
  797.000  5.417590e-01 
  798.000  5.431585e-01 
  799.000  5.429040e-01 
  800.000  5.420231e-01 
  801.000  5.422108e-01 
  802.000  5.421753e-01 
  803.000  5.423882e-01 
  804.000  5.428575e-01 
  805.000  5.437771e-01 
  806.000  5.444053e-01 
  807.000  5.444940e-01 
  808.000  5.442386e-01 
  809.000  5.439835e-01 
  810.000  5.436331e-01 
  811.000  5.429192e-01 
  812.000  5.420306e-01 
  813.000  5.407518e-01 
  814.000  5.390275e-01 
  815.000  5.368500e-01 
  816.000  5.339428e-01 
  817.000  5.341931e-01 
  818.000  5.345010e-01 
  819.000  5.355273e-01 
  820.000  5.388236e-01 
  821.000  5.425214e-01 
  822.000  5.398183e-01 
  823.000  5.319045e-01 
  824.000  5.386975e-01 
  825.000  5.429383e-01 
  826.000  5.422615e-01 
  827.000  5.417926e-01 
  828.000  5.390841e-01 
  829.000  5.401443e-01 
  830.000  5.413107e-01 
  831.000  5.416188e-01 
  832.000  5.417673e-01 
  833.000  5.424517e-01 
  834.000  5.432431e-01 
  835.000  5.446267e-01 
  836.000  5.443345e-01 
  837.000  5.443293e-01 
  838.000  5.448932e-01 
  839.000  5.454010e-01 
  840.000  5.456188e-01 
  841.000  5.451698e-01 
  842.000  5.456674e-01 
  843.000  5.467176e-01 
  844.000  5.471944e-01 
  845.000  5.474821e-01 
  846.000  5.477185e-01 
  847.000  5.480111e-01 
  848.000  5.477009e-01 
  849.000  5.478098e-01 
  850.000  5.476338e-01 
  851.000  5.474848e-01 
  852.000  5.475596e-01 
  853.000  5.479819e-01 
  854.000  5.480039e-01 
  855.000  5.482088e-01 
  856.000  5.487054e-01 
  857.000  5.489673e-01 
  858.000  5.491256e-01 
  859.000  5.494191e-01 
  860.000  5.495847e-01 
  861.000  5.496494e-01 
  862.000  5.497590e-01 
  863.000  5.498137e-01 
  864.000  5.499032e-01 
  865.000  5.499845e-01 
  866.000  5.500396e-01 
  867.000  5.500776e-01 
  868.000  5.501282e-01 
  869.000  5.501853e-01 
  870.000  5.502202e-01 
  871.000  5.502760e-01 
  872.000  5.503489e-01 
  873.000  5.503632e-01 
  874.000  5.503907e-01 
  875.000  5.504301e-01 
  876.000  5.504221e-01 
  877.000  5.504388e-01 
  878.000  5.503098e-01 
  879.000  5.503402e-01 
  880.000  5.502337e-01 
  881.000  5.501921e-01 
  882.000  5.501536e-01 
  883.000  5.502723e-01 
  884.000  5.503440e-01 
  885.000  5.500825e-01 
  886.000  5.498468e-01 
  887.000  5.501230e-01 
  888.000  5.501456e-01 
  889.000  5.502345e-01 
  890.000  5.500981e-01 
  891.000  5.497574e-01 
  892.000  5.489640e-01 
  893.000  5.464971e-01 
  894.000  5.454826e-01 
  895.000  5.415642e-01 
  896.000  5.380194e-01 
  897.000  5.342251e-01 
  898.000  5.324458e-01 
  899.000  5.271013e-01 
  900.000  5.279617e-01 
  901.000  5.265577e-01 
  902.000  5.268030e-01 
  903.000  5.358317e-01 
  904.000  5.411271e-01 
  905.000  5.409404e-01 
  906.000  5.376872e-01 
  907.000  5.317611e-01 
  908.000  5.277625e-01 
  909.000  5.279939e-01 
  910.000  5.286510e-01 
  911.000  5.313764e-01 
  912.000  5.301053e-01 
  913.000  5.243667e-01 
  914.000  5.272655e-01 
  915.000  5.295036e-01 
  916.000  5.301101e-01 
  917.000  5.313037e-01 
  918.000  5.328363e-01 
  919.000  5.379482e-01 
  920.000  5.416970e-01 
  921.000  5.408837e-01 
  922.000  5.408365e-01 
  923.000  5.398225e-01 
  924.000  5.373239e-01 
  925.000  5.371935e-01 
  926.000  5.372983e-01 
  927.000  5.344505e-01 
  928.000  5.299525e-01 
  929.000  5.232158e-01 
  930.000  5.141989e-01 
  931.000  5.034487e-01 
  932.000  4.887193e-01 
  933.000  4.762052e-01 
  934.000  4.618731e-01 
  935.000  4.604601e-01 
  936.000  4.666522e-01 
  937.000  4.649440e-01 
  938.000  4.803047e-01 
  939.000  5.150410e-01 
  940.000  5.195516e-01 
  941.000  5.154909e-01 
  942.000  5.052810e-01 
  943.000  4.867762e-01 
  944.000  4.855325e-01 
  945.000  4.926615e-01 
  946.000  4.929439e-01 
  947.000  4.987182e-01 
  948.000  5.020444e-01 
  949.000  5.014879e-01 
  950.000  5.023106e-01 
  951.000  5.095910e-01 
  952.000  5.015764e-01 
  953.000  5.070031e-01 
  954.000  5.126038e-01 
  955.000  5.078103e-01 
  956.000  5.064943e-01 
  957.000  5.205391e-01 
  958.000  5.221558e-01 
  959.000  5.198007e-01 
  960.000  5.190650e-01 
  961.000  5.178655e-01 
  962.000  5.188569e-01 
  963.000  5.261646e-01 
  964.000  5.271562e-01 
  965.000  5.264254e-01 
  966.000  5.267646e-01 
  967.000  5.317500e-01 
  968.000  5.397582e-01 
  969.000  5.432441e-01 
  970.000  5.434267e-01 
  971.000  5.433607e-01 
  972.000  5.424041e-01 
  973.000  5.401285e-01 
  974.000  5.372928e-01 
  975.000  5.354478e-01 
  976.000  5.377469e-01 
  977.000  5.414565e-01 
  978.000  5.411552e-01 
  979.000  5.420902e-01 
  980.000  5.457619e-01 
  981.000  5.465661e-01 
  982.000  5.457554e-01 
  983.000  5.476097e-01 
  984.000  5.495029e-01 
  985.000  5.503981e-01 
  986.000  5.517564e-01 
  987.000  5.523908e-01 
  988.000  5.524716e-01 
  989.000  5.525802e-01 
  990.000  5.527545e-01 
  991.000  5.532529e-01 
  992.000  5.534360e-01 
  993.000  5.535169e-01 
  994.000  5.539994e-01 
  995.000  5.543579e-01 
  996.000  5.543753e-01 
  997.000  5.541452e-01 
  998.000  5.539390e-01 
  999.000  5.539314e-01 
 1000.000  5.539645e-01 
 1001.000  5.535750e-01 
 1002.000  5.528268e-01 
 1003.000  5.529721e-01 
 1004.000  5.534810e-01 
 1005.000  5.536544e-01 
 1006.000  5.537148e-01 
 1007.000  5.536388e-01 
 1008.000  5.529618e-01 
 1009.000  5.521432e-01 
 1010.000  5.525538e-01 
 1011.000  5.534479e-01 
 1012.000  5.537589e-01 
 1013.000  5.540577e-01 
 1014.000  5.541841e-01 
 1015.000  5.541309e-01 
 1016.000  5.542730e-01 
 1017.000  5.543594e-01 
 1018.000  5.541676e-01 
 1019.000  5.538776e-01 
 1020.000  5.539935e-01 
 1021.000  5.541809e-01 
 1022.000  5.537936e-01 
 1023.000  5.534884e-01 
 1024.000  5.532551e-01 
 1025.000  5.538108e-01 
 1026.000  5.540006e-01 
 1027.000  5.539150e-01 
 1028.000  5.539028e-01 
 1029.000  5.541241e-01 
 1030.000  5.543745e-01 
 1031.000  5.544811e-01 
 1032.000  5.545363e-01 
 1033.000  5.545058e-01 
 1034.000  5.545011e-01 
 1035.000  5.544097e-01 
 1036.000  5.541708e-01 
 1037.000  5.539923e-01 
 1038.000  5.539895e-01 
 1039.000  5.538937e-01 
 1040.000  5.537627e-01 
 1041.000  5.536536e-01 
 1042.000  5.535886e-01 
 1043.000  5.535123e-01 
 1044.000  5.533700e-01 
 1045.000  5.531451e-01 
 1046.000  5.529582e-01 
 1047.000  5.527011e-01 
 1048.000  5.521759e-01 
 1049.000  5.515317e-01 
 1050.000  5.512284e-01 
 1051.000  5.510246e-01 
 1052.000  5.507088e-01 
 1053.000  5.504619e-01 
 1054.000  5.501214e-01 
 1055.000  5.497612e-01 
 1056.000  5.493028e-01 
 1057.000  5.486763e-01 
 1058.000  5.477831e-01 
 1059.000  5.474662e-01 
 1060.000  5.473975e-01 
 1061.000  5.471090e-01 
 1062.000  5.464621e-01 
 1063.000  5.458837e-01 
 1064.000  5.452814e-01 
 1065.000  5.449731e-01 
 1066.000  5.449510e-01 
 1067.000  5.447246e-01 
 1068.000  5.444786e-01 
 1069.000  5.452121e-01 
 1070.000  5.459777e-01 
 1071.000  5.463121e-01 
 1072.000  5.464262e-01 
 1073.000  5.468299e-01 
 1074.000  5.473334e-01 
 1075.000  5.482015e-01 
 1076.000  5.482878e-01 
 1077.000  5.483119e-01 
 1078.000  5.481666e-01 
 1079.000  5.484387e-01 
 1080.000  5.476182e-01 
 1081.000  5.478036e-01 
 1082.000  5.483791e-01 
 1083.000  5.481769e-01 
 1084.000  5.476443e-01 
 1085.000  5.460489e-01 
 1086.000  5.466617e-01 
 1087.000  5.487959e-01 
 1088.000  5.490325e-01 
 1089.000  5.467979e-01 
 1090.000  5.465049e-01 
 1091.000  5.471101e-01 
 1092.000  5.460939e-01 
 1093.000  5.434986e-01 
 1094.000  5.424059e-01 
 1095.000  5.427020e-01 
 1096.000  5.429814e-01 
 1097.000  5.425841e-01 
 1098.000  5.358734e-01 
 1099.000  5.299730e-01 
 1100.000  5.304803e-01 
 1101.000  5.314077e-01 
 1102.000  5.311500e-01 
 1103.000  5.317872e-01 
 1104.000  5.308340e-01 
 1105.000  5.283630e-01 
 1106.000  5.257566e-01 
 1107.000  5.265827e-01 
 1108.000  5.272775e-01 
 1109.000  5.297704e-01 
 1110.000  5.298069e-01 
 1111.000  5.287486e-01 
 1112.000  5.233454e-01 
 1113.000  5.157995e-01 
 1114.000  5.142426e-01 
 1115.000  5.045259e-01 
 1116.000  4.981371e-01 
 1117.000  4.814351e-01 
 1118.000  4.651127e-01 
 1119.000  4.562506e-01 
 1120.000  4.438293e-01 
 1121.000  4.411022e-01 
 1122.000  4.258775e-01 
 1123.000  4.351353e-01 
 1124.000  4.410382e-01 
 1125.000  4.381783e-01 
 1126.000  4.368823e-01 
 1127.000  4.378969e-01 
 1128.000  4.398289e-01 
 1129.000  4.535946e-01 
 1130.000  4.825793e-01 
 1131.000  4.901089e-01 
 1132.000  4.799727e-01 
 1133.000  4.589449e-01 
 1134.000  4.126545e-01 
 1135.000  4.165351e-01 
 1136.000  4.615282e-01 
 1137.000  4.815634e-01 
 1138.000  4.984297e-01 
 1139.000  5.024390e-01 
 1140.000  4.993534e-01 
 1141.000  4.925329e-01 
 1142.000  4.902854e-01 
 1143.000  4.829296e-01 
 1144.000  4.740331e-01 
 1145.000  4.603495e-01 
 1146.000  4.636593e-01 
 1147.000  4.742040e-01 
 1148.000  4.830162e-01 
 1149.000  4.862475e-01 
 1150.000  4.858982e-01 
