  320.000  3.422257e-01 
  321.000  3.999234e-01 
  322.000  3.775912e-01 
  323.000  4.058294e-01 
  324.000  4.335714e-01 
  325.000  4.129539e-01 
  326.000  4.466449e-01 
  327.000  4.559155e-01 
  328.000  4.358234e-01 
  329.000  4.741680e-01 
  330.000  4.801627e-01 
  331.000  4.682800e-01 
  332.000  4.911481e-01 
  333.000  4.977582e-01 
  334.000  4.923328e-01 
  335.000  5.088973e-01 
  336.000  5.155618e-01 
  337.000  5.127562e-01 
  338.000  5.205464e-01 
  339.000  5.285513e-01 
  340.000  5.272382e-01 
  341.000  5.349832e-01 
  342.000  5.406267e-01 
  343.000  5.434547e-01 
  344.000  5.440320e-01 
  345.000  5.516397e-01 
  346.000  5.564273e-01 
  347.000  5.603216e-01 
  348.000  5.639618e-01 
  349.000  5.680422e-01 
  350.000  5.715229e-01 
  351.000  5.749829e-01 
  352.000  5.778167e-01 
  353.000  5.818385e-01 
  354.000  5.852554e-01 
  355.000  5.884295e-01 
  356.000  5.915169e-01 
  357.000  5.942602e-01 
  358.000  5.972074e-01 
  359.000  6.001469e-01 
  360.000  6.031525e-01 
  361.000  6.069424e-01 
  362.000  6.108803e-01 
  363.000  6.144996e-01 
  364.000  6.178241e-01 
  365.000  6.209370e-01 
  366.000  6.241146e-01 
  367.000  6.271349e-01 
  368.000  6.301228e-01 
  369.000  6.330802e-01 
  370.000  6.360024e-01 
  371.000  6.388971e-01 
  372.000  6.417634e-01 
  373.000  6.446010e-01 
  374.000  6.473888e-01 
  375.000  6.501186e-01 
  376.000  6.527519e-01 
  377.000  6.552373e-01 
  378.000  6.575428e-01 
  379.000  6.598824e-01 
  380.000  6.624522e-01 
  381.000  6.653732e-01 
  382.000  6.683953e-01 
  383.000  6.712486e-01 
  384.000  6.739510e-01 
  385.000  6.765512e-01 
  386.000  6.790810e-01 
  387.000  6.815666e-01 
  388.000  6.840171e-01 
  389.000  6.864440e-01 
  390.000  6.888481e-01 
  391.000  6.912244e-01 
  392.000  6.935799e-01 
  393.000  6.959129e-01 
  394.000  6.982211e-01 
  395.000  7.005029e-01 
  396.000  7.027669e-01 
  397.000  7.050018e-01 
  398.000  7.072133e-01 
  399.000  7.094033e-01 
  400.000  7.115604e-01 
  401.000  7.137066e-01 
  402.000  7.158329e-01 
  403.000  7.179385e-01 
  404.000  7.200229e-01 
  405.000  7.220821e-01 
  406.000  7.241251e-01 
  407.000  7.261499e-01 
  408.000  7.281547e-01 
  409.000  7.301376e-01 
  410.000  7.320994e-01 
  411.000  7.340397e-01 
  412.000  7.359572e-01 
  413.000  7.378616e-01 
  414.000  7.396275e-01 
  415.000  7.415360e-01 
  416.000  7.434183e-01 
  417.000  7.452672e-01 
  418.000  7.470719e-01 
  419.000  7.488549e-01 
  420.000  7.506201e-01 
  421.000  7.523730e-01 
  422.000  7.541134e-01 
  423.000  7.558393e-01 
  424.000  7.575432e-01 
  425.000  7.592065e-01 
  426.000  7.608521e-01 
  427.000  7.624818e-01 
  428.000  7.640811e-01 
  429.000  7.656568e-01 
  430.000  7.672127e-01 
  431.000  7.687559e-01 
  432.000  7.702816e-01 
  433.000  7.717916e-01 
  434.000  7.732877e-01 
  435.000  7.747680e-01 
  436.000  7.762306e-01 
  437.000  7.776762e-01 
  438.000  7.791042e-01 
  439.000  7.805202e-01 
  440.000  7.819123e-01 
  441.000  7.832858e-01 
  442.000  7.846366e-01 
  443.000  7.859660e-01 
  444.000  7.872736e-01 
  445.000  7.885523e-01 
  446.000  7.897946e-01 
  447.000  7.910966e-01 
  448.000  7.924916e-01 
  449.000  7.939026e-01 
  450.000  7.952855e-01 
  451.000  7.966133e-01 
  452.000  7.978938e-01 
  453.000  7.991473e-01 
  454.000  8.003772e-01 
  455.000  8.015352e-01 
  456.000  8.025990e-01 
  457.000  8.036625e-01 
  458.000  8.047112e-01 
  459.000  8.057370e-01 
  460.000  8.067542e-01 
  461.000  8.077601e-01 
  462.000  8.087462e-01 
  463.000  8.097277e-01 
  464.000  8.110046e-01 
  465.000  8.122616e-01 
  466.000  8.134956e-01 
  467.000  8.147003e-01 
  468.000  8.156811e-01 
  469.000  8.165253e-01 
  470.000  8.173014e-01 
  471.000  8.179998e-01 
  472.000  8.185926e-01 
  473.000  8.190080e-01 
  474.000  8.193491e-01 
  475.000  8.194366e-01 
  476.000  8.192678e-01 
  477.000  8.192644e-01 
  478.000  8.202507e-01 
  479.000  8.217514e-01 
  480.000  8.233698e-01 
  481.000  8.248205e-01 
  482.000  8.261802e-01 
  483.000  8.273613e-01 
  484.000  8.283761e-01 
  485.000  8.292829e-01 
  486.000  8.302497e-01 
  487.000  8.312669e-01 
  488.000  8.322510e-01 
  489.000  8.332164e-01 
  490.000  8.341699e-01 
  491.000  8.349163e-01 
  492.000  8.355983e-01 
  493.000  8.362767e-01 
  494.000  8.369357e-01 
  495.000  8.375944e-01 
  496.000  8.379337e-01 
  497.000  8.382602e-01 
  498.000  8.385817e-01 
  499.000  8.388859e-01 
  500.000  8.391853e-01 
  501.000  8.394513e-01 
  502.000  8.397173e-01 
  503.000  8.399800e-01 
  504.000  8.402306e-01 
  505.000  8.404674e-01 
  506.000  8.411609e-01 
  507.000  8.418743e-01 
  508.000  8.425863e-01 
  509.000  8.432899e-01 
  510.000  8.439783e-01 
  511.000  8.445951e-01 
  512.000  8.451907e-01 
  513.000  8.457826e-01 
  514.000  8.463671e-01 
  515.000  8.469461e-01 
  516.000  8.473597e-01 
  517.000  8.476248e-01 
  518.000  8.478826e-01 
  519.000  8.481354e-01 
  520.000  8.483858e-01 
  521.000  8.486100e-01 
  522.000  8.487718e-01 
  523.000  8.488883e-01 
  524.000  8.490088e-01 
  525.000  8.491037e-01 
  526.000  8.492370e-01 
  527.000  8.492584e-01 
  528.000  8.492346e-01 
  529.000  8.492094e-01 
  530.000  8.491899e-01 
  531.000  8.491738e-01 
  532.000  8.492098e-01 
  533.000  8.495346e-01 
  534.000  8.499447e-01 
  535.000  8.504074e-01 
  536.000  8.508546e-01 
  537.000  8.512635e-01 
  538.000  8.516292e-01 
  539.000  8.519679e-01 
  540.000  8.522856e-01 
  541.000  8.525940e-01 
  542.000  8.528888e-01 
  543.000  8.531731e-01 
  544.000  8.533881e-01 
  545.000  8.535466e-01 
  546.000  8.536976e-01 
  547.000  8.538529e-01 
  548.000  8.540004e-01 
  549.000  8.541456e-01 
  550.000  8.542160e-01 
  551.000  8.542123e-01 
  552.000  8.542114e-01 
  553.000  8.541954e-01 
  554.000  8.541722e-01 
  555.000  8.541449e-01 
  556.000  8.540895e-01 
  557.000  8.539855e-01 
  558.000  8.538731e-01 
  559.000  8.537476e-01 
  560.000  8.535903e-01 
  561.000  8.534037e-01 
  562.000  8.529707e-01 
  563.000  8.527375e-01 
  564.000  8.524240e-01 
  565.000  8.519314e-01 
  566.000  8.516431e-01 
  567.000  8.504882e-01 
  568.000  8.466401e-01 
  569.000  8.382854e-01 
  570.000  8.395761e-01 
  571.000  8.455445e-01 
  572.000  8.398070e-01 
  573.000  8.413318e-01 
  574.000  8.417318e-01 
  575.000  8.413752e-01 
  576.000  8.415744e-01 
  577.000  8.435733e-01 
  578.000  8.461497e-01 
  579.000  8.481954e-01 
  580.000  8.498547e-01 
  581.000  8.523864e-01 
  582.000  8.540152e-01 
  583.000  8.549021e-01 
  584.000  8.557259e-01 
  585.000  8.563081e-01 
  586.000  8.569161e-01 
  587.000  8.545620e-01 
  588.000  8.430680e-01 
  589.000  8.250288e-01 
  590.000  8.240381e-01 
  591.000  8.365777e-01 
  592.000  8.301234e-01 
  593.000  8.444080e-01 
  594.000  8.414177e-01 
  595.000  8.316024e-01 
  596.000  8.455243e-01 
  597.000  8.421797e-01 
  598.000  8.477332e-01 
  599.000  8.498605e-01 
  600.000  8.548628e-01 
  601.000  8.581723e-01 
  602.000  8.590976e-01 
  603.000  8.605312e-01 
  604.000  8.620718e-01 
  605.000  8.630968e-01 
  606.000  8.638010e-01 
  607.000  8.644797e-01 
  608.000  8.651097e-01 
  609.000  8.657107e-01 
  610.000  8.663300e-01 
  611.000  8.670174e-01 
  612.000  8.676905e-01 
  613.000  8.683423e-01 
  614.000  8.689747e-01 
  615.000  8.696053e-01 
  616.000  8.702126e-01 
  617.000  8.707861e-01 
  618.000  8.712667e-01 
  619.000  8.716732e-01 
  620.000  8.720495e-01 
  621.000  8.723727e-01 
  622.000  8.726428e-01 
  623.000  8.728235e-01 
  624.000  8.730153e-01 
  625.000  8.731747e-01 
  626.000  8.727638e-01 
  627.000  8.680704e-01 
  628.000  8.443764e-01 
  629.000  8.582176e-01 
  630.000  8.623401e-01 
  631.000  8.668757e-01 
  632.000  8.651988e-01 
  633.000  8.717144e-01 
  634.000  8.746090e-01 
  635.000  8.756053e-01 
  636.000  8.774177e-01 
  637.000  8.788448e-01 
  638.000  8.819774e-01 
  639.000  8.828859e-01 
  640.000  8.848686e-01 
  641.000  8.856276e-01 
  642.000  8.870903e-01 
  643.000  8.860319e-01 
  644.000  8.866195e-01 
  645.000  8.847347e-01 
  646.000  8.750585e-01 
  647.000  8.684517e-01 
  648.000  8.610233e-01 
  649.000  8.682454e-01 
  650.000  8.818142e-01 
  651.000  8.821558e-01 
  652.000  8.708483e-01 
  653.000  8.846017e-01 
  654.000  8.834770e-01 
  655.000  8.789432e-01 
  656.000  8.810027e-01 
  657.000  8.839998e-01 
  658.000  8.889316e-01 
  659.000  8.919520e-01 
  660.000  8.934652e-01 
  661.000  8.972282e-01 
  662.000  8.990782e-01 
  663.000  8.991392e-01 
  664.000  9.000747e-01 
  665.000  9.009076e-01 
  666.000  9.019032e-01 
  667.000  9.027302e-01 
  668.000  9.036900e-01 
  669.000  9.043518e-01 
  670.000  9.049277e-01 
  671.000  9.055391e-01 
  672.000  9.060762e-01 
  673.000  9.066019e-01 
  674.000  9.071223e-01 
  675.000  9.076439e-01 
  676.000  9.081312e-01 
  677.000  9.085798e-01 
  678.000  9.090301e-01 
  679.000  9.093834e-01 
  680.000  9.093172e-01 
  681.000  9.091061e-01 
  682.000  9.093125e-01 
  683.000  9.093228e-01 
  684.000  9.086493e-01 
  685.000  9.096775e-01 
  686.000  9.064738e-01 
  687.000  7.988966e-01 
  688.000  8.329489e-01 
  689.000  8.229966e-01 
  690.000  8.407167e-01 
  691.000  8.631738e-01 
  692.000  8.756604e-01 
  693.000  8.663651e-01 
  694.000  8.545948e-01 
  695.000  8.652098e-01 
  696.000  8.714081e-01 
  697.000  8.983977e-01 
  698.000  8.927684e-01 
  699.000  8.684314e-01 
  700.000  8.724434e-01 
  701.000  8.670038e-01 
  702.000  8.709728e-01 
  703.000  8.913110e-01 
  704.000  8.921769e-01 
  705.000  8.837762e-01 
  706.000  8.854101e-01 
  707.000  8.884104e-01 
  708.000  8.916545e-01 
  709.000  8.982971e-01 
  710.000  8.912125e-01 
  711.000  8.984319e-01 
  712.000  9.045785e-01 
  713.000  8.996258e-01 
  714.000  8.979479e-01 
  715.000  8.898839e-01 
  716.000  8.814974e-01 
  717.000  8.286800e-01 
  718.000  7.963002e-01 
  719.000  7.846438e-01 
  720.000  7.670930e-01 
  721.000  8.439158e-01 
  722.000  8.713387e-01 
  723.000  8.557805e-01 
  724.000  8.117482e-01 
  725.000  8.182104e-01 
  726.000  8.161241e-01 
  727.000  8.223193e-01 
  728.000  8.155075e-01 
  729.000  8.323127e-01 
  730.000  8.293595e-01 
  731.000  8.257992e-01 
  732.000  8.542117e-01 
  733.000  8.814908e-01 
  734.000  8.946266e-01 
  735.000  8.899458e-01 
  736.000  8.812582e-01 
  737.000  8.877673e-01 
  738.000  8.967251e-01 
  739.000  9.005693e-01 
  740.000  9.091284e-01 
  741.000  9.140645e-01 
  742.000  9.161237e-01 
  743.000  9.206814e-01 
  744.000  9.227195e-01 
  745.000  9.243000e-01 
  746.000  9.255176e-01 
  747.000  9.257985e-01 
  748.000  9.268791e-01 
  749.000  9.274040e-01 
  750.000  9.270724e-01 
  751.000  9.272574e-01 
  752.000  9.282067e-01 
  753.000  9.285856e-01 
  754.000  9.288797e-01 
  755.000  9.290639e-01 
  756.000  9.292580e-01 
  757.000  9.293918e-01 
  758.000  9.281027e-01 
  759.000  8.707529e-01 
  760.000  4.301683e-01 
  761.000  3.867138e-01 
  762.000  6.472062e-01 
  763.000  5.674061e-01 
  764.000  6.070102e-01 
  765.000  6.961149e-01 
  766.000  8.022598e-01 
  767.000  8.553150e-01 
  768.000  8.898426e-01 
  769.000  9.125582e-01 
  770.000  9.244422e-01 
  771.000  9.303292e-01 
  772.000  9.317421e-01 
  773.000  9.323824e-01 
  774.000  9.331322e-01 
  775.000  9.335580e-01 
  776.000  9.338678e-01 
  777.000  9.339420e-01 
  778.000  9.339043e-01 
  779.000  9.338580e-01 
  780.000  9.338102e-01 
  781.000  9.342219e-01 
  782.000  9.341609e-01 
  783.000  9.341142e-01 
  784.000  9.337707e-01 
  785.000  9.318714e-01 
  786.000  9.289093e-01 
  787.000  9.223996e-01 
  788.000  9.189721e-01 
  789.000  9.067895e-01 
  790.000  9.057269e-01 
  791.000  9.080055e-01 
  792.000  9.101113e-01 
  793.000  9.150448e-01 
  794.000  9.255333e-01 
  795.000  9.190928e-01 
  796.000  9.019943e-01 
  797.000  9.068567e-01 
  798.000  9.176309e-01 
  799.000  9.151495e-01 
  800.000  9.072769e-01 
  801.000  9.081945e-01 
  802.000  9.073834e-01 
  803.000  9.085147e-01 
  804.000  9.121897e-01 
  805.000  9.192482e-01 
  806.000  9.234558e-01 
  807.000  9.236255e-01 
  808.000  9.212112e-01 
  809.000  9.182485e-01 
  810.000  9.150043e-01 
  811.000  9.083718e-01 
  812.000  8.994578e-01 
  813.000  8.885555e-01 
  814.000  8.741995e-01 
  815.000  8.563786e-01 
  816.000  8.336074e-01 
  817.000  8.348401e-01 
  818.000  8.366712e-01 
  819.000  8.441525e-01 
  820.000  8.692234e-01 
  821.000  8.979319e-01 
  822.000  8.760586e-01 
  823.000  8.154048e-01 
  824.000  8.664603e-01 
  825.000  8.994751e-01 
  826.000  8.938262e-01 
  827.000  8.896304e-01 
  828.000  8.678737e-01 
  829.000  8.756781e-01 
  830.000  8.844382e-01 
  831.000  8.864885e-01 
  832.000  8.873906e-01 
  833.000  8.924441e-01 
  834.000  8.984011e-01 
  835.000  9.102405e-01 
  836.000  9.064149e-01 
  837.000  9.060000e-01 
  838.000  9.117566e-01 
  839.000  9.152463e-01 
  840.000  9.165043e-01 
  841.000  9.126893e-01 
  842.000  9.160866e-01 
  843.000  9.241801e-01 
  844.000  9.278453e-01 
  845.000  9.295458e-01 
  846.000  9.313353e-01 
  847.000  9.333104e-01 
  848.000  9.300122e-01 
  849.000  9.304181e-01 
  850.000  9.287810e-01 
  851.000  9.268335e-01 
  852.000  9.270121e-01 
  853.000  9.301928e-01 
  854.000  9.300064e-01 
  855.000  9.315987e-01 
  856.000  9.349258e-01 
  857.000  9.363044e-01 
  858.000  9.370263e-01 
  859.000  9.386219e-01 
  860.000  9.393926e-01 
  861.000  9.395088e-01 
  862.000  9.399241e-01 
  863.000  9.399768e-01 
  864.000  9.402610e-01 
  865.000  9.404932e-01 
  866.000  9.405535e-01 
  867.000  9.405094e-01 
  868.000  9.405444e-01 
  869.000  9.406204e-01 
  870.000  9.405616e-01 
  871.000  9.406334e-01 
  872.000  9.408112e-01 
  873.000  9.406302e-01 
  874.000  9.405314e-01 
  875.000  9.405068e-01 
  876.000  9.401922e-01 
  877.000  9.400371e-01 
  878.000  9.390041e-01 
  879.000  9.389321e-01 
  880.000  9.380386e-01 
  881.000  9.375332e-01 
  882.000  9.370552e-01 
  883.000  9.375125e-01 
  884.000  9.376939e-01 
  885.000  9.358701e-01 
  886.000  9.333555e-01 
  887.000  9.352956e-01 
  888.000  9.351702e-01 
  889.000  9.357387e-01 
  890.000  9.342613e-01 
  891.000  9.311953e-01 
  892.000  9.247478e-01 
  893.000  9.052158e-01 
  894.000  8.954779e-01 
  895.000  8.659152e-01 
  896.000  8.394692e-01 
  897.000  8.116656e-01 
  898.000  7.986867e-01 
  899.000  7.623277e-01 
  900.000  7.675164e-01 
  901.000  7.580886e-01 
  902.000  7.598560e-01 
  903.000  8.209641e-01 
  904.000  8.585185e-01 
  905.000  8.571702e-01 
  906.000  8.336679e-01 
  907.000  7.923018e-01 
  908.000  7.651607e-01 
  909.000  7.662787e-01 
  910.000  7.703381e-01 
  911.000  7.883251e-01 
  912.000  7.795998e-01 
  913.000  7.418567e-01 
  914.000  7.604828e-01 
  915.000  7.752094e-01 
  916.000  7.792144e-01 
  917.000  7.872438e-01 
  918.000  7.976292e-01 
  919.000  8.330276e-01 
  920.000  8.598990e-01 
  921.000  8.539861e-01 
  922.000  8.534741e-01 
  923.000  8.459620e-01 
  924.000  8.279539e-01 
  925.000  8.263885e-01 
  926.000  8.257872e-01 
  927.000  8.047060e-01 
  928.000  7.724206e-01 
  929.000  7.261134e-01 
  930.000  6.677738e-01 
  931.000  6.033434e-01 
  932.000  5.199200e-01 
  933.000  4.591013e-01 
  934.000  3.978178e-01 
  935.000  3.912342e-01 
  936.000  4.151105e-01 
  937.000  4.091132e-01 
  938.000  4.777597e-01 
  939.000  6.600958e-01 
  940.000  6.878039e-01 
  941.000  6.640686e-01 
  942.000  6.060505e-01 
  943.000  5.107641e-01 
  944.000  5.040942e-01 
  945.000  5.380154e-01 
  946.000  5.400056e-01 
  947.000  5.707321e-01 
  948.000  5.888094e-01 
  949.000  5.865622e-01 
  950.000  5.912274e-01 
  951.000  6.318032e-01 
  952.000  5.886591e-01 
  953.000  6.191033e-01 
  954.000  6.519386e-01 
  955.000  6.255633e-01 
  956.000  6.198556e-01 
  957.000  7.030050e-01 
  958.000  7.139473e-01 
  959.000  7.001581e-01 
  960.000  6.962053e-01 
  961.000  6.893135e-01 
  962.000  6.957051e-01 
  963.000  7.416662e-01 
  964.000  7.483267e-01 
  965.000  7.439818e-01 
  966.000  7.465386e-01 
  967.000  7.795195e-01 
  968.000  8.348125e-01 
  969.000  8.598941e-01 
  970.000  8.612606e-01 
  971.000  8.606617e-01 
  972.000  8.535268e-01 
  973.000  8.370854e-01 
  974.000  8.171061e-01 
  975.000  8.042875e-01 
  976.000  8.199493e-01 
  977.000  8.458816e-01 
  978.000  8.437892e-01 
  979.000  8.505371e-01 
  980.000  8.770667e-01 
  981.000  8.829591e-01 
  982.000  8.770607e-01 
  983.000  8.907034e-01 
  984.000  9.047561e-01 
  985.000  9.127435e-01 
  986.000  9.230567e-01 
  987.000  9.275240e-01 
  988.000  9.285415e-01 
  989.000  9.291881e-01 
  990.000  9.302683e-01 
  991.000  9.340996e-01 
  992.000  9.351794e-01 
  993.000  9.355758e-01 
  994.000  9.390337e-01 
  995.000  9.413704e-01 
  996.000  9.413478e-01 
  997.000  9.398299e-01 
  998.000  9.380809e-01 
  999.000  9.374271e-01 
 1000.000  9.379431e-01 
 1001.000  9.342552e-01 
 1002.000  9.283625e-01 
 1003.000  9.297494e-01 
 1004.000  9.331232e-01 
 1005.000  9.346593e-01 
 1006.000  9.351559e-01 
 1007.000  9.340230e-01 
 1008.000  9.292204e-01 
 1009.000  9.228066e-01 
 1010.000  9.256558e-01 
 1011.000  9.324626e-01 
 1012.000  9.350521e-01 
 1013.000  9.370911e-01 
 1014.000  9.379418e-01 
 1015.000  9.381042e-01 
 1016.000  9.390247e-01 
 1017.000  9.395571e-01 
 1018.000  9.384030e-01 
 1019.000  9.360351e-01 
 1020.000  9.368670e-01 
 1021.000  9.385735e-01 
 1022.000  9.357119e-01 
 1023.000  9.333186e-01 
 1024.000  9.318884e-01 
 1025.000  9.362888e-01 
 1026.000  9.382387e-01 
 1027.000  9.374183e-01 
 1028.000  9.381076e-01 
 1029.000  9.400327e-01 
 1030.000  9.418140e-01 
 1031.000  9.427431e-01 
 1032.000  9.434689e-01 
 1033.000  9.436688e-01 
 1034.000  9.441046e-01 
 1035.000  9.443167e-01 
 1036.000  9.442232e-01 
 1037.000  9.442734e-01 
 1038.000  9.443955e-01 
 1039.000  9.441667e-01 
 1040.000  9.439728e-01 
 1041.000  9.438198e-01 
 1042.000  9.437785e-01 
 1043.000  9.437777e-01 
 1044.000  9.436443e-01 
 1045.000  9.432126e-01 
 1046.000  9.429246e-01 
 1047.000  9.425854e-01 
 1048.000  9.421725e-01 
 1049.000  9.417711e-01 
 1050.000  9.413085e-01 
 1051.000  9.406189e-01 
 1052.000  9.401893e-01 
 1053.000  9.401700e-01 
 1054.000  9.394912e-01 
 1055.000  9.388059e-01 
 1056.000  9.382582e-01 
 1057.000  9.367357e-01 
 1058.000  9.339026e-01 
 1059.000  9.341439e-01 
 1060.000  9.356782e-01 
 1061.000  9.353607e-01 
 1062.000  9.335683e-01 
 1063.000  9.329259e-01 
 1064.000  9.313877e-01 
 1065.000  9.295303e-01 
 1066.000  9.296769e-01 
 1067.000  9.286166e-01 
 1068.000  9.248740e-01 
 1069.000  9.229635e-01 
 1070.000  9.234210e-01 
 1071.000  9.209621e-01 
 1072.000  9.184608e-01 
 1073.000  9.179118e-01 
 1074.000  9.181813e-01 
 1075.000  9.216799e-01 
 1076.000  9.193615e-01 
 1077.000  9.162842e-01 
 1078.000  9.126815e-01 
 1079.000  9.121550e-01 
 1080.000  9.026512e-01 
 1081.000  9.020628e-01 
 1082.000  9.061731e-01 
 1083.000  9.011136e-01 
 1084.000  8.955917e-01 
 1085.000  8.824964e-01 
 1086.000  8.855084e-01 
 1087.000  8.998325e-01 
 1088.000  9.003616e-01 
 1089.000  8.828663e-01 
 1090.000  8.795505e-01 
 1091.000  8.828359e-01 
 1092.000  8.741431e-01 
 1093.000  8.548203e-01 
 1094.000  8.464020e-01 
 1095.000  8.477335e-01 
 1096.000  8.489402e-01 
 1097.000  8.450522e-01 
 1098.000  7.982829e-01 
 1099.000  7.585925e-01 
 1100.000  7.612398e-01 
 1101.000  7.666776e-01 
 1102.000  7.639785e-01 
 1103.000  7.675753e-01 
 1104.000  7.609508e-01 
 1105.000  7.443165e-01 
 1106.000  7.276025e-01 
 1107.000  7.316701e-01 
 1108.000  7.346094e-01 
 1109.000  7.487692e-01 
 1110.000  7.468641e-01 
 1111.000  7.388560e-01 
 1112.000  7.038409e-01 
 1113.000  6.561921e-01 
 1114.000  6.430588e-01 
 1115.000  5.851393e-01 
 1116.000  5.496662e-01 
 1117.000  4.692091e-01 
 1118.000  3.970229e-01 
 1119.000  3.593417e-01 
 1120.000  3.136879e-01 
 1121.000  3.036538e-01 
 1122.000  2.580055e-01 
 1123.000  2.823600e-01 
 1124.000  2.989728e-01 
 1125.000  2.901182e-01 
 1126.000  2.866417e-01 
 1127.000  2.906106e-01 
 1128.000  2.983207e-01 
 1129.000  3.441923e-01 
 1130.000  4.544041e-01 
 1131.000  4.870987e-01 
 1132.000  4.423420e-01 
 1133.000  3.627845e-01 
 1134.000  2.260257e-01 
 1135.000  2.360640e-01 
 1136.000  3.745065e-01 
 1137.000  4.540779e-01 
 1138.000  5.333949e-01 
 1139.000  5.583471e-01 
 1140.000  5.430877e-01 
 1141.000  5.124670e-01 
 1142.000  5.016196e-01 
 1143.000  4.678575e-01 
 1144.000  4.303584e-01 
 1145.000  3.770056e-01 
 1146.000  3.895463e-01 
 1147.000  4.314265e-01 
 1148.000  4.691525e-01 
 1149.000  4.846571e-01 
 1150.000  4.857778e-01 
