  320.000  1.252512e-01 
  321.000  1.595228e-01 
  322.000  1.459093e-01 
  323.000  1.631947e-01 
  324.000  1.808365e-01 
  325.000  1.676637e-01 
  326.000  1.893714e-01 
  327.000  1.955081e-01 
  328.000  1.822967e-01 
  329.000  2.077924e-01 
  330.000  2.118847e-01 
  331.000  2.038006e-01 
  332.000  2.194575e-01 
  333.000  2.240595e-01 
  334.000  2.202798e-01 
  335.000  2.318913e-01 
  336.000  2.366227e-01 
  337.000  2.346267e-01 
  338.000  2.401836e-01 
  339.000  2.459416e-01 
  340.000  2.449938e-01 
  341.000  2.506032e-01 
  342.000  2.547190e-01 
  343.000  2.567905e-01 
  344.000  2.572141e-01 
  345.000  2.628192e-01 
  346.000  2.663686e-01 
  347.000  2.692682e-01 
  348.000  2.719888e-01 
  349.000  2.750498e-01 
  350.000  2.776706e-01 
  351.000  2.802846e-01 
  352.000  2.824318e-01 
  353.000  2.854895e-01 
  354.000  2.880964e-01 
  355.000  2.905254e-01 
  356.000  2.928953e-01 
  357.000  2.950067e-01 
  358.000  2.972811e-01 
  359.000  2.995557e-01 
  360.000  3.018878e-01 
  361.000  3.048375e-01 
  362.000  3.079134e-01 
  363.000  3.107500e-01 
  364.000  3.133638e-01 
  365.000  3.158182e-01 
  366.000  3.183306e-01 
  367.000  3.207253e-01 
  368.000  3.231006e-01 
  369.000  3.254577e-01 
  370.000  3.277927e-01 
  371.000  3.301116e-01 
  372.000  3.324136e-01 
  373.000  3.346981e-01 
  374.000  3.369478e-01 
  375.000  3.391560e-01 
  376.000  3.412910e-01 
  377.000  3.433104e-01 
  378.000  3.451874e-01 
  379.000  3.470960e-01 
  380.000  3.491966e-01 
  381.000  3.515897e-01 
  382.000  3.540718e-01 
  383.000  3.564210e-01 
  384.000  3.586510e-01 
  385.000  3.608014e-01 
  386.000  3.628979e-01 
  387.000  3.649620e-01 
  388.000  3.670010e-01 
  389.000  3.690244e-01 
  390.000  3.710327e-01 
  391.000  3.730215e-01 
  392.000  3.749967e-01 
  393.000  3.769567e-01 
  394.000  3.788994e-01 
  395.000  3.808233e-01 
  396.000  3.827357e-01 
  397.000  3.846268e-01 
  398.000  3.865015e-01 
  399.000  3.883611e-01 
  400.000  3.901958e-01 
  401.000  3.920243e-01 
  402.000  3.938389e-01 
  403.000  3.956388e-01 
  404.000  3.974234e-01 
  405.000  3.991891e-01 
  406.000  4.009439e-01 
  407.000  4.026856e-01 
  408.000  4.044128e-01 
  409.000  4.061236e-01 
  410.000  4.078189e-01 
  411.000  4.094981e-01 
  412.000  4.111598e-01 
  413.000  4.128127e-01 
  414.000  4.143474e-01 
  415.000  4.160083e-01 
  416.000  4.176487e-01 
  417.000  4.192623e-01 
  418.000  4.208395e-01 
  419.000  4.223997e-01 
  420.000  4.239463e-01 
  421.000  4.254843e-01 
  422.000  4.270132e-01 
  423.000  4.285312e-01 
  424.000  4.300318e-01 
  425.000  4.314984e-01 
  426.000  4.329512e-01 
  427.000  4.343917e-01 
  428.000  4.358070e-01 
  429.000  4.372028e-01 
  430.000  4.385829e-01 
  431.000  4.399531e-01 
  432.000  4.413093e-01 
  433.000  4.426530e-01 
  434.000  4.439858e-01 
  435.000  4.453059e-01 
  436.000  4.466116e-01 
  437.000  4.479034e-01 
  438.000  4.491808e-01 
  439.000  4.504488e-01 
  440.000  4.516966e-01 
  441.000  4.529289e-01 
  442.000  4.541420e-01 
  443.000  4.553371e-01 
  444.000  4.565136e-01 
  445.000  4.576651e-01 
  446.000  4.587850e-01 
  447.000  4.599596e-01 
  448.000  4.612193e-01 
  449.000  4.624948e-01 
  450.000  4.637459e-01 
  451.000  4.649485e-01 
  452.000  4.661092e-01 
  453.000  4.672464e-01 
  454.000  4.683633e-01 
  455.000  4.694156e-01 
  456.000  4.703831e-01 
  457.000  4.713511e-01 
  458.000  4.723062e-01 
  459.000  4.732412e-01 
  460.000  4.741689e-01 
  461.000  4.750870e-01 
  462.000  4.759877e-01 
  463.000  4.768847e-01 
  464.000  4.780527e-01 
  465.000  4.792034e-01 
  466.000  4.803340e-01 
  467.000  4.814388e-01 
  468.000  4.823388e-01 
  469.000  4.831140e-01 
  470.000  4.838270e-01 
  471.000  4.844689e-01 
  472.000  4.850141e-01 
  473.000  4.853962e-01 
  474.000  4.857100e-01 
  475.000  4.857906e-01 
  476.000  4.856353e-01 
  477.000  4.856321e-01 
  478.000  4.865401e-01 
  479.000  4.879226e-01 
  480.000  4.894152e-01 
  481.000  4.907544e-01 
  482.000  4.920108e-01 
  483.000  4.931033e-01 
  484.000  4.940424e-01 
  485.000  4.948823e-01 
  486.000  4.957782e-01 
  487.000  4.967214e-01 
  488.000  4.976346e-01 
  489.000  4.985310e-01 
  490.000  4.994169e-01 
  491.000  5.001108e-01 
  492.000  5.007451e-01 
  493.000  5.013763e-01 
  494.000  5.019898e-01 
  495.000  5.026033e-01 
  496.000  5.029194e-01 
  497.000  5.032236e-01 
  498.000  5.035233e-01 
  499.000  5.038069e-01 
  500.000  5.040860e-01 
  501.000  5.043341e-01 
  502.000  5.045822e-01 
  503.000  5.048273e-01 
  504.000  5.050610e-01 
  505.000  5.052820e-01 
  506.000  5.059295e-01 
  507.000  5.065957e-01 
  508.000  5.072610e-01 
  509.000  5.079187e-01 
  510.000  5.085624e-01 
  511.000  5.091396e-01 
  512.000  5.096971e-01 
  513.000  5.102513e-01 
  514.000  5.107988e-01 
  515.000  5.113413e-01 
  516.000  5.117291e-01 
  517.000  5.119776e-01 
  518.000  5.122193e-01 
  519.000  5.124564e-01 
  520.000  5.126913e-01 
  521.000  5.129017e-01 
  522.000  5.130534e-01 
  523.000  5.131629e-01 
  524.000  5.132759e-01 
  525.000  5.133650e-01 
  526.000  5.134900e-01 
  527.000  5.135102e-01 
  528.000  5.134878e-01 
  529.000  5.134642e-01 
  530.000  5.134459e-01 
  531.000  5.134308e-01 
  532.000  5.134646e-01 
  533.000  5.137694e-01 
  534.000  5.141544e-01 
  535.000  5.145890e-01 
  536.000  5.150092e-01 
  537.000  5.153936e-01 
  538.000  5.157372e-01 
  539.000  5.160557e-01 
  540.000  5.163545e-01 
  541.000  5.166445e-01 
  542.000  5.169219e-01 
  543.000  5.171894e-01 
  544.000  5.173918e-01 
  545.000  5.175409e-01 
  546.000  5.176831e-01 
  547.000  5.178293e-01 
  548.000  5.179682e-01 
  549.000  5.181049e-01 
  550.000  5.181712e-01 
  551.000  5.181677e-01 
  552.000  5.181669e-01 
  553.000  5.181517e-01 
  554.000  5.181298e-01 
  555.000  5.181041e-01 
  556.000  5.180520e-01 
  557.000  5.179542e-01 
  558.000  5.178483e-01 
  559.000  5.177301e-01 
  560.000  5.175819e-01 
  561.000  5.174061e-01 
  562.000  5.169768e-01 
  563.000  5.167555e-01 
  564.000  5.164552e-01 
  565.000  5.159764e-01 
  566.000  5.157152e-01 
  567.000  5.145999e-01 
  568.000  5.112599e-01 
  569.000  5.038264e-01 
  570.000  5.049438e-01 
  571.000  5.102199e-01 
  572.000  5.050968e-01 
  573.000  5.064171e-01 
  574.000  5.067505e-01 
  575.000  5.064233e-01 
  576.000  5.066097e-01 
  577.000  5.083988e-01 
  578.000  5.106444e-01 
  579.000  5.124745e-01 
  580.000  5.140764e-01 
  581.000  5.164269e-01 
  582.000  5.179591e-01 
  583.000  5.188239e-01 
  584.000  5.195958e-01 
  585.000  5.201945e-01 
  586.000  5.207664e-01 
  587.000  5.187818e-01 
  588.000  5.085602e-01 
  589.000  4.926293e-01 
  590.000  4.917735e-01 
  591.000  5.028423e-01 
  592.000  4.971670e-01 
  593.000  5.098224e-01 
  594.000  5.071809e-01 
  595.000  4.985184e-01 
  596.000  5.108510e-01 
  597.000  5.078745e-01 
  598.000  5.127998e-01 
  599.000  5.146890e-01 
  600.000  5.191429e-01 
  601.000  5.221034e-01 
  602.000  5.228279e-01 
  603.000  5.240929e-01 
  604.000  5.255269e-01 
  605.000  5.265356e-01 
  606.000  5.272129e-01 
  607.000  5.278653e-01 
  608.000  5.284643e-01 
  609.000  5.290354e-01 
  610.000  5.296232e-01 
  611.000  5.302758e-01 
  612.000  5.309150e-01 
  613.000  5.315343e-01 
  614.000  5.321353e-01 
  615.000  5.327349e-01 
  616.000  5.333125e-01 
  617.000  5.338582e-01 
  618.000  5.343157e-01 
  619.000  5.347028e-01 
  620.000  5.350611e-01 
  621.000  5.353690e-01 
  622.000  5.356264e-01 
  623.000  5.357985e-01 
  624.000  5.359812e-01 
  625.000  5.361326e-01 
  626.000  5.356839e-01 
  627.000  5.316536e-01 
  628.000  5.132755e-01 
  629.000  5.238093e-01 
  630.000  5.275842e-01 
  631.000  5.312490e-01 
  632.000  5.294591e-01 
  633.000  5.351791e-01 
  634.000  5.376604e-01 
  635.000  5.386871e-01 
  636.000  5.403987e-01 
  637.000  5.416290e-01 
  638.000  5.445530e-01 
  639.000  5.454262e-01 
  640.000  5.472879e-01 
  641.000  5.480613e-01 
  642.000  5.494253e-01 
  643.000  5.485060e-01 
  644.000  5.490718e-01 
  645.000  5.475013e-01 
  646.000  5.387663e-01 
  647.000  5.328326e-01 
  648.000  5.261895e-01 
  649.000  5.327072e-01 
  650.000  5.449952e-01 
  651.000  5.453369e-01 
  652.000  5.351556e-01 
  653.000  5.476201e-01 
  654.000  5.466357e-01 
  655.000  5.425580e-01 
  656.000  5.444532e-01 
  657.000  5.472052e-01 
  658.000  5.517216e-01 
  659.000  5.545064e-01 
  660.000  5.559206e-01 
  661.000  5.592968e-01 
  662.000  5.609854e-01 
  663.000  5.610921e-01 
  664.000  5.620020e-01 
  665.000  5.627654e-01 
  666.000  5.637044e-01 
  667.000  5.644987e-01 
  668.000  5.654726e-01 
  669.000  5.661283e-01 
  670.000  5.666923e-01 
  671.000  5.672949e-01 
  672.000  5.678182e-01 
  673.000  5.683298e-01 
  674.000  5.688360e-01 
  675.000  5.693439e-01 
  676.000  5.698173e-01 
  677.000  5.702536e-01 
  678.000  5.706918e-01 
  679.000  5.710270e-01 
  680.000  5.709148e-01 
  681.000  5.707558e-01 
  682.000  5.709545e-01 
  683.000  5.710175e-01 
  684.000  5.704454e-01 
  685.000  5.713734e-01 
  686.000  5.689760e-01 
  687.000  4.841308e-01 
  688.000  5.108346e-01 
  689.000  5.029718e-01 
  690.000  5.169857e-01 
  691.000  5.344912e-01 
  692.000  5.437383e-01 
  693.000  5.343382e-01 
  694.000  5.232779e-01 
  695.000  5.323189e-01 
  696.000  5.377072e-01 
  697.000  5.616493e-01 
  698.000  5.566393e-01 
  699.000  5.350900e-01 
  700.000  5.386299e-01 
  701.000  5.338594e-01 
  702.000  5.373870e-01 
  703.000  5.554469e-01 
  704.000  5.562587e-01 
  705.000  5.488268e-01 
  706.000  5.503073e-01 
  707.000  5.530018e-01 
  708.000  5.559192e-01 
  709.000  5.618708e-01 
  710.000  5.555729e-01 
  711.000  5.620348e-01 
  712.000  5.675529e-01 
  713.000  5.631261e-01 
  714.000  5.616160e-01 
  715.000  5.543817e-01 
  716.000  5.468035e-01 
  717.000  5.003954e-01 
  718.000  4.724824e-01 
  719.000  4.625121e-01 
  720.000  4.478720e-01 
  721.000  5.134999e-01 
  722.000  5.375986e-01 
  723.000  5.239533e-01 
  724.000  4.858176e-01 
  725.000  4.913228e-01 
  726.000  4.895755e-01 
  727.000  4.949409e-01 
  728.000  4.891403e-01 
  729.000  5.036748e-01 
  730.000  5.012149e-01 
  731.000  4.982429e-01 
  732.000  5.229748e-01 
  733.000  5.471131e-01 
  734.000  5.588926e-01 
  735.000  5.547690e-01 
  736.000  5.470783e-01 
  737.000  5.528899e-01 
  738.000  5.609025e-01 
  739.000  5.643707e-01 
  740.000  5.720816e-01 
  741.000  5.765516e-01 
  742.000  5.784327e-01 
  743.000  5.825669e-01 
  744.000  5.844415e-01 
  745.000  5.857584e-01 
  746.000  5.868825e-01 
  747.000  5.871580e-01 
  748.000  5.881029e-01 
  749.000  5.886510e-01 
  750.000  5.883201e-01 
  751.000  5.885022e-01 
  752.000  5.894641e-01 
  753.000  5.898554e-01 
  754.000  5.901554e-01 
  755.000  5.903369e-01 
  756.000  5.905291e-01 
  757.000  5.906611e-01 
  758.000  5.894970e-01 
  759.000  5.434408e-01 
  760.000  2.203019e-01 
  761.000  1.922309e-01 
  762.000  3.717365e-01 
  763.000  3.141109e-01 
  764.000  3.424747e-01 
  765.000  4.081554e-01 
  766.000  4.895229e-01 
  767.000  5.313863e-01 
  768.000  5.590407e-01 
  769.000  5.774131e-01 
  770.000  5.873359e-01 
  771.000  5.919952e-01 
  772.000  5.931682e-01 
  773.000  5.936887e-01 
  774.000  5.943453e-01 
  775.000  5.947672e-01 
  776.000  5.950764e-01 
  777.000  5.951414e-01 
  778.000  5.950893e-01 
  779.000  5.950302e-01 
  780.000  5.949703e-01 
  781.000  5.954062e-01 
  782.000  5.953320e-01 
  783.000  5.952733e-01 
  784.000  5.949371e-01 
  785.000  5.932477e-01 
  786.000  5.907186e-01 
  787.000  5.848877e-01 
  788.000  5.818209e-01 
  789.000  5.709740e-01 
  790.000  5.700281e-01 
  791.000  5.720550e-01 
  792.000  5.739387e-01 
  793.000  5.783446e-01 
  794.000  5.877218e-01 
  795.000  5.819696e-01 
  796.000  5.667722e-01 
  797.000  5.710887e-01 
  798.000  5.806841e-01 
  799.000  5.784818e-01 
  800.000  5.714845e-01 
  801.000  5.723056e-01 
  802.000  5.715926e-01 
  803.000  5.726072e-01 
  804.000  5.758908e-01 
  805.000  5.821941e-01 
  806.000  5.859674e-01 
  807.000  5.861275e-01 
  808.000  5.839713e-01 
  809.000  5.813224e-01 
  810.000  5.784147e-01 
  811.000  5.724880e-01 
  812.000  5.645322e-01 
  813.000  5.548454e-01 
  814.000  5.421602e-01 
  815.000  5.264990e-01 
  816.000  5.068247e-01 
  817.000  5.078204e-01 
  818.000  5.093871e-01 
  819.000  5.158853e-01 
  820.000  5.376833e-01 
  821.000  5.629025e-01 
  822.000  5.436730e-01 
  823.000  4.914011e-01 
  824.000  5.353364e-01 
  825.000  5.643472e-01 
  826.000  5.594460e-01 
  827.000  5.557534e-01 
  828.000  5.366814e-01 
  829.000  5.434998e-01 
  830.000  5.512062e-01 
  831.000  5.530415e-01 
  832.000  5.539080e-01 
  833.000  5.583968e-01 
  834.000  5.637047e-01 
  835.000  5.742559e-01 
  836.000  5.708830e-01 
  837.000  5.705490e-01 
  838.000  5.756811e-01 
  839.000  5.788106e-01 
  840.000  5.799429e-01 
  841.000  5.765559e-01 
  842.000  5.795955e-01 
  843.000  5.868379e-01 
  844.000  5.901380e-01 
  845.000  5.916735e-01 
  846.000  5.932900e-01 
  847.000  5.950711e-01 
  848.000  5.921143e-01 
  849.000  5.924817e-01 
  850.000  5.910161e-01 
  851.000  5.892751e-01 
  852.000  5.894405e-01 
  853.000  5.922994e-01 
  854.000  5.921426e-01 
  855.000  5.935801e-01 
  856.000  5.965779e-01 
  857.000  5.976717e-01 
  858.000  5.983561e-01 
  859.000  5.997829e-01 
  860.000  6.004798e-01 
  861.000  6.006007e-01 
  862.000  6.010453e-01 
  863.000  6.010973e-01 
  864.000  6.014002e-01 
  865.000  6.016467e-01 
  866.000  6.017071e-01 
  867.000  6.016548e-01 
  868.000  6.016878e-01 
  869.000  6.017651e-01 
  870.000  6.016970e-01 
  871.000  6.017697e-01 
  872.000  6.019570e-01 
  873.000  6.017570e-01 
  874.000  6.016456e-01 
  875.000  6.016143e-01 
  876.000  6.012701e-01 
  877.000  6.011472e-01 
  878.000  6.002436e-01 
  879.000  6.001757e-01 
  880.000  5.993960e-01 
  881.000  5.989260e-01 
  882.000  5.985514e-01 
  883.000  5.989798e-01 
  884.000  5.990804e-01 
  885.000  5.976447e-01 
  886.000  5.953982e-01 
  887.000  5.971217e-01 
  888.000  5.970103e-01 
  889.000  5.975181e-01 
  890.000  5.961759e-01 
  891.000  5.934297e-01 
  892.000  5.876560e-01 
  893.000  5.703284e-01 
  894.000  5.616807e-01 
  895.000  5.358972e-01 
  896.000  5.130039e-01 
  897.000  4.891697e-01 
  898.000  4.781412e-01 
  899.000  4.480152e-01 
  900.000  4.521837e-01 
  901.000  4.444921e-01 
  902.000  4.460796e-01 
  903.000  4.969060e-01 
  904.000  5.289310e-01 
  905.000  5.278771e-01 
  906.000  5.078266e-01 
  907.000  4.730497e-01 
  908.000  4.505894e-01 
  909.000  4.514479e-01 
  910.000  4.547647e-01 
  911.000  4.696151e-01 
  912.000  4.624166e-01 
  913.000  4.316024e-01 
  914.000  4.467690e-01 
  915.000  4.589181e-01 
  916.000  4.622918e-01 
  917.000  4.690277e-01 
  918.000  4.777505e-01 
  919.000  5.076082e-01 
  920.000  5.306894e-01 
  921.000  5.256890e-01 
  922.000  5.252788e-01 
  923.000  5.188498e-01 
  924.000  5.035018e-01 
  925.000  5.020260e-01 
  926.000  5.011179e-01 
  927.000  4.829935e-01 
  928.000  4.556261e-01 
  929.000  4.172180e-01 
  930.000  3.703248e-01 
  931.000  3.205697e-01 
  932.000  2.584952e-01 
  933.000  2.165937e-01 
  934.000  1.770051e-01 
  935.000  1.726830e-01 
  936.000  1.873845e-01 
  937.000  1.838894e-01 
  938.000  2.292398e-01 
  939.000  3.608014e-01 
  940.000  3.824497e-01 
  941.000  3.643880e-01 
  942.000  3.208165e-01 
  943.000  2.526776e-01 
  944.000  2.479123e-01 
  945.000  2.712883e-01 
  946.000  2.729067e-01 
  947.000  2.952268e-01 
  948.000  3.085483e-01 
  949.000  3.071828e-01 
  950.000  3.107251e-01 
  951.000  3.410450e-01 
  952.000  3.093691e-01 
  953.000  3.322099e-01 
  954.000  3.574084e-01 
  955.000  3.377840e-01 
  956.000  3.340791e-01 
  957.000  3.984687e-01 
  958.000  4.075154e-01 
  959.000  3.969105e-01 
  960.000  3.940364e-01 
  961.000  3.888074e-01 
  962.000  3.940171e-01 
  963.000  4.308690e-01 
  964.000  4.364252e-01 
  965.000  4.330897e-01 
  966.000  4.353548e-01 
  967.000  4.625295e-01 
  968.000  5.090607e-01 
  969.000  5.306516e-01 
  970.000  5.319181e-01 
  971.000  5.314308e-01 
  972.000  5.252828e-01 
  973.000  5.112202e-01 
  974.000  4.943188e-01 
  975.000  4.835745e-01 
  976.000  4.967387e-01 
  977.000  5.187699e-01 
  978.000  5.170701e-01 
  979.000  5.229397e-01 
  980.000  5.458582e-01 
  981.000  5.510411e-01 
  982.000  5.460105e-01 
  983.000  5.579430e-01 
  984.000  5.702925e-01 
  985.000  5.773605e-01 
  986.000  5.865092e-01 
  987.000  5.905079e-01 
  988.000  5.914423e-01 
  989.000  5.920403e-01 
  990.000  5.930150e-01 
  991.000  5.964321e-01 
  992.000  5.974001e-01 
  993.000  5.977598e-01 
  994.000  6.008413e-01 
  995.000  6.028153e-01 
  996.000  6.027902e-01 
  997.000  6.015760e-01 
  998.000  6.000051e-01 
  999.000  5.994238e-01 
 1000.000  5.998822e-01 
 1001.000  5.966046e-01 
 1002.000  5.913770e-01 
 1003.000  5.926079e-01 
 1004.000  5.956026e-01 
 1005.000  5.969687e-01 
 1006.000  5.974066e-01 
 1007.000  5.963994e-01 
 1008.000  5.921397e-01 
 1009.000  5.864629e-01 
 1010.000  5.889850e-01 
 1011.000  5.950199e-01 
 1012.000  5.973228e-01 
 1013.000  5.991385e-01 
 1014.000  5.998989e-01 
 1015.000  6.000444e-01 
 1016.000  6.008643e-01 
 1017.000  6.013384e-01 
 1018.000  6.003096e-01 
 1019.000  5.982031e-01 
 1020.000  5.989406e-01 
 1021.000  6.004562e-01 
 1022.000  5.979074e-01 
 1023.000  5.957789e-01 
 1024.000  5.945062e-01 
 1025.000  5.984133e-01 
 1026.000  6.001444e-01 
 1027.000  5.994138e-01 
 1028.000  6.000237e-01 
 1029.000  6.015791e-01 
 1030.000  6.031548e-01 
 1031.000  6.040288e-01 
 1032.000  6.046628e-01 
 1033.000  6.047953e-01 
 1034.000  6.051809e-01 
 1035.000  6.053772e-01 
 1036.000  6.052993e-01 
 1037.000  6.053730e-01 
 1038.000  6.055076e-01 
 1039.000  6.052659e-01 
 1040.000  6.050667e-01 
 1041.000  6.049098e-01 
 1042.000  6.048712e-01 
 1043.000  6.048780e-01 
 1044.000  6.047462e-01 
 1045.000  6.042954e-01 
 1046.000  6.039986e-01 
 1047.000  6.036530e-01 
 1048.000  6.032542e-01 
 1049.000  6.028990e-01 
 1050.000  6.024578e-01 
 1051.000  6.018052e-01 
 1052.000  6.013810e-01 
 1053.000  6.013184e-01 
 1054.000  6.006418e-01 
 1055.000  6.000142e-01 
 1056.000  5.994735e-01 
 1057.000  5.980682e-01 
 1058.000  5.954867e-01 
 1059.000  5.956763e-01 
 1060.000  5.970078e-01 
 1061.000  5.966971e-01 
 1062.000  5.950860e-01 
 1063.000  5.945408e-01 
 1064.000  5.931910e-01 
 1065.000  5.916869e-01 
 1066.000  5.918233e-01 
 1067.000  5.909310e-01 
 1068.000  5.876620e-01 
 1069.000  5.859728e-01 
 1070.000  5.863931e-01 
 1071.000  5.842484e-01 
 1072.000  5.820769e-01 
 1073.000  5.816230e-01 
 1074.000  5.818982e-01 
 1075.000  5.850099e-01 
 1076.000  5.829936e-01 
 1077.000  5.803086e-01 
 1078.000  5.771604e-01 
 1079.000  5.767154e-01 
 1080.000  5.683985e-01 
 1081.000  5.679007e-01 
 1082.000  5.715068e-01 
 1083.000  5.670734e-01 
 1084.000  5.622516e-01 
 1085.000  5.508798e-01 
 1086.000  5.534808e-01 
 1087.000  5.659274e-01 
 1088.000  5.664082e-01 
 1089.000  5.511669e-01 
 1090.000  5.482732e-01 
 1091.000  5.510910e-01 
 1092.000  5.435352e-01 
 1093.000  5.268913e-01 
 1094.000  5.196917e-01 
 1095.000  5.207866e-01 
 1096.000  5.217202e-01 
 1097.000  5.183127e-01 
 1098.000  4.788398e-01 
 1099.000  4.460302e-01 
 1100.000  4.481477e-01 
 1101.000  4.525327e-01 
 1102.000  4.502029e-01 
 1103.000  4.530245e-01 
 1104.000  4.474734e-01 
 1105.000  4.338025e-01 
 1106.000  4.203500e-01 
 1107.000  4.233774e-01 
 1108.000  4.254006e-01 
 1109.000  4.363529e-01 
 1110.000  4.341878e-01 
 1111.000  4.274003e-01 
 1112.000  3.990738e-01 
 1113.000  3.610100e-01 
 1114.000  3.496682e-01 
 1115.000  3.051666e-01 
 1116.000  2.789581e-01 
 1117.000  2.232552e-01 
 1118.000  1.758271e-01 
 1119.000  1.518846e-01 
 1120.000  1.249228e-01 
 1121.000  1.190871e-01 
 1122.000  9.470194e-02 
 1123.000  1.069112e-01 
 1124.000  1.155184e-01 
 1125.000  1.107582e-01 
 1126.000  1.090008e-01 
 1127.000  1.113575e-01 
 1128.000  1.159106e-01 
 1129.000  1.417865e-01 
 1130.000  2.084531e-01 
 1131.000  2.295634e-01 
 1132.000  2.005343e-01 
 1133.000  1.525902e-01 
 1134.000  7.934425e-02 
 1135.000  8.435549e-02 
 1136.000  1.601424e-01 
 1137.000  2.094590e-01 
 1138.000  2.629184e-01 
 1139.000  2.818041e-01 
 1140.000  2.711827e-01 
 1141.000  2.507778e-01 
 1142.000  2.433340e-01 
 1143.000  2.206855e-01 
 1144.000  1.965337e-01 
 1145.000  1.634887e-01 
 1146.000  1.711530e-01 
 1147.000  1.973559e-01 
 1148.000  2.218705e-01 
 1149.000  2.324852e-01 
 1150.000  2.340266e-01 
