  320.000  1.650377e-01 
  321.000  2.049598e-01 
  322.000  1.892210e-01 
  323.000  2.091806e-01 
  324.000  2.293252e-01 
  325.000  2.143041e-01 
  326.000  2.389964e-01 
  327.000  2.459219e-01 
  328.000  2.309831e-01 
  329.000  2.597179e-01 
  330.000  2.642947e-01 
  331.000  2.552444e-01 
  332.000  2.727399e-01 
  333.000  2.778572e-01 
  334.000  2.736551e-01 
  335.000  2.865409e-01 
  336.000  2.917720e-01 
  337.000  2.895666e-01 
  338.000  2.957018e-01 
  339.000  3.020436e-01 
  340.000  3.010007e-01 
  341.000  3.071665e-01 
  342.000  3.116812e-01 
  343.000  3.139506e-01 
  344.000  3.144145e-01 
  345.000  3.205446e-01 
  346.000  3.244194e-01 
  347.000  3.275808e-01 
  348.000  3.305438e-01 
  349.000  3.338739e-01 
  350.000  3.367219e-01 
  351.000  3.395599e-01 
  352.000  3.418890e-01 
  353.000  3.452024e-01 
  354.000  3.480245e-01 
  355.000  3.506517e-01 
  356.000  3.532125e-01 
  357.000  3.554924e-01 
  358.000  3.579462e-01 
  359.000  3.603984e-01 
  360.000  3.629105e-01 
  361.000  3.660851e-01 
  362.000  3.693919e-01 
  363.000  3.724386e-01 
  364.000  3.752433e-01 
  365.000  3.778748e-01 
  366.000  3.805662e-01 
  367.000  3.831295e-01 
  368.000  3.856700e-01 
  369.000  3.881892e-01 
  370.000  3.906829e-01 
  371.000  3.931576e-01 
  372.000  3.956124e-01 
  373.000  3.980467e-01 
  374.000  4.004424e-01 
  375.000  4.027922e-01 
  376.000  4.050625e-01 
  377.000  4.072086e-01 
  378.000  4.092023e-01 
  379.000  4.112282e-01 
  380.000  4.134567e-01 
  381.000  4.159938e-01 
  382.000  4.186234e-01 
  383.000  4.211102e-01 
  384.000  4.234695e-01 
  385.000  4.257430e-01 
  386.000  4.279582e-01 
  387.000  4.301378e-01 
  388.000  4.322897e-01 
  389.000  4.344238e-01 
  390.000  4.365409e-01 
  391.000  4.386362e-01 
  392.000  4.407160e-01 
  393.000  4.427787e-01 
  394.000  4.448221e-01 
  395.000  4.468446e-01 
  396.000  4.488540e-01 
  397.000  4.508400e-01 
  398.000  4.528077e-01 
  399.000  4.547586e-01 
  400.000  4.566825e-01 
  401.000  4.585989e-01 
  402.000  4.604999e-01 
  403.000  4.623843e-01 
  404.000  4.642521e-01 
  405.000  4.660992e-01 
  406.000  4.679340e-01 
  407.000  4.697542e-01 
  408.000  4.715586e-01 
  409.000  4.733450e-01 
  410.000  4.751145e-01 
  411.000  4.768663e-01 
  412.000  4.785993e-01 
  413.000  4.803222e-01 
  414.000  4.819213e-01 
  415.000  4.836513e-01 
  416.000  4.853592e-01 
  417.000  4.870385e-01 
  418.000  4.886792e-01 
  419.000  4.903016e-01 
  420.000  4.919094e-01 
  421.000  4.935074e-01 
  422.000  4.950955e-01 
  423.000  4.966717e-01 
  424.000  4.982292e-01 
  425.000  4.997510e-01 
  426.000  5.012578e-01 
  427.000  5.027514e-01 
  428.000  5.042183e-01 
  429.000  5.056646e-01 
  430.000  5.070941e-01 
  431.000  5.085128e-01 
  432.000  5.099166e-01 
  433.000  5.113071e-01 
  434.000  5.126858e-01 
  435.000  5.140510e-01 
  436.000  5.154008e-01 
  437.000  5.167360e-01 
  438.000  5.180559e-01 
  439.000  5.193655e-01 
  440.000  5.206540e-01 
  441.000  5.219260e-01 
  442.000  5.231780e-01 
  443.000  5.244110e-01 
  444.000  5.256246e-01 
  445.000  5.268120e-01 
  446.000  5.279664e-01 
  447.000  5.291770e-01 
  448.000  5.304750e-01 
  449.000  5.317887e-01 
  450.000  5.330771e-01 
  451.000  5.343151e-01 
  452.000  5.355097e-01 
  453.000  5.366799e-01 
  454.000  5.378287e-01 
  455.000  5.389110e-01 
  456.000  5.399058e-01 
  457.000  5.409008e-01 
  458.000  5.418825e-01 
  459.000  5.428432e-01 
  460.000  5.437963e-01 
  461.000  5.447393e-01 
  462.000  5.456643e-01 
  463.000  5.465852e-01 
  464.000  5.477841e-01 
  465.000  5.489650e-01 
  466.000  5.501251e-01 
  467.000  5.512582e-01 
  468.000  5.521811e-01 
  469.000  5.529760e-01 
  470.000  5.537069e-01 
  471.000  5.543649e-01 
  472.000  5.549237e-01 
  473.000  5.553152e-01 
  474.000  5.556368e-01 
  475.000  5.557194e-01 
  476.000  5.555602e-01 
  477.000  5.555569e-01 
  478.000  5.564872e-01 
  479.000  5.579033e-01 
  480.000  5.594318e-01 
  481.000  5.608028e-01 
  482.000  5.620886e-01 
  483.000  5.632064e-01 
  484.000  5.641670e-01 
  485.000  5.650260e-01 
  486.000  5.659422e-01 
  487.000  5.669065e-01 
  488.000  5.678399e-01 
  489.000  5.687560e-01 
  490.000  5.696613e-01 
  491.000  5.703701e-01 
  492.000  5.710180e-01 
  493.000  5.716627e-01 
  494.000  5.722892e-01 
  495.000  5.729156e-01 
  496.000  5.732384e-01 
  497.000  5.735489e-01 
  498.000  5.738549e-01 
  499.000  5.741443e-01 
  500.000  5.744292e-01 
  501.000  5.746825e-01 
  502.000  5.749357e-01 
  503.000  5.751858e-01 
  504.000  5.754244e-01 
  505.000  5.756499e-01 
  506.000  5.763105e-01 
  507.000  5.769902e-01 
  508.000  5.776689e-01 
  509.000  5.783397e-01 
  510.000  5.789962e-01 
  511.000  5.795848e-01 
  512.000  5.801532e-01 
  513.000  5.807182e-01 
  514.000  5.812762e-01 
  515.000  5.818292e-01 
  516.000  5.822244e-01 
  517.000  5.824776e-01 
  518.000  5.827240e-01 
  519.000  5.829656e-01 
  520.000  5.832049e-01 
  521.000  5.834192e-01 
  522.000  5.835738e-01 
  523.000  5.836853e-01 
  524.000  5.838005e-01 
  525.000  5.838913e-01 
  526.000  5.840186e-01 
  527.000  5.840392e-01 
  528.000  5.840164e-01 
  529.000  5.839923e-01 
  530.000  5.839736e-01 
  531.000  5.839583e-01 
  532.000  5.839927e-01 
  533.000  5.843033e-01 
  534.000  5.846955e-01 
  535.000  5.851381e-01 
  536.000  5.855660e-01 
  537.000  5.859575e-01 
  538.000  5.863074e-01 
  539.000  5.866317e-01 
  540.000  5.869359e-01 
  541.000  5.872312e-01 
  542.000  5.875136e-01 
  543.000  5.877860e-01 
  544.000  5.879920e-01 
  545.000  5.881437e-01 
  546.000  5.882884e-01 
  547.000  5.884373e-01 
  548.000  5.885786e-01 
  549.000  5.887178e-01 
  550.000  5.887852e-01 
  551.000  5.887817e-01 
  552.000  5.887809e-01 
  553.000  5.887654e-01 
  554.000  5.887432e-01 
  555.000  5.887170e-01 
  556.000  5.886640e-01 
  557.000  5.885643e-01 
  558.000  5.884567e-01 
  559.000  5.883365e-01 
  560.000  5.881861e-01 
  561.000  5.880082e-01 
  562.000  5.877076e-01 
  563.000  5.874940e-01 
  564.000  5.872223e-01 
  565.000  5.868321e-01 
  566.000  5.865036e-01 
  567.000  5.857579e-01 
  568.000  5.838783e-01 
  569.000  5.802993e-01 
  570.000  5.805483e-01 
  571.000  5.825871e-01 
  572.000  5.800133e-01 
  573.000  5.802352e-01 
  574.000  5.801613e-01 
  575.000  5.798701e-01 
  576.000  5.800390e-01 
  577.000  5.810206e-01 
  578.000  5.823630e-01 
  579.000  5.838159e-01 
  580.000  5.854446e-01 
  581.000  5.875942e-01 
  582.000  5.891742e-01 
  583.000  5.903010e-01 
  584.000  5.913204e-01 
  585.000  5.921775e-01 
  586.000  5.929459e-01 
  587.000  5.924836e-01 
  588.000  5.883116e-01 
  589.000  5.811896e-01 
  590.000  5.810127e-01 
  591.000  5.864033e-01 
  592.000  5.839400e-01 
  593.000  5.900031e-01 
  594.000  5.889535e-01 
  595.000  5.850758e-01 
  596.000  5.906885e-01 
  597.000  5.891132e-01 
  598.000  5.911875e-01 
  599.000  5.918519e-01 
  600.000  5.935946e-01 
  601.000  5.947528e-01 
  602.000  5.949191e-01 
  603.000  5.956132e-01 
  604.000  5.966434e-01 
  605.000  5.974305e-01 
  606.000  5.980552e-01 
  607.000  5.986606e-01 
  608.000  5.992584e-01 
  609.000  5.998318e-01 
  610.000  6.004279e-01 
  611.000  6.010903e-01 
  612.000  6.017390e-01 
  613.000  6.023677e-01 
  614.000  6.029778e-01 
  615.000  6.035863e-01 
  616.000  6.041725e-01 
  617.000  6.047261e-01 
  618.000  6.051903e-01 
  619.000  6.055830e-01 
  620.000  6.059465e-01 
  621.000  6.062589e-01 
  622.000  6.065199e-01 
  623.000  6.066946e-01 
  624.000  6.068807e-01 
  625.000  6.070367e-01 
  626.000  6.069372e-01 
  627.000  6.047075e-01 
  628.000  5.846770e-01 
  629.000  5.975170e-01 
  630.000  5.992969e-01 
  631.000  6.030577e-01 
  632.000  6.041474e-01 
  633.000  6.079841e-01 
  634.000  6.102875e-01 
  635.000  6.116351e-01 
  636.000  6.132082e-01 
  637.000  6.145314e-01 
  638.000  6.165314e-01 
  639.000  6.176082e-01 
  640.000  6.190989e-01 
  641.000  6.200359e-01 
  642.000  6.211851e-01 
  643.000  6.212074e-01 
  644.000  6.218977e-01 
  645.000  6.215699e-01 
  646.000  6.180429e-01 
  647.000  6.156873e-01 
  648.000  6.129571e-01 
  649.000  6.163533e-01 
  650.000  6.223512e-01 
  651.000  6.228088e-01 
  652.000  6.183956e-01 
  653.000  6.244509e-01 
  654.000  6.242886e-01 
  655.000  6.227035e-01 
  656.000  6.238684e-01 
  657.000  6.253985e-01 
  658.000  6.277471e-01 
  659.000  6.292176e-01 
  660.000  6.301627e-01 
  661.000  6.320243e-01 
  662.000  6.330891e-01 
  663.000  6.334153e-01 
  664.000  6.340930e-01 
  665.000  6.347514e-01 
  666.000  6.354873e-01 
  667.000  6.361449e-01 
  668.000  6.368678e-01 
  669.000  6.374507e-01 
  670.000  6.379925e-01 
  671.000  6.385500e-01 
  672.000  6.390719e-01 
  673.000  6.395875e-01 
  674.000  6.400995e-01 
  675.000  6.406112e-01 
  676.000  6.410956e-01 
  677.000  6.415402e-01 
  678.000  6.419847e-01 
  679.000  6.423808e-01 
  680.000  6.425699e-01 
  681.000  6.426806e-01 
  682.000  6.430008e-01 
  683.000  6.432533e-01 
  684.000  6.432002e-01 
  685.000  6.439036e-01 
  686.000  6.414037e-01 
  687.000  5.506370e-01 
  688.000  5.787580e-01 
  689.000  5.710140e-01 
  690.000  5.856605e-01 
  691.000  6.059093e-01 
  692.000  6.196831e-01 
  693.000  6.211680e-01 
  694.000  6.194834e-01 
  695.000  6.256816e-01 
  696.000  6.291475e-01 
  697.000  6.414382e-01 
  698.000  6.392381e-01 
  699.000  6.287293e-01 
  700.000  6.306831e-01 
  701.000  6.284404e-01 
  702.000  6.303542e-01 
  703.000  6.394643e-01 
  704.000  6.399980e-01 
  705.000  6.364388e-01 
  706.000  6.372840e-01 
  707.000  6.387301e-01 
  708.000  6.402804e-01 
  709.000  6.433201e-01 
  710.000  6.403428e-01 
  711.000  6.436377e-01 
  712.000  6.464572e-01 
  713.000  6.444269e-01 
  714.000  6.438360e-01 
  715.000  6.404761e-01 
  716.000  6.370140e-01 
  717.000  6.136816e-01 
  718.000  5.991917e-01 
  719.000  5.940385e-01 
  720.000  5.859873e-01 
  721.000  6.212336e-01 
  722.000  6.336011e-01 
  723.000  6.268070e-01 
  724.000  6.070709e-01 
  725.000  6.101703e-01 
  726.000  6.092959e-01 
  727.000  6.121929e-01 
  728.000  6.091613e-01 
  729.000  6.168641e-01 
  730.000  6.155726e-01 
  731.000  6.139981e-01 
  732.000  6.268920e-01 
  733.000  6.390926e-01 
  734.000  6.449486e-01 
  735.000  6.429591e-01 
  736.000  6.391823e-01 
  737.000  6.421237e-01 
  738.000  6.461383e-01 
  739.000  6.478896e-01 
  740.000  6.517050e-01 
  741.000  6.539262e-01 
  742.000  6.548883e-01 
  743.000  6.568475e-01 
  744.000  6.578038e-01 
  745.000  6.585556e-01 
  746.000  6.591313e-01 
  747.000  6.593562e-01 
  748.000  6.599945e-01 
  749.000  6.603495e-01 
  750.000  6.602770e-01 
  751.000  6.604626e-01 
  752.000  6.610291e-01 
  753.000  6.613100e-01 
  754.000  6.615485e-01 
  755.000  6.617322e-01 
  756.000  6.619204e-01 
  757.000  6.620529e-01 
  758.000  6.608607e-01 
  759.000  6.121579e-01 
  760.000  2.619644e-01 
  761.000  2.304564e-01 
  762.000  4.283710e-01 
  763.000  3.656333e-01 
  764.000  3.965870e-01 
  765.000  4.676841e-01 
  766.000  5.548299e-01 
  767.000  5.993116e-01 
  768.000  6.285769e-01 
  769.000  6.479666e-01 
  770.000  6.583500e-01 
  771.000  6.632984e-01 
  772.000  6.645293e-01 
  773.000  6.650895e-01 
  774.000  6.658154e-01 
  775.000  6.662334e-01 
  776.000  6.665261e-01 
  777.000  6.666451e-01 
  778.000  6.666868e-01 
  779.000  6.667123e-01 
  780.000  6.667326e-01 
  781.000  6.669870e-01 
  782.000  6.670004e-01 
  783.000  6.670208e-01 
  784.000  6.668885e-01 
  785.000  6.660537e-01 
  786.000  6.647914e-01 
  787.000  6.620449e-01 
  788.000  6.605669e-01 
  789.000  6.551540e-01 
  790.000  6.547282e-01 
  791.000  6.558014e-01 
  792.000  6.567914e-01 
  793.000  6.590477e-01 
  794.000  6.637856e-01 
  795.000  6.609529e-01 
  796.000  6.533149e-01 
  797.000  6.555515e-01 
  798.000  6.604346e-01 
  799.000  6.593649e-01 
  800.000  6.558722e-01 
  801.000  6.563292e-01 
  802.000  6.560073e-01 
  803.000  6.565579e-01 
  804.000  6.582482e-01 
  805.000  6.614554e-01 
  806.000  6.633784e-01 
  807.000  6.634960e-01 
  808.000  6.624602e-01 
  809.000  6.611801e-01 
  810.000  6.597778e-01 
  811.000  6.568544e-01 
  812.000  6.529063e-01 
  813.000  6.480473e-01 
  814.000  6.416019e-01 
  815.000  6.335528e-01 
  816.000  6.230799e-01 
  817.000  6.237307e-01 
  818.000  6.246248e-01 
  819.000  6.280994e-01 
  820.000  6.396517e-01 
  821.000  6.527573e-01 
  822.000  6.428493e-01 
  823.000  6.147860e-01 
  824.000  6.385111e-01 
  825.000  6.535743e-01 
  826.000  6.510069e-01 
  827.000  6.491393e-01 
  828.000  6.392522e-01 
  829.000  6.428626e-01 
  830.000  6.468833e-01 
  831.000  6.478366e-01 
  832.000  6.482447e-01 
  833.000  6.505588e-01 
  834.000  6.532718e-01 
  835.000  6.586294e-01 
  836.000  6.569282e-01 
  837.000  6.567600e-01 
  838.000  6.593848e-01 
  839.000  6.609814e-01 
  840.000  6.615787e-01 
  841.000  6.598927e-01 
  842.000  6.614516e-01 
  843.000  6.651154e-01 
  844.000  6.667844e-01 
  845.000  6.675763e-01 
  846.000  6.682683e-01 
  847.000  6.692165e-01 
  848.000  6.678818e-01 
  849.000  6.679978e-01 
  850.000  6.673992e-01 
  851.000  6.665602e-01 
  852.000  6.666726e-01 
  853.000  6.681277e-01 
  854.000  6.680737e-01 
  855.000  6.687252e-01 
  856.000  6.701996e-01 
  857.000  6.708868e-01 
  858.000  6.712159e-01 
  859.000  6.719637e-01 
  860.000  6.723914e-01 
  861.000  6.724777e-01 
  862.000  6.727167e-01 
  863.000  6.727704e-01 
  864.000  6.729425e-01 
  865.000  6.730878e-01 
  866.000  6.731453e-01 
  867.000  6.731477e-01 
  868.000  6.731917e-01 
  869.000  6.732571e-01 
  870.000  6.732515e-01 
  871.000  6.733143e-01 
  872.000  6.734328e-01 
  873.000  6.733629e-01 
  874.000  6.733359e-01 
  875.000  6.733479e-01 
  876.000  6.732076e-01 
  877.000  6.731480e-01 
  878.000  6.726605e-01 
  879.000  6.726487e-01 
  880.000  6.722742e-01 
  881.000  6.721026e-01 
  882.000  6.718956e-01 
  883.000  6.721460e-01 
  884.000  6.722600e-01 
  885.000  6.714606e-01 
  886.000  6.703436e-01 
  887.000  6.712348e-01 
  888.000  6.712039e-01 
  889.000  6.715192e-01 
  890.000  6.708460e-01 
  891.000  6.695061e-01 
  892.000  6.667514e-01 
  893.000  6.578877e-01 
  894.000  6.534914e-01 
  895.000  6.398431e-01 
  896.000  6.275615e-01 
  897.000  6.145386e-01 
  898.000  6.084249e-01 
  899.000  5.908113e-01 
  900.000  5.934328e-01 
  901.000  5.888149e-01 
  902.000  5.896164e-01 
  903.000  6.191941e-01 
  904.000  6.369614e-01 
  905.000  6.362934e-01 
  906.000  6.252125e-01 
  907.000  6.054218e-01 
  908.000  5.922531e-01 
  909.000  5.928608e-01 
  910.000  5.948819e-01 
  911.000  6.036684e-01 
  912.000  5.994350e-01 
  913.000  5.808669e-01 
  914.000  5.900836e-01 
  915.000  5.972836e-01 
  916.000  5.992158e-01 
  917.000  6.030868e-01 
  918.000  6.080853e-01 
  919.000  6.250206e-01 
  920.000  6.376638e-01 
  921.000  6.348636e-01 
  922.000  6.346298e-01 
  923.000  6.311109e-01 
  924.000  6.226104e-01 
  925.000  6.219793e-01 
  926.000  6.219561e-01 
  927.000  6.121175e-01 
  928.000  5.968425e-01 
  929.000  5.744874e-01 
  930.000  5.455027e-01 
  931.000  5.123007e-01 
  932.000  4.680345e-01 
  933.000  4.333391e-01 
  934.000  3.962026e-01 
  935.000  3.923338e-01 
  936.000  4.075089e-01 
  937.000  4.035080e-01 
  938.000  4.442404e-01 
  939.000  5.443301e-01 
  940.000  5.584424e-01 
  941.000  5.460324e-01 
  942.000  5.153294e-01 
  943.000  4.625433e-01 
  944.000  4.588819e-01 
  945.000  4.783556e-01 
  946.000  4.793037e-01 
  947.000  4.960445e-01 
  948.000  5.057791e-01 
  949.000  5.043512e-01 
  950.000  5.067949e-01 
  951.000  5.283995e-01 
  952.000  5.050130e-01 
  953.000  5.211620e-01 
  954.000  5.382190e-01 
  955.000  5.240734e-01 
  956.000  5.206162e-01 
  957.000  5.635812e-01 
  958.000  5.688800e-01 
  959.000  5.616969e-01 
  960.000  5.595353e-01 
  961.000  5.559031e-01 
  962.000  5.590547e-01 
  963.000  5.820994e-01 
  964.000  5.853187e-01 
  965.000  5.830569e-01 
  966.000  5.842174e-01 
  967.000  6.003517e-01 
  968.000  6.268740e-01 
  969.000  6.386588e-01 
  970.000  6.392649e-01 
  971.000  6.389837e-01 
  972.000  6.356529e-01 
  973.000  6.279003e-01 
  974.000  6.183748e-01 
  975.000  6.122145e-01 
  976.000  6.197545e-01 
  977.000  6.321041e-01 
  978.000  6.310784e-01 
  979.000  6.342269e-01 
  980.000  6.466658e-01 
  981.000  6.493912e-01 
  982.000  6.466056e-01 
  983.000  6.529359e-01 
  984.000  6.594292e-01 
  985.000  6.631027e-01 
  986.000  6.678313e-01 
  987.000  6.698703e-01 
  988.000  6.703347e-01 
  989.000  6.706335e-01 
  990.000  6.711351e-01 
  991.000  6.727569e-01 
  992.000  6.732742e-01 
  993.000  6.734717e-01 
  994.000  6.750590e-01 
  995.000  6.761513e-01 
  996.000  6.761503e-01 
  997.000  6.754873e-01 
  998.000  6.746621e-01 
  999.000  6.744236e-01 
 1000.000  6.746277e-01 
 1001.000  6.731058e-01 
 1002.000  6.704257e-01 
 1003.000  6.710753e-01 
 1004.000  6.726332e-01 
 1005.000  6.732154e-01 
 1006.000  6.734399e-01 
 1007.000  6.730640e-01 
 1008.000  6.708767e-01 
 1009.000  6.679404e-01 
 1010.000  6.692539e-01 
 1011.000  6.723713e-01 
 1012.000  6.734279e-01 
 1013.000  6.743781e-01 
 1014.000  6.747202e-01 
 1015.000  6.747908e-01 
 1016.000  6.752256e-01 
 1017.000  6.754798e-01 
 1018.000  6.749259e-01 
 1019.000  6.738675e-01 
 1020.000  6.742522e-01 
 1021.000  6.749994e-01 
 1022.000  6.736950e-01 
 1023.000  6.727074e-01 
 1024.000  6.720361e-01 
 1025.000  6.739218e-01 
 1026.000  6.747604e-01 
 1027.000  6.744091e-01 
 1028.000  6.746484e-01 
 1029.000  6.755471e-01 
 1030.000  6.763272e-01 
 1031.000  6.767108e-01 
 1032.000  6.769611e-01 
 1033.000  6.770315e-01 
 1034.000  6.772221e-01 
 1035.000  6.772643e-01 
 1036.000  6.770883e-01 
 1037.000  6.770089e-01 
 1038.000  6.770602e-01 
 1039.000  6.769069e-01 
 1040.000  6.767485e-01 
 1041.000  6.766204e-01 
 1042.000  6.765660e-01 
 1043.000  6.765227e-01 
 1044.000  6.763845e-01 
 1045.000  6.760700e-01 
 1046.000  6.758394e-01 
 1047.000  6.755469e-01 
 1048.000  6.750709e-01 
 1049.000  6.745315e-01 
 1050.000  6.741728e-01 
 1051.000  6.737631e-01 
 1052.000  6.733997e-01 
 1053.000  6.732299e-01 
 1054.000  6.727417e-01 
 1055.000  6.722699e-01 
 1056.000  6.717751e-01 
 1057.000  6.708273e-01 
 1058.000  6.692892e-01 
 1059.000  6.691340e-01 
 1060.000  6.696405e-01 
 1061.000  6.693425e-01 
 1062.000  6.683260e-01 
 1063.000  6.677165e-01 
 1064.000  6.667532e-01 
 1065.000  6.658543e-01 
 1066.000  6.659334e-01 
 1067.000  6.653736e-01 
 1068.000  6.638216e-01 
 1069.000  6.636750e-01 
 1070.000  6.643302e-01 
 1071.000  6.636057e-01 
 1072.000  6.627428e-01 
 1073.000  6.627876e-01 
 1074.000  6.632012e-01 
 1075.000  6.650863e-01 
 1076.000  6.642815e-01 
 1077.000  6.631057e-01 
 1078.000  6.616726e-01 
 1079.000  6.616505e-01 
 1080.000  6.574349e-01 
 1081.000  6.573299e-01 
 1082.000  6.593863e-01 
 1083.000  6.572167e-01 
 1084.000  6.547952e-01 
 1085.000  6.488141e-01 
 1086.000  6.503549e-01 
 1087.000  6.571513e-01 
 1088.000  6.574982e-01 
 1089.000  6.494527e-01 
 1090.000  6.480150e-01 
 1091.000  6.496619e-01 
 1092.000  6.457203e-01 
 1093.000  6.366918e-01 
 1094.000  6.327661e-01 
 1095.000  6.334814e-01 
 1096.000  6.341581e-01 
 1097.000  6.324432e-01 
 1098.000  6.100566e-01 
 1099.000  5.907071e-01 
 1100.000  5.920938e-01 
 1101.000  5.948589e-01 
 1102.000  5.936705e-01 
 1103.000  5.955458e-01 
 1104.000  5.923679e-01 
 1105.000  5.842393e-01 
 1106.000  5.758899e-01 
 1107.000  5.781344e-01 
 1108.000  5.798790e-01 
 1109.000  5.872966e-01 
 1110.000  5.867903e-01 
 1111.000  5.830390e-01 
 1112.000  5.656626e-01 
 1113.000  5.417628e-01 
 1114.000  5.358557e-01 
 1115.000  5.058916e-01 
 1116.000  4.868837e-01 
 1117.000  4.409046e-01 
 1118.000  3.978152e-01 
 1119.000  3.748101e-01 
 1120.000  3.449362e-01 
 1121.000  3.383344e-01 
 1122.000  3.054796e-01 
 1123.000  3.241417e-01 
 1124.000  3.364778e-01 
 1125.000  3.301823e-01 
 1126.000  3.275470e-01 
 1127.000  3.300790e-01 
 1128.000  3.350148e-01 
 1129.000  3.664194e-01 
 1130.000  4.372923e-01 
 1131.000  4.570543e-01 
 1132.000  4.301682e-01 
 1133.000  3.788321e-01 
 1134.000  2.799850e-01 
 1135.000  2.877054e-01 
 1136.000  3.857970e-01 
 1137.000  4.358839e-01 
 1138.000  4.820051e-01 
 1139.000  4.948207e-01 
 1140.000  4.861708e-01 
 1141.000  4.680248e-01 
 1142.000  4.617938e-01 
 1143.000  4.419774e-01 
 1144.000  4.190946e-01 
 1145.000  3.853190e-01 
 1146.000  3.933457e-01 
 1147.000  4.195986e-01 
 1148.000  4.424296e-01 
 1149.000  4.513273e-01 
 1150.000  4.512465e-01 
