  320.000  1.423982e-01 
  321.000  1.792214e-01 
  322.000  1.646461e-01 
  323.000  1.831421e-01 
  324.000  2.019204e-01 
  325.000  1.879080e-01 
  326.000  2.109723e-01 
  327.000  2.174683e-01 
  328.000  2.034705e-01 
  329.000  2.304422e-01 
  330.000  2.347558e-01 
  331.000  2.262305e-01 
  332.000  2.427273e-01 
  333.000  2.475650e-01 
  334.000  2.435920e-01 
  335.000  2.557867e-01 
  336.000  2.607470e-01 
  337.000  2.586551e-01 
  338.000  2.644770e-01 
  339.000  2.705027e-01 
  340.000  2.695113e-01 
  341.000  2.753760e-01 
  342.000  2.796749e-01 
  343.000  2.818373e-01 
  344.000  2.822793e-01 
  345.000  2.881257e-01 
  346.000  2.918247e-01 
  347.000  2.948447e-01 
  348.000  2.976767e-01 
  349.000  3.008616e-01 
  350.000  3.035869e-01 
  351.000  3.063040e-01 
  352.000  3.085350e-01 
  353.000  3.117105e-01 
  354.000  3.144165e-01 
  355.000  3.169369e-01 
  356.000  3.193947e-01 
  357.000  3.215838e-01 
  358.000  3.239410e-01 
  359.000  3.262975e-01 
  360.000  3.287126e-01 
  361.000  3.317661e-01 
  362.000  3.349486e-01 
  363.000  3.378822e-01 
  364.000  3.405841e-01 
  365.000  3.431203e-01 
  366.000  3.457155e-01 
  367.000  3.481880e-01 
  368.000  3.506397e-01 
  369.000  3.530718e-01 
  370.000  3.554802e-01 
  371.000  3.578711e-01 
  372.000  3.602438e-01 
  373.000  3.625976e-01 
  374.000  3.649148e-01 
  375.000  3.671886e-01 
  376.000  3.693862e-01 
  377.000  3.714643e-01 
  378.000  3.733954e-01 
  379.000  3.753583e-01 
  380.000  3.775181e-01 
  381.000  3.799779e-01 
  382.000  3.825284e-01 
  383.000  3.849414e-01 
  384.000  3.872313e-01 
  385.000  3.894387e-01 
  386.000  3.915904e-01 
  387.000  3.937080e-01 
  388.000  3.957994e-01 
  389.000  3.978741e-01 
  390.000  3.999329e-01 
  391.000  4.019712e-01 
  392.000  4.039949e-01 
  393.000  4.060026e-01 
  394.000  4.079920e-01 
  395.000  4.099617e-01 
  396.000  4.119192e-01 
  397.000  4.138544e-01 
  398.000  4.157723e-01 
  399.000  4.176743e-01 
  400.000  4.195504e-01 
  401.000  4.214198e-01 
  402.000  4.232745e-01 
  403.000  4.251137e-01 
  404.000  4.269370e-01 
  405.000  4.287406e-01 
  406.000  4.305325e-01 
  407.000  4.323108e-01 
  408.000  4.340738e-01 
  409.000  4.358199e-01 
  410.000  4.375497e-01 
  411.000  4.392626e-01 
  412.000  4.409575e-01 
  413.000  4.426430e-01 
  414.000  4.442077e-01 
  415.000  4.459007e-01 
  416.000  4.475726e-01 
  417.000  4.492168e-01 
  418.000  4.508235e-01 
  419.000  4.524127e-01 
  420.000  4.539878e-01 
  421.000  4.555537e-01 
  422.000  4.571102e-01 
  423.000  4.586553e-01 
  424.000  4.601825e-01 
  425.000  4.616748e-01 
  426.000  4.631528e-01 
  427.000  4.646180e-01 
  428.000  4.660573e-01 
  429.000  4.674767e-01 
  430.000  4.688798e-01 
  431.000  4.702726e-01 
  432.000  4.716510e-01 
  433.000  4.730166e-01 
  434.000  4.743708e-01 
  435.000  4.757119e-01 
  436.000  4.770382e-01 
  437.000  4.783502e-01 
  438.000  4.796474e-01 
  439.000  4.809349e-01 
  440.000  4.822016e-01 
  441.000  4.834525e-01 
  442.000  4.846837e-01 
  443.000  4.858965e-01 
  444.000  4.870903e-01 
  445.000  4.882586e-01 
  446.000  4.893945e-01 
  447.000  4.905860e-01 
  448.000  4.918635e-01 
  449.000  4.931569e-01 
  450.000  4.944254e-01 
  451.000  4.956445e-01 
  452.000  4.968211e-01 
  453.000  4.979737e-01 
  454.000  4.991055e-01 
  455.000  5.001718e-01 
  456.000  5.011520e-01 
  457.000  5.021327e-01 
  458.000  5.031002e-01 
  459.000  5.040472e-01 
  460.000  5.049868e-01 
  461.000  5.059165e-01 
  462.000  5.068285e-01 
  463.000  5.077367e-01 
  464.000  5.089192e-01 
  465.000  5.100840e-01 
  466.000  5.112284e-01 
  467.000  5.123464e-01 
  468.000  5.132571e-01 
  469.000  5.140415e-01 
  470.000  5.147629e-01 
  471.000  5.154123e-01 
  472.000  5.159639e-01 
  473.000  5.163504e-01 
  474.000  5.166678e-01 
  475.000  5.167493e-01 
  476.000  5.165922e-01 
  477.000  5.165890e-01 
  478.000  5.175074e-01 
  479.000  5.189056e-01 
  480.000  5.204149e-01 
  481.000  5.217691e-01 
  482.000  5.230392e-01 
  483.000  5.241435e-01 
  484.000  5.250927e-01 
  485.000  5.259416e-01 
  486.000  5.268469e-01 
  487.000  5.278000e-01 
  488.000  5.287226e-01 
  489.000  5.296283e-01 
  490.000  5.305232e-01 
  491.000  5.312241e-01 
  492.000  5.318648e-01 
  493.000  5.325024e-01 
  494.000  5.331219e-01 
  495.000  5.337414e-01 
  496.000  5.340607e-01 
  497.000  5.343678e-01 
  498.000  5.346704e-01 
  499.000  5.349568e-01 
  500.000  5.352386e-01 
  501.000  5.354891e-01 
  502.000  5.357396e-01 
  503.000  5.359870e-01 
  504.000  5.362231e-01 
  505.000  5.364462e-01 
  506.000  5.370998e-01 
  507.000  5.377723e-01 
  508.000  5.384439e-01 
  509.000  5.391077e-01 
  510.000  5.397574e-01 
  511.000  5.403399e-01 
  512.000  5.409025e-01 
  513.000  5.414618e-01 
  514.000  5.420142e-01 
  515.000  5.425617e-01 
  516.000  5.429528e-01 
  517.000  5.432036e-01 
  518.000  5.434475e-01 
  519.000  5.436867e-01 
  520.000  5.439236e-01 
  521.000  5.441359e-01 
  522.000  5.442890e-01 
  523.000  5.443994e-01 
  524.000  5.445134e-01 
  525.000  5.446033e-01 
  526.000  5.447294e-01 
  527.000  5.447497e-01 
  528.000  5.447271e-01 
  529.000  5.447034e-01 
  530.000  5.446848e-01 
  531.000  5.446697e-01 
  532.000  5.447037e-01 
  533.000  5.450113e-01 
  534.000  5.453997e-01 
  535.000  5.458380e-01 
  536.000  5.462618e-01 
  537.000  5.466495e-01 
  538.000  5.469961e-01 
  539.000  5.473173e-01 
  540.000  5.476186e-01 
  541.000  5.479111e-01 
  542.000  5.481908e-01 
  543.000  5.484607e-01 
  544.000  5.486647e-01 
  545.000  5.488150e-01 
  546.000  5.489584e-01 
  547.000  5.491059e-01 
  548.000  5.492459e-01 
  549.000  5.493837e-01 
  550.000  5.494506e-01 
  551.000  5.494471e-01 
  552.000  5.494463e-01 
  553.000  5.494310e-01 
  554.000  5.494089e-01 
  555.000  5.493830e-01 
  556.000  5.493305e-01 
  557.000  5.492318e-01 
  558.000  5.491251e-01 
  559.000  5.490060e-01 
  560.000  5.488571e-01 
  561.000  5.486808e-01 
  562.000  5.483831e-01 
  563.000  5.481714e-01 
  564.000  5.479022e-01 
  565.000  5.475157e-01 
  566.000  5.471904e-01 
  567.000  5.464518e-01 
  568.000  5.446145e-01 
  569.000  5.411464e-01 
  570.000  5.413783e-01 
  571.000  5.433333e-01 
  572.000  5.408376e-01 
  573.000  5.410286e-01 
  574.000  5.409500e-01 
  575.000  5.406624e-01 
  576.000  5.408294e-01 
  577.000  5.417860e-01 
  578.000  5.430954e-01 
  579.000  5.445287e-01 
  580.000  5.461416e-01 
  581.000  5.482706e-01 
  582.000  5.498359e-01 
  583.000  5.509525e-01 
  584.000  5.519670e-01 
  585.000  5.528226e-01 
  586.000  5.535856e-01 
  587.000  5.531552e-01 
  588.000  5.491309e-01 
  589.000  5.422283e-01 
  590.000  5.420646e-01 
  591.000  5.473035e-01 
  592.000  5.449197e-01 
  593.000  5.508118e-01 
  594.000  5.497988e-01 
  595.000  5.460405e-01 
  596.000  5.514859e-01 
  597.000  5.499499e-01 
  598.000  5.519572e-01 
  599.000  5.525957e-01 
  600.000  5.542665e-01 
  601.000  5.553868e-01 
  602.000  5.555407e-01 
  603.000  5.562176e-01 
  604.000  5.572391e-01 
  605.000  5.580195e-01 
  606.000  5.586390e-01 
  607.000  5.592393e-01 
  608.000  5.598323e-01 
  609.000  5.604008e-01 
  610.000  5.609921e-01 
  611.000  5.616493e-01 
  612.000  5.622929e-01 
  613.000  5.629165e-01 
  614.000  5.635218e-01 
  615.000  5.641255e-01 
  616.000  5.647072e-01 
  617.000  5.652567e-01 
  618.000  5.657172e-01 
  619.000  5.661070e-01 
  620.000  5.664678e-01 
  621.000  5.667777e-01 
  622.000  5.670369e-01 
  623.000  5.672102e-01 
  624.000  5.673949e-01 
  625.000  5.675498e-01 
  626.000  5.674509e-01 
  627.000  5.652825e-01 
  628.000  5.459516e-01 
  629.000  5.583588e-01 
  630.000  5.601006e-01 
  631.000  5.637347e-01 
  632.000  5.648137e-01 
  633.000  5.685408e-01 
  634.000  5.708003e-01 
  635.000  5.721400e-01 
  636.000  5.736994e-01 
  637.000  5.750079e-01 
  638.000  5.769786e-01 
  639.000  5.780534e-01 
  640.000  5.795298e-01 
  641.000  5.804611e-01 
  642.000  5.816033e-01 
  643.000  5.816391e-01 
  644.000  5.823262e-01 
  645.000  5.820266e-01 
  646.000  5.786196e-01 
  647.000  5.763405e-01 
  648.000  5.736971e-01 
  649.000  5.770153e-01 
  650.000  5.828662e-01 
  651.000  5.833232e-01 
  652.000  5.790380e-01 
  653.000  5.849448e-01 
  654.000  5.847981e-01 
  655.000  5.832655e-01 
  656.000  5.844110e-01 
  657.000  5.859115e-01 
  658.000  5.882099e-01 
  659.000  5.896393e-01 
  660.000  5.905731e-01 
  661.000  5.923961e-01 
  662.000  5.934427e-01 
  663.000  5.937721e-01 
  664.000  5.944419e-01 
  665.000  5.950971e-01 
  666.000  5.958297e-01 
  667.000  5.964843e-01 
  668.000  5.972039e-01 
  669.000  5.977842e-01 
  670.000  5.983236e-01 
  671.000  5.988787e-01 
  672.000  5.993983e-01 
  673.000  5.999117e-01 
  674.000  6.004216e-01 
  675.000  6.009312e-01 
  676.000  6.014137e-01 
  677.000  6.018564e-01 
  678.000  6.022992e-01 
  679.000  6.026937e-01 
  680.000  6.028820e-01 
  681.000  6.029924e-01 
  682.000  6.033112e-01 
  683.000  6.035676e-01 
  684.000  6.035250e-01 
  685.000  6.042228e-01 
  686.000  6.018010e-01 
  687.000  5.139787e-01 
  688.000  5.411572e-01 
  689.000  5.336779e-01 
  690.000  5.478499e-01 
  691.000  5.674550e-01 
  692.000  5.808002e-01 
  693.000  5.822222e-01 
  694.000  5.805744e-01 
  695.000  5.865991e-01 
  696.000  5.899736e-01 
  697.000  6.019353e-01 
  698.000  5.998013e-01 
  699.000  5.895863e-01 
  700.000  5.914924e-01 
  701.000  5.893183e-01 
  702.000  5.911865e-01 
  703.000  6.000556e-01 
  704.000  6.005822e-01 
  705.000  5.971255e-01 
  706.000  5.979538e-01 
  707.000  5.993665e-01 
  708.000  6.008808e-01 
  709.000  6.038447e-01 
  710.000  6.009527e-01 
  711.000  6.041648e-01 
  712.000  6.069148e-01 
  713.000  6.049436e-01 
  714.000  6.043729e-01 
  715.000  6.011071e-01 
  716.000  5.977400e-01 
  717.000  5.750524e-01 
  718.000  5.609781e-01 
  719.000  5.559775e-01 
  720.000  5.481735e-01 
  721.000  5.824111e-01 
  722.000  5.944465e-01 
  723.000  5.878441e-01 
  724.000  5.686665e-01 
  725.000  5.716805e-01 
  726.000  5.708362e-01 
  727.000  5.736560e-01 
  728.000  5.707154e-01 
  729.000  5.782058e-01 
  730.000  5.769570e-01 
  731.000  5.754336e-01 
  732.000  5.879737e-01 
  733.000  5.998505e-01 
  734.000  6.055571e-01 
  735.000  6.036252e-01 
  736.000  5.999529e-01 
  737.000  6.028194e-01 
  738.000  6.067312e-01 
  739.000  6.084400e-01 
  740.000  6.121592e-01 
  741.000  6.143262e-01 
  742.000  6.152669e-01 
  743.000  6.171627e-01 
  744.000  6.180962e-01 
  745.000  6.188316e-01 
  746.000  6.193914e-01 
  747.000  6.196157e-01 
  748.000  6.202526e-01 
  749.000  6.206067e-01 
  750.000  6.205344e-01 
  751.000  6.207196e-01 
  752.000  6.212848e-01 
  753.000  6.215651e-01 
  754.000  6.218032e-01 
  755.000  6.219864e-01 
  756.000  6.221743e-01 
  757.000  6.223064e-01 
  758.000  6.211306e-01 
  759.000  5.738791e-01 
  760.000  2.385654e-01 
  761.000  2.089567e-01 
  762.000  3.967257e-01 
  763.000  3.367982e-01 
  764.000  3.663295e-01 
  765.000  4.344468e-01 
  766.000  5.184215e-01 
  767.000  5.614664e-01 
  768.000  5.898486e-01 
  769.000  6.086801e-01 
  770.000  6.188110e-01 
  771.000  6.236019e-01 
  772.000  6.248019e-01 
  773.000  6.253467e-01 
  774.000  6.260617e-01 
  775.000  6.264790e-01 
  776.000  6.267712e-01 
  777.000  6.268900e-01 
  778.000  6.269317e-01 
  779.000  6.269571e-01 
  780.000  6.269774e-01 
  781.000  6.272314e-01 
  782.000  6.272447e-01 
  783.000  6.272651e-01 
  784.000  6.271330e-01 
  785.000  6.263151e-01 
  786.000  6.250902e-01 
  787.000  6.224355e-01 
  788.000  6.209984e-01 
  789.000  6.157316e-01 
  790.000  6.153190e-01 
  791.000  6.163654e-01 
  792.000  6.173312e-01 
  793.000  6.195296e-01 
  794.000  6.241442e-01 
  795.000  6.213883e-01 
  796.000  6.139562e-01 
  797.000  6.161346e-01 
  798.000  6.208897e-01 
  799.000  6.198504e-01 
  800.000  6.164527e-01 
  801.000  6.168994e-01 
  802.000  6.165881e-01 
  803.000  6.171259e-01 
  804.000  6.187734e-01 
  805.000  6.218975e-01 
  806.000  6.237718e-01 
  807.000  6.238883e-01 
  808.000  6.228815e-01 
  809.000  6.216369e-01 
  810.000  6.202729e-01 
  811.000  6.174280e-01 
  812.000  6.135857e-01 
  813.000  6.088575e-01 
  814.000  6.025867e-01 
  815.000  5.947575e-01 
  816.000  5.845796e-01 
  817.000  5.852115e-01 
  818.000  5.860823e-01 
  819.000  5.894616e-01 
  820.000  6.006954e-01 
  821.000  6.134464e-01 
  822.000  6.038087e-01 
  823.000  5.765378e-01 
  824.000  5.995941e-01 
  825.000  6.142499e-01 
  826.000  6.117556e-01 
  827.000  6.099399e-01 
  828.000  6.003239e-01 
  829.000  6.038366e-01 
  830.000  6.077499e-01 
  831.000  6.086798e-01 
  832.000  6.090804e-01 
  833.000  6.113345e-01 
  834.000  6.139774e-01 
  835.000  6.191951e-01 
  836.000  6.175413e-01 
  837.000  6.173800e-01 
  838.000  6.199369e-01 
  839.000  6.214934e-01 
  840.000  6.220767e-01 
  841.000  6.204370e-01 
  842.000  6.219564e-01 
  843.000  6.255257e-01 
  844.000  6.271530e-01 
  845.000  6.279259e-01 
  846.000  6.285781e-01 
  847.000  6.295089e-01 
  848.000  6.282281e-01 
  849.000  6.283258e-01 
  850.000  6.277609e-01 
  851.000  6.269452e-01 
  852.000  6.270560e-01 
  853.000  6.284748e-01 
  854.000  6.284237e-01 
  855.000  6.290445e-01 
  856.000  6.304750e-01 
  857.000  6.311520e-01 
  858.000  6.314703e-01 
  859.000  6.322011e-01 
  860.000  6.326283e-01 
  861.000  6.327145e-01 
  862.000  6.329532e-01 
  863.000  6.330069e-01 
  864.000  6.331788e-01 
  865.000  6.333240e-01 
  866.000  6.333813e-01 
  867.000  6.333838e-01 
  868.000  6.334277e-01 
  869.000  6.334929e-01 
  870.000  6.334875e-01 
  871.000  6.335502e-01 
  872.000  6.336686e-01 
  873.000  6.335987e-01 
  874.000  6.335717e-01 
  875.000  6.335838e-01 
  876.000  6.334436e-01 
  877.000  6.333840e-01 
  878.000  6.329032e-01 
  879.000  6.328917e-01 
  880.000  6.325293e-01 
  881.000  6.323684e-01 
  882.000  6.321657e-01 
  883.000  6.324126e-01 
  884.000  6.325256e-01 
  885.000  6.317491e-01 
  886.000  6.306649e-01 
  887.000  6.315296e-01 
  888.000  6.315001e-01 
  889.000  6.318097e-01 
  890.000  6.311505e-01 
  891.000  6.298497e-01 
  892.000  6.271902e-01 
  893.000  6.185671e-01 
  894.000  6.142901e-01 
  895.000  6.010239e-01 
  896.000  5.890905e-01 
  897.000  5.764434e-01 
  898.000  5.705088e-01 
  899.000  5.534349e-01 
  900.000  5.559729e-01 
  901.000  5.515011e-01 
  902.000  5.522834e-01 
  903.000  5.809628e-01 
  904.000  5.982152e-01 
  905.000  5.975706e-01 
  906.000  5.868125e-01 
  907.000  5.676129e-01 
  908.000  5.548488e-01 
  909.000  5.554365e-01 
  910.000  5.573950e-01 
  911.000  5.659121e-01 
  912.000  5.618100e-01 
  913.000  5.438255e-01 
  914.000  5.527526e-01 
  915.000  5.597317e-01 
  916.000  5.616075e-01 
  917.000  5.653639e-01 
  918.000  5.702142e-01 
  919.000  5.866485e-01 
  920.000  5.989305e-01 
  921.000  5.962141e-01 
  922.000  5.959889e-01 
  923.000  5.925727e-01 
  924.000  5.843209e-01 
  925.000  5.837045e-01 
  926.000  5.836703e-01 
  927.000  5.741117e-01 
  928.000  5.592824e-01 
  929.000  5.376037e-01 
  930.000  5.095415e-01 
  931.000  4.774635e-01 
  932.000  4.347666e-01 
  933.000  4.014395e-01 
  934.000  3.658920e-01 
  935.000  3.621836e-01 
  936.000  3.766734e-01 
  937.000  3.728654e-01 
  938.000  4.119077e-01 
  939.000  5.082778e-01 
  940.000  5.219272e-01 
  941.000  5.099448e-01 
  942.000  4.803198e-01 
  943.000  4.295245e-01 
  944.000  4.260002e-01 
  945.000  4.447029e-01 
  946.000  4.456249e-01 
  947.000  4.617510e-01 
  948.000  4.711349e-01 
  949.000  4.697714e-01 
  950.000  4.721315e-01 
  951.000  4.929705e-01 
  952.000  4.704376e-01 
  953.000  4.860175e-01 
  954.000  5.024931e-01 
  955.000  4.888560e-01 
  956.000  4.855451e-01 
  957.000  5.270565e-01 
  958.000  5.321965e-01 
  959.000  5.252607e-01 
  960.000  5.231800e-01 
  961.000  5.196758e-01 
  962.000  5.227302e-01 
  963.000  5.450347e-01 
  964.000  5.481585e-01 
  965.000  5.459753e-01 
  966.000  5.471064e-01 
  967.000  5.627453e-01 
  968.000  5.884824e-01 
  969.000  5.999329e-01 
  970.000  6.005252e-01 
  971.000  6.002535e-01 
  972.000  5.970178e-01 
  973.000  5.894889e-01 
  974.000  5.802441e-01 
  975.000  5.742682e-01 
  976.000  5.815846e-01 
  977.000  5.935749e-01 
  978.000  5.925822e-01 
  979.000  5.956436e-01 
  980.000  6.077315e-01 
  981.000  6.103834e-01 
  982.000  6.076791e-01 
  983.000  6.138354e-01 
  984.000  6.201518e-01 
  985.000  6.237267e-01 
  986.000  6.283290e-01 
  987.000  6.303150e-01 
  988.000  6.307685e-01 
  989.000  6.310605e-01 
  990.000  6.315498e-01 
  991.000  6.331061e-01 
  992.000  6.336125e-01 
  993.000  6.338062e-01 
  994.000  6.353514e-01 
  995.000  6.364158e-01 
  996.000  6.364153e-01 
  997.000  6.357726e-01 
  998.000  6.349643e-01 
  999.000  6.347403e-01 
 1000.000  6.349315e-01 
 1001.000  6.334758e-01 
 1002.000  6.308682e-01 
 1003.000  6.315010e-01 
 1004.000  6.330177e-01 
 1005.000  6.335622e-01 
 1006.000  6.337813e-01 
 1007.000  6.334375e-01 
 1008.000  6.313093e-01 
 1009.000  6.284525e-01 
 1010.000  6.297308e-01 
 1011.000  6.327645e-01 
 1012.000  6.337710e-01 
 1013.000  6.347000e-01 
 1014.000  6.350256e-01 
 1015.000  6.350946e-01 
 1016.000  6.355206e-01 
 1017.000  6.357698e-01 
 1018.000  6.352267e-01 
 1019.000  6.342004e-01 
 1020.000  6.345762e-01 
 1021.000  6.352984e-01 
 1022.000  6.340308e-01 
 1023.000  6.330894e-01 
 1024.000  6.324353e-01 
 1025.000  6.342507e-01 
 1026.000  6.350613e-01 
 1027.000  6.347256e-01 
 1028.000  6.349499e-01 
 1029.000  6.358300e-01 
 1030.000  6.365878e-01 
 1031.000  6.369584e-01 
 1032.000  6.371937e-01 
 1033.000  6.372640e-01 
 1034.000  6.374546e-01 
 1035.000  6.374968e-01 
 1036.000  6.373208e-01 
 1037.000  6.372414e-01 
 1038.000  6.372927e-01 
 1039.000  6.371396e-01 
 1040.000  6.369812e-01 
 1041.000  6.368533e-01 
 1042.000  6.367989e-01 
 1043.000  6.367556e-01 
 1044.000  6.366176e-01 
 1045.000  6.363034e-01 
 1046.000  6.360729e-01 
 1047.000  6.357806e-01 
 1048.000  6.353050e-01 
 1049.000  6.347662e-01 
 1050.000  6.344100e-01 
 1051.000  6.340019e-01 
 1052.000  6.336393e-01 
 1053.000  6.334658e-01 
 1054.000  6.329781e-01 
 1055.000  6.325117e-01 
 1056.000  6.320177e-01 
 1057.000  6.310820e-01 
 1058.000  6.295772e-01 
 1059.000  6.294097e-01 
 1060.000  6.298957e-01 
 1061.000  6.295984e-01 
 1062.000  6.286070e-01 
 1063.000  6.280078e-01 
 1064.000  6.270656e-01 
 1065.000  6.261880e-01 
 1066.000  6.262709e-01 
 1067.000  6.257272e-01 
 1068.000  6.242291e-01 
 1069.000  6.241214e-01 
 1070.000  6.247717e-01 
 1071.000  6.240803e-01 
 1072.000  6.232526e-01 
 1073.000  6.233079e-01 
 1074.000  6.237226e-01 
 1075.000  6.255668e-01 
 1076.000  6.247949e-01 
 1077.000  6.236616e-01 
 1078.000  6.222774e-01 
 1079.000  6.222652e-01 
 1080.000  6.181737e-01 
 1081.000  6.180789e-01 
 1082.000  6.200845e-01 
 1083.000  6.179815e-01 
 1084.000  6.156328e-01 
 1085.000  6.098253e-01 
 1086.000  6.113272e-01 
 1087.000  6.179370e-01 
 1088.000  6.182790e-01 
 1089.000  6.104621e-01 
 1090.000  6.090683e-01 
 1091.000  6.106715e-01 
 1092.000  6.068446e-01 
 1093.000  5.980757e-01 
 1094.000  5.942658e-01 
 1095.000  5.949614e-01 
 1096.000  5.956174e-01 
 1097.000  5.939524e-01 
 1098.000  5.722288e-01 
 1099.000  5.534745e-01 
 1100.000  5.548183e-01 
 1101.000  5.574965e-01 
 1102.000  5.563438e-01 
 1103.000  5.581574e-01 
 1104.000  5.550745e-01 
 1105.000  5.471981e-01 
 1106.000  5.391170e-01 
 1107.000  5.412828e-01 
 1108.000  5.429613e-01 
 1109.000  5.501279e-01 
 1110.000  5.496172e-01 
 1111.000  5.459743e-01 
 1112.000  5.291439e-01 
 1113.000  5.060054e-01 
 1114.000  5.002493e-01 
 1115.000  4.712903e-01 
 1116.000  4.529577e-01 
 1117.000  4.087720e-01 
 1118.000  3.674709e-01 
 1119.000  3.454465e-01 
 1120.000  3.169609e-01 
 1121.000  3.106683e-01 
 1122.000  2.795088e-01 
 1123.000  2.971484e-01 
 1124.000  3.088323e-01 
 1125.000  3.028584e-01 
 1126.000  3.003664e-01 
 1127.000  3.027875e-01 
 1128.000  3.075019e-01 
 1129.000  3.373782e-01 
 1130.000  4.050501e-01 
 1131.000  4.239898e-01 
 1132.000  3.982144e-01 
 1133.000  3.492047e-01 
 1134.000  2.554789e-01 
 1135.000  2.627722e-01 
 1136.000  3.558850e-01 
 1137.000  4.037662e-01 
 1138.000  4.480612e-01 
 1139.000  4.604594e-01 
 1140.000  4.521409e-01 
 1141.000  4.347329e-01 
 1142.000  4.287449e-01 
 1143.000  4.097258e-01 
 1144.000  3.878148e-01 
 1145.000  3.555430e-01 
 1146.000  3.632063e-01 
 1147.000  3.883035e-01 
 1148.000  4.101750e-01 
 1149.000  4.187248e-01 
 1150.000  4.186867e-01 
