  320.000  2.128945e-01 
  321.000  2.585733e-01 
  322.000  2.406851e-01 
  323.000  2.633460e-01 
  324.000  2.859926e-01 
  325.000  2.691264e-01 
  326.000  2.967913e-01 
  327.000  3.044966e-01 
  328.000  2.878471e-01 
  329.000  3.197804e-01 
  330.000  3.248321e-01 
  331.000  3.148338e-01 
  332.000  3.341302e-01 
  333.000  3.397499e-01 
  334.000  3.351360e-01 
  335.000  3.492618e-01 
  336.000  3.549775e-01 
  337.000  3.525691e-01 
  338.000  3.592645e-01 
  339.000  3.661703e-01 
  340.000  3.650357e-01 
  341.000  3.717379e-01 
  342.000  3.766367e-01 
  343.000  3.790964e-01 
  344.000  3.795989e-01 
  345.000  3.862330e-01 
  346.000  3.904195e-01 
  347.000  3.938316e-01 
  348.000  3.970263e-01 
  349.000  4.006134e-01 
  350.000  4.036783e-01 
  351.000  4.067297e-01 
  352.000  4.092320e-01 
  353.000  4.127889e-01 
  354.000  4.158155e-01 
  355.000  4.186308e-01 
  356.000  4.213730e-01 
  357.000  4.238126e-01 
  358.000  4.264365e-01 
  359.000  4.290569e-01 
  360.000  4.317393e-01 
  361.000  4.351265e-01 
  362.000  4.386515e-01 
  363.000  4.418963e-01 
  364.000  4.448810e-01 
  365.000  4.476793e-01 
  366.000  4.505394e-01 
  367.000  4.532612e-01 
  368.000  4.559571e-01 
  369.000  4.586285e-01 
  370.000  4.612711e-01 
  371.000  4.638918e-01 
  372.000  4.664899e-01 
  373.000  4.690647e-01 
  374.000  4.715969e-01 
  375.000  4.740792e-01 
  376.000  4.764761e-01 
  377.000  4.787406e-01 
  378.000  4.808431e-01 
  379.000  4.829786e-01 
  380.000  4.853264e-01 
  381.000  4.879977e-01 
  382.000  4.907646e-01 
  383.000  4.933797e-01 
  384.000  4.958591e-01 
  385.000  4.982470e-01 
  386.000  5.005726e-01 
  387.000  5.028595e-01 
  388.000  5.051161e-01 
  389.000  5.073531e-01 
  390.000  5.095709e-01 
  391.000  5.117650e-01 
  392.000  5.139417e-01 
  393.000  5.160994e-01 
  394.000  5.182360e-01 
  395.000  5.203497e-01 
  396.000  5.224488e-01 
  397.000  5.245225e-01 
  398.000  5.265761e-01 
  399.000  5.286113e-01 
  400.000  5.306174e-01 
  401.000  5.326148e-01 
  402.000  5.345954e-01 
  403.000  5.365579e-01 
  404.000  5.385022e-01 
  405.000  5.404242e-01 
  406.000  5.423326e-01 
  407.000  5.442252e-01 
  408.000  5.461004e-01 
  409.000  5.479563e-01 
  410.000  5.497939e-01 
  411.000  5.516124e-01 
  412.000  5.534108e-01 
  413.000  5.551980e-01 
  414.000  5.568562e-01 
  415.000  5.586494e-01 
  416.000  5.604192e-01 
  417.000  5.621587e-01 
  418.000  5.638576e-01 
  419.000  5.655370e-01 
  420.000  5.672007e-01 
  421.000  5.688537e-01 
  422.000  5.704959e-01 
  423.000  5.721253e-01 
  424.000  5.737349e-01 
  425.000  5.753070e-01 
  426.000  5.768632e-01 
  427.000  5.784051e-01 
  428.000  5.799192e-01 
  429.000  5.814115e-01 
  430.000  5.828860e-01 
  431.000  5.843490e-01 
  432.000  5.857963e-01 
  433.000  5.872294e-01 
  434.000  5.886499e-01 
  435.000  5.900562e-01 
  436.000  5.914462e-01 
  437.000  5.928207e-01 
  438.000  5.941792e-01 
  439.000  5.955268e-01 
  440.000  5.968522e-01 
  441.000  5.981605e-01 
  442.000  5.994477e-01 
  443.000  6.007152e-01 
  444.000  6.019623e-01 
  445.000  6.031824e-01 
  446.000  6.043682e-01 
  447.000  6.056114e-01 
  448.000  6.069441e-01 
  449.000  6.082927e-01 
  450.000  6.096148e-01 
  451.000  6.108850e-01 
  452.000  6.121103e-01 
  453.000  6.133103e-01 
  454.000  6.144882e-01 
  455.000  6.155975e-01 
  456.000  6.166170e-01 
  457.000  6.176366e-01 
  458.000  6.186423e-01 
  459.000  6.196263e-01 
  460.000  6.206024e-01 
  461.000  6.215679e-01 
  462.000  6.225148e-01 
  463.000  6.234575e-01 
  464.000  6.246844e-01 
  465.000  6.258926e-01 
  466.000  6.270791e-01 
  467.000  6.282379e-01 
  468.000  6.291816e-01 
  469.000  6.299942e-01 
  470.000  6.307414e-01 
  471.000  6.314138e-01 
  472.000  6.319848e-01 
  473.000  6.323849e-01 
  474.000  6.327135e-01 
  475.000  6.327978e-01 
  476.000  6.326352e-01 
  477.000  6.326318e-01 
  478.000  6.335823e-01 
  479.000  6.350288e-01 
  480.000  6.365895e-01 
  481.000  6.379892e-01 
  482.000  6.393015e-01 
  483.000  6.404421e-01 
  484.000  6.414222e-01 
  485.000  6.422985e-01 
  486.000  6.432328e-01 
  487.000  6.442161e-01 
  488.000  6.451677e-01 
  489.000  6.461016e-01 
  490.000  6.470242e-01 
  491.000  6.477466e-01 
  492.000  6.484067e-01 
  493.000  6.490636e-01 
  494.000  6.497018e-01 
  495.000  6.503398e-01 
  496.000  6.506686e-01 
  497.000  6.509848e-01 
  498.000  6.512964e-01 
  499.000  6.515911e-01 
  500.000  6.518813e-01 
  501.000  6.521391e-01 
  502.000  6.523969e-01 
  503.000  6.526515e-01 
  504.000  6.528944e-01 
  505.000  6.531240e-01 
  506.000  6.537965e-01 
  507.000  6.544883e-01 
  508.000  6.551790e-01 
  509.000  6.558617e-01 
  510.000  6.565297e-01 
  511.000  6.571285e-01 
  512.000  6.577066e-01 
  513.000  6.582813e-01 
  514.000  6.588488e-01 
  515.000  6.594113e-01 
  516.000  6.598130e-01 
  517.000  6.600706e-01 
  518.000  6.603211e-01 
  519.000  6.605667e-01 
  520.000  6.608100e-01 
  521.000  6.610279e-01 
  522.000  6.611851e-01 
  523.000  6.612984e-01 
  524.000  6.614155e-01 
  525.000  6.615078e-01 
  526.000  6.616372e-01 
  527.000  6.616581e-01 
  528.000  6.616349e-01 
  529.000  6.616105e-01 
  530.000  6.615915e-01 
  531.000  6.615759e-01 
  532.000  6.616109e-01 
  533.000  6.619266e-01 
  534.000  6.623252e-01 
  535.000  6.627751e-01 
  536.000  6.632100e-01 
  537.000  6.636077e-01 
  538.000  6.639633e-01 
  539.000  6.642929e-01 
  540.000  6.646019e-01 
  541.000  6.649019e-01 
  542.000  6.651888e-01 
  543.000  6.654655e-01 
  544.000  6.656747e-01 
  545.000  6.658289e-01 
  546.000  6.659759e-01 
  547.000  6.661271e-01 
  548.000  6.662707e-01 
  549.000  6.664119e-01 
  550.000  6.664805e-01 
  551.000  6.664769e-01 
  552.000  6.664761e-01 
  553.000  6.664604e-01 
  554.000  6.664378e-01 
  555.000  6.664112e-01 
  556.000  6.663573e-01 
  557.000  6.662562e-01 
  558.000  6.661468e-01 
  559.000  6.660247e-01 
  560.000  6.658720e-01 
  561.000  6.656913e-01 
  562.000  6.653948e-01 
  563.000  6.651785e-01 
  564.000  6.649046e-01 
  565.000  6.645144e-01 
  566.000  6.641766e-01 
  567.000  6.634466e-01 
  568.000  6.616104e-01 
  569.000  6.581035e-01 
  570.000  6.583206e-01 
  571.000  6.602600e-01 
  572.000  6.576785e-01 
  573.000  6.579585e-01 
  574.000  6.578358e-01 
  575.000  6.575413e-01 
  576.000  6.577121e-01 
  577.000  6.587080e-01 
  578.000  6.600402e-01 
  579.000  6.614928e-01 
  580.000  6.631516e-01 
  581.000  6.653139e-01 
  582.000  6.669203e-01 
  583.000  6.680865e-01 
  584.000  6.691270e-01 
  585.000  6.699777e-01 
  586.000  6.707928e-01 
  587.000  6.703590e-01 
  588.000  6.663775e-01 
  589.000  6.595170e-01 
  590.000  6.593664e-01 
  591.000  6.646006e-01 
  592.000  6.622348e-01 
  593.000  6.681123e-01 
  594.000  6.671138e-01 
  595.000  6.633790e-01 
  596.000  6.687931e-01 
  597.000  6.672529e-01 
  598.000  6.692388e-01 
  599.000  6.698617e-01 
  600.000  6.715505e-01 
  601.000  6.726189e-01 
  602.000  6.727626e-01 
  603.000  6.734707e-01 
  604.000  6.744804e-01 
  605.000  6.752634e-01 
  606.000  6.758930e-01 
  607.000  6.765031e-01 
  608.000  6.771086e-01 
  609.000  6.776894e-01 
  610.000  6.782935e-01 
  611.000  6.789650e-01 
  612.000  6.796225e-01 
  613.000  6.802595e-01 
  614.000  6.808777e-01 
  615.000  6.814941e-01 
  616.000  6.820880e-01 
  617.000  6.826488e-01 
  618.000  6.831189e-01 
  619.000  6.835166e-01 
  620.000  6.838847e-01 
  621.000  6.842010e-01 
  622.000  6.844654e-01 
  623.000  6.846423e-01 
  624.000  6.848307e-01 
  625.000  6.849889e-01 
  626.000  6.849108e-01 
  627.000  6.827136e-01 
  628.000  6.613420e-01 
  629.000  6.750962e-01 
  630.000  6.767993e-01 
  631.000  6.807945e-01 
  632.000  6.820979e-01 
  633.000  6.859983e-01 
  634.000  6.883613e-01 
  635.000  6.897502e-01 
  636.000  6.913075e-01 
  637.000  6.926838e-01 
  638.000  6.946700e-01 
  639.000  6.957598e-01 
  640.000  6.972458e-01 
  641.000  6.982080e-01 
  642.000  6.993476e-01 
  643.000  6.994140e-01 
  644.000  7.001179e-01 
  645.000  6.998040e-01 
  646.000  6.964535e-01 
  647.000  6.942198e-01 
  648.000  6.916217e-01 
  649.000  6.949252e-01 
  650.000  7.007263e-01 
  651.000  7.011929e-01 
  652.000  6.969711e-01 
  653.000  7.028241e-01 
  654.000  7.026933e-01 
  655.000  7.011943e-01 
  656.000  7.023403e-01 
  657.000  7.038347e-01 
  658.000  7.060392e-01 
  659.000  7.075785e-01 
  660.000  7.084796e-01 
  661.000  7.103249e-01 
  662.000  7.113763e-01 
  663.000  7.117129e-01 
  664.000  7.123907e-01 
  665.000  7.130421e-01 
  666.000  7.137650e-01 
  667.000  7.144157e-01 
  668.000  7.151275e-01 
  669.000  7.157097e-01 
  670.000  7.162538e-01 
  671.000  7.168123e-01 
  672.000  7.173375e-01 
  673.000  7.178567e-01 
  674.000  7.183725e-01 
  675.000  7.188877e-01 
  676.000  7.193760e-01 
  677.000  7.198238e-01 
  678.000  7.202715e-01 
  679.000  7.206741e-01 
  680.000  7.208844e-01 
  681.000  7.210218e-01 
  682.000  7.213534e-01 
  683.000  7.215906e-01 
  684.000  7.215805e-01 
  685.000  7.222430e-01 
  686.000  7.196377e-01 
  687.000  6.233102e-01 
  688.000  6.531731e-01 
  689.000  6.449779e-01 
  690.000  6.604942e-01 
  691.000  6.820610e-01 
  692.000  6.969078e-01 
  693.000  6.993092e-01 
  694.000  6.982708e-01 
  695.000  7.045467e-01 
  696.000  7.080255e-01 
  697.000  7.200130e-01 
  698.000  7.179072e-01 
  699.000  7.077230e-01 
  700.000  7.096357e-01 
  701.000  7.074676e-01 
  702.000  7.093374e-01 
  703.000  7.181892e-01 
  704.000  7.187157e-01 
  705.000  7.152708e-01 
  706.000  7.160986e-01 
  707.000  7.175092e-01 
  708.000  7.190202e-01 
  709.000  7.219747e-01 
  710.000  7.190971e-01 
  711.000  7.222993e-01 
  712.000  7.250394e-01 
  713.000  7.230828e-01 
  714.000  7.225221e-01 
  715.000  7.192823e-01 
  716.000  7.159517e-01 
  717.000  6.932894e-01 
  718.000  6.791717e-01 
  719.000  6.741526e-01 
  720.000  6.662582e-01 
  721.000  7.007091e-01 
  722.000  7.127387e-01 
  723.000  7.061450e-01 
  724.000  6.869236e-01 
  725.000  6.899647e-01 
  726.000  6.891140e-01 
  727.000  6.919446e-01 
  728.000  6.889868e-01 
  729.000  6.965020e-01 
  730.000  6.952397e-01 
  731.000  6.936995e-01 
  732.000  7.062605e-01 
  733.000  7.181076e-01 
  734.000  7.237826e-01 
  735.000  7.218568e-01 
  736.000  7.181972e-01 
  737.000  7.210526e-01 
  738.000  7.249463e-01 
  739.000  7.266452e-01 
  740.000  7.303407e-01 
  741.000  7.324923e-01 
  742.000  7.334259e-01 
  743.000  7.353515e-01 
  744.000  7.362819e-01 
  745.000  7.370130e-01 
  746.000  7.375807e-01 
  747.000  7.378023e-01 
  748.000  7.384081e-01 
  749.000  7.387515e-01 
  750.000  7.386992e-01 
  751.000  7.388858e-01 
  752.000  7.394247e-01 
  753.000  7.396992e-01 
  754.000  7.399346e-01 
  755.000  7.401190e-01 
  756.000  7.403076e-01 
  757.000  7.404404e-01 
  758.000  7.392182e-01 
  759.000  6.877961e-01 
  760.000  3.094726e-01 
  761.000  2.743171e-01 
  762.000  4.915456e-01 
  763.000  4.234958e-01 
  764.000  4.571408e-01 
  765.000  5.338572e-01 
  766.000  6.269603e-01 
  767.000  6.741359e-01 
  768.000  7.050561e-01 
  769.000  7.254915e-01 
  770.000  7.363480e-01 
  771.000  7.415914e-01 
  772.000  7.428802e-01 
  773.000  7.434699e-01 
  774.000  7.442194e-01 
  775.000  7.446382e-01 
  776.000  7.449306e-01 
  777.000  7.450535e-01 
  778.000  7.451016e-01 
  779.000  7.451329e-01 
  780.000  7.451586e-01 
  781.000  7.454014e-01 
  782.000  7.454207e-01 
  783.000  7.454464e-01 
  784.000  7.453306e-01 
  785.000  7.445361e-01 
  786.000  7.433108e-01 
  787.000  7.406174e-01 
  788.000  7.391861e-01 
  789.000  7.339283e-01 
  790.000  7.335181e-01 
  791.000  7.345650e-01 
  792.000  7.355298e-01 
  793.000  7.377248e-01 
  794.000  7.423298e-01 
  795.000  7.395815e-01 
  796.000  7.321582e-01 
  797.000  7.343369e-01 
  798.000  7.390862e-01 
  799.000  7.380491e-01 
  800.000  7.346563e-01 
  801.000  7.351035e-01 
  802.000  7.347929e-01 
  803.000  7.353305e-01 
  804.000  7.369754e-01 
  805.000  7.400939e-01 
  806.000  7.419634e-01 
  807.000  7.420800e-01 
  808.000  7.410770e-01 
  809.000  7.398372e-01 
  810.000  7.384794e-01 
  811.000  7.356437e-01 
  812.000  7.318125e-01 
  813.000  7.270923e-01 
  814.000  7.208234e-01 
  815.000  7.129864e-01 
  816.000  7.027507e-01 
  817.000  7.033982e-01 
  818.000  7.042775e-01 
  819.000  7.076723e-01 
  820.000  7.189538e-01 
  821.000  7.317269e-01 
  822.000  7.220769e-01 
  823.000  6.946286e-01 
  824.000  7.178451e-01 
  825.000  7.325246e-01 
  826.000  7.300181e-01 
  827.000  7.282016e-01 
  828.000  7.185662e-01 
  829.000  7.220910e-01 
  830.000  7.260103e-01 
  831.000  7.269380e-01 
  832.000  7.273297e-01 
  833.000  7.295819e-01 
  834.000  7.322202e-01 
  835.000  7.374279e-01 
  836.000  7.357736e-01 
  837.000  7.356088e-01 
  838.000  7.381616e-01 
  839.000  7.397134e-01 
  840.000  7.402953e-01 
  841.000  7.386582e-01 
  842.000  7.401742e-01 
  843.000  7.437338e-01 
  844.000  7.453547e-01 
  845.000  7.460526e-01 
  846.000  7.468384e-01 
  847.000  7.477504e-01 
  848.000  7.463562e-01 
  849.000  7.465705e-01 
  850.000  7.459625e-01 
  851.000  7.451501e-01 
  852.000  7.452611e-01 
  853.000  7.466042e-01 
  854.000  7.465510e-01 
  855.000  7.472484e-01 
  856.000  7.487287e-01 
  857.000  7.493538e-01 
  858.000  7.497135e-01 
  859.000  7.504389e-01 
  860.000  7.508394e-01 
  861.000  7.509235e-01 
  862.000  7.511492e-01 
  863.000  7.512031e-01 
  864.000  7.513667e-01 
  865.000  7.515055e-01 
  866.000  7.515628e-01 
  867.000  7.515690e-01 
  868.000  7.516137e-01 
  869.000  7.516783e-01 
  870.000  7.516771e-01 
  871.000  7.517393e-01 
  872.000  7.518533e-01 
  873.000  7.517921e-01 
  874.000  7.517707e-01 
  875.000  7.517858e-01 
  876.000  7.516592e-01 
  877.000  7.516074e-01 
  878.000  7.511474e-01 
  879.000  7.511396e-01 
  880.000  7.507747e-01 
  881.000  7.505648e-01 
  882.000  7.504046e-01 
  883.000  7.506465e-01 
  884.000  7.507228e-01 
  885.000  7.499800e-01 
  886.000  7.488515e-01 
  887.000  7.497669e-01 
  888.000  7.497394e-01 
  889.000  7.500467e-01 
  890.000  7.494020e-01 
  891.000  7.480956e-01 
  892.000  7.453803e-01 
  893.000  7.367399e-01 
  894.000  7.324574e-01 
  895.000  7.191060e-01 
  896.000  7.070758e-01 
  897.000  6.942965e-01 
  898.000  6.882882e-01 
  899.000  6.708787e-01 
  900.000  6.734887e-01 
  901.000  6.689100e-01 
  902.000  6.696863e-01 
  903.000  6.989035e-01 
  904.000  7.163656e-01 
  905.000  7.156987e-01 
  906.000  7.048109e-01 
  907.000  6.853058e-01 
  908.000  6.722856e-01 
  909.000  6.728970e-01 
  910.000  6.749023e-01 
  911.000  6.835970e-01 
  912.000  6.794087e-01 
  913.000  6.609973e-01 
  914.000  6.701429e-01 
  915.000  6.772677e-01 
  916.000  6.791717e-01 
  917.000  6.829891e-01 
  918.000  6.879172e-01 
  919.000  7.046004e-01 
  920.000  7.170081e-01 
  921.000  7.142513e-01 
  922.000  7.140192e-01 
  923.000  7.105638e-01 
  924.000  7.022087e-01 
  925.000  7.016070e-01 
  926.000  7.016356e-01 
  927.000  6.919924e-01 
  928.000  6.769781e-01 
  929.000  6.549127e-01 
  930.000  6.261286e-01 
  931.000  5.928983e-01 
  932.000  5.483302e-01 
  933.000  5.128508e-01 
  934.000  4.743765e-01 
  935.000  4.703941e-01 
  936.000  4.862691e-01 
  937.000  4.820364e-01 
  938.000  5.240303e-01 
  939.000  6.255170e-01 
  940.000  6.395897e-01 
  941.000  6.271392e-01 
  942.000  5.962552e-01 
  943.000  5.426188e-01 
  944.000  5.389059e-01 
  945.000  5.588434e-01 
  946.000  5.597702e-01 
  947.000  5.767175e-01 
  948.000  5.865470e-01 
  949.000  5.850562e-01 
  950.000  5.875083e-01 
  951.000  6.092733e-01 
  952.000  5.856188e-01 
  953.000  6.018764e-01 
  954.000  6.189707e-01 
  955.000  6.046936e-01 
  956.000  6.011178e-01 
  957.000  6.441392e-01 
  958.000  6.493674e-01 
  959.000  6.421606e-01 
  960.000  6.399688e-01 
  961.000  6.363142e-01 
  962.000  6.394362e-01 
  963.000  6.623631e-01 
  964.000  6.655384e-01 
  965.000  6.632682e-01 
  966.000  6.643950e-01 
  967.000  6.803609e-01 
  968.000  7.064950e-01 
  969.000  7.180537e-01 
  970.000  7.186386e-01 
  971.000  7.183607e-01 
  972.000  7.150958e-01 
  973.000  7.074825e-01 
  974.000  6.981065e-01 
  975.000  6.920315e-01 
  976.000  6.994653e-01 
  977.000  7.116135e-01 
  978.000  7.105961e-01 
  979.000  7.136778e-01 
  980.000  7.258720e-01 
  981.000  7.285343e-01 
  982.000  7.257965e-01 
  983.000  7.319871e-01 
  984.000  7.383313e-01 
  985.000  7.419156e-01 
  986.000  7.465270e-01 
  987.000  7.485123e-01 
  988.000  7.489625e-01 
  989.000  7.492522e-01 
  990.000  7.497406e-01 
  991.000  7.513617e-01 
  992.000  7.518623e-01 
  993.000  7.520539e-01 
  994.000  7.536024e-01 
  995.000  7.546661e-01 
  996.000  7.546664e-01 
  997.000  7.540177e-01 
  998.000  7.532245e-01 
  999.000  7.529414e-01 
 1000.000  7.531941e-01 
 1001.000  7.515744e-01 
 1002.000  7.490557e-01 
 1003.000  7.496901e-01 
 1004.000  7.512102e-01 
 1005.000  7.518183e-01 
 1006.000  7.520350e-01 
 1007.000  7.515352e-01 
 1008.000  7.494992e-01 
 1009.000  7.466350e-01 
 1010.000  7.479168e-01 
 1011.000  7.509571e-01 
 1012.000  7.520257e-01 
 1013.000  7.529441e-01 
 1014.000  7.532903e-01 
 1015.000  7.533576e-01 
 1016.000  7.537759e-01 
 1017.000  7.540207e-01 
 1018.000  7.534872e-01 
 1019.000  7.524489e-01 
 1020.000  7.528206e-01 
 1021.000  7.535576e-01 
 1022.000  7.522810e-01 
 1023.000  7.512814e-01 
 1024.000  7.506260e-01 
 1025.000  7.524974e-01 
 1026.000  7.533215e-01 
 1027.000  7.529271e-01 
 1028.000  7.532097e-01 
 1029.000  7.540365e-01 
 1030.000  7.547973e-01 
 1031.000  7.552057e-01 
 1032.000  7.554582e-01 
 1033.000  7.555180e-01 
 1034.000  7.556884e-01 
 1035.000  7.557166e-01 
 1036.000  7.555336e-01 
 1037.000  7.554437e-01 
 1038.000  7.554894e-01 
 1039.000  7.553419e-01 
 1040.000  7.551861e-01 
 1041.000  7.550599e-01 
 1042.000  7.550043e-01 
 1043.000  7.549575e-01 
 1044.000  7.548187e-01 
 1045.000  7.545131e-01 
 1046.000  7.542867e-01 
 1047.000  7.539974e-01 
 1048.000  7.535154e-01 
 1049.000  7.529640e-01 
 1050.000  7.526075e-01 
 1051.000  7.522166e-01 
 1052.000  7.518571e-01 
 1053.000  7.516842e-01 
 1054.000  7.512105e-01 
 1055.000  7.507202e-01 
 1056.000  7.502264e-01 
 1057.000  7.493168e-01 
 1058.000  7.477952e-01 
 1059.000  7.476416e-01 
 1060.000  7.481194e-01 
 1061.000  7.478211e-01 
 1062.000  7.468009e-01 
 1063.000  7.461690e-01 
 1064.000  7.451983e-01 
 1065.000  7.443221e-01 
 1066.000  7.443609e-01 
 1067.000  7.438258e-01 
 1068.000  7.423089e-01 
 1069.000  7.421975e-01 
 1070.000  7.428782e-01 
 1071.000  7.422041e-01 
 1072.000  7.413793e-01 
 1073.000  7.414427e-01 
 1074.000  7.418643e-01 
 1075.000  7.437242e-01 
 1076.000  7.429542e-01 
 1077.000  7.418191e-01 
 1078.000  7.404321e-01 
 1079.000  7.404237e-01 
 1080.000  7.363108e-01 
 1081.000  7.362174e-01 
 1082.000  7.382385e-01 
 1083.000  7.361274e-01 
 1084.000  7.337661e-01 
 1085.000  7.279134e-01 
 1086.000  7.294328e-01 
 1087.000  7.360983e-01 
 1088.000  7.364427e-01 
 1089.000  7.285709e-01 
 1090.000  7.271703e-01 
 1091.000  7.287936e-01 
 1092.000  7.249398e-01 
 1093.000  7.160833e-01 
 1094.000  7.122290e-01 
 1095.000  7.129410e-01 
 1096.000  7.136208e-01 
 1097.000  7.119503e-01 
 1098.000  6.898941e-01 
 1099.000  6.707504e-01 
 1100.000  6.721349e-01 
 1101.000  6.748876e-01 
 1102.000  6.737291e-01 
 1103.000  6.756052e-01 
 1104.000  6.724719e-01 
 1105.000  6.644244e-01 
 1106.000  6.561208e-01 
 1107.000  6.583900e-01 
 1108.000  6.601755e-01 
 1109.000  6.676146e-01 
 1110.000  6.672001e-01 
 1111.000  6.635211e-01 
 1112.000  6.462796e-01 
 1113.000  6.225203e-01 
 1114.000  6.168013e-01 
 1115.000  5.868276e-01 
 1116.000  5.676699e-01 
 1117.000  5.206819e-01 
 1118.000  4.762337e-01 
 1119.000  4.524056e-01 
 1120.000  4.209952e-01 
 1121.000  4.140484e-01 
 1122.000  3.787939e-01 
 1123.000  3.990784e-01 
 1124.000  4.123881e-01 
 1125.000  4.056483e-01 
 1126.000  4.027895e-01 
 1127.000  4.054249e-01 
 1128.000  4.105768e-01 
 1129.000  4.438961e-01 
 1130.000  5.180739e-01 
 1131.000  5.384739e-01 
 1132.000  5.107579e-01 
 1133.000  4.569975e-01 
 1134.000  3.508042e-01 
 1135.000  3.592133e-01 
 1136.000  4.641597e-01 
 1137.000  5.163539e-01 
 1138.000  5.635891e-01 
 1139.000  5.763518e-01 
 1140.000  5.675366e-01 
 1141.000  5.488679e-01 
 1142.000  5.425013e-01 
 1143.000  5.221530e-01 
 1144.000  4.984496e-01 
 1145.000  4.631823e-01 
 1146.000  4.715881e-01 
 1147.000  4.989478e-01 
 1148.000  5.225572e-01 
 1149.000  5.316526e-01 
 1150.000  5.314077e-01 
