  320.000  2.634442e-01 
  321.000  3.143219e-01 
  322.000  2.945048e-01 
  323.000  3.195878e-01 
  324.000  3.444580e-01 
  325.000  3.259538e-01 
  326.000  3.562528e-01 
  327.000  3.646446e-01 
  328.000  3.464864e-01 
  329.000  3.812333e-01 
  330.000  3.867002e-01 
  331.000  3.758726e-01 
  332.000  3.967422e-01 
  333.000  4.027991e-01 
  334.000  3.978270e-01 
  335.000  4.130301e-01 
  336.000  4.191657e-01 
  337.000  4.165815e-01 
  338.000  4.237617e-01 
  339.000  4.311546e-01 
  340.000  4.299409e-01 
  341.000  4.371057e-01 
  342.000  4.423351e-01 
  343.000  4.449584e-01 
  344.000  4.454941e-01 
  345.000  4.525610e-01 
  346.000  4.570150e-01 
  347.000  4.606417e-01 
  348.000  4.640348e-01 
  349.000  4.678417e-01 
  350.000  4.710920e-01 
  351.000  4.743256e-01 
  352.000  4.769758e-01 
  353.000  4.807402e-01 
  354.000  4.839410e-01 
  355.000  4.869166e-01 
  356.000  4.898130e-01 
  357.000  4.923884e-01 
  358.000  4.951569e-01 
  359.000  4.979200e-01 
  360.000  5.007470e-01 
  361.000  5.043144e-01 
  362.000  5.080243e-01 
  363.000  5.114369e-01 
  364.000  5.145739e-01 
  365.000  5.175132e-01 
  366.000  5.205157e-01 
  367.000  5.233714e-01 
  368.000  5.261983e-01 
  369.000  5.289981e-01 
  370.000  5.317663e-01 
  371.000  5.345101e-01 
  372.000  5.372287e-01 
  373.000  5.399216e-01 
  374.000  5.425687e-01 
  375.000  5.451624e-01 
  376.000  5.476656e-01 
  377.000  5.500295e-01 
  378.000  5.522234e-01 
  379.000  5.544508e-01 
  380.000  5.568985e-01 
  381.000  5.596823e-01 
  382.000  5.625642e-01 
  383.000  5.652866e-01 
  384.000  5.678666e-01 
  385.000  5.703503e-01 
  386.000  5.727680e-01 
  387.000  5.751445e-01 
  388.000  5.774886e-01 
  389.000  5.798113e-01 
  390.000  5.821133e-01 
  391.000  5.843897e-01 
  392.000  5.866472e-01 
  393.000  5.888841e-01 
  394.000  5.910982e-01 
  395.000  5.932879e-01 
  396.000  5.954615e-01 
  397.000  5.976081e-01 
  398.000  5.997332e-01 
  399.000  6.018385e-01 
  400.000  6.039128e-01 
  401.000  6.059777e-01 
  402.000  6.080242e-01 
  403.000  6.100515e-01 
  404.000  6.120592e-01 
  405.000  6.140434e-01 
  406.000  6.160128e-01 
  407.000  6.179652e-01 
  408.000  6.198992e-01 
  409.000  6.218126e-01 
  410.000  6.237066e-01 
  411.000  6.255803e-01 
  412.000  6.274327e-01 
  413.000  6.292731e-01 
  414.000  6.309802e-01 
  415.000  6.328257e-01 
  416.000  6.346465e-01 
  417.000  6.364357e-01 
  418.000  6.381826e-01 
  419.000  6.399091e-01 
  420.000  6.416188e-01 
  421.000  6.433173e-01 
  422.000  6.450041e-01 
  423.000  6.466773e-01 
  424.000  6.483297e-01 
  425.000  6.499433e-01 
  426.000  6.515402e-01 
  427.000  6.531220e-01 
  428.000  6.546748e-01 
  429.000  6.562051e-01 
  430.000  6.577166e-01 
  431.000  6.592160e-01 
  432.000  6.606990e-01 
  433.000  6.621671e-01 
  434.000  6.636221e-01 
  435.000  6.650620e-01 
  436.000  6.664851e-01 
  437.000  6.678920e-01 
  438.000  6.692821e-01 
  439.000  6.706609e-01 
  440.000  6.720167e-01 
  441.000  6.733546e-01 
  442.000  6.746708e-01 
  443.000  6.759666e-01 
  444.000  6.772412e-01 
  445.000  6.784880e-01 
  446.000  6.796995e-01 
  447.000  6.809696e-01 
  448.000  6.823307e-01 
  449.000  6.837077e-01 
  450.000  6.850575e-01 
  451.000  6.863540e-01 
  452.000  6.876044e-01 
  453.000  6.888288e-01 
  454.000  6.900305e-01 
  455.000  6.911620e-01 
  456.000  6.922017e-01 
  457.000  6.932414e-01 
  458.000  6.942666e-01 
  459.000  6.952698e-01 
  460.000  6.962646e-01 
  461.000  6.972485e-01 
  462.000  6.982133e-01 
  463.000  6.991737e-01 
  464.000  7.004235e-01 
  465.000  7.016540e-01 
  466.000  7.028621e-01 
  467.000  7.040419e-01 
  468.000  7.050025e-01 
  469.000  7.058296e-01 
  470.000  7.065899e-01 
  471.000  7.072743e-01 
  472.000  7.078552e-01 
  473.000  7.082623e-01 
  474.000  7.085966e-01 
  475.000  7.086824e-01 
  476.000  7.085170e-01 
  477.000  7.085136e-01 
  478.000  7.094805e-01 
  479.000  7.109517e-01 
  480.000  7.125388e-01 
  481.000  7.139618e-01 
  482.000  7.152957e-01 
  483.000  7.164549e-01 
  484.000  7.174508e-01 
  485.000  7.183411e-01 
  486.000  7.192902e-01 
  487.000  7.202891e-01 
  488.000  7.212555e-01 
  489.000  7.222038e-01 
  490.000  7.231405e-01 
  491.000  7.238739e-01 
  492.000  7.245441e-01 
  493.000  7.252108e-01 
  494.000  7.258585e-01 
  495.000  7.265060e-01 
  496.000  7.268395e-01 
  497.000  7.271605e-01 
  498.000  7.274766e-01 
  499.000  7.277757e-01 
  500.000  7.280700e-01 
  501.000  7.283316e-01 
  502.000  7.285932e-01 
  503.000  7.288515e-01 
  504.000  7.290979e-01 
  505.000  7.293308e-01 
  506.000  7.300129e-01 
  507.000  7.307146e-01 
  508.000  7.314151e-01 
  509.000  7.321073e-01 
  510.000  7.327846e-01 
  511.000  7.333917e-01 
  512.000  7.339778e-01 
  513.000  7.345604e-01 
  514.000  7.351357e-01 
  515.000  7.357057e-01 
  516.000  7.361129e-01 
  517.000  7.363739e-01 
  518.000  7.366277e-01 
  519.000  7.368767e-01 
  520.000  7.371232e-01 
  521.000  7.373440e-01 
  522.000  7.375032e-01 
  523.000  7.376181e-01 
  524.000  7.377367e-01 
  525.000  7.378302e-01 
  526.000  7.379614e-01 
  527.000  7.379825e-01 
  528.000  7.379590e-01 
  529.000  7.379343e-01 
  530.000  7.379150e-01 
  531.000  7.378992e-01 
  532.000  7.379347e-01 
  533.000  7.382545e-01 
  534.000  7.386584e-01 
  535.000  7.391142e-01 
  536.000  7.395547e-01 
  537.000  7.399576e-01 
  538.000  7.403178e-01 
  539.000  7.406515e-01 
  540.000  7.409645e-01 
  541.000  7.412684e-01 
  542.000  7.415589e-01 
  543.000  7.418391e-01 
  544.000  7.420509e-01 
  545.000  7.422071e-01 
  546.000  7.423559e-01 
  547.000  7.425090e-01 
  548.000  7.426544e-01 
  549.000  7.427975e-01 
  550.000  7.428669e-01 
  551.000  7.428632e-01 
  552.000  7.428624e-01 
  553.000  7.428465e-01 
  554.000  7.428237e-01 
  555.000  7.427967e-01 
  556.000  7.427422e-01 
  557.000  7.426397e-01 
  558.000  7.425290e-01 
  559.000  7.424054e-01 
  560.000  7.422506e-01 
  561.000  7.420673e-01 
  562.000  7.417260e-01 
  563.000  7.415035e-01 
  564.000  7.412159e-01 
  565.000  7.407914e-01 
  566.000  7.404683e-01 
  567.000  7.395984e-01 
  568.000  7.371188e-01 
  569.000  7.320927e-01 
  570.000  7.326475e-01 
  571.000  7.358661e-01 
  572.000  7.323241e-01 
  573.000  7.329842e-01 
  574.000  7.329945e-01 
  575.000  7.326792e-01 
  576.000  7.328593e-01 
  577.000  7.341711e-01 
  578.000  7.359013e-01 
  579.000  7.375399e-01 
  580.000  7.392057e-01 
  581.000  7.414824e-01 
  582.000  7.431019e-01 
  583.000  7.441956e-01 
  584.000  7.451759e-01 
  585.000  7.459477e-01 
  586.000  7.466999e-01 
  587.000  7.456641e-01 
  588.000  7.393039e-01 
  589.000  7.288887e-01 
  590.000  7.284718e-01 
  591.000  7.360384e-01 
  592.000  7.323694e-01 
  593.000  7.409245e-01 
  594.000  7.392944e-01 
  595.000  7.336229e-01 
  596.000  7.417420e-01 
  597.000  7.396256e-01 
  598.000  7.427417e-01 
  599.000  7.438383e-01 
  600.000  7.466136e-01 
  601.000  7.483568e-01 
  602.000  7.487448e-01 
  603.000  7.496762e-01 
  604.000  7.508496e-01 
  605.000  7.517127e-01 
  606.000  7.523683e-01 
  607.000  7.530024e-01 
  608.000  7.536178e-01 
  609.000  7.542070e-01 
  610.000  7.548180e-01 
  611.000  7.554967e-01 
  612.000  7.561613e-01 
  613.000  7.568051e-01 
  614.000  7.574298e-01 
  615.000  7.580528e-01 
  616.000  7.586527e-01 
  617.000  7.592194e-01 
  618.000  7.596943e-01 
  619.000  7.600961e-01 
  620.000  7.604679e-01 
  621.000  7.607874e-01 
  622.000  7.610544e-01 
  623.000  7.612330e-01 
  624.000  7.614232e-01 
  625.000  7.615823e-01 
  626.000  7.613971e-01 
  627.000  7.583990e-01 
  628.000  7.359935e-01 
  629.000  7.499778e-01 
  630.000  7.524431e-01 
  631.000  7.567090e-01 
  632.000  7.570542e-01 
  633.000  7.618061e-01 
  634.000  7.643640e-01 
  635.000  7.656301e-01 
  636.000  7.672770e-01 
  637.000  7.686726e-01 
  638.000  7.710183e-01 
  639.000  7.720591e-01 
  640.000  7.736871e-01 
  641.000  7.746023e-01 
  642.000  7.758334e-01 
  643.000  7.755628e-01 
  644.000  7.762330e-01 
  645.000  7.754219e-01 
  646.000  7.700582e-01 
  647.000  7.664340e-01 
  648.000  7.622941e-01 
  649.000  7.668526e-01 
  650.000  7.751303e-01 
  651.000  7.755578e-01 
  652.000  7.690771e-01 
  653.000  7.774495e-01 
  654.000  7.770025e-01 
  655.000  7.745377e-01 
  656.000  7.759756e-01 
  657.000  7.779482e-01 
  658.000  7.810728e-01 
  659.000  7.830694e-01 
  660.000  7.841329e-01 
  661.000  7.865688e-01 
  662.000  7.878892e-01 
  663.000  7.881431e-01 
  664.000  7.888998e-01 
  665.000  7.895953e-01 
  666.000  7.904103e-01 
  667.000  7.911206e-01 
  668.000  7.919138e-01 
  669.000  7.925227e-01 
  670.000  7.930781e-01 
  671.000  7.936546e-01 
  672.000  7.941845e-01 
  673.000  7.947067e-01 
  674.000  7.952248e-01 
  675.000  7.957430e-01 
  676.000  7.962317e-01 
  677.000  7.966805e-01 
  678.000  7.971298e-01 
  679.000  7.975167e-01 
  680.000  7.976362e-01 
  681.000  7.976547e-01 
  682.000  7.979612e-01 
  683.000  7.981455e-01 
  684.000  7.979077e-01 
  685.000  7.986900e-01 
  686.000  7.958573e-01 
  687.000  6.946835e-01 
  688.000  7.262819e-01 
  689.000  7.174185e-01 
  690.000  7.338383e-01 
  691.000  7.559760e-01 
  692.000  7.702787e-01 
  693.000  7.690221e-01 
  694.000  7.645593e-01 
  695.000  7.722918e-01 
  696.000  7.766696e-01 
  697.000  7.935463e-01 
  698.000  7.902976e-01 
  699.000  7.754976e-01 
  700.000  7.781010e-01 
  701.000  7.748613e-01 
  702.000  7.774175e-01 
  703.000  7.900162e-01 
  704.000  7.906505e-01 
  705.000  7.855885e-01 
  706.000  7.866774e-01 
  707.000  7.886047e-01 
  708.000  7.906784e-01 
  709.000  7.948314e-01 
  710.000  7.905852e-01 
  711.000  7.950937e-01 
  712.000  7.989402e-01 
  713.000  7.960134e-01 
  714.000  7.950947e-01 
  715.000  7.902953e-01 
  716.000  7.853392e-01 
  717.000  7.527692e-01 
  718.000  7.325743e-01 
  719.000  7.253374e-01 
  720.000  7.141524e-01 
  721.000  7.628162e-01 
  722.000  7.799111e-01 
  723.000  7.703661e-01 
  724.000  7.429020e-01 
  725.000  7.470967e-01 
  726.000  7.458272e-01 
  727.000  7.497768e-01 
  728.000  7.455236e-01 
  729.000  7.561316e-01 
  730.000  7.542924e-01 
  731.000  7.520628e-01 
  732.000  7.698790e-01 
  733.000  7.867846e-01 
  734.000  7.948838e-01 
  735.000  7.920533e-01 
  736.000  7.867466e-01 
  737.000  7.907937e-01 
  738.000  7.963371e-01 
  739.000  7.987311e-01 
  740.000  8.040036e-01 
  741.000  8.070554e-01 
  742.000  8.083513e-01 
  743.000  8.111122e-01 
  744.000  8.124048e-01 
  745.000  8.134077e-01 
  746.000  8.142024e-01 
  747.000  8.144428e-01 
  748.000  8.151931e-01 
  749.000  8.155967e-01 
  750.000  8.154502e-01 
  751.000  8.156363e-01 
  752.000  8.163131e-01 
  753.000  8.166223e-01 
  754.000  8.168772e-01 
  755.000  8.170617e-01 
  756.000  8.172523e-01 
  757.000  8.173855e-01 
  758.000  8.161350e-01 
  759.000  7.622032e-01 
  760.000  3.576611e-01 
  761.000  3.190455e-01 
  762.000  5.544141e-01 
  763.000  4.814148e-01 
  764.000  5.175689e-01 
  765.000  5.995100e-01 
  766.000  6.981270e-01 
  767.000  7.477912e-01 
  768.000  7.802384e-01 
  769.000  8.016393e-01 
  770.000  8.129311e-01 
  771.000  8.184470e-01 
  772.000  8.197885e-01 
  773.000  8.204008e-01 
  774.000  8.211542e-01 
  775.000  8.215756e-01 
  776.000  8.218741e-01 
  777.000  8.219808e-01 
  778.000  8.220003e-01 
  779.000  8.220056e-01 
  780.000  8.220068e-01 
  781.000  8.223063e-01 
  782.000  8.222989e-01 
  783.000  8.223005e-01 
  784.000  8.221073e-01 
  785.000  8.209701e-01 
  786.000  8.191534e-01 
  787.000  8.152316e-01 
  788.000  8.131495e-01 
  789.000  8.056231e-01 
  790.000  8.050003e-01 
  791.000  8.064524e-01 
  792.000  8.077911e-01 
  793.000  8.108830e-01 
  794.000  8.174126e-01 
  795.000  8.134574e-01 
  796.000  8.028591e-01 
  797.000  8.059206e-01 
  798.000  8.126463e-01 
  799.000  8.111355e-01 
  800.000  8.062730e-01 
  801.000  8.068749e-01 
  802.000  8.063999e-01 
  803.000  8.071321e-01 
  804.000  8.094421e-01 
  805.000  8.138512e-01 
  806.000  8.164848e-01 
  807.000  8.166187e-01 
  808.000  8.151549e-01 
  809.000  8.133528e-01 
  810.000  8.113803e-01 
  811.000  8.073036e-01 
  812.000  8.018095e-01 
  813.000  7.950606e-01 
  814.000  7.861273e-01 
  815.000  7.749893e-01 
  816.000  7.605570e-01 
  817.000  7.614131e-01 
  818.000  7.626147e-01 
  819.000  7.673736e-01 
  820.000  7.832537e-01 
  821.000  8.013053e-01 
  822.000  7.876095e-01 
  823.000  7.490164e-01 
  824.000  7.815872e-01 
  825.000  8.023392e-01 
  826.000  7.987823e-01 
  827.000  7.961795e-01 
  828.000  7.825235e-01 
  829.000  7.874721e-01 
  830.000  7.929937e-01 
  831.000  7.942885e-01 
  832.000  7.948380e-01 
  833.000  7.980114e-01 
  834.000  8.017386e-01 
  835.000  8.091221e-01 
  836.000  8.067506e-01 
  837.000  8.064989e-01 
  838.000  8.101033e-01 
  839.000  8.122889e-01 
  840.000  8.130918e-01 
  841.000  8.107387e-01 
  842.000  8.128710e-01 
  843.000  8.179153e-01 
  844.000  8.202029e-01 
  845.000  8.212762e-01 
  846.000  8.224039e-01 
  847.000  8.235832e-01 
  848.000  8.216308e-01 
  849.000  8.219062e-01 
  850.000  8.209169e-01 
  851.000  8.197335e-01 
  852.000  8.198666e-01 
  853.000  8.218579e-01 
  854.000  8.217617e-01 
  855.000  8.227676e-01 
  856.000  8.247921e-01 
  857.000  8.256673e-01 
  858.000  8.261427e-01 
  859.000  8.271458e-01 
  860.000  8.276581e-01 
  861.000  8.277529e-01 
  862.000  8.280420e-01 
  863.000  8.280956e-01 
  864.000  8.282996e-01 
  865.000  8.284697e-01 
  866.000  8.285281e-01 
  867.000  8.285173e-01 
  868.000  8.285588e-01 
  869.000  8.286273e-01 
  870.000  8.286067e-01 
  871.000  8.286722e-01 
  872.000  8.288079e-01 
  873.000  8.287062e-01 
  874.000  8.286588e-01 
  875.000  8.286605e-01 
  876.000  8.284704e-01 
  877.000  8.283820e-01 
  878.000  8.277521e-01 
  879.000  8.277240e-01 
  880.000  8.271859e-01 
  881.000  8.268812e-01 
  882.000  8.266146e-01 
  883.000  8.269058e-01 
  884.000  8.270411e-01 
  885.000  8.259198e-01 
  886.000  8.243569e-01 
  887.000  8.256078e-01 
  888.000  8.255492e-01 
  889.000  8.259267e-01 
  890.000  8.250314e-01 
  891.000  8.231975e-01 
  892.000  8.192055e-01 
  893.000  8.069801e-01 
  894.000  8.009046e-01 
  895.000  7.821531e-01 
  896.000  7.652984e-01 
  897.000  7.474583e-01 
  898.000  7.390879e-01 
  899.000  7.151320e-01 
  900.000  7.186568e-01 
  901.000  7.123846e-01 
  902.000  7.134821e-01 
  903.000  7.536921e-01 
  904.000  7.779571e-01 
  905.000  7.770444e-01 
  906.000  7.618871e-01 
  907.000  7.349036e-01 
  908.000  7.169989e-01 
  909.000  7.177978e-01 
  910.000  7.205216e-01 
  911.000  7.324375e-01 
  912.000  7.266763e-01 
  913.000  7.015080e-01 
  914.000  7.139741e-01 
  915.000  7.237353e-01 
  916.000  7.263565e-01 
  917.000  7.316163e-01 
  918.000  7.384124e-01 
  919.000  7.614847e-01 
  920.000  7.787669e-01 
  921.000  7.749349e-01 
  922.000  7.746053e-01 
  923.000  7.697810e-01 
  924.000  7.581568e-01 
  925.000  7.572555e-01 
  926.000  7.571402e-01 
  927.000  7.436531e-01 
  928.000  7.227762e-01 
  929.000  6.923522e-01 
  930.000  6.531393e-01 
  931.000  6.085572e-01 
  932.000  5.494576e-01 
  933.000  5.038232e-01 
  934.000  4.555854e-01 
  935.000  4.505203e-01 
  936.000  4.700326e-01 
  937.000  4.649343e-01 
  938.000  5.180674e-01 
  939.000  6.507148e-01 
  940.000  6.697066e-01 
  941.000  6.530875e-01 
  942.000  6.120828e-01 
  943.000  5.422581e-01 
  944.000  5.373987e-01 
  945.000  5.629616e-01 
  946.000  5.642543e-01 
  947.000  5.864707e-01 
  948.000  5.994170e-01 
  949.000  5.975735e-01 
  950.000  6.008382e-01 
  951.000  6.296400e-01 
  952.000  5.985699e-01 
  953.000  6.201132e-01 
  954.000  6.429660e-01 
  955.000  6.241323e-01 
  956.000  6.196362e-01 
  957.000  6.772574e-01 
  958.000  6.844572e-01 
  959.000  6.748348e-01 
  960.000  6.719638e-01 
  961.000  6.671074e-01 
  962.000  6.713703e-01 
  963.000  7.024605e-01 
  964.000  7.068326e-01 
  965.000  7.037987e-01 
  966.000  7.053930e-01 
  967.000  7.272681e-01 
  968.000  7.633776e-01 
  969.000  7.794870e-01 
  970.000  7.803199e-01 
  971.000  7.799289e-01 
  972.000  7.753617e-01 
  973.000  7.647625e-01 
  974.000  7.517696e-01 
  975.000  7.433792e-01 
  976.000  7.536315e-01 
  977.000  7.704654e-01 
  978.000  7.690693e-01 
  979.000  7.733750e-01 
  980.000  7.903849e-01 
  981.000  7.941179e-01 
  982.000  7.903072e-01 
  983.000  7.989794e-01 
  984.000  8.078826e-01 
  985.000  8.129217e-01 
  986.000  8.194139e-01 
  987.000  8.222126e-01 
  988.000  8.228454e-01 
  989.000  8.232493e-01 
  990.000  8.239307e-01 
  991.000  8.263406e-01 
  992.000  8.270255e-01 
  993.000  8.272817e-01 
  994.000  8.294128e-01 
  995.000  8.308755e-01 
  996.000  8.308903e-01 
  997.000  8.299341e-01 
  998.000  8.288467e-01 
  999.000  8.284428e-01 
 1000.000  8.287819e-01 
 1001.000  8.265333e-01 
 1002.000  8.228386e-01 
 1003.000  8.237216e-01 
 1004.000  8.258536e-01 
 1005.000  8.268291e-01 
 1006.000  8.271353e-01 
 1007.000  8.264336e-01 
 1008.000  8.234201e-01 
 1009.000  8.193825e-01 
 1010.000  8.211826e-01 
 1011.000  8.254666e-01 
 1012.000  8.270956e-01 
 1013.000  8.283077e-01 
 1014.000  8.288459e-01 
 1015.000  8.289440e-01 
 1016.000  8.295262e-01 
 1017.000  8.298388e-01 
 1018.000  8.291287e-01 
 1019.000  8.276963e-01 
 1020.000  8.281499e-01 
 1021.000  8.292323e-01 
 1022.000  8.274792e-01 
 1023.000  8.259647e-01 
 1024.000  8.250536e-01 
 1025.000  8.278105e-01 
 1026.000  8.289636e-01 
 1027.000  8.284295e-01 
 1028.000  8.288447e-01 
 1029.000  8.300374e-01 
 1030.000  8.311324e-01 
 1031.000  8.316882e-01 
 1032.000  8.321125e-01 
 1033.000  8.322174e-01 
 1034.000  8.324627e-01 
 1035.000  8.325549e-01 
 1036.000  8.324021e-01 
 1037.000  8.323596e-01 
 1038.000  8.324311e-01 
 1039.000  8.322562e-01 
 1040.000  8.320875e-01 
 1041.000  8.319522e-01 
 1042.000  8.319015e-01 
 1043.000  8.318703e-01 
 1044.000  8.317334e-01 
 1045.000  8.313851e-01 
 1046.000  8.311378e-01 
 1047.000  8.308317e-01 
 1048.000  8.303730e-01 
 1049.000  8.298717e-01 
 1050.000  8.294790e-01 
 1051.000  8.289996e-01 
 1052.000  8.286176e-01 
 1053.000  8.284923e-01 
 1054.000  8.279520e-01 
 1055.000  8.273967e-01 
 1056.000  8.268855e-01 
 1057.000  8.257807e-01 
 1058.000  8.238066e-01 
 1059.000  8.238055e-01 
 1060.000  8.246288e-01 
 1061.000  8.243247e-01 
 1062.000  8.230312e-01 
 1063.000  8.223956e-01 
 1064.000  8.212366e-01 
 1065.000  8.200495e-01 
 1066.000  8.201238e-01 
 1067.000  8.193957e-01 
 1068.000  8.172101e-01 
 1069.000  8.164517e-01 
 1070.000  8.170640e-01 
 1071.000  8.158046e-01 
 1072.000  8.144278e-01 
 1073.000  8.142917e-01 
 1074.000  8.146648e-01 
 1075.000  8.170696e-01 
 1076.000  8.157901e-01 
 1077.000  8.140149e-01 
 1078.000  8.118966e-01 
 1079.000  8.117200e-01 
 1080.000  8.058185e-01 
 1081.000  8.055627e-01 
 1082.000  8.082820e-01 
 1083.000  8.051956e-01 
 1084.000  8.017849e-01 
 1085.000  7.935117e-01 
 1086.000  7.955372e-01 
 1087.000  8.047698e-01 
 1088.000  8.051758e-01 
 1089.000  7.940925e-01 
 1090.000  7.920564e-01 
 1091.000  7.942453e-01 
 1092.000  7.887764e-01 
 1093.000  7.763977e-01 
 1094.000  7.710005e-01 
 1095.000  7.719316e-01 
 1096.000  7.728087e-01 
 1097.000  7.704048e-01 
 1098.000  7.399052e-01 
 1099.000  7.136362e-01 
 1100.000  7.154729e-01 
 1101.000  7.191780e-01 
 1102.000  7.175063e-01 
 1103.000  7.200086e-01 
 1104.000  7.156805e-01 
 1105.000  7.046462e-01 
 1106.000  6.933659e-01 
 1107.000  6.963205e-01 
 1108.000  6.985812e-01 
 1109.000  7.084854e-01 
 1110.000  7.076634e-01 
 1111.000  7.025174e-01 
 1112.000  6.790197e-01 
 1113.000  6.467822e-01 
 1114.000  6.386039e-01 
 1115.000  5.984231e-01 
 1116.000  5.731122e-01 
 1117.000  5.127228e-01 
 1118.000  4.566092e-01 
 1119.000  4.267743e-01 
 1120.000  3.885791e-01 
 1121.000  3.801403e-01 
 1122.000  3.389601e-01 
 1123.000  3.620515e-01 
 1124.000  3.774145e-01 
 1125.000  3.694982e-01 
 1126.000  3.662305e-01 
 1127.000  3.694849e-01 
 1128.000  3.758375e-01 
 1129.000  4.156053e-01 
 1130.000  5.065190e-01 
 1131.000  5.321981e-01 
 1132.000  4.972082e-01 
 1133.000  4.313935e-01 
 1134.000  3.076642e-01 
 1135.000  3.172041e-01 
 1136.000  4.404816e-01 
 1137.000  5.050072e-01 
 1138.000  5.654095e-01 
 1139.000  5.826479e-01 
 1140.000  5.712619e-01 
 1141.000  5.475998e-01 
 1142.000  5.394192e-01 
 1143.000  5.135253e-01 
 1144.000  4.838681e-01 
 1145.000  4.404268e-01 
 1146.000  4.507244e-01 
 1147.000  4.845547e-01 
 1148.000  5.141908e-01 
 1149.000  5.258696e-01 
 1150.000  5.259670e-01 
