  320.000  1.447267e-01 
  321.000  1.818820e-01 
  322.000  1.671818e-01 
  323.000  1.858349e-01 
  324.000  2.047604e-01 
  325.000  1.906393e-01 
  326.000  2.138791e-01 
  327.000  2.204215e-01 
  328.000  2.063221e-01 
  329.000  2.334842e-01 
  330.000  2.378263e-01 
  331.000  2.292443e-01 
  332.000  2.458491e-01 
  333.000  2.507171e-01 
  334.000  2.467193e-01 
  335.000  2.589889e-01 
  336.000  2.639786e-01 
  337.000  2.618743e-01 
  338.000  2.677303e-01 
  339.000  2.737903e-01 
  340.000  2.727933e-01 
  341.000  2.786907e-01 
  342.000  2.830131e-01 
  343.000  2.851871e-01 
  344.000  2.856315e-01 
  345.000  2.915088e-01 
  346.000  2.952269e-01 
  347.000  2.982623e-01 
  348.000  3.011086e-01 
  349.000  3.043092e-01 
  350.000  3.070480e-01 
  351.000  3.097782e-01 
  352.000  3.120199e-01 
  353.000  3.152104e-01 
  354.000  3.179291e-01 
  355.000  3.204611e-01 
  356.000  3.229302e-01 
  357.000  3.251292e-01 
  358.000  3.274969e-01 
  359.000  3.298639e-01 
  360.000  3.322895e-01 
  361.000  3.353563e-01 
  362.000  3.385524e-01 
  363.000  3.414983e-01 
  364.000  3.442115e-01 
  365.000  3.467581e-01 
  366.000  3.493638e-01 
  367.000  3.518462e-01 
  368.000  3.543077e-01 
  369.000  3.567492e-01 
  370.000  3.591669e-01 
  371.000  3.615671e-01 
  372.000  3.639487e-01 
  373.000  3.663114e-01 
  374.000  3.686372e-01 
  375.000  3.709193e-01 
  376.000  3.731249e-01 
  377.000  3.752104e-01 
  378.000  3.771483e-01 
  379.000  3.791181e-01 
  380.000  3.812855e-01 
  381.000  3.837538e-01 
  382.000  3.863129e-01 
  383.000  3.887340e-01 
  384.000  3.910316e-01 
  385.000  3.932462e-01 
  386.000  3.954048e-01 
  387.000  3.975292e-01 
  388.000  3.996272e-01 
  389.000  4.017085e-01 
  390.000  4.037737e-01 
  391.000  4.058182e-01 
  392.000  4.078481e-01 
  393.000  4.098618e-01 
  394.000  4.118572e-01 
  395.000  4.138327e-01 
  396.000  4.157959e-01 
  397.000  4.177366e-01 
  398.000  4.196600e-01 
  399.000  4.215674e-01 
  400.000  4.234488e-01 
  401.000  4.253233e-01 
  402.000  4.271831e-01 
  403.000  4.290273e-01 
  404.000  4.308554e-01 
  405.000  4.326638e-01 
  406.000  4.344605e-01 
  407.000  4.362433e-01 
  408.000  4.380109e-01 
  409.000  4.397614e-01 
  410.000  4.414955e-01 
  411.000  4.432128e-01 
  412.000  4.449119e-01 
  413.000  4.466014e-01 
  414.000  4.481699e-01 
  415.000  4.498670e-01 
  416.000  4.515429e-01 
  417.000  4.531909e-01 
  418.000  4.548014e-01 
  419.000  4.563943e-01 
  420.000  4.579730e-01 
  421.000  4.595425e-01 
  422.000  4.611024e-01 
  423.000  4.626510e-01 
  424.000  4.641814e-01 
  425.000  4.656770e-01 
  426.000  4.671582e-01 
  427.000  4.686265e-01 
  428.000  4.700688e-01 
  429.000  4.714912e-01 
  430.000  4.728972e-01 
  431.000  4.742929e-01 
  432.000  4.756741e-01 
  433.000  4.770424e-01 
  434.000  4.783993e-01 
  435.000  4.797431e-01 
  436.000  4.810719e-01 
  437.000  4.823865e-01 
  438.000  4.836862e-01 
  439.000  4.849761e-01 
  440.000  4.862453e-01 
  441.000  4.874985e-01 
  442.000  4.887320e-01 
  443.000  4.899470e-01 
  444.000  4.911430e-01 
  445.000  4.923134e-01 
  446.000  4.934514e-01 
  447.000  4.946449e-01 
  448.000  4.959247e-01 
  449.000  4.972203e-01 
  450.000  4.984910e-01 
  451.000  4.997123e-01 
  452.000  5.008908e-01 
  453.000  5.020453e-01 
  454.000  5.031790e-01 
  455.000  5.042471e-01 
  456.000  5.052289e-01 
  457.000  5.062112e-01 
  458.000  5.071802e-01 
  459.000  5.081288e-01 
  460.000  5.090699e-01 
  461.000  5.100010e-01 
  462.000  5.109145e-01 
  463.000  5.118241e-01 
  464.000  5.130084e-01 
  465.000  5.141750e-01 
  466.000  5.153211e-01 
  467.000  5.164407e-01 
  468.000  5.173528e-01 
  469.000  5.181384e-01 
  470.000  5.188608e-01 
  471.000  5.195112e-01 
  472.000  5.200635e-01 
  473.000  5.204506e-01 
  474.000  5.207685e-01 
  475.000  5.208501e-01 
  476.000  5.206928e-01 
  477.000  5.206895e-01 
  478.000  5.216092e-01 
  479.000  5.230095e-01 
  480.000  5.245209e-01 
  481.000  5.258769e-01 
  482.000  5.271488e-01 
  483.000  5.282546e-01 
  484.000  5.292050e-01 
  485.000  5.300550e-01 
  486.000  5.309615e-01 
  487.000  5.319159e-01 
  488.000  5.328397e-01 
  489.000  5.337465e-01 
  490.000  5.346426e-01 
  491.000  5.353444e-01 
  492.000  5.359859e-01 
  493.000  5.366242e-01 
  494.000  5.372445e-01 
  495.000  5.378648e-01 
  496.000  5.381844e-01 
  497.000  5.384919e-01 
  498.000  5.387949e-01 
  499.000  5.390816e-01 
  500.000  5.393638e-01 
  501.000  5.396146e-01 
  502.000  5.398654e-01 
  503.000  5.401131e-01 
  504.000  5.403494e-01 
  505.000  5.405728e-01 
  506.000  5.412272e-01 
  507.000  5.419005e-01 
  508.000  5.425729e-01 
  509.000  5.432374e-01 
  510.000  5.438880e-01 
  511.000  5.444711e-01 
  512.000  5.450343e-01 
  513.000  5.455942e-01 
  514.000  5.461472e-01 
  515.000  5.466954e-01 
  516.000  5.470870e-01 
  517.000  5.473380e-01 
  518.000  5.475821e-01 
  519.000  5.478216e-01 
  520.000  5.480588e-01 
  521.000  5.482713e-01 
  522.000  5.484245e-01 
  523.000  5.485350e-01 
  524.000  5.486493e-01 
  525.000  5.487393e-01 
  526.000  5.488655e-01 
  527.000  5.488858e-01 
  528.000  5.488632e-01 
  529.000  5.488394e-01 
  530.000  5.488209e-01 
  531.000  5.488057e-01 
  532.000  5.488398e-01 
  533.000  5.491477e-01 
  534.000  5.495365e-01 
  535.000  5.499753e-01 
  536.000  5.503995e-01 
  537.000  5.507876e-01 
  538.000  5.511346e-01 
  539.000  5.514562e-01 
  540.000  5.517578e-01 
  541.000  5.520506e-01 
  542.000  5.523306e-01 
  543.000  5.526007e-01 
  544.000  5.528049e-01 
  545.000  5.529554e-01 
  546.000  5.530990e-01 
  547.000  5.532466e-01 
  548.000  5.533867e-01 
  549.000  5.535247e-01 
  550.000  5.535917e-01 
  551.000  5.535882e-01 
  552.000  5.535874e-01 
  553.000  5.535720e-01 
  554.000  5.535500e-01 
  555.000  5.535240e-01 
  556.000  5.534714e-01 
  557.000  5.533726e-01 
  558.000  5.532658e-01 
  559.000  5.531466e-01 
  560.000  5.529974e-01 
  561.000  5.528204e-01 
  562.000  5.524638e-01 
  563.000  5.522469e-01 
  564.000  5.519629e-01 
  565.000  5.515341e-01 
  566.000  5.512355e-01 
  567.000  5.503097e-01 
  568.000  5.477527e-01 
  569.000  5.424969e-01 
  570.000  5.431349e-01 
  571.000  5.465798e-01 
  572.000  5.429069e-01 
  573.000  5.436639e-01 
  574.000  5.437664e-01 
  575.000  5.434594e-01 
  576.000  5.436353e-01 
  577.000  5.448921e-01 
  578.000  5.466967e-01 
  579.000  5.482912e-01 
  580.000  5.499266e-01 
  581.000  5.521200e-01 
  582.000  5.536767e-01 
  583.000  5.547327e-01 
  584.000  5.556270e-01 
  585.000  5.563698e-01 
  586.000  5.570511e-01 
  587.000  5.559578e-01 
  588.000  5.490466e-01 
  589.000  5.379490e-01 
  590.000  5.374649e-01 
  591.000  5.454314e-01 
  592.000  5.415124e-01 
  593.000  5.505529e-01 
  594.000  5.487876e-01 
  595.000  5.427456e-01 
  596.000  5.513878e-01 
  597.000  5.491792e-01 
  598.000  5.525323e-01 
  599.000  5.537421e-01 
  600.000  5.567426e-01 
  601.000  5.586128e-01 
  602.000  5.590625e-01 
  603.000  5.600042e-01 
  604.000  5.612260e-01 
  605.000  5.621093e-01 
  606.000  5.627566e-01 
  607.000  5.633821e-01 
  608.000  5.639801e-01 
  609.000  5.645521e-01 
  610.000  5.651442e-01 
  611.000  5.658020e-01 
  612.000  5.664463e-01 
  613.000  5.670705e-01 
  614.000  5.676763e-01 
  615.000  5.682806e-01 
  616.000  5.688627e-01 
  617.000  5.694126e-01 
  618.000  5.698736e-01 
  619.000  5.702637e-01 
  620.000  5.706248e-01 
  621.000  5.709350e-01 
  622.000  5.711944e-01 
  623.000  5.713678e-01 
  624.000  5.715524e-01 
  625.000  5.717064e-01 
  626.000  5.714545e-01 
  627.000  5.683554e-01 
  628.000  5.491835e-01 
  629.000  5.609589e-01 
  630.000  5.636297e-01 
  631.000  5.673941e-01 
  632.000  5.671375e-01 
  633.000  5.717540e-01 
  634.000  5.741869e-01 
  635.000  5.753474e-01 
  636.000  5.769877e-01 
  637.000  5.783029e-01 
  638.000  5.807315e-01 
  639.000  5.817003e-01 
  640.000  5.833516e-01 
  641.000  5.842360e-01 
  642.000  5.854613e-01 
  643.000  5.850680e-01 
  644.000  5.857037e-01 
  645.000  5.848702e-01 
  646.000  5.789803e-01 
  647.000  5.750211e-01 
  648.000  5.705264e-01 
  649.000  5.753338e-01 
  650.000  5.841548e-01 
  651.000  5.845599e-01 
  652.000  5.775554e-01 
  653.000  5.864871e-01 
  654.000  5.859554e-01 
  655.000  5.832533e-01 
  656.000  5.847453e-01 
  657.000  5.868205e-01 
  658.000  5.901360e-01 
  659.000  5.922382e-01 
  660.000  5.933845e-01 
  661.000  5.958719e-01 
  662.000  5.972501e-01 
  663.000  5.974411e-01 
  664.000  5.982375e-01 
  665.000  5.989220e-01 
  666.000  5.997435e-01 
  667.000  6.004791e-01 
  668.000  6.013113e-01 
  669.000  6.019257e-01 
  670.000  6.024771e-01 
  671.000  6.030540e-01 
  672.000  6.035764e-01 
  673.000  6.040901e-01 
  674.000  6.045994e-01 
  675.000  6.051093e-01 
  676.000  6.055888e-01 
  677.000  6.060296e-01 
  678.000  6.064713e-01 
  679.000  6.068404e-01 
  680.000  6.068960e-01 
  681.000  6.068719e-01 
  682.000  6.071355e-01 
  683.000  6.073086e-01 
  684.000  6.070204e-01 
  685.000  6.078520e-01 
  686.000  6.053170e-01 
  687.000  5.174929e-01 
  688.000  5.449104e-01 
  689.000  5.371295e-01 
  690.000  5.514603e-01 
  691.000  5.704255e-01 
  692.000  5.821239e-01 
  693.000  5.786246e-01 
  694.000  5.726042e-01 
  695.000  5.801290e-01 
  696.000  5.844768e-01 
  697.000  6.021105e-01 
  698.000  5.986246e-01 
  699.000  5.830325e-01 
  700.000  5.857266e-01 
  701.000  5.823116e-01 
  702.000  5.849720e-01 
  703.000  5.982022e-01 
  704.000  5.988584e-01 
  705.000  5.935163e-01 
  706.000  5.946507e-01 
  707.000  5.966678e-01 
  708.000  5.988421e-01 
  709.000  6.032121e-01 
  710.000  5.987145e-01 
  711.000  6.034581e-01 
  712.000  6.075087e-01 
  713.000  6.043895e-01 
  714.000  6.033870e-01 
  715.000  5.982701e-01 
  716.000  5.929548e-01 
  717.000  5.588543e-01 
  718.000  5.379452e-01 
  719.000  5.304675e-01 
  720.000  5.191239e-01 
  721.000  5.691038e-01 
  722.000  5.869607e-01 
  723.000  5.769618e-01 
  724.000  5.484680e-01 
  725.000  5.527443e-01 
  726.000  5.514405e-01 
  727.000  5.555171e-01 
  728.000  5.511404e-01 
  729.000  5.621083e-01 
  730.000  5.602348e-01 
  731.000  5.579652e-01 
  732.000  5.764686e-01 
  733.000  5.942106e-01 
  734.000  6.027738e-01 
  735.000  5.997931e-01 
  736.000  5.942045e-01 
  737.000  5.984655e-01 
  738.000  6.043136e-01 
  739.000  6.068456e-01 
  740.000  6.124323e-01 
  741.000  6.156710e-01 
  742.000  6.170459e-01 
  743.000  6.200398e-01 
  744.000  6.213003e-01 
  745.000  6.223577e-01 
  746.000  6.231982e-01 
  747.000  6.234448e-01 
  748.000  6.242138e-01 
  749.000  6.246541e-01 
  750.000  6.244452e-01 
  751.000  6.246290e-01 
  752.000  6.253923e-01 
  753.000  6.257219e-01 
  754.000  6.259876e-01 
  755.000  6.261702e-01 
  756.000  6.263602e-01 
  757.000  6.264924e-01 
  758.000  6.253140e-01 
  759.000  5.779072e-01 
  760.000  2.410058e-01 
  761.000  2.111959e-01 
  762.000  4.000438e-01 
  763.000  3.398175e-01 
  764.000  3.694985e-01 
  765.000  4.379366e-01 
  766.000  5.222498e-01 
  767.000  5.654489e-01 
  768.000  5.939252e-01 
  769.000  6.128168e-01 
  770.000  6.229747e-01 
  771.000  6.277816e-01 
  772.000  6.289842e-01 
  773.000  6.295254e-01 
  774.000  6.302197e-01 
  775.000  6.306394e-01 
  776.000  6.309395e-01 
  777.000  6.310344e-01 
  778.000  6.310344e-01 
  779.000  6.310222e-01 
  780.000  6.310068e-01 
  781.000  6.313421e-01 
  782.000  6.313167e-01 
  783.000  6.313019e-01 
  784.000  6.310578e-01 
  785.000  6.298459e-01 
  786.000  6.279598e-01 
  787.000  6.238613e-01 
  788.000  6.216592e-01 
  789.000  6.137490e-01 
  790.000  6.130860e-01 
  791.000  6.146005e-01 
  792.000  6.160015e-01 
  793.000  6.192451e-01 
  794.000  6.261091e-01 
  795.000  6.219401e-01 
  796.000  6.108186e-01 
  797.000  6.140178e-01 
  798.000  6.210707e-01 
  799.000  6.194800e-01 
  800.000  6.143730e-01 
  801.000  6.149983e-01 
  802.000  6.144959e-01 
  803.000  6.152600e-01 
  804.000  6.176825e-01 
  805.000  6.223118e-01 
  806.000  6.250812e-01 
  807.000  6.252181e-01 
  808.000  6.236705e-01 
  809.000  6.217654e-01 
  810.000  6.196772e-01 
  811.000  6.153787e-01 
  812.000  6.095921e-01 
  813.000  6.025056e-01 
  814.000  5.931610e-01 
  815.000  5.815502e-01 
  816.000  5.666765e-01 
  817.000  5.675147e-01 
  818.000  5.687376e-01 
  819.000  5.736514e-01 
  820.000  5.900701e-01 
  821.000  6.088533e-01 
  822.000  5.945826e-01 
  823.000  5.548957e-01 
  824.000  5.883468e-01 
  825.000  6.099457e-01 
  826.000  6.062689e-01 
  827.000  6.035495e-01 
  828.000  5.893477e-01 
  829.000  5.944732e-01 
  830.000  6.002195e-01 
  831.000  6.015780e-01 
  832.000  6.021812e-01 
  833.000  6.055021e-01 
  834.000  6.094117e-01 
  835.000  6.171623e-01 
  836.000  6.146828e-01 
  837.000  6.144299e-01 
  838.000  6.182103e-01 
  839.000  6.205090e-01 
  840.000  6.213512e-01 
  841.000  6.188797e-01 
  842.000  6.211187e-01 
  843.000  6.264242e-01 
  844.000  6.288368e-01 
  845.000  6.299672e-01 
  846.000  6.311556e-01 
  847.000  6.323527e-01 
  848.000  6.303328e-01 
  849.000  6.306185e-01 
  850.000  6.295701e-01 
  851.000  6.283185e-01 
  852.000  6.284552e-01 
  853.000  6.305519e-01 
  854.000  6.304494e-01 
  855.000  6.315086e-01 
  856.000  6.335526e-01 
  857.000  6.345219e-01 
  858.000  6.349826e-01 
  859.000  6.360335e-01 
  860.000  6.365997e-01 
  861.000  6.367012e-01 
  862.000  6.370317e-01 
  863.000  6.370847e-01 
  864.000  6.373150e-01 
  865.000  6.375054e-01 
  866.000  6.375642e-01 
  867.000  6.375421e-01 
  868.000  6.375812e-01 
  869.000  6.376519e-01 
  870.000  6.376184e-01 
  871.000  6.376857e-01 
  872.000  6.378353e-01 
  873.000  6.377069e-01 
  874.000  6.376422e-01 
  875.000  6.376351e-01 
  876.000  6.374034e-01 
  877.000  6.372907e-01 
  878.000  6.366253e-01 
  879.000  6.365877e-01 
  880.000  6.360273e-01 
  881.000  6.357512e-01 
  882.000  6.354357e-01 
  883.000  6.357691e-01 
  884.000  6.359090e-01 
  885.000  6.347386e-01 
  886.000  6.332116e-01 
  887.000  6.343719e-01 
  888.000  6.343042e-01 
  889.000  6.347198e-01 
  890.000  6.337298e-01 
  891.000  6.318899e-01 
  892.000  6.276932e-01 
  893.000  6.149302e-01 
  894.000  6.085780e-01 
  895.000  5.892184e-01 
  896.000  5.718945e-01 
  897.000  5.536672e-01 
  898.000  5.451598e-01 
  899.000  5.212282e-01 
  900.000  5.246741e-01 
  901.000  5.184700e-01 
  902.000  5.196326e-01 
  903.000  5.598864e-01 
  904.000  5.845746e-01 
  905.000  5.836925e-01 
  906.000  5.682625e-01 
  907.000  5.410583e-01 
  908.000  5.231884e-01 
  909.000  5.239450e-01 
  910.000  5.266367e-01 
  911.000  5.385053e-01 
  912.000  5.327652e-01 
  913.000  5.078705e-01 
  914.000  5.201759e-01 
  915.000  5.298942e-01 
  916.000  5.325390e-01 
  917.000  5.378331e-01 
  918.000  5.446783e-01 
  919.000  5.679800e-01 
  920.000  5.856434e-01 
  921.000  5.817659e-01 
  922.000  5.814419e-01 
  923.000  5.765207e-01 
  924.000  5.646989e-01 
  925.000  5.637038e-01 
  926.000  5.633713e-01 
  927.000  5.495539e-01 
  928.000  5.283560e-01 
  929.000  4.978829e-01 
  930.000  4.593745e-01 
  931.000  4.166845e-01 
  932.000  3.612765e-01 
  933.000  3.205545e-01 
  934.000  2.792569e-01 
  935.000  2.748507e-01 
  936.000  2.910485e-01 
  937.000  2.869624e-01 
  938.000  3.331390e-01 
  939.000  4.548919e-01 
  940.000  4.732596e-01 
  941.000  4.574770e-01 
  942.000  4.188651e-01 
  943.000  3.551786e-01 
  944.000  3.507327e-01 
  945.000  3.734977e-01 
  946.000  3.748056e-01 
  947.000  3.952949e-01 
  948.000  4.073381e-01 
  949.000  4.058044e-01 
  950.000  4.089020e-01 
  951.000  4.359105e-01 
  952.000  4.071257e-01 
  953.000  4.273748e-01 
  954.000  4.491670e-01 
  955.000  4.315864e-01 
  956.000  4.277157e-01 
  957.000  4.828870e-01 
  958.000  4.900956e-01 
  959.000  4.809319e-01 
  960.000  4.782904e-01 
  961.000  4.737064e-01 
  962.000  4.779273e-01 
  963.000  5.083365e-01 
  964.000  5.127280e-01 
  965.000  5.098419e-01 
  966.000  5.115167e-01 
  967.000  5.332848e-01 
  968.000  5.697078e-01 
  969.000  5.861978e-01 
  970.000  5.870945e-01 
  971.000  5.867059e-01 
  972.000  5.820252e-01 
  973.000  5.712184e-01 
  974.000  5.580694e-01 
  975.000  5.496280e-01 
  976.000  5.599552e-01 
  977.000  5.770328e-01 
  978.000  5.756546e-01 
  979.000  5.800911e-01 
  980.000  5.975345e-01 
  981.000  6.014071e-01 
  982.000  5.975308e-01 
  983.000  6.064944e-01 
  984.000  6.157243e-01 
  985.000  6.209707e-01 
  986.000  6.277414e-01 
  987.000  6.306763e-01 
  988.000  6.313495e-01 
  989.000  6.317803e-01 
  990.000  6.324964e-01 
  991.000  6.350164e-01 
  992.000  6.357329e-01 
  993.000  6.360014e-01 
  994.000  6.381476e-01 
  995.000  6.397013e-01 
  996.000  6.396888e-01 
  997.000  6.387231e-01 
  998.000  6.375374e-01 
  999.000  6.372691e-01 
 1000.000  6.376166e-01 
 1001.000  6.352071e-01 
 1002.000  6.313507e-01 
 1003.000  6.322694e-01 
 1004.000  6.344913e-01 
 1005.000  6.355077e-01 
 1006.000  6.358275e-01 
 1007.000  6.350923e-01 
 1008.000  6.319478e-01 
 1009.000  6.277421e-01 
 1010.000  6.296157e-01 
 1011.000  6.340820e-01 
 1012.000  6.357831e-01 
 1013.000  6.371178e-01 
 1014.000  6.376755e-01 
 1015.000  6.377783e-01 
 1016.000  6.382441e-01 
 1017.000  6.386046e-01 
 1018.000  6.378211e-01 
 1019.000  6.364166e-01 
 1020.000  6.369585e-01 
 1021.000  6.379310e-01 
 1022.000  6.361901e-01 
 1023.000  6.346106e-01 
 1024.000  6.336616e-01 
 1025.000  6.365407e-01 
 1026.000  6.376562e-01 
 1027.000  6.372555e-01 
 1028.000  6.375381e-01 
 1029.000  6.388365e-01 
 1030.000  6.399807e-01 
 1031.000  6.405594e-01 
 1032.000  6.410050e-01 
 1033.000  6.410772e-01 
 1034.000  6.413519e-01 
 1035.000  6.414866e-01 
 1036.000  6.413546e-01 
 1037.000  6.413439e-01 
 1038.000  6.414326e-01 
 1039.000  6.412398e-01 
 1040.000  6.410630e-01 
 1041.000  6.409221e-01 
 1042.000  6.408749e-01 
 1043.000  6.408542e-01 
 1044.000  6.407191e-01 
 1045.000  6.403435e-01 
 1046.000  6.400832e-01 
 1047.000  6.397669e-01 
 1048.000  6.393258e-01 
 1049.000  6.388759e-01 
 1050.000  6.384596e-01 
 1051.000  6.379480e-01 
 1052.000  6.375566e-01 
 1053.000  6.374323e-01 
 1054.000  6.368971e-01 
 1055.000  6.363174e-01 
 1056.000  6.358017e-01 
 1057.000  6.346425e-01 
 1058.000  6.326551e-01 
 1059.000  6.326271e-01 
 1060.000  6.335159e-01 
 1061.000  6.332126e-01 
 1062.000  6.319497e-01 
 1063.000  6.313239e-01 
 1064.000  6.301856e-01 
 1065.000  6.289718e-01 
 1066.000  6.290573e-01 
 1067.000  6.283674e-01 
 1068.000  6.261533e-01 
 1069.000  6.252266e-01 
 1070.000  6.257756e-01 
 1071.000  6.243960e-01 
 1072.000  6.229290e-01 
 1073.000  6.227462e-01 
 1074.000  6.230982e-01 
 1075.000  6.255558e-01 
 1076.000  6.241928e-01 
 1077.000  6.223208e-01 
 1078.000  6.200947e-01 
 1079.000  6.198818e-01 
 1080.000  6.137540e-01 
 1081.000  6.134690e-01 
 1082.000  6.162572e-01 
 1083.000  6.130369e-01 
 1084.000  6.094946e-01 
 1085.000  6.009684e-01 
 1086.000  6.030228e-01 
 1087.000  6.125008e-01 
 1088.000  6.129110e-01 
 1089.000  6.014760e-01 
 1090.000  5.993588e-01 
 1091.000  6.015766e-01 
 1092.000  5.959310e-01 
 1093.000  5.832594e-01 
 1094.000  5.777543e-01 
 1095.000  5.786700e-01 
 1096.000  5.795045e-01 
 1097.000  5.770010e-01 
 1098.000  5.462015e-01 
 1099.000  5.200256e-01 
 1100.000  5.218092e-01 
 1101.000  5.254349e-01 
 1102.000  5.237047e-01 
 1103.000  5.261126e-01 
 1104.000  5.217565e-01 
 1105.000  5.107926e-01 
 1106.000  4.997397e-01 
 1107.000  5.024896e-01 
 1108.000  5.045056e-01 
 1109.000  5.139593e-01 
 1110.000  5.127963e-01 
 1111.000  5.075519e-01 
 1112.000  4.844003e-01 
 1113.000  4.528586e-01 
 1114.000  4.442960e-01 
 1115.000  4.058414e-01 
 1116.000  3.822028e-01 
 1117.000  3.281787e-01 
 1118.000  2.795355e-01 
 1119.000  2.541038e-01 
 1120.000  2.230495e-01 
 1121.000  2.162284e-01 
 1122.000  1.848399e-01 
 1123.000  2.017368e-01 
 1124.000  2.132346e-01 
 1125.000  2.071625e-01 
 1126.000  2.047567e-01 
 1127.000  2.074528e-01 
 1128.000  2.126820e-01 
 1129.000  2.440924e-01 
 1130.000  3.191344e-01 
 1131.000  3.412644e-01 
 1132.000  3.109996e-01 
 1133.000  2.567867e-01 
 1134.000  1.626143e-01 
 1135.000  1.695603e-01 
 1136.000  2.646651e-01 
 1137.000  3.187082e-01 
 1138.000  3.721368e-01 
 1139.000  3.886914e-01 
 1140.000  3.784378e-01 
 1141.000  3.577418e-01 
 1142.000  3.504400e-01 
 1143.000  3.276756e-01 
 1144.000  3.022984e-01 
 1145.000  2.660569e-01 
 1146.000  2.745719e-01 
 1147.000  3.029745e-01 
 1148.000  3.284740e-01 
 1149.000  3.388840e-01 
 1150.000  3.395152e-01 
