  320.000  8.905637e-02 
  321.000  1.171879e-01 
  322.000  1.059045e-01 
  323.000  1.202542e-01 
  324.000  1.351130e-01 
  325.000  1.239986e-01 
  326.000  1.423734e-01 
  327.000  1.476211e-01 
  328.000  1.363519e-01 
  329.000  1.581923e-01 
  330.000  1.617329e-01 
  331.000  1.547477e-01 
  332.000  1.683091e-01 
  333.000  1.723206e-01 
  334.000  1.690250e-01 
  335.000  1.791728e-01 
  336.000  1.833276e-01 
  337.000  1.815735e-01 
  338.000  1.864620e-01 
  339.000  1.915436e-01 
  340.000  1.907060e-01 
  341.000  1.956694e-01 
  342.000  1.993208e-01 
  343.000  2.011615e-01 
  344.000  2.015382e-01 
  345.000  2.065301e-01 
  346.000  2.096986e-01 
  347.000  2.122913e-01 
  348.000  2.147274e-01 
  349.000  2.174722e-01 
  350.000  2.198255e-01 
  351.000  2.221758e-01 
  352.000  2.241086e-01 
  353.000  2.268643e-01 
  354.000  2.292169e-01 
  355.000  2.314116e-01 
  356.000  2.335552e-01 
  357.000  2.354671e-01 
  358.000  2.375285e-01 
  359.000  2.395923e-01 
  360.000  2.417104e-01 
  361.000  2.443927e-01 
  362.000  2.471934e-01 
  363.000  2.497796e-01 
  364.000  2.521654e-01 
  365.000  2.544083e-01 
  366.000  2.567066e-01 
  367.000  2.588994e-01 
  368.000  2.610767e-01 
  369.000  2.632394e-01 
  370.000  2.653840e-01 
  371.000  2.675158e-01 
  372.000  2.696341e-01 
  373.000  2.717382e-01 
  374.000  2.738122e-01 
  375.000  2.758497e-01 
  376.000  2.778214e-01 
  377.000  2.796878e-01 
  378.000  2.814241e-01 
  379.000  2.831908e-01 
  380.000  2.851367e-01 
  381.000  2.873556e-01 
  382.000  2.896591e-01 
  383.000  2.918413e-01 
  384.000  2.939146e-01 
  385.000  2.959155e-01 
  386.000  2.978678e-01 
  387.000  2.997914e-01 
  388.000  3.016931e-01 
  389.000  3.035816e-01 
  390.000  3.054574e-01 
  391.000  3.073165e-01 
  392.000  3.091640e-01 
  393.000  3.109986e-01 
  394.000  3.128184e-01 
  395.000  3.146218e-01 
  396.000  3.164156e-01 
  397.000  3.181906e-01 
  398.000  3.199514e-01 
  399.000  3.216991e-01 
  400.000  3.234246e-01 
  401.000  3.251453e-01 
  402.000  3.268540e-01 
  403.000  3.285498e-01 
  404.000  3.302323e-01 
  405.000  3.318981e-01 
  406.000  3.335544e-01 
  407.000  3.351995e-01 
  408.000  3.368317e-01 
  409.000  3.384495e-01 
  410.000  3.400534e-01 
  411.000  3.416429e-01 
  412.000  3.432169e-01 
  413.000  3.447832e-01 
  414.000  3.462384e-01 
  415.000  3.478140e-01 
  416.000  3.493711e-01 
  417.000  3.509035e-01 
  418.000  3.524021e-01 
  419.000  3.538852e-01 
  420.000  3.553563e-01 
  421.000  3.568197e-01 
  422.000  3.582753e-01 
  423.000  3.597212e-01 
  424.000  3.611512e-01 
  425.000  3.625495e-01 
  426.000  3.639352e-01 
  427.000  3.653098e-01 
  428.000  3.666609e-01 
  429.000  3.679942e-01 
  430.000  3.693128e-01 
  431.000  3.706225e-01 
  432.000  3.719195e-01 
  433.000  3.732051e-01 
  434.000  3.744807e-01 
  435.000  3.757447e-01 
  436.000  3.769953e-01 
  437.000  3.782332e-01 
  438.000  3.794578e-01 
  439.000  3.806737e-01 
  440.000  3.818708e-01 
  441.000  3.830534e-01 
  442.000  3.842181e-01 
  443.000  3.853658e-01 
  444.000  3.864962e-01 
  445.000  3.876028e-01 
  446.000  3.886794e-01 
  447.000  3.898090e-01 
  448.000  3.910210e-01 
  449.000  3.922485e-01 
  450.000  3.934530e-01 
  451.000  3.946112e-01 
  452.000  3.957294e-01 
  453.000  3.968255e-01 
  454.000  3.979022e-01 
  455.000  3.989170e-01 
  456.000  3.998503e-01 
  457.000  4.007843e-01 
  458.000  4.017062e-01 
  459.000  4.026089e-01 
  460.000  4.035048e-01 
  461.000  4.043916e-01 
  462.000  4.052619e-01 
  463.000  4.061288e-01 
  464.000  4.072579e-01 
  465.000  4.083707e-01 
  466.000  4.094644e-01 
  467.000  4.105334e-01 
  468.000  4.114046e-01 
  469.000  4.121552e-01 
  470.000  4.128456e-01 
  471.000  4.134673e-01 
  472.000  4.139954e-01 
  473.000  4.143656e-01 
  474.000  4.146697e-01 
  475.000  4.147478e-01 
  476.000  4.145973e-01 
  477.000  4.145942e-01 
  478.000  4.154741e-01 
  479.000  4.168142e-01 
  480.000  4.182617e-01 
  481.000  4.195610e-01 
  482.000  4.207803e-01 
  483.000  4.218408e-01 
  484.000  4.227528e-01 
  485.000  4.235686e-01 
  486.000  4.244390e-01 
  487.000  4.253556e-01 
  488.000  4.262432e-01 
  489.000  4.271148e-01 
  490.000  4.279763e-01 
  491.000  4.286513e-01 
  492.000  4.292684e-01 
  493.000  4.298826e-01 
  494.000  4.304796e-01 
  495.000  4.310768e-01 
  496.000  4.313845e-01 
  497.000  4.316806e-01 
  498.000  4.319724e-01 
  499.000  4.322486e-01 
  500.000  4.325204e-01 
  501.000  4.327620e-01 
  502.000  4.330037e-01 
  503.000  4.332423e-01 
  504.000  4.334701e-01 
  505.000  4.336853e-01 
  506.000  4.343160e-01 
  507.000  4.349652e-01 
  508.000  4.356136e-01 
  509.000  4.362547e-01 
  510.000  4.368823e-01 
  511.000  4.374451e-01 
  512.000  4.379888e-01 
  513.000  4.385293e-01 
  514.000  4.390633e-01 
  515.000  4.395927e-01 
  516.000  4.399711e-01 
  517.000  4.402136e-01 
  518.000  4.404495e-01 
  519.000  4.406809e-01 
  520.000  4.409101e-01 
  521.000  4.411155e-01 
  522.000  4.412636e-01 
  523.000  4.413704e-01 
  524.000  4.414808e-01 
  525.000  4.415678e-01 
  526.000  4.416898e-01 
  527.000  4.417095e-01 
  528.000  4.416876e-01 
  529.000  4.416646e-01 
  530.000  4.416467e-01 
  531.000  4.416320e-01 
  532.000  4.416650e-01 
  533.000  4.419626e-01 
  534.000  4.423386e-01 
  535.000  4.427629e-01 
  536.000  4.431733e-01 
  537.000  4.435486e-01 
  538.000  4.438844e-01 
  539.000  4.441955e-01 
  540.000  4.444874e-01 
  541.000  4.447708e-01 
  542.000  4.450418e-01 
  543.000  4.453033e-01 
  544.000  4.455010e-01 
  545.000  4.456467e-01 
  546.000  4.457857e-01 
  547.000  4.459286e-01 
  548.000  4.460643e-01 
  549.000  4.461979e-01 
  550.000  4.462627e-01 
  551.000  4.462593e-01 
  552.000  4.462585e-01 
  553.000  4.462437e-01 
  554.000  4.462223e-01 
  555.000  4.461972e-01 
  556.000  4.461463e-01 
  557.000  4.460506e-01 
  558.000  4.459472e-01 
  559.000  4.458318e-01 
  560.000  4.456873e-01 
  561.000  4.455162e-01 
  562.000  4.451907e-01 
  563.000  4.449824e-01 
  564.000  4.447125e-01 
  565.000  4.443117e-01 
  566.000  4.440136e-01 
  567.000  4.431809e-01 
  568.000  4.410712e-01 
  569.000  4.368592e-01 
  570.000  4.372823e-01 
  571.000  4.398350e-01 
  572.000  4.369141e-01 
  573.000  4.374184e-01 
  574.000  4.372838e-01 
  575.000  4.371398e-01 
  576.000  4.371615e-01 
  577.000  4.383217e-01 
  578.000  4.398003e-01 
  579.000  4.412820e-01 
  580.000  4.428317e-01 
  581.000  4.449360e-01 
  582.000  4.464467e-01 
  583.000  4.474872e-01 
  584.000  4.484430e-01 
  585.000  4.491704e-01 
  586.000  4.499193e-01 
  587.000  4.490864e-01 
  588.000  4.438679e-01 
  589.000  4.351262e-01 
  590.000  4.348095e-01 
  591.000  4.412139e-01 
  592.000  4.381542e-01 
  593.000  4.454054e-01 
  594.000  4.440532e-01 
  595.000  4.392927e-01 
  596.000  4.461401e-01 
  597.000  4.443227e-01 
  598.000  4.469316e-01 
  599.000  4.478339e-01 
  600.000  4.501584e-01 
  601.000  4.514983e-01 
  602.000  4.517922e-01 
  603.000  4.526228e-01 
  604.000  4.537208e-01 
  605.000  4.545441e-01 
  606.000  4.551637e-01 
  607.000  4.557632e-01 
  608.000  4.563429e-01 
  609.000  4.568980e-01 
  610.000  4.574736e-01 
  611.000  4.581133e-01 
  612.000  4.587400e-01 
  613.000  4.593473e-01 
  614.000  4.599369e-01 
  615.000  4.605251e-01 
  616.000  4.610919e-01 
  617.000  4.616274e-01 
  618.000  4.620764e-01 
  619.000  4.624563e-01 
  620.000  4.628081e-01 
  621.000  4.631104e-01 
  622.000  4.633631e-01 
  623.000  4.635322e-01 
  624.000  4.637122e-01 
  625.000  4.638627e-01 
  626.000  4.636691e-01 
  627.000  4.611277e-01 
  628.000  4.439292e-01 
  629.000  4.547019e-01 
  630.000  4.568817e-01 
  631.000  4.603077e-01 
  632.000  4.604749e-01 
  633.000  4.644079e-01 
  634.000  4.666591e-01 
  635.000  4.678623e-01 
  636.000  4.693685e-01 
  637.000  4.706941e-01 
  638.000  4.728671e-01 
  639.000  4.738472e-01 
  640.000  4.753741e-01 
  641.000  4.762319e-01 
  642.000  4.773856e-01 
  643.000  4.772529e-01 
  644.000  4.778986e-01 
  645.000  4.772537e-01 
  646.000  4.727984e-01 
  647.000  4.697368e-01 
  648.000  4.662383e-01 
  649.000  4.702156e-01 
  650.000  4.774111e-01 
  651.000  4.778336e-01 
  652.000  4.722941e-01 
  653.000  4.795752e-01 
  654.000  4.792418e-01 
  655.000  4.771610e-01 
  656.000  4.784552e-01 
  657.000  4.802122e-01 
  658.000  4.829722e-01 
  659.000  4.847573e-01 
  660.000  4.856196e-01 
  661.000  4.878345e-01 
  662.000  4.889930e-01 
  663.000  4.892806e-01 
  664.000  4.899681e-01 
  665.000  4.906561e-01 
  666.000  4.914130e-01 
  667.000  4.921094e-01 
  668.000  4.928902e-01 
  669.000  4.934837e-01 
  670.000  4.940227e-01 
  671.000  4.945838e-01 
  672.000  4.950975e-01 
  673.000  4.956037e-01 
  674.000  4.961060e-01 
  675.000  4.966087e-01 
  676.000  4.970825e-01 
  677.000  4.975179e-01 
  678.000  4.979540e-01 
  679.000  4.983268e-01 
  680.000  4.984269e-01 
  681.000  4.984242e-01 
  682.000  4.987526e-01 
  683.000  4.989770e-01 
  684.000  4.988190e-01 
  685.000  4.995159e-01 
  686.000  4.972979e-01 
  687.000  4.179951e-01 
  688.000  4.425904e-01 
  689.000  4.356961e-01 
  690.000  4.485884e-01 
  691.000  4.659484e-01 
  692.000  4.770638e-01 
  693.000  4.753505e-01 
  694.000  4.711829e-01 
  695.000  4.775983e-01 
  696.000  4.812899e-01 
  697.000  4.957017e-01 
  698.000  4.929464e-01 
  699.000  4.803537e-01 
  700.000  4.825932e-01 
  701.000  4.798723e-01 
  702.000  4.820821e-01 
  703.000  4.928710e-01 
  704.000  4.934544e-01 
  705.000  4.891615e-01 
  706.000  4.901236e-01 
  707.000  4.918024e-01 
  708.000  4.936088e-01 
  709.000  4.971981e-01 
  710.000  4.935873e-01 
  711.000  4.974802e-01 
  712.000  5.008106e-01 
  713.000  4.983189e-01 
  714.000  4.975463e-01 
  715.000  4.934377e-01 
  716.000  4.891715e-01 
  717.000  4.615012e-01 
  718.000  4.445390e-01 
  719.000  4.384986e-01 
  720.000  4.293002e-01 
  721.000  4.700233e-01 
  722.000  4.845904e-01 
  723.000  4.765026e-01 
  724.000  4.533583e-01 
  725.000  4.568789e-01 
  726.000  4.558451e-01 
  727.000  4.591919e-01 
  728.000  4.556553e-01 
  729.000  4.646127e-01 
  730.000  4.631132e-01 
  731.000  4.612904e-01 
  732.000  4.763823e-01 
  733.000  4.908476e-01 
  734.000  4.978419e-01 
  735.000  4.954455e-01 
  736.000  4.909216e-01 
  737.000  4.944105e-01 
  738.000  4.991907e-01 
  739.000  5.012724e-01 
  740.000  5.058392e-01 
  741.000  5.084957e-01 
  742.000  5.096360e-01 
  743.000  5.118971e-01 
  744.000  5.130964e-01 
  745.000  5.139768e-01 
  746.000  5.146207e-01 
  747.000  5.148579e-01 
  748.000  5.155798e-01 
  749.000  5.159872e-01 
  750.000  5.158265e-01 
  751.000  5.160094e-01 
  752.000  5.166991e-01 
  753.000  5.170094e-01 
  754.000  5.172637e-01 
  755.000  5.174452e-01 
  756.000  5.176331e-01 
  757.000  5.177643e-01 
  758.000  5.166348e-01 
  759.000  4.734828e-01 
  760.000  1.796070e-01 
  761.000  1.551600e-01 
  762.000  3.149781e-01 
  763.000  2.628764e-01 
  764.000  2.884519e-01 
  765.000  3.482422e-01 
  766.000  4.233000e-01 
  767.000  4.622920e-01 
  768.000  4.881801e-01 
  769.000  5.054348e-01 
  770.000  5.148509e-01 
  771.000  5.191970e-01 
  772.000  5.203092e-01 
  773.000  5.208075e-01 
  774.000  5.214769e-01 
  775.000  5.218933e-01 
  776.000  5.221890e-01 
  777.000  5.222915e-01 
  778.000  5.223057e-01 
  779.000  5.223064e-01 
  780.000  5.223033e-01 
  781.000  5.226090e-01 
  782.000  5.225970e-01 
  783.000  5.225943e-01 
  784.000  5.223899e-01 
  785.000  5.214149e-01 
  786.000  5.198216e-01 
  787.000  5.166150e-01 
  788.000  5.148333e-01 
  789.000  5.083917e-01 
  790.000  5.078657e-01 
  791.000  5.091172e-01 
  792.000  5.102755e-01 
  793.000  5.129381e-01 
  794.000  5.185559e-01 
  795.000  5.151675e-01 
  796.000  5.061014e-01 
  797.000  5.087281e-01 
  798.000  5.145011e-01 
  799.000  5.132164e-01 
  800.000  5.090604e-01 
  801.000  5.095851e-01 
  802.000  5.091886e-01 
  803.000  5.098262e-01 
  804.000  5.118181e-01 
  805.000  5.156121e-01 
  806.000  5.178871e-01 
  807.000  5.180125e-01 
  808.000  5.167624e-01 
  809.000  5.152203e-01 
  810.000  5.135290e-01 
  811.000  5.100322e-01 
  812.000  5.053198e-01 
  813.000  4.995447e-01 
  814.000  4.919235e-01 
  815.000  4.824495e-01 
  816.000  4.702993e-01 
  817.000  4.709989e-01 
  818.000  4.720114e-01 
  819.000  4.760402e-01 
  820.000  4.894753e-01 
  821.000  5.048404e-01 
  822.000  4.931881e-01 
  823.000  4.607380e-01 
  824.000  4.881120e-01 
  825.000  5.057790e-01 
  826.000  5.027832e-01 
  827.000  5.005720e-01 
  828.000  4.889728e-01 
  829.000  4.931750e-01 
  830.000  4.978836e-01 
  831.000  4.990045e-01 
  832.000  4.995067e-01 
  833.000  5.022317e-01 
  834.000  5.054375e-01 
  835.000  5.117823e-01 
  836.000  5.097663e-01 
  837.000  5.095698e-01 
  838.000  5.126705e-01 
  839.000  5.145598e-01 
  840.000  5.152591e-01 
  841.000  5.132498e-01 
  842.000  5.150906e-01 
  843.000  5.194374e-01 
  844.000  5.214196e-01 
  845.000  5.223541e-01 
  846.000  5.233360e-01 
  847.000  5.242007e-01 
  848.000  5.226850e-01 
  849.000  5.229291e-01 
  850.000  5.220829e-01 
  851.000  5.210705e-01 
  852.000  5.211926e-01 
  853.000  5.229167e-01 
  854.000  5.228432e-01 
  855.000  5.237191e-01 
  856.000  5.253417e-01 
  857.000  5.260899e-01 
  858.000  5.265349e-01 
  859.000  5.273994e-01 
  860.000  5.278893e-01 
  861.000  5.279852e-01 
  862.000  5.282831e-01 
  863.000  5.283360e-01 
  864.000  5.285456e-01 
  865.000  5.287198e-01 
  866.000  5.287778e-01 
  867.000  5.287642e-01 
  868.000  5.288048e-01 
  869.000  5.288734e-01 
  870.000  5.288495e-01 
  871.000  5.289151e-01 
  872.000  5.290535e-01 
  873.000  5.289456e-01 
  874.000  5.288939e-01 
  875.000  5.288934e-01 
  876.000  5.286937e-01 
  877.000  5.285995e-01 
  878.000  5.280616e-01 
  879.000  5.280366e-01 
  880.000  5.275900e-01 
  881.000  5.273122e-01 
  882.000  5.271315e-01 
  883.000  5.273412e-01 
  884.000  5.274689e-01 
  885.000  5.265184e-01 
  886.000  5.252014e-01 
  887.000  5.263095e-01 
  888.000  5.262616e-01 
  889.000  5.265340e-01 
  890.000  5.258031e-01 
  891.000  5.243655e-01 
  892.000  5.209416e-01 
  893.000  5.105072e-01 
  894.000  5.053186e-01 
  895.000  4.894761e-01 
  896.000  4.752976e-01 
  897.000  4.603749e-01 
  898.000  4.534116e-01 
  899.000  4.337887e-01 
  900.000  4.366264e-01 
  901.000  4.315415e-01 
  902.000  4.324978e-01 
  903.000  4.655219e-01 
  904.000  4.857621e-01 
  905.000  4.850434e-01 
  906.000  4.724043e-01 
  907.000  4.501040e-01 
  908.000  4.354497e-01 
  909.000  4.360790e-01 
  910.000  4.382952e-01 
  911.000  4.480404e-01 
  912.000  4.433363e-01 
  913.000  4.229061e-01 
  914.000  4.330146e-01 
  915.000  4.409954e-01 
  916.000  4.431699e-01 
  917.000  4.475173e-01 
  918.000  4.531371e-01 
  919.000  4.722514e-01 
  920.000  4.867337e-01 
  921.000  4.835605e-01 
  922.000  4.833013e-01 
  923.000  4.792750e-01 
  924.000  4.695909e-01 
  925.000  4.687877e-01 
  926.000  4.685356e-01 
  927.000  4.572223e-01 
  928.000  4.398530e-01 
  929.000  4.148617e-01 
  930.000  3.832436e-01 
  931.000  3.481419e-01 
  932.000  3.025381e-01 
  933.000  2.689224e-01 
  934.000  2.347501e-01 
  935.000  2.311137e-01 
  936.000  2.445508e-01 
  937.000  2.411575e-01 
  938.000  2.793451e-01 
  939.000  3.797495e-01 
  940.000  3.948573e-01 
  941.000  3.818658e-01 
  942.000  3.500672e-01 
  943.000  2.975311e-01 
  944.000  2.938683e-01 
  945.000  3.126782e-01 
  946.000  3.137525e-01 
  947.000  3.306437e-01 
  948.000  3.405693e-01 
  949.000  3.392968e-01 
  950.000  3.418482e-01 
  951.000  3.640975e-01 
  952.000  3.403694e-01 
  953.000  3.570471e-01 
  954.000  3.749813e-01 
  955.000  3.604948e-01 
  956.000  3.572876e-01 
  957.000  4.026839e-01 
  958.000  4.086018e-01 
  959.000  4.010604e-01 
  960.000  3.988837e-01 
  961.000  3.951109e-01 
  962.000  3.985800e-01 
  963.000  4.235761e-01 
  964.000  4.271832e-01 
  965.000  4.248099e-01 
  966.000  4.261837e-01 
  967.000  4.440616e-01 
  968.000  4.739521e-01 
  969.000  4.874762e-01 
  970.000  4.882133e-01 
  971.000  4.878984e-01 
  972.000  4.840652e-01 
  973.000  4.752067e-01 
  974.000  4.644225e-01 
  975.000  4.574982e-01 
  976.000  4.659780e-01 
  977.000  4.799925e-01 
  978.000  4.788639e-01 
  979.000  4.825041e-01 
  980.000  4.968107e-01 
  981.000  4.999881e-01 
  982.000  4.968121e-01 
  983.000  5.041630e-01 
  984.000  5.117311e-01 
  985.000  5.160340e-01 
  986.000  5.215853e-01 
  987.000  5.239936e-01 
  988.000  5.245491e-01 
  989.000  5.249062e-01 
  990.000  5.254973e-01 
  991.000  5.275663e-01 
  992.000  5.281579e-01 
  993.000  5.283825e-01 
  994.000  5.300937e-01 
  995.000  5.313709e-01 
  996.000  5.313647e-01 
  997.000  5.305048e-01 
  998.000  5.296043e-01 
  999.000  5.292489e-01 
 1000.000  5.295507e-01 
 1001.000  5.277694e-01 
 1002.000  5.246143e-01 
 1003.000  5.253717e-01 
 1004.000  5.271969e-01 
 1005.000  5.280343e-01 
 1006.000  5.282934e-01 
 1007.000  5.276950e-01 
 1008.000  5.251214e-01 
 1009.000  5.216762e-01 
 1010.000  5.232139e-01 
 1011.000  5.268741e-01 
 1012.000  5.282694e-01 
 1013.000  5.293617e-01 
 1014.000  5.296261e-01 
 1015.000  5.297124e-01 
 1016.000  5.302276e-01 
 1017.000  5.305277e-01 
 1018.000  5.298747e-01 
 1019.000  5.287828e-01 
 1020.000  5.292249e-01 
 1021.000  5.299632e-01 
 1022.000  5.285895e-01 
 1023.000  5.272903e-01 
 1024.000  5.265071e-01 
 1025.000  5.288624e-01 
 1026.000  5.297096e-01 
 1027.000  5.292345e-01 
 1028.000  5.295964e-01 
 1029.000  5.305914e-01 
 1030.000  5.315216e-01 
 1031.000  5.319785e-01 
 1032.000  5.323300e-01 
 1033.000  5.324352e-01 
 1034.000  5.326522e-01 
 1035.000  5.327551e-01 
 1036.000  5.326084e-01 
 1037.000  5.325744e-01 
 1038.000  5.326501e-01 
 1039.000  5.324712e-01 
 1040.000  5.323012e-01 
 1041.000  5.321651e-01 
 1042.000  5.321156e-01 
 1043.000  5.320873e-01 
 1044.000  5.319515e-01 
 1045.000  5.315979e-01 
 1046.000  5.313485e-01 
 1047.000  5.310413e-01 
 1048.000  5.305898e-01 
 1049.000  5.301007e-01 
 1050.000  5.297240e-01 
 1051.000  5.292768e-01 
 1052.000  5.288997e-01 
 1053.000  5.287393e-01 
 1054.000  5.282004e-01 
 1055.000  5.277134e-01 
 1056.000  5.272099e-01 
 1057.000  5.261781e-01 
 1058.000  5.244030e-01 
 1059.000  5.243639e-01 
 1060.000  5.250290e-01 
 1061.000  5.247313e-01 
 1062.000  5.235841e-01 
 1063.000  5.230343e-01 
 1064.000  5.220365e-01 
 1065.000  5.210490e-01 
 1066.000  5.211141e-01 
 1067.000  5.205545e-01 
 1068.000  5.188645e-01 
 1069.000  5.182650e-01 
 1070.000  5.188388e-01 
 1071.000  5.178257e-01 
 1072.000  5.167127e-01 
 1073.000  5.166535e-01 
 1074.000  5.170321e-01 
 1075.000  5.191290e-01 
 1076.000  5.180935e-01 
 1077.000  5.166352e-01 
 1078.000  5.148820e-01 
 1079.000  5.147756e-01 
 1080.000  5.098104e-01 
 1081.000  5.096293e-01 
 1082.000  5.119606e-01 
 1083.000  5.093729e-01 
 1084.000  5.065123e-01 
 1085.000  4.995621e-01 
 1086.000  5.012845e-01 
 1087.000  5.090885e-01 
 1088.000  5.094574e-01 
 1089.000  5.001122e-01 
 1090.000  4.984072e-01 
 1091.000  5.002546e-01 
 1092.000  4.956591e-01 
 1093.000  4.852840e-01 
 1094.000  4.807856e-01 
 1095.000  4.815558e-01 
 1096.000  4.822578e-01 
 1097.000  4.802296e-01 
 1098.000  4.549583e-01 
 1099.000  4.334712e-01 
 1100.000  4.349526e-01 
 1101.000  4.379458e-01 
 1102.000  4.365475e-01 
 1103.000  4.385374e-01 
 1104.000  4.349645e-01 
 1105.000  4.259668e-01 
 1106.000  4.168851e-01 
 1107.000  4.191677e-01 
 1108.000  4.208509e-01 
 1109.000  4.286513e-01 
 1110.000  4.277272e-01 
 1111.000  4.234346e-01 
 1112.000  4.044056e-01 
 1113.000  3.784631e-01 
 1114.000  3.714601e-01 
 1115.000  3.397977e-01 
 1116.000  3.203092e-01 
 1117.000  2.756410e-01 
 1118.000  2.353688e-01 
 1119.000  2.142982e-01 
 1120.000  1.884977e-01 
 1121.000  1.828320e-01 
 1122.000  1.566482e-01 
 1123.000  1.707874e-01 
 1124.000  1.804006e-01 
 1125.000  1.753411e-01 
 1126.000  1.733296e-01 
 1127.000  1.755707e-01 
 1128.000  1.799107e-01 
 1129.000  2.060728e-01 
 1130.000  2.684375e-01 
 1131.000  2.867882e-01 
 1132.000  2.617020e-01 
 1133.000  2.166376e-01 
 1134.000  1.380407e-01 
 1135.000  1.438495e-01 
 1136.000  2.231574e-01 
 1137.000  2.680301e-01 
 1138.000  3.122576e-01 
 1139.000  3.258873e-01 
 1140.000  3.174085e-01 
 1141.000  3.002581e-01 
 1142.000  2.942162e-01 
 1143.000  2.753661e-01 
 1144.000  2.543231e-01 
 1145.000  2.242285e-01 
 1146.000  2.312995e-01 
 1147.000  2.548726e-01 
 1148.000  2.760094e-01 
 1149.000  2.846182e-01 
 1150.000  2.851056e-01 
