  320.000  8.014979e-02 
  321.000  1.065691e-01 
  322.000  9.593989e-02 
  323.000  1.094645e-01 
  324.000  1.235334e-01 
  325.000  1.130039e-01 
  326.000  1.304296e-01 
  327.000  1.354224e-01 
  328.000  1.247092e-01 
  329.000  1.455003e-01 
  330.000  1.488816e-01 
  331.000  1.422136e-01 
  332.000  1.551690e-01 
  333.000  1.590090e-01 
  334.000  1.558541e-01 
  335.000  1.655760e-01 
  336.000  1.695625e-01 
  337.000  1.678790e-01 
  338.000  1.725722e-01 
  339.000  1.774557e-01 
  340.000  1.766504e-01 
  341.000  1.814243e-01 
  342.000  1.849392e-01 
  343.000  1.867120e-01 
  344.000  1.870749e-01 
  345.000  1.918861e-01 
  346.000  1.949423e-01 
  347.000  1.974443e-01 
  348.000  1.997962e-01 
  349.000  2.024475e-01 
  350.000  2.047216e-01 
  351.000  2.069936e-01 
  352.000  2.088628e-01 
  353.000  2.115288e-01 
  354.000  2.138058e-01 
  355.000  2.159309e-01 
  356.000  2.180071e-01 
  357.000  2.198595e-01 
  358.000  2.218574e-01 
  359.000  2.238583e-01 
  360.000  2.259125e-01 
  361.000  2.285149e-01 
  362.000  2.312333e-01 
  363.000  2.337446e-01 
  364.000  2.360622e-01 
  365.000  2.382416e-01 
  366.000  2.404757e-01 
  367.000  2.426079e-01 
  368.000  2.447257e-01 
  369.000  2.468301e-01 
  370.000  2.489174e-01 
  371.000  2.509929e-01 
  372.000  2.530558e-01 
  373.000  2.551056e-01 
  374.000  2.571266e-01 
  375.000  2.591126e-01 
  376.000  2.610350e-01 
  377.000  2.628553e-01 
  378.000  2.645490e-01 
  379.000  2.662728e-01 
  380.000  2.681719e-01 
  381.000  2.703381e-01 
  382.000  2.725876e-01 
  383.000  2.747191e-01 
  384.000  2.767449e-01 
  385.000  2.787004e-01 
  386.000  2.806090e-01 
  387.000  2.824899e-01 
  388.000  2.843499e-01 
  389.000  2.861974e-01 
  390.000  2.880329e-01 
  391.000  2.898525e-01 
  392.000  2.916611e-01 
  393.000  2.934576e-01 
  394.000  2.952399e-01 
  395.000  2.970065e-01 
  396.000  2.987641e-01 
  397.000  3.005038e-01 
  398.000  3.022297e-01 
  399.000  3.039433e-01 
  400.000  3.056354e-01 
  401.000  3.073232e-01 
  402.000  3.089995e-01 
  403.000  3.106635e-01 
  404.000  3.123148e-01 
  405.000  3.139499e-01 
  406.000  3.155762e-01 
  407.000  3.171915e-01 
  408.000  3.187947e-01 
  409.000  3.203839e-01 
  410.000  3.219598e-01 
  411.000  3.235219e-01 
  412.000  3.250689e-01 
  413.000  3.266086e-01 
  414.000  3.280394e-01 
  415.000  3.295888e-01 
  416.000  3.311203e-01 
  417.000  3.326277e-01 
  418.000  3.341020e-01 
  419.000  3.355615e-01 
  420.000  3.370093e-01 
  421.000  3.384498e-01 
  422.000  3.398828e-01 
  423.000  3.413065e-01 
  424.000  3.427147e-01 
  425.000  3.440920e-01 
  426.000  3.454570e-01 
  427.000  3.468112e-01 
  428.000  3.481426e-01 
  429.000  3.494564e-01 
  430.000  3.507562e-01 
  431.000  3.520472e-01 
  432.000  3.533259e-01 
  433.000  3.545935e-01 
  434.000  3.558514e-01 
  435.000  3.570980e-01 
  436.000  3.583317e-01 
  437.000  3.595529e-01 
  438.000  3.607611e-01 
  439.000  3.619609e-01 
  440.000  3.631423e-01 
  441.000  3.643095e-01 
  442.000  3.654592e-01 
  443.000  3.665923e-01 
  444.000  3.677083e-01 
  445.000  3.688011e-01 
  446.000  3.698642e-01 
  447.000  3.709799e-01 
  448.000  3.721770e-01 
  449.000  3.733896e-01 
  450.000  3.745797e-01 
  451.000  3.757241e-01 
  452.000  3.768292e-01 
  453.000  3.779124e-01 
  454.000  3.789767e-01 
  455.000  3.799798e-01 
  456.000  3.809025e-01 
  457.000  3.818260e-01 
  458.000  3.827375e-01 
  459.000  3.836302e-01 
  460.000  3.845162e-01 
  461.000  3.853933e-01 
  462.000  3.862541e-01 
  463.000  3.871116e-01 
  464.000  3.882287e-01 
  465.000  3.893297e-01 
  466.000  3.904119e-01 
  467.000  3.914698e-01 
  468.000  3.923320e-01 
  469.000  3.930748e-01 
  470.000  3.937582e-01 
  471.000  3.943737e-01 
  472.000  3.948964e-01 
  473.000  3.952630e-01 
  474.000  3.955640e-01 
  475.000  3.956413e-01 
  476.000  3.954923e-01 
  477.000  3.954892e-01 
  478.000  3.963604e-01 
  479.000  3.976873e-01 
  480.000  3.991207e-01 
  481.000  4.004075e-01 
  482.000  4.016153e-01 
  483.000  4.026659e-01 
  484.000  4.035693e-01 
  485.000  4.043776e-01 
  486.000  4.052401e-01 
  487.000  4.061484e-01 
  488.000  4.070280e-01 
  489.000  4.078918e-01 
  490.000  4.087458e-01 
  491.000  4.094148e-01 
  492.000  4.100265e-01 
  493.000  4.106354e-01 
  494.000  4.112273e-01 
  495.000  4.118193e-01 
  496.000  4.121245e-01 
  497.000  4.124181e-01 
  498.000  4.127074e-01 
  499.000  4.129812e-01 
  500.000  4.132507e-01 
  501.000  4.134903e-01 
  502.000  4.137299e-01 
  503.000  4.139666e-01 
  504.000  4.141925e-01 
  505.000  4.144059e-01 
  506.000  4.150314e-01 
  507.000  4.156753e-01 
  508.000  4.163184e-01 
  509.000  4.169543e-01 
  510.000  4.175768e-01 
  511.000  4.181351e-01 
  512.000  4.186744e-01 
  513.000  4.192108e-01 
  514.000  4.197406e-01 
  515.000  4.202658e-01 
  516.000  4.206412e-01 
  517.000  4.208818e-01 
  518.000  4.211159e-01 
  519.000  4.213456e-01 
  520.000  4.215730e-01 
  521.000  4.217768e-01 
  522.000  4.219238e-01 
  523.000  4.220298e-01 
  524.000  4.221393e-01 
  525.000  4.222257e-01 
  526.000  4.223468e-01 
  527.000  4.223663e-01 
  528.000  4.223446e-01 
  529.000  4.223217e-01 
  530.000  4.223040e-01 
  531.000  4.222894e-01 
  532.000  4.223221e-01 
  533.000  4.226175e-01 
  534.000  4.229906e-01 
  535.000  4.234118e-01 
  536.000  4.238190e-01 
  537.000  4.241916e-01 
  538.000  4.245248e-01 
  539.000  4.248336e-01 
  540.000  4.251234e-01 
  541.000  4.254046e-01 
  542.000  4.256737e-01 
  543.000  4.259332e-01 
  544.000  4.261295e-01 
  545.000  4.262742e-01 
  546.000  4.264121e-01 
  547.000  4.265540e-01 
  548.000  4.266887e-01 
  549.000  4.268214e-01 
  550.000  4.268857e-01 
  551.000  4.268824e-01 
  552.000  4.268816e-01 
  553.000  4.268668e-01 
  554.000  4.268456e-01 
  555.000  4.268207e-01 
  556.000  4.267701e-01 
  557.000  4.266752e-01 
  558.000  4.265725e-01 
  559.000  4.264579e-01 
  560.000  4.263147e-01 
  561.000  4.261452e-01 
  562.000  4.258756e-01 
  563.000  4.256734e-01 
  564.000  4.254187e-01 
  565.000  4.250591e-01 
  566.000  4.247384e-01 
  567.000  4.240817e-01 
  568.000  4.225462e-01 
  569.000  4.199704e-01 
  570.000  4.200369e-01 
  571.000  4.212814e-01 
  572.000  4.192654e-01 
  573.000  4.193237e-01 
  574.000  4.191842e-01 
  575.000  4.189153e-01 
  576.000  4.190727e-01 
  577.000  4.198404e-01 
  578.000  4.209740e-01 
  579.000  4.222722e-01 
  580.000  4.238282e-01 
  581.000  4.258337e-01 
  582.000  4.273428e-01 
  583.000  4.284601e-01 
  584.000  4.294348e-01 
  585.000  4.302991e-01 
  586.000  4.310574e-01 
  587.000  4.309286e-01 
  588.000  4.281947e-01 
  589.000  4.231780e-01 
  590.000  4.231446e-01 
  591.000  4.271213e-01 
  592.000  4.254258e-01 
  593.000  4.298766e-01 
  594.000  4.291915e-01 
  595.000  4.264610e-01 
  596.000  4.304678e-01 
  597.000  4.292502e-01 
  598.000  4.306656e-01 
  599.000  4.310633e-01 
  600.000  4.321841e-01 
  601.000  4.328932e-01 
  602.000  4.329281e-01 
  603.000  4.335227e-01 
  604.000  4.344405e-01 
  605.000  4.351648e-01 
  606.000  4.357556e-01 
  607.000  4.363285e-01 
  608.000  4.369004e-01 
  609.000  4.374493e-01 
  610.000  4.380210e-01 
  611.000  4.386566e-01 
  612.000  4.392793e-01 
  613.000  4.398829e-01 
  614.000  4.404689e-01 
  615.000  4.410535e-01 
  616.000  4.416169e-01 
  617.000  4.421492e-01 
  618.000  4.425956e-01 
  619.000  4.429733e-01 
  620.000  4.433230e-01 
  621.000  4.436235e-01 
  622.000  4.438748e-01 
  623.000  4.440429e-01 
  624.000  4.442221e-01 
  625.000  4.443725e-01 
  626.000  4.443210e-01 
  627.000  4.425666e-01 
  628.000  4.256031e-01 
  629.000  4.367146e-01 
  630.000  4.380723e-01 
  631.000  4.412677e-01 
  632.000  4.426419e-01 
  633.000  4.457110e-01 
  634.000  4.478308e-01 
  635.000  4.491304e-01 
  636.000  4.506209e-01 
  637.000  4.519331e-01 
  638.000  4.536838e-01 
  639.000  4.547185e-01 
  640.000  4.561320e-01 
  641.000  4.570705e-01 
  642.000  4.581425e-01 
  643.000  4.583467e-01 
  644.000  4.590354e-01 
  645.000  4.589346e-01 
  646.000  4.566238e-01 
  647.000  4.550635e-01 
  648.000  4.532220e-01 
  649.000  4.558628e-01 
  650.000  4.603971e-01 
  651.000  4.608645e-01 
  652.000  4.577602e-01 
  653.000  4.623298e-01 
  654.000  4.623401e-01 
  655.000  4.613057e-01 
  656.000  4.622881e-01 
  657.000  4.635293e-01 
  658.000  4.652246e-01 
  659.000  4.664665e-01 
  660.000  4.673042e-01 
  661.000  4.687920e-01 
  662.000  4.697539e-01 
  663.000  4.700775e-01 
  664.000  4.707384e-01 
  665.000  4.713569e-01 
  666.000  4.720382e-01 
  667.000  4.726569e-01 
  668.000  4.733303e-01 
  669.000  4.738902e-01 
  670.000  4.744165e-01 
  671.000  4.749554e-01 
  672.000  4.754652e-01 
  673.000  4.759697e-01 
  674.000  4.764711e-01 
  675.000  4.769721e-01 
  676.000  4.774474e-01 
  677.000  4.778835e-01 
  678.000  4.783194e-01 
  679.000  4.787152e-01 
  680.000  4.789405e-01 
  681.000  4.791010e-01 
  682.000  4.794337e-01 
  683.000  4.796824e-01 
  684.000  4.797903e-01 
  685.000  4.803686e-01 
  686.000  4.782750e-01 
  687.000  4.003717e-01 
  688.000  4.243123e-01 
  689.000  4.178046e-01 
  690.000  4.303333e-01 
  691.000  4.479458e-01 
  692.000  4.603005e-01 
  693.000  4.628839e-01 
  694.000  4.625924e-01 
  695.000  4.676083e-01 
  696.000  4.704020e-01 
  697.000  4.796617e-01 
  698.000  4.781293e-01 
  699.000  4.704170e-01 
  700.000  4.719388e-01 
  701.000  4.703462e-01 
  702.000  4.718363e-01 
  703.000  4.786653e-01 
  704.000  4.791319e-01 
  705.000  4.765514e-01 
  706.000  4.772362e-01 
  707.000  4.783668e-01 
  708.000  4.795746e-01 
  709.000  4.818882e-01 
  710.000  4.797344e-01 
  711.000  4.822374e-01 
  712.000  4.843877e-01 
  713.000  4.829362e-01 
  714.000  4.825534e-01 
  715.000  4.801213e-01 
  716.000  4.776162e-01 
  717.000  4.603403e-01 
  718.000  4.496302e-01 
  719.000  4.458595e-01 
  720.000  4.399291e-01 
  721.000  4.662090e-01 
  722.000  4.754699e-01 
  723.000  4.704792e-01 
  724.000  4.558561e-01 
  725.000  4.582166e-01 
  726.000  4.576071e-01 
  727.000  4.598038e-01 
  728.000  4.575874e-01 
  729.000  4.633622e-01 
  730.000  4.624406e-01 
  731.000  4.613076e-01 
  732.000  4.709485e-01 
  733.000  4.800724e-01 
  734.000  4.844729e-01 
  735.000  4.830326e-01 
  736.000  4.802540e-01 
  737.000  4.824750e-01 
  738.000  4.854951e-01 
  739.000  4.868298e-01 
  740.000  4.897014e-01 
  741.000  4.913860e-01 
  742.000  4.919964e-01 
  743.000  4.934931e-01 
  744.000  4.942313e-01 
  745.000  4.948238e-01 
  746.000  4.953348e-01 
  747.000  4.955487e-01 
  748.000  4.961087e-01 
  749.000  4.964334e-01 
  750.000  4.964032e-01 
  751.000  4.965872e-01 
  752.000  4.970873e-01 
  753.000  4.973501e-01 
  754.000  4.975777e-01 
  755.000  4.977596e-01 
  756.000  4.979452e-01 
  757.000  4.980762e-01 
  758.000  4.969569e-01 
  759.000  4.546303e-01 
  760.000  1.689775e-01 
  761.000  1.455294e-01 
  762.000  2.998623e-01 
  763.000  2.493120e-01 
  764.000  2.741059e-01 
  765.000  3.322356e-01 
  766.000  4.055074e-01 
  767.000  4.436842e-01 
  768.000  4.690709e-01 
  769.000  4.860074e-01 
  770.000  4.952792e-01 
  771.000  4.995369e-01 
  772.000  5.006321e-01 
  773.000  5.011265e-01 
  774.000  5.018108e-01 
  775.000  5.022244e-01 
  776.000  5.025123e-01 
  777.000  5.026376e-01 
  778.000  5.026918e-01 
  779.000  5.027286e-01 
  780.000  5.027597e-01 
  781.000  5.029869e-01 
  782.000  5.030121e-01 
  783.000  5.030431e-01 
  784.000  5.029462e-01 
  785.000  5.023180e-01 
  786.000  5.013284e-01 
  787.000  4.994351e-01 
  788.000  4.983509e-01 
  789.000  4.943228e-01 
  790.000  4.940250e-01 
  791.000  4.948484e-01 
  792.000  4.956095e-01 
  793.000  4.973177e-01 
  794.000  5.007338e-01 
  795.000  4.987834e-01 
  796.000  4.930884e-01 
  797.000  4.947818e-01 
  798.000  4.984554e-01 
  799.000  4.976745e-01 
  800.000  4.950802e-01 
  801.000  4.954415e-01 
  802.000  4.952197e-01 
  803.000  4.956508e-01 
  804.000  4.969349e-01 
  805.000  4.993542e-01 
  806.000  5.008122e-01 
  807.000  5.009190e-01 
  808.000  5.001624e-01 
  809.000  4.992228e-01 
  810.000  4.981915e-01 
  811.000  4.960214e-01 
  812.000  4.930839e-01 
  813.000  4.894639e-01 
  814.000  4.846554e-01 
  815.000  4.786455e-01 
  816.000  4.708178e-01 
  817.000  4.713221e-01 
  818.000  4.720091e-01 
  819.000  4.746280e-01 
  820.000  4.832984e-01 
  821.000  4.931317e-01 
  822.000  4.857268e-01 
  823.000  4.647157e-01 
  824.000  4.825092e-01 
  825.000  4.938098e-01 
  826.000  4.919023e-01 
  827.000  4.905193e-01 
  828.000  4.831277e-01 
  829.000  4.858487e-01 
  830.000  4.888769e-01 
  831.000  4.896068e-01 
  832.000  4.899276e-01 
  833.000  4.916769e-01 
  834.000  4.937251e-01 
  835.000  4.977546e-01 
  836.000  4.964953e-01 
  837.000  4.963846e-01 
  838.000  4.983667e-01 
  839.000  4.995783e-01 
  840.000  5.000411e-01 
  841.000  4.987928e-01 
  842.000  4.999760e-01 
  843.000  5.027366e-01 
  844.000  5.040023e-01 
  845.000  5.044649e-01 
  846.000  5.050577e-01 
  847.000  5.057276e-01 
  848.000  5.046589e-01 
  849.000  5.048437e-01 
  850.000  5.043896e-01 
  851.000  5.039371e-01 
  852.000  5.040357e-01 
  853.000  5.049131e-01 
  854.000  5.049668e-01 
  855.000  5.054873e-01 
  856.000  5.066531e-01 
  857.000  5.071382e-01 
  858.000  5.074508e-01 
  859.000  5.080283e-01 
  860.000  5.083961e-01 
  861.000  5.084772e-01 
  862.000  5.086867e-01 
  863.000  5.087404e-01 
  864.000  5.088935e-01 
  865.000  5.090241e-01 
  866.000  5.090807e-01 
  867.000  5.090908e-01 
  868.000  5.091360e-01 
  869.000  5.091993e-01 
  870.000  5.092025e-01 
  871.000  5.092636e-01 
  872.000  5.093717e-01 
  873.000  5.093203e-01 
  874.000  5.093052e-01 
  875.000  5.093232e-01 
  876.000  5.092121e-01 
  877.000  5.091693e-01 
  878.000  5.087870e-01 
  879.000  5.087859e-01 
  880.000  5.085198e-01 
  881.000  5.083492e-01 
  882.000  5.082687e-01 
  883.000  5.084019e-01 
  884.000  5.085047e-01 
  885.000  5.079134e-01 
  886.000  5.070896e-01 
  887.000  5.078357e-01 
  888.000  5.078224e-01 
  889.000  5.079992e-01 
  890.000  5.075670e-01 
  891.000  5.065824e-01 
  892.000  5.046052e-01 
  893.000  4.979642e-01 
  894.000  4.946761e-01 
  895.000  4.844410e-01 
  896.000  4.752310e-01 
  897.000  4.654632e-01 
  898.000  4.608823e-01 
  899.000  4.476592e-01 
  900.000  4.496399e-01 
  901.000  4.461792e-01 
  902.000  4.467898e-01 
  903.000  4.690225e-01 
  904.000  4.823775e-01 
  905.000  4.818851e-01 
  906.000  4.735717e-01 
  907.000  4.587127e-01 
  908.000  4.488263e-01 
  909.000  4.492929e-01 
  910.000  4.508213e-01 
  911.000  4.574340e-01 
  912.000  4.542615e-01 
  913.000  4.403129e-01 
  914.000  4.472502e-01 
  915.000  4.526707e-01 
  916.000  4.541313e-01 
  917.000  4.570490e-01 
  918.000  4.608140e-01 
  919.000  4.735489e-01 
  920.000  4.830567e-01 
  921.000  4.809617e-01 
  922.000  4.807953e-01 
  923.000  4.781607e-01 
  924.000  4.717827e-01 
  925.000  4.713191e-01 
  926.000  4.713146e-01 
  927.000  4.639331e-01 
  928.000  4.524641e-01 
  929.000  4.356706e-01 
  930.000  4.138844e-01 
  931.000  3.889133e-01 
  932.000  3.556084e-01 
  933.000  3.294742e-01 
  934.000  3.014743e-01 
  935.000  2.985649e-01 
  936.000  3.100247e-01 
  937.000  3.070078e-01 
  938.000  3.377230e-01 
  939.000  4.131147e-01 
  940.000  4.237391e-01 
  941.000  4.144039e-01 
  942.000  3.912951e-01 
  943.000  3.515347e-01 
  944.000  3.487829e-01 
  945.000  3.634677e-01 
  946.000  3.641852e-01 
  947.000  3.767987e-01 
  948.000  3.841348e-01 
  949.000  3.830618e-01 
  950.000  3.849067e-01 
  951.000  4.011804e-01 
  952.000  3.835700e-01 
  953.000  3.957348e-01 
  954.000  4.085796e-01 
  955.000  3.979307e-01 
  956.000  3.953265e-01 
  957.000  4.276742e-01 
  958.000  4.316646e-01 
  959.000  4.262622e-01 
  960.000  4.246393e-01 
  961.000  4.219098e-01 
  962.000  4.242865e-01 
  963.000  4.416340e-01 
  964.000  4.440614e-01 
  965.000  4.423644e-01 
  966.000  4.432423e-01 
  967.000  4.553860e-01 
  968.000  4.753394e-01 
  969.000  4.842066e-01 
  970.000  4.846686e-01 
  971.000  4.844639e-01 
  972.000  4.819666e-01 
  973.000  4.761435e-01 
  974.000  4.689861e-01 
  975.000  4.643587e-01 
  976.000  4.700369e-01 
  977.000  4.793317e-01 
  978.000  4.785662e-01 
  979.000  4.809399e-01 
  980.000  4.902999e-01 
  981.000  4.923556e-01 
  982.000  4.902669e-01 
  983.000  4.950331e-01 
  984.000  4.999216e-01 
  985.000  5.026900e-01 
  986.000  5.062515e-01 
  987.000  5.077910e-01 
  988.000  5.081466e-01 
  989.000  5.083779e-01 
  990.000  5.087616e-01 
  991.000  5.099019e-01 
  992.000  5.103053e-01 
  993.000  5.104631e-01 
  994.000  5.116609e-01 
  995.000  5.124121e-01 
  996.000  5.124959e-01 
  997.000  5.119338e-01 
  998.000  5.113760e-01 
  999.000  5.111524e-01 
 1000.000  5.113612e-01 
 1001.000  5.101249e-01 
 1002.000  5.083066e-01 
 1003.000  5.088014e-01 
 1004.000  5.097686e-01 
 1005.000  5.103390e-01 
 1006.000  5.105075e-01 
 1007.000  5.101149e-01 
 1008.000  5.086701e-01 
 1009.000  5.064640e-01 
 1010.000  5.074547e-01 
 1011.000  5.097995e-01 
 1012.000  5.105144e-01 
 1013.000  5.111592e-01 
 1014.000  5.114722e-01 
 1015.000  5.115247e-01 
 1016.000  5.118617e-01 
 1017.000  5.120598e-01 
 1018.000  5.116270e-01 
 1019.000  5.108452e-01 
 1020.000  5.110526e-01 
 1021.000  5.116802e-01 
 1022.000  5.107028e-01 
 1023.000  5.098222e-01 
 1024.000  5.095169e-01 
 1025.000  5.108585e-01 
 1026.000  5.114614e-01 
 1027.000  5.111372e-01 
 1028.000  5.113547e-01 
 1029.000  5.119694e-01 
 1030.000  5.125466e-01 
 1031.000  5.128144e-01 
 1032.000  5.130306e-01 
 1033.000  5.130790e-01 
 1034.000  5.132267e-01 
 1035.000  5.132400e-01 
 1036.000  5.130508e-01 
 1037.000  5.129502e-01 
 1038.000  5.129896e-01 
 1039.000  5.128493e-01 
 1040.000  5.126973e-01 
 1041.000  5.125737e-01 
 1042.000  5.125173e-01 
 1043.000  5.124670e-01 
 1044.000  5.123284e-01 
 1045.000  5.120344e-01 
 1046.000  5.118140e-01 
 1047.000  5.115302e-01 
 1048.000  5.110454e-01 
 1049.000  5.104856e-01 
 1050.000  5.101286e-01 
 1051.000  5.097926e-01 
 1052.000  5.094423e-01 
 1053.000  5.092398e-01 
 1054.000  5.087858e-01 
 1055.000  5.083150e-01 
 1056.000  5.078292e-01 
 1057.000  5.070498e-01 
 1058.000  5.057178e-01 
 1059.000  5.055495e-01 
 1060.000  5.058460e-01 
 1061.000  5.055538e-01 
 1062.000  5.046545e-01 
 1063.000  5.041437e-01 
 1064.000  5.033269e-01 
 1065.000  5.026318e-01 
 1066.000  5.026575e-01 
 1067.000  5.022728e-01 
 1068.000  5.011911e-01 
 1069.000  5.013981e-01 
 1070.000  5.020597e-01 
 1071.000  5.016740e-01 
 1072.000  5.011461e-01 
 1073.000  5.013037e-01 
 1074.000  5.017388e-01 
 1075.000  5.032712e-01 
 1076.000  5.027767e-01 
 1077.000  5.019958e-01 
 1078.000  5.010150e-01 
 1079.000  5.010918e-01 
 1080.000  4.979991e-01 
 1081.000  4.979923e-01 
 1082.000  4.996023e-01 
 1083.000  4.980410e-01 
 1084.000  4.962784e-01 
 1085.000  4.918352e-01 
 1086.000  4.930456e-01 
 1087.000  4.982018e-01 
 1088.000  4.985083e-01 
 1089.000  4.924980e-01 
 1090.000  4.914585e-01 
 1091.000  4.927352e-01 
 1092.000  4.898164e-01 
 1093.000  4.830501e-01 
 1094.000  4.801220e-01 
 1095.000  4.806845e-01 
 1096.000  4.812135e-01 
 1097.000  4.799555e-01 
 1098.000  4.631257e-01 
 1099.000  4.485833e-01 
 1100.000  4.496476e-01 
 1101.000  4.517458e-01 
 1102.000  4.508791e-01 
 1103.000  4.523005e-01 
 1104.000  4.499119e-01 
 1105.000  4.438066e-01 
 1106.000  4.375307e-01 
 1107.000  4.392407e-01 
 1108.000  4.405763e-01 
 1109.000  4.461800e-01 
 1110.000  4.458191e-01 
 1111.000  4.430098e-01 
 1112.000  4.299303e-01 
 1113.000  4.119218e-01 
 1114.000  4.074887e-01 
 1115.000  3.849077e-01 
 1116.000  3.705801e-01 
 1117.000  3.358651e-01 
 1118.000  3.033279e-01 
 1119.000  2.859498e-01 
 1120.000  2.633643e-01 
 1121.000  2.583768e-01 
 1122.000  2.334908e-01 
 1123.000  2.476440e-01 
 1124.000  2.570001e-01 
 1125.000  2.522378e-01 
 1126.000  2.502397e-01 
 1127.000  2.521611e-01 
 1128.000  2.558886e-01 
 1129.000  2.796703e-01 
 1130.000  3.332874e-01 
 1131.000  3.482261e-01 
 1132.000  3.279109e-01 
 1133.000  2.890759e-01 
 1134.000  2.141716e-01 
 1135.000  2.200278e-01 
 1136.000  2.943388e-01 
 1137.000  3.322183e-01 
 1138.000  3.670584e-01 
 1139.000  3.767178e-01 
 1140.000  3.701882e-01 
 1141.000  3.564757e-01 
 1142.000  3.517712e-01 
 1143.000  3.368008e-01 
 1144.000  3.195041e-01 
 1145.000  2.939585e-01 
 1146.000  3.000311e-01 
 1147.000  3.198859e-01 
 1148.000  3.371446e-01 
 1149.000  3.438652e-01 
 1150.000  3.437940e-01 
