  320.000  3.231307e-01 
  321.000  3.792938e-01 
  322.000  3.575260e-01 
  323.000  3.850563e-01 
  324.000  4.121563e-01 
  325.000  3.920110e-01 
  326.000  4.249445e-01 
  327.000  4.340193e-01 
  328.000  4.143583e-01 
  329.000  4.519019e-01 
  330.000  4.577793e-01 
  331.000  4.461311e-01 
  332.000  4.685554e-01 
  333.000  4.750428e-01 
  334.000  4.697179e-01 
  335.000  4.859808e-01 
  336.000  4.925283e-01 
  337.000  4.897716e-01 
  338.000  4.974269e-01 
  339.000  5.052965e-01 
  340.000  5.040054e-01 
  341.000  5.116222e-01 
  342.000  5.171742e-01 
  343.000  5.199571e-01 
  344.000  5.205253e-01 
  345.000  5.280136e-01 
  346.000  5.327277e-01 
  347.000  5.365630e-01 
  348.000  5.401489e-01 
  349.000  5.441691e-01 
  350.000  5.475990e-01 
  351.000  5.510093e-01 
  352.000  5.538026e-01 
  353.000  5.577679e-01 
  354.000  5.611373e-01 
  355.000  5.642677e-01 
  356.000  5.673131e-01 
  357.000  5.700196e-01 
  358.000  5.729275e-01 
  359.000  5.758284e-01 
  360.000  5.787947e-01 
  361.000  5.825357e-01 
  362.000  5.864237e-01 
  363.000  5.899976e-01 
  364.000  5.932811e-01 
  365.000  5.963559e-01 
  366.000  5.994951e-01 
  367.000  6.024793e-01 
  368.000  6.054321e-01 
  369.000  6.083550e-01 
  370.000  6.112434e-01 
  371.000  6.141051e-01 
  372.000  6.169391e-01 
  373.000  6.197451e-01 
  374.000  6.225021e-01 
  375.000  6.252022e-01 
  376.000  6.278070e-01 
  377.000  6.302658e-01 
  378.000  6.325470e-01 
  379.000  6.348621e-01 
  380.000  6.374053e-01 
  381.000  6.402963e-01 
  382.000  6.432878e-01 
  383.000  6.461124e-01 
  384.000  6.487882e-01 
  385.000  6.513629e-01 
  386.000  6.538683e-01 
  387.000  6.563301e-01 
  388.000  6.587574e-01 
  389.000  6.611616e-01 
  390.000  6.635435e-01 
  391.000  6.658980e-01 
  392.000  6.682321e-01 
  393.000  6.705442e-01 
  394.000  6.728319e-01 
  395.000  6.750936e-01 
  396.000  6.773379e-01 
  397.000  6.795536e-01 
  398.000  6.817464e-01 
  399.000  6.839179e-01 
  400.000  6.860570e-01 
  401.000  6.881855e-01 
  402.000  6.902945e-01 
  403.000  6.923831e-01 
  404.000  6.944507e-01 
  405.000  6.964936e-01 
  406.000  6.985207e-01 
  407.000  7.005297e-01 
  408.000  7.025191e-01 
  409.000  7.044868e-01 
  410.000  7.064340e-01 
  411.000  7.083598e-01 
  412.000  7.102631e-01 
  413.000  7.121537e-01 
  414.000  7.139068e-01 
  415.000  7.158016e-01 
  416.000  7.176706e-01 
  417.000  7.195065e-01 
  418.000  7.212987e-01 
  419.000  7.230694e-01 
  420.000  7.248225e-01 
  421.000  7.265637e-01 
  422.000  7.282925e-01 
  423.000  7.300069e-01 
  424.000  7.316996e-01 
  425.000  7.333521e-01 
  426.000  7.349872e-01 
  427.000  7.366065e-01 
  428.000  7.381957e-01 
  429.000  7.397615e-01 
  430.000  7.413079e-01 
  431.000  7.428415e-01 
  432.000  7.443579e-01 
  433.000  7.458589e-01 
  434.000  7.473461e-01 
  435.000  7.488177e-01 
  436.000  7.502717e-01 
  437.000  7.517089e-01 
  438.000  7.531288e-01 
  439.000  7.545367e-01 
  440.000  7.559209e-01 
  441.000  7.572867e-01 
  442.000  7.586300e-01 
  443.000  7.599522e-01 
  444.000  7.612526e-01 
  445.000  7.625244e-01 
  446.000  7.637600e-01 
  447.000  7.650551e-01 
  448.000  7.664428e-01 
  449.000  7.678465e-01 
  450.000  7.692221e-01 
  451.000  7.705432e-01 
  452.000  7.718172e-01 
  453.000  7.730644e-01 
  454.000  7.742883e-01 
  455.000  7.754405e-01 
  456.000  7.764991e-01 
  457.000  7.775574e-01 
  458.000  7.786011e-01 
  459.000  7.796220e-01 
  460.000  7.806343e-01 
  461.000  7.816354e-01 
  462.000  7.826170e-01 
  463.000  7.835939e-01 
  464.000  7.848650e-01 
  465.000  7.861162e-01 
  466.000  7.873446e-01 
  467.000  7.885439e-01 
  468.000  7.895204e-01 
  469.000  7.903609e-01 
  470.000  7.911336e-01 
  471.000  7.918289e-01 
  472.000  7.924192e-01 
  473.000  7.928328e-01 
  474.000  7.931724e-01 
  475.000  7.932596e-01 
  476.000  7.930915e-01 
  477.000  7.930880e-01 
  478.000  7.940702e-01 
  479.000  7.955645e-01 
  480.000  7.971762e-01 
  481.000  7.986209e-01 
  482.000  7.999750e-01 
  483.000  8.011515e-01 
  484.000  8.021621e-01 
  485.000  8.030654e-01 
  486.000  8.040283e-01 
  487.000  8.050416e-01 
  488.000  8.060218e-01 
  489.000  8.069835e-01 
  490.000  8.079335e-01 
  491.000  8.086771e-01 
  492.000  8.093565e-01 
  493.000  8.100324e-01 
  494.000  8.106890e-01 
  495.000  8.113452e-01 
  496.000  8.116833e-01 
  497.000  8.120086e-01 
  498.000  8.123289e-01 
  499.000  8.126320e-01 
  500.000  8.129303e-01 
  501.000  8.131954e-01 
  502.000  8.134605e-01 
  503.000  8.137222e-01 
  504.000  8.139719e-01 
  505.000  8.142078e-01 
  506.000  8.148988e-01 
  507.000  8.156098e-01 
  508.000  8.163193e-01 
  509.000  8.170204e-01 
  510.000  8.177064e-01 
  511.000  8.183212e-01 
  512.000  8.189147e-01 
  513.000  8.195046e-01 
  514.000  8.200870e-01 
  515.000  8.206641e-01 
  516.000  8.210763e-01 
  517.000  8.213406e-01 
  518.000  8.215975e-01 
  519.000  8.218495e-01 
  520.000  8.220990e-01 
  521.000  8.223225e-01 
  522.000  8.224837e-01 
  523.000  8.225999e-01 
  524.000  8.227200e-01 
  525.000  8.228146e-01 
  526.000  8.229474e-01 
  527.000  8.229688e-01 
  528.000  8.229450e-01 
  529.000  8.229200e-01 
  530.000  8.229005e-01 
  531.000  8.228845e-01 
  532.000  8.229204e-01 
  533.000  8.232440e-01 
  534.000  8.236528e-01 
  535.000  8.241140e-01 
  536.000  8.245597e-01 
  537.000  8.249674e-01 
  538.000  8.253319e-01 
  539.000  8.256696e-01 
  540.000  8.259863e-01 
  541.000  8.262936e-01 
  542.000  8.265876e-01 
  543.000  8.268710e-01 
  544.000  8.270853e-01 
  545.000  8.272432e-01 
  546.000  8.273938e-01 
  547.000  8.275487e-01 
  548.000  8.276957e-01 
  549.000  8.278404e-01 
  550.000  8.279106e-01 
  551.000  8.279069e-01 
  552.000  8.279061e-01 
  553.000  8.278900e-01 
  554.000  8.278669e-01 
  555.000  8.278397e-01 
  556.000  8.277845e-01 
  557.000  8.276809e-01 
  558.000  8.275688e-01 
  559.000  8.274439e-01 
  560.000  8.272877e-01 
  561.000  8.271032e-01 
  562.000  8.268970e-01 
  563.000  8.266838e-01 
  564.000  8.264275e-01 
  565.000  8.260973e-01 
  566.000  8.257054e-01 
  567.000  8.252661e-01 
  568.000  8.247230e-01 
  569.000  8.242316e-01 
  570.000  8.237315e-01 
  571.000  8.231616e-01 
  572.000  8.225934e-01 
  573.000  8.220170e-01 
  574.000  8.215728e-01 
  575.000  8.213097e-01 
  576.000  8.214713e-01 
  577.000  8.218058e-01 
  578.000  8.223829e-01 
  579.000  8.234869e-01 
  580.000  8.252248e-01 
  581.000  8.271983e-01 
  582.000  8.288603e-01 
  583.000  8.302983e-01 
  584.000  8.315192e-01 
  585.000  8.326057e-01 
  586.000  8.335602e-01 
  587.000  8.344275e-01 
  588.000  8.352187e-01 
  589.000  8.357449e-01 
  590.000  8.361682e-01 
  591.000  8.365644e-01 
  592.000  8.369298e-01 
  593.000  8.372685e-01 
  594.000  8.375897e-01 
  595.000  8.378950e-01 
  596.000  8.376977e-01 
  597.000  8.373398e-01 
  598.000  8.369797e-01 
  599.000  8.366189e-01 
  600.000  8.362450e-01 
  601.000  8.358722e-01 
  602.000  8.355018e-01 
  603.000  8.357232e-01 
  604.000  8.363617e-01 
  605.000  8.369931e-01 
  606.000  8.375917e-01 
  607.000  8.381743e-01 
  608.000  8.387854e-01 
  609.000  8.393736e-01 
  610.000  8.399900e-01 
  611.000  8.406754e-01 
  612.000  8.413464e-01 
  613.000  8.419965e-01 
  614.000  8.426272e-01 
  615.000  8.432562e-01 
  616.000  8.438619e-01 
  617.000  8.444339e-01 
  618.000  8.449132e-01 
  619.000  8.453188e-01 
  620.000  8.456941e-01 
  621.000  8.460165e-01 
  622.000  8.462861e-01 
  623.000  8.464663e-01 
  624.000  8.466588e-01 
  625.000  8.468211e-01 
  626.000  8.469955e-01 
  627.000  8.463408e-01 
  628.000  8.221214e-01 
  629.000  8.386867e-01 
  630.000  8.387387e-01 
  631.000  8.431620e-01 
  632.000  8.468245e-01 
  633.000  8.494226e-01 
  634.000  8.516514e-01 
  635.000  8.533964e-01 
  636.000  8.548627e-01 
  637.000  8.562483e-01 
  638.000  8.575218e-01 
  639.000  8.587497e-01 
  640.000  8.599262e-01 
  641.000  8.610774e-01 
  642.000  8.619948e-01 
  643.000  8.628448e-01 
  644.000  8.636482e-01 
  645.000  8.644136e-01 
  646.000  8.651536e-01 
  647.000  8.658618e-01 
  648.000  8.665458e-01 
  649.000  8.672119e-01 
  650.000  8.678168e-01 
  651.000  8.683839e-01 
  652.000  8.689473e-01 
  653.000  8.695057e-01 
  654.000  8.700604e-01 
  655.000  8.706123e-01 
  656.000  8.711605e-01 
  657.000  8.716675e-01 
  658.000  8.721965e-01 
  659.000  8.727337e-01 
  660.000  8.732802e-01 
  661.000  8.738265e-01 
  662.000  8.743731e-01 
  663.000  8.749015e-01 
  664.000  8.754278e-01 
  665.000  8.759518e-01 
  666.000  8.764737e-01 
  667.000  8.769994e-01 
  668.000  8.775350e-01 
  669.000  8.780685e-01 
  670.000  8.785998e-01 
  671.000  8.791289e-01 
  672.000  8.796559e-01 
  673.000  8.801807e-01 
  674.000  8.807035e-01 
  675.000  8.812242e-01 
  676.000  8.817232e-01 
  677.000  8.821796e-01 
  678.000  8.826340e-01 
  679.000  8.830865e-01 
  680.000  8.835371e-01 
  681.000  8.839857e-01 
  682.000  8.844324e-01 
  683.000  8.848773e-01 
  684.000  8.853203e-01 
  685.000  8.857476e-01 
  686.000  8.830494e-01 
  687.000  7.756812e-01 
  688.000  8.085755e-01 
  689.000  8.000234e-01 
  690.000  8.169726e-01 
  691.000  8.422810e-01 
  692.000  8.621361e-01 
  693.000  8.752335e-01 
  694.000  8.835311e-01 
  695.000  8.870703e-01 
  696.000  8.887879e-01 
  697.000  8.898308e-01 
  698.000  8.903766e-01 
  699.000  8.907513e-01 
  700.000  8.910741e-01 
  701.000  8.913798e-01 
  702.000  8.916842e-01 
  703.000  8.919870e-01 
  704.000  8.922885e-01 
  705.000  8.925476e-01 
  706.000  8.927935e-01 
  707.000  8.930382e-01 
  708.000  8.932816e-01 
  709.000  8.935238e-01 
  710.000  8.937646e-01 
  711.000  8.940042e-01 
  712.000  8.942426e-01 
  713.000  8.944798e-01 
  714.000  8.947157e-01 
  715.000  8.949850e-01 
  716.000  8.952667e-01 
  717.000  8.955471e-01 
  718.000  8.958262e-01 
  719.000  8.961040e-01 
  720.000  8.963806e-01 
  721.000  8.966559e-01 
  722.000  8.969299e-01 
  723.000  8.972027e-01 
  724.000  8.974743e-01 
  725.000  8.977140e-01 
  726.000  8.978985e-01 
  727.000  8.980820e-01 
  728.000  8.982646e-01 
  729.000  8.984461e-01 
  730.000  8.986266e-01 
  731.000  8.988061e-01 
  732.000  8.989846e-01 
  733.000  8.991622e-01 
  734.000  8.993388e-01 
  735.000  8.995144e-01 
  736.000  8.996589e-01 
  737.000  8.997900e-01 
  738.000  8.999202e-01 
  739.000  9.000496e-01 
  740.000  9.001782e-01 
  741.000  9.003059e-01 
  742.000  9.004329e-01 
  743.000  9.005590e-01 
  744.000  9.006843e-01 
  745.000  9.008088e-01 
  746.000  9.009326e-01 
  747.000  9.011076e-01 
  748.000  9.013008e-01 
  749.000  9.014931e-01 
  750.000  9.016845e-01 
  751.000  9.018750e-01 
  752.000  9.020645e-01 
  753.000  9.022532e-01 
  754.000  9.024408e-01 
  755.000  9.026276e-01 
  756.000  9.028136e-01 
  757.000  9.029472e-01 
  758.000  9.016703e-01 
  759.000  8.451046e-01 
  760.000  4.128209e-01 
  761.000  3.704861e-01 
  762.000  6.251810e-01 
  763.000  5.469415e-01 
  764.000  5.857602e-01 
  765.000  6.732056e-01 
  766.000  7.776243e-01 
  767.000  8.298995e-01 
  768.000  8.639510e-01 
  769.000  8.863637e-01 
  770.000  8.981119e-01 
  771.000  9.039174e-01 
  772.000  9.053168e-01 
  773.000  9.059715e-01 
  774.000  9.067984e-01 
  775.000  9.072147e-01 
  776.000  9.074937e-01 
  777.000  9.076616e-01 
  778.000  9.077877e-01 
  779.000  9.078891e-01 
  780.000  9.079814e-01 
  781.000  9.080731e-01 
  782.000  9.081643e-01 
  783.000  9.082549e-01 
  784.000  9.083449e-01 
  785.000  9.084343e-01 
  786.000  9.085231e-01 
  787.000  9.086115e-01 
  788.000  9.086992e-01 
  789.000  9.087864e-01 
  790.000  9.088730e-01 
  791.000  9.089592e-01 
  792.000  9.090447e-01 
  793.000  9.091297e-01 
  794.000  9.092142e-01 
  795.000  9.092982e-01 
  796.000  9.093816e-01 
  797.000  9.094645e-01 
  798.000  9.095469e-01 
  799.000  9.096288e-01 
  800.000  9.097102e-01 
  801.000  9.097911e-01 
  802.000  9.098714e-01 
  803.000  9.099513e-01 
  804.000  9.100307e-01 
  805.000  9.101095e-01 
  806.000  9.101879e-01 
  807.000  9.102659e-01 
  808.000  9.103433e-01 
  809.000  9.104202e-01 
  810.000  9.104967e-01 
  811.000  9.105727e-01 
  812.000  9.106483e-01 
  813.000  9.107234e-01 
  814.000  9.107980e-01 
  815.000  9.108722e-01 
  816.000  9.109459e-01 
  817.000  9.110191e-01 
  818.000  9.110920e-01 
  819.000  9.111643e-01 
  820.000  9.112363e-01 
  821.000  9.113078e-01 
  822.000  9.113789e-01 
  823.000  9.114495e-01 
  824.000  9.115197e-01 
  825.000  9.115895e-01 
  826.000  9.116589e-01 
  827.000  9.117278e-01 
  828.000  9.117963e-01 
  829.000  9.118645e-01 
  830.000  9.119322e-01 
  831.000  9.119995e-01 
  832.000  9.120664e-01 
  833.000  9.121329e-01 
  834.000  9.121990e-01 
  835.000  9.122648e-01 
  836.000  9.123301e-01 
  837.000  9.123950e-01 
  838.000  9.124596e-01 
  839.000  9.125237e-01 
  840.000  9.125875e-01 
  841.000  9.126509e-01 
  842.000  9.127139e-01 
  843.000  9.127766e-01 
  844.000  9.128389e-01 
  845.000  9.129008e-01 
  846.000  9.129624e-01 
  847.000  9.130235e-01 
  848.000  9.130844e-01 
  849.000  9.131448e-01 
  850.000  9.132050e-01 
  851.000  9.132648e-01 
  852.000  9.133242e-01 
  853.000  9.133832e-01 
  854.000  9.134420e-01 
  855.000  9.135004e-01 
  856.000  9.135584e-01 
  857.000  9.136161e-01 
  858.000  9.136735e-01 
  859.000  9.137305e-01 
  860.000  9.137872e-01 
  861.000  9.138436e-01 
  862.000  9.138997e-01 
  863.000  9.139554e-01 
  864.000  9.140108e-01 
  865.000  9.140658e-01 
  866.000  9.141206e-01 
  867.000  9.141751e-01 
  868.000  9.142292e-01 
  869.000  9.142830e-01 
  870.000  9.143366e-01 
  871.000  9.143898e-01 
  872.000  9.144427e-01 
  873.000  9.144953e-01 
  874.000  9.145476e-01 
  875.000  9.145997e-01 
  876.000  9.146513e-01 
  877.000  9.147028e-01 
  878.000  9.147539e-01 
  879.000  9.148048e-01 
  880.000  9.148553e-01 
  881.000  9.149055e-01 
  882.000  9.149556e-01 
  883.000  9.150052e-01 
  884.000  9.150547e-01 
  885.000  9.151038e-01 
  886.000  9.151527e-01 
  887.000  9.152012e-01 
  888.000  9.152495e-01 
  889.000  9.152976e-01 
  890.000  9.153454e-01 
  891.000  9.153929e-01 
  892.000  9.154401e-01 
  893.000  9.154871e-01 
  894.000  9.155338e-01 
  895.000  9.155803e-01 
  896.000  9.156265e-01 
  897.000  9.156724e-01 
  898.000  9.157181e-01 
  899.000  9.157635e-01 
  900.000  9.158087e-01 
  901.000  9.158536e-01 
  902.000  9.158983e-01 
  903.000  9.159427e-01 
  904.000  9.159869e-01 
  905.000  9.160308e-01 
  906.000  9.160745e-01 
  907.000  9.161180e-01 
  908.000  9.161612e-01 
  909.000  9.162042e-01 
  910.000  9.162469e-01 
  911.000  9.162894e-01 
  912.000  9.163317e-01 
  913.000  9.163737e-01 
  914.000  9.164156e-01 
  915.000  9.164572e-01 
  916.000  9.164985e-01 
  917.000  9.165397e-01 
  918.000  9.165806e-01 
  919.000  9.166213e-01 
  920.000  9.166617e-01 
  921.000  9.167020e-01 
  922.000  9.167420e-01 
  923.000  9.167818e-01 
  924.000  9.168214e-01 
  925.000  9.168608e-01 
  926.000  9.169000e-01 
  927.000  9.169390e-01 
  928.000  9.169777e-01 
  929.000  9.170163e-01 
  930.000  9.170546e-01 
  931.000  9.170927e-01 
  932.000  9.171306e-01 
  933.000  9.171684e-01 
  934.000  9.172059e-01 
  935.000  9.172432e-01 
  936.000  9.172804e-01 
  937.000  9.173173e-01 
  938.000  9.173540e-01 
  939.000  9.173905e-01 
  940.000  9.174269e-01 
  941.000  9.174631e-01 
  942.000  9.174990e-01 
  943.000  9.175348e-01 
  944.000  9.175704e-01 
  945.000  9.176057e-01 
  946.000  9.176409e-01 
  947.000  9.176759e-01 
  948.000  9.177108e-01 
  949.000  9.177454e-01 
  950.000  9.177799e-01 
  951.000  9.178141e-01 
  952.000  9.178483e-01 
  953.000  9.178822e-01 
  954.000  9.179159e-01 
  955.000  9.179495e-01 
  956.000  9.179829e-01 
  957.000  9.180161e-01 
  958.000  9.180492e-01 
  959.000  9.180821e-01 
  960.000  9.181147e-01 
  961.000  9.181473e-01 
  962.000  9.181796e-01 
  963.000  9.182118e-01 
  964.000  9.182439e-01 
  965.000  9.182757e-01 
  966.000  9.183074e-01 
  967.000  9.183390e-01 
  968.000  9.183704e-01 
  969.000  9.184015e-01 
  970.000  9.184326e-01 
  971.000  9.184635e-01 
  972.000  9.184942e-01 
  973.000  9.185248e-01 
  974.000  9.185552e-01 
  975.000  9.185855e-01 
  976.000  9.186156e-01 
  977.000  9.186456e-01 
  978.000  9.186754e-01 
  979.000  9.187050e-01 
  980.000  9.187345e-01 
  981.000  9.187638e-01 
  982.000  9.187930e-01 
  983.000  9.188221e-01 
  984.000  9.188510e-01 
  985.000  9.188797e-01 
  986.000  9.189084e-01 
  987.000  9.189368e-01 
  988.000  9.189651e-01 
  989.000  9.189933e-01 
  990.000  9.190213e-01 
  991.000  9.190492e-01 
  992.000  9.190770e-01 
  993.000  9.191046e-01 
  994.000  9.191321e-01 
  995.000  9.191594e-01 
  996.000  9.191866e-01 
  997.000  9.192137e-01 
  998.000  9.192406e-01 
  999.000  9.192674e-01 
 1000.000  9.192940e-01 
 1001.000  9.193205e-01 
 1002.000  9.193469e-01 
 1003.000  9.193732e-01 
 1004.000  9.193993e-01 
 1005.000  9.194253e-01 
 1006.000  9.194078e-01 
 1007.000  9.194303e-01 
 1008.000  9.194478e-01 
 1009.000  9.194556e-01 
 1010.000  9.194681e-01 
 1011.000  9.194705e-01 
 1012.000  9.194790e-01 
 1013.000  9.194726e-01 
 1014.000  9.194733e-01 
 1015.000  9.194630e-01 
 1016.000  9.194591e-01 
 1017.000  9.194614e-01 
 1018.000  9.194505e-01 
 1019.000  9.194496e-01 
 1020.000  9.194387e-01 
 1021.000  9.194324e-01 
 1022.000  9.194056e-01 
 1023.000  9.193770e-01 
 1024.000  9.193449e-01 
 1025.000  9.193242e-01 
 1026.000  9.192809e-01 
 1027.000  9.192491e-01 
 1028.000  9.191917e-01 
 1029.000  9.191475e-01 
 1030.000  9.190912e-01 
 1031.000  9.190333e-01 
 1032.000  9.189544e-01 
 1033.000  9.188782e-01 
 1034.000  9.187850e-01 
 1035.000  9.186329e-01 
 1036.000  9.183641e-01 
 1037.000  9.181397e-01 
 1038.000  9.181122e-01 
 1039.000  9.180419e-01 
 1040.000  9.179229e-01 
 1041.000  9.178216e-01 
 1042.000  9.177513e-01 
 1043.000  9.176592e-01 
 1044.000  9.175138e-01 
 1045.000  9.173282e-01 
 1046.000  9.171599e-01 
 1047.000  9.169169e-01 
 1048.000  9.163650e-01 
 1049.000  9.156670e-01 
 1050.000  9.153932e-01 
 1051.000  9.152858e-01 
 1052.000  9.149897e-01 
 1053.000  9.146929e-01 
 1054.000  9.144165e-01 
 1055.000  9.141185e-01 
 1056.000  9.136724e-01 
 1057.000  9.132218e-01 
 1058.000  9.127152e-01 
 1059.000  9.122797e-01 
 1060.000  9.118811e-01 
 1061.000  9.115943e-01 
 1062.000  9.111199e-01 
 1063.000  9.104120e-01 
 1064.000  9.098362e-01 
 1065.000  9.097686e-01 
 1066.000  9.097078e-01 
 1067.000  9.095208e-01 
 1068.000  9.097550e-01 
 1069.000  9.110492e-01 
 1070.000  9.119759e-01 
 1071.000  9.128002e-01 
 1072.000  9.133471e-01 
 1073.000  9.139175e-01 
 1074.000  9.144688e-01 
 1075.000  9.150036e-01 
 1076.000  9.154924e-01 
 1077.000  9.159304e-01 
 1078.000  9.163448e-01 
 1079.000  9.167446e-01 
 1080.000  9.170610e-01 
 1081.000  9.173665e-01 
 1082.000  9.176410e-01 
 1083.000  9.179353e-01 
 1084.000  9.181775e-01 
 1085.000  9.184028e-01 
 1086.000  9.186225e-01 
 1087.000  9.188153e-01 
 1088.000  9.190080e-01 
 1089.000  9.191769e-01 
 1090.000  9.193538e-01 
 1091.000  9.195138e-01 
 1092.000  9.197097e-01 
 1093.000  9.198234e-01 
 1094.000  9.199359e-01 
 1095.000  9.200395e-01 
 1096.000  9.201204e-01 
 1097.000  9.202583e-01 
 1098.000  9.203562e-01 
 1099.000  9.204850e-01 
 1100.000  9.205745e-01 
 1101.000  9.206426e-01 
 1102.000  9.207677e-01 
 1103.000  9.208014e-01 
 1104.000  9.208176e-01 
 1105.000  9.208951e-01 
 1106.000  9.209679e-01 
 1107.000  9.210438e-01 
 1108.000  9.211258e-01 
 1109.000  9.211689e-01 
 1110.000  9.212340e-01 
 1111.000  9.213002e-01 
 1112.000  9.213597e-01 
 1113.000  9.213541e-01 
 1114.000  9.213856e-01 
 1115.000  9.214096e-01 
 1116.000  9.214527e-01 
 1117.000  9.214422e-01 
 1118.000  9.215185e-01 
 1119.000  9.215261e-01 
 1120.000  9.215979e-01 
 1121.000  9.216407e-01 
 1122.000  9.216567e-01 
 1123.000  9.216438e-01 
 1124.000  9.216735e-01 
 1125.000  9.217131e-01 
 1126.000  9.217116e-01 
 1127.000  9.217811e-01 
 1128.000  9.217541e-01 
 1129.000  9.218073e-01 
 1130.000  9.218382e-01 
 1131.000  9.218557e-01 
 1132.000  9.218729e-01 
 1133.000  9.219062e-01 
 1134.000  9.219161e-01 
 1135.000  9.219346e-01 
 1136.000  9.219487e-01 
 1137.000  9.219531e-01 
 1138.000  9.219672e-01 
 1139.000  9.219813e-01 
 1140.000  9.219952e-01 
 1141.000  9.220092e-01 
 1142.000  9.220230e-01 
 1143.000  9.220368e-01 
 1144.000  9.220505e-01 
 1145.000  9.220642e-01 
 1146.000  9.220778e-01 
 1147.000  9.220914e-01 
 1148.000  9.221049e-01 
 1149.000  9.221183e-01 
 1150.000  9.221317e-01 
