  320.000  3.170605e-01 
  321.000  3.727212e-01 
  322.000  3.511384e-01 
  323.000  3.784367e-01 
  324.000  4.053259e-01 
  325.000  3.853357e-01 
  326.000  4.180205e-01 
  327.000  4.270310e-01 
  328.000  4.075116e-01 
  329.000  4.447919e-01 
  330.000  4.506307e-01 
  331.000  4.390596e-01 
  332.000  4.613379e-01 
  333.000  4.677850e-01 
  334.000  4.624932e-01 
  335.000  4.786567e-01 
  336.000  4.851656e-01 
  337.000  4.824251e-01 
  338.000  4.900360e-01 
  339.000  4.978610e-01 
  340.000  4.965771e-01 
  341.000  5.041517e-01 
  342.000  5.096736e-01 
  343.000  5.124416e-01 
  344.000  5.130067e-01 
  345.000  5.204557e-01 
  346.000  5.251455e-01 
  347.000  5.289614e-01 
  348.000  5.325293e-01 
  349.000  5.365296e-01 
  350.000  5.399428e-01 
  351.000  5.433366e-01 
  352.000  5.461166e-01 
  353.000  5.500632e-01 
  354.000  5.534169e-01 
  355.000  5.565329e-01 
  356.000  5.595645e-01 
  357.000  5.622588e-01 
  358.000  5.651538e-01 
  359.000  5.680418e-01 
  360.000  5.709952e-01 
  361.000  5.747201e-01 
  362.000  5.785915e-01 
  363.000  5.821505e-01 
  364.000  5.854203e-01 
  365.000  5.884826e-01 
  366.000  5.916091e-01 
  367.000  5.945814e-01 
  368.000  5.975225e-01 
  369.000  6.004339e-01 
  370.000  6.033112e-01 
  371.000  6.061620e-01 
  372.000  6.089854e-01 
  373.000  6.117809e-01 
  374.000  6.145277e-01 
  375.000  6.172179e-01 
  376.000  6.198133e-01 
  377.000  6.222634e-01 
  378.000  6.245365e-01 
  379.000  6.268435e-01 
  380.000  6.293778e-01 
  381.000  6.322589e-01 
  382.000  6.352403e-01 
  383.000  6.380554e-01 
  384.000  6.407224e-01 
  385.000  6.432887e-01 
  386.000  6.457860e-01 
  387.000  6.482399e-01 
  388.000  6.506595e-01 
  389.000  6.530561e-01 
  390.000  6.554306e-01 
  391.000  6.577780e-01 
  392.000  6.601050e-01 
  393.000  6.624101e-01 
  394.000  6.646911e-01 
  395.000  6.669462e-01 
  396.000  6.691840e-01 
  397.000  6.713933e-01 
  398.000  6.735798e-01 
  399.000  6.757452e-01 
  400.000  6.778783e-01 
  401.000  6.800010e-01 
  402.000  6.821042e-01 
  403.000  6.841871e-01 
  404.000  6.862493e-01 
  405.000  6.882867e-01 
  406.000  6.903085e-01 
  407.000  6.923123e-01 
  408.000  6.942966e-01 
  409.000  6.962594e-01 
  410.000  6.982016e-01 
  411.000  7.001227e-01 
  412.000  7.020213e-01 
  413.000  7.039072e-01 
  414.000  7.056561e-01 
  415.000  7.075463e-01 
  416.000  7.094108e-01 
  417.000  7.112426e-01 
  418.000  7.130306e-01 
  419.000  7.147972e-01 
  420.000  7.165464e-01 
  421.000  7.182835e-01 
  422.000  7.200085e-01 
  423.000  7.217191e-01 
  424.000  7.234082e-01 
  425.000  7.250571e-01 
  426.000  7.266886e-01 
  427.000  7.283045e-01 
  428.000  7.298904e-01 
  429.000  7.314529e-01 
  430.000  7.329961e-01 
  431.000  7.345266e-01 
  432.000  7.360399e-01 
  433.000  7.375379e-01 
  434.000  7.390221e-01 
  435.000  7.404908e-01 
  436.000  7.419419e-01 
  437.000  7.433764e-01 
  438.000  7.447935e-01 
  439.000  7.461987e-01 
  440.000  7.475803e-01 
  441.000  7.489436e-01 
  442.000  7.502844e-01 
  443.000  7.516041e-01 
  444.000  7.529023e-01 
  445.000  7.541717e-01 
  446.000  7.554051e-01 
  447.000  7.566980e-01 
  448.000  7.580832e-01 
  449.000  7.594844e-01 
  450.000  7.608577e-01 
  451.000  7.621765e-01 
  452.000  7.634484e-01 
  453.000  7.646934e-01 
  454.000  7.659153e-01 
  455.000  7.670656e-01 
  456.000  7.681225e-01 
  457.000  7.691791e-01 
  458.000  7.702211e-01 
  459.000  7.712404e-01 
  460.000  7.722511e-01 
  461.000  7.732506e-01 
  462.000  7.742307e-01 
  463.000  7.752060e-01 
  464.000  7.764751e-01 
  465.000  7.777245e-01 
  466.000  7.789511e-01 
  467.000  7.801486e-01 
  468.000  7.811236e-01 
  469.000  7.819629e-01 
  470.000  7.827344e-01 
  471.000  7.834287e-01 
  472.000  7.840182e-01 
  473.000  7.844312e-01 
  474.000  7.847703e-01 
  475.000  7.848573e-01 
  476.000  7.846895e-01 
  477.000  7.846860e-01 
  478.000  7.856668e-01 
  479.000  7.871590e-01 
  480.000  7.887684e-01 
  481.000  7.902111e-01 
  482.000  7.915634e-01 
  483.000  7.927383e-01 
  484.000  7.937475e-01 
  485.000  7.946497e-01 
  486.000  7.956114e-01 
  487.000  7.966233e-01 
  488.000  7.976023e-01 
  489.000  7.985628e-01 
  490.000  7.995115e-01 
  491.000  8.002541e-01 
  492.000  8.009327e-01 
  493.000  8.016077e-01 
  494.000  8.022635e-01 
  495.000  8.029190e-01 
  496.000  8.032567e-01 
  497.000  8.035815e-01 
  498.000  8.039015e-01 
  499.000  8.042042e-01 
  500.000  8.045021e-01 
  501.000  8.047669e-01 
  502.000  8.050317e-01 
  503.000  8.052931e-01 
  504.000  8.055425e-01 
  505.000  8.057781e-01 
  506.000  8.064684e-01 
  507.000  8.071784e-01 
  508.000  8.078871e-01 
  509.000  8.085874e-01 
  510.000  8.092726e-01 
  511.000  8.098867e-01 
  512.000  8.104795e-01 
  513.000  8.110688e-01 
  514.000  8.116505e-01 
  515.000  8.122270e-01 
  516.000  8.126388e-01 
  517.000  8.129027e-01 
  518.000  8.131593e-01 
  519.000  8.134110e-01 
  520.000  8.136603e-01 
  521.000  8.138835e-01 
  522.000  8.140445e-01 
  523.000  8.141606e-01 
  524.000  8.142806e-01 
  525.000  8.143751e-01 
  526.000  8.145077e-01 
  527.000  8.145291e-01 
  528.000  8.145053e-01 
  529.000  8.144803e-01 
  530.000  8.144609e-01 
  531.000  8.144449e-01 
  532.000  8.144807e-01 
  533.000  8.148041e-01 
  534.000  8.152124e-01 
  535.000  8.156731e-01 
  536.000  8.161184e-01 
  537.000  8.165256e-01 
  538.000  8.168897e-01 
  539.000  8.172270e-01 
  540.000  8.175433e-01 
  541.000  8.178504e-01 
  542.000  8.181440e-01 
  543.000  8.184271e-01 
  544.000  8.186412e-01 
  545.000  8.187990e-01 
  546.000  8.189495e-01 
  547.000  8.191041e-01 
  548.000  8.192510e-01 
  549.000  8.193955e-01 
  550.000  8.194657e-01 
  551.000  8.194620e-01 
  552.000  8.194612e-01 
  553.000  8.194451e-01 
  554.000  8.194220e-01 
  555.000  8.193948e-01 
  556.000  8.193397e-01 
  557.000  8.192362e-01 
  558.000  8.191242e-01 
  559.000  8.189992e-01 
  560.000  8.188425e-01 
  561.000  8.186566e-01 
  562.000  8.182196e-01 
  563.000  8.179868e-01 
  564.000  8.176732e-01 
  565.000  8.171785e-01 
  566.000  8.168941e-01 
  567.000  8.157290e-01 
  568.000  8.118644e-01 
  569.000  8.034474e-01 
  570.000  8.047546e-01 
  571.000  8.107693e-01 
  572.000  8.050025e-01 
  573.000  8.065469e-01 
  574.000  8.069559e-01 
  575.000  8.066001e-01 
  576.000  8.067991e-01 
  577.000  8.088104e-01 
  578.000  8.113904e-01 
  579.000  8.134397e-01 
  580.000  8.150902e-01 
  581.000  8.176183e-01 
  582.000  8.192394e-01 
  583.000  8.201155e-01 
  584.000  8.209327e-01 
  585.000  8.215038e-01 
  586.000  8.221073e-01 
  587.000  8.197276e-01 
  588.000  8.081232e-01 
  589.000  7.899388e-01 
  590.000  7.889354e-01 
  591.000  8.015606e-01 
  592.000  7.950554e-01 
  593.000  8.094443e-01 
  594.000  8.064256e-01 
  595.000  7.965334e-01 
  596.000  8.105664e-01 
  597.000  8.072010e-01 
  598.000  8.128053e-01 
  599.000  8.149567e-01 
  600.000  8.200080e-01 
  601.000  8.233418e-01 
  602.000  8.242800e-01 
  603.000  8.257258e-01 
  604.000  8.272741e-01 
  605.000  8.283055e-01 
  606.000  8.290098e-01 
  607.000  8.296884e-01 
  608.000  8.303166e-01 
  609.000  8.309157e-01 
  610.000  8.315328e-01 
  611.000  8.322178e-01 
  612.000  8.328884e-01 
  613.000  8.335380e-01 
  614.000  8.341682e-01 
  615.000  8.347965e-01 
  616.000  8.354018e-01 
  617.000  8.359733e-01 
  618.000  8.364522e-01 
  619.000  8.368574e-01 
  620.000  8.372324e-01 
  621.000  8.375546e-01 
  622.000  8.378237e-01 
  623.000  8.380038e-01 
  624.000  8.381950e-01 
  625.000  8.383537e-01 
  626.000  8.379290e-01 
  627.000  8.332217e-01 
  628.000  8.100289e-01 
  629.000  8.235151e-01 
  630.000  8.276807e-01 
  631.000  8.321381e-01 
  632.000  8.303537e-01 
  633.000  8.368686e-01 
  634.000  8.397390e-01 
  635.000  8.407257e-01 
  636.000  8.425247e-01 
  637.000  8.439479e-01 
  638.000  8.470964e-01 
  639.000  8.479970e-01 
  640.000  8.499842e-01 
  641.000  8.507433e-01 
  642.000  8.522026e-01 
  643.000  8.511228e-01 
  644.000  8.517050e-01 
  645.000  8.498008e-01 
  646.000  8.400227e-01 
  647.000  8.333463e-01 
  648.000  8.258458e-01 
  649.000  8.331205e-01 
  650.000  8.468050e-01 
  651.000  8.471431e-01 
  652.000  8.357270e-01 
  653.000  8.495991e-01 
  654.000  8.484578e-01 
  655.000  8.438750e-01 
  656.000  8.459470e-01 
  657.000  8.489670e-01 
  658.000  8.539407e-01 
  659.000  8.569850e-01 
  660.000  8.585072e-01 
  661.000  8.622938e-01 
  662.000  8.641532e-01 
  663.000  8.642103e-01 
  664.000  8.651465e-01 
  665.000  8.659837e-01 
  666.000  8.669829e-01 
  667.000  8.678128e-01 
  668.000  8.687816e-01 
  669.000  8.694454e-01 
  670.000  8.700212e-01 
  671.000  8.706336e-01 
  672.000  8.711699e-01 
  673.000  8.716946e-01 
  674.000  8.722140e-01 
  675.000  8.727347e-01 
  676.000  8.732207e-01 
  677.000  8.736683e-01 
  678.000  8.741177e-01 
  679.000  8.744680e-01 
  680.000  8.743894e-01 
  681.000  8.741722e-01 
  682.000  8.743742e-01 
  683.000  8.743821e-01 
  684.000  8.736994e-01 
  685.000  8.747289e-01 
  686.000  8.715771e-01 
  687.000  7.661226e-01 
  688.000  7.995113e-01 
  689.000  7.897297e-01 
  690.000  8.071181e-01 
  691.000  8.290666e-01 
  692.000  8.411267e-01 
  693.000  8.314483e-01 
  694.000  8.194155e-01 
  695.000  8.299985e-01 
  696.000  8.361962e-01 
  697.000  8.633319e-01 
  698.000  8.576583e-01 
  699.000  8.331752e-01 
  700.000  8.372027e-01 
  701.000  8.317324e-01 
  702.000  8.357204e-01 
  703.000  8.561758e-01 
  704.000  8.570470e-01 
  705.000  8.485949e-01 
  706.000  8.502380e-01 
  707.000  8.532557e-01 
  708.000  8.565195e-01 
  709.000  8.632041e-01 
  710.000  8.560719e-01 
  711.000  8.633364e-01 
  712.000  8.695227e-01 
  713.000  8.645324e-01 
  714.000  8.628373e-01 
  715.000  8.547105e-01 
  716.000  8.462510e-01 
  717.000  7.931747e-01 
  718.000  7.607023e-01 
  719.000  7.490189e-01 
  720.000  7.314821e-01 
  721.000  8.084255e-01 
  722.000  8.359748e-01 
  723.000  8.203409e-01 
  724.000  7.761669e-01 
  725.000  7.826328e-01 
  726.000  7.805451e-01 
  727.000  7.867569e-01 
  728.000  7.799342e-01 
  729.000  7.967865e-01 
  730.000  7.938347e-01 
  731.000  7.902758e-01 
  732.000  8.187889e-01 
  733.000  8.462145e-01 
  734.000  8.594391e-01 
  735.000  8.547324e-01 
  736.000  8.459948e-01 
  737.000  8.525436e-01 
  738.000  8.615586e-01 
  739.000  8.654299e-01 
  740.000  8.740505e-01 
  741.000  8.790237e-01 
  742.000  8.810993e-01 
  743.000  8.856920e-01 
  744.000  8.877438e-01 
  745.000  8.893284e-01 
  746.000  8.905505e-01 
  747.000  8.908331e-01 
  748.000  8.919213e-01 
  749.000  8.924537e-01 
  750.000  8.921137e-01 
  751.000  8.922985e-01 
  752.000  8.932613e-01 
  753.000  8.936444e-01 
  754.000  8.939408e-01 
  755.000  8.941247e-01 
  756.000  8.943189e-01 
  757.000  8.944526e-01 
  758.000  8.931746e-01 
  759.000  8.368641e-01 
  760.000  4.072742e-01 
  761.000  3.653056e-01 
  762.000  6.181120e-01 
  763.000  5.403870e-01 
  764.000  5.789371e-01 
  765.000  6.658604e-01 
  766.000  7.697144e-01 
  767.000  8.217387e-01 
  768.000  8.556336e-01 
  769.000  8.779497e-01 
  770.000  8.896537e-01 
  771.000  8.954273e-01 
  772.000  8.968182e-01 
  773.000  8.974470e-01 
  774.000  8.981872e-01 
  775.000  8.986129e-01 
  776.000  8.989231e-01 
  777.000  8.989951e-01 
  778.000  8.989536e-01 
  779.000  8.989040e-01 
  780.000  8.988529e-01 
  781.000  8.992717e-01 
  782.000  8.992071e-01 
  783.000  8.991572e-01 
  784.000  8.988075e-01 
  785.000  8.968954e-01 
  786.000  8.939239e-01 
  787.000  8.873714e-01 
  788.000  8.839210e-01 
  789.000  8.716682e-01 
  790.000  8.705980e-01 
  791.000  8.728876e-01 
  792.000  8.750048e-01 
  793.000  8.799661e-01 
  794.000  8.905168e-01 
  795.000  8.840364e-01 
  796.000  8.668439e-01 
  797.000  8.717304e-01 
  798.000  8.825637e-01 
  799.000  8.800678e-01 
  800.000  8.721513e-01 
  801.000  8.730730e-01 
  802.000  8.722571e-01 
  803.000  8.733941e-01 
  804.000  8.770897e-01 
  805.000  8.841886e-01 
  806.000  8.884217e-01 
  807.000  8.885920e-01 
  808.000  8.861620e-01 
  809.000  8.831799e-01 
  810.000  8.799135e-01 
  811.000  8.732396e-01 
  812.000  8.642715e-01 
  813.000  8.533090e-01 
  814.000  8.388836e-01 
  815.000  8.209860e-01 
  816.000  7.981626e-01 
  817.000  7.993871e-01 
  818.000  8.012189e-01 
  819.000  8.087204e-01 
  820.000  8.338634e-01 
  821.000  8.626875e-01 
  822.000  8.407224e-01 
  823.000  7.799518e-01 
  824.000  8.310954e-01 
  825.000  8.642438e-01 
  826.000  8.585793e-01 
  827.000  8.543645e-01 
  828.000  8.325238e-01 
  829.000  8.403545e-01 
  830.000  8.491497e-01 
  831.000  8.512117e-01 
  832.000  8.521263e-01 
  833.000  8.572056e-01 
  834.000  8.631954e-01 
  835.000  8.751008e-01 
  836.000  8.712572e-01 
  837.000  8.708436e-01 
  838.000  8.766318e-01 
  839.000  8.801426e-01 
  840.000  8.814080e-01 
  841.000  8.775720e-01 
  842.000  8.809888e-01 
  843.000  8.891305e-01 
  844.000  8.928195e-01 
  845.000  8.945309e-01 
  846.000  8.963321e-01 
  847.000  8.983198e-01 
  848.000  8.949997e-01 
  849.000  8.954074e-01 
  850.000  8.937593e-01 
  851.000  8.917990e-01 
  852.000  8.919784e-01 
  853.000  8.951788e-01 
  854.000  8.949915e-01 
  855.000  8.965940e-01 
  856.000  8.999427e-01 
  857.000  9.013171e-01 
  858.000  9.020461e-01 
  859.000  9.036508e-01 
  860.000  9.044262e-01 
  861.000  9.045438e-01 
  862.000  9.049672e-01 
  863.000  9.050198e-01 
  864.000  9.053092e-01 
  865.000  9.055454e-01 
  866.000  9.056058e-01 
  867.000  9.055595e-01 
  868.000  9.055941e-01 
  869.000  9.056705e-01 
  870.000  9.056092e-01 
  871.000  9.056814e-01 
  872.000  9.058619e-01 
  873.000  9.056757e-01 
  874.000  9.055735e-01 
  875.000  9.055471e-01 
  876.000  9.052246e-01 
  877.000  9.050692e-01 
  878.000  9.040314e-01 
  879.000  9.039578e-01 
  880.000  9.030604e-01 
  881.000  9.025497e-01 
  882.000  9.020729e-01 
  883.000  9.025275e-01 
  884.000  9.027098e-01 
  885.000  9.008767e-01 
  886.000  8.983632e-01 
  887.000  9.003119e-01 
  888.000  9.001849e-01 
  889.000  9.007722e-01 
  890.000  8.992659e-01 
  891.000  8.961807e-01 
  892.000  8.896940e-01 
  893.000  8.700663e-01 
  894.000  8.602785e-01 
  895.000  8.306288e-01 
  896.000  8.041252e-01 
  897.000  7.762910e-01 
  898.000  7.633099e-01 
  899.000  7.270524e-01 
  900.000  7.322072e-01 
  901.000  7.228215e-01 
  902.000  7.246011e-01 
  903.000  7.855614e-01 
  904.000  8.231301e-01 
  905.000  8.217940e-01 
  906.000  7.982807e-01 
  907.000  7.569644e-01 
  908.000  7.299036e-01 
  909.000  7.310080e-01 
  910.000  7.350485e-01 
  911.000  7.529764e-01 
  912.000  7.442796e-01 
  913.000  7.067066e-01 
  914.000  7.252427e-01 
  915.000  7.399197e-01 
  916.000  7.439205e-01 
  917.000  7.519380e-01 
  918.000  7.623094e-01 
  919.000  7.976763e-01 
  920.000  8.245791e-01 
  921.000  8.186691e-01 
  922.000  8.181596e-01 
  923.000  8.106411e-01 
  924.000  7.926269e-01 
  925.000  7.910400e-01 
  926.000  7.903818e-01 
  927.000  7.692690e-01 
  928.000  7.369865e-01 
  929.000  6.907951e-01 
  930.000  6.328043e-01 
  931.000  5.690432e-01 
  932.000  4.868071e-01 
  933.000  4.273719e-01 
  934.000  3.679143e-01 
  935.000  3.615109e-01 
  936.000  3.845488e-01 
  937.000  3.787977e-01 
  938.000  4.455687e-01 
  939.000  6.246449e-01 
  940.000  6.521042e-01 
  941.000  6.286560e-01 
  942.000  5.714217e-01 
  943.000  4.779374e-01 
  944.000  4.713919e-01 
  945.000  5.045331e-01 
  946.000  5.065180e-01 
  947.000  5.367212e-01 
  948.000  5.545183e-01 
  949.000  5.523528e-01 
  950.000  5.569618e-01 
  951.000  5.969664e-01 
  952.000  5.545194e-01 
  953.000  5.845489e-01 
  954.000  6.170188e-01 
  955.000  5.910338e-01 
  956.000  5.854950e-01 
  957.000  6.677883e-01 
  958.000  6.787012e-01 
  959.000  6.650670e-01 
  960.000  6.611832e-01 
  961.000  6.543795e-01 
  962.000  6.607426e-01 
  963.000  7.064040e-01 
  964.000  7.130516e-01 
  965.000  7.087566e-01 
  966.000  7.113274e-01 
  967.000  7.441928e-01 
  968.000  7.994222e-01 
  969.000  8.245394e-01 
  970.000  8.259196e-01 
  971.000  8.253235e-01 
  972.000  8.181771e-01 
  973.000  8.017247e-01 
  974.000  7.817572e-01 
  975.000  7.689594e-01 
  976.000  7.846001e-01 
  977.000  8.105288e-01 
  978.000  8.084471e-01 
  979.000  8.152125e-01 
  980.000  8.417883e-01 
  981.000  8.477029e-01 
  982.000  8.418030e-01 
  983.000  8.554883e-01 
  984.000  8.695924e-01 
  985.000  8.776149e-01 
  986.000  8.879765e-01 
  987.000  8.924692e-01 
  988.000  8.934952e-01 
  989.000  8.941476e-01 
  990.000  8.952347e-01 
  991.000  8.990859e-01 
  992.000  9.001716e-01 
  993.000  9.005704e-01 
  994.000  9.040459e-01 
  995.000  9.063918e-01 
  996.000  9.063614e-01 
  997.000  9.048315e-01 
  998.000  9.030878e-01 
  999.000  9.024303e-01 
 1000.000  9.029482e-01 
 1001.000  8.992418e-01 
 1002.000  8.933209e-01 
 1003.000  8.947139e-01 
 1004.000  8.981033e-01 
 1005.000  8.996466e-01 
 1006.000  9.001454e-01 
 1007.000  8.990065e-01 
 1008.000  8.941813e-01 
 1009.000  8.877389e-01 
 1010.000  8.906004e-01 
 1011.000  8.974388e-01 
 1012.000  9.000410e-01 
 1013.000  9.020905e-01 
 1014.000  9.029459e-01 
 1015.000  9.031095e-01 
 1016.000  9.040348e-01 
 1017.000  9.045699e-01 
 1018.000  9.034100e-01 
 1019.000  9.010303e-01 
 1020.000  9.018661e-01 
 1021.000  9.035809e-01 
 1022.000  9.007052e-01 
 1023.000  8.983005e-01 
 1024.000  8.968637e-01 
 1025.000  9.012856e-01 
 1026.000  9.032456e-01 
 1027.000  9.024216e-01 
 1028.000  9.031149e-01 
 1029.000  9.050367e-01 
 1030.000  9.068272e-01 
 1031.000  9.077602e-01 
 1032.000  9.085020e-01 
 1033.000  9.086940e-01 
 1034.000  9.091331e-01 
 1035.000  9.093493e-01 
 1036.000  9.092596e-01 
 1037.000  9.093159e-01 
 1038.000  9.094414e-01 
 1039.000  9.092090e-01 
 1040.000  9.090136e-01 
 1041.000  9.088594e-01 
 1042.000  9.088188e-01 
 1043.000  9.088200e-01 
 1044.000  9.086868e-01 
 1045.000  9.082498e-01 
 1046.000  9.079592e-01 
 1047.000  9.076180e-01 
 1048.000  9.072083e-01 
 1049.000  9.068153e-01 
 1050.000  9.063516e-01 
 1051.000  9.056567e-01 
 1052.000  9.052255e-01 
 1053.000  9.052065e-01 
 1054.000  9.045217e-01 
 1055.000  9.038357e-01 
 1056.000  9.032871e-01 
 1057.000  9.017590e-01 
 1058.000  8.989137e-01 
 1059.000  8.991603e-01 
 1060.000  9.007049e-01 
 1061.000  9.003875e-01 
 1062.000  8.985916e-01 
 1063.000  8.979588e-01 
 1064.000  8.964230e-01 
 1065.000  8.945707e-01 
 1066.000  8.947195e-01 
 1067.000  8.936614e-01 
 1068.000  8.899023e-01 
 1069.000  8.879635e-01 
 1070.000  8.884103e-01 
 1071.000  8.859308e-01 
 1072.000  8.834141e-01 
 1073.000  8.828567e-01 
 1074.000  8.831224e-01 
 1075.000  8.866292e-01 
 1076.000  8.842963e-01 
 1077.000  8.812021e-01 
 1078.000  8.775810e-01 
 1079.000  8.770475e-01 
 1080.000  8.675076e-01 
 1081.000  8.669140e-01 
 1082.000  8.710333e-01 
 1083.000  8.659517e-01 
 1084.000  8.604091e-01 
 1085.000  8.472798e-01 
 1086.000  8.502925e-01 
 1087.000  8.646463e-01 
 1088.000  8.651760e-01 
 1089.000  8.476315e-01 
 1090.000  8.443027e-01 
 1091.000  8.475876e-01 
 1092.000  8.388705e-01 
 1093.000  8.195194e-01 
 1094.000  8.110946e-01 
 1095.000  8.124188e-01 
 1096.000  8.136108e-01 
 1097.000  8.097065e-01 
 1098.000  7.629797e-01 
 1099.000  7.234171e-01 
 1100.000  7.260442e-01 
 1101.000  7.314472e-01 
 1102.000  7.287403e-01 
 1103.000  7.323027e-01 
 1104.000  7.256879e-01 
 1105.000  7.091160e-01 
 1106.000  6.925056e-01 
 1107.000  6.965101e-01 
 1108.000  6.993793e-01 
 1109.000  7.133847e-01 
 1110.000  7.113976e-01 
 1111.000  7.033876e-01 
 1112.000  6.685627e-01 
 1113.000  6.212338e-01 
 1114.000  6.080526e-01 
 1115.000  5.507585e-01 
 1116.000  5.158204e-01 
 1117.000  4.371654e-01 
 1118.000  3.669921e-01 
 1119.000  3.304825e-01 
 1120.000  2.866131e-01 
 1121.000  2.769839e-01 
 1122.000  2.336136e-01 
 1123.000  2.565842e-01 
 1124.000  2.723114e-01 
 1125.000  2.638904e-01 
 1126.000  2.606079e-01 
 1127.000  2.644287e-01 
 1128.000  2.718451e-01 
 1129.000  3.156937e-01 
 1130.000  4.218592e-01 
 1131.000  4.535869e-01 
 1132.000  4.101284e-01 
 1133.000  3.335247e-01 
 1134.000  2.035981e-01 
 1135.000  2.130620e-01 
 1136.000  3.449089e-01 
 1137.000  4.217635e-01 
 1138.000  4.991016e-01 
 1139.000  5.237696e-01 
 1140.000  5.088408e-01 
 1141.000  4.790356e-01 
 1142.000  4.684406e-01 
 1143.000  4.355471e-01 
 1144.000  3.991805e-01 
 1145.000  3.476671e-01 
 1146.000  3.597589e-01 
 1147.000  4.002428e-01 
 1148.000  4.368668e-01 
 1149.000  4.520105e-01 
 1150.000  4.532397e-01 
