  320.000  1.121728e-01 
  321.000  1.443574e-01 
  322.000  1.315333e-01 
  323.000  1.478247e-01 
  324.000  1.645287e-01 
  325.000  1.520491e-01 
  326.000  1.726355e-01 
  327.000  1.784740e-01 
  328.000  1.659144e-01 
  329.000  1.901851e-01 
  330.000  1.940932e-01 
  331.000  1.863762e-01 
  332.000  2.013334e-01 
  333.000  2.057387e-01 
  334.000  2.021203e-01 
  335.000  2.132445e-01 
  336.000  2.177842e-01 
  337.000  2.158687e-01 
  338.000  2.212035e-01 
  339.000  2.267371e-01 
  340.000  2.258258e-01 
  341.000  2.312211e-01 
  342.000  2.351830e-01 
  343.000  2.371780e-01 
  344.000  2.375861e-01 
  345.000  2.429884e-01 
  346.000  2.464119e-01 
  347.000  2.492101e-01 
  348.000  2.518367e-01 
  349.000  2.547933e-01 
  350.000  2.573259e-01 
  351.000  2.598529e-01 
  352.000  2.619295e-01 
  353.000  2.648876e-01 
  354.000  2.674107e-01 
  355.000  2.697627e-01 
  356.000  2.720580e-01 
  357.000  2.741038e-01 
  358.000  2.763081e-01 
  359.000  2.785134e-01 
  360.000  2.807751e-01 
  361.000  2.836370e-01 
  362.000  2.866225e-01 
  363.000  2.893770e-01 
  364.000  2.919159e-01 
  365.000  2.943010e-01 
  366.000  2.967432e-01 
  367.000  2.990717e-01 
  368.000  3.013821e-01 
  369.000  3.036756e-01 
  370.000  3.059482e-01 
  371.000  3.082059e-01 
  372.000  3.104477e-01 
  373.000  3.126732e-01 
  374.000  3.148654e-01 
  375.000  3.170179e-01 
  376.000  3.190994e-01 
  377.000  3.210689e-01 
  378.000  3.228999e-01 
  379.000  3.247621e-01 
  380.000  3.268122e-01 
  381.000  3.291485e-01 
  382.000  3.315724e-01 
  383.000  3.338670e-01 
  384.000  3.360460e-01 
  385.000  3.381476e-01 
  386.000  3.401971e-01 
  387.000  3.422154e-01 
  388.000  3.442097e-01 
  389.000  3.461891e-01 
  390.000  3.481543e-01 
  391.000  3.501009e-01 
  392.000  3.520345e-01 
  393.000  3.539537e-01 
  394.000  3.558564e-01 
  395.000  3.577411e-01 
  396.000  3.596150e-01 
  397.000  3.614684e-01 
  398.000  3.633060e-01 
  399.000  3.651293e-01 
  400.000  3.669285e-01 
  401.000  3.687220e-01 
  402.000  3.705022e-01 
  403.000  3.722683e-01 
  404.000  3.740197e-01 
  405.000  3.757530e-01 
  406.000  3.774759e-01 
  407.000  3.791862e-01 
  408.000  3.808826e-01 
  409.000  3.825633e-01 
  410.000  3.842289e-01 
  411.000  3.858790e-01 
  412.000  3.875123e-01 
  413.000  3.891371e-01 
  414.000  3.906461e-01 
  415.000  3.922794e-01 
  416.000  3.938928e-01 
  417.000  3.954801e-01 
  418.000  3.970318e-01 
  419.000  3.985671e-01 
  420.000  4.000893e-01 
  421.000  4.016031e-01 
  422.000  4.031083e-01 
  423.000  4.046030e-01 
  424.000  4.060808e-01 
  425.000  4.075253e-01 
  426.000  4.089564e-01 
  427.000  4.103756e-01 
  428.000  4.117701e-01 
  429.000  4.131458e-01 
  430.000  4.145060e-01 
  431.000  4.158566e-01 
  432.000  4.171937e-01 
  433.000  4.185186e-01 
  434.000  4.198329e-01 
  435.000  4.211349e-01 
  436.000  4.224228e-01 
  437.000  4.236972e-01 
  438.000  4.249576e-01 
  439.000  4.262088e-01 
  440.000  4.274402e-01 
  441.000  4.286565e-01 
  442.000  4.298540e-01 
  443.000  4.310338e-01 
  444.000  4.321954e-01 
  445.000  4.333325e-01 
  446.000  4.344383e-01 
  447.000  4.355985e-01 
  448.000  4.368428e-01 
  449.000  4.381028e-01 
  450.000  4.393389e-01 
  451.000  4.405272e-01 
  452.000  4.416742e-01 
  453.000  4.427981e-01 
  454.000  4.439021e-01 
  455.000  4.449423e-01 
  456.000  4.458988e-01 
  457.000  4.468558e-01 
  458.000  4.478002e-01 
  459.000  4.487248e-01 
  460.000  4.496423e-01 
  461.000  4.505503e-01 
  462.000  4.514413e-01 
  463.000  4.523286e-01 
  464.000  4.534841e-01 
  465.000  4.546226e-01 
  466.000  4.557413e-01 
  467.000  4.568345e-01 
  468.000  4.577253e-01 
  469.000  4.584925e-01 
  470.000  4.591983e-01 
  471.000  4.598337e-01 
  472.000  4.603734e-01 
  473.000  4.607517e-01 
  474.000  4.610624e-01 
  475.000  4.611422e-01 
  476.000  4.609884e-01 
  477.000  4.609852e-01 
  478.000  4.618842e-01 
  479.000  4.632531e-01 
  480.000  4.647311e-01 
  481.000  4.660575e-01 
  482.000  4.673020e-01 
  483.000  4.683842e-01 
  484.000  4.693146e-01 
  485.000  4.701468e-01 
  486.000  4.710345e-01 
  487.000  4.719692e-01 
  488.000  4.728741e-01 
  489.000  4.737625e-01 
  490.000  4.746406e-01 
  491.000  4.753284e-01 
  492.000  4.759572e-01 
  493.000  4.765830e-01 
  494.000  4.771912e-01 
  495.000  4.777994e-01 
  496.000  4.781128e-01 
  497.000  4.784144e-01 
  498.000  4.787116e-01 
  499.000  4.789928e-01 
  500.000  4.792695e-01 
  501.000  4.795156e-01 
  502.000  4.797616e-01 
  503.000  4.800046e-01 
  504.000  4.802365e-01 
  505.000  4.804556e-01 
  506.000  4.810977e-01 
  507.000  4.817584e-01 
  508.000  4.824183e-01 
  509.000  4.830707e-01 
  510.000  4.837092e-01 
  511.000  4.842818e-01 
  512.000  4.848348e-01 
  513.000  4.853847e-01 
  514.000  4.859278e-01 
  515.000  4.864662e-01 
  516.000  4.868509e-01 
  517.000  4.870975e-01 
  518.000  4.873373e-01 
  519.000  4.875726e-01 
  520.000  4.878057e-01 
  521.000  4.880144e-01 
  522.000  4.881650e-01 
  523.000  4.882736e-01 
  524.000  4.883858e-01 
  525.000  4.884742e-01 
  526.000  4.885983e-01 
  527.000  4.886183e-01 
  528.000  4.885961e-01 
  529.000  4.885727e-01 
  530.000  4.885544e-01 
  531.000  4.885395e-01 
  532.000  4.885730e-01 
  533.000  4.888756e-01 
  534.000  4.892577e-01 
  535.000  4.896890e-01 
  536.000  4.901060e-01 
  537.000  4.904875e-01 
  538.000  4.908286e-01 
  539.000  4.911447e-01 
  540.000  4.914413e-01 
  541.000  4.917292e-01 
  542.000  4.920045e-01 
  543.000  4.922701e-01 
  544.000  4.924710e-01 
  545.000  4.926190e-01 
  546.000  4.927602e-01 
  547.000  4.929053e-01 
  548.000  4.930432e-01 
  549.000  4.931789e-01 
  550.000  4.932447e-01 
  551.000  4.932413e-01 
  552.000  4.932405e-01 
  553.000  4.932254e-01 
  554.000  4.932037e-01 
  555.000  4.931782e-01 
  556.000  4.931265e-01 
  557.000  4.930293e-01 
  558.000  4.929242e-01 
  559.000  4.928070e-01 
  560.000  4.926603e-01 
  561.000  4.924864e-01 
  562.000  4.921558e-01 
  563.000  4.919443e-01 
  564.000  4.916700e-01 
  565.000  4.912628e-01 
  566.000  4.909599e-01 
  567.000  4.901138e-01 
  568.000  4.879184e-01 
  569.000  4.835067e-01 
  570.000  4.839634e-01 
  571.000  4.866740e-01 
  572.000  4.836089e-01 
  573.000  4.841528e-01 
  574.000  4.840465e-01 
  575.000  4.838803e-01 
  576.000  4.839212e-01 
  577.000  4.851207e-01 
  578.000  4.866586e-01 
  579.000  4.881778e-01 
  580.000  4.897527e-01 
  581.000  4.918971e-01 
  582.000  4.934315e-01 
  583.000  4.944818e-01 
  584.000  4.954430e-01 
  585.000  4.961776e-01 
  586.000  4.969279e-01 
  587.000  4.960397e-01 
  588.000  4.905420e-01 
  589.000  4.813840e-01 
  590.000  4.810421e-01 
  591.000  4.877321e-01 
  592.000  4.845212e-01 
  593.000  4.920950e-01 
  594.000  4.906729e-01 
  595.000  4.856861e-01 
  596.000  4.928502e-01 
  597.000  4.909594e-01 
  598.000  4.936958e-01 
  599.000  4.946479e-01 
  600.000  4.970865e-01 
  601.000  4.985196e-01 
  602.000  4.988377e-01 
  603.000  4.996950e-01 
  604.000  5.008146e-01 
  605.000  5.016495e-01 
  606.000  5.022779e-01 
  607.000  5.028857e-01 
  608.000  5.034735e-01 
  609.000  5.040362e-01 
  610.000  5.046197e-01 
  611.000  5.052680e-01 
  612.000  5.059032e-01 
  613.000  5.065186e-01 
  614.000  5.071160e-01 
  615.000  5.077119e-01 
  616.000  5.082861e-01 
  617.000  5.088285e-01 
  618.000  5.092833e-01 
  619.000  5.096681e-01 
  620.000  5.100244e-01 
  621.000  5.103304e-01 
  622.000  5.105863e-01 
  623.000  5.107575e-01 
  624.000  5.109398e-01 
  625.000  5.110921e-01 
  626.000  5.108961e-01 
  627.000  5.082471e-01 
  628.000  4.901175e-01 
  629.000  5.014516e-01 
  630.000  5.037091e-01 
  631.000  5.072882e-01 
  632.000  5.074562e-01 
  633.000  5.115618e-01 
  634.000  5.138751e-01 
  635.000  5.150880e-01 
  636.000  5.166242e-01 
  637.000  5.179655e-01 
  638.000  5.201870e-01 
  639.000  5.211751e-01 
  640.000  5.227299e-01 
  641.000  5.235951e-01 
  642.000  5.247679e-01 
  643.000  5.246004e-01 
  644.000  5.252506e-01 
  645.000  5.245606e-01 
  646.000  5.198809e-01 
  647.000  5.166747e-01 
  648.000  5.130128e-01 
  649.000  5.171356e-01 
  650.000  5.246058e-01 
  651.000  5.250288e-01 
  652.000  5.192489e-01 
  653.000  5.268074e-01 
  654.000  5.264444e-01 
  655.000  5.242646e-01 
  656.000  5.255947e-01 
  657.000  5.274065e-01 
  658.000  5.302597e-01 
  659.000  5.320989e-01 
  660.000  5.330029e-01 
  661.000  5.352818e-01 
  662.000  5.364746e-01 
  663.000  5.367543e-01 
  664.000  5.374573e-01 
  665.000  5.381519e-01 
  666.000  5.389206e-01 
  667.000  5.396224e-01 
  668.000  5.404091e-01 
  669.000  5.410069e-01 
  670.000  5.415500e-01 
  671.000  5.421150e-01 
  672.000  5.426326e-01 
  673.000  5.431423e-01 
  674.000  5.436482e-01 
  675.000  5.441543e-01 
  676.000  5.446314e-01 
  677.000  5.450698e-01 
  678.000  5.455087e-01 
  679.000  5.458840e-01 
  680.000  5.459847e-01 
  681.000  5.459821e-01 
  682.000  5.463060e-01 
  683.000  5.465214e-01 
  684.000  5.463433e-01 
  685.000  5.470592e-01 
  686.000  5.447291e-01 
  687.000  4.615220e-01 
  688.000  4.873723e-01 
  689.000  4.801197e-01 
  690.000  4.936461e-01 
  691.000  5.118433e-01 
  692.000  5.234868e-01 
  693.000  5.217296e-01 
  694.000  5.173976e-01 
  695.000  5.240879e-01 
  696.000  5.279277e-01 
  697.000  5.429259e-01 
  698.000  5.400483e-01 
  699.000  5.269237e-01 
  700.000  5.292488e-01 
  701.000  5.264038e-01 
  702.000  5.286964e-01 
  703.000  5.399207e-01 
  704.000  5.405169e-01 
  705.000  5.360387e-01 
  706.000  5.370316e-01 
  707.000  5.387706e-01 
  708.000  5.406418e-01 
  709.000  5.443680e-01 
  710.000  5.406030e-01 
  711.000  5.446452e-01 
  712.000  5.481011e-01 
  713.000  5.455028e-01 
  714.000  5.446934e-01 
  715.000  5.404148e-01 
  716.000  5.359761e-01 
  717.000  5.071372e-01 
  718.000  4.894204e-01 
  719.000  4.831019e-01 
  720.000  4.734564e-01 
  721.000  5.160084e-01 
  722.000  5.311771e-01 
  723.000  5.227422e-01 
  724.000  4.985860e-01 
  725.000  5.022602e-01 
  726.000  5.011727e-01 
  727.000  5.046601e-01 
  728.000  5.009586e-01 
  729.000  5.103011e-01 
  730.000  5.087249e-01 
  731.000  5.068105e-01 
  732.000  5.225430e-01 
  733.000  5.375940e-01 
  734.000  5.448583e-01 
  735.000  5.423579e-01 
  736.000  5.376456e-01 
  737.000  5.412699e-01 
  738.000  5.462356e-01 
  739.000  5.483939e-01 
  740.000  5.531340e-01 
  741.000  5.558882e-01 
  742.000  5.570673e-01 
  743.000  5.594414e-01 
  744.000  5.606727e-01 
  745.000  5.615830e-01 
  746.000  5.622561e-01 
  747.000  5.624946e-01 
  748.000  5.632271e-01 
  749.000  5.636360e-01 
  750.000  5.634748e-01 
  751.000  5.636583e-01 
  752.000  5.643506e-01 
  753.000  5.646620e-01 
  754.000  5.649172e-01 
  755.000  5.650994e-01 
  756.000  5.652879e-01 
  757.000  5.654196e-01 
  758.000  5.642679e-01 
  759.000  5.191919e-01 
  760.000  2.059850e-01 
  761.000  1.791548e-01 
  762.000  3.519524e-01 
  763.000  2.962005e-01 
  764.000  3.236197e-01 
  765.000  3.873010e-01 
  766.000  4.665354e-01 
  767.000  5.074286e-01 
  768.000  5.344869e-01 
  769.000  5.524818e-01 
  770.000  5.622337e-01 
  771.000  5.667882e-01 
  772.000  5.679414e-01 
  773.000  5.684600e-01 
  774.000  5.691440e-01 
  775.000  5.695617e-01 
  776.000  5.698582e-01 
  777.000  5.699610e-01 
  778.000  5.699753e-01 
  779.000  5.699760e-01 
  780.000  5.699728e-01 
  781.000  5.702794e-01 
  782.000  5.702673e-01 
  783.000  5.702646e-01 
  784.000  5.700597e-01 
  785.000  5.690451e-01 
  786.000  5.673953e-01 
  787.000  5.640270e-01 
  788.000  5.621729e-01 
  789.000  5.554729e-01 
  790.000  5.549235e-01 
  791.000  5.562223e-01 
  792.000  5.574237e-01 
  793.000  5.601887e-01 
  794.000  5.660244e-01 
  795.000  5.625002e-01 
  796.000  5.530700e-01 
  797.000  5.557995e-01 
  798.000  5.617991e-01 
  799.000  5.604606e-01 
  800.000  5.561365e-01 
  801.000  5.566794e-01 
  802.000  5.562643e-01 
  803.000  5.569245e-01 
  804.000  5.589922e-01 
  805.000  5.629328e-01 
  806.000  5.652938e-01 
  807.000  5.654213e-01 
  808.000  5.641199e-01 
  809.000  5.625153e-01 
  810.000  5.607561e-01 
  811.000  5.571202e-01 
  812.000  5.522206e-01 
  813.000  5.462138e-01 
  814.000  5.382825e-01 
  815.000  5.284176e-01 
  816.000  5.157435e-01 
  817.000  5.164763e-01 
  818.000  5.175315e-01 
  819.000  5.217288e-01 
  820.000  5.357292e-01 
  821.000  5.517229e-01 
  822.000  5.395916e-01 
  823.000  5.057362e-01 
  824.000  5.342966e-01 
  825.000  5.526859e-01 
  826.000  5.495608e-01 
  827.000  5.472574e-01 
  828.000  5.351778e-01 
  829.000  5.395533e-01 
  830.000  5.444523e-01 
  831.000  5.456150e-01 
  832.000  5.461305e-01 
  833.000  5.489619e-01 
  834.000  5.522919e-01 
  835.000  5.588842e-01 
  836.000  5.567845e-01 
  837.000  5.565760e-01 
  838.000  5.597966e-01 
  839.000  5.617570e-01 
  840.000  5.624810e-01 
  841.000  5.603901e-01 
  842.000  5.623006e-01 
  843.000  5.668142e-01 
  844.000  5.688701e-01 
  845.000  5.698382e-01 
  846.000  5.708553e-01 
  847.000  5.717853e-01 
  848.000  5.701749e-01 
  849.000  5.704264e-01 
  850.000  5.695457e-01 
  851.000  5.684922e-01 
  852.000  5.686169e-01 
  853.000  5.704052e-01 
  854.000  5.703264e-01 
  855.000  5.712337e-01 
  856.000  5.729446e-01 
  857.000  5.737225e-01 
  858.000  5.741766e-01 
  859.000  5.750740e-01 
  860.000  5.755720e-01 
  861.000  5.756681e-01 
  862.000  5.759665e-01 
  863.000  5.760196e-01 
  864.000  5.762295e-01 
  865.000  5.764040e-01 
  866.000  5.764622e-01 
  867.000  5.764485e-01 
  868.000  5.764892e-01 
  869.000  5.765579e-01 
  870.000  5.765340e-01 
  871.000  5.765997e-01 
  872.000  5.767384e-01 
  873.000  5.766302e-01 
  874.000  5.765784e-01 
  875.000  5.765779e-01 
  876.000  5.763779e-01 
  877.000  5.762835e-01 
  878.000  5.757237e-01 
  879.000  5.756975e-01 
  880.000  5.752299e-01 
  881.000  5.749443e-01 
  882.000  5.747458e-01 
  883.000  5.749719e-01 
  884.000  5.751016e-01 
  885.000  5.741112e-01 
  886.000  5.727373e-01 
  887.000  5.738807e-01 
  888.000  5.738299e-01 
  889.000  5.741233e-01 
  890.000  5.733554e-01 
  891.000  5.718320e-01 
  892.000  5.682735e-01 
  893.000  5.574204e-01 
  894.000  5.520239e-01 
  895.000  5.355155e-01 
  896.000  5.207289e-01 
  897.000  5.051499e-01 
  898.000  4.978727e-01 
  899.000  4.773092e-01 
  900.000  4.802916e-01 
  901.000  4.749528e-01 
  902.000  4.759438e-01 
  903.000  5.105324e-01 
  904.000  5.316711e-01 
  905.000  5.309123e-01 
  906.000  5.177106e-01 
  907.000  4.943802e-01 
  908.000  4.790214e-01 
  909.000  4.796851e-01 
  910.000  4.820097e-01 
  911.000  4.922240e-01 
  912.000  4.872915e-01 
  913.000  4.658476e-01 
  914.000  4.764592e-01 
  915.000  4.848245e-01 
  916.000  4.870976e-01 
  917.000  4.916455e-01 
  918.000  4.975238e-01 
  919.000  5.175112e-01 
  920.000  5.326233e-01 
  921.000  5.293047e-01 
  922.000  5.290305e-01 
  923.000  5.248256e-01 
  924.000  5.147089e-01 
  925.000  5.138789e-01 
  926.000  5.136439e-01 
  927.000  5.018387e-01 
  928.000  4.836875e-01 
  929.000  4.575097e-01 
  930.000  4.242772e-01 
  931.000  3.872216e-01 
  932.000  3.388939e-01 
  933.000  3.029675e-01 
  934.000  2.661851e-01 
  935.000  2.622789e-01 
  936.000  2.768164e-01 
  937.000  2.731222e-01 
  938.000  3.141189e-01 
  939.000  4.208799e-01 
  940.000  4.367996e-01 
  941.000  4.230673e-01 
  942.000  3.894057e-01 
  943.000  3.334839e-01 
  944.000  3.295854e-01 
  945.000  3.496888e-01 
  946.000  3.508131e-01 
  947.000  3.687598e-01 
  948.000  3.792892e-01 
  949.000  3.779128e-01 
  950.000  3.806101e-01 
  951.000  4.041787e-01 
  952.000  3.789923e-01 
  953.000  3.966521e-01 
  954.000  4.155950e-01 
  955.000  4.002393e-01 
  956.000  3.967921e-01 
  957.000  4.447030e-01 
  958.000  4.509015e-01 
  959.000  4.429353e-01 
  960.000  4.406219e-01 
  961.000  4.366302e-01 
  962.000  4.402700e-01 
  963.000  4.665514e-01 
  964.000  4.703262e-01 
  965.000  4.678184e-01 
  966.000  4.692453e-01 
  967.000  4.879859e-01 
  968.000  5.192454e-01 
  969.000  5.333526e-01 
  970.000  5.341142e-01 
  971.000  5.337830e-01 
  972.000  5.297840e-01 
  973.000  5.205358e-01 
  974.000  5.092631e-01 
  975.000  5.020176e-01 
  976.000  5.108866e-01 
  977.000  5.255272e-01 
  978.000  5.243416e-01 
  979.000  5.281340e-01 
  980.000  5.430517e-01 
  981.000  5.463575e-01 
  982.000  5.430402e-01 
  983.000  5.506940e-01 
  984.000  5.585701e-01 
  985.000  5.630443e-01 
  986.000  5.688151e-01 
  987.000  5.713155e-01 
  988.000  5.718901e-01 
  989.000  5.722588e-01 
  990.000  5.728714e-01 
  991.000  5.750203e-01 
  992.000  5.756340e-01 
  993.000  5.758661e-01 
  994.000  5.776688e-01 
  995.000  5.789953e-01 
  996.000  5.789881e-01 
  997.000  5.781031e-01 
  998.000  5.771602e-01 
  999.000  5.767927e-01 
 1000.000  5.771037e-01 
 1001.000  5.752212e-01 
 1002.000  5.719402e-01 
 1003.000  5.727268e-01 
 1004.000  5.746235e-01 
 1005.000  5.754931e-01 
 1006.000  5.757631e-01 
 1007.000  5.751405e-01 
 1008.000  5.724642e-01 
 1009.000  5.688814e-01 
 1010.000  5.704799e-01 
 1011.000  5.742855e-01 
 1012.000  5.757354e-01 
 1013.000  5.768709e-01 
 1014.000  5.771762e-01 
 1015.000  5.772655e-01 
 1016.000  5.777974e-01 
 1017.000  5.781071e-01 
 1018.000  5.774333e-01 
 1019.000  5.762696e-01 
 1020.000  5.767297e-01 
 1021.000  5.775255e-01 
 1022.000  5.760707e-01 
 1023.000  5.747212e-01 
 1024.000  5.739081e-01 
 1025.000  5.763572e-01 
 1026.000  5.772682e-01 
 1027.000  5.767786e-01 
 1028.000  5.771538e-01 
 1029.000  5.781940e-01 
 1030.000  5.791628e-01 
 1031.000  5.796424e-01 
 1032.000  5.800109e-01 
 1033.000  5.801175e-01 
 1034.000  5.803423e-01 
 1035.000  5.804453e-01 
 1036.000  5.802984e-01 
 1037.000  5.802643e-01 
 1038.000  5.803402e-01 
 1039.000  5.801612e-01 
 1040.000  5.799909e-01 
 1041.000  5.798546e-01 
 1042.000  5.798050e-01 
 1043.000  5.797768e-01 
 1044.000  5.796407e-01 
 1045.000  5.792866e-01 
 1046.000  5.790369e-01 
 1047.000  5.787293e-01 
 1048.000  5.782771e-01 
 1049.000  5.777873e-01 
 1050.000  5.774066e-01 
 1051.000  5.769505e-01 
 1052.000  5.765716e-01 
 1053.000  5.764189e-01 
 1054.000  5.758774e-01 
 1055.000  5.753796e-01 
 1056.000  5.748743e-01 
 1057.000  5.738201e-01 
 1058.000  5.719974e-01 
 1059.000  5.719684e-01 
 1060.000  5.726714e-01 
 1061.000  5.723723e-01 
 1062.000  5.711920e-01 
 1063.000  5.706272e-01 
 1064.000  5.695957e-01 
 1065.000  5.685636e-01 
 1066.000  5.686314e-01 
 1067.000  5.680402e-01 
 1068.000  5.662400e-01 
 1069.000  5.655962e-01 
 1070.000  5.661747e-01 
 1071.000  5.651014e-01 
 1072.000  5.639263e-01 
 1073.000  5.638480e-01 
 1074.000  5.642244e-01 
 1075.000  5.663911e-01 
 1076.000  5.652981e-01 
 1077.000  5.637659e-01 
 1078.000  5.619277e-01 
 1079.000  5.618043e-01 
 1080.000  5.566237e-01 
 1081.000  5.564248e-01 
 1082.000  5.588442e-01 
 1083.000  5.561411e-01 
 1084.000  5.531540e-01 
 1085.000  5.459030e-01 
 1086.000  5.476928e-01 
 1087.000  5.558202e-01 
 1088.000  5.561975e-01 
 1089.000  5.464561e-01 
 1090.000  5.446749e-01 
 1091.000  5.465980e-01 
 1092.000  5.418034e-01 
 1093.000  5.309774e-01 
 1094.000  5.262781e-01 
 1095.000  5.270830e-01 
 1096.000  5.278203e-01 
 1097.000  5.257047e-01 
 1098.000  4.992826e-01 
 1099.000  4.767636e-01 
 1100.000  4.783190e-01 
 1101.000  4.814621e-01 
 1102.000  4.800010e-01 
 1103.000  4.820965e-01 
 1104.000  4.783579e-01 
 1105.000  4.689222e-01 
 1106.000  4.593768e-01 
 1107.000  4.617929e-01 
 1108.000  4.635865e-01 
 1109.000  4.718165e-01 
 1110.000  4.708936e-01 
 1111.000  4.664091e-01 
 1112.000  4.464280e-01 
 1113.000  4.191545e-01 
 1114.000  4.118672e-01 
 1115.000  3.784471e-01 
 1116.000  3.577889e-01 
 1117.000  3.100956e-01 
 1118.000  2.668523e-01 
 1119.000  2.441546e-01 
 1120.000  2.161358e-01 
 1121.000  2.099748e-01 
 1122.000  1.812249e-01 
 1123.000  1.968557e-01 
 1124.000  2.074413e-01 
 1125.000  2.018904e-01 
 1126.000  1.996687e-01 
 1127.000  2.020959e-01 
 1128.000  2.068024e-01 
 1129.000  2.353498e-01 
 1130.000  3.028773e-01 
 1131.000  3.226000e-01 
 1132.000  2.956529e-01 
 1133.000  2.468413e-01 
 1134.000  1.605445e-01 
 1135.000  1.669725e-01 
 1136.000  2.538477e-01 
 1137.000  3.023119e-01 
 1138.000  3.496334e-01 
 1139.000  3.640205e-01 
 1140.000  3.549778e-01 
 1141.000  3.365982e-01 
 1142.000  3.301447e-01 
 1143.000  3.099577e-01 
 1144.000  2.873171e-01 
 1145.000  2.547961e-01 
 1146.000  2.624499e-01 
 1147.000  2.878968e-01 
 1148.000  3.106170e-01 
 1149.000  3.198163e-01 
 1150.000  3.202597e-01 
