  320.000  1.495177e-01 
  321.000  1.873461e-01 
  322.000  1.723928e-01 
  323.000  1.913643e-01 
  324.000  2.105875e-01 
  325.000  1.962466e-01 
  326.000  2.198413e-01 
  327.000  2.264774e-01 
  328.000  2.121727e-01 
  329.000  2.397198e-01 
  330.000  2.441193e-01 
  331.000  2.354226e-01 
  332.000  2.522457e-01 
  333.000  2.571749e-01 
  334.000  2.531269e-01 
  335.000  2.655478e-01 
  336.000  2.705967e-01 
  337.000  2.684677e-01 
  338.000  2.743922e-01 
  339.000  2.805215e-01 
  340.000  2.795132e-01 
  341.000  2.854766e-01 
  342.000  2.898463e-01 
  343.000  2.920437e-01 
  344.000  2.924930e-01 
  345.000  2.984324e-01 
  346.000  3.021891e-01 
  347.000  3.052555e-01 
  348.000  3.081306e-01 
  349.000  3.113631e-01 
  350.000  3.141288e-01 
  351.000  3.168855e-01 
  352.000  3.191488e-01 
  353.000  3.223696e-01 
  354.000  3.251137e-01 
  355.000  3.276692e-01 
  356.000  3.301609e-01 
  357.000  3.323799e-01 
  358.000  3.347688e-01 
  359.000  3.371568e-01 
  360.000  3.396038e-01 
  361.000  3.426972e-01 
  362.000  3.459206e-01 
  363.000  3.488914e-01 
  364.000  3.516271e-01 
  365.000  3.541947e-01 
  366.000  3.568216e-01 
  367.000  3.593240e-01 
  368.000  3.618050e-01 
  369.000  3.642657e-01 
  370.000  3.667022e-01 
  371.000  3.691208e-01 
  372.000  3.715205e-01 
  373.000  3.739009e-01 
  374.000  3.762439e-01 
  375.000  3.785428e-01 
  376.000  3.807644e-01 
  377.000  3.828649e-01 
  378.000  3.848166e-01 
  379.000  3.868003e-01 
  380.000  3.889828e-01 
  381.000  3.914681e-01 
  382.000  3.940446e-01 
  383.000  3.964820e-01 
  384.000  3.987949e-01 
  385.000  4.010240e-01 
  386.000  4.031967e-01 
  387.000  4.053348e-01 
  388.000  4.074461e-01 
  389.000  4.095405e-01 
  390.000  4.116185e-01 
  391.000  4.136756e-01 
  392.000  4.157179e-01 
  393.000  4.177437e-01 
  394.000  4.197510e-01 
  395.000  4.217381e-01 
  396.000  4.237128e-01 
  397.000  4.256648e-01 
  398.000  4.275991e-01 
  399.000  4.295173e-01 
  400.000  4.314092e-01 
  401.000  4.332941e-01 
  402.000  4.351641e-01 
  403.000  4.370183e-01 
  404.000  4.388562e-01 
  405.000  4.406742e-01 
  406.000  4.424804e-01 
  407.000  4.442725e-01 
  408.000  4.460492e-01 
  409.000  4.478086e-01 
  410.000  4.495515e-01 
  411.000  4.512773e-01 
  412.000  4.529848e-01 
  413.000  4.546827e-01 
  414.000  4.562588e-01 
  415.000  4.579640e-01 
  416.000  4.596478e-01 
  417.000  4.613037e-01 
  418.000  4.629216e-01 
  419.000  4.645218e-01 
  420.000  4.661077e-01 
  421.000  4.676843e-01 
  422.000  4.692512e-01 
  423.000  4.708067e-01 
  424.000  4.723439e-01 
  425.000  4.738459e-01 
  426.000  4.753335e-01 
  427.000  4.768081e-01 
  428.000  4.782565e-01 
  429.000  4.796849e-01 
  430.000  4.810967e-01 
  431.000  4.824981e-01 
  432.000  4.838849e-01 
  433.000  4.852587e-01 
  434.000  4.866211e-01 
  435.000  4.879701e-01 
  436.000  4.893042e-01 
  437.000  4.906239e-01 
  438.000  4.919286e-01 
  439.000  4.932234e-01 
  440.000  4.944974e-01 
  441.000  4.957553e-01 
  442.000  4.969934e-01 
  443.000  4.982129e-01 
  444.000  4.994132e-01 
  445.000  5.005878e-01 
  446.000  5.017299e-01 
  447.000  5.029277e-01 
  448.000  5.042120e-01 
  449.000  5.055122e-01 
  450.000  5.067873e-01 
  451.000  5.080127e-01 
  452.000  5.091951e-01 
  453.000  5.103536e-01 
  454.000  5.114911e-01 
  455.000  5.125626e-01 
  456.000  5.135477e-01 
  457.000  5.145332e-01 
  458.000  5.155053e-01 
  459.000  5.164569e-01 
  460.000  5.174010e-01 
  461.000  5.183351e-01 
  462.000  5.192515e-01 
  463.000  5.201639e-01 
  464.000  5.213518e-01 
  465.000  5.225220e-01 
  466.000  5.236715e-01 
  467.000  5.247945e-01 
  468.000  5.257093e-01 
  469.000  5.264972e-01 
  470.000  5.272217e-01 
  471.000  5.278740e-01 
  472.000  5.284279e-01 
  473.000  5.288161e-01 
  474.000  5.291349e-01 
  475.000  5.292168e-01 
  476.000  5.290590e-01 
  477.000  5.290558e-01 
  478.000  5.299781e-01 
  479.000  5.313823e-01 
  480.000  5.328979e-01 
  481.000  5.342577e-01 
  482.000  5.355331e-01 
  483.000  5.366418e-01 
  484.000  5.375948e-01 
  485.000  5.384470e-01 
  486.000  5.393559e-01 
  487.000  5.403128e-01 
  488.000  5.412390e-01 
  489.000  5.421481e-01 
  490.000  5.430465e-01 
  491.000  5.437500e-01 
  492.000  5.443931e-01 
  493.000  5.450330e-01 
  494.000  5.456549e-01 
  495.000  5.462767e-01 
  496.000  5.465971e-01 
  497.000  5.469053e-01 
  498.000  5.472091e-01 
  499.000  5.474964e-01 
  500.000  5.477793e-01 
  501.000  5.480307e-01 
  502.000  5.482821e-01 
  503.000  5.485305e-01 
  504.000  5.487673e-01 
  505.000  5.489912e-01 
  506.000  5.496472e-01 
  507.000  5.503221e-01 
  508.000  5.509960e-01 
  509.000  5.516621e-01 
  510.000  5.523142e-01 
  511.000  5.528986e-01 
  512.000  5.534632e-01 
  513.000  5.540243e-01 
  514.000  5.545786e-01 
  515.000  5.551279e-01 
  516.000  5.555204e-01 
  517.000  5.557720e-01 
  518.000  5.560167e-01 
  519.000  5.562567e-01 
  520.000  5.564944e-01 
  521.000  5.567074e-01 
  522.000  5.568610e-01 
  523.000  5.569717e-01 
  524.000  5.570862e-01 
  525.000  5.571764e-01 
  526.000  5.573029e-01 
  527.000  5.573233e-01 
  528.000  5.573006e-01 
  529.000  5.572767e-01 
  530.000  5.572582e-01 
  531.000  5.572429e-01 
  532.000  5.572771e-01 
  533.000  5.575857e-01 
  534.000  5.579753e-01 
  535.000  5.584151e-01 
  536.000  5.588403e-01 
  537.000  5.592291e-01 
  538.000  5.595769e-01 
  539.000  5.598992e-01 
  540.000  5.602014e-01 
  541.000  5.604948e-01 
  542.000  5.607755e-01 
  543.000  5.610461e-01 
  544.000  5.612508e-01 
  545.000  5.614016e-01 
  546.000  5.615454e-01 
  547.000  5.616933e-01 
  548.000  5.618338e-01 
  549.000  5.619721e-01 
  550.000  5.620391e-01 
  551.000  5.620356e-01 
  552.000  5.620348e-01 
  553.000  5.620194e-01 
  554.000  5.619974e-01 
  555.000  5.619714e-01 
  556.000  5.619186e-01 
  557.000  5.618197e-01 
  558.000  5.617126e-01 
  559.000  5.615932e-01 
  560.000  5.614437e-01 
  561.000  5.612668e-01 
  562.000  5.609600e-01 
  563.000  5.607470e-01 
  564.000  5.604749e-01 
  565.000  5.600814e-01 
  566.000  5.597588e-01 
  567.000  5.589918e-01 
  568.000  5.570332e-01 
  569.000  5.532860e-01 
  570.000  5.535804e-01 
  571.000  5.557650e-01 
  572.000  5.530854e-01 
  573.000  5.533463e-01 
  574.000  5.532970e-01 
  575.000  5.530052e-01 
  576.000  5.531740e-01 
  577.000  5.541907e-01 
  578.000  5.556138e-01 
  579.000  5.570438e-01 
  580.000  5.586588e-01 
  581.000  5.608149e-01 
  582.000  5.623837e-01 
  583.000  5.634831e-01 
  584.000  5.644870e-01 
  585.000  5.653284e-01 
  586.000  5.660809e-01 
  587.000  5.655374e-01 
  588.000  5.610781e-01 
  589.000  5.535131e-01 
  590.000  5.533000e-01 
  591.000  5.589736e-01 
  592.000  5.563471e-01 
  593.000  5.627384e-01 
  594.000  5.616078e-01 
  595.000  5.574886e-01 
  596.000  5.634384e-01 
  597.000  5.617948e-01 
  598.000  5.640129e-01 
  599.000  5.647397e-01 
  600.000  5.665983e-01 
  601.000  5.678509e-01 
  602.000  5.680501e-01 
  603.000  5.687706e-01 
  604.000  5.698282e-01 
  605.000  5.706251e-01 
  606.000  5.712501e-01 
  607.000  5.718555e-01 
  608.000  5.724508e-01 
  609.000  5.730214e-01 
  610.000  5.736142e-01 
  611.000  5.742732e-01 
  612.000  5.749185e-01 
  613.000  5.755438e-01 
  614.000  5.761507e-01 
  615.000  5.767560e-01 
  616.000  5.773392e-01 
  617.000  5.778900e-01 
  618.000  5.783518e-01 
  619.000  5.787425e-01 
  620.000  5.791042e-01 
  621.000  5.794150e-01 
  622.000  5.796747e-01 
  623.000  5.798485e-01 
  624.000  5.800337e-01 
  625.000  5.801888e-01 
  626.000  5.800683e-01 
  627.000  5.777500e-01 
  628.000  5.582250e-01 
  629.000  5.706771e-01 
  630.000  5.725616e-01 
  631.000  5.763461e-01 
  632.000  5.771475e-01 
  633.000  5.810340e-01 
  634.000  5.833246e-01 
  635.000  5.846412e-01 
  636.000  5.862172e-01 
  637.000  5.875731e-01 
  638.000  5.896019e-01 
  639.000  5.906346e-01 
  640.000  5.921428e-01 
  641.000  5.930936e-01 
  642.000  5.942259e-01 
  643.000  5.941941e-01 
  644.000  5.948746e-01 
  645.000  5.944819e-01 
  646.000  5.907055e-01 
  647.000  5.881652e-01 
  648.000  5.852324e-01 
  649.000  5.887863e-01 
  650.000  5.951028e-01 
  651.000  5.955527e-01 
  652.000  5.908430e-01 
  653.000  5.972238e-01 
  654.000  5.970176e-01 
  655.000  5.953036e-01 
  656.000  5.965040e-01 
  657.000  5.980948e-01 
  658.000  6.005521e-01 
  659.000  6.020679e-01 
  660.000  6.030378e-01 
  661.000  6.049772e-01 
  662.000  6.060712e-01 
  663.000  6.063846e-01 
  664.000  6.070697e-01 
  665.000  6.077374e-01 
  666.000  6.084889e-01 
  667.000  6.091558e-01 
  668.000  6.098921e-01 
  669.000  6.104780e-01 
  670.000  6.110199e-01 
  671.000  6.115788e-01 
  672.000  6.120995e-01 
  673.000  6.126136e-01 
  674.000  6.131241e-01 
  675.000  6.136345e-01 
  676.000  6.141171e-01 
  677.000  6.145601e-01 
  678.000  6.150033e-01 
  679.000  6.153948e-01 
  680.000  6.155645e-01 
  681.000  6.156505e-01 
  682.000  6.159610e-01 
  683.000  6.162026e-01 
  684.000  6.161210e-01 
  685.000  6.168413e-01 
  686.000  6.143861e-01 
  687.000  5.256538e-01 
  688.000  5.531577e-01 
  689.000  5.455536e-01 
  690.000  5.598950e-01 
  691.000  5.796081e-01 
  692.000  5.928513e-01 
  693.000  5.935872e-01 
  694.000  5.912968e-01 
  695.000  5.975932e-01 
  696.000  6.011361e-01 
  697.000  6.140154e-01 
  698.000  6.116667e-01 
  699.000  6.005856e-01 
  700.000  6.026210e-01 
  701.000  6.002460e-01 
  702.000  6.022429e-01 
  703.000  6.118152e-01 
  704.000  6.123622e-01 
  705.000  6.086020e-01 
  706.000  6.094793e-01 
  707.000  6.109892e-01 
  708.000  6.126093e-01 
  709.000  6.157985e-01 
  710.000  6.126493e-01 
  711.000  6.161070e-01 
  712.000  6.190650e-01 
  713.000  6.169113e-01 
  714.000  6.162731e-01 
  715.000  6.127136e-01 
  716.000  6.090400e-01 
  717.000  5.844953e-01 
  718.000  5.692858e-01 
  719.000  5.638716e-01 
  720.000  5.554569e-01 
  721.000  5.923430e-01 
  722.000  6.053280e-01 
  723.000  5.981722e-01 
  724.000  5.774534e-01 
  725.000  5.806820e-01 
  726.000  5.797598e-01 
  727.000  5.827882e-01 
  728.000  5.796062e-01 
  729.000  5.876743e-01 
  730.000  5.863185e-01 
  731.000  5.846665e-01 
  732.000  5.981901e-01 
  733.000  6.110167e-01 
  734.000  6.171796e-01 
  735.000  6.150779e-01 
  736.000  6.110960e-01 
  737.000  6.141866e-01 
  738.000  6.184088e-01 
  739.000  6.202486e-01 
  740.000  6.242649e-01 
  741.000  6.266017e-01 
  742.000  6.276107e-01 
  743.000  6.296598e-01 
  744.000  6.306613e-01 
  745.000  6.314480e-01 
  746.000  6.320832e-01 
  747.000  6.322743e-01 
  748.000  6.329448e-01 
  749.000  6.333114e-01 
  750.000  6.332197e-01 
  751.000  6.334047e-01 
  752.000  6.339985e-01 
  753.000  6.342859e-01 
  754.000  6.345280e-01 
  755.000  6.347113e-01 
  756.000  6.348996e-01 
  757.000  6.350319e-01 
  758.000  6.338506e-01 
  759.000  5.861287e-01 
  760.000  2.460028e-01 
  761.000  2.157823e-01 
  762.000  4.068266e-01 
  763.000  3.459903e-01 
  764.000  3.759812e-01 
  765.000  4.450632e-01 
  766.000  5.300650e-01 
  767.000  5.735756e-01 
  768.000  6.022440e-01 
  769.000  6.212564e-01 
  770.000  6.314692e-01 
  771.000  6.363111e-01 
  772.000  6.375210e-01 
  773.000  6.380700e-01 
  774.000  6.387854e-01 
  775.000  6.392033e-01 
  776.000  6.394968e-01 
  777.000  6.396123e-01 
  778.000  6.396480e-01 
  779.000  6.396681e-01 
  780.000  6.396832e-01 
  781.000  6.399490e-01 
  782.000  6.399568e-01 
  783.000  6.399722e-01 
  784.000  6.398242e-01 
  785.000  6.389354e-01 
  786.000  6.376040e-01 
  787.000  6.347225e-01 
  788.000  6.331629e-01 
  789.000  6.274692e-01 
  790.000  6.270165e-01 
  791.000  6.281391e-01 
  792.000  6.291752e-01 
  793.000  6.315423e-01 
  794.000  6.365193e-01 
  795.000  6.335361e-01 
  796.000  6.255068e-01 
  797.000  6.278512e-01 
  798.000  6.329780e-01 
  799.000  6.318496e-01 
  800.000  6.281754e-01 
  801.000  6.286513e-01 
  802.000  6.283090e-01 
  803.000  6.288835e-01 
  804.000  6.306561e-01 
  805.000  6.340231e-01 
  806.000  6.360413e-01 
  807.000  6.361611e-01 
  808.000  6.350676e-01 
  809.000  6.337170e-01 
  810.000  6.322370e-01 
  811.000  6.291585e-01 
  812.000  6.250032e-01 
  813.000  6.198932e-01 
  814.000  6.131219e-01 
  815.000  6.046733e-01 
  816.000  5.937104e-01 
  817.000  5.943804e-01 
  818.000  5.953113e-01 
  819.000  5.989462e-01 
  820.000  6.110411e-01 
  821.000  6.247825e-01 
  822.000  6.143854e-01 
  823.000  5.850314e-01 
  824.000  6.098353e-01 
  825.000  6.256307e-01 
  826.000  6.229397e-01 
  827.000  6.209763e-01 
  828.000  6.106060e-01 
  829.000  6.143855e-01 
  830.000  6.185995e-01 
  831.000  6.195985e-01 
  832.000  6.200292e-01 
  833.000  6.224565e-01 
  834.000  6.253044e-01 
  835.000  6.309316e-01 
  836.000  6.291429e-01 
  837.000  6.289656e-01 
  838.000  6.317204e-01 
  839.000  6.333962e-01 
  840.000  6.340211e-01 
  841.000  6.322466e-01 
  842.000  6.338822e-01 
  843.000  6.377311e-01 
  844.000  6.394842e-01 
  845.000  6.403143e-01 
  846.000  6.410826e-01 
  847.000  6.420210e-01 
  848.000  6.406265e-01 
  849.000  6.408501e-01 
  850.000  6.401121e-01 
  851.000  6.392264e-01 
  852.000  6.393414e-01 
  853.000  6.408691e-01 
  854.000  6.408095e-01 
  855.000  6.414810e-01 
  856.000  6.430781e-01 
  857.000  6.437491e-01 
  858.000  6.440898e-01 
  859.000  6.448746e-01 
  860.000  6.453285e-01 
  861.000  6.454169e-01 
  862.000  6.456688e-01 
  863.000  6.457224e-01 
  864.000  6.459027e-01 
  865.000  6.460544e-01 
  866.000  6.461120e-01 
  867.000  6.461109e-01 
  868.000  6.461541e-01 
  869.000  6.462202e-01 
  870.000  6.462107e-01 
  871.000  6.462741e-01 
  872.000  6.463970e-01 
  873.000  6.463187e-01 
  874.000  6.462863e-01 
  875.000  6.462956e-01 
  876.000  6.461423e-01 
  877.000  6.460751e-01 
  878.000  6.455554e-01 
  879.000  6.455917e-01 
  880.000  6.451448e-01 
  881.000  6.449658e-01 
  882.000  6.447442e-01 
  883.000  6.450057e-01 
  884.000  6.451232e-01 
  885.000  6.442823e-01 
  886.000  6.431094e-01 
  887.000  6.440387e-01 
  888.000  6.440030e-01 
  889.000  6.443312e-01 
  890.000  6.436179e-01 
  891.000  6.422099e-01 
  892.000  6.393295e-01 
  893.000  6.300323e-01 
  894.000  6.254182e-01 
  895.000  6.111403e-01 
  896.000  5.983045e-01 
  897.000  5.847124e-01 
  898.000  5.783380e-01 
  899.000  5.600515e-01 
  900.000  5.627577e-01 
  901.000  5.579733e-01 
  902.000  5.588161e-01 
  903.000  5.895335e-01 
  904.000  6.080545e-01 
  905.000  6.073648e-01 
  906.000  5.958103e-01 
  907.000  5.752208e-01 
  908.000  5.615520e-01 
  909.000  5.621737e-01 
  910.000  5.642649e-01 
  911.000  5.733782e-01 
  912.000  5.689848e-01 
  913.000  5.497528e-01 
  914.000  5.592924e-01 
  915.000  5.667593e-01 
  916.000  5.687685e-01 
  917.000  5.727926e-01 
  918.000  5.779901e-01 
  919.000  5.956131e-01 
  920.000  6.088050e-01 
  921.000  6.058884e-01 
  922.000  6.056454e-01 
  923.000  6.019737e-01 
  924.000  5.931120e-01 
  925.000  5.924387e-01 
  926.000  5.923743e-01 
  927.000  5.820982e-01 
  928.000  5.661770e-01 
  929.000  5.429489e-01 
  930.000  5.129675e-01 
  931.000  4.788207e-01 
  932.000  4.335000e-01 
  933.000  3.983799e-01 
  934.000  3.611464e-01 
  935.000  3.572496e-01 
  936.000  3.723556e-01 
  937.000  3.684045e-01 
  938.000  4.093865e-01 
  939.000  5.113364e-01 
  940.000  5.258861e-01 
  941.000  5.131456e-01 
  942.000  4.816872e-01 
  943.000  4.280010e-01 
  944.000  4.242718e-01 
  945.000  4.439675e-01 
  946.000  4.449572e-01 
  947.000  4.620282e-01 
  948.000  4.719733e-01 
  949.000  4.705494e-01 
  950.000  4.730568e-01 
  951.000  4.951676e-01 
  952.000  4.713006e-01 
  953.000  4.878364e-01 
  954.000  5.053598e-01 
  955.000  4.909000e-01 
  956.000  4.874288e-01 
  957.000  5.316020e-01 
  958.000  5.371072e-01 
  959.000  5.297315e-01 
  960.000  5.275286e-01 
  961.000  5.238063e-01 
  962.000  5.270711e-01 
  963.000  5.508765e-01 
  964.000  5.542223e-01 
  965.000  5.518999e-01 
  966.000  5.531189e-01 
  967.000  5.698512e-01 
  968.000  5.974429e-01 
  969.000  6.097438e-01 
  970.000  6.103831e-01 
  971.000  6.100904e-01 
  972.000  6.066113e-01 
  973.000  5.985249e-01 
  974.000  5.886066e-01 
  975.000  5.822007e-01 
  976.000  5.900409e-01 
  977.000  6.029042e-01 
  978.000  6.018415e-01 
  979.000  6.051321e-01 
  980.000  6.181206e-01 
  981.000  6.209734e-01 
  982.000  6.180689e-01 
  983.000  6.246905e-01 
  984.000  6.314872e-01 
  985.000  6.353356e-01 
  986.000  6.402915e-01 
  987.000  6.424308e-01 
  988.000  6.429188e-01 
  989.000  6.432325e-01 
  990.000  6.437581e-01 
  991.000  6.456015e-01 
  992.000  6.459846e-01 
  993.000  6.461912e-01 
  994.000  6.478544e-01 
  995.000  6.489992e-01 
  996.000  6.489967e-01 
  997.000  6.483014e-01 
  998.000  6.474914e-01 
  999.000  6.471840e-01 
 1000.000  6.474532e-01 
 1001.000  6.458112e-01 
 1002.000  6.430000e-01 
 1003.000  6.436795e-01 
 1004.000  6.453114e-01 
 1005.000  6.460612e-01 
 1006.000  6.461408e-01 
 1007.000  6.457610e-01 
 1008.000  6.434670e-01 
 1009.000  6.403896e-01 
 1010.000  6.417653e-01 
 1011.000  6.450329e-01 
 1012.000  6.462770e-01 
 1013.000  6.471246e-01 
 1014.000  6.475423e-01 
 1015.000  6.476160e-01 
 1016.000  6.480117e-01 
 1017.000  6.482795e-01 
 1018.000  6.477566e-01 
 1019.000  6.465893e-01 
 1020.000  6.469944e-01 
 1021.000  6.477746e-01 
 1022.000  6.464098e-01 
 1023.000  6.453906e-01 
 1024.000  6.446883e-01 
 1025.000  6.466526e-01 
 1026.000  6.475310e-01 
 1027.000  6.471695e-01 
 1028.000  6.474788e-01 
 1029.000  6.483679e-01 
 1030.000  6.491890e-01 
 1031.000  6.495935e-01 
 1032.000  6.498975e-01 
 1033.000  6.499358e-01 
 1034.000  6.501458e-01 
 1035.000  6.502013e-01 
 1036.000  6.500316e-01 
 1037.000  6.499621e-01 
 1038.000  6.500188e-01 
 1039.000  6.498599e-01 
 1040.000  6.496989e-01 
 1041.000  6.495691e-01 
 1042.000  6.495157e-01 
 1043.000  6.494757e-01 
 1044.000  6.493380e-01 
 1045.000  6.490149e-01 
 1046.000  6.487801e-01 
 1047.000  6.484843e-01 
 1048.000  6.480135e-01 
 1049.000  6.474851e-01 
 1050.000  6.471217e-01 
 1051.000  6.466928e-01 
 1052.000  6.463253e-01 
 1053.000  6.461616e-01 
 1054.000  6.456895e-01 
 1055.000  6.451792e-01 
 1056.000  6.446815e-01 
 1057.000  6.437084e-01 
 1058.000  6.421240e-01 
 1059.000  6.420325e-01 
 1060.000  6.425313e-01 
 1061.000  6.422328e-01 
 1062.000  6.411958e-01 
 1063.000  6.405970e-01 
 1064.000  6.396199e-01 
 1065.000  6.387200e-01 
 1066.000  6.387692e-01 
 1067.000  6.381938e-01 
 1068.000  6.366989e-01 
 1069.000  6.363425e-01 
 1070.000  6.369798e-01 
 1071.000  6.361784e-01 
 1072.000  6.352471e-01 
 1073.000  6.352649e-01 
 1074.000  6.356702e-01 
 1075.000  6.376167e-01 
 1076.000  6.367489e-01 
 1077.000  6.354953e-01 
 1078.000  6.339737e-01 
 1079.000  6.339297e-01 
 1080.000  6.295027e-01 
 1081.000  6.293772e-01 
 1082.000  6.315136e-01 
 1083.000  6.292273e-01 
 1084.000  6.266817e-01 
 1085.000  6.204208e-01 
 1086.000  6.220172e-01 
 1087.000  6.291074e-01 
 1088.000  6.294610e-01 
 1089.000  6.210423e-01 
 1090.000  6.195292e-01 
 1091.000  6.212378e-01 
 1092.000  6.171083e-01 
 1093.000  6.076811e-01 
 1094.000  6.035831e-01 
 1095.000  6.043190e-01 
 1096.000  6.050110e-01 
 1097.000  6.032083e-01 
 1098.000  5.799136e-01 
 1099.000  5.598397e-01 
 1100.000  5.612663e-01 
 1101.000  5.641199e-01 
 1102.000  5.628710e-01 
 1103.000  5.647993e-01 
 1104.000  5.614945e-01 
 1105.000  5.530657e-01 
 1106.000  5.444365e-01 
 1107.000  5.467260e-01 
 1108.000  5.484887e-01 
 1109.000  5.561050e-01 
 1110.000  5.555133e-01 
 1111.000  5.515969e-01 
 1112.000  5.336130e-01 
 1113.000  5.089159e-01 
 1114.000  5.026985e-01 
 1115.000  4.718798e-01 
 1116.000  4.524373e-01 
 1117.000  4.058809e-01 
 1118.000  3.625514e-01 
 1119.000  3.394939e-01 
 1120.000  3.098774e-01 
 1121.000  3.033375e-01 
 1122.000  2.712483e-01 
 1123.000  2.893044e-01 
 1124.000  3.013037e-01 
 1125.000  2.951438e-01 
 1126.000  2.925905e-01 
 1127.000  2.951156e-01 
 1128.000  3.000318e-01 
 1129.000  3.309576e-01 
 1130.000  4.014538e-01 
 1131.000  4.213091e-01 
 1132.000  3.942695e-01 
 1133.000  3.432276e-01 
 1134.000  2.467548e-01 
 1135.000  2.542139e-01 
 1136.000  3.502416e-01 
 1137.000  4.002244e-01 
 1138.000  4.468356e-01 
 1139.000  4.600491e-01 
 1140.000  4.512740e-01 
 1141.000  4.329917e-01 
 1142.000  4.266827e-01 
 1143.000  4.066909e-01 
 1144.000  3.837516e-01 
 1145.000  3.500903e-01 
 1146.000  3.580728e-01 
 1147.000  3.842739e-01 
 1148.000  4.071895e-01 
 1149.000  4.161951e-01 
 1150.000  4.162281e-01 
