  320.000  1.175763e-01 
  321.000  1.506393e-01 
  322.000  1.374826e-01 
  323.000  1.541928e-01 
  324.000  1.712925e-01 
  325.000  1.585204e-01 
  326.000  1.795800e-01 
  327.000  1.855446e-01 
  328.000  1.727097e-01 
  329.000  1.974979e-01 
  330.000  2.014839e-01 
  331.000  1.936117e-01 
  332.000  2.088649e-01 
  333.000  2.133534e-01 
  334.000  2.096667e-01 
  335.000  2.209972e-01 
  336.000  2.256181e-01 
  337.000  2.236685e-01 
  338.000  2.290974e-01 
  339.000  2.347261e-01 
  340.000  2.337993e-01 
  341.000  2.392853e-01 
  342.000  2.433125e-01 
  343.000  2.453399e-01 
  344.000  2.457546e-01 
  345.000  2.512429e-01 
  346.000  2.547198e-01 
  347.000  2.575610e-01 
  348.000  2.602275e-01 
  349.000  2.632284e-01 
  350.000  2.657984e-01 
  351.000  2.683623e-01 
  352.000  2.704689e-01 
  353.000  2.734693e-01 
  354.000  2.760280e-01 
  355.000  2.784127e-01 
  356.000  2.807396e-01 
  357.000  2.828133e-01 
  358.000  2.850474e-01 
  359.000  2.872821e-01 
  360.000  2.895737e-01 
  361.000  2.924730e-01 
  362.000  2.954969e-01 
  363.000  2.982862e-01 
  364.000  3.008570e-01 
  365.000  3.032715e-01 
  366.000  3.057436e-01 
  367.000  3.081002e-01 
  368.000  3.104382e-01 
  369.000  3.127587e-01 
  370.000  3.150579e-01 
  371.000  3.173416e-01 
  372.000  3.196090e-01 
  373.000  3.218596e-01 
  374.000  3.240763e-01 
  375.000  3.262525e-01 
  376.000  3.283567e-01 
  377.000  3.303474e-01 
  378.000  3.321981e-01 
  379.000  3.340800e-01 
  380.000  3.361516e-01 
  381.000  3.385121e-01 
  382.000  3.409607e-01 
  383.000  3.432786e-01 
  384.000  3.454793e-01 
  385.000  3.476016e-01 
  386.000  3.496712e-01 
  387.000  3.517090e-01 
  388.000  3.537223e-01 
  389.000  3.557205e-01 
  390.000  3.577040e-01 
  391.000  3.596686e-01 
  392.000  3.616199e-01 
  393.000  3.635565e-01 
  394.000  3.654763e-01 
  395.000  3.673777e-01 
  396.000  3.692679e-01 
  397.000  3.711374e-01 
  398.000  3.729908e-01 
  399.000  3.748296e-01 
  400.000  3.766439e-01 
  401.000  3.784523e-01 
  402.000  3.802472e-01 
  403.000  3.820277e-01 
  404.000  3.837932e-01 
  405.000  3.855404e-01 
  406.000  3.872768e-01 
  407.000  3.890005e-01 
  408.000  3.907101e-01 
  409.000  3.924036e-01 
  410.000  3.940819e-01 
  411.000  3.957444e-01 
  412.000  3.973898e-01 
  413.000  3.990266e-01 
  414.000  4.005466e-01 
  415.000  4.021916e-01 
  416.000  4.038166e-01 
  417.000  4.054151e-01 
  418.000  4.069777e-01 
  419.000  4.085236e-01 
  420.000  4.100562e-01 
  421.000  4.115803e-01 
  422.000  4.130956e-01 
  423.000  4.146002e-01 
  424.000  4.160877e-01 
  425.000  4.175417e-01 
  426.000  4.189821e-01 
  427.000  4.204103e-01 
  428.000  4.218137e-01 
  429.000  4.231980e-01 
  430.000  4.245667e-01 
  431.000  4.259256e-01 
  432.000  4.272709e-01 
  433.000  4.286039e-01 
  434.000  4.299261e-01 
  435.000  4.312358e-01 
  436.000  4.325313e-01 
  437.000  4.338131e-01 
  438.000  4.350808e-01 
  439.000  4.363391e-01 
  440.000  4.375775e-01 
  441.000  4.388007e-01 
  442.000  4.400048e-01 
  443.000  4.411911e-01 
  444.000  4.423591e-01 
  445.000  4.435024e-01 
  446.000  4.446142e-01 
  447.000  4.457805e-01 
  448.000  4.470314e-01 
  449.000  4.482980e-01 
  450.000  4.495406e-01 
  451.000  4.507349e-01 
  452.000  4.518878e-01 
  453.000  4.530174e-01 
  454.000  4.541269e-01 
  455.000  4.551722e-01 
  456.000  4.561335e-01 
  457.000  4.570951e-01 
  458.000  4.580441e-01 
  459.000  4.589732e-01 
  460.000  4.598950e-01 
  461.000  4.608074e-01 
  462.000  4.617025e-01 
  463.000  4.625939e-01 
  464.000  4.637547e-01 
  465.000  4.648985e-01 
  466.000  4.660223e-01 
  467.000  4.671204e-01 
  468.000  4.680151e-01 
  469.000  4.687858e-01 
  470.000  4.694946e-01 
  471.000  4.701329e-01 
  472.000  4.706749e-01 
  473.000  4.710548e-01 
  474.000  4.713668e-01 
  475.000  4.714470e-01 
  476.000  4.712925e-01 
  477.000  4.712893e-01 
  478.000  4.721921e-01 
  479.000  4.735669e-01 
  480.000  4.750511e-01 
  481.000  4.763830e-01 
  482.000  4.776326e-01 
  483.000  4.787192e-01 
  484.000  4.796533e-01 
  485.000  4.804888e-01 
  486.000  4.813800e-01 
  487.000  4.823183e-01 
  488.000  4.832267e-01 
  489.000  4.841186e-01 
  490.000  4.850001e-01 
  491.000  4.856904e-01 
  492.000  4.863216e-01 
  493.000  4.869497e-01 
  494.000  4.875602e-01 
  495.000  4.881706e-01 
  496.000  4.884852e-01 
  497.000  4.887879e-01 
  498.000  4.890862e-01 
  499.000  4.893684e-01 
  500.000  4.896461e-01 
  501.000  4.898930e-01 
  502.000  4.901400e-01 
  503.000  4.903839e-01 
  504.000  4.906165e-01 
  505.000  4.908365e-01 
  506.000  4.914808e-01 
  507.000  4.921439e-01 
  508.000  4.928061e-01 
  509.000  4.934608e-01 
  510.000  4.941016e-01 
  511.000  4.946761e-01 
  512.000  4.952310e-01 
  513.000  4.957827e-01 
  514.000  4.963277e-01 
  515.000  4.968679e-01 
  516.000  4.972539e-01 
  517.000  4.975013e-01 
  518.000  4.977419e-01 
  519.000  4.979780e-01 
  520.000  4.982118e-01 
  521.000  4.984213e-01 
  522.000  4.985724e-01 
  523.000  4.986813e-01 
  524.000  4.987939e-01 
  525.000  4.988826e-01 
  526.000  4.990071e-01 
  527.000  4.990271e-01 
  528.000  4.990049e-01 
  529.000  4.989814e-01 
  530.000  4.989631e-01 
  531.000  4.989481e-01 
  532.000  4.989817e-01 
  533.000  4.992853e-01 
  534.000  4.996687e-01 
  535.000  5.001013e-01 
  536.000  5.005197e-01 
  537.000  5.009024e-01 
  538.000  5.012446e-01 
  539.000  5.015618e-01 
  540.000  5.018592e-01 
  541.000  5.021481e-01 
  542.000  5.024243e-01 
  543.000  5.026907e-01 
  544.000  5.028922e-01 
  545.000  5.030407e-01 
  546.000  5.031823e-01 
  547.000  5.033279e-01 
  548.000  5.034662e-01 
  549.000  5.036023e-01 
  550.000  5.036684e-01 
  551.000  5.036649e-01 
  552.000  5.036641e-01 
  553.000  5.036490e-01 
  554.000  5.036272e-01 
  555.000  5.036016e-01 
  556.000  5.035498e-01 
  557.000  5.034522e-01 
  558.000  5.033469e-01 
  559.000  5.032293e-01 
  560.000  5.030821e-01 
  561.000  5.029078e-01 
  562.000  5.025831e-01 
  563.000  5.023715e-01 
  564.000  5.020982e-01 
  565.000  5.016947e-01 
  566.000  5.013877e-01 
  567.000  5.005612e-01 
  568.000  4.983867e-01 
  569.000  4.941843e-01 
  570.000  4.946010e-01 
  571.000  4.971783e-01 
  572.000  4.942129e-01 
  573.000  4.947099e-01 
  574.000  4.945936e-01 
  575.000  4.943000e-01 
  576.000  4.944691e-01 
  577.000  4.956312e-01 
  578.000  4.971299e-01 
  579.000  4.986316e-01 
  580.000  5.002142e-01 
  581.000  5.023515e-01 
  582.000  5.038920e-01 
  583.000  5.049596e-01 
  584.000  5.059314e-01 
  585.000  5.066823e-01 
  586.000  5.074406e-01 
  587.000  5.066291e-01 
  588.000  5.013927e-01 
  589.000  4.926337e-01 
  590.000  4.923230e-01 
  591.000  4.987578e-01 
  592.000  4.956930e-01 
  593.000  5.029697e-01 
  594.000  5.016202e-01 
  595.000  4.968505e-01 
  596.000  5.037103e-01 
  597.000  5.018821e-01 
  598.000  5.044889e-01 
  599.000  5.053850e-01 
  600.000  5.077044e-01 
  601.000  5.090650e-01 
  602.000  5.093537e-01 
  603.000  5.101830e-01 
  604.000  5.112803e-01 
  605.000  5.121053e-01 
  606.000  5.127321e-01 
  607.000  5.133387e-01 
  608.000  5.139275e-01 
  609.000  5.144914e-01 
  610.000  5.150765e-01 
  611.000  5.157266e-01 
  612.000  5.163633e-01 
  613.000  5.169804e-01 
  614.000  5.175794e-01 
  615.000  5.181769e-01 
  616.000  5.187525e-01 
  617.000  5.192963e-01 
  618.000  5.197523e-01 
  619.000  5.201381e-01 
  620.000  5.204952e-01 
  621.000  5.208021e-01 
  622.000  5.210586e-01 
  623.000  5.212303e-01 
  624.000  5.214130e-01 
  625.000  5.215659e-01 
  626.000  5.213879e-01 
  627.000  5.188243e-01 
  628.000  5.004671e-01 
  629.000  5.120012e-01 
  630.000  5.141667e-01 
  631.000  5.177778e-01 
  632.000  5.180898e-01 
  633.000  5.221294e-01 
  634.000  5.244405e-01 
  635.000  5.256767e-01 
  636.000  5.272115e-01 
  637.000  5.285549e-01 
  638.000  5.306884e-01 
  639.000  5.317346e-01 
  640.000  5.332369e-01 
  641.000  5.341520e-01 
  642.000  5.353138e-01 
  643.000  5.351893e-01 
  644.000  5.358468e-01 
  645.000  5.352202e-01 
  646.000  5.307670e-01 
  647.000  5.277264e-01 
  648.000  5.242456e-01 
  649.000  5.282258e-01 
  650.000  5.354076e-01 
  651.000  5.358368e-01 
  652.000  5.303233e-01 
  653.000  5.375875e-01 
  654.000  5.372632e-01 
  655.000  5.351990e-01 
  656.000  5.364963e-01 
  657.000  5.382525e-01 
  658.000  5.410065e-01 
  659.000  5.427898e-01 
  660.000  5.436829e-01 
  661.000  5.458347e-01 
  662.000  5.470518e-01 
  663.000  5.473416e-01 
  664.000  5.480379e-01 
  665.000  5.486870e-01 
  666.000  5.494820e-01 
  667.000  5.501751e-01 
  668.000  5.509493e-01 
  669.000  5.515440e-01 
  670.000  5.520864e-01 
  671.000  5.526497e-01 
  672.000  5.531676e-01 
  673.000  5.536782e-01 
  674.000  5.541848e-01 
  675.000  5.546917e-01 
  676.000  5.551698e-01 
  677.000  5.556089e-01 
  678.000  5.560487e-01 
  679.000  5.564275e-01 
  680.000  5.565445e-01 
  681.000  5.565627e-01 
  682.000  5.568909e-01 
  683.000  5.571149e-01 
  684.000  5.569616e-01 
  685.000  5.576673e-01 
  686.000  5.553182e-01 
  687.000  4.712359e-01 
  688.000  4.973398e-01 
  689.000  4.900421e-01 
  690.000  5.036920e-01 
  691.000  5.221521e-01 
  692.000  5.341074e-01 
  693.000  5.329174e-01 
  694.000  5.290599e-01 
  695.000  5.356373e-01 
  696.000  5.393965e-01 
  697.000  5.538619e-01 
  698.000  5.511153e-01 
  699.000  5.385005e-01 
  700.000  5.407531e-01 
  701.000  5.380251e-01 
  702.000  5.402436e-01 
  703.000  5.510553e-01 
  704.000  5.516390e-01 
  705.000  5.473400e-01 
  706.000  5.483038e-01 
  707.000  5.499855e-01 
  708.000  5.517938e-01 
  709.000  5.553856e-01 
  710.000  5.517743e-01 
  711.000  5.556704e-01 
  712.000  5.590019e-01 
  713.000  5.565146e-01 
  714.000  5.557477e-01 
  715.000  5.516484e-01 
  716.000  5.474007e-01 
  717.000  5.196309e-01 
  718.000  5.025366e-01 
  719.000  4.964421e-01 
  720.000  4.871014e-01 
  721.000  5.282472e-01 
  722.000  5.428718e-01 
  723.000  5.347553e-01 
  724.000  5.114529e-01 
  725.000  5.150163e-01 
  726.000  5.139696e-01 
  727.000  5.173428e-01 
  728.000  5.137702e-01 
  729.000  5.227960e-01 
  730.000  5.212743e-01 
  731.000  5.194250e-01 
  732.000  5.346082e-01 
  733.000  5.491054e-01 
  734.000  5.560951e-01 
  735.000  5.536940e-01 
  736.000  5.491636e-01 
  737.000  5.526547e-01 
  738.000  5.574350e-01 
  739.000  5.595139e-01 
  740.000  5.640733e-01 
  741.000  5.667233e-01 
  742.000  5.678599e-01 
  743.000  5.701507e-01 
  744.000  5.712752e-01 
  745.000  5.721564e-01 
  746.000  5.728676e-01 
  747.000  5.731031e-01 
  748.000  5.738119e-01 
  749.000  5.742107e-01 
  750.000  5.740659e-01 
  751.000  5.742498e-01 
  752.000  5.749186e-01 
  753.000  5.752243e-01 
  754.000  5.754763e-01 
  755.000  5.756587e-01 
  756.000  5.758471e-01 
  757.000  5.759789e-01 
  758.000  5.748225e-01 
  759.000  5.293333e-01 
  760.000  2.119467e-01 
  761.000  1.845952e-01 
  762.000  3.602135e-01 
  763.000  3.036722e-01 
  764.000  3.314905e-01 
  765.000  3.960115e-01 
  766.000  4.761450e-01 
  767.000  5.174467e-01 
  768.000  5.447566e-01 
  769.000  5.629104e-01 
  770.000  5.727344e-01 
  771.000  5.773336e-01 
  772.000  5.784957e-01 
  773.000  5.790192e-01 
  774.000  5.797092e-01 
  775.000  5.801268e-01 
  776.000  5.804225e-01 
  777.000  5.805283e-01 
  778.000  5.805476e-01 
  779.000  5.805529e-01 
  780.000  5.805540e-01 
  781.000  5.808509e-01 
  782.000  5.808435e-01 
  783.000  5.808451e-01 
  784.000  5.806536e-01 
  785.000  5.796817e-01 
  786.000  5.780997e-01 
  787.000  5.748555e-01 
  788.000  5.730751e-01 
  789.000  5.666266e-01 
  790.000  5.661014e-01 
  791.000  5.673562e-01 
  792.000  5.685161e-01 
  793.000  5.711816e-01 
  794.000  5.768027e-01 
  795.000  5.734137e-01 
  796.000  5.643336e-01 
  797.000  5.669669e-01 
  798.000  5.727482e-01 
  799.000  5.714623e-01 
  800.000  5.673006e-01 
  801.000  5.678267e-01 
  802.000  5.674298e-01 
  803.000  5.680684e-01 
  804.000  5.700625e-01 
  805.000  5.738597e-01 
  806.000  5.761350e-01 
  807.000  5.762604e-01 
  808.000  5.750110e-01 
  809.000  5.734699e-01 
  810.000  5.717804e-01 
  811.000  5.682839e-01 
  812.000  5.635701e-01 
  813.000  5.577872e-01 
  814.000  5.501454e-01 
  815.000  5.406336e-01 
  816.000  5.283858e-01 
  817.000  5.291029e-01 
  818.000  5.301270e-01 
  819.000  5.341843e-01 
  820.000  5.477098e-01 
  821.000  5.631416e-01 
  822.000  5.514429e-01 
  823.000  5.187089e-01 
  824.000  5.463335e-01 
  825.000  5.640757e-01 
  826.000  5.610589e-01 
  827.000  5.588404e-01 
  828.000  5.471870e-01 
  829.000  5.514138e-01 
  830.000  5.561420e-01 
  831.000  5.572637e-01 
  832.000  5.577580e-01 
  833.000  5.604885e-01 
  834.000  5.636982e-01 
  835.000  5.700495e-01 
  836.000  5.680274e-01 
  837.000  5.678266e-01 
  838.000  5.709308e-01 
  839.000  5.728202e-01 
  840.000  5.735195e-01 
  841.000  5.715075e-01 
  842.000  5.733492e-01 
  843.000  5.776969e-01 
  844.000  5.796771e-01 
  845.000  5.806107e-01 
  846.000  5.815913e-01 
  847.000  5.824952e-01 
  848.000  5.809412e-01 
  849.000  5.811858e-01 
  850.000  5.803407e-01 
  851.000  5.793291e-01 
  852.000  5.794513e-01 
  853.000  5.811746e-01 
  854.000  5.811005e-01 
  855.000  5.819755e-01 
  856.000  5.836293e-01 
  857.000  5.843803e-01 
  858.000  5.848179e-01 
  859.000  5.856837e-01 
  860.000  5.861630e-01 
  861.000  5.862573e-01 
  862.000  5.865447e-01 
  863.000  5.865979e-01 
  864.000  5.868008e-01 
  865.000  5.869699e-01 
  866.000  5.870279e-01 
  867.000  5.870172e-01 
  868.000  5.870584e-01 
  869.000  5.871266e-01 
  870.000  5.871060e-01 
  871.000  5.871712e-01 
  872.000  5.873061e-01 
  873.000  5.872050e-01 
  874.000  5.871578e-01 
  875.000  5.871596e-01 
  876.000  5.869706e-01 
  877.000  5.868827e-01 
  878.000  5.863452e-01 
  879.000  5.863221e-01 
  880.000  5.858730e-01 
  881.000  5.856006e-01 
  882.000  5.854094e-01 
  883.000  5.856312e-01 
  884.000  5.857580e-01 
  885.000  5.848051e-01 
  886.000  5.834818e-01 
  887.000  5.845849e-01 
  888.000  5.845382e-01 
  889.000  5.848264e-01 
  890.000  5.840877e-01 
  891.000  5.826172e-01 
  892.000  5.791921e-01 
  893.000  5.687294e-01 
  894.000  5.635290e-01 
  895.000  5.475797e-01 
  896.000  5.332818e-01 
  897.000  5.182000e-01 
  898.000  5.111488e-01 
  899.000  4.911557e-01 
  900.000  4.940686e-01 
  901.000  4.888688e-01 
  902.000  4.898231e-01 
  903.000  5.234418e-01 
  904.000  5.439250e-01 
  905.000  5.431836e-01 
  906.000  5.303944e-01 
  907.000  5.077505e-01 
  908.000  4.928151e-01 
  909.000  4.934680e-01 
  910.000  4.957340e-01 
  911.000  5.056724e-01 
  912.000  5.008749e-01 
  913.000  4.799859e-01 
  914.000  4.903285e-01 
  915.000  4.984686e-01 
  916.000  5.006757e-01 
  917.000  5.050924e-01 
  918.000  5.108004e-01 
  919.000  5.301954e-01 
  920.000  5.448268e-01 
  921.000  5.416095e-01 
  922.000  5.413431e-01 
  923.000  5.372714e-01 
  924.000  5.274691e-01 
  925.000  5.266783e-01 
  926.000  5.264856e-01 
  927.000  5.150626e-01 
  928.000  4.974683e-01 
  929.000  4.720268e-01 
  930.000  4.396062e-01 
  931.000  4.032805e-01 
  932.000  3.557101e-01 
  933.000  3.200112e-01 
  934.000  2.831711e-01 
  935.000  2.792710e-01 
  936.000  2.939183e-01 
  937.000  2.901717e-01 
  938.000  3.311173e-01 
  939.000  4.366333e-01 
  940.000  4.522122e-01 
  941.000  4.387287e-01 
  942.000  4.056227e-01 
  943.000  3.502876e-01 
  944.000  3.464325e-01 
  945.000  3.664168e-01 
  946.000  3.675089e-01 
  947.000  3.852309e-01 
  948.000  3.956114e-01 
  949.000  3.942256e-01 
  950.000  3.968752e-01 
  951.000  4.200742e-01 
  952.000  3.952270e-01 
  953.000  4.126021e-01 
  954.000  4.311883e-01 
  955.000  4.160617e-01 
  956.000  4.126132e-01 
  957.000  4.595824e-01 
  958.000  4.656085e-01 
  959.000  4.577918e-01 
  960.000  4.555072e-01 
  961.000  4.515841e-01 
  962.000  4.551303e-01 
  963.000  4.807906e-01 
  964.000  4.844582e-01 
  965.000  4.819974e-01 
  966.000  4.833727e-01 
  967.000  5.016104e-01 
  968.000  5.319522e-01 
  969.000  5.456073e-01 
  970.000  5.463383e-01 
  971.000  5.460167e-01 
  972.000  5.421481e-01 
  973.000  5.331903e-01 
  974.000  5.222566e-01 
  975.000  5.152212e-01 
  976.000  5.238326e-01 
  977.000  5.380284e-01 
  978.000  5.368739e-01 
  979.000  5.405402e-01 
  980.000  5.549750e-01 
  981.000  5.581673e-01 
  982.000  5.549534e-01 
  983.000  5.623487e-01 
  984.000  5.699543e-01 
  985.000  5.742717e-01 
  986.000  5.798383e-01 
  987.000  5.822482e-01 
  988.000  5.828010e-01 
  989.000  5.831559e-01 
  990.000  5.837467e-01 
  991.000  5.858190e-01 
  992.000  5.864112e-01 
  993.000  5.866357e-01 
  994.000  5.883796e-01 
  995.000  5.895923e-01 
  996.000  5.896534e-01 
  997.000  5.888031e-01 
  998.000  5.878940e-01 
  999.000  5.875413e-01 
 1000.000  5.878419e-01 
 1001.000  5.860220e-01 
 1002.000  5.828587e-01 
 1003.000  5.836185e-01 
 1004.000  5.854488e-01 
 1005.000  5.862884e-01 
 1006.000  5.865482e-01 
 1007.000  5.859488e-01 
 1008.000  5.833685e-01 
 1009.000  5.799123e-01 
 1010.000  5.814550e-01 
 1011.000  5.851257e-01 
 1012.000  5.865241e-01 
 1013.000  5.874444e-01 
 1014.000  5.879185e-01 
 1015.000  5.880040e-01 
 1016.000  5.885158e-01 
 1017.000  5.887424e-01 
 1018.000  5.881650e-01 
 1019.000  5.870373e-01 
 1020.000  5.873025e-01 
 1021.000  5.882533e-01 
 1022.000  5.868441e-01 
 1023.000  5.855418e-01 
 1024.000  5.847566e-01 
 1025.000  5.871175e-01 
 1026.000  5.879999e-01 
 1027.000  5.875270e-01 
 1028.000  5.878860e-01 
 1029.000  5.888879e-01 
 1030.000  5.898197e-01 
 1031.000  5.902803e-01 
 1032.000  5.906326e-01 
 1033.000  5.907315e-01 
 1034.000  5.909439e-01 
 1035.000  5.910357e-01 
 1036.000  5.908835e-01 
 1037.000  5.908411e-01 
 1038.000  5.909124e-01 
 1039.000  5.907381e-01 
 1040.000  5.905700e-01 
 1041.000  5.904353e-01 
 1042.000  5.903848e-01 
 1043.000  5.903538e-01 
 1044.000  5.902174e-01 
 1045.000  5.898706e-01 
 1046.000  5.896245e-01 
 1047.000  5.893196e-01 
 1048.000  5.888631e-01 
 1049.000  5.883643e-01 
 1050.000  5.879880e-01 
 1051.000  5.875456e-01 
 1052.000  5.871701e-01 
 1053.000  5.870124e-01 
 1054.000  5.864820e-01 
 1055.000  5.859373e-01 
 1056.000  5.854313e-01 
 1057.000  5.844558e-01 
 1058.000  5.826810e-01 
 1059.000  5.826368e-01 
 1060.000  5.832999e-01 
 1061.000  5.830013e-01 
 1062.000  5.818463e-01 
 1063.000  5.812748e-01 
 1064.000  5.802586e-01 
 1065.000  5.792604e-01 
 1066.000  5.793238e-01 
 1067.000  5.787045e-01 
 1068.000  5.770178e-01 
 1069.000  5.764430e-01 
 1070.000  5.770345e-01 
 1071.000  5.760282e-01 
 1072.000  5.749139e-01 
 1073.000  5.748591e-01 
 1074.000  5.752425e-01 
 1075.000  5.773534e-01 
 1076.000  5.763167e-01 
 1077.000  5.748543e-01 
 1078.000  5.730953e-01 
 1079.000  5.729916e-01 
 1080.000  5.680001e-01 
 1081.000  5.678195e-01 
 1082.000  5.701678e-01 
 1083.000  5.675691e-01 
 1084.000  5.646927e-01 
 1085.000  5.576900e-01 
 1086.000  5.594313e-01 
 1087.000  5.672985e-01 
 1088.000  5.676698e-01 
 1089.000  5.582600e-01 
 1090.000  5.565460e-01 
 1091.000  5.584152e-01 
 1092.000  5.537873e-01 
 1093.000  5.433124e-01 
 1094.000  5.387634e-01 
 1095.000  5.395504e-01 
 1096.000  5.402765e-01 
 1097.000  5.382394e-01 
 1098.000  5.126008e-01 
 1099.000  4.906948e-01 
 1100.000  4.922177e-01 
 1101.000  4.952879e-01 
 1102.000  4.938797e-01 
 1103.000  4.959330e-01 
 1104.000  4.923030e-01 
 1105.000  4.831195e-01 
 1106.000  4.738041e-01 
 1107.000  4.761875e-01 
 1108.000  4.779721e-01 
 1109.000  4.860468e-01 
 1110.000  4.852049e-01 
 1111.000  4.808616e-01 
 1112.000  4.613793e-01 
 1113.000  4.347483e-01 
 1114.000  4.277222e-01 
 1115.000  3.949500e-01 
 1116.000  3.745975e-01 
 1117.000  3.272213e-01 
 1118.000  2.840059e-01 
 1119.000  2.612469e-01 
 1120.000  2.328985e-01 
 1121.000  2.266577e-01 
 1122.000  1.972077e-01 
 1123.000  2.133449e-01 
 1124.000  2.242274e-01 
 1125.000  2.185484e-01 
 1126.000  2.162574e-01 
 1127.000  2.187062e-01 
 1128.000  2.234582e-01 
 1129.000  2.525042e-01 
 1130.000  3.206337e-01 
 1131.000  3.403699e-01 
 1132.000  3.134235e-01 
 1133.000  2.641573e-01 
 1134.000  1.757388e-01 
 1135.000  1.823810e-01 
 1136.000  2.711618e-01 
 1137.000  3.199208e-01 
 1138.000  3.670371e-01 
 1139.000  3.811412e-01 
 1140.000  3.721693e-01 
 1141.000  3.538318e-01 
 1142.000  3.474180e-01 
 1143.000  3.272964e-01 
 1144.000  3.046131e-01 
 1145.000  2.718726e-01 
 1146.000  2.795911e-01 
 1147.000  3.051788e-01 
 1148.000  3.279182e-01 
 1149.000  3.370637e-01 
 1150.000  3.374142e-01 
