  320.000  2.056447e-01 
  321.000  2.505102e-01 
  322.000  2.329248e-01 
  323.000  2.552054e-01 
  324.000  2.775013e-01 
  325.000  2.608936e-01 
  326.000  2.881424e-01 
  327.000  2.957388e-01 
  328.000  2.793282e-01 
  329.000  3.108153e-01 
  330.000  3.158009e-01 
  331.000  3.059346e-01 
  332.000  3.249805e-01 
  333.000  3.305305e-01 
  334.000  3.259737e-01 
  335.000  3.399275e-01 
  336.000  3.455761e-01 
  337.000  3.431958e-01 
  338.000  3.498137e-01 
  339.000  3.566415e-01 
  340.000  3.555196e-01 
  341.000  3.621477e-01 
  342.000  3.669934e-01 
  343.000  3.694268e-01 
  344.000  3.699240e-01 
  345.000  3.764885e-01 
  346.000  3.806321e-01 
  347.000  3.840096e-01 
  348.000  3.871724e-01 
  349.000  3.907241e-01 
  350.000  3.937592e-01 
  351.000  3.967812e-01 
  352.000  3.992597e-01 
  353.000  4.027831e-01 
  354.000  4.057817e-01 
  355.000  4.085712e-01 
  356.000  4.112884e-01 
  357.000  4.137061e-01 
  358.000  4.163067e-01 
  359.000  4.189039e-01 
  360.000  4.215630e-01 
  361.000  4.249210e-01 
  362.000  4.284162e-01 
  363.000  4.316338e-01 
  364.000  4.345939e-01 
  365.000  4.373693e-01 
  366.000  4.402063e-01 
  367.000  4.429064e-01 
  368.000  4.455811e-01 
  369.000  4.482317e-01 
  370.000  4.508539e-01 
  371.000  4.534547e-01 
  372.000  4.560331e-01 
  373.000  4.585887e-01 
  374.000  4.611023e-01 
  375.000  4.635666e-01 
  376.000  4.659462e-01 
  377.000  4.681945e-01 
  378.000  4.702822e-01 
  379.000  4.724028e-01 
  380.000  4.747343e-01 
  381.000  4.773873e-01 
  382.000  4.801354e-01 
  383.000  4.827331e-01 
  384.000  4.851962e-01 
  385.000  4.875685e-01 
  386.000  4.898790e-01 
  387.000  4.921513e-01 
  388.000  4.943937e-01 
  389.000  4.966166e-01 
  390.000  4.988208e-01 
  391.000  5.010014e-01 
  392.000  5.031649e-01 
  393.000  5.053097e-01 
  394.000  5.074337e-01 
  395.000  5.095350e-01 
  396.000  5.116219e-01 
  397.000  5.136836e-01 
  398.000  5.157256e-01 
  399.000  5.177494e-01 
  400.000  5.197443e-01 
  401.000  5.217307e-01 
  402.000  5.237005e-01 
  403.000  5.256524e-01 
  404.000  5.275863e-01 
  405.000  5.294982e-01 
  406.000  5.313966e-01 
  407.000  5.332794e-01 
  408.000  5.351449e-01 
  409.000  5.369915e-01 
  410.000  5.388198e-01 
  411.000  5.406293e-01 
  412.000  5.424188e-01 
  413.000  5.441973e-01 
  414.000  5.458475e-01 
  415.000  5.476322e-01 
  416.000  5.493935e-01 
  417.000  5.511249e-01 
  418.000  5.528159e-01 
  419.000  5.544876e-01 
  420.000  5.561437e-01 
  421.000  5.577893e-01 
  422.000  5.594242e-01 
  423.000  5.610464e-01 
  424.000  5.626490e-01 
  425.000  5.642142e-01 
  426.000  5.657638e-01 
  427.000  5.672992e-01 
  428.000  5.688068e-01 
  429.000  5.702929e-01 
  430.000  5.717614e-01 
  431.000  5.732184e-01 
  432.000  5.746598e-01 
  433.000  5.760871e-01 
  434.000  5.775020e-01 
  435.000  5.789027e-01 
  436.000  5.802873e-01 
  437.000  5.816565e-01 
  438.000  5.830098e-01 
  439.000  5.843523e-01 
  440.000  5.856727e-01 
  441.000  5.869761e-01 
  442.000  5.882586e-01 
  443.000  5.895214e-01 
  444.000  5.907640e-01 
  445.000  5.919796e-01 
  446.000  5.931612e-01 
  447.000  5.944001e-01 
  448.000  5.957280e-01 
  449.000  5.970719e-01 
  450.000  5.983895e-01 
  451.000  5.996554e-01 
  452.000  6.008765e-01 
  453.000  6.020725e-01 
  454.000  6.032465e-01 
  455.000  6.043522e-01 
  456.000  6.053684e-01 
  457.000  6.063846e-01 
  458.000  6.073870e-01 
  459.000  6.083680e-01 
  460.000  6.093409e-01 
  461.000  6.103034e-01 
  462.000  6.112474e-01 
  463.000  6.121871e-01 
  464.000  6.134102e-01 
  465.000  6.146147e-01 
  466.000  6.157977e-01 
  467.000  6.169531e-01 
  468.000  6.178940e-01 
  469.000  6.187042e-01 
  470.000  6.194491e-01 
  471.000  6.201196e-01 
  472.000  6.206890e-01 
  473.000  6.210880e-01 
  474.000  6.214156e-01 
  475.000  6.214997e-01 
  476.000  6.213375e-01 
  477.000  6.213342e-01 
  478.000  6.222820e-01 
  479.000  6.237243e-01 
  480.000  6.252807e-01 
  481.000  6.266766e-01 
  482.000  6.279853e-01 
  483.000  6.291228e-01 
  484.000  6.301003e-01 
  485.000  6.309742e-01 
  486.000  6.319061e-01 
  487.000  6.328869e-01 
  488.000  6.338360e-01 
  489.000  6.347675e-01 
  490.000  6.356878e-01 
  491.000  6.364083e-01 
  492.000  6.370669e-01 
  493.000  6.377221e-01 
  494.000  6.383587e-01 
  495.000  6.389952e-01 
  496.000  6.393231e-01 
  497.000  6.396386e-01 
  498.000  6.399494e-01 
  499.000  6.402435e-01 
  500.000  6.405329e-01 
  501.000  6.407901e-01 
  502.000  6.410473e-01 
  503.000  6.413013e-01 
  504.000  6.415436e-01 
  505.000  6.417727e-01 
  506.000  6.424435e-01 
  507.000  6.431338e-01 
  508.000  6.438228e-01 
  509.000  6.445039e-01 
  510.000  6.451703e-01 
  511.000  6.457677e-01 
  512.000  6.463446e-01 
  513.000  6.469180e-01 
  514.000  6.474842e-01 
  515.000  6.480454e-01 
  516.000  6.484463e-01 
  517.000  6.487033e-01 
  518.000  6.489531e-01 
  519.000  6.491983e-01 
  520.000  6.494411e-01 
  521.000  6.496585e-01 
  522.000  6.498153e-01 
  523.000  6.499284e-01 
  524.000  6.500452e-01 
  525.000  6.501373e-01 
  526.000  6.502665e-01 
  527.000  6.502873e-01 
  528.000  6.502642e-01 
  529.000  6.502398e-01 
  530.000  6.502208e-01 
  531.000  6.502053e-01 
  532.000  6.502402e-01 
  533.000  6.505552e-01 
  534.000  6.509530e-01 
  535.000  6.514019e-01 
  536.000  6.518358e-01 
  537.000  6.522327e-01 
  538.000  6.525876e-01 
  539.000  6.529164e-01 
  540.000  6.532248e-01 
  541.000  6.535242e-01 
  542.000  6.538104e-01 
  543.000  6.540866e-01 
  544.000  6.542953e-01 
  545.000  6.544492e-01 
  546.000  6.545959e-01 
  547.000  6.547468e-01 
  548.000  6.548900e-01 
  549.000  6.550310e-01 
  550.000  6.550995e-01 
  551.000  6.550959e-01 
  552.000  6.550950e-01 
  553.000  6.550794e-01 
  554.000  6.550568e-01 
  555.000  6.550303e-01 
  556.000  6.549765e-01 
  557.000  6.548756e-01 
  558.000  6.547664e-01 
  559.000  6.546445e-01 
  560.000  6.544919e-01 
  561.000  6.543109e-01 
  562.000  6.539267e-01 
  563.000  6.537033e-01 
  564.000  6.534081e-01 
  565.000  6.529557e-01 
  566.000  6.526594e-01 
  567.000  6.516500e-01 
  568.000  6.486570e-01 
  569.000  6.423742e-01 
  570.000  6.432278e-01 
  571.000  6.475084e-01 
  572.000  6.431478e-01 
  573.000  6.441584e-01 
  574.000  6.443582e-01 
  575.000  6.440334e-01 
  576.000  6.442178e-01 
  577.000  6.457139e-01 
  578.000  6.477845e-01 
  579.000  6.495605e-01 
  580.000  6.511858e-01 
  581.000  6.535197e-01 
  582.000  6.551083e-01 
  583.000  6.560947e-01 
  584.000  6.569677e-01 
  585.000  6.576645e-01 
  586.000  6.583228e-01 
  587.000  6.568189e-01 
  588.000  6.483803e-01 
  589.000  6.349657e-01 
  590.000  6.343139e-01 
  591.000  6.438102e-01 
  592.000  6.390453e-01 
  593.000  6.498395e-01 
  594.000  6.476660e-01 
  595.000  6.403642e-01 
  596.000  6.507697e-01 
  597.000  6.481800e-01 
  598.000  6.522669e-01 
  599.000  6.537816e-01 
  600.000  6.574492e-01 
  601.000  6.597945e-01 
  602.000  6.604013e-01 
  603.000  6.615335e-01 
  604.000  6.628403e-01 
  605.000  6.637754e-01 
  606.000  6.644446e-01 
  607.000  6.650906e-01 
  608.000  6.657017e-01 
  609.000  6.662858e-01 
  610.000  6.668894e-01 
  611.000  6.675597e-01 
  612.000  6.682161e-01 
  613.000  6.688520e-01 
  614.000  6.694691e-01 
  615.000  6.700845e-01 
  616.000  6.706773e-01 
  617.000  6.712372e-01 
  618.000  6.717065e-01 
  619.000  6.721035e-01 
  620.000  6.724710e-01 
  621.000  6.727868e-01 
  622.000  6.730507e-01 
  623.000  6.732272e-01 
  624.000  6.734149e-01 
  625.000  6.735713e-01 
  626.000  6.732640e-01 
  627.000  6.697063e-01 
  628.000  6.487923e-01 
  629.000  6.613629e-01 
  630.000  6.645176e-01 
  631.000  6.685661e-01 
  632.000  6.678556e-01 
  633.000  6.731914e-01 
  634.000  6.757130e-01 
  635.000  6.768205e-01 
  636.000  6.785288e-01 
  637.000  6.799161e-01 
  638.000  6.825511e-01 
  639.000  6.835327e-01 
  640.000  6.852684e-01 
  641.000  6.861171e-01 
  642.000  6.874225e-01 
  643.000  6.868085e-01 
  644.000  6.874300e-01 
  645.000  6.862544e-01 
  646.000  6.790999e-01 
  647.000  6.742569e-01 
  648.000  6.687822e-01 
  649.000  6.743995e-01 
  650.000  6.848108e-01 
  651.000  6.851960e-01 
  652.000  6.767528e-01 
  653.000  6.872995e-01 
  654.000  6.865707e-01 
  655.000  6.832568e-01 
  656.000  6.849400e-01 
  657.000  6.873249e-01 
  658.000  6.911825e-01 
  659.000  6.935933e-01 
  660.000  6.948636e-01 
  661.000  6.977726e-01 
  662.000  6.993126e-01 
  663.000  6.994580e-01 
  664.000  7.003052e-01 
  665.000  7.010375e-01 
  666.000  7.019196e-01 
  667.000  7.026898e-01 
  668.000  7.035678e-01 
  669.000  7.041998e-01 
  670.000  7.047607e-01 
  671.000  7.053507e-01 
  672.000  7.058792e-01 
  673.000  7.063980e-01 
  674.000  7.069120e-01 
  675.000  7.074270e-01 
  676.000  7.079099e-01 
  677.000  7.083542e-01 
  678.000  7.087997e-01 
  679.000  7.091639e-01 
  680.000  7.091771e-01 
  681.000  7.090876e-01 
  682.000  7.093652e-01 
  683.000  7.094519e-01 
  684.000  7.090351e-01 
  685.000  7.099367e-01 
  686.000  7.071692e-01 
  687.000  6.121132e-01 
  688.000  6.419460e-01 
  689.000  6.333877e-01 
  690.000  6.489507e-01 
  691.000  6.692294e-01 
  692.000  6.813014e-01 
  693.000  6.759303e-01 
  694.000  6.680245e-01 
  695.000  6.766017e-01 
  696.000  6.815771e-01 
  697.000  7.023507e-01 
  698.000  6.981480e-01 
  699.000  6.796250e-01 
  700.000  6.827617e-01 
  701.000  6.786682e-01 
  702.000  6.817677e-01 
  703.000  6.973811e-01 
  704.000  6.981079e-01 
  705.000  6.917407e-01 
  706.000  6.930428e-01 
  707.000  6.953897e-01 
  708.000  6.979228e-01 
  709.000  7.030550e-01 
  710.000  6.976904e-01 
  711.000  7.032644e-01 
  712.000  7.080179e-01 
  713.000  7.042847e-01 
  714.000  7.030564e-01 
  715.000  6.969525e-01 
  716.000  6.906093e-01 
  717.000  6.502332e-01 
  718.000  6.254769e-01 
  719.000  6.165980e-01 
  720.000  6.031699e-01 
  721.000  6.621592e-01 
  722.000  6.832247e-01 
  723.000  6.713613e-01 
  724.000  6.376541e-01 
  725.000  6.426647e-01 
  726.000  6.410981e-01 
  727.000  6.458855e-01 
  728.000  6.406912e-01 
  729.000  6.536177e-01 
  730.000  6.513811e-01 
  731.000  6.486775e-01 
  732.000  6.705056e-01 
  733.000  6.914457e-01 
  734.000  7.015417e-01 
  735.000  6.979907e-01 
  736.000  6.913628e-01 
  737.000  6.963776e-01 
  738.000  7.032684e-01 
  739.000  7.062402e-01 
  740.000  7.128235e-01 
  741.000  7.166312e-01 
  742.000  7.182356e-01 
  743.000  7.217537e-01 
  744.000  7.232706e-01 
  745.000  7.245010e-01 
  746.000  7.254705e-01 
  747.000  7.257290e-01 
  748.000  7.266029e-01 
  749.000  7.270733e-01 
  750.000  7.268193e-01 
  751.000  7.270036e-01 
  752.000  7.278347e-01 
  753.000  7.281819e-01 
  754.000  7.284577e-01 
  755.000  7.286411e-01 
  756.000  7.288327e-01 
  757.000  7.289656e-01 
  758.000  7.277463e-01 
  759.000  6.767115e-01 
  760.000  3.024120e-01 
  761.000  2.677835e-01 
  762.000  4.822369e-01 
  763.000  4.149489e-01 
  764.000  4.482054e-01 
  765.000  5.241233e-01 
  766.000  6.163759e-01 
  767.000  6.631684e-01 
  768.000  6.938524e-01 
  769.000  7.141394e-01 
  770.000  7.249286e-01 
  771.000  7.301286e-01 
  772.000  7.314081e-01 
  773.000  7.319856e-01 
  774.000  7.327004e-01 
  775.000  7.331226e-01 
  776.000  7.334263e-01 
  777.000  7.335140e-01 
  778.000  7.335007e-01 
  779.000  7.334765e-01 
  780.000  7.334496e-01 
  781.000  7.338121e-01 
  782.000  7.337741e-01 
  783.000  7.337481e-01 
  784.000  7.334672e-01 
  785.000  7.320238e-01 
  786.000  7.298579e-01 
  787.000  7.248771e-01 
  788.000  7.222641e-01 
  789.000  7.129208e-01 
  790.000  7.121239e-01 
  791.000  7.138949e-01 
  792.000  7.155323e-01 
  793.000  7.193429e-01 
  794.000  7.274228e-01 
  795.000  7.224919e-01 
  796.000  7.093652e-01 
  797.000  7.131225e-01 
  798.000  7.214239e-01 
  799.000  7.195344e-01 
  800.000  7.134997e-01 
  801.000  7.142231e-01 
  802.000  7.136172e-01 
  803.000  7.145045e-01 
  804.000  7.173473e-01 
  805.000  7.227915e-01 
  806.000  7.260435e-01 
  807.000  7.261913e-01 
  808.000  7.243531e-01 
  809.000  7.220934e-01 
  810.000  7.196177e-01 
  811.000  7.145364e-01 
  812.000  7.077010e-01 
  813.000  6.993348e-01 
  814.000  6.883092e-01 
  815.000  6.746151e-01 
  816.000  6.570902e-01 
  817.000  6.580616e-01 
  818.000  6.594890e-01 
  819.000  6.652645e-01 
  820.000  6.845876e-01 
  821.000  7.067022e-01 
  822.000  6.898798e-01 
  823.000  6.431522e-01 
  824.000  6.825149e-01 
  825.000  7.079453e-01 
  826.000  7.036059e-01 
  827.000  7.003911e-01 
  828.000  6.836534e-01 
  829.000  6.896782e-01 
  830.000  6.964359e-01 
  831.000  6.980262e-01 
  832.000  6.987291e-01 
  833.000  7.026312e-01 
  834.000  7.072276e-01 
  835.000  7.163498e-01 
  836.000  7.134185e-01 
  837.000  7.131109e-01 
  838.000  7.175544e-01 
  839.000  7.202526e-01 
  840.000  7.212343e-01 
  841.000  7.183120e-01 
  842.000  7.209396e-01 
  843.000  7.271804e-01 
  844.000  7.300131e-01 
  845.000  7.313349e-01 
  846.000  7.327248e-01 
  847.000  7.342579e-01 
  848.000  7.317342e-01 
  849.000  7.320603e-01 
  850.000  7.308145e-01 
  851.000  7.293295e-01 
  852.000  7.294802e-01 
  853.000  7.319406e-01 
  854.000  7.318100e-01 
  855.000  7.330480e-01 
  856.000  7.355503e-01 
  857.000  7.366251e-01 
  858.000  7.371700e-01 
  859.000  7.384384e-01 
  860.000  7.390421e-01 
  861.000  7.391488e-01 
  862.000  7.395094e-01 
  863.000  7.395623e-01 
  864.000  7.398118e-01 
  865.000  7.400170e-01 
  866.000  7.400764e-01 
  867.000  7.400464e-01 
  868.000  7.400841e-01 
  869.000  7.401568e-01 
  870.000  7.401143e-01 
  871.000  7.401832e-01 
  872.000  7.403429e-01 
  873.000  7.401959e-01 
  874.000  7.401190e-01 
  875.000  7.401057e-01 
  876.000  7.398446e-01 
  877.000  7.397149e-01 
  878.000  7.389627e-01 
  879.000  7.389153e-01 
  880.000  7.382433e-01 
  881.000  7.378548e-01 
  882.000  7.374816e-01 
  883.000  7.378597e-01 
  884.000  7.380137e-01 
  885.000  7.366245e-01 
  886.000  7.347700e-01 
  887.000  7.361811e-01 
  888.000  7.360938e-01 
  889.000  7.365684e-01 
  890.000  7.355168e-01 
  891.000  7.331681e-01 
  892.000  7.282167e-01 
  893.000  7.131829e-01 
  894.000  7.056952e-01 
  895.000  6.829109e-01 
  896.000  6.625252e-01 
  897.000  6.410835e-01 
  898.000  6.310750e-01 
  899.000  6.029664e-01 
  900.000  6.069993e-01 
  901.000  5.997114e-01 
  902.000  6.010762e-01 
  903.000  6.483398e-01 
  904.000  6.773500e-01 
  905.000  6.763105e-01 
  906.000  6.581687e-01 
  907.000  6.262054e-01 
  908.000  6.052189e-01 
  909.000  6.060977e-01 
  910.000  6.092495e-01 
  911.000  6.231752e-01 
  912.000  6.164313e-01 
  913.000  5.872154e-01 
  914.000  6.016467e-01 
  915.000  6.130486e-01 
  916.000  6.161502e-01 
  917.000  6.223632e-01 
  918.000  6.303979e-01 
  919.000  6.577643e-01 
  920.000  6.785203e-01 
  921.000  6.739591e-01 
  922.000  6.735722e-01 
  923.000  6.677808e-01 
  924.000  6.538813e-01 
  925.000  6.526967e-01 
  926.000  6.522782e-01 
  927.000  6.360236e-01 
  928.000  6.111037e-01 
  929.000  5.753121e-01 
  930.000  5.301368e-01 
  931.000  4.801301e-01 
  932.000  4.152913e-01 
  933.000  3.677858e-01 
  934.000  3.197284e-01 
  935.000  3.145882e-01 
  936.000  3.333898e-01 
  937.000  3.286541e-01 
  938.000  3.824258e-01 
  939.000  5.246224e-01 
  940.000  5.461349e-01 
  941.000  5.276695e-01 
  942.000  4.825128e-01 
  943.000  4.081590e-01 
  944.000  4.029631e-01 
  945.000  4.294984e-01 
  946.000  4.310342e-01 
  947.000  4.549743e-01 
  948.000  4.690509e-01 
  949.000  4.672730e-01 
  950.000  4.708974e-01 
  951.000  5.024782e-01 
  952.000  4.688475e-01 
  953.000  4.925309e-01 
  954.000  5.180404e-01 
  955.000  4.974920e-01 
  956.000  4.929956e-01 
  957.000  5.575876e-01 
  958.000  5.660494e-01 
  959.000  5.553255e-01 
  960.000  5.522401e-01 
  961.000  5.468772e-01 
  962.000  5.518270e-01 
  963.000  5.874683e-01 
  964.000  5.926215e-01 
  965.000  5.892429e-01 
  966.000  5.912125e-01 
  967.000  6.167499e-01 
  968.000  6.595133e-01 
  969.000  6.788880e-01 
  970.000  6.799415e-01 
  971.000  6.794819e-01 
  972.000  6.739765e-01 
  973.000  6.612770e-01 
  974.000  6.458326e-01 
  975.000  6.359197e-01 
  976.000  6.480396e-01 
  977.000  6.680921e-01 
  978.000  6.664731e-01 
  979.000  6.716850e-01 
  980.000  6.921797e-01 
  981.000  6.967298e-01 
  982.000  6.921736e-01 
  983.000  7.027078e-01 
  984.000  7.135565e-01 
  985.000  7.197226e-01 
  986.000  7.276821e-01 
  987.000  7.311309e-01 
  988.000  7.319194e-01 
  989.000  7.324224e-01 
  990.000  7.332606e-01 
  991.000  7.362205e-01 
  992.000  7.370589e-01 
  993.000  7.373702e-01 
  994.000  7.399452e-01 
  995.000  7.417685e-01 
  996.000  7.417501e-01 
  997.000  7.406022e-01 
  998.000  7.393318e-01 
  999.000  7.388337e-01 
 1000.000  7.392377e-01 
 1001.000  7.363991e-01 
 1002.000  7.318593e-01 
 1003.000  7.329351e-01 
 1004.000  7.355437e-01 
 1005.000  7.367345e-01 
 1006.000  7.371137e-01 
 1007.000  7.362450e-01 
 1008.000  7.325439e-01 
 1009.000  7.275971e-01 
 1010.000  7.297981e-01 
 1011.000  7.350500e-01 
 1012.000  7.370493e-01 
 1013.000  7.386203e-01 
 1014.000  7.392763e-01 
 1015.000  7.393991e-01 
 1016.000  7.400056e-01 
 1017.000  7.404248e-01 
 1018.000  7.396266e-01 
 1019.000  7.377999e-01 
 1020.000  7.384392e-01 
 1021.000  7.397542e-01 
 1022.000  7.375410e-01 
 1023.000  7.356883e-01 
 1024.000  7.345778e-01 
 1025.000  7.379676e-01 
 1026.000  7.394617e-01 
 1027.000  7.388214e-01 
 1028.000  7.393399e-01 
 1029.000  7.407454e-01 
 1030.000  7.421033e-01 
 1031.000  7.427991e-01 
 1032.000  7.433386e-01 
 1033.000  7.434878e-01 
 1034.000  7.437803e-01 
 1035.000  7.439444e-01 
 1036.000  7.438260e-01 
 1037.000  7.438369e-01 
 1038.000  7.439376e-01 
 1039.000  7.437319e-01 
 1040.000  7.435489e-01 
 1041.000  7.434037e-01 
 1042.000  7.433586e-01 
 1043.000  7.433450e-01 
 1044.000  7.432104e-01 
 1045.000  7.428148e-01 
 1046.000  7.425447e-01 
 1047.000  7.422202e-01 
 1048.000  7.417889e-01 
 1049.000  7.413564e-01 
 1050.000  7.409389e-01 
 1051.000  7.403498e-01 
 1052.000  7.399450e-01 
 1053.000  7.398558e-01 
 1054.000  7.392738e-01 
 1055.000  7.386557e-01 
 1056.000  7.381287e-01 
 1057.000  7.368466e-01 
 1058.000  7.345785e-01 
 1059.000  7.346770e-01 
 1060.000  7.357429e-01 
 1061.000  7.354346e-01 
 1062.000  7.339969e-01 
 1063.000  7.333940e-01 
 1064.000  7.321184e-01 
 1065.000  7.306546e-01 
 1066.000  7.307603e-01 
 1067.000  7.300417e-01 
 1068.000  7.272236e-01 
 1069.000  7.259707e-01 
 1070.000  7.264913e-01 
 1071.000  7.247512e-01 
 1072.000  7.229379e-01 
 1073.000  7.226331e-01 
 1074.000  7.229579e-01 
 1075.000  7.257655e-01 
 1076.000  7.240826e-01 
 1077.000  7.218065e-01 
 1078.000  7.191188e-01 
 1079.000  7.188011e-01 
 1080.000  7.115403e-01 
 1081.000  7.111538e-01 
 1082.000  7.143862e-01 
 1083.000  7.105490e-01 
 1084.000  7.063425e-01 
 1085.000  6.962821e-01 
 1086.000  6.986588e-01 
 1087.000  7.097648e-01 
 1088.000  7.102149e-01 
 1089.000  6.967454e-01 
 1090.000  6.942262e-01 
 1091.000  6.968033e-01 
 1092.000  6.901351e-01 
 1093.000  6.752302e-01 
 1094.000  6.687464e-01 
 1095.000  6.698025e-01 
 1096.000  6.707633e-01 
 1097.000  6.677961e-01 
 1098.000  6.316302e-01 
 1099.000  6.009110e-01 
 1100.000  6.029859e-01 
 1101.000  6.072219e-01 
 1102.000  6.051676e-01 
 1103.000  6.079773e-01 
 1104.000  6.028600e-01 
 1105.000  5.899906e-01 
 1106.000  5.770326e-01 
 1107.000  5.802289e-01 
 1108.000  5.825595e-01 
 1109.000  5.936020e-01 
 1110.000  5.921959e-01 
 1111.000  5.860248e-01 
 1112.000  5.588839e-01 
 1113.000  5.219271e-01 
 1114.000  5.118376e-01 
 1115.000  4.668337e-01 
 1116.000  4.392081e-01 
 1117.000  3.762566e-01 
 1118.000  3.196569e-01 
 1119.000  2.900865e-01 
 1120.000  2.540856e-01 
 1121.000  2.461765e-01 
 1122.000  2.099395e-01 
 1123.000  2.293826e-01 
 1124.000  2.426258e-01 
 1125.000  2.356087e-01 
 1126.000  2.328379e-01 
 1127.000  2.359641e-01 
 1128.000  2.420326e-01 
 1129.000  2.783556e-01 
 1130.000  3.653332e-01 
 1131.000  3.910429e-01 
 1132.000  3.558693e-01 
 1133.000  2.930504e-01 
 1134.000  1.843841e-01 
 1135.000  1.923826e-01 
 1136.000  3.022237e-01 
 1137.000  3.649223e-01 
 1138.000  4.271066e-01 
 1139.000  4.464839e-01 
 1140.000  4.345378e-01 
 1141.000  4.104782e-01 
 1142.000  4.019767e-01 
 1143.000  3.754913e-01 
 1144.000  3.460087e-01 
 1145.000  3.039664e-01 
 1146.000  3.138445e-01 
 1147.000  3.468120e-01 
 1148.000  3.764492e-01 
 1149.000  3.885784e-01 
 1150.000  3.893652e-01 
