  320.000  1.194433e-01 
  321.000  1.528043e-01 
  322.000  1.395349e-01 
  323.000  1.563871e-01 
  324.000  1.736207e-01 
  325.000  1.607496e-01 
  326.000  1.819694e-01 
  327.000  1.879765e-01 
  328.000  1.750485e-01 
  329.000  2.000118e-01 
  330.000  2.040241e-01 
  331.000  1.960994e-01 
  332.000  2.114525e-01 
  333.000  2.159692e-01 
  334.000  2.122594e-01 
  335.000  2.236595e-01 
  336.000  2.283078e-01 
  337.000  2.263467e-01 
  338.000  2.318073e-01 
  339.000  2.374680e-01 
  340.000  2.365361e-01 
  341.000  2.420527e-01 
  342.000  2.461018e-01 
  343.000  2.481402e-01 
  344.000  2.485571e-01 
  345.000  2.540744e-01 
  346.000  2.575693e-01 
  347.000  2.604250e-01 
  348.000  2.631048e-01 
  349.000  2.661207e-01 
  350.000  2.687033e-01 
  351.000  2.712796e-01 
  352.000  2.733963e-01 
  353.000  2.764109e-01 
  354.000  2.789816e-01 
  355.000  2.813773e-01 
  356.000  2.837149e-01 
  357.000  2.857979e-01 
  358.000  2.880420e-01 
  359.000  2.902867e-01 
  360.000  2.925883e-01 
  361.000  2.955001e-01 
  362.000  2.985369e-01 
  363.000  3.013380e-01 
  364.000  3.039194e-01 
  365.000  3.063439e-01 
  366.000  3.088260e-01 
  367.000  3.111920e-01 
  368.000  3.135393e-01 
  369.000  3.158689e-01 
  370.000  3.181770e-01 
  371.000  3.204695e-01 
  372.000  3.227455e-01 
  373.000  3.250045e-01 
  374.000  3.272294e-01 
  375.000  3.294135e-01 
  376.000  3.315254e-01 
  377.000  3.335232e-01 
  378.000  3.353805e-01 
  379.000  3.372690e-01 
  380.000  3.393478e-01 
  381.000  3.417164e-01 
  382.000  3.441734e-01 
  383.000  3.464990e-01 
  384.000  3.487071e-01 
  385.000  3.508364e-01 
  386.000  3.529127e-01 
  387.000  3.549570e-01 
  388.000  3.569767e-01 
  389.000  3.589811e-01 
  390.000  3.609708e-01 
  391.000  3.629415e-01 
  392.000  3.648987e-01 
  393.000  3.668411e-01 
  394.000  3.687666e-01 
  395.000  3.706736e-01 
  396.000  3.725694e-01 
  397.000  3.744442e-01 
  398.000  3.763029e-01 
  399.000  3.781469e-01 
  400.000  3.799663e-01 
  401.000  3.817797e-01 
  402.000  3.835795e-01 
  403.000  3.853648e-01 
  404.000  3.871351e-01 
  405.000  3.888869e-01 
  406.000  3.906279e-01 
  407.000  3.923561e-01 
  408.000  3.940700e-01 
  409.000  3.957679e-01 
  410.000  3.974504e-01 
  411.000  3.991170e-01 
  412.000  4.007665e-01 
  413.000  4.024073e-01 
  414.000  4.039309e-01 
  415.000  4.055799e-01 
  416.000  4.072087e-01 
  417.000  4.088110e-01 
  418.000  4.103772e-01 
  419.000  4.119267e-01 
  420.000  4.134628e-01 
  421.000  4.149904e-01 
  422.000  4.165090e-01 
  423.000  4.180170e-01 
  424.000  4.195078e-01 
  425.000  4.209649e-01 
  426.000  4.224084e-01 
  427.000  4.238397e-01 
  428.000  4.252460e-01 
  429.000  4.266332e-01 
  430.000  4.280047e-01 
  431.000  4.293665e-01 
  432.000  4.307145e-01 
  433.000  4.320501e-01 
  434.000  4.333749e-01 
  435.000  4.346873e-01 
  436.000  4.359853e-01 
  437.000  4.372696e-01 
  438.000  4.385397e-01 
  439.000  4.398005e-01 
  440.000  4.410412e-01 
  441.000  4.422666e-01 
  442.000  4.434730e-01 
  443.000  4.446615e-01 
  444.000  4.458317e-01 
  445.000  4.469770e-01 
  446.000  4.480907e-01 
  447.000  4.492591e-01 
  448.000  4.505123e-01 
  449.000  4.517810e-01 
  450.000  4.530257e-01 
  451.000  4.542222e-01 
  452.000  4.553770e-01 
  453.000  4.565085e-01 
  454.000  4.576198e-01 
  455.000  4.586669e-01 
  456.000  4.596297e-01 
  457.000  4.605930e-01 
  458.000  4.615435e-01 
  459.000  4.624740e-01 
  460.000  4.633973e-01 
  461.000  4.643111e-01 
  462.000  4.652076e-01 
  463.000  4.661004e-01 
  464.000  4.672630e-01 
  465.000  4.684085e-01 
  466.000  4.695340e-01 
  467.000  4.706338e-01 
  468.000  4.715298e-01 
  469.000  4.723016e-01 
  470.000  4.730115e-01 
  471.000  4.736507e-01 
  472.000  4.741935e-01 
  473.000  4.745739e-01 
  474.000  4.748864e-01 
  475.000  4.749666e-01 
  476.000  4.748120e-01 
  477.000  4.748088e-01 
  478.000  4.757129e-01 
  479.000  4.770896e-01 
  480.000  4.785759e-01 
  481.000  4.799096e-01 
  482.000  4.811609e-01 
  483.000  4.822490e-01 
  484.000  4.831843e-01 
  485.000  4.840209e-01 
  486.000  4.849133e-01 
  487.000  4.858529e-01 
  488.000  4.867624e-01 
  489.000  4.876554e-01 
  490.000  4.885380e-01 
  491.000  4.892293e-01 
  492.000  4.898612e-01 
  493.000  4.904901e-01 
  494.000  4.911013e-01 
  495.000  4.917125e-01 
  496.000  4.920275e-01 
  497.000  4.923306e-01 
  498.000  4.926292e-01 
  499.000  4.929117e-01 
  500.000  4.931898e-01 
  501.000  4.934370e-01 
  502.000  4.936843e-01 
  503.000  4.939284e-01 
  504.000  4.941614e-01 
  505.000  4.943816e-01 
  506.000  4.950267e-01 
  507.000  4.956906e-01 
  508.000  4.963536e-01 
  509.000  4.970089e-01 
  510.000  4.976505e-01 
  511.000  4.982257e-01 
  512.000  4.987812e-01 
  513.000  4.993336e-01 
  514.000  4.998792e-01 
  515.000  5.004200e-01 
  516.000  5.008063e-01 
  517.000  5.010540e-01 
  518.000  5.012950e-01 
  519.000  5.015313e-01 
  520.000  5.017654e-01 
  521.000  5.019751e-01 
  522.000  5.021263e-01 
  523.000  5.022354e-01 
  524.000  5.023481e-01 
  525.000  5.024369e-01 
  526.000  5.025615e-01 
  527.000  5.025816e-01 
  528.000  5.025593e-01 
  529.000  5.025358e-01 
  530.000  5.025175e-01 
  531.000  5.025025e-01 
  532.000  5.025362e-01 
  533.000  5.028400e-01 
  534.000  5.032238e-01 
  535.000  5.036570e-01 
  536.000  5.040758e-01 
  537.000  5.044589e-01 
  538.000  5.048015e-01 
  539.000  5.051190e-01 
  540.000  5.054168e-01 
  541.000  5.057059e-01 
  542.000  5.059824e-01 
  543.000  5.062491e-01 
  544.000  5.064508e-01 
  545.000  5.065994e-01 
  546.000  5.067412e-01 
  547.000  5.068870e-01 
  548.000  5.070254e-01 
  549.000  5.071617e-01 
  550.000  5.072278e-01 
  551.000  5.072243e-01 
  552.000  5.072235e-01 
  553.000  5.072083e-01 
  554.000  5.071866e-01 
  555.000  5.071610e-01 
  556.000  5.071090e-01 
  557.000  5.070114e-01 
  558.000  5.069059e-01 
  559.000  5.067882e-01 
  560.000  5.066407e-01 
  561.000  5.064659e-01 
  562.000  5.060947e-01 
  563.000  5.058789e-01 
  564.000  5.055938e-01 
  565.000  5.051569e-01 
  566.000  5.048708e-01 
  567.000  5.038964e-01 
  568.000  5.011919e-01 
  569.000  4.955987e-01 
  570.000  4.963264e-01 
  571.000  5.000639e-01 
  572.000  4.961784e-01 
  573.000  4.970404e-01 
  574.000  4.971884e-01 
  575.000  4.968810e-01 
  576.000  4.970571e-01 
  577.000  4.983625e-01 
  578.000  5.002577e-01 
  579.000  5.019223e-01 
  580.000  5.034927e-01 
  581.000  5.057166e-01 
  582.000  5.072519e-01 
  583.000  5.082352e-01 
  584.000  5.090901e-01 
  585.000  5.098012e-01 
  586.000  5.104502e-01 
  587.000  5.092137e-01 
  588.000  5.017031e-01 
  589.000  4.897472e-01 
  590.000  4.891927e-01 
  591.000  4.976986e-01 
  592.000  4.934672e-01 
  593.000  5.031419e-01 
  594.000  5.012174e-01 
  595.000  4.947100e-01 
  596.000  5.040080e-01 
  597.000  5.016678e-01 
  598.000  5.053048e-01 
  599.000  5.066404e-01 
  600.000  5.099050e-01 
  601.000  5.119376e-01 
  602.000  5.124539e-01 
  603.000  5.134935e-01 
  604.000  5.147194e-01 
  605.000  5.156258e-01 
  606.000  5.162747e-01 
  607.000  5.169013e-01 
  608.000  5.174942e-01 
  609.000  5.180609e-01 
  610.000  5.186468e-01 
  611.000  5.192975e-01 
  612.000  5.199349e-01 
  613.000  5.205526e-01 
  614.000  5.211521e-01 
  615.000  5.217500e-01 
  616.000  5.223262e-01 
  617.000  5.228705e-01 
  618.000  5.233268e-01 
  619.000  5.237129e-01 
  620.000  5.240704e-01 
  621.000  5.243775e-01 
  622.000  5.246342e-01 
  623.000  5.248060e-01 
  624.000  5.249886e-01 
  625.000  5.251408e-01 
  626.000  5.248418e-01 
  627.000  5.216997e-01 
  628.000  5.033200e-01 
  629.000  5.143747e-01 
  630.000  5.172540e-01 
  631.000  5.208800e-01 
  632.000  5.202536e-01 
  633.000  5.251011e-01 
  634.000  5.273917e-01 
  635.000  5.284899e-01 
  636.000  5.301359e-01 
  637.000  5.314864e-01 
  638.000  5.339462e-01 
  639.000  5.349349e-01 
  640.000  5.365676e-01 
  641.000  5.374277e-01 
  642.000  5.386714e-01 
  643.000  5.381718e-01 
  644.000  5.387869e-01 
  645.000  5.378423e-01 
  646.000  5.314198e-01 
  647.000  5.270907e-01 
  648.000  5.221962e-01 
  649.000  5.273114e-01 
  650.000  5.367686e-01 
  651.000  5.371582e-01 
  652.000  5.295626e-01 
  653.000  5.391443e-01 
  654.000  5.385253e-01 
  655.000  5.355638e-01 
  656.000  5.371270e-01 
  657.000  5.393254e-01 
  658.000  5.428621e-01 
  659.000  5.450893e-01 
  660.000  5.462830e-01 
  661.000  5.489068e-01 
  662.000  5.503540e-01 
  663.000  5.505103e-01 
  664.000  5.513311e-01 
  665.000  5.520222e-01 
  666.000  5.528685e-01 
  667.000  5.536258e-01 
  668.000  5.544893e-01 
  669.000  5.551111e-01 
  670.000  5.556629e-01 
  671.000  5.562436e-01 
  672.000  5.567638e-01 
  673.000  5.572745e-01 
  674.000  5.577807e-01 
  675.000  5.582879e-01 
  676.000  5.587637e-01 
  677.000  5.592014e-01 
  678.000  5.596404e-01 
  679.000  5.599993e-01 
  680.000  5.600123e-01 
  681.000  5.599442e-01 
  682.000  5.602449e-01 
  683.000  5.603439e-01 
  684.000  5.600004e-01 
  685.000  5.608644e-01 
  686.000  5.584091e-01 
  687.000  4.742827e-01 
  688.000  5.005814e-01 
  689.000  4.930511e-01 
  690.000  5.068280e-01 
  691.000  5.248092e-01 
  692.000  5.355152e-01 
  693.000  5.306064e-01 
  694.000  5.234695e-01 
  695.000  5.311624e-01 
  696.000  5.356542e-01 
  697.000  5.543952e-01 
  698.000  5.506277e-01 
  699.000  5.339712e-01 
  700.000  5.368097e-01 
  701.000  5.331538e-01 
  702.000  5.359656e-01 
  703.000  5.500560e-01 
  704.000  5.507402e-01 
  705.000  5.450236e-01 
  706.000  5.462195e-01 
  707.000  5.483575e-01 
  708.000  5.506651e-01 
  709.000  5.553199e-01 
  710.000  5.504966e-01 
  711.000  5.555494e-01 
  712.000  5.598653e-01 
  713.000  5.565067e-01 
  714.000  5.554087e-01 
  715.000  5.499026e-01 
  716.000  5.441660e-01 
  717.000  5.078962e-01 
  718.000  4.857996e-01 
  719.000  4.779034e-01 
  720.000  4.660516e-01 
  721.000  5.186050e-01 
  722.000  5.375584e-01 
  723.000  5.269153e-01 
  724.000  4.967706e-01 
  725.000  5.012429e-01 
  726.000  4.998665e-01 
  727.000  5.041602e-01 
  728.000  4.995475e-01 
  729.000  5.111196e-01 
  730.000  5.091533e-01 
  731.000  5.067726e-01 
  732.000  5.263490e-01 
  733.000  5.452314e-01 
  734.000  5.543808e-01 
  735.000  5.511955e-01 
  736.000  5.452296e-01 
  737.000  5.497703e-01 
  738.000  5.560110e-01 
  739.000  5.587143e-01 
  740.000  5.646908e-01 
  741.000  5.681568e-01 
  742.000  5.696258e-01 
  743.000  5.728306e-01 
  744.000  5.741522e-01 
  745.000  5.752782e-01 
  746.000  5.761735e-01 
  747.000  5.764267e-01 
  748.000  5.772392e-01 
  749.000  5.777056e-01 
  750.000  5.774537e-01 
  751.000  5.776366e-01 
  752.000  5.784609e-01 
  753.000  5.788053e-01 
  754.000  5.790790e-01 
  755.000  5.792609e-01 
  756.000  5.794510e-01 
  757.000  5.795829e-01 
  758.000  5.784243e-01 
  759.000  5.327952e-01 
  760.000  2.139904e-01 
  761.000  1.864620e-01 
  762.000  3.630374e-01 
  763.000  3.062292e-01 
  764.000  3.341814e-01 
  765.000  3.989891e-01 
  766.000  4.794269e-01 
  767.000  5.208673e-01 
  768.000  5.482621e-01 
  769.000  5.664700e-01 
  770.000  5.763183e-01 
  771.000  5.809322e-01 
  772.000  5.820968e-01 
  773.000  5.826176e-01 
  774.000  5.832915e-01 
  775.000  5.837110e-01 
  776.000  5.840127e-01 
  777.000  5.840999e-01 
  778.000  5.840867e-01 
  779.000  5.840627e-01 
  780.000  5.840360e-01 
  781.000  5.843962e-01 
  782.000  5.843585e-01 
  783.000  5.843326e-01 
  784.000  5.840534e-01 
  785.000  5.827488e-01 
  786.000  5.808715e-01 
  787.000  5.763674e-01 
  788.000  5.740078e-01 
  789.000  5.655700e-01 
  790.000  5.648553e-01 
  791.000  5.664606e-01 
  792.000  5.679479e-01 
  793.000  5.714004e-01 
  794.000  5.787176e-01 
  795.000  5.742622e-01 
  796.000  5.624110e-01 
  797.000  5.658084e-01 
  798.000  5.733168e-01 
  799.000  5.716161e-01 
  800.000  5.661701e-01 
  801.000  5.668300e-01 
  802.000  5.662897e-01 
  803.000  5.670986e-01 
  804.000  5.696759e-01 
  805.000  5.746063e-01 
  806.000  5.775575e-01 
  807.000  5.776985e-01 
  808.000  5.760403e-01 
  809.000  5.739999e-01 
  810.000  5.717620e-01 
  811.000  5.671684e-01 
  812.000  5.609896e-01 
  813.000  5.534367e-01 
  814.000  5.434996e-01 
  815.000  5.311780e-01 
  816.000  5.154957e-01 
  817.000  5.163513e-01 
  818.000  5.176293e-01 
  819.000  5.228125e-01 
  820.000  5.401496e-01 
  821.000  5.600584e-01 
  822.000  5.449175e-01 
  823.000  5.031273e-01 
  824.000  5.383211e-01 
  825.000  5.612172e-01 
  826.000  5.573314e-01 
  827.000  5.544399e-01 
  828.000  5.393885e-01 
  829.000  5.448058e-01 
  830.000  5.508951e-01 
  831.000  5.523395e-01 
  832.000  5.529952e-01 
  833.000  5.565243e-01 
  834.000  5.606850e-01 
  835.000  5.689392e-01 
  836.000  5.663014e-01 
  837.000  5.660365e-01 
  838.000  5.700597e-01 
  839.000  5.725089e-01 
  840.000  5.734037e-01 
  841.000  5.707679e-01 
  842.000  5.731514e-01 
  843.000  5.788075e-01 
  844.000  5.813822e-01 
  845.000  5.825867e-01 
  846.000  5.838534e-01 
  847.000  5.852492e-01 
  848.000  5.829661e-01 
  849.000  5.832663e-01 
  850.000  5.821415e-01 
  851.000  5.808007e-01 
  852.000  5.809424e-01 
  853.000  5.831779e-01 
  854.000  5.830659e-01 
  855.000  5.841942e-01 
  856.000  5.864146e-01 
  857.000  5.873867e-01 
  858.000  5.878701e-01 
  859.000  5.890478e-01 
  860.000  5.895994e-01 
  861.000  5.897056e-01 
  862.000  5.900647e-01 
  863.000  5.901174e-01 
  864.000  5.903659e-01 
  865.000  5.905703e-01 
  866.000  5.906294e-01 
  867.000  5.905996e-01 
  868.000  5.906371e-01 
  869.000  5.907095e-01 
  870.000  5.906671e-01 
  871.000  5.907359e-01 
  872.000  5.908949e-01 
  873.000  5.907484e-01 
  874.000  5.906719e-01 
  875.000  5.906586e-01 
  876.000  5.903986e-01 
  877.000  5.902694e-01 
  878.000  5.896198e-01 
  879.000  5.895780e-01 
  880.000  5.889798e-01 
  881.000  5.886228e-01 
  882.000  5.882800e-01 
  883.000  5.886338e-01 
  884.000  5.887796e-01 
  885.000  5.875317e-01 
  886.000  5.859275e-01 
  887.000  5.871308e-01 
  888.000  5.870534e-01 
  889.000  5.874892e-01 
  890.000  5.866085e-01 
  891.000  5.844845e-01 
  892.000  5.800034e-01 
  893.000  5.664328e-01 
  894.000  5.596730e-01 
  895.000  5.392187e-01 
  896.000  5.209630e-01 
  897.000  5.018224e-01 
  898.000  4.929149e-01 
  899.000  4.681002e-01 
  900.000  4.716284e-01 
  901.000  4.652295e-01 
  902.000  4.664707e-01 
  903.000  5.082564e-01 
  904.000  5.341180e-01 
  905.000  5.332196e-01 
  906.000  5.170485e-01 
  907.000  4.886933e-01 
  908.000  4.701734e-01 
  909.000  4.709331e-01 
  910.000  4.737057e-01 
  911.000  4.859897e-01 
  912.000  4.800456e-01 
  913.000  4.543761e-01 
  914.000  4.670477e-01 
  915.000  4.771032e-01 
  916.000  4.798591e-01 
  917.000  4.853697e-01 
  918.000  4.924984e-01 
  919.000  5.168072e-01 
  920.000  5.353566e-01 
  921.000  5.313045e-01 
  922.000  5.309696e-01 
  923.000  5.258049e-01 
  924.000  5.134204e-01 
  925.000  5.123309e-01 
  926.000  5.118567e-01 
  927.000  4.973292e-01 
  928.000  4.751572e-01 
  929.000  4.435347e-01 
  930.000  4.040259e-01 
  931.000  3.608577e-01 
  932.000  3.055426e-01 
  933.000  2.660167e-01 
  934.000  2.268652e-01 
  935.000  2.226553e-01 
  936.000  2.377412e-01 
  937.000  2.340098e-01 
  938.000  2.781500e-01 
  939.000  3.982740e-01 
  940.000  4.169340e-01 
  941.000  4.010578e-01 
  942.000  3.624032e-01 
  943.000  2.997823e-01 
  944.000  2.954072e-01 
  945.000  3.174880e-01 
  946.000  3.188419e-01 
  947.000  3.391094e-01 
  948.000  3.510824e-01 
  949.000  3.496560e-01 
  950.000  3.527694e-01 
  951.000  3.797504e-01 
  952.000  3.511847e-01 
  953.000  3.714423e-01 
  954.000  3.934238e-01 
  955.000  3.758963e-01 
  956.000  3.722182e-01 
  957.000  4.280272e-01 
  958.000  4.354998e-01 
  959.000  4.262552e-01 
  960.000  4.236427e-01 
  961.000  4.190407e-01 
  962.000  4.233907e-01 
  963.000  4.545347e-01 
  964.000  4.590981e-01 
  965.000  4.561876e-01 
  966.000  4.579687e-01 
  967.000  4.804836e-01 
  968.000  5.184481e-01 
  969.000  5.357782e-01 
  970.000  5.367454e-01 
  971.000  5.363431e-01 
  972.000  5.314189e-01 
  973.000  5.200857e-01 
  974.000  5.063525e-01 
  975.000  4.975651e-01 
  976.000  5.083215e-01 
  977.000  5.261803e-01 
  978.000  5.247604e-01 
  979.000  5.294393e-01 
  980.000  5.477926e-01 
  981.000  5.518927e-01 
  982.000  5.478313e-01 
  983.000  5.573041e-01 
  984.000  5.670749e-01 
  985.000  5.726418e-01 
  986.000  5.798333e-01 
  987.000  5.829596e-01 
  988.000  5.836817e-01 
  989.000  5.841441e-01 
  990.000  5.849071e-01 
  991.000  5.875872e-01 
  992.000  5.883488e-01 
  993.000  5.886338e-01 
  994.000  5.908885e-01 
  995.000  5.925398e-01 
  996.000  5.925246e-01 
  997.000  5.914989e-01 
  998.000  5.904204e-01 
  999.000  5.899717e-01 
 1000.000  5.903386e-01 
 1001.000  5.877744e-01 
 1002.000  5.836750e-01 
 1003.000  5.846487e-01 
 1004.000  5.870073e-01 
 1005.000  5.880855e-01 
 1006.000  5.884263e-01 
 1007.000  5.876424e-01 
 1008.000  5.843003e-01 
 1009.000  5.798352e-01 
 1010.000  5.818230e-01 
 1011.000  5.865667e-01 
 1012.000  5.883747e-01 
 1013.000  5.897954e-01 
 1014.000  5.903895e-01 
 1015.000  5.905001e-01 
 1016.000  5.909679e-01 
 1017.000  5.913535e-01 
 1018.000  5.907048e-01 
 1019.000  5.890530e-01 
 1020.000  5.896296e-01 
 1021.000  5.908176e-01 
 1022.000  5.888138e-01 
 1023.000  5.871369e-01 
 1024.000  5.861306e-01 
 1025.000  5.891923e-01 
 1026.000  5.905395e-01 
 1027.000  5.899584e-01 
 1028.000  5.904226e-01 
 1029.000  5.916252e-01 
 1030.000  5.928459e-01 
 1031.000  5.934635e-01 
 1032.000  5.939426e-01 
 1033.000  5.940821e-01 
 1034.000  5.943211e-01 
 1035.000  5.944848e-01 
 1036.000  5.943667e-01 
 1037.000  5.943776e-01 
 1038.000  5.944780e-01 
 1039.000  5.942728e-01 
 1040.000  5.940904e-01 
 1041.000  5.939456e-01 
 1042.000  5.939006e-01 
 1043.000  5.938871e-01 
 1044.000  5.937529e-01 
 1045.000  5.933584e-01 
 1046.000  5.930890e-01 
 1047.000  5.927656e-01 
 1048.000  5.923358e-01 
 1049.000  5.919126e-01 
 1050.000  5.915110e-01 
 1051.000  5.909405e-01 
 1052.000  5.905411e-01 
 1053.000  5.904257e-01 
 1054.000  5.898741e-01 
 1055.000  5.892706e-01 
 1056.000  5.887492e-01 
 1057.000  5.875437e-01 
 1058.000  5.854715e-01 
 1059.000  5.855297e-01 
 1060.000  5.864348e-01 
 1061.000  5.861304e-01 
 1062.000  5.848305e-01 
 1063.000  5.842687e-01 
 1064.000  5.831017e-01 
 1065.000  5.817709e-01 
 1066.000  5.818661e-01 
 1067.000  5.813159e-01 
 1068.000  5.788060e-01 
 1069.000  5.777253e-01 
 1070.000  5.782394e-01 
 1071.000  5.767171e-01 
 1072.000  5.751235e-01 
 1073.000  5.748889e-01 
 1074.000  5.752239e-01 
 1075.000  5.777909e-01 
 1076.000  5.763106e-01 
 1077.000  5.742942e-01 
 1078.000  5.719051e-01 
 1079.000  5.716485e-01 
 1080.000  5.651416e-01 
 1081.000  5.648177e-01 
 1082.000  5.677432e-01 
 1083.000  5.643104e-01 
 1084.000  5.605468e-01 
 1085.000  5.515390e-01 
 1086.000  5.536806e-01 
 1087.000  5.636559e-01 
 1088.000  5.640773e-01 
 1089.000  5.519946e-01 
 1090.000  5.497428e-01 
 1091.000  5.520555e-01 
 1092.000  5.460855e-01 
 1093.000  5.327582e-01 
 1094.000  5.269786e-01 
 1095.000  5.279162e-01 
 1096.000  5.287536e-01 
 1097.000  5.260924e-01 
 1098.000  4.939578e-01 
 1099.000  4.668515e-01 
 1100.000  4.686688e-01 
 1101.000  4.723821e-01 
 1102.000  4.705499e-01 
 1103.000  4.729921e-01 
 1104.000  4.684568e-01 
 1105.000  4.571230e-01 
 1106.000  4.457872e-01 
 1107.000  4.485216e-01 
 1108.000  4.504725e-01 
 1109.000  4.600196e-01 
 1110.000  4.586205e-01 
 1111.000  4.531281e-01 
 1112.000  4.293303e-01 
 1113.000  3.970512e-01 
 1114.000  3.879921e-01 
 1115.000  3.491631e-01 
 1116.000  3.256282e-01 
 1117.000  2.731272e-01 
 1118.000  2.267191e-01 
 1119.000  2.027210e-01 
 1120.000  1.741923e-01 
 1121.000  1.679535e-01 
 1122.000  1.401586e-01 
 1123.000  1.547747e-01 
 1124.000  1.648432e-01 
 1125.000  1.594491e-01 
 1126.000  1.573610e-01 
 1127.000  1.598507e-01 
 1128.000  1.646697e-01 
 1129.000  1.930436e-01 
 1130.000  2.625643e-01 
 1131.000  2.835657e-01 
 1132.000  2.547900e-01 
 1133.000  2.046316e-01 
 1134.000  1.212370e-01 
 1135.000  1.272340e-01 
 1136.000  2.121194e-01 
 1137.000  2.626197e-01 
 1138.000  3.141075e-01 
 1139.000  3.307857e-01 
 1140.000  3.207946e-01 
 1141.000  3.009551e-01 
 1142.000  2.938771e-01 
 1143.000  2.719949e-01 
 1144.000  2.479653e-01 
 1145.000  2.141374e-01 
 1146.000  2.220472e-01 
 1147.000  2.486566e-01 
 1148.000  2.728793e-01 
 1149.000  2.829641e-01 
 1150.000  2.838607e-01 
