  320.000  3.699251e-01 
  321.000  4.297346e-01 
  322.000  4.066268e-01 
  323.000  4.358374e-01 
  324.000  4.644593e-01 
  325.000  4.431947e-01 
  326.000  4.779229e-01 
  327.000  4.874610e-01 
  328.000  4.667796e-01 
  329.000  5.062190e-01 
  330.000  5.123735e-01 
  331.000  5.001710e-01 
  332.000  5.236445e-01 
  333.000  5.304217e-01 
  334.000  5.248594e-01 
  335.000  5.418348e-01 
  336.000  5.486586e-01 
  337.000  5.457863e-01 
  338.000  5.537602e-01 
  339.000  5.619490e-01 
  340.000  5.606061e-01 
  341.000  5.685253e-01 
  342.000  5.742930e-01 
  343.000  5.771824e-01 
  344.000  5.777722e-01 
  345.000  5.855418e-01 
  346.000  5.904292e-01 
  347.000  5.944036e-01 
  348.000  5.981176e-01 
  349.000  6.022797e-01 
  350.000  6.058292e-01 
  351.000  6.093568e-01 
  352.000  6.122453e-01 
  353.000  6.163439e-01 
  354.000  6.198252e-01 
  355.000  6.230583e-01 
  356.000  6.262025e-01 
  357.000  6.289959e-01 
  358.000  6.319962e-01 
  359.000  6.349882e-01 
  360.000  6.380468e-01 
  361.000  6.419027e-01 
  362.000  6.459083e-01 
  363.000  6.495889e-01 
  364.000  6.529691e-01 
  365.000  6.561334e-01 
  366.000  6.593629e-01 
  367.000  6.624319e-01 
  368.000  6.654675e-01 
  369.000  6.684715e-01 
  370.000  6.714392e-01 
  371.000  6.743786e-01 
  372.000  6.772886e-01 
  373.000  6.801690e-01 
  374.000  6.829982e-01 
  375.000  6.857683e-01 
  376.000  6.884400e-01 
  377.000  6.909612e-01 
  378.000  6.932997e-01 
  379.000  6.956724e-01 
  380.000  6.982781e-01 
  381.000  7.012395e-01 
  382.000  7.043029e-01 
  383.000  7.071947e-01 
  384.000  7.099332e-01 
  385.000  7.125676e-01 
  386.000  7.151305e-01 
  387.000  7.176481e-01 
  388.000  7.201298e-01 
  389.000  7.225874e-01 
  390.000  7.250215e-01 
  391.000  7.274272e-01 
  392.000  7.298115e-01 
  393.000  7.321727e-01 
  394.000  7.345085e-01 
  395.000  7.368172e-01 
  396.000  7.391078e-01 
  397.000  7.413685e-01 
  398.000  7.436054e-01 
  399.000  7.458203e-01 
  400.000  7.480016e-01 
  401.000  7.501716e-01 
  402.000  7.523214e-01 
  403.000  7.544498e-01 
  404.000  7.565567e-01 
  405.000  7.586378e-01 
  406.000  7.607024e-01 
  407.000  7.627483e-01 
  408.000  7.647738e-01 
  409.000  7.667769e-01 
  410.000  7.687587e-01 
  411.000  7.707184e-01 
  412.000  7.726549e-01 
  413.000  7.745780e-01 
  414.000  7.763610e-01 
  415.000  7.782879e-01 
  416.000  7.801881e-01 
  417.000  7.820545e-01 
  418.000  7.838761e-01 
  419.000  7.856756e-01 
  420.000  7.874569e-01 
  421.000  7.892258e-01 
  422.000  7.909818e-01 
  423.000  7.927229e-01 
  424.000  7.944418e-01 
  425.000  7.961196e-01 
  426.000  7.977795e-01 
  427.000  7.994231e-01 
  428.000  8.010359e-01 
  429.000  8.026248e-01 
  430.000  8.041937e-01 
  431.000  8.057495e-01 
  432.000  8.072877e-01 
  433.000  8.088099e-01 
  434.000  8.103180e-01 
  435.000  8.118101e-01 
  436.000  8.132841e-01 
  437.000  8.147410e-01 
  438.000  8.161801e-01 
  439.000  8.176069e-01 
  440.000  8.190095e-01 
  441.000  8.203933e-01 
  442.000  8.217541e-01 
  443.000  8.230934e-01 
  444.000  8.244106e-01 
  445.000  8.256984e-01 
  446.000  8.269497e-01 
  447.000  8.282610e-01 
  448.000  8.296658e-01 
  449.000  8.310868e-01 
  450.000  8.324791e-01 
  451.000  8.338161e-01 
  452.000  8.351053e-01 
  453.000  8.363672e-01 
  454.000  8.376054e-01 
  455.000  8.387710e-01 
  456.000  8.398418e-01 
  457.000  8.409122e-01 
  458.000  8.419677e-01 
  459.000  8.430001e-01 
  460.000  8.440237e-01 
  461.000  8.450359e-01 
  462.000  8.460283e-01 
  463.000  8.470159e-01 
  464.000  8.483007e-01 
  465.000  8.495654e-01 
  466.000  8.508068e-01 
  467.000  8.520188e-01 
  468.000  8.530053e-01 
  469.000  8.538546e-01 
  470.000  8.546352e-01 
  471.000  8.553376e-01 
  472.000  8.559339e-01 
  473.000  8.563517e-01 
  474.000  8.566947e-01 
  475.000  8.567828e-01 
  476.000  8.566130e-01 
  477.000  8.566095e-01 
  478.000  8.576016e-01 
  479.000  8.591107e-01 
  480.000  8.607382e-01 
  481.000  8.621969e-01 
  482.000  8.635640e-01 
  483.000  8.647516e-01 
  484.000  8.657717e-01 
  485.000  8.666834e-01 
  486.000  8.676553e-01 
  487.000  8.686778e-01 
  488.000  8.696669e-01 
  489.000  8.706373e-01 
  490.000  8.715957e-01 
  491.000  8.723459e-01 
  492.000  8.730313e-01 
  493.000  8.737130e-01 
  494.000  8.743753e-01 
  495.000  8.750373e-01 
  496.000  8.753783e-01 
  497.000  8.757063e-01 
  498.000  8.760294e-01 
  499.000  8.763350e-01 
  500.000  8.766358e-01 
  501.000  8.769032e-01 
  502.000  8.771705e-01 
  503.000  8.774344e-01 
  504.000  8.776862e-01 
  505.000  8.779241e-01 
  506.000  8.786209e-01 
  507.000  8.793377e-01 
  508.000  8.800531e-01 
  509.000  8.807600e-01 
  510.000  8.814515e-01 
  511.000  8.820712e-01 
  512.000  8.826695e-01 
  513.000  8.832641e-01 
  514.000  8.838511e-01 
  515.000  8.844328e-01 
  516.000  8.848482e-01 
  517.000  8.851145e-01 
  518.000  8.853734e-01 
  519.000  8.856274e-01 
  520.000  8.858789e-01 
  521.000  8.861041e-01 
  522.000  8.862665e-01 
  523.000  8.863837e-01 
  524.000  8.865047e-01 
  525.000  8.866000e-01 
  526.000  8.867338e-01 
  527.000  8.867553e-01 
  528.000  8.867314e-01 
  529.000  8.867061e-01 
  530.000  8.866865e-01 
  531.000  8.866704e-01 
  532.000  8.867065e-01 
  533.000  8.870327e-01 
  534.000  8.874446e-01 
  535.000  8.879093e-01 
  536.000  8.883584e-01 
  537.000  8.887691e-01 
  538.000  8.891364e-01 
  539.000  8.894765e-01 
  540.000  8.897956e-01 
  541.000  8.901052e-01 
  542.000  8.904014e-01 
  543.000  8.906869e-01 
  544.000  8.909028e-01 
  545.000  8.910618e-01 
  546.000  8.912135e-01 
  547.000  8.913695e-01 
  548.000  8.915176e-01 
  549.000  8.916634e-01 
  550.000  8.917341e-01 
  551.000  8.917304e-01 
  552.000  8.917295e-01 
  553.000  8.917133e-01 
  554.000  8.916900e-01 
  555.000  8.916626e-01 
  556.000  8.916070e-01 
  557.000  8.915027e-01 
  558.000  8.913898e-01 
  559.000  8.912637e-01 
  560.000  8.911057e-01 
  561.000  8.909181e-01 
  562.000  8.904658e-01 
  563.000  8.902301e-01 
  564.000  8.899109e-01 
  565.000  8.894036e-01 
  566.000  8.891221e-01 
  567.000  8.879024e-01 
  568.000  8.837211e-01 
  569.000  8.746089e-01 
  570.000  8.760688e-01 
  571.000  8.826779e-01 
  572.000  8.764265e-01 
  573.000  8.781504e-01 
  574.000  8.786297e-01 
  575.000  8.782633e-01 
  576.000  8.784672e-01 
  577.000  8.806281e-01 
  578.000  8.834118e-01 
  579.000  8.855527e-01 
  580.000  8.872123e-01 
  581.000  8.898058e-01 
  582.000  8.914394e-01 
  583.000  8.922786e-01 
  584.000  8.930653e-01 
  585.000  8.936065e-01 
  586.000  8.941795e-01 
  587.000  8.915096e-01 
  588.000  8.788444e-01 
  589.000  8.590547e-01 
  590.000  8.579330e-01 
  591.000  8.716141e-01 
  592.000  8.645223e-01 
  593.000  8.801216e-01 
  594.000  8.768193e-01 
  595.000  8.660549e-01 
  596.000  8.813077e-01 
  597.000  8.776810e-01 
  598.000  8.837944e-01 
  599.000  8.861586e-01 
  600.000  8.916732e-01 
  601.000  8.953493e-01 
  602.000  8.963969e-01 
  603.000  8.979449e-01 
  604.000  8.995726e-01 
  605.000  9.006321e-01 
  606.000  9.013470e-01 
  607.000  9.020356e-01 
  608.000  9.026693e-01 
  609.000  9.032734e-01 
  610.000  9.038950e-01 
  611.000  9.045849e-01 
  612.000  9.052604e-01 
  613.000  9.059146e-01 
  614.000  9.065493e-01 
  615.000  9.071820e-01 
  616.000  9.077914e-01 
  617.000  9.083668e-01 
  618.000  9.088491e-01 
  619.000  9.092570e-01 
  620.000  9.096345e-01 
  621.000  9.099588e-01 
  622.000  9.102299e-01 
  623.000  9.104111e-01 
  624.000  9.106035e-01 
  625.000  9.107630e-01 
  626.000  9.103054e-01 
  627.000  9.052024e-01 
  628.000  8.810760e-01 
  629.000  8.949820e-01 
  630.000  8.994829e-01 
  631.000  9.041036e-01 
  632.000  9.019803e-01 
  633.000  9.089006e-01 
  634.000  9.118903e-01 
  635.000  9.128184e-01 
  636.000  9.146813e-01 
  637.000  9.161167e-01 
  638.000  9.194260e-01 
  639.000  9.203094e-01 
  640.000  9.223710e-01 
  641.000  9.231002e-01 
  642.000  9.246112e-01 
  643.000  9.233755e-01 
  644.000  9.239448e-01 
  645.000  9.218020e-01 
  646.000  9.111521e-01 
  647.000  9.038658e-01 
  648.000  8.956894e-01 
  649.000  9.035184e-01 
  650.000  9.182931e-01 
  651.000  9.186157e-01 
  652.000  9.062099e-01 
  653.000  9.211890e-01 
  654.000  9.199106e-01 
  655.000  9.149063e-01 
  656.000  9.171078e-01 
  657.000  9.203388e-01 
  658.000  9.256828e-01 
  659.000  9.289370e-01 
  660.000  9.305426e-01 
  661.000  9.346172e-01 
  662.000  9.365938e-01 
  663.000  9.366104e-01 
  664.000  9.375877e-01 
  665.000  9.384485e-01 
  666.000  9.394895e-01 
  667.000  9.403450e-01 
  668.000  9.413394e-01 
  669.000  9.420124e-01 
  670.000  9.425927e-01 
  671.000  9.432116e-01 
  672.000  9.437504e-01 
  673.000  9.442772e-01 
  674.000  9.447982e-01 
  675.000  9.453208e-01 
  676.000  9.458082e-01 
  677.000  9.462569e-01 
  678.000  9.467077e-01 
  679.000  9.470544e-01 
  680.000  9.469512e-01 
  681.000  9.466819e-01 
  682.000  9.468696e-01 
  683.000  9.468396e-01 
  684.000  9.460670e-01 
  685.000  9.471523e-01 
  686.000  9.438469e-01 
  687.000  8.341658e-01 
  688.000  8.689816e-01 
  689.000  8.587251e-01 
  690.000  8.768439e-01 
  691.000  8.995206e-01 
  692.000  9.117054e-01 
  693.000  9.006579e-01 
  694.000  8.872821e-01 
  695.000  8.985689e-01 
  696.000  9.051888e-01 
  697.000  9.344726e-01 
  698.000  9.283058e-01 
  699.000  9.018126e-01 
  700.000  9.061430e-01 
  701.000  9.002069e-01 
  702.000  9.044956e-01 
  703.000  9.265843e-01 
  704.000  9.275033e-01 
  705.000  9.183486e-01 
  706.000  9.201063e-01 
  707.000  9.233496e-01 
  708.000  9.268590e-01 
  709.000  9.340652e-01 
  710.000  9.263388e-01 
  711.000  9.341715e-01 
  712.000  9.408386e-01 
  713.000  9.354272e-01 
  714.000  9.335767e-01 
  715.000  9.247730e-01 
  716.000  9.156079e-01 
  717.000  8.582268e-01 
  718.000  8.231109e-01 
  719.000  8.104634e-01 
  720.000  7.914936e-01 
  721.000  8.746244e-01 
  722.000  9.043730e-01 
  723.000  8.874612e-01 
  724.000  8.397110e-01 
  725.000  8.466808e-01 
  726.000  8.444128e-01 
  727.000  8.511128e-01 
  728.000  8.437294e-01 
  729.000  8.619260e-01 
  730.000  8.587257e-01 
  731.000  8.548699e-01 
  732.000  8.856631e-01 
  733.000  9.152800e-01 
  734.000  9.295543e-01 
  735.000  9.244574e-01 
  736.000  9.150084e-01 
  737.000  9.220732e-01 
  738.000  9.318020e-01 
  739.000  9.359743e-01 
  740.000  9.452767e-01 
  741.000  9.506392e-01 
  742.000  9.528716e-01 
  743.000  9.578226e-01 
  744.000  9.600511e-01 
  745.000  9.617521e-01 
  746.000  9.630736e-01 
  747.000  9.633623e-01 
  748.000  9.645215e-01 
  749.000  9.650707e-01 
  750.000  9.646973e-01 
  751.000  9.648821e-01 
  752.000  9.658910e-01 
  753.000  9.662838e-01 
  754.000  9.665858e-01 
  755.000  9.667701e-01 
  756.000  9.669650e-01 
  757.000  9.670989e-01 
  758.000  9.657976e-01 
  759.000  9.073516e-01 
  760.000  4.551357e-01 
  761.000  4.101013e-01 
  762.000  6.787426e-01 
  763.000  5.967484e-01 
  764.000  6.374665e-01 
  765.000  7.288780e-01 
  766.000  8.374411e-01 
  767.000  8.915842e-01 
  768.000  9.267790e-01 
  769.000  9.499164e-01 
  770.000  9.619900e-01 
  771.000  9.679963e-01 
  772.000  9.694322e-01 
  773.000  9.700823e-01 
  774.000  9.708347e-01 
  775.000  9.712614e-01 
  776.000  9.715736e-01 
  777.000  9.716414e-01 
  778.000  9.715924e-01 
  779.000  9.715359e-01 
  780.000  9.714784e-01 
  781.000  9.719123e-01 
  782.000  9.718407e-01 
  783.000  9.717843e-01 
  784.000  9.714062e-01 
  785.000  9.693324e-01 
  786.000  9.660940e-01 
  787.000  9.590139e-01 
  788.000  9.552824e-01 
  789.000  9.420492e-01 
  790.000  9.408872e-01 
  791.000  9.433520e-01 
  792.000  9.456311e-01 
  793.000  9.509801e-01 
  794.000  9.623622e-01 
  795.000  9.553608e-01 
  796.000  9.367965e-01 
  797.000  9.420649e-01 
  798.000  9.537520e-01 
  799.000  9.510518e-01 
  800.000  9.425005e-01 
  801.000  9.434894e-01 
  802.000  9.426026e-01 
  803.000  9.438239e-01 
  804.000  9.478069e-01 
  805.000  9.554629e-01 
  806.000  9.600258e-01 
  807.000  9.602037e-01 
  808.000  9.575747e-01 
  809.000  9.543501e-01 
  810.000  9.508184e-01 
  811.000  9.436090e-01 
  812.000  9.339231e-01 
  813.000  9.220845e-01 
  814.000  9.065079e-01 
  815.000  8.871824e-01 
  816.000  8.625416e-01 
  817.000  8.638568e-01 
  818.000  8.658285e-01 
  819.000  8.739210e-01 
  820.000  9.010538e-01 
  821.000  9.321579e-01 
  822.000  9.084468e-01 
  823.000  8.428513e-01 
  824.000  8.980471e-01 
  825.000  9.338179e-01 
  826.000  9.277006e-01 
  827.000  9.231468e-01 
  828.000  8.995705e-01 
  829.000  9.080161e-01 
  830.000  9.175047e-01 
  831.000  9.197257e-01 
  832.000  9.207090e-01 
  833.000  9.261861e-01 
  834.000  9.326459e-01 
  835.000  9.454896e-01 
  836.000  9.413372e-01 
  837.000  9.408864e-01 
  838.000  9.471280e-01 
  839.000  9.509120e-01 
  840.000  9.522728e-01 
  841.000  9.481286e-01 
  842.000  9.518110e-01 
  843.000  9.605920e-01 
  844.000  9.645681e-01 
  845.000  9.664103e-01 
  846.000  9.683493e-01 
  847.000  9.704894e-01 
  848.000  9.669021e-01 
  849.000  9.673375e-01 
  850.000  9.655543e-01 
  851.000  9.634346e-01 
  852.000  9.636235e-01 
  853.000  9.670724e-01 
  854.000  9.668659e-01 
  855.000  9.685906e-01 
  856.000  9.721994e-01 
  857.000  9.737078e-01 
  858.000  9.744847e-01 
  859.000  9.762149e-01 
  860.000  9.770480e-01 
  861.000  9.771685e-01 
  862.000  9.776087e-01 
  863.000  9.776613e-01 
  864.000  9.779614e-01 
  865.000  9.782057e-01 
  866.000  9.782665e-01 
  867.000  9.782159e-01 
  868.000  9.782495e-01 
  869.000  9.783270e-01 
  870.000  9.782608e-01 
  871.000  9.783337e-01 
  872.000  9.785197e-01 
  873.000  9.783232e-01 
  874.000  9.782143e-01 
  875.000  9.781844e-01 
  876.000  9.778455e-01 
  877.000  9.776719e-01 
  878.000  9.765459e-01 
  879.000  9.764641e-01 
  880.000  9.754897e-01 
  881.000  9.749395e-01 
  882.000  9.744120e-01 
  883.000  9.749100e-01 
  884.000  9.751000e-01 
  885.000  9.731204e-01 
  886.000  9.703700e-01 
  887.000  9.724685e-01 
  888.000  9.723275e-01 
  889.000  9.729567e-01 
  890.000  9.713274e-01 
  891.000  9.679945e-01 
  892.000  9.609911e-01 
  893.000  9.398088e-01 
  894.000  9.292431e-01 
  895.000  8.972468e-01 
  896.000  8.686426e-01 
  897.000  8.386005e-01 
  898.000  8.245875e-01 
  899.000  7.854577e-01 
  900.000  7.910156e-01 
  901.000  7.808836e-01 
  902.000  7.828026e-01 
  903.000  8.485800e-01 
  904.000  8.891132e-01 
  905.000  8.876696e-01 
  906.000  8.622967e-01 
  907.000  8.177130e-01 
  908.000  7.885095e-01 
  909.000  7.896976e-01 
  910.000  7.940545e-01 
  911.000  8.133965e-01 
  912.000  8.040100e-01 
  913.000  7.634644e-01 
  914.000  7.834635e-01 
  915.000  7.992985e-01 
  916.000  8.036135e-01 
  917.000  8.122629e-01 
  918.000  8.234516e-01 
  919.000  8.616088e-01 
  920.000  8.906317e-01 
  921.000  8.842525e-01 
  922.000  8.836992e-01 
  923.000  8.755833e-01 
  924.000  8.561431e-01 
  925.000  8.544239e-01 
  926.000  8.537037e-01 
  927.000  8.309157e-01 
  928.000  7.960732e-01 
  929.000  7.462188e-01 
  930.000  6.836268e-01 
  931.000  6.148021e-01 
  932.000  5.260096e-01 
  933.000  4.618403e-01 
  934.000  3.976445e-01 
  935.000  3.907236e-01 
  936.000  4.155874e-01 
  937.000  4.093798e-01 
  938.000  4.814650e-01 
  939.000  6.747233e-01 
  940.000  7.043520e-01 
  941.000  6.790560e-01 
  942.000  6.173017e-01 
  943.000  5.164145e-01 
  944.000  5.093473e-01 
  945.000  5.451116e-01 
  946.000  5.472562e-01 
  947.000  5.798582e-01 
  948.000  5.990672e-01 
  949.000  5.967348e-01 
  950.000  6.017107e-01 
  951.000  6.448826e-01 
  952.000  5.990829e-01 
  953.000  6.314934e-01 
  954.000  6.665367e-01 
  955.000  6.385021e-01 
  956.000  6.325338e-01 
  957.000  7.213365e-01 
  958.000  7.331148e-01 
  959.000  7.184068e-01 
  960.000  7.142182e-01 
  961.000  7.068784e-01 
  962.000  7.137454e-01 
  963.000  7.630126e-01 
  964.000  7.701854e-01 
  965.000  7.655524e-01 
  966.000  7.683271e-01 
  967.000  8.037860e-01 
  968.000  8.633696e-01 
  969.000  8.904657e-01 
  970.000  8.919541e-01 
  971.000  8.913099e-01 
  972.000  8.835990e-01 
  973.000  8.658490e-01 
  974.000  8.443073e-01 
  975.000  8.304998e-01 
  976.000  8.473715e-01 
  977.000  8.753412e-01 
  978.000  8.730950e-01 
  979.000  8.803928e-01 
  980.000  9.090598e-01 
  981.000  9.154390e-01 
  982.000  9.090739e-01 
  983.000  9.238352e-01 
  984.000  9.390474e-01 
  985.000  9.476995e-01 
  986.000  9.588743e-01 
  987.000  9.637188e-01 
  988.000  9.648238e-01 
  989.000  9.655257e-01 
  990.000  9.666965e-01 
  991.000  9.708486e-01 
  992.000  9.720177e-01 
  993.000  9.724458e-01 
  994.000  9.761925e-01 
  995.000  9.787432e-01 
  996.000  9.787087e-01 
  997.000  9.770691e-01 
  998.000  9.751511e-01 
  999.000  9.744399e-01 
 1000.000  9.749964e-01 
 1001.000  9.709968e-01 
 1002.000  9.646087e-01 
 1003.000  9.661092e-01 
 1004.000  9.697629e-01 
 1005.000  9.714254e-01 
 1006.000  9.719648e-01 
 1007.000  9.707347e-01 
 1008.000  9.655290e-01 
 1009.000  9.585799e-01 
 1010.000  9.616655e-01 
 1011.000  9.690408e-01 
 1012.000  9.718468e-01 
 1013.000  9.740579e-01 
 1014.000  9.749805e-01 
 1015.000  9.751578e-01 
 1016.000  9.761561e-01 
 1017.000  9.767330e-01 
 1018.000  9.754829e-01 
 1019.000  9.729163e-01 
 1020.000  9.738187e-01 
 1021.000  9.756687e-01 
 1022.000  9.725691e-01 
 1023.000  9.699778e-01 
 1024.000  9.684305e-01 
 1025.000  9.732015e-01 
 1026.000  9.753188e-01 
 1027.000  9.744326e-01 
 1028.000  9.751849e-01 
 1029.000  9.772909e-01 
 1030.000  9.792277e-01 
 1031.000  9.802432e-01 
 1032.000  9.810375e-01 
 1033.000  9.812567e-01 
 1034.000  9.817363e-01 
 1035.000  9.819771e-01 
 1036.000  9.818951e-01 
 1037.000  9.819633e-01 
 1038.000  9.820954e-01 
 1039.000  9.818559e-01 
 1040.000  9.816572e-01 
 1041.000  9.815006e-01 
 1042.000  9.814612e-01 
 1043.000  9.814662e-01 
 1044.000  9.813334e-01 
 1045.000  9.808854e-01 
 1046.000  9.805893e-01 
 1047.000  9.802437e-01 
 1048.000  9.798395e-01 
 1049.000  9.794554e-01 
 1050.000  9.789766e-01 
 1051.000  9.782407e-01 
 1052.000  9.778005e-01 
 1053.000  9.778056e-01 
 1054.000  9.770966e-01 
 1055.000  9.763770e-01 
 1056.000  9.758208e-01 
 1057.000  9.742084e-01 
 1058.000  9.711809e-01 
 1059.000  9.714763e-01 
 1060.000  9.731710e-01 
 1061.000  9.728503e-01 
 1062.000  9.709435e-01 
 1063.000  9.702958e-01 
 1064.000  9.686691e-01 
 1065.000  9.666448e-01 
 1066.000  9.668069e-01 
 1067.000  9.656664e-01 
 1068.000  9.615875e-01 
 1069.000  9.594207e-01 
 1070.000  9.598454e-01 
 1071.000  9.571171e-01 
 1072.000  9.543624e-01 
 1073.000  9.537205e-01 
 1074.000  9.539670e-01 
 1075.000  9.577127e-01 
 1076.000  9.551600e-01 
 1077.000  9.517888e-01 
 1078.000  9.478511e-01 
 1079.000  9.472455e-01 
 1080.000  9.369296e-01 
 1081.000  9.362663e-01 
 1082.000  9.406894e-01 
 1083.000  9.351850e-01 
 1084.000  9.291872e-01 
 1085.000  9.150071e-01 
 1086.000  9.182398e-01 
 1087.000  9.337076e-01 
 1088.000  9.342645e-01 
 1089.000  9.153265e-01 
 1090.000  9.117218e-01 
 1091.000  9.152521e-01 
 1092.000  9.058338e-01 
 1093.000  8.849515e-01 
 1094.000  8.758556e-01 
 1095.000  8.772755e-01 
 1096.000  8.785528e-01 
 1097.000  8.743292e-01 
 1098.000  8.239192e-01 
 1099.000  7.812327e-01 
 1100.000  7.840595e-01 
 1101.000  7.898816e-01 
 1102.000  7.869501e-01 
 1103.000  7.907869e-01 
 1104.000  7.836469e-01 
 1105.000  7.657624e-01 
 1106.000  7.478408e-01 
 1107.000  7.521504e-01 
 1108.000  7.552336e-01 
 1109.000  7.703289e-01 
 1110.000  7.681708e-01 
 1111.000  7.595215e-01 
 1112.000  7.219476e-01 
 1113.000  6.708782e-01 
 1114.000  6.566365e-01 
 1115.000  5.948046e-01 
 1116.000  5.570982e-01 
 1117.000  4.722254e-01 
 1118.000  3.964775e-01 
 1119.000  3.570527e-01 
 1120.000  3.096860e-01 
 1121.000  2.992850e-01 
 1122.000  2.524632e-01 
 1123.000  2.772461e-01 
 1124.000  2.942105e-01 
 1125.000  2.851158e-01 
 1126.000  2.815729e-01 
 1127.000  2.856992e-01 
 1128.000  2.937104e-01 
 1129.000  3.410335e-01 
 1130.000  4.555700e-01 
 1131.000  4.897927e-01 
 1132.000  4.429125e-01 
 1133.000  3.602790e-01 
 1134.000  2.200597e-01 
 1135.000  2.302794e-01 
 1136.000  3.725795e-01 
 1137.000  4.554975e-01 
 1138.000  5.389302e-01 
 1139.000  5.655606e-01 
 1140.000  5.494582e-01 
 1141.000  5.173200e-01 
 1142.000  5.058929e-01 
 1143.000  4.704093e-01 
 1144.000  4.311739e-01 
 1145.000  3.755929e-01 
 1146.000  3.886457e-01 
 1147.000  4.323335e-01 
 1148.000  4.718510e-01 
 1149.000  4.881964e-01 
 1150.000  4.895388e-01 
