  320.000  8.383815e-02 
  321.000  1.109781e-01 
  322.000  1.000733e-01 
  323.000  1.139455e-01 
  324.000  1.283477e-01 
  325.000  1.175714e-01 
  326.000  1.353977e-01 
  327.000  1.404982e-01 
  328.000  1.295502e-01 
  329.000  1.507846e-01 
  330.000  1.542333e-01 
  331.000  1.474311e-01 
  332.000  1.606429e-01 
  333.000  1.645554e-01 
  334.000  1.613410e-01 
  335.000  1.712431e-01 
  336.000  1.753010e-01 
  337.000  1.735876e-01 
  338.000  1.783635e-01 
  339.000  1.833310e-01 
  340.000  1.825120e-01 
  341.000  1.873662e-01 
  342.000  1.909389e-01 
  343.000  1.927405e-01 
  344.000  1.931092e-01 
  345.000  1.979971e-01 
  346.000  2.011009e-01 
  347.000  2.036414e-01 
  348.000  2.060290e-01 
  349.000  2.087200e-01 
  350.000  2.110277e-01 
  351.000  2.133329e-01 
  352.000  2.152291e-01 
  353.000  2.179332e-01 
  354.000  2.202423e-01 
  355.000  2.223970e-01 
  356.000  2.245018e-01 
  357.000  2.263794e-01 
  358.000  2.284043e-01 
  359.000  2.304319e-01 
  360.000  2.325133e-01 
  361.000  2.351497e-01 
  362.000  2.379030e-01 
  363.000  2.404461e-01 
  364.000  2.427927e-01 
  365.000  2.449991e-01 
  366.000  2.472605e-01 
  367.000  2.494185e-01 
  368.000  2.515616e-01 
  369.000  2.536908e-01 
  370.000  2.558024e-01 
  371.000  2.579019e-01 
  372.000  2.599883e-01 
  373.000  2.620612e-01 
  374.000  2.641048e-01 
  375.000  2.661127e-01 
  376.000  2.680560e-01 
  377.000  2.698960e-01 
  378.000  2.716078e-01 
  379.000  2.733498e-01 
  380.000  2.752689e-01 
  381.000  2.774575e-01 
  382.000  2.797300e-01 
  383.000  2.818831e-01 
  384.000  2.839291e-01 
  385.000  2.859039e-01 
  386.000  2.878312e-01 
  387.000  2.897303e-01 
  388.000  2.916080e-01 
  389.000  2.934730e-01 
  390.000  2.953257e-01 
  391.000  2.971620e-01 
  392.000  2.989872e-01 
  393.000  3.007999e-01 
  394.000  3.025982e-01 
  395.000  3.043805e-01 
  396.000  3.061535e-01 
  397.000  3.079082e-01 
  398.000  3.096490e-01 
  399.000  3.113772e-01 
  400.000  3.130835e-01 
  401.000  3.147853e-01 
  402.000  3.164754e-01 
  403.000  3.181530e-01 
  404.000  3.198176e-01 
  405.000  3.214658e-01 
  406.000  3.231049e-01 
  407.000  3.247329e-01 
  408.000  3.263484e-01 
  409.000  3.279498e-01 
  410.000  3.295377e-01 
  411.000  3.311114e-01 
  412.000  3.326699e-01 
  413.000  3.342210e-01 
  414.000  3.356622e-01 
  415.000  3.372228e-01 
  416.000  3.387652e-01 
  417.000  3.402833e-01 
  418.000  3.417679e-01 
  419.000  3.432375e-01 
  420.000  3.446952e-01 
  421.000  3.461455e-01 
  422.000  3.475882e-01 
  423.000  3.490213e-01 
  424.000  3.504389e-01 
  425.000  3.518251e-01 
  426.000  3.531989e-01 
  427.000  3.545619e-01 
  428.000  3.559016e-01 
  429.000  3.572237e-01 
  430.000  3.585316e-01 
  431.000  3.598306e-01 
  432.000  3.611171e-01 
  433.000  3.623923e-01 
  434.000  3.636578e-01 
  435.000  3.649119e-01 
  436.000  3.661527e-01 
  437.000  3.673811e-01 
  438.000  3.685963e-01 
  439.000  3.698030e-01 
  440.000  3.709911e-01 
  441.000  3.721649e-01 
  442.000  3.733209e-01 
  443.000  3.744603e-01 
  444.000  3.755824e-01 
  445.000  3.766811e-01 
  446.000  3.777500e-01 
  447.000  3.788716e-01 
  448.000  3.800751e-01 
  449.000  3.812940e-01 
  450.000  3.824903e-01 
  451.000  3.836406e-01 
  452.000  3.847513e-01 
  453.000  3.858400e-01 
  454.000  3.869096e-01 
  455.000  3.879177e-01 
  456.000  3.888449e-01 
  457.000  3.897729e-01 
  458.000  3.906888e-01 
  459.000  3.915858e-01 
  460.000  3.924761e-01 
  461.000  3.933573e-01 
  462.000  3.942221e-01 
  463.000  3.950837e-01 
  464.000  3.962059e-01 
  465.000  3.973119e-01 
  466.000  3.983991e-01 
  467.000  3.994617e-01 
  468.000  4.003277e-01 
  469.000  4.010738e-01 
  470.000  4.017603e-01 
  471.000  4.023784e-01 
  472.000  4.029035e-01 
  473.000  4.032716e-01 
  474.000  4.035739e-01 
  475.000  4.036515e-01 
  476.000  4.035018e-01 
  477.000  4.034988e-01 
  478.000  4.043737e-01 
  479.000  4.057063e-01 
  480.000  4.071457e-01 
  481.000  4.084378e-01 
  482.000  4.096505e-01 
  483.000  4.107054e-01 
  484.000  4.116124e-01 
  485.000  4.124240e-01 
  486.000  4.132898e-01 
  487.000  4.142017e-01 
  488.000  4.150847e-01 
  489.000  4.159518e-01 
  490.000  4.168090e-01 
  491.000  4.174806e-01 
  492.000  4.180946e-01 
  493.000  4.187058e-01 
  494.000  4.192999e-01 
  495.000  4.198941e-01 
  496.000  4.202003e-01 
  497.000  4.204950e-01 
  498.000  4.207854e-01 
  499.000  4.210602e-01 
  500.000  4.213307e-01 
  501.000  4.215711e-01 
  502.000  4.218116e-01 
  503.000  4.220492e-01 
  504.000  4.222758e-01 
  505.000  4.224901e-01 
  506.000  4.231178e-01 
  507.000  4.237639e-01 
  508.000  4.244093e-01 
  509.000  4.250474e-01 
  510.000  4.256721e-01 
  511.000  4.262323e-01 
  512.000  4.267735e-01 
  513.000  4.273116e-01 
  514.000  4.278432e-01 
  515.000  4.283703e-01 
  516.000  4.287469e-01 
  517.000  4.289884e-01 
  518.000  4.292232e-01 
  519.000  4.294536e-01 
  520.000  4.296818e-01 
  521.000  4.298863e-01 
  522.000  4.300338e-01 
  523.000  4.301401e-01 
  524.000  4.302500e-01 
  525.000  4.303366e-01 
  526.000  4.304581e-01 
  527.000  4.304777e-01 
  528.000  4.304560e-01 
  529.000  4.304330e-01 
  530.000  4.304152e-01 
  531.000  4.304006e-01 
  532.000  4.304334e-01 
  533.000  4.307297e-01 
  534.000  4.311040e-01 
  535.000  4.315266e-01 
  536.000  4.319351e-01 
  537.000  4.323089e-01 
  538.000  4.326432e-01 
  539.000  4.329530e-01 
  540.000  4.332437e-01 
  541.000  4.335259e-01 
  542.000  4.337958e-01 
  543.000  4.340561e-01 
  544.000  4.342530e-01 
  545.000  4.343981e-01 
  546.000  4.345365e-01 
  547.000  4.346788e-01 
  548.000  4.348140e-01 
  549.000  4.349470e-01 
  550.000  4.350116e-01 
  551.000  4.350082e-01 
  552.000  4.350074e-01 
  553.000  4.349926e-01 
  554.000  4.349714e-01 
  555.000  4.349464e-01 
  556.000  4.348956e-01 
  557.000  4.348004e-01 
  558.000  4.346974e-01 
  559.000  4.345824e-01 
  560.000  4.344386e-01 
  561.000  4.342684e-01 
  562.000  4.339656e-01 
  563.000  4.337600e-01 
  564.000  4.334965e-01 
  565.000  4.331127e-01 
  566.000  4.328060e-01 
  567.000  4.320446e-01 
  568.000  4.301575e-01 
  569.000  4.266307e-01 
  570.000  4.269087e-01 
  571.000  4.289441e-01 
  572.000  4.264314e-01 
  573.000  4.266253e-01 
  574.000  4.265823e-01 
  575.000  4.263023e-01 
  576.000  4.264646e-01 
  577.000  4.274287e-01 
  578.000  4.287972e-01 
  579.000  4.301560e-01 
  580.000  4.317470e-01 
  581.000  4.337961e-01 
  582.000  4.353043e-01 
  583.000  4.363875e-01 
  584.000  4.373165e-01 
  585.000  4.381383e-01 
  586.000  4.388578e-01 
  587.000  4.383470e-01 
  588.000  4.341234e-01 
  589.000  4.268975e-01 
  590.000  4.266955e-01 
  591.000  4.321127e-01 
  592.000  4.296072e-01 
  593.000  4.357182e-01 
  594.000  4.346375e-01 
  595.000  4.307024e-01 
  596.000  4.363934e-01 
  597.000  4.348204e-01 
  598.000  4.369430e-01 
  599.000  4.376395e-01 
  600.000  4.395193e-01 
  601.000  4.405731e-01 
  602.000  4.407608e-01 
  603.000  4.414474e-01 
  604.000  4.424993e-01 
  605.000  4.432822e-01 
  606.000  4.438896e-01 
  607.000  4.444778e-01 
  608.000  4.450537e-01 
  609.000  4.456057e-01 
  610.000  4.461792e-01 
  611.000  4.468165e-01 
  612.000  4.474410e-01 
  613.000  4.480462e-01 
  614.000  4.486337e-01 
  615.000  4.492199e-01 
  616.000  4.497847e-01 
  617.000  4.503184e-01 
  618.000  4.507658e-01 
  619.000  4.511445e-01 
  620.000  4.514951e-01 
  621.000  4.517964e-01 
  622.000  4.520483e-01 
  623.000  4.522168e-01 
  624.000  4.523963e-01 
  625.000  4.525466e-01 
  626.000  4.524098e-01 
  627.000  4.502104e-01 
  628.000  4.331586e-01 
  629.000  4.440238e-01 
  630.000  4.458690e-01 
  631.000  4.492552e-01 
  632.000  4.498405e-01 
  633.000  4.534323e-01 
  634.000  4.556256e-01 
  635.000  4.568346e-01 
  636.000  4.583671e-01 
  637.000  4.596856e-01 
  638.000  4.616460e-01 
  639.000  4.626436e-01 
  640.000  4.641192e-01 
  641.000  4.650504e-01 
  642.000  4.661556e-01 
  643.000  4.661195e-01 
  644.000  4.667796e-01 
  645.000  4.664211e-01 
  646.000  4.628180e-01 
  647.000  4.603658e-01 
  648.000  4.575386e-01 
  649.000  4.609737e-01 
  650.000  4.670881e-01 
  651.000  4.675284e-01 
  652.000  4.629767e-01 
  653.000  4.691566e-01 
  654.000  4.689623e-01 
  655.000  4.673060e-01 
  656.000  4.684731e-01 
  657.000  4.700200e-01 
  658.000  4.724088e-01 
  659.000  4.738284e-01 
  660.000  4.747829e-01 
  661.000  4.766641e-01 
  662.000  4.777239e-01 
  663.000  4.780360e-01 
  664.000  4.787489e-01 
  665.000  4.793664e-01 
  666.000  4.801204e-01 
  667.000  4.807855e-01 
  668.000  4.815231e-01 
  669.000  4.821028e-01 
  670.000  4.826365e-01 
  671.000  4.831884e-01 
  672.000  4.837003e-01 
  673.000  4.842055e-01 
  674.000  4.847071e-01 
  675.000  4.852089e-01 
  676.000  4.856830e-01 
  677.000  4.861184e-01 
  678.000  4.865542e-01 
  679.000  4.869359e-01 
  680.000  4.870851e-01 
  681.000  4.871467e-01 
  682.000  4.874439e-01 
  683.000  4.876882e-01 
  684.000  4.876147e-01 
  685.000  4.883316e-01 
  686.000  4.861502e-01 
  687.000  4.077061e-01 
  688.000  4.319442e-01 
  689.000  4.252311e-01 
  690.000  4.379301e-01 
  691.000  4.553254e-01 
  692.000  4.668911e-01 
  693.000  4.668757e-01 
  694.000  4.642420e-01 
  695.000  4.700885e-01 
  696.000  4.734152e-01 
  697.000  4.857538e-01 
  698.000  4.834897e-01 
  699.000  4.728559e-01 
  700.000  4.748081e-01 
  701.000  4.725389e-01 
  702.000  4.744599e-01 
  703.000  4.836589e-01 
  704.000  4.841946e-01 
  705.000  4.805889e-01 
  706.000  4.814391e-01 
  707.000  4.828973e-01 
  708.000  4.844626e-01 
  709.000  4.875386e-01 
  710.000  4.845133e-01 
  711.000  4.878472e-01 
  712.000  4.907026e-01 
  713.000  4.886298e-01 
  714.000  4.880148e-01 
  715.000  4.845819e-01 
  716.000  4.810270e-01 
  717.000  4.575098e-01 
  718.000  4.430271e-01 
  719.000  4.378841e-01 
  720.000  4.299646e-01 
  721.000  4.649829e-01 
  722.000  4.774313e-01 
  723.000  4.705800e-01 
  724.000  4.508189e-01 
  725.000  4.538822e-01 
  726.000  4.530149e-01 
  727.000  4.559054e-01 
  728.000  4.528896e-01 
  729.000  4.605846e-01 
  730.000  4.593113e-01 
  731.000  4.577587e-01 
  732.000  4.706835e-01 
  733.000  4.830118e-01 
  734.000  4.889636e-01 
  735.000  4.869494e-01 
  736.000  4.831241e-01 
  737.000  4.861043e-01 
  738.000  4.901779e-01 
  739.000  4.919588e-01 
  740.000  4.958434e-01 
  741.000  4.981080e-01 
  742.000  4.990893e-01 
  743.000  5.010123e-01 
  744.000  5.019807e-01 
  745.000  5.027452e-01 
  746.000  5.033687e-01 
  747.000  5.035956e-01 
  748.000  5.042367e-01 
  749.000  5.046114e-01 
  750.000  5.045022e-01 
  751.000  5.046853e-01 
  752.000  5.053003e-01 
  753.000  5.055918e-01 
  754.000  5.058355e-01 
  755.000  5.060171e-01 
  756.000  5.062040e-01 
  757.000  5.063351e-01 
  758.000  5.052114e-01 
  759.000  4.625363e-01 
  760.000  1.734164e-01 
  761.000  1.495483e-01 
  762.000  3.061910e-01 
  763.000  2.549869e-01 
  764.000  2.801099e-01 
  765.000  3.389404e-01 
  766.000  4.129659e-01 
  767.000  4.514869e-01 
  768.000  4.770855e-01 
  769.000  4.941562e-01 
  770.000  5.034890e-01 
  771.000  5.077839e-01 
  772.000  5.088862e-01 
  773.000  5.093813e-01 
  774.000  5.100553e-01 
  775.000  5.104706e-01 
  776.000  5.107630e-01 
  777.000  5.108745e-01 
  778.000  5.109044e-01 
  779.000  5.109192e-01 
  780.000  5.109295e-01 
  781.000  5.112044e-01 
  782.000  5.112070e-01 
  783.000  5.112175e-01 
  784.000  5.110553e-01 
  785.000  5.101718e-01 
  786.000  5.088982e-01 
  787.000  5.061925e-01 
  788.000  5.046909e-01 
  789.000  4.992163e-01 
  790.000  4.987818e-01 
  791.000  4.998621e-01 
  792.000  5.008613e-01 
  793.000  5.031415e-01 
  794.000  5.079361e-01 
  795.000  5.050648e-01 
  796.000  4.973480e-01 
  797.000  4.996015e-01 
  798.000  5.045340e-01 
  799.000  5.034510e-01 
  800.000  4.999202e-01 
  801.000  5.003794e-01 
  802.000  5.000528e-01 
  803.000  5.006077e-01 
  804.000  5.023160e-01 
  805.000  5.055592e-01 
  806.000  5.075065e-01 
  807.000  5.076243e-01 
  808.000  5.065723e-01 
  809.000  5.052720e-01 
  810.000  5.038457e-01 
  811.000  5.008808e-01 
  812.000  4.968797e-01 
  813.000  4.919667e-01 
  814.000  4.854682e-01 
  815.000  4.773740e-01 
  816.000  4.669341e-01 
  817.000  4.675591e-01 
  818.000  4.684435e-01 
  819.000  4.719135e-01 
  820.000  4.834590e-01 
  821.000  4.966218e-01 
  822.000  4.866611e-01 
  823.000  4.587320e-01 
  824.000  4.823220e-01 
  825.000  4.974544e-01 
  826.000  4.948899e-01 
  827.000  4.930089e-01 
  828.000  4.830833e-01 
  829.000  4.866973e-01 
  830.000  4.907368e-01 
  831.000  4.917010e-01 
  832.000  4.921286e-01 
  833.000  4.944638e-01 
  834.000  4.972064e-01 
  835.000  5.026248e-01 
  836.000  5.009106e-01 
  837.000  5.007474e-01 
  838.000  5.034005e-01 
  839.000  5.050182e-01 
  840.000  5.056226e-01 
  841.000  5.039176e-01 
  842.000  5.054950e-01 
  843.000  5.092063e-01 
  844.000  5.109008e-01 
  845.000  5.117044e-01 
  846.000  5.123896e-01 
  847.000  5.132850e-01 
  848.000  5.120119e-01 
  849.000  5.122289e-01 
  850.000  5.115181e-01 
  851.000  5.106652e-01 
  852.000  5.107778e-01 
  853.000  5.122537e-01 
  854.000  5.121989e-01 
  855.000  5.129523e-01 
  856.000  5.143344e-01 
  857.000  5.149777e-01 
  858.000  5.152938e-01 
  859.000  5.160573e-01 
  860.000  5.165343e-01 
  861.000  5.166243e-01 
  862.000  5.168875e-01 
  863.000  5.169408e-01 
  864.000  5.171282e-01 
  865.000  5.172853e-01 
  866.000  5.173428e-01 
  867.000  5.173384e-01 
  868.000  5.173808e-01 
  869.000  5.174474e-01 
  870.000  5.174340e-01 
  871.000  5.174978e-01 
  872.000  5.176244e-01 
  873.000  5.175385e-01 
  874.000  5.175011e-01 
  875.000  5.175078e-01 
  876.000  5.173427e-01 
  877.000  5.172685e-01 
  878.000  5.168161e-01 
  879.000  5.168018e-01 
  880.000  5.164278e-01 
  881.000  5.161967e-01 
  882.000  5.159754e-01 
  883.000  5.162359e-01 
  884.000  5.163528e-01 
  885.000  5.155481e-01 
  886.000  5.144297e-01 
  887.000  5.153081e-01 
  888.000  5.152729e-01 
  889.000  5.155938e-01 
  890.000  5.149803e-01 
  891.000  5.137685e-01 
  892.000  5.108563e-01 
  893.000  5.019391e-01 
  894.000  4.975110e-01 
  895.000  4.838967e-01 
  896.000  4.716870e-01 
  897.000  4.587988e-01 
  898.000  4.527726e-01 
  899.000  4.356412e-01 
  900.000  4.381499e-01 
  901.000  4.336934e-01 
  902.000  4.345110e-01 
  903.000  4.633278e-01 
  904.000  4.808564e-01 
  905.000  4.802239e-01 
  906.000  4.692888e-01 
  907.000  4.499024e-01 
  908.000  4.371030e-01 
  909.000  4.376714e-01 
  910.000  4.396215e-01 
  911.000  4.481494e-01 
  912.000  4.440404e-01 
  913.000  4.261172e-01 
  914.000  4.350007e-01 
  915.000  4.419869e-01 
  916.000  4.438817e-01 
  917.000  4.476700e-01 
  918.000  4.525639e-01 
  919.000  4.691775e-01 
  920.000  4.816956e-01 
  921.000  4.789459e-01 
  922.000  4.787225e-01 
  923.000  4.752453e-01 
  924.000  4.668629e-01 
  925.000  4.661985e-01 
  926.000  4.660574e-01 
  927.000  4.562969e-01 
  928.000  4.412450e-01 
  929.000  4.194441e-01 
  930.000  3.916000e-01 
  931.000  3.603134e-01 
  932.000  3.192489e-01 
  933.000  2.882596e-01 
  934.000  2.561300e-01 
  935.000  2.527386e-01 
  936.000  2.655637e-01 
  937.000  2.622736e-01 
  938.000  2.979318e-01 
  939.000  3.892731e-01 
  940.000  4.026845e-01 
  941.000  3.910583e-01 
  942.000  3.624820e-01 
  943.000  3.145491e-01 
  944.000  3.112140e-01 
  945.000  3.285759e-01 
  946.000  3.295131e-01 
  947.000  3.448477e-01 
  948.000  3.538228e-01 
  949.000  3.526113e-01 
  950.000  3.548989e-01 
  951.000  3.749374e-01 
  952.000  3.534498e-01 
  953.000  3.684539e-01 
  954.000  3.844781e-01 
  955.000  3.714080e-01 
  956.000  3.684013e-01 
  957.000  4.088774e-01 
  958.000  4.140467e-01 
  959.000  4.073090e-01 
  960.000  4.053340e-01 
  961.000  4.019505e-01 
  962.000  4.049978e-01 
  963.000  4.270615e-01 
  964.000  4.302085e-01 
  965.000  4.280891e-01 
  966.000  4.292651e-01 
  967.000  4.449181e-01 
  968.000  4.709191e-01 
  969.000  4.826038e-01 
  970.000  4.832292e-01 
  971.000  4.829569e-01 
  972.000  4.796514e-01 
  973.000  4.719889e-01 
  974.000  4.626271e-01 
  975.000  4.566003e-01 
  976.000  4.639840e-01 
  977.000  4.761443e-01 
  978.000  4.751558e-01 
  979.000  4.782939e-01 
  980.000  4.906441e-01 
  981.000  4.933748e-01 
  982.000  4.906267e-01 
  983.000  4.969506e-01 
  984.000  5.034521e-01 
  985.000  5.071427e-01 
  986.000  5.118992e-01 
  987.000  5.139593e-01 
  988.000  5.144340e-01 
  989.000  5.147402e-01 
  990.000  5.152480e-01 
  991.000  5.170206e-01 
  992.000  5.175300e-01 
  993.000  5.175102e-01 
  994.000  5.191066e-01 
  995.000  5.202103e-01 
  996.000  5.202078e-01 
  997.000  5.195483e-01 
  998.000  5.187833e-01 
  999.000  5.184829e-01 
 1000.000  5.187459e-01 
 1001.000  5.172323e-01 
 1002.000  5.145351e-01 
 1003.000  5.151876e-01 
 1004.000  5.167543e-01 
 1005.000  5.174749e-01 
 1006.000  5.176944e-01 
 1007.000  5.171859e-01 
 1008.000  5.149850e-01 
 1009.000  5.120344e-01 
 1010.000  5.133537e-01 
 1011.000  5.164887e-01 
 1012.000  5.176837e-01 
 1013.000  5.184274e-01 
 1014.000  5.188361e-01 
 1015.000  5.189083e-01 
 1016.000  5.192642e-01 
 1017.000  5.195283e-01 
 1018.000  5.190455e-01 
 1019.000  5.179049e-01 
 1020.000  5.183002e-01 
 1021.000  5.191193e-01 
 1022.000  5.179464e-01 
 1023.000  5.168303e-01 
 1024.000  5.161551e-01 
 1025.000  5.179639e-01 
 1026.000  5.188802e-01 
 1027.000  5.184681e-01 
 1028.000  5.187697e-01 
 1029.000  5.196131e-01 
 1030.000  5.204000e-01 
 1031.000  5.207816e-01 
 1032.000  5.210704e-01 
 1033.000  5.210956e-01 
 1034.000  5.213233e-01 
 1035.000  5.213913e-01 
 1036.000  5.212281e-01 
 1037.000  5.211682e-01 
 1038.000  5.212298e-01 
 1039.000  5.210660e-01 
 1040.000  5.209029e-01 
 1041.000  5.207717e-01 
 1042.000  5.207195e-01 
 1043.000  5.206828e-01 
 1044.000  5.205459e-01 
 1045.000  5.202155e-01 
 1046.000  5.199774e-01 
 1047.000  5.196794e-01 
 1048.000  5.192150e-01 
 1049.000  5.186985e-01 
 1050.000  5.183388e-01 
 1051.000  5.179408e-01 
 1052.000  5.175752e-01 
 1053.000  5.173590e-01 
 1054.000  5.168915e-01 
 1055.000  5.163744e-01 
 1056.000  5.158767e-01 
 1057.000  5.149198e-01 
 1058.000  5.134003e-01 
 1059.000  5.133066e-01 
 1060.000  5.137533e-01 
 1061.000  5.135254e-01 
 1062.000  5.124814e-01 
 1063.000  5.119236e-01 
 1064.000  5.109996e-01 
 1065.000  5.101505e-01 
 1066.000  5.102003e-01 
 1067.000  5.096601e-01 
 1068.000  5.083252e-01 
 1069.000  5.079675e-01 
 1070.000  5.085757e-01 
 1071.000  5.078126e-01 
 1072.000  5.069331e-01 
 1073.000  5.069605e-01 
 1074.000  5.073617e-01 
 1075.000  5.092332e-01 
 1076.000  5.084138e-01 
 1077.000  5.072261e-01 
 1078.000  5.057812e-01 
 1079.000  5.057483e-01 
 1080.000  5.015290e-01 
 1081.000  5.014175e-01 
 1082.000  5.034623e-01 
 1083.000  5.012838e-01 
 1084.000  4.988603e-01 
 1085.000  4.929048e-01 
 1086.000  4.944253e-01 
 1087.000  5.011800e-01 
 1088.000  5.015240e-01 
 1089.000  4.935030e-01 
 1090.000  4.920627e-01 
 1091.000  4.936856e-01 
 1092.000  4.897555e-01 
 1093.000  4.808064e-01 
 1094.000  4.769270e-01 
 1095.000  4.776171e-01 
 1096.000  4.782548e-01 
 1097.000  4.765329e-01 
 1098.000  4.545694e-01 
 1099.000  4.357803e-01 
 1100.000  4.371024e-01 
 1101.000  4.397519e-01 
 1102.000  4.385639e-01 
 1103.000  4.403386e-01 
 1104.000  4.372285e-01 
 1105.000  4.293517e-01 
 1106.000  4.213471e-01 
 1107.000  4.234191e-01 
 1108.000  4.249816e-01 
 1109.000  4.319553e-01 
 1110.000  4.312705e-01 
 1111.000  4.275596e-01 
 1112.000  4.108184e-01 
 1113.000  3.879087e-01 
 1114.000  3.819177e-01 
 1115.000  3.536599e-01 
 1116.000  3.360647e-01 
 1117.000  2.948954e-01 
 1118.000  2.572212e-01 
 1119.000  2.373444e-01 
 1120.000  2.124553e-01 
 1121.000  2.069750e-01 
 1122.000  1.809249e-01 
 1123.000  1.952696e-01 
 1124.000  2.049219e-01 
 1125.000  1.999050e-01 
 1126.000  1.978702e-01 
 1127.000  2.000192e-01 
 1128.000  2.041842e-01 
 1129.000  2.297828e-01 
 1130.000  2.895364e-01 
 1131.000  3.067650e-01 
 1132.000  2.832557e-01 
 1133.000  2.400360e-01 
 1134.000  1.617921e-01 
 1135.000  1.676984e-01 
 1136.000  2.461423e-01 
 1137.000  2.888363e-01 
 1138.000  3.298419e-01 
 1139.000  3.419999e-01 
 1140.000  3.342080e-01 
 1141.000  3.182257e-01 
 1142.000  3.126495e-01 
 1143.000  2.951260e-01 
 1144.000  2.753128e-01 
 1145.000  2.466334e-01 
 1146.000  2.534002e-01 
 1147.000  2.757975e-01 
 1148.000  2.956483e-01 
 1149.000  3.035995e-01 
 1150.000  3.038540e-01 
