  320.000  3.053367e-01 
  321.000  3.600061e-01 
  322.000  3.387886e-01 
  323.000  3.656287e-01 
  324.000  3.921014e-01 
  325.000  3.724176e-01 
  326.000  4.046107e-01 
  327.000  4.134939e-01 
  328.000  3.942547e-01 
  329.000  4.310139e-01 
  330.000  4.367764e-01 
  331.000  4.253579e-01 
  332.000  4.473471e-01 
  333.000  4.537142e-01 
  334.000  4.484879e-01 
  335.000  4.644546e-01 
  336.000  4.708871e-01 
  337.000  4.681786e-01 
  338.000  4.757012e-01 
  339.000  4.834379e-01 
  340.000  4.821684e-01 
  341.000  4.896592e-01 
  342.000  4.951213e-01 
  343.000  4.978597e-01 
  344.000  4.984188e-01 
  345.000  5.057898e-01 
  346.000  5.104315e-01 
  347.000  5.142087e-01 
  348.000  5.177410e-01 
  349.000  5.217018e-01 
  350.000  5.250818e-01 
  351.000  5.284430e-01 
  352.000  5.311965e-01 
  353.000  5.351059e-01 
  354.000  5.384285e-01 
  355.000  5.415159e-01 
  356.000  5.445200e-01 
  357.000  5.471901e-01 
  358.000  5.500593e-01 
  359.000  5.529219e-01 
  360.000  5.558496e-01 
  361.000  5.595424e-01 
  362.000  5.633810e-01 
  363.000  5.669101e-01 
  364.000  5.701530e-01 
  365.000  5.731903e-01 
  366.000  5.762916e-01 
  367.000  5.792402e-01 
  368.000  5.821581e-01 
  369.000  5.850469e-01 
  370.000  5.879020e-01 
  371.000  5.907310e-01 
  372.000  5.935331e-01 
  373.000  5.963078e-01 
  374.000  5.990344e-01 
  375.000  6.017050e-01 
  376.000  6.042817e-01 
  377.000  6.067143e-01 
  378.000  6.089713e-01 
  379.000  6.112621e-01 
  380.000  6.137789e-01 
  381.000  6.166403e-01 
  382.000  6.196015e-01 
  383.000  6.223979e-01 
  384.000  6.250472e-01 
  385.000  6.275967e-01 
  386.000  6.300779e-01 
  387.000  6.325161e-01 
  388.000  6.349205e-01 
  389.000  6.373022e-01 
  390.000  6.396620e-01 
  391.000  6.419949e-01 
  392.000  6.443079e-01 
  393.000  6.465992e-01 
  394.000  6.488666e-01 
  395.000  6.511084e-01 
  396.000  6.533333e-01 
  397.000  6.555299e-01 
  398.000  6.577039e-01 
  399.000  6.598573e-01 
  400.000  6.619785e-01 
  401.000  6.640894e-01 
  402.000  6.661811e-01 
  403.000  6.682528e-01 
  404.000  6.703040e-01 
  405.000  6.723307e-01 
  406.000  6.743419e-01 
  407.000  6.763353e-01 
  408.000  6.783094e-01 
  409.000  6.802623e-01 
  410.000  6.821947e-01 
  411.000  6.841062e-01 
  412.000  6.859955e-01 
  413.000  6.878722e-01 
  414.000  6.896127e-01 
  415.000  6.914939e-01 
  416.000  6.933496e-01 
  417.000  6.951727e-01 
  418.000  6.969524e-01 
  419.000  6.987109e-01 
  420.000  7.004521e-01 
  421.000  7.021815e-01 
  422.000  7.038988e-01 
  423.000  7.056019e-01 
  424.000  7.072835e-01 
  425.000  7.089253e-01 
  426.000  7.105498e-01 
  427.000  7.121589e-01 
  428.000  7.137381e-01 
  429.000  7.152941e-01 
  430.000  7.168309e-01 
  431.000  7.183551e-01 
  432.000  7.198623e-01 
  433.000  7.213542e-01 
  434.000  7.228326e-01 
  435.000  7.242955e-01 
  436.000  7.257410e-01 
  437.000  7.271699e-01 
  438.000  7.285815e-01 
  439.000  7.299814e-01 
  440.000  7.313579e-01 
  441.000  7.327160e-01 
  442.000  7.340518e-01 
  443.000  7.353668e-01 
  444.000  7.366601e-01 
  445.000  7.379250e-01 
  446.000  7.391540e-01 
  447.000  7.404423e-01 
  448.000  7.418227e-01 
  449.000  7.432190e-01 
  450.000  7.445875e-01 
  451.000  7.459019e-01 
  452.000  7.471694e-01 
  453.000  7.484103e-01 
  454.000  7.496281e-01 
  455.000  7.507746e-01 
  456.000  7.518281e-01 
  457.000  7.528813e-01 
  458.000  7.539198e-01 
  459.000  7.549359e-01 
  460.000  7.559434e-01 
  461.000  7.569398e-01 
  462.000  7.579168e-01 
  463.000  7.588891e-01 
  464.000  7.601544e-01 
  465.000  7.613999e-01 
  466.000  7.626228e-01 
  467.000  7.638168e-01 
  468.000  7.647889e-01 
  469.000  7.656257e-01 
  470.000  7.663950e-01 
  471.000  7.670873e-01 
  472.000  7.676750e-01 
  473.000  7.680868e-01 
  474.000  7.684249e-01 
  475.000  7.685118e-01 
  476.000  7.683444e-01 
  477.000  7.683409e-01 
  478.000  7.693189e-01 
  479.000  7.708069e-01 
  480.000  7.724118e-01 
  481.000  7.738506e-01 
  482.000  7.751992e-01 
  483.000  7.763709e-01 
  484.000  7.773775e-01 
  485.000  7.782772e-01 
  486.000  7.792364e-01 
  487.000  7.802457e-01 
  488.000  7.812222e-01 
  489.000  7.821802e-01 
  490.000  7.831265e-01 
  491.000  7.838673e-01 
  492.000  7.845442e-01 
  493.000  7.852175e-01 
  494.000  7.858717e-01 
  495.000  7.865255e-01 
  496.000  7.868624e-01 
  497.000  7.871864e-01 
  498.000  7.875057e-01 
  499.000  7.878077e-01 
  500.000  7.881049e-01 
  501.000  7.883690e-01 
  502.000  7.886331e-01 
  503.000  7.888939e-01 
  504.000  7.891427e-01 
  505.000  7.893778e-01 
  506.000  7.900664e-01 
  507.000  7.907748e-01 
  508.000  7.914819e-01 
  509.000  7.921805e-01 
  510.000  7.928641e-01 
  511.000  7.934768e-01 
  512.000  7.940683e-01 
  513.000  7.946562e-01 
  514.000  7.952366e-01 
  515.000  7.958118e-01 
  516.000  7.962227e-01 
  517.000  7.964860e-01 
  518.000  7.967420e-01 
  519.000  7.969932e-01 
  520.000  7.972419e-01 
  521.000  7.974647e-01 
  522.000  7.976254e-01 
  523.000  7.977412e-01 
  524.000  7.978609e-01 
  525.000  7.979552e-01 
  526.000  7.980875e-01 
  527.000  7.981088e-01 
  528.000  7.980852e-01 
  529.000  7.980602e-01 
  530.000  7.980407e-01 
  531.000  7.980248e-01 
  532.000  7.980606e-01 
  533.000  7.983832e-01 
  534.000  7.987906e-01 
  535.000  7.992503e-01 
  536.000  7.996947e-01 
  537.000  8.001010e-01 
  538.000  8.004643e-01 
  539.000  8.008009e-01 
  540.000  8.011166e-01 
  541.000  8.014230e-01 
  542.000  8.017160e-01 
  543.000  8.019986e-01 
  544.000  8.022122e-01 
  545.000  8.023696e-01 
  546.000  8.025197e-01 
  547.000  8.026741e-01 
  548.000  8.028207e-01 
  549.000  8.029649e-01 
  550.000  8.030349e-01 
  551.000  8.030313e-01 
  552.000  8.030304e-01 
  553.000  8.030143e-01 
  554.000  8.029913e-01 
  555.000  8.029642e-01 
  556.000  8.029092e-01 
  557.000  8.028058e-01 
  558.000  8.026941e-01 
  559.000  8.025694e-01 
  560.000  8.024130e-01 
  561.000  8.022273e-01 
  562.000  8.017740e-01 
  563.000  8.015403e-01 
  564.000  8.012230e-01 
  565.000  8.007171e-01 
  566.000  8.004411e-01 
  567.000  7.992259e-01 
  568.000  7.951500e-01 
  569.000  7.862217e-01 
  570.000  7.876459e-01 
  571.000  7.941130e-01 
  572.000  7.879867e-01 
  573.000  7.896687e-01 
  574.000  7.901341e-01 
  575.000  7.897733e-01 
  576.000  7.899749e-01 
  577.000  7.920943e-01 
  578.000  7.948096e-01 
  579.000  7.969074e-01 
  580.000  7.985594e-01 
  581.000  8.011193e-01 
  582.000  8.027346e-01 
  583.000  8.035713e-01 
  584.000  8.043493e-01 
  585.000  8.048949e-01 
  586.000  8.054623e-01 
  587.000  8.028702e-01 
  588.000  7.904602e-01 
  589.000  7.710977e-01 
  590.000  7.700040e-01 
  591.000  7.833860e-01 
  592.000  7.764527e-01 
  593.000  7.917229e-01 
  594.000  7.884912e-01 
  595.000  7.779605e-01 
  596.000  7.928926e-01 
  597.000  7.893402e-01 
  598.000  7.953269e-01 
  599.000  7.976435e-01 
  600.000  8.030483e-01 
  601.000  8.066519e-01 
  602.000  8.076574e-01 
  603.000  8.091722e-01 
  604.000  8.107804e-01 
  605.000  8.118398e-01 
  606.000  8.125507e-01 
  607.000  8.132353e-01 
  608.000  8.138636e-01 
  609.000  8.144625e-01 
  610.000  8.150786e-01 
  611.000  8.157623e-01 
  612.000  8.164319e-01 
  613.000  8.170803e-01 
  614.000  8.177094e-01 
  615.000  8.183367e-01 
  616.000  8.189408e-01 
  617.000  8.195114e-01 
  618.000  8.199895e-01 
  619.000  8.203940e-01 
  620.000  8.207684e-01 
  621.000  8.210900e-01 
  622.000  8.213587e-01 
  623.000  8.215384e-01 
  624.000  8.217292e-01 
  625.000  8.218873e-01 
  626.000  8.214188e-01 
  627.000  8.164577e-01 
  628.000  7.935622e-01 
  629.000  8.066963e-01 
  630.000  8.111308e-01 
  631.000  8.155522e-01 
  632.000  8.133885e-01 
  633.000  8.201393e-01 
  634.000  8.230382e-01 
  635.000  8.239752e-01 
  636.000  8.258191e-01 
  637.000  8.272116e-01 
  638.000  8.304812e-01 
  639.000  8.313583e-01 
  640.000  8.333969e-01 
  641.000  8.341297e-01 
  642.000  8.356225e-01 
  643.000  8.344153e-01 
  644.000  8.349805e-01 
  645.000  8.329049e-01 
  646.000  8.224443e-01 
  647.000  8.152941e-01 
  648.000  8.072779e-01 
  649.000  8.149640e-01 
  650.000  8.294805e-01 
  651.000  8.298037e-01 
  652.000  8.176264e-01 
  653.000  8.323454e-01 
  654.000  8.310961e-01 
  655.000  8.261842e-01 
  656.000  8.283530e-01 
  657.000  8.315354e-01 
  658.000  8.367966e-01 
  659.000  8.400043e-01 
  660.000  8.415907e-01 
  661.000  8.455852e-01 
  662.000  8.475289e-01 
  663.000  8.475559e-01 
  664.000  8.485294e-01 
  665.000  8.493757e-01 
  666.000  8.504058e-01 
  667.000  8.512555e-01 
  668.000  8.522553e-01 
  669.000  8.529282e-01 
  670.000  8.535067e-01 
  671.000  8.541247e-01 
  672.000  8.546612e-01 
  673.000  8.551854e-01 
  674.000  8.557040e-01 
  675.000  8.562243e-01 
  676.000  8.567091e-01 
  677.000  8.571556e-01 
  678.000  8.576042e-01 
  679.000  8.579471e-01 
  680.000  8.578324e-01 
  681.000  8.575745e-01 
  682.000  8.577604e-01 
  683.000  8.577425e-01 
  684.000  8.569918e-01 
  685.000  8.580555e-01 
  686.000  8.549371e-01 
  687.000  7.505489e-01 
  688.000  7.836551e-01 
  689.000  7.738833e-01 
  690.000  7.911405e-01 
  691.000  8.126590e-01 
  692.000  8.240749e-01 
  693.000  8.129576e-01 
  694.000  7.997080e-01 
  695.000  8.106425e-01 
  696.000  8.170840e-01 
  697.000  8.457116e-01 
  698.000  8.396771e-01 
  699.000  8.137843e-01 
  700.000  8.180118e-01 
  701.000  8.122211e-01 
  702.000  8.164148e-01 
  703.000  8.380135e-01 
  704.000  8.389218e-01 
  705.000  8.299760e-01 
  706.000  8.317013e-01 
  707.000  8.348794e-01 
  708.000  8.383191e-01 
  709.000  8.453775e-01 
  710.000  8.378202e-01 
  711.000  8.454907e-01 
  712.000  8.520234e-01 
  713.000  8.467245e-01 
  714.000  8.449093e-01 
  715.000  8.362820e-01 
  716.000  8.272867e-01 
  717.000  7.712945e-01 
  718.000  7.371572e-01 
  719.000  7.248802e-01 
  720.000  7.065610e-01 
  721.000  7.872218e-01 
  722.000  8.162496e-01 
  723.000  7.997534e-01 
  724.000  7.532946e-01 
  725.000  7.600523e-01 
  726.000  7.578604e-01 
  727.000  7.643788e-01 
  728.000  7.572195e-01 
  729.000  7.749183e-01 
  730.000  7.718291e-01 
  731.000  7.681054e-01 
  732.000  7.980937e-01 
  733.000  8.270317e-01 
  734.000  8.410160e-01 
  735.000  8.360403e-01 
  736.000  8.268073e-01 
  737.000  8.337221e-01 
  738.000  8.432478e-01 
  739.000  8.473400e-01 
  740.000  8.564612e-01 
  741.000  8.617246e-01 
  742.000  8.639194e-01 
  743.000  8.687804e-01 
  744.000  8.709704e-01 
  745.000  8.726170e-01 
  746.000  8.739175e-01 
  747.000  8.742066e-01 
  748.000  8.753361e-01 
  749.000  8.758916e-01 
  750.000  8.755175e-01 
  751.000  8.757018e-01 
  752.000  8.767152e-01 
  753.000  8.771116e-01 
  754.000  8.774153e-01 
  755.000  8.775990e-01 
  756.000  8.777937e-01 
  757.000  8.779273e-01 
  758.000  8.766546e-01 
  759.000  8.208438e-01 
  760.000  3.965302e-01 
  761.000  3.552719e-01 
  762.000  6.043959e-01 
  763.000  5.276670e-01 
  764.000  5.657110e-01 
  765.000  6.515874e-01 
  766.000  7.543401e-01 
  767.000  8.058688e-01 
  768.000  8.394594e-01 
  769.000  8.615834e-01 
  770.000  8.732009e-01 
  771.000  8.789197e-01 
  772.000  8.802997e-01 
  773.000  8.809219e-01 
  774.000  8.816527e-01 
  775.000  8.820788e-01 
  776.000  8.823910e-01 
  777.000  8.824566e-01 
  778.000  8.824040e-01 
  779.000  8.823444e-01 
  780.000  8.822839e-01 
  781.000  8.827240e-01 
  782.000  8.826491e-01 
  783.000  8.825898e-01 
  784.000  8.822126e-01 
  785.000  8.801848e-01 
  786.000  8.770430e-01 
  787.000  8.701112e-01 
  788.000  8.664586e-01 
  789.000  8.535186e-01 
  790.000  8.523820e-01 
  791.000  8.547916e-01 
  792.000  8.570219e-01 
  793.000  8.622552e-01 
  794.000  8.733937e-01 
  795.000  8.665431e-01 
  796.000  8.483970e-01 
  797.000  8.535450e-01 
  798.000  8.649731e-01 
  799.000  8.623343e-01 
  800.000  8.539755e-01 
  801.000  8.549431e-01 
  802.000  8.540780e-01 
  803.000  8.552738e-01 
  804.000  8.591709e-01 
  805.000  8.666612e-01 
  806.000  8.711290e-01 
  807.000  8.713048e-01 
  808.000  8.687325e-01 
  809.000  8.655763e-01 
  810.000  8.621182e-01 
  811.000  8.550633e-01 
  812.000  8.455873e-01 
  813.000  8.340155e-01 
  814.000  8.188062e-01 
  815.000  7.999583e-01 
  816.000  7.760083e-01 
  817.000  7.772689e-01 
  818.000  7.791812e-01 
  819.000  7.870553e-01 
  820.000  8.134607e-01 
  821.000  8.437915e-01 
  822.000  8.206658e-01 
  823.000  7.569445e-01 
  824.000  8.105469e-01 
  825.000  8.454313e-01 
  826.000  8.394812e-01 
  827.000  8.350387e-01 
  828.000  8.120577e-01 
  829.000  8.202844e-01 
  830.000  8.295397e-01 
  831.000  8.317138e-01 
  832.000  8.326908e-01 
  833.000  8.380439e-01 
  834.000  8.443611e-01 
  835.000  8.569218e-01 
  836.000  8.528697e-01 
  837.000  8.524374e-01 
  838.000  8.585417e-01 
  839.000  8.622468e-01 
  840.000  8.635800e-01 
  841.000  8.595303e-01 
  842.000  8.631341e-01 
  843.000  8.717284e-01 
  844.000  8.756247e-01 
  845.000  8.774308e-01 
  846.000  8.793319e-01 
  847.000  8.814297e-01 
  848.000  8.779172e-01 
  849.000  8.783441e-01 
  850.000  8.765985e-01 
  851.000  8.745241e-01 
  852.000  8.747102e-01 
  853.000  8.780885e-01 
  854.000  8.778886e-01 
  855.000  8.795795e-01 
  856.000  8.831162e-01 
  857.000  8.845600e-01 
  858.000  8.853292e-01 
  859.000  8.870223e-01 
  860.000  8.878394e-01 
  861.000  8.879610e-01 
  862.000  8.884086e-01 
  863.000  8.884610e-01 
  864.000  8.887658e-01 
  865.000  8.890138e-01 
  866.000  8.890746e-01 
  867.000  8.890220e-01 
  868.000  8.890552e-01 
  869.000  8.891330e-01 
  870.000  8.890644e-01 
  871.000  8.891377e-01 
  872.000  8.893261e-01 
  873.000  8.891248e-01 
  874.000  8.890128e-01 
  875.000  8.889813e-01 
  876.000  8.886349e-01 
  877.000  8.884686e-01 
  878.000  8.873716e-01 
  879.000  8.872907e-01 
  880.000  8.863418e-01 
  881.000  8.857991e-01 
  882.000  8.852952e-01 
  883.000  8.857853e-01 
  884.000  8.859581e-01 
  885.000  8.840631e-01 
  886.000  8.813764e-01 
  887.000  8.834265e-01 
  888.000  8.832886e-01 
  889.000  8.838997e-01 
  890.000  8.823044e-01 
  891.000  8.790423e-01 
  892.000  8.721883e-01 
  893.000  8.514974e-01 
  894.000  8.411741e-01 
  895.000  8.100268e-01 
  896.000  7.822227e-01 
  897.000  7.530769e-01 
  898.000  7.395056e-01 
  899.000  7.018039e-01 
  900.000  7.071250e-01 
  901.000  6.973931e-01 
  902.000  6.992742e-01 
  903.000  7.626980e-01 
  904.000  8.019774e-01 
  905.000  8.006021e-01 
  906.000  7.760127e-01 
  907.000  7.329319e-01 
  908.000  7.048019e-01 
  909.000  7.059290e-01 
  910.000  7.101146e-01 
  911.000  7.287365e-01 
  912.000  7.197007e-01 
  913.000  6.807526e-01 
  914.000  6.999535e-01 
  915.000  7.151969e-01 
  916.000  7.193686e-01 
  917.000  7.277231e-01 
  918.000  7.385328e-01 
  919.000  7.754273e-01 
  920.000  8.035924e-01 
  921.000  7.974217e-01 
  922.000  7.968920e-01 
  923.000  7.890216e-01 
  924.000  7.701854e-01 
  925.000  7.684832e-01 
  926.000  7.676843e-01 
  927.000  7.455618e-01 
  928.000  7.118319e-01 
  929.000  6.637782e-01 
  930.000  6.038234e-01 
  931.000  5.384231e-01 
  932.000  4.546519e-01 
  933.000  3.950397e-01 
  934.000  3.361695e-01 
  935.000  3.297985e-01 
  936.000  3.523799e-01 
  937.000  3.468041e-01 
  938.000  4.132102e-01 
  939.000  5.943805e-01 
  940.000  6.226060e-01 
  941.000  5.986398e-01 
  942.000  5.402838e-01 
  943.000  4.458818e-01 
  944.000  4.392683e-01 
  945.000  4.724858e-01 
  946.000  4.745491e-01 
  947.000  5.051563e-01 
  948.000  5.232410e-01 
  949.000  5.211273e-01 
  950.000  5.258411e-01 
  951.000  5.665952e-01 
  952.000  5.235185e-01 
  953.000  5.541386e-01 
  954.000  5.873964e-01 
  955.000  5.609608e-01 
  956.000  5.554831e-01 
  957.000  6.398984e-01 
  958.000  6.512462e-01 
  959.000  6.372867e-01 
  960.000  6.333558e-01 
  961.000  6.264088e-01 
  962.000  6.330048e-01 
  963.000  6.801614e-01 
  964.000  6.870829e-01 
  965.000  6.826878e-01 
  966.000  6.853997e-01 
  967.000  7.195249e-01 
  968.000  7.771102e-01 
  969.000  8.034168e-01 
  970.000  8.048847e-01 
  971.000  8.042662e-01 
  972.000  7.967789e-01 
  973.000  7.795687e-01 
  974.000  7.587285e-01 
  975.000  7.453955e-01 
  976.000  7.616966e-01 
  977.000  7.887787e-01 
  978.000  7.866236e-01 
  979.000  7.937240e-01 
  980.000  8.215747e-01 
  981.000  8.277950e-01 
  982.000  8.216277e-01 
  983.000  8.360043e-01 
  984.000  8.508342e-01 
  985.000  8.592805e-01 
  986.000  8.701950e-01 
  987.000  8.749353e-01 
  988.000  8.760223e-01 
  989.000  8.767138e-01 
  990.000  8.778611e-01 
  991.000  8.819208e-01 
  992.000  8.830650e-01 
  993.000  8.834851e-01 
  994.000  8.871475e-01 
  995.000  8.896143e-01 
  996.000  8.895809e-01 
  997.000  8.880064e-01 
  998.000  8.861323e-01 
  999.000  8.854373e-01 
 1000.000  8.859809e-01 
 1001.000  8.820730e-01 
 1002.000  8.758339e-01 
 1003.000  8.772994e-01 
 1004.000  8.808681e-01 
 1005.000  8.824926e-01 
 1006.000  8.830189e-01 
 1007.000  8.818169e-01 
 1008.000  8.767328e-01 
 1009.000  8.699489e-01 
 1010.000  8.729611e-01 
 1011.000  8.801635e-01 
 1012.000  8.829054e-01 
 1013.000  8.850666e-01 
 1014.000  8.859691e-01 
 1015.000  8.861426e-01 
 1016.000  8.871185e-01 
 1017.000  8.876824e-01 
 1018.000  8.864602e-01 
 1019.000  8.839521e-01 
 1020.000  8.848333e-01 
 1021.000  8.866406e-01 
 1022.000  8.836110e-01 
 1023.000  8.810789e-01 
 1024.000  8.795670e-01 
 1025.000  8.842275e-01 
 1026.000  8.862958e-01 
 1027.000  8.854297e-01 
 1028.000  8.861644e-01 
 1029.000  8.881859e-01 
 1030.000  8.900768e-01 
 1031.000  8.910790e-01 
 1032.000  8.918527e-01 
 1033.000  8.920580e-01 
 1034.000  8.925265e-01 
 1035.000  8.927640e-01 
 1036.000  8.926858e-01 
 1037.000  8.927597e-01 
 1038.000  8.928949e-01 
 1039.000  8.926522e-01 
 1040.000  8.924521e-01 
 1041.000  8.922945e-01 
 1042.000  8.922557e-01 
 1043.000  8.922626e-01 
 1044.000  8.921301e-01 
 1045.000  8.916773e-01 
 1046.000  8.913790e-01 
 1047.000  8.910316e-01 
 1048.000  8.906307e-01 
 1049.000  8.902574e-01 
 1050.000  8.897833e-01 
 1051.000  8.890551e-01 
 1052.000  8.886160e-01 
 1053.000  8.886112e-01 
 1054.000  8.879021e-01 
 1055.000  8.871955e-01 
 1056.000  8.866406e-01 
 1057.000  8.850541e-01 
 1058.000  8.820824e-01 
 1059.000  8.823663e-01 
 1060.000  8.840157e-01 
 1061.000  8.836963e-01 
 1062.000  8.818300e-01 
 1063.000  8.812049e-01 
 1064.000  8.796208e-01 
 1065.000  8.776776e-01 
 1066.000  8.778375e-01 
 1067.000  8.767353e-01 
 1068.000  8.727628e-01 
 1069.000  8.706443e-01 
 1070.000  8.710600e-01 
 1071.000  8.684018e-01 
 1072.000  8.657209e-01 
 1073.000  8.651003e-01 
 1074.000  8.653480e-01 
 1075.000  8.690067e-01 
 1076.000  8.665217e-01 
 1077.000  8.632384e-01 
 1078.000  8.594028e-01 
 1079.000  8.588153e-01 
 1080.000  8.487665e-01 
 1081.000  8.481235e-01 
 1082.000  8.524328e-01 
 1083.000  8.470690e-01 
 1084.000  8.412288e-01 
 1085.000  8.274382e-01 
 1086.000  8.305775e-01 
 1087.000  8.456203e-01 
 1088.000  8.461664e-01 
 1089.000  8.277374e-01 
 1090.000  8.242276e-01 
 1091.000  8.276512e-01 
 1092.000  8.184901e-01 
 1093.000  7.982149e-01 
 1094.000  7.893961e-01 
 1095.000  7.907612e-01 
 1096.000  7.919743e-01 
 1097.000  7.878581e-01 
 1098.000  7.391155e-01 
 1099.000  6.980128e-01 
 1100.000  7.007161e-01 
 1101.000  7.062935e-01 
 1102.000  7.034444e-01 
 1103.000  7.070994e-01 
 1104.000  7.002041e-01 
 1105.000  6.830017e-01 
 1106.000  6.658372e-01 
 1107.000  6.698995e-01 
 1108.000  6.727618e-01 
 1109.000  6.871027e-01 
 1110.000  6.848693e-01 
 1111.000  6.764942e-01 
 1112.000  6.404621e-01 
 1113.000  5.916055e-01 
 1114.000  5.777453e-01 
 1115.000  5.190372e-01 
 1116.000  4.835141e-01 
 1117.000  4.046018e-01 
 1118.000  3.348945e-01 
 1119.000  2.988399e-01 
 1120.000  2.561557e-01 
 1121.000  2.468082e-01 
 1122.000  2.054572e-01 
 1123.000  2.270642e-01 
 1124.000  2.419547e-01 
 1125.000  2.339105e-01 
 1126.000  2.308160e-01 
 1127.000  2.345435e-01 
 1128.000  2.417699e-01 
 1129.000  2.840234e-01 
 1130.000  3.877197e-01 
 1131.000  4.191148e-01 
 1132.000  3.760659e-01 
 1133.000  3.013091e-01 
 1134.000  1.774521e-01 
 1135.000  1.863543e-01 
 1136.000  3.125981e-01 
 1137.000  3.880300e-01 
 1138.000  4.652227e-01 
 1139.000  4.904602e-01 
 1140.000  4.754696e-01 
 1141.000  4.458158e-01 
 1142.000  4.352081e-01 
 1143.000  4.024190e-01 
 1144.000  3.664598e-01 
 1145.000  3.159189e-01 
 1146.000  3.277572e-01 
 1147.000  3.675653e-01 
 1148.000  4.038483e-01 
 1149.000  4.190172e-01 
 1150.000  4.204942e-01 
