  320.000  2.732224e-01 
  321.000  3.250226e-01 
  322.000  3.048643e-01 
  323.000  3.303755e-01 
  324.000  3.556370e-01 
  325.000  3.368446e-01 
  326.000  3.676065e-01 
  327.000  3.761185e-01 
  328.000  3.576959e-01 
  329.000  3.929353e-01 
  330.000  3.984747e-01 
  331.000  3.875022e-01 
  332.000  4.086463e-01 
  333.000  4.147793e-01 
  334.000  4.097448e-01 
  335.000  4.251354e-01 
  336.000  4.313439e-01 
  337.000  4.287291e-01 
  338.000  4.359934e-01 
  339.000  4.434708e-01 
  340.000  4.422434e-01 
  341.000  4.494883e-01 
  342.000  4.547750e-01 
  343.000  4.574266e-01 
  344.000  4.579681e-01 
  345.000  4.651098e-01 
  346.000  4.696100e-01 
  347.000  4.732737e-01 
  348.000  4.767011e-01 
  349.000  4.805459e-01 
  350.000  4.838281e-01 
  351.000  4.870932e-01 
  352.000  4.897688e-01 
  353.000  4.935690e-01 
  354.000  4.967999e-01 
  355.000  4.998029e-01 
  356.000  5.027260e-01 
  357.000  5.053247e-01 
  358.000  5.081180e-01 
  359.000  5.109057e-01 
  360.000  5.137575e-01 
  361.000  5.173559e-01 
  362.000  5.210975e-01 
  363.000  5.245389e-01 
  364.000  5.277020e-01 
  365.000  5.306656e-01 
  366.000  5.336924e-01 
  367.000  5.365711e-01 
  368.000  5.394205e-01 
  369.000  5.422423e-01 
  370.000  5.450319e-01 
  371.000  5.477968e-01 
  372.000  5.505360e-01 
  373.000  5.532492e-01 
  374.000  5.559160e-01 
  375.000  5.585286e-01 
  376.000  5.610500e-01 
  377.000  5.634309e-01 
  378.000  5.656404e-01 
  379.000  5.678835e-01 
  380.000  5.703483e-01 
  381.000  5.731513e-01 
  382.000  5.760528e-01 
  383.000  5.787935e-01 
  384.000  5.813907e-01 
  385.000  5.838906e-01 
  386.000  5.863240e-01 
  387.000  5.887159e-01 
  388.000  5.910749e-01 
  389.000  5.934122e-01 
  390.000  5.957285e-01 
  391.000  5.980189e-01 
  392.000  6.002901e-01 
  393.000  6.025405e-01 
  394.000  6.047679e-01 
  395.000  6.069705e-01 
  396.000  6.091568e-01 
  397.000  6.113158e-01 
  398.000  6.134530e-01 
  399.000  6.155701e-01 
  400.000  6.176562e-01 
  401.000  6.197324e-01 
  402.000  6.217901e-01 
  403.000  6.238284e-01 
  404.000  6.258469e-01 
  405.000  6.278417e-01 
  406.000  6.298214e-01 
  407.000  6.317840e-01 
  408.000  6.337280e-01 
  409.000  6.356512e-01 
  410.000  6.375546e-01 
  411.000  6.394378e-01 
  412.000  6.412993e-01 
  413.000  6.431487e-01 
  414.000  6.448641e-01 
  415.000  6.467184e-01 
  416.000  6.485479e-01 
  417.000  6.503456e-01 
  418.000  6.521007e-01 
  419.000  6.538351e-01 
  420.000  6.555526e-01 
  421.000  6.572587e-01 
  422.000  6.589531e-01 
  423.000  6.606337e-01 
  424.000  6.622934e-01 
  425.000  6.639140e-01 
  426.000  6.655177e-01 
  427.000  6.671063e-01 
  428.000  6.686657e-01 
  429.000  6.702023e-01 
  430.000  6.717202e-01 
  431.000  6.732258e-01 
  432.000  6.747147e-01 
  433.000  6.761888e-01 
  434.000  6.776496e-01 
  435.000  6.790952e-01 
  436.000  6.805238e-01 
  437.000  6.819362e-01 
  438.000  6.833317e-01 
  439.000  6.847157e-01 
  440.000  6.860766e-01 
  441.000  6.874196e-01 
  442.000  6.887407e-01 
  443.000  6.900412e-01 
  444.000  6.913205e-01 
  445.000  6.925718e-01 
  446.000  6.937876e-01 
  447.000  6.950622e-01 
  448.000  6.964281e-01 
  449.000  6.978099e-01 
  450.000  6.991645e-01 
  451.000  7.004653e-01 
  452.000  7.017201e-01 
  453.000  7.029486e-01 
  454.000  7.041543e-01 
  455.000  7.052895e-01 
  456.000  7.063326e-01 
  457.000  7.073756e-01 
  458.000  7.084042e-01 
  459.000  7.094105e-01 
  460.000  7.104085e-01 
  461.000  7.113956e-01 
  462.000  7.123634e-01 
  463.000  7.133268e-01 
  464.000  7.145804e-01 
  465.000  7.158146e-01 
  466.000  7.170265e-01 
  467.000  7.182097e-01 
  468.000  7.191733e-01 
  469.000  7.200027e-01 
  470.000  7.207653e-01 
  471.000  7.214516e-01 
  472.000  7.220342e-01 
  473.000  7.224425e-01 
  474.000  7.227777e-01 
  475.000  7.228638e-01 
  476.000  7.226979e-01 
  477.000  7.226945e-01 
  478.000  7.236641e-01 
  479.000  7.251395e-01 
  480.000  7.267311e-01 
  481.000  7.281579e-01 
  482.000  7.294956e-01 
  483.000  7.306579e-01 
  484.000  7.316564e-01 
  485.000  7.325491e-01 
  486.000  7.335007e-01 
  487.000  7.345021e-01 
  488.000  7.354711e-01 
  489.000  7.364218e-01 
  490.000  7.373610e-01 
  491.000  7.380961e-01 
  492.000  7.387680e-01 
  493.000  7.394363e-01 
  494.000  7.400857e-01 
  495.000  7.407348e-01 
  496.000  7.410691e-01 
  497.000  7.413908e-01 
  498.000  7.417077e-01 
  499.000  7.420076e-01 
  500.000  7.423026e-01 
  501.000  7.425648e-01 
  502.000  7.428271e-01 
  503.000  7.430860e-01 
  504.000  7.433330e-01 
  505.000  7.435664e-01 
  506.000  7.442501e-01 
  507.000  7.449535e-01 
  508.000  7.456556e-01 
  509.000  7.463495e-01 
  510.000  7.470283e-01 
  511.000  7.476367e-01 
  512.000  7.482243e-01 
  513.000  7.488081e-01 
  514.000  7.493847e-01 
  515.000  7.499560e-01 
  516.000  7.503641e-01 
  517.000  7.506257e-01 
  518.000  7.508801e-01 
  519.000  7.511296e-01 
  520.000  7.513766e-01 
  521.000  7.515979e-01 
  522.000  7.517576e-01 
  523.000  7.518726e-01 
  524.000  7.519915e-01 
  525.000  7.520852e-01 
  526.000  7.522167e-01 
  527.000  7.522379e-01 
  528.000  7.522143e-01 
  529.000  7.521895e-01 
  530.000  7.521702e-01 
  531.000  7.521544e-01 
  532.000  7.521899e-01 
  533.000  7.525105e-01 
  534.000  7.529152e-01 
  535.000  7.533720e-01 
  536.000  7.538134e-01 
  537.000  7.542172e-01 
  538.000  7.545782e-01 
  539.000  7.549126e-01 
  540.000  7.552263e-01 
  541.000  7.555308e-01 
  542.000  7.558219e-01 
  543.000  7.561027e-01 
  544.000  7.563150e-01 
  545.000  7.564715e-01 
  546.000  7.566206e-01 
  547.000  7.567740e-01 
  548.000  7.569197e-01 
  549.000  7.570631e-01 
  550.000  7.571326e-01 
  551.000  7.571290e-01 
  552.000  7.571281e-01 
  553.000  7.571122e-01 
  554.000  7.570893e-01 
  555.000  7.570623e-01 
  556.000  7.570077e-01 
  557.000  7.569050e-01 
  558.000  7.567940e-01 
  559.000  7.566701e-01 
  560.000  7.565151e-01 
  561.000  7.563314e-01 
  562.000  7.559894e-01 
  563.000  7.557663e-01 
  564.000  7.554781e-01 
  565.000  7.550529e-01 
  566.000  7.547290e-01 
  567.000  7.538573e-01 
  568.000  7.513623e-01 
  569.000  7.462932e-01 
  570.000  7.468554e-01 
  571.000  7.501079e-01 
  572.000  7.465360e-01 
  573.000  7.472048e-01 
  574.000  7.472222e-01 
  575.000  7.469059e-01 
  576.000  7.470864e-01 
  577.000  7.484058e-01 
  578.000  7.501478e-01 
  579.000  7.517929e-01 
  580.000  7.534623e-01 
  581.000  7.557452e-01 
  582.000  7.573681e-01 
  583.000  7.584625e-01 
  584.000  7.594427e-01 
  585.000  7.602152e-01 
  586.000  7.609666e-01 
  587.000  7.599190e-01 
  588.000  7.534999e-01 
  589.000  7.429987e-01 
  590.000  7.425761e-01 
  591.000  7.502012e-01 
  592.000  7.465008e-01 
  593.000  7.551219e-01 
  594.000  7.534773e-01 
  595.000  7.477589e-01 
  596.000  7.559432e-01 
  597.000  7.538121e-01 
  598.000  7.569547e-01 
  599.000  7.580618e-01 
  600.000  7.608609e-01 
  601.000  7.626243e-01 
  602.000  7.630177e-01 
  603.000  7.639543e-01 
  604.000  7.651312e-01 
  605.000  7.659960e-01 
  606.000  7.666528e-01 
  607.000  7.672880e-01 
  608.000  7.679045e-01 
  609.000  7.684947e-01 
  610.000  7.691069e-01 
  611.000  7.697868e-01 
  612.000  7.704526e-01 
  613.000  7.710976e-01 
  614.000  7.717234e-01 
  615.000  7.723474e-01 
  616.000  7.729484e-01 
  617.000  7.735161e-01 
  618.000  7.739918e-01 
  619.000  7.743942e-01 
  620.000  7.747667e-01 
  621.000  7.750867e-01 
  622.000  7.753541e-01 
  623.000  7.755331e-01 
  624.000  7.757236e-01 
  625.000  7.758828e-01 
  626.000  7.756974e-01 
  627.000  7.726766e-01 
  628.000  7.500556e-01 
  629.000  7.641703e-01 
  630.000  7.666509e-01 
  631.000  7.709514e-01 
  632.000  7.712985e-01 
  633.000  7.760877e-01 
  634.000  7.786581e-01 
  635.000  7.799253e-01 
  636.000  7.815776e-01 
  637.000  7.829755e-01 
  638.000  7.853318e-01 
  639.000  7.863719e-01 
  640.000  7.880062e-01 
  641.000  7.889210e-01 
  642.000  7.901554e-01 
  643.000  7.898769e-01 
  644.000  7.905475e-01 
  645.000  7.897266e-01 
  646.000  7.843149e-01 
  647.000  7.806602e-01 
  648.000  7.764857e-01 
  649.000  7.810741e-01 
  650.000  7.894088e-01 
  651.000  7.898361e-01 
  652.000  7.833046e-01 
  653.000  7.917348e-01 
  654.000  7.912812e-01 
  655.000  7.887954e-01 
  656.000  7.902404e-01 
  657.000  7.922242e-01 
  658.000  7.953680e-01 
  659.000  7.973756e-01 
  660.000  7.984481e-01 
  661.000  8.008986e-01 
  662.000  8.022243e-01 
  663.000  8.024762e-01 
  664.000  8.032359e-01 
  665.000  8.039337e-01 
  666.000  8.047495e-01 
  667.000  8.054606e-01 
  668.000  8.062546e-01 
  669.000  8.068641e-01 
  670.000  8.074200e-01 
  671.000  8.079970e-01 
  672.000  8.085275e-01 
  673.000  8.090502e-01 
  674.000  8.095688e-01 
  675.000  8.100875e-01 
  676.000  8.105766e-01 
  677.000  8.110258e-01 
  678.000  8.114755e-01 
  679.000  8.118628e-01 
  680.000  8.119823e-01 
  681.000  8.120009e-01 
  682.000  8.123060e-01 
  683.000  8.124882e-01 
  684.000  8.122458e-01 
  685.000  8.130322e-01 
  686.000  8.101736e-01 
  687.000  7.080848e-01 
  688.000  7.399774e-01 
  689.000  7.310302e-01 
  690.000  7.475982e-01 
  691.000  7.699327e-01 
  692.000  7.843612e-01 
  693.000  7.831020e-01 
  694.000  7.786077e-01 
  695.000  7.864016e-01 
  696.000  7.908120e-01 
  697.000  8.078164e-01 
  698.000  8.045412e-01 
  699.000  7.896253e-01 
  700.000  7.922472e-01 
  701.000  7.889804e-01 
  702.000  7.915543e-01 
  703.000  8.042476e-01 
  704.000  8.048846e-01 
  705.000  7.997821e-01 
  706.000  8.008777e-01 
  707.000  8.028179e-01 
  708.000  8.049055e-01 
  709.000  8.090882e-01 
  710.000  8.048083e-01 
  711.000  8.093493e-01 
  712.000  8.132230e-01 
  713.000  8.102729e-01 
  714.000  8.093461e-01 
  715.000  8.045095e-01 
  716.000  7.995158e-01 
  717.000  7.666913e-01 
  718.000  7.463322e-01 
  719.000  7.390347e-01 
  720.000  7.277517e-01 
  721.000  7.768133e-01 
  722.000  7.940398e-01 
  723.000  7.844191e-01 
  724.000  7.567342e-01 
  725.000  7.609623e-01 
  726.000  7.596809e-01 
  727.000  7.636610e-01 
  728.000  7.593717e-01 
  729.000  7.700634e-01 
  730.000  7.682073e-01 
  731.000  7.659575e-01 
  732.000  7.839134e-01 
  733.000  8.009468e-01 
  734.000  8.091048e-01 
  735.000  8.062514e-01 
  736.000  8.009034e-01 
  737.000  8.049800e-01 
  738.000  8.105639e-01 
  739.000  8.129747e-01 
  740.000  8.182849e-01 
  741.000  8.213581e-01 
  742.000  8.226625e-01 
  743.000  8.254484e-01 
  744.000  8.267499e-01 
  745.000  8.277593e-01 
  746.000  8.285584e-01 
  747.000  8.287990e-01 
  748.000  8.295513e-01 
  749.000  8.299552e-01 
  750.000  8.298087e-01 
  751.000  8.299948e-01 
  752.000  8.306720e-01 
  753.000  8.309813e-01 
  754.000  8.312364e-01 
  755.000  8.314210e-01 
  756.000  8.316116e-01 
  757.000  8.317449e-01 
  758.000  8.304895e-01 
  759.000  7.761048e-01 
  760.000  3.668082e-01 
  761.000  3.275594e-01 
  762.000  5.662307e-01 
  763.000  4.923338e-01 
  764.000  5.289434e-01 
  765.000  6.118303e-01 
  766.000  7.114435e-01 
  767.000  7.615568e-01 
  768.000  7.942798e-01 
  769.000  8.158547e-01 
  770.000  8.272251e-01 
  771.000  8.327903e-01 
  772.000  8.341414e-01 
  773.000  8.347585e-01 
  774.000  8.355152e-01 
  775.000  8.359368e-01 
  776.000  8.362353e-01 
  777.000  8.363421e-01 
  778.000  8.363616e-01 
  779.000  8.363670e-01 
  780.000  8.363681e-01 
  781.000  8.366677e-01 
  782.000  8.366603e-01 
  783.000  8.366619e-01 
  784.000  8.364686e-01 
  785.000  8.353227e-01 
  786.000  8.334934e-01 
  787.000  8.295352e-01 
  788.000  8.274370e-01 
  789.000  8.198529e-01 
  790.000  8.192249e-01 
  791.000  8.206875e-01 
  792.000  8.220358e-01 
  793.000  8.251505e-01 
  794.000  8.317286e-01 
  795.000  8.277432e-01 
  796.000  8.170637e-01 
  797.000  8.201481e-01 
  798.000  8.269243e-01 
  799.000  8.254015e-01 
  800.000  8.205016e-01 
  801.000  8.211074e-01 
  802.000  8.206283e-01 
  803.000  8.213655e-01 
  804.000  8.236923e-01 
  805.000  8.281341e-01 
  806.000  8.307869e-01 
  807.000  8.309212e-01 
  808.000  8.294460e-01 
  809.000  8.276298e-01 
  810.000  8.256422e-01 
  811.000  8.215345e-01 
  812.000  8.159987e-01 
  813.000  8.091980e-01 
  814.000  8.001958e-01 
  815.000  7.889708e-01 
  816.000  7.744216e-01 
  817.000  7.752852e-01 
  818.000  7.764964e-01 
  819.000  7.812928e-01 
  820.000  7.972986e-01 
  821.000  8.154904e-01 
  822.000  8.016878e-01 
  823.000  7.627813e-01 
  824.000  7.956167e-01 
  825.000  8.165296e-01 
  826.000  8.129439e-01 
  827.000  8.103204e-01 
  828.000  7.965573e-01 
  829.000  8.015444e-01 
  830.000  8.071085e-01 
  831.000  8.084126e-01 
  832.000  8.089650e-01 
  833.000  8.121621e-01 
  834.000  8.159169e-01 
  835.000  8.233557e-01 
  836.000  8.209654e-01 
  837.000  8.207110e-01 
  838.000  8.243421e-01 
  839.000  8.265435e-01 
  840.000  8.273519e-01 
  841.000  8.249806e-01 
  842.000  8.271285e-01 
  843.000  8.322101e-01 
  844.000  8.345142e-01 
  845.000  8.355950e-01 
  846.000  8.367305e-01 
  847.000  8.379246e-01 
  848.000  8.359508e-01 
  849.000  8.362278e-01 
  850.000  8.352308e-01 
  851.000  8.340382e-01 
  852.000  8.341718e-01 
  853.000  8.361775e-01 
  854.000  8.360801e-01 
  855.000  8.370930e-01 
  856.000  8.391375e-01 
  857.000  8.400193e-01 
  858.000  8.404967e-01 
  859.000  8.415072e-01 
  860.000  8.420212e-01 
  861.000  8.421160e-01 
  862.000  8.424053e-01 
  863.000  8.424588e-01 
  864.000  8.426629e-01 
  865.000  8.428330e-01 
  866.000  8.428914e-01 
  867.000  8.428806e-01 
  868.000  8.429222e-01 
  869.000  8.429907e-01 
  870.000  8.429700e-01 
  871.000  8.430355e-01 
  872.000  8.431712e-01 
  873.000  8.430696e-01 
  874.000  8.430221e-01 
  875.000  8.430239e-01 
  876.000  8.428338e-01 
  877.000  8.427453e-01 
  878.000  8.421105e-01 
  879.000  8.420820e-01 
  880.000  8.415392e-01 
  881.000  8.412327e-01 
  882.000  8.409620e-01 
  883.000  8.412570e-01 
  884.000  8.413928e-01 
  885.000  8.402624e-01 
  886.000  8.386865e-01 
  887.000  8.399454e-01 
  888.000  8.398862e-01 
  889.000  8.402685e-01 
  890.000  8.393647e-01 
  891.000  8.375113e-01 
  892.000  8.334888e-01 
  893.000  8.211685e-01 
  894.000  8.150460e-01 
  895.000  7.961438e-01 
  896.000  7.791516e-01 
  897.000  7.611632e-01 
  898.000  7.527220e-01 
  899.000  7.285528e-01 
  900.000  7.321107e-01 
  901.000  7.257806e-01 
  902.000  7.268858e-01 
  903.000  7.674503e-01 
  904.000  7.919188e-01 
  905.000  7.909968e-01 
  906.000  7.757115e-01 
  907.000  7.484952e-01 
  908.000  7.304306e-01 
  909.000  7.312375e-01 
  910.000  7.339860e-01 
  911.000  7.460083e-01 
  912.000  7.401952e-01 
  913.000  7.147964e-01 
  914.000  7.273769e-01 
  915.000  7.372253e-01 
  916.000  7.398687e-01 
  917.000  7.451738e-01 
  918.000  7.520285e-01 
  919.000  7.752988e-01 
  920.000  7.927233e-01 
  921.000  7.888583e-01 
  922.000  7.885253e-01 
  923.000  7.836604e-01 
  924.000  7.719381e-01 
  925.000  7.710310e-01 
  926.000  7.709200e-01 
  927.000  7.573220e-01 
  928.000  7.362688e-01 
  929.000  7.055771e-01 
  930.000  6.659991e-01 
  931.000  6.209723e-01 
  932.000  5.612514e-01 
  933.000  5.150779e-01 
  934.000  4.662171e-01 
  935.000  4.610886e-01 
  936.000  4.808683e-01 
  937.000  4.756952e-01 
  938.000  5.294925e-01 
  939.000  6.636075e-01 
  940.000  6.827828e-01 
  941.000  6.659946e-01 
  942.000  6.245639e-01 
  943.000  5.539544e-01 
  944.000  5.490406e-01 
  945.000  5.749068e-01 
  946.000  5.762101e-01 
  947.000  5.986692e-01 
  948.000  6.117540e-01 
  949.000  6.098854e-01 
  950.000  6.131832e-01 
  951.000  6.422874e-01 
  952.000  6.108807e-01 
  953.000  6.326489e-01 
  954.000  6.557316e-01 
  955.000  6.366974e-01 
  956.000  6.321440e-01 
  957.000  6.903397e-01 
  958.000  6.976023e-01 
  959.000  6.878824e-01 
  960.000  6.849796e-01 
  961.000  6.800727e-01 
  962.000  6.843742e-01 
  963.000  7.157568e-01 
  964.000  7.201667e-01 
  965.000  7.171018e-01 
  966.000  7.187077e-01 
  967.000  7.407787e-01 
  968.000  7.771987e-01 
  969.000  7.934399e-01 
  970.000  7.942783e-01 
  971.000  7.938836e-01 
  972.000  7.892788e-01 
  973.000  7.785905e-01 
  974.000  7.654876e-01 
  975.000  7.570242e-01 
  976.000  7.673648e-01 
  977.000  7.843407e-01 
  978.000  7.829315e-01 
  979.000  7.872716e-01 
  980.000  8.044202e-01 
  981.000  8.081822e-01 
  982.000  8.043393e-01 
  983.000  8.130803e-01 
  984.000  8.220534e-01 
  985.000  8.271313e-01 
  986.000  8.336733e-01 
  987.000  8.364930e-01 
  988.000  8.371300e-01 
  989.000  8.375365e-01 
  990.000  8.382229e-01 
  991.000  8.406509e-01 
  992.000  8.413408e-01 
  993.000  8.415987e-01 
  994.000  8.437508e-01 
  995.000  8.452269e-01 
  996.000  8.452392e-01 
  997.000  8.442773e-01 
  998.000  8.431802e-01 
  999.000  8.427736e-01 
 1000.000  8.431149e-01 
 1001.000  8.408431e-01 
 1002.000  8.371198e-01 
 1003.000  8.380094e-01 
 1004.000  8.401576e-01 
 1005.000  8.411404e-01 
 1006.000  8.414491e-01 
 1007.000  8.407419e-01 
 1008.000  8.377051e-01 
 1009.000  8.336362e-01 
 1010.000  8.354501e-01 
 1011.000  8.397672e-01 
 1012.000  8.414086e-01 
 1013.000  8.426365e-01 
 1014.000  8.431782e-01 
 1015.000  8.432769e-01 
 1016.000  8.438629e-01 
 1017.000  8.441801e-01 
 1018.000  8.434629e-01 
 1019.000  8.420140e-01 
 1020.000  8.424777e-01 
 1021.000  8.435673e-01 
 1022.000  8.417956e-01 
 1023.000  8.402697e-01 
 1024.000  8.393519e-01 
 1025.000  8.421301e-01 
 1026.000  8.432978e-01 
 1027.000  8.427604e-01 
 1028.000  8.431786e-01 
 1029.000  8.443816e-01 
 1030.000  8.454853e-01 
 1031.000  8.460464e-01 
 1032.000  8.464745e-01 
 1033.000  8.465797e-01 
 1034.000  8.468269e-01 
 1035.000  8.469190e-01 
 1036.000  8.467662e-01 
 1037.000  8.467236e-01 
 1038.000  8.467953e-01 
 1039.000  8.466203e-01 
 1040.000  8.464515e-01 
 1041.000  8.463162e-01 
 1042.000  8.462655e-01 
 1043.000  8.462343e-01 
 1044.000  8.460974e-01 
 1045.000  8.457490e-01 
 1046.000  8.455017e-01 
 1047.000  8.451955e-01 
 1048.000  8.447368e-01 
 1049.000  8.442354e-01 
 1050.000  8.438418e-01 
 1051.000  8.433605e-01 
 1052.000  8.429781e-01 
 1053.000  8.428546e-01 
 1054.000  8.423137e-01 
 1055.000  8.417579e-01 
 1056.000  8.412464e-01 
 1057.000  8.401347e-01 
 1058.000  8.381500e-01 
 1059.000  8.381512e-01 
 1060.000  8.389831e-01 
 1061.000  8.386788e-01 
 1062.000  8.373778e-01 
 1063.000  8.367389e-01 
 1064.000  8.355722e-01 
 1065.000  8.343749e-01 
 1066.000  8.344498e-01 
 1067.000  8.337158e-01 
 1068.000  8.315032e-01 
 1069.000  8.307349e-01 
 1070.000  8.313484e-01 
 1071.000  8.300751e-01 
 1072.000  8.286842e-01 
 1073.000  8.285437e-01 
 1074.000  8.289163e-01 
 1075.000  8.313368e-01 
 1076.000  8.300442e-01 
 1077.000  8.282521e-01 
 1078.000  8.261144e-01 
 1079.000  8.259339e-01 
 1080.000  8.199834e-01 
 1081.000  8.197234e-01 
 1082.000  8.224627e-01 
 1083.000  8.193499e-01 
 1084.000  8.159105e-01 
 1085.000  8.075689e-01 
 1086.000  8.096095e-01 
 1087.000  8.189158e-01 
 1088.000  8.193237e-01 
 1089.000  8.081501e-01 
 1090.000  8.060967e-01 
 1091.000  8.083028e-01 
 1092.000  8.027885e-01 
 1093.000  7.903073e-01 
 1094.000  7.848644e-01 
 1095.000  7.858032e-01 
 1096.000  7.866884e-01 
 1097.000  7.842647e-01 
 1098.000  7.535033e-01 
 1099.000  7.269990e-01 
 1100.000  7.288526e-01 
 1101.000  7.325919e-01 
 1102.000  7.309061e-01 
 1103.000  7.334327e-01 
 1104.000  7.290670e-01 
 1105.000  7.179329e-01 
 1106.000  7.065465e-01 
 1107.000  7.095322e-01 
 1108.000  7.118187e-01 
 1109.000  7.218219e-01 
 1110.000  7.210014e-01 
 1111.000  7.158123e-01 
 1112.000  6.920984e-01 
 1113.000  6.595591e-01 
 1114.000  6.513200e-01 
 1115.000  6.107405e-01 
 1116.000  5.851623e-01 
 1117.000  5.240662e-01 
 1118.000  4.672493e-01 
 1119.000  4.370285e-01 
 1120.000  3.982909e-01 
 1121.000  3.897313e-01 
 1122.000  3.478963e-01 
 1123.000  3.713795e-01 
 1124.000  3.869939e-01 
 1125.000  3.789525e-01 
 1126.000  3.756298e-01 
 1127.000  3.789280e-01 
 1128.000  3.853680e-01 
 1129.000  4.257296e-01 
 1130.000  5.178948e-01 
 1131.000  5.438975e-01 
 1132.000  5.084701e-01 
 1133.000  4.417461e-01 
 1134.000  3.160423e-01 
 1135.000  3.257457e-01 
 1136.000  4.509470e-01 
 1137.000  5.163365e-01 
 1138.000  5.774595e-01 
 1139.000  5.948649e-01 
 1140.000  5.833481e-01 
 1141.000  5.593958e-01 
 1142.000  5.511195e-01 
 1143.000  5.249116e-01 
 1144.000  4.948732e-01 
 1145.000  4.508441e-01 
 1146.000  4.612836e-01 
 1147.000  4.955661e-01 
 1148.000  5.255789e-01 
 1149.000  5.373950e-01 
 1150.000  5.374770e-01 
