  320.000  2.587146e-01 
  321.000  3.091374e-01 
  322.000  2.894886e-01 
  323.000  3.143603e-01 
  324.000  3.390372e-01 
  325.000  3.206753e-01 
  326.000  3.507455e-01 
  327.000  3.590778e-01 
  328.000  3.410504e-01 
  329.000  3.755537e-01 
  330.000  3.809847e-01 
  331.000  3.702287e-01 
  332.000  3.909625e-01 
  333.000  3.969817e-01 
  334.000  3.920405e-01 
  335.000  4.071508e-01 
  336.000  4.132503e-01 
  337.000  4.106811e-01 
  338.000  4.178196e-01 
  339.000  4.251707e-01 
  340.000  4.239638e-01 
  341.000  4.310888e-01 
  342.000  4.362898e-01 
  343.000  4.388991e-01 
  344.000  4.394320e-01 
  345.000  4.464618e-01 
  346.000  4.508928e-01 
  347.000  4.545011e-01 
  348.000  4.578772e-01 
  349.000  4.616653e-01 
  350.000  4.648997e-01 
  351.000  4.681177e-01 
  352.000  4.707553e-01 
  353.000  4.745019e-01 
  354.000  4.776879e-01 
  355.000  4.806497e-01 
  356.000  4.835330e-01 
  357.000  4.860968e-01 
  358.000  4.888529e-01 
  359.000  4.916038e-01 
  360.000  4.944185e-01 
  361.000  4.979705e-01 
  362.000  5.016647e-01 
  363.000  5.050629e-01 
  364.000  5.081869e-01 
  365.000  5.111143e-01 
  366.000  5.141046e-01 
  367.000  5.169489e-01 
  368.000  5.197647e-01 
  369.000  5.225536e-01 
  370.000  5.253111e-01 
  371.000  5.280443e-01 
  372.000  5.307527e-01 
  373.000  5.334356e-01 
  374.000  5.360729e-01 
  375.000  5.386571e-01 
  376.000  5.411513e-01 
  377.000  5.435067e-01 
  378.000  5.456929e-01 
  379.000  5.479125e-01 
  380.000  5.503517e-01 
  381.000  5.531260e-01 
  382.000  5.559981e-01 
  383.000  5.587114e-01 
  384.000  5.612829e-01 
  385.000  5.637584e-01 
  386.000  5.661682e-01 
  387.000  5.685372e-01 
  388.000  5.708739e-01 
  389.000  5.731893e-01 
  390.000  5.754842e-01 
  391.000  5.777535e-01 
  392.000  5.800042e-01 
  393.000  5.822344e-01 
  394.000  5.844420e-01 
  395.000  5.866252e-01 
  396.000  5.887926e-01 
  397.000  5.909330e-01 
  398.000  5.930520e-01 
  399.000  5.951513e-01 
  400.000  5.972199e-01 
  401.000  5.992790e-01 
  402.000  6.013200e-01 
  403.000  6.033418e-01 
  404.000  6.053442e-01 
  405.000  6.073231e-01 
  406.000  6.092873e-01 
  407.000  6.112347e-01 
  408.000  6.131637e-01 
  409.000  6.150723e-01 
  410.000  6.169615e-01 
  411.000  6.188306e-01 
  412.000  6.206784e-01 
  413.000  6.225142e-01 
  414.000  6.242173e-01 
  415.000  6.260583e-01 
  416.000  6.278749e-01 
  417.000  6.296598e-01 
  418.000  6.314027e-01 
  419.000  6.331252e-01 
  420.000  6.348311e-01 
  421.000  6.365257e-01 
  422.000  6.382087e-01 
  423.000  6.398783e-01 
  424.000  6.415271e-01 
  425.000  6.431372e-01 
  426.000  6.447306e-01 
  427.000  6.463091e-01 
  428.000  6.478586e-01 
  429.000  6.493856e-01 
  430.000  6.508941e-01 
  431.000  6.523905e-01 
  432.000  6.538704e-01 
  433.000  6.553355e-01 
  434.000  6.567876e-01 
  435.000  6.582247e-01 
  436.000  6.596450e-01 
  437.000  6.610491e-01 
  438.000  6.624366e-01 
  439.000  6.638128e-01 
  440.000  6.651660e-01 
  441.000  6.665015e-01 
  442.000  6.678152e-01 
  443.000  6.691086e-01 
  444.000  6.703809e-01 
  445.000  6.716254e-01 
  446.000  6.728348e-01 
  447.000  6.741026e-01 
  448.000  6.754613e-01 
  449.000  6.768360e-01 
  450.000  6.781834e-01 
  451.000  6.794777e-01 
  452.000  6.807261e-01 
  453.000  6.819484e-01 
  454.000  6.831480e-01 
  455.000  6.842777e-01 
  456.000  6.853157e-01 
  457.000  6.863536e-01 
  458.000  6.873773e-01 
  459.000  6.883788e-01 
  460.000  6.893721e-01 
  461.000  6.903544e-01 
  462.000  6.913177e-01 
  463.000  6.922766e-01 
  464.000  6.935245e-01 
  465.000  6.947531e-01 
  466.000  6.959594e-01 
  467.000  6.971375e-01 
  468.000  6.980967e-01 
  469.000  6.989225e-01 
  470.000  6.996818e-01 
  471.000  7.003651e-01 
  472.000  7.009451e-01 
  473.000  7.013517e-01 
  474.000  7.016855e-01 
  475.000  7.017712e-01 
  476.000  7.016060e-01 
  477.000  7.016026e-01 
  478.000  7.025681e-01 
  479.000  7.040372e-01 
  480.000  7.056221e-01 
  481.000  7.070432e-01 
  482.000  7.083753e-01 
  483.000  7.095329e-01 
  484.000  7.105274e-01 
  485.000  7.114165e-01 
  486.000  7.123645e-01 
  487.000  7.133620e-01 
  488.000  7.143272e-01 
  489.000  7.152743e-01 
  490.000  7.162099e-01 
  491.000  7.169423e-01 
  492.000  7.176116e-01 
  493.000  7.182775e-01 
  494.000  7.189244e-01 
  495.000  7.195711e-01 
  496.000  7.199043e-01 
  497.000  7.202248e-01 
  498.000  7.205406e-01 
  499.000  7.208393e-01 
  500.000  7.211333e-01 
  501.000  7.213945e-01 
  502.000  7.216558e-01 
  503.000  7.219138e-01 
  504.000  7.221599e-01 
  505.000  7.223925e-01 
  506.000  7.230738e-01 
  507.000  7.237747e-01 
  508.000  7.244744e-01 
  509.000  7.251658e-01 
  510.000  7.258423e-01 
  511.000  7.264487e-01 
  512.000  7.270342e-01 
  513.000  7.276161e-01 
  514.000  7.281907e-01 
  515.000  7.287601e-01 
  516.000  7.291668e-01 
  517.000  7.294275e-01 
  518.000  7.296811e-01 
  519.000  7.299297e-01 
  520.000  7.301760e-01 
  521.000  7.303966e-01 
  522.000  7.305557e-01 
  523.000  7.306703e-01 
  524.000  7.307888e-01 
  525.000  7.308822e-01 
  526.000  7.310133e-01 
  527.000  7.310344e-01 
  528.000  7.310109e-01 
  529.000  7.309862e-01 
  530.000  7.309670e-01 
  531.000  7.309512e-01 
  532.000  7.309866e-01 
  533.000  7.313061e-01 
  534.000  7.317095e-01 
  535.000  7.321648e-01 
  536.000  7.326048e-01 
  537.000  7.330073e-01 
  538.000  7.333671e-01 
  539.000  7.337005e-01 
  540.000  7.340132e-01 
  541.000  7.343167e-01 
  542.000  7.346069e-01 
  543.000  7.348868e-01 
  544.000  7.350985e-01 
  545.000  7.352544e-01 
  546.000  7.354032e-01 
  547.000  7.355561e-01 
  548.000  7.357013e-01 
  549.000  7.358442e-01 
  550.000  7.359135e-01 
  551.000  7.359099e-01 
  552.000  7.359090e-01 
  553.000  7.358932e-01 
  554.000  7.358704e-01 
  555.000  7.358435e-01 
  556.000  7.357890e-01 
  557.000  7.356867e-01 
  558.000  7.355760e-01 
  559.000  7.354525e-01 
  560.000  7.352981e-01 
  561.000  7.351153e-01 
  562.000  7.348153e-01 
  563.000  7.345965e-01 
  564.000  7.343194e-01 
  565.000  7.339247e-01 
  566.000  7.335829e-01 
  567.000  7.328443e-01 
  568.000  7.309504e-01 
  569.000  7.272887e-01 
  570.000  7.275302e-01 
  571.000  7.295957e-01 
  572.000  7.269187e-01 
  573.000  7.272226e-01 
  574.000  7.271151e-01 
  575.000  7.268161e-01 
  576.000  7.269893e-01 
  577.000  7.280113e-01 
  578.000  7.293890e-01 
  579.000  7.308671e-01 
  580.000  7.325457e-01 
  581.000  7.347335e-01 
  582.000  7.363583e-01 
  583.000  7.375378e-01 
  584.000  7.385834e-01 
  585.000  7.394419e-01 
  586.000  7.402561e-01 
  587.000  7.397853e-01 
  588.000  7.355879e-01 
  589.000  7.284217e-01 
  590.000  7.282523e-01 
  591.000  7.336969e-01 
  592.000  7.312199e-01 
  593.000  7.373352e-01 
  594.000  7.362853e-01 
  595.000  7.323838e-01 
  596.000  7.380309e-01 
  597.000  7.364365e-01 
  598.000  7.385161e-01 
  599.000  7.391755e-01 
  600.000  7.409663e-01 
  601.000  7.420955e-01 
  602.000  7.422566e-01 
  603.000  7.429807e-01 
  604.000  7.440011e-01 
  605.000  7.447922e-01 
  606.000  7.454283e-01 
  607.000  7.460446e-01 
  608.000  7.466563e-01 
  609.000  7.472429e-01 
  610.000  7.478532e-01 
  611.000  7.485312e-01 
  612.000  7.491952e-01 
  613.000  7.498385e-01 
  614.000  7.504626e-01 
  615.000  7.510850e-01 
  616.000  7.516845e-01 
  617.000  7.522506e-01 
  618.000  7.527251e-01 
  619.000  7.531266e-01 
  620.000  7.534981e-01 
  621.000  7.538173e-01 
  622.000  7.540842e-01 
  623.000  7.542626e-01 
  624.000  7.544528e-01 
  625.000  7.546124e-01 
  626.000  7.545336e-01 
  627.000  7.522488e-01 
  628.000  7.297828e-01 
  629.000  7.442171e-01 
  630.000  7.459707e-01 
  631.000  7.501639e-01 
  632.000  7.514905e-01 
  633.000  7.555534e-01 
  634.000  7.579802e-01 
  635.000  7.593792e-01 
  636.000  7.609621e-01 
  637.000  7.623502e-01 
  638.000  7.643762e-01 
  639.000  7.654675e-01 
  640.000  7.669721e-01 
  641.000  7.679417e-01 
  642.000  7.690896e-01 
  643.000  7.691365e-01 
  644.000  7.698444e-01 
  645.000  7.694986e-01 
  646.000  7.659697e-01 
  647.000  7.636279e-01 
  648.000  7.609076e-01 
  649.000  7.643200e-01 
  650.000  7.703266e-01 
  651.000  7.707935e-01 
  652.000  7.663916e-01 
  653.000  7.724524e-01 
  654.000  7.722993e-01 
  655.000  7.707260e-01 
  656.000  7.718989e-01 
  657.000  7.734343e-01 
  658.000  7.757327e-01 
  659.000  7.773065e-01 
  660.000  7.782317e-01 
  661.000  7.801220e-01 
  662.000  7.811985e-01 
  663.000  7.815301e-01 
  664.000  7.822189e-01 
  665.000  7.828740e-01 
  666.000  7.836010e-01 
  667.000  7.842554e-01 
  668.000  7.849711e-01 
  669.000  7.855566e-01 
  670.000  7.861036e-01 
  671.000  7.866650e-01 
  672.000  7.871929e-01 
  673.000  7.877149e-01 
  674.000  7.882333e-01 
  675.000  7.887512e-01 
  676.000  7.892419e-01 
  677.000  7.896919e-01 
  678.000  7.901419e-01 
  679.000  7.905464e-01 
  680.000  7.907577e-01 
  681.000  7.908958e-01 
  682.000  7.912290e-01 
  683.000  7.914673e-01 
  684.000  7.914348e-01 
  685.000  7.921137e-01 
  686.000  7.893794e-01 
  687.000  6.884199e-01 
  688.000  7.197651e-01 
  689.000  7.111547e-01 
  690.000  7.274159e-01 
  691.000  7.499991e-01 
  692.000  7.655311e-01 
  693.000  7.680677e-01 
  694.000  7.670042e-01 
  695.000  7.735397e-01 
  696.000  7.771538e-01 
  697.000  7.896152e-01 
  698.000  7.874152e-01 
  699.000  7.768099e-01 
  700.000  7.787907e-01 
  701.000  7.765240e-01 
  702.000  7.784591e-01 
  703.000  7.876561e-01 
  704.000  7.881925e-01 
  705.000  7.846003e-01 
  706.000  7.854523e-01 
  707.000  7.869105e-01 
  708.000  7.884728e-01 
  709.000  7.915360e-01 
  710.000  7.885357e-01 
  711.000  7.918564e-01 
  712.000  7.946963e-01 
  713.000  7.926549e-01 
  714.000  7.920650e-01 
  715.000  7.886901e-01 
  716.000  7.852231e-01 
  717.000  7.616363e-01 
  718.000  7.469239e-01 
  719.000  7.416857e-01 
  720.000  7.334365e-01 
  721.000  7.693326e-01 
  722.000  7.818384e-01 
  723.000  7.749693e-01 
  724.000  7.549472e-01 
  725.000  7.581097e-01 
  726.000  7.572166e-01 
  727.000  7.601570e-01 
  728.000  7.570691e-01 
  729.000  7.648882e-01 
  730.000  7.635643e-01 
  731.000  7.619507e-01 
  732.000  7.750189e-01 
  733.000  7.873305e-01 
  734.000  7.932198e-01 
  735.000  7.912109e-01 
  736.000  7.874013e-01 
  737.000  7.903641e-01 
  738.000  7.944054e-01 
  739.000  7.961653e-01 
  740.000  7.999988e-01 
  741.000  8.022283e-01 
  742.000  8.031928e-01 
  743.000  8.052099e-01 
  744.000  8.061730e-01 
  745.000  8.069277e-01 
  746.000  8.075183e-01 
  747.000  8.077406e-01 
  748.000  8.083481e-01 
  749.000  8.086924e-01 
  750.000  8.086399e-01 
  751.000  8.088270e-01 
  752.000  8.093674e-01 
  753.000  8.096427e-01 
  754.000  8.098786e-01 
  755.000  8.100635e-01 
  756.000  8.102526e-01 
  757.000  8.103858e-01 
  758.000  8.091384e-01 
  759.000  7.554290e-01 
  760.000  3.532195e-01 
  761.000  3.149135e-01 
  762.000  5.486643e-01 
  763.000  4.761043e-01 
  764.000  5.120367e-01 
  765.000  5.935116e-01 
  766.000  6.916399e-01 
  767.000  7.410833e-01 
  768.000  7.733954e-01 
  769.000  7.947103e-01 
  770.000  8.059637e-01 
  771.000  8.114560e-01 
  772.000  8.127933e-01 
  773.000  8.134072e-01 
  774.000  8.141736e-01 
  775.000  8.145934e-01 
  776.000  8.148863e-01 
  777.000  8.150095e-01 
  778.000  8.150578e-01 
  779.000  8.150890e-01 
  780.000  8.151149e-01 
  781.000  8.153582e-01 
  782.000  8.153775e-01 
  783.000  8.154032e-01 
  784.000  8.152872e-01 
  785.000  8.144682e-01 
  786.000  8.131886e-01 
  787.000  8.103614e-01 
  788.000  8.088706e-01 
  789.000  8.034005e-01 
  790.000  8.029711e-01 
  791.000  8.040569e-01 
  792.000  8.050569e-01 
  793.000  8.073360e-01 
  794.000  8.121200e-01 
  795.000  8.092601e-01 
  796.000  8.015379e-01 
  797.000  8.038008e-01 
  798.000  8.087363e-01 
  799.000  8.076548e-01 
  800.000  8.041241e-01 
  801.000  8.045861e-01 
  802.000  8.042602e-01 
  803.000  8.048162e-01 
  804.000  8.065233e-01 
  805.000  8.097624e-01 
  806.000  8.117025e-01 
  807.000  8.118208e-01 
  808.000  8.107756e-01 
  809.000  8.094843e-01 
  810.000  8.080708e-01 
  811.000  8.051209e-01 
  812.000  8.011361e-01 
  813.000  7.962261e-01 
  814.000  7.897034e-01 
  815.000  7.815475e-01 
  816.000  7.708832e-01 
  817.000  7.715583e-01 
  818.000  7.724724e-01 
  819.000  7.760046e-01 
  820.000  7.877483e-01 
  821.000  8.010364e-01 
  822.000  7.909938e-01 
  823.000  7.623957e-01 
  824.000  7.865826e-01 
  825.000  8.018537e-01 
  826.000  7.992407e-01 
  827.000  7.973487e-01 
  828.000  7.873197e-01 
  829.000  7.909862e-01 
  830.000  7.950615e-01 
  831.000  7.960232e-01 
  832.000  7.964256e-01 
  833.000  7.987649e-01 
  834.000  8.015049e-01 
  835.000  8.069158e-01 
  836.000  8.051926e-01 
  837.000  8.050179e-01 
  838.000  8.076691e-01 
  839.000  8.092793e-01 
  840.000  8.098816e-01 
  841.000  8.081772e-01 
  842.000  8.097506e-01 
  843.000  8.134475e-01 
  844.000  8.151290e-01 
  845.000  8.158770e-01 
  846.000  8.166986e-01 
  847.000  8.176360e-01 
  848.000  8.161848e-01 
  849.000  8.164043e-01 
  850.000  8.157468e-01 
  851.000  8.149006e-01 
  852.000  8.150137e-01 
  853.000  8.164318e-01 
  854.000  8.163749e-01 
  855.000  8.171057e-01 
  856.000  8.186387e-01 
  857.000  8.192888e-01 
  858.000  8.196541e-01 
  859.000  8.204042e-01 
  860.000  8.208053e-01 
  861.000  8.208895e-01 
  862.000  8.211155e-01 
  863.000  8.211696e-01 
  864.000  8.213333e-01 
  865.000  8.214723e-01 
  866.000  8.215297e-01 
  867.000  8.215359e-01 
  868.000  8.215807e-01 
  869.000  8.216454e-01 
  870.000  8.216442e-01 
  871.000  8.217065e-01 
  872.000  8.218206e-01 
  873.000  8.217593e-01 
  874.000  8.217379e-01 
  875.000  8.217530e-01 
  876.000  8.216262e-01 
  877.000  8.215744e-01 
  878.000  8.211048e-01 
  879.000  8.210964e-01 
  880.000  8.207138e-01 
  881.000  8.204990e-01 
  882.000  8.203216e-01 
  883.000  8.205686e-01 
  884.000  8.206575e-01 
  885.000  8.198700e-01 
  886.000  8.187054e-01 
  887.000  8.196477e-01 
  888.000  8.196180e-01 
  889.000  8.199339e-01 
  890.000  8.192685e-01 
  891.000  8.179048e-01 
  892.000  8.150495e-01 
  893.000  8.060564e-01 
  894.000  8.015990e-01 
  895.000  7.876876e-01 
  896.000  7.751474e-01 
  897.000  7.618189e-01 
  898.000  7.555487e-01 
  899.000  7.373479e-01 
  900.000  7.400807e-01 
  901.000  7.352875e-01 
  902.000  7.360916e-01 
  903.000  7.666242e-01 
  904.000  7.848409e-01 
  905.000  7.841395e-01 
  906.000  7.727788e-01 
  907.000  7.524074e-01 
  908.000  7.387947e-01 
  909.000  7.394357e-01 
  910.000  7.415325e-01 
  911.000  7.506215e-01 
  912.000  7.462413e-01 
  913.000  7.269744e-01 
  914.000  7.365444e-01 
  915.000  7.439928e-01 
  916.000  7.459791e-01 
  917.000  7.499646e-01 
  918.000  7.551097e-01 
  919.000  7.725266e-01 
  920.000  7.854634e-01 
  921.000  7.825837e-01 
  922.000  7.823389e-01 
  923.000  7.787330e-01 
  924.000  7.700140e-01 
  925.000  7.693909e-01 
  926.000  7.694365e-01 
  927.000  7.593826e-01 
  928.000  7.437172e-01 
  929.000  7.206633e-01 
  930.000  6.905302e-01 
  931.000  6.556540e-01 
  932.000  6.087893e-01 
  933.000  5.712903e-01 
  934.000  5.304512e-01 
  935.000  5.262323e-01 
  936.000  5.431346e-01 
  937.000  5.386097e-01 
  938.000  5.831093e-01 
  939.000  6.900684e-01 
  940.000  7.048172e-01 
  941.000  6.917396e-01 
  942.000  6.592741e-01 
  943.000  6.027039e-01 
  944.000  5.987896e-01 
  945.000  6.198683e-01 
  946.000  6.208317e-01 
  947.000  6.386821e-01 
  948.000  6.490263e-01 
  949.000  6.474391e-01 
  950.000  6.500131e-01 
  951.000  6.729020e-01 
  952.000  6.479906e-01 
  953.000  6.650835e-01 
  954.000  6.830295e-01 
  955.000  6.680037e-01 
  956.000  6.642095e-01 
  957.000  7.093639e-01 
  958.000  7.148234e-01 
  959.000  7.072529e-01 
  960.000  7.049414e-01 
  961.000  7.010981e-01 
  962.000  7.043621e-01 
  963.000  7.283742e-01 
  964.000  7.316892e-01 
  965.000  7.293032e-01 
  966.000  7.304725e-01 
  967.000  7.471642e-01 
  968.000  7.744489e-01 
  969.000  7.864974e-01 
  970.000  7.871023e-01 
  971.000  7.868105e-01 
  972.000  7.834061e-01 
  973.000  7.754649e-01 
  974.000  7.656777e-01 
  975.000  7.593327e-01 
  976.000  7.670935e-01 
  977.000  7.797686e-01 
  978.000  7.787027e-01 
  979.000  7.819118e-01 
  980.000  7.946206e-01 
  981.000  7.973908e-01 
  982.000  7.945334e-01 
  983.000  8.009793e-01 
  984.000  8.075831e-01 
  985.000  8.113119e-01 
  986.000  8.161087e-01 
  987.000  8.181718e-01 
  988.000  8.186381e-01 
  989.000  8.189376e-01 
  990.000  8.194442e-01 
  991.000  8.211617e-01 
  992.000  8.216783e-01 
  993.000  8.218753e-01 
  994.000  8.234859e-01 
  995.000  8.245903e-01 
  996.000  8.245899e-01 
  997.000  8.239114e-01 
  998.000  8.230934e-01 
  999.000  8.228011e-01 
 1000.000  8.230608e-01 
 1001.000  8.213727e-01 
 1002.000  8.187183e-01 
 1003.000  8.193775e-01 
 1004.000  8.209580e-01 
 1005.000  8.216218e-01 
 1006.000  8.218464e-01 
 1007.000  8.213291e-01 
 1008.000  8.191763e-01 
 1009.000  8.161955e-01 
 1010.000  8.175289e-01 
 1011.000  8.206922e-01 
 1012.000  8.218345e-01 
 1013.000  8.227841e-01 
 1014.000  8.231547e-01 
 1015.000  8.232243e-01 
 1016.000  8.236552e-01 
 1017.000  8.239074e-01 
 1018.000  8.233581e-01 
 1019.000  8.222727e-01 
 1020.000  8.226574e-01 
 1021.000  8.234313e-01 
 1022.000  8.221007e-01 
 1023.000  8.210328e-01 
 1024.000  8.203523e-01 
 1025.000  8.223270e-01 
 1026.000  8.231924e-01 
 1027.000  8.227869e-01 
 1028.000  8.230796e-01 
 1029.000  8.239452e-01 
 1030.000  8.247380e-01 
 1031.000  8.251548e-01 
 1032.000  8.254293e-01 
 1033.000  8.254892e-01 
 1034.000  8.256597e-01 
 1035.000  8.256879e-01 
 1036.000  8.255048e-01 
 1037.000  8.254148e-01 
 1038.000  8.254606e-01 
 1039.000  8.253130e-01 
 1040.000  8.251570e-01 
 1041.000  8.250307e-01 
 1042.000  8.249751e-01 
 1043.000  8.249282e-01 
 1044.000  8.247892e-01 
 1045.000  8.244833e-01 
 1046.000  8.242568e-01 
 1047.000  8.239672e-01 
 1048.000  8.234847e-01 
 1049.000  8.229327e-01 
 1050.000  8.225724e-01 
 1051.000  8.221793e-01 
 1052.000  8.218188e-01 
 1053.000  8.216513e-01 
 1054.000  8.211769e-01 
 1055.000  8.206860e-01 
 1056.000  8.201914e-01 
 1057.000  8.192568e-01 
 1058.000  8.176864e-01 
 1059.000  8.175511e-01 
 1060.000  8.180591e-01 
 1061.000  8.177598e-01 
 1062.000  8.167024e-01 
 1063.000  8.160548e-01 
 1064.000  8.150526e-01 
 1065.000  8.141450e-01 
 1066.000  8.141856e-01 
 1067.000  8.136185e-01 
 1068.000  8.120220e-01 
 1069.000  8.118529e-01 
 1070.000  8.125419e-01 
 1071.000  8.118200e-01 
 1072.000  8.109433e-01 
 1073.000  8.109914e-01 
 1074.000  8.114114e-01 
 1075.000  8.133313e-01 
 1076.000  8.125131e-01 
 1077.000  8.113155e-01 
 1078.000  8.098566e-01 
 1079.000  8.098337e-01 
 1080.000  8.055383e-01 
 1081.000  8.054299e-01 
 1082.000  8.075255e-01 
 1083.000  8.053167e-01 
 1084.000  8.028481e-01 
 1085.000  7.967404e-01 
 1086.000  7.983168e-01 
 1087.000  8.052565e-01 
 1088.000  8.056079e-01 
 1089.000  7.974003e-01 
 1090.000  7.959351e-01 
 1091.000  7.976226e-01 
 1092.000  7.936003e-01 
 1093.000  7.843622e-01 
 1094.000  7.803378e-01 
 1095.000  7.810788e-01 
 1096.000  7.817890e-01 
 1097.000  7.800454e-01 
 1098.000  7.570155e-01 
 1099.000  7.369969e-01 
 1100.000  7.384447e-01 
 1101.000  7.413252e-01 
 1102.000  7.401145e-01 
 1103.000  7.420814e-01 
 1104.000  7.388089e-01 
 1105.000  7.303911e-01 
 1106.000  7.216931e-01 
 1107.000  7.240787e-01 
 1108.000  7.259622e-01 
 1109.000  7.337713e-01 
 1110.000  7.333650e-01 
 1111.000  7.295277e-01 
 1112.000  7.114858e-01 
 1113.000  6.866120e-01 
 1114.000  6.806774e-01 
 1115.000  6.492336e-01 
 1116.000  6.290859e-01 
 1117.000  5.794473e-01 
 1118.000  5.323459e-01 
 1119.000  5.070643e-01 
 1120.000  4.735711e-01 
 1121.000  4.661615e-01 
 1122.000  4.283191e-01 
 1123.000  4.501843e-01 
 1124.000  4.644946e-01 
 1125.000  4.572646e-01 
 1126.000  4.541851e-01 
 1127.000  4.569829e-01 
 1128.000  4.624621e-01 
 1129.000  4.980913e-01 
 1130.000  5.770600e-01 
 1131.000  5.986783e-01 
 1132.000  5.693193e-01 
 1133.000  5.120755e-01 
 1134.000  3.980409e-01 
 1135.000  4.071110e-01 
 1136.000  5.196544e-01 
 1137.000  5.751405e-01 
 1138.000  6.250688e-01 
 1139.000  6.384332e-01 
 1140.000  6.291295e-01 
 1141.000  6.093655e-01 
 1142.000  6.026406e-01 
 1143.000  5.811122e-01 
 1144.000  5.559613e-01 
 1145.000  5.184423e-01 
 1146.000  5.273932e-01 
 1147.000  5.564811e-01 
 1148.000  5.815175e-01 
 1149.000  5.911257e-01 
 1150.000  5.908095e-01 
