  320.000  1.104351e-01 
  321.000  1.423322e-01 
  322.000  1.296170e-01 
  323.000  1.457712e-01 
  324.000  1.623453e-01 
  325.000  1.499617e-01 
  326.000  1.703927e-01 
  327.000  1.761899e-01 
  328.000  1.637207e-01 
  329.000  1.878213e-01 
  330.000  1.917037e-01 
  331.000  1.840378e-01 
  332.000  1.988977e-01 
  333.000  2.032755e-01 
  334.000  1.996796e-01 
  335.000  2.107359e-01 
  336.000  2.152489e-01 
  337.000  2.133445e-01 
  338.000  2.186484e-01 
  339.000  2.241506e-01 
  340.000  2.232444e-01 
  341.000  2.286098e-01 
  342.000  2.325502e-01 
  343.000  2.345346e-01 
  344.000  2.349405e-01 
  345.000  2.403144e-01 
  346.000  2.437203e-01 
  347.000  2.465043e-01 
  348.000  2.491177e-01 
  349.000  2.520598e-01 
  350.000  2.545799e-01 
  351.000  2.570947e-01 
  352.000  2.591614e-01 
  353.000  2.621056e-01 
  354.000  2.646170e-01 
  355.000  2.669581e-01 
  356.000  2.692430e-01 
  357.000  2.712796e-01 
  358.000  2.734740e-01 
  359.000  2.756696e-01 
  360.000  2.779215e-01 
  361.000  2.807710e-01 
  362.000  2.837438e-01 
  363.000  2.864867e-01 
  364.000  2.890152e-01 
  365.000  2.913905e-01 
  366.000  2.938228e-01 
  367.000  2.961420e-01 
  368.000  2.984433e-01 
  369.000  3.007278e-01 
  370.000  3.029917e-01 
  371.000  3.052408e-01 
  372.000  3.074741e-01 
  373.000  3.096913e-01 
  374.000  3.118755e-01 
  375.000  3.140200e-01 
  376.000  3.160940e-01 
  377.000  3.180564e-01 
  378.000  3.198811e-01 
  379.000  3.217367e-01 
  380.000  3.237797e-01 
  381.000  3.261080e-01 
  382.000  3.285236e-01 
  383.000  3.308106e-01 
  384.000  3.329824e-01 
  385.000  3.350770e-01 
  386.000  3.371200e-01 
  387.000  3.391318e-01 
  388.000  3.411198e-01 
  389.000  3.430931e-01 
  390.000  3.450521e-01 
  391.000  3.469928e-01 
  392.000  3.489205e-01 
  393.000  3.508340e-01 
  394.000  3.527310e-01 
  395.000  3.546102e-01 
  396.000  3.564786e-01 
  397.000  3.583267e-01 
  398.000  3.601591e-01 
  399.000  3.619772e-01 
  400.000  3.637714e-01 
  401.000  3.655599e-01 
  402.000  3.673353e-01 
  403.000  3.690966e-01 
  404.000  3.708434e-01 
  405.000  3.725721e-01 
  406.000  3.742904e-01 
  407.000  3.759963e-01 
  408.000  3.776883e-01 
  409.000  3.793648e-01 
  410.000  3.810262e-01 
  411.000  3.826722e-01 
  412.000  3.843015e-01 
  413.000  3.859223e-01 
  414.000  3.874277e-01 
  415.000  3.890570e-01 
  416.000  3.906666e-01 
  417.000  3.922502e-01 
  418.000  3.937984e-01 
  419.000  3.953301e-01 
  420.000  3.968488e-01 
  421.000  3.983592e-01 
  422.000  3.998610e-01 
  423.000  4.013524e-01 
  424.000  4.028270e-01 
  425.000  4.042684e-01 
  426.000  4.056964e-01 
  427.000  4.071126e-01 
  428.000  4.085042e-01 
  429.000  4.098769e-01 
  430.000  4.112343e-01 
  431.000  4.125822e-01 
  432.000  4.139166e-01 
  433.000  4.152389e-01 
  434.000  4.165505e-01 
  435.000  4.178500e-01 
  436.000  4.191354e-01 
  437.000  4.204073e-01 
  438.000  4.216653e-01 
  439.000  4.229141e-01 
  440.000  4.241432e-01 
  441.000  4.253572e-01 
  442.000  4.265524e-01 
  443.000  4.277301e-01 
  444.000  4.288896e-01 
  445.000  4.300246e-01 
  446.000  4.311285e-01 
  447.000  4.322866e-01 
  448.000  4.335287e-01 
  449.000  4.347865e-01 
  450.000  4.360205e-01 
  451.000  4.372067e-01 
  452.000  4.383518e-01 
  453.000  4.394739e-01 
  454.000  4.405760e-01 
  455.000  4.416144e-01 
  456.000  4.425694e-01 
  457.000  4.435249e-01 
  458.000  4.444678e-01 
  459.000  4.453909e-01 
  460.000  4.463069e-01 
  461.000  4.472135e-01 
  462.000  4.481030e-01 
  463.000  4.489890e-01 
  464.000  4.501427e-01 
  465.000  4.512795e-01 
  466.000  4.523965e-01 
  467.000  4.534881e-01 
  468.000  4.543775e-01 
  469.000  4.551437e-01 
  470.000  4.558484e-01 
  471.000  4.564829e-01 
  472.000  4.570218e-01 
  473.000  4.573995e-01 
  474.000  4.577098e-01 
  475.000  4.577895e-01 
  476.000  4.576359e-01 
  477.000  4.576327e-01 
  478.000  4.585304e-01 
  479.000  4.598974e-01 
  480.000  4.613734e-01 
  481.000  4.626980e-01 
  482.000  4.639407e-01 
  483.000  4.650215e-01 
  484.000  4.659506e-01 
  485.000  4.667817e-01 
  486.000  4.676682e-01 
  487.000  4.686017e-01 
  488.000  4.695055e-01 
  489.000  4.703928e-01 
  490.000  4.712698e-01 
  491.000  4.719567e-01 
  492.000  4.725847e-01 
  493.000  4.732097e-01 
  494.000  4.738171e-01 
  495.000  4.744246e-01 
  496.000  4.747377e-01 
  497.000  4.750389e-01 
  498.000  4.753357e-01 
  499.000  4.756165e-01 
  500.000  4.758930e-01 
  501.000  4.761387e-01 
  502.000  4.763845e-01 
  503.000  4.766272e-01 
  504.000  4.768587e-01 
  505.000  4.770776e-01 
  506.000  4.777189e-01 
  507.000  4.783789e-01 
  508.000  4.790380e-01 
  509.000  4.796896e-01 
  510.000  4.803275e-01 
  511.000  4.808994e-01 
  512.000  4.814517e-01 
  513.000  4.820010e-01 
  514.000  4.825435e-01 
  515.000  4.830813e-01 
  516.000  4.834655e-01 
  517.000  4.837118e-01 
  518.000  4.839514e-01 
  519.000  4.841865e-01 
  520.000  4.844193e-01 
  521.000  4.846278e-01 
  522.000  4.847782e-01 
  523.000  4.848867e-01 
  524.000  4.849988e-01 
  525.000  4.850871e-01 
  526.000  4.852110e-01 
  527.000  4.852310e-01 
  528.000  4.852088e-01 
  529.000  4.851854e-01 
  530.000  4.851672e-01 
  531.000  4.851523e-01 
  532.000  4.851858e-01 
  533.000  4.854880e-01 
  534.000  4.858697e-01 
  535.000  4.863005e-01 
  536.000  4.867171e-01 
  537.000  4.870982e-01 
  538.000  4.874389e-01 
  539.000  4.877547e-01 
  540.000  4.880510e-01 
  541.000  4.883386e-01 
  542.000  4.886136e-01 
  543.000  4.888789e-01 
  544.000  4.890796e-01 
  545.000  4.892274e-01 
  546.000  4.893685e-01 
  547.000  4.895135e-01 
  548.000  4.896512e-01 
  549.000  4.897867e-01 
  550.000  4.898525e-01 
  551.000  4.898491e-01 
  552.000  4.898483e-01 
  553.000  4.898332e-01 
  554.000  4.898115e-01 
  555.000  4.897861e-01 
  556.000  4.897344e-01 
  557.000  4.896373e-01 
  558.000  4.895324e-01 
  559.000  4.894152e-01 
  560.000  4.892686e-01 
  561.000  4.890948e-01 
  562.000  4.887444e-01 
  563.000  4.885314e-01 
  564.000  4.882524e-01 
  565.000  4.878313e-01 
  566.000  4.875380e-01 
  567.000  4.866288e-01 
  568.000  4.841932e-01 
  569.000  4.792243e-01 
  570.000  4.798116e-01 
  571.000  4.830337e-01 
  572.000  4.795590e-01 
  573.000  4.802561e-01 
  574.000  4.803387e-01 
  575.000  4.800397e-01 
  576.000  4.802116e-01 
  577.000  4.813892e-01 
  578.000  4.831190e-01 
  579.000  4.846560e-01 
  580.000  4.862707e-01 
  581.000  4.884067e-01 
  582.000  4.899361e-01 
  583.000  4.909922e-01 
  584.000  4.918756e-01 
  585.000  4.926210e-01 
  586.000  4.932957e-01 
  587.000  4.923100e-01 
  588.000  4.857815e-01 
  589.000  4.752867e-01 
  590.000  4.748417e-01 
  591.000  4.823968e-01 
  592.000  4.786978e-01 
  593.000  4.872735e-01 
  594.000  4.856104e-01 
  595.000  4.798967e-01 
  596.000  4.880806e-01 
  597.000  4.859764e-01 
  598.000  4.891440e-01 
  599.000  4.902805e-01 
  600.000  4.931149e-01 
  601.000  4.948572e-01 
  602.000  4.952705e-01 
  603.000  4.961655e-01 
  604.000  4.973592e-01 
  605.000  4.982285e-01 
  606.000  4.988656e-01 
  607.000  4.994814e-01 
  608.000  5.000701e-01 
  609.000  5.006333e-01 
  610.000  5.012164e-01 
  611.000  5.018642e-01 
  612.000  5.024987e-01 
  613.000  5.031137e-01 
  614.000  5.037106e-01 
  615.000  5.043060e-01 
  616.000  5.048796e-01 
  617.000  5.054216e-01 
  618.000  5.058759e-01 
  619.000  5.062605e-01 
  620.000  5.066164e-01 
  621.000  5.069222e-01 
  622.000  5.071779e-01 
  623.000  5.073490e-01 
  624.000  5.075309e-01 
  625.000  5.076828e-01 
  626.000  5.074344e-01 
  627.000  5.044873e-01 
  628.000  4.865028e-01 
  629.000  4.975731e-01 
  630.000  5.001306e-01 
  631.000  5.037006e-01 
  632.000  5.034636e-01 
  633.000  5.078461e-01 
  634.000  5.101979e-01 
  635.000  5.113502e-01 
  636.000  5.129613e-01 
  637.000  5.142485e-01 
  638.000  5.166112e-01 
  639.000  5.175721e-01 
  640.000  5.191866e-01 
  641.000  5.200731e-01 
  642.000  5.212710e-01 
  643.000  5.209234e-01 
  644.000  5.215549e-01 
  645.000  5.208147e-01 
  646.000  5.152262e-01 
  647.000  5.114782e-01 
  648.000  5.072220e-01 
  649.000  5.118205e-01 
  650.000  5.202457e-01 
  651.000  5.206516e-01 
  652.000  5.139964e-01 
  653.000  5.225281e-01 
  654.000  5.220407e-01 
  655.000  5.194833e-01 
  656.000  5.209246e-01 
  657.000  5.229219e-01 
  658.000  5.261037e-01 
  659.000  5.281291e-01 
  660.000  5.292427e-01 
  661.000  5.316117e-01 
  662.000  5.329506e-01 
  663.000  5.331453e-01 
  664.000  5.339298e-01 
  665.000  5.345964e-01 
  666.000  5.354023e-01 
  667.000  5.361316e-01 
  668.000  5.369566e-01 
  669.000  5.375659e-01 
  670.000  5.381127e-01 
  671.000  5.386850e-01 
  672.000  5.392031e-01 
  673.000  5.397126e-01 
  674.000  5.402179e-01 
  675.000  5.407239e-01 
  676.000  5.411996e-01 
  677.000  5.416371e-01 
  678.000  5.420755e-01 
  679.000  5.424417e-01 
  680.000  5.424970e-01 
  681.000  5.424814e-01 
  682.000  5.427445e-01 
  683.000  5.429314e-01 
  684.000  5.426731e-01 
  685.000  5.434884e-01 
  686.000  5.410920e-01 
  687.000  4.582637e-01 
  688.000  4.840702e-01 
  689.000  4.767538e-01 
  690.000  4.902702e-01 
  691.000  5.081755e-01 
  692.000  5.192251e-01 
  693.000  5.158628e-01 
  694.000  5.101263e-01 
  695.000  5.172719e-01 
  696.000  5.214139e-01 
  697.000  5.382041e-01 
  698.000  5.348968e-01 
  699.000  5.200751e-01 
  700.000  5.226458e-01 
  701.000  5.194110e-01 
  702.000  5.219523e-01 
  703.000  5.345528e-01 
  704.000  5.351911e-01 
  705.000  5.301175e-01 
  706.000  5.312077e-01 
  707.000  5.331382e-01 
  708.000  5.352190e-01 
  709.000  5.393915e-01 
  710.000  5.351171e-01 
  711.000  5.396453e-01 
  712.000  5.435147e-01 
  713.000  5.405501e-01 
  714.000  5.396011e-01 
  715.000  5.347308e-01 
  716.000  5.296656e-01 
  717.000  4.972590e-01 
  718.000  4.774455e-01 
  719.000  4.703721e-01 
  720.000  4.596776e-01 
  721.000  5.070047e-01 
  722.000  5.239899e-01 
  723.000  5.144943e-01 
  724.000  4.874687e-01 
  725.000  4.915228e-01 
  726.000  4.902972e-01 
  727.000  4.941701e-01 
  728.000  4.900329e-01 
  729.000  5.004424e-01 
  730.000  4.986802e-01 
  731.000  4.965436e-01 
  732.000  5.141185e-01 
  733.000  5.310116e-01 
  734.000  5.391839e-01 
  735.000  5.363540e-01 
  736.000  5.310385e-01 
  737.000  5.351037e-01 
  738.000  5.406833e-01 
  739.000  5.431043e-01 
  740.000  5.484404e-01 
  741.000  5.515379e-01 
  742.000  5.528569e-01 
  743.000  5.557212e-01 
  744.000  5.569013e-01 
  745.000  5.579154e-01 
  746.000  5.587252e-01 
  747.000  5.589694e-01 
  748.000  5.597129e-01 
  749.000  5.601513e-01 
  750.000  5.599433e-01 
  751.000  5.601262e-01 
  752.000  5.608864e-01 
  753.000  5.612146e-01 
  754.000  5.614792e-01 
  755.000  5.616611e-01 
  756.000  5.618504e-01 
  757.000  5.619820e-01 
  758.000  5.608316e-01 
  759.000  5.158912e-01 
  760.000  2.040529e-01 
  761.000  1.773931e-01 
  762.000  3.492677e-01 
  763.000  2.937747e-01 
  764.000  3.210625e-01 
  765.000  3.844696e-01 
  766.000  4.634090e-01 
  767.000  5.041684e-01 
  768.000  5.311443e-01 
  769.000  5.490871e-01 
  770.000  5.588154e-01 
  771.000  5.633548e-01 
  772.000  5.645050e-01 
  773.000  5.650203e-01 
  774.000  5.656958e-01 
  775.000  5.661141e-01 
  776.000  5.664132e-01 
  777.000  5.665079e-01 
  778.000  5.665078e-01 
  779.000  5.664957e-01 
  780.000  5.664803e-01 
  781.000  5.668147e-01 
  782.000  5.667893e-01 
  783.000  5.667745e-01 
  784.000  5.665312e-01 
  785.000  5.653766e-01 
  786.000  5.635859e-01 
  787.000  5.597079e-01 
  788.000  5.576103e-01 
  789.000  5.500740e-01 
  790.000  5.494449e-01 
  791.000  5.508910e-01 
  792.000  5.522299e-01 
  793.000  5.553256e-01 
  794.000  5.618744e-01 
  795.000  5.579019e-01 
  796.000  5.473070e-01 
  797.000  5.503575e-01 
  798.000  5.570829e-01 
  799.000  5.555700e-01 
  800.000  5.507062e-01 
  801.000  5.513052e-01 
  802.000  5.508298e-01 
  803.000  5.515615e-01 
  804.000  5.538744e-01 
  805.000  5.582914e-01 
  806.000  5.609366e-01 
  807.000  5.610706e-01 
  808.000  5.595973e-01 
  809.000  5.577826e-01 
  810.000  5.557927e-01 
  811.000  5.516955e-01 
  812.000  5.461798e-01 
  813.000  5.394289e-01 
  814.000  5.305333e-01 
  815.000  5.194884e-01 
  816.000  5.053745e-01 
  817.000  5.061647e-01 
  818.000  5.073261e-01 
  819.000  5.119956e-01 
  820.000  5.275947e-01 
  821.000  5.454684e-01 
  822.000  5.318913e-01 
  823.000  4.942405e-01 
  824.000  5.259724e-01 
  825.000  5.465258e-01 
  826.000  5.430362e-01 
  827.000  5.404501e-01 
  828.000  5.269437e-01 
  829.000  5.318187e-01 
  830.000  5.372893e-01 
  831.000  5.385875e-01 
  832.000  5.391713e-01 
  833.000  5.423383e-01 
  834.000  5.460681e-01 
  835.000  5.534605e-01 
  836.000  5.511020e-01 
  837.000  5.508666e-01 
  838.000  5.544736e-01 
  839.000  5.566695e-01 
  840.000  5.574757e-01 
  841.000  5.551225e-01 
  842.000  5.572608e-01 
  843.000  5.623248e-01 
  844.000  5.646308e-01 
  845.000  5.657128e-01 
  846.000  5.668502e-01 
  847.000  5.679668e-01 
  848.000  5.660701e-01 
  849.000  5.663450e-01 
  850.000  5.653466e-01 
  851.000  5.641546e-01 
  852.000  5.642874e-01 
  853.000  5.662913e-01 
  854.000  5.661965e-01 
  855.000  5.672104e-01 
  856.000  5.691264e-01 
  857.000  5.700650e-01 
  858.000  5.705003e-01 
  859.000  5.715036e-01 
  860.000  5.720583e-01 
  861.000  5.721596e-01 
  862.000  5.724894e-01 
  863.000  5.725423e-01 
  864.000  5.727721e-01 
  865.000  5.729621e-01 
  866.000  5.730208e-01 
  867.000  5.729987e-01 
  868.000  5.730377e-01 
  869.000  5.731084e-01 
  870.000  5.730748e-01 
  871.000  5.731421e-01 
  872.000  5.732913e-01 
  873.000  5.731633e-01 
  874.000  5.730987e-01 
  875.000  5.730915e-01 
  876.000  5.728603e-01 
  877.000  5.727479e-01 
  878.000  5.721141e-01 
  879.000  5.720783e-01 
  880.000  5.715483e-01 
  881.000  5.712965e-01 
  882.000  5.709936e-01 
  883.000  5.713169e-01 
  884.000  5.714533e-01 
  885.000  5.703415e-01 
  886.000  5.689177e-01 
  887.000  5.699923e-01 
  888.000  5.699286e-01 
  889.000  5.703282e-01 
  890.000  5.693774e-01 
  891.000  5.676616e-01 
  892.000  5.636593e-01 
  893.000  5.515010e-01 
  894.000  5.454494e-01 
  895.000  5.270525e-01 
  896.000  5.106075e-01 
  897.000  4.933299e-01 
  898.000  4.852767e-01 
  899.000  4.627051e-01 
  900.000  4.659422e-01 
  901.000  4.601053e-01 
  902.000  4.612172e-01 
  903.000  4.992091e-01 
  904.000  5.225971e-01 
  905.000  5.217736e-01 
  906.000  5.071572e-01 
  907.000  4.814427e-01 
  908.000  4.645913e-01 
  909.000  4.652985e-01 
  910.000  4.678335e-01 
  911.000  4.790241e-01 
  912.000  4.736142e-01 
  913.000  4.501844e-01 
  914.000  4.617629e-01 
  915.000  4.709252e-01 
  916.000  4.734274e-01 
  917.000  4.784316e-01 
  918.000  4.849028e-01 
  919.000  5.069421e-01 
  920.000  5.236944e-01 
  921.000  5.200272e-01 
  922.000  5.197247e-01 
  923.000  5.150623e-01 
  924.000  5.038658e-01 
  925.000  5.029098e-01 
  926.000  5.025536e-01 
  927.000  4.894484e-01 
  928.000  4.693833e-01 
  929.000  4.406290e-01 
  930.000  4.044579e-01 
  931.000  3.645921e-01 
  932.000  3.131193e-01 
  933.000  2.757123e-01 
  934.000  2.381338e-01 
  935.000  2.341143e-01 
  936.000  2.487534e-01 
  937.000  2.450906e-01 
  938.000  2.872534e-01 
  939.000  3.998587e-01 
  940.000  4.170503e-01 
  941.000  4.023376e-01 
  942.000  3.664144e-01 
  943.000  3.075947e-01 
  944.000  3.034885e-01 
  945.000  3.244009e-01 
  946.000  3.256348e-01 
  947.000  3.446034e-01 
  948.000  3.557761e-01 
  949.000  3.543898e-01 
  950.000  3.572764e-01 
  951.000  3.823816e-01 
  952.000  3.556960e-01 
  953.000  3.745283e-01 
  954.000  3.948630e-01 
  955.000  3.785339e-01 
  956.000  3.750050e-01 
  957.000  4.265458e-01 
  958.000  4.333472e-01 
  959.000  4.247957e-01 
  960.000  4.223504e-01 
  961.000  4.180817e-01 
  962.000  4.220553e-01 
  963.000  4.506071e-01 
  964.000  4.547554e-01 
  965.000  4.520632e-01 
  966.000  4.536607e-01 
  967.000  4.741811e-01 
  968.000  5.086235e-01 
  969.000  5.242698e-01 
  970.000  5.251308e-01 
  971.000  5.247659e-01 
  972.000  5.203247e-01 
  973.000  5.100822e-01 
  974.000  4.976396e-01 
  975.000  4.896629e-01 
  976.000  4.994272e-01 
  977.000  5.155992e-01 
  978.000  5.143033e-01 
  979.000  5.185199e-01 
  980.000  5.350792e-01 
  981.000  5.387661e-01 
  982.000  5.350941e-01 
  983.000  5.436196e-01 
  984.000  5.524044e-01 
  985.000  5.574033e-01 
  986.000  5.638568e-01 
  987.000  5.666584e-01 
  988.000  5.673043e-01 
  989.000  5.677182e-01 
  990.000  5.684032e-01 
  991.000  5.708076e-01 
  992.000  5.714925e-01 
  993.000  5.717501e-01 
  994.000  5.737640e-01 
  995.000  5.752466e-01 
  996.000  5.752355e-01 
  997.000  5.743203e-01 
  998.000  5.731813e-01 
  999.000  5.729658e-01 
 1000.000  5.732980e-01 
 1001.000  5.710018e-01 
 1002.000  5.673274e-01 
 1003.000  5.682038e-01 
 1004.000  5.703225e-01 
 1005.000  5.712923e-01 
 1006.000  5.715964e-01 
 1007.000  5.708961e-01 
 1008.000  5.678999e-01 
 1009.000  5.638932e-01 
 1010.000  5.656787e-01 
 1011.000  5.699351e-01 
 1012.000  5.715572e-01 
 1013.000  5.728297e-01 
 1014.000  5.733619e-01 
 1015.000  5.734596e-01 
 1016.000  5.738683e-01 
 1017.000  5.742149e-01 
 1018.000  5.734614e-01 
 1019.000  5.721608e-01 
 1020.000  5.726768e-01 
 1021.000  5.735661e-01 
 1022.000  5.719424e-01 
 1023.000  5.704355e-01 
 1024.000  5.695297e-01 
 1025.000  5.722732e-01 
 1026.000  5.732964e-01 
 1027.000  5.729518e-01 
 1028.000  5.731801e-01 
 1029.000  5.744267e-01 
 1030.000  5.755142e-01 
 1031.000  5.760605e-01 
 1032.000  5.764812e-01 
 1033.000  5.765387e-01 
 1034.000  5.768021e-01 
 1035.000  5.769366e-01 
 1036.000  5.768048e-01 
 1037.000  5.767941e-01 
 1038.000  5.768827e-01 
 1039.000  5.766901e-01 
 1040.000  5.765136e-01 
 1041.000  5.763729e-01 
 1042.000  5.763257e-01 
 1043.000  5.763052e-01 
 1044.000  5.761701e-01 
 1045.000  5.757951e-01 
 1046.000  5.755352e-01 
 1047.000  5.752195e-01 
 1048.000  5.747791e-01 
 1049.000  5.743335e-01 
 1050.000  5.739191e-01 
 1051.000  5.734202e-01 
 1052.000  5.730310e-01 
 1053.000  5.728958e-01 
 1054.000  5.723734e-01 
 1055.000  5.717998e-01 
 1056.000  5.712866e-01 
 1057.000  5.701594e-01 
 1058.000  5.682533e-01 
 1059.000  5.681973e-01 
 1060.000  5.690312e-01 
 1061.000  5.687298e-01 
 1062.000  5.675246e-01 
 1063.000  5.669078e-01 
 1064.000  5.658163e-01 
 1065.000  5.646664e-01 
 1066.000  5.647478e-01 
 1067.000  5.641018e-01 
 1068.000  5.620442e-01 
 1069.000  5.611855e-01 
 1070.000  5.617301e-01 
 1071.000  5.604392e-01 
 1072.000  5.590625e-01 
 1073.000  5.589081e-01 
 1074.000  5.592638e-01 
 1075.000  5.616214e-01 
 1076.000  5.603419e-01 
 1077.000  5.585769e-01 
 1078.000  5.564740e-01 
 1079.000  5.562860e-01 
 1080.000  5.504695e-01 
 1081.000  5.502103e-01 
 1082.000  5.528715e-01 
 1083.000  5.498182e-01 
 1084.000  5.464587e-01 
 1085.000  5.383672e-01 
 1086.000  5.403244e-01 
 1087.000  5.493352e-01 
 1088.000  5.497335e-01 
 1089.000  5.388712e-01 
 1090.000  5.368642e-01 
 1091.000  5.389728e-01 
 1092.000  5.336152e-01 
 1093.000  5.215949e-01 
 1094.000  5.163806e-01 
 1095.000  5.172473e-01 
 1096.000  5.180306e-01 
 1097.000  5.156533e-01 
 1098.000  4.865178e-01 
 1099.000  4.618337e-01 
 1100.000  4.635107e-01 
 1101.000  4.669202e-01 
 1102.000  4.652812e-01 
 1103.000  4.675371e-01 
 1104.000  4.634209e-01 
 1105.000  4.530906e-01 
 1106.000  4.427078e-01 
 1107.000  4.452660e-01 
 1108.000  4.471240e-01 
 1109.000  4.559586e-01 
 1110.000  4.547965e-01 
 1111.000  4.498310e-01 
 1112.000  4.280580e-01 
 1113.000  3.984447e-01 
 1114.000  3.903012e-01 
 1115.000  3.543924e-01 
 1116.000  3.324439e-01 
 1117.000  2.827605e-01 
 1118.000  2.383638e-01 
 1119.000  2.152555e-01 
 1120.000  1.873393e-01 
 1121.000  1.812193e-01 
 1122.000  1.534126e-01 
 1123.000  1.682469e-01 
 1124.000  1.783931e-01 
 1125.000  1.730084e-01 
 1126.000  1.708938e-01 
 1127.000  1.733243e-01 
 1128.000  1.780313e-01 
 1129.000  2.060877e-01 
 1130.000  2.738099e-01 
 1131.000  2.939782e-01 
 1132.000  2.663768e-01 
 1133.000  2.174745e-01 
 1134.000  1.340351e-01 
 1135.000  1.401254e-01 
 1136.000  2.246536e-01 
 1137.000  2.735918e-01 
 1138.000  3.225785e-01 
 1139.000  3.380269e-01 
 1140.000  3.285842e-01 
 1141.000  3.096459e-01 
 1142.000  3.029351e-01 
 1143.000  2.820857e-01 
 1144.000  2.589854e-01 
 1145.000  2.261862e-01 
 1146.000  2.338756e-01 
 1147.000  2.596165e-01 
 1148.000  2.828570e-01 
 1149.000  2.924185e-01 
 1150.000  2.931030e-01 
