  320.000  1.194433e-01 
  321.000  1.528043e-01 
  322.000  1.395349e-01 
  323.000  1.563871e-01 
  324.000  1.736207e-01 
  325.000  1.607496e-01 
  326.000  1.819694e-01 
  327.000  1.879765e-01 
  328.000  1.750485e-01 
  329.000  2.000118e-01 
  330.000  2.040241e-01 
  331.000  1.960994e-01 
  332.000  2.114525e-01 
  333.000  2.159692e-01 
  334.000  2.122594e-01 
  335.000  2.236595e-01 
  336.000  2.283078e-01 
  337.000  2.263467e-01 
  338.000  2.318073e-01 
  339.000  2.374680e-01 
  340.000  2.365361e-01 
  341.000  2.420527e-01 
  342.000  2.461018e-01 
  343.000  2.481402e-01 
  344.000  2.485571e-01 
  345.000  2.540744e-01 
  346.000  2.575693e-01 
  347.000  2.604250e-01 
  348.000  2.631048e-01 
  349.000  2.661207e-01 
  350.000  2.687033e-01 
  351.000  2.712796e-01 
  352.000  2.733963e-01 
  353.000  2.764109e-01 
  354.000  2.789816e-01 
  355.000  2.813773e-01 
  356.000  2.837149e-01 
  357.000  2.857979e-01 
  358.000  2.880420e-01 
  359.000  2.902867e-01 
  360.000  2.925883e-01 
  361.000  2.955001e-01 
  362.000  2.985369e-01 
  363.000  3.013380e-01 
  364.000  3.039194e-01 
  365.000  3.063439e-01 
  366.000  3.088260e-01 
  367.000  3.111920e-01 
  368.000  3.135393e-01 
  369.000  3.158689e-01 
  370.000  3.181770e-01 
  371.000  3.204695e-01 
  372.000  3.227455e-01 
  373.000  3.250045e-01 
  374.000  3.272294e-01 
  375.000  3.294135e-01 
  376.000  3.315254e-01 
  377.000  3.335232e-01 
  378.000  3.353805e-01 
  379.000  3.372690e-01 
  380.000  3.393478e-01 
  381.000  3.417164e-01 
  382.000  3.441734e-01 
  383.000  3.464990e-01 
  384.000  3.487071e-01 
  385.000  3.508364e-01 
  386.000  3.529127e-01 
  387.000  3.549570e-01 
  388.000  3.569767e-01 
  389.000  3.589811e-01 
  390.000  3.609708e-01 
  391.000  3.629415e-01 
  392.000  3.648987e-01 
  393.000  3.668411e-01 
  394.000  3.687666e-01 
  395.000  3.706736e-01 
  396.000  3.725694e-01 
  397.000  3.744442e-01 
  398.000  3.763029e-01 
  399.000  3.781469e-01 
  400.000  3.799663e-01 
  401.000  3.817797e-01 
  402.000  3.835795e-01 
  403.000  3.853648e-01 
  404.000  3.871351e-01 
  405.000  3.888869e-01 
  406.000  3.906279e-01 
  407.000  3.923561e-01 
  408.000  3.940700e-01 
  409.000  3.957679e-01 
  410.000  3.974504e-01 
  411.000  3.991170e-01 
  412.000  4.007665e-01 
  413.000  4.024073e-01 
  414.000  4.039309e-01 
  415.000  4.055799e-01 
  416.000  4.072087e-01 
  417.000  4.088110e-01 
  418.000  4.103772e-01 
  419.000  4.119267e-01 
  420.000  4.134628e-01 
  421.000  4.149904e-01 
  422.000  4.165090e-01 
  423.000  4.180170e-01 
  424.000  4.195078e-01 
  425.000  4.209649e-01 
  426.000  4.224084e-01 
  427.000  4.238397e-01 
  428.000  4.252460e-01 
  429.000  4.266332e-01 
  430.000  4.280047e-01 
  431.000  4.293665e-01 
  432.000  4.307145e-01 
  433.000  4.320501e-01 
  434.000  4.333749e-01 
  435.000  4.346873e-01 
  436.000  4.359853e-01 
  437.000  4.372696e-01 
  438.000  4.385397e-01 
  439.000  4.398005e-01 
  440.000  4.410412e-01 
  441.000  4.422666e-01 
  442.000  4.434730e-01 
  443.000  4.446615e-01 
  444.000  4.458317e-01 
  445.000  4.469770e-01 
  446.000  4.480907e-01 
  447.000  4.492591e-01 
  448.000  4.505123e-01 
  449.000  4.517810e-01 
  450.000  4.530257e-01 
  451.000  4.542222e-01 
  452.000  4.553770e-01 
  453.000  4.565085e-01 
  454.000  4.576198e-01 
  455.000  4.586669e-01 
  456.000  4.596297e-01 
  457.000  4.605930e-01 
  458.000  4.615435e-01 
  459.000  4.624740e-01 
  460.000  4.633973e-01 
  461.000  4.643111e-01 
  462.000  4.652076e-01 
  463.000  4.661004e-01 
  464.000  4.672630e-01 
  465.000  4.684085e-01 
  466.000  4.695340e-01 
  467.000  4.706338e-01 
  468.000  4.715298e-01 
  469.000  4.723016e-01 
  470.000  4.730115e-01 
  471.000  4.736507e-01 
  472.000  4.741935e-01 
  473.000  4.745739e-01 
  474.000  4.748864e-01 
  475.000  4.749666e-01 
  476.000  4.748120e-01 
  477.000  4.748088e-01 
  478.000  4.757129e-01 
  479.000  4.770896e-01 
  480.000  4.785759e-01 
  481.000  4.799096e-01 
  482.000  4.811609e-01 
  483.000  4.822490e-01 
  484.000  4.831843e-01 
  485.000  4.840209e-01 
  486.000  4.849133e-01 
  487.000  4.858529e-01 
  488.000  4.867624e-01 
  489.000  4.876554e-01 
  490.000  4.885380e-01 
  491.000  4.892293e-01 
  492.000  4.898612e-01 
  493.000  4.904901e-01 
  494.000  4.911013e-01 
  495.000  4.917125e-01 
  496.000  4.920275e-01 
  497.000  4.923306e-01 
  498.000  4.926292e-01 
  499.000  4.929117e-01 
  500.000  4.931898e-01 
  501.000  4.934370e-01 
  502.000  4.936843e-01 
  503.000  4.939284e-01 
  504.000  4.941614e-01 
  505.000  4.943816e-01 
  506.000  4.950267e-01 
  507.000  4.956906e-01 
  508.000  4.963536e-01 
  509.000  4.970089e-01 
  510.000  4.976505e-01 
  511.000  4.982257e-01 
  512.000  4.987812e-01 
  513.000  4.993336e-01 
  514.000  4.998792e-01 
  515.000  5.004200e-01 
  516.000  5.008063e-01 
  517.000  5.010540e-01 
  518.000  5.012950e-01 
  519.000  5.015313e-01 
  520.000  5.017654e-01 
  521.000  5.019751e-01 
  522.000  5.021263e-01 
  523.000  5.022354e-01 
  524.000  5.023481e-01 
  525.000  5.024369e-01 
  526.000  5.025615e-01 
  527.000  5.025816e-01 
  528.000  5.025593e-01 
  529.000  5.025358e-01 
  530.000  5.025175e-01 
  531.000  5.025025e-01 
  532.000  5.025362e-01 
  533.000  5.028400e-01 
  534.000  5.032238e-01 
  535.000  5.036570e-01 
  536.000  5.040758e-01 
  537.000  5.044589e-01 
  538.000  5.048015e-01 
  539.000  5.051190e-01 
  540.000  5.054168e-01 
  541.000  5.057059e-01 
  542.000  5.059824e-01 
  543.000  5.062491e-01 
  544.000  5.064508e-01 
  545.000  5.065994e-01 
  546.000  5.067412e-01 
  547.000  5.068870e-01 
  548.000  5.070254e-01 
  549.000  5.071617e-01 
  550.000  5.072278e-01 
  551.000  5.072243e-01 
  552.000  5.072235e-01 
  553.000  5.072083e-01 
  554.000  5.071866e-01 
  555.000  5.071610e-01 
  556.000  5.071090e-01 
  557.000  5.070114e-01 
  558.000  5.069060e-01 
  559.000  5.067883e-01 
  560.000  5.066410e-01 
  561.000  5.064666e-01 
  562.000  5.061643e-01 
  563.000  5.059543e-01 
  564.000  5.056863e-01 
  565.000  5.052985e-01 
  566.000  5.049807e-01 
  567.000  5.042250e-01 
  568.000  5.023330e-01 
  569.000  4.987599e-01 
  570.000  4.990271e-01 
  571.000  5.010799e-01 
  572.000  4.985228e-01 
  573.000  4.987354e-01 
  574.000  4.986785e-01 
  575.000  4.983923e-01 
  576.000  4.985582e-01 
  577.000  4.995356e-01 
  578.000  5.009141e-01 
  579.000  5.023063e-01 
  580.000  5.038970e-01 
  581.000  5.060213e-01 
  582.000  5.075673e-01 
  583.000  5.086511e-01 
  584.000  5.096477e-01 
  585.000  5.104871e-01 
  586.000  5.112315e-01 
  587.000  5.107383e-01 
  588.000  5.065115e-01 
  589.000  4.992924e-01 
  590.000  4.991001e-01 
  591.000  5.045347e-01 
  592.000  5.020338e-01 
  593.000  5.081556e-01 
  594.000  5.070828e-01 
  595.000  5.031519e-01 
  596.000  5.088380e-01 
  597.000  5.072561e-01 
  598.000  5.093685e-01 
  599.000  5.100544e-01 
  600.000  5.118001e-01 
  601.000  5.129927e-01 
  602.000  5.131724e-01 
  603.000  5.138659e-01 
  604.000  5.149096e-01 
  605.000  5.156960e-01 
  606.000  5.163130e-01 
  607.000  5.169106e-01 
  608.000  5.174982e-01 
  609.000  5.180615e-01 
  610.000  5.186470e-01 
  611.000  5.192977e-01 
  612.000  5.199350e-01 
  613.000  5.205526e-01 
  614.000  5.211521e-01 
  615.000  5.217501e-01 
  616.000  5.223262e-01 
  617.000  5.228705e-01 
  618.000  5.233268e-01 
  619.000  5.237129e-01 
  620.000  5.240704e-01 
  621.000  5.243775e-01 
  622.000  5.246343e-01 
  623.000  5.248061e-01 
  624.000  5.249891e-01 
  625.000  5.251424e-01 
  626.000  5.250233e-01 
  627.000  5.227997e-01 
  628.000  5.042850e-01 
  629.000  5.161154e-01 
  630.000  5.179384e-01 
  631.000  5.215586e-01 
  632.000  5.223323e-01 
  633.000  5.260541e-01 
  634.000  5.282785e-01 
  635.000  5.295835e-01 
  636.000  5.311384e-01 
  637.000  5.324795e-01 
  638.000  5.344605e-01 
  639.000  5.354840e-01 
  640.000  5.369699e-01 
  641.000  5.379179e-01 
  642.000  5.390334e-01 
  643.000  5.390230e-01 
  644.000  5.396986e-01 
  645.000  5.393501e-01 
  646.000  5.357620e-01 
  647.000  5.333424e-01 
  648.000  5.305459e-01 
  649.000  5.339772e-01 
  650.000  5.400629e-01 
  651.000  5.405118e-01 
  652.000  5.360034e-01 
  653.000  5.421507e-01 
  654.000  5.419692e-01 
  655.000  5.403377e-01 
  656.000  5.415075e-01 
  657.000  5.430520e-01 
  658.000  5.454305e-01 
  659.000  5.468822e-01 
  660.000  5.478343e-01 
  661.000  5.497131e-01 
  662.000  5.507787e-01 
  663.000  5.510972e-01 
  664.000  5.517698e-01 
  665.000  5.524327e-01 
  666.000  5.531787e-01 
  667.000  5.538408e-01 
  668.000  5.545720e-01 
  669.000  5.551538e-01 
  670.000  5.556921e-01 
  671.000  5.562472e-01 
  672.000  5.567645e-01 
  673.000  5.572752e-01 
  674.000  5.577824e-01 
  675.000  5.582894e-01 
  676.000  5.587690e-01 
  677.000  5.592092e-01 
  678.000  5.596496e-01 
  679.000  5.600387e-01 
  680.000  5.602074e-01 
  681.000  5.602928e-01 
  682.000  5.606014e-01 
  683.000  5.608492e-01 
  684.000  5.607839e-01 
  685.000  5.614954e-01 
  686.000  5.591549e-01 
  687.000  4.746692e-01 
  688.000  5.008126e-01 
  689.000  4.935918e-01 
  690.000  5.072471e-01 
  691.000  5.260362e-01 
  692.000  5.386707e-01 
  693.000  5.393457e-01 
  694.000  5.371357e-01 
  695.000  5.431712e-01 
  696.000  5.465760e-01 
  697.000  5.589451e-01 
  698.000  5.567001e-01 
  699.000  5.460762e-01 
  700.000  5.480375e-01 
  701.000  5.457693e-01 
  702.000  5.476950e-01 
  703.000  5.568923e-01 
  704.000  5.574282e-01 
  705.000  5.538276e-01 
  706.000  5.546784e-01 
  707.000  5.561364e-01 
  708.000  5.577006e-01 
  709.000  5.607719e-01 
  710.000  5.577555e-01 
  711.000  5.610844e-01 
  712.000  5.639341e-01 
  713.000  5.618722e-01 
  714.000  5.612656e-01 
  715.000  5.578524e-01 
  716.000  5.543268e-01 
  717.000  5.307858e-01 
  718.000  5.162236e-01 
  719.000  5.110473e-01 
  720.000  5.030173e-01 
  721.000  5.383331e-01 
  722.000  5.508007e-01 
  723.000  5.439433e-01 
  724.000  5.240939e-01 
  725.000  5.271902e-01 
  726.000  5.263143e-01 
  727.000  5.292220e-01 
  728.000  5.261819e-01 
  729.000  5.339198e-01 
  730.000  5.326295e-01 
  731.000  5.310569e-01 
  732.000  5.440302e-01 
  733.000  5.563529e-01 
  734.000  5.622834e-01 
  735.000  5.602713e-01 
  736.000  5.564517e-01 
  737.000  5.594259e-01 
  738.000  5.634882e-01 
  739.000  5.652619e-01 
  740.000  5.691288e-01 
  741.000  5.713813e-01 
  742.000  5.723568e-01 
  743.000  5.743076e-01 
  744.000  5.752738e-01 
  745.000  5.760348e-01 
  746.000  5.766524e-01 
  747.000  5.768358e-01 
  748.000  5.775038e-01 
  749.000  5.778691e-01 
  750.000  5.777777e-01 
  751.000  5.779622e-01 
  752.000  5.785538e-01 
  753.000  5.788403e-01 
  754.000  5.790816e-01 
  755.000  5.792643e-01 
  756.000  5.794520e-01 
  757.000  5.795838e-01 
  758.000  5.784262e-01 
  759.000  5.327968e-01 
  760.000  2.139913e-01 
  761.000  1.864623e-01 
  762.000  3.630397e-01 
  763.000  3.062299e-01 
  764.000  3.341845e-01 
  765.000  3.989896e-01 
  766.000  4.794281e-01 
  767.000  5.208682e-01 
  768.000  5.482634e-01 
  769.000  5.664710e-01 
  770.000  5.763194e-01 
  771.000  5.809342e-01 
  772.000  5.820996e-01 
  773.000  5.826266e-01 
  774.000  5.833262e-01 
  775.000  5.837429e-01 
  776.000  5.840356e-01 
  777.000  5.841508e-01 
  778.000  5.841864e-01 
  779.000  5.842065e-01 
  780.000  5.842216e-01 
  781.000  5.844867e-01 
  782.000  5.844945e-01 
  783.000  5.845098e-01 
  784.000  5.843621e-01 
  785.000  5.834997e-01 
  786.000  5.822259e-01 
  787.000  5.794863e-01 
  788.000  5.779898e-01 
  789.000  5.725222e-01 
  790.000  5.720899e-01 
  791.000  5.731711e-01 
  792.000  5.741696e-01 
  793.000  5.764472e-01 
  794.000  5.812336e-01 
  795.000  5.783691e-01 
  796.000  5.706581e-01 
  797.000  5.729127e-01 
  798.000  5.778414e-01 
  799.000  5.767601e-01 
  800.000  5.732328e-01 
  801.000  5.736927e-01 
  802.000  5.733667e-01 
  803.000  5.739215e-01 
  804.000  5.756278e-01 
  805.000  5.788665e-01 
  806.000  5.808095e-01 
  807.000  5.809275e-01 
  808.000  5.798788e-01 
  809.000  5.785829e-01 
  810.000  5.771623e-01 
  811.000  5.742053e-01 
  812.000  5.702134e-01 
  813.000  5.653059e-01 
  814.000  5.588050e-01 
  815.000  5.506967e-01 
  816.000  5.401912e-01 
  817.000  5.408320e-01 
  818.000  5.417254e-01 
  819.000  5.452136e-01 
  820.000  5.568154e-01 
  821.000  5.700081e-01 
  822.000  5.600292e-01 
  823.000  5.319015e-01 
  824.000  5.556701e-01 
  825.000  5.708352e-01 
  826.000  5.682573e-01 
  827.000  5.663744e-01 
  828.000  5.564234e-01 
  829.000  5.600517e-01 
  830.000  5.640995e-01 
  831.000  5.650622e-01 
  832.000  5.654813e-01 
  833.000  5.678158e-01 
  834.000  5.705552e-01 
  835.000  5.759661e-01 
  836.000  5.742507e-01 
  837.000  5.740839e-01 
  838.000  5.767339e-01 
  839.000  5.783476e-01 
  840.000  5.789508e-01 
  841.000  5.772477e-01 
  842.000  5.788223e-01 
  843.000  5.825252e-01 
  844.000  5.842138e-01 
  845.000  5.850146e-01 
  846.000  5.857329e-01 
  847.000  5.866328e-01 
  848.000  5.853216e-01 
  849.000  5.855387e-01 
  850.000  5.848310e-01 
  851.000  5.839813e-01 
  852.000  5.840940e-01 
  853.000  5.855653e-01 
  854.000  5.855104e-01 
  855.000  5.861346e-01 
  856.000  5.876740e-01 
  857.000  5.883189e-01 
  858.000  5.886430e-01 
  859.000  5.894014e-01 
  860.000  5.898545e-01 
  861.000  5.899428e-01 
  862.000  5.901942e-01 
  863.000  5.902478e-01 
  864.000  5.904278e-01 
  865.000  5.905792e-01 
  866.000  5.906367e-01 
  867.000  5.906356e-01 
  868.000  5.906788e-01 
  869.000  5.907447e-01 
  870.000  5.907352e-01 
  871.000  5.907986e-01 
  872.000  5.909212e-01 
  873.000  5.908430e-01 
  874.000  5.908107e-01 
  875.000  5.908200e-01 
  876.000  5.906669e-01 
  877.000  5.905998e-01 
  878.000  5.900905e-01 
  879.000  5.901369e-01 
  880.000  5.896989e-01 
  881.000  5.895365e-01 
  882.000  5.893215e-01 
  883.000  5.895777e-01 
  884.000  5.896934e-01 
  885.000  5.888878e-01 
  886.000  5.877654e-01 
  887.000  5.886539e-01 
  888.000  5.886205e-01 
  889.000  5.889397e-01 
  890.000  5.882482e-01 
  891.000  5.869003e-01 
  892.000  5.841662e-01 
  893.000  5.752395e-01 
  894.000  5.708092e-01 
  895.000  5.571198e-01 
  896.000  5.448207e-01 
  897.000  5.318072e-01 
  898.000  5.257095e-01 
  899.000  5.082545e-01 
  900.000  5.108321e-01 
  901.000  5.062727e-01 
  902.000  5.070857e-01 
  903.000  5.364197e-01 
  904.000  5.541469e-01 
  905.000  5.534932e-01 
  906.000  5.424361e-01 
  907.000  5.227571e-01 
  908.000  5.097114e-01 
  909.000  5.103023e-01 
  910.000  5.122973e-01 
  911.000  5.209955e-01 
  912.000  5.168043e-01 
  913.000  4.984708e-01 
  914.000  5.075645e-01 
  915.000  5.146912e-01 
  916.000  5.166135e-01 
  917.000  5.204608e-01 
  918.000  5.254298e-01 
  919.000  5.422807e-01 
  920.000  5.549167e-01 
  921.000  5.521291e-01 
  922.000  5.518993e-01 
  923.000  5.483857e-01 
  924.000  5.399066e-01 
  925.000  5.392564e-01 
  926.000  5.391750e-01 
  927.000  5.293314e-01 
  928.000  5.140978e-01 
  929.000  4.919133e-01 
  930.000  4.633547e-01 
  931.000  4.309393e-01 
  932.000  3.880360e-01 
  933.000  3.550121e-01 
  934.000  3.201985e-01 
  935.000  3.165474e-01 
  936.000  3.306147e-01 
  937.000  3.269541e-01 
  938.000  3.653555e-01 
  939.000  4.615950e-01 
  940.000  4.754303e-01 
  941.000  4.633479e-01 
  942.000  4.335481e-01 
  943.000  3.829149e-01 
  944.000  3.793967e-01 
  945.000  3.979131e-01 
  946.000  3.988617e-01 
  947.000  4.149879e-01 
  948.000  4.243939e-01 
  949.000  4.230675e-01 
  950.000  4.254461e-01 
  951.000  4.463797e-01 
  952.000  4.238228e-01 
  953.000  4.394830e-01 
  954.000  4.561114e-01 
  955.000  4.424320e-01 
  956.000  4.391834e-01 
  957.000  4.811200e-01 
  958.000  4.863799e-01 
  959.000  4.793840e-01 
  960.000  4.773049e-01 
  961.000  4.737790e-01 
  962.000  4.768938e-01 
  963.000  4.995597e-01 
  964.000  5.027580e-01 
  965.000  5.005563e-01 
  966.000  5.017297e-01 
  967.000  5.176989e-01 
  968.000  5.440810e-01 
  969.000  5.558669e-01 
  970.000  5.564848e-01 
  971.000  5.562067e-01 
  972.000  5.528740e-01 
  973.000  5.451325e-01 
  974.000  5.356459e-01 
  975.000  5.295243e-01 
  976.000  5.370201e-01 
  977.000  5.493299e-01 
  978.000  5.483179e-01 
  979.000  5.514745e-01 
  980.000  5.639226e-01 
  981.000  5.666619e-01 
  982.000  5.638828e-01 
  983.000  5.702363e-01 
  984.000  5.767605e-01 
  985.000  5.804573e-01 
  986.000  5.852188e-01 
  987.000  5.872764e-01 
  988.000  5.877476e-01 
  989.000  5.880511e-01 
  990.000  5.885576e-01 
  991.000  5.903301e-01 
  992.000  5.906667e-01 
  993.000  5.908675e-01 
  994.000  5.924656e-01 
  995.000  5.935678e-01 
  996.000  5.935660e-01 
  997.000  5.929019e-01 
  998.000  5.921294e-01 
  999.000  5.918328e-01 
 1000.000  5.920939e-01 
 1001.000  5.905418e-01 
 1002.000  5.878423e-01 
 1003.000  5.884959e-01 
 1004.000  5.900643e-01 
 1005.000  5.907857e-01 
 1006.000  5.908276e-01 
 1007.000  5.904971e-01 
 1008.000  5.882942e-01 
 1009.000  5.853389e-01 
 1010.000  5.866606e-01 
 1011.000  5.897993e-01 
 1012.000  5.909949e-01 
 1013.000  5.917814e-01 
 1014.000  5.921856e-01 
 1015.000  5.922567e-01 
 1016.000  5.926272e-01 
 1017.000  5.928873e-01 
 1018.000  5.923922e-01 
 1019.000  5.912630e-01 
 1020.000  5.916545e-01 
 1021.000  5.923961e-01 
 1022.000  5.910879e-01 
 1023.000  5.901397e-01 
 1024.000  5.894640e-01 
 1025.000  5.913203e-01 
 1026.000  5.921555e-01 
 1027.000  5.918181e-01 
 1028.000  5.921156e-01 
 1029.000  5.929646e-01 
 1030.000  5.937514e-01 
 1031.000  5.941359e-01 
 1032.000  5.944248e-01 
 1033.000  5.944552e-01 
 1034.000  5.946649e-01 
 1035.000  5.947204e-01 
 1036.000  5.945509e-01 
 1037.000  5.944815e-01 
 1038.000  5.945381e-01 
 1039.000  5.943794e-01 
 1040.000  5.942186e-01 
 1041.000  5.940889e-01 
 1042.000  5.940356e-01 
 1043.000  5.939956e-01 
 1044.000  5.938581e-01 
 1045.000  5.935354e-01 
 1046.000  5.933009e-01 
 1047.000  5.930055e-01 
 1048.000  5.925353e-01 
 1049.000  5.920076e-01 
 1050.000  5.916481e-01 
 1051.000  5.912218e-01 
 1052.000  5.908553e-01 
 1053.000  5.906863e-01 
 1054.000  5.902207e-01 
 1055.000  5.897127e-01 
 1056.000  5.892162e-01 
 1057.000  5.882620e-01 
 1058.000  5.867286e-01 
 1059.000  5.866283e-01 
 1060.000  5.870855e-01 
 1061.000  5.867881e-01 
 1062.000  5.857894e-01 
 1063.000  5.852059e-01 
 1064.000  5.842605e-01 
 1065.000  5.834008e-01 
 1066.000  5.834481e-01 
 1067.000  5.828968e-01 
 1068.000  5.815102e-01 
 1069.000  5.811882e-01 
 1070.000  5.818188e-01 
 1071.000  5.810689e-01 
 1072.000  5.801920e-01 
 1073.000  5.802262e-01 
 1074.000  5.806332e-01 
 1075.000  5.825171e-01 
 1076.000  5.816999e-01 
 1077.000  5.805117e-01 
 1078.000  5.790654e-01 
 1079.000  5.790365e-01 
 1080.000  5.748006e-01 
 1081.000  5.746908e-01 
 1082.000  5.767489e-01 
 1083.000  5.745650e-01 
 1084.000  5.721316e-01 
 1085.000  5.661376e-01 
 1086.000  5.676740e-01 
 1087.000  5.744773e-01 
 1088.000  5.748234e-01 
 1089.000  5.667562e-01 
 1090.000  5.653107e-01 
 1091.000  5.669520e-01 
 1092.000  5.629991e-01 
 1093.000  5.539714e-01 
 1094.000  5.500516e-01 
 1095.000  5.507572e-01 
 1096.000  5.514172e-01 
 1097.000  5.496914e-01 
 1098.000  5.274169e-01 
 1099.000  5.082587e-01 
 1100.000  5.096193e-01 
 1101.000  5.123394e-01 
 1102.000  5.111454e-01 
 1103.000  5.129791e-01 
 1104.000  5.098207e-01 
 1105.000  5.017799e-01 
 1106.000  4.935634e-01 
 1107.000  4.957322e-01 
 1108.000  4.973941e-01 
 1109.000  5.046253e-01 
 1110.000  5.040279e-01 
 1111.000  5.002791e-01 
 1112.000  4.831363e-01 
 1113.000  4.596129e-01 
 1114.000  4.536323e-01 
 1115.000  4.243637e-01 
 1116.000  4.059607e-01 
 1117.000  3.621498e-01 
 1118.000  3.215503e-01 
 1119.000  2.999904e-01 
 1120.000  2.724767e-01 
 1121.000  2.664053e-01 
 1122.000  2.368541e-01 
 1123.000  2.533918e-01 
 1124.000  2.644177e-01 
 1125.000  2.587408e-01 
 1126.000  2.564004e-01 
 1127.000  2.587556e-01 
 1128.000  2.633331e-01 
 1129.000  2.919559e-01 
 1130.000  3.575952e-01 
 1131.000  3.761936e-01 
 1132.000  3.508531e-01 
 1133.000  3.033401e-01 
 1134.000  2.145209e-01 
 1135.000  2.213466e-01 
 1136.000  3.099165e-01 
 1137.000  3.565459e-01 
 1138.000  4.003579e-01 
 1139.000  4.129218e-01 
 1140.000  4.046549e-01 
 1141.000  3.874995e-01 
 1142.000  3.815628e-01 
 1143.000  3.627904e-01 
 1144.000  3.413312e-01 
 1145.000  3.099509e-01 
 1146.000  3.173829e-01 
 1147.000  3.418291e-01 
 1148.000  3.632823e-01 
 1149.000  3.717543e-01 
 1150.000  3.718471e-01 
