  320.000  3.170605e-01 
  321.000  3.727212e-01 
  322.000  3.511384e-01 
  323.000  3.784367e-01 
  324.000  4.053259e-01 
  325.000  3.853357e-01 
  326.000  4.180205e-01 
  327.000  4.270310e-01 
  328.000  4.075116e-01 
  329.000  4.447919e-01 
  330.000  4.506307e-01 
  331.000  4.390596e-01 
  332.000  4.613379e-01 
  333.000  4.677850e-01 
  334.000  4.624932e-01 
  335.000  4.786567e-01 
  336.000  4.851656e-01 
  337.000  4.824251e-01 
  338.000  4.900360e-01 
  339.000  4.978610e-01 
  340.000  4.965771e-01 
  341.000  5.041517e-01 
  342.000  5.096736e-01 
  343.000  5.124416e-01 
  344.000  5.130067e-01 
  345.000  5.204557e-01 
  346.000  5.251455e-01 
  347.000  5.289614e-01 
  348.000  5.325293e-01 
  349.000  5.365296e-01 
  350.000  5.399428e-01 
  351.000  5.433366e-01 
  352.000  5.461166e-01 
  353.000  5.500632e-01 
  354.000  5.534169e-01 
  355.000  5.565329e-01 
  356.000  5.595645e-01 
  357.000  5.622588e-01 
  358.000  5.651538e-01 
  359.000  5.680418e-01 
  360.000  5.709952e-01 
  361.000  5.747201e-01 
  362.000  5.785915e-01 
  363.000  5.821505e-01 
  364.000  5.854203e-01 
  365.000  5.884826e-01 
  366.000  5.916091e-01 
  367.000  5.945814e-01 
  368.000  5.975225e-01 
  369.000  6.004339e-01 
  370.000  6.033112e-01 
  371.000  6.061620e-01 
  372.000  6.089854e-01 
  373.000  6.117809e-01 
  374.000  6.145277e-01 
  375.000  6.172179e-01 
  376.000  6.198133e-01 
  377.000  6.222634e-01 
  378.000  6.245365e-01 
  379.000  6.268435e-01 
  380.000  6.293778e-01 
  381.000  6.322589e-01 
  382.000  6.352403e-01 
  383.000  6.380554e-01 
  384.000  6.407224e-01 
  385.000  6.432887e-01 
  386.000  6.457860e-01 
  387.000  6.482399e-01 
  388.000  6.506595e-01 
  389.000  6.530561e-01 
  390.000  6.554306e-01 
  391.000  6.577780e-01 
  392.000  6.601050e-01 
  393.000  6.624101e-01 
  394.000  6.646911e-01 
  395.000  6.669462e-01 
  396.000  6.691840e-01 
  397.000  6.713933e-01 
  398.000  6.735798e-01 
  399.000  6.757452e-01 
  400.000  6.778783e-01 
  401.000  6.800010e-01 
  402.000  6.821042e-01 
  403.000  6.841871e-01 
  404.000  6.862493e-01 
  405.000  6.882867e-01 
  406.000  6.903085e-01 
  407.000  6.923123e-01 
  408.000  6.942966e-01 
  409.000  6.962594e-01 
  410.000  6.982016e-01 
  411.000  7.001227e-01 
  412.000  7.020213e-01 
  413.000  7.039072e-01 
  414.000  7.056561e-01 
  415.000  7.075463e-01 
  416.000  7.094108e-01 
  417.000  7.112426e-01 
  418.000  7.130306e-01 
  419.000  7.147972e-01 
  420.000  7.165464e-01 
  421.000  7.182835e-01 
  422.000  7.200085e-01 
  423.000  7.217191e-01 
  424.000  7.234082e-01 
  425.000  7.250571e-01 
  426.000  7.266886e-01 
  427.000  7.283045e-01 
  428.000  7.298904e-01 
  429.000  7.314529e-01 
  430.000  7.329961e-01 
  431.000  7.345266e-01 
  432.000  7.360399e-01 
  433.000  7.375379e-01 
  434.000  7.390221e-01 
  435.000  7.404908e-01 
  436.000  7.419419e-01 
  437.000  7.433764e-01 
  438.000  7.447935e-01 
  439.000  7.461987e-01 
  440.000  7.475803e-01 
  441.000  7.489436e-01 
  442.000  7.502844e-01 
  443.000  7.516041e-01 
  444.000  7.529023e-01 
  445.000  7.541717e-01 
  446.000  7.554051e-01 
  447.000  7.566980e-01 
  448.000  7.580832e-01 
  449.000  7.594844e-01 
  450.000  7.608577e-01 
  451.000  7.621765e-01 
  452.000  7.634484e-01 
  453.000  7.646934e-01 
  454.000  7.659153e-01 
  455.000  7.670656e-01 
  456.000  7.681225e-01 
  457.000  7.691791e-01 
  458.000  7.702211e-01 
  459.000  7.712404e-01 
  460.000  7.722511e-01 
  461.000  7.732506e-01 
  462.000  7.742307e-01 
  463.000  7.752060e-01 
  464.000  7.764751e-01 
  465.000  7.777245e-01 
  466.000  7.789511e-01 
  467.000  7.801486e-01 
  468.000  7.811236e-01 
  469.000  7.819629e-01 
  470.000  7.827344e-01 
  471.000  7.834287e-01 
  472.000  7.840182e-01 
  473.000  7.844312e-01 
  474.000  7.847703e-01 
  475.000  7.848573e-01 
  476.000  7.846895e-01 
  477.000  7.846860e-01 
  478.000  7.856668e-01 
  479.000  7.871590e-01 
  480.000  7.887684e-01 
  481.000  7.902111e-01 
  482.000  7.915634e-01 
  483.000  7.927383e-01 
  484.000  7.937475e-01 
  485.000  7.946497e-01 
  486.000  7.956114e-01 
  487.000  7.966233e-01 
  488.000  7.976023e-01 
  489.000  7.985628e-01 
  490.000  7.995115e-01 
  491.000  8.002541e-01 
  492.000  8.009327e-01 
  493.000  8.016077e-01 
  494.000  8.022635e-01 
  495.000  8.029190e-01 
  496.000  8.032567e-01 
  497.000  8.035815e-01 
  498.000  8.039015e-01 
  499.000  8.042042e-01 
  500.000  8.045021e-01 
  501.000  8.047669e-01 
  502.000  8.050317e-01 
  503.000  8.052931e-01 
  504.000  8.055425e-01 
  505.000  8.057781e-01 
  506.000  8.064684e-01 
  507.000  8.071784e-01 
  508.000  8.078871e-01 
  509.000  8.085874e-01 
  510.000  8.092726e-01 
  511.000  8.098867e-01 
  512.000  8.104795e-01 
  513.000  8.110688e-01 
  514.000  8.116505e-01 
  515.000  8.122270e-01 
  516.000  8.126388e-01 
  517.000  8.129027e-01 
  518.000  8.131593e-01 
  519.000  8.134110e-01 
  520.000  8.136603e-01 
  521.000  8.138835e-01 
  522.000  8.140445e-01 
  523.000  8.141606e-01 
  524.000  8.142806e-01 
  525.000  8.143751e-01 
  526.000  8.145077e-01 
  527.000  8.145291e-01 
  528.000  8.145053e-01 
  529.000  8.144803e-01 
  530.000  8.144609e-01 
  531.000  8.144449e-01 
  532.000  8.144807e-01 
  533.000  8.148041e-01 
  534.000  8.152124e-01 
  535.000  8.156731e-01 
  536.000  8.161184e-01 
  537.000  8.165256e-01 
  538.000  8.168897e-01 
  539.000  8.172270e-01 
  540.000  8.175433e-01 
  541.000  8.178504e-01 
  542.000  8.181440e-01 
  543.000  8.184271e-01 
  544.000  8.186412e-01 
  545.000  8.187990e-01 
  546.000  8.189495e-01 
  547.000  8.191041e-01 
  548.000  8.192510e-01 
  549.000  8.193955e-01 
  550.000  8.194657e-01 
  551.000  8.194620e-01 
  552.000  8.194612e-01 
  553.000  8.194451e-01 
  554.000  8.194220e-01 
  555.000  8.193948e-01 
  556.000  8.193397e-01 
  557.000  8.192362e-01 
  558.000  8.191242e-01 
  559.000  8.189993e-01 
  560.000  8.188428e-01 
  561.000  8.186572e-01 
  562.000  8.182632e-01 
  563.000  8.180342e-01 
  564.000  8.177313e-01 
  565.000  8.172674e-01 
  566.000  8.169633e-01 
  567.000  8.159277e-01 
  568.000  8.126680e-01 
  569.000  8.057393e-01 
  570.000  8.067138e-01 
  571.000  8.115095e-01 
  572.000  8.067045e-01 
  573.000  8.078577e-01 
  574.000  8.081086e-01 
  575.000  8.077694e-01 
  576.000  8.079603e-01 
  577.000  8.096375e-01 
  578.000  8.118674e-01 
  579.000  8.137400e-01 
  580.000  8.154061e-01 
  581.000  8.178305e-01 
  582.000  8.194590e-01 
  583.000  8.204395e-01 
  584.000  8.213231e-01 
  585.000  8.219991e-01 
  586.000  8.226612e-01 
  587.000  8.208975e-01 
  588.000  8.115864e-01 
  589.000  7.968025e-01 
  590.000  7.960575e-01 
  591.000  8.064794e-01 
  592.000  8.012127e-01 
  593.000  8.130531e-01 
  594.000  8.106447e-01 
  595.000  8.025972e-01 
  596.000  8.140407e-01 
  597.000  8.112191e-01 
  598.000  8.157291e-01 
  599.000  8.174134e-01 
  600.000  8.214603e-01 
  601.000  8.241042e-01 
  602.000  8.247980e-01 
  603.000  8.260148e-01 
  604.000  8.273930e-01 
  605.000  8.283495e-01 
  606.000  8.290338e-01 
  607.000  8.296943e-01 
  608.000  8.303191e-01 
  609.000  8.309161e-01 
  610.000  8.315330e-01 
  611.000  8.322179e-01 
  612.000  8.328885e-01 
  613.000  8.335380e-01 
  614.000  8.341683e-01 
  615.000  8.347966e-01 
  616.000  8.354018e-01 
  617.000  8.359733e-01 
  618.000  8.364523e-01 
  619.000  8.368574e-01 
  620.000  8.372325e-01 
  621.000  8.375546e-01 
  622.000  8.378239e-01 
  623.000  8.380039e-01 
  624.000  8.381954e-01 
  625.000  8.383549e-01 
  626.000  8.380415e-01 
  627.000  8.340877e-01 
  628.000  8.107241e-01 
  629.000  8.247617e-01 
  630.000  8.281714e-01 
  631.000  8.326238e-01 
  632.000  8.318375e-01 
  633.000  8.376318e-01 
  634.000  8.403707e-01 
  635.000  8.414806e-01 
  636.000  8.432405e-01 
  637.000  8.446560e-01 
  638.000  8.474504e-01 
  639.000  8.484190e-01 
  640.000  8.502476e-01 
  641.000  8.510799e-01 
  642.000  8.524396e-01 
  643.000  8.517144e-01 
  644.000  8.523387e-01 
  645.000  8.509384e-01 
  646.000  8.430906e-01 
  647.000  8.377599e-01 
  648.000  8.317350e-01 
  649.000  8.378230e-01 
  650.000  8.491319e-01 
  651.000  8.495107e-01 
  652.000  8.402650e-01 
  653.000  8.517203e-01 
  654.000  8.508855e-01 
  655.000  8.472366e-01 
  656.000  8.490309e-01 
  657.000  8.515899e-01 
  658.000  8.557485e-01 
  659.000  8.583305e-01 
  660.000  8.596712e-01 
  661.000  8.628507e-01 
  662.000  8.644758e-01 
  663.000  8.646099e-01 
  664.000  8.654796e-01 
  665.000  8.662497e-01 
  666.000  8.671634e-01 
  667.000  8.679432e-01 
  668.000  8.688319e-01 
  669.000  8.694714e-01 
  670.000  8.700389e-01 
  671.000  8.706359e-01 
  672.000  8.711704e-01 
  673.000  8.716951e-01 
  674.000  8.722149e-01 
  675.000  8.727356e-01 
  676.000  8.732240e-01 
  677.000  8.736730e-01 
  678.000  8.741233e-01 
  679.000  8.744914e-01 
  680.000  8.745047e-01 
  681.000  8.743941e-01 
  682.000  8.746477e-01 
  683.000  8.747219e-01 
  684.000  8.742334e-01 
  685.000  8.751693e-01 
  686.000  8.720981e-01 
  687.000  7.664015e-01 
  688.000  7.996767e-01 
  689.000  7.901167e-01 
  690.000  8.074173e-01 
  691.000  8.299327e-01 
  692.000  8.433387e-01 
  693.000  8.375360e-01 
  694.000  8.288990e-01 
  695.000  8.383285e-01 
  696.000  8.437687e-01 
  697.000  8.664956e-01 
  698.000  8.618734e-01 
  699.000  8.415557e-01 
  700.000  8.449777e-01 
  701.000  8.404626e-01 
  702.000  8.438374e-01 
  703.000  8.609143e-01 
  704.000  8.616810e-01 
  705.000  8.546870e-01 
  706.000  8.560902e-01 
  707.000  8.586373e-01 
  708.000  8.613866e-01 
  709.000  8.669772e-01 
  710.000  8.610912e-01 
  711.000  8.671657e-01 
  712.000  8.723400e-01 
  713.000  8.682455e-01 
  714.000  8.668914e-01 
  715.000  8.602119e-01 
  716.000  8.532855e-01 
  717.000  8.089590e-01 
  718.000  7.816440e-01 
  719.000  7.718192e-01 
  720.000  7.568688e-01 
  721.000  8.220547e-01 
  722.000  8.451518e-01 
  723.000  8.321119e-01 
  724.000  7.949746e-01 
  725.000  8.005036e-01 
  726.000  7.987524e-01 
  727.000  8.040141e-01 
  728.000  7.982581e-01 
  729.000  8.124880e-01 
  730.000  8.099892e-01 
  731.000  8.069724e-01 
  732.000  8.309685e-01 
  733.000  8.538892e-01 
  734.000  8.648961e-01 
  735.000  8.609918e-01 
  736.000  8.537254e-01 
  737.000  8.591965e-01 
  738.000  8.667135e-01 
  739.000  8.699436e-01 
  740.000  8.771114e-01 
  741.000  8.812481e-01 
  742.000  8.829826e-01 
  743.000  8.868026e-01 
  744.000  8.885093e-01 
  745.000  8.898402e-01 
  746.000  8.908809e-01 
  747.000  8.911440e-01 
  748.000  8.920767e-01 
  749.000  8.925499e-01 
  750.000  8.922944e-01 
  751.000  8.924799e-01 
  752.000  8.933159e-01 
  753.000  8.936651e-01 
  754.000  8.939426e-01 
  755.000  8.941270e-01 
  756.000  8.943197e-01 
  757.000  8.944533e-01 
  758.000  8.931760e-01 
  759.000  8.368654e-01 
  760.000  4.072750e-01 
  761.000  3.653058e-01 
  762.000  6.181138e-01 
  763.000  5.403876e-01 
  764.000  5.789396e-01 
  765.000  6.658608e-01 
  766.000  7.697153e-01 
  767.000  8.217394e-01 
  768.000  8.556346e-01 
  769.000  8.779504e-01 
  770.000  8.896545e-01 
  771.000  8.954288e-01 
  772.000  8.968201e-01 
  773.000  8.974529e-01 
  774.000  8.982073e-01 
  775.000  8.986314e-01 
  776.000  8.989365e-01 
  777.000  8.990245e-01 
  778.000  8.990112e-01 
  779.000  8.989869e-01 
  780.000  8.989599e-01 
  781.000  8.993241e-01 
  782.000  8.992859e-01 
  783.000  8.992597e-01 
  784.000  8.989775e-01 
  785.000  8.973992e-01 
  786.000  8.949512e-01 
  787.000  8.895068e-01 
  788.000  8.866472e-01 
  789.000  8.764234e-01 
  790.000  8.755465e-01 
  791.000  8.774784e-01 
  792.000  8.792616e-01 
  793.000  8.834202e-01 
  794.000  8.922415e-01 
  795.000  8.868483e-01 
  796.000  8.724810e-01 
  797.000  8.765880e-01 
  798.000  8.856606e-01 
  799.000  8.835873e-01 
  800.000  8.769798e-01 
  801.000  8.777649e-01 
  802.000  8.770950e-01 
  803.000  8.780585e-01 
  804.000  8.811592e-01 
  805.000  8.871031e-01 
  806.000  8.906474e-01 
  807.000  8.908020e-01 
  808.000  8.887885e-01 
  809.000  8.863154e-01 
  810.000  8.836082e-01 
  811.000  8.780527e-01 
  812.000  8.705789e-01 
  813.000  8.614219e-01 
  814.000  8.493384e-01 
  815.000  8.343112e-01 
  816.000  8.149949e-01 
  817.000  8.160793e-01 
  818.000  8.176519e-01 
  819.000  8.240025e-01 
  820.000  8.452552e-01 
  821.000  8.695149e-01 
  822.000  8.510575e-01 
  823.000  7.995273e-01 
  824.000  8.429444e-01 
  825.000  8.708391e-01 
  826.000  8.660581e-01 
  827.000  8.625284e-01 
  828.000  8.441504e-01 
  829.000  8.507661e-01 
  830.000  8.581735e-01 
  831.000  8.599055e-01 
  832.000  8.606537e-01 
  833.000  8.649183e-01 
  834.000  8.699381e-01 
  835.000  8.799046e-01 
  836.000  8.766873e-01 
  837.000  8.763381e-01 
  838.000  8.811904e-01 
  839.000  8.841307e-01 
  840.000  8.851969e-01 
  841.000  8.819956e-01 
  842.000  8.848606e-01 
  843.000  8.916706e-01 
  844.000  8.947545e-01 
  845.000  8.961902e-01 
  846.000  8.977002e-01 
  847.000  8.993667e-01 
  848.000  8.966089e-01 
  849.000  8.969600e-01 
  850.000  8.955961e-01 
  851.000  8.939707e-01 
  852.000  8.941301e-01 
  853.000  8.968094e-01 
  854.000  8.966606e-01 
  855.000  8.980055e-01 
  856.000  9.007831e-01 
  857.000  9.019580e-01 
  858.000  9.025628e-01 
  859.000  9.039193e-01 
  860.000  9.045737e-01 
  861.000  9.046807e-01 
  862.000  9.050424e-01 
  863.000  9.050955e-01 
  864.000  9.053457e-01 
  865.000  9.055515e-01 
  866.000  9.056110e-01 
  867.000  9.055810e-01 
  868.000  9.056188e-01 
  869.000  9.056917e-01 
  870.000  9.056490e-01 
  871.000  9.057182e-01 
  872.000  9.058783e-01 
  873.000  9.057308e-01 
  874.000  9.056538e-01 
  875.000  9.056404e-01 
  876.000  9.053786e-01 
  877.000  9.052485e-01 
  878.000  9.043956e-01 
  879.000  9.043425e-01 
  880.000  9.035984e-01 
  881.000  9.031789e-01 
  882.000  9.027759e-01 
  883.000  9.031779e-01 
  884.000  9.033399e-01 
  885.000  9.018120e-01 
  886.000  8.997115e-01 
  887.000  9.013270e-01 
  888.000  9.012301e-01 
  889.000  9.017426e-01 
  890.000  9.005227e-01 
  891.000  8.979540e-01 
  892.000  8.925419e-01 
  893.000  8.760753e-01 
  894.000  8.678755e-01 
  895.000  8.428105e-01 
  896.000  8.203412e-01 
  897.000  7.966492e-01 
  898.000  7.855638e-01 
  899.000  7.542266e-01 
  900.000  7.587560e-01 
  901.000  7.505952e-01 
  902.000  7.520789e-01 
  903.000  8.047110e-01 
  904.000  8.368028e-01 
  905.000  8.356246e-01 
  906.000  8.155531e-01 
  907.000  7.800550e-01 
  908.000  7.566499e-01 
  909.000  7.576463e-01 
  910.000  7.611702e-01 
  911.000  7.767060e-01 
  912.000  7.691773e-01 
  913.000  7.364794e-01 
  914.000  7.526383e-01 
  915.000  7.653604e-01 
  916.000  7.688000e-01 
  917.000  7.757004e-01 
  918.000  7.846223e-01 
  919.000  8.149841e-01 
  920.000  8.379001e-01 
  921.000  8.328394e-01 
  922.000  8.324008e-01 
  923.000  8.259965e-01 
  924.000  8.106125e-01 
  925.000  8.093361e-01 
  926.000  8.089764e-01 
  927.000  7.910344e-01 
  928.000  7.634298e-01 
  929.000  7.235621e-01 
  930.000  6.728356e-01 
  931.000  6.161028e-01 
  932.000  5.418756e-01 
  933.000  4.863958e-01 
  934.000  4.293228e-01 
  935.000  4.232482e-01 
  936.000  4.458503e-01 
  937.000  4.400740e-01 
  938.000  5.035453e-01 
  939.000  6.676498e-01 
  940.000  6.919556e-01 
  941.000  6.709403e-01 
  942.000  6.193690e-01 
  943.000  5.333443e-01 
  944.000  5.273347e-01 
  945.000  5.583301e-01 
  946.000  5.600381e-01 
  947.000  5.876165e-01 
  948.000  6.037732e-01 
  949.000  6.016370e-01 
  950.000  6.057637e-01 
  951.000  6.418886e-01 
  952.000  6.032342e-01 
  953.000  6.303006e-01 
  954.000  6.592827e-01 
  955.000  6.357405e-01 
  956.000  6.304172e-01 
  957.000  7.036637e-01 
  958.000  7.130898e-01 
  959.000  7.009043e-01 
  960.000  6.973481e-01 
  961.000  6.912315e-01 
  962.000  6.967680e-01 
  963.000  7.368290e-01 
  964.000  7.425585e-01 
  965.000  7.387167e-01 
  966.000  7.408682e-01 
  967.000  7.693702e-01 
  968.000  8.168361e-01 
  969.000  8.382124e-01 
  970.000  8.393495e-01 
  971.000  8.388335e-01 
  972.000  8.327593e-01 
  973.000  8.187209e-01 
  974.000  8.015991e-01 
  975.000  7.905821e-01 
  976.000  8.040390e-01 
  977.000  8.262417e-01 
  978.000  8.244263e-01 
  979.000  8.301597e-01 
  980.000  8.527523e-01 
  981.000  8.577429e-01 
  982.000  8.527012e-01 
  983.000  8.642752e-01 
  984.000  8.761801e-01 
  985.000  8.829335e-01 
  986.000  8.916457e-01 
  987.000  8.954107e-01 
  988.000  8.962642e-01 
  989.000  8.968070e-01 
  990.000  8.977189e-01 
  991.000  9.009532e-01 
  992.000  9.018667e-01 
  993.000  9.022039e-01 
  994.000  9.050939e-01 
  995.000  9.070858e-01 
  996.000  9.070642e-01 
  997.000  9.057964e-01 
  998.000  9.043372e-01 
  999.000  9.037905e-01 
 1000.000  9.042310e-01 
 1001.000  9.011231e-01 
 1002.000  8.961512e-01 
 1003.000  8.973273e-01 
 1004.000  9.001810e-01 
 1005.000  9.014822e-01 
 1006.000  9.018991e-01 
 1007.000  9.009472e-01 
 1008.000  8.968941e-01 
 1009.000  8.914745e-01 
 1010.000  8.938848e-01 
 1011.000  8.996353e-01 
 1012.000  9.018220e-01 
 1013.000  9.035407e-01 
 1014.000  9.042574e-01 
 1015.000  9.043921e-01 
 1016.000  9.051353e-01 
 1017.000  9.055874e-01 
 1018.000  9.046420e-01 
 1019.000  9.026438e-01 
 1020.000  9.033445e-01 
 1021.000  9.047841e-01 
 1022.000  9.023654e-01 
 1023.000  9.003404e-01 
 1024.000  8.991276e-01 
 1025.000  9.028392e-01 
 1026.000  9.044774e-01 
 1027.000  9.037793e-01 
 1028.000  9.043511e-01 
 1029.000  9.059562e-01 
 1030.000  9.074488e-01 
 1031.000  9.082213e-01 
 1032.000  9.088202e-01 
 1033.000  9.089787e-01 
 1034.000  9.093239e-01 
 1035.000  9.094883e-01 
 1036.000  9.093696e-01 
 1037.000  9.093806e-01 
 1038.000  9.094814e-01 
 1039.000  9.092753e-01 
 1040.000  9.090921e-01 
 1041.000  9.089466e-01 
 1042.000  9.089013e-01 
 1043.000  9.088877e-01 
 1044.000  9.087529e-01 
 1045.000  9.083564e-01 
 1046.000  9.080856e-01 
 1047.000  9.077604e-01 
 1048.000  9.073281e-01 
 1049.000  9.068868e-01 
 1050.000  9.064543e-01 
 1051.000  9.058474e-01 
 1052.000  9.054376e-01 
 1053.000  9.053742e-01 
 1054.000  9.047627e-01 
 1055.000  9.041306e-01 
 1056.000  9.035986e-01 
 1057.000  9.022420e-01 
 1058.000  8.997824e-01 
 1059.000  8.999208e-01 
 1060.000  9.011450e-01 
 1061.000  9.008331e-01 
 1062.000  8.992609e-01 
 1063.000  8.986183e-01 
 1064.000  8.972368e-01 
 1065.000  8.956428e-01 
 1066.000  8.957588e-01 
 1067.000  8.948734e-01 
 1068.000  8.917528e-01 
 1069.000  8.903304e-01 
 1070.000  8.908563e-01 
 1071.000  8.889023e-01 
 1072.000  8.868729e-01 
 1073.000  8.864985e-01 
 1074.000  8.868126e-01 
 1075.000  8.898557e-01 
 1076.000  8.879735e-01 
 1077.000  8.854421e-01 
 1078.000  8.824612e-01 
 1079.000  8.820831e-01 
 1080.000  8.740826e-01 
 1081.000  8.736341e-01 
 1082.000  8.771671e-01 
 1083.000  8.729329e-01 
 1084.000  8.682916e-01 
 1085.000  8.571983e-01 
 1086.000  8.598052e-01 
 1087.000  8.720205e-01 
 1088.000  8.724985e-01 
 1089.000  8.576680e-01 
 1090.000  8.548863e-01 
 1091.000  8.577226e-01 
 1092.000  8.503698e-01 
 1093.000  8.339159e-01 
 1094.000  8.267415e-01 
 1095.000  8.279139e-01 
 1096.000  8.289965e-01 
 1097.000  8.257297e-01 
 1098.000  7.856059e-01 
 1099.000  7.513359e-01 
 1100.000  7.536646e-01 
 1101.000  7.584153e-01 
 1102.000  7.561441e-01 
 1103.000  7.593167e-01 
 1104.000  7.536292e-01 
 1105.000  7.392513e-01 
 1106.000  7.246960e-01 
 1107.000  7.283510e-01 
 1108.000  7.310610e-01 
 1109.000  7.435824e-01 
 1110.000  7.421796e-01 
 1111.000  7.353473e-01 
 1112.000  7.049268e-01 
 1113.000  6.633838e-01 
 1114.000  6.523139e-01 
 1115.000  6.012483e-01 
 1116.000  5.695859e-01 
 1117.000  4.961915e-01 
 1118.000  4.293225e-01 
 1119.000  3.941226e-01 
 1120.000  3.504436e-01 
 1121.000  3.408177e-01 
 1122.000  2.956952e-01 
 1123.000  3.202994e-01 
 1124.000  3.369054e-01 
 1125.000  3.281850e-01 
 1126.000  3.246864e-01 
 1127.000  3.284561e-01 
 1128.000  3.357953e-01 
 1129.000  3.803704e-01 
 1130.000  4.851910e-01 
 1131.000  5.156386e-01 
 1132.000  4.740373e-01 
 1133.000  3.982700e-01 
 1134.000  2.629541e-01 
 1135.000  2.730990e-01 
 1136.000  4.091280e-01 
 1137.000  4.842377e-01 
 1138.000  5.571052e-01 
 1139.000  5.790982e-01 
 1140.000  5.652062e-01 
 1141.000  5.369046e-01 
 1142.000  5.269827e-01 
 1143.000  4.958809e-01 
 1144.000  4.608796e-01 
 1145.000  4.104520e-01 
 1146.000  4.223456e-01 
 1147.000  4.617891e-01 
 1148.000  4.968962e-01 
 1149.000  5.110655e-01 
 1150.000  5.117018e-01 
