  320.000  1.447267e-01 
  321.000  1.818820e-01 
  322.000  1.671818e-01 
  323.000  1.858349e-01 
  324.000  2.047604e-01 
  325.000  1.906393e-01 
  326.000  2.138791e-01 
  327.000  2.204215e-01 
  328.000  2.063221e-01 
  329.000  2.334842e-01 
  330.000  2.378263e-01 
  331.000  2.292443e-01 
  332.000  2.458491e-01 
  333.000  2.507171e-01 
  334.000  2.467193e-01 
  335.000  2.589889e-01 
  336.000  2.639786e-01 
  337.000  2.618743e-01 
  338.000  2.677303e-01 
  339.000  2.737903e-01 
  340.000  2.727933e-01 
  341.000  2.786907e-01 
  342.000  2.830131e-01 
  343.000  2.851871e-01 
  344.000  2.856315e-01 
  345.000  2.915088e-01 
  346.000  2.952269e-01 
  347.000  2.982623e-01 
  348.000  3.011086e-01 
  349.000  3.043092e-01 
  350.000  3.070480e-01 
  351.000  3.097782e-01 
  352.000  3.120199e-01 
  353.000  3.152104e-01 
  354.000  3.179291e-01 
  355.000  3.204611e-01 
  356.000  3.229302e-01 
  357.000  3.251292e-01 
  358.000  3.274969e-01 
  359.000  3.298639e-01 
  360.000  3.322895e-01 
  361.000  3.353563e-01 
  362.000  3.385524e-01 
  363.000  3.414983e-01 
  364.000  3.442115e-01 
  365.000  3.467581e-01 
  366.000  3.493638e-01 
  367.000  3.518462e-01 
  368.000  3.543077e-01 
  369.000  3.567492e-01 
  370.000  3.591669e-01 
  371.000  3.615671e-01 
  372.000  3.639487e-01 
  373.000  3.663114e-01 
  374.000  3.686372e-01 
  375.000  3.709193e-01 
  376.000  3.731249e-01 
  377.000  3.752104e-01 
  378.000  3.771483e-01 
  379.000  3.791181e-01 
  380.000  3.812855e-01 
  381.000  3.837538e-01 
  382.000  3.863129e-01 
  383.000  3.887340e-01 
  384.000  3.910316e-01 
  385.000  3.932462e-01 
  386.000  3.954048e-01 
  387.000  3.975292e-01 
  388.000  3.996272e-01 
  389.000  4.017085e-01 
  390.000  4.037737e-01 
  391.000  4.058182e-01 
  392.000  4.078481e-01 
  393.000  4.098618e-01 
  394.000  4.118572e-01 
  395.000  4.138327e-01 
  396.000  4.157959e-01 
  397.000  4.177366e-01 
  398.000  4.196600e-01 
  399.000  4.215674e-01 
  400.000  4.234488e-01 
  401.000  4.253233e-01 
  402.000  4.271831e-01 
  403.000  4.290273e-01 
  404.000  4.308554e-01 
  405.000  4.326638e-01 
  406.000  4.344605e-01 
  407.000  4.362433e-01 
  408.000  4.380109e-01 
  409.000  4.397614e-01 
  410.000  4.414955e-01 
  411.000  4.432128e-01 
  412.000  4.449119e-01 
  413.000  4.466014e-01 
  414.000  4.481699e-01 
  415.000  4.498670e-01 
  416.000  4.515429e-01 
  417.000  4.531909e-01 
  418.000  4.548014e-01 
  419.000  4.563943e-01 
  420.000  4.579730e-01 
  421.000  4.595425e-01 
  422.000  4.611024e-01 
  423.000  4.626510e-01 
  424.000  4.641814e-01 
  425.000  4.656770e-01 
  426.000  4.671582e-01 
  427.000  4.686265e-01 
  428.000  4.700688e-01 
  429.000  4.714912e-01 
  430.000  4.728972e-01 
  431.000  4.742929e-01 
  432.000  4.756741e-01 
  433.000  4.770424e-01 
  434.000  4.783993e-01 
  435.000  4.797431e-01 
  436.000  4.810719e-01 
  437.000  4.823865e-01 
  438.000  4.836862e-01 
  439.000  4.849761e-01 
  440.000  4.862453e-01 
  441.000  4.874985e-01 
  442.000  4.887320e-01 
  443.000  4.899470e-01 
  444.000  4.911430e-01 
  445.000  4.923134e-01 
  446.000  4.934514e-01 
  447.000  4.946449e-01 
  448.000  4.959247e-01 
  449.000  4.972203e-01 
  450.000  4.984910e-01 
  451.000  4.997123e-01 
  452.000  5.008908e-01 
  453.000  5.020453e-01 
  454.000  5.031790e-01 
  455.000  5.042471e-01 
  456.000  5.052289e-01 
  457.000  5.062112e-01 
  458.000  5.071802e-01 
  459.000  5.081288e-01 
  460.000  5.090699e-01 
  461.000  5.100010e-01 
  462.000  5.109145e-01 
  463.000  5.118241e-01 
  464.000  5.130084e-01 
  465.000  5.141750e-01 
  466.000  5.153211e-01 
  467.000  5.164407e-01 
  468.000  5.173528e-01 
  469.000  5.181384e-01 
  470.000  5.188608e-01 
  471.000  5.195112e-01 
  472.000  5.200635e-01 
  473.000  5.204506e-01 
  474.000  5.207685e-01 
  475.000  5.208501e-01 
  476.000  5.206928e-01 
  477.000  5.206895e-01 
  478.000  5.216092e-01 
  479.000  5.230095e-01 
  480.000  5.245209e-01 
  481.000  5.258769e-01 
  482.000  5.271488e-01 
  483.000  5.282546e-01 
  484.000  5.292050e-01 
  485.000  5.300550e-01 
  486.000  5.309615e-01 
  487.000  5.319159e-01 
  488.000  5.328397e-01 
  489.000  5.337465e-01 
  490.000  5.346426e-01 
  491.000  5.353444e-01 
  492.000  5.359859e-01 
  493.000  5.366242e-01 
  494.000  5.372445e-01 
  495.000  5.378648e-01 
  496.000  5.381844e-01 
  497.000  5.384919e-01 
  498.000  5.387949e-01 
  499.000  5.390816e-01 
  500.000  5.393638e-01 
  501.000  5.396146e-01 
  502.000  5.398654e-01 
  503.000  5.401131e-01 
  504.000  5.403494e-01 
  505.000  5.405728e-01 
  506.000  5.412272e-01 
  507.000  5.419005e-01 
  508.000  5.425729e-01 
  509.000  5.432374e-01 
  510.000  5.438880e-01 
  511.000  5.444711e-01 
  512.000  5.450343e-01 
  513.000  5.455942e-01 
  514.000  5.461472e-01 
  515.000  5.466954e-01 
  516.000  5.470870e-01 
  517.000  5.473380e-01 
  518.000  5.475821e-01 
  519.000  5.478216e-01 
  520.000  5.480588e-01 
  521.000  5.482713e-01 
  522.000  5.484245e-01 
  523.000  5.485350e-01 
  524.000  5.486493e-01 
  525.000  5.487393e-01 
  526.000  5.488655e-01 
  527.000  5.488858e-01 
  528.000  5.488632e-01 
  529.000  5.488394e-01 
  530.000  5.488209e-01 
  531.000  5.488057e-01 
  532.000  5.488398e-01 
  533.000  5.491477e-01 
  534.000  5.495365e-01 
  535.000  5.499753e-01 
  536.000  5.503995e-01 
  537.000  5.507876e-01 
  538.000  5.511346e-01 
  539.000  5.514562e-01 
  540.000  5.517578e-01 
  541.000  5.520506e-01 
  542.000  5.523306e-01 
  543.000  5.526007e-01 
  544.000  5.528049e-01 
  545.000  5.529554e-01 
  546.000  5.530990e-01 
  547.000  5.532466e-01 
  548.000  5.533867e-01 
  549.000  5.535247e-01 
  550.000  5.535917e-01 
  551.000  5.535882e-01 
  552.000  5.535874e-01 
  553.000  5.535720e-01 
  554.000  5.535500e-01 
  555.000  5.535240e-01 
  556.000  5.534714e-01 
  557.000  5.533726e-01 
  558.000  5.532658e-01 
  559.000  5.531465e-01 
  560.000  5.529971e-01 
  561.000  5.528198e-01 
  562.000  5.524200e-01 
  563.000  5.521995e-01 
  564.000  5.519047e-01 
  565.000  5.514451e-01 
  566.000  5.511663e-01 
  567.000  5.501367e-01 
  568.000  5.471062e-01 
  569.000  5.404625e-01 
  570.000  5.413957e-01 
  571.000  5.459049e-01 
  572.000  5.413967e-01 
  573.000  5.425004e-01 
  574.000  5.427434e-01 
  575.000  5.424220e-01 
  576.000  5.426050e-01 
  577.000  5.442283e-01 
  578.000  5.462558e-01 
  579.000  5.480461e-01 
  580.000  5.496280e-01 
  581.000  5.519415e-01 
  582.000  5.534920e-01 
  583.000  5.544257e-01 
  584.000  5.552921e-01 
  585.000  5.559096e-01 
  586.000  5.565701e-01 
  587.000  5.549122e-01 
  588.000  5.459567e-01 
  589.000  5.318428e-01 
  590.000  5.311292e-01 
  591.000  5.410445e-01 
  592.000  5.360272e-01 
  593.000  5.473287e-01 
  594.000  5.450200e-01 
  595.000  5.373405e-01 
  596.000  5.482836e-01 
  597.000  5.455927e-01 
  598.000  5.499203e-01 
  599.000  5.515473e-01 
  600.000  5.554442e-01 
  601.000  5.579134e-01 
  602.000  5.585805e-01 
  603.000  5.597668e-01 
  604.000  5.611064e-01 
  605.000  5.620651e-01 
  606.000  5.627325e-01 
  607.000  5.633762e-01 
  608.000  5.639776e-01 
  609.000  5.645518e-01 
  610.000  5.651441e-01 
  611.000  5.658019e-01 
  612.000  5.664462e-01 
  613.000  5.670704e-01 
  614.000  5.676763e-01 
  615.000  5.682805e-01 
  616.000  5.688627e-01 
  617.000  5.694126e-01 
  618.000  5.698736e-01 
  619.000  5.702636e-01 
  620.000  5.706247e-01 
  621.000  5.709350e-01 
  622.000  5.711942e-01 
  623.000  5.713677e-01 
  624.000  5.715520e-01 
  625.000  5.717052e-01 
  626.000  5.713406e-01 
  627.000  5.676920e-01 
  628.000  5.485630e-01 
  629.000  5.598422e-01 
  630.000  5.631895e-01 
  631.000  5.669578e-01 
  632.000  5.658054e-01 
  633.000  5.711744e-01 
  634.000  5.736373e-01 
  635.000  5.746235e-01 
  636.000  5.763254e-01 
  637.000  5.776929e-01 
  638.000  5.803818e-01 
  639.000  5.813427e-01 
  640.000  5.831263e-01 
  641.000  5.839028e-01 
  642.000  5.852169e-01 
  643.000  5.845484e-01 
  644.000  5.851464e-01 
  645.000  5.838399e-01 
  646.000  5.762053e-01 
  647.000  5.710319e-01 
  648.000  5.652092e-01 
  649.000  5.710813e-01 
  650.000  5.820441e-01 
  651.000  5.824121e-01 
  652.000  5.734486e-01 
  653.000  5.845613e-01 
  654.000  5.837523e-01 
  655.000  5.802052e-01 
  656.000  5.819475e-01 
  657.000  5.844398e-01 
  658.000  5.884934e-01 
  659.000  5.910149e-01 
  660.000  5.923261e-01 
  661.000  5.953339e-01 
  662.000  5.969377e-01 
  663.000  5.970917e-01 
  664.000  5.979149e-01 
  665.000  5.986928e-01 
  666.000  5.995502e-01 
  667.000  6.003451e-01 
  668.000  6.012596e-01 
  669.000  6.018990e-01 
  670.000  6.024589e-01 
  671.000  6.030518e-01 
  672.000  6.035759e-01 
  673.000  6.040896e-01 
  674.000  6.045984e-01 
  675.000  6.051084e-01 
  676.000  6.055855e-01 
  677.000  6.060247e-01 
  678.000  6.064655e-01 
  679.000  6.068161e-01 
  680.000  6.067764e-01 
  681.000  6.066378e-01 
  682.000  6.069133e-01 
  683.000  6.070159e-01 
  684.000  6.065543e-01 
  685.000  6.074327e-01 
  686.000  6.048459e-01 
  687.000  5.172471e-01 
  688.000  5.447633e-01 
  689.000  5.367861e-01 
  690.000  5.511928e-01 
  691.000  5.696468e-01 
  692.000  5.801267e-01 
  693.000  5.731317e-01 
  694.000  5.640549e-01 
  695.000  5.726019e-01 
  696.000  5.776277e-01 
  697.000  5.992330e-01 
  698.000  5.947970e-01 
  699.000  5.754557e-01 
  700.000  5.786911e-01 
  701.000  5.744177e-01 
  702.000  5.776278e-01 
  703.000  5.938988e-01 
  704.000  5.946501e-01 
  705.000  5.879937e-01 
  706.000  5.893445e-01 
  707.000  5.917861e-01 
  708.000  5.944253e-01 
  709.000  5.997842e-01 
  710.000  5.941603e-01 
  711.000  5.999793e-01 
  712.000  6.049462e-01 
  713.000  6.010146e-01 
  714.000  5.997010e-01 
  715.000  5.932708e-01 
  716.000  5.865609e-01 
  717.000  5.446265e-01 
  718.000  5.191566e-01 
  719.000  5.100428e-01 
  720.000  4.964564e-01 
  721.000  5.567698e-01 
  722.000  5.786101e-01 
  723.000  5.662867e-01 
  724.000  5.315446e-01 
  725.000  5.366409e-01 
  726.000  5.350410e-01 
  727.000  5.399573e-01 
  728.000  5.346404e-01 
  729.000  5.479299e-01 
  730.000  5.456597e-01 
  731.000  5.429155e-01 
  732.000  5.654384e-01 
  733.000  5.872297e-01 
  734.000  5.978009e-01 
  735.000  5.940970e-01 
  736.000  5.871818e-01 
  737.000  5.924160e-01 
  738.000  5.996195e-01 
  739.000  6.027334e-01 
  740.000  6.096401e-01 
  741.000  6.136407e-01 
  742.000  6.153270e-01 
  743.000  6.190254e-01 
  744.000  6.205669e-01 
  745.000  6.218556e-01 
  746.000  6.228741e-01 
  747.000  6.231397e-01 
  748.000  6.240516e-01 
  749.000  6.245537e-01 
  750.000  6.242855e-01 
  751.000  6.244687e-01 
  752.000  6.253353e-01 
  753.000  6.257004e-01 
  754.000  6.259858e-01 
  755.000  6.261680e-01 
  756.000  6.263595e-01 
  757.000  6.264917e-01 
  758.000  6.253127e-01 
  759.000  5.779061e-01 
  760.000  2.410051e-01 
  761.000  2.111957e-01 
  762.000  4.000423e-01 
  763.000  3.398170e-01 
  764.000  3.694964e-01 
  765.000  4.379363e-01 
  766.000  5.222489e-01 
  767.000  5.654482e-01 
  768.000  5.939244e-01 
  769.000  6.128161e-01 
  770.000  6.229740e-01 
  771.000  6.277802e-01 
  772.000  6.289823e-01 
  773.000  6.295198e-01 
  774.000  6.301985e-01 
  775.000  6.306199e-01 
  776.000  6.309255e-01 
  777.000  6.310034e-01 
  778.000  6.309738e-01 
  779.000  6.309350e-01 
  780.000  6.308942e-01 
  781.000  6.312871e-01 
  782.000  6.312339e-01 
  783.000  6.311942e-01 
  784.000  6.308700e-01 
  785.000  6.294045e-01 
  786.000  6.271329e-01 
  787.000  6.219141e-01 
  788.000  6.191736e-01 
  789.000  6.094218e-01 
  790.000  6.085829e-01 
  791.000  6.104209e-01 
  792.000  6.121249e-01 
  793.000  6.160972e-01 
  794.000  6.245332e-01 
  795.000  6.193753e-01 
  796.000  6.056917e-01 
  797.000  6.095962e-01 
  798.000  6.182463e-01 
  799.000  6.162719e-01 
  800.000  6.099774e-01 
  801.000  6.107263e-01 
  802.000  6.100914e-01 
  803.000  6.110129e-01 
  804.000  6.139755e-01 
  805.000  6.196539e-01 
  806.000  6.230502e-01 
  807.000  6.232015e-01 
  808.000  6.212745e-01 
  809.000  6.189059e-01 
  810.000  6.163082e-01 
  811.000  6.109925e-01 
  812.000  6.038484e-01 
  813.000  5.951263e-01 
  814.000  5.836671e-01 
  815.000  5.694753e-01 
  816.000  5.514784e-01 
  817.000  5.524349e-01 
  818.000  5.538865e-01 
  819.000  5.598266e-01 
  820.000  5.797215e-01 
  821.000  6.026127e-01 
  822.000  5.851821e-01 
  823.000  5.372763e-01 
  824.000  5.775902e-01 
  825.000  6.039181e-01 
  826.000  5.994496e-01 
  827.000  5.961117e-01 
  828.000  5.787958e-01 
  829.000  5.850100e-01 
  830.000  5.920058e-01 
  831.000  5.936633e-01 
  832.000  5.944214e-01 
  833.000  5.984792e-01 
  834.000  6.032678e-01 
  835.000  6.127776e-01 
  836.000  6.097317e-01 
  837.000  6.094224e-01 
  838.000  6.140521e-01 
  839.000  6.168699e-01 
  840.000  6.178933e-01 
  841.000  6.148459e-01 
  842.000  6.175864e-01 
  843.000  6.241035e-01 
  844.000  6.270682e-01 
  845.000  6.284503e-01 
  846.000  6.299046e-01 
  847.000  6.315076e-01 
  848.000  6.288618e-01 
  849.000  6.291990e-01 
  850.000  6.278910e-01 
  851.000  6.263342e-01 
  852.000  6.264889e-01 
  853.000  6.290608e-01 
  854.000  6.289236e-01 
  855.000  6.302180e-01 
  856.000  6.329110e-01 
  857.000  6.339145e-01 
  858.000  6.345294e-01 
  859.000  6.358148e-01 
  860.000  6.364444e-01 
  861.000  6.365570e-01 
  862.000  6.369527e-01 
  863.000  6.370052e-01 
  864.000  6.372769e-01 
  865.000  6.374993e-01 
  866.000  6.375591e-01 
  867.000  6.375197e-01 
  868.000  6.375554e-01 
  869.000  6.376299e-01 
  870.000  6.375766e-01 
  871.000  6.376472e-01 
  872.000  6.378184e-01 
  873.000  6.376491e-01 
  874.000  6.375577e-01 
  875.000  6.375369e-01 
  876.000  6.372409e-01 
  877.000  6.371343e-01 
  878.000  6.363242e-01 
  879.000  6.362696e-01 
  880.000  6.355709e-01 
  881.000  6.351560e-01 
  882.000  6.347573e-01 
  883.000  6.351538e-01 
  884.000  6.353129e-01 
  885.000  6.338657e-01 
  886.000  6.319836e-01 
  887.000  6.335458e-01 
  888.000  6.334529e-01 
  889.000  6.337820e-01 
  890.000  6.327291e-01 
  891.000  6.302705e-01 
  892.000  6.250926e-01 
  893.000  6.094584e-01 
  894.000  6.016642e-01 
  895.000  5.781823e-01 
  896.000  5.572512e-01 
  897.000  5.353458e-01 
  898.000  5.251650e-01 
  899.000  4.969601e-01 
  900.000  5.009371e-01 
  901.000  4.936809e-01 
  902.000  4.951099e-01 
  903.000  5.426176e-01 
  904.000  5.721586e-01 
  905.000  5.711440e-01 
  906.000  5.526614e-01 
  907.000  5.203487e-01 
  908.000  4.993053e-01 
  909.000  5.001493e-01 
  910.000  5.032848e-01 
  911.000  5.172254e-01 
  912.000  5.104725e-01 
  913.000  4.813873e-01 
  914.000  4.957300e-01 
  915.000  5.071398e-01 
  916.000  5.102761e-01 
  917.000  5.165473e-01 
  918.000  5.246625e-01 
  919.000  5.523676e-01 
  920.000  5.735806e-01 
  921.000  5.689535e-01 
  922.000  5.685689e-01 
  923.000  5.626578e-01 
  924.000  5.485051e-01 
  925.000  5.472245e-01 
  926.000  5.465967e-01 
  927.000  5.299621e-01 
  928.000  5.046476e-01 
  929.000  4.686969e-01 
  930.000  4.240531e-01 
  931.000  3.756494e-01 
  932.000  3.140420e-01 
  933.000  2.706811e-01 
  934.000  2.282666e-01 
  935.000  2.236821e-01 
  936.000  2.398614e-01 
  937.000  2.359001e-01 
  938.000  2.839197e-01 
  939.000  4.167912e-01 
  940.000  4.377486e-01 
  941.000  4.200119e-01 
  942.000  3.769317e-01 
  943.000  3.077877e-01 
  944.000  3.029523e-01 
  945.000  3.271545e-01 
  946.000  3.286897e-01 
  947.000  3.511433e-01 
  948.000  3.644423e-01 
  949.000  3.629189e-01 
  950.000  3.663977e-01 
  951.000  3.964422e-01 
  952.000  3.647491e-01 
  953.000  3.873273e-01 
  954.000  4.119345e-01 
  955.000  3.924406e-01 
  956.000  3.884624e-01 
  957.000  4.510311e-01 
  958.000  4.595183e-01 
  959.000  4.491712e-01 
  960.000  4.462788e-01 
  961.000  4.411407e-01 
  962.000  4.460657e-01 
  963.000  4.812107e-01 
  964.000  4.863993e-01 
  965.000  4.831420e-01 
  966.000  4.851913e-01 
  967.000  5.107310e-01 
  968.000  5.539711e-01 
  969.000  5.737942e-01 
  970.000  5.749143e-01 
  971.000  5.744556e-01 
  972.000  5.688176e-01 
  973.000  5.558655e-01 
  974.000  5.402056e-01 
  975.000  5.302022e-01 
  976.000  5.424461e-01 
  977.000  5.628188e-01 
  978.000  5.612104e-01 
  979.000  5.665710e-01 
  980.000  5.875754e-01 
  981.000  5.922816e-01 
  982.000  5.876420e-01 
  983.000  5.985069e-01 
  984.000  6.097236e-01 
  985.000  6.161211e-01 
  986.000  6.243902e-01 
  987.000  6.279891e-01 
  988.000  6.288214e-01 
  989.000  6.293534e-01 
  990.000  6.302297e-01 
  991.000  6.333119e-01 
  992.000  6.341854e-01 
  993.000  6.345103e-01 
  994.000  6.372917e-01 
  995.000  6.390299e-01 
  996.000  6.390089e-01 
  997.000  6.378200e-01 
  998.000  6.365472e-01 
  999.000  6.360264e-01 
 1000.000  6.364442e-01 
 1001.000  6.334894e-01 
 1002.000  6.287697e-01 
 1003.000  6.298854e-01 
 1004.000  6.325943e-01 
 1005.000  6.338309e-01 
 1006.000  6.342253e-01 
 1007.000  6.333196e-01 
 1008.000  6.294727e-01 
 1009.000  6.243379e-01 
 1010.000  6.266212e-01 
 1011.000  6.320765e-01 
 1012.000  6.341558e-01 
 1013.000  6.357921e-01 
 1014.000  6.364765e-01 
 1015.000  6.366057e-01 
 1016.000  6.373443e-01 
 1017.000  6.376182e-01 
 1018.000  6.368433e-01 
 1019.000  6.349425e-01 
 1020.000  6.356075e-01 
 1021.000  6.369753e-01 
 1022.000  6.346732e-01 
 1023.000  6.327482e-01 
 1024.000  6.315954e-01 
 1025.000  6.351211e-01 
 1026.000  6.366782e-01 
 1027.000  6.360146e-01 
 1028.000  6.365579e-01 
 1029.000  6.379752e-01 
 1030.000  6.393903e-01 
 1031.000  6.401132e-01 
 1032.000  6.406778e-01 
 1033.000  6.408452e-01 
 1034.000  6.411824e-01 
 1035.000  6.413410e-01 
 1036.000  6.412398e-01 
 1037.000  6.412773e-01 
 1038.000  6.413922e-01 
 1039.000  6.411715e-01 
 1040.000  6.409818e-01 
 1041.000  6.408318e-01 
 1042.000  6.407894e-01 
 1043.000  6.407846e-01 
 1044.000  6.406512e-01 
 1045.000  6.402326e-01 
 1046.000  6.399513e-01 
 1047.000  6.396182e-01 
 1048.000  6.392011e-01 
 1049.000  6.388038e-01 
 1050.000  6.383805e-01 
 1051.000  6.377516e-01 
 1052.000  6.373747e-01 
 1053.000  6.372907e-01 
 1054.000  6.366587e-01 
 1055.000  6.360151e-01 
 1056.000  6.354823e-01 
 1057.000  6.342211e-01 
 1058.000  6.318435e-01 
 1059.000  6.319705e-01 
 1060.000  6.331328e-01 
 1061.000  6.328252e-01 
 1062.000  6.313242e-01 
 1063.000  6.307570e-01 
 1064.000  6.294784e-01 
 1065.000  6.281080e-01 
 1066.000  6.280711e-01 
 1067.000  6.274011e-01 
 1068.000  6.244707e-01 
 1069.000  6.230749e-01 
 1070.000  6.235508e-01 
 1071.000  6.216940e-01 
 1072.000  6.197846e-01 
 1073.000  6.194346e-01 
 1074.000  6.197413e-01 
 1075.000  6.226174e-01 
 1076.000  6.208447e-01 
 1077.000  6.184613e-01 
 1078.000  6.156541e-01 
 1079.000  6.152986e-01 
 1080.000  6.077788e-01 
 1081.000  6.073612e-01 
 1082.000  6.106765e-01 
 1083.000  6.066885e-01 
 1084.000  6.023318e-01 
 1085.000  5.919745e-01 
 1086.000  5.943902e-01 
 1087.000  6.057884e-01 
 1088.000  6.062444e-01 
 1089.000  5.923659e-01 
 1090.000  5.897548e-01 
 1091.000  5.923713e-01 
 1092.000  5.854989e-01 
 1093.000  5.702385e-01 
 1094.000  5.636203e-01 
 1095.000  5.646664e-01 
 1096.000  5.655898e-01 
 1097.000  5.625123e-01 
 1098.000  5.258930e-01 
 1099.000  4.951209e-01 
 1100.000  4.971562e-01 
 1101.000  5.013375e-01 
 1102.000  4.992200e-01 
 1103.000  5.019539e-01 
 1104.000  4.967884e-01 
 1105.000  4.839308e-01 
 1106.000  4.711292e-01 
 1107.000  4.741534e-01 
 1108.000  4.762730e-01 
 1109.000  4.869480e-01 
 1110.000  4.852307e-01 
 1111.000  4.789540e-01 
 1112.000  4.520562e-01 
 1113.000  4.156603e-01 
 1114.000  4.052601e-01 
 1115.000  3.617940e-01 
 1116.000  3.356464e-01 
 1117.000  2.780758e-01 
 1118.000  2.276705e-01 
 1119.000  2.017568e-01 
 1120.000  1.713926e-01 
 1121.000  1.647666e-01 
 1122.000  1.357652e-01 
 1123.000  1.508131e-01 
 1124.000  1.612424e-01 
 1125.000  1.556026e-01 
 1126.000  1.534477e-01 
 1127.000  1.561012e-01 
 1128.000  1.612360e-01 
 1129.000  1.911429e-01 
 1130.000  2.653854e-01 
 1131.000  2.880953e-01 
 1132.000  2.569448e-01 
 1133.000  2.034274e-01 
 1134.000  1.164278e-01 
 1135.000  1.226041e-01 
 1136.000  2.115435e-01 
 1137.000  2.657314e-01 
 1138.000  3.218862e-01 
 1139.000  3.405179e-01 
 1140.000  3.295557e-01 
 1141.000  3.079847e-01 
 1142.000  3.002418e-01 
 1143.000  2.764027e-01 
 1144.000  2.504275e-01 
 1145.000  2.141361e-01 
 1146.000  2.226058e-01 
 1147.000  2.512159e-01 
 1148.000  2.774486e-01 
 1149.000  2.884880e-01 
 1150.000  2.896453e-01 
