  320.000  3.772841e-01 
  321.000  4.376336e-01 
  322.000  4.143277e-01 
  323.000  4.437865e-01 
  324.000  4.726327e-01 
  325.000  4.512032e-01 
  326.000  4.861957e-01 
  327.000  4.958019e-01 
  328.000  4.749704e-01 
  329.000  5.146884e-01 
  330.000  5.208836e-01 
  331.000  5.085997e-01 
  332.000  5.322270e-01 
  333.000  5.390468e-01 
  334.000  5.334496e-01 
  335.000  5.505293e-01 
  336.000  5.573936e-01 
  337.000  5.545044e-01 
  338.000  5.625248e-01 
  339.000  5.707603e-01 
  340.000  5.694098e-01 
  341.000  5.773732e-01 
  342.000  5.831723e-01 
  343.000  5.860773e-01 
  344.000  5.866703e-01 
  345.000  5.944809e-01 
  346.000  5.993936e-01 
  347.000  6.033882e-01 
  348.000  6.071210e-01 
  349.000  6.113037e-01 
  350.000  6.148706e-01 
  351.000  6.184154e-01 
  352.000  6.213176e-01 
  353.000  6.254357e-01 
  354.000  6.289333e-01 
  355.000  6.321812e-01 
  356.000  6.353399e-01 
  357.000  6.381459e-01 
  358.000  6.411597e-01 
  359.000  6.441649e-01 
  360.000  6.472369e-01 
  361.000  6.511095e-01 
  362.000  6.551322e-01 
  363.000  6.588283e-01 
  364.000  6.622225e-01 
  365.000  6.653998e-01 
  366.000  6.686424e-01 
  367.000  6.717237e-01 
  368.000  6.747714e-01 
  369.000  6.777872e-01 
  370.000  6.807664e-01 
  371.000  6.837170e-01 
  372.000  6.866381e-01 
  373.000  6.895292e-01 
  374.000  6.923689e-01 
  375.000  6.951492e-01 
  376.000  6.978305e-01 
  377.000  7.003608e-01 
  378.000  7.027075e-01 
  379.000  7.050886e-01 
  380.000  7.077034e-01 
  381.000  7.106750e-01 
  382.000  7.137488e-01 
  383.000  7.166503e-01 
  384.000  7.193979e-01 
  385.000  7.220410e-01 
  386.000  7.246122e-01 
  387.000  7.271378e-01 
  388.000  7.296274e-01 
  389.000  7.320927e-01 
  390.000  7.345344e-01 
  391.000  7.369475e-01 
  392.000  7.393390e-01 
  393.000  7.417073e-01 
  394.000  7.440501e-01 
  395.000  7.463656e-01 
  396.000  7.486628e-01 
  397.000  7.509301e-01 
  398.000  7.531734e-01 
  399.000  7.553946e-01 
  400.000  7.575819e-01 
  401.000  7.597579e-01 
  402.000  7.619136e-01 
  403.000  7.640478e-01 
  404.000  7.661603e-01 
  405.000  7.682469e-01 
  406.000  7.703170e-01 
  407.000  7.723681e-01 
  408.000  7.743989e-01 
  409.000  7.764071e-01 
  410.000  7.783938e-01 
  411.000  7.803585e-01 
  412.000  7.822998e-01 
  413.000  7.842276e-01 
  414.000  7.860150e-01 
  415.000  7.879464e-01 
  416.000  7.898512e-01 
  417.000  7.917219e-01 
  418.000  7.935477e-01 
  419.000  7.953514e-01 
  420.000  7.971368e-01 
  421.000  7.989096e-01 
  422.000  8.006696e-01 
  423.000  8.024146e-01 
  424.000  8.041372e-01 
  425.000  8.058187e-01 
  426.000  8.074821e-01 
  427.000  8.091292e-01 
  428.000  8.107455e-01 
  429.000  8.123376e-01 
  430.000  8.139098e-01 
  431.000  8.154688e-01 
  432.000  8.170101e-01 
  433.000  8.185354e-01 
  434.000  8.200465e-01 
  435.000  8.215415e-01 
  436.000  8.230184e-01 
  437.000  8.244781e-01 
  438.000  8.259199e-01 
  439.000  8.273495e-01 
  440.000  8.287548e-01 
  441.000  8.301411e-01 
  442.000  8.315045e-01 
  443.000  8.328462e-01 
  444.000  8.341658e-01 
  445.000  8.354561e-01 
  446.000  8.367096e-01 
  447.000  8.380232e-01 
  448.000  8.394305e-01 
  449.000  8.408539e-01 
  450.000  8.422487e-01 
  451.000  8.435879e-01 
  452.000  8.448793e-01 
  453.000  8.461433e-01 
  454.000  8.473836e-01 
  455.000  8.485511e-01 
  456.000  8.496236e-01 
  457.000  8.506958e-01 
  458.000  8.517530e-01 
  459.000  8.527870e-01 
  460.000  8.538123e-01 
  461.000  8.548261e-01 
  462.000  8.558200e-01 
  463.000  8.568091e-01 
  464.000  8.580959e-01 
  465.000  8.593625e-01 
  466.000  8.606059e-01 
  467.000  8.618196e-01 
  468.000  8.628076e-01 
  469.000  8.636581e-01 
  470.000  8.644399e-01 
  471.000  8.651434e-01 
  472.000  8.657405e-01 
  473.000  8.661588e-01 
  474.000  8.665023e-01 
  475.000  8.665906e-01 
  476.000  8.664206e-01 
  477.000  8.664171e-01 
  478.000  8.674105e-01 
  479.000  8.689218e-01 
  480.000  8.705516e-01 
  481.000  8.720123e-01 
  482.000  8.733813e-01 
  483.000  8.745704e-01 
  484.000  8.755919e-01 
  485.000  8.765048e-01 
  486.000  8.774780e-01 
  487.000  8.785018e-01 
  488.000  8.794922e-01 
  489.000  8.804638e-01 
  490.000  8.814235e-01 
  491.000  8.821746e-01 
  492.000  8.828608e-01 
  493.000  8.835434e-01 
  494.000  8.842065e-01 
  495.000  8.848693e-01 
  496.000  8.852107e-01 
  497.000  8.855391e-01 
  498.000  8.858626e-01 
  499.000  8.861687e-01 
  500.000  8.864698e-01 
  501.000  8.867375e-01 
  502.000  8.870051e-01 
  503.000  8.872693e-01 
  504.000  8.875214e-01 
  505.000  8.877596e-01 
  506.000  8.884573e-01 
  507.000  8.891749e-01 
  508.000  8.898911e-01 
  509.000  8.905988e-01 
  510.000  8.912911e-01 
  511.000  8.919116e-01 
  512.000  8.925105e-01 
  513.000  8.931058e-01 
  514.000  8.936935e-01 
  515.000  8.942758e-01 
  516.000  8.946918e-01 
  517.000  8.949583e-01 
  518.000  8.952175e-01 
  519.000  8.954718e-01 
  520.000  8.957235e-01 
  521.000  8.959490e-01 
  522.000  8.961116e-01 
  523.000  8.962288e-01 
  524.000  8.963500e-01 
  525.000  8.964455e-01 
  526.000  8.965794e-01 
  527.000  8.966009e-01 
  528.000  8.965769e-01 
  529.000  8.965517e-01 
  530.000  8.965321e-01 
  531.000  8.965159e-01 
  532.000  8.965521e-01 
  533.000  8.968787e-01 
  534.000  8.972909e-01 
  535.000  8.977561e-01 
  536.000  8.982058e-01 
  537.000  8.986170e-01 
  538.000  8.989846e-01 
  539.000  8.993251e-01 
  540.000  8.996445e-01 
  541.000  8.999544e-01 
  542.000  9.002509e-01 
  543.000  9.005367e-01 
  544.000  9.007528e-01 
  545.000  9.009120e-01 
  546.000  9.010639e-01 
  547.000  9.012200e-01 
  548.000  9.013683e-01 
  549.000  9.015142e-01 
  550.000  9.015850e-01 
  551.000  9.015813e-01 
  552.000  9.015805e-01 
  553.000  9.015642e-01 
  554.000  9.015409e-01 
  555.000  9.015135e-01 
  556.000  9.014578e-01 
  557.000  9.013534e-01 
  558.000  9.012404e-01 
  559.000  9.011143e-01 
  560.000  9.009566e-01 
  561.000  9.007701e-01 
  562.000  9.004732e-01 
  563.000  9.002506e-01 
  564.000  8.999700e-01 
  565.000  8.995736e-01 
  566.000  8.992201e-01 
  567.000  8.984957e-01 
  568.000  8.966227e-01 
  569.000  8.929657e-01 
  570.000  8.931844e-01 
  571.000  8.952439e-01 
  572.000  8.925863e-01 
  573.000  8.928525e-01 
  574.000  8.927438e-01 
  575.000  8.924400e-01 
  576.000  8.926162e-01 
  577.000  8.936207e-01 
  578.000  8.950086e-01 
  579.000  8.964969e-01 
  580.000  8.982159e-01 
  581.000  9.004270e-01 
  582.000  9.020877e-01 
  583.000  9.033152e-01 
  584.000  9.043850e-01 
  585.000  9.052789e-01 
  586.000  9.061025e-01 
  587.000  9.056886e-01 
  588.000  9.015495e-01 
  589.000  8.945245e-01 
  590.000  8.943744e-01 
  591.000  8.997462e-01 
  592.000  8.973231e-01 
  593.000  9.033473e-01 
  594.000  9.023285e-01 
  595.000  8.985041e-01 
  596.000  9.040447e-01 
  597.000  9.024635e-01 
  598.000  9.044914e-01 
  599.000  9.051234e-01 
  600.000  9.069058e-01 
  601.000  9.080090e-01 
  602.000  9.081535e-01 
  603.000  9.088587e-01 
  604.000  9.098603e-01 
  605.000  9.106501e-01 
  606.000  9.112937e-01 
  607.000  9.119177e-01 
  608.000  9.125399e-01 
  609.000  9.131368e-01 
  610.000  9.137582e-01 
  611.000  9.144486e-01 
  612.000  9.151245e-01 
  613.000  9.157792e-01 
  614.000  9.164144e-01 
  615.000  9.170477e-01 
  616.000  9.176576e-01 
  617.000  9.182335e-01 
  618.000  9.187162e-01 
  619.000  9.191245e-01 
  620.000  9.195023e-01 
  621.000  9.198269e-01 
  622.000  9.200982e-01 
  623.000  9.202797e-01 
  624.000  9.204732e-01 
  625.000  9.206355e-01 
  626.000  9.205799e-01 
  627.000  9.182799e-01 
  628.000  8.933861e-01 
  629.000  9.094304e-01 
  630.000  9.111164e-01 
  631.000  9.157397e-01 
  632.000  9.173453e-01 
  633.000  9.215927e-01 
  634.000  9.241257e-01 
  635.000  9.255753e-01 
  636.000  9.271950e-01 
  637.000  9.286034e-01 
  638.000  9.306328e-01 
  639.000  9.317377e-01 
  640.000  9.332450e-01 
  641.000  9.342446e-01 
  642.000  9.353853e-01 
  643.000  9.354697e-01 
  644.000  9.361934e-01 
  645.000  9.358912e-01 
  646.000  9.324193e-01 
  647.000  9.301561e-01 
  648.000  9.275189e-01 
  649.000  9.308829e-01 
  650.000  9.367763e-01 
  651.000  9.372526e-01 
  652.000  9.329692e-01 
  653.000  9.389123e-01 
  654.000  9.387818e-01 
  655.000  9.372647e-01 
  656.000  9.384300e-01 
  657.000  9.399464e-01 
  658.000  9.422598e-01 
  659.000  9.438004e-01 
  660.000  9.447359e-01 
  661.000  9.465842e-01 
  662.000  9.476585e-01 
  663.000  9.479984e-01 
  664.000  9.486924e-01 
  665.000  9.493414e-01 
  666.000  9.500559e-01 
  667.000  9.507042e-01 
  668.000  9.514095e-01 
  669.000  9.519954e-01 
  670.000  9.525459e-01 
  671.000  9.531094e-01 
  672.000  9.536421e-01 
  673.000  9.541689e-01 
  674.000  9.546923e-01 
  675.000  9.552150e-01 
  676.000  9.557106e-01 
  677.000  9.561652e-01 
  678.000  9.566193e-01 
  679.000  9.570315e-01 
  680.000  9.572661e-01 
  681.000  9.574332e-01 
  682.000  9.577793e-01 
  683.000  9.580382e-01 
  684.000  9.580030e-01 
  685.000  9.586915e-01 
  686.000  9.556955e-01 
  687.000  8.445280e-01 
  688.000  8.790922e-01 
  689.000  8.696271e-01 
  690.000  8.874974e-01 
  691.000  9.124429e-01 
  692.000  9.297992e-01 
  693.000  9.335916e-01 
  694.000  9.333348e-01 
  695.000  9.401368e-01 
  696.000  9.438564e-01 
  697.000  9.562494e-01 
  698.000  9.541048e-01 
  699.000  9.436303e-01 
  700.000  9.456019e-01 
  701.000  9.433642e-01 
  702.000  9.452853e-01 
  703.000  9.543838e-01 
  704.000  9.549177e-01 
  705.000  9.513713e-01 
  706.000  9.522170e-01 
  707.000  9.536618e-01 
  708.000  9.552087e-01 
  709.000  9.582372e-01 
  710.000  9.552795e-01 
  711.000  9.585626e-01 
  712.000  9.613696e-01 
  713.000  9.593623e-01 
  714.000  9.587890e-01 
  715.000  9.554717e-01 
  716.000  9.520735e-01 
  717.000  9.287329e-01 
  718.000  9.141229e-01 
  719.000  9.089210e-01 
  720.000  9.006682e-01 
  721.000  9.364241e-01 
  722.000  9.488100e-01 
  723.000  9.420148e-01 
  724.000  9.221416e-01 
  725.000  9.253018e-01 
  726.000  9.244118e-01 
  727.000  9.273364e-01 
  728.000  9.242623e-01 
  729.000  9.320329e-01 
  730.000  9.307095e-01 
  731.000  9.290962e-01 
  732.000  9.420634e-01 
  733.000  9.542352e-01 
  734.000  9.600428e-01 
  735.000  9.580587e-01 
  736.000  9.542967e-01 
  737.000  9.572232e-01 
  738.000  9.612123e-01 
  739.000  9.629479e-01 
  740.000  9.667259e-01 
  741.000  9.689222e-01 
  742.000  9.698725e-01 
  743.000  9.719030e-01 
  744.000  9.728557e-01 
  745.000  9.736008e-01 
  746.000  9.741949e-01 
  747.000  9.744140e-01 
  748.000  9.749873e-01 
  749.000  9.753197e-01 
  750.000  9.752888e-01 
  751.000  9.754770e-01 
  752.000  9.759885e-01 
  753.000  9.762573e-01 
  754.000  9.764900e-01 
  755.000  9.766759e-01 
  756.000  9.768655e-01 
  757.000  9.769993e-01 
  758.000  9.756975e-01 
  759.000  9.169675e-01 
  760.000  4.617359e-01 
  761.000  4.162884e-01 
  762.000  6.870504e-01 
  763.000  6.044831e-01 
  764.000  6.454974e-01 
  765.000  7.374979e-01 
  766.000  8.466893e-01 
  767.000  9.011127e-01 
  768.000  9.364811e-01 
  769.000  9.597268e-01 
  770.000  9.718496e-01 
  771.000  9.778894e-01 
  772.000  9.793333e-01 
  773.000  9.800011e-01 
  774.000  9.808080e-01 
  775.000  9.812289e-01 
  776.000  9.815218e-01 
  777.000  9.816492e-01 
  778.000  9.817044e-01 
  779.000  9.817418e-01 
  780.000  9.817734e-01 
  781.000  9.820045e-01 
  782.000  9.820302e-01 
  783.000  9.820616e-01 
  784.000  9.819631e-01 
  785.000  9.811738e-01 
  786.000  9.799036e-01 
  787.000  9.770587e-01 
  788.000  9.755849e-01 
  789.000  9.701642e-01 
  790.000  9.697409e-01 
  791.000  9.708197e-01 
  792.000  9.718120e-01 
  793.000  9.740717e-01 
  794.000  9.788119e-01 
  795.000  9.759808e-01 
  796.000  9.683244e-01 
  797.000  9.705713e-01 
  798.000  9.754656e-01 
  799.000  9.743947e-01 
  800.000  9.708952e-01 
  801.000  9.713547e-01 
  802.000  9.710326e-01 
  803.000  9.715847e-01 
  804.000  9.732773e-01 
  805.000  9.764879e-01 
  806.000  9.784097e-01 
  807.000  9.785278e-01 
  808.000  9.774942e-01 
  809.000  9.762176e-01 
  810.000  9.748209e-01 
  811.000  9.719019e-01 
  812.000  9.679577e-01 
  813.000  9.630926e-01 
  814.000  9.566212e-01 
  815.000  9.485207e-01 
  816.000  9.378837e-01 
  817.000  9.385694e-01 
  818.000  9.394853e-01 
  819.000  9.430048e-01 
  820.000  9.547049e-01 
  821.000  9.679149e-01 
  822.000  9.579360e-01 
  823.000  9.293870e-01 
  824.000  9.535427e-01 
  825.000  9.687223e-01 
  826.000  9.661173e-01 
  827.000  9.642391e-01 
  828.000  9.542673e-01 
  829.000  9.579182e-01 
  830.000  9.619691e-01 
  831.000  9.629219e-01 
  832.000  9.633132e-01 
  833.000  9.656336e-01 
  834.000  9.683492e-01 
  835.000  9.737111e-01 
  836.000  9.720005e-01 
  837.000  9.718241e-01 
  838.000  9.744523e-01 
  839.000  9.760468e-01 
  840.000  9.766438e-01 
  841.000  9.749548e-01 
  842.000  9.765138e-01 
  843.000  9.801752e-01 
  844.000  9.818388e-01 
  845.000  9.826282e-01 
  846.000  9.834563e-01 
  847.000  9.843689e-01 
  848.000  9.829333e-01 
  849.000  9.831498e-01 
  850.000  9.824545e-01 
  851.000  9.816181e-01 
  852.000  9.817308e-01 
  853.000  9.831830e-01 
  854.000  9.831281e-01 
  855.000  9.838683e-01 
  856.000  9.853799e-01 
  857.000  9.860289e-01 
  858.000  9.863787e-01 
  859.000  9.871185e-01 
  860.000  9.874908e-01 
  861.000  9.875728e-01 
  862.000  9.877846e-01 
  863.000  9.878389e-01 
  864.000  9.879938e-01 
  865.000  9.881258e-01 
  866.000  9.881831e-01 
  867.000  9.881933e-01 
  868.000  9.882390e-01 
  869.000  9.883029e-01 
  870.000  9.883062e-01 
  871.000  9.883680e-01 
  872.000  9.884772e-01 
  873.000  9.884253e-01 
  874.000  9.884100e-01 
  875.000  9.884282e-01 
  876.000  9.883159e-01 
  877.000  9.882726e-01 
  878.000  9.878269e-01 
  879.000  9.878226e-01 
  880.000  9.874400e-01 
  881.000  9.872376e-01 
  882.000  9.870440e-01 
  883.000  9.872849e-01 
  884.000  9.873964e-01 
  885.000  9.865880e-01 
  886.000  9.854515e-01 
  887.000  9.863739e-01 
  888.000  9.863467e-01 
  889.000  9.866586e-01 
  890.000  9.860116e-01 
  891.000  9.846508e-01 
  892.000  9.817564e-01 
  893.000  9.728003e-01 
  894.000  9.683647e-01 
  895.000  9.544563e-01 
  896.000  9.419014e-01 
  897.000  9.285310e-01 
  898.000  9.222295e-01 
  899.000  9.038216e-01 
  900.000  9.066077e-01 
  901.000  9.017414e-01 
  902.000  9.025336e-01 
  903.000  9.333919e-01 
  904.000  9.516969e-01 
  905.000  9.509781e-01 
  906.000  9.395634e-01 
  907.000  9.190252e-01 
  908.000  9.052522e-01 
  909.000  9.059129e-01 
  910.000  9.080421e-01 
  911.000  9.172443e-01 
  912.000  9.128093e-01 
  913.000  8.932517e-01 
  914.000  9.029725e-01 
  915.000  9.105151e-01 
  916.000  9.125148e-01 
  917.000  9.165335e-01 
  918.000  9.217210e-01 
  919.000  9.392691e-01 
  920.000  9.522470e-01 
  921.000  9.493458e-01 
  922.000  9.490959e-01 
  923.000  9.454746e-01 
  924.000  9.367106e-01 
  925.000  9.361064e-01 
  926.000  9.362143e-01 
  927.000  9.261433e-01 
  928.000  9.104038e-01 
  929.000  8.871328e-01 
  930.000  8.565091e-01 
  931.000  8.207558e-01 
  932.000  7.724141e-01 
  933.000  7.330474e-01 
  934.000  6.895392e-01 
  935.000  6.850817e-01 
  936.000  7.032861e-01 
  937.000  6.983480e-01 
  938.000  7.454883e-01 
  939.000  8.567370e-01 
  940.000  8.717890e-01 
  941.000  8.583452e-01 
  942.000  8.248752e-01 
  943.000  7.658893e-01 
  944.000  7.618192e-01 
  945.000  7.839855e-01 
  946.000  7.849417e-01 
  947.000  8.034710e-01 
  948.000  8.141786e-01 
  949.000  8.124720e-01 
  950.000  8.151165e-01 
  951.000  8.387534e-01 
  952.000  8.129056e-01 
  953.000  8.305426e-01 
  954.000  8.489667e-01 
  955.000  8.334104e-01 
  956.000  8.293723e-01 
  957.000  8.756974e-01 
  958.000  8.812026e-01 
  959.000  8.734151e-01 
  960.000  8.710080e-01 
  961.000  8.670412e-01 
  962.000  8.703480e-01 
  963.000  8.948081e-01 
  964.000  8.981506e-01 
  965.000  8.956941e-01 
  966.000  8.968502e-01 
  967.000  9.137513e-01 
  968.000  9.412476e-01 
  969.000  9.533256e-01 
  970.000  9.539195e-01 
  971.000  9.536237e-01 
  972.000  9.502122e-01 
  973.000  9.422389e-01 
  974.000  9.323859e-01 
  975.000  9.259840e-01 
  976.000  9.338108e-01 
  977.000  9.465599e-01 
  978.000  9.454767e-01 
  979.000  9.486853e-01 
  980.000  9.614193e-01 
  981.000  9.641829e-01 
  982.000  9.613103e-01 
  983.000  9.677507e-01 
  984.000  9.743420e-01 
  985.000  9.780579e-01 
  986.000  9.828355e-01 
  987.000  9.848861e-01 
  988.000  9.853468e-01 
  989.000  9.856424e-01 
  990.000  9.861453e-01 
  991.000  9.879180e-01 
  992.000  9.884260e-01 
  993.000  9.886198e-01 
  994.000  9.902244e-01 
  995.000  9.913217e-01 
  996.000  9.913223e-01 
  997.000  9.906420e-01 
  998.000  9.898440e-01 
  999.000  9.895595e-01 
 1000.000  9.898142e-01 
 1001.000  9.881302e-01 
 1002.000  9.854223e-01 
 1003.000  9.860793e-01 
 1004.000  9.876540e-01 
 1005.000  9.883779e-01 
 1006.000  9.885987e-01 
 1007.000  9.880906e-01 
 1008.000  9.858804e-01 
 1009.000  9.829099e-01 
 1010.000  9.842389e-01 
 1011.000  9.873903e-01 
 1012.000  9.885883e-01 
 1013.000  9.895216e-01 
 1014.000  9.899108e-01 
 1015.000  9.899783e-01 
 1016.000  9.903989e-01 
 1017.000  9.906452e-01 
 1018.000  9.901085e-01 
 1019.000  9.890176e-01 
 1020.000  9.893959e-01 
 1021.000  9.901799e-01 
 1022.000  9.888481e-01 
 1023.000  9.877279e-01 
 1024.000  9.870499e-01 
 1025.000  9.890690e-01 
 1026.000  9.899427e-01 
 1027.000  9.895455e-01 
 1028.000  9.898297e-01 
 1029.000  9.906979e-01 
 1030.000  9.914849e-01 
 1031.000  9.918795e-01 
 1032.000  9.921691e-01 
 1033.000  9.922177e-01 
 1034.000  9.923666e-01 
 1035.000  9.923798e-01 
 1036.000  9.921893e-01 
 1037.000  9.920880e-01 
 1038.000  9.921278e-01 
 1039.000  9.919864e-01 
 1040.000  9.918332e-01 
 1041.000  9.917088e-01 
 1042.000  9.916518e-01 
 1043.000  9.916012e-01 
 1044.000  9.914615e-01 
 1045.000  9.911650e-01 
 1046.000  9.909429e-01 
 1047.000  9.906567e-01 
 1048.000  9.901676e-01 
 1049.000  9.896025e-01 
 1050.000  9.892420e-01 
 1051.000  9.888679e-01 
 1052.000  9.885113e-01 
 1053.000  9.883439e-01 
 1054.000  9.878849e-01 
 1055.000  9.874088e-01 
 1056.000  9.869170e-01 
 1057.000  9.859719e-01 
 1058.000  9.843907e-01 
 1059.000  9.842678e-01 
 1060.000  9.847627e-01 
 1061.000  9.844624e-01 
 1062.000  9.833781e-01 
 1063.000  9.826940e-01 
 1064.000  9.816620e-01 
 1065.000  9.807605e-01 
 1066.000  9.807962e-01 
 1067.000  9.801946e-01 
 1068.000  9.785877e-01 
 1069.000  9.784238e-01 
 1070.000  9.791496e-01 
 1071.000  9.784579e-01 
 1072.000  9.775932e-01 
 1073.000  9.776533e-01 
 1074.000  9.780815e-01 
 1075.000  9.800096e-01 
 1076.000  9.792014e-01 
 1077.000  9.780115e-01 
 1078.000  9.765607e-01 
 1079.000  9.765439e-01 
 1080.000  9.722540e-01 
 1081.000  9.721492e-01 
 1082.000  9.742494e-01 
 1083.000  9.720471e-01 
 1084.000  9.695815e-01 
 1085.000  9.634663e-01 
 1086.000  9.650516e-01 
 1087.000  9.720066e-01 
 1088.000  9.723592e-01 
 1089.000  9.641464e-01 
 1090.000  9.626839e-01 
 1091.000  9.643820e-01 
 1092.000  9.603578e-01 
 1093.000  9.510894e-01 
 1094.000  9.470462e-01 
 1095.000  9.477992e-01 
 1096.000  9.485291e-01 
 1097.000  9.467914e-01 
 1098.000  9.235767e-01 
 1099.000  9.033021e-01 
 1100.000  9.047812e-01 
 1101.000  9.077173e-01 
 1102.000  9.065102e-01 
 1103.000  9.085264e-01 
 1104.000  9.052256e-01 
 1105.000  8.966942e-01 
 1106.000  8.878332e-01 
 1107.000  8.903074e-01 
 1108.000  8.922864e-01 
 1109.000  9.003169e-01 
 1110.000  9.000118e-01 
 1111.000  8.961660e-01 
 1112.000  8.778431e-01 
 1113.000  8.525355e-01 
 1114.000  8.466960e-01 
 1115.000  8.144927e-01 
 1116.000  7.936837e-01 
 1117.000  7.416005e-01 
 1118.000  6.916742e-01 
 1119.000  6.647750e-01 
 1120.000  6.285243e-01 
 1121.000  6.205024e-01 
 1122.000  5.785926e-01 
 1123.000  6.031660e-01 
 1124.000  6.191117e-01 
 1125.000  6.111265e-01 
 1126.000  6.076730e-01 
 1127.000  6.106566e-01 
 1128.000  6.165247e-01 
 1129.000  6.554813e-01 
 1130.000  7.405338e-01 
 1131.000  7.634563e-01 
 1132.000  7.323779e-01 
 1133.000  6.706845e-01 
 1134.000  5.441647e-01 
 1135.000  5.543817e-01 
 1136.000  6.786720e-01 
 1137.000  7.381453e-01 
 1138.000  7.906213e-01 
 1139.000  8.042094e-01 
 1140.000  7.944803e-01 
 1141.000  7.735865e-01 
 1142.000  7.665346e-01 
 1143.000  7.438312e-01 
 1144.000  7.170416e-01 
 1145.000  6.767179e-01 
 1146.000  6.863695e-01 
 1147.000  7.175639e-01 
 1148.000  7.441792e-01 
 1149.000  7.542576e-01 
 1150.000  7.537115e-01 
