  320.000  1.544940e-01 
  321.000  1.930077e-01 
  322.000  1.777971e-01 
  323.000  1.970924e-01 
  324.000  2.166179e-01 
  325.000  2.020538e-01 
  326.000  2.260088e-01 
  327.000  2.327400e-01 
  328.000  2.182270e-01 
  329.000  2.461644e-01 
  330.000  2.506223e-01 
  331.000  2.418093e-01 
  332.000  2.588536e-01 
  333.000  2.638447e-01 
  334.000  2.597460e-01 
  335.000  2.723199e-01 
  336.000  2.774289e-01 
  337.000  2.752747e-01 
  338.000  2.812686e-01 
  339.000  2.874679e-01 
  340.000  2.864483e-01 
  341.000  2.924784e-01 
  342.000  2.968959e-01 
  343.000  2.991170e-01 
  344.000  2.995711e-01 
  345.000  3.055735e-01 
  346.000  3.093691e-01 
  347.000  3.124669e-01 
  348.000  3.153709e-01 
  349.000  3.186356e-01 
  350.000  3.214285e-01 
  351.000  3.242120e-01 
  352.000  3.264970e-01 
  353.000  3.297484e-01 
  354.000  3.325183e-01 
  355.000  3.350975e-01 
  356.000  3.376121e-01 
  357.000  3.398511e-01 
  358.000  3.422615e-01 
  359.000  3.446707e-01 
  360.000  3.471392e-01 
  361.000  3.502594e-01 
  362.000  3.535104e-01 
  363.000  3.565063e-01 
  364.000  3.592648e-01 
  365.000  3.618535e-01 
  366.000  3.645018e-01 
  367.000  3.670243e-01 
  368.000  3.695250e-01 
  369.000  3.720050e-01 
  370.000  3.744604e-01 
  371.000  3.768975e-01 
  372.000  3.793155e-01 
  373.000  3.817137e-01 
  374.000  3.840742e-01 
  375.000  3.863899e-01 
  376.000  3.886276e-01 
  377.000  3.907432e-01 
  378.000  3.927088e-01 
  379.000  3.947065e-01 
  380.000  3.969042e-01 
  381.000  3.994067e-01 
  382.000  4.020008e-01 
  383.000  4.044545e-01 
  384.000  4.067827e-01 
  385.000  4.090266e-01 
  386.000  4.112133e-01 
  387.000  4.133652e-01 
  388.000  4.154899e-01 
  389.000  4.175975e-01 
  390.000  4.196884e-01 
  391.000  4.217582e-01 
  392.000  4.238129e-01 
  393.000  4.258509e-01 
  394.000  4.278702e-01 
  395.000  4.298691e-01 
  396.000  4.318552e-01 
  397.000  4.338185e-01 
  398.000  4.357639e-01 
  399.000  4.376929e-01 
  400.000  4.395954e-01 
  401.000  4.414908e-01 
  402.000  4.433710e-01 
  403.000  4.452353e-01 
  404.000  4.470831e-01 
  405.000  4.489107e-01 
  406.000  4.507264e-01 
  407.000  4.525279e-01 
  408.000  4.543137e-01 
  409.000  4.560821e-01 
  410.000  4.578338e-01 
  411.000  4.595682e-01 
  412.000  4.612842e-01 
  413.000  4.629903e-01 
  414.000  4.645741e-01 
  415.000  4.662875e-01 
  416.000  4.679793e-01 
  417.000  4.696429e-01 
  418.000  4.712684e-01 
  419.000  4.728760e-01 
  420.000  4.744692e-01 
  421.000  4.760529e-01 
  422.000  4.776269e-01 
  423.000  4.791892e-01 
  424.000  4.807331e-01 
  425.000  4.822417e-01 
  426.000  4.837357e-01 
  427.000  4.852165e-01 
  428.000  4.866711e-01 
  429.000  4.881054e-01 
  430.000  4.895231e-01 
  431.000  4.909302e-01 
  432.000  4.923227e-01 
  433.000  4.937021e-01 
  434.000  4.950698e-01 
  435.000  4.964243e-01 
  436.000  4.977636e-01 
  437.000  4.990884e-01 
  438.000  5.003982e-01 
  439.000  5.016979e-01 
  440.000  5.029767e-01 
  441.000  5.042393e-01 
  442.000  5.054820e-01 
  443.000  5.067059e-01 
  444.000  5.079107e-01 
  445.000  5.090895e-01 
  446.000  5.102357e-01 
  447.000  5.114378e-01 
  448.000  5.127266e-01 
  449.000  5.140313e-01 
  450.000  5.153108e-01 
  451.000  5.165404e-01 
  452.000  5.177269e-01 
  453.000  5.188892e-01 
  454.000  5.200305e-01 
  455.000  5.211056e-01 
  456.000  5.220939e-01 
  457.000  5.230826e-01 
  458.000  5.240579e-01 
  459.000  5.250125e-01 
  460.000  5.259596e-01 
  461.000  5.268967e-01 
  462.000  5.278158e-01 
  463.000  5.287311e-01 
  464.000  5.299227e-01 
  465.000  5.310964e-01 
  466.000  5.322495e-01 
  467.000  5.333758e-01 
  468.000  5.342933e-01 
  469.000  5.350835e-01 
  470.000  5.358102e-01 
  471.000  5.364643e-01 
  472.000  5.370198e-01 
  473.000  5.374092e-01 
  474.000  5.377289e-01 
  475.000  5.378110e-01 
  476.000  5.376527e-01 
  477.000  5.376495e-01 
  478.000  5.385745e-01 
  479.000  5.399827e-01 
  480.000  5.415026e-01 
  481.000  5.428661e-01 
  482.000  5.441449e-01 
  483.000  5.452566e-01 
  484.000  5.462121e-01 
  485.000  5.470667e-01 
  486.000  5.479780e-01 
  487.000  5.489373e-01 
  488.000  5.498658e-01 
  489.000  5.507773e-01 
  490.000  5.516780e-01 
  491.000  5.523833e-01 
  492.000  5.530280e-01 
  493.000  5.536695e-01 
  494.000  5.542929e-01 
  495.000  5.549162e-01 
  496.000  5.552374e-01 
  497.000  5.555465e-01 
  498.000  5.558509e-01 
  499.000  5.561390e-01 
  500.000  5.564225e-01 
  501.000  5.566745e-01 
  502.000  5.569265e-01 
  503.000  5.571755e-01 
  504.000  5.574129e-01 
  505.000  5.576373e-01 
  506.000  5.582948e-01 
  507.000  5.589713e-01 
  508.000  5.596468e-01 
  509.000  5.603145e-01 
  510.000  5.609680e-01 
  511.000  5.615539e-01 
  512.000  5.621197e-01 
  513.000  5.626822e-01 
  514.000  5.632377e-01 
  515.000  5.637882e-01 
  516.000  5.641816e-01 
  517.000  5.644338e-01 
  518.000  5.646790e-01 
  519.000  5.649195e-01 
  520.000  5.651578e-01 
  521.000  5.653712e-01 
  522.000  5.655251e-01 
  523.000  5.656361e-01 
  524.000  5.657508e-01 
  525.000  5.658411e-01 
  526.000  5.659680e-01 
  527.000  5.659884e-01 
  528.000  5.659657e-01 
  529.000  5.659418e-01 
  530.000  5.659232e-01 
  531.000  5.659079e-01 
  532.000  5.659422e-01 
  533.000  5.662514e-01 
  534.000  5.666419e-01 
  535.000  5.670826e-01 
  536.000  5.675087e-01 
  537.000  5.678985e-01 
  538.000  5.682469e-01 
  539.000  5.685698e-01 
  540.000  5.688727e-01 
  541.000  5.691668e-01 
  542.000  5.694480e-01 
  543.000  5.697193e-01 
  544.000  5.699243e-01 
  545.000  5.700755e-01 
  546.000  5.702196e-01 
  547.000  5.703678e-01 
  548.000  5.705085e-01 
  549.000  5.706471e-01 
  550.000  5.707143e-01 
  551.000  5.707108e-01 
  552.000  5.707100e-01 
  553.000  5.706946e-01 
  554.000  5.706725e-01 
  555.000  5.706464e-01 
  556.000  5.705935e-01 
  557.000  5.704944e-01 
  558.000  5.703871e-01 
  559.000  5.702673e-01 
  560.000  5.701172e-01 
  561.000  5.699391e-01 
  562.000  5.695204e-01 
  563.000  5.692975e-01 
  564.000  5.689971e-01 
  565.000  5.685233e-01 
  566.000  5.682511e-01 
  567.000  5.671631e-01 
  568.000  5.638754e-01 
  569.000  5.566255e-01 
  570.000  5.576935e-01 
  571.000  5.627019e-01 
  572.000  5.577958e-01 
  573.000  5.590583e-01 
  574.000  5.593646e-01 
  575.000  5.590352e-01 
  576.000  5.592223e-01 
  577.000  5.609754e-01 
  578.000  5.631582e-01 
  579.000  5.650261e-01 
  580.000  5.666087e-01 
  581.000  5.689729e-01 
  582.000  5.705269e-01 
  583.000  5.714232e-01 
  584.000  5.722633e-01 
  585.000  5.728451e-01 
  586.000  5.734816e-01 
  587.000  5.715770e-01 
  588.000  5.616801e-01 
  589.000  5.461738e-01 
  590.000  5.453552e-01 
  591.000  5.561747e-01 
  592.000  5.506509e-01 
  593.000  5.629991e-01 
  594.000  5.604410e-01 
  595.000  5.520060e-01 
  596.000  5.640112e-01 
  597.000  5.610958e-01 
  598.000  5.658718e-01 
  599.000  5.676900e-01 
  600.000  5.719993e-01 
  601.000  5.747508e-01 
  602.000  5.755173e-01 
  603.000  5.767990e-01 
  604.000  5.782114e-01 
  605.000  5.792037e-01 
  606.000  5.798815e-01 
  607.000  5.805349e-01 
  608.000  5.811398e-01 
  609.000  5.817170e-01 
  610.000  5.823115e-01 
  611.000  5.829718e-01 
  612.000  5.836183e-01 
  613.000  5.842448e-01 
  614.000  5.848528e-01 
  615.000  5.854591e-01 
  616.000  5.860433e-01 
  617.000  5.865951e-01 
  618.000  5.870577e-01 
  619.000  5.874490e-01 
  620.000  5.878113e-01 
  621.000  5.881226e-01 
  622.000  5.883827e-01 
  623.000  5.885567e-01 
  624.000  5.887415e-01 
  625.000  5.888949e-01 
  626.000  5.884844e-01 
  627.000  5.845159e-01 
  628.000  5.651518e-01 
  629.000  5.764078e-01 
  630.000  5.800629e-01 
  631.000  5.838826e-01 
  632.000  5.823565e-01 
  633.000  5.880454e-01 
  634.000  5.905753e-01 
  635.000  5.916305e-01 
  636.000  5.932437e-01 
  637.000  5.946185e-01 
  638.000  5.974963e-01 
  639.000  5.983933e-01 
  640.000  6.002418e-01 
  641.000  6.010324e-01 
  642.000  6.023905e-01 
  643.000  6.015358e-01 
  644.000  6.021181e-01 
  645.000  6.006103e-01 
  646.000  5.921823e-01 
  647.000  5.864573e-01 
  648.000  5.800306e-01 
  649.000  5.863912e-01 
  650.000  5.983319e-01 
  651.000  5.986844e-01 
  652.000  5.888304e-01 
  653.000  6.009378e-01 
  654.000  6.000041e-01 
  655.000  5.960741e-01 
  656.000  5.979319e-01 
  657.000  6.006151e-01 
  658.000  6.050056e-01 
  659.000  6.077188e-01 
  660.000  6.091061e-01 
  661.000  6.124074e-01 
  662.000  6.140665e-01 
  663.000  6.141862e-01 
  664.000  6.150416e-01 
  665.000  6.158446e-01 
  666.000  6.167724e-01 
  667.000  6.175588e-01 
  668.000  6.185077e-01 
  669.000  6.191582e-01 
  670.000  6.197226e-01 
  671.000  6.203229e-01 
  672.000  6.208488e-01 
  673.000  6.213635e-01 
  674.000  6.218730e-01 
  675.000  6.223840e-01 
  676.000  6.228610e-01 
  677.000  6.233004e-01 
  678.000  6.237416e-01 
  679.000  6.240856e-01 
  680.000  6.240085e-01 
  681.000  6.238693e-01 
  682.000  6.240813e-01 
  683.000  6.241533e-01 
  684.000  6.236116e-01 
  685.000  6.245337e-01 
  686.000  6.218876e-01 
  687.000  5.330928e-01 
  688.000  5.610648e-01 
  689.000  5.528873e-01 
  690.000  5.675347e-01 
  691.000  5.860528e-01 
  692.000  5.962023e-01 
  693.000  5.877534e-01 
  694.000  5.773703e-01 
  695.000  5.864267e-01 
  696.000  5.917799e-01 
  697.000  6.152094e-01 
  698.000  6.103429e-01 
  699.000  5.892890e-01 
  700.000  5.927730e-01 
  701.000  5.881086e-01 
  702.000  5.915706e-01 
  703.000  6.092321e-01 
  704.000  6.100273e-01 
  705.000  6.027711e-01 
  706.000  6.042212e-01 
  707.000  6.068571e-01 
  708.000  6.097085e-01 
  709.000  6.155189e-01 
  710.000  6.093817e-01 
  711.000  6.156915e-01 
  712.000  6.210762e-01 
  713.000  6.167750e-01 
  714.000  6.153207e-01 
  715.000  6.082934e-01 
  716.000  6.009509e-01 
  717.000  5.554354e-01 
  718.000  5.278704e-01 
  719.000  5.180046e-01 
  720.000  5.033762e-01 
  721.000  5.684558e-01 
  722.000  5.921171e-01 
  723.000  5.787328e-01 
  724.000  5.411259e-01 
  725.000  5.466023e-01 
  726.000  5.448664e-01 
  727.000  5.501691e-01 
  728.000  5.444198e-01 
  729.000  5.587759e-01 
  730.000  5.563227e-01 
  731.000  5.533593e-01 
  732.000  5.777243e-01 
  733.000  6.013626e-01 
  734.000  6.128466e-01 
  735.000  6.088134e-01 
  736.000  6.012945e-01 
  737.000  6.069717e-01 
  738.000  6.147920e-01 
  739.000  6.181704e-01 
  740.000  6.256768e-01 
  741.000  6.300231e-01 
  742.000  6.318507e-01 
  743.000  6.358687e-01 
  744.000  6.376023e-01 
  745.000  6.389945e-01 
  746.000  6.400406e-01 
  747.000  6.403145e-01 
  748.000  6.412910e-01 
  749.000  6.418179e-01 
  750.000  6.415118e-01 
  751.000  6.416948e-01 
  752.000  6.426172e-01 
  753.000  6.429965e-01 
  754.000  6.432900e-01 
  755.000  6.434722e-01 
  756.000  6.436645e-01 
  757.000  6.437969e-01 
  758.000  6.426104e-01 
  759.000  5.945680e-01 
  760.000  2.511548e-01 
  761.000  2.205161e-01 
  762.000  4.137985e-01 
  763.000  3.523437e-01 
  764.000  3.826449e-01 
  765.000  4.523900e-01 
  766.000  5.380914e-01 
  767.000  5.819204e-01 
  768.000  6.107834e-01 
  769.000  6.299197e-01 
  770.000  6.401883e-01 
  771.000  6.450633e-01 
  772.000  6.462787e-01 
  773.000  6.468213e-01 
  774.000  6.474989e-01 
  775.000  6.479213e-01 
  776.000  6.482292e-01 
  777.000  6.483006e-01 
  778.000  6.482594e-01 
  779.000  6.482101e-01 
  780.000  6.481594e-01 
  781.000  6.485750e-01 
  782.000  6.485110e-01 
  783.000  6.484615e-01 
  784.000  6.481442e-01 
  785.000  6.465009e-01 
  786.000  6.440166e-01 
  787.000  6.383385e-01 
  788.000  6.353533e-01 
  789.000  6.247625e-01 
  790.000  6.238434e-01 
  791.000  6.258293e-01 
  792.000  6.276714e-01 
  793.000  6.319758e-01 
  794.000  6.411277e-01 
  795.000  6.355197e-01 
  796.000  6.206685e-01 
  797.000  6.248949e-01 
  798.000  6.342729e-01 
  799.000  6.321237e-01 
  800.000  6.252882e-01 
  801.000  6.260937e-01 
  802.000  6.253985e-01 
  803.000  6.263919e-01 
  804.000  6.296005e-01 
  805.000  6.357567e-01 
  806.000  6.394382e-01 
  807.000  6.395961e-01 
  808.000  6.374966e-01 
  809.000  6.349173e-01 
  810.000  6.320879e-01 
  811.000  6.263095e-01 
  812.000  6.185479e-01 
  813.000  6.090807e-01 
  814.000  5.966565e-01 
  815.000  5.812855e-01 
  816.000  5.618534e-01 
  817.000  5.628664e-01 
  818.000  5.644239e-01 
  819.000  5.708351e-01 
  820.000  5.923243e-01 
  821.000  6.170926e-01 
  822.000  5.982195e-01 
  823.000  5.465333e-01 
  824.000  5.900062e-01 
  825.000  6.184949e-01 
  826.000  6.136637e-01 
  827.000  6.100438e-01 
  828.000  5.913047e-01 
  829.000  5.980173e-01 
  830.000  6.055847e-01 
  831.000  6.073781e-01 
  832.000  6.082058e-01 
  833.000  6.125995e-01 
  834.000  6.177886e-01 
  835.000  6.280990e-01 
  836.000  6.247950e-01 
  837.000  6.244596e-01 
  838.000  6.294760e-01 
  839.000  6.325298e-01 
  840.000  6.336357e-01 
  841.000  6.303261e-01 
  842.000  6.332948e-01 
  843.000  6.403627e-01 
  844.000  6.435782e-01 
  845.000  6.450747e-01 
  846.000  6.466497e-01 
  847.000  6.483858e-01 
  848.000  6.455072e-01 
  849.000  6.458678e-01 
  850.000  6.444420e-01 
  851.000  6.427466e-01 
  852.000  6.429096e-01 
  853.000  6.456974e-01 
  854.000  6.455444e-01 
  855.000  6.469456e-01 
  856.000  6.498660e-01 
  857.000  6.509618e-01 
  858.000  6.516235e-01 
  859.000  6.530165e-01 
  860.000  6.536965e-01 
  861.000  6.538134e-01 
  862.000  6.542346e-01 
  863.000  6.542869e-01 
  864.000  6.545749e-01 
  865.000  6.548099e-01 
  866.000  6.548700e-01 
  867.000  6.548240e-01 
  868.000  6.548584e-01 
  869.000  6.549344e-01 
  870.000  6.548734e-01 
  871.000  6.549453e-01 
  872.000  6.551248e-01 
  873.000  6.549396e-01 
  874.000  6.548379e-01 
  875.000  6.548117e-01 
  876.000  6.544906e-01 
  877.000  6.543700e-01 
  878.000  6.534865e-01 
  879.000  6.534234e-01 
  880.000  6.526609e-01 
  881.000  6.522081e-01 
  882.000  6.518345e-01 
  883.000  6.521970e-01 
  884.000  6.523644e-01 
  885.000  6.507903e-01 
  886.000  6.487358e-01 
  887.000  6.504240e-01 
  888.000  6.503182e-01 
  889.000  6.508230e-01 
  890.000  6.495185e-01 
  891.000  6.468447e-01 
  892.000  6.412194e-01 
  893.000  6.242726e-01 
  894.000  6.158193e-01 
  895.000  5.904426e-01 
  896.000  5.678490e-01 
  897.000  5.442418e-01 
  898.000  5.332842e-01 
  899.000  5.030694e-01 
  900.000  5.073014e-01 
  901.000  4.995455e-01 
  902.000  5.010951e-01 
  903.000  5.520077e-01 
  904.000  5.837978e-01 
  905.000  5.827190e-01 
  906.000  5.628225e-01 
  907.000  5.281262e-01 
  908.000  5.055892e-01 
  909.000  5.064774e-01 
  910.000  5.098236e-01 
  911.000  5.247415e-01 
  912.000  5.175114e-01 
  913.000  4.864369e-01 
  914.000  5.017492e-01 
  915.000  5.139571e-01 
  916.000  5.173228e-01 
  917.000  5.240508e-01 
  918.000  5.327592e-01 
  919.000  5.625163e-01 
  920.000  5.853692e-01 
  921.000  5.803933e-01 
  922.000  5.799795e-01 
  923.000  5.736098e-01 
  924.000  5.583758e-01 
  925.000  5.569662e-01 
  926.000  5.562129e-01 
  927.000  5.382779e-01 
  928.000  5.110525e-01 
  929.000  4.725335e-01 
  930.000  4.249563e-01 
  931.000  3.737231e-01 
  932.000  3.089101e-01 
  933.000  2.638974e-01 
  934.000  2.203505e-01 
  935.000  2.156247e-01 
  936.000  2.320907e-01 
  937.000  2.280964e-01 
  938.000  2.775810e-01 
  939.000  4.165437e-01 
  940.000  4.387587e-01 
  941.000  4.200456e-01 
  942.000  3.746895e-01 
  943.000  3.024866e-01 
  944.000  2.974349e-01 
  945.000  3.225459e-01 
  946.000  3.241860e-01 
  947.000  3.477015e-01 
  948.000  3.616623e-01 
  949.000  3.601192e-01 
  950.000  3.637907e-01 
  951.000  3.954014e-01 
  952.000  3.621627e-01 
  953.000  3.859374e-01 
  954.000  4.119486e-01 
  955.000  3.914592e-01 
  956.000  3.873811e-01 
  957.000  4.536135e-01 
  958.000  4.627007e-01 
  959.000  4.517640e-01 
  960.000  4.487368e-01 
  961.000  4.433179e-01 
  962.000  4.485774e-01 
  963.000  4.859984e-01 
  964.000  4.915604e-01 
  965.000  4.881184e-01 
  966.000  4.903383e-01 
  967.000  5.176577e-01 
  968.000  5.640761e-01 
  969.000  5.854377e-01 
  970.000  5.866589e-01 
  971.000  5.861676e-01 
  972.000  5.800886e-01 
  973.000  5.661445e-01 
  974.000  5.493175e-01 
  975.000  5.385849e-01 
  976.000  5.517236e-01 
  977.000  5.736260e-01 
  978.000  5.719088e-01 
  979.000  5.776947e-01 
  980.000  6.003402e-01 
  981.000  6.054287e-01 
  982.000  6.004359e-01 
  983.000  6.121736e-01 
  984.000  6.243005e-01 
  985.000  6.312243e-01 
  986.000  6.401779e-01 
  987.000  6.440793e-01 
  988.000  6.449838e-01 
  989.000  6.455617e-01 
  990.000  6.465110e-01 
  991.000  6.498497e-01 
  992.000  6.507947e-01 
  993.000  6.511454e-01 
  994.000  6.541573e-01 
  995.000  6.561098e-01 
  996.000  6.560860e-01 
  997.000  6.547338e-01 
  998.000  6.533421e-01 
  999.000  6.527753e-01 
 1000.000  6.532252e-01 
 1001.000  6.500217e-01 
 1002.000  6.449080e-01 
 1003.000  6.461138e-01 
 1004.000  6.490451e-01 
 1005.000  6.503822e-01 
 1006.000  6.508106e-01 
 1007.000  6.498271e-01 
 1008.000  6.456596e-01 
 1009.000  6.401004e-01 
 1010.000  6.425710e-01 
 1011.000  6.484779e-01 
 1012.000  6.507298e-01 
 1013.000  6.525037e-01 
 1014.000  6.532457e-01 
 1015.000  6.533870e-01 
 1016.000  6.541878e-01 
 1017.000  6.546512e-01 
 1018.000  6.536456e-01 
 1019.000  6.515864e-01 
 1020.000  6.523075e-01 
 1021.000  6.537896e-01 
 1022.000  6.512976e-01 
 1023.000  6.492149e-01 
 1024.000  6.479689e-01 
 1025.000  6.517897e-01 
 1026.000  6.534805e-01 
 1027.000  6.527647e-01 
 1028.000  6.533585e-01 
 1029.000  6.549079e-01 
 1030.000  6.564469e-01 
 1031.000  6.572366e-01 
 1032.000  6.579080e-01 
 1033.000  6.580419e-01 
 1034.000  6.584147e-01 
 1035.000  6.585982e-01 
 1036.000  6.585088e-01 
 1037.000  6.585649e-01 
 1038.000  6.586900e-01 
 1039.000  6.584584e-01 
 1040.000  6.582637e-01 
 1041.000  6.581100e-01 
 1042.000  6.580696e-01 
 1043.000  6.580707e-01 
 1044.000  6.579381e-01 
 1045.000  6.575027e-01 
 1046.000  6.572132e-01 
 1047.000  6.568733e-01 
 1048.000  6.564653e-01 
 1049.000  6.560871e-01 
 1050.000  6.556501e-01 
 1051.000  6.550153e-01 
 1052.000  6.545959e-01 
 1053.000  6.545305e-01 
 1054.000  6.538713e-01 
 1055.000  6.532485e-01 
 1056.000  6.527111e-01 
 1057.000  6.513276e-01 
 1058.000  6.487938e-01 
 1059.000  6.489652e-01 
 1060.000  6.502562e-01 
 1061.000  6.499459e-01 
 1062.000  6.483545e-01 
 1063.000  6.477878e-01 
 1064.000  6.464415e-01 
 1065.000  6.449445e-01 
 1066.000  6.450753e-01 
 1067.000  6.441877e-01 
 1068.000  6.409909e-01 
 1069.000  6.393886e-01 
 1070.000  6.398360e-01 
 1071.000  6.377640e-01 
 1072.000  6.356531e-01 
 1073.000  6.352282e-01 
 1074.000  6.355153e-01 
 1075.000  6.385850e-01 
 1076.000  6.366257e-01 
 1077.000  6.340088e-01 
 1078.000  6.309360e-01 
 1079.000  6.305161e-01 
 1080.000  6.223580e-01 
 1081.000  6.218802e-01 
 1082.000  6.254385e-01 
 1083.000  6.210990e-01 
 1084.000  6.163688e-01 
 1085.000  6.051693e-01 
 1086.000  6.077523e-01 
 1087.000  6.200346e-01 
 1088.000  6.205121e-01 
 1089.000  6.055107e-01 
 1090.000  6.026732e-01 
 1091.000  6.054743e-01 
 1092.000  5.980380e-01 
 1093.000  5.815826e-01 
 1094.000  5.744495e-01 
 1095.000  5.755574e-01 
 1096.000  5.765248e-01 
 1097.000  5.731842e-01 
 1098.000  5.338541e-01 
 1099.000  5.009166e-01 
 1100.000  5.030738e-01 
 1101.000  5.075215e-01 
 1102.000  5.052259e-01 
 1103.000  5.081186e-01 
 1104.000  5.025742e-01 
 1105.000  4.888216e-01 
 1106.000  4.751824e-01 
 1107.000  4.783499e-01 
 1108.000  4.805355e-01 
 1109.000  4.918151e-01 
 1110.000  4.898613e-01 
 1111.000  4.831077e-01 
 1112.000  4.544282e-01 
 1113.000  4.157039e-01 
 1114.000  4.044739e-01 
 1115.000  3.585290e-01 
 1116.000  3.310747e-01 
 1117.000  2.713126e-01 
 1118.000  2.194359e-01 
 1119.000  1.929094e-01 
 1120.000  1.622197e-01 
 1121.000  1.555374e-01 
 1122.000  1.267318e-01 
 1123.000  1.415042e-01 
 1124.000  1.517975e-01 
 1125.000  1.461870e-01 
 1126.000  1.440675e-01 
 1127.000  1.467515e-01 
 1128.000  1.519430e-01 
 1129.000  1.819149e-01 
 1130.000  2.571870e-01 
 1131.000  2.804658e-01 
 1132.000  2.485067e-01 
 1133.000  1.942901e-01 
 1134.000  1.078725e-01 
 1135.000  1.139379e-01 
 1136.000  2.026225e-01 
 1137.000  2.577959e-01 
 1138.000  3.157966e-01 
 1139.000  3.354426e-01 
 1140.000  3.240587e-01 
 1141.000  3.018340e-01 
 1142.000  2.938135e-01 
 1143.000  2.692114e-01 
 1144.000  2.425870e-01 
 1145.000  2.056350e-01 
 1146.000  2.142440e-01 
 1147.000  2.434314e-01 
 1148.000  2.703643e-01 
 1149.000  2.818045e-01 
 1150.000  2.831594e-01 
