  320.000  1.037843e-01 
  321.000  1.345568e-01 
  322.000  1.222683e-01 
  323.000  1.378848e-01 
  324.000  1.539496e-01 
  325.000  1.419428e-01 
  326.000  1.617638e-01 
  327.000  1.673984e-01 
  328.000  1.552846e-01 
  329.000  1.787165e-01 
  330.000  1.824980e-01 
  331.000  1.750331e-01 
  332.000  1.895097e-01 
  333.000  1.937796e-01 
  334.000  1.902722e-01 
  335.000  2.010609e-01 
  336.000  2.054685e-01 
  337.000  2.036084e-01 
  338.000  2.087901e-01 
  339.000  2.141687e-01 
  340.000  2.132827e-01 
  341.000  2.185300e-01 
  342.000  2.223855e-01 
  343.000  2.243278e-01 
  344.000  2.247251e-01 
  345.000  2.299870e-01 
  346.000  2.333233e-01 
  347.000  2.360512e-01 
  348.000  2.386127e-01 
  349.000  2.414970e-01 
  350.000  2.439683e-01 
  351.000  2.464350e-01 
  352.000  2.484625e-01 
  353.000  2.513515e-01 
  354.000  2.538165e-01 
  355.000  2.561148e-01 
  356.000  2.583584e-01 
  357.000  2.603585e-01 
  358.000  2.625142e-01 
  359.000  2.646712e-01 
  360.000  2.668841e-01 
  361.000  2.696848e-01 
  362.000  2.726074e-01 
  363.000  2.753046e-01 
  364.000  2.777914e-01 
  365.000  2.801281e-01 
  366.000  2.825213e-01 
  367.000  2.848037e-01 
  368.000  2.870689e-01 
  369.000  2.893179e-01 
  370.000  2.915470e-01 
  371.000  2.937619e-01 
  372.000  2.959618e-01 
  373.000  2.981461e-01 
  374.000  3.002982e-01 
  375.000  3.024116e-01 
  376.000  3.044558e-01 
  377.000  3.063903e-01 
  378.000  3.081892e-01 
  379.000  3.100190e-01 
  380.000  3.120338e-01 
  381.000  3.143303e-01 
  382.000  3.167134e-01 
  383.000  3.189699e-01 
  384.000  3.211130e-01 
  385.000  3.231805e-01 
  386.000  3.251972e-01 
  387.000  3.271834e-01 
  388.000  3.291463e-01 
  389.000  3.310950e-01 
  390.000  3.330299e-01 
  391.000  3.349468e-01 
  392.000  3.368513e-01 
  393.000  3.387419e-01 
  394.000  3.406165e-01 
  395.000  3.424737e-01 
  396.000  3.443205e-01 
  397.000  3.461474e-01 
  398.000  3.479590e-01 
  399.000  3.497568e-01 
  400.000  3.515311e-01 
  401.000  3.533000e-01 
  402.000  3.550560e-01 
  403.000  3.567984e-01 
  404.000  3.585265e-01 
  405.000  3.602370e-01 
  406.000  3.619374e-01 
  407.000  3.636257e-01 
  408.000  3.653004e-01 
  409.000  3.669599e-01 
  410.000  3.686047e-01 
  411.000  3.702343e-01 
  412.000  3.718476e-01 
  413.000  3.734527e-01 
  414.000  3.749435e-01 
  415.000  3.765573e-01 
  416.000  3.781518e-01 
  417.000  3.797206e-01 
  418.000  3.812543e-01 
  419.000  3.827721e-01 
  420.000  3.842770e-01 
  421.000  3.857738e-01 
  422.000  3.872623e-01 
  423.000  3.887405e-01 
  424.000  3.902022e-01 
  425.000  3.916312e-01 
  426.000  3.930470e-01 
  427.000  3.944511e-01 
  428.000  3.958310e-01 
  429.000  3.971924e-01 
  430.000  3.985386e-01 
  431.000  3.998755e-01 
  432.000  4.011990e-01 
  433.000  4.025107e-01 
  434.000  4.038120e-01 
  435.000  4.051012e-01 
  436.000  4.063766e-01 
  437.000  4.076387e-01 
  438.000  4.088870e-01 
  439.000  4.101264e-01 
  440.000  4.113462e-01 
  441.000  4.125512e-01 
  442.000  4.137376e-01 
  443.000  4.149066e-01 
  444.000  4.160577e-01 
  445.000  4.171846e-01 
  446.000  4.182806e-01 
  447.000  4.194304e-01 
  448.000  4.206639e-01 
  449.000  4.219129e-01 
  450.000  4.231384e-01 
  451.000  4.243166e-01 
  452.000  4.254540e-01 
  453.000  4.265685e-01 
  454.000  4.276633e-01 
  455.000  4.286950e-01 
  456.000  4.296437e-01 
  457.000  4.305930e-01 
  458.000  4.315298e-01 
  459.000  4.324470e-01 
  460.000  4.333573e-01 
  461.000  4.342582e-01 
  462.000  4.351422e-01 
  463.000  4.360226e-01 
  464.000  4.371693e-01 
  465.000  4.382991e-01 
  466.000  4.394095e-01 
  467.000  4.404946e-01 
  468.000  4.413787e-01 
  469.000  4.421404e-01 
  470.000  4.428410e-01 
  471.000  4.434718e-01 
  472.000  4.440076e-01 
  473.000  4.443832e-01 
  474.000  4.446917e-01 
  475.000  4.447709e-01 
  476.000  4.446182e-01 
  477.000  4.446150e-01 
  478.000  4.455076e-01 
  479.000  4.468669e-01 
  480.000  4.483347e-01 
  481.000  4.496520e-01 
  482.000  4.508880e-01 
  483.000  4.519629e-01 
  484.000  4.528871e-01 
  485.000  4.537138e-01 
  486.000  4.545957e-01 
  487.000  4.555244e-01 
  488.000  4.564234e-01 
  489.000  4.573062e-01 
  490.000  4.581788e-01 
  491.000  4.588622e-01 
  492.000  4.594871e-01 
  493.000  4.601090e-01 
  494.000  4.607135e-01 
  495.000  4.613180e-01 
  496.000  4.616295e-01 
  497.000  4.619293e-01 
  498.000  4.622246e-01 
  499.000  4.625041e-01 
  500.000  4.627792e-01 
  501.000  4.630238e-01 
  502.000  4.632683e-01 
  503.000  4.635099e-01 
  504.000  4.637403e-01 
  505.000  4.639582e-01 
  506.000  4.645965e-01 
  507.000  4.652534e-01 
  508.000  4.659094e-01 
  509.000  4.665579e-01 
  510.000  4.671929e-01 
  511.000  4.677621e-01 
  512.000  4.683120e-01 
  513.000  4.688587e-01 
  514.000  4.693988e-01 
  515.000  4.699342e-01 
  516.000  4.703167e-01 
  517.000  4.705620e-01 
  518.000  4.708005e-01 
  519.000  4.710345e-01 
  520.000  4.712663e-01 
  521.000  4.714739e-01 
  522.000  4.716237e-01 
  523.000  4.717317e-01 
  524.000  4.718432e-01 
  525.000  4.719312e-01 
  526.000  4.720546e-01 
  527.000  4.720744e-01 
  528.000  4.720524e-01 
  529.000  4.720291e-01 
  530.000  4.720110e-01 
  531.000  4.719961e-01 
  532.000  4.720294e-01 
  533.000  4.723304e-01 
  534.000  4.727104e-01 
  535.000  4.731394e-01 
  536.000  4.735541e-01 
  537.000  4.739336e-01 
  538.000  4.742729e-01 
  539.000  4.745874e-01 
  540.000  4.748823e-01 
  541.000  4.751687e-01 
  542.000  4.754426e-01 
  543.000  4.757068e-01 
  544.000  4.759066e-01 
  545.000  4.760539e-01 
  546.000  4.761943e-01 
  547.000  4.763387e-01 
  548.000  4.764759e-01 
  549.000  4.766109e-01 
  550.000  4.766763e-01 
  551.000  4.766729e-01 
  552.000  4.766721e-01 
  553.000  4.766571e-01 
  554.000  4.766355e-01 
  555.000  4.766102e-01 
  556.000  4.765587e-01 
  557.000  4.764620e-01 
  558.000  4.763575e-01 
  559.000  4.762409e-01 
  560.000  4.760949e-01 
  561.000  4.759220e-01 
  562.000  4.755931e-01 
  563.000  4.753827e-01 
  564.000  4.751098e-01 
  565.000  4.747048e-01 
  566.000  4.744035e-01 
  567.000  4.735619e-01 
  568.000  4.713959e-01 
  569.000  4.670530e-01 
  570.000  4.674981e-01 
  571.000  4.701541e-01 
  572.000  4.671387e-01 
  573.000  4.676689e-01 
  574.000  4.675527e-01 
  575.000  4.673942e-01 
  576.000  4.674284e-01 
  577.000  4.686144e-01 
  578.000  4.701319e-01 
  579.000  4.716384e-01 
  580.000  4.732049e-01 
  581.000  4.753357e-01 
  582.000  4.768622e-01 
  583.000  4.779093e-01 
  584.000  4.788688e-01 
  585.000  4.796011e-01 
  586.000  4.803510e-01 
  587.000  4.794820e-01 
  588.000  4.740807e-01 
  589.000  4.650661e-01 
  590.000  4.647330e-01 
  591.000  4.713246e-01 
  592.000  4.681659e-01 
  593.000  4.756286e-01 
  594.000  4.742306e-01 
  595.000  4.693218e-01 
  596.000  4.763768e-01 
  597.000  4.745113e-01 
  598.000  4.772037e-01 
  599.000  4.781386e-01 
  600.000  4.805378e-01 
  601.000  4.819387e-01 
  602.000  4.822483e-01 
  603.000  4.830965e-01 
  604.000  4.842088e-01 
  605.000  4.850398e-01 
  606.000  4.856653e-01 
  607.000  4.862703e-01 
  608.000  4.868553e-01 
  609.000  4.874155e-01 
  610.000  4.879963e-01 
  611.000  4.886418e-01 
  612.000  4.892741e-01 
  613.000  4.898868e-01 
  614.000  4.904816e-01 
  615.000  4.910749e-01 
  616.000  4.916466e-01 
  617.000  4.921868e-01 
  618.000  4.926396e-01 
  619.000  4.930228e-01 
  620.000  4.933775e-01 
  621.000  4.936824e-01 
  622.000  4.939372e-01 
  623.000  4.941077e-01 
  624.000  4.942892e-01 
  625.000  4.944409e-01 
  626.000  4.942457e-01 
  627.000  4.916338e-01 
  628.000  4.738264e-01 
  629.000  4.849663e-01 
  630.000  4.871971e-01 
  631.000  4.907233e-01 
  632.000  4.908909e-01 
  633.000  4.949370e-01 
  634.000  4.972290e-01 
  635.000  4.984388e-01 
  636.000  4.999647e-01 
  637.000  5.013008e-01 
  638.000  5.035057e-01 
  639.000  5.044912e-01 
  640.000  5.060365e-01 
  641.000  5.068992e-01 
  642.000  5.080655e-01 
  643.000  5.079101e-01 
  644.000  5.085589e-01 
  645.000  5.078845e-01 
  646.000  5.032822e-01 
  647.000  5.001260e-01 
  648.000  4.965205e-01 
  649.000  5.005932e-01 
  650.000  5.079687e-01 
  651.000  5.083916e-01 
  652.000  5.026947e-01 
  653.000  5.101575e-01 
  654.000  5.098048e-01 
  655.000  5.076592e-01 
  656.000  5.089770e-01 
  657.000  5.107700e-01 
  658.000  5.135911e-01 
  659.000  5.154117e-01 
  660.000  5.163012e-01 
  661.000  5.185581e-01 
  662.000  5.197391e-01 
  663.000  5.200216e-01 
  664.000  5.207193e-01 
  665.000  5.214117e-01 
  666.000  5.221763e-01 
  667.000  5.228763e-01 
  668.000  5.236610e-01 
  669.000  5.242574e-01 
  670.000  5.247991e-01 
  671.000  5.253628e-01 
  672.000  5.258791e-01 
  673.000  5.263877e-01 
  674.000  5.268924e-01 
  675.000  5.273974e-01 
  676.000  5.278733e-01 
  677.000  5.283107e-01 
  678.000  5.287488e-01 
  679.000  5.291232e-01 
  680.000  5.292237e-01 
  681.000  5.292210e-01 
  682.000  5.295465e-01 
  683.000  5.297651e-01 
  684.000  5.295939e-01 
  685.000  5.303033e-01 
  686.000  5.280120e-01 
  687.000  4.461574e-01 
  688.000  4.715729e-01 
  689.000  4.644445e-01 
  690.000  4.777512e-01 
  691.000  4.956585e-01 
  692.000  5.071189e-01 
  693.000  5.053767e-01 
  694.000  5.011015e-01 
  695.000  5.076966e-01 
  696.000  5.114852e-01 
  697.000  5.262807e-01 
  698.000  5.234454e-01 
  699.000  5.105047e-01 
  700.000  5.128003e-01 
  701.000  5.099981e-01 
  702.000  5.122621e-01 
  703.000  5.233359e-01 
  704.000  5.239277e-01 
  705.000  5.195137e-01 
  706.000  5.204959e-01 
  707.000  5.222141e-01 
  708.000  5.240629e-01 
  709.000  5.277417e-01 
  710.000  5.240301e-01 
  711.000  5.280207e-01 
  712.000  5.314332e-01 
  713.000  5.288718e-01 
  714.000  5.280751e-01 
  715.000  5.238553e-01 
  716.000  5.194763e-01 
  717.000  4.910416e-01 
  718.000  4.735857e-01 
  719.000  4.673634e-01 
  720.000  4.578726e-01 
  721.000  4.997920e-01 
  722.000  5.147527e-01 
  723.000  5.064378e-01 
  724.000  4.826317e-01 
  725.000  4.862528e-01 
  726.000  4.851839e-01 
  727.000  4.886227e-01 
  728.000  4.849782e-01 
  729.000  4.941875e-01 
  730.000  4.926379e-01 
  731.000  4.907553e-01 
  732.000  5.062664e-01 
  733.000  5.211145e-01 
  734.000  5.282855e-01 
  735.000  5.258210e-01 
  736.000  5.211741e-01 
  737.000  5.247514e-01 
  738.000  5.296530e-01 
  739.000  5.317848e-01 
  740.000  5.364650e-01 
  741.000  5.391853e-01 
  742.000  5.403510e-01 
  743.000  5.426860e-01 
  744.000  5.439063e-01 
  745.000  5.448062e-01 
  746.000  5.454693e-01 
  747.000  5.457073e-01 
  748.000  5.464361e-01 
  749.000  5.468445e-01 
  750.000  5.466835e-01 
  751.000  5.468668e-01 
  752.000  5.475583e-01 
  753.000  5.478693e-01 
  754.000  5.481242e-01 
  755.000  5.483062e-01 
  756.000  5.484945e-01 
  757.000  5.486260e-01 
  758.000  5.474820e-01 
  759.000  5.030727e-01 
  760.000  1.965889e-01 
  761.000  1.705927e-01 
  762.000  3.388637e-01 
  763.000  2.843814e-01 
  764.000  3.111590e-01 
  765.000  3.734883e-01 
  766.000  4.512737e-01 
  767.000  4.915078e-01 
  768.000  5.181607e-01 
  769.000  5.358991e-01 
  770.000  5.455347e-01 
  771.000  5.500169e-01 
  772.000  5.511560e-01 
  773.000  5.516675e-01 
  774.000  5.523465e-01 
  775.000  5.527637e-01 
  776.000  5.530599e-01 
  777.000  5.531626e-01 
  778.000  5.531769e-01 
  779.000  5.531777e-01 
  780.000  5.531744e-01 
  781.000  5.534807e-01 
  782.000  5.534686e-01 
  783.000  5.534660e-01 
  784.000  5.532612e-01 
  785.000  5.522604e-01 
  786.000  5.506302e-01 
  787.000  5.473178e-01 
  788.000  5.454889e-01 
  789.000  5.388783e-01 
  790.000  5.383371e-01 
  791.000  5.396195e-01 
  792.000  5.408059e-01 
  793.000  5.435354e-01 
  794.000  5.492957e-01 
  795.000  5.458186e-01 
  796.000  5.365145e-01 
  797.000  5.392084e-01 
  798.000  5.451295e-01 
  799.000  5.438097e-01 
  800.000  5.395438e-01 
  801.000  5.400804e-01 
  802.000  5.396717e-01 
  803.000  5.403240e-01 
  804.000  5.423656e-01 
  805.000  5.462554e-01 
  806.000  5.485866e-01 
  807.000  5.487133e-01 
  808.000  5.474297e-01 
  809.000  5.458468e-01 
  810.000  5.441111e-01 
  811.000  5.405234e-01 
  812.000  5.356886e-01 
  813.000  5.297620e-01 
  814.000  5.219381e-01 
  815.000  5.122086e-01 
  816.000  4.997159e-01 
  817.000  5.004373e-01 
  818.000  5.014776e-01 
  819.000  5.056166e-01 
  820.000  5.194212e-01 
  821.000  5.351973e-01 
  822.000  5.232318e-01 
  823.000  4.898632e-01 
  824.000  5.180130e-01 
  825.000  5.361518e-01 
  826.000  5.330715e-01 
  827.000  5.308000e-01 
  828.000  5.188867e-01 
  829.000  5.232024e-01 
  830.000  5.280353e-01 
  831.000  5.291836e-01 
  832.000  5.296945e-01 
  833.000  5.324890e-01 
  834.000  5.357760e-01 
  835.000  5.422826e-01 
  836.000  5.402120e-01 
  837.000  5.400075e-01 
  838.000  5.431867e-01 
  839.000  5.451224e-01 
  840.000  5.458379e-01 
  841.000  5.437753e-01 
  842.000  5.456615e-01 
  843.000  5.501174e-01 
  844.000  5.521477e-01 
  845.000  5.531042e-01 
  846.000  5.541091e-01 
  847.000  5.550165e-01 
  848.000  5.534389e-01 
  849.000  5.536879e-01 
  850.000  5.528191e-01 
  851.000  5.517799e-01 
  852.000  5.519037e-01 
  853.000  5.536698e-01 
  854.000  5.535927e-01 
  855.000  5.544892e-01 
  856.000  5.561695e-01 
  857.000  5.569371e-01 
  858.000  5.573881e-01 
  859.000  5.582740e-01 
  860.000  5.587693e-01 
  861.000  5.588652e-01 
  862.000  5.591635e-01 
  863.000  5.592166e-01 
  864.000  5.594263e-01 
  865.000  5.596008e-01 
  866.000  5.596589e-01 
  867.000  5.596452e-01 
  868.000  5.596858e-01 
  869.000  5.597546e-01 
  870.000  5.597306e-01 
  871.000  5.597963e-01 
  872.000  5.599349e-01 
  873.000  5.598268e-01 
  874.000  5.597751e-01 
  875.000  5.597745e-01 
  876.000  5.595746e-01 
  877.000  5.594804e-01 
  878.000  5.589281e-01 
  879.000  5.589023e-01 
  880.000  5.584420e-01 
  881.000  5.581591e-01 
  882.000  5.579668e-01 
  883.000  5.581872e-01 
  884.000  5.583162e-01 
  885.000  5.573397e-01 
  886.000  5.559855e-01 
  887.000  5.571166e-01 
  888.000  5.570669e-01 
  889.000  5.573530e-01 
  890.000  5.565979e-01 
  891.000  5.551043e-01 
  892.000  5.515924e-01 
  893.000  5.408845e-01 
  894.000  5.355601e-01 
  895.000  5.192825e-01 
  896.000  5.047067e-01 
  897.000  4.893553e-01 
  898.000  4.821868e-01 
  899.000  4.619495e-01 
  900.000  4.648817e-01 
  901.000  4.596309e-01 
  902.000  4.606100e-01 
  903.000  4.946561e-01 
  904.000  5.154831e-01 
  905.000  5.147388e-01 
  906.000  5.017318e-01 
  907.000  4.787585e-01 
  908.000  4.636440e-01 
  909.000  4.642958e-01 
  910.000  4.665827e-01 
  911.000  4.766344e-01 
  912.000  4.717811e-01 
  913.000  4.506888e-01 
  914.000  4.611259e-01 
  915.000  4.693579e-01 
  916.000  4.715968e-01 
  917.000  4.760752e-01 
  918.000  4.818639e-01 
  919.000  5.015486e-01 
  920.000  5.164422e-01 
  921.000  5.131741e-01 
  922.000  5.129051e-01 
  923.000  5.087621e-01 
  924.000  4.987954e-01 
  925.000  4.979747e-01 
  926.000  4.977337e-01 
  927.000  4.860991e-01 
  928.000  4.682189e-01 
  929.000  4.424524e-01 
  930.000  4.097797e-01 
  931.000  3.734019e-01 
  932.000  3.260193e-01 
  933.000  2.908961e-01 
  934.000  2.550223e-01 
  935.000  2.512099e-01 
  936.000  2.653640e-01 
  937.000  2.617747e-01 
  938.000  3.017942e-01 
  939.000  4.063476e-01 
  940.000  4.219858e-01 
  941.000  4.085105e-01 
  942.000  3.754955e-01 
  943.000  3.207498e-01 
  944.000  3.169331e-01 
  945.000  3.365868e-01 
  946.000  3.376939e-01 
  947.000  3.552742e-01 
  948.000  3.655939e-01 
  949.000  3.642537e-01 
  950.000  3.669004e-01 
  951.000  3.900111e-01 
  952.000  3.653311e-01 
  953.000  3.826501e-01 
  954.000  4.012430e-01 
  955.000  3.861891e-01 
  956.000  3.828254e-01 
  957.000  4.298637e-01 
  958.000  4.359650e-01 
  959.000  4.281463e-01 
  960.000  4.258804e-01 
  961.000  4.219647e-01 
  962.000  4.255453e-01 
  963.000  4.513809e-01 
  964.000  4.550976e-01 
  965.000  4.526365e-01 
  966.000  4.540450e-01 
  967.000  4.724864e-01 
  968.000  5.032712e-01 
  969.000  5.171766e-01 
  970.000  5.179293e-01 
  971.000  5.176042e-01 
  972.000  5.136622e-01 
  973.000  5.045491e-01 
  974.000  4.934459e-01 
  975.000  4.863118e-01 
  976.000  4.950458e-01 
  977.000  5.094694e-01 
  978.000  5.083035e-01 
  979.000  5.120434e-01 
  980.000  5.267489e-01 
  981.000  5.300102e-01 
  982.000  5.267419e-01 
  983.000  5.342907e-01 
  984.000  5.420600e-01 
  985.000  5.464748e-01 
  986.000  5.521695e-01 
  987.000  5.546380e-01 
  988.000  5.552059e-01 
  989.000  5.555706e-01 
  990.000  5.561758e-01 
  991.000  5.582970e-01 
  992.000  5.589030e-01 
  993.000  5.591325e-01 
  994.000  5.609035e-01 
  995.000  5.622129e-01 
  996.000  5.622061e-01 
  997.000  5.613297e-01 
  998.000  5.604016e-01 
  999.000  5.600382e-01 
 1000.000  5.603460e-01 
 1001.000  5.584987e-01 
 1002.000  5.552613e-01 
 1003.000  5.560378e-01 
 1004.000  5.579097e-01 
 1005.000  5.587682e-01 
 1006.000  5.590343e-01 
 1007.000  5.584201e-01 
 1008.000  5.557795e-01 
 1009.000  5.522444e-01 
 1010.000  5.538218e-01 
 1011.000  5.575770e-01 
 1012.000  5.590079e-01 
 1013.000  5.601284e-01 
 1014.000  5.604195e-01 
 1015.000  5.605078e-01 
 1016.000  5.610339e-01 
 1017.000  5.613403e-01 
 1018.000  5.606737e-01 
 1019.000  5.595350e-01 
 1020.000  5.599887e-01 
 1021.000  5.607646e-01 
 1022.000  5.593380e-01 
 1023.000  5.580059e-01 
 1024.000  5.572032e-01 
 1025.000  5.596198e-01 
 1026.000  5.605086e-01 
 1027.000  5.600240e-01 
 1028.000  5.603946e-01 
 1029.000  5.614191e-01 
 1030.000  5.623745e-01 
 1031.000  5.628463e-01 
 1032.000  5.632089e-01 
 1033.000  5.633150e-01 
 1034.000  5.635371e-01 
 1035.000  5.636401e-01 
 1036.000  5.634933e-01 
 1037.000  5.634592e-01 
 1038.000  5.635350e-01 
 1039.000  5.633560e-01 
 1040.000  5.631858e-01 
 1041.000  5.630496e-01 
 1042.000  5.630000e-01 
 1043.000  5.629718e-01 
 1044.000  5.628358e-01 
 1045.000  5.624818e-01 
 1046.000  5.622322e-01 
 1047.000  5.619248e-01 
 1048.000  5.614728e-01 
 1049.000  5.609832e-01 
 1050.000  5.606039e-01 
 1051.000  5.601509e-01 
 1052.000  5.597726e-01 
 1053.000  5.596172e-01 
 1054.000  5.590767e-01 
 1055.000  5.585826e-01 
 1056.000  5.580779e-01 
 1057.000  5.570314e-01 
 1058.000  5.552252e-01 
 1059.000  5.551927e-01 
 1060.000  5.558826e-01 
 1061.000  5.555840e-01 
 1062.000  5.544151e-01 
 1063.000  5.538554e-01 
 1064.000  5.528357e-01 
 1065.000  5.518190e-01 
 1066.000  5.518859e-01 
 1067.000  5.513057e-01 
 1068.000  5.495437e-01 
 1069.000  5.489153e-01 
 1070.000  5.494921e-01 
 1071.000  5.484398e-01 
 1072.000  5.472863e-01 
 1073.000  5.472145e-01 
 1074.000  5.475917e-01 
 1075.000  5.497342e-01 
 1076.000  5.486612e-01 
 1077.000  5.471547e-01 
 1078.000  5.453460e-01 
 1079.000  5.452284e-01 
 1080.000  5.401225e-01 
 1081.000  5.399298e-01 
 1082.000  5.423187e-01 
 1083.000  5.396556e-01 
 1084.000  5.367123e-01 
 1085.000  5.295657e-01 
 1086.000  5.313321e-01 
 1087.000  5.393474e-01 
 1088.000  5.397218e-01 
 1089.000  5.301178e-01 
 1090.000  5.283630e-01 
 1091.000  5.302598e-01 
 1092.000  5.255343e-01 
 1093.000  5.148646e-01 
 1094.000  5.102351e-01 
 1095.000  5.110276e-01 
 1096.000  5.117533e-01 
 1097.000  5.096677e-01 
 1098.000  4.836447e-01 
 1099.000  4.614837e-01 
 1100.000  4.630134e-01 
 1101.000  4.661045e-01 
 1102.000  4.646651e-01 
 1103.000  4.667240e-01 
 1104.000  4.630429e-01 
 1105.000  4.537591e-01 
 1106.000  4.443746e-01 
 1107.000  4.467443e-01 
 1108.000  4.484995e-01 
 1109.000  4.565805e-01 
 1110.000  4.556569e-01 
 1111.000  4.512390e-01 
 1112.000  4.315881e-01 
 1113.000  4.047761e-01 
 1114.000  3.975871e-01 
 1115.000  3.647767e-01 
 1116.000  3.445243e-01 
 1117.000  2.978826e-01 
 1118.000  2.556729e-01 
 1119.000  2.335415e-01 
 1120.000  2.062963e-01 
 1121.000  2.003080e-01 
 1122.000  1.724556e-01 
 1123.000  1.875637e-01 
 1124.000  1.978090e-01 
 1125.000  1.924299e-01 
 1126.000  1.902817e-01 
 1127.000  1.926442e-01 
 1128.000  1.972231e-01 
 1129.000  2.249376e-01 
 1130.000  2.906659e-01 
 1131.000  3.099114e-01 
 1132.000  2.836114e-01 
 1133.000  2.361058e-01 
 1134.000  1.525026e-01 
 1135.000  1.587137e-01 
 1136.000  2.429431e-01 
 1137.000  2.901564e-01 
 1138.000  3.364026e-01 
 1139.000  3.505274e-01 
 1140.000  3.416806e-01 
 1141.000  3.237285e-01 
 1142.000  3.174181e-01 
 1143.000  2.976959e-01 
 1144.000  2.756114e-01 
 1145.000  2.439360e-01 
 1146.000  2.513866e-01 
 1147.000  2.761807e-01 
 1148.000  2.983499e-01 
 1149.000  3.073440e-01 
 1150.000  3.078032e-01 
