  320.000  7.896105e-02 
  321.000  1.051444e-01 
  322.000  9.460552e-02 
  323.000  1.080161e-01 
  324.000  1.219758e-01 
  325.000  1.115273e-01 
  326.000  1.288214e-01 
  327.000  1.337789e-01 
  328.000  1.231428e-01 
  329.000  1.437882e-01 
  330.000  1.471473e-01 
  331.000  1.405234e-01 
  332.000  1.533945e-01 
  333.000  1.572106e-01 
  334.000  1.540753e-01 
  335.000  1.637378e-01 
  336.000  1.677009e-01 
  337.000  1.660272e-01 
  338.000  1.706932e-01 
  339.000  1.755490e-01 
  340.000  1.747483e-01 
  341.000  1.794957e-01 
  342.000  1.829914e-01 
  343.000  1.847548e-01 
  344.000  1.851157e-01 
  345.000  1.899017e-01 
  346.000  1.929421e-01 
  347.000  1.954315e-01 
  348.000  1.977716e-01 
  349.000  2.004097e-01 
  350.000  2.026727e-01 
  351.000  2.049338e-01 
  352.000  2.067941e-01 
  353.000  2.094475e-01 
  354.000  2.117139e-01 
  355.000  2.138292e-01 
  356.000  2.158960e-01 
  357.000  2.177400e-01 
  358.000  2.197290e-01 
  359.000  2.217211e-01 
  360.000  2.237664e-01 
  361.000  2.263575e-01 
  362.000  2.290644e-01 
  363.000  2.315651e-01 
  364.000  2.338731e-01 
  365.000  2.360436e-01 
  366.000  2.382687e-01 
  367.000  2.403924e-01 
  368.000  2.425019e-01 
  369.000  2.445980e-01 
  370.000  2.466772e-01 
  371.000  2.487448e-01 
  372.000  2.508000e-01 
  373.000  2.528421e-01 
  374.000  2.548556e-01 
  375.000  2.568344e-01 
  376.000  2.587498e-01 
  377.000  2.605636e-01 
  378.000  2.622513e-01 
  379.000  2.639691e-01 
  380.000  2.658617e-01 
  381.000  2.680204e-01 
  382.000  2.702622e-01 
  383.000  2.723866e-01 
  384.000  2.744057e-01 
  385.000  2.763548e-01 
  386.000  2.782573e-01 
  387.000  2.801322e-01 
  388.000  2.819863e-01 
  389.000  2.838280e-01 
  390.000  2.856579e-01 
  391.000  2.874718e-01 
  392.000  2.892750e-01 
  393.000  2.910661e-01 
  394.000  2.928430e-01 
  395.000  2.946045e-01 
  396.000  2.963570e-01 
  397.000  2.980916e-01 
  398.000  2.998127e-01 
  399.000  3.015215e-01 
  400.000  3.032088e-01 
  401.000  3.048919e-01 
  402.000  3.065637e-01 
  403.000  3.082232e-01 
  404.000  3.098701e-01 
  405.000  3.115009e-01 
  406.000  3.131228e-01 
  407.000  3.147340e-01 
  408.000  3.163331e-01 
  409.000  3.179182e-01 
  410.000  3.194902e-01 
  411.000  3.210483e-01 
  412.000  3.225915e-01 
  413.000  3.241276e-01 
  414.000  3.255548e-01 
  415.000  3.271005e-01 
  416.000  3.286284e-01 
  417.000  3.301323e-01 
  418.000  3.316032e-01 
  419.000  3.330593e-01 
  420.000  3.345038e-01 
  421.000  3.359411e-01 
  422.000  3.373709e-01 
  423.000  3.387914e-01 
  424.000  3.401966e-01 
  425.000  3.415708e-01 
  426.000  3.429329e-01 
  427.000  3.442843e-01 
  428.000  3.456128e-01 
  429.000  3.469239e-01 
  430.000  3.482210e-01 
  431.000  3.495094e-01 
  432.000  3.507855e-01 
  433.000  3.520505e-01 
  434.000  3.533059e-01 
  435.000  3.545501e-01 
  436.000  3.557813e-01 
  437.000  3.570002e-01 
  438.000  3.582061e-01 
  439.000  3.594036e-01 
  440.000  3.605828e-01 
  441.000  3.617478e-01 
  442.000  3.628953e-01 
  443.000  3.640263e-01 
  444.000  3.651403e-01 
  445.000  3.662311e-01 
  446.000  3.672924e-01 
  447.000  3.684061e-01 
  448.000  3.696011e-01 
  449.000  3.708116e-01 
  450.000  3.719997e-01 
  451.000  3.731421e-01 
  452.000  3.742453e-01 
  453.000  3.753267e-01 
  454.000  3.763892e-01 
  455.000  3.773907e-01 
  456.000  3.783119e-01 
  457.000  3.792339e-01 
  458.000  3.801439e-01 
  459.000  3.810351e-01 
  460.000  3.819198e-01 
  461.000  3.827955e-01 
  462.000  3.836550e-01 
  463.000  3.845111e-01 
  464.000  3.856265e-01 
  465.000  3.867258e-01 
  466.000  3.878064e-01 
  467.000  3.888627e-01 
  468.000  3.897236e-01 
  469.000  3.904653e-01 
  470.000  3.911478e-01 
  471.000  3.917623e-01 
  472.000  3.922844e-01 
  473.000  3.926503e-01 
  474.000  3.929509e-01 
  475.000  3.930281e-01 
  476.000  3.928793e-01 
  477.000  3.928763e-01 
  478.000  3.937462e-01 
  479.000  3.950713e-01 
  480.000  3.965026e-01 
  481.000  3.977877e-01 
  482.000  3.989938e-01 
  483.000  4.000430e-01 
  484.000  4.009452e-01 
  485.000  4.017524e-01 
  486.000  4.026138e-01 
  487.000  4.035209e-01 
  488.000  4.043994e-01 
  489.000  4.052621e-01 
  490.000  4.061149e-01 
  491.000  4.067831e-01 
  492.000  4.073941e-01 
  493.000  4.080022e-01 
  494.000  4.085934e-01 
  495.000  4.091847e-01 
  496.000  4.094895e-01 
  497.000  4.097827e-01 
  498.000  4.100717e-01 
  499.000  4.103452e-01 
  500.000  4.106144e-01 
  501.000  4.108537e-01 
  502.000  4.110930e-01 
  503.000  4.113294e-01 
  504.000  4.115550e-01 
  505.000  4.117682e-01 
  506.000  4.123930e-01 
  507.000  4.130360e-01 
  508.000  4.136784e-01 
  509.000  4.143136e-01 
  510.000  4.149354e-01 
  511.000  4.154930e-01 
  512.000  4.160317e-01 
  513.000  4.165674e-01 
  514.000  4.170966e-01 
  515.000  4.176213e-01 
  516.000  4.179963e-01 
  517.000  4.182367e-01 
  518.000  4.184705e-01 
  519.000  4.186999e-01 
  520.000  4.189271e-01 
  521.000  4.191307e-01 
  522.000  4.192775e-01 
  523.000  4.193833e-01 
  524.000  4.194928e-01 
  525.000  4.195790e-01 
  526.000  4.197000e-01 
  527.000  4.197195e-01 
  528.000  4.196978e-01 
  529.000  4.196750e-01 
  530.000  4.196572e-01 
  531.000  4.196427e-01 
  532.000  4.196754e-01 
  533.000  4.199704e-01 
  534.000  4.203431e-01 
  535.000  4.207638e-01 
  536.000  4.211706e-01 
  537.000  4.215428e-01 
  538.000  4.218757e-01 
  539.000  4.221842e-01 
  540.000  4.224736e-01 
  541.000  4.227546e-01 
  542.000  4.230233e-01 
  543.000  4.232826e-01 
  544.000  4.234787e-01 
  545.000  4.236231e-01 
  546.000  4.237610e-01 
  547.000  4.239027e-01 
  548.000  4.240373e-01 
  549.000  4.241698e-01 
  550.000  4.242341e-01 
  551.000  4.242307e-01 
  552.000  4.242299e-01 
  553.000  4.242152e-01 
  554.000  4.241941e-01 
  555.000  4.241692e-01 
  556.000  4.241186e-01 
  557.000  4.240237e-01 
  558.000  4.239212e-01 
  559.000  4.238067e-01 
  560.000  4.236633e-01 
  561.000  4.234934e-01 
  562.000  4.231448e-01 
  563.000  4.229361e-01 
  564.000  4.226619e-01 
  565.000  4.222461e-01 
  566.000  4.219624e-01 
  567.000  4.210545e-01 
  568.000  4.186841e-01 
  569.000  4.138710e-01 
  570.000  4.144415e-01 
  571.000  4.175546e-01 
  572.000  4.141945e-01 
  573.000  4.148715e-01 
  574.000  4.149512e-01 
  575.000  4.146601e-01 
  576.000  4.148281e-01 
  577.000  4.159483e-01 
  578.000  4.176370e-01 
  579.000  4.191822e-01 
  580.000  4.207126e-01 
  581.000  4.227902e-01 
  582.000  4.242837e-01 
  583.000  4.253255e-01 
  584.000  4.261839e-01 
  585.000  4.269191e-01 
  586.000  4.275756e-01 
  587.000  4.266404e-01 
  588.000  4.202690e-01 
  589.000  4.100511e-01 
  590.000  4.096184e-01 
  591.000  4.169682e-01 
  592.000  4.133698e-01 
  593.000  4.217221e-01 
  594.000  4.201011e-01 
  595.000  4.145382e-01 
  596.000  4.225127e-01 
  597.000  4.204628e-01 
  598.000  4.235521e-01 
  599.000  4.246625e-01 
  600.000  4.274300e-01 
  601.000  4.291084e-01 
  602.000  4.295104e-01 
  603.000  4.303784e-01 
  604.000  4.315615e-01 
  605.000  4.324239e-01 
  606.000  4.330510e-01 
  607.000  4.336569e-01 
  608.000  4.342344e-01 
  609.000  4.347867e-01 
  610.000  4.353583e-01 
  611.000  4.359935e-01 
  612.000  4.366158e-01 
  613.000  4.372188e-01 
  614.000  4.378043e-01 
  615.000  4.383884e-01 
  616.000  4.389513e-01 
  617.000  4.394832e-01 
  618.000  4.399291e-01 
  619.000  4.403065e-01 
  620.000  4.406559e-01 
  621.000  4.409562e-01 
  622.000  4.412072e-01 
  623.000  4.413751e-01 
  624.000  4.415538e-01 
  625.000  4.417028e-01 
  626.000  4.414424e-01 
  627.000  4.385756e-01 
  628.000  4.219351e-01 
  629.000  4.321542e-01 
  630.000  4.346734e-01 
  631.000  4.380260e-01 
  632.000  4.376911e-01 
  633.000  4.418959e-01 
  634.000  4.441666e-01 
  635.000  4.452892e-01 
  636.000  4.468728e-01 
  637.000  4.481928e-01 
  638.000  4.504545e-01 
  639.000  4.513962e-01 
  640.000  4.529855e-01 
  641.000  4.538643e-01 
  642.000  4.550418e-01 
  643.000  4.547003e-01 
  644.000  4.553201e-01 
  645.000  4.546276e-01 
  646.000  4.491408e-01 
  647.000  4.454648e-01 
  648.000  4.412958e-01 
  649.000  4.458022e-01 
  650.000  4.540713e-01 
  651.000  4.544720e-01 
  652.000  4.479432e-01 
  653.000  4.563197e-01 
  654.000  4.558437e-01 
  655.000  4.533333e-01 
  656.000  4.547509e-01 
  657.000  4.567160e-01 
  658.000  4.598470e-01 
  659.000  4.618422e-01 
  660.000  4.629407e-01 
  661.000  4.652456e-01 
  662.000  4.665703e-01 
  663.000  4.667565e-01 
  664.000  4.675374e-01 
  665.000  4.681893e-01 
  666.000  4.689883e-01 
  667.000  4.697182e-01 
  668.000  4.705463e-01 
  669.000  4.711526e-01 
  670.000  4.716948e-01 
  671.000  4.722634e-01 
  672.000  4.727764e-01 
  673.000  4.732807e-01 
  674.000  4.737808e-01 
  675.000  4.742816e-01 
  676.000  4.747523e-01 
  677.000  4.751851e-01 
  678.000  4.756191e-01 
  679.000  4.759791e-01 
  680.000  4.760196e-01 
  681.000  4.759967e-01 
  682.000  4.762526e-01 
  683.000  4.764457e-01 
  684.000  4.761958e-01 
  685.000  4.770065e-01 
  686.000  4.747590e-01 
  687.000  3.974954e-01 
  688.000  4.215318e-01 
  689.000  4.147028e-01 
  690.000  4.273273e-01 
  691.000  4.439886e-01 
  692.000  4.541536e-01 
  693.000  4.504701e-01 
  694.000  4.446344e-01 
  695.000  4.514962e-01 
  696.000  4.555003e-01 
  697.000  4.718920e-01 
  698.000  4.686536e-01 
  699.000  4.541787e-01 
  700.000  4.566848e-01 
  701.000  4.535335e-01 
  702.000  4.560167e-01 
  703.000  4.683300e-01 
  704.000  4.689607e-01 
  705.000  4.640063e-01 
  706.000  4.650765e-01 
  707.000  4.669682e-01 
  708.000  4.690080e-01 
  709.000  4.730954e-01 
  710.000  4.689156e-01 
  711.000  4.733503e-01 
  712.000  4.771430e-01 
  713.000  4.742391e-01 
  714.000  4.733070e-01 
  715.000  4.685314e-01 
  716.000  4.635539e-01 
  717.000  4.319657e-01 
  718.000  4.127532e-01 
  719.000  4.059080e-01 
  720.000  3.956322e-01 
  721.000  4.414062e-01 
  722.000  4.579634e-01 
  723.000  4.487105e-01 
  724.000  4.224691e-01 
  725.000  4.263865e-01 
  726.000  4.252071e-01 
  727.000  4.289669e-01 
  728.000  4.249681e-01 
  729.000  4.350711e-01 
  730.000  4.333783e-01 
  731.000  4.313246e-01 
  732.000  4.484131e-01 
  733.000  4.649141e-01 
  734.000  4.729260e-01 
  735.000  4.701646e-01 
  736.000  4.649711e-01 
  737.000  4.689515e-01 
  738.000  4.744179e-01 
  739.000  4.767950e-01 
  740.000  4.820331e-01 
  741.000  4.850779e-01 
  742.000  4.863772e-01 
  743.000  4.891941e-01 
  744.000  4.903215e-01 
  745.000  4.913192e-01 
  746.000  4.921192e-01 
  747.000  4.923632e-01 
  748.000  4.930979e-01 
  749.000  4.935432e-01 
  750.000  4.933216e-01 
  751.000  4.935034e-01 
  752.000  4.942808e-01 
  753.000  4.946126e-01 
  754.000  4.948788e-01 
  755.000  4.950597e-01 
  756.000  4.952482e-01 
  757.000  4.953792e-01 
  758.000  4.942602e-01 
  759.000  4.520484e-01 
  760.000  1.675338e-01 
  761.000  1.442240e-01 
  762.000  2.977975e-01 
  763.000  2.474636e-01 
  764.000  2.721466e-01 
  765.000  3.300496e-01 
  766.000  4.030729e-01 
  767.000  4.411370e-01 
  768.000  4.664537e-01 
  769.000  4.833464e-01 
  770.000  4.925982e-01 
  771.000  4.968424e-01 
  772.000  4.979342e-01 
  773.000  4.984203e-01 
  774.000  4.990725e-01 
  775.000  4.994893e-01 
  776.000  4.997880e-01 
  777.000  4.998797e-01 
  778.000  4.998752e-01 
  779.000  4.998591e-01 
  780.000  4.998399e-01 
  781.000  5.001816e-01 
  782.000  5.001521e-01 
  783.000  5.001337e-01 
  784.000  4.998792e-01 
  785.000  4.987453e-01 
  786.000  4.971621e-01 
  787.000  4.932287e-01 
  788.000  4.911729e-01 
  789.000  4.837975e-01 
  790.000  4.831817e-01 
  791.000  4.845963e-01 
  792.000  4.859080e-01 
  793.000  4.889400e-01 
  794.000  4.953562e-01 
  795.000  4.914649e-01 
  796.000  4.811009e-01 
  797.000  4.840836e-01 
  798.000  4.906658e-01 
  799.000  4.891864e-01 
  800.000  4.844284e-01 
  801.000  4.850152e-01 
  802.000  4.845515e-01 
  803.000  4.852687e-01 
  804.000  4.875344e-01 
  805.000  4.918608e-01 
  806.000  4.944547e-01 
  807.000  4.945873e-01 
  808.000  4.931440e-01 
  809.000  4.913658e-01 
  810.000  4.894143e-01 
  811.000  4.853999e-01 
  812.000  4.799975e-01 
  813.000  4.733936e-01 
  814.000  4.647050e-01 
  815.000  4.539333e-01 
  816.000  4.402339e-01 
  817.000  4.409872e-01 
  818.000  4.421112e-01 
  819.000  4.466503e-01 
  820.000  4.618185e-01 
  821.000  4.792473e-01 
  822.000  4.660046e-01 
  823.000  4.294849e-01 
  824.000  4.602506e-01 
  825.000  4.802950e-01 
  826.000  4.769037e-01 
  827.000  4.743803e-01 
  828.000  4.612170e-01 
  829.000  4.659635e-01 
  830.000  4.713000e-01 
  831.000  4.725725e-01 
  832.000  4.731559e-01 
  833.000  4.762536e-01 
  834.000  4.799052e-01 
  835.000  4.871429e-01 
  836.000  4.848406e-01 
  837.000  4.846168e-01 
  838.000  4.881485e-01 
  839.000  4.903021e-01 
  840.000  4.910935e-01 
  841.000  4.887918e-01 
  842.000  4.908875e-01 
  843.000  4.958512e-01 
  844.000  4.981154e-01 
  845.000  4.991785e-01 
  846.000  5.002963e-01 
  847.000  5.015271e-01 
  848.000  4.995328e-01 
  849.000  4.998030e-01 
  850.000  4.988240e-01 
  851.000  4.976556e-01 
  852.000  4.977868e-01 
  853.000  4.997534e-01 
  854.000  4.996623e-01 
  855.000  5.006584e-01 
  856.000  5.024948e-01 
  857.000  5.034298e-01 
  858.000  5.038499e-01 
  859.000  5.048327e-01 
  860.000  5.053921e-01 
  861.000  5.054948e-01 
  862.000  5.058336e-01 
  863.000  5.058862e-01 
  864.000  5.061218e-01 
  865.000  5.063161e-01 
  866.000  5.063747e-01 
  867.000  5.063501e-01 
  868.000  5.063885e-01 
  869.000  5.064595e-01 
  870.000  5.064231e-01 
  871.000  5.064906e-01 
  872.000  5.066428e-01 
  873.000  5.065088e-01 
  874.000  5.064403e-01 
  875.000  5.064312e-01 
  876.000  5.061908e-01 
  877.000  5.060730e-01 
  878.000  5.054516e-01 
  879.000  5.054148e-01 
  880.000  5.048994e-01 
  881.000  5.046648e-01 
  882.000  5.043640e-01 
  883.000  5.046850e-01 
  884.000  5.048203e-01 
  885.000  5.037349e-01 
  886.000  5.023779e-01 
  887.000  5.033900e-01 
  888.000  5.033267e-01 
  889.000  5.037187e-01 
  890.000  5.027772e-01 
  891.000  5.011401e-01 
  892.000  4.972168e-01 
  893.000  4.853301e-01 
  894.000  4.794118e-01 
  895.000  4.615106e-01 
  896.000  4.455422e-01 
  897.000  4.288104e-01 
  898.000  4.210305e-01 
  899.000  3.993787e-01 
  900.000  4.024576e-01 
  901.000  3.968830e-01 
  902.000  3.979747e-01 
  903.000  4.344578e-01 
  904.000  4.570747e-01 
  905.000  4.562972e-01 
  906.000  4.421611e-01 
  907.000  4.173937e-01 
  908.000  4.012344e-01 
  909.000  4.018990e-01 
  910.000  4.043213e-01 
  911.000  4.150454e-01 
  912.000  4.098620e-01 
  913.000  3.874792e-01 
  914.000  3.985321e-01 
  915.000  4.073107e-01 
  916.000  4.097221e-01 
  917.000  4.145393e-01 
  918.000  4.207707e-01 
  919.000  4.420180e-01 
  920.000  4.582511e-01 
  921.000  4.547134e-01 
  922.000  4.544264e-01 
  923.000  4.499137e-01 
  924.000  4.390886e-01 
  925.000  4.381367e-01 
  926.000  4.377141e-01 
  927.000  4.250105e-01 
  928.000  4.056359e-01 
  929.000  3.780373e-01 
  930.000  3.436199e-01 
  931.000  3.061054e-01 
  932.000  2.581523e-01 
  933.000  2.240392e-01 
  934.000  1.903783e-01 
  935.000  1.867601e-01 
  936.000  1.997015e-01 
  937.000  1.965125e-01 
  938.000  2.345207e-01 
  939.000  3.385353e-01 
  940.000  3.547738e-01 
  941.000  3.409792e-01 
  942.000  3.074232e-01 
  943.000  2.532305e-01 
  944.000  2.494468e-01 
  945.000  2.685169e-01 
  946.000  2.696977e-01 
  947.000  2.872514e-01 
  948.000  2.976316e-01 
  949.000  2.964067e-01 
  950.000  2.991109e-01 
  951.000  3.225238e-01 
  952.000  2.977594e-01 
  953.000  3.153404e-01 
  954.000  3.344437e-01 
  955.000  3.192356e-01 
  956.000  3.160655e-01 
  957.000  3.645978e-01 
  958.000  3.711215e-01 
  959.000  3.630844e-01 
  960.000  3.608209e-01 
  961.000  3.568243e-01 
  962.000  3.606195e-01 
  963.000  3.877630e-01 
  964.000  3.917509e-01 
  965.000  3.892217e-01 
  966.000  3.907843e-01 
  967.000  4.104407e-01 
  968.000  4.436278e-01 
  969.000  4.587995e-01 
  970.000  4.596521e-01 
  971.000  4.593036e-01 
  972.000  4.549957e-01 
  973.000  4.450814e-01 
  974.000  4.330746e-01 
  975.000  4.253970e-01 
  976.000  4.348020e-01 
  977.000  4.504257e-01 
  978.000  4.491891e-01 
  979.000  4.532895e-01 
  980.000  4.693623e-01 
  981.000  4.729589e-01 
  982.000  4.694079e-01 
  983.000  4.777109e-01 
  984.000  4.862784e-01 
  985.000  4.911631e-01 
  986.000  4.974734e-01 
  987.000  5.002198e-01 
  988.000  5.008574e-01 
  989.000  5.012668e-01 
  990.000  5.019397e-01 
  991.000  5.042943e-01 
  992.000  5.049658e-01 
  993.000  5.052192e-01 
  994.000  5.071509e-01 
  995.000  5.086026e-01 
  996.000  5.085917e-01 
  997.000  5.077016e-01 
  998.000  5.068024e-01 
  999.000  5.064119e-01 
 1000.000  5.067368e-01 
 1001.000  5.044903e-01 
 1002.000  5.008972e-01 
 1003.000  5.017543e-01 
 1004.000  5.038263e-01 
 1005.000  5.047753e-01 
 1006.000  5.050721e-01 
 1007.000  5.043870e-01 
 1008.000  5.014572e-01 
 1009.000  4.975417e-01 
 1010.000  4.992866e-01 
 1011.000  5.034480e-01 
 1012.000  5.050353e-01 
 1013.000  5.062810e-01 
 1014.000  5.068025e-01 
 1015.000  5.068983e-01 
 1016.000  5.072563e-01 
 1017.000  5.075989e-01 
 1018.000  5.068540e-01 
 1019.000  5.056271e-01 
 1020.000  5.061316e-01 
 1021.000  5.069568e-01 
 1022.000  5.054119e-01 
 1023.000  5.039374e-01 
 1024.000  5.030508e-01 
 1025.000  5.057343e-01 
 1026.000  5.066891e-01 
 1027.000  5.063976e-01 
 1028.000  5.067980e-01 
 1029.000  5.078061e-01 
 1030.000  5.088685e-01 
 1031.000  5.093989e-01 
 1032.000  5.098085e-01 
 1033.000  5.098538e-01 
 1034.000  5.101166e-01 
 1035.000  5.102609e-01 
 1036.000  5.101340e-01 
 1037.000  5.101306e-01 
 1038.000  5.102231e-01 
 1039.000  5.100266e-01 
 1040.000  5.098484e-01 
 1041.000  5.097066e-01 
 1042.000  5.096603e-01 
 1043.000  5.096422e-01 
 1044.000  5.095077e-01 
 1045.000  5.091268e-01 
 1046.000  5.088643e-01 
 1047.000  5.085467e-01 
 1048.000  5.081109e-01 
 1049.000  5.076784e-01 
 1050.000  5.072613e-01 
 1051.000  5.067632e-01 
 1052.000  5.063736e-01 
 1053.000  5.062318e-01 
 1054.000  5.057153e-01 
 1055.000  5.051393e-01 
 1056.000  5.046266e-01 
 1057.000  5.035126e-01 
 1058.000  5.016512e-01 
 1059.000  5.015762e-01 
 1060.000  5.023896e-01 
 1061.000  5.020895e-01 
 1062.000  5.009236e-01 
 1063.000  5.003830e-01 
 1064.000  4.993207e-01 
 1065.000  4.981452e-01 
 1066.000  4.982260e-01 
 1067.000  4.976116e-01 
 1068.000  4.956476e-01 
 1069.000  4.947990e-01 
 1070.000  4.953282e-01 
 1071.000  4.940690e-01 
 1072.000  4.927308e-01 
 1073.000  4.925845e-01 
 1074.000  4.929377e-01 
 1075.000  4.952422e-01 
 1076.000  4.939980e-01 
 1077.000  4.922804e-01 
 1078.000  4.902329e-01 
 1079.000  4.900526e-01 
 1080.000  4.843875e-01 
 1081.000  4.841381e-01 
 1082.000  4.867317e-01 
 1083.000  4.837564e-01 
 1084.000  4.804863e-01 
 1085.000  4.726220e-01 
 1086.000  4.745215e-01 
 1087.000  4.832813e-01 
 1088.000  4.836724e-01 
 1089.000  4.731052e-01 
 1090.000  4.711518e-01 
 1091.000  4.731945e-01 
 1092.000  4.679857e-01 
 1093.000  4.563283e-01 
 1094.000  4.512814e-01 
 1095.000  4.521118e-01 
 1096.000  4.528508e-01 
 1097.000  4.505337e-01 
 1098.000  4.224369e-01 
 1099.000  3.987706e-01 
 1100.000  4.003642e-01 
 1101.000  4.036110e-01 
 1102.000  4.020199e-01 
 1103.000  4.041527e-01 
 1104.000  4.001911e-01 
 1105.000  3.903021e-01 
 1106.000  3.804202e-01 
 1107.000  3.828047e-01 
 1108.000  3.845031e-01 
 1109.000  3.928218e-01 
 1110.000  3.915864e-01 
 1111.000  3.867891e-01 
 1112.000  3.660303e-01 
 1113.000  3.378920e-01 
 1114.000  3.299694e-01 
 1115.000  2.962040e-01 
 1116.000  2.757868e-01 
 1117.000  2.304026e-01 
 1118.000  1.904263e-01 
 1119.000  1.698008e-01 
 1120.000  1.453848e-01 
 1121.000  1.400526e-01 
 1122.000  1.163998e-01 
 1123.000  1.288007e-01 
 1124.000  1.373630e-01 
 1125.000  1.327737e-01 
 1126.000  1.310018e-01 
 1127.000  1.331350e-01 
 1128.000  1.372583e-01 
 1129.000  1.614931e-01 
 1130.000  2.211400e-01 
 1131.000  2.392330e-01 
 1132.000  2.144388e-01 
 1133.000  1.714083e-01 
 1134.000  1.004023e-01 
 1135.000  1.054840e-01 
 1136.000  1.778470e-01 
 1137.000  2.212338e-01 
 1138.000  2.656936e-01 
 1139.000  2.801850e-01 
 1140.000  2.715406e-01 
 1141.000  2.544127e-01 
 1142.000  2.482932e-01 
 1143.000  2.294036e-01 
 1144.000  2.087136e-01 
 1145.000  1.796561e-01 
 1146.000  1.864415e-01 
 1147.000  2.093078e-01 
 1148.000  2.301730e-01 
 1149.000  2.388836e-01 
 1150.000  2.396871e-01 
