  320.000  1.544940e-01 
  321.000  1.930077e-01 
  322.000  1.777971e-01 
  323.000  1.970924e-01 
  324.000  2.166179e-01 
  325.000  2.020538e-01 
  326.000  2.260088e-01 
  327.000  2.327400e-01 
  328.000  2.182270e-01 
  329.000  2.461644e-01 
  330.000  2.506223e-01 
  331.000  2.418093e-01 
  332.000  2.588536e-01 
  333.000  2.638447e-01 
  334.000  2.597460e-01 
  335.000  2.723199e-01 
  336.000  2.774289e-01 
  337.000  2.752747e-01 
  338.000  2.812686e-01 
  339.000  2.874679e-01 
  340.000  2.864483e-01 
  341.000  2.924784e-01 
  342.000  2.968959e-01 
  343.000  2.991170e-01 
  344.000  2.995711e-01 
  345.000  3.055735e-01 
  346.000  3.093691e-01 
  347.000  3.124669e-01 
  348.000  3.153709e-01 
  349.000  3.186356e-01 
  350.000  3.214285e-01 
  351.000  3.242120e-01 
  352.000  3.264970e-01 
  353.000  3.297484e-01 
  354.000  3.325183e-01 
  355.000  3.350975e-01 
  356.000  3.376121e-01 
  357.000  3.398511e-01 
  358.000  3.422615e-01 
  359.000  3.446707e-01 
  360.000  3.471392e-01 
  361.000  3.502594e-01 
  362.000  3.535104e-01 
  363.000  3.565063e-01 
  364.000  3.592648e-01 
  365.000  3.618535e-01 
  366.000  3.645018e-01 
  367.000  3.670243e-01 
  368.000  3.695250e-01 
  369.000  3.720050e-01 
  370.000  3.744604e-01 
  371.000  3.768975e-01 
  372.000  3.793155e-01 
  373.000  3.817137e-01 
  374.000  3.840742e-01 
  375.000  3.863899e-01 
  376.000  3.886276e-01 
  377.000  3.907432e-01 
  378.000  3.927088e-01 
  379.000  3.947065e-01 
  380.000  3.969042e-01 
  381.000  3.994067e-01 
  382.000  4.020008e-01 
  383.000  4.044545e-01 
  384.000  4.067827e-01 
  385.000  4.090266e-01 
  386.000  4.112133e-01 
  387.000  4.133652e-01 
  388.000  4.154899e-01 
  389.000  4.175975e-01 
  390.000  4.196884e-01 
  391.000  4.217582e-01 
  392.000  4.238129e-01 
  393.000  4.258509e-01 
  394.000  4.278702e-01 
  395.000  4.298691e-01 
  396.000  4.318552e-01 
  397.000  4.338185e-01 
  398.000  4.357639e-01 
  399.000  4.376929e-01 
  400.000  4.395954e-01 
  401.000  4.414908e-01 
  402.000  4.433710e-01 
  403.000  4.452353e-01 
  404.000  4.470831e-01 
  405.000  4.489107e-01 
  406.000  4.507264e-01 
  407.000  4.525279e-01 
  408.000  4.543137e-01 
  409.000  4.560821e-01 
  410.000  4.578338e-01 
  411.000  4.595682e-01 
  412.000  4.612842e-01 
  413.000  4.629903e-01 
  414.000  4.645741e-01 
  415.000  4.662875e-01 
  416.000  4.679793e-01 
  417.000  4.696429e-01 
  418.000  4.712684e-01 
  419.000  4.728760e-01 
  420.000  4.744692e-01 
  421.000  4.760529e-01 
  422.000  4.776269e-01 
  423.000  4.791892e-01 
  424.000  4.807331e-01 
  425.000  4.822417e-01 
  426.000  4.837357e-01 
  427.000  4.852165e-01 
  428.000  4.866711e-01 
  429.000  4.881054e-01 
  430.000  4.895231e-01 
  431.000  4.909302e-01 
  432.000  4.923227e-01 
  433.000  4.937021e-01 
  434.000  4.950698e-01 
  435.000  4.964243e-01 
  436.000  4.977636e-01 
  437.000  4.990884e-01 
  438.000  5.003982e-01 
  439.000  5.016979e-01 
  440.000  5.029767e-01 
  441.000  5.042393e-01 
  442.000  5.054820e-01 
  443.000  5.067059e-01 
  444.000  5.079107e-01 
  445.000  5.090895e-01 
  446.000  5.102357e-01 
  447.000  5.114378e-01 
  448.000  5.127266e-01 
  449.000  5.140313e-01 
  450.000  5.153108e-01 
  451.000  5.165404e-01 
  452.000  5.177269e-01 
  453.000  5.188892e-01 
  454.000  5.200305e-01 
  455.000  5.211056e-01 
  456.000  5.220939e-01 
  457.000  5.230826e-01 
  458.000  5.240579e-01 
  459.000  5.250125e-01 
  460.000  5.259596e-01 
  461.000  5.268967e-01 
  462.000  5.278158e-01 
  463.000  5.287311e-01 
  464.000  5.299227e-01 
  465.000  5.310964e-01 
  466.000  5.322495e-01 
  467.000  5.333758e-01 
  468.000  5.342933e-01 
  469.000  5.350835e-01 
  470.000  5.358102e-01 
  471.000  5.364643e-01 
  472.000  5.370198e-01 
  473.000  5.374092e-01 
  474.000  5.377289e-01 
  475.000  5.378110e-01 
  476.000  5.376527e-01 
  477.000  5.376495e-01 
  478.000  5.385745e-01 
  479.000  5.399827e-01 
  480.000  5.415026e-01 
  481.000  5.428661e-01 
  482.000  5.441449e-01 
  483.000  5.452566e-01 
  484.000  5.462121e-01 
  485.000  5.470667e-01 
  486.000  5.479780e-01 
  487.000  5.489373e-01 
  488.000  5.498658e-01 
  489.000  5.507773e-01 
  490.000  5.516780e-01 
  491.000  5.523833e-01 
  492.000  5.530280e-01 
  493.000  5.536695e-01 
  494.000  5.542929e-01 
  495.000  5.549162e-01 
  496.000  5.552374e-01 
  497.000  5.555465e-01 
  498.000  5.558509e-01 
  499.000  5.561390e-01 
  500.000  5.564225e-01 
  501.000  5.566745e-01 
  502.000  5.569265e-01 
  503.000  5.571755e-01 
  504.000  5.574129e-01 
  505.000  5.576373e-01 
  506.000  5.582948e-01 
  507.000  5.589713e-01 
  508.000  5.596468e-01 
  509.000  5.603145e-01 
  510.000  5.609680e-01 
  511.000  5.615539e-01 
  512.000  5.621197e-01 
  513.000  5.626822e-01 
  514.000  5.632377e-01 
  515.000  5.637882e-01 
  516.000  5.641816e-01 
  517.000  5.644338e-01 
  518.000  5.646790e-01 
  519.000  5.649195e-01 
  520.000  5.651578e-01 
  521.000  5.653712e-01 
  522.000  5.655251e-01 
  523.000  5.656361e-01 
  524.000  5.657508e-01 
  525.000  5.658411e-01 
  526.000  5.659680e-01 
  527.000  5.659884e-01 
  528.000  5.659657e-01 
  529.000  5.659418e-01 
  530.000  5.659232e-01 
  531.000  5.659079e-01 
  532.000  5.659422e-01 
  533.000  5.662514e-01 
  534.000  5.666419e-01 
  535.000  5.670826e-01 
  536.000  5.675087e-01 
  537.000  5.678985e-01 
  538.000  5.682469e-01 
  539.000  5.685698e-01 
  540.000  5.688727e-01 
  541.000  5.691668e-01 
  542.000  5.694480e-01 
  543.000  5.697193e-01 
  544.000  5.699244e-01 
  545.000  5.700755e-01 
  546.000  5.702196e-01 
  547.000  5.703678e-01 
  548.000  5.705085e-01 
  549.000  5.706471e-01 
  550.000  5.707144e-01 
  551.000  5.707108e-01 
  552.000  5.707100e-01 
  553.000  5.706946e-01 
  554.000  5.706725e-01 
  555.000  5.706464e-01 
  556.000  5.705935e-01 
  557.000  5.704944e-01 
  558.000  5.703871e-01 
  559.000  5.702673e-01 
  560.000  5.701172e-01 
  561.000  5.699392e-01 
  562.000  5.695319e-01 
  563.000  5.693099e-01 
  564.000  5.690124e-01 
  565.000  5.685468e-01 
  566.000  5.682694e-01 
  567.000  5.672159e-01 
  568.000  5.640703e-01 
  569.000  5.571644e-01 
  570.000  5.581545e-01 
  571.000  5.628809e-01 
  572.000  5.581962e-01 
  573.000  5.593670e-01 
  574.000  5.596362e-01 
  575.000  5.593106e-01 
  576.000  5.594956e-01 
  577.000  5.611756e-01 
  578.000  5.632749e-01 
  579.000  5.651010e-01 
  580.000  5.666875e-01 
  581.000  5.690274e-01 
  582.000  5.705833e-01 
  583.000  5.715042e-01 
  584.000  5.723614e-01 
  585.000  5.729669e-01 
  586.000  5.736183e-01 
  587.000  5.718547e-01 
  588.000  5.624982e-01 
  589.000  5.477830e-01 
  590.000  5.470252e-01 
  591.000  5.573346e-01 
  592.000  5.520982e-01 
  593.000  5.638535e-01 
  594.000  5.614381e-01 
  595.000  5.534322e-01 
  596.000  5.648333e-01 
  597.000  5.620443e-01 
  598.000  5.665637e-01 
  599.000  5.682714e-01 
  600.000  5.723436e-01 
  601.000  5.749362e-01 
  602.000  5.756449e-01 
  603.000  5.768716e-01 
  604.000  5.782429e-01 
  605.000  5.792153e-01 
  606.000  5.798879e-01 
  607.000  5.805364e-01 
  608.000  5.811405e-01 
  609.000  5.817171e-01 
  610.000  5.823116e-01 
  611.000  5.829718e-01 
  612.000  5.836184e-01 
  613.000  5.842448e-01 
  614.000  5.848528e-01 
  615.000  5.854591e-01 
  616.000  5.860433e-01 
  617.000  5.865951e-01 
  618.000  5.870577e-01 
  619.000  5.874490e-01 
  620.000  5.878114e-01 
  621.000  5.881226e-01 
  622.000  5.883828e-01 
  623.000  5.885568e-01 
  624.000  5.887417e-01 
  625.000  5.888953e-01 
  626.000  5.885143e-01 
  627.000  5.847216e-01 
  628.000  5.653161e-01 
  629.000  5.767034e-01 
  630.000  5.801796e-01 
  631.000  5.839984e-01 
  632.000  5.827087e-01 
  633.000  5.882272e-01 
  634.000  5.907302e-01 
  635.000  5.917006e-01 
  636.000  5.934187e-01 
  637.000  5.947916e-01 
  638.000  5.975862e-01 
  639.000  5.984980e-01 
  640.000  6.003108e-01 
  641.000  6.010785e-01 
  642.000  6.024527e-01 
  643.000  6.016833e-01 
  644.000  6.022763e-01 
  645.000  6.008831e-01 
  646.000  5.929151e-01 
  647.000  5.875093e-01 
  648.000  5.814304e-01 
  649.000  5.875124e-01 
  650.000  5.988908e-01 
  651.000  5.992530e-01 
  652.000  5.899128e-01 
  653.000  6.014478e-01 
  654.000  6.005867e-01 
  655.000  5.968786e-01 
  656.000  5.986706e-01 
  657.000  6.012439e-01 
  658.000  6.054398e-01 
  659.000  6.080424e-01 
  660.000  6.093860e-01 
  661.000  6.125470e-01 
  662.000  6.141489e-01 
  663.000  6.142884e-01 
  664.000  6.151266e-01 
  665.000  6.159148e-01 
  666.000  6.168214e-01 
  667.000  6.175939e-01 
  668.000  6.185213e-01 
  669.000  6.191652e-01 
  670.000  6.197274e-01 
  671.000  6.203235e-01 
  672.000  6.208490e-01 
  673.000  6.213636e-01 
  674.000  6.218733e-01 
  675.000  6.223842e-01 
  676.000  6.228619e-01 
  677.000  6.233017e-01 
  678.000  6.237431e-01 
  679.000  6.240919e-01 
  680.000  6.240395e-01 
  681.000  6.239278e-01 
  682.000  6.241506e-01 
  683.000  6.242400e-01 
  684.000  6.237446e-01 
  685.000  6.246430e-01 
  686.000  6.220110e-01 
  687.000  5.331574e-01 
  688.000  5.611035e-01 
  689.000  5.529776e-01 
  690.000  5.676053e-01 
  691.000  5.862575e-01 
  692.000  5.967263e-01 
  693.000  5.891856e-01 
  694.000  5.795904e-01 
  695.000  5.883854e-01 
  696.000  5.935630e-01 
  697.000  6.159647e-01 
  698.000  6.113443e-01 
  699.000  5.912580e-01 
  700.000  5.946040e-01 
  701.000  5.901593e-01 
  702.000  5.934802e-01 
  703.000  6.103567e-01 
  704.000  6.111265e-01 
  705.000  6.042095e-01 
  706.000  6.056032e-01 
  707.000  6.081291e-01 
  708.000  6.108599e-01 
  709.000  6.164138e-01 
  710.000  6.105683e-01 
  711.000  6.165994e-01 
  712.000  6.217464e-01 
  713.000  6.176566e-01 
  714.000  6.162840e-01 
  715.000  6.095990e-01 
  716.000  6.026216e-01 
  717.000  5.591093e-01 
  718.000  5.326916e-01 
  719.000  5.232348e-01 
  720.000  5.091536e-01 
  721.000  5.716586e-01 
  722.000  5.943035e-01 
  723.000  5.815122e-01 
  724.000  5.454815e-01 
  725.000  5.507548e-01 
  726.000  5.490918e-01 
  727.000  5.541830e-01 
  728.000  5.486675e-01 
  729.000  5.624394e-01 
  730.000  5.600829e-01 
  731.000  5.572355e-01 
  732.000  5.805832e-01 
  733.000  6.031825e-01 
  734.000  6.141465e-01 
  735.000  6.102986e-01 
  736.000  6.031209e-01 
  737.000  6.085464e-01 
  738.000  6.160163e-01 
  739.000  6.192434e-01 
  740.000  6.264065e-01 
  741.000  6.305542e-01 
  742.000  6.323002e-01 
  743.000  6.361343e-01 
  744.000  6.377395e-01 
  745.000  6.391231e-01 
  746.000  6.401252e-01 
  747.000  6.403939e-01 
  748.000  6.413331e-01 
  749.000  6.418440e-01 
  750.000  6.415613e-01 
  751.000  6.417445e-01 
  752.000  6.426321e-01 
  753.000  6.430022e-01 
  754.000  6.432905e-01 
  755.000  6.434729e-01 
  756.000  6.436648e-01 
  757.000  6.437971e-01 
  758.000  6.426108e-01 
  759.000  5.945683e-01 
  760.000  2.511550e-01 
  761.000  2.205161e-01 
  762.000  4.137989e-01 
  763.000  3.523438e-01 
  764.000  3.826454e-01 
  765.000  4.523901e-01 
  766.000  5.380917e-01 
  767.000  5.819206e-01 
  768.000  6.107836e-01 
  769.000  6.299199e-01 
  770.000  6.401885e-01 
  771.000  6.450636e-01 
  772.000  6.462792e-01 
  773.000  6.468228e-01 
  774.000  6.475044e-01 
  775.000  6.479263e-01 
  776.000  6.482328e-01 
  777.000  6.483086e-01 
  778.000  6.482750e-01 
  779.000  6.482326e-01 
  780.000  6.481885e-01 
  781.000  6.485893e-01 
  782.000  6.485324e-01 
  783.000  6.484893e-01 
  784.000  6.481910e-01 
  785.000  6.466274e-01 
  786.000  6.442606e-01 
  787.000  6.388446e-01 
  788.000  6.359991e-01 
  789.000  6.258837e-01 
  790.000  6.250104e-01 
  791.000  6.269131e-01 
  792.000  6.286770e-01 
  793.000  6.327932e-01 
  794.000  6.415385e-01 
  795.000  6.361865e-01 
  796.000  6.219954e-01 
  797.000  6.260406e-01 
  798.000  6.350068e-01 
  799.000  6.329566e-01 
  800.000  6.264272e-01 
  801.000  6.272009e-01 
  802.000  6.265399e-01 
  803.000  6.274925e-01 
  804.000  6.305618e-01 
  805.000  6.364470e-01 
  806.000  6.399663e-01 
  807.000  6.401204e-01 
  808.000  6.381193e-01 
  809.000  6.356600e-01 
  810.000  6.329630e-01 
  811.000  6.274479e-01 
  812.000  6.200371e-01 
  813.000  6.109911e-01 
  814.000  5.991092e-01 
  815.000  5.843964e-01 
  816.000  5.657497e-01 
  817.000  5.667357e-01 
  818.000  5.682365e-01 
  819.000  5.743889e-01 
  820.000  5.949999e-01 
  821.000  6.187218e-01 
  822.000  6.006541e-01 
  823.000  5.510290e-01 
  824.000  5.927836e-01 
  825.000  6.200672e-01 
  826.000  6.154358e-01 
  827.000  6.119739e-01 
  828.000  5.940267e-01 
  829.000  6.004637e-01 
  830.000  6.077119e-01 
  831.000  6.094283e-01 
  832.000  6.102141e-01 
  833.000  6.144185e-01 
  834.000  6.193811e-01 
  835.000  6.292383e-01 
  836.000  6.260791e-01 
  837.000  6.257572e-01 
  838.000  6.305547e-01 
  839.000  6.334743e-01 
  840.000  6.345332e-01 
  841.000  6.313719e-01 
  842.000  6.342110e-01 
  843.000  6.409660e-01 
  844.000  6.440381e-01 
  845.000  6.454693e-01 
  846.000  6.469752e-01 
  847.000  6.486353e-01 
  848.000  6.458897e-01 
  849.000  6.462370e-01 
  850.000  6.448784e-01 
  851.000  6.432621e-01 
  852.000  6.434205e-01 
  853.000  6.460851e-01 
  854.000  6.459409e-01 
  855.000  6.472812e-01 
  856.000  6.500715e-01 
  857.000  6.511195e-01 
  858.000  6.517534e-01 
  859.000  6.530854e-01 
  860.000  6.537366e-01 
  861.000  6.538507e-01 
  862.000  6.542552e-01 
  863.000  6.543075e-01 
  864.000  6.545849e-01 
  865.000  6.548116e-01 
  866.000  6.548716e-01 
  867.000  6.548299e-01 
  868.000  6.548651e-01 
  869.000  6.549402e-01 
  870.000  6.548843e-01 
  871.000  6.549553e-01 
  872.000  6.551294e-01 
  873.000  6.549547e-01 
  874.000  6.548598e-01 
  875.000  6.548371e-01 
  876.000  6.545326e-01 
  877.000  6.544195e-01 
  878.000  6.535773e-01 
  879.000  6.535193e-01 
  880.000  6.527926e-01 
  881.000  6.523620e-01 
  882.000  6.520073e-01 
  883.000  6.523563e-01 
  884.000  6.525189e-01 
  885.000  6.510165e-01 
  886.000  6.490542e-01 
  887.000  6.506715e-01 
  888.000  6.505733e-01 
  889.000  6.509219e-01 
  890.000  6.498182e-01 
  891.000  6.472672e-01 
  892.000  6.418970e-01 
  893.000  6.256904e-01 
  894.000  6.176094e-01 
  895.000  5.932808e-01 
  896.000  5.715988e-01 
  897.000  5.489134e-01 
  898.000  5.383718e-01 
  899.000  5.091931e-01 
  900.000  5.133014e-01 
  901.000  5.057969e-01 
  902.000  5.072777e-01 
  903.000  5.564257e-01 
  904.000  5.870073e-01 
  905.000  5.859584e-01 
  906.000  5.668224e-01 
  907.000  5.333821e-01 
  908.000  5.116135e-01 
  909.000  5.124831e-01 
  910.000  5.157236e-01 
  911.000  5.301414e-01 
  912.000  5.231557e-01 
  913.000  4.930810e-01 
  914.000  5.079088e-01 
  915.000  5.197087e-01 
  916.000  5.229535e-01 
  917.000  5.294418e-01 
  918.000  5.378383e-01 
  919.000  5.665097e-01 
  920.000  5.884732e-01 
  921.000  5.836830e-01 
  922.000  5.832838e-01 
  923.000  5.771621e-01 
  924.000  5.625091e-01 
  925.000  5.611766e-01 
  926.000  5.605117e-01 
  927.000  5.432836e-01 
  928.000  5.170774e-01 
  929.000  4.798843e-01 
  930.000  4.337394e-01 
  931.000  3.837653e-01 
  932.000  3.202197e-01 
  933.000  2.755969e-01 
  934.000  2.320293e-01 
  935.000  2.273156e-01 
  936.000  2.439080e-01 
  937.000  2.398518e-01 
  938.000  2.892063e-01 
  939.000  4.261014e-01 
  940.000  4.477417e-01 
  941.000  4.294423e-01 
  942.000  3.850095e-01 
  943.000  3.137904e-01 
  944.000  3.088088e-01 
  945.000  3.337096e-01 
  946.000  3.352975e-01 
  947.000  3.584376e-01 
  948.000  3.721483e-01 
  949.000  3.705880e-01 
  950.000  3.741779e-01 
  951.000  4.051633e-01 
  952.000  3.724967e-01 
  953.000  3.957858e-01 
  954.000  4.211842e-01 
  955.000  4.010846e-01 
  956.000  3.970013e-01 
  957.000  4.615948e-01 
  958.000  4.703740e-01 
  959.000  4.596955e-01 
  960.000  4.567156e-01 
  961.000  4.514147e-01 
  962.000  4.565068e-01 
  963.000  4.928237e-01 
  964.000  4.981914e-01 
  965.000  4.948298e-01 
  966.000  4.969538e-01 
  967.000  5.233654e-01 
  968.000  5.681081e-01 
  969.000  5.886331e-01 
  970.000  5.897949e-01 
  971.000  5.893200e-01 
  972.000  5.834812e-01 
  973.000  5.700723e-01 
  974.000  5.538654e-01 
  975.000  5.435150e-01 
  976.000  5.561830e-01 
  977.000  5.772681e-01 
  978.000  5.756050e-01 
  979.000  5.811567e-01 
  980.000  6.029059e-01 
  981.000  6.077811e-01 
  982.000  6.029781e-01 
  983.000  6.142319e-01 
  984.000  6.258515e-01 
  985.000  6.324797e-01 
  986.000  6.410477e-01 
  987.000  6.447771e-01 
  988.000  6.456395e-01 
  989.000  6.461906e-01 
  990.000  6.470982e-01 
  991.000  6.502916e-01 
  992.000  6.511961e-01 
  993.000  6.515319e-01 
  994.000  6.544135e-01 
  995.000  6.562251e-01 
  996.000  6.562026e-01 
  997.000  6.549680e-01 
  998.000  6.536382e-01 
  999.000  6.530976e-01 
 1000.000  6.535295e-01 
 1001.000  6.504664e-01 
 1002.000  6.455748e-01 
 1003.000  6.467300e-01 
 1004.000  6.495361e-01 
 1005.000  6.508166e-01 
 1006.000  6.512259e-01 
 1007.000  6.502864e-01 
 1008.000  6.462995e-01 
 1009.000  6.409789e-01 
 1010.000  6.433443e-01 
 1011.000  6.489969e-01 
 1012.000  6.511514e-01 
 1013.000  6.528474e-01 
 1014.000  6.535566e-01 
 1015.000  6.536910e-01 
 1016.000  6.544567e-01 
 1017.000  6.549000e-01 
 1018.000  6.539378e-01 
 1019.000  6.519681e-01 
 1020.000  6.526575e-01 
 1021.000  6.540751e-01 
 1022.000  6.516904e-01 
 1023.000  6.496966e-01 
 1024.000  6.485032e-01 
 1025.000  6.521574e-01 
 1026.000  6.537726e-01 
 1027.000  6.530862e-01 
 1028.000  6.536514e-01 
 1029.000  6.551310e-01 
 1030.000  6.566001e-01 
 1031.000  6.573523e-01 
 1032.000  6.579407e-01 
 1033.000  6.581153e-01 
 1034.000  6.584677e-01 
 1035.000  6.586363e-01 
 1036.000  6.585391e-01 
 1037.000  6.585829e-01 
 1038.000  6.587013e-01 
 1039.000  6.584768e-01 
 1040.000  6.582854e-01 
 1041.000  6.581341e-01 
 1042.000  6.580924e-01 
 1043.000  6.580896e-01 
 1044.000  6.579564e-01 
 1045.000  6.575320e-01 
 1046.000  6.572480e-01 
 1047.000  6.569124e-01 
 1048.000  6.564983e-01 
 1049.000  6.561067e-01 
 1050.000  6.556774e-01 
 1051.000  6.550336e-01 
 1052.000  6.546518e-01 
 1053.000  6.545762e-01 
 1054.000  6.539339e-01 
 1055.000  6.532798e-01 
 1056.000  6.527441e-01 
 1057.000  6.514498e-01 
 1058.000  6.490043e-01 
 1059.000  6.491500e-01 
 1060.000  6.503679e-01 
 1061.000  6.500590e-01 
 1062.000  6.485176e-01 
 1063.000  6.479473e-01 
 1064.000  6.466365e-01 
 1065.000  6.452062e-01 
 1066.000  6.453295e-01 
 1067.000  6.444750e-01 
 1068.000  6.414275e-01 
 1069.000  6.399462e-01 
 1070.000  6.404126e-01 
 1071.000  6.384637e-01 
 1072.000  6.364668e-01 
 1073.000  6.360852e-01 
 1074.000  6.363843e-01 
 1075.000  6.393470e-01 
 1076.000  6.374934e-01 
 1077.000  6.350083e-01 
 1078.000  6.320850e-01 
 1079.000  6.317024e-01 
 1080.000  6.239004e-01 
 1081.000  6.234570e-01 
 1082.000  6.268815e-01 
 1083.000  6.227391e-01 
 1084.000  6.182171e-01 
 1085.000  6.074821e-01 
 1086.000  6.099751e-01 
 1087.000  6.217723e-01 
 1088.000  6.222381e-01 
 1089.000  6.078575e-01 
 1090.000  6.051462e-01 
 1091.000  6.078487e-01 
 1092.000  6.007238e-01 
 1093.000  5.849197e-01 
 1094.000  5.780650e-01 
 1095.000  5.791426e-01 
 1096.000  5.800919e-01 
 1097.000  5.768985e-01 
 1098.000  5.390038e-01 
 1099.000  5.071774e-01 
 1100.000  5.092769e-01 
 1101.000  5.135949e-01 
 1102.000  5.113975e-01 
 1103.000  5.142179e-01 
 1104.000  5.088723e-01 
 1105.000  4.955749e-01 
 1106.000  4.823452e-01 
 1107.000  4.854589e-01 
 1108.000  4.876346e-01 
 1109.000  4.986475e-01 
 1110.000  4.968492e-01 
 1111.000  4.903502e-01 
 1112.000  4.625496e-01 
 1113.000  4.249453e-01 
 1114.000  4.141686e-01 
 1115.000  3.693071e-01 
 1116.000  3.423504e-01 
 1117.000  2.831166e-01 
 1118.000  2.313253e-01 
 1119.000  2.047208e-01 
 1120.000  1.736153e-01 
 1121.000  1.668291e-01 
 1122.000  1.372086e-01 
 1123.000  1.525448e-01 
 1124.000  1.631827e-01 
 1125.000  1.574204e-01 
 1126.000  1.552233e-01 
 1127.000  1.579421e-01 
 1128.000  1.632033e-01 
 1129.000  1.937923e-01 
 1130.000  2.698711e-01 
 1131.000  2.931849e-01 
 1132.000  2.612002e-01 
 1133.000  2.063682e-01 
 1134.000  1.175197e-01 
 1135.000  1.238160e-01 
 1136.000  2.147061e-01 
 1137.000  2.702748e-01 
 1138.000  3.279998e-01 
 1139.000  3.472236e-01 
 1140.000  3.359451e-01 
 1141.000  3.137833e-01 
 1142.000  3.058205e-01 
 1143.000  2.813189e-01 
 1144.000  2.546519e-01 
 1145.000  2.174354e-01 
 1146.000  2.261194e-01 
 1147.000  2.554697e-01 
 1148.000  2.824094e-01 
 1149.000  2.937655e-01 
 1150.000  2.949847e-01 
