  320.000  2.451304e-01 
  321.000  2.942124e-01 
  322.000  2.750603e-01 
  323.000  2.993085e-01 
  324.000  3.234142e-01 
  325.000  3.054729e-01 
  326.000  3.348671e-01 
  327.000  3.430236e-01 
  328.000  3.253829e-01 
  329.000  3.591654e-01 
  330.000  3.644902e-01 
  331.000  3.539464e-01 
  332.000  3.742779e-01 
  333.000  3.801854e-01 
  334.000  3.753356e-01 
  335.000  3.901708e-01 
  336.000  3.961632e-01 
  337.000  3.936389e-01 
  338.000  4.006537e-01 
  339.000  4.078806e-01 
  340.000  4.066938e-01 
  341.000  4.137010e-01 
  342.000  4.188178e-01 
  343.000  4.213853e-01 
  344.000  4.219098e-01 
  345.000  4.288293e-01 
  346.000  4.331923e-01 
  347.000  4.367460e-01 
  348.000  4.400717e-01 
  349.000  4.438038e-01 
  350.000  4.469911e-01 
  351.000  4.501628e-01 
  352.000  4.527628e-01 
  353.000  4.564567e-01 
  354.000  4.595984e-01 
  355.000  4.625195e-01 
  356.000  4.653636e-01 
  357.000  4.678929e-01 
  358.000  4.706123e-01 
  359.000  4.733270e-01 
  360.000  4.761049e-01 
  361.000  4.796112e-01 
  362.000  4.832585e-01 
  363.000  4.866142e-01 
  364.000  4.896996e-01 
  365.000  4.925911e-01 
  366.000  4.955454e-01 
  367.000  4.983557e-01 
  368.000  5.011383e-01 
  369.000  5.038946e-01 
  370.000  5.066203e-01 
  371.000  5.093225e-01 
  372.000  5.120003e-01 
  373.000  5.146532e-01 
  374.000  5.172614e-01 
  375.000  5.198174e-01 
  376.000  5.222847e-01 
  377.000  5.246150e-01 
  378.000  5.267780e-01 
  379.000  5.289744e-01 
  380.000  5.313883e-01 
  381.000  5.341340e-01 
  382.000  5.369771e-01 
  383.000  5.396633e-01 
  384.000  5.422093e-01 
  385.000  5.446606e-01 
  386.000  5.470472e-01 
  387.000  5.493935e-01 
  388.000  5.517080e-01 
  389.000  5.540018e-01 
  390.000  5.562754e-01 
  391.000  5.585240e-01 
  392.000  5.607542e-01 
  393.000  5.629644e-01 
  394.000  5.651524e-01 
  395.000  5.673165e-01 
  396.000  5.694650e-01 
  397.000  5.715870e-01 
  398.000  5.736879e-01 
  399.000  5.757696e-01 
  400.000  5.778210e-01 
  401.000  5.798631e-01 
  402.000  5.818874e-01 
  403.000  5.838928e-01 
  404.000  5.858791e-01 
  405.000  5.878424e-01 
  406.000  5.897912e-01 
  407.000  5.917236e-01 
  408.000  5.936377e-01 
  409.000  5.955318e-01 
  410.000  5.974067e-01 
  411.000  5.992619e-01 
  412.000  6.010961e-01 
  413.000  6.029186e-01 
  414.000  6.046093e-01 
  415.000  6.064371e-01 
  416.000  6.082408e-01 
  417.000  6.100133e-01 
  418.000  6.117440e-01 
  419.000  6.134547e-01 
  420.000  6.151490e-01 
  421.000  6.168321e-01 
  422.000  6.185039e-01 
  423.000  6.201624e-01 
  424.000  6.218004e-01 
  425.000  6.234000e-01 
  426.000  6.249832e-01 
  427.000  6.265517e-01 
  428.000  6.280915e-01 
  429.000  6.296089e-01 
  430.000  6.311080e-01 
  431.000  6.325952e-01 
  432.000  6.340662e-01 
  433.000  6.355225e-01 
  434.000  6.369659e-01 
  435.000  6.383945e-01 
  436.000  6.398065e-01 
  437.000  6.412025e-01 
  438.000  6.425820e-01 
  439.000  6.439503e-01 
  440.000  6.452959e-01 
  441.000  6.466239e-01 
  442.000  6.479304e-01 
  443.000  6.492166e-01 
  444.000  6.504821e-01 
  445.000  6.517198e-01 
  446.000  6.529227e-01 
  447.000  6.541838e-01 
  448.000  6.555353e-01 
  449.000  6.569028e-01 
  450.000  6.582434e-01 
  451.000  6.595310e-01 
  452.000  6.607730e-01 
  453.000  6.619892e-01 
  454.000  6.631829e-01 
  455.000  6.643070e-01 
  456.000  6.653399e-01 
  457.000  6.663728e-01 
  458.000  6.673915e-01 
  459.000  6.683882e-01 
  460.000  6.693768e-01 
  461.000  6.703545e-01 
  462.000  6.713133e-01 
  463.000  6.722678e-01 
  464.000  6.735099e-01 
  465.000  6.747329e-01 
  466.000  6.759338e-01 
  467.000  6.771066e-01 
  468.000  6.780615e-01 
  469.000  6.788837e-01 
  470.000  6.796396e-01 
  471.000  6.803200e-01 
  472.000  6.808976e-01 
  473.000  6.813023e-01 
  474.000  6.816347e-01 
  475.000  6.817200e-01 
  476.000  6.815555e-01 
  477.000  6.815522e-01 
  478.000  6.825135e-01 
  479.000  6.839765e-01 
  480.000  6.855547e-01 
  481.000  6.869699e-01 
  482.000  6.882966e-01 
  483.000  6.894495e-01 
  484.000  6.904401e-01 
  485.000  6.913257e-01 
  486.000  6.922699e-01 
  487.000  6.932635e-01 
  488.000  6.942250e-01 
  489.000  6.951685e-01 
  490.000  6.961005e-01 
  491.000  6.968302e-01 
  492.000  6.974970e-01 
  493.000  6.981604e-01 
  494.000  6.988049e-01 
  495.000  6.994492e-01 
  496.000  6.997812e-01 
  497.000  7.001005e-01 
  498.000  7.004151e-01 
  499.000  7.007128e-01 
  500.000  7.010057e-01 
  501.000  7.012661e-01 
  502.000  7.015264e-01 
  503.000  7.017835e-01 
  504.000  7.020287e-01 
  505.000  7.022604e-01 
  506.000  7.029393e-01 
  507.000  7.036377e-01 
  508.000  7.043350e-01 
  509.000  7.050239e-01 
  510.000  7.056981e-01 
  511.000  7.063024e-01 
  512.000  7.068859e-01 
  513.000  7.074658e-01 
  514.000  7.080385e-01 
  515.000  7.086060e-01 
  516.000  7.090114e-01 
  517.000  7.092713e-01 
  518.000  7.095239e-01 
  519.000  7.097718e-01 
  520.000  7.100172e-01 
  521.000  7.102370e-01 
  522.000  7.103956e-01 
  523.000  7.105100e-01 
  524.000  7.106280e-01 
  525.000  7.107211e-01 
  526.000  7.108517e-01 
  527.000  7.108728e-01 
  528.000  7.108494e-01 
  529.000  7.108247e-01 
  530.000  7.108056e-01 
  531.000  7.107899e-01 
  532.000  7.108251e-01 
  533.000  7.111436e-01 
  534.000  7.115457e-01 
  535.000  7.119995e-01 
  536.000  7.124382e-01 
  537.000  7.128393e-01 
  538.000  7.131980e-01 
  539.000  7.135304e-01 
  540.000  7.138420e-01 
  541.000  7.141446e-01 
  542.000  7.144339e-01 
  543.000  7.147129e-01 
  544.000  7.149239e-01 
  545.000  7.150793e-01 
  546.000  7.152276e-01 
  547.000  7.153800e-01 
  548.000  7.155248e-01 
  549.000  7.156673e-01 
  550.000  7.157364e-01 
  551.000  7.157328e-01 
  552.000  7.157319e-01 
  553.000  7.157161e-01 
  554.000  7.156933e-01 
  555.000  7.156665e-01 
  556.000  7.156122e-01 
  557.000  7.155102e-01 
  558.000  7.153999e-01 
  559.000  7.152766e-01 
  560.000  7.151222e-01 
  561.000  7.149388e-01 
  562.000  7.144912e-01 
  563.000  7.142604e-01 
  564.000  7.139471e-01 
  565.000  7.134475e-01 
  566.000  7.131751e-01 
  567.000  7.119853e-01 
  568.000  7.081119e-01 
  569.000  6.995927e-01 
  570.000  7.009317e-01 
  571.000  7.070708e-01 
  572.000  7.012185e-01 
  573.000  7.028000e-01 
  574.000  7.032282e-01 
  575.000  7.028761e-01 
  576.000  7.030740e-01 
  577.000  7.051035e-01 
  578.000  7.076900e-01 
  579.000  7.097160e-01 
  580.000  7.113586e-01 
  581.000  7.138651e-01 
  582.000  7.154610e-01 
  583.000  7.163083e-01 
  584.000  7.170867e-01 
  585.000  7.176494e-01 
  586.000  7.182197e-01 
  587.000  7.157973e-01 
  588.000  7.039897e-01 
  589.000  6.855715e-01 
  590.000  6.845443e-01 
  591.000  6.972907e-01 
  592.000  6.907039e-01 
  593.000  7.052562e-01 
  594.000  7.021872e-01 
  595.000  6.921706e-01 
  596.000  7.063881e-01 
  597.000  7.029934e-01 
  598.000  7.086878e-01 
  599.000  7.108864e-01 
  600.000  7.160292e-01 
  601.000  7.194556e-01 
  602.000  7.203820e-01 
  603.000  7.218283e-01 
  604.000  7.233902e-01 
  605.000  7.244376e-01 
  606.000  7.251406e-01 
  607.000  7.258176e-01 
  608.000  7.264391e-01 
  609.000  7.270315e-01 
  610.000  7.276409e-01 
  611.000  7.283173e-01 
  612.000  7.289797e-01 
  613.000  7.296212e-01 
  614.000  7.302438e-01 
  615.000  7.308645e-01 
  616.000  7.314625e-01 
  617.000  7.320272e-01 
  618.000  7.325005e-01 
  619.000  7.329009e-01 
  620.000  7.332715e-01 
  621.000  7.335899e-01 
  622.000  7.338560e-01 
  623.000  7.340339e-01 
  624.000  7.342228e-01 
  625.000  7.343792e-01 
  626.000  7.339154e-01 
  627.000  7.292128e-01 
  628.000  7.075849e-01 
  629.000  7.199882e-01 
  630.000  7.242423e-01 
  631.000  7.284529e-01 
  632.000  7.263911e-01 
  633.000  7.328581e-01 
  634.000  7.356421e-01 
  635.000  7.366070e-01 
  636.000  7.384166e-01 
  637.000  7.397650e-01 
  638.000  7.429417e-01 
  639.000  7.438194e-01 
  640.000  7.458110e-01 
  641.000  7.465568e-01 
  642.000  7.480154e-01 
  643.000  7.468888e-01 
  644.000  7.474552e-01 
  645.000  7.455211e-01 
  646.000  7.355379e-01 
  647.000  7.287246e-01 
  648.000  7.210890e-01 
  649.000  7.284530e-01 
  650.000  7.423549e-01 
  651.000  7.426840e-01 
  652.000  7.310590e-01 
  653.000  7.451559e-01 
  654.000  7.439806e-01 
  655.000  7.393000e-01 
  656.000  7.413940e-01 
  657.000  7.444582e-01 
  658.000  7.495143e-01 
  659.000  7.526057e-01 
  660.000  7.541453e-01 
  661.000  7.579687e-01 
  662.000  7.598422e-01 
  663.000  7.598920e-01 
  664.000  7.608488e-01 
  665.000  7.616726e-01 
  666.000  7.626781e-01 
  667.000  7.635131e-01 
  668.000  7.645069e-01 
  669.000  7.651757e-01 
  670.000  7.657509e-01 
  671.000  7.663653e-01 
  672.000  7.668987e-01 
  673.000  7.674200e-01 
  674.000  7.679357e-01 
  675.000  7.684531e-01 
  676.000  7.689352e-01 
  677.000  7.693794e-01 
  678.000  7.698256e-01 
  679.000  7.701667e-01 
  680.000  7.700525e-01 
  681.000  7.698227e-01 
  682.000  7.700124e-01 
  683.000  7.700178e-01 
  684.000  7.693174e-01 
  685.000  7.703435e-01 
  686.000  7.674289e-01 
  687.000  6.685485e-01 
  688.000  6.998500e-01 
  689.000  6.906168e-01 
  690.000  7.069596e-01 
  691.000  7.273467e-01 
  692.000  7.381491e-01 
  693.000  7.275074e-01 
  694.000  7.148666e-01 
  695.000  7.252719e-01 
  696.000  7.314185e-01 
  697.000  7.587366e-01 
  698.000  7.529888e-01 
  699.000  7.283103e-01 
  700.000  7.323468e-01 
  701.000  7.268409e-01 
  702.000  7.308492e-01 
  703.000  7.514586e-01 
  704.000  7.523403e-01 
  705.000  7.438182e-01 
  706.000  7.454754e-01 
  707.000  7.485186e-01 
  708.000  7.518125e-01 
  709.000  7.585616e-01 
  710.000  7.513569e-01 
  711.000  7.586895e-01 
  712.000  7.649387e-01 
  713.000  7.598839e-01 
  714.000  7.581541e-01 
  715.000  7.499165e-01 
  716.000  7.413171e-01 
  717.000  6.880052e-01 
  718.000  6.556089e-01 
  719.000  6.439773e-01 
  720.000  6.266906e-01 
  721.000  7.031428e-01 
  722.000  7.307922e-01 
  723.000  7.150942e-01 
  724.000  6.709650e-01 
  725.000  6.773718e-01 
  726.000  6.753049e-01 
  727.000  6.815011e-01 
  728.000  6.747229e-01 
  729.000  6.915364e-01 
  730.000  6.886243e-01 
  731.000  6.851121e-01 
  732.000  7.136292e-01 
  733.000  7.412246e-01 
  734.000  7.545923e-01 
  735.000  7.498555e-01 
  736.000  7.410544e-01 
  737.000  7.476605e-01 
  738.000  7.567629e-01 
  739.000  7.606806e-01 
  740.000  7.694070e-01 
  741.000  7.744483e-01 
  742.000  7.765554e-01 
  743.000  7.812130e-01 
  744.000  7.833147e-01 
  745.000  7.848685e-01 
  746.000  7.861198e-01 
  747.000  7.864052e-01 
  748.000  7.874829e-01 
  749.000  7.880366e-01 
  750.000  7.876746e-01 
  751.000  7.878584e-01 
  752.000  7.888579e-01 
  753.000  7.892530e-01 
  754.000  7.895559e-01 
  755.000  7.897391e-01 
  756.000  7.899332e-01 
  757.000  7.900664e-01 
  758.000  7.888240e-01 
  759.000  7.357670e-01 
  760.000  3.403877e-01 
  761.000  3.029888e-01 
  762.000  5.320006e-01 
  763.000  4.607336e-01 
  764.000  4.960060e-01 
  765.000  5.761282e-01 
  766.000  6.728210e-01 
  767.000  7.216190e-01 
  768.000  7.535331e-01 
  769.000  7.745980e-01 
  770.000  7.857382e-01 
  771.000  7.911572e-01 
  772.000  7.924788e-01 
  773.000  7.930723e-01 
  774.000  7.937822e-01 
  775.000  7.942074e-01 
  776.000  7.945189e-01 
  777.000  7.945843e-01 
  778.000  7.945319e-01 
  779.000  7.944725e-01 
  780.000  7.944120e-01 
  781.000  7.948511e-01 
  782.000  7.947764e-01 
  783.000  7.947172e-01 
  784.000  7.943516e-01 
  785.000  7.924191e-01 
  786.000  7.894503e-01 
  787.000  7.828286e-01 
  788.000  7.793410e-01 
  789.000  7.669904e-01 
  790.000  7.659076e-01 
  791.000  7.682095e-01 
  792.000  7.703422e-01 
  793.000  7.753426e-01 
  794.000  7.859851e-01 
  795.000  7.794439e-01 
  796.000  7.621283e-01 
  797.000  7.670422e-01 
  798.000  7.779542e-01 
  799.000  7.754383e-01 
  800.000  7.674631e-01 
  801.000  7.683894e-01 
  802.000  7.675672e-01 
  803.000  7.687120e-01 
  804.000  7.724364e-01 
  805.000  7.795925e-01 
  806.000  7.838647e-01 
  807.000  7.840361e-01 
  808.000  7.815810e-01 
  809.000  7.785678e-01 
  810.000  7.752647e-01 
  811.000  7.685275e-01 
  812.000  7.594796e-01 
  813.000  7.484384e-01 
  814.000  7.339398e-01 
  815.000  7.159883e-01 
  816.000  6.932423e-01 
  817.000  6.944279e-01 
  818.000  6.962429e-01 
  819.000  7.037299e-01 
  820.000  7.288378e-01 
  821.000  7.577298e-01 
  822.000  7.357012e-01 
  823.000  6.752054e-01 
  824.000  7.260846e-01 
  825.000  7.593152e-01 
  826.000  7.536608e-01 
  827.000  7.494295e-01 
  828.000  7.275494e-01 
  829.000  7.353796e-01 
  830.000  7.441987e-01 
  831.000  7.462776e-01 
  832.000  7.472239e-01 
  833.000  7.523336e-01 
  834.000  7.583668e-01 
  835.000  7.703615e-01 
  836.000  7.665009e-01 
  837.000  7.660964e-01 
  838.000  7.719269e-01 
  839.000  7.754698e-01 
  840.000  7.767465e-01 
  841.000  7.728836e-01 
  842.000  7.763286e-01 
  843.000  7.845418e-01 
  844.000  7.882701e-01 
  845.000  7.900000e-01 
  846.000  7.918209e-01 
  847.000  7.938294e-01 
  848.000  7.904736e-01 
  849.000  7.908838e-01 
  850.000  7.892171e-01 
  851.000  7.872366e-01 
  852.000  7.874170e-01 
  853.000  7.906489e-01 
  854.000  7.904612e-01 
  855.000  7.920807e-01 
  856.000  7.954655e-01 
  857.000  7.968103e-01 
  858.000  7.975557e-01 
  859.000  7.991737e-01 
  860.000  7.999569e-01 
  861.000  8.000783e-01 
  862.000  8.005252e-01 
  863.000  8.005776e-01 
  864.000  8.008819e-01 
  865.000  8.011296e-01 
  866.000  8.011903e-01 
  867.000  8.011377e-01 
  868.000  8.011709e-01 
  869.000  8.012486e-01 
  870.000  8.011801e-01 
  871.000  8.012533e-01 
  872.000  8.014414e-01 
  873.000  8.012404e-01 
  874.000  8.011286e-01 
  875.000  8.010970e-01 
  876.000  8.007513e-01 
  877.000  8.005973e-01 
  878.000  7.995549e-01 
  879.000  7.994777e-01 
  880.000  7.985767e-01 
  881.000  7.980546e-01 
  882.000  7.975874e-01 
  883.000  7.980601e-01 
  884.000  7.982123e-01 
  885.000  7.964477e-01 
  886.000  7.938856e-01 
  887.000  7.958433e-01 
  888.000  7.957129e-01 
  889.000  7.962947e-01 
  890.000  7.947710e-01 
  891.000  7.916549e-01 
  892.000  7.851064e-01 
  893.000  7.653669e-01 
  894.000  7.555172e-01 
  895.000  7.258866e-01 
  896.000  6.994706e-01 
  897.000  6.718258e-01 
  898.000  6.589732e-01 
  899.000  6.234173e-01 
  900.000  6.284109e-01 
  901.000  6.192578e-01 
  902.000  6.210571e-01 
  903.000  6.809132e-01 
  904.000  7.181409e-01 
  905.000  7.168571e-01 
  906.000  6.935516e-01 
  907.000  6.528215e-01 
  908.000  6.262980e-01 
  909.000  6.273484e-01 
  910.000  6.312876e-01 
  911.000  6.488407e-01 
  912.000  6.403257e-01 
  913.000  6.036852e-01 
  914.000  6.217414e-01 
  915.000  6.361080e-01 
  916.000  6.400542e-01 
  917.000  6.479508e-01 
  918.000  6.581699e-01 
  919.000  6.930725e-01 
  920.000  7.197998e-01 
  921.000  7.139606e-01 
  922.000  7.134649e-01 
  923.000  7.060025e-01 
  924.000  6.881534e-01 
  925.000  6.865144e-01 
  926.000  6.856821e-01 
  927.000  6.646884e-01 
  928.000  6.327554e-01 
  929.000  5.874280e-01 
  930.000  5.311737e-01 
  931.000  4.702242e-01 
  932.000  3.926443e-01 
  933.000  3.381488e-01 
  934.000  2.849144e-01 
  935.000  2.791389e-01 
  936.000  2.993965e-01 
  937.000  2.944408e-01 
  938.000  3.547199e-01 
  939.000  5.216520e-01 
  940.000  5.480135e-01 
  941.000  5.257291e-01 
  942.000  4.715913e-01 
  943.000  3.847409e-01 
  944.000  3.786578e-01 
  945.000  4.090283e-01 
  946.000  4.109684e-01 
  947.000  4.392008e-01 
  948.000  4.559232e-01 
  949.000  4.540294e-01 
  950.000  4.584099e-01 
  951.000  4.961833e-01 
  952.000  4.563746e-01 
  953.000  4.847732e-01 
  954.000  5.157366e-01 
  955.000  4.912513e-01 
  956.000  4.862904e-01 
  957.000  5.650018e-01 
  958.000  5.757005e-01 
  959.000  5.626985e-01 
  960.000  5.590712e-01 
  961.000  5.526156e-01 
  962.000  5.588197e-01 
  963.000  6.030494e-01 
  964.000  6.095852e-01 
  965.000  6.054927e-01 
  966.000  6.080797e-01 
  967.000  6.402351e-01 
  968.000  6.946909e-01 
  969.000  7.196640e-01 
  970.000  7.210754e-01 
  971.000  7.204941e-01 
  972.000  7.133857e-01 
  973.000  6.970663e-01 
  974.000  6.773414e-01 
  975.000  6.647418e-01 
  976.000  6.801544e-01 
  977.000  7.058067e-01 
  978.000  7.037809e-01 
  979.000  7.105335e-01 
  980.000  7.369887e-01 
  981.000  7.429155e-01 
  982.000  7.370704e-01 
  983.000  7.507554e-01 
  984.000  7.648834e-01 
  985.000  7.729397e-01 
  986.000  7.833543e-01 
  987.000  7.878847e-01 
  988.000  7.889285e-01 
  989.000  7.895936e-01 
  990.000  7.906921e-01 
  991.000  7.945698e-01 
  992.000  7.956642e-01 
  993.000  7.960671e-01 
  994.000  7.995651e-01 
  995.000  8.018920e-01 
  996.000  8.018610e-01 
  997.000  8.003888e-01 
  998.000  7.986006e-01 
  999.000  7.979378e-01 
 1000.000  7.984573e-01 
 1001.000  7.947279e-01 
 1002.000  7.887753e-01 
 1003.000  7.901744e-01 
 1004.000  7.935805e-01 
 1005.000  7.951317e-01 
 1006.000  7.956330e-01 
 1007.000  7.944862e-01 
 1008.000  7.896355e-01 
 1009.000  7.831652e-01 
 1010.000  7.860386e-01 
 1011.000  7.929104e-01 
 1012.000  7.955279e-01 
 1013.000  7.975913e-01 
 1014.000  7.984535e-01 
 1015.000  7.986191e-01 
 1016.000  7.995508e-01 
 1017.000  8.000892e-01 
 1018.000  7.989219e-01 
 1019.000  7.965276e-01 
 1020.000  7.973680e-01 
 1021.000  7.990927e-01 
 1022.000  7.961993e-01 
 1023.000  7.937815e-01 
 1024.000  7.923373e-01 
 1025.000  7.967843e-01 
 1026.000  7.987573e-01 
 1027.000  7.979295e-01 
 1028.000  7.986288e-01 
 1029.000  8.005180e-01 
 1030.000  8.023197e-01 
 1031.000  8.032857e-01 
 1032.000  8.040197e-01 
 1033.000  8.042044e-01 
 1034.000  8.046494e-01 
 1035.000  8.048752e-01 
 1036.000  8.047971e-01 
 1037.000  8.048710e-01 
 1038.000  8.050060e-01 
 1039.000  8.047636e-01 
 1040.000  8.045636e-01 
 1041.000  8.044062e-01 
 1042.000  8.043674e-01 
 1043.000  8.043743e-01 
 1044.000  8.042420e-01 
 1045.000  8.037896e-01 
 1046.000  8.034917e-01 
 1047.000  8.031447e-01 
 1048.000  8.027443e-01 
 1049.000  8.023760e-01 
 1050.000  8.019110e-01 
 1051.000  8.012041e-01 
 1052.000  8.007690e-01 
 1053.000  8.007479e-01 
 1054.000  8.000479e-01 
 1055.000  7.993636e-01 
 1056.000  7.988126e-01 
 1057.000  7.972772e-01 
 1058.000  7.944157e-01 
 1059.000  7.946727e-01 
 1060.000  7.962320e-01 
 1061.000  7.959150e-01 
 1062.000  7.941207e-01 
 1063.000  7.935181e-01 
 1064.000  7.920001e-01 
 1065.000  7.901816e-01 
 1066.000  7.903349e-01 
 1067.000  7.892922e-01 
 1068.000  7.855189e-01 
 1069.000  7.835222e-01 
 1070.000  7.839395e-01 
 1071.000  7.814268e-01 
 1072.000  7.788904e-01 
 1073.000  7.783172e-01 
 1074.000  7.785729e-01 
 1075.000  7.820770e-01 
 1076.000  7.797249e-01 
 1077.000  7.766112e-01 
 1078.000  7.729704e-01 
 1079.000  7.724233e-01 
 1080.000  7.628651e-01 
 1081.000  7.622634e-01 
 1082.000  7.663737e-01 
 1083.000  7.612734e-01 
 1084.000  7.557218e-01 
 1085.000  7.426164e-01 
 1086.000  7.456033e-01 
 1087.000  7.599108e-01 
 1088.000  7.604385e-01 
 1089.000  7.429124e-01 
 1090.000  7.395771e-01 
 1091.000  7.428291e-01 
 1092.000  7.341222e-01 
 1093.000  7.148761e-01 
 1094.000  7.065161e-01 
 1095.000  7.078044e-01 
 1096.000  7.089379e-01 
 1097.000  7.050221e-01 
 1098.000  6.589067e-01 
 1099.000  6.201572e-01 
 1100.000  6.226939e-01 
 1101.000  6.279322e-01 
 1102.000  6.252297e-01 
 1103.000  6.286470e-01 
 1104.000  6.221322e-01 
 1105.000  6.059315e-01 
 1106.000  5.898223e-01 
 1107.000  5.935879e-01 
 1108.000  5.962082e-01 
 1109.000  6.095818e-01 
 1110.000  6.073614e-01 
 1111.000  5.994334e-01 
 1112.000  5.655856e-01 
 1113.000  5.197880e-01 
 1114.000  5.066247e-01 
 1115.000  4.519520e-01 
 1116.000  4.190884e-01 
 1117.000  3.468788e-01 
 1118.000  2.836578e-01 
 1119.000  2.511427e-01 
 1120.000  2.131201e-01 
 1121.000  2.048152e-01 
 1122.000  1.685971e-01 
 1123.000  1.873239e-01 
 1124.000  2.003027e-01 
 1125.000  1.932499e-01 
 1126.000  1.905642e-01 
 1127.000  1.938888e-01 
 1128.000  2.003268e-01 
 1129.000  2.376813e-01 
 1130.000  3.304511e-01 
 1131.000  3.588520e-01 
 1132.000  3.198796e-01 
 1133.000  2.530391e-01 
 1134.000  1.445066e-01 
 1135.000  1.522141e-01 
 1136.000  2.632436e-01 
 1137.000  3.310020e-01 
 1138.000  4.013341e-01 
 1139.000  4.247817e-01 
 1140.000  4.110491e-01 
 1141.000  3.840812e-01 
 1142.000  3.743871e-01 
 1143.000  3.445374e-01 
 1144.000  3.120285e-01 
 1145.000  2.666389e-01 
 1146.000  2.772451e-01 
 1147.000  3.130551e-01 
 1148.000  3.459046e-01 
 1149.000  3.597590e-01 
 1150.000  3.612763e-01 
