  320.000  9.321062e-02 
  321.000  1.221097e-01 
  322.000  1.105337e-01 
  323.000  1.252522e-01 
  324.000  1.404630e-01 
  325.000  1.290881e-01 
  326.000  1.478852e-01 
  327.000  1.532461e-01 
  328.000  1.417300e-01 
  329.000  1.640361e-01 
  330.000  1.676473e-01 
  331.000  1.605215e-01 
  332.000  1.743513e-01 
  333.000  1.784386e-01 
  334.000  1.750809e-01 
  335.000  1.854168e-01 
  336.000  1.896459e-01 
  337.000  1.878606e-01 
  338.000  1.928353e-01 
  339.000  1.980042e-01 
  340.000  1.971524e-01 
  341.000  2.021993e-01 
  342.000  2.059108e-01 
  343.000  2.077814e-01 
  344.000  2.081641e-01 
  345.000  2.132356e-01 
  346.000  2.164535e-01 
  347.000  2.190861e-01 
  348.000  2.215591e-01 
  349.000  2.243450e-01 
  350.000  2.267332e-01 
  351.000  2.291178e-01 
  352.000  2.310785e-01 
  353.000  2.338735e-01 
  354.000  2.362593e-01 
  355.000  2.384846e-01 
  356.000  2.406577e-01 
  357.000  2.425956e-01 
  358.000  2.446849e-01 
  359.000  2.467762e-01 
  360.000  2.489223e-01 
  361.000  2.516396e-01 
  362.000  2.544763e-01 
  363.000  2.570953e-01 
  364.000  2.595110e-01 
  365.000  2.617816e-01 
  366.000  2.641080e-01 
  367.000  2.663273e-01 
  368.000  2.685306e-01 
  369.000  2.707189e-01 
  370.000  2.728885e-01 
  371.000  2.750449e-01 
  372.000  2.771873e-01 
  373.000  2.793152e-01 
  374.000  2.814123e-01 
  375.000  2.834723e-01 
  376.000  2.854654e-01 
  377.000  2.873521e-01 
  378.000  2.891069e-01 
  379.000  2.908923e-01 
  380.000  2.928586e-01 
  381.000  2.951005e-01 
  382.000  2.974276e-01 
  383.000  2.996318e-01 
  384.000  3.017259e-01 
  385.000  3.037465e-01 
  386.000  3.057179e-01 
  387.000  3.076600e-01 
  388.000  3.095799e-01 
  389.000  3.114863e-01 
  390.000  3.133796e-01 
  391.000  3.152559e-01 
  392.000  3.171203e-01 
  393.000  3.189715e-01 
  394.000  3.208076e-01 
  395.000  3.226269e-01 
  396.000  3.244365e-01 
  397.000  3.262269e-01 
  398.000  3.280028e-01 
  399.000  3.297654e-01 
  400.000  3.315053e-01 
  401.000  3.332404e-01 
  402.000  3.349631e-01 
  403.000  3.366728e-01 
  404.000  3.383689e-01 
  405.000  3.400479e-01 
  406.000  3.417174e-01 
  407.000  3.433752e-01 
  408.000  3.450201e-01 
  409.000  3.466503e-01 
  410.000  3.482664e-01 
  411.000  3.498678e-01 
  412.000  3.514535e-01 
  413.000  3.530313e-01 
  414.000  3.544971e-01 
  415.000  3.560841e-01 
  416.000  3.576523e-01 
  417.000  3.591955e-01 
  418.000  3.607046e-01 
  419.000  3.621980e-01 
  420.000  3.636791e-01 
  421.000  3.651525e-01 
  422.000  3.666179e-01 
  423.000  3.680734e-01 
  424.000  3.695129e-01 
  425.000  3.709203e-01 
  426.000  3.723150e-01 
  427.000  3.736984e-01 
  428.000  3.750581e-01 
  429.000  3.763997e-01 
  430.000  3.777265e-01 
  431.000  3.790444e-01 
  432.000  3.803492e-01 
  433.000  3.816426e-01 
  434.000  3.829258e-01 
  435.000  3.841973e-01 
  436.000  3.854553e-01 
  437.000  3.867005e-01 
  438.000  3.879321e-01 
  439.000  3.891550e-01 
  440.000  3.903589e-01 
  441.000  3.915482e-01 
  442.000  3.927193e-01 
  443.000  3.938734e-01 
  444.000  3.950099e-01 
  445.000  3.961226e-01 
  446.000  3.972049e-01 
  447.000  3.983406e-01 
  448.000  3.995590e-01 
  449.000  4.007929e-01 
  450.000  4.020037e-01 
  451.000  4.031678e-01 
  452.000  4.042918e-01 
  453.000  4.053933e-01 
  454.000  4.064755e-01 
  455.000  4.074953e-01 
  456.000  4.084332e-01 
  457.000  4.093718e-01 
  458.000  4.102981e-01 
  459.000  4.112051e-01 
  460.000  4.121053e-01 
  461.000  4.129963e-01 
  462.000  4.138707e-01 
  463.000  4.147416e-01 
  464.000  4.158760e-01 
  465.000  4.169939e-01 
  466.000  4.180926e-01 
  467.000  4.191664e-01 
  468.000  4.200414e-01 
  469.000  4.207953e-01 
  470.000  4.214888e-01 
  471.000  4.221132e-01 
  472.000  4.226436e-01 
  473.000  4.230154e-01 
  474.000  4.233208e-01 
  475.000  4.233992e-01 
  476.000  4.232481e-01 
  477.000  4.232449e-01 
  478.000  4.241286e-01 
  479.000  4.254745e-01 
  480.000  4.269280e-01 
  481.000  4.282327e-01 
  482.000  4.294570e-01 
  483.000  4.305218e-01 
  484.000  4.314374e-01 
  485.000  4.322565e-01 
  486.000  4.331303e-01 
  487.000  4.340505e-01 
  488.000  4.349415e-01 
  489.000  4.358164e-01 
  490.000  4.366813e-01 
  491.000  4.373588e-01 
  492.000  4.379782e-01 
  493.000  4.385948e-01 
  494.000  4.391940e-01 
  495.000  4.397933e-01 
  496.000  4.401022e-01 
  497.000  4.403994e-01 
  498.000  4.406923e-01 
  499.000  4.409694e-01 
  500.000  4.412422e-01 
  501.000  4.414847e-01 
  502.000  4.417272e-01 
  503.000  4.419668e-01 
  504.000  4.421953e-01 
  505.000  4.424113e-01 
  506.000  4.430443e-01 
  507.000  4.436958e-01 
  508.000  4.443465e-01 
  509.000  4.449898e-01 
  510.000  4.456196e-01 
  511.000  4.461843e-01 
  512.000  4.467298e-01 
  513.000  4.472722e-01 
  514.000  4.478081e-01 
  515.000  4.483393e-01 
  516.000  4.487188e-01 
  517.000  4.489622e-01 
  518.000  4.491988e-01 
  519.000  4.494311e-01 
  520.000  4.496610e-01 
  521.000  4.498671e-01 
  522.000  4.500157e-01 
  523.000  4.501229e-01 
  524.000  4.502336e-01 
  525.000  4.503208e-01 
  526.000  4.504433e-01 
  527.000  4.504630e-01 
  528.000  4.504411e-01 
  529.000  4.504180e-01 
  530.000  4.504000e-01 
  531.000  4.503853e-01 
  532.000  4.504184e-01 
  533.000  4.507170e-01 
  534.000  4.510942e-01 
  535.000  4.515199e-01 
  536.000  4.519315e-01 
  537.000  4.523081e-01 
  538.000  4.526449e-01 
  539.000  4.529571e-01 
  540.000  4.532499e-01 
  541.000  4.535342e-01 
  542.000  4.538060e-01 
  543.000  4.540683e-01 
  544.000  4.542667e-01 
  545.000  4.544128e-01 
  546.000  4.545523e-01 
  547.000  4.546956e-01 
  548.000  4.548317e-01 
  549.000  4.549658e-01 
  550.000  4.550308e-01 
  551.000  4.550274e-01 
  552.000  4.550266e-01 
  553.000  4.550117e-01 
  554.000  4.549903e-01 
  555.000  4.549651e-01 
  556.000  4.549140e-01 
  557.000  4.548180e-01 
  558.000  4.547143e-01 
  559.000  4.545985e-01 
  560.000  4.544537e-01 
  561.000  4.542824e-01 
  562.000  4.540012e-01 
  563.000  4.537963e-01 
  564.000  4.535367e-01 
  565.000  4.531670e-01 
  566.000  4.528470e-01 
  567.000  4.521556e-01 
  568.000  4.505344e-01 
  569.000  4.475853e-01 
  570.000  4.477194e-01 
  571.000  4.492181e-01 
  572.000  4.469871e-01 
  573.000  4.471850e-01 
  574.000  4.470145e-01 
  575.000  4.467391e-01 
  576.000  4.468997e-01 
  577.000  4.477955e-01 
  578.000  4.489588e-01 
  579.000  4.503067e-01 
  580.000  4.518763e-01 
  581.000  4.539246e-01 
  582.000  4.554480e-01 
  583.000  4.565549e-01 
  584.000  4.575645e-01 
  585.000  4.583780e-01 
  586.000  4.591854e-01 
  587.000  4.588790e-01 
  588.000  4.556603e-01 
  589.000  4.498960e-01 
  590.000  4.498090e-01 
  591.000  4.542814e-01 
  592.000  4.523126e-01 
  593.000  4.573313e-01 
  594.000  4.565148e-01 
  595.000  4.533767e-01 
  596.000  4.579538e-01 
  597.000  4.566121e-01 
  598.000  4.582638e-01 
  599.000  4.587589e-01 
  600.000  4.600900e-01 
  601.000  4.609442e-01 
  602.000  4.610282e-01 
  603.000  4.616747e-01 
  604.000  4.626367e-01 
  605.000  4.633830e-01 
  606.000  4.639834e-01 
  607.000  4.645653e-01 
  608.000  4.651431e-01 
  609.000  4.656975e-01 
  610.000  4.662744e-01 
  611.000  4.669158e-01 
  612.000  4.675441e-01 
  613.000  4.681531e-01 
  614.000  4.687442e-01 
  615.000  4.693339e-01 
  616.000  4.699022e-01 
  617.000  4.704390e-01 
  618.000  4.708892e-01 
  619.000  4.712701e-01 
  620.000  4.716228e-01 
  621.000  4.719259e-01 
  622.000  4.721792e-01 
  623.000  4.723487e-01 
  624.000  4.725294e-01 
  625.000  4.726810e-01 
  626.000  4.726061e-01 
  627.000  4.707224e-01 
  628.000  4.531659e-01 
  629.000  4.645456e-01 
  630.000  4.660612e-01 
  631.000  4.693648e-01 
  632.000  4.705819e-01 
  633.000  4.739042e-01 
  634.000  4.760327e-01 
  635.000  4.773738e-01 
  636.000  4.788301e-01 
  637.000  4.801535e-01 
  638.000  4.819878e-01 
  639.000  4.830626e-01 
  640.000  4.844725e-01 
  641.000  4.854017e-01 
  642.000  4.865027e-01 
  643.000  4.866342e-01 
  644.000  4.873189e-01 
  645.000  4.871145e-01 
  646.000  4.843911e-01 
  647.000  4.825387e-01 
  648.000  4.803723e-01 
  649.000  4.832828e-01 
  650.000  4.883457e-01 
  651.000  4.888071e-01 
  652.000  4.852249e-01 
  653.000  4.903322e-01 
  654.000  4.902774e-01 
  655.000  4.890400e-01 
  656.000  4.900865e-01 
  657.000  4.914312e-01 
  658.000  4.933030e-01 
  659.000  4.947149e-01 
  660.000  4.955277e-01 
  661.000  4.972080e-01 
  662.000  4.981670e-01 
  663.000  4.985179e-01 
  664.000  4.991542e-01 
  665.000  4.997884e-01 
  666.000  5.004925e-01 
  667.000  5.011266e-01 
  668.000  5.018203e-01 
  669.000  5.023881e-01 
  670.000  5.029188e-01 
  671.000  5.034636e-01 
  672.000  5.039762e-01 
  673.000  5.044830e-01 
  674.000  5.049866e-01 
  675.000  5.054900e-01 
  676.000  5.059670e-01 
  677.000  5.064046e-01 
  678.000  5.068423e-01 
  679.000  5.072359e-01 
  680.000  5.074415e-01 
  681.000  5.075759e-01 
  682.000  5.079003e-01 
  683.000  5.081323e-01 
  684.000  5.081978e-01 
  685.000  5.088015e-01 
  686.000  5.066428e-01 
  687.000  4.263585e-01 
  688.000  4.510929e-01 
  689.000  4.443310e-01 
  690.000  4.572654e-01 
  691.000  4.753108e-01 
  692.000  4.877848e-01 
  693.000  4.897305e-01 
  694.000  4.887909e-01 
  695.000  4.941595e-01 
  696.000  4.971638e-01 
  697.000  5.074884e-01 
  698.000  5.057125e-01 
  699.000  4.970036e-01 
  700.000  4.986761e-01 
  701.000  4.968521e-01 
  702.000  4.984914e-01 
  703.000  5.061314e-01 
  704.000  5.066218e-01 
  705.000  5.036920e-01 
  706.000  5.044336e-01 
  707.000  5.056763e-01 
  708.000  5.070061e-01 
  709.000  5.095791e-01 
  710.000  5.071300e-01 
  711.000  5.099159e-01 
  712.000  5.123056e-01 
  713.000  5.106453e-01 
  714.000  5.101861e-01 
  715.000  5.074185e-01 
  716.000  5.045648e-01 
  717.000  4.851409e-01 
  718.000  4.731078e-01 
  719.000  4.688540e-01 
  720.000  4.621999e-01 
  721.000  4.915871e-01 
  722.000  5.019479e-01 
  723.000  4.963170e-01 
  724.000  4.798990e-01 
  725.000  4.825126e-01 
  726.000  4.818113e-01 
  727.000  4.842528e-01 
  728.000  4.817526e-01 
  729.000  4.882017e-01 
  730.000  4.871531e-01 
  731.000  4.858689e-01 
  732.000  4.966537e-01 
  733.000  5.068741e-01 
  734.000  5.117984e-01 
  735.000  5.101622e-01 
  736.000  5.070268e-01 
  737.000  5.095057e-01 
  738.000  5.128828e-01 
  739.000  5.143678e-01 
  740.000  5.175801e-01 
  741.000  5.194590e-01 
  742.000  5.202840e-01 
  743.000  5.218914e-01 
  744.000  5.227073e-01 
  745.000  5.233554e-01 
  746.000  5.238431e-01 
  747.000  5.240618e-01 
  748.000  5.246598e-01 
  749.000  5.249988e-01 
  750.000  5.249471e-01 
  751.000  5.251313e-01 
  752.000  5.256635e-01 
  753.000  5.259347e-01 
  754.000  5.261672e-01 
  755.000  5.263494e-01 
  756.000  5.265357e-01 
  757.000  5.266670e-01 
  758.000  5.255339e-01 
  759.000  4.820147e-01 
  760.000  1.844670e-01 
  761.000  1.595705e-01 
  762.000  3.218463e-01 
  763.000  2.690507e-01 
  764.000  2.949774e-01 
  765.000  3.555058e-01 
  766.000  4.313599e-01 
  767.000  4.707142e-01 
  768.000  4.968258e-01 
  769.000  5.142215e-01 
  770.000  5.237018e-01 
  771.000  5.280883e-01 
  772.000  5.292089e-01 
  773.000  5.297151e-01 
  774.000  5.304050e-01 
  775.000  5.308198e-01 
  776.000  5.311095e-01 
  777.000  5.312312e-01 
  778.000  5.312788e-01 
  779.000  5.313098e-01 
  780.000  5.313353e-01 
  781.000  5.315759e-01 
  782.000  5.315950e-01 
  783.000  5.316204e-01 
  784.000  5.315057e-01 
  785.000  5.307966e-01 
  786.000  5.297590e-01 
  787.000  5.275279e-01 
  788.000  5.263025e-01 
  789.000  5.217806e-01 
  790.000  5.214368e-01 
  791.000  5.223486e-01 
  792.000  5.231912e-01 
  793.000  5.250947e-01 
  794.000  5.290785e-01 
  795.000  5.267169e-01 
  796.000  5.203302e-01 
  797.000  5.222162e-01 
  798.000  5.263204e-01 
  799.000  5.254365e-01 
  800.000  5.225221e-01 
  801.000  5.229172e-01 
  802.000  5.226597e-01 
  803.000  5.231332e-01 
  804.000  5.245621e-01 
  805.000  5.272626e-01 
  806.000  5.288869e-01 
  807.000  5.289975e-01 
  808.000  5.281408e-01 
  809.000  5.270790e-01 
  810.000  5.259143e-01 
  811.000  5.234743e-01 
  812.000  5.201752e-01 
  813.000  5.161133e-01 
  814.000  5.107238e-01 
  815.000  5.039929e-01 
  816.000  4.952433e-01 
  817.000  4.957952e-01 
  818.000  4.965536e-01 
  819.000  4.994713e-01 
  820.000  5.091501e-01 
  821.000  5.201378e-01 
  822.000  5.118485e-01 
  823.000  4.883870e-01 
  824.000  5.082382e-01 
  825.000  5.208669e-01 
  826.000  5.187287e-01 
  827.000  5.171739e-01 
  828.000  5.089025e-01 
  829.000  5.119356e-01 
  830.000  5.153142e-01 
  831.000  5.161239e-01 
  832.000  5.164781e-01 
  833.000  5.184283e-01 
  834.000  5.207137e-01 
  835.000  5.252173e-01 
  836.000  5.238013e-01 
  837.000  5.236712e-01 
  838.000  5.258825e-01 
  839.000  5.272321e-01 
  840.000  5.277431e-01 
  841.000  5.263386e-01 
  842.000  5.276561e-01 
  843.000  5.307400e-01 
  844.000  5.321508e-01 
  845.000  5.326769e-01 
  846.000  5.333386e-01 
  847.000  5.341624e-01 
  848.000  5.329657e-01 
  849.000  5.331615e-01 
  850.000  5.327233e-01 
  851.000  5.320281e-01 
  852.000  5.321316e-01 
  853.000  5.332164e-01 
  854.000  5.331762e-01 
  855.000  5.337576e-01 
  856.000  5.350552e-01 
  857.000  5.355939e-01 
  858.000  5.359338e-01 
  859.000  5.365734e-01 
  860.000  5.369713e-01 
  861.000  5.370548e-01 
  862.000  5.372791e-01 
  863.000  5.373327e-01 
  864.000  5.374953e-01 
  865.000  5.376332e-01 
  866.000  5.376902e-01 
  867.000  5.376964e-01 
  868.000  5.377408e-01 
  869.000  5.378051e-01 
  870.000  5.378038e-01 
  871.000  5.378657e-01 
  872.000  5.379789e-01 
  873.000  5.379181e-01 
  874.000  5.378969e-01 
  875.000  5.379118e-01 
  876.000  5.377859e-01 
  877.000  5.377346e-01 
  878.000  5.373080e-01 
  879.000  5.373020e-01 
  880.000  5.369980e-01 
  881.000  5.368050e-01 
  882.000  5.367038e-01 
  883.000  5.369282e-01 
  884.000  5.369611e-01 
  885.000  5.363718e-01 
  886.000  5.353677e-01 
  887.000  5.361905e-01 
  888.000  5.361702e-01 
  889.000  5.364481e-01 
  890.000  5.358747e-01 
  891.000  5.347656e-01 
  892.000  5.325305e-01 
  893.000  5.251044e-01 
  894.000  5.214241e-01 
  895.000  5.100005e-01 
  896.000  4.997268e-01 
  897.000  4.888408e-01 
  898.000  4.837362e-01 
  899.000  4.690492e-01 
  900.000  4.712371e-01 
  901.000  4.673958e-01 
  902.000  4.680757e-01 
  903.000  4.927638e-01 
  904.000  5.076270e-01 
  905.000  5.070785e-01 
  906.000  4.978188e-01 
  907.000  4.812949e-01 
  908.000  4.703154e-01 
  909.000  4.708253e-01 
  910.000  4.725154e-01 
  911.000  4.798499e-01 
  912.000  4.763248e-01 
  913.000  4.608568e-01 
  914.000  4.685415e-01 
  915.000  4.745525e-01 
  916.000  4.761725e-01 
  917.000  4.794114e-01 
  918.000  4.835923e-01 
  919.000  4.977487e-01 
  920.000  5.083347e-01 
  921.000  5.060006e-01 
  922.000  5.058122e-01 
  923.000  5.028746e-01 
  924.000  4.957719e-01 
  925.000  4.952447e-01 
  926.000  4.952160e-01 
  927.000  4.869857e-01 
  928.000  4.742180e-01 
  929.000  4.555600e-01 
  930.000  4.314242e-01 
  931.000  4.038593e-01 
  932.000  3.671981e-01 
  933.000  3.386340e-01 
  934.000  3.082131e-01 
  935.000  3.050409e-01 
  936.000  3.174327e-01 
  937.000  3.141841e-01 
  938.000  3.476231e-01 
  939.000  4.303324e-01 
  940.000  4.420740e-01 
  941.000  4.317798e-01 
  942.000  4.063324e-01 
  943.000  3.627515e-01 
  944.000  3.597305e-01 
  945.000  3.757674e-01 
  946.000  3.765649e-01 
  947.000  3.904097e-01 
  948.000  3.984706e-01 
  949.000  3.973069e-01 
  950.000  3.993379e-01 
  951.000  4.172412e-01 
  952.000  3.978972e-01 
  953.000  4.112837e-01 
  954.000  4.254478e-01 
  955.000  4.137382e-01 
  956.000  4.109049e-01 
  957.000  4.465938e-01 
  958.000  4.510233e-01 
  959.000  4.450650e-01 
  960.000  4.432820e-01 
  961.000  4.402743e-01 
  962.000  4.429067e-01 
  963.000  4.621007e-01 
  964.000  4.647946e-01 
  965.000  4.629214e-01 
  966.000  4.639007e-01 
  967.000  4.773690e-01 
  968.000  4.995433e-01 
  969.000  5.094165e-01 
  970.000  5.099317e-01 
  971.000  5.097016e-01 
  972.000  5.069163e-01 
  973.000  5.004315e-01 
  974.000  4.924701e-01 
  975.000  4.873259e-01 
  976.000  4.936323e-01 
  977.000  5.039677e-01 
  978.000  5.031167e-01 
  979.000  5.057599e-01 
  980.000  5.161840e-01 
  981.000  5.184747e-01 
  982.000  5.161478e-01 
  983.000  5.214603e-01 
  984.000  5.269115e-01 
  985.000  5.299990e-01 
  986.000  5.339729e-01 
  987.000  5.356902e-01 
  988.000  5.360854e-01 
  989.000  5.363414e-01 
  990.000  5.367672e-01 
  991.000  5.380576e-01 
  992.000  5.385033e-01 
  993.000  5.386760e-01 
  994.000  5.400113e-01 
  995.000  5.409350e-01 
  996.000  5.409375e-01 
  997.000  5.403914e-01 
  998.000  5.396835e-01 
  999.000  5.394323e-01 
 1000.000  5.396609e-01 
 1001.000  5.382758e-01 
 1002.000  5.362226e-01 
 1003.000  5.367720e-01 
 1004.000  5.380841e-01 
 1005.000  5.385022e-01 
 1006.000  5.386913e-01 
 1007.000  5.382522e-01 
 1008.000  5.366166e-01 
 1009.000  5.341530e-01 
 1010.000  5.352574e-01 
 1011.000  5.378751e-01 
 1012.000  5.386912e-01 
 1013.000  5.395020e-01 
 1014.000  5.397646e-01 
 1015.000  5.398242e-01 
 1016.000  5.401985e-01 
 1017.000  5.404180e-01 
 1018.000  5.399390e-01 
 1019.000  5.390627e-01 
 1020.000  5.393897e-01 
 1021.000  5.399999e-01 
 1022.000  5.389090e-01 
 1023.000  5.381430e-01 
 1024.000  5.375744e-01 
 1025.000  5.390912e-01 
 1026.000  5.397735e-01 
 1027.000  5.394174e-01 
 1028.000  5.396650e-01 
 1029.000  5.403591e-01 
 1030.000  5.410100e-01 
 1031.000  5.413888e-01 
 1032.000  5.415659e-01 
 1033.000  5.416255e-01 
 1034.000  5.417952e-01 
 1035.000  5.418233e-01 
 1036.000  5.416411e-01 
 1037.000  5.415515e-01 
 1038.000  5.415970e-01 
 1039.000  5.414502e-01 
 1040.000  5.412950e-01 
 1041.000  5.411693e-01 
 1042.000  5.411140e-01 
 1043.000  5.410674e-01 
 1044.000  5.409291e-01 
 1045.000  5.406249e-01 
 1046.000  5.403996e-01 
 1047.000  5.401117e-01 
 1048.000  5.396320e-01 
 1049.000  5.390835e-01 
 1050.000  5.387405e-01 
 1051.000  5.383579e-01 
 1052.000  5.380018e-01 
 1053.000  5.378109e-01 
 1054.000  5.373401e-01 
 1055.000  5.368529e-01 
 1056.000  5.363623e-01 
 1057.000  5.355396e-01 
 1058.000  5.341863e-01 
 1059.000  5.339713e-01 
 1060.000  5.343451e-01 
 1061.000  5.340511e-01 
 1062.000  5.331595e-01 
 1063.000  5.325822e-01 
 1064.000  5.317212e-01 
 1065.000  5.309530e-01 
 1066.000  5.309860e-01 
 1067.000  5.305604e-01 
 1068.000  5.293168e-01 
 1069.000  5.294001e-01 
 1070.000  5.300515e-01 
 1071.000  5.295410e-01 
 1072.000  5.288933e-01 
 1073.000  5.290087e-01 
 1074.000  5.294343e-01 
 1075.000  5.310876e-01 
 1076.000  5.304824e-01 
 1077.000  5.295616e-01 
 1078.000  5.284209e-01 
 1079.000  5.284613e-01 
 1080.000  5.249755e-01 
 1081.000  5.249333e-01 
 1082.000  5.266976e-01 
 1083.000  5.249223e-01 
 1084.000  5.229290e-01 
 1085.000  5.179517e-01 
 1086.000  5.192746e-01 
 1087.000  5.249982e-01 
 1088.000  5.253183e-01 
 1089.000  5.185999e-01 
 1090.000  5.174207e-01 
 1091.000  5.188233e-01 
 1092.000  5.155483e-01 
 1093.000  5.080025e-01 
 1094.000  5.047323e-01 
 1095.000  5.053445e-01 
 1096.000  5.059193e-01 
 1097.000  5.045003e-01 
 1098.000  4.857896e-01 
 1099.000  4.696491e-01 
 1100.000  4.708164e-01 
 1101.000  4.731305e-01 
 1102.000  4.721511e-01 
 1103.000  4.737161e-01 
 1104.000  4.710615e-01 
 1105.000  4.642857e-01 
 1106.000  4.573360e-01 
 1107.000  4.592068e-01 
 1108.000  4.606578e-01 
 1109.000  4.668291e-01 
 1110.000  4.663897e-01 
 1111.000  4.632563e-01 
 1112.000  4.487671e-01 
 1113.000  4.288432e-01 
 1114.000  4.238782e-01 
 1115.000  3.989655e-01 
 1116.000  3.832111e-01 
 1117.000  3.452879e-01 
 1118.000  3.098909e-01 
 1119.000  2.910247e-01 
 1120.000  2.666696e-01 
 1121.000  2.612923e-01 
 1122.000  2.347087e-01 
 1123.000  2.497380e-01 
 1124.000  2.597046e-01 
 1125.000  2.546099e-01 
 1126.000  2.524864e-01 
 1127.000  2.545630e-01 
 1128.000  2.585954e-01 
 1129.000  2.841260e-01 
 1130.000  3.420493e-01 
 1131.000  3.582886e-01 
 1132.000  3.361886e-01 
 1133.000  2.942434e-01 
 1134.000  2.142748e-01 
 1135.000  2.204873e-01 
 1136.000  2.999724e-01 
 1137.000  3.409770e-01 
 1138.000  3.789898e-01 
 1139.000  3.896622e-01 
 1140.000  3.825202e-01 
 1141.000  3.675878e-01 
 1142.000  3.624481e-01 
 1143.000  3.461319e-01 
 1144.000  3.273548e-01 
 1145.000  2.997243e-01 
 1146.000  3.062832e-01 
 1147.000  3.277763e-01 
 1148.000  3.465252e-01 
 1149.000  3.538640e-01 
 1150.000  3.538448e-01 
