  320.000  1.121728e-01 
  321.000  1.443574e-01 
  322.000  1.315333e-01 
  323.000  1.478247e-01 
  324.000  1.645287e-01 
  325.000  1.520491e-01 
  326.000  1.726355e-01 
  327.000  1.784740e-01 
  328.000  1.659144e-01 
  329.000  1.901851e-01 
  330.000  1.940932e-01 
  331.000  1.863762e-01 
  332.000  2.013334e-01 
  333.000  2.057387e-01 
  334.000  2.021203e-01 
  335.000  2.132445e-01 
  336.000  2.177842e-01 
  337.000  2.158687e-01 
  338.000  2.212035e-01 
  339.000  2.267371e-01 
  340.000  2.258258e-01 
  341.000  2.312211e-01 
  342.000  2.351830e-01 
  343.000  2.371780e-01 
  344.000  2.375861e-01 
  345.000  2.429884e-01 
  346.000  2.464119e-01 
  347.000  2.492101e-01 
  348.000  2.518367e-01 
  349.000  2.547933e-01 
  350.000  2.573259e-01 
  351.000  2.598529e-01 
  352.000  2.619295e-01 
  353.000  2.648876e-01 
  354.000  2.674107e-01 
  355.000  2.697627e-01 
  356.000  2.720580e-01 
  357.000  2.741038e-01 
  358.000  2.763081e-01 
  359.000  2.785134e-01 
  360.000  2.807751e-01 
  361.000  2.836370e-01 
  362.000  2.866225e-01 
  363.000  2.893770e-01 
  364.000  2.919159e-01 
  365.000  2.943010e-01 
  366.000  2.967432e-01 
  367.000  2.990717e-01 
  368.000  3.013821e-01 
  369.000  3.036756e-01 
  370.000  3.059482e-01 
  371.000  3.082059e-01 
  372.000  3.104477e-01 
  373.000  3.126732e-01 
  374.000  3.148654e-01 
  375.000  3.170179e-01 
  376.000  3.190994e-01 
  377.000  3.210689e-01 
  378.000  3.228999e-01 
  379.000  3.247621e-01 
  380.000  3.268122e-01 
  381.000  3.291485e-01 
  382.000  3.315724e-01 
  383.000  3.338670e-01 
  384.000  3.360460e-01 
  385.000  3.381476e-01 
  386.000  3.401971e-01 
  387.000  3.422154e-01 
  388.000  3.442097e-01 
  389.000  3.461891e-01 
  390.000  3.481543e-01 
  391.000  3.501009e-01 
  392.000  3.520345e-01 
  393.000  3.539537e-01 
  394.000  3.558564e-01 
  395.000  3.577411e-01 
  396.000  3.596150e-01 
  397.000  3.614684e-01 
  398.000  3.633060e-01 
  399.000  3.651293e-01 
  400.000  3.669285e-01 
  401.000  3.687220e-01 
  402.000  3.705022e-01 
  403.000  3.722683e-01 
  404.000  3.740197e-01 
  405.000  3.757530e-01 
  406.000  3.774759e-01 
  407.000  3.791862e-01 
  408.000  3.808826e-01 
  409.000  3.825633e-01 
  410.000  3.842289e-01 
  411.000  3.858790e-01 
  412.000  3.875123e-01 
  413.000  3.891371e-01 
  414.000  3.906461e-01 
  415.000  3.922794e-01 
  416.000  3.938928e-01 
  417.000  3.954801e-01 
  418.000  3.970318e-01 
  419.000  3.985671e-01 
  420.000  4.000893e-01 
  421.000  4.016031e-01 
  422.000  4.031083e-01 
  423.000  4.046030e-01 
  424.000  4.060808e-01 
  425.000  4.075253e-01 
  426.000  4.089564e-01 
  427.000  4.103756e-01 
  428.000  4.117701e-01 
  429.000  4.131458e-01 
  430.000  4.145060e-01 
  431.000  4.158566e-01 
  432.000  4.171937e-01 
  433.000  4.185186e-01 
  434.000  4.198329e-01 
  435.000  4.211349e-01 
  436.000  4.224228e-01 
  437.000  4.236972e-01 
  438.000  4.249576e-01 
  439.000  4.262088e-01 
  440.000  4.274402e-01 
  441.000  4.286565e-01 
  442.000  4.298540e-01 
  443.000  4.310338e-01 
  444.000  4.321954e-01 
  445.000  4.333325e-01 
  446.000  4.344383e-01 
  447.000  4.355985e-01 
  448.000  4.368428e-01 
  449.000  4.381028e-01 
  450.000  4.393389e-01 
  451.000  4.405272e-01 
  452.000  4.416742e-01 
  453.000  4.427981e-01 
  454.000  4.439021e-01 
  455.000  4.449423e-01 
  456.000  4.458988e-01 
  457.000  4.468558e-01 
  458.000  4.478002e-01 
  459.000  4.487248e-01 
  460.000  4.496423e-01 
  461.000  4.505503e-01 
  462.000  4.514413e-01 
  463.000  4.523286e-01 
  464.000  4.534841e-01 
  465.000  4.546226e-01 
  466.000  4.557413e-01 
  467.000  4.568345e-01 
  468.000  4.577253e-01 
  469.000  4.584925e-01 
  470.000  4.591983e-01 
  471.000  4.598337e-01 
  472.000  4.603734e-01 
  473.000  4.607517e-01 
  474.000  4.610624e-01 
  475.000  4.611422e-01 
  476.000  4.609884e-01 
  477.000  4.609852e-01 
  478.000  4.618842e-01 
  479.000  4.632531e-01 
  480.000  4.647311e-01 
  481.000  4.660575e-01 
  482.000  4.673020e-01 
  483.000  4.683842e-01 
  484.000  4.693146e-01 
  485.000  4.701468e-01 
  486.000  4.710345e-01 
  487.000  4.719692e-01 
  488.000  4.728741e-01 
  489.000  4.737625e-01 
  490.000  4.746406e-01 
  491.000  4.753284e-01 
  492.000  4.759572e-01 
  493.000  4.765830e-01 
  494.000  4.771912e-01 
  495.000  4.777994e-01 
  496.000  4.781128e-01 
  497.000  4.784144e-01 
  498.000  4.787116e-01 
  499.000  4.789928e-01 
  500.000  4.792695e-01 
  501.000  4.795156e-01 
  502.000  4.797616e-01 
  503.000  4.800046e-01 
  504.000  4.802365e-01 
  505.000  4.804556e-01 
  506.000  4.810977e-01 
  507.000  4.817584e-01 
  508.000  4.824183e-01 
  509.000  4.830707e-01 
  510.000  4.837092e-01 
  511.000  4.842818e-01 
  512.000  4.848348e-01 
  513.000  4.853847e-01 
  514.000  4.859278e-01 
  515.000  4.864662e-01 
  516.000  4.868509e-01 
  517.000  4.870975e-01 
  518.000  4.873373e-01 
  519.000  4.875726e-01 
  520.000  4.878057e-01 
  521.000  4.880144e-01 
  522.000  4.881650e-01 
  523.000  4.882736e-01 
  524.000  4.883858e-01 
  525.000  4.884742e-01 
  526.000  4.885983e-01 
  527.000  4.886183e-01 
  528.000  4.885961e-01 
  529.000  4.885727e-01 
  530.000  4.885544e-01 
  531.000  4.885395e-01 
  532.000  4.885730e-01 
  533.000  4.888756e-01 
  534.000  4.892577e-01 
  535.000  4.896890e-01 
  536.000  4.901060e-01 
  537.000  4.904875e-01 
  538.000  4.908286e-01 
  539.000  4.911447e-01 
  540.000  4.914413e-01 
  541.000  4.917292e-01 
  542.000  4.920045e-01 
  543.000  4.922701e-01 
  544.000  4.924710e-01 
  545.000  4.926190e-01 
  546.000  4.927602e-01 
  547.000  4.929053e-01 
  548.000  4.930432e-01 
  549.000  4.931789e-01 
  550.000  4.932447e-01 
  551.000  4.932413e-01 
  552.000  4.932405e-01 
  553.000  4.932254e-01 
  554.000  4.932037e-01 
  555.000  4.931782e-01 
  556.000  4.931264e-01 
  557.000  4.930293e-01 
  558.000  4.929242e-01 
  559.000  4.928069e-01 
  560.000  4.926598e-01 
  561.000  4.924852e-01 
  562.000  4.920591e-01 
  563.000  4.918394e-01 
  564.000  4.915413e-01 
  565.000  4.910659e-01 
  566.000  4.908068e-01 
  567.000  4.897031e-01 
  568.000  4.864402e-01 
  569.000  4.791647e-01 
  570.000  4.802505e-01 
  571.000  4.854021e-01 
  572.000  4.803853e-01 
  573.000  4.816684e-01 
  574.000  4.819885e-01 
  575.000  4.816652e-01 
  576.000  4.818498e-01 
  577.000  4.836037e-01 
  578.000  4.857998e-01 
  579.000  4.876006e-01 
  580.000  4.891944e-01 
  581.000  4.915203e-01 
  582.000  4.930415e-01 
  583.000  4.939074e-01 
  584.000  4.946772e-01 
  585.000  4.952798e-01 
  586.000  4.958512e-01 
  587.000  4.939285e-01 
  588.000  4.839359e-01 
  589.000  4.683645e-01 
  590.000  4.675331e-01 
  591.000  4.783587e-01 
  592.000  4.728149e-01 
  593.000  4.851956e-01 
  594.000  4.826156e-01 
  595.000  4.741481e-01 
  596.000  4.862087e-01 
  597.000  4.832930e-01 
  598.000  4.881074e-01 
  599.000  4.899520e-01 
  600.000  4.943065e-01 
  601.000  4.971999e-01 
  602.000  4.978961e-01 
  603.000  4.991347e-01 
  604.000  5.005496e-01 
  605.000  5.015516e-01 
  606.000  5.022244e-01 
  607.000  5.028726e-01 
  608.000  5.034678e-01 
  609.000  5.040354e-01 
  610.000  5.046194e-01 
  611.000  5.052678e-01 
  612.000  5.059031e-01 
  613.000  5.065185e-01 
  614.000  5.071159e-01 
  615.000  5.077118e-01 
  616.000  5.082860e-01 
  617.000  5.088285e-01 
  618.000  5.092832e-01 
  619.000  5.096680e-01 
  620.000  5.100242e-01 
  621.000  5.103303e-01 
  622.000  5.105862e-01 
  623.000  5.107573e-01 
  624.000  5.109389e-01 
  625.000  5.110894e-01 
  626.000  5.106434e-01 
  627.000  5.067091e-01 
  628.000  4.887897e-01 
  629.000  4.990601e-01 
  630.000  5.027652e-01 
  631.000  5.063523e-01 
  632.000  5.046021e-01 
  633.000  5.102140e-01 
  634.000  5.126514e-01 
  635.000  5.136855e-01 
  636.000  5.153818e-01 
  637.000  5.165946e-01 
  638.000  5.194811e-01 
  639.000  5.203528e-01 
  640.000  5.221949e-01 
  641.000  5.229712e-01 
  642.000  5.243210e-01 
  643.000  5.234309e-01 
  644.000  5.239961e-01 
  645.000  5.224768e-01 
  646.000  5.139211e-01 
  647.000  5.081136e-01 
  648.000  5.016128e-01 
  649.000  5.080085e-01 
  650.000  5.200635e-01 
  651.000  5.204066e-01 
  652.000  5.104325e-01 
  653.000  5.226617e-01 
  654.000  5.217045e-01 
  655.000  5.177130e-01 
  656.000  5.195794e-01 
  657.000  5.222860e-01 
  658.000  5.267245e-01 
  659.000  5.294648e-01 
  660.000  5.308607e-01 
  661.000  5.341727e-01 
  662.000  5.358344e-01 
  663.000  5.359488e-01 
  664.000  5.368516e-01 
  665.000  5.376061e-01 
  666.000  5.385354e-01 
  667.000  5.393234e-01 
  668.000  5.402938e-01 
  669.000  5.409473e-01 
  670.000  5.415093e-01 
  671.000  5.421099e-01 
  672.000  5.426315e-01 
  673.000  5.431414e-01 
  674.000  5.436459e-01 
  675.000  5.441521e-01 
  676.000  5.446241e-01 
  677.000  5.450589e-01 
  678.000  5.454959e-01 
  679.000  5.458300e-01 
  680.000  5.457181e-01 
  681.000  5.455689e-01 
  682.000  5.457687e-01 
  683.000  5.458397e-01 
  684.000  5.452855e-01 
  685.000  5.461994e-01 
  686.000  5.438743e-01 
  687.000  4.609990e-01 
  688.000  4.870579e-01 
  689.000  4.793873e-01 
  690.000  4.930742e-01 
  691.000  5.101755e-01 
  692.000  5.192052e-01 
  693.000  5.099831e-01 
  694.000  4.991480e-01 
  695.000  5.079961e-01 
  696.000  5.132768e-01 
  697.000  5.367400e-01 
  698.000  5.318344e-01 
  699.000  5.107285e-01 
  700.000  5.141982e-01 
  701.000  5.095314e-01 
  702.000  5.129908e-01 
  703.000  5.306891e-01 
  704.000  5.314907e-01 
  705.000  5.242131e-01 
  706.000  5.256684e-01 
  707.000  5.283134e-01 
  708.000  5.311773e-01 
  709.000  5.370157e-01 
  710.000  5.308461e-01 
  711.000  5.371845e-01 
  712.000  5.425990e-01 
  713.000  5.382611e-01 
  714.000  5.367821e-01 
  715.000  5.296898e-01 
  716.000  5.222565e-01 
  717.000  4.768265e-01 
  718.000  4.495483e-01 
  719.000  4.398131e-01 
  720.000  4.255462e-01 
  721.000  4.896432e-01 
  722.000  5.132387e-01 
  723.000  4.998839e-01 
  724.000  4.625962e-01 
  725.000  4.679739e-01 
  726.000  4.662716e-01 
  727.000  4.715193e-01 
  728.000  4.658566e-01 
  729.000  4.800684e-01 
  730.000  4.776720e-01 
  731.000  4.747760e-01 
  732.000  4.989722e-01 
  733.000  5.226209e-01 
  734.000  5.341753e-01 
  735.000  5.301383e-01 
  736.000  5.226047e-01 
  737.000  5.283034e-01 
  738.000  5.361620e-01 
  739.000  5.395665e-01 
  740.000  5.471336e-01 
  741.000  5.515228e-01 
  742.000  5.533717e-01 
  743.000  5.574319e-01 
  744.000  5.592744e-01 
  745.000  5.605580e-01 
  746.000  5.616641e-01 
  747.000  5.619380e-01 
  748.000  5.628641e-01 
  749.000  5.634113e-01 
  750.000  5.630848e-01 
  751.000  5.632666e-01 
  752.000  5.642230e-01 
  753.000  5.646136e-01 
  754.000  5.649131e-01 
  755.000  5.650943e-01 
  756.000  5.652863e-01 
  757.000  5.654180e-01 
  758.000  5.642651e-01 
  759.000  5.191894e-01 
  760.000  2.059837e-01 
  761.000  1.791543e-01 
  762.000  3.519492e-01 
  763.000  2.961994e-01 
  764.000  3.236153e-01 
  765.000  3.873003e-01 
  766.000  4.665334e-01 
  767.000  5.074272e-01 
  768.000  5.344850e-01 
  769.000  5.524802e-01 
  770.000  5.622321e-01 
  771.000  5.667852e-01 
  772.000  5.679374e-01 
  773.000  5.684476e-01 
  774.000  5.690967e-01 
  775.000  5.695180e-01 
  776.000  5.698268e-01 
  777.000  5.698917e-01 
  778.000  5.698397e-01 
  779.000  5.697808e-01 
  780.000  5.697209e-01 
  781.000  5.701562e-01 
  782.000  5.700821e-01 
  783.000  5.700234e-01 
  784.000  5.696915e-01 
  785.000  5.680361e-01 
  786.000  5.655686e-01 
  787.000  5.598488e-01 
  788.000  5.568411e-01 
  789.000  5.462054e-01 
  790.000  5.452787e-01 
  791.000  5.472670e-01 
  792.000  5.491157e-01 
  793.000  5.534380e-01 
  794.000  5.626374e-01 
  795.000  5.569960e-01 
  796.000  5.420963e-01 
  797.000  5.463287e-01 
  798.000  5.557391e-01 
  799.000  5.535808e-01 
  800.000  5.467209e-01 
  801.000  5.475271e-01 
  802.000  5.468294e-01 
  803.000  5.478258e-01 
  804.000  5.510475e-01 
  805.000  5.572309e-01 
  806.000  5.609341e-01 
  807.000  5.610926e-01 
  808.000  5.589784e-01 
  809.000  5.563806e-01 
  810.000  5.535284e-01 
  811.000  5.477155e-01 
  812.000  5.399133e-01 
  813.000  5.304167e-01 
  814.000  5.179865e-01 
  815.000  5.026473e-01 
  816.000  4.834045e-01 
  817.000  4.843736e-01 
  818.000  4.859055e-01 
  819.000  4.922646e-01 
  820.000  5.135977e-01 
  821.000  5.383007e-01 
  822.000  5.194646e-01 
  823.000  4.683469e-01 
  824.000  5.113075e-01 
  825.000  5.397256e-01 
  826.000  5.349301e-01 
  827.000  5.313128e-01 
  828.000  5.126352e-01 
  829.000  5.193116e-01 
  830.000  5.268619e-01 
  831.000  5.286627e-01 
  832.000  5.295179e-01 
  833.000  5.339197e-01 
  834.000  5.391253e-01 
  835.000  5.494738e-01 
  836.000  5.461693e-01 
  837.000  5.458451e-01 
  838.000  5.508792e-01 
  839.000  5.539505e-01 
  840.000  5.550626e-01 
  841.000  5.517423e-01 
  842.000  5.547250e-01 
  843.000  5.618311e-01 
  844.000  5.650711e-01 
  845.000  5.665793e-01 
  846.000  5.681672e-01 
  847.000  5.699163e-01 
  848.000  5.670155e-01 
  849.000  5.673769e-01 
  850.000  5.659394e-01 
  851.000  5.642319e-01 
  852.000  5.643953e-01 
  853.000  5.672019e-01 
  854.000  5.670494e-01 
  855.000  5.684614e-01 
  856.000  5.714049e-01 
  857.000  5.724637e-01 
  858.000  5.731395e-01 
  859.000  5.745394e-01 
  860.000  5.752242e-01 
  861.000  5.753449e-01 
  862.000  5.757892e-01 
  863.000  5.758412e-01 
  864.000  5.761437e-01 
  865.000  5.763900e-01 
  866.000  5.764504e-01 
  867.000  5.763981e-01 
  868.000  5.764311e-01 
  869.000  5.765083e-01 
  870.000  5.764403e-01 
  871.000  5.765131e-01 
  872.000  5.767002e-01 
  873.000  5.765002e-01 
  874.000  5.763890e-01 
  875.000  5.763577e-01 
  876.000  5.760139e-01 
  877.000  5.758952e-01 
  878.000  5.750110e-01 
  879.000  5.749444e-01 
  880.000  5.741817e-01 
  881.000  5.737188e-01 
  882.000  5.733572e-01 
  883.000  5.737794e-01 
  884.000  5.738727e-01 
  885.000  5.724828e-01 
  886.000  5.702803e-01 
  887.000  5.719712e-01 
  888.000  5.718624e-01 
  889.000  5.723599e-01 
  890.000  5.710431e-01 
  891.000  5.683486e-01 
  892.000  5.626830e-01 
  893.000  5.456924e-01 
  894.000  5.372128e-01 
  895.000  5.119669e-01 
  896.000  4.895662e-01 
  897.000  4.662648e-01 
  898.000  4.554914e-01 
  899.000  4.261220e-01 
  900.000  4.301761e-01 
  901.000  4.226877e-01 
  902.000  4.242451e-01 
  903.000  4.738128e-01 
  904.000  5.051110e-01 
  905.000  5.040889e-01 
  906.000  4.844930e-01 
  907.000  4.505465e-01 
  908.000  4.286523e-01 
  909.000  4.294843e-01 
  910.000  4.327145e-01 
  911.000  4.471885e-01 
  912.000  4.401733e-01 
  913.000  4.101693e-01 
  914.000  4.249341e-01 
  915.000  4.367744e-01 
  916.000  4.400680e-01 
  917.000  4.466420e-01 
  918.000  4.551560e-01 
  919.000  4.843098e-01 
  920.000  5.068816e-01 
  921.000  5.019982e-01 
  922.000  5.015998e-01 
  923.000  4.953151e-01 
  924.000  4.803162e-01 
  925.000  4.788635e-01 
  926.000  4.779461e-01 
  927.000  4.602233e-01 
  928.000  4.334949e-01 
  929.000  3.960533e-01 
  930.000  3.504639e-01 
  931.000  3.022584e-01 
  932.000  2.423201e-01 
  933.000  2.021239e-01 
  934.000  1.643533e-01 
  935.000  1.602264e-01 
  936.000  1.741967e-01 
  937.000  1.708911e-01 
  938.000  2.142400e-01 
  939.000  3.409664e-01 
  940.000  3.619589e-01 
  941.000  3.444809e-01 
  942.000  3.023660e-01 
  943.000  2.367788e-01 
  944.000  2.321936e-01 
  945.000  2.546237e-01 
  946.000  2.561961e-01 
  947.000  2.777064e-01 
  948.000  2.905607e-01 
  949.000  2.892651e-01 
  950.000  2.926913e-01 
  951.000  3.219856e-01 
  952.000  2.914238e-01 
  953.000  3.134992e-01 
  954.000  3.379006e-01 
  955.000  3.189432e-01 
  956.000  3.154065e-01 
  957.000  3.778163e-01 
  958.000  3.866316e-01 
  959.000  3.763572e-01 
  960.000  3.735859e-01 
  961.000  3.685257e-01 
  962.000  3.735966e-01 
  963.000  4.094243e-01 
  964.000  4.148436e-01 
  965.000  4.116124e-01 
  966.000  4.138318e-01 
  967.000  4.403130e-01 
  968.000  4.857388e-01 
  969.000  5.068572e-01 
  970.000  5.081032e-01 
  971.000  5.076289e-01 
  972.000  5.016150e-01 
  973.000  4.878675e-01 
  974.000  4.713599e-01 
  975.000  4.608741e-01 
  976.000  4.737248e-01 
  977.000  4.952508e-01 
  978.000  4.935963e-01 
  979.000  4.993424e-01 
  980.000  5.217671e-01 
  981.000  5.268463e-01 
  982.000  5.219290e-01 
  983.000  5.336173e-01 
  984.000  5.457180e-01 
  985.000  5.526479e-01 
  986.000  5.616200e-01 
  987.000  5.655445e-01 
  988.000  5.664635e-01 
  989.000  5.670522e-01 
  990.000  5.680095e-01 
  991.000  5.713624e-01 
  992.000  5.723128e-01 
  993.000  5.726665e-01 
  994.000  5.756900e-01 
  995.000  5.776147e-01 
  996.000  5.775904e-01 
  997.000  5.764121e-01 
  998.000  5.748716e-01 
  999.000  5.743016e-01 
 1000.000  5.747516e-01 
 1001.000  5.715369e-01 
 1002.000  5.664104e-01 
 1003.000  5.676178e-01 
 1004.000  5.705552e-01 
 1005.000  5.718954e-01 
 1006.000  5.723246e-01 
 1007.000  5.713368e-01 
 1008.000  5.671595e-01 
 1009.000  5.615934e-01 
 1010.000  5.640664e-01 
 1011.000  5.699846e-01 
 1012.000  5.722436e-01 
 1013.000  5.740248e-01 
 1014.000  5.747710e-01 
 1015.000  5.749137e-01 
 1016.000  5.757180e-01 
 1017.000  5.761831e-01 
 1018.000  5.751737e-01 
 1019.000  5.731073e-01 
 1020.000  5.738304e-01 
 1021.000  5.753169e-01 
 1022.000  5.728163e-01 
 1023.000  5.707279e-01 
 1024.000  5.694792e-01 
 1025.000  5.733110e-01 
 1026.000  5.750084e-01 
 1027.000  5.742914e-01 
 1028.000  5.748888e-01 
 1029.000  5.763978e-01 
 1030.000  5.779420e-01 
 1031.000  5.788032e-01 
 1032.000  5.794231e-01 
 1033.000  5.795485e-01 
 1034.000  5.799257e-01 
 1035.000  5.801179e-01 
 1036.000  5.800401e-01 
 1037.000  5.801138e-01 
 1038.000  5.802482e-01 
 1039.000  5.800067e-01 
 1040.000  5.798076e-01 
 1041.000  5.796509e-01 
 1042.000  5.796122e-01 
 1043.000  5.796191e-01 
 1044.000  5.794873e-01 
 1045.000  5.790368e-01 
 1046.000  5.787402e-01 
 1047.000  5.783948e-01 
 1048.000  5.779963e-01 
 1049.000  5.776430e-01 
 1050.000  5.772052e-01 
 1051.000  5.765603e-01 
 1052.000  5.761377e-01 
 1053.000  5.760693e-01 
 1054.000  5.753960e-01 
 1055.000  5.747764e-01 
 1056.000  5.742372e-01 
 1057.000  5.728501e-01 
 1058.000  5.703079e-01 
 1059.000  5.704881e-01 
 1060.000  5.717878e-01 
 1061.000  5.714781e-01 
 1062.000  5.698928e-01 
 1063.000  5.693556e-01 
 1064.000  5.680293e-01 
 1065.000  5.665689e-01 
 1066.000  5.667030e-01 
 1067.000  5.658316e-01 
 1068.000  5.626330e-01 
 1069.000  5.609866e-01 
 1070.000  5.614071e-01 
 1071.000  5.593137e-01 
 1072.000  5.571930e-01 
 1073.000  5.567557e-01 
 1074.000  5.570335e-01 
 1075.000  5.600902e-01 
 1076.000  5.581207e-01 
 1077.000  5.554954e-01 
 1078.000  5.524159e-01 
 1079.000  5.519850e-01 
 1080.000  5.438412e-01 
 1081.000  5.433578e-01 
 1082.000  5.468935e-01 
 1083.000  5.425531e-01 
 1084.000  5.378330e-01 
 1085.000  5.267032e-01 
 1086.000  5.292500e-01 
 1087.000  5.414372e-01 
 1088.000  5.419114e-01 
 1089.000  5.269889e-01 
 1090.000  5.241566e-01 
 1091.000  5.269140e-01 
 1092.000  5.195187e-01 
 1093.000  5.032375e-01 
 1094.000  4.961997e-01 
 1095.000  4.972677e-01 
 1096.000  4.981737e-01 
 1097.000  4.948372e-01 
 1098.000  4.562895e-01 
 1099.000  4.243058e-01 
 1100.000  4.263653e-01 
 1101.000  4.306320e-01 
 1102.000  4.283544e-01 
 1103.000  4.310938e-01 
 1104.000  4.256771e-01 
 1105.000  4.123581e-01 
 1106.000  3.992740e-01 
 1107.000  4.022001e-01 
 1108.000  4.041422e-01 
 1109.000  4.147606e-01 
 1110.000  4.126063e-01 
 1111.000  4.059788e-01 
 1112.000  3.784210e-01 
 1113.000  3.414334e-01 
 1114.000  3.303529e-01 
 1115.000  2.872617e-01 
 1116.000  2.619693e-01 
 1117.000  2.085036e-01 
 1118.000  1.631911e-01 
 1119.000  1.403901e-01 
 1120.000  1.148718e-01 
 1121.000  1.093575e-01 
 1122.000  8.647304e-02 
 1123.000  9.787080e-02 
 1124.000  1.059280e-01 
 1125.000  1.014594e-01 
 1126.000  9.981790e-02 
 1127.000  1.020471e-01 
 1128.000  1.063529e-01 
 1129.000  1.307493e-01 
 1130.000  1.939856e-01 
 1131.000  2.141197e-01 
 1132.000  1.864240e-01 
 1133.000  1.409613e-01 
 1134.000  7.218758e-02 
 1135.000  7.686397e-02 
 1136.000  1.481572e-01 
 1137.000  1.950357e-01 
 1138.000  2.462130e-01 
 1139.000  2.644607e-01 
 1140.000  2.542623e-01 
 1141.000  2.347402e-01 
 1142.000  2.276016e-01 
 1143.000  2.059235e-01 
 1144.000  1.828856e-01 
 1145.000  1.514687e-01 
 1146.000  1.587464e-01 
 1147.000  1.836789e-01 
 1148.000  2.070800e-01 
 1149.000  2.172557e-01 
 1150.000  2.187909e-01 
