  320.000  1.021936e-01 
  321.000  1.326912e-01 
  322.000  1.205071e-01 
  323.000  1.359921e-01 
  324.000  1.519320e-01 
  325.000  1.400175e-01 
  326.000  1.596889e-01 
  327.000  1.652836e-01 
  328.000  1.532570e-01 
  329.000  1.765247e-01 
  330.000  1.802814e-01 
  331.000  1.728659e-01 
  332.000  1.872483e-01 
  333.000  1.914916e-01 
  334.000  1.880060e-01 
  335.000  1.987288e-01 
  336.000  2.031105e-01 
  337.000  2.012612e-01 
  338.000  2.064128e-01 
  339.000  2.117610e-01 
  340.000  2.108799e-01 
  341.000  2.160981e-01 
  342.000  2.199327e-01 
  343.000  2.218646e-01 
  344.000  2.222598e-01 
  345.000  2.274940e-01 
  346.000  2.308132e-01 
  347.000  2.335273e-01 
  348.000  2.360760e-01 
  349.000  2.389460e-01 
  350.000  2.414052e-01 
  351.000  2.438600e-01 
  352.000  2.458778e-01 
  353.000  2.487533e-01 
  354.000  2.512068e-01 
  355.000  2.534945e-01 
  356.000  2.557279e-01 
  357.000  2.577190e-01 
  358.000  2.598650e-01 
  359.000  2.620126e-01 
  360.000  2.642157e-01 
  361.000  2.670044e-01 
  362.000  2.699145e-01 
  363.000  2.726004e-01 
  364.000  2.750770e-01 
  365.000  2.774041e-01 
  366.000  2.797877e-01 
  367.000  2.820609e-01 
  368.000  2.843172e-01 
  369.000  2.865574e-01 
  370.000  2.887779e-01 
  371.000  2.909844e-01 
  372.000  2.931760e-01 
  373.000  2.953521e-01 
  374.000  2.974962e-01 
  375.000  2.996019e-01 
  376.000  3.016388e-01 
  377.000  3.035664e-01 
  378.000  3.053589e-01 
  379.000  3.071823e-01 
  380.000  3.091901e-01 
  381.000  3.114787e-01 
  382.000  3.138537e-01 
  383.000  3.161027e-01 
  384.000  3.182388e-01 
  385.000  3.202994e-01 
  386.000  3.223096e-01 
  387.000  3.242894e-01 
  388.000  3.262461e-01 
  389.000  3.281887e-01 
  390.000  3.301176e-01 
  391.000  3.320287e-01 
  392.000  3.339274e-01 
  393.000  3.358123e-01 
  394.000  3.376814e-01 
  395.000  3.395332e-01 
  396.000  3.413746e-01 
  397.000  3.431962e-01 
  398.000  3.450027e-01 
  399.000  3.467954e-01 
  400.000  3.485647e-01 
  401.000  3.503287e-01 
  402.000  3.520800e-01 
  403.000  3.538176e-01 
  404.000  3.555412e-01 
  405.000  3.572471e-01 
  406.000  3.589431e-01 
  407.000  3.606270e-01 
  408.000  3.622974e-01 
  409.000  3.639526e-01 
  410.000  3.655933e-01 
  411.000  3.672189e-01 
  412.000  3.688282e-01 
  413.000  3.704294e-01 
  414.000  3.719166e-01 
  415.000  3.735265e-01 
  416.000  3.751172e-01 
  417.000  3.766823e-01 
  418.000  3.782125e-01 
  419.000  3.797268e-01 
  420.000  3.812283e-01 
  421.000  3.827218e-01 
  422.000  3.842069e-01 
  423.000  3.856819e-01 
  424.000  3.871404e-01 
  425.000  3.885662e-01 
  426.000  3.899790e-01 
  427.000  3.913802e-01 
  428.000  3.927572e-01 
  429.000  3.941157e-01 
  430.000  3.954591e-01 
  431.000  3.967932e-01 
  432.000  3.981141e-01 
  433.000  3.994232e-01 
  434.000  4.007219e-01 
  435.000  4.020085e-01 
  436.000  4.032814e-01 
  437.000  4.045411e-01 
  438.000  4.057870e-01 
  439.000  4.070240e-01 
  440.000  4.082415e-01 
  441.000  4.094442e-01 
  442.000  4.106284e-01 
  443.000  4.117953e-01 
  444.000  4.129443e-01 
  445.000  4.140691e-01 
  446.000  4.151632e-01 
  447.000  4.163110e-01 
  448.000  4.175423e-01 
  449.000  4.187892e-01 
  450.000  4.200126e-01 
  451.000  4.211887e-01 
  452.000  4.223242e-01 
  453.000  4.234369e-01 
  454.000  4.245298e-01 
  455.000  4.255598e-01 
  456.000  4.265069e-01 
  457.000  4.274547e-01 
  458.000  4.283900e-01 
  459.000  4.293058e-01 
  460.000  4.302146e-01 
  461.000  4.311141e-01 
  462.000  4.319967e-01 
  463.000  4.328758e-01 
  464.000  4.340206e-01 
  465.000  4.351488e-01 
  466.000  4.362575e-01 
  467.000  4.373409e-01 
  468.000  4.382238e-01 
  469.000  4.389843e-01 
  470.000  4.396839e-01 
  471.000  4.403138e-01 
  472.000  4.408489e-01 
  473.000  4.412239e-01 
  474.000  4.415319e-01 
  475.000  4.416110e-01 
  476.000  4.414585e-01 
  477.000  4.414554e-01 
  478.000  4.423467e-01 
  479.000  4.437040e-01 
  480.000  4.451698e-01 
  481.000  4.464853e-01 
  482.000  4.477196e-01 
  483.000  4.487931e-01 
  484.000  4.497160e-01 
  485.000  4.505416e-01 
  486.000  4.514224e-01 
  487.000  4.523498e-01 
  488.000  4.532478e-01 
  489.000  4.541294e-01 
  490.000  4.550009e-01 
  491.000  4.556835e-01 
  492.000  4.563076e-01 
  493.000  4.569287e-01 
  494.000  4.575324e-01 
  495.000  4.581361e-01 
  496.000  4.584473e-01 
  497.000  4.587467e-01 
  498.000  4.590417e-01 
  499.000  4.593209e-01 
  500.000  4.595957e-01 
  501.000  4.598399e-01 
  502.000  4.600842e-01 
  503.000  4.603254e-01 
  504.000  4.605556e-01 
  505.000  4.607732e-01 
  506.000  4.614107e-01 
  507.000  4.620668e-01 
  508.000  4.627221e-01 
  509.000  4.633699e-01 
  510.000  4.640041e-01 
  511.000  4.645727e-01 
  512.000  4.651220e-01 
  513.000  4.656681e-01 
  514.000  4.662075e-01 
  515.000  4.667423e-01 
  516.000  4.671244e-01 
  517.000  4.673694e-01 
  518.000  4.676076e-01 
  519.000  4.678414e-01 
  520.000  4.680729e-01 
  521.000  4.682803e-01 
  522.000  4.684299e-01 
  523.000  4.685378e-01 
  524.000  4.686492e-01 
  525.000  4.687371e-01 
  526.000  4.688604e-01 
  527.000  4.688802e-01 
  528.000  4.688582e-01 
  529.000  4.688349e-01 
  530.000  4.688168e-01 
  531.000  4.688019e-01 
  532.000  4.688353e-01 
  533.000  4.691358e-01 
  534.000  4.695155e-01 
  535.000  4.699440e-01 
  536.000  4.703583e-01 
  537.000  4.707373e-01 
  538.000  4.710763e-01 
  539.000  4.713904e-01 
  540.000  4.716851e-01 
  541.000  4.719712e-01 
  542.000  4.722448e-01 
  543.000  4.725087e-01 
  544.000  4.727083e-01 
  545.000  4.728554e-01 
  546.000  4.729957e-01 
  547.000  4.731399e-01 
  548.000  4.732769e-01 
  549.000  4.734118e-01 
  550.000  4.734772e-01 
  551.000  4.734738e-01 
  552.000  4.734730e-01 
  553.000  4.734580e-01 
  554.000  4.734364e-01 
  555.000  4.734111e-01 
  556.000  4.733597e-01 
  557.000  4.732631e-01 
  558.000  4.731587e-01 
  559.000  4.730422e-01 
  560.000  4.728965e-01 
  561.000  4.727239e-01 
  562.000  4.724169e-01 
  563.000  4.722086e-01 
  564.000  4.719414e-01 
  565.000  4.715522e-01 
  566.000  4.712413e-01 
  567.000  4.704693e-01 
  568.000  4.685251e-01 
  569.000  4.648518e-01 
  570.000  4.651524e-01 
  571.000  4.672977e-01 
  572.000  4.646820e-01 
  573.000  4.649148e-01 
  574.000  4.648781e-01 
  575.000  4.645931e-01 
  576.000  4.647581e-01 
  577.000  4.657555e-01 
  578.000  4.671625e-01 
  579.000  4.685538e-01 
  580.000  4.701631e-01 
  581.000  4.722452e-01 
  582.000  4.737739e-01 
  583.000  4.748671e-01 
  584.000  4.758074e-01 
  585.000  4.766319e-01 
  586.000  4.773590e-01 
  587.000  4.768065e-01 
  588.000  4.723878e-01 
  589.000  4.648699e-01 
  590.000  4.646507e-01 
  591.000  4.702701e-01 
  592.000  4.676588e-01 
  593.000  4.739979e-01 
  594.000  4.728685e-01 
  595.000  4.687746e-01 
  596.000  4.746884e-01 
  597.000  4.730630e-01 
  598.000  4.752747e-01 
  599.000  4.760055e-01 
  600.000  4.779651e-01 
  601.000  4.790835e-01 
  602.000  4.792876e-01 
  603.000  4.799970e-01 
  604.000  4.810620e-01 
  605.000  4.818545e-01 
  606.000  4.824694e-01 
  607.000  4.830647e-01 
  608.000  4.836475e-01 
  609.000  4.842061e-01 
  610.000  4.847863e-01 
  611.000  4.854312e-01 
  612.000  4.860629e-01 
  613.000  4.866751e-01 
  614.000  4.872693e-01 
  615.000  4.878621e-01 
  616.000  4.884333e-01 
  617.000  4.889730e-01 
  618.000  4.894255e-01 
  619.000  4.898083e-01 
  620.000  4.901628e-01 
  621.000  4.904673e-01 
  622.000  4.907220e-01 
  623.000  4.908923e-01 
  624.000  4.910738e-01 
  625.000  4.912257e-01 
  626.000  4.910874e-01 
  627.000  4.888095e-01 
  628.000  4.709792e-01 
  629.000  4.823214e-01 
  630.000  4.842201e-01 
  631.000  4.877342e-01 
  632.000  4.883354e-01 
  633.000  4.920602e-01 
  634.000  4.943030e-01 
  635.000  4.955273e-01 
  636.000  4.970785e-01 
  637.000  4.984104e-01 
  638.000  5.004118e-01 
  639.000  5.014179e-01 
  640.000  5.029132e-01 
  641.000  5.038477e-01 
  642.000  5.049677e-01 
  643.000  5.049138e-01 
  644.000  5.055786e-01 
  645.000  5.051836e-01 
  646.000  5.014233e-01 
  647.000  4.988702e-01 
  648.000  4.959287e-01 
  649.000  4.994674e-01 
  650.000  5.057763e-01 
  651.000  5.062177e-01 
  652.000  5.014973e-01 
  653.000  5.078736e-01 
  654.000  5.076591e-01 
  655.000  5.059337e-01 
  656.000  5.071269e-01 
  657.000  5.087131e-01 
  658.000  5.111684e-01 
  659.000  5.126414e-01 
  660.000  5.136112e-01 
  661.000  5.155435e-01 
  662.000  5.166273e-01 
  663.000  5.169356e-01 
  664.000  5.176545e-01 
  665.000  5.182812e-01 
  666.000  5.190403e-01 
  667.000  5.197098e-01 
  668.000  5.204523e-01 
  669.000  5.210357e-01 
  670.000  5.215728e-01 
  671.000  5.221282e-01 
  672.000  5.226433e-01 
  673.000  5.231516e-01 
  674.000  5.236563e-01 
  675.000  5.241610e-01 
  676.000  5.246380e-01 
  677.000  5.250760e-01 
  678.000  5.255142e-01 
  679.000  5.258982e-01 
  680.000  5.260483e-01 
  681.000  5.261102e-01 
  682.000  5.264091e-01 
  683.000  5.266486e-01 
  684.000  5.265618e-01 
  685.000  5.272864e-01 
  686.000  5.250154e-01 
  687.000  4.433124e-01 
  688.000  4.685948e-01 
  689.000  4.615867e-01 
  690.000  4.748129e-01 
  691.000  4.929149e-01 
  692.000  5.049408e-01 
  693.000  5.049484e-01 
  694.000  5.022315e-01 
  695.000  5.082871e-01 
  696.000  5.117252e-01 
  697.000  5.244841e-01 
  698.000  5.221341e-01 
  699.000  5.111225e-01 
  700.000  5.131360e-01 
  701.000  5.107788e-01 
  702.000  5.127589e-01 
  703.000  5.222679e-01 
  704.000  5.228128e-01 
  705.000  5.190755e-01 
  706.000  5.199478e-01 
  707.000  5.214490e-01 
  708.000  5.230606e-01 
  709.000  5.262341e-01 
  710.000  5.230993e-01 
  711.000  5.265397e-01 
  712.000  5.294845e-01 
  713.000  5.273361e-01 
  714.000  5.266950e-01 
  715.000  5.231414e-01 
  716.000  5.194642e-01 
  717.000  4.951177e-01 
  718.000  4.801002e-01 
  719.000  4.747605e-01 
  720.000  4.665239e-01 
  721.000  5.028395e-01 
  722.000  5.157154e-01 
  723.000  5.086173e-01 
  724.000  4.881389e-01 
  725.000  4.913115e-01 
  726.000  4.904061e-01 
  727.000  4.933965e-01 
  728.000  4.902637e-01 
  729.000  4.982319e-01 
  730.000  4.969043e-01 
  731.000  4.952867e-01 
  732.000  5.086663e-01 
  733.000  5.214105e-01 
  734.000  5.275541e-01 
  735.000  5.254661e-01 
  736.000  5.215071e-01 
  737.000  5.245835e-01 
  738.000  5.287889e-01 
  739.000  5.306244e-01 
  740.000  5.346323e-01 
  741.000  5.369665e-01 
  742.000  5.379755e-01 
  743.000  5.399790e-01 
  744.000  5.409766e-01 
  745.000  5.417622e-01 
  746.000  5.424004e-01 
  747.000  5.426283e-01 
  748.000  5.432771e-01 
  749.000  5.436531e-01 
  750.000  5.435435e-01 
  751.000  5.437272e-01 
  752.000  5.443441e-01 
  753.000  5.446365e-01 
  754.000  5.448810e-01 
  755.000  5.450632e-01 
  756.000  5.452507e-01 
  757.000  5.453822e-01 
  758.000  5.442399e-01 
  759.000  4.999608e-01 
  760.000  1.947864e-01 
  761.000  1.689519e-01 
  762.000  3.363432e-01 
  763.000  2.821078e-01 
  764.000  3.087612e-01 
  765.000  3.708261e-01 
  766.000  4.483290e-01 
  767.000  4.884344e-01 
  768.000  5.150082e-01 
  769.000  5.326964e-01 
  770.000  5.423093e-01 
  771.000  5.467778e-01 
  772.000  5.479143e-01 
  773.000  5.484264e-01 
  774.000  5.491127e-01 
  775.000  5.495290e-01 
  776.000  5.498222e-01 
  777.000  5.499339e-01 
  778.000  5.499638e-01 
  779.000  5.499787e-01 
  780.000  5.499890e-01 
  781.000  5.502646e-01 
  782.000  5.502672e-01 
  783.000  5.502777e-01 
  784.000  5.501152e-01 
  785.000  5.492101e-01 
  786.000  5.478894e-01 
  787.000  5.450681e-01 
  788.000  5.435148e-01 
  789.000  5.378554e-01 
  790.000  5.374044e-01 
  791.000  5.385185e-01 
  792.000  5.395485e-01 
  793.000  5.419018e-01 
  794.000  5.468523e-01 
  795.000  5.438840e-01 
  796.000  5.359070e-01 
  797.000  5.382341e-01 
  798.000  5.433285e-01 
  799.000  5.422071e-01 
  800.000  5.385561e-01 
  801.000  5.390285e-01 
  802.000  5.386885e-01 
  803.000  5.392596e-01 
  804.000  5.410221e-01 
  805.000  5.443702e-01 
  806.000  5.463790e-01 
  807.000  5.464984e-01 
  808.000  5.454096e-01 
  809.000  5.440646e-01 
  810.000  5.425898e-01 
  811.000  5.395256e-01 
  812.000  5.353909e-01 
  813.000  5.303124e-01 
  814.000  5.235928e-01 
  815.000  5.152198e-01 
  816.000  5.044062e-01 
  817.000  5.050550e-01 
  818.000  5.059698e-01 
  819.000  5.095602e-01 
  820.000  5.215089e-01 
  821.000  5.351204e-01 
  822.000  5.248178e-01 
  823.000  4.958860e-01 
  824.000  5.203226e-01 
  825.000  5.359703e-01 
  826.000  5.333136e-01 
  827.000  5.313668e-01 
  828.000  5.210984e-01 
  829.000  5.248361e-01 
  830.000  5.290114e-01 
  831.000  5.300054e-01 
  832.000  5.304426e-01 
  833.000  5.328537e-01 
  834.000  5.356850e-01 
  835.000  5.412802e-01 
  836.000  5.395062e-01 
  837.000  5.393343e-01 
  838.000  5.420732e-01 
  839.000  5.437416e-01 
  840.000  5.443639e-01 
  841.000  5.426005e-01 
  842.000  5.442277e-01 
  843.000  5.480583e-01 
  844.000  5.498055e-01 
  845.000  5.506330e-01 
  846.000  5.513588e-01 
  847.000  5.522855e-01 
  848.000  5.509448e-01 
  849.000  5.511671e-01 
  850.000  5.504317e-01 
  851.000  5.495494e-01 
  852.000  5.496640e-01 
  853.000  5.511857e-01 
  854.000  5.511271e-01 
  855.000  5.519029e-01 
  856.000  5.533482e-01 
  857.000  5.540127e-01 
  858.000  5.543424e-01 
  859.000  5.551274e-01 
  860.000  5.556052e-01 
  861.000  5.556954e-01 
  862.000  5.559590e-01 
  863.000  5.560123e-01 
  864.000  5.562001e-01 
  865.000  5.563574e-01 
  866.000  5.564150e-01 
  867.000  5.564106e-01 
  868.000  5.564530e-01 
  869.000  5.565197e-01 
  870.000  5.565064e-01 
  871.000  5.565703e-01 
  872.000  5.566971e-01 
  873.000  5.566111e-01 
  874.000  5.565736e-01 
  875.000  5.565803e-01 
  876.000  5.564149e-01 
  877.000  5.563406e-01 
  878.000  5.558724e-01 
  879.000  5.558572e-01 
  880.000  5.554682e-01 
  881.000  5.552315e-01 
  882.000  5.550048e-01 
  883.000  5.552698e-01 
  884.000  5.553882e-01 
  885.000  5.545546e-01 
  886.000  5.533955e-01 
  887.000  5.543069e-01 
  888.000  5.542697e-01 
  889.000  5.545980e-01 
  890.000  5.539579e-01 
  891.000  5.526845e-01 
  892.000  5.496756e-01 
  893.000  5.404577e-01 
  894.000  5.358804e-01 
  895.000  5.217883e-01 
  896.000  5.091426e-01 
  897.000  4.957843e-01 
  898.000  4.895333e-01 
  899.000  4.717270e-01 
  900.000  4.743399e-01 
  901.000  4.697009e-01 
  902.000  4.705432e-01 
  903.000  5.004824e-01 
  904.000  5.186557e-01 
  905.000  5.179942e-01 
  906.000  5.066557e-01 
  907.000  4.865300e-01 
  908.000  4.732251e-01 
  909.000  4.738183e-01 
  910.000  4.758464e-01 
  911.000  4.847111e-01 
  912.000  4.804381e-01 
  913.000  4.617867e-01 
  914.000  4.710316e-01 
  915.000  4.782937e-01 
  916.000  4.802592e-01 
  917.000  4.841911e-01 
  918.000  4.892706e-01 
  919.000  5.065104e-01 
  920.000  5.194803e-01 
  921.000  5.166261e-01 
  922.000  5.163920e-01 
  923.000  5.127867e-01 
  924.000  5.040938e-01 
  925.000  5.034105e-01 
  926.000  5.032824e-01 
  927.000  4.931701e-01 
  928.000  4.775588e-01 
  929.000  4.549091e-01 
  930.000  4.259090e-01 
  931.000  3.932191e-01 
  932.000  3.501967e-01 
  933.000  3.175267e-01 
  934.000  2.834763e-01 
  935.000  2.798884e-01 
  936.000  2.935311e-01 
  937.000  2.900147e-01 
  938.000  3.277301e-01 
  939.000  4.236706e-01 
  940.000  4.376628e-01 
  941.000  4.255038e-01 
  942.000  3.955864e-01 
  943.000  3.451990e-01 
  944.000  3.416937e-01 
  945.000  3.599989e-01 
  946.000  3.609707e-01 
  947.000  3.770675e-01 
  948.000  3.864781e-01 
  949.000  3.851896e-01 
  950.000  3.875818e-01 
  951.000  4.085713e-01 
  952.000  3.860287e-01 
  953.000  4.017404e-01 
  954.000  4.184895e-01 
  955.000  4.047909e-01 
  956.000  4.016075e-01 
  957.000  4.438931e-01 
  958.000  4.492624e-01 
  959.000  4.422183e-01 
  960.000  4.401440e-01 
  961.000  4.366023e-01 
  962.000  4.397716e-01 
  963.000  4.627585e-01 
  964.000  4.660256e-01 
  965.000  4.638090e-01 
  966.000  4.650224e-01 
  967.000  4.812943e-01 
  968.000  5.082774e-01 
  969.000  5.203798e-01 
  970.000  5.210226e-01 
  971.000  5.207385e-01 
  972.000  5.173142e-01 
  973.000  5.093723e-01 
  974.000  4.996599e-01 
  975.000  4.934027e-01 
  976.000  5.010657e-01 
  977.000  5.136752e-01 
  978.000  5.126455e-01 
  979.000  5.158923e-01 
  980.000  5.286812e-01 
  981.000  5.315040e-01 
  982.000  5.286543e-01 
  983.000  5.351956e-01 
  984.000  5.419182e-01 
  985.000  5.457317e-01 
  986.000  5.506458e-01 
  987.000  5.527722e-01 
  988.000  5.532606e-01 
  989.000  5.535750e-01 
  990.000  5.540983e-01 
  991.000  5.559284e-01 
  992.000  5.564535e-01 
  993.000  5.564601e-01 
  994.000  5.581092e-01 
  995.000  5.592476e-01 
  996.000  5.592445e-01 
  997.000  5.585597e-01 
  998.000  5.577643e-01 
  999.000  5.574552e-01 
 1000.000  5.577248e-01 
 1001.000  5.561385e-01 
 1002.000  5.533507e-01 
 1003.000  5.540243e-01 
 1004.000  5.556424e-01 
 1005.000  5.563861e-01 
 1006.000  5.566134e-01 
 1007.000  5.560876e-01 
 1008.000  5.538129e-01 
 1009.000  5.507633e-01 
 1010.000  5.521265e-01 
 1011.000  5.553659e-01 
 1012.000  5.566003e-01 
 1013.000  5.573933e-01 
 1014.000  5.578129e-01 
 1015.000  5.578872e-01 
 1016.000  5.582634e-01 
 1017.000  5.585338e-01 
 1018.000  5.580284e-01 
 1019.000  5.568569e-01 
 1020.000  5.572633e-01 
 1021.000  5.581049e-01 
 1022.000  5.568736e-01 
 1023.000  5.557213e-01 
 1024.000  5.550249e-01 
 1025.000  5.569209e-01 
 1026.000  5.578631e-01 
 1027.000  5.574405e-01 
 1028.000  5.577517e-01 
 1029.000  5.586275e-01 
 1030.000  5.594423e-01 
 1031.000  5.598401e-01 
 1032.000  5.601411e-01 
 1033.000  5.601727e-01 
 1034.000  5.604007e-01 
 1035.000  5.604687e-01 
 1036.000  5.603054e-01 
 1037.000  5.602453e-01 
 1038.000  5.603070e-01 
 1039.000  5.601431e-01 
 1040.000  5.599798e-01 
 1041.000  5.598485e-01 
 1042.000  5.597962e-01 
 1043.000  5.597594e-01 
 1044.000  5.596223e-01 
 1045.000  5.592915e-01 
 1046.000  5.590532e-01 
 1047.000  5.587548e-01 
 1048.000  5.582899e-01 
 1049.000  5.577727e-01 
 1050.000  5.574099e-01 
 1051.000  5.570053e-01 
 1052.000  5.566385e-01 
 1053.000  5.564313e-01 
 1054.000  5.559584e-01 
 1055.000  5.554393e-01 
 1056.000  5.549404e-01 
 1057.000  5.539681e-01 
 1058.000  5.524072e-01 
 1059.000  5.523207e-01 
 1060.000  5.528010e-01 
 1061.000  5.525654e-01 
 1062.000  5.514972e-01 
 1063.000  5.509274e-01 
 1064.000  5.499780e-01 
 1065.000  5.490964e-01 
 1066.000  5.491479e-01 
 1067.000  5.485885e-01 
 1068.000  5.471675e-01 
 1069.000  5.467809e-01 
 1070.000  5.473940e-01 
 1071.000  5.465889e-01 
 1072.000  5.456652e-01 
 1073.000  5.456793e-01 
 1074.000  5.460792e-01 
 1075.000  5.480014e-01 
 1076.000  5.471410e-01 
 1077.000  5.459003e-01 
 1078.000  5.443946e-01 
 1079.000  5.443495e-01 
 1080.000  5.399754e-01 
 1081.000  5.398512e-01 
 1082.000  5.419595e-01 
 1083.000  5.396982e-01 
 1084.000  5.371838e-01 
 1085.000  5.310122e-01 
 1086.000  5.325813e-01 
 1087.000  5.395685e-01 
 1088.000  5.399185e-01 
 1089.000  5.316128e-01 
 1090.000  5.301179e-01 
 1091.000  5.317953e-01 
 1092.000  5.277222e-01 
 1093.000  5.184494e-01 
 1094.000  5.144260e-01 
 1095.000  5.151409e-01 
 1096.000  5.158037e-01 
 1097.000  5.140199e-01 
 1098.000  4.912299e-01 
 1099.000  4.716995e-01 
 1100.000  4.730749e-01 
 1101.000  4.758324e-01 
 1102.000  4.745997e-01 
 1103.000  4.764506e-01 
 1104.000  4.732219e-01 
 1105.000  4.650307e-01 
 1106.000  4.566926e-01 
 1107.000  4.588615e-01 
 1108.000  4.605046e-01 
 1109.000  4.677886e-01 
 1110.000  4.671067e-01 
 1111.000  4.632592e-01 
 1112.000  4.458358e-01 
 1113.000  4.219732e-01 
 1114.000  4.157849e-01 
 1115.000  3.862683e-01 
 1116.000  3.678322e-01 
 1117.000  3.244628e-01 
 1118.000  2.846130e-01 
 1119.000  2.635436e-01 
 1120.000  2.370024e-01 
 1121.000  2.311534e-01 
 1122.000  2.031480e-01 
 1123.000  2.186470e-01 
 1124.000  2.290453e-01 
 1125.000  2.236553e-01 
 1126.000  2.214583e-01 
 1127.000  2.237434e-01 
 1128.000  2.281779e-01 
 1129.000  2.555710e-01 
 1130.000  3.191543e-01 
 1131.000  3.373861e-01 
 1132.000  3.125184e-01 
 1133.000  2.665175e-01 
 1134.000  1.823913e-01 
 1135.000  1.887780e-01 
 1136.000  2.729763e-01 
 1137.000  3.183235e-01 
 1138.000  3.615761e-01 
 1139.000  3.742686e-01 
 1140.000  3.660680e-01 
 1141.000  3.491869e-01 
 1142.000  3.433118e-01 
 1143.000  3.248132e-01 
 1144.000  3.038250e-01 
 1145.000  2.733469e-01 
 1146.000  2.805468e-01 
 1147.000  3.043304e-01 
 1148.000  3.253438e-01 
 1149.000  3.337235e-01 
 1150.000  3.339375e-01 
