  320.000  1.855900e-01 
  321.000  2.281020e-01 
  322.000  2.113943e-01 
  323.000  2.325719e-01 
  324.000  2.538477e-01 
  325.000  2.379921e-01 
  326.000  2.640296e-01 
  327.000  2.713086e-01 
  328.000  2.555946e-01 
  329.000  2.857800e-01 
  330.000  2.905726e-01 
  331.000  2.810917e-01 
  332.000  2.994057e-01 
  333.000  3.047516e-01 
  334.000  3.003621e-01 
  335.000  3.138123e-01 
  336.000  3.192643e-01 
  337.000  3.169663e-01 
  338.000  3.233569e-01 
  339.000  3.299559e-01 
  340.000  3.288713e-01 
  341.000  3.352818e-01 
  342.000  3.399718e-01 
  343.000  3.423281e-01 
  344.000  3.428096e-01 
  345.000  3.491700e-01 
  346.000  3.531873e-01 
  347.000  3.564633e-01 
  348.000  3.595322e-01 
  349.000  3.629799e-01 
  350.000  3.659271e-01 
  351.000  3.688627e-01 
  352.000  3.712712e-01 
  353.000  3.746960e-01 
  354.000  3.776118e-01 
  355.000  3.803252e-01 
  356.000  3.829691e-01 
  357.000  3.853222e-01 
  358.000  3.878540e-01 
  359.000  3.903832e-01 
  360.000  3.929734e-01 
  361.000  3.962455e-01 
  362.000  3.996525e-01 
  363.000  4.027900e-01 
  364.000  4.056773e-01 
  365.000  4.083854e-01 
  366.000  4.111542e-01 
  367.000  4.137903e-01 
  368.000  4.164022e-01 
  369.000  4.189913e-01 
  370.000  4.215534e-01 
  371.000  4.240952e-01 
  372.000  4.266158e-01 
  373.000  4.291148e-01 
  374.000  4.315732e-01 
  375.000  4.339839e-01 
  376.000  4.363125e-01 
  377.000  4.385130e-01 
  378.000  4.405568e-01 
  379.000  4.426332e-01 
  380.000  4.449165e-01 
  381.000  4.475154e-01 
  382.000  4.502082e-01 
  383.000  4.527541e-01 
  384.000  4.551687e-01 
  385.000  4.574948e-01 
  386.000  4.597609e-01 
  387.000  4.619899e-01 
  388.000  4.641901e-01 
  389.000  4.663716e-01 
  390.000  4.685351e-01 
  391.000  4.706760e-01 
  392.000  4.728004e-01 
  393.000  4.749069e-01 
  394.000  4.769933e-01 
  395.000  4.790579e-01 
  396.000  4.811086e-01 
  397.000  4.831351e-01 
  398.000  4.851424e-01 
  399.000  4.871322e-01 
  400.000  4.890940e-01 
  401.000  4.910479e-01 
  402.000  4.929855e-01 
  403.000  4.949060e-01 
  404.000  4.968091e-01 
  405.000  4.986908e-01 
  406.000  5.005596e-01 
  407.000  5.024133e-01 
  408.000  5.042503e-01 
  409.000  5.060689e-01 
  410.000  5.078698e-01 
  411.000  5.096524e-01 
  412.000  5.114156e-01 
  413.000  5.131682e-01 
  414.000  5.147947e-01 
  415.000  5.165539e-01 
  416.000  5.182904e-01 
  417.000  5.199975e-01 
  418.000  5.216651e-01 
  419.000  5.233139e-01 
  420.000  5.249475e-01 
  421.000  5.265710e-01 
  422.000  5.281841e-01 
  423.000  5.297849e-01 
  424.000  5.313665e-01 
  425.000  5.329115e-01 
  426.000  5.344412e-01 
  427.000  5.359572e-01 
  428.000  5.374458e-01 
  429.000  5.389135e-01 
  430.000  5.403638e-01 
  431.000  5.418031e-01 
  432.000  5.432270e-01 
  433.000  5.446372e-01 
  434.000  5.460353e-01 
  435.000  5.474194e-01 
  436.000  5.487879e-01 
  437.000  5.501413e-01 
  438.000  5.514790e-01 
  439.000  5.528063e-01 
  440.000  5.541118e-01 
  441.000  5.554007e-01 
  442.000  5.566690e-01 
  443.000  5.579180e-01 
  444.000  5.591471e-01 
  445.000  5.603496e-01 
  446.000  5.615185e-01 
  447.000  5.627443e-01 
  448.000  5.640583e-01 
  449.000  5.653882e-01 
  450.000  5.666922e-01 
  451.000  5.679452e-01 
  452.000  5.691540e-01 
  453.000  5.703380e-01 
  454.000  5.715003e-01 
  455.000  5.725951e-01 
  456.000  5.736014e-01 
  457.000  5.746078e-01 
  458.000  5.756006e-01 
  459.000  5.765721e-01 
  460.000  5.775359e-01 
  461.000  5.784893e-01 
  462.000  5.794244e-01 
  463.000  5.803555e-01 
  464.000  5.815673e-01 
  465.000  5.827609e-01 
  466.000  5.839332e-01 
  467.000  5.850783e-01 
  468.000  5.860109e-01 
  469.000  5.868139e-01 
  470.000  5.875524e-01 
  471.000  5.882171e-01 
  472.000  5.887815e-01 
  473.000  5.891770e-01 
  474.000  5.895019e-01 
  475.000  5.895852e-01 
  476.000  5.894245e-01 
  477.000  5.894212e-01 
  478.000  5.903608e-01 
  479.000  5.917910e-01 
  480.000  5.933345e-01 
  481.000  5.947188e-01 
  482.000  5.960169e-01 
  483.000  5.971453e-01 
  484.000  5.981149e-01 
  485.000  5.989820e-01 
  486.000  5.999065e-01 
  487.000  6.008797e-01 
  488.000  6.018215e-01 
  489.000  6.027459e-01 
  490.000  6.036592e-01 
  491.000  6.043743e-01 
  492.000  6.050280e-01 
  493.000  6.056783e-01 
  494.000  6.063102e-01 
  495.000  6.069420e-01 
  496.000  6.072675e-01 
  497.000  6.075807e-01 
  498.000  6.078893e-01 
  499.000  6.081812e-01 
  500.000  6.084685e-01 
  501.000  6.087239e-01 
  502.000  6.089793e-01 
  503.000  6.092315e-01 
  504.000  6.094721e-01 
  505.000  6.096994e-01 
  506.000  6.103656e-01 
  507.000  6.110509e-01 
  508.000  6.117352e-01 
  509.000  6.124115e-01 
  510.000  6.130733e-01 
  511.000  6.136667e-01 
  512.000  6.142396e-01 
  513.000  6.148091e-01 
  514.000  6.153715e-01 
  515.000  6.159289e-01 
  516.000  6.163272e-01 
  517.000  6.165824e-01 
  518.000  6.168306e-01 
  519.000  6.170741e-01 
  520.000  6.173153e-01 
  521.000  6.175313e-01 
  522.000  6.176871e-01 
  523.000  6.177995e-01 
  524.000  6.179155e-01 
  525.000  6.180070e-01 
  526.000  6.181353e-01 
  527.000  6.181560e-01 
  528.000  6.181330e-01 
  529.000  6.181088e-01 
  530.000  6.180900e-01 
  531.000  6.180745e-01 
  532.000  6.181092e-01 
  533.000  6.184222e-01 
  534.000  6.188173e-01 
  535.000  6.192634e-01 
  536.000  6.196945e-01 
  537.000  6.200888e-01 
  538.000  6.204414e-01 
  539.000  6.207682e-01 
  540.000  6.210746e-01 
  541.000  6.213721e-01 
  542.000  6.216566e-01 
  543.000  6.219310e-01 
  544.000  6.221384e-01 
  545.000  6.222913e-01 
  546.000  6.224371e-01 
  547.000  6.225870e-01 
  548.000  6.227294e-01 
  549.000  6.228696e-01 
  550.000  6.229376e-01 
  551.000  6.229340e-01 
  552.000  6.229331e-01 
  553.000  6.229175e-01 
  554.000  6.228952e-01 
  555.000  6.228688e-01 
  556.000  6.228154e-01 
  557.000  6.227151e-01 
  558.000  6.226066e-01 
  559.000  6.224854e-01 
  560.000  6.223336e-01 
  561.000  6.221535e-01 
  562.000  6.217415e-01 
  563.000  6.215169e-01 
  564.000  6.212159e-01 
  565.000  6.207449e-01 
  566.000  6.204642e-01 
  567.000  6.193922e-01 
  568.000  6.161191e-01 
  569.000  6.089543e-01 
  570.000  6.099964e-01 
  571.000  6.149431e-01 
  572.000  6.100681e-01 
  573.000  6.113001e-01 
  574.000  6.115911e-01 
  575.000  6.112592e-01 
  576.000  6.114472e-01 
  577.000  6.131849e-01 
  578.000  6.153721e-01 
  579.000  6.172405e-01 
  580.000  6.188452e-01 
  581.000  6.212248e-01 
  582.000  6.227985e-01 
  583.000  6.237176e-01 
  584.000  6.245720e-01 
  585.000  6.251768e-01 
  586.000  6.258228e-01 
  587.000  6.239564e-01 
  588.000  6.142241e-01 
  589.000  5.989188e-01 
  590.000  5.981209e-01 
  591.000  6.088295e-01 
  592.000  6.033772e-01 
  593.000  6.155834e-01 
  594.000  6.130669e-01 
  595.000  6.047400e-01 
  596.000  6.165882e-01 
  597.000  6.136994e-01 
  598.000  6.184010e-01 
  599.000  6.201817e-01 
  600.000  6.244172e-01 
  601.000  6.271366e-01 
  602.000  6.278827e-01 
  603.000  6.291462e-01 
  604.000  6.305487e-01 
  605.000  6.315313e-01 
  606.000  6.322108e-01 
  607.000  6.328660e-01 
  608.000  6.334761e-01 
  609.000  6.340585e-01 
  610.000  6.346591e-01 
  611.000  6.353258e-01 
  612.000  6.359788e-01 
  613.000  6.366113e-01 
  614.000  6.372252e-01 
  615.000  6.378374e-01 
  616.000  6.384271e-01 
  617.000  6.389841e-01 
  618.000  6.394510e-01 
  619.000  6.398460e-01 
  620.000  6.402117e-01 
  621.000  6.405259e-01 
  622.000  6.407884e-01 
  623.000  6.409640e-01 
  624.000  6.411506e-01 
  625.000  6.413056e-01 
  626.000  6.409212e-01 
  627.000  6.369654e-01 
  628.000  6.166841e-01 
  629.000  6.285849e-01 
  630.000  6.321738e-01 
  631.000  6.361390e-01 
  632.000  6.347975e-01 
  633.000  6.405015e-01 
  634.000  6.430821e-01 
  635.000  6.440599e-01 
  636.000  6.458005e-01 
  637.000  6.471859e-01 
  638.000  6.500421e-01 
  639.000  6.509561e-01 
  640.000  6.528009e-01 
  641.000  6.535700e-01 
  642.000  6.549609e-01 
  643.000  6.541429e-01 
  644.000  6.547368e-01 
  645.000  6.532579e-01 
  646.000  6.449939e-01 
  647.000  6.393797e-01 
  648.000  6.330661e-01 
  649.000  6.393495e-01 
  650.000  6.511118e-01 
  651.000  6.514716e-01 
  652.000  6.417888e-01 
  653.000  6.537121e-01 
  654.000  6.528060e-01 
  655.000  6.489552e-01 
  656.000  6.507949e-01 
  657.000  6.534428e-01 
  658.000  6.577675e-01 
  659.000  6.604433e-01 
  660.000  6.618171e-01 
  661.000  6.650848e-01 
  662.000  6.667311e-01 
  663.000  6.668576e-01 
  664.000  6.677138e-01 
  665.000  6.685102e-01 
  666.000  6.694331e-01 
  667.000  6.702156e-01 
  668.000  6.711482e-01 
  669.000  6.717957e-01 
  670.000  6.723608e-01 
  671.000  6.729602e-01 
  672.000  6.734884e-01 
  673.000  6.740057e-01 
  674.000  6.745179e-01 
  675.000  6.750315e-01 
  676.000  6.755116e-01 
  677.000  6.759536e-01 
  678.000  6.763972e-01 
  679.000  6.767477e-01 
  680.000  6.766950e-01 
  681.000  6.765667e-01 
  682.000  6.767876e-01 
  683.000  6.768634e-01 
  684.000  6.763375e-01 
  685.000  6.772597e-01 
  686.000  6.745144e-01 
  687.000  5.818695e-01 
  688.000  6.110463e-01 
  689.000  6.025577e-01 
  690.000  6.178082e-01 
  691.000  6.372454e-01 
  692.000  6.481590e-01 
  693.000  6.403679e-01 
  694.000  6.304243e-01 
  695.000  6.395562e-01 
  696.000  6.449206e-01 
  697.000  6.681322e-01 
  698.000  6.633363e-01 
  699.000  6.425026e-01 
  700.000  6.459668e-01 
  701.000  6.413471e-01 
  702.000  6.447833e-01 
  703.000  6.622691e-01 
  704.000  6.630558e-01 
  705.000  6.558782e-01 
  706.000  6.573142e-01 
  707.000  6.599236e-01 
  708.000  6.627445e-01 
  709.000  6.684892e-01 
  710.000  6.624269e-01 
  711.000  6.686664e-01 
  712.000  6.739884e-01 
  713.000  6.697485e-01 
  714.000  6.683235e-01 
  715.000  6.613989e-01 
  716.000  6.541780e-01 
  717.000  6.090181e-01 
  718.000  5.815318e-01 
  719.000  5.716795e-01 
  720.000  5.569659e-01 
  721.000  6.220541e-01 
  722.000  6.455465e-01 
  723.000  6.322653e-01 
  724.000  5.948046e-01 
  725.000  6.002935e-01 
  726.000  5.985541e-01 
  727.000  6.038436e-01 
  728.000  5.980946e-01 
  729.000  6.124102e-01 
  730.000  6.099455e-01 
  731.000  6.069688e-01 
  732.000  6.312200e-01 
  733.000  6.546445e-01 
  734.000  6.659878e-01 
  735.000  6.619934e-01 
  736.000  6.545498e-01 
  737.000  6.601659e-01 
  738.000  6.678960e-01 
  739.000  6.712306e-01 
  740.000  6.786366e-01 
  741.000  6.829209e-01 
  742.000  6.847211e-01 
  743.000  6.886805e-01 
  744.000  6.903637e-01 
  745.000  6.917803e-01 
  746.000  6.928207e-01 
  747.000  6.930915e-01 
  748.000  6.940551e-01 
  749.000  6.945674e-01 
  750.000  6.942774e-01 
  751.000  6.944610e-01 
  752.000  6.953577e-01 
  753.000  6.957288e-01 
  754.000  6.960179e-01 
  755.000  6.962007e-01 
  756.000  6.963931e-01 
  757.000  6.965258e-01 
  758.000  6.953185e-01 
  759.000  6.453979e-01 
  760.000  2.826445e-01 
  761.000  2.495179e-01 
  762.000  4.560328e-01 
  763.000  3.909256e-01 
  764.000  4.230764e-01 
  765.000  4.966896e-01 
  766.000  5.865000e-01 
  767.000  6.321887e-01 
  768.000  6.621946e-01 
  769.000  6.820531e-01 
  770.000  6.926488e-01 
  771.000  6.977273e-01 
  772.000  6.989827e-01 
  773.000  6.995459e-01 
  774.000  7.002417e-01 
  775.000  7.006646e-01 
  776.000  7.009717e-01 
  777.000  7.010477e-01 
  778.000  7.010140e-01 
  779.000  7.009715e-01 
  780.000  7.009273e-01 
  781.000  7.013289e-01 
  782.000  7.012719e-01 
  783.000  7.012287e-01 
  784.000  7.009234e-01 
  785.000  6.993015e-01 
  786.000  6.968291e-01 
  787.000  6.912231e-01 
  788.000  6.882767e-01 
  789.000  6.778004e-01 
  790.000  6.768942e-01 
  791.000  6.788630e-01 
  792.000  6.806867e-01 
  793.000  6.849456e-01 
  794.000  6.939947e-01 
  795.000  6.884533e-01 
  796.000  6.737539e-01 
  797.000  6.779423e-01 
  798.000  6.872247e-01 
  799.000  6.850992e-01 
  800.000  6.783351e-01 
  801.000  6.791341e-01 
  802.000  6.784468e-01 
  803.000  6.794308e-01 
  804.000  6.826057e-01 
  805.000  6.886958e-01 
  806.000  6.923348e-01 
  807.000  6.924917e-01 
  808.000  6.904188e-01 
  809.000  6.878721e-01 
  810.000  6.850802e-01 
  811.000  6.793707e-01 
  812.000  6.716980e-01 
  813.000  6.623273e-01 
  814.000  6.500106e-01 
  815.000  6.347498e-01 
  816.000  6.153672e-01 
  817.000  6.163990e-01 
  818.000  6.179594e-01 
  819.000  6.243485e-01 
  820.000  6.457525e-01 
  821.000  6.703548e-01 
  822.000  6.516160e-01 
  823.000  6.000198e-01 
  824.000  6.434388e-01 
  825.000  6.717339e-01 
  826.000  6.669217e-01 
  827.000  6.633306e-01 
  828.000  6.447104e-01 
  829.000  6.513899e-01 
  830.000  6.589049e-01 
  831.000  6.606796e-01 
  832.000  6.614843e-01 
  833.000  6.658376e-01 
  834.000  6.709740e-01 
  835.000  6.811774e-01 
  836.000  6.779012e-01 
  837.000  6.775624e-01 
  838.000  6.825275e-01 
  839.000  6.855462e-01 
  840.000  6.866398e-01 
  841.000  6.833642e-01 
  842.000  6.863006e-01 
  843.000  6.932886e-01 
  844.000  6.964635e-01 
  845.000  6.979414e-01 
  846.000  6.994964e-01 
  847.000  7.012111e-01 
  848.000  6.983697e-01 
  849.000  6.987273e-01 
  850.000  6.973206e-01 
  851.000  6.956468e-01 
  852.000  6.958086e-01 
  853.000  6.985629e-01 
  854.000  6.984112e-01 
  855.000  6.997952e-01 
  856.000  7.026784e-01 
  857.000  7.037867e-01 
  858.000  7.044353e-01 
  859.000  7.058132e-01 
  860.000  7.064852e-01 
  861.000  7.065994e-01 
  862.000  7.070044e-01 
  863.000  7.070569e-01 
  864.000  7.073346e-01 
  865.000  7.075617e-01 
  866.000  7.076216e-01 
  867.000  7.075800e-01 
  868.000  7.076153e-01 
  869.000  7.076904e-01 
  870.000  7.076344e-01 
  871.000  7.077056e-01 
  872.000  7.078799e-01 
  873.000  7.077049e-01 
  874.000  7.076099e-01 
  875.000  7.075872e-01 
  876.000  7.072822e-01 
  877.000  7.071617e-01 
  878.000  7.062860e-01 
  879.000  7.062258e-01 
  880.000  7.054698e-01 
  881.000  7.050268e-01 
  882.000  7.046497e-01 
  883.000  7.050186e-01 
  884.000  7.051845e-01 
  885.000  7.036260e-01 
  886.000  7.015644e-01 
  887.000  7.032382e-01 
  888.000  7.031354e-01 
  889.000  7.035260e-01 
  890.000  7.023545e-01 
  891.000  6.997144e-01 
  892.000  6.941574e-01 
  893.000  6.773701e-01 
  894.000  6.690000e-01 
  895.000  6.437460e-01 
  896.000  6.212168e-01 
  897.000  5.976158e-01 
  898.000  5.866359e-01 
  899.000  5.561495e-01 
  900.000  5.604574e-01 
  901.000  5.526004e-01 
  902.000  5.541313e-01 
  903.000  6.054540e-01 
  904.000  6.372870e-01 
  905.000  6.361824e-01 
  906.000  6.162634e-01 
  907.000  5.813900e-01 
  908.000  5.586424e-01 
  909.000  5.595587e-01 
  910.000  5.629495e-01 
  911.000  5.780186e-01 
  912.000  5.707156e-01 
  913.000  5.392353e-01 
  914.000  5.547604e-01 
  915.000  5.670946e-01 
  916.000  5.704769e-01 
  917.000  5.772445e-01 
  918.000  5.860011e-01 
  919.000  6.158869e-01 
  920.000  6.387273e-01 
  921.000  6.337349e-01 
  922.000  6.333151e-01 
  923.000  6.269448e-01 
  924.000  6.116899e-01 
  925.000  6.103189e-01 
  926.000  6.096742e-01 
  927.000  5.917578e-01 
  928.000  5.644562e-01 
  929.000  5.256020e-01 
  930.000  4.772042e-01 
  931.000  4.245232e-01 
  932.000  3.572168e-01 
  933.000  3.094921e-01 
  934.000  2.625144e-01 
  935.000  2.574407e-01 
  936.000  2.754383e-01 
  937.000  2.710077e-01 
  938.000  3.240723e-01 
  939.000  4.696128e-01 
  940.000  4.923877e-01 
  941.000  4.730656e-01 
  942.000  4.260679e-01 
  943.000  3.502647e-01 
  944.000  3.449609e-01 
  945.000  3.715887e-01 
  946.000  3.732516e-01 
  947.000  3.978336e-01 
  948.000  4.123720e-01 
  949.000  4.106782e-01 
  950.000  4.144707e-01 
  951.000  4.472677e-01 
  952.000  4.126156e-01 
  953.000  4.372547e-01 
  954.000  4.640482e-01 
  955.000  4.427633e-01 
  956.000  4.383664e-01 
  957.000  5.064291e-01 
  958.000  5.156038e-01 
  959.000  5.043430e-01 
  960.000  5.011784e-01 
  961.000  4.955788e-01 
  962.000  5.009096e-01 
  963.000  5.390082e-01 
  964.000  5.446109e-01 
  965.000  5.410653e-01 
  966.000  5.432655e-01 
  967.000  5.708770e-01 
  968.000  6.175266e-01 
  969.000  6.388646e-01 
  970.000  6.400610e-01 
  971.000  6.395634e-01 
  972.000  6.334937e-01 
  973.000  6.195418e-01 
  974.000  6.026552e-01 
  975.000  5.918580e-01 
  976.000  6.050674e-01 
  977.000  6.270241e-01 
  978.000  6.252822e-01 
  979.000  6.310460e-01 
  980.000  6.536465e-01 
  981.000  6.587000e-01 
  982.000  6.537012e-01 
  983.000  6.653763e-01 
  984.000  6.774239e-01 
  985.000  6.842900e-01 
  986.000  6.931629e-01 
  987.000  6.970203e-01 
  988.000  6.979091e-01 
  989.000  6.984763e-01 
  990.000  6.994137e-01 
  991.000  7.027181e-01 
  992.000  7.036530e-01 
  993.000  7.039993e-01 
  994.000  7.069812e-01 
  995.000  7.088877e-01 
  996.000  7.088639e-01 
  997.000  7.075808e-01 
  998.000  7.061750e-01 
  999.000  7.056147e-01 
 1000.000  7.060614e-01 
 1001.000  7.028895e-01 
 1002.000  6.978232e-01 
 1003.000  6.990188e-01 
 1004.000  7.019241e-01 
 1005.000  7.032492e-01 
 1006.000  7.036737e-01 
 1007.000  7.027006e-01 
 1008.000  6.985714e-01 
 1009.000  6.930596e-01 
 1010.000  6.955097e-01 
 1011.000  7.013639e-01 
 1012.000  7.035941e-01 
 1013.000  7.053498e-01 
 1014.000  7.060837e-01 
 1015.000  7.062228e-01 
 1016.000  7.070154e-01 
 1017.000  7.074742e-01 
 1018.000  7.064787e-01 
 1019.000  7.044395e-01 
 1020.000  7.051538e-01 
 1021.000  7.066218e-01 
 1022.000  7.041540e-01 
 1023.000  7.020906e-01 
 1024.000  7.008558e-01 
 1025.000  7.046402e-01 
 1026.000  7.063137e-01 
 1027.000  7.056038e-01 
 1028.000  7.061905e-01 
 1029.000  7.077506e-01 
 1030.000  7.092741e-01 
 1031.000  7.100574e-01 
 1032.000  7.106696e-01 
 1033.000  7.108481e-01 
 1034.000  7.112148e-01 
 1035.000  7.113906e-01 
 1036.000  7.112933e-01 
 1037.000  7.113371e-01 
 1038.000  7.114556e-01 
 1039.000  7.112309e-01 
 1040.000  7.110393e-01 
 1041.000  7.108879e-01 
 1042.000  7.108461e-01 
 1043.000  7.108433e-01 
 1044.000  7.107100e-01 
 1045.000  7.102852e-01 
 1046.000  7.100008e-01 
 1047.000  7.096650e-01 
 1048.000  7.092504e-01 
 1049.000  7.088554e-01 
 1050.000  7.084202e-01 
 1051.000  7.077689e-01 
 1052.000  7.073787e-01 
 1053.000  7.073133e-01 
 1054.000  7.066653e-01 
 1055.000  7.060055e-01 
 1056.000  7.054676e-01 
 1057.000  7.041335e-01 
 1058.000  7.016204e-01 
 1059.000  7.017821e-01 
 1060.000  7.030550e-01 
 1061.000  7.027444e-01 
 1062.000  7.011583e-01 
 1063.000  7.005731e-01 
 1064.000  6.992208e-01 
 1065.000  6.977130e-01 
 1066.000  6.978402e-01 
 1067.000  6.969482e-01 
 1068.000  6.937789e-01 
 1069.000  6.922259e-01 
 1070.000  6.926929e-01 
 1071.000  6.906564e-01 
 1072.000  6.885718e-01 
 1073.000  6.881618e-01 
 1074.000  6.884565e-01 
 1075.000  6.915142e-01 
 1076.000  6.895799e-01 
 1077.000  6.869915e-01 
 1078.000  6.839497e-01 
 1079.000  6.835427e-01 
 1080.000  6.754416e-01 
 1081.000  6.749732e-01 
 1082.000  6.785194e-01 
 1083.000  6.742163e-01 
 1084.000  6.695186e-01 
 1085.000  6.583660e-01 
 1086.000  6.609522e-01 
 1087.000  6.731977e-01 
 1088.000  6.736748e-01 
 1089.000  6.587440e-01 
 1090.000  6.559265e-01 
 1091.000  6.587337e-01 
 1092.000  6.513320e-01 
 1093.000  6.349010e-01 
 1094.000  6.277670e-01 
 1095.000  6.288913e-01 
 1096.000  6.298892e-01 
 1097.000  6.265739e-01 
 1098.000  5.870792e-01 
 1099.000  5.538204e-01 
 1100.000  5.560215e-01 
 1101.000  5.605460e-01 
 1102.000  5.582596e-01 
 1103.000  5.612246e-01 
 1104.000  5.556476e-01 
 1105.000  5.417407e-01 
 1106.000  5.278689e-01 
 1107.000  5.311632e-01 
 1108.000  5.334861e-01 
 1109.000  5.450875e-01 
 1110.000  5.432811e-01 
 1111.000  5.365101e-01 
 1112.000  5.073806e-01 
 1113.000  4.679157e-01 
 1114.000  4.567146e-01 
 1115.000  4.094008e-01 
 1116.000  3.808293e-01 
 1117.000  3.175317e-01 
 1118.000  2.618147e-01 
 1119.000  2.330708e-01 
 1120.000  1.991527e-01 
 1121.000  1.917381e-01 
 1122.000  1.590284e-01 
 1123.000  1.760970e-01 
 1124.000  1.878863e-01 
 1125.000  1.815275e-01 
 1126.000  1.790846e-01 
 1127.000  1.820467e-01 
 1128.000  1.877835e-01 
 1129.000  2.213267e-01 
 1130.000  3.040108e-01 
 1131.000  3.291382e-01 
 1132.000  2.946841e-01 
 1133.000  2.350660e-01 
 1134.000  1.369905e-01 
 1135.000  1.440041e-01 
 1136.000  2.440591e-01 
 1137.000  3.042689e-01 
 1138.000  3.661529e-01 
 1139.000  3.864641e-01 
 1140.000  3.744223e-01 
 1141.000  3.506320e-01 
 1142.000  3.421150e-01 
 1143.000  3.158322e-01 
 1144.000  2.870763e-01 
 1145.000  2.467449e-01 
 1146.000  2.561732e-01 
 1147.000  2.879410e-01 
 1148.000  3.169592e-01 
 1149.000  3.291116e-01 
 1150.000  3.303074e-01 
