  320.000  1.335075e-01 
  321.000  1.690319e-01 
  322.000  1.549458e-01 
  323.000  1.728262e-01 
  324.000  1.910274e-01 
  325.000  1.774413e-01 
  326.000  1.998170e-01 
  327.000  2.061308e-01 
  328.000  1.925319e-01 
  329.000  2.187552e-01 
  330.000  2.229567e-01 
  331.000  2.146549e-01 
  332.000  2.307263e-01 
  333.000  2.354447e-01 
  334.000  2.315695e-01 
  335.000  2.434690e-01 
  336.000  2.483135e-01 
  337.000  2.462701e-01 
  338.000  2.519580e-01 
  339.000  2.578484e-01 
  340.000  2.568790e-01 
  341.000  2.626146e-01 
  342.000  2.668210e-01 
  343.000  2.689374e-01 
  344.000  2.693701e-01 
  345.000  2.750946e-01 
  346.000  2.787181e-01 
  347.000  2.816772e-01 
  348.000  2.844530e-01 
  349.000  2.875753e-01 
  350.000  2.902478e-01 
  351.000  2.929129e-01 
  352.000  2.951016e-01 
  353.000  2.982176e-01 
  354.000  3.008736e-01 
  355.000  3.033479e-01 
  356.000  3.057613e-01 
  357.000  3.079113e-01 
  358.000  3.102266e-01 
  359.000  3.125419e-01 
  360.000  3.149151e-01 
  361.000  3.179163e-01 
  362.000  3.210450e-01 
  363.000  3.239297e-01 
  364.000  3.265872e-01 
  365.000  3.290822e-01 
  366.000  3.316356e-01 
  367.000  3.340689e-01 
  368.000  3.364821e-01 
  369.000  3.388764e-01 
  370.000  3.412478e-01 
  371.000  3.436025e-01 
  372.000  3.459395e-01 
  373.000  3.482584e-01 
  374.000  3.505417e-01 
  375.000  3.527824e-01 
  376.000  3.549484e-01 
  377.000  3.569970e-01 
  378.000  3.589008e-01 
  379.000  3.608364e-01 
  380.000  3.629664e-01 
  381.000  3.653927e-01 
  382.000  3.679087e-01 
  383.000  3.702895e-01 
  384.000  3.725494e-01 
  385.000  3.747281e-01 
  386.000  3.768520e-01 
  387.000  3.789426e-01 
  388.000  3.810077e-01 
  389.000  3.830566e-01 
  390.000  3.850900e-01 
  391.000  3.871034e-01 
  392.000  3.891027e-01 
  393.000  3.910863e-01 
  394.000  3.930523e-01 
  395.000  3.949990e-01 
  396.000  3.969338e-01 
  397.000  3.988468e-01 
  398.000  4.007429e-01 
  399.000  4.026237e-01 
  400.000  4.044790e-01 
  401.000  4.063278e-01 
  402.000  4.081624e-01 
  403.000  4.099817e-01 
  404.000  4.117855e-01 
  405.000  4.135701e-01 
  406.000  4.153434e-01 
  407.000  4.171033e-01 
  408.000  4.188483e-01 
  409.000  4.205767e-01 
  410.000  4.222891e-01 
  411.000  4.239851e-01 
  412.000  4.256633e-01 
  413.000  4.273324e-01 
  414.000  4.288820e-01 
  415.000  4.305589e-01 
  416.000  4.322150e-01 
  417.000  4.338439e-01 
  418.000  4.354357e-01 
  419.000  4.370103e-01 
  420.000  4.385712e-01 
  421.000  4.401231e-01 
  422.000  4.416656e-01 
  423.000  4.431972e-01 
  424.000  4.447110e-01 
  425.000  4.461904e-01 
  426.000  4.476558e-01 
  427.000  4.491085e-01 
  428.000  4.505358e-01 
  429.000  4.519434e-01 
  430.000  4.533349e-01 
  431.000  4.547163e-01 
  432.000  4.560836e-01 
  433.000  4.574382e-01 
  434.000  4.587817e-01 
  435.000  4.601122e-01 
  436.000  4.614282e-01 
  437.000  4.627301e-01 
  438.000  4.640173e-01 
  439.000  4.652950e-01 
  440.000  4.665523e-01 
  441.000  4.677938e-01 
  442.000  4.690159e-01 
  443.000  4.702199e-01 
  444.000  4.714050e-01 
  445.000  4.725648e-01 
  446.000  4.736927e-01 
  447.000  4.748757e-01 
  448.000  4.761443e-01 
  449.000  4.774287e-01 
  450.000  4.786885e-01 
  451.000  4.798993e-01 
  452.000  4.810679e-01 
  453.000  4.822128e-01 
  454.000  4.833371e-01 
  455.000  4.843964e-01 
  456.000  4.853702e-01 
  457.000  4.863445e-01 
  458.000  4.873058e-01 
  459.000  4.882468e-01 
  460.000  4.891804e-01 
  461.000  4.901043e-01 
  462.000  4.910107e-01 
  463.000  4.919133e-01 
  464.000  4.930885e-01 
  465.000  4.942462e-01 
  466.000  4.953837e-01 
  467.000  4.964950e-01 
  468.000  4.974004e-01 
  469.000  4.981802e-01 
  470.000  4.988974e-01 
  471.000  4.995430e-01 
  472.000  5.000914e-01 
  473.000  5.004756e-01 
  474.000  5.007913e-01 
  475.000  5.008724e-01 
  476.000  5.007161e-01 
  477.000  5.007129e-01 
  478.000  5.016261e-01 
  479.000  5.030165e-01 
  480.000  5.045174e-01 
  481.000  5.058641e-01 
  482.000  5.071273e-01 
  483.000  5.082257e-01 
  484.000  5.091698e-01 
  485.000  5.100142e-01 
  486.000  5.109148e-01 
  487.000  5.118630e-01 
  488.000  5.127808e-01 
  489.000  5.136818e-01 
  490.000  5.145723e-01 
  491.000  5.152696e-01 
  492.000  5.159072e-01 
  493.000  5.165415e-01 
  494.000  5.171580e-01 
  495.000  5.177745e-01 
  496.000  5.180922e-01 
  497.000  5.183978e-01 
  498.000  5.186990e-01 
  499.000  5.189840e-01 
  500.000  5.192644e-01 
  501.000  5.195137e-01 
  502.000  5.197631e-01 
  503.000  5.200093e-01 
  504.000  5.202442e-01 
  505.000  5.204662e-01 
  506.000  5.211167e-01 
  507.000  5.217861e-01 
  508.000  5.224545e-01 
  509.000  5.231153e-01 
  510.000  5.237620e-01 
  511.000  5.243418e-01 
  512.000  5.249019e-01 
  513.000  5.254586e-01 
  514.000  5.260085e-01 
  515.000  5.265536e-01 
  516.000  5.269430e-01 
  517.000  5.271927e-01 
  518.000  5.274354e-01 
  519.000  5.276736e-01 
  520.000  5.279095e-01 
  521.000  5.281208e-01 
  522.000  5.282732e-01 
  523.000  5.283831e-01 
  524.000  5.284967e-01 
  525.000  5.285861e-01 
  526.000  5.287117e-01 
  527.000  5.287319e-01 
  528.000  5.287095e-01 
  529.000  5.286858e-01 
  530.000  5.286674e-01 
  531.000  5.286523e-01 
  532.000  5.286862e-01 
  533.000  5.289924e-01 
  534.000  5.293791e-01 
  535.000  5.298156e-01 
  536.000  5.302375e-01 
  537.000  5.306235e-01 
  538.000  5.309687e-01 
  539.000  5.312885e-01 
  540.000  5.315886e-01 
  541.000  5.318798e-01 
  542.000  5.321584e-01 
  543.000  5.324271e-01 
  544.000  5.326302e-01 
  545.000  5.327799e-01 
  546.000  5.329227e-01 
  547.000  5.330696e-01 
  548.000  5.332090e-01 
  549.000  5.333463e-01 
  550.000  5.334129e-01 
  551.000  5.334094e-01 
  552.000  5.334086e-01 
  553.000  5.333933e-01 
  554.000  5.333714e-01 
  555.000  5.333456e-01 
  556.000  5.332932e-01 
  557.000  5.331950e-01 
  558.000  5.330887e-01 
  559.000  5.329700e-01 
  560.000  5.328213e-01 
  561.000  5.326449e-01 
  562.000  5.322357e-01 
  563.000  5.320154e-01 
  564.000  5.317193e-01 
  565.000  5.312540e-01 
  566.000  5.309818e-01 
  567.000  5.299257e-01 
  568.000  5.268073e-01 
  569.000  5.199294e-01 
  570.000  5.209187e-01 
  571.000  5.256167e-01 
  572.000  5.209680e-01 
  573.000  5.221376e-01 
  574.000  5.224087e-01 
  575.000  5.220862e-01 
  576.000  5.222699e-01 
  577.000  5.239418e-01 
  578.000  5.260152e-01 
  579.000  5.278291e-01 
  580.000  5.293988e-01 
  581.000  5.317192e-01 
  582.000  5.332597e-01 
  583.000  5.341693e-01 
  584.000  5.350195e-01 
  585.000  5.356132e-01 
  586.000  5.362609e-01 
  587.000  5.345054e-01 
  588.000  5.251682e-01 
  589.000  5.105116e-01 
  590.000  5.097544e-01 
  591.000  5.200118e-01 
  592.000  5.147975e-01 
  593.000  5.265017e-01 
  594.000  5.240926e-01 
  595.000  5.161194e-01 
  596.000  5.274780e-01 
  597.000  5.247028e-01 
  598.000  5.292103e-01 
  599.000  5.309170e-01 
  600.000  5.349821e-01 
  601.000  5.375566e-01 
  602.000  5.382657e-01 
  603.000  5.394914e-01 
  604.000  5.408588e-01 
  605.000  5.418329e-01 
  606.000  5.425025e-01 
  607.000  5.431480e-01 
  608.000  5.437475e-01 
  609.000  5.443197e-01 
  610.000  5.449094e-01 
  611.000  5.455643e-01 
  612.000  5.462058e-01 
  613.000  5.468273e-01 
  614.000  5.474305e-01 
  615.000  5.480320e-01 
  616.000  5.486117e-01 
  617.000  5.491593e-01 
  618.000  5.496183e-01 
  619.000  5.500067e-01 
  620.000  5.503663e-01 
  621.000  5.506752e-01 
  622.000  5.509334e-01 
  623.000  5.511061e-01 
  624.000  5.512896e-01 
  625.000  5.514420e-01 
  626.000  5.510491e-01 
  627.000  5.472931e-01 
  628.000  5.285625e-01 
  629.000  5.395020e-01 
  630.000  5.429803e-01 
  631.000  5.466896e-01 
  632.000  5.453236e-01 
  633.000  5.507854e-01 
  634.000  5.532426e-01 
  635.000  5.543220e-01 
  636.000  5.558974e-01 
  637.000  5.572611e-01 
  638.000  5.600496e-01 
  639.000  5.609518e-01 
  640.000  5.627574e-01 
  641.000  5.635143e-01 
  642.000  5.648882e-01 
  643.000  5.641132e-01 
  644.000  5.646999e-01 
  645.000  5.633148e-01 
  646.000  5.553442e-01 
  647.000  5.499386e-01 
  648.000  5.438661e-01 
  649.000  5.499324e-01 
  650.000  5.612967e-01 
  651.000  5.616558e-01 
  652.000  5.523216e-01 
  653.000  5.638443e-01 
  654.000  5.629812e-01 
  655.000  5.592717e-01 
  656.000  5.610598e-01 
  657.000  5.636306e-01 
  658.000  5.678248e-01 
  659.000  5.704262e-01 
  660.000  5.717683e-01 
  661.000  5.749175e-01 
  662.000  5.765138e-01 
  663.000  5.766533e-01 
  664.000  5.774860e-01 
  665.000  5.782751e-01 
  666.000  5.791798e-01 
  667.000  5.799513e-01 
  668.000  5.808854e-01 
  669.000  5.815297e-01 
  670.000  5.820905e-01 
  671.000  5.826862e-01 
  672.000  5.832096e-01 
  673.000  5.837221e-01 
  674.000  5.842295e-01 
  675.000  5.847383e-01 
  676.000  5.852138e-01 
  677.000  5.856516e-01 
  678.000  5.860912e-01 
  679.000  5.864362e-01 
  680.000  5.863715e-01 
  681.000  5.862587e-01 
  682.000  5.864775e-01 
  683.000  5.865683e-01 
  684.000  5.860729e-01 
  685.000  5.869650e-01 
  686.000  5.844110e-01 
  687.000  4.984134e-01 
  688.000  5.254547e-01 
  689.000  5.175738e-01 
  690.000  5.317467e-01 
  691.000  5.497478e-01 
  692.000  5.597289e-01 
  693.000  5.519317e-01 
  694.000  5.422124e-01 
  695.000  5.508821e-01 
  696.000  5.560067e-01 
  697.000  5.783048e-01 
  698.000  5.736951e-01 
  699.000  5.536948e-01 
  700.000  5.570189e-01 
  701.000  5.525984e-01 
  702.000  5.559018e-01 
  703.000  5.727063e-01 
  704.000  5.734758e-01 
  705.000  5.665877e-01 
  706.000  5.679772e-01 
  707.000  5.704944e-01 
  708.000  5.732169e-01 
  709.000  5.787535e-01 
  710.000  5.729272e-01 
  711.000  5.789390e-01 
  712.000  5.840714e-01 
  713.000  5.799902e-01 
  714.000  5.786166e-01 
  715.000  5.719430e-01 
  716.000  5.649688e-01 
  717.000  5.217102e-01 
  718.000  4.955330e-01 
  719.000  4.861730e-01 
  720.000  4.722987e-01 
  721.000  5.341245e-01 
  722.000  5.566320e-01 
  723.000  5.439172e-01 
  724.000  5.081871e-01 
  725.000  5.133979e-01 
  726.000  5.117564e-01 
  727.000  5.168023e-01 
  728.000  5.113474e-01 
  729.000  5.249972e-01 
  730.000  5.226744e-01 
  731.000  5.198672e-01 
  732.000  5.430355e-01 
  733.000  5.655259e-01 
  734.000  5.764608e-01 
  735.000  5.726317e-01 
  736.000  5.654850e-01 
  737.000  5.708920e-01 
  738.000  5.783387e-01 
  739.000  5.815597e-01 
  740.000  5.887094e-01 
  741.000  5.928524e-01 
  742.000  5.945980e-01 
  743.000  5.984287e-01 
  744.000  6.000114e-01 
  745.000  6.014014e-01 
  746.000  6.023963e-01 
  747.000  6.026661e-01 
  748.000  6.036053e-01 
  749.000  6.041230e-01 
  750.000  6.038343e-01 
  751.000  6.040170e-01 
  752.000  6.049150e-01 
  753.000  6.052889e-01 
  754.000  6.055793e-01 
  755.000  6.057611e-01 
  756.000  6.059529e-01 
  757.000  6.060849e-01 
  758.000  6.049144e-01 
  759.000  5.582711e-01 
  760.000  2.291609e-01 
  761.000  2.003382e-01 
  762.000  3.838909e-01 
  763.000  3.251371e-01 
  764.000  3.540720e-01 
  765.000  4.209501e-01 
  766.000  5.035972e-01 
  767.000  5.460412e-01 
  768.000  5.740529e-01 
  769.000  5.926510e-01 
  770.000  6.026760e-01 
  771.000  6.073993e-01 
  772.000  6.085851e-01 
  773.000  6.091135e-01 
  774.000  6.097824e-01 
  775.000  6.102038e-01 
  776.000  6.105105e-01 
  777.000  6.105840e-01 
  778.000  6.105466e-01 
  779.000  6.105009e-01 
  780.000  6.104535e-01 
  781.000  6.108611e-01 
  782.000  6.108007e-01 
  783.000  6.107544e-01 
  784.000  6.104520e-01 
  785.000  6.088927e-01 
  786.000  6.065473e-01 
  787.000  6.011441e-01 
  788.000  5.983054e-01 
  789.000  5.882260e-01 
  790.000  5.873547e-01 
  791.000  5.892489e-01 
  792.000  5.910065e-01 
  793.000  5.951086e-01 
  794.000  6.038269e-01 
  795.000  5.984905e-01 
  796.000  5.843548e-01 
  797.000  5.883818e-01 
  798.000  5.973143e-01 
  799.000  5.952716e-01 
  800.000  5.887671e-01 
  801.000  5.895375e-01 
  802.000  5.888792e-01 
  803.000  5.898285e-01 
  804.000  5.928872e-01 
  805.000  5.987527e-01 
  806.000  6.022623e-01 
  807.000  6.024162e-01 
  808.000  6.004203e-01 
  809.000  5.979673e-01 
  810.000  5.952760e-01 
  811.000  5.897767e-01 
  812.000  5.823891e-01 
  813.000  5.733787e-01 
  814.000  5.615552e-01 
  815.000  5.469296e-01 
  816.000  5.284483e-01 
  817.000  5.294131e-01 
  818.000  5.308971e-01 
  819.000  5.369992e-01 
  820.000  5.574479e-01 
  821.000  5.810254e-01 
  822.000  5.630641e-01 
  823.000  5.139024e-01 
  824.000  5.552544e-01 
  825.000  5.823736e-01 
  826.000  5.777792e-01 
  827.000  5.743361e-01 
  828.000  5.565033e-01 
  829.000  5.628942e-01 
  830.000  5.700998e-01 
  831.000  5.718109e-01 
  832.000  5.726026e-01 
  833.000  5.767888e-01 
  834.000  5.817327e-01 
  835.000  5.915540e-01 
  836.000  5.884111e-01 
  837.000  5.880952e-01 
  838.000  5.928752e-01 
  839.000  5.957866e-01 
  840.000  5.968428e-01 
  841.000  5.936939e-01 
  842.000  5.965240e-01 
  843.000  6.032588e-01 
  844.000  6.063247e-01 
  845.000  6.077532e-01 
  846.000  6.092564e-01 
  847.000  6.109131e-01 
  848.000  6.081736e-01 
  849.000  6.085197e-01 
  850.000  6.071641e-01 
  851.000  6.055518e-01 
  852.000  6.057097e-01 
  853.000  6.083680e-01 
  854.000  6.082251e-01 
  855.000  6.095627e-01 
  856.000  6.123477e-01 
  857.000  6.133738e-01 
  858.000  6.140106e-01 
  859.000  6.153382e-01 
  860.000  6.159881e-01 
  861.000  6.161035e-01 
  862.000  6.165159e-01 
  863.000  6.165682e-01 
  864.000  6.168506e-01 
  865.000  6.170812e-01 
  866.000  6.171412e-01 
  867.000  6.170974e-01 
  868.000  6.171322e-01 
  869.000  6.172076e-01 
  870.000  6.171492e-01 
  871.000  6.172206e-01 
  872.000  6.173973e-01 
  873.000  6.172174e-01 
  874.000  6.171193e-01 
  875.000  6.170948e-01 
  876.000  6.167822e-01 
  877.000  6.166710e-01 
  878.000  6.158334e-01 
  879.000  6.157746e-01 
  880.000  6.150521e-01 
  881.000  6.146199e-01 
  882.000  6.142726e-01 
  883.000  6.146133e-01 
  884.000  6.147759e-01 
  885.000  6.132800e-01 
  886.000  6.113467e-01 
  887.000  6.129568e-01 
  888.000  6.128582e-01 
  889.000  6.131805e-01 
  890.000  6.121004e-01 
  891.000  6.095554e-01 
  892.000  6.041987e-01 
  893.000  5.880610e-01 
  894.000  5.800127e-01 
  895.000  5.558599e-01 
  896.000  5.343628e-01 
  897.000  5.119092e-01 
  898.000  5.014911e-01 
  899.000  4.727822e-01 
  900.000  4.768019e-01 
  901.000  4.694377e-01 
  902.000  4.709146e-01 
  903.000  5.193022e-01 
  904.000  5.495419e-01 
  905.000  5.485200e-01 
  906.000  5.295957e-01 
  907.000  4.966102e-01 
  908.000  4.751967e-01 
  909.000  4.760404e-01 
  910.000  4.792204e-01 
  911.000  4.933964e-01 
  912.000  4.865280e-01 
  913.000  4.570141e-01 
  914.000  4.715580e-01 
  915.000  4.831584e-01 
  916.000  4.863596e-01 
  917.000  4.927568e-01 
  918.000  5.010371e-01 
  919.000  5.293337e-01 
  920.000  5.510788e-01 
  921.000  5.463483e-01 
  922.000  5.459574e-01 
  923.000  5.398997e-01 
  924.000  5.254111e-01 
  925.000  5.240695e-01 
  926.000  5.233461e-01 
  927.000  5.062857e-01 
  928.000  4.803990e-01 
  929.000  4.437995e-01 
  930.000  3.986402e-01 
  931.000  3.500752e-01 
  932.000  2.887232e-01 
  933.000  2.462177e-01 
  934.000  2.051821e-01 
  935.000  2.007297e-01 
  936.000  2.162264e-01 
  937.000  2.124741e-01 
  938.000  2.591417e-01 
  939.000  3.905985e-01 
  940.000  4.116695e-01 
  941.000  3.939329e-01 
  942.000  3.509659e-01 
  943.000  2.826824e-01 
  944.000  2.779067e-01 
  945.000  3.016271e-01 
  946.000  3.031835e-01 
  947.000  3.254304e-01 
  948.000  3.386450e-01 
  949.000  3.371914e-01 
  950.000  3.406695e-01 
  951.000  3.706070e-01 
  952.000  3.391419e-01 
  953.000  3.616596e-01 
  954.000  3.863140e-01 
  955.000  3.669082e-01 
  956.000  3.630595e-01 
  957.000  4.258618e-01 
  958.000  4.344954e-01 
  959.000  4.241254e-01 
  960.000  4.212597e-01 
  961.000  4.161240e-01 
  962.000  4.211191e-01 
  963.000  4.566450e-01 
  964.000  4.619319e-01 
  965.000  4.586683e-01 
  966.000  4.607821e-01 
  967.000  4.867417e-01 
  968.000  5.308813e-01 
  969.000  5.512098e-01 
  970.000  5.523751e-01 
  971.000  5.519091e-01 
  972.000  5.461248e-01 
  973.000  5.328586e-01 
  974.000  5.168551e-01 
  975.000  5.066509e-01 
  976.000  5.191454e-01 
  977.000  5.399807e-01 
  978.000  5.383499e-01 
  979.000  5.438582e-01 
  980.000  5.654125e-01 
  981.000  5.702595e-01 
  982.000  5.655094e-01 
  983.000  5.766863e-01 
  984.000  5.882361e-01 
  985.000  5.948322e-01 
  986.000  6.033627e-01 
  987.000  6.070814e-01 
  988.000  6.079448e-01 
  989.000  6.084971e-01 
  990.000  6.094030e-01 
  991.000  6.125852e-01 
  992.000  6.134870e-01 
  993.000  6.138223e-01 
  994.000  6.166933e-01 
  995.000  6.184740e-01 
  996.000  6.185175e-01 
  997.000  6.172246e-01 
  998.000  6.159214e-01 
  999.000  6.153825e-01 
 1000.000  6.158122e-01 
 1001.000  6.127613e-01 
 1002.000  6.078904e-01 
 1003.000  6.090404e-01 
 1004.000  6.118342e-01 
 1005.000  6.131092e-01 
 1006.000  6.135166e-01 
 1007.000  6.125805e-01 
 1008.000  6.086109e-01 
 1009.000  6.033154e-01 
 1010.000  6.056694e-01 
 1011.000  6.112968e-01 
 1012.000  6.134428e-01 
 1013.000  6.151327e-01 
 1014.000  6.158398e-01 
 1015.000  6.159739e-01 
 1016.000  6.167368e-01 
 1017.000  6.171784e-01 
 1018.000  6.162198e-01 
 1019.000  6.142577e-01 
 1020.000  6.149443e-01 
 1021.000  6.163561e-01 
 1022.000  6.139804e-01 
 1023.000  6.119949e-01 
 1024.000  6.108064e-01 
 1025.000  6.144456e-01 
 1026.000  6.160546e-01 
 1027.000  6.153712e-01 
 1028.000  6.159344e-01 
 1029.000  6.173881e-01 
 1030.000  6.188509e-01 
 1031.000  6.195985e-01 
 1032.000  6.201841e-01 
 1033.000  6.203617e-01 
 1034.000  6.207135e-01 
 1035.000  6.208842e-01 
 1036.000  6.207910e-01 
 1037.000  6.208410e-01 
 1038.000  6.209627e-01 
 1039.000  6.207348e-01 
 1040.000  6.205418e-01 
 1041.000  6.203895e-01 
 1042.000  6.203484e-01 
 1043.000  6.203476e-01 
 1044.000  6.202148e-01 
 1045.000  6.197852e-01 
 1046.000  6.194986e-01 
 1047.000  6.191612e-01 
 1048.000  6.187505e-01 
 1049.000  6.183683e-01 
 1050.000  6.179397e-01 
 1051.000  6.173263e-01 
 1052.000  6.169116e-01 
 1053.000  6.168336e-01 
 1054.000  6.161870e-01 
 1055.000  6.155818e-01 
 1056.000  6.150486e-01 
 1057.000  6.137093e-01 
 1058.000  6.112709e-01 
 1059.000  6.114172e-01 
 1060.000  6.126303e-01 
 1061.000  6.123220e-01 
 1062.000  6.107894e-01 
 1063.000  6.102321e-01 
 1064.000  6.089349e-01 
 1065.000  6.075295e-01 
 1066.000  6.076536e-01 
 1067.000  6.068107e-01 
 1068.000  6.037806e-01 
 1069.000  6.022931e-01 
 1070.000  6.027496e-01 
 1071.000  6.008055e-01 
 1072.000  5.988178e-01 
 1073.000  5.984359e-01 
 1074.000  5.987324e-01 
 1075.000  6.016768e-01 
 1076.000  5.998313e-01 
 1077.000  5.973582e-01 
 1078.000  5.944496e-01 
 1079.000  5.940669e-01 
 1080.000  5.863127e-01 
 1081.000  5.858709e-01 
 1082.000  5.892704e-01 
 1083.000  5.851507e-01 
 1084.000  5.806574e-01 
 1085.000  5.700055e-01 
 1086.000  5.724732e-01 
 1087.000  5.841743e-01 
 1088.000  5.846373e-01 
 1089.000  5.703620e-01 
 1090.000  5.676679e-01 
 1091.000  5.703406e-01 
 1092.000  5.632696e-01 
 1093.000  5.476128e-01 
 1094.000  5.408298e-01 
 1095.000  5.418873e-01 
 1096.000  5.428093e-01 
 1097.000  5.396345e-01 
 1098.000  5.022300e-01 
 1099.000  4.709286e-01 
 1100.000  4.729805e-01 
 1101.000  4.772079e-01 
 1102.000  4.750288e-01 
 1103.000  4.777766e-01 
 1104.000  4.725068e-01 
 1105.000  4.594417e-01 
 1106.000  4.464909e-01 
 1107.000  4.494963e-01 
 1108.000  4.515672e-01 
 1109.000  4.622716e-01 
 1110.000  4.604038e-01 
 1111.000  4.539840e-01 
 1112.000  4.267471e-01 
 1113.000  3.899878e-01 
 1114.000  3.793105e-01 
 1115.000  3.357565e-01 
 1116.000  3.097644e-01 
 1117.000  2.532963e-01 
 1118.000  2.043734e-01 
 1119.000  1.793906e-01 
 1120.000  1.505528e-01 
 1121.000  1.442785e-01 
 1122.000  1.172959e-01 
 1123.000  1.311110e-01 
 1124.000  1.407488e-01 
 1125.000  1.354937e-01 
 1126.000  1.335116e-01 
 1127.000  1.360336e-01 
 1128.000  1.409103e-01 
 1129.000  1.690409e-01 
 1130.000  2.398640e-01 
 1131.000  2.618156e-01 
 1132.000  2.316762e-01 
 1133.000  1.806662e-01 
 1134.000  9.969024e-02 
 1135.000  1.053586e-01 
 1136.000  1.885141e-01 
 1137.000  2.404658e-01 
 1138.000  2.952299e-01 
 1139.000  3.138400e-01 
 1140.000  3.030789e-01 
 1141.000  2.820949e-01 
 1142.000  2.745163e-01 
 1143.000  2.512893e-01 
 1144.000  2.261882e-01 
 1145.000  1.913954e-01 
 1146.000  1.994953e-01 
 1147.000  2.269831e-01 
 1148.000  2.523805e-01 
 1149.000  2.631843e-01 
 1150.000  2.644823e-01 
