  320.000  7.779206e-02 
  321.000  1.037416e-01 
  322.000  9.329225e-02 
  323.000  1.065899e-01 
  324.000  1.204410e-01 
  325.000  1.100729e-01 
  326.000  1.272365e-01 
  327.000  1.321588e-01 
  328.000  1.215994e-01 
  329.000  1.421001e-01 
  330.000  1.454371e-01 
  331.000  1.388571e-01 
  332.000  1.516444e-01 
  333.000  1.554367e-01 
  334.000  1.523209e-01 
  335.000  1.619244e-01 
  336.000  1.658642e-01 
  337.000  1.642003e-01 
  338.000  1.688392e-01 
  339.000  1.736675e-01 
  340.000  1.728712e-01 
  341.000  1.775923e-01 
  342.000  1.810691e-01 
  343.000  1.828230e-01 
  344.000  1.831820e-01 
  345.000  1.879429e-01 
  346.000  1.909676e-01 
  347.000  1.934444e-01 
  348.000  1.957728e-01 
  349.000  1.983979e-01 
  350.000  2.006498e-01 
  351.000  2.029000e-01 
  352.000  2.047514e-01 
  353.000  2.073923e-01 
  354.000  2.096482e-01 
  355.000  2.117537e-01 
  356.000  2.138111e-01 
  357.000  2.156468e-01 
  358.000  2.176270e-01 
  359.000  2.196103e-01 
  360.000  2.216466e-01 
  361.000  2.242266e-01 
  362.000  2.269219e-01 
  363.000  2.294122e-01 
  364.000  2.317106e-01 
  365.000  2.338723e-01 
  366.000  2.360883e-01 
  367.000  2.382036e-01 
  368.000  2.403047e-01 
  369.000  2.423926e-01 
  370.000  2.444639e-01 
  371.000  2.465236e-01 
  372.000  2.485709e-01 
  373.000  2.506054e-01 
  374.000  2.526115e-01 
  375.000  2.545832e-01 
  376.000  2.564916e-01 
  377.000  2.582989e-01 
  378.000  2.599806e-01 
  379.000  2.616924e-01 
  380.000  2.635784e-01 
  381.000  2.657297e-01 
  382.000  2.679640e-01 
  383.000  2.700813e-01 
  384.000  2.720937e-01 
  385.000  2.740364e-01 
  386.000  2.759327e-01 
  387.000  2.778016e-01 
  388.000  2.796499e-01 
  389.000  2.814858e-01 
  390.000  2.833100e-01 
  391.000  2.851184e-01 
  392.000  2.869161e-01 
  393.000  2.887018e-01 
  394.000  2.904735e-01 
  395.000  2.922298e-01 
  396.000  2.939772e-01 
  397.000  2.957069e-01 
  398.000  2.974230e-01 
  399.000  2.991270e-01 
  400.000  3.008096e-01 
  401.000  3.024881e-01 
  402.000  3.041553e-01 
  403.000  3.058103e-01 
  404.000  3.074528e-01 
  405.000  3.090793e-01 
  406.000  3.106970e-01 
  407.000  3.123040e-01 
  408.000  3.138990e-01 
  409.000  3.154801e-01 
  410.000  3.170481e-01 
  411.000  3.186024e-01 
  412.000  3.201417e-01 
  413.000  3.216740e-01 
  414.000  3.230979e-01 
  415.000  3.246399e-01 
  416.000  3.261641e-01 
  417.000  3.276645e-01 
  418.000  3.291320e-01 
  419.000  3.305848e-01 
  420.000  3.320259e-01 
  421.000  3.334600e-01 
  422.000  3.348866e-01 
  423.000  3.363040e-01 
  424.000  3.377061e-01 
  425.000  3.390773e-01 
  426.000  3.404365e-01 
  427.000  3.417850e-01 
  428.000  3.431107e-01 
  429.000  3.444191e-01 
  430.000  3.457135e-01 
  431.000  3.469993e-01 
  432.000  3.482727e-01 
  433.000  3.495353e-01 
  434.000  3.507882e-01 
  435.000  3.520299e-01 
  436.000  3.532587e-01 
  437.000  3.544752e-01 
  438.000  3.556788e-01 
  439.000  3.568740e-01 
  440.000  3.580510e-01 
  441.000  3.592139e-01 
  442.000  3.603592e-01 
  443.000  3.614882e-01 
  444.000  3.626001e-01 
  445.000  3.636889e-01 
  446.000  3.647483e-01 
  447.000  3.658600e-01 
  448.000  3.670529e-01 
  449.000  3.682613e-01 
  450.000  3.694473e-01 
  451.000  3.705879e-01 
  452.000  3.716892e-01 
  453.000  3.727688e-01 
  454.000  3.738295e-01 
  455.000  3.748294e-01 
  456.000  3.757491e-01 
  457.000  3.766695e-01 
  458.000  3.775781e-01 
  459.000  3.784679e-01 
  460.000  3.793511e-01 
  461.000  3.802254e-01 
  462.000  3.810836e-01 
  463.000  3.819385e-01 
  464.000  3.830521e-01 
  465.000  3.841497e-01 
  466.000  3.852287e-01 
  467.000  3.862834e-01 
  468.000  3.871430e-01 
  469.000  3.878837e-01 
  470.000  3.885651e-01 
  471.000  3.891788e-01 
  472.000  3.897001e-01 
  473.000  3.900655e-01 
  474.000  3.903657e-01 
  475.000  3.904428e-01 
  476.000  3.902942e-01 
  477.000  3.902911e-01 
  478.000  3.911598e-01 
  479.000  3.924830e-01 
  480.000  3.939124e-01 
  481.000  3.951957e-01 
  482.000  3.964001e-01 
  483.000  3.974479e-01 
  484.000  3.983489e-01 
  485.000  3.991551e-01 
  486.000  4.000153e-01 
  487.000  4.009213e-01 
  488.000  4.017986e-01 
  489.000  4.026602e-01 
  490.000  4.035120e-01 
  491.000  4.041793e-01 
  492.000  4.047895e-01 
  493.000  4.053969e-01 
  494.000  4.059874e-01 
  495.000  4.065779e-01 
  496.000  4.068823e-01 
  497.000  4.071752e-01 
  498.000  4.074638e-01 
  499.000  4.077370e-01 
  500.000  4.080058e-01 
  501.000  4.082448e-01 
  502.000  4.084839e-01 
  503.000  4.087200e-01 
  504.000  4.089453e-01 
  505.000  4.091583e-01 
  506.000  4.097823e-01 
  507.000  4.104246e-01 
  508.000  4.110663e-01 
  509.000  4.117007e-01 
  510.000  4.123218e-01 
  511.000  4.128788e-01 
  512.000  4.134169e-01 
  513.000  4.139520e-01 
  514.000  4.144806e-01 
  515.000  4.150047e-01 
  516.000  4.153792e-01 
  517.000  4.156193e-01 
  518.000  4.158529e-01 
  519.000  4.160820e-01 
  520.000  4.163090e-01 
  521.000  4.165123e-01 
  522.000  4.166590e-01 
  523.000  4.167648e-01 
  524.000  4.168741e-01 
  525.000  4.169602e-01 
  526.000  4.170811e-01 
  527.000  4.171005e-01 
  528.000  4.170789e-01 
  529.000  4.170561e-01 
  530.000  4.170383e-01 
  531.000  4.170238e-01 
  532.000  4.170564e-01 
  533.000  4.173512e-01 
  534.000  4.177234e-01 
  535.000  4.181437e-01 
  536.000  4.185501e-01 
  537.000  4.189219e-01 
  538.000  4.192544e-01 
  539.000  4.195625e-01 
  540.000  4.198517e-01 
  541.000  4.201323e-01 
  542.000  4.204008e-01 
  543.000  4.206598e-01 
  544.000  4.208557e-01 
  545.000  4.210000e-01 
  546.000  4.211377e-01 
  547.000  4.212793e-01 
  548.000  4.214137e-01 
  549.000  4.215461e-01 
  550.000  4.216104e-01 
  551.000  4.216070e-01 
  552.000  4.216062e-01 
  553.000  4.215915e-01 
  554.000  4.215703e-01 
  555.000  4.215454e-01 
  556.000  4.214950e-01 
  557.000  4.214002e-01 
  558.000  4.212977e-01 
  559.000  4.211833e-01 
  560.000  4.210400e-01 
  561.000  4.208700e-01 
  562.000  4.204866e-01 
  563.000  4.202751e-01 
  564.000  4.199924e-01 
  565.000  4.195520e-01 
  566.000  4.192847e-01 
  567.000  4.183139e-01 
  568.000  4.156468e-01 
  569.000  4.097461e-01 
  570.000  4.105350e-01 
  571.000  4.144247e-01 
  572.000  4.104590e-01 
  573.000  4.113925e-01 
  574.000  4.115765e-01 
  575.000  4.112752e-01 
  576.000  4.114485e-01 
  577.000  4.129043e-01 
  578.000  4.146815e-01 
  579.000  4.163423e-01 
  580.000  4.178592e-01 
  581.000  4.200441e-01 
  582.000  4.215316e-01 
  583.000  4.224603e-01 
  584.000  4.233246e-01 
  585.000  4.239373e-01 
  586.000  4.246050e-01 
  587.000  4.232309e-01 
  588.000  4.153418e-01 
  589.000  4.029044e-01 
  590.000  4.023017e-01 
  591.000  4.110792e-01 
  592.000  4.066739e-01 
  593.000  4.166888e-01 
  594.000  4.146658e-01 
  595.000  4.078983e-01 
  596.000  4.175688e-01 
  597.000  4.151646e-01 
  598.000  4.189755e-01 
  599.000  4.203967e-01 
  600.000  4.238307e-01 
  601.000  4.259449e-01 
  602.000  4.265085e-01 
  603.000  4.275875e-01 
  604.000  4.288327e-01 
  605.000  4.297559e-01 
  606.000  4.303988e-01 
  607.000  4.310191e-01 
  608.000  4.315988e-01 
  609.000  4.321524e-01 
  610.000  4.327237e-01 
  611.000  4.333583e-01 
  612.000  4.339800e-01 
  613.000  4.345826e-01 
  614.000  4.351676e-01 
  615.000  4.357512e-01 
  616.000  4.363136e-01 
  617.000  4.368450e-01 
  618.000  4.372906e-01 
  619.000  4.376676e-01 
  620.000  4.380168e-01 
  621.000  4.383168e-01 
  622.000  4.385676e-01 
  623.000  4.387353e-01 
  624.000  4.389136e-01 
  625.000  4.390619e-01 
  626.000  4.387091e-01 
  627.000  4.355205e-01 
  628.000  4.188900e-01 
  629.000  4.287004e-01 
  630.000  4.317244e-01 
  631.000  4.350705e-01 
  632.000  4.340593e-01 
  633.000  4.388943e-01 
  634.000  4.411309e-01 
  635.000  4.420896e-01 
  636.000  4.437190e-01 
  637.000  4.450429e-01 
  638.000  4.475308e-01 
  639.000  4.484975e-01 
  640.000  4.501835e-01 
  641.000  4.509509e-01 
  642.000  4.521937e-01 
  643.000  4.516766e-01 
  644.000  4.522682e-01 
  645.000  4.511976e-01 
  646.000  4.443986e-01 
  647.000  4.398118e-01 
  648.000  4.346510e-01 
  649.000  4.399489e-01 
  650.000  4.498212e-01 
  651.000  4.501933e-01 
  652.000  4.421967e-01 
  653.000  4.522072e-01 
  654.000  4.515226e-01 
  655.000  4.483770e-01 
  656.000  4.499817e-01 
  657.000  4.522603e-01 
  658.000  4.559472e-01 
  659.000  4.582586e-01 
  660.000  4.594817e-01 
  661.000  4.621670e-01 
  662.000  4.636640e-01 
  663.000  4.638523e-01 
  664.000  4.646224e-01 
  665.000  4.653745e-01 
  666.000  4.661692e-01 
  667.000  4.669480e-01 
  668.000  4.678442e-01 
  669.000  4.684710e-01 
  670.000  4.690200e-01 
  671.000  4.696016e-01 
  672.000  4.701158e-01 
  673.000  4.706199e-01 
  674.000  4.711193e-01 
  675.000  4.716199e-01 
  676.000  4.720885e-01 
  677.000  4.725198e-01 
  678.000  4.729528e-01 
  679.000  4.732973e-01 
  680.000  4.732583e-01 
  681.000  4.731441e-01 
  682.000  4.734442e-01 
  683.000  4.735827e-01 
  684.000  4.732047e-01 
  685.000  4.740157e-01 
  686.000  4.717472e-01 
  687.000  3.948891e-01 
  688.000  4.189238e-01 
  689.000  4.119694e-01 
  690.000  4.246120e-01 
  691.000  4.408364e-01 
  692.000  4.500444e-01 
  693.000  4.437278e-01 
  694.000  4.356110e-01 
  695.000  4.432097e-01 
  696.000  4.477115e-01 
  697.000  4.670537e-01 
  698.000  4.631062e-01 
  699.000  4.458499e-01 
  700.000  4.487522e-01 
  701.000  4.449674e-01 
  702.000  4.478557e-01 
  703.000  4.624248e-01 
  704.000  4.631278e-01 
  705.000  4.571970e-01 
  706.000  4.584287e-01 
  707.000  4.606365e-01 
  708.000  4.630232e-01 
  709.000  4.678490e-01 
  710.000  4.628287e-01 
  711.000  4.680659e-01 
  712.000  4.725440e-01 
  713.000  4.690303e-01 
  714.000  4.678623e-01 
  715.000  4.620998e-01 
  716.000  4.560699e-01 
  717.000  4.187269e-01 
  718.000  3.962326e-01 
  719.000  3.882192e-01 
  720.000  3.763861e-01 
  721.000  4.295127e-01 
  722.000  4.489902e-01 
  723.000  4.380306e-01 
  724.000  4.072681e-01 
  725.000  4.117644e-01 
  726.000  4.103755e-01 
  727.000  4.147391e-01 
  728.000  4.100700e-01 
  729.000  4.218454e-01 
  730.000  4.198743e-01 
  731.000  4.174876e-01 
  732.000  4.374954e-01 
  733.000  4.569871e-01 
  734.000  4.665005e-01 
  735.000  4.632037e-01 
  736.000  4.570264e-01 
  737.000  4.617313e-01 
  738.000  4.682093e-01 
  739.000  4.710234e-01 
  740.000  4.772535e-01 
  741.000  4.808730e-01 
  742.000  4.824083e-01 
  743.000  4.857576e-01 
  744.000  4.870834e-01 
  745.000  4.882557e-01 
  746.000  4.891914e-01 
  747.000  4.894508e-01 
  748.000  4.902942e-01 
  749.000  4.907912e-01 
  750.000  4.905437e-01 
  751.000  4.907251e-01 
  752.000  4.915650e-01 
  753.000  4.919265e-01 
  754.000  4.922093e-01 
  755.000  4.923897e-01 
  756.000  4.925795e-01 
  757.000  4.927105e-01 
  758.000  4.915923e-01 
  759.000  4.494943e-01 
  760.000  1.661087e-01 
  761.000  1.429354e-01 
  762.000  2.957573e-01 
  763.000  2.456371e-01 
  764.000  2.702115e-01 
  765.000  3.278880e-01 
  766.000  4.006650e-01 
  767.000  4.386172e-01 
  768.000  4.638645e-01 
  769.000  4.807136e-01 
  770.000  4.899455e-01 
  771.000  4.941769e-01 
  772.000  4.952659e-01 
  773.000  4.957478e-01 
  774.000  4.963858e-01 
  775.000  4.968039e-01 
  776.000  4.971071e-01 
  777.000  4.971845e-01 
  778.000  4.971551e-01 
  779.000  4.971166e-01 
  780.000  4.970761e-01 
  781.000  4.974661e-01 
  782.000  4.974133e-01 
  783.000  4.973738e-01 
  784.000  4.970520e-01 
  785.000  4.957651e-01 
  786.000  4.937843e-01 
  787.000  4.890904e-01 
  788.000  4.866293e-01 
  789.000  4.778755e-01 
  790.000  4.771271e-01 
  791.000  4.787825e-01 
  792.000  4.803209e-01 
  793.000  4.838983e-01 
  794.000  4.914941e-01 
  795.000  4.868598e-01 
  796.000  4.745818e-01 
  797.000  4.780896e-01 
  798.000  4.858657e-01 
  799.000  4.840991e-01 
  800.000  4.784534e-01 
  801.000  4.791322e-01 
  802.000  4.785695e-01 
  803.000  4.794044e-01 
  804.000  4.820744e-01 
  805.000  4.871866e-01 
  806.000  4.902515e-01 
  807.000  4.903951e-01 
  808.000  4.886664e-01 
  809.000  4.865393e-01 
  810.000  4.842037e-01 
  811.000  4.794255e-01 
  812.000  4.730058e-01 
  813.000  4.651818e-01 
  814.000  4.549240e-01 
  815.000  4.422493e-01 
  816.000  4.262861e-01 
  817.000  4.271164e-01 
  818.000  4.284033e-01 
  819.000  4.336885e-01 
  820.000  4.513909e-01 
  821.000  4.718481e-01 
  822.000  4.562722e-01 
  823.000  4.138114e-01 
  824.000  4.495277e-01 
  825.000  4.730593e-01 
  826.000  4.690898e-01 
  827.000  4.661085e-01 
  828.000  4.506528e-01 
  829.000  4.561966e-01 
  830.000  4.624549e-01 
  831.000  4.639509e-01 
  832.000  4.646559e-01 
  833.000  4.683019e-01 
  834.000  4.726097e-01 
  835.000  4.811623e-01 
  836.000  4.784396e-01 
  837.000  4.781768e-01 
  838.000  4.823434e-01 
  839.000  4.848868e-01 
  840.000  4.858144e-01 
  841.000  4.830823e-01 
  842.000  4.855539e-01 
  843.000  4.914272e-01 
  844.000  4.941077e-01 
  845.000  4.953609e-01 
  846.000  4.966794e-01 
  847.000  4.981315e-01 
  848.000  4.957502e-01 
  849.000  4.960589e-01 
  850.000  4.948841e-01 
  851.000  4.934859e-01 
  852.000  4.936306e-01 
  853.000  4.959551e-01 
  854.000  4.958382e-01 
  855.000  4.970119e-01 
  856.000  4.994481e-01 
  857.000  5.002862e-01 
  858.000  5.008603e-01 
  859.000  5.020189e-01 
  860.000  5.025913e-01 
  861.000  5.027032e-01 
  862.000  5.030969e-01 
  863.000  5.031491e-01 
  864.000  5.034195e-01 
  865.000  5.036408e-01 
  866.000  5.037003e-01 
  867.000  5.036612e-01 
  868.000  5.036966e-01 
  869.000  5.037708e-01 
  870.000  5.037178e-01 
  871.000  5.037880e-01 
  872.000  5.039584e-01 
  873.000  5.037899e-01 
  874.000  5.036990e-01 
  875.000  5.036782e-01 
  876.000  5.033837e-01 
  877.000  5.032975e-01 
  878.000  5.025793e-01 
  879.000  5.025309e-01 
  880.000  5.019125e-01 
  881.000  5.015322e-01 
  882.000  5.011668e-01 
  883.000  5.015365e-01 
  884.000  5.016865e-01 
  885.000  5.003937e-01 
  886.000  4.987833e-01 
  887.000  5.001903e-01 
  888.000  5.001099e-01 
  889.000  5.003248e-01 
  890.000  4.994573e-01 
  891.000  4.972437e-01 
  892.000  4.925793e-01 
  893.000  4.785429e-01 
  894.000  4.715447e-01 
  895.000  4.506095e-01 
  896.000  4.320091e-01 
  897.000  4.126235e-01 
  898.000  4.036485e-01 
  899.000  3.790337e-01 
  900.000  3.824644e-01 
  901.000  3.761743e-01 
  902.000  3.774635e-01 
  903.000  4.190000e-01 
  904.000  4.450995e-01 
  905.000  4.442369e-01 
  906.000  4.279073e-01 
  907.000  3.995315e-01 
  908.000  3.811746e-01 
  909.000  3.818911e-01 
  910.000  3.846146e-01 
  911.000  3.967681e-01 
  912.000  3.908855e-01 
  913.000  3.656525e-01 
  914.000  3.780844e-01 
  915.000  3.880279e-01 
  916.000  3.907857e-01 
  917.000  3.962895e-01 
  918.000  4.034153e-01 
  919.000  4.277840e-01 
  920.000  4.465851e-01 
  921.000  4.425129e-01 
  922.000  4.421846e-01 
  923.000  4.369570e-01 
  924.000  4.244581e-01 
  925.000  4.232848e-01 
  926.000  4.226058e-01 
  927.000  4.078670e-01 
  928.000  3.855678e-01 
  929.000  3.541855e-01 
  930.000  3.157221e-01 
  931.000  2.747120e-01 
  932.000  2.233425e-01 
  933.000  1.883221e-01 
  934.000  1.549700e-01 
  935.000  1.513469e-01 
  936.000  1.638245e-01 
  937.000  1.608390e-01 
  938.000  1.989544e-01 
  939.000  3.084212e-01 
  940.000  3.262677e-01 
  941.000  3.113224e-01 
  942.000  2.752273e-01 
  943.000  2.184711e-01 
  944.000  2.145067e-01 
  945.000  2.340712e-01 
  946.000  2.353959e-01 
  947.000  2.539403e-01 
  948.000  2.649911e-01 
  949.000  2.638205e-01 
  950.000  2.667461e-01 
  951.000  2.918631e-01 
  952.000  2.655527e-01 
  953.000  2.844576e-01 
  954.000  3.052565e-01 
  955.000  2.889800e-01 
  956.000  2.858381e-01 
  957.000  3.389408e-01 
  958.000  3.463389e-01 
  959.000  3.375776e-01 
  960.000  3.351843e-01 
  961.000  3.308582e-01 
  962.000  3.351269e-01 
  963.000  3.653962e-01 
  964.000  3.699380e-01 
  965.000  3.671818e-01 
  966.000  3.690191e-01 
  967.000  3.912677e-01 
  968.000  4.292701e-01 
  969.000  4.468575e-01 
  970.000  4.478818e-01 
  971.000  4.474852e-01 
  972.000  4.424820e-01 
  973.000  4.310220e-01 
  974.000  4.172285e-01 
  975.000  4.084513e-01 
  976.000  4.192090e-01 
  977.000  4.371878e-01 
  978.000  4.357949e-01 
  979.000  4.405718e-01 
  980.000  4.592375e-01 
  981.000  4.634518e-01 
  982.000  4.593508e-01 
  983.000  4.690567e-01 
  984.000  4.790969e-01 
  985.000  4.848403e-01 
  986.000  4.922717e-01 
  987.000  4.955187e-01 
  988.000  4.962784e-01 
  989.000  4.967660e-01 
  990.000  4.975604e-01 
  991.000  5.003376e-01 
  992.000  5.011274e-01 
  993.000  5.014237e-01 
  994.000  5.039294e-01 
  995.000  5.054078e-01 
  996.000  5.053903e-01 
  997.000  5.043344e-01 
  998.000  5.032697e-01 
  999.000  5.028028e-01 
 1000.000  5.031802e-01 
 1001.000  5.005243e-01 
 1002.000  4.962844e-01 
 1003.000  4.972888e-01 
 1004.000  4.997255e-01 
 1005.000  5.008394e-01 
 1006.000  5.011919e-01 
 1007.000  5.003786e-01 
 1008.000  4.969226e-01 
 1009.000  4.923129e-01 
 1010.000  4.943638e-01 
 1011.000  4.992653e-01 
 1012.000  5.011364e-01 
 1013.000  5.026088e-01 
 1014.000  5.032257e-01 
 1015.000  5.033417e-01 
 1016.000  5.040064e-01 
 1017.000  5.041674e-01 
 1018.000  5.035545e-01 
 1019.000  5.018442e-01 
 1020.000  5.024410e-01 
 1021.000  5.036705e-01 
 1022.000  5.015966e-01 
 1023.000  4.998630e-01 
 1024.000  4.988237e-01 
 1025.000  5.019920e-01 
 1026.000  5.033892e-01 
 1027.000  5.027899e-01 
 1028.000  5.032741e-01 
 1029.000  5.044711e-01 
 1030.000  5.057367e-01 
 1031.000  5.063745e-01 
 1032.000  5.068733e-01 
 1033.000  5.070301e-01 
 1034.000  5.073279e-01 
 1035.000  5.074672e-01 
 1036.000  5.073664e-01 
 1037.000  5.074037e-01 
 1038.000  5.075182e-01 
 1039.000  5.072982e-01 
 1040.000  5.071092e-01 
 1041.000  5.069596e-01 
 1042.000  5.069174e-01 
 1043.000  5.069126e-01 
 1044.000  5.067797e-01 
 1045.000  5.063626e-01 
 1046.000  5.060824e-01 
 1047.000  5.057505e-01 
 1048.000  5.053351e-01 
 1049.000  5.049478e-01 
 1050.000  5.045414e-01 
 1051.000  5.039334e-01 
 1052.000  5.035796e-01 
 1053.000  5.034680e-01 
 1054.000  5.028519e-01 
 1055.000  5.022246e-01 
 1056.000  5.016981e-01 
 1057.000  5.005470e-01 
 1058.000  4.983565e-01 
 1059.000  4.984395e-01 
 1060.000  4.994513e-01 
 1061.000  4.991486e-01 
 1062.000  4.977715e-01 
 1063.000  4.972464e-01 
 1064.000  4.960834e-01 
 1065.000  4.949256e-01 
 1066.000  4.948091e-01 
 1067.000  4.943120e-01 
 1068.000  4.917164e-01 
 1069.000  4.905152e-01 
 1070.000  4.909876e-01 
 1071.000  4.893705e-01 
 1072.000  4.877011e-01 
 1073.000  4.874282e-01 
 1074.000  4.877460e-01 
 1075.000  4.903603e-01 
 1076.000  4.888087e-01 
 1077.000  4.867082e-01 
 1078.000  4.842262e-01 
 1079.000  4.839373e-01 
 1080.000  4.772385e-01 
 1081.000  4.768890e-01 
 1082.000  4.798700e-01 
 1083.000  4.763226e-01 
 1084.000  4.724482e-01 
 1085.000  4.632373e-01 
 1086.000  4.653974e-01 
 1087.000  4.755638e-01 
 1088.000  4.759883e-01 
 1089.000  4.636207e-01 
 1090.000  4.613012e-01 
 1091.000  4.636300e-01 
 1092.000  4.575179e-01 
 1093.000  4.439775e-01 
 1094.000  4.381260e-01 
 1095.000  4.390437e-01 
 1096.000  4.398345e-01 
 1097.000  4.370921e-01 
 1098.000  4.048613e-01 
 1099.000  3.780130e-01 
 1100.000  3.797705e-01 
 1101.000  3.833872e-01 
 1102.000  3.815146e-01 
 1103.000  3.838540e-01 
 1104.000  3.793243e-01 
 1105.000  3.681365e-01 
 1106.000  3.570898e-01 
 1107.000  3.596241e-01 
 1108.000  3.613466e-01 
 1109.000  3.704191e-01 
 1110.000  3.687340e-01 
 1111.000  3.632080e-01 
 1112.000  3.399529e-01 
 1113.000  3.086573e-01 
 1114.000  2.994473e-01 
 1115.000  2.626877e-01 
 1116.000  2.409331e-01 
 1117.000  1.942950e-01 
 1118.000  1.543630e-01 
 1119.000  1.341345e-01 
 1120.000  1.111369e-01 
 1121.000  1.061543e-01 
 1122.000  8.508135e-02 
 1123.000  9.573936e-02 
 1124.000  1.032288e-01 
 1125.000  9.912267e-02 
 1126.000  9.759209e-02 
 1127.000  9.960301e-02 
 1128.000  1.034861e-01 
 1129.000  1.257217e-01 
 1130.000  1.825728e-01 
 1131.000  2.004418e-01 
 1132.000  1.758898e-01 
 1133.000  1.349681e-01 
 1134.000  7.163399e-02 
 1135.000  7.599727e-02 
 1136.000  1.413317e-01 
 1137.000  1.832477e-01 
 1138.000  2.282245e-01 
 1139.000  2.438602e-01 
 1140.000  2.349577e-01 
 1141.000  2.177450e-01 
 1142.000  2.114930e-01 
 1143.000  1.924296e-01 
 1144.000  1.720075e-01 
 1145.000  1.439350e-01 
 1146.000  1.504464e-01 
 1147.000  1.726657e-01 
 1148.000  1.933635e-01 
 1149.000  2.022594e-01 
 1150.000  2.034468e-01 
