  320.000  9.041744e-02 
  321.000  1.188025e-01 
  322.000  1.074224e-01 
  323.000  1.218940e-01 
  324.000  1.368693e-01 
  325.000  1.256687e-01 
  326.000  1.441832e-01 
  327.000  1.494683e-01 
  328.000  1.381174e-01 
  329.000  1.601120e-01 
  330.000  1.636760e-01 
  331.000  1.566442e-01 
  332.000  1.702945e-01 
  333.000  1.743311e-01 
  334.000  1.710149e-01 
  335.000  1.812250e-01 
  336.000  1.854044e-01 
  337.000  1.836400e-01 
  338.000  1.885571e-01 
  339.000  1.936677e-01 
  340.000  1.928253e-01 
  341.000  1.978164e-01 
  342.000  2.014877e-01 
  343.000  2.033383e-01 
  344.000  2.037170e-01 
  345.000  2.087353e-01 
  346.000  2.119202e-01 
  347.000  2.145262e-01 
  348.000  2.169745e-01 
  349.000  2.197329e-01 
  350.000  2.220978e-01 
  351.000  2.244594e-01 
  352.000  2.264015e-01 
  353.000  2.291702e-01 
  354.000  2.315339e-01 
  355.000  2.337388e-01 
  356.000  2.358921e-01 
  357.000  2.378126e-01 
  358.000  2.398833e-01 
  359.000  2.419562e-01 
  360.000  2.440836e-01 
  361.000  2.467775e-01 
  362.000  2.495901e-01 
  363.000  2.521873e-01 
  364.000  2.545830e-01 
  365.000  2.568351e-01 
  366.000  2.591427e-01 
  367.000  2.613443e-01 
  368.000  2.635302e-01 
  369.000  2.657015e-01 
  370.000  2.678543e-01 
  371.000  2.699943e-01 
  372.000  2.721206e-01 
  373.000  2.742326e-01 
  374.000  2.763143e-01 
  375.000  2.783593e-01 
  376.000  2.803380e-01 
  377.000  2.822112e-01 
  378.000  2.839536e-01 
  379.000  2.857265e-01 
  380.000  2.876793e-01 
  381.000  2.899058e-01 
  382.000  2.922172e-01 
  383.000  2.944066e-01 
  384.000  2.964869e-01 
  385.000  2.984942e-01 
  386.000  3.004529e-01 
  387.000  3.023827e-01 
  388.000  3.042904e-01 
  389.000  3.061849e-01 
  390.000  3.080665e-01 
  391.000  3.099313e-01 
  392.000  3.117844e-01 
  393.000  3.136246e-01 
  394.000  3.154497e-01 
  395.000  3.172584e-01 
  396.000  3.190575e-01 
  397.000  3.208376e-01 
  398.000  3.226034e-01 
  399.000  3.243561e-01 
  400.000  3.260864e-01 
  401.000  3.278118e-01 
  402.000  3.295252e-01 
  403.000  3.312256e-01 
  404.000  3.329127e-01 
  405.000  3.345829e-01 
  406.000  3.362436e-01 
  407.000  3.378928e-01 
  408.000  3.395293e-01 
  409.000  3.411512e-01 
  410.000  3.427591e-01 
  411.000  3.443526e-01 
  412.000  3.459305e-01 
  413.000  3.475007e-01 
  414.000  3.489594e-01 
  415.000  3.505388e-01 
  416.000  3.520995e-01 
  417.000  3.536355e-01 
  418.000  3.551376e-01 
  419.000  3.566242e-01 
  420.000  3.580986e-01 
  421.000  3.595653e-01 
  422.000  3.610242e-01 
  423.000  3.624733e-01 
  424.000  3.639064e-01 
  425.000  3.653077e-01 
  426.000  3.666964e-01 
  427.000  3.680739e-01 
  428.000  3.694279e-01 
  429.000  3.707639e-01 
  430.000  3.720853e-01 
  431.000  3.733977e-01 
  432.000  3.746973e-01 
  433.000  3.759855e-01 
  434.000  3.772636e-01 
  435.000  3.785301e-01 
  436.000  3.797832e-01 
  437.000  3.810235e-01 
  438.000  3.822505e-01 
  439.000  3.834687e-01 
  440.000  3.846681e-01 
  441.000  3.858529e-01 
  442.000  3.870197e-01 
  443.000  3.881696e-01 
  444.000  3.893019e-01 
  445.000  3.904106e-01 
  446.000  3.914891e-01 
  447.000  3.926207e-01 
  448.000  3.938348e-01 
  449.000  3.950644e-01 
  450.000  3.962711e-01 
  451.000  3.974313e-01 
  452.000  3.985514e-01 
  453.000  3.996492e-01 
  454.000  4.007278e-01 
  455.000  4.017442e-01 
  456.000  4.026791e-01 
  457.000  4.036146e-01 
  458.000  4.045380e-01 
  459.000  4.054421e-01 
  460.000  4.063395e-01 
  461.000  4.072277e-01 
  462.000  4.080993e-01 
  463.000  4.089676e-01 
  464.000  4.100984e-01 
  465.000  4.112129e-01 
  466.000  4.123083e-01 
  467.000  4.133789e-01 
  468.000  4.142513e-01 
  469.000  4.150030e-01 
  470.000  4.156944e-01 
  471.000  4.163171e-01 
  472.000  4.168459e-01 
  473.000  4.172167e-01 
  474.000  4.175212e-01 
  475.000  4.175994e-01 
  476.000  4.174486e-01 
  477.000  4.174455e-01 
  478.000  4.183267e-01 
  479.000  4.196688e-01 
  480.000  4.211183e-01 
  481.000  4.224193e-01 
  482.000  4.236403e-01 
  483.000  4.247023e-01 
  484.000  4.256154e-01 
  485.000  4.264323e-01 
  486.000  4.273039e-01 
  487.000  4.282217e-01 
  488.000  4.291104e-01 
  489.000  4.299831e-01 
  490.000  4.308458e-01 
  491.000  4.315215e-01 
  492.000  4.321394e-01 
  493.000  4.327544e-01 
  494.000  4.333522e-01 
  495.000  4.339500e-01 
  496.000  4.342582e-01 
  497.000  4.345547e-01 
  498.000  4.348468e-01 
  499.000  4.351233e-01 
  500.000  4.353954e-01 
  501.000  4.356373e-01 
  502.000  4.358793e-01 
  503.000  4.361182e-01 
  504.000  4.363462e-01 
  505.000  4.365618e-01 
  506.000  4.371932e-01 
  507.000  4.378432e-01 
  508.000  4.384923e-01 
  509.000  4.391342e-01 
  510.000  4.397625e-01 
  511.000  4.403259e-01 
  512.000  4.408702e-01 
  513.000  4.414114e-01 
  514.000  4.419460e-01 
  515.000  4.424760e-01 
  516.000  4.428547e-01 
  517.000  4.430975e-01 
  518.000  4.433337e-01 
  519.000  4.435654e-01 
  520.000  4.437948e-01 
  521.000  4.440005e-01 
  522.000  4.441487e-01 
  523.000  4.442557e-01 
  524.000  4.443662e-01 
  525.000  4.444532e-01 
  526.000  4.445754e-01 
  527.000  4.445951e-01 
  528.000  4.445732e-01 
  529.000  4.445502e-01 
  530.000  4.445322e-01 
  531.000  4.445175e-01 
  532.000  4.445505e-01 
  533.000  4.448485e-01 
  534.000  4.452249e-01 
  535.000  4.456497e-01 
  536.000  4.460604e-01 
  537.000  4.464362e-01 
  538.000  4.467723e-01 
  539.000  4.470838e-01 
  540.000  4.473760e-01 
  541.000  4.476596e-01 
  542.000  4.479310e-01 
  543.000  4.481927e-01 
  544.000  4.483906e-01 
  545.000  4.485365e-01 
  546.000  4.486756e-01 
  547.000  4.488187e-01 
  548.000  4.489545e-01 
  549.000  4.490883e-01 
  550.000  4.491532e-01 
  551.000  4.491498e-01 
  552.000  4.491490e-01 
  553.000  4.491341e-01 
  554.000  4.491127e-01 
  555.000  4.490876e-01 
  556.000  4.490366e-01 
  557.000  4.489408e-01 
  558.000  4.488373e-01 
  559.000  4.487217e-01 
  560.000  4.485771e-01 
  561.000  4.484057e-01 
  562.000  4.480731e-01 
  563.000  4.478641e-01 
  564.000  4.475922e-01 
  565.000  4.471862e-01 
  566.000  4.468909e-01 
  567.000  4.460358e-01 
  568.000  4.438399e-01 
  569.000  4.394284e-01 
  570.000  4.398973e-01 
  571.000  4.426129e-01 
  572.000  4.395638e-01 
  573.000  4.401217e-01 
  574.000  4.401510e-01 
  575.000  4.398621e-01 
  576.000  4.400291e-01 
  577.000  4.410841e-01 
  578.000  4.426139e-01 
  579.000  4.441215e-01 
  580.000  4.456704e-01 
  581.000  4.477916e-01 
  582.000  4.493026e-01 
  583.000  4.503294e-01 
  584.000  4.512767e-01 
  585.000  4.519906e-01 
  586.000  4.527326e-01 
  587.000  4.519646e-01 
  588.000  4.462821e-01 
  589.000  4.370648e-01 
  590.000  4.367121e-01 
  591.000  4.434256e-01 
  592.000  4.401923e-01 
  593.000  4.478008e-01 
  594.000  4.463633e-01 
  595.000  4.413442e-01 
  596.000  4.485544e-01 
  597.000  4.466604e-01 
  598.000  4.494221e-01 
  599.000  4.503894e-01 
  600.000  4.528539e-01 
  601.000  4.542841e-01 
  602.000  4.546679e-01 
  603.000  4.554752e-01 
  604.000  4.566000e-01 
  605.000  4.574358e-01 
  606.000  4.580592e-01 
  607.000  4.586620e-01 
  608.000  4.592428e-01 
  609.000  4.597987e-01 
  610.000  4.603749e-01 
  611.000  4.610151e-01 
  612.000  4.616424e-01 
  613.000  4.622503e-01 
  614.000  4.628404e-01 
  615.000  4.634291e-01 
  616.000  4.639964e-01 
  617.000  4.645323e-01 
  618.000  4.649817e-01 
  619.000  4.653620e-01 
  620.000  4.657141e-01 
  621.000  4.660166e-01 
  622.000  4.662695e-01 
  623.000  4.664387e-01 
  624.000  4.666188e-01 
  625.000  4.667693e-01 
  626.000  4.665578e-01 
  627.000  4.639091e-01 
  628.000  4.466784e-01 
  629.000  4.574127e-01 
  630.000  4.596980e-01 
  631.000  4.631342e-01 
  632.000  4.631681e-01 
  633.000  4.672071e-01 
  634.000  4.694759e-01 
  635.000  4.706599e-01 
  636.000  4.721746e-01 
  637.000  4.735022e-01 
  638.000  4.757262e-01 
  639.000  4.766979e-01 
  640.000  4.782469e-01 
  641.000  4.791510e-01 
  642.000  4.802624e-01 
  643.000  4.800809e-01 
  644.000  4.807208e-01 
  645.000  4.800049e-01 
  646.000  4.752816e-01 
  647.000  4.720286e-01 
  648.000  4.683197e-01 
  649.000  4.724666e-01 
  650.000  4.800012e-01 
  651.000  4.804181e-01 
  652.000  4.745687e-01 
  653.000  4.821951e-01 
  654.000  4.818182e-01 
  655.000  4.796040e-01 
  656.000  4.809380e-01 
  657.000  4.827610e-01 
  658.000  4.856376e-01 
  659.000  4.874890e-01 
  660.000  4.883709e-01 
  661.000  4.906736e-01 
  662.000  4.918658e-01 
  663.000  4.921421e-01 
  664.000  4.928396e-01 
  665.000  4.935372e-01 
  666.000  4.943075e-01 
  667.000  4.950137e-01 
  668.000  4.958080e-01 
  669.000  4.964058e-01 
  670.000  4.969464e-01 
  671.000  4.975103e-01 
  672.000  4.980246e-01 
  673.000  4.985310e-01 
  674.000  4.990335e-01 
  675.000  4.995364e-01 
  676.000  5.000100e-01 
  677.000  5.004454e-01 
  678.000  5.008815e-01 
  679.000  5.012515e-01 
  680.000  5.013361e-01 
  681.000  5.013133e-01 
  682.000  5.016366e-01 
  683.000  5.018510e-01 
  684.000  5.016646e-01 
  685.000  5.023757e-01 
  686.000  5.001474e-01 
  687.000  4.206326e-01 
  688.000  4.453217e-01 
  689.000  4.383756e-01 
  690.000  4.513193e-01 
  691.000  4.686552e-01 
  692.000  4.796197e-01 
  693.000  4.773714e-01 
  694.000  4.727243e-01 
  695.000  4.793139e-01 
  696.000  4.831182e-01 
  697.000  4.981741e-01 
  698.000  4.952659e-01 
  699.000  4.820652e-01 
  700.000  4.843932e-01 
  701.000  4.815325e-01 
  702.000  4.838318e-01 
  703.000  4.951141e-01 
  704.000  4.957125e-01 
  705.000  4.912064e-01 
  706.000  4.922034e-01 
  707.000  4.939508e-01 
  708.000  4.958322e-01 
  709.000  4.995812e-01 
  710.000  4.957882e-01 
  711.000  4.998550e-01 
  712.000  5.033333e-01 
  713.000  5.007110e-01 
  714.000  4.998890e-01 
  715.000  4.955697e-01 
  716.000  4.910810e-01 
  717.000  4.621274e-01 
  718.000  4.444054e-01 
  719.000  4.380909e-01 
  720.000  4.285062e-01 
  721.000  4.709694e-01 
  722.000  4.861904e-01 
  723.000  4.777212e-01 
  724.000  4.535382e-01 
  725.000  4.571979e-01 
  726.000  4.561136e-01 
  727.000  4.596003e-01 
  728.000  4.559050e-01 
  729.000  4.652492e-01 
  730.000  4.636813e-01 
  731.000  4.617768e-01 
  732.000  4.775349e-01 
  733.000  4.926614e-01 
  734.000  4.999801e-01 
  735.000  4.974653e-01 
  736.000  4.927251e-01 
  737.000  4.963719e-01 
  738.000  5.013717e-01 
  739.000  5.035471e-01 
  740.000  5.083265e-01 
  741.000  5.111053e-01 
  742.000  5.122953e-01 
  743.000  5.147393e-01 
  744.000  5.159130e-01 
  745.000  5.168304e-01 
  746.000  5.175669e-01 
  747.000  5.177408e-01 
  748.000  5.184879e-01 
  749.000  5.189055e-01 
  750.000  5.187289e-01 
  751.000  5.189116e-01 
  752.000  5.196247e-01 
  753.000  5.199409e-01 
  754.000  5.201984e-01 
  755.000  5.203799e-01 
  756.000  5.205681e-01 
  757.000  5.206993e-01 
  758.000  5.195683e-01 
  759.000  4.762949e-01 
  760.000  1.812055e-01 
  761.000  1.566103e-01 
  762.000  3.172398e-01 
  763.000  2.649091e-01 
  764.000  2.906000e-01 
  765.000  3.506352e-01 
  766.000  4.259561e-01 
  767.000  4.650681e-01 
  768.000  4.910300e-01 
  769.000  5.083314e-01 
  770.000  5.177687e-01 
  771.000  5.221279e-01 
  772.000  5.232427e-01 
  773.000  5.237416e-01 
  774.000  5.244093e-01 
  775.000  5.248260e-01 
  776.000  5.251227e-01 
  777.000  5.252224e-01 
  778.000  5.252318e-01 
  779.000  5.252281e-01 
  780.000  5.252208e-01 
  781.000  5.255361e-01 
  782.000  5.255195e-01 
  783.000  5.255127e-01 
  784.000  5.252951e-01 
  785.000  5.242702e-01 
  786.000  5.226802e-01 
  787.000  5.192363e-01 
  788.000  5.173675e-01 
  789.000  5.106261e-01 
  790.000  5.100716e-01 
  791.000  5.113760e-01 
  792.000  5.125837e-01 
  793.000  5.153649e-01 
  794.000  5.212384e-01 
  795.000  5.176893e-01 
  796.000  5.082051e-01 
  797.000  5.109472e-01 
  798.000  5.169808e-01 
  799.000  5.156336e-01 
  800.000  5.112838e-01 
  801.000  5.118287e-01 
  802.000  5.114105e-01 
  803.000  5.120739e-01 
  804.000  5.141537e-01 
  805.000  5.181185e-01 
  806.000  5.204953e-01 
  807.000  5.206230e-01 
  808.000  5.193115e-01 
  809.000  5.176943e-01 
  810.000  5.159204e-01 
  811.000  5.122584e-01 
  812.000  5.073253e-01 
  813.000  5.012832e-01 
  814.000  4.933150e-01 
  815.000  4.834151e-01 
  816.000  4.707420e-01 
  817.000  4.714636e-01 
  818.000  4.725150e-01 
  819.000  4.767151e-01 
  820.000  4.907300e-01 
  821.000  5.067735e-01 
  822.000  4.945996e-01 
  823.000  4.607681e-01 
  824.000  4.892972e-01 
  825.000  5.077455e-01 
  826.000  5.046174e-01 
  827.000  5.023043e-01 
  828.000  4.901897e-01 
  829.000  4.945728e-01 
  830.000  4.994876e-01 
  831.000  5.006572e-01 
  832.000  5.011831e-01 
  833.000  5.040287e-01 
  834.000  5.073780e-01 
  835.000  5.140100e-01 
  836.000  5.119008e-01 
  837.000  5.116943e-01 
  838.000  5.149336e-01 
  839.000  5.169073e-01 
  840.000  5.176360e-01 
  841.000  5.155326e-01 
  842.000  5.174550e-01 
  843.000  5.219991e-01 
  844.000  5.240707e-01 
  845.000  5.250460e-01 
  846.000  5.260708e-01 
  847.000  5.270581e-01 
  848.000  5.253842e-01 
  849.000  5.256367e-01 
  850.000  5.247484e-01 
  851.000  5.236864e-01 
  852.000  5.238115e-01 
  853.000  5.256127e-01 
  854.000  5.255334e-01 
  855.000  5.264474e-01 
  856.000  5.281448e-01 
  857.000  5.289257e-01 
  858.000  5.293885e-01 
  859.000  5.302909e-01 
  860.000  5.308008e-01 
  861.000  5.308985e-01 
  862.000  5.312071e-01 
  863.000  5.312600e-01 
  864.000  5.314764e-01 
  865.000  5.316559e-01 
  866.000  5.317141e-01 
  867.000  5.316976e-01 
  868.000  5.317377e-01 
  869.000  5.318069e-01 
  870.000  5.317798e-01 
  871.000  5.318459e-01 
  872.000  5.319880e-01 
  873.000  5.318732e-01 
  874.000  5.318171e-01 
  875.000  5.318143e-01 
  876.000  5.316039e-01 
  877.000  5.315035e-01 
  878.000  5.309391e-01 
  879.000  5.309107e-01 
  880.000  5.304417e-01 
  881.000  5.301494e-01 
  882.000  5.299576e-01 
  883.000  5.302550e-01 
  884.000  5.303062e-01 
  885.000  5.293105e-01 
  886.000  5.279319e-01 
  887.000  5.290868e-01 
  888.000  5.290343e-01 
  889.000  5.294010e-01 
  890.000  5.285488e-01 
  891.000  5.270409e-01 
  892.000  5.234579e-01 
  893.000  5.125538e-01 
  894.000  5.071297e-01 
  895.000  4.906022e-01 
  896.000  4.758205e-01 
  897.000  4.602772e-01 
  898.000  4.530290e-01 
  899.000  4.326582e-01 
  900.000  4.355930e-01 
  901.000  4.303209e-01 
  902.000  4.313203e-01 
  903.000  4.656095e-01 
  904.000  4.866741e-01 
  905.000  4.859305e-01 
  906.000  4.727731e-01 
  907.000  4.495921e-01 
  908.000  4.343813e-01 
  909.000  4.350281e-01 
  910.000  4.373234e-01 
  911.000  4.474333e-01 
  912.000  4.425510e-01 
  913.000  4.213739e-01 
  914.000  4.318468e-01 
  915.000  4.401253e-01 
  916.000  4.423844e-01 
  917.000  4.469006e-01 
  918.000  4.527396e-01 
  919.000  4.726107e-01 
  920.000  4.876921e-01 
  921.000  4.843912e-01 
  922.000  4.841208e-01 
  923.000  4.799273e-01 
  924.000  4.698472e-01 
  925.000  4.689999e-01 
  926.000  4.687092e-01 
  927.000  4.569217e-01 
  928.000  4.388494e-01 
  929.000  4.129004e-01 
  930.000  3.801678e-01 
  931.000  3.439657e-01 
  932.000  2.970854e-01 
  933.000  2.627814e-01 
  934.000  2.281230e-01 
  935.000  2.244262e-01 
  936.000  2.379905e-01 
  937.000  2.345821e-01 
  938.000  2.733956e-01 
  939.000  3.762847e-01 
  940.000  3.918846e-01 
  941.000  3.785036e-01 
  942.000  3.457938e-01 
  943.000  2.920057e-01 
  944.000  2.882538e-01 
  945.000  3.074429e-01 
  946.000  3.085577e-01 
  947.000  3.258783e-01 
  948.000  3.360690e-01 
  949.000  3.347842e-01 
  950.000  3.374108e-01 
  951.000  3.602833e-01 
  952.000  3.359322e-01 
  953.000  3.530832e-01 
  954.000  3.715659e-01 
  955.000  3.566815e-01 
  956.000  3.534263e-01 
  957.000  4.002438e-01 
  958.000  4.063860e-01 
  959.000  3.986135e-01 
  960.000  3.963812e-01 
  961.000  3.924975e-01 
  962.000  3.960920e-01 
  963.000  4.219528e-01 
  964.000  4.256983e-01 
  965.000  4.232520e-01 
  966.000  4.246871e-01 
  967.000  4.432304e-01 
  968.000  4.742963e-01 
  969.000  4.883819e-01 
  970.000  4.891542e-01 
  971.000  4.888266e-01 
  972.000  4.848321e-01 
  973.000  4.756098e-01 
  974.000  4.643946e-01 
  975.000  4.571997e-01 
  976.000  4.660105e-01 
  977.000  4.805878e-01 
  978.000  4.794176e-01 
  979.000  4.832119e-01 
  980.000  4.981167e-01 
  981.000  5.014318e-01 
  982.000  4.981257e-01 
  983.000  5.057923e-01 
  984.000  5.136890e-01 
  985.000  5.181811e-01 
  986.000  5.239783e-01 
  987.000  5.264946e-01 
  988.000  5.270755e-01 
  989.000  5.274486e-01 
  990.000  5.280656e-01 
  991.000  5.302263e-01 
  992.000  5.308436e-01 
  993.000  5.310773e-01 
  994.000  5.328658e-01 
  995.000  5.341991e-01 
  996.000  5.341915e-01 
  997.000  5.332924e-01 
  998.000  5.323498e-01 
  999.000  5.319774e-01 
 1000.000  5.322912e-01 
 1001.000  5.304271e-01 
 1002.000  5.271303e-01 
 1003.000  5.279201e-01 
 1004.000  5.298253e-01 
 1005.000  5.306988e-01 
 1006.000  5.309700e-01 
 1007.000  5.303438e-01 
 1008.000  5.276549e-01 
 1009.000  5.240570e-01 
 1010.000  5.256620e-01 
 1011.000  5.294847e-01 
 1012.000  5.309419e-01 
 1013.000  5.320836e-01 
 1014.000  5.323620e-01 
 1015.000  5.324528e-01 
 1016.000  5.329910e-01 
 1017.000  5.333043e-01 
 1018.000  5.326228e-01 
 1019.000  5.314802e-01 
 1020.000  5.319425e-01 
 1021.000  5.327158e-01 
 1022.000  5.312800e-01 
 1023.000  5.299242e-01 
 1024.000  5.291075e-01 
 1025.000  5.315688e-01 
 1026.000  5.324577e-01 
 1027.000  5.319632e-01 
 1028.000  5.323438e-01 
 1029.000  5.333857e-01 
 1030.000  5.343602e-01 
 1031.000  5.349171e-01 
 1032.000  5.352861e-01 
 1033.000  5.353246e-01 
 1034.000  5.355552e-01 
 1035.000  5.356689e-01 
 1036.000  5.355274e-01 
 1037.000  5.355014e-01 
 1038.000  5.355815e-01 
 1039.000  5.353980e-01 
 1040.000  5.352257e-01 
 1041.000  5.350881e-01 
 1042.000  5.350394e-01 
 1043.000  5.350139e-01 
 1044.000  5.348784e-01 
 1045.000  5.345175e-01 
 1046.000  5.342646e-01 
 1047.000  5.339546e-01 
 1048.000  5.335070e-01 
 1049.000  5.330265e-01 
 1050.000  5.326446e-01 
 1051.000  5.321822e-01 
 1052.000  5.318014e-01 
 1053.000  5.316475e-01 
 1054.000  5.310974e-01 
 1055.000  5.306014e-01 
 1056.000  5.300951e-01 
 1057.000  5.290370e-01 
 1058.000  5.272050e-01 
 1059.000  5.271829e-01 
 1060.000  5.278949e-01 
 1061.000  5.275963e-01 
 1062.000  5.264171e-01 
 1063.000  5.258699e-01 
 1064.000  5.248494e-01 
 1065.000  5.238190e-01 
 1066.000  5.238889e-01 
 1067.000  5.233085e-01 
 1068.000  5.215237e-01 
 1069.000  5.208490e-01 
 1070.000  5.214119e-01 
 1071.000  5.203213e-01 
 1072.000  5.191360e-01 
 1073.000  5.190498e-01 
 1074.000  5.194214e-01 
 1075.000  5.215877e-01 
 1076.000  5.204852e-01 
 1077.000  5.189432e-01 
 1078.000  5.170947e-01 
 1079.000  5.169654e-01 
 1080.000  5.117704e-01 
 1081.000  5.115675e-01 
 1082.000  5.139868e-01 
 1083.000  5.112727e-01 
 1084.000  5.082775e-01 
 1085.000  5.010219e-01 
 1086.000  5.028058e-01 
 1087.000  5.109313e-01 
 1088.000  5.113079e-01 
 1089.000  5.015560e-01 
 1090.000  4.997694e-01 
 1091.000  5.016850e-01 
 1092.000  4.968852e-01 
 1093.000  4.860741e-01 
 1094.000  4.813873e-01 
 1095.000  4.821812e-01 
 1096.000  4.829015e-01 
 1097.000  4.807787e-01 
 1098.000  4.545064e-01 
 1099.000  4.322110e-01 
 1100.000  4.337392e-01 
 1101.000  4.368339e-01 
 1102.000  4.353710e-01 
 1103.000  4.374235e-01 
 1104.000  4.337109e-01 
 1105.000  4.243783e-01 
 1106.000  4.149784e-01 
 1107.000  4.173198e-01 
 1108.000  4.190340e-01 
 1109.000  4.270725e-01 
 1110.000  4.260692e-01 
 1111.000  4.216003e-01 
 1112.000  4.018940e-01 
 1113.000  3.750601e-01 
 1114.000  3.677485e-01 
 1115.000  3.351090e-01 
 1116.000  3.150919e-01 
 1117.000  2.695046e-01 
 1118.000  2.285968e-01 
 1119.000  2.072521e-01 
 1120.000  1.812979e-01 
 1121.000  1.756040e-01 
 1122.000  1.495164e-01 
 1123.000  1.635176e-01 
 1124.000  1.730673e-01 
 1125.000  1.680215e-01 
 1126.000  1.660278e-01 
 1127.000  1.682856e-01 
 1128.000  1.726567e-01 
 1129.000  1.988579e-01 
 1130.000  2.617267e-01 
 1131.000  2.803426e-01 
 1132.000  2.548801e-01 
 1133.000  2.094662e-01 
 1134.000  1.311660e-01 
 1135.000  1.369148e-01 
 1136.000  2.160844e-01 
 1137.000  2.614203e-01 
 1138.000  3.064653e-01 
 1139.000  3.205121e-01 
 1140.000  3.118520e-01 
 1141.000  2.944106e-01 
 1142.000  2.882479e-01 
 1143.000  2.690635e-01 
 1144.000  2.477317e-01 
 1145.000  2.173381e-01 
 1146.000  2.244704e-01 
 1147.000  2.483004e-01 
 1148.000  2.697448e-01 
 1149.000  2.785241e-01 
 1150.000  2.790875e-01 
