  320.000  1.252512e-01 
  321.000  1.595228e-01 
  322.000  1.459093e-01 
  323.000  1.631947e-01 
  324.000  1.808365e-01 
  325.000  1.676637e-01 
  326.000  1.893714e-01 
  327.000  1.955081e-01 
  328.000  1.822967e-01 
  329.000  2.077924e-01 
  330.000  2.118847e-01 
  331.000  2.038006e-01 
  332.000  2.194575e-01 
  333.000  2.240595e-01 
  334.000  2.202798e-01 
  335.000  2.318913e-01 
  336.000  2.366227e-01 
  337.000  2.346267e-01 
  338.000  2.401836e-01 
  339.000  2.459416e-01 
  340.000  2.449938e-01 
  341.000  2.506032e-01 
  342.000  2.547190e-01 
  343.000  2.567905e-01 
  344.000  2.572141e-01 
  345.000  2.628192e-01 
  346.000  2.663686e-01 
  347.000  2.692682e-01 
  348.000  2.719888e-01 
  349.000  2.750498e-01 
  350.000  2.776706e-01 
  351.000  2.802846e-01 
  352.000  2.824318e-01 
  353.000  2.854895e-01 
  354.000  2.880964e-01 
  355.000  2.905254e-01 
  356.000  2.928953e-01 
  357.000  2.950067e-01 
  358.000  2.972811e-01 
  359.000  2.995557e-01 
  360.000  3.018878e-01 
  361.000  3.048375e-01 
  362.000  3.079134e-01 
  363.000  3.107500e-01 
  364.000  3.133638e-01 
  365.000  3.158182e-01 
  366.000  3.183306e-01 
  367.000  3.207253e-01 
  368.000  3.231006e-01 
  369.000  3.254577e-01 
  370.000  3.277927e-01 
  371.000  3.301116e-01 
  372.000  3.324136e-01 
  373.000  3.346981e-01 
  374.000  3.369478e-01 
  375.000  3.391560e-01 
  376.000  3.412910e-01 
  377.000  3.433104e-01 
  378.000  3.451874e-01 
  379.000  3.470960e-01 
  380.000  3.491966e-01 
  381.000  3.515897e-01 
  382.000  3.540718e-01 
  383.000  3.564210e-01 
  384.000  3.586510e-01 
  385.000  3.608014e-01 
  386.000  3.628979e-01 
  387.000  3.649620e-01 
  388.000  3.670010e-01 
  389.000  3.690244e-01 
  390.000  3.710327e-01 
  391.000  3.730215e-01 
  392.000  3.749967e-01 
  393.000  3.769567e-01 
  394.000  3.788994e-01 
  395.000  3.808233e-01 
  396.000  3.827357e-01 
  397.000  3.846268e-01 
  398.000  3.865015e-01 
  399.000  3.883611e-01 
  400.000  3.901958e-01 
  401.000  3.920243e-01 
  402.000  3.938389e-01 
  403.000  3.956388e-01 
  404.000  3.974234e-01 
  405.000  3.991891e-01 
  406.000  4.009439e-01 
  407.000  4.026856e-01 
  408.000  4.044128e-01 
  409.000  4.061236e-01 
  410.000  4.078189e-01 
  411.000  4.094981e-01 
  412.000  4.111598e-01 
  413.000  4.128127e-01 
  414.000  4.143474e-01 
  415.000  4.160083e-01 
  416.000  4.176487e-01 
  417.000  4.192623e-01 
  418.000  4.208395e-01 
  419.000  4.223997e-01 
  420.000  4.239463e-01 
  421.000  4.254843e-01 
  422.000  4.270132e-01 
  423.000  4.285312e-01 
  424.000  4.300318e-01 
  425.000  4.314984e-01 
  426.000  4.329512e-01 
  427.000  4.343917e-01 
  428.000  4.358070e-01 
  429.000  4.372028e-01 
  430.000  4.385829e-01 
  431.000  4.399531e-01 
  432.000  4.413093e-01 
  433.000  4.426530e-01 
  434.000  4.439858e-01 
  435.000  4.453059e-01 
  436.000  4.466116e-01 
  437.000  4.479034e-01 
  438.000  4.491808e-01 
  439.000  4.504488e-01 
  440.000  4.516966e-01 
  441.000  4.529289e-01 
  442.000  4.541420e-01 
  443.000  4.553371e-01 
  444.000  4.565136e-01 
  445.000  4.576651e-01 
  446.000  4.587850e-01 
  447.000  4.599596e-01 
  448.000  4.612193e-01 
  449.000  4.624948e-01 
  450.000  4.637459e-01 
  451.000  4.649485e-01 
  452.000  4.661092e-01 
  453.000  4.672464e-01 
  454.000  4.683633e-01 
  455.000  4.694156e-01 
  456.000  4.703831e-01 
  457.000  4.713511e-01 
  458.000  4.723062e-01 
  459.000  4.732412e-01 
  460.000  4.741689e-01 
  461.000  4.750870e-01 
  462.000  4.759877e-01 
  463.000  4.768847e-01 
  464.000  4.780527e-01 
  465.000  4.792034e-01 
  466.000  4.803340e-01 
  467.000  4.814388e-01 
  468.000  4.823388e-01 
  469.000  4.831140e-01 
  470.000  4.838270e-01 
  471.000  4.844689e-01 
  472.000  4.850141e-01 
  473.000  4.853962e-01 
  474.000  4.857100e-01 
  475.000  4.857906e-01 
  476.000  4.856353e-01 
  477.000  4.856321e-01 
  478.000  4.865401e-01 
  479.000  4.879226e-01 
  480.000  4.894152e-01 
  481.000  4.907544e-01 
  482.000  4.920108e-01 
  483.000  4.931033e-01 
  484.000  4.940424e-01 
  485.000  4.948823e-01 
  486.000  4.957782e-01 
  487.000  4.967214e-01 
  488.000  4.976346e-01 
  489.000  4.985310e-01 
  490.000  4.994169e-01 
  491.000  5.001108e-01 
  492.000  5.007451e-01 
  493.000  5.013763e-01 
  494.000  5.019898e-01 
  495.000  5.026033e-01 
  496.000  5.029194e-01 
  497.000  5.032236e-01 
  498.000  5.035233e-01 
  499.000  5.038069e-01 
  500.000  5.040860e-01 
  501.000  5.043341e-01 
  502.000  5.045822e-01 
  503.000  5.048273e-01 
  504.000  5.050610e-01 
  505.000  5.052820e-01 
  506.000  5.059295e-01 
  507.000  5.065957e-01 
  508.000  5.072610e-01 
  509.000  5.079187e-01 
  510.000  5.085624e-01 
  511.000  5.091396e-01 
  512.000  5.096971e-01 
  513.000  5.102513e-01 
  514.000  5.107988e-01 
  515.000  5.113413e-01 
  516.000  5.117291e-01 
  517.000  5.119776e-01 
  518.000  5.122193e-01 
  519.000  5.124564e-01 
  520.000  5.126913e-01 
  521.000  5.129017e-01 
  522.000  5.130534e-01 
  523.000  5.131629e-01 
  524.000  5.132759e-01 
  525.000  5.133650e-01 
  526.000  5.134900e-01 
  527.000  5.135102e-01 
  528.000  5.134878e-01 
  529.000  5.134642e-01 
  530.000  5.134459e-01 
  531.000  5.134308e-01 
  532.000  5.134646e-01 
  533.000  5.137694e-01 
  534.000  5.141545e-01 
  535.000  5.145890e-01 
  536.000  5.150092e-01 
  537.000  5.153936e-01 
  538.000  5.157372e-01 
  539.000  5.160558e-01 
  540.000  5.163545e-01 
  541.000  5.166445e-01 
  542.000  5.169219e-01 
  543.000  5.171894e-01 
  544.000  5.173918e-01 
  545.000  5.175409e-01 
  546.000  5.176831e-01 
  547.000  5.178293e-01 
  548.000  5.179682e-01 
  549.000  5.181049e-01 
  550.000  5.181712e-01 
  551.000  5.181677e-01 
  552.000  5.181669e-01 
  553.000  5.181517e-01 
  554.000  5.181299e-01 
  555.000  5.181042e-01 
  556.000  5.180520e-01 
  557.000  5.179542e-01 
  558.000  5.178484e-01 
  559.000  5.177304e-01 
  560.000  5.175827e-01 
  561.000  5.174081e-01 
  562.000  5.171497e-01 
  563.000  5.169430e-01 
  564.000  5.166852e-01 
  565.000  5.163282e-01 
  566.000  5.159885e-01 
  567.000  5.153729e-01 
  568.000  5.140103e-01 
  569.000  5.116200e-01 
  570.000  5.116033e-01 
  571.000  5.126272e-01 
  572.000  5.108309e-01 
  573.000  5.108312e-01 
  574.000  5.106308e-01 
  575.000  5.103590e-01 
  576.000  5.105191e-01 
  577.000  5.112258e-01 
  578.000  5.122432e-01 
  579.000  5.135501e-01 
  580.000  5.151632e-01 
  581.000  5.171832e-01 
  582.000  5.187420e-01 
  583.000  5.199417e-01 
  584.000  5.209810e-01 
  585.000  5.218647e-01 
  586.000  5.226694e-01 
  587.000  5.227492e-01 
  588.000  5.205771e-01 
  589.000  5.164694e-01 
  590.000  5.165169e-01 
  591.000  5.199228e-01 
  592.000  5.185655e-01 
  593.000  5.223532e-01 
  594.000  5.218378e-01 
  595.000  5.196045e-01 
  596.000  5.229216e-01 
  597.000  5.218378e-01 
  598.000  5.229560e-01 
  599.000  5.231037e-01 
  600.000  5.240752e-01 
  601.000  5.246017e-01 
  602.000  5.245777e-01 
  603.000  5.251352e-01 
  604.000  5.259997e-01 
  605.000  5.267101e-01 
  606.000  5.273081e-01 
  607.000  5.278885e-01 
  608.000  5.284743e-01 
  609.000  5.290369e-01 
  610.000  5.296237e-01 
  611.000  5.302761e-01 
  612.000  5.309151e-01 
  613.000  5.315344e-01 
  614.000  5.321354e-01 
  615.000  5.327350e-01 
  616.000  5.333126e-01 
  617.000  5.338583e-01 
  618.000  5.343158e-01 
  619.000  5.347029e-01 
  620.000  5.350612e-01 
  621.000  5.353692e-01 
  622.000  5.356266e-01 
  623.000  5.357988e-01 
  624.000  5.359825e-01 
  625.000  5.361368e-01 
  626.000  5.361351e-01 
  627.000  5.345581e-01 
  628.000  5.156887e-01 
  629.000  5.281603e-01 
  630.000  5.292956e-01 
  631.000  5.328143e-01 
  632.000  5.346539e-01 
  633.000  5.377129e-01 
  634.000  5.398588e-01 
  635.000  5.413080e-01 
  636.000  5.427627e-01 
  637.000  5.441023e-01 
  638.000  5.458299e-01 
  639.000  5.469151e-01 
  640.000  5.482857e-01 
  641.000  5.492782e-01 
  642.000  5.503231e-01 
  643.000  5.506136e-01 
  644.000  5.513293e-01 
  645.000  5.513799e-01 
  646.000  5.496106e-01 
  647.000  5.484420e-01 
  648.000  5.470316e-01 
  649.000  5.493495e-01 
  650.000  5.531082e-01 
  651.000  5.535952e-01 
  652.000  5.512352e-01 
  653.000  5.550236e-01 
  654.000  5.551143e-01 
  655.000  5.544779e-01 
  656.000  5.553913e-01 
  657.000  5.563767e-01 
  658.000  5.580441e-01 
  659.000  5.591744e-01 
  660.000  5.599102e-01 
  661.000  5.612566e-01 
  662.000  5.621769e-01 
  663.000  5.625482e-01 
  664.000  5.631823e-01 
  665.000  5.637828e-01 
  666.000  5.644316e-01 
  667.000  5.650325e-01 
  668.000  5.656781e-01 
  669.000  5.662346e-01 
  670.000  5.667647e-01 
  671.000  5.673040e-01 
  672.000  5.678200e-01 
  673.000  5.683314e-01 
  674.000  5.688400e-01 
  675.000  5.693477e-01 
  676.000  5.698304e-01 
  677.000  5.702729e-01 
  678.000  5.707149e-01 
  679.000  5.711248e-01 
  680.000  5.713992e-01 
  681.000  5.716220e-01 
  682.000  5.719805e-01 
  683.000  5.722724e-01 
  684.000  5.723838e-01 
  685.000  5.729553e-01 
  686.000  5.706970e-01 
  687.000  4.850996e-01 
  688.000  5.114141e-01 
  689.000  5.043262e-01 
  690.000  5.180368e-01 
  691.000  5.375632e-01 
  692.000  5.516338e-01 
  693.000  5.561881e-01 
  694.000  5.574303e-01 
  695.000  5.623320e-01 
  696.000  5.650050e-01 
  697.000  5.730301e-01 
  698.000  5.718234e-01 
  699.000  5.653414e-01 
  700.000  5.666899e-01 
  701.000  5.653843e-01 
  702.000  5.666984e-01 
  703.000  5.725380e-01 
  704.000  5.729787e-01 
  705.000  5.708313e-01 
  706.000  5.714493e-01 
  707.000  5.724450e-01 
  708.000  5.735050e-01 
  709.000  5.755002e-01 
  710.000  5.737162e-01 
  711.000  5.758718e-01 
  712.000  5.777271e-01 
  713.000  5.765410e-01 
  714.000  5.762599e-01 
  715.000  5.742558e-01 
  716.000  5.722028e-01 
  717.000  5.575559e-01 
  718.000  5.484270e-01 
  719.000  5.452344e-01 
  720.000  5.401220e-01 
  721.000  5.627807e-01 
  722.000  5.707029e-01 
  723.000  5.664996e-01 
  724.000  5.540321e-01 
  725.000  5.561067e-01 
  726.000  5.556064e-01 
  727.000  5.575159e-01 
  728.000  5.556345e-01 
  729.000  5.606077e-01 
  730.000  5.598327e-01 
  731.000  5.588742e-01 
  732.000  5.671375e-01 
  733.000  5.749053e-01 
  734.000  5.786462e-01 
  735.000  5.774503e-01 
  736.000  5.751168e-01 
  737.000  5.770163e-01 
  738.000  5.795894e-01 
  739.000  5.807346e-01 
  740.000  5.831749e-01 
  741.000  5.844548e-01 
  742.000  5.851256e-01 
  743.000  5.864701e-01 
  744.000  5.871127e-01 
  745.000  5.876303e-01 
  746.000  5.880716e-01 
  747.000  5.882776e-01 
  748.000  5.887601e-01 
  749.000  5.890573e-01 
  750.000  5.890747e-01 
  751.000  5.892605e-01 
  752.000  5.896950e-01 
  753.000  5.899425e-01 
  754.000  5.901621e-01 
  755.000  5.903455e-01 
  756.000  5.905316e-01 
  757.000  5.906636e-01 
  758.000  5.895017e-01 
  759.000  5.434450e-01 
  760.000  2.203043e-01 
  761.000  1.922317e-01 
  762.000  3.717422e-01 
  763.000  3.141129e-01 
  764.000  3.424827e-01 
  765.000  4.081566e-01 
  766.000  4.895261e-01 
  767.000  5.313885e-01 
  768.000  5.590439e-01 
  769.000  5.774156e-01 
  770.000  5.873384e-01 
  771.000  5.920003e-01 
  772.000  5.931753e-01 
  773.000  5.937111e-01 
  774.000  5.944316e-01 
  775.000  5.948467e-01 
  776.000  5.951333e-01 
  777.000  5.952678e-01 
  778.000  5.953371e-01 
  779.000  5.953875e-01 
  780.000  5.954314e-01 
  781.000  5.956309e-01 
  782.000  5.956700e-01 
  783.000  5.957135e-01 
  784.000  5.956557e-01 
  785.000  5.951049e-01 
  786.000  5.943370e-01 
  787.000  5.925751e-01 
  788.000  5.917832e-01 
  789.000  5.883639e-01 
  790.000  5.881246e-01 
  791.000  5.888410e-01 
  792.000  5.895024e-01 
  793.000  5.909705e-01 
  794.000  5.938730e-01 
  795.000  5.922448e-01 
  796.000  5.874001e-01 
  797.000  5.888591e-01 
  798.000  5.920039e-01 
  799.000  5.913506e-01 
  800.000  5.891508e-01 
  801.000  5.894716e-01 
  802.000  5.892945e-01 
  803.000  5.896740e-01 
  804.000  5.907797e-01 
  805.000  5.928523e-01 
  806.000  5.939839e-01 
  807.000  5.940872e-01 
  808.000  5.935754e-01 
  809.000  5.927889e-01 
  810.000  5.919254e-01 
  811.000  5.900918e-01 
  812.000  5.876046e-01 
  813.000  5.845309e-01 
  814.000  5.804346e-01 
  815.000  5.753011e-01 
  816.000  5.685577e-01 
  817.000  5.690172e-01 
  818.000  5.696242e-01 
  819.000  5.718889e-01 
  820.000  5.793617e-01 
  821.000  5.878004e-01 
  822.000  5.814681e-01 
  823.000  5.633237e-01 
  824.000  5.787191e-01 
  825.000  5.884135e-01 
  826.000  5.867791e-01 
  827.000  5.856060e-01 
  828.000  5.792767e-01 
  829.000  5.816255e-01 
  830.000  5.842299e-01 
  831.000  5.848608e-01 
  832.000  5.851344e-01 
  833.000  5.866369e-01 
  834.000  5.883916e-01 
  835.000  5.918342e-01 
  836.000  5.907664e-01 
  837.000  5.906770e-01 
  838.000  5.923759e-01 
  839.000  5.934157e-01 
  840.000  5.938188e-01 
  841.000  5.927637e-01 
  842.000  5.937804e-01 
  843.000  5.961386e-01 
  844.000  5.970566e-01 
  845.000  5.976060e-01 
  846.000  5.981200e-01 
  847.000  5.987666e-01 
  848.000  5.978693e-01 
  849.000  5.980339e-01 
  850.000  5.975865e-01 
  851.000  5.971133e-01 
  852.000  5.972072e-01 
  853.000  5.981323e-01 
  854.000  5.981142e-01 
  855.000  5.986297e-01 
  856.000  5.995699e-01 
  857.000  5.999919e-01 
  858.000  6.002672e-01 
  859.000  6.008108e-01 
  860.000  6.011139e-01 
  861.000  6.011898e-01 
  862.000  6.013674e-01 
  863.000  6.014215e-01 
  864.000  6.015543e-01 
  865.000  6.016693e-01 
  866.000  6.017256e-01 
  867.000  6.017447e-01 
  868.000  6.017918e-01 
  869.000  6.018533e-01 
  870.000  6.018667e-01 
  871.000  6.019263e-01 
  872.000  6.020234e-01 
  873.000  6.019929e-01 
  874.000  6.019915e-01 
  875.000  6.020164e-01 
  876.000  6.019382e-01 
  877.000  6.019145e-01 
  878.000  6.015726e-01 
  879.000  6.015795e-01 
  880.000  6.013416e-01 
  881.000  6.012638e-01 
  882.000  6.011387e-01 
  883.000  6.013252e-01 
  884.000  6.014189e-01 
  885.000  6.009190e-01 
  886.000  6.002163e-01 
  887.000  6.008004e-01 
  888.000  6.007962e-01 
  889.000  6.010270e-01 
  890.000  6.005943e-01 
  891.000  5.997546e-01 
  892.000  5.980914e-01 
  893.000  5.923926e-01 
  894.000  5.895780e-01 
  895.000  5.807256e-01 
  896.000  5.727386e-01 
  897.000  5.642352e-01 
  898.000  5.602369e-01 
  899.000  5.485440e-01 
  900.000  5.503276e-01 
  901.000  5.472497e-01 
  902.000  5.477715e-01 
  903.000  5.674183e-01 
  904.000  5.790948e-01 
  905.000  5.786538e-01 
  906.000  5.713961e-01 
  907.000  5.583351e-01 
  908.000  5.495877e-01 
  909.000  5.500203e-01 
  910.000  5.513879e-01 
  911.000  5.572551e-01 
  912.000  5.544482e-01 
  913.000  5.420275e-01 
  914.000  5.482208e-01 
  915.000  5.530314e-01 
  916.000  5.543193e-01 
  917.000  5.568914e-01 
  918.000  5.602083e-01 
  919.000  5.713987e-01 
  920.000  5.796867e-01 
  921.000  5.778525e-01 
  922.000  5.777076e-01 
  923.000  5.754130e-01 
  924.000  5.698410e-01 
  925.000  5.694667e-01 
  926.000  5.695409e-01 
  927.000  5.631307e-01 
  928.000  5.531116e-01 
  929.000  5.383064e-01 
  930.000  5.188484e-01 
  931.000  4.961724e-01 
  932.000  4.655527e-01 
  933.000  4.407146e-01 
  934.000  4.133509e-01 
  935.000  4.105513e-01 
  936.000  4.219888e-01 
  937.000  4.189072e-01 
  938.000  4.486153e-01 
  939.000  5.190098e-01 
  940.000  5.285850e-01 
  941.000  5.200664e-01 
  942.000  4.988564e-01 
  943.000  4.615647e-01 
  944.000  4.589990e-01 
  945.000  4.730004e-01 
  946.000  4.736211e-01 
  947.000  4.853597e-01 
  948.000  4.921519e-01 
  949.000  4.910887e-01 
  950.000  4.927762e-01 
  951.000  5.077678e-01 
  952.000  4.914100e-01 
  953.000  5.026005e-01 
  954.000  5.143035e-01 
  955.000  5.044569e-01 
  956.000  5.019222e-01 
  957.000  5.313412e-01 
  958.000  5.348595e-01 
  959.000  5.299278e-01 
  960.000  5.284142e-01 
  961.000  5.259086e-01 
  962.000  5.280238e-01 
  963.000  5.435888e-01 
  964.000  5.457293e-01 
  965.000  5.441805e-01 
  966.000  5.449305e-01 
  967.000  5.557041e-01 
  968.000  5.732442e-01 
  969.000  5.809641e-01 
  970.000  5.813554e-01 
  971.000  5.811774e-01 
  972.000  5.790099e-01 
  973.000  5.739321e-01 
  974.000  5.676582e-01 
  975.000  5.635871e-01 
  976.000  5.685870e-01 
  977.000  5.767301e-01 
  978.000  5.760505e-01 
  979.000  5.781100e-01 
  980.000  5.862510e-01 
  981.000  5.880272e-01 
  982.000  5.862042e-01 
  983.000  5.903293e-01 
  984.000  5.945519e-01 
  985.000  5.969377e-01 
  986.000  6.000028e-01 
  987.000  6.013246e-01 
  988.000  6.014580e-01 
  989.000  6.016628e-01 
  990.000  6.020050e-01 
  991.000  6.031207e-01 
  992.000  6.034724e-01 
  993.000  6.036119e-01 
  994.000  6.046497e-01 
  995.000  6.053702e-01 
  996.000  6.053780e-01 
  997.000  6.049639e-01 
  998.000  6.044186e-01 
  999.000  6.042982e-01 
 1000.000  6.044142e-01 
 1001.000  6.033503e-01 
 1002.000  6.018135e-01 
 1003.000  6.020775e-01 
 1004.000  6.031289e-01 
 1005.000  6.035510e-01 
 1006.000  6.036944e-01 
 1007.000  6.034282e-01 
 1008.000  6.019705e-01 
 1009.000  6.002448e-01 
 1010.000  6.010993e-01 
 1011.000  6.029778e-01 
 1012.000  6.037101e-01 
 1013.000  6.043382e-01 
 1014.000  6.046011e-01 
 1015.000  6.046434e-01 
 1016.000  6.048692e-01 
 1017.000  6.050408e-01 
 1018.000  6.046653e-01 
 1019.000  6.039904e-01 
 1020.000  6.042424e-01 
 1021.000  6.047094e-01 
 1022.000  6.038620e-01 
 1023.000  6.031703e-01 
 1024.000  6.027107e-01 
 1025.000  6.039852e-01 
 1026.000  6.044993e-01 
 1027.000  6.042829e-01 
 1028.000  6.043939e-01 
 1029.000  6.049827e-01 
 1030.000  6.054687e-01 
 1031.000  6.056488e-01 
 1032.000  6.058622e-01 
 1033.000  6.058853e-01 
 1034.000  6.059843e-01 
 1035.000  6.059639e-01 
 1036.000  6.057584e-01 
 1037.000  6.056325e-01 
 1038.000  6.056585e-01 
 1039.000  6.055322e-01 
 1040.000  6.053866e-01 
 1041.000  6.052674e-01 
 1042.000  6.052082e-01 
 1043.000  6.051494e-01 
 1044.000  6.050094e-01 
 1045.000  6.047369e-01 
 1046.000  6.045268e-01 
 1047.000  6.042510e-01 
 1048.000  6.037521e-01 
 1049.000  6.031638e-01 
 1050.000  6.028231e-01 
 1051.000  6.025053e-01 
 1052.000  6.021634e-01 
 1053.000  6.019713e-01 
 1054.000  6.015524e-01 
 1055.000  6.011158e-01 
 1056.000  6.006373e-01 
 1057.000  5.998473e-01 
 1058.000  5.986860e-01 
 1059.000  5.984170e-01 
 1060.000  5.986196e-01 
 1061.000  5.983263e-01 
 1062.000  5.975305e-01 
 1063.000  5.969237e-01 
 1064.000  5.961642e-01 
 1065.000  5.955595e-01 
 1066.000  5.955716e-01 
 1067.000  5.951988e-01 
 1068.000  5.942559e-01 
 1069.000  5.945132e-01 
 1070.000  5.952023e-01 
 1071.000  5.951561e-01 
 1072.000  5.947801e-01 
 1073.000  5.950001e-01 
 1074.000  5.954558e-01 
 1075.000  5.968572e-01 
 1076.000  5.965022e-01 
 1077.000  5.958922e-01 
 1078.000  5.951059e-01 
 1079.000  5.952316e-01 
 1080.000  5.926024e-01 
 1081.000  5.926411e-01 
 1082.000  5.940762e-01 
 1083.000  5.927709e-01 
 1084.000  5.912808e-01 
 1085.000  5.874549e-01 
 1086.000  5.885424e-01 
 1087.000  5.930502e-01 
 1088.000  5.933426e-01 
 1089.000  5.881549e-01 
 1090.000  5.872814e-01 
 1091.000  5.884206e-01 
 1092.000  5.859169e-01 
 1093.000  5.800363e-01 
 1094.000  5.774929e-01 
 1095.000  5.780079e-01 
 1096.000  5.784997e-01 
 1097.000  5.774351e-01 
 1098.000  5.626519e-01 
 1099.000  5.497675e-01 
 1100.000  5.507381e-01 
 1101.000  5.526301e-01 
 1102.000  5.518988e-01 
 1103.000  5.531927e-01 
 1104.000  5.510920e-01 
 1105.000  5.456772e-01 
 1106.000  5.400564e-01 
 1107.000  5.416511e-01 
 1108.000  5.429304e-01 
 1109.000  5.480502e-01 
 1110.000  5.478630e-01 
 1111.000  5.454263e-01 
 1112.000  5.337645e-01 
 1113.000  5.176369e-01 
 1114.000  5.138997e-01 
 1115.000  4.934175e-01 
 1116.000  4.802144e-01 
 1117.000  4.472480e-01 
 1118.000  4.157437e-01 
 1119.000  3.987778e-01 
 1120.000  3.760120e-01 
 1121.000  3.709808e-01 
 1122.000  3.447767e-01 
 1123.000  3.600951e-01 
 1124.000  3.700632e-01 
 1125.000  3.650762e-01 
 1126.000  3.629222e-01 
 1127.000  3.648182e-01 
 1128.000  3.685091e-01 
 1129.000  3.929557e-01 
 1130.000  4.464983e-01 
 1131.000  4.609826e-01 
 1132.000  4.413482e-01 
 1133.000  4.025255e-01 
 1134.000  3.234221e-01 
 1135.000  3.297907e-01 
 1136.000  4.075836e-01 
 1137.000  4.450618e-01 
 1138.000  4.782789e-01 
 1139.000  4.869441e-01 
 1140.000  4.807829e-01 
 1141.000  4.675768e-01 
 1142.000  4.631140e-01 
 1143.000  4.487579e-01 
 1144.000  4.318558e-01 
 1145.000  4.064637e-01 
 1146.000  4.125393e-01 
 1147.000  4.321964e-01 
 1148.000  4.490023e-01 
 1149.000  4.553864e-01 
 1150.000  4.550714e-01 
