  320.000  2.587146e-01 
  321.000  3.091374e-01 
  322.000  2.894886e-01 
  323.000  3.143603e-01 
  324.000  3.390372e-01 
  325.000  3.206753e-01 
  326.000  3.507455e-01 
  327.000  3.590778e-01 
  328.000  3.410504e-01 
  329.000  3.755537e-01 
  330.000  3.809847e-01 
  331.000  3.702287e-01 
  332.000  3.909625e-01 
  333.000  3.969817e-01 
  334.000  3.920405e-01 
  335.000  4.071508e-01 
  336.000  4.132503e-01 
  337.000  4.106811e-01 
  338.000  4.178196e-01 
  339.000  4.251707e-01 
  340.000  4.239638e-01 
  341.000  4.310888e-01 
  342.000  4.362898e-01 
  343.000  4.388991e-01 
  344.000  4.394320e-01 
  345.000  4.464618e-01 
  346.000  4.508928e-01 
  347.000  4.545011e-01 
  348.000  4.578772e-01 
  349.000  4.616653e-01 
  350.000  4.648997e-01 
  351.000  4.681177e-01 
  352.000  4.707553e-01 
  353.000  4.745019e-01 
  354.000  4.776879e-01 
  355.000  4.806497e-01 
  356.000  4.835330e-01 
  357.000  4.860968e-01 
  358.000  4.888529e-01 
  359.000  4.916038e-01 
  360.000  4.944185e-01 
  361.000  4.979705e-01 
  362.000  5.016647e-01 
  363.000  5.050629e-01 
  364.000  5.081869e-01 
  365.000  5.111143e-01 
  366.000  5.141046e-01 
  367.000  5.169489e-01 
  368.000  5.197647e-01 
  369.000  5.225536e-01 
  370.000  5.253111e-01 
  371.000  5.280443e-01 
  372.000  5.307527e-01 
  373.000  5.334356e-01 
  374.000  5.360729e-01 
  375.000  5.386571e-01 
  376.000  5.411513e-01 
  377.000  5.435067e-01 
  378.000  5.456929e-01 
  379.000  5.479125e-01 
  380.000  5.503517e-01 
  381.000  5.531260e-01 
  382.000  5.559981e-01 
  383.000  5.587114e-01 
  384.000  5.612829e-01 
  385.000  5.637584e-01 
  386.000  5.661682e-01 
  387.000  5.685372e-01 
  388.000  5.708739e-01 
  389.000  5.731893e-01 
  390.000  5.754842e-01 
  391.000  5.777535e-01 
  392.000  5.800042e-01 
  393.000  5.822344e-01 
  394.000  5.844420e-01 
  395.000  5.866252e-01 
  396.000  5.887926e-01 
  397.000  5.909330e-01 
  398.000  5.930520e-01 
  399.000  5.951513e-01 
  400.000  5.972199e-01 
  401.000  5.992790e-01 
  402.000  6.013200e-01 
  403.000  6.033418e-01 
  404.000  6.053442e-01 
  405.000  6.073231e-01 
  406.000  6.092873e-01 
  407.000  6.112347e-01 
  408.000  6.131637e-01 
  409.000  6.150723e-01 
  410.000  6.169615e-01 
  411.000  6.188306e-01 
  412.000  6.206784e-01 
  413.000  6.225142e-01 
  414.000  6.242173e-01 
  415.000  6.260583e-01 
  416.000  6.278749e-01 
  417.000  6.296598e-01 
  418.000  6.314027e-01 
  419.000  6.331252e-01 
  420.000  6.348311e-01 
  421.000  6.365257e-01 
  422.000  6.382087e-01 
  423.000  6.398783e-01 
  424.000  6.415271e-01 
  425.000  6.431372e-01 
  426.000  6.447306e-01 
  427.000  6.463091e-01 
  428.000  6.478586e-01 
  429.000  6.493856e-01 
  430.000  6.508941e-01 
  431.000  6.523905e-01 
  432.000  6.538704e-01 
  433.000  6.553355e-01 
  434.000  6.567876e-01 
  435.000  6.582247e-01 
  436.000  6.596450e-01 
  437.000  6.610491e-01 
  438.000  6.624366e-01 
  439.000  6.638128e-01 
  440.000  6.651660e-01 
  441.000  6.665015e-01 
  442.000  6.678152e-01 
  443.000  6.691086e-01 
  444.000  6.703809e-01 
  445.000  6.716254e-01 
  446.000  6.728348e-01 
  447.000  6.741026e-01 
  448.000  6.754613e-01 
  449.000  6.768360e-01 
  450.000  6.781834e-01 
  451.000  6.794777e-01 
  452.000  6.807261e-01 
  453.000  6.819484e-01 
  454.000  6.831480e-01 
  455.000  6.842777e-01 
  456.000  6.853157e-01 
  457.000  6.863536e-01 
  458.000  6.873773e-01 
  459.000  6.883788e-01 
  460.000  6.893721e-01 
  461.000  6.903544e-01 
  462.000  6.913177e-01 
  463.000  6.922766e-01 
  464.000  6.935245e-01 
  465.000  6.947531e-01 
  466.000  6.959594e-01 
  467.000  6.971375e-01 
  468.000  6.980967e-01 
  469.000  6.989225e-01 
  470.000  6.996818e-01 
  471.000  7.003651e-01 
  472.000  7.009451e-01 
  473.000  7.013517e-01 
  474.000  7.016855e-01 
  475.000  7.017712e-01 
  476.000  7.016060e-01 
  477.000  7.016026e-01 
  478.000  7.025681e-01 
  479.000  7.040372e-01 
  480.000  7.056221e-01 
  481.000  7.070432e-01 
  482.000  7.083753e-01 
  483.000  7.095329e-01 
  484.000  7.105274e-01 
  485.000  7.114165e-01 
  486.000  7.123645e-01 
  487.000  7.133620e-01 
  488.000  7.143272e-01 
  489.000  7.152743e-01 
  490.000  7.162099e-01 
  491.000  7.169423e-01 
  492.000  7.176116e-01 
  493.000  7.182775e-01 
  494.000  7.189244e-01 
  495.000  7.195711e-01 
  496.000  7.199043e-01 
  497.000  7.202248e-01 
  498.000  7.205406e-01 
  499.000  7.208393e-01 
  500.000  7.211333e-01 
  501.000  7.213945e-01 
  502.000  7.216558e-01 
  503.000  7.219138e-01 
  504.000  7.221599e-01 
  505.000  7.223925e-01 
  506.000  7.230738e-01 
  507.000  7.237747e-01 
  508.000  7.244744e-01 
  509.000  7.251658e-01 
  510.000  7.258423e-01 
  511.000  7.264487e-01 
  512.000  7.270342e-01 
  513.000  7.276161e-01 
  514.000  7.281907e-01 
  515.000  7.287601e-01 
  516.000  7.291668e-01 
  517.000  7.294275e-01 
  518.000  7.296811e-01 
  519.000  7.299297e-01 
  520.000  7.301760e-01 
  521.000  7.303966e-01 
  522.000  7.305557e-01 
  523.000  7.306703e-01 
  524.000  7.307888e-01 
  525.000  7.308822e-01 
  526.000  7.310133e-01 
  527.000  7.310344e-01 
  528.000  7.310109e-01 
  529.000  7.309862e-01 
  530.000  7.309670e-01 
  531.000  7.309512e-01 
  532.000  7.309866e-01 
  533.000  7.313061e-01 
  534.000  7.317095e-01 
  535.000  7.321648e-01 
  536.000  7.326048e-01 
  537.000  7.330073e-01 
  538.000  7.333671e-01 
  539.000  7.337005e-01 
  540.000  7.340132e-01 
  541.000  7.343167e-01 
  542.000  7.346069e-01 
  543.000  7.348868e-01 
  544.000  7.350985e-01 
  545.000  7.352544e-01 
  546.000  7.354032e-01 
  547.000  7.355561e-01 
  548.000  7.357013e-01 
  549.000  7.358442e-01 
  550.000  7.359135e-01 
  551.000  7.359099e-01 
  552.000  7.359090e-01 
  553.000  7.358932e-01 
  554.000  7.358703e-01 
  555.000  7.358435e-01 
  556.000  7.357889e-01 
  557.000  7.356866e-01 
  558.000  7.355760e-01 
  559.000  7.354524e-01 
  560.000  7.352974e-01 
  561.000  7.351136e-01 
  562.000  7.346758e-01 
  563.000  7.344453e-01 
  564.000  7.341338e-01 
  565.000  7.336407e-01 
  566.000  7.333623e-01 
  567.000  7.322015e-01 
  568.000  7.284356e-01 
  569.000  7.201883e-01 
  570.000  7.214639e-01 
  571.000  7.273726e-01 
  572.000  7.216984e-01 
  573.000  7.232053e-01 
  574.000  7.236025e-01 
  575.000  7.232523e-01 
  576.000  7.234489e-01 
  577.000  7.254214e-01 
  578.000  7.279261e-01 
  579.000  7.299442e-01 
  580.000  7.315744e-01 
  581.000  7.340683e-01 
  582.000  7.356883e-01 
  583.000  7.365412e-01 
  584.000  7.373579e-01 
  585.000  7.379210e-01 
  586.000  7.385278e-01 
  587.000  7.362183e-01 
  588.000  7.248456e-01 
  589.000  7.070524e-01 
  590.000  7.060738e-01 
  591.000  7.184235e-01 
  592.000  7.120631e-01 
  593.000  7.261496e-01 
  594.000  7.231951e-01 
  595.000  7.135166e-01 
  596.000  7.272561e-01 
  597.000  7.239594e-01 
  598.000  7.294486e-01 
  599.000  7.315571e-01 
  600.000  7.365087e-01 
  601.000  7.398016e-01 
  602.000  7.406864e-01 
  603.000  7.420917e-01 
  604.000  7.436213e-01 
  605.000  7.446521e-01 
  606.000  7.453518e-01 
  607.000  7.460260e-01 
  608.000  7.466483e-01 
  609.000  7.472417e-01 
  610.000  7.478527e-01 
  611.000  7.485309e-01 
  612.000  7.491951e-01 
  613.000  7.498384e-01 
  614.000  7.504625e-01 
  615.000  7.510849e-01 
  616.000  7.516844e-01 
  617.000  7.522506e-01 
  618.000  7.527251e-01 
  619.000  7.531264e-01 
  620.000  7.534980e-01 
  621.000  7.538172e-01 
  622.000  7.540840e-01 
  623.000  7.542623e-01 
  624.000  7.544518e-01 
  625.000  7.546089e-01 
  626.000  7.541732e-01 
  627.000  7.495987e-01 
  628.000  7.276267e-01 
  629.000  7.403428e-01 
  630.000  7.444491e-01 
  631.000  7.487085e-01 
  632.000  7.468745e-01 
  633.000  7.532273e-01 
  634.000  7.560083e-01 
  635.000  7.570009e-01 
  636.000  7.587504e-01 
  637.000  7.601613e-01 
  638.000  7.632725e-01 
  639.000  7.641653e-01 
  640.000  7.661304e-01 
  641.000  7.668913e-01 
  642.000  7.683331e-01 
  643.000  7.672776e-01 
  644.000  7.678549e-01 
  645.000  7.660115e-01 
  646.000  7.564026e-01 
  647.000  7.498481e-01 
  648.000  7.424914e-01 
  649.000  7.496358e-01 
  650.000  7.630866e-01 
  651.000  7.634246e-01 
  652.000  7.522137e-01 
  653.000  7.658508e-01 
  654.000  7.647350e-01 
  655.000  7.602345e-01 
  656.000  7.622765e-01 
  657.000  7.652524e-01 
  658.000  7.701512e-01 
  659.000  7.731532e-01 
  660.000  7.746578e-01 
  661.000  7.783710e-01 
  662.000  7.801999e-01 
  663.000  7.802660e-01 
  664.000  7.811872e-01 
  665.000  7.820219e-01 
  666.000  7.830110e-01 
  667.000  7.838351e-01 
  668.000  7.848094e-01 
  669.000  7.854728e-01 
  670.000  7.860466e-01 
  671.000  7.866578e-01 
  672.000  7.871916e-01 
  673.000  7.877136e-01 
  674.000  7.882301e-01 
  675.000  7.887482e-01 
  676.000  7.892316e-01 
  677.000  7.896768e-01 
  678.000  7.901238e-01 
  679.000  7.904700e-01 
  680.000  7.903796e-01 
  681.000  7.901722e-01 
  682.000  7.903720e-01 
  683.000  7.903907e-01 
  684.000  7.897273e-01 
  685.000  7.907366e-01 
  686.000  7.877343e-01 
  687.000  6.875460e-01 
  688.000  7.192470e-01 
  689.000  7.099415e-01 
  690.000  7.264794e-01 
  691.000  7.472770e-01 
  692.000  7.585627e-01 
  693.000  7.487715e-01 
  694.000  7.368234e-01 
  695.000  7.470727e-01 
  696.000  7.531027e-01 
  697.000  7.796404e-01 
  698.000  7.740853e-01 
  699.000  7.501467e-01 
  700.000  7.540802e-01 
  701.000  7.487416e-01 
  702.000  7.526429e-01 
  703.000  7.726536e-01 
  704.000  7.735149e-01 
  705.000  7.652521e-01 
  706.000  7.668657e-01 
  707.000  7.698241e-01 
  708.000  7.730249e-01 
  709.000  7.795756e-01 
  710.000  7.725963e-01 
  711.000  7.797139e-01 
  712.000  7.857787e-01 
  713.000  7.808895e-01 
  714.000  7.792256e-01 
  715.000  7.712573e-01 
  716.000  7.629495e-01 
  717.000  7.111374e-01 
  718.000  6.795616e-01 
  719.000  6.682181e-01 
  720.000  6.512823e-01 
  721.000  7.259545e-01 
  722.000  7.528471e-01 
  723.000  7.375912e-01 
  724.000  6.945987e-01 
  725.000  7.008691e-01 
  726.000  6.988510e-01 
  727.000  7.048963e-01 
  728.000  6.982793e-01 
  729.000  7.146755e-01 
  730.000  7.118258e-01 
  731.000  7.083887e-01 
  732.000  7.361662e-01 
  733.000  7.629756e-01 
  734.000  7.759387e-01 
  735.000  7.713418e-01 
  736.000  7.627998e-01 
  737.000  7.692128e-01 
  738.000  7.780446e-01 
  739.000  7.818437e-01 
  740.000  7.903014e-01 
  741.000  7.951860e-01 
  742.000  7.972280e-01 
  743.000  8.017400e-01 
  744.000  8.037777e-01 
  745.000  8.052916e-01 
  746.000  8.065058e-01 
  747.000  8.067655e-01 
  748.000  8.078389e-01 
  749.000  8.083776e-01 
  750.000  8.080363e-01 
  751.000  8.082204e-01 
  752.000  8.091886e-01 
  753.000  8.095751e-01 
  754.000  8.098733e-01 
  755.000  8.100567e-01 
  756.000  8.102506e-01 
  757.000  8.103839e-01 
  758.000  8.091344e-01 
  759.000  7.554253e-01 
  760.000  3.532171e-01 
  761.000  3.149127e-01 
  762.000  5.486590e-01 
  763.000  4.761025e-01 
  764.000  5.120293e-01 
  765.000  5.935106e-01 
  766.000  6.916370e-01 
  767.000  7.410814e-01 
  768.000  7.733926e-01 
  769.000  7.947083e-01 
  770.000  8.059615e-01 
  771.000  8.114517e-01 
  772.000  8.127873e-01 
  773.000  8.133885e-01 
  774.000  8.141072e-01 
  775.000  8.145322e-01 
  776.000  8.148425e-01 
  777.000  8.149121e-01 
  778.000  8.148670e-01 
  779.000  8.148141e-01 
  780.000  8.147599e-01 
  781.000  8.151851e-01 
  782.000  8.151172e-01 
  783.000  8.150642e-01 
  784.000  8.147149e-01 
  785.000  8.128442e-01 
  786.000  8.099611e-01 
  787.000  8.035420e-01 
  788.000  8.001624e-01 
  789.000  7.881743e-01 
  790.000  7.871268e-01 
  791.000  7.893662e-01 
  792.000  7.914395e-01 
  793.000  7.962964e-01 
  794.000  8.066275e-01 
  795.000  8.002829e-01 
  796.000  7.834681e-01 
  797.000  7.882457e-01 
  798.000  7.988450e-01 
  799.000  7.964045e-01 
  800.000  7.886617e-01 
  801.000  7.895642e-01 
  802.000  7.887678e-01 
  803.000  7.898818e-01 
  804.000  7.934999e-01 
  805.000  8.004492e-01 
  806.000  8.045967e-01 
  807.000  8.047652e-01 
  808.000  8.023859e-01 
  809.000  7.994655e-01 
  810.000  7.962652e-01 
  811.000  7.897304e-01 
  812.000  7.809514e-01 
  813.000  7.702299e-01 
  814.000  7.561373e-01 
  815.000  7.386734e-01 
  816.000  7.164819e-01 
  817.000  7.176555e-01 
  818.000  7.194327e-01 
  819.000  7.267347e-01 
  820.000  7.512136e-01 
  821.000  7.793350e-01 
  822.000  7.579014e-01 
  823.000  6.988463e-01 
  824.000  7.485305e-01 
  825.000  7.808735e-01 
  826.000  7.753615e-01 
  827.000  7.712475e-01 
  828.000  7.499481e-01 
  829.000  7.575784e-01 
  830.000  7.661625e-01 
  831.000  7.681822e-01 
  832.000  7.690920e-01 
  833.000  7.740589e-01 
  834.000  7.799200e-01 
  835.000  7.915699e-01 
  836.000  7.878172e-01 
  837.000  7.874207e-01 
  838.000  7.930850e-01 
  839.000  7.965247e-01 
  840.000  7.977654e-01 
  841.000  7.940146e-01 
  842.000  7.973605e-01 
  843.000  8.053340e-01 
  844.000  8.089514e-01 
  845.000  8.106306e-01 
  846.000  8.123978e-01 
  847.000  8.143474e-01 
  848.000  8.110945e-01 
  849.000  8.114945e-01 
  850.000  8.098800e-01 
  851.000  8.079605e-01 
  852.000  8.081372e-01 
  853.000  8.112743e-01 
  854.000  8.110930e-01 
  855.000  8.126652e-01 
  856.000  8.159492e-01 
  857.000  8.172635e-01 
  858.000  8.179860e-01 
  859.000  8.195571e-01 
  860.000  8.203180e-01 
  861.000  8.204368e-01 
  862.000  8.208679e-01 
  863.000  8.209203e-01 
  864.000  8.212146e-01 
  865.000  8.214545e-01 
  866.000  8.215150e-01 
  867.000  8.214666e-01 
  868.000  8.215006e-01 
  869.000  8.215774e-01 
  870.000  8.215138e-01 
  871.000  8.215862e-01 
  872.000  8.217692e-01 
  873.000  8.215781e-01 
  874.000  8.214727e-01 
  875.000  8.214446e-01 
  876.000  8.211144e-01 
  877.000  8.209658e-01 
  878.000  8.199543e-01 
  879.000  8.198814e-01 
  880.000  8.190070e-01 
  881.000  8.185029e-01 
  882.000  8.180479e-01 
  883.000  8.184813e-01 
  884.000  8.186615e-01 
  885.000  8.168713e-01 
  886.000  8.144511e-01 
  887.000  8.163560e-01 
  888.000  8.162317e-01 
  889.000  8.168023e-01 
  890.000  8.153266e-01 
  891.000  8.123050e-01 
  892.000  8.059525e-01 
  893.000  7.867692e-01 
  894.000  7.772005e-01 
  895.000  7.483243e-01 
  896.000  7.225518e-01 
  897.000  6.955392e-01 
  898.000  6.829640e-01 
  899.000  6.480266e-01 
  900.000  6.529613e-01 
  901.000  6.439466e-01 
  902.000  6.456920e-01 
  903.000  7.044782e-01 
  904.000  7.408957e-01 
  905.000  7.396234e-01 
  906.000  7.168291e-01 
  907.000  6.768976e-01 
  908.000  6.508293e-01 
  909.000  6.518766e-01 
  910.000  6.557583e-01 
  911.000  6.730199e-01 
  912.000  6.646476e-01 
  913.000  6.285553e-01 
  914.000  6.463510e-01 
  915.000  6.604805e-01 
  916.000  6.643491e-01 
  917.000  6.720948e-01 
  918.000  6.821167e-01 
  919.000  7.163210e-01 
  920.000  7.424380e-01 
  921.000  7.367197e-01 
  922.000  7.362322e-01 
  923.000  7.289387e-01 
  924.000  7.114791e-01 
  925.000  7.099063e-01 
  926.000  7.091720e-01 
  927.000  6.886686e-01 
  928.000  6.574091e-01 
  929.000  6.128818e-01 
  930.000  5.573413e-01 
  931.000  4.967775e-01 
  932.000  4.192449e-01 
  933.000  3.640978e-01 
  934.000  3.096640e-01 
  935.000  3.037788e-01 
  936.000  3.246604e-01 
  937.000  3.195067e-01 
  938.000  3.809246e-01 
  939.000  5.486546e-01 
  940.000  5.748057e-01 
  941.000  5.526003e-01 
  942.000  4.985464e-01 
  943.000  4.111529e-01 
  944.000  4.050334e-01 
  945.000  4.357778e-01 
  946.000  4.376875e-01 
  947.000  4.660189e-01 
  948.000  4.827620e-01 
  949.000  4.808030e-01 
  950.000  4.851667e-01 
  951.000  5.229072e-01 
  952.000  4.830132e-01 
  953.000  5.113665e-01 
  954.000  5.421683e-01 
  955.000  5.176809e-01 
  956.000  5.126047e-01 
  957.000  5.908026e-01 
  958.000  6.013173e-01 
  959.000  5.883821e-01 
  960.000  5.847399e-01 
  961.000  5.783039e-01 
  962.000  5.844153e-01 
  963.000  6.281147e-01 
  964.000  6.345304e-01 
  965.000  6.304574e-01 
  966.000  6.329713e-01 
  967.000  6.646026e-01 
  968.000  7.179911e-01 
  969.000  7.423857e-01 
  970.000  7.437480e-01 
  971.000  7.431756e-01 
  972.000  7.362338e-01 
  973.000  7.202763e-01 
  974.000  7.009540e-01 
  975.000  6.885936e-01 
  976.000  7.037084e-01 
  977.000  7.288215e-01 
  978.000  7.268242e-01 
  979.000  7.334095e-01 
  980.000  7.592390e-01 
  981.000  7.650095e-01 
  982.000  7.592909e-01 
  983.000  7.726262e-01 
  984.000  7.863830e-01 
  985.000  7.942193e-01 
  986.000  8.043455e-01 
  987.000  8.087444e-01 
  988.000  8.097546e-01 
  989.000  8.103978e-01 
  990.000  8.114639e-01 
  991.000  8.152318e-01 
  992.000  8.162951e-01 
  993.000  8.166866e-01 
  994.000  8.200862e-01 
  995.000  8.223547e-01 
  996.000  8.223253e-01 
  997.000  8.208885e-01 
  998.000  8.191516e-01 
  999.000  8.185087e-01 
 1000.000  8.190149e-01 
 1001.000  8.153913e-01 
 1002.000  8.096050e-01 
 1003.000  8.109664e-01 
 1004.000  8.142790e-01 
 1005.000  8.157878e-01 
 1006.000  8.162748e-01 
 1007.000  8.151612e-01 
 1008.000  8.104458e-01 
 1009.000  8.041529e-01 
 1010.000  8.069481e-01 
 1011.000  8.136300e-01 
 1012.000  8.161744e-01 
 1013.000  8.181790e-01 
 1014.000  8.190162e-01 
 1015.000  8.191764e-01 
 1016.000  8.200815e-01 
 1017.000  8.206049e-01 
 1018.000  8.194702e-01 
 1019.000  8.171433e-01 
 1020.000  8.179600e-01 
 1021.000  8.196362e-01 
 1022.000  8.168236e-01 
 1023.000  8.144724e-01 
 1024.000  8.130676e-01 
 1025.000  8.173897e-01 
 1026.000  8.193056e-01 
 1027.000  8.184998e-01 
 1028.000  8.191772e-01 
 1029.000  8.210208e-01 
 1030.000  8.227697e-01 
 1031.000  8.236778e-01 
 1032.000  8.244146e-01 
 1033.000  8.245936e-01 
 1034.000  8.250228e-01 
 1035.000  8.252363e-01 
 1036.000  8.251506e-01 
 1037.000  8.252128e-01 
 1038.000  8.253415e-01 
 1039.000  8.251058e-01 
 1040.000  8.249090e-01 
 1041.000  8.247538e-01 
 1042.000  8.247138e-01 
 1043.000  8.247169e-01 
 1044.000  8.245841e-01 
 1045.000  8.241422e-01 
 1046.000  8.238493e-01 
 1047.000  8.235064e-01 
 1048.000  8.231000e-01 
 1049.000  8.227180e-01 
 1050.000  8.222586e-01 
 1051.000  8.215704e-01 
 1052.000  8.211399e-01 
 1053.000  8.211119e-01 
 1054.000  8.204265e-01 
 1055.000  8.197524e-01 
 1056.000  8.192049e-01 
 1057.000  8.177003e-01 
 1058.000  8.149055e-01 
 1059.000  8.151421e-01 
 1060.000  8.166460e-01 
 1061.000  8.163300e-01 
 1062.000  8.145714e-01 
 1063.000  8.139607e-01 
 1064.000  8.124651e-01 
 1065.000  8.106886e-01 
 1066.000  8.108356e-01 
 1067.000  8.098136e-01 
 1068.000  8.061509e-01 
 1069.000  8.042531e-01 
 1070.000  8.046900e-01 
 1071.000  8.022728e-01 
 1072.000  7.998224e-01 
 1073.000  7.992837e-01 
 1074.000  7.995499e-01 
 1075.000  8.029773e-01 
 1076.000  8.007052e-01 
 1077.000  7.976904e-01 
 1078.000  7.941613e-01 
 1079.000  7.936438e-01 
 1080.000  7.843464e-01 
 1081.000  7.837710e-01 
 1082.000  7.877865e-01 
 1083.000  7.828321e-01 
 1084.000  7.774327e-01 
 1085.000  7.646585e-01 
 1086.000  7.675853e-01 
 1087.000  7.815512e-01 
 1088.000  7.820709e-01 
 1089.000  7.649899e-01 
 1090.000  7.617473e-01 
 1091.000  7.649343e-01 
 1092.000  7.564514e-01 
 1093.000  7.376556e-01 
 1094.000  7.294847e-01 
 1095.000  7.307580e-01 
 1096.000  7.318900e-01 
 1097.000  7.280830e-01 
 1098.000  6.828907e-01 
 1099.000  6.447921e-01 
 1100.000  6.473042e-01 
 1101.000  6.524800e-01 
 1102.000  6.498482e-01 
 1103.000  6.532412e-01 
 1104.000  6.468521e-01 
 1105.000  6.309114e-01 
 1106.000  6.150040e-01 
 1107.000  6.187767e-01 
 1108.000  6.214380e-01 
 1109.000  6.347394e-01 
 1110.000  6.326776e-01 
 1111.000  6.249194e-01 
 1112.000  5.915251e-01 
 1113.000  5.462534e-01 
 1114.000  5.334202e-01 
 1115.000  4.790434e-01 
 1116.000  4.461511e-01 
 1117.000  3.731034e-01 
 1118.000  3.086246e-01 
 1119.000  2.752951e-01 
 1120.000  2.358524e-01 
 1121.000  2.272192e-01 
 1122.000  1.890302e-01 
 1123.000  2.089897e-01 
 1124.000  2.227512e-01 
 1125.000  2.153247e-01 
 1126.000  2.124670e-01 
 1127.000  2.159111e-01 
 1128.000  2.225859e-01 
 1129.000  2.616368e-01 
 1130.000  3.575578e-01 
 1131.000  3.866183e-01 
 1132.000  3.467729e-01 
 1133.000  2.776140e-01 
 1134.000  1.631851e-01 
 1135.000  1.714004e-01 
 1136.000  2.880446e-01 
 1137.000  3.578288e-01 
 1138.000  4.292905e-01 
 1139.000  4.526566e-01 
 1140.000  4.387732e-01 
 1141.000  4.113090e-01 
 1142.000  4.014850e-01 
 1143.000  3.711297e-01 
 1144.000  3.378539e-01 
 1145.000  2.911011e-01 
 1146.000  3.020454e-01 
 1147.000  3.388659e-01 
 1148.000  3.724393e-01 
 1149.000  3.864757e-01 
 1150.000  3.878354e-01 
