  320.000  1.139418e-01 
  321.000  1.464166e-01 
  322.000  1.334826e-01 
  323.000  1.499124e-01 
  324.000  1.667472e-01 
  325.000  1.541709e-01 
  326.000  1.749138e-01 
  327.000  1.807941e-01 
  328.000  1.681434e-01 
  329.000  1.925854e-01 
  330.000  1.965192e-01 
  331.000  1.887509e-01 
  332.000  2.038061e-01 
  333.000  2.082390e-01 
  334.000  2.045979e-01 
  335.000  2.157905e-01 
  336.000  2.203571e-01 
  337.000  2.184302e-01 
  338.000  2.237962e-01 
  339.000  2.293613e-01 
  340.000  2.284449e-01 
  341.000  2.338703e-01 
  342.000  2.378538e-01 
  343.000  2.398596e-01 
  344.000  2.402699e-01 
  345.000  2.457007e-01 
  346.000  2.491419e-01 
  347.000  2.519544e-01 
  348.000  2.545942e-01 
  349.000  2.575655e-01 
  350.000  2.601105e-01 
  351.000  2.626497e-01 
  352.000  2.647362e-01 
  353.000  2.677084e-01 
  354.000  2.702433e-01 
  355.000  2.726061e-01 
  356.000  2.749120e-01 
  357.000  2.769670e-01 
  358.000  2.791812e-01 
  359.000  2.813963e-01 
  360.000  2.836679e-01 
  361.000  2.865422e-01 
  362.000  2.895404e-01 
  363.000  2.923065e-01 
  364.000  2.948560e-01 
  365.000  2.972508e-01 
  366.000  2.997030e-01 
  367.000  3.020408e-01 
  368.000  3.043604e-01 
  369.000  3.066628e-01 
  370.000  3.089443e-01 
  371.000  3.112106e-01 
  372.000  3.134609e-01 
  373.000  3.156947e-01 
  374.000  3.178951e-01 
  375.000  3.200554e-01 
  376.000  3.221445e-01 
  377.000  3.241210e-01 
  378.000  3.259585e-01 
  379.000  3.278273e-01 
  380.000  3.298846e-01 
  381.000  3.322289e-01 
  382.000  3.346610e-01 
  383.000  3.369633e-01 
  384.000  3.391495e-01 
  385.000  3.412580e-01 
  386.000  3.433142e-01 
  387.000  3.453390e-01 
  388.000  3.473396e-01 
  389.000  3.493253e-01 
  390.000  3.512965e-01 
  391.000  3.532491e-01 
  392.000  3.551886e-01 
  393.000  3.571136e-01 
  394.000  3.590219e-01 
  395.000  3.609122e-01 
  396.000  3.627915e-01 
  397.000  3.646502e-01 
  398.000  3.664931e-01 
  399.000  3.683215e-01 
  400.000  3.701258e-01 
  401.000  3.719242e-01 
  402.000  3.737094e-01 
  403.000  3.754802e-01 
  404.000  3.772363e-01 
  405.000  3.789743e-01 
  406.000  3.807016e-01 
  407.000  3.824164e-01 
  408.000  3.841172e-01 
  409.000  3.858021e-01 
  410.000  3.874719e-01 
  411.000  3.891262e-01 
  412.000  3.907635e-01 
  413.000  3.923923e-01 
  414.000  3.939049e-01 
  415.000  3.955421e-01 
  416.000  3.971594e-01 
  417.000  3.987504e-01 
  418.000  4.003057e-01 
  419.000  4.018445e-01 
  420.000  4.033702e-01 
  421.000  4.048874e-01 
  422.000  4.063960e-01 
  423.000  4.078940e-01 
  424.000  4.093750e-01 
  425.000  4.108227e-01 
  426.000  4.122569e-01 
  427.000  4.136791e-01 
  428.000  4.150765e-01 
  429.000  4.164551e-01 
  430.000  4.178181e-01 
  431.000  4.191715e-01 
  432.000  4.205113e-01 
  433.000  4.218389e-01 
  434.000  4.231558e-01 
  435.000  4.244604e-01 
  436.000  4.257508e-01 
  437.000  4.270277e-01 
  438.000  4.282905e-01 
  439.000  4.295441e-01 
  440.000  4.307778e-01 
  441.000  4.319964e-01 
  442.000  4.331961e-01 
  443.000  4.343781e-01 
  444.000  4.355418e-01 
  445.000  4.366809e-01 
  446.000  4.377888e-01 
  447.000  4.389510e-01 
  448.000  4.401975e-01 
  449.000  4.414596e-01 
  450.000  4.426979e-01 
  451.000  4.438882e-01 
  452.000  4.450372e-01 
  453.000  4.461630e-01 
  454.000  4.472688e-01 
  455.000  4.483107e-01 
  456.000  4.492688e-01 
  457.000  4.502274e-01 
  458.000  4.511733e-01 
  459.000  4.520994e-01 
  460.000  4.530183e-01 
  461.000  4.539278e-01 
  462.000  4.548201e-01 
  463.000  4.557088e-01 
  464.000  4.568660e-01 
  465.000  4.580063e-01 
  466.000  4.591267e-01 
  467.000  4.602216e-01 
  468.000  4.611136e-01 
  469.000  4.618821e-01 
  470.000  4.625888e-01 
  471.000  4.632252e-01 
  472.000  4.637656e-01 
  473.000  4.641445e-01 
  474.000  4.644556e-01 
  475.000  4.645355e-01 
  476.000  4.643815e-01 
  477.000  4.643783e-01 
  478.000  4.652786e-01 
  479.000  4.666494e-01 
  480.000  4.681295e-01 
  481.000  4.694578e-01 
  482.000  4.707039e-01 
  483.000  4.717876e-01 
  484.000  4.727192e-01 
  485.000  4.735525e-01 
  486.000  4.744413e-01 
  487.000  4.753773e-01 
  488.000  4.762833e-01 
  489.000  4.771729e-01 
  490.000  4.780522e-01 
  491.000  4.787408e-01 
  492.000  4.793704e-01 
  493.000  4.799969e-01 
  494.000  4.806059e-01 
  495.000  4.812149e-01 
  496.000  4.815287e-01 
  497.000  4.818306e-01 
  498.000  4.821281e-01 
  499.000  4.824097e-01 
  500.000  4.826868e-01 
  501.000  4.829331e-01 
  502.000  4.831795e-01 
  503.000  4.834227e-01 
  504.000  4.836549e-01 
  505.000  4.838743e-01 
  506.000  4.845171e-01 
  507.000  4.851786e-01 
  508.000  4.858393e-01 
  509.000  4.864924e-01 
  510.000  4.871317e-01 
  511.000  4.877049e-01 
  512.000  4.882586e-01 
  513.000  4.888090e-01 
  514.000  4.893528e-01 
  515.000  4.898918e-01 
  516.000  4.902769e-01 
  517.000  4.905238e-01 
  518.000  4.907639e-01 
  519.000  4.909994e-01 
  520.000  4.912328e-01 
  521.000  4.914418e-01 
  522.000  4.915925e-01 
  523.000  4.917012e-01 
  524.000  4.918135e-01 
  525.000  4.919021e-01 
  526.000  4.920263e-01 
  527.000  4.920463e-01 
  528.000  4.920240e-01 
  529.000  4.920006e-01 
  530.000  4.919824e-01 
  531.000  4.919674e-01 
  532.000  4.920010e-01 
  533.000  4.923038e-01 
  534.000  4.926864e-01 
  535.000  4.931181e-01 
  536.000  4.935356e-01 
  537.000  4.939175e-01 
  538.000  4.942590e-01 
  539.000  4.945754e-01 
  540.000  4.948723e-01 
  541.000  4.951605e-01 
  542.000  4.954362e-01 
  543.000  4.957020e-01 
  544.000  4.959031e-01 
  545.000  4.960513e-01 
  546.000  4.961926e-01 
  547.000  4.963379e-01 
  548.000  4.964759e-01 
  549.000  4.966117e-01 
  550.000  4.966776e-01 
  551.000  4.966742e-01 
  552.000  4.966734e-01 
  553.000  4.966583e-01 
  554.000  4.966366e-01 
  555.000  4.966110e-01 
  556.000  4.965592e-01 
  557.000  4.964620e-01 
  558.000  4.963568e-01 
  559.000  4.962395e-01 
  560.000  4.960927e-01 
  561.000  4.959189e-01 
  562.000  4.956174e-01 
  563.000  4.954082e-01 
  564.000  4.951410e-01 
  565.000  4.947544e-01 
  566.000  4.944376e-01 
  567.000  4.936844e-01 
  568.000  4.918059e-01 
  569.000  4.882677e-01 
  570.000  4.885296e-01 
  571.000  4.905561e-01 
  572.000  4.880237e-01 
  573.000  4.882267e-01 
  574.000  4.881683e-01 
  575.000  4.878833e-01 
  576.000  4.880486e-01 
  577.000  4.890181e-01 
  578.000  4.903874e-01 
  579.000  4.917719e-01 
  580.000  4.933574e-01 
  581.000  4.954749e-01 
  582.000  4.970162e-01 
  583.000  4.980966e-01 
  584.000  4.990915e-01 
  585.000  4.999304e-01 
  586.000  5.006729e-01 
  587.000  5.001897e-01 
  588.000  4.960095e-01 
  589.000  4.888600e-01 
  590.000  4.886718e-01 
  591.000  4.940583e-01 
  592.000  4.915827e-01 
  593.000  4.976502e-01 
  594.000  4.965889e-01 
  595.000  4.926958e-01 
  596.000  4.983289e-01 
  597.000  4.967595e-01 
  598.000  4.988506e-01 
  599.000  4.995283e-01 
  600.000  5.012515e-01 
  601.000  5.024321e-01 
  602.000  5.026079e-01 
  603.000  5.032960e-01 
  604.000  5.043367e-01 
  605.000  5.051208e-01 
  606.000  5.057361e-01 
  607.000  5.063320e-01 
  608.000  5.069180e-01 
  609.000  5.074798e-01 
  610.000  5.080637e-01 
  611.000  5.087126e-01 
  612.000  5.093482e-01 
  613.000  5.099642e-01 
  614.000  5.105622e-01 
  615.000  5.111586e-01 
  616.000  5.117332e-01 
  617.000  5.122761e-01 
  618.000  5.127313e-01 
  619.000  5.131164e-01 
  620.000  5.134730e-01 
  621.000  5.137793e-01 
  622.000  5.140355e-01 
  623.000  5.142068e-01 
  624.000  5.143894e-01 
  625.000  5.145423e-01 
  626.000  5.144235e-01 
  627.000  5.122190e-01 
  628.000  4.939059e-01 
  629.000  5.056121e-01 
  630.000  5.074226e-01 
  631.000  5.110101e-01 
  632.000  5.117781e-01 
  633.000  5.154669e-01 
  634.000  5.176778e-01 
  635.000  5.189803e-01 
  636.000  5.205308e-01 
  637.000  5.218688e-01 
  638.000  5.238401e-01 
  639.000  5.248616e-01 
  640.000  5.263429e-01 
  641.000  5.272901e-01 
  642.000  5.284021e-01 
  643.000  5.283961e-01 
  644.000  5.290706e-01 
  645.000  5.287308e-01 
  646.000  5.251805e-01 
  647.000  5.227849e-01 
  648.000  5.200158e-01 
  649.000  5.234224e-01 
  650.000  5.294616e-01 
  651.000  5.299103e-01 
  652.000  5.254422e-01 
  653.000  5.315427e-01 
  654.000  5.313661e-01 
  655.000  5.297511e-01 
  656.000  5.309147e-01 
  657.000  5.324497e-01 
  658.000  5.348125e-01 
  659.000  5.362512e-01 
  660.000  5.371997e-01 
  661.000  5.390664e-01 
  662.000  5.401262e-01 
  663.000  5.404457e-01 
  664.000  5.411157e-01 
  665.000  5.417775e-01 
  666.000  5.425224e-01 
  667.000  5.431835e-01 
  668.000  5.439136e-01 
  669.000  5.444946e-01 
  670.000  5.450320e-01 
  671.000  5.455863e-01 
  672.000  5.461028e-01 
  673.000  5.466129e-01 
  674.000  5.471193e-01 
  675.000  5.476257e-01 
  676.000  5.481046e-01 
  677.000  5.485442e-01 
  678.000  5.489841e-01 
  679.000  5.493726e-01 
  680.000  5.495411e-01 
  681.000  5.496264e-01 
  682.000  5.499346e-01 
  683.000  5.501835e-01 
  684.000  5.501215e-01 
  685.000  5.508311e-01 
  686.000  5.485135e-01 
  687.000  4.648739e-01 
  688.000  4.907463e-01 
  689.000  4.836017e-01 
  690.000  4.971205e-01 
  691.000  5.157254e-01 
  692.000  5.282386e-01 
  693.000  5.289018e-01 
  694.000  5.267080e-01 
  695.000  5.326914e-01 
  696.000  5.360685e-01 
  697.000  5.483357e-01 
  698.000  5.461112e-01 
  699.000  5.355788e-01 
  700.000  5.375253e-01 
  701.000  5.352784e-01 
  702.000  5.371898e-01 
  703.000  5.463122e-01 
  704.000  5.468459e-01 
  705.000  5.432771e-01 
  706.000  5.441226e-01 
  707.000  5.455703e-01 
  708.000  5.471232e-01 
  709.000  5.501708e-01 
  710.000  5.471810e-01 
  711.000  5.504842e-01 
  712.000  5.533122e-01 
  713.000  5.512687e-01 
  714.000  5.506684e-01 
  715.000  5.472845e-01 
  716.000  5.437884e-01 
  717.000  5.204480e-01 
  718.000  5.060151e-01 
  719.000  5.008863e-01 
  720.000  4.929331e-01 
  721.000  5.279350e-01 
  722.000  5.402993e-01 
  723.000  5.335016e-01 
  724.000  5.138258e-01 
  725.000  5.168957e-01 
  726.000  5.160289e-01 
  727.000  5.189126e-01 
  728.000  5.159008e-01 
  729.000  5.235727e-01 
  730.000  5.222955e-01 
  731.000  5.207388e-01 
  732.000  5.336020e-01 
  733.000  5.458240e-01 
  734.000  5.517080e-01 
  735.000  5.497139e-01 
  736.000  5.459267e-01 
  737.000  5.488777e-01 
  738.000  5.529080e-01 
  739.000  5.546684e-01 
  740.000  5.585055e-01 
  741.000  5.607411e-01 
  742.000  5.617099e-01 
  743.000  5.636412e-01 
  744.000  5.646003e-01 
  745.000  5.653562e-01 
  746.000  5.659702e-01 
  747.000  5.661520e-01 
  748.000  5.668196e-01 
  749.000  5.671846e-01 
  750.000  5.670933e-01 
  751.000  5.672776e-01 
  752.000  5.678688e-01 
  753.000  5.681551e-01 
  754.000  5.683962e-01 
  755.000  5.685788e-01 
  756.000  5.687663e-01 
  757.000  5.688980e-01 
  758.000  5.677451e-01 
  759.000  5.225325e-01 
  760.000  2.079446e-01 
  761.000  1.809421e-01 
  762.000  3.546718e-01 
  763.000  2.986585e-01 
  764.000  3.262105e-01 
  765.000  3.901682e-01 
  766.000  4.697000e-01 
  767.000  5.107281e-01 
  768.000  5.378698e-01 
  769.000  5.559171e-01 
  770.000  5.656928e-01 
  771.000  5.702625e-01 
  772.000  5.714190e-01 
  773.000  5.719416e-01 
  774.000  5.726380e-01 
  775.000  5.730545e-01 
  776.000  5.733471e-01 
  777.000  5.734621e-01 
  778.000  5.734978e-01 
  779.000  5.735179e-01 
  780.000  5.735329e-01 
  781.000  5.737979e-01 
  782.000  5.738057e-01 
  783.000  5.738210e-01 
  784.000  5.736734e-01 
  785.000  5.728162e-01 
  786.000  5.715539e-01 
  787.000  5.688425e-01 
  788.000  5.673587e-01 
  789.000  5.619361e-01 
  790.000  5.615079e-01 
  791.000  5.625807e-01 
  792.000  5.635718e-01 
  793.000  5.658316e-01 
  794.000  5.705799e-01 
  795.000  5.677391e-01 
  796.000  5.600916e-01 
  797.000  5.623283e-01 
  798.000  5.672174e-01 
  799.000  5.661455e-01 
  800.000  5.626476e-01 
  801.000  5.631042e-01 
  802.000  5.627815e-01 
  803.000  5.633323e-01 
  804.000  5.650254e-01 
  805.000  5.682386e-01 
  806.000  5.701665e-01 
  807.000  5.702842e-01 
  808.000  5.692444e-01 
  809.000  5.679595e-01 
  810.000  5.665507e-01 
  811.000  5.636179e-01 
  812.000  5.596586e-01 
  813.000  5.547913e-01 
  814.000  5.483444e-01 
  815.000  5.403038e-01 
  816.000  5.298897e-01 
  817.000  5.305245e-01 
  818.000  5.314105e-01 
  819.000  5.348694e-01 
  820.000  5.463729e-01 
  821.000  5.594562e-01 
  822.000  5.495607e-01 
  823.000  5.216774e-01 
  824.000  5.452397e-01 
  825.000  5.602792e-01 
  826.000  5.577238e-01 
  827.000  5.558569e-01 
  828.000  5.459894e-01 
  829.000  5.495876e-01 
  830.000  5.536023e-01 
  831.000  5.545577e-01 
  832.000  5.549746e-01 
  833.000  5.572906e-01 
  834.000  5.600084e-01 
  835.000  5.653762e-01 
  836.000  5.636753e-01 
  837.000  5.635107e-01 
  838.000  5.661398e-01 
  839.000  5.677411e-01 
  840.000  5.683400e-01 
  841.000  5.666511e-01 
  842.000  5.682136e-01 
  843.000  5.718874e-01 
  844.000  5.735631e-01 
  845.000  5.743580e-01 
  846.000  5.750664e-01 
  847.000  5.759587e-01 
  848.000  5.746641e-01 
  849.000  5.748798e-01 
  850.000  5.741781e-01 
  851.000  5.733356e-01 
  852.000  5.734478e-01 
  853.000  5.749080e-01 
  854.000  5.748540e-01 
  855.000  5.754687e-01 
  856.000  5.769966e-01 
  857.000  5.776364e-01 
  858.000  5.779572e-01 
  859.000  5.787103e-01 
  860.000  5.791633e-01 
  861.000  5.792514e-01 
  862.000  5.795028e-01 
  863.000  5.795563e-01 
  864.000  5.797362e-01 
  865.000  5.798876e-01 
  866.000  5.799451e-01 
  867.000  5.799440e-01 
  868.000  5.799872e-01 
  869.000  5.800531e-01 
  870.000  5.800436e-01 
  871.000  5.801069e-01 
  872.000  5.802296e-01 
  873.000  5.801514e-01 
  874.000  5.801191e-01 
  875.000  5.801284e-01 
  876.000  5.799754e-01 
  877.000  5.799083e-01 
  878.000  5.794010e-01 
  879.000  5.794495e-01 
  880.000  5.790132e-01 
  881.000  5.788541e-01 
  882.000  5.786404e-01 
  883.000  5.788955e-01 
  884.000  5.790108e-01 
  885.000  5.782123e-01 
  886.000  5.770999e-01 
  887.000  5.779803e-01 
  888.000  5.779474e-01 
  889.000  5.782648e-01 
  890.000  5.775777e-01 
  891.000  5.762417e-01 
  892.000  5.735367e-01 
  893.000  5.646837e-01 
  894.000  5.602899e-01 
  895.000  5.467176e-01 
  896.000  5.345252e-01 
  897.000  5.216269e-01 
  898.000  5.155841e-01 
  899.000  4.982946e-01 
  900.000  5.008466e-01 
  901.000  4.963320e-01 
  902.000  4.971390e-01 
  903.000  5.261980e-01 
  904.000  5.437672e-01 
  905.000  5.431206e-01 
  906.000  5.321624e-01 
  907.000  5.126646e-01 
  908.000  4.997428e-01 
  909.000  5.003276e-01 
  910.000  5.023034e-01 
  911.000  5.109191e-01 
  912.000  5.067682e-01 
  913.000  4.886131e-01 
  914.000  4.976182e-01 
  915.000  5.046773e-01 
  916.000  5.065823e-01 
  917.000  5.103945e-01 
  918.000  5.153180e-01 
  919.000  5.320154e-01 
  920.000  5.445407e-01 
  921.000  5.417788e-01 
  922.000  5.415516e-01 
  923.000  5.380694e-01 
  924.000  5.296665e-01 
  925.000  5.290208e-01 
  926.000  5.289362e-01 
  927.000  5.191786e-01 
  928.000  5.040818e-01 
  929.000  4.821049e-01 
  930.000  4.538293e-01 
  931.000  4.217582e-01 
  932.000  3.793355e-01 
  933.000  3.467274e-01 
  934.000  3.123930e-01 
  935.000  3.087906e-01 
  936.000  3.226525e-01 
  937.000  3.190493e-01 
  938.000  3.569392e-01 
  939.000  4.520449e-01 
  940.000  4.657381e-01 
  941.000  4.537865e-01 
  942.000  4.243162e-01 
  943.000  3.742891e-01 
  944.000  3.708128e-01 
  945.000  3.890953e-01 
  946.000  3.900357e-01 
  947.000  4.059742e-01 
  948.000  4.152731e-01 
  949.000  4.139660e-01 
  950.000  4.163189e-01 
  951.000  4.370187e-01 
  952.000  4.147218e-01 
  953.000  4.302082e-01 
  954.000  4.466586e-01 
  955.000  4.331341e-01 
  956.000  4.299296e-01 
  957.000  4.714217e-01 
  958.000  4.766327e-01 
  959.000  4.697123e-01 
  960.000  4.676577e-01 
  961.000  4.641709e-01 
  962.000  4.672558e-01 
  963.000  4.896952e-01 
  964.000  4.928641e-01 
  965.000  4.906863e-01 
  966.000  4.918506e-01 
  967.000  5.076681e-01 
  968.000  5.338095e-01 
  969.000  5.454931e-01 
  970.000  5.461068e-01 
  971.000  5.458316e-01 
  972.000  5.425280e-01 
  973.000  5.348549e-01 
  974.000  5.254543e-01 
  975.000  5.193893e-01 
  976.000  5.268167e-01 
  977.000  5.390163e-01 
  978.000  5.380144e-01 
  979.000  5.411444e-01 
  980.000  5.534849e-01 
  981.000  5.562017e-01 
  982.000  5.534475e-01 
  983.000  5.597477e-01 
  984.000  5.662177e-01 
  985.000  5.698844e-01 
  986.000  5.746073e-01 
  987.000  5.766486e-01 
  988.000  5.771164e-01 
  989.000  5.774178e-01 
  990.000  5.779206e-01 
  991.000  5.796789e-01 
  992.000  5.800062e-01 
  993.000  5.802060e-01 
  994.000  5.817912e-01 
  995.000  5.828849e-01 
  996.000  5.828832e-01 
  997.000  5.822253e-01 
  998.000  5.814603e-01 
  999.000  5.811657e-01 
 1000.000  5.814253e-01 
 1001.000  5.798911e-01 
 1002.000  5.772138e-01 
 1003.000  5.778622e-01 
 1004.000  5.794181e-01 
 1005.000  5.801337e-01 
 1006.000  5.801682e-01 
 1007.000  5.798475e-01 
 1008.000  5.776626e-01 
 1009.000  5.747316e-01 
 1010.000  5.760425e-01 
 1011.000  5.791556e-01 
 1012.000  5.803416e-01 
 1013.000  5.811160e-01 
 1014.000  5.815175e-01 
 1015.000  5.815880e-01 
 1016.000  5.819536e-01 
 1017.000  5.822122e-01 
 1018.000  5.817226e-01 
 1019.000  5.806010e-01 
 1020.000  5.809897e-01 
 1021.000  5.817236e-01 
 1022.000  5.804268e-01 
 1023.000  5.794927e-01 
 1024.000  5.788222e-01 
 1025.000  5.806571e-01 
 1026.000  5.814837e-01 
 1027.000  5.811511e-01 
 1028.000  5.814462e-01 
 1029.000  5.822873e-01 
 1030.000  5.830673e-01 
 1031.000  5.834478e-01 
 1032.000  5.837336e-01 
 1033.000  5.837625e-01 
 1034.000  5.839722e-01 
 1035.000  5.840276e-01 
 1036.000  5.838582e-01 
 1037.000  5.837888e-01 
 1038.000  5.838454e-01 
 1039.000  5.836867e-01 
 1040.000  5.835259e-01 
 1041.000  5.833963e-01 
 1042.000  5.833430e-01 
 1043.000  5.833030e-01 
 1044.000  5.831655e-01 
 1045.000  5.828429e-01 
 1046.000  5.826085e-01 
 1047.000  5.823131e-01 
 1048.000  5.818431e-01 
 1049.000  5.813156e-01 
 1050.000  5.809569e-01 
 1051.000  5.805311e-01 
 1052.000  5.801648e-01 
 1053.000  5.799947e-01 
 1054.000  5.795304e-01 
 1055.000  5.790229e-01 
 1056.000  5.785267e-01 
 1057.000  5.775762e-01 
 1058.000  5.760530e-01 
 1059.000  5.759510e-01 
 1060.000  5.763999e-01 
 1061.000  5.761027e-01 
 1062.000  5.751117e-01 
 1063.000  5.745311e-01 
 1064.000  5.735921e-01 
 1065.000  5.727405e-01 
 1066.000  5.727873e-01 
 1067.000  5.722408e-01 
 1068.000  5.708758e-01 
 1069.000  5.705605e-01 
 1070.000  5.711898e-01 
 1071.000  5.704500e-01 
 1072.000  5.695840e-01 
 1073.000  5.696214e-01 
 1074.000  5.700287e-01 
 1075.000  5.719002e-01 
 1076.000  5.710931e-01 
 1077.000  5.699180e-01 
 1078.000  5.684866e-01 
 1079.000  5.684605e-01 
 1080.000  5.642626e-01 
 1081.000  5.641560e-01 
 1082.000  5.661986e-01 
 1083.000  5.640350e-01 
 1084.000  5.616239e-01 
 1085.000  5.556829e-01 
 1086.000  5.572074e-01 
 1087.000  5.639536e-01 
 1088.000  5.642983e-01 
 1089.000  5.563009e-01 
 1090.000  5.548689e-01 
 1091.000  5.564969e-01 
 1092.000  5.525789e-01 
 1093.000  5.436307e-01 
 1094.000  5.397462e-01 
 1095.000  5.404458e-01 
 1096.000  5.410995e-01 
 1097.000  5.393890e-01 
 1098.000  5.173173e-01 
 1099.000  4.983411e-01 
 1100.000  4.996886e-01 
 1101.000  5.023821e-01 
 1102.000  5.011991e-01 
 1103.000  5.030141e-01 
 1104.000  4.998847e-01 
 1105.000  4.919211e-01 
 1106.000  4.837865e-01 
 1107.000  4.859314e-01 
 1108.000  4.875733e-01 
 1109.000  4.947280e-01 
 1110.000  4.941296e-01 
 1111.000  4.904141e-01 
 1112.000  4.734386e-01 
 1113.000  4.501486e-01 
 1114.000  4.442153e-01 
 1115.000  4.152550e-01 
 1116.000  3.970587e-01 
 1117.000  3.537923e-01 
 1118.000  3.137336e-01 
 1119.000  2.924704e-01 
 1120.000  2.653721e-01 
 1121.000  2.593934e-01 
 1122.000  2.303416e-01 
 1123.000  2.465813e-01 
 1124.000  2.574158e-01 
 1125.000  2.518341e-01 
 1126.000  2.495355e-01 
 1127.000  2.518569e-01 
 1128.000  2.563673e-01 
 1129.000  2.845361e-01 
 1130.000  3.492149e-01 
 1131.000  3.675642e-01 
 1132.000  3.425606e-01 
 1133.000  2.957451e-01 
 1134.000  2.084313e-01 
 1135.000  2.151328e-01 
 1136.000  3.022347e-01 
 1137.000  3.482006e-01 
 1138.000  3.914569e-01 
 1139.000  4.038915e-01 
 1140.000  3.957258e-01 
 1141.000  3.787934e-01 
 1142.000  3.729306e-01 
 1143.000  3.544000e-01 
 1144.000  3.332338e-01 
 1145.000  3.023045e-01 
 1146.000  3.096277e-01 
 1147.000  3.337267e-01 
 1148.000  3.548904e-01 
 1149.000  3.632565e-01 
 1150.000  3.633608e-01 
