  320.000  7.896105e-02 
  321.000  1.051444e-01 
  322.000  9.460552e-02 
  323.000  1.080161e-01 
  324.000  1.219758e-01 
  325.000  1.115273e-01 
  326.000  1.288214e-01 
  327.000  1.337789e-01 
  328.000  1.231428e-01 
  329.000  1.437882e-01 
  330.000  1.471473e-01 
  331.000  1.405234e-01 
  332.000  1.533945e-01 
  333.000  1.572106e-01 
  334.000  1.540753e-01 
  335.000  1.637378e-01 
  336.000  1.677009e-01 
  337.000  1.660272e-01 
  338.000  1.706932e-01 
  339.000  1.755490e-01 
  340.000  1.747483e-01 
  341.000  1.794957e-01 
  342.000  1.829914e-01 
  343.000  1.847548e-01 
  344.000  1.851157e-01 
  345.000  1.899017e-01 
  346.000  1.929421e-01 
  347.000  1.954315e-01 
  348.000  1.977716e-01 
  349.000  2.004097e-01 
  350.000  2.026727e-01 
  351.000  2.049338e-01 
  352.000  2.067941e-01 
  353.000  2.094475e-01 
  354.000  2.117139e-01 
  355.000  2.138292e-01 
  356.000  2.158960e-01 
  357.000  2.177400e-01 
  358.000  2.197290e-01 
  359.000  2.217211e-01 
  360.000  2.237664e-01 
  361.000  2.263575e-01 
  362.000  2.290644e-01 
  363.000  2.315651e-01 
  364.000  2.338731e-01 
  365.000  2.360436e-01 
  366.000  2.382687e-01 
  367.000  2.403924e-01 
  368.000  2.425019e-01 
  369.000  2.445980e-01 
  370.000  2.466772e-01 
  371.000  2.487448e-01 
  372.000  2.508000e-01 
  373.000  2.528421e-01 
  374.000  2.548556e-01 
  375.000  2.568344e-01 
  376.000  2.587498e-01 
  377.000  2.605636e-01 
  378.000  2.622513e-01 
  379.000  2.639691e-01 
  380.000  2.658617e-01 
  381.000  2.680204e-01 
  382.000  2.702622e-01 
  383.000  2.723866e-01 
  384.000  2.744057e-01 
  385.000  2.763548e-01 
  386.000  2.782573e-01 
  387.000  2.801322e-01 
  388.000  2.819863e-01 
  389.000  2.838280e-01 
  390.000  2.856579e-01 
  391.000  2.874718e-01 
  392.000  2.892750e-01 
  393.000  2.910661e-01 
  394.000  2.928430e-01 
  395.000  2.946045e-01 
  396.000  2.963570e-01 
  397.000  2.980916e-01 
  398.000  2.998127e-01 
  399.000  3.015215e-01 
  400.000  3.032088e-01 
  401.000  3.048919e-01 
  402.000  3.065637e-01 
  403.000  3.082232e-01 
  404.000  3.098701e-01 
  405.000  3.115009e-01 
  406.000  3.131228e-01 
  407.000  3.147340e-01 
  408.000  3.163331e-01 
  409.000  3.179182e-01 
  410.000  3.194902e-01 
  411.000  3.210483e-01 
  412.000  3.225915e-01 
  413.000  3.241276e-01 
  414.000  3.255548e-01 
  415.000  3.271005e-01 
  416.000  3.286284e-01 
  417.000  3.301323e-01 
  418.000  3.316032e-01 
  419.000  3.330593e-01 
  420.000  3.345038e-01 
  421.000  3.359411e-01 
  422.000  3.373709e-01 
  423.000  3.387914e-01 
  424.000  3.401966e-01 
  425.000  3.415708e-01 
  426.000  3.429329e-01 
  427.000  3.442843e-01 
  428.000  3.456128e-01 
  429.000  3.469239e-01 
  430.000  3.482210e-01 
  431.000  3.495094e-01 
  432.000  3.507855e-01 
  433.000  3.520505e-01 
  434.000  3.533059e-01 
  435.000  3.545501e-01 
  436.000  3.557813e-01 
  437.000  3.570002e-01 
  438.000  3.582061e-01 
  439.000  3.594036e-01 
  440.000  3.605828e-01 
  441.000  3.617478e-01 
  442.000  3.628953e-01 
  443.000  3.640263e-01 
  444.000  3.651403e-01 
  445.000  3.662311e-01 
  446.000  3.672924e-01 
  447.000  3.684061e-01 
  448.000  3.696011e-01 
  449.000  3.708116e-01 
  450.000  3.719997e-01 
  451.000  3.731421e-01 
  452.000  3.742453e-01 
  453.000  3.753267e-01 
  454.000  3.763892e-01 
  455.000  3.773907e-01 
  456.000  3.783119e-01 
  457.000  3.792339e-01 
  458.000  3.801439e-01 
  459.000  3.810351e-01 
  460.000  3.819198e-01 
  461.000  3.827955e-01 
  462.000  3.836550e-01 
  463.000  3.845111e-01 
  464.000  3.856265e-01 
  465.000  3.867258e-01 
  466.000  3.878064e-01 
  467.000  3.888627e-01 
  468.000  3.897236e-01 
  469.000  3.904653e-01 
  470.000  3.911478e-01 
  471.000  3.917623e-01 
  472.000  3.922844e-01 
  473.000  3.926503e-01 
  474.000  3.929509e-01 
  475.000  3.930281e-01 
  476.000  3.928793e-01 
  477.000  3.928763e-01 
  478.000  3.937462e-01 
  479.000  3.950713e-01 
  480.000  3.965026e-01 
  481.000  3.977877e-01 
  482.000  3.989938e-01 
  483.000  4.000430e-01 
  484.000  4.009452e-01 
  485.000  4.017524e-01 
  486.000  4.026138e-01 
  487.000  4.035209e-01 
  488.000  4.043994e-01 
  489.000  4.052621e-01 
  490.000  4.061149e-01 
  491.000  4.067831e-01 
  492.000  4.073941e-01 
  493.000  4.080022e-01 
  494.000  4.085934e-01 
  495.000  4.091847e-01 
  496.000  4.094895e-01 
  497.000  4.097827e-01 
  498.000  4.100717e-01 
  499.000  4.103452e-01 
  500.000  4.106144e-01 
  501.000  4.108537e-01 
  502.000  4.110930e-01 
  503.000  4.113294e-01 
  504.000  4.115550e-01 
  505.000  4.117682e-01 
  506.000  4.123930e-01 
  507.000  4.130360e-01 
  508.000  4.136784e-01 
  509.000  4.143136e-01 
  510.000  4.149354e-01 
  511.000  4.154930e-01 
  512.000  4.160317e-01 
  513.000  4.165674e-01 
  514.000  4.170966e-01 
  515.000  4.176213e-01 
  516.000  4.179963e-01 
  517.000  4.182367e-01 
  518.000  4.184705e-01 
  519.000  4.186999e-01 
  520.000  4.189271e-01 
  521.000  4.191307e-01 
  522.000  4.192775e-01 
  523.000  4.193833e-01 
  524.000  4.194928e-01 
  525.000  4.195790e-01 
  526.000  4.197000e-01 
  527.000  4.197195e-01 
  528.000  4.196978e-01 
  529.000  4.196750e-01 
  530.000  4.196572e-01 
  531.000  4.196427e-01 
  532.000  4.196754e-01 
  533.000  4.199704e-01 
  534.000  4.203431e-01 
  535.000  4.207638e-01 
  536.000  4.211706e-01 
  537.000  4.215428e-01 
  538.000  4.218757e-01 
  539.000  4.221842e-01 
  540.000  4.224736e-01 
  541.000  4.227546e-01 
  542.000  4.230233e-01 
  543.000  4.232826e-01 
  544.000  4.234787e-01 
  545.000  4.236231e-01 
  546.000  4.237610e-01 
  547.000  4.239027e-01 
  548.000  4.240373e-01 
  549.000  4.241698e-01 
  550.000  4.242341e-01 
  551.000  4.242307e-01 
  552.000  4.242299e-01 
  553.000  4.242152e-01 
  554.000  4.241941e-01 
  555.000  4.241692e-01 
  556.000  4.241186e-01 
  557.000  4.240237e-01 
  558.000  4.239212e-01 
  559.000  4.238067e-01 
  560.000  4.236635e-01 
  561.000  4.234939e-01 
  562.000  4.231851e-01 
  563.000  4.229798e-01 
  564.000  4.227155e-01 
  565.000  4.223281e-01 
  566.000  4.220261e-01 
  567.000  4.212448e-01 
  568.000  4.192855e-01 
  569.000  4.156065e-01 
  570.000  4.159245e-01 
  571.000  4.180902e-01 
  572.000  4.154814e-01 
  573.000  4.158623e-01 
  574.000  4.156878e-01 
  575.000  4.154069e-01 
  576.000  4.155695e-01 
  577.000  4.165657e-01 
  578.000  4.179765e-01 
  579.000  4.193916e-01 
  580.000  4.209332e-01 
  581.000  4.229876e-01 
  582.000  4.244881e-01 
  583.000  4.255528e-01 
  584.000  4.265228e-01 
  585.000  4.272749e-01 
  586.000  4.279814e-01 
  587.000  4.273984e-01 
  588.000  4.229171e-01 
  589.000  4.152955e-01 
  590.000  4.150616e-01 
  591.000  4.207318e-01 
  592.000  4.180811e-01 
  593.000  4.244863e-01 
  594.000  4.233332e-01 
  595.000  4.191825e-01 
  596.000  4.251754e-01 
  597.000  4.235408e-01 
  598.000  4.257920e-01 
  599.000  4.265443e-01 
  600.000  4.285424e-01 
  601.000  4.296665e-01 
  602.000  4.298836e-01 
  603.000  4.305944e-01 
  604.000  4.316720e-01 
  605.000  4.324647e-01 
  606.000  4.330732e-01 
  607.000  4.336624e-01 
  608.000  4.342367e-01 
  609.000  4.347871e-01 
  610.000  4.353585e-01 
  611.000  4.359936e-01 
  612.000  4.366158e-01 
  613.000  4.372188e-01 
  614.000  4.378043e-01 
  615.000  4.383884e-01 
  616.000  4.389513e-01 
  617.000  4.394832e-01 
  618.000  4.399292e-01 
  619.000  4.403065e-01 
  620.000  4.406560e-01 
  621.000  4.409562e-01 
  622.000  4.412073e-01 
  623.000  4.413752e-01 
  624.000  4.415541e-01 
  625.000  4.417038e-01 
  626.000  4.415483e-01 
  627.000  4.392646e-01 
  628.000  4.224669e-01 
  629.000  4.331151e-01 
  630.000  4.350517e-01 
  631.000  4.384014e-01 
  632.000  4.388399e-01 
  633.000  4.424944e-01 
  634.000  4.446873e-01 
  635.000  4.458669e-01 
  636.000  4.474039e-01 
  637.000  4.487193e-01 
  638.000  4.507155e-01 
  639.000  4.517643e-01 
  640.000  4.531931e-01 
  641.000  4.541132e-01 
  642.000  4.552288e-01 
  643.000  4.552075e-01 
  644.000  4.558634e-01 
  645.000  4.553795e-01 
  646.000  4.515511e-01 
  647.000  4.489329e-01 
  648.000  4.459238e-01 
  649.000  4.495012e-01 
  650.000  4.559040e-01 
  651.000  4.563376e-01 
  652.000  4.515187e-01 
  653.000  4.579931e-01 
  654.000  4.577597e-01 
  655.000  4.559871e-01 
  656.000  4.571868e-01 
  657.000  4.587891e-01 
  658.000  4.612769e-01 
  659.000  4.627380e-01 
  660.000  4.637155e-01 
  661.000  4.656678e-01 
  662.000  4.668052e-01 
  663.000  4.671184e-01 
  664.000  4.677799e-01 
  665.000  4.684020e-01 
  666.000  4.691706e-01 
  667.000  4.698446e-01 
  668.000  4.705950e-01 
  669.000  4.711778e-01 
  670.000  4.717120e-01 
  671.000  4.722655e-01 
  672.000  4.727768e-01 
  673.000  4.732811e-01 
  674.000  4.737817e-01 
  675.000  4.742825e-01 
  676.000  4.747554e-01 
  677.000  4.751897e-01 
  678.000  4.756246e-01 
  679.000  4.760023e-01 
  680.000  4.761343e-01 
  681.000  4.761736e-01 
  682.000  4.764623e-01 
  683.000  4.766970e-01 
  684.000  4.766692e-01 
  685.000  4.773303e-01 
  686.000  4.751721e-01 
  687.000  3.977068e-01 
  688.000  4.216590e-01 
  689.000  4.149996e-01 
  690.000  4.275586e-01 
  691.000  4.446668e-01 
  692.000  4.559011e-01 
  693.000  4.553024e-01 
  694.000  4.521813e-01 
  695.000  4.581389e-01 
  696.000  4.615456e-01 
  697.000  4.744223e-01 
  698.000  4.720253e-01 
  699.000  4.608751e-01 
  700.000  4.629008e-01 
  701.000  4.605127e-01 
  702.000  4.625085e-01 
  703.000  4.721253e-01 
  704.000  4.726734e-01 
  705.000  4.688861e-01 
  706.000  4.697655e-01 
  707.000  4.712816e-01 
  708.000  4.729105e-01 
  709.000  4.761222e-01 
  710.000  4.729412e-01 
  711.000  4.764230e-01 
  712.000  4.794043e-01 
  713.000  4.772192e-01 
  714.000  4.765609e-01 
  715.000  4.729465e-01 
  716.000  4.691986e-01 
  717.000  4.445954e-01 
  718.000  4.294780e-01 
  719.000  4.241061e-01 
  720.000  4.158735e-01 
  721.000  4.523284e-01 
  722.000  4.653294e-01 
  723.000  4.581541e-01 
  724.000  4.375227e-01 
  725.000  4.406992e-01 
  726.000  4.397898e-01 
  727.000  4.427966e-01 
  728.000  4.396489e-01 
  729.000  4.476667e-01 
  730.000  4.463373e-01 
  731.000  4.447177e-01 
  732.000  4.582019e-01 
  733.000  4.710930e-01 
  734.000  4.773231e-01 
  735.000  4.752080e-01 
  736.000  4.711978e-01 
  737.000  4.743130e-01 
  738.000  4.785746e-01 
  739.000  4.804361e-01 
  740.000  4.845036e-01 
  741.000  4.868738e-01 
  742.000  4.878981e-01 
  743.000  4.899035e-01 
  744.000  4.909133e-01 
  745.000  4.917096e-01 
  746.000  4.923588e-01 
  747.000  4.925887e-01 
  748.000  4.932544e-01 
  749.000  4.936399e-01 
  750.000  4.935131e-01 
  751.000  4.936959e-01 
  752.000  4.943358e-01 
  753.000  4.946334e-01 
  754.000  4.948804e-01 
  755.000  4.950618e-01 
  756.000  4.952488e-01 
  757.000  4.953797e-01 
  758.000  4.942613e-01 
  759.000  4.520493e-01 
  760.000  1.675343e-01 
  761.000  1.442241e-01 
  762.000  2.977988e-01 
  763.000  2.474640e-01 
  764.000  2.721483e-01 
  765.000  3.300498e-01 
  766.000  4.030736e-01 
  767.000  4.411376e-01 
  768.000  4.664544e-01 
  769.000  4.833470e-01 
  770.000  4.925988e-01 
  771.000  4.968435e-01 
  772.000  4.979358e-01 
  773.000  4.984255e-01 
  774.000  4.990930e-01 
  775.000  4.995082e-01 
  776.000  4.998015e-01 
  777.000  4.999098e-01 
  778.000  4.999342e-01 
  779.000  4.999442e-01 
  780.000  4.999498e-01 
  781.000  5.002351e-01 
  782.000  5.002326e-01 
  783.000  5.002386e-01 
  784.000  5.000620e-01 
  785.000  4.991292e-01 
  786.000  4.977920e-01 
  787.000  4.949622e-01 
  788.000  4.933857e-01 
  789.000  4.876549e-01 
  790.000  4.871959e-01 
  791.000  4.883210e-01 
  792.000  4.893623e-01 
  793.000  4.917437e-01 
  794.000  4.967570e-01 
  795.000  4.937480e-01 
  796.000  4.856744e-01 
  797.000  4.880260e-01 
  798.000  4.931808e-01 
  799.000  4.920444e-01 
  800.000  4.883480e-01 
  801.000  4.888243e-01 
  802.000  4.884792e-01 
  803.000  4.890559e-01 
  804.000  4.908393e-01 
  805.000  4.942286e-01 
  806.000  4.962631e-01 
  807.000  4.963829e-01 
  808.000  4.952780e-01 
  809.000  4.939131e-01 
  810.000  4.924157e-01 
  811.000  4.893090e-01 
  812.000  4.851186e-01 
  813.000  4.799773e-01 
  814.000  4.731835e-01 
  815.000  4.647283e-01 
  816.000  4.538517e-01 
  817.000  4.544931e-01 
  818.000  4.554093e-01 
  819.000  4.590227e-01 
  820.000  4.710545e-01 
  821.000  4.847915e-01 
  822.000  4.743887e-01 
  823.000  4.453094e-01 
  824.000  4.698594e-01 
  825.000  4.856530e-01 
  826.000  4.829776e-01 
  827.000  4.810099e-01 
  828.000  4.706485e-01 
  829.000  4.744146e-01 
  830.000  4.786286e-01 
  831.000  4.796344e-01 
  832.000  4.800834e-01 
  833.000  4.825214e-01 
  834.000  4.853868e-01 
  835.000  4.910509e-01 
  836.000  4.892574e-01 
  837.000  4.890861e-01 
  838.000  4.918579e-01 
  839.000  4.935479e-01 
  840.000  4.941777e-01 
  841.000  4.923920e-01 
  842.000  4.940394e-01 
  843.000  4.979200e-01 
  844.000  4.996916e-01 
  845.000  5.005302e-01 
  846.000  5.014109e-01 
  847.000  5.021722e-01 
  848.000  5.008440e-01 
  849.000  5.010682e-01 
  850.000  5.003210e-01 
  851.000  4.994254e-01 
  852.000  4.995405e-01 
  853.000  5.010827e-01 
  854.000  5.010230e-01 
  855.000  5.018092e-01 
  856.000  5.032477e-01 
  857.000  5.039182e-01 
  858.000  5.043228e-01 
  859.000  5.050425e-01 
  860.000  5.055435e-01 
  861.000  5.056354e-01 
  862.000  5.059104e-01 
  863.000  5.059636e-01 
  864.000  5.061585e-01 
  865.000  5.063214e-01 
  866.000  5.063791e-01 
  867.000  5.063714e-01 
  868.000  5.064132e-01 
  869.000  5.064805e-01 
  870.000  5.064635e-01 
  871.000  5.065278e-01 
  872.000  5.066584e-01 
  873.000  5.065650e-01 
  874.000  5.065227e-01 
  875.000  5.065268e-01 
  876.000  5.063499e-01 
  877.000  5.062688e-01 
  878.000  5.057935e-01 
  879.000  5.057758e-01 
  880.000  5.053831e-01 
  881.000  5.051382e-01 
  882.000  5.049036e-01 
  883.000  5.051743e-01 
  884.000  5.052944e-01 
  885.000  5.044513e-01 
  886.000  5.032815e-01 
  887.000  5.041950e-01 
  888.000  5.041553e-01 
  889.000  5.044878e-01 
  890.000  5.038450e-01 
  891.000  5.025812e-01 
  892.000  4.995331e-01 
  893.000  4.902174e-01 
  894.000  4.855890e-01 
  895.000  4.714022e-01 
  896.000  4.586914e-01 
  897.000  4.452925e-01 
  898.000  4.390338e-01 
  899.000  4.213117e-01 
  900.000  4.238931e-01 
  901.000  4.192920e-01 
  902.000  4.201470e-01 
  903.000  4.499673e-01 
  904.000  4.681704e-01 
  905.000  4.675196e-01 
  906.000  4.561600e-01 
  907.000  4.360650e-01 
  908.000  4.228268e-01 
  909.000  4.234067e-01 
  910.000  4.254177e-01 
  911.000  4.342317e-01 
  912.000  4.299826e-01 
  913.000  4.114824e-01 
  914.000  4.206458e-01 
  915.000  4.278654e-01 
  916.000  4.298283e-01 
  917.000  4.337519e-01 
  918.000  4.388219e-01 
  919.000  4.560464e-01 
  920.000  4.690586e-01 
  921.000  4.662050e-01 
  922.000  4.659735e-01 
  923.000  4.623591e-01 
  924.000  4.536529e-01 
  925.000  4.529490e-01 
  926.000  4.527665e-01 
  927.000  4.426135e-01 
  928.000  4.269878e-01 
  929.000  4.044247e-01 
  930.000  3.757326e-01 
  931.000  3.436724e-01 
  932.000  3.017904e-01 
  933.000  2.705257e-01 
  934.000  2.384052e-01 
  935.000  2.350024e-01 
  936.000  2.477364e-01 
  937.000  2.444941e-01 
  938.000  2.802582e-01 
  939.000  3.729845e-01 
  940.000  3.867557e-01 
  941.000  3.748630e-01 
  942.000  3.456886e-01 
  943.000  2.970948e-01 
  944.000  2.937109e-01 
  945.000  3.112186e-01 
  946.000  3.121893e-01 
  947.000  3.277716e-01 
  948.000  3.369087e-01 
  949.000  3.357043e-01 
  950.000  3.380426e-01 
  951.000  3.584802e-01 
  952.000  3.366207e-01 
  953.000  3.519313e-01 
  954.000  3.683347e-01 
  955.000  3.550161e-01 
  956.000  3.520056e-01 
  957.000  3.934790e-01 
  958.000  3.988269e-01 
  959.000  3.919300e-01 
  960.000  3.899230e-01 
  961.000  3.864659e-01 
  962.000  3.896104e-01 
  963.000  4.123240e-01 
  964.000  4.155817e-01 
  965.000  4.134121e-01 
  966.000  4.146407e-01 
  967.000  4.308156e-01 
  968.000  4.577646e-01 
  969.000  4.699139e-01 
  970.000  4.705702e-01 
  971.000  4.702879e-01 
  972.000  4.668487e-01 
  973.000  4.588868e-01 
  974.000  4.491751e-01 
  975.000  4.429310e-01 
  976.000  4.505809e-01 
  977.000  4.632002e-01 
  978.000  4.621791e-01 
  979.000  4.654458e-01 
  980.000  4.782924e-01 
  981.000  4.811392e-01 
  982.000  4.782845e-01 
  983.000  4.848734e-01 
  984.000  4.916519e-01 
  985.000  4.955028e-01 
  986.000  5.004682e-01 
  987.000  5.026208e-01 
  988.000  5.031175e-01 
  989.000  5.034376e-01 
  990.000  5.039677e-01 
  991.000  5.058187e-01 
  992.000  5.063498e-01 
  993.000  5.065530e-01 
  994.000  5.079859e-01 
  995.000  5.091382e-01 
  996.000  5.091342e-01 
  997.000  5.084448e-01 
  998.000  5.076457e-01 
  999.000  5.073300e-01 
 1000.000  5.076036e-01 
 1001.000  5.060281e-01 
 1002.000  5.032104e-01 
 1003.000  5.038903e-01 
 1004.000  5.055249e-01 
 1005.000  5.062762e-01 
 1006.000  5.065061e-01 
 1007.000  5.059738e-01 
 1008.000  5.036749e-01 
 1009.000  5.005946e-01 
 1010.000  5.019712e-01 
 1011.000  5.052441e-01 
 1012.000  5.064919e-01 
 1013.000  5.072617e-01 
 1014.000  5.076895e-01 
 1015.000  5.077657e-01 
 1016.000  5.082272e-01 
 1017.000  5.084117e-01 
 1018.000  5.079099e-01 
 1019.000  5.069469e-01 
 1020.000  5.071306e-01 
 1021.000  5.079877e-01 
 1022.000  5.067699e-01 
 1023.000  5.056056e-01 
 1024.000  5.049021e-01 
 1025.000  5.067840e-01 
 1026.000  5.077447e-01 
 1027.000  5.073152e-01 
 1028.000  5.076336e-01 
 1029.000  5.085158e-01 
 1030.000  5.093406e-01 
 1031.000  5.097414e-01 
 1032.000  5.100468e-01 
 1033.000  5.101351e-01 
 1034.000  5.103208e-01 
 1035.000  5.104008e-01 
 1036.000  5.102435e-01 
 1037.000  5.101925e-01 
 1038.000  5.102590e-01 
 1039.000  5.100901e-01 
 1040.000  5.099247e-01 
 1041.000  5.097918e-01 
 1042.000  5.097405e-01 
 1043.000  5.097067e-01 
 1044.000  5.095703e-01 
 1045.000  5.092320e-01 
 1046.000  5.089901e-01 
 1047.000  5.086891e-01 
 1048.000  5.082294e-01 
 1049.000  5.077227e-01 
 1050.000  5.073584e-01 
 1051.000  5.069461e-01 
 1052.000  5.065771e-01 
 1053.000  5.064008e-01 
 1054.000  5.058866e-01 
 1055.000  5.053580e-01 
 1056.000  5.048575e-01 
 1057.000  5.039550e-01 
 1058.000  5.023146e-01 
 1059.000  5.022368e-01 
 1060.000  5.027914e-01 
 1061.000  5.024961e-01 
 1062.000  5.014265e-01 
 1063.000  5.008762e-01 
 1064.000  4.999372e-01 
 1065.000  4.990539e-01 
 1066.000  4.991082e-01 
 1067.000  4.985518e-01 
 1068.000  4.971471e-01 
 1069.000  4.967185e-01 
 1070.000  4.973130e-01 
 1071.000  4.964812e-01 
 1072.000  4.955396e-01 
 1073.000  4.955428e-01 
 1074.000  4.959367e-01 
 1075.000  4.978651e-01 
 1076.000  4.969882e-01 
 1077.000  4.957291e-01 
 1078.000  4.942032e-01 
 1079.000  4.941500e-01 
 1080.000  4.897372e-01 
 1081.000  4.896068e-01 
 1082.000  4.917246e-01 
 1083.000  4.894392e-01 
 1084.000  4.869022e-01 
 1085.000  4.806919e-01 
 1086.000  4.822625e-01 
 1087.000  4.892842e-01 
 1088.000  4.896344e-01 
 1089.000  4.812731e-01 
 1090.000  4.797641e-01 
 1091.000  4.814425e-01 
 1092.000  4.773413e-01 
 1093.000  4.680318e-01 
 1094.000  4.639975e-01 
 1095.000  4.647054e-01 
 1096.000  4.653552e-01 
 1097.000  4.635539e-01 
 1098.000  4.407804e-01 
 1099.000  4.213549e-01 
 1100.000  4.227111e-01 
 1101.000  4.254369e-01 
 1102.000  4.241946e-01 
 1103.000  4.260141e-01 
 1104.000  4.227919e-01 
 1105.000  4.146529e-01 
 1106.000  4.064074e-01 
 1107.000  4.085153e-01 
 1108.000  4.100893e-01 
 1109.000  4.172287e-01 
 1110.000  4.164631e-01 
 1111.000  4.126066e-01 
 1112.000  3.953443e-01 
 1113.000  3.717609e-01 
 1114.000  3.655019e-01 
 1115.000  3.365543e-01 
 1116.000  3.186262e-01 
 1117.000  2.770749e-01 
 1118.000  2.393136e-01 
 1119.000  2.194667e-01 
 1120.000  1.948713e-01 
 1121.000  1.894625e-01 
 1122.000  1.640836e-01 
 1123.000  1.779341e-01 
 1124.000  1.872996e-01 
 1125.000  1.824049e-01 
 1126.000  1.804377e-01 
 1127.000  1.825684e-01 
 1128.000  1.866950e-01 
 1129.000  2.118293e-01 
 1130.000  2.710738e-01 
 1131.000  2.883182e-01 
 1132.000  2.647678e-01 
 1133.000  2.219348e-01 
 1134.000  1.457285e-01 
 1135.000  1.514246e-01 
 1136.000  2.280531e-01 
 1137.000  2.705198e-01 
 1138.000  3.117998e-01 
 1139.000  3.242608e-01 
 1140.000  3.163850e-01 
 1141.000  3.003340e-01 
 1142.000  2.947088e-01 
 1143.000  2.770908e-01 
 1144.000  2.572888e-01 
 1145.000  2.287855e-01 
 1146.000  2.354973e-01 
 1147.000  2.577875e-01 
 1148.000  2.776504e-01 
 1149.000  2.856681e-01 
 1150.000  2.860159e-01 
