  320.000  2.887335e-01 
  321.000  3.419490e-01 
  322.000  3.212678e-01 
  323.000  3.474350e-01 
  324.000  3.732951e-01 
  325.000  3.540621e-01 
  326.000  3.855314e-01 
  327.000  3.942271e-01 
  328.000  3.754006e-01 
  329.000  4.113919e-01 
  330.000  4.170417e-01 
  331.000  4.058485e-01 
  332.000  4.274110e-01 
  333.000  4.336599e-01 
  334.000  4.285304e-01 
  335.000  4.442064e-01 
  336.000  4.505259e-01 
  337.000  4.478647e-01 
  338.000  4.552570e-01 
  339.000  4.628630e-01 
  340.000  4.616147e-01 
  341.000  4.689815e-01 
  342.000  4.743552e-01 
  343.000  4.770498e-01 
  344.000  4.776001e-01 
  345.000  4.848555e-01 
  346.000  4.894259e-01 
  347.000  4.931460e-01 
  348.000  4.966254e-01 
  349.000  5.005278e-01 
  350.000  5.038585e-01 
  351.000  5.071713e-01 
  352.000  5.098855e-01 
  353.000  5.137400e-01 
  354.000  5.170164e-01 
  355.000  5.200613e-01 
  356.000  5.230246e-01 
  357.000  5.256588e-01 
  358.000  5.284898e-01 
  359.000  5.313147e-01 
  360.000  5.342041e-01 
  361.000  5.378495e-01 
  362.000  5.416393e-01 
  363.000  5.451243e-01 
  364.000  5.483270e-01 
  365.000  5.513272e-01 
  366.000  5.543910e-01 
  367.000  5.573045e-01 
  368.000  5.601879e-01 
  369.000  5.630430e-01 
  370.000  5.658652e-01 
  371.000  5.686620e-01 
  372.000  5.714325e-01 
  373.000  5.741762e-01 
  374.000  5.768727e-01 
  375.000  5.795142e-01 
  376.000  5.820631e-01 
  377.000  5.844697e-01 
  378.000  5.867028e-01 
  379.000  5.889697e-01 
  380.000  5.914603e-01 
  381.000  5.942923e-01 
  382.000  5.972235e-01 
  383.000  5.999920e-01 
  384.000  6.026151e-01 
  385.000  6.051397e-01 
  386.000  6.075969e-01 
  387.000  6.100118e-01 
  388.000  6.123934e-01 
  389.000  6.147528e-01 
  390.000  6.170907e-01 
  391.000  6.194023e-01 
  392.000  6.216943e-01 
  393.000  6.239650e-01 
  394.000  6.262124e-01 
  395.000  6.284345e-01 
  396.000  6.306400e-01 
  397.000  6.328177e-01 
  398.000  6.349732e-01 
  399.000  6.371084e-01 
  400.000  6.392120e-01 
  401.000  6.413054e-01 
  402.000  6.433802e-01 
  403.000  6.454350e-01 
  404.000  6.474698e-01 
  405.000  6.494805e-01 
  406.000  6.514758e-01 
  407.000  6.534538e-01 
  408.000  6.554128e-01 
  409.000  6.573508e-01 
  410.000  6.592687e-01 
  411.000  6.611660e-01 
  412.000  6.630413e-01 
  413.000  6.649043e-01 
  414.000  6.666322e-01 
  415.000  6.684999e-01 
  416.000  6.703425e-01 
  417.000  6.721528e-01 
  418.000  6.739202e-01 
  419.000  6.756666e-01 
  420.000  6.773959e-01 
  421.000  6.791136e-01 
  422.000  6.808194e-01 
  423.000  6.825112e-01 
  424.000  6.841819e-01 
  425.000  6.858130e-01 
  426.000  6.874271e-01 
  427.000  6.890259e-01 
  428.000  6.905951e-01 
  429.000  6.921414e-01 
  430.000  6.936687e-01 
  431.000  6.951836e-01 
  432.000  6.966817e-01 
  433.000  6.981646e-01 
  434.000  6.996341e-01 
  435.000  7.010884e-01 
  436.000  7.025254e-01 
  437.000  7.039461e-01 
  438.000  7.053496e-01 
  439.000  7.067415e-01 
  440.000  7.081102e-01 
  441.000  7.094607e-01 
  442.000  7.107891e-01 
  443.000  7.120968e-01 
  444.000  7.133832e-01 
  445.000  7.146412e-01 
  446.000  7.158637e-01 
  447.000  7.171450e-01 
  448.000  7.185181e-01 
  449.000  7.199072e-01 
  450.000  7.212688e-01 
  451.000  7.225764e-01 
  452.000  7.238374e-01 
  453.000  7.250721e-01 
  454.000  7.262838e-01 
  455.000  7.274247e-01 
  456.000  7.284730e-01 
  457.000  7.295211e-01 
  458.000  7.305546e-01 
  459.000  7.315658e-01 
  460.000  7.325686e-01 
  461.000  7.335603e-01 
  462.000  7.345327e-01 
  463.000  7.355005e-01 
  464.000  7.367599e-01 
  465.000  7.379998e-01 
  466.000  7.392172e-01 
  467.000  7.404058e-01 
  468.000  7.413735e-01 
  469.000  7.422067e-01 
  470.000  7.429727e-01 
  471.000  7.436619e-01 
  472.000  7.442471e-01 
  473.000  7.446572e-01 
  474.000  7.449938e-01 
  475.000  7.450803e-01 
  476.000  7.449136e-01 
  477.000  7.449102e-01 
  478.000  7.458840e-01 
  479.000  7.473657e-01 
  480.000  7.489639e-01 
  481.000  7.503967e-01 
  482.000  7.517398e-01 
  483.000  7.529068e-01 
  484.000  7.539093e-01 
  485.000  7.548056e-01 
  486.000  7.557610e-01 
  487.000  7.567663e-01 
  488.000  7.577390e-01 
  489.000  7.586933e-01 
  490.000  7.596361e-01 
  491.000  7.603741e-01 
  492.000  7.610484e-01 
  493.000  7.617193e-01 
  494.000  7.623710e-01 
  495.000  7.630225e-01 
  496.000  7.633581e-01 
  497.000  7.636810e-01 
  498.000  7.639990e-01 
  499.000  7.642999e-01 
  500.000  7.645960e-01 
  501.000  7.648593e-01 
  502.000  7.651224e-01 
  503.000  7.653822e-01 
  504.000  7.656301e-01 
  505.000  7.658644e-01 
  506.000  7.665506e-01 
  507.000  7.672564e-01 
  508.000  7.679610e-01 
  509.000  7.686573e-01 
  510.000  7.693385e-01 
  511.000  7.699491e-01 
  512.000  7.705386e-01 
  513.000  7.711244e-01 
  514.000  7.717029e-01 
  515.000  7.722762e-01 
  516.000  7.726856e-01 
  517.000  7.729481e-01 
  518.000  7.732033e-01 
  519.000  7.734537e-01 
  520.000  7.737015e-01 
  521.000  7.739236e-01 
  522.000  7.740837e-01 
  523.000  7.741992e-01 
  524.000  7.743185e-01 
  525.000  7.744125e-01 
  526.000  7.745444e-01 
  527.000  7.745656e-01 
  528.000  7.745420e-01 
  529.000  7.745171e-01 
  530.000  7.744977e-01 
  531.000  7.744819e-01 
  532.000  7.745175e-01 
  533.000  7.748391e-01 
  534.000  7.752452e-01 
  535.000  7.757034e-01 
  536.000  7.761463e-01 
  537.000  7.765514e-01 
  538.000  7.769135e-01 
  539.000  7.772490e-01 
  540.000  7.775638e-01 
  541.000  7.778692e-01 
  542.000  7.781612e-01 
  543.000  7.784429e-01 
  544.000  7.786559e-01 
  545.000  7.788128e-01 
  546.000  7.789624e-01 
  547.000  7.791163e-01 
  548.000  7.792624e-01 
  549.000  7.794062e-01 
  550.000  7.794760e-01 
  551.000  7.794724e-01 
  552.000  7.794715e-01 
  553.000  7.794555e-01 
  554.000  7.794325e-01 
  555.000  7.794055e-01 
  556.000  7.793506e-01 
  557.000  7.792477e-01 
  558.000  7.791364e-01 
  559.000  7.790120e-01 
  560.000  7.788563e-01 
  561.000  7.786716e-01 
  562.000  7.782733e-01 
  563.000  7.780449e-01 
  564.000  7.777420e-01 
  565.000  7.772759e-01 
  566.000  7.769765e-01 
  567.000  7.759362e-01 
  568.000  7.726356e-01 
  569.000  7.656406e-01 
  570.000  7.666362e-01 
  571.000  7.714920e-01 
  572.000  7.666479e-01 
  573.000  7.678257e-01 
  574.000  7.680878e-01 
  575.000  7.677493e-01 
  576.000  7.679400e-01 
  577.000  7.696201e-01 
  578.000  7.718694e-01 
  579.000  7.737464e-01 
  580.000  7.754016e-01 
  581.000  7.778214e-01 
  582.000  7.794404e-01 
  583.000  7.804076e-01 
  584.000  7.812915e-01 
  585.000  7.819455e-01 
  586.000  7.825969e-01 
  587.000  7.808049e-01 
  588.000  7.713570e-01 
  589.000  7.563860e-01 
  590.000  7.556250e-01 
  591.000  7.661594e-01 
  592.000  7.608252e-01 
  593.000  7.728016e-01 
  594.000  7.703574e-01 
  595.000  7.622088e-01 
  596.000  7.737959e-01 
  597.000  7.709472e-01 
  598.000  7.755211e-01 
  599.000  7.772350e-01 
  600.000  7.813424e-01 
  601.000  7.840185e-01 
  602.000  7.847280e-01 
  603.000  7.859592e-01 
  604.000  7.873464e-01 
  605.000  7.883095e-01 
  606.000  7.889937e-01 
  607.000  7.896538e-01 
  608.000  7.902763e-01 
  609.000  7.908708e-01 
  610.000  7.914850e-01 
  611.000  7.921668e-01 
  612.000  7.928345e-01 
  613.000  7.934811e-01 
  614.000  7.941086e-01 
  615.000  7.947342e-01 
  616.000  7.953368e-01 
  617.000  7.959059e-01 
  618.000  7.963828e-01 
  619.000  7.967862e-01 
  620.000  7.971597e-01 
  621.000  7.974805e-01 
  622.000  7.977486e-01 
  623.000  7.979280e-01 
  624.000  7.981186e-01 
  625.000  7.982773e-01 
  626.000  7.979486e-01 
  627.000  7.939755e-01 
  628.000  7.712045e-01 
  629.000  7.848211e-01 
  630.000  7.882837e-01 
  631.000  7.926437e-01 
  632.000  7.917276e-01 
  633.000  7.975227e-01 
  634.000  8.002293e-01 
  635.000  8.013183e-01 
  636.000  8.030767e-01 
  637.000  8.044873e-01 
  638.000  8.072961e-01 
  639.000  8.082597e-01 
  640.000  8.100889e-01 
  641.000  8.109149e-01 
  642.000  8.122770e-01 
  643.000  8.115251e-01 
  644.000  8.121582e-01 
  645.000  8.107227e-01 
  646.000  8.027501e-01 
  647.000  7.973332e-01 
  648.000  7.912171e-01 
  649.000  7.973725e-01 
  650.000  8.088257e-01 
  651.000  8.092001e-01 
  652.000  7.998188e-01 
  653.000  8.114219e-01 
  654.000  8.105664e-01 
  655.000  8.068569e-01 
  656.000  8.086668e-01 
  657.000  8.112538e-01 
  658.000  8.154635e-01 
  659.000  8.180743e-01 
  660.000  8.194256e-01 
  661.000  8.226302e-01 
  662.000  8.242722e-01 
  663.000  8.243958e-01 
  664.000  8.252720e-01 
  665.000  8.260416e-01 
  666.000  8.269614e-01 
  667.000  8.277478e-01 
  668.000  8.286462e-01 
  669.000  8.292878e-01 
  670.000  8.298552e-01 
  671.000  8.304530e-01 
  672.000  8.309865e-01 
  673.000  8.315099e-01 
  674.000  8.320285e-01 
  675.000  8.325480e-01 
  676.000  8.330349e-01 
  677.000  8.334827e-01 
  678.000  8.339319e-01 
  679.000  8.342965e-01 
  680.000  8.342960e-01 
  681.000  8.341727e-01 
  682.000  8.344261e-01 
  683.000  8.344916e-01 
  684.000  8.339909e-01 
  685.000  8.349348e-01 
  686.000  8.319227e-01 
  687.000  7.287325e-01 
  688.000  7.612252e-01 
  689.000  7.518653e-01 
  690.000  7.687752e-01 
  691.000  7.906877e-01 
  692.000  8.035848e-01 
  693.000  7.973067e-01 
  694.000  7.883334e-01 
  695.000  7.977372e-01 
  696.000  8.031823e-01 
  697.000  8.261119e-01 
  698.000  8.214308e-01 
  699.000  8.009094e-01 
  700.000  8.043557e-01 
  701.000  7.997960e-01 
  702.000  8.031984e-01 
  703.000  8.204389e-01 
  704.000  8.212116e-01 
  705.000  8.141460e-01 
  706.000  8.155615e-01 
  707.000  8.181321e-01 
  708.000  8.209077e-01 
  709.000  8.265547e-01 
  710.000  8.206043e-01 
  711.000  8.267397e-01 
  712.000  8.319668e-01 
  713.000  8.278232e-01 
  714.000  8.264479e-01 
  715.000  8.196872e-01 
  716.000  8.126692e-01 
  717.000  7.679527e-01 
  718.000  7.404570e-01 
  719.000  7.305722e-01 
  720.000  7.155831e-01 
  721.000  7.811021e-01 
  722.000  8.043932e-01 
  723.000  7.912384e-01 
  724.000  7.538416e-01 
  725.000  7.593918e-01 
  726.000  7.576326e-01 
  727.000  7.629268e-01 
  728.000  7.571405e-01 
  729.000  7.714617e-01 
  730.000  7.689550e-01 
  731.000  7.659288e-01 
  732.000  7.900991e-01 
  733.000  8.132319e-01 
  734.000  8.243571e-01 
  735.000  8.204151e-01 
  736.000  8.130775e-01 
  737.000  8.186031e-01 
  738.000  8.261976e-01 
  739.000  8.294630e-01 
  740.000  8.367109e-01 
  741.000  8.408954e-01 
  742.000  8.426502e-01 
  743.000  8.465147e-01 
  744.000  8.482261e-01 
  745.000  8.495713e-01 
  746.000  8.506243e-01 
  747.000  8.508893e-01 
  748.000  8.518313e-01 
  749.000  8.523129e-01 
  750.000  8.520436e-01 
  751.000  8.522288e-01 
  752.000  8.530842e-01 
  753.000  8.534381e-01 
  754.000  8.537180e-01 
  755.000  8.539022e-01 
  756.000  8.540949e-01 
  757.000  8.542283e-01 
  758.000  8.529643e-01 
  759.000  7.978798e-01 
  760.000  3.812211e-01 
  761.000  3.409892e-01 
  762.000  5.847803e-01 
  763.000  5.094951e-01 
  764.000  5.468077e-01 
  765.000  6.311606e-01 
  766.000  7.323143e-01 
  767.000  7.831223e-01 
  768.000  8.162710e-01 
  769.000  8.381154e-01 
  770.000  8.496071e-01 
  771.000  8.552477e-01 
  772.000  8.566129e-01 
  773.000  8.572323e-01 
  774.000  8.579754e-01 
  775.000  8.583993e-01 
  776.000  8.587049e-01 
  777.000  8.587905e-01 
  778.000  8.587728e-01 
  779.000  8.587447e-01 
  780.000  8.587142e-01 
  781.000  8.590862e-01 
  782.000  8.590441e-01 
  783.000  8.590144e-01 
  784.000  8.587210e-01 
  785.000  8.571239e-01 
  786.000  8.546662e-01 
  787.000  8.491650e-01 
  788.000  8.462750e-01 
  789.000  8.359538e-01 
  790.000  8.350668e-01 
  791.000  8.370147e-01 
  792.000  8.388137e-01 
  793.000  8.430109e-01 
  794.000  8.519171e-01 
  795.000  8.464696e-01 
  796.000  8.319700e-01 
  797.000  8.361120e-01 
  798.000  8.452675e-01 
  799.000  8.431740e-01 
  800.000  8.365048e-01 
  801.000  8.372959e-01 
  802.000  8.366191e-01 
  803.000  8.375907e-01 
  804.000  8.407200e-01 
  805.000  8.467196e-01 
  806.000  8.502983e-01 
  807.000  8.504538e-01 
  808.000  8.484191e-01 
  809.000  8.459200e-01 
  810.000  8.431835e-01 
  811.000  8.375720e-01 
  812.000  8.300243e-01 
  813.000  8.207823e-01 
  814.000  8.085953e-01 
  815.000  7.934494e-01 
  816.000  7.740228e-01 
  817.000  7.751026e-01 
  818.000  7.766806e-01 
  819.000  7.830701e-01 
  820.000  8.044574e-01 
  821.000  8.289009e-01 
  822.000  8.102993e-01 
  823.000  7.584969e-01 
  824.000  8.021339e-01 
  825.000  8.302404e-01 
  826.000  8.254295e-01 
  827.000  8.218707e-01 
  828.000  8.033561e-01 
  829.000  8.100163e-01 
  830.000  8.174801e-01 
  831.000  8.192284e-01 
  832.000  8.199903e-01 
  833.000  8.242921e-01 
  834.000  8.293579e-01 
  835.000  8.394168e-01 
  836.000  8.361725e-01 
  837.000  8.358232e-01 
  838.000  8.407198e-01 
  839.000  8.436887e-01 
  840.000  8.447648e-01 
  841.000  8.415338e-01 
  842.000  8.444257e-01 
  843.000  8.513016e-01 
  844.000  8.544170e-01 
  845.000  8.558671e-01 
  846.000  8.573924e-01 
  847.000  8.590757e-01 
  848.000  8.562887e-01 
  849.000  8.566424e-01 
  850.000  8.552638e-01 
  851.000  8.536212e-01 
  852.000  8.537816e-01 
  853.000  8.564875e-01 
  854.000  8.563371e-01 
  855.000  8.576954e-01 
  856.000  8.604895e-01 
  857.000  8.616746e-01 
  858.000  8.622818e-01 
  859.000  8.636569e-01 
  860.000  8.643174e-01 
  861.000  8.644260e-01 
  862.000  8.647968e-01 
  863.000  8.648497e-01 
  864.000  8.651057e-01 
  865.000  8.653159e-01 
  866.000  8.653756e-01 
  867.000  8.653432e-01 
  868.000  8.653804e-01 
  869.000  8.654538e-01 
  870.000  8.654084e-01 
  871.000  8.654779e-01 
  872.000  8.656410e-01 
  873.000  8.654878e-01 
  874.000  8.654070e-01 
  875.000  8.653917e-01 
  876.000  8.651208e-01 
  877.000  8.649855e-01 
  878.000  8.641301e-01 
  879.000  8.640754e-01 
  880.000  8.633252e-01 
  881.000  8.628994e-01 
  882.000  8.624902e-01 
  883.000  8.628966e-01 
  884.000  8.630598e-01 
  885.000  8.615189e-01 
  886.000  8.594148e-01 
  887.000  8.610264e-01 
  888.000  8.609272e-01 
  889.000  8.614427e-01 
  890.000  8.602250e-01 
  891.000  8.576308e-01 
  892.000  8.521666e-01 
  893.000  8.355630e-01 
  894.000  8.272928e-01 
  895.000  8.020730e-01 
  896.000  7.794843e-01 
  897.000  7.556938e-01 
  898.000  7.445735e-01 
  899.000  7.132412e-01 
  900.000  7.177511e-01 
  901.000  7.096068e-01 
  902.000  7.111070e-01 
  903.000  7.637521e-01 
  904.000  7.959511e-01 
  905.000  7.947815e-01 
  906.000  7.746404e-01 
  907.000  7.390857e-01 
  908.000  7.156886e-01 
  909.000  7.166746e-01 
  910.000  7.201907e-01 
  911.000  7.357152e-01 
  912.000  7.281917e-01 
  913.000  6.955612e-01 
  914.000  7.116805e-01 
  915.000  7.243925e-01 
  916.000  7.278382e-01 
  917.000  7.347476e-01 
  918.000  7.436821e-01 
  919.000  7.741024e-01 
  920.000  7.971147e-01 
  921.000  7.920420e-01 
  922.000  7.916046e-01 
  923.000  7.851758e-01 
  924.000  7.697417e-01 
  925.000  7.684414e-01 
  926.000  7.680264e-01 
  927.000  7.500011e-01 
  928.000  7.223158e-01 
  929.000  6.824369e-01 
  930.000  6.318884e-01 
  931.000  5.756284e-01 
  932.000  5.023220e-01 
  933.000  4.480482e-01 
  934.000  3.926574e-01 
  935.000  3.867446e-01 
  936.000  4.085498e-01 
  937.000  4.030145e-01 
  938.000  4.647900e-01 
  939.000  6.261965e-01 
  940.000  6.503423e-01 
  941.000  6.295384e-01 
  942.000  5.785667e-01 
  943.000  4.940576e-01 
  944.000  4.881509e-01 
  945.000  5.184612e-01 
  946.000  5.201719e-01 
  947.000  5.473224e-01 
  948.000  5.632551e-01 
  949.000  5.611949e-01 
  950.000  5.652801e-01 
  951.000  6.009589e-01 
  952.000  5.628710e-01 
  953.000  5.896157e-01 
  954.000  6.183335e-01 
  955.000  5.951021e-01 
  956.000  5.899323e-01 
  957.000  6.625692e-01 
  958.000  6.719968e-01 
  959.000  6.599257e-01 
  960.000  6.564265e-01 
  961.000  6.503777e-01 
  962.000  6.559037e-01 
  963.000  6.957950e-01 
  964.000  7.015294e-01 
  965.000  6.977246e-01 
  966.000  6.998963e-01 
  967.000  7.283717e-01 
  968.000  7.759163e-01 
  969.000  7.973891e-01 
  970.000  7.985418e-01 
  971.000  7.980273e-01 
  972.000  7.919238e-01 
  973.000  7.778339e-01 
  974.000  7.606730e-01 
  975.000  7.496436e-01 
  976.000  7.631193e-01 
  977.000  7.853829e-01 
  978.000  7.835727e-01 
  979.000  7.893397e-01 
  980.000  8.120409e-01 
  981.000  8.170668e-01 
  982.000  8.120089e-01 
  983.000  8.236565e-01 
  984.000  8.356438e-01 
  985.000  8.424497e-01 
  986.000  8.512323e-01 
  987.000  8.550318e-01 
  988.000  8.558956e-01 
  989.000  8.564453e-01 
  990.000  8.573660e-01 
  991.000  8.606281e-01 
  992.000  8.615497e-01 
  993.000  8.618900e-01 
  994.000  8.647878e-01 
  995.000  8.667966e-01 
  996.000  8.667744e-01 
  997.000  8.654976e-01 
  998.000  8.640405e-01 
  999.000  8.634886e-01 
 1000.000  8.639322e-01 
 1001.000  8.607978e-01 
 1002.000  8.557852e-01 
 1003.000  8.569703e-01 
 1004.000  8.598467e-01 
 1005.000  8.611583e-01 
 1006.000  8.615786e-01 
 1007.000  8.606182e-01 
 1008.000  8.565320e-01 
 1009.000  8.510700e-01 
 1010.000  8.534989e-01 
 1011.000  8.592955e-01 
 1012.000  8.615003e-01 
 1013.000  8.632339e-01 
 1014.000  8.639571e-01 
 1015.000  8.640933e-01 
 1016.000  8.648757e-01 
 1017.000  8.652827e-01 
 1018.000  8.643456e-01 
 1019.000  8.623304e-01 
 1020.000  8.630369e-01 
 1021.000  8.644885e-01 
 1022.000  8.620496e-01 
 1023.000  8.600082e-01 
 1024.000  8.587859e-01 
 1025.000  8.625283e-01 
 1026.000  8.641808e-01 
 1027.000  8.634775e-01 
 1028.000  8.640549e-01 
 1029.000  8.656602e-01 
 1030.000  8.671657e-01 
 1031.000  8.679442e-01 
 1032.000  8.685487e-01 
 1033.000  8.687118e-01 
 1034.000  8.690572e-01 
 1035.000  8.692309e-01 
 1036.000  8.691167e-01 
 1037.000  8.691345e-01 
 1038.000  8.692390e-01 
 1039.000  8.690290e-01 
 1040.000  8.688440e-01 
 1041.000  8.686972e-01 
 1042.000  8.686528e-01 
 1043.000  8.686414e-01 
 1044.000  8.685068e-01 
 1045.000  8.681045e-01 
 1046.000  8.678308e-01 
 1047.000  8.675033e-01 
 1048.000  8.670747e-01 
 1049.000  8.666427e-01 
 1050.000  8.662090e-01 
 1051.000  8.655919e-01 
 1052.000  8.651799e-01 
 1053.000  8.651283e-01 
 1054.000  8.645028e-01 
 1055.000  8.638642e-01 
 1056.000  8.633307e-01 
 1057.000  8.619656e-01 
 1058.000  8.594953e-01 
 1059.000  8.596405e-01 
 1060.000  8.608736e-01 
 1061.000  8.605617e-01 
 1062.000  8.589895e-01 
 1063.000  8.583577e-01 
 1064.000  8.569779e-01 
 1065.000  8.553708e-01 
 1066.000  8.554892e-01 
 1067.000  8.546224e-01 
 1068.000  8.514772e-01 
 1069.000  8.500174e-01 
 1070.000  8.505305e-01 
 1071.000  8.485481e-01 
 1072.000  8.464965e-01 
 1073.000  8.461112e-01 
 1074.000  8.464207e-01 
 1075.000  8.494782e-01 
 1076.000  8.475754e-01 
 1077.000  8.450198e-01 
 1078.000  8.420118e-01 
 1079.000  8.416248e-01 
 1080.000  8.335668e-01 
 1081.000  8.331112e-01 
 1082.000  8.366620e-01 
 1083.000  8.323939e-01 
 1084.000  8.277194e-01 
 1085.000  8.165620e-01 
 1086.000  8.191764e-01 
 1087.000  8.314539e-01 
 1088.000  8.319331e-01 
 1089.000  8.170137e-01 
 1090.000  8.142115e-01 
 1091.000  8.170552e-01 
 1092.000  8.096578e-01 
 1093.000  7.931294e-01 
 1094.000  7.859281e-01 
 1095.000  7.870969e-01 
 1096.000  7.881693e-01 
 1097.000  7.848763e-01 
 1098.000  7.446775e-01 
 1099.000  7.104306e-01 
 1100.000  7.127461e-01 
 1101.000  7.174772e-01 
 1102.000  7.151913e-01 
 1103.000  7.183400e-01 
 1104.000  7.126453e-01 
 1105.000  6.982850e-01 
 1106.000  6.837867e-01 
 1107.000  6.873907e-01 
 1108.000  6.900398e-01 
 1109.000  7.024483e-01 
 1110.000  7.009607e-01 
 1111.000  6.941046e-01 
 1112.000  6.637732e-01 
 1113.000  6.224080e-01 
 1114.000  6.112473e-01 
 1115.000  5.606198e-01 
 1116.000  5.293769e-01 
 1117.000  4.575487e-01 
 1118.000  3.925029e-01 
 1119.000  3.583770e-01 
 1120.000  3.164138e-01 
 1121.000  3.071773e-01 
 1122.000  2.643617e-01 
 1123.000  2.875233e-01 
 1124.000  3.032220e-01 
 1125.000  2.949376e-01 
 1126.000  2.916401e-01 
 1127.000  2.952729e-01 
 1128.000  3.023374e-01 
 1129.000  3.449206e-01 
 1130.000  4.459045e-01 
 1131.000  4.754793e-01 
 1132.000  4.350429e-01 
 1133.000  3.620803e-01 
 1134.000  2.337114e-01 
 1135.000  2.432544e-01 
 1136.000  3.726392e-01 
 1137.000  4.452058e-01 
 1138.000  5.163452e-01 
 1139.000  5.381539e-01 
 1140.000  5.245436e-01 
 1141.000  4.969712e-01 
 1142.000  4.872674e-01 
 1143.000  4.569359e-01 
 1144.000  4.229763e-01 
 1145.000  3.742861e-01 
 1146.000  3.857514e-01 
 1147.000  4.238840e-01 
 1148.000  4.579834e-01 
 1149.000  4.718395e-01 
 1150.000  4.726003e-01 
