  320.000  2.540877e-01 
  321.000  3.040594e-01 
  322.000  2.845777e-01 
  323.000  3.092397e-01 
  324.000  3.337247e-01 
  325.000  3.155041e-01 
  326.000  3.453473e-01 
  327.000  3.536206e-01 
  328.000  3.357230e-01 
  329.000  3.699843e-01 
  330.000  3.753797e-01 
  331.000  3.646950e-01 
  332.000  3.852938e-01 
  333.000  3.912755e-01 
  334.000  3.863649e-01 
  335.000  4.013830e-01 
  336.000  4.074465e-01 
  337.000  4.048924e-01 
  338.000  4.119895e-01 
  339.000  4.192989e-01 
  340.000  4.180987e-01 
  341.000  4.251842e-01 
  342.000  4.303570e-01 
  343.000  4.329523e-01 
  344.000  4.334824e-01 
  345.000  4.404753e-01 
  346.000  4.448835e-01 
  347.000  4.484735e-01 
  348.000  4.518327e-01 
  349.000  4.556020e-01 
  350.000  4.588206e-01 
  351.000  4.620232e-01 
  352.000  4.646481e-01 
  353.000  4.683771e-01 
  354.000  4.715483e-01 
  355.000  4.744965e-01 
  356.000  4.773666e-01 
  357.000  4.799188e-01 
  358.000  4.826627e-01 
  359.000  4.854015e-01 
  360.000  4.882038e-01 
  361.000  4.917406e-01 
  362.000  4.954190e-01 
  363.000  4.988030e-01 
  364.000  5.019141e-01 
  365.000  5.048295e-01 
  366.000  5.078077e-01 
  367.000  5.106406e-01 
  368.000  5.134453e-01 
  369.000  5.162233e-01 
  370.000  5.189701e-01 
  371.000  5.216931e-01 
  372.000  5.243912e-01 
  373.000  5.270640e-01 
  374.000  5.296916e-01 
  375.000  5.322664e-01 
  376.000  5.347516e-01 
  377.000  5.370986e-01 
  378.000  5.392770e-01 
  379.000  5.414888e-01 
  380.000  5.439196e-01 
  381.000  5.466843e-01 
  382.000  5.495467e-01 
  383.000  5.522509e-01 
  384.000  5.548139e-01 
  385.000  5.572813e-01 
  386.000  5.596834e-01 
  387.000  5.620447e-01 
  388.000  5.643741e-01 
  389.000  5.666822e-01 
  390.000  5.689700e-01 
  391.000  5.712324e-01 
  392.000  5.734763e-01 
  393.000  5.756997e-01 
  394.000  5.779008e-01 
  395.000  5.800776e-01 
  396.000  5.822387e-01 
  397.000  5.843729e-01 
  398.000  5.864859e-01 
  399.000  5.885793e-01 
  400.000  5.906422e-01 
  401.000  5.926956e-01 
  402.000  5.947310e-01 
  403.000  5.967473e-01 
  404.000  5.987443e-01 
  405.000  6.007180e-01 
  406.000  6.026771e-01 
  407.000  6.046194e-01 
  408.000  6.065435e-01 
  409.000  6.084473e-01 
  410.000  6.103317e-01 
  411.000  6.121961e-01 
  412.000  6.140394e-01 
  413.000  6.158708e-01 
  414.000  6.175696e-01 
  415.000  6.194063e-01 
  416.000  6.212186e-01 
  417.000  6.229994e-01 
  418.000  6.247382e-01 
  419.000  6.264567e-01 
  420.000  6.281587e-01 
  421.000  6.298495e-01 
  422.000  6.315288e-01 
  423.000  6.331946e-01 
  424.000  6.348398e-01 
  425.000  6.364464e-01 
  426.000  6.380364e-01 
  427.000  6.396115e-01 
  428.000  6.411578e-01 
  429.000  6.426817e-01 
  430.000  6.441870e-01 
  431.000  6.456803e-01 
  432.000  6.471573e-01 
  433.000  6.486195e-01 
  434.000  6.500686e-01 
  435.000  6.515028e-01 
  436.000  6.529204e-01 
  437.000  6.543218e-01 
  438.000  6.557066e-01 
  439.000  6.570801e-01 
  440.000  6.584308e-01 
  441.000  6.597638e-01 
  442.000  6.610751e-01 
  443.000  6.623661e-01 
  444.000  6.636361e-01 
  445.000  6.648784e-01 
  446.000  6.660856e-01 
  447.000  6.673512e-01 
  448.000  6.687075e-01 
  449.000  6.700797e-01 
  450.000  6.714249e-01 
  451.000  6.727169e-01 
  452.000  6.739632e-01 
  453.000  6.751835e-01 
  454.000  6.763812e-01 
  455.000  6.775089e-01 
  456.000  6.785452e-01 
  457.000  6.795815e-01 
  458.000  6.806035e-01 
  459.000  6.816034e-01 
  460.000  6.825951e-01 
  461.000  6.835759e-01 
  462.000  6.845377e-01 
  463.000  6.854951e-01 
  464.000  6.867411e-01 
  465.000  6.879678e-01 
  466.000  6.891723e-01 
  467.000  6.903486e-01 
  468.000  6.913064e-01 
  469.000  6.921310e-01 
  470.000  6.928892e-01 
  471.000  6.935714e-01 
  472.000  6.941507e-01 
  473.000  6.945567e-01 
  474.000  6.948900e-01 
  475.000  6.949756e-01 
  476.000  6.948106e-01 
  477.000  6.948072e-01 
  478.000  6.957713e-01 
  479.000  6.972384e-01 
  480.000  6.988211e-01 
  481.000  7.002401e-01 
  482.000  7.015705e-01 
  483.000  7.027265e-01 
  484.000  7.037197e-01 
  485.000  7.046077e-01 
  486.000  7.055544e-01 
  487.000  7.065506e-01 
  488.000  7.075145e-01 
  489.000  7.084604e-01 
  490.000  7.093948e-01 
  491.000  7.101263e-01 
  492.000  7.107948e-01 
  493.000  7.114599e-01 
  494.000  7.121060e-01 
  495.000  7.127519e-01 
  496.000  7.130846e-01 
  497.000  7.134048e-01 
  498.000  7.137201e-01 
  499.000  7.140185e-01 
  500.000  7.143121e-01 
  501.000  7.145731e-01 
  502.000  7.148341e-01 
  503.000  7.150918e-01 
  504.000  7.153376e-01 
  505.000  7.155699e-01 
  506.000  7.162504e-01 
  507.000  7.169504e-01 
  508.000  7.176493e-01 
  509.000  7.183399e-01 
  510.000  7.190157e-01 
  511.000  7.196213e-01 
  512.000  7.202061e-01 
  513.000  7.207874e-01 
  514.000  7.213613e-01 
  515.000  7.219301e-01 
  516.000  7.223364e-01 
  517.000  7.225968e-01 
  518.000  7.228500e-01 
  519.000  7.230985e-01 
  520.000  7.233444e-01 
  521.000  7.235647e-01 
  522.000  7.237236e-01 
  523.000  7.238382e-01 
  524.000  7.239566e-01 
  525.000  7.240499e-01 
  526.000  7.241808e-01 
  527.000  7.242019e-01 
  528.000  7.241784e-01 
  529.000  7.241538e-01 
  530.000  7.241346e-01 
  531.000  7.241188e-01 
  532.000  7.241542e-01 
  533.000  7.244733e-01 
  534.000  7.248763e-01 
  535.000  7.253311e-01 
  536.000  7.257707e-01 
  537.000  7.261727e-01 
  538.000  7.265321e-01 
  539.000  7.268652e-01 
  540.000  7.271775e-01 
  541.000  7.274807e-01 
  542.000  7.277706e-01 
  543.000  7.280502e-01 
  544.000  7.282616e-01 
  545.000  7.284174e-01 
  546.000  7.285660e-01 
  547.000  7.287188e-01 
  548.000  7.288638e-01 
  549.000  7.290066e-01 
  550.000  7.290758e-01 
  551.000  7.290722e-01 
  552.000  7.290714e-01 
  553.000  7.290555e-01 
  554.000  7.290327e-01 
  555.000  7.290059e-01 
  556.000  7.289515e-01 
  557.000  7.288492e-01 
  558.000  7.287387e-01 
  559.000  7.286153e-01 
  560.000  7.284610e-01 
  561.000  7.282783e-01 
  562.000  7.279612e-01 
  563.000  7.277412e-01 
  564.000  7.274601e-01 
  565.000  7.270535e-01 
  566.000  7.267201e-01 
  567.000  7.259273e-01 
  568.000  7.237956e-01 
  569.000  7.195831e-01 
  570.000  7.199528e-01 
  571.000  7.224954e-01 
  572.000  7.194889e-01 
  573.000  7.198862e-01 
  574.000  7.198593e-01 
  575.000  7.195542e-01 
  576.000  7.197298e-01 
  577.000  7.208496e-01 
  578.000  7.223874e-01 
  579.000  7.239128e-01 
  580.000  7.255831e-01 
  581.000  7.278114e-01 
  582.000  7.294316e-01 
  583.000  7.305666e-01 
  584.000  7.315830e-01 
  585.000  7.324230e-01 
  586.000  7.331930e-01 
  587.000  7.325103e-01 
  588.000  7.274231e-01 
  589.000  7.189323e-01 
  590.000  7.186613e-01 
  591.000  7.249706e-01 
  592.000  7.220070e-01 
  593.000  7.291161e-01 
  594.000  7.278294e-01 
  595.000  7.232059e-01 
  596.000  7.298606e-01 
  597.000  7.280540e-01 
  598.000  7.305562e-01 
  599.000  7.313941e-01 
  600.000  7.335599e-01 
  601.000  7.349734e-01 
  602.000  7.352269e-01 
  603.000  7.360185e-01 
  604.000  7.371079e-01 
  605.000  7.379283e-01 
  606.000  7.385717e-01 
  607.000  7.391948e-01 
  608.000  7.398071e-01 
  609.000  7.403941e-01 
  610.000  7.410039e-01 
  611.000  7.416814e-01 
  612.000  7.423448e-01 
  613.000  7.429875e-01 
  614.000  7.436110e-01 
  615.000  7.442329e-01 
  616.000  7.448319e-01 
  617.000  7.453975e-01 
  618.000  7.458717e-01 
  619.000  7.462727e-01 
  620.000  7.466440e-01 
  621.000  7.469629e-01 
  622.000  7.472295e-01 
  623.000  7.474078e-01 
  624.000  7.475978e-01 
  625.000  7.477570e-01 
  626.000  7.476333e-01 
  627.000  7.450612e-01 
  628.000  7.227705e-01 
  629.000  7.369228e-01 
  630.000  7.389684e-01 
  631.000  7.431982e-01 
  632.000  7.440763e-01 
  633.000  7.484065e-01 
  634.000  7.508715e-01 
  635.000  7.522130e-01 
  636.000  7.538389e-01 
  637.000  7.552283e-01 
  638.000  7.573804e-01 
  639.000  7.584331e-01 
  640.000  7.599957e-01 
  641.000  7.609497e-01 
  642.000  7.621233e-01 
  643.000  7.620310e-01 
  644.000  7.627221e-01 
  645.000  7.622069e-01 
  646.000  7.579195e-01 
  647.000  7.550530e-01 
  648.000  7.517516e-01 
  649.000  7.556320e-01 
  650.000  7.625663e-01 
  651.000  7.630166e-01 
  652.000  7.577642e-01 
  653.000  7.647694e-01 
  654.000  7.644956e-01 
  655.000  7.625574e-01 
  656.000  7.638382e-01 
  657.000  7.655517e-01 
  658.000  7.682188e-01 
  659.000  7.699081e-01 
  660.000  7.709234e-01 
  661.000  7.730239e-01 
  662.000  7.741927e-01 
  663.000  7.744907e-01 
  664.000  7.752079e-01 
  665.000  7.758865e-01 
  666.000  7.766502e-01 
  667.000  7.773277e-01 
  668.000  7.780756e-01 
  669.000  7.786705e-01 
  670.000  7.792208e-01 
  671.000  7.797881e-01 
  672.000  7.803166e-01 
  673.000  7.808383e-01 
  674.000  7.813562e-01 
  675.000  7.818739e-01 
  676.000  7.823634e-01 
  677.000  7.828126e-01 
  678.000  7.832620e-01 
  679.000  7.836588e-01 
  680.000  7.838309e-01 
  681.000  7.839181e-01 
  682.000  7.842327e-01 
  683.000  7.844565e-01 
  684.000  7.843292e-01 
  685.000  7.850718e-01 
  686.000  7.823018e-01 
  687.000  6.818872e-01 
  688.000  7.131362e-01 
  689.000  7.044758e-01 
  690.000  7.207019e-01 
  691.000  7.429578e-01 
  692.000  7.578766e-01 
  693.000  7.587883e-01 
  694.000  7.562850e-01 
  695.000  7.632940e-01 
  696.000  7.672133e-01 
  697.000  7.814819e-01 
  698.000  7.788503e-01 
  699.000  7.665227e-01 
  700.000  7.687590e-01 
  701.000  7.660924e-01 
  702.000  7.682822e-01 
  703.000  7.788754e-01 
  704.000  7.794516e-01 
  705.000  7.752558e-01 
  706.000  7.762048e-01 
  707.000  7.778552e-01 
  708.000  7.796271e-01 
  709.000  7.831372e-01 
  710.000  7.796255e-01 
  711.000  7.834334e-01 
  712.000  7.866861e-01 
  713.000  7.842816e-01 
  714.000  7.835568e-01 
  715.000  7.795979e-01 
  716.000  7.755207e-01 
  717.000  7.482392e-01 
  718.000  7.312650e-01 
  719.000  7.252015e-01 
  720.000  7.157358e-01 
  721.000  7.569045e-01 
  722.000  7.712986e-01 
  723.000  7.633283e-01 
  724.000  7.402384e-01 
  725.000  7.438266e-01 
  726.000  7.427775e-01 
  727.000  7.461340e-01 
  728.000  7.425644e-01 
  729.000  7.515342e-01 
  730.000  7.499961e-01 
  731.000  7.481272e-01 
  732.000  7.631521e-01 
  733.000  7.773528e-01 
  734.000  7.841493e-01 
  735.000  7.818023e-01 
  736.000  7.773770e-01 
  737.000  7.807853e-01 
  738.000  7.854434e-01 
  739.000  7.874635e-01 
  740.000  7.918873e-01 
  741.000  7.944540e-01 
  742.000  7.955543e-01 
  743.000  7.978727e-01 
  744.000  7.989706e-01 
  745.000  7.998270e-01 
  746.000  8.005101e-01 
  747.000  8.007225e-01 
  748.000  8.013984e-01 
  749.000  8.017679e-01 
  750.000  8.016754e-01 
  751.000  8.018619e-01 
  752.000  8.024602e-01 
  753.000  8.027498e-01 
  754.000  8.029937e-01 
  755.000  8.031784e-01 
  756.000  8.033680e-01 
  757.000  8.035012e-01 
  758.000  8.022559e-01 
  759.000  7.487665e-01 
  760.000  3.488614e-01 
  761.000  3.108614e-01 
  762.000  5.430133e-01 
  763.000  4.708888e-01 
  764.000  5.065998e-01 
  765.000  5.876168e-01 
  766.000  6.852614e-01 
  767.000  7.344869e-01 
  768.000  7.666650e-01 
  769.000  7.878956e-01 
  770.000  7.991108e-01 
  771.000  8.045789e-01 
  772.000  8.059113e-01 
  773.000  8.065212e-01 
  774.000  8.072797e-01 
  775.000  8.077001e-01 
  776.000  8.079953e-01 
  777.000  8.081114e-01 
  778.000  8.081474e-01 
  779.000  8.081676e-01 
  780.000  8.081828e-01 
  781.000  8.084501e-01 
  782.000  8.084580e-01 
  783.000  8.084735e-01 
  784.000  8.083246e-01 
  785.000  8.073639e-01 
  786.000  8.058739e-01 
  787.000  8.026012e-01 
  788.000  8.008677e-01 
  789.000  7.945527e-01 
  790.000  7.940438e-01 
  791.000  7.952802e-01 
  792.000  7.964194e-01 
  793.000  7.990324e-01 
  794.000  8.045334e-01 
  795.000  8.012236e-01 
  796.000  7.923192e-01 
  797.000  7.949105e-01 
  798.000  8.005816e-01 
  799.000  7.993237e-01 
  800.000  7.952456e-01 
  801.000  7.957650e-01 
  802.000  7.953779e-01 
  803.000  7.960063e-01 
  804.000  7.979611e-01 
  805.000  8.016809e-01 
  806.000  8.039058e-01 
  807.000  8.040305e-01 
  808.000  8.028133e-01 
  809.000  8.013123e-01 
  810.000  7.996692e-01 
  811.000  7.962564e-01 
  812.000  7.916515e-01 
  813.000  7.859854e-01 
  814.000  7.784708e-01 
  815.000  7.690869e-01 
  816.000  7.568674e-01 
  817.000  7.576180e-01 
  818.000  7.586510e-01 
  819.000  7.626889e-01 
  820.000  7.761386e-01 
  821.000  7.913886e-01 
  822.000  7.798415e-01 
  823.000  7.471166e-01 
  824.000  7.747658e-01 
  825.000  7.922942e-01 
  826.000  7.892919e-01 
  827.000  7.871072e-01 
  828.000  7.755839e-01 
  829.000  7.797788e-01 
  830.000  7.844498e-01 
  831.000  7.855483e-01 
  832.000  7.860106e-01 
  833.000  7.886929e-01 
  834.000  7.918388e-01 
  835.000  7.980607e-01 
  836.000  7.960706e-01 
  837.000  7.958639e-01 
  838.000  7.989070e-01 
  839.000  8.007536e-01 
  840.000  8.014383e-01 
  841.000  7.994671e-01 
  842.000  8.012702e-01 
  843.000  8.055208e-01 
  844.000  8.074514e-01 
  845.000  8.083621e-01 
  846.000  8.092689e-01 
  847.000  8.103128e-01 
  848.000  8.086882e-01 
  849.000  8.089296e-01 
  850.000  8.081084e-01 
  851.000  8.071237e-01 
  852.000  8.072450e-01 
  853.000  8.089273e-01 
  854.000  8.088550e-01 
  855.000  8.096576e-01 
  856.000  8.114133e-01 
  857.000  8.121560e-01 
  858.000  8.125426e-01 
  859.000  8.133996e-01 
  860.000  8.138554e-01 
  861.000  8.139441e-01 
  862.000  8.141970e-01 
  863.000  8.142508e-01 
  864.000  8.144318e-01 
  865.000  8.145840e-01 
  866.000  8.146418e-01 
  867.000  8.146408e-01 
  868.000  8.146842e-01 
  869.000  8.147505e-01 
  870.000  8.147409e-01 
  871.000  8.148046e-01 
  872.000  8.149279e-01 
  873.000  8.148493e-01 
  874.000  8.148168e-01 
  875.000  8.148262e-01 
  876.000  8.146723e-01 
  877.000  8.146048e-01 
  878.000  8.140572e-01 
  879.000  8.140648e-01 
  880.000  8.135935e-01 
  881.000  8.133684e-01 
  882.000  8.131288e-01 
  883.000  8.134049e-01 
  884.000  8.135274e-01 
  885.000  8.125886e-01 
  886.000  8.112764e-01 
  887.000  8.123182e-01 
  888.000  8.122764e-01 
  889.000  8.126293e-01 
  890.000  8.118559e-01 
  891.000  8.102815e-01 
  892.000  8.069956e-01 
  893.000  7.966745e-01 
  894.000  7.915524e-01 
  895.000  7.756482e-01 
  896.000  7.613299e-01 
  897.000  7.461398e-01 
  898.000  7.390016e-01 
  899.000  7.184163e-01 
  900.000  7.214786e-01 
  901.000  7.160714e-01 
  902.000  7.169960e-01 
  903.000  7.515369e-01 
  904.000  7.722513e-01 
  905.000  7.714617e-01 
  906.000  7.585331e-01 
  907.000  7.354267e-01 
  908.000  7.200350e-01 
  909.000  7.207420e-01 
  910.000  7.230992e-01 
  911.000  7.333602e-01 
  912.000  7.284073e-01 
  913.000  7.066903e-01 
  914.000  7.174631e-01 
  915.000  7.258704e-01 
  916.000  7.281194e-01 
  917.000  7.326320e-01 
  918.000  7.384603e-01 
  919.000  7.582160e-01 
  920.000  7.729459e-01 
  921.000  7.696726e-01 
  922.000  7.693927e-01 
  923.000  7.652839e-01 
  924.000  7.553651e-01 
  925.000  7.546287e-01 
  926.000  7.546118e-01 
  927.000  7.431415e-01 
  928.000  7.253218e-01 
  929.000  6.992128e-01 
  930.000  6.653011e-01 
  931.000  6.263653e-01 
  932.000  5.743573e-01 
  933.000  5.334064e-01 
  934.000  4.894046e-01 
  935.000  4.848239e-01 
  936.000  5.028481e-01 
  937.000  4.980756e-01 
  938.000  5.462578e-01 
  939.000  6.640550e-01 
  940.000  6.805770e-01 
  941.000  6.660146e-01 
  942.000  6.299635e-01 
  943.000  5.677956e-01 
  944.000  5.634821e-01 
  945.000  5.864620e-01 
  946.000  5.875627e-01 
  947.000  6.072534e-01 
  948.000  6.186925e-01 
  949.000  6.169944e-01 
  950.000  6.198578e-01 
  951.000  6.452302e-01 
  952.000  6.177265e-01 
  953.000  6.366876e-01 
  954.000  6.566876e-01 
  955.000  6.400617e-01 
  956.000  6.359673e-01 
  957.000  6.863338e-01 
  958.000  6.925151e-01 
  959.000  6.840860e-01 
  960.000  6.815388e-01 
  961.000  6.772708e-01 
  962.000  6.809498e-01 
  963.000  7.079083e-01 
  964.000  7.116612e-01 
  965.000  7.090039e-01 
  966.000  7.103480e-01 
  967.000  7.291902e-01 
  968.000  7.601264e-01 
  969.000  7.738506e-01 
  970.000  7.745488e-01 
  971.000  7.742156e-01 
  972.000  7.703315e-01 
  973.000  7.612922e-01 
  974.000  7.501796e-01 
  975.000  7.429872e-01 
  976.000  7.517800e-01 
  977.000  7.661736e-01 
  978.000  7.649704e-01 
  979.000  7.686314e-01 
  980.000  7.831143e-01 
  981.000  7.862807e-01 
  982.000  7.830294e-01 
  983.000  7.903922e-01 
  984.000  7.979425e-01 
  985.000  8.022100e-01 
  986.000  8.077039e-01 
  987.000  8.100691e-01 
  988.000  8.106035e-01 
  989.000  8.109457e-01 
  990.000  8.115240e-01 
  991.000  8.135637e-01 
  992.000  8.140762e-01 
  993.000  8.142987e-01 
  994.000  8.161417e-01 
  995.000  8.174046e-01 
  996.000  8.174002e-01 
  997.000  8.166182e-01 
  998.000  8.157045e-01 
  999.000  8.153673e-01 
 1000.000  8.156589e-01 
 1001.000  8.137674e-01 
 1002.000  8.106472e-01 
 1003.000  8.113984e-01 
 1004.000  8.132057e-01 
 1005.000  8.140346e-01 
 1006.000  8.142191e-01 
 1007.000  8.137017e-01 
 1008.000  8.111560e-01 
 1009.000  8.077406e-01 
 1010.000  8.092659e-01 
 1011.000  8.128901e-01 
 1012.000  8.142683e-01 
 1013.000  8.152859e-01 
 1014.000  8.157408e-01 
 1015.000  8.158218e-01 
 1016.000  8.162872e-01 
 1017.000  8.165762e-01 
 1018.000  8.159761e-01 
 1019.000  8.147035e-01 
 1020.000  8.151463e-01 
 1021.000  8.160334e-01 
 1022.000  8.145121e-01 
 1023.000  8.132954e-01 
 1024.000  8.125201e-01 
 1025.000  8.147838e-01 
 1026.000  8.157819e-01 
 1027.000  8.153535e-01 
 1028.000  8.156954e-01 
 1029.000  8.166954e-01 
 1030.000  8.176114e-01 
 1031.000  8.180713e-01 
 1032.000  8.184171e-01 
 1033.000  8.184776e-01 
 1034.000  8.186880e-01 
 1035.000  8.187436e-01 
 1036.000  8.185736e-01 
 1037.000  8.185039e-01 
 1038.000  8.185607e-01 
 1039.000  8.184015e-01 
 1040.000  8.182400e-01 
 1041.000  8.181098e-01 
 1042.000  8.180563e-01 
 1043.000  8.180162e-01 
 1044.000  8.178782e-01 
 1045.000  8.175542e-01 
 1046.000  8.173187e-01 
 1047.000  8.170221e-01 
 1048.000  8.165498e-01 
 1049.000  8.160197e-01 
 1050.000  8.156461e-01 
 1051.000  8.152103e-01 
 1052.000  8.148403e-01 
 1053.000  8.146917e-01 
 1054.000  8.142019e-01 
 1055.000  8.136855e-01 
 1056.000  8.131845e-01 
 1057.000  8.121603e-01 
 1058.000  8.104351e-01 
 1059.000  8.103682e-01 
 1060.000  8.109829e-01 
 1061.000  8.106815e-01 
 1062.000  8.095387e-01 
 1063.000  8.088986e-01 
 1064.000  8.078341e-01 
 1065.000  8.068227e-01 
 1066.000  8.068775e-01 
 1067.000  8.062354e-01 
 1068.000  8.044392e-01 
 1069.000  8.039870e-01 
 1070.000  8.046423e-01 
 1071.000  8.036979e-01 
 1072.000  8.026152e-01 
 1073.000  8.025871e-01 
 1074.000  8.029876e-01 
 1075.000  8.051063e-01 
 1076.000  8.040981e-01 
 1077.000  8.026630e-01 
 1078.000  8.009328e-01 
 1079.000  8.008467e-01 
 1080.000  7.958905e-01 
 1081.000  7.957214e-01 
 1082.000  7.980738e-01 
 1083.000  7.955039e-01 
 1084.000  7.926477e-01 
 1085.000  7.856479e-01 
 1086.000  7.874096e-01 
 1087.000  7.952942e-01 
 1088.000  7.956680e-01 
 1089.000  7.862760e-01 
 1090.000  7.845758e-01 
 1091.000  7.864704e-01 
 1092.000  7.818520e-01 
 1093.000  7.713184e-01 
 1094.000  7.667272e-01 
 1095.000  7.675471e-01 
 1096.000  7.683274e-01 
 1097.000  7.663120e-01 
 1098.000  7.401925e-01 
 1099.000  7.175822e-01 
 1100.000  7.191919e-01 
 1101.000  7.224154e-01 
 1102.000  7.210145e-01 
 1103.000  7.232051e-01 
 1104.000  7.194957e-01 
 1105.000  7.099921e-01 
 1106.000  7.002195e-01 
 1107.000  7.028444e-01 
 1108.000  7.048882e-01 
 1109.000  7.135736e-01 
 1110.000  7.130006e-01 
 1111.000  7.086219e-01 
 1112.000  6.883106e-01 
 1113.000  6.603684e-01 
 1114.000  6.535062e-01 
 1115.000  6.184025e-01 
 1116.000  5.960810e-01 
 1117.000  5.418818e-01 
 1118.000  4.909311e-01 
 1119.000  4.636934e-01 
 1120.000  4.281626e-01 
 1121.000  4.203050e-01 
 1122.000  3.810005e-01 
 1123.000  4.034063e-01 
 1124.000  4.181805e-01 
 1125.000  4.106498e-01 
 1126.000  4.074875e-01 
 1127.000  4.104848e-01 
 1128.000  4.163456e-01 
 1129.000  4.537787e-01 
 1130.000  5.379100e-01 
 1131.000  5.612703e-01 
 1132.000  5.294963e-01 
 1133.000  4.685449e-01 
 1134.000  3.502778e-01 
 1135.000  3.595537e-01 
 1136.000  4.767724e-01 
 1137.000  5.361523e-01 
 1138.000  5.905476e-01 
 1139.000  6.055419e-01 
 1140.000  5.953544e-01 
 1141.000  5.739273e-01 
 1142.000  5.665831e-01 
 1143.000  5.431932e-01 
 1144.000  5.161127e-01 
 1145.000  4.760466e-01 
 1146.000  4.855769e-01 
 1147.000  5.167012e-01 
 1148.000  5.437047e-01 
 1149.000  5.541933e-01 
 1150.000  5.540460e-01 
