  320.000  2.166336e-01 
  321.000  2.627245e-01 
  322.000  2.446830e-01 
  323.000  2.675365e-01 
  324.000  2.903605e-01 
  325.000  2.733635e-01 
  326.000  3.012389e-01 
  327.000  3.089992e-01 
  328.000  2.922289e-01 
  329.000  3.243877e-01 
  330.000  3.294728e-01 
  331.000  3.194079e-01 
  332.000  3.388306e-01 
  333.000  3.444856e-01 
  334.000  3.398428e-01 
  335.000  3.540554e-01 
  336.000  3.598050e-01 
  337.000  3.573824e-01 
  338.000  3.641169e-01 
  339.000  3.710621e-01 
  340.000  3.699211e-01 
  341.000  3.766607e-01 
  342.000  3.815862e-01 
  343.000  3.840591e-01 
  344.000  3.845643e-01 
  345.000  3.912334e-01 
  346.000  3.954417e-01 
  347.000  3.988710e-01 
  348.000  4.020818e-01 
  349.000  4.056868e-01 
  350.000  4.087667e-01 
  351.000  4.118329e-01 
  352.000  4.143472e-01 
  353.000  4.179209e-01 
  354.000  4.209617e-01 
  355.000  4.237900e-01 
  356.000  4.265448e-01 
  357.000  4.289954e-01 
  358.000  4.316311e-01 
  359.000  4.342630e-01 
  360.000  4.369572e-01 
  361.000  4.403590e-01 
  362.000  4.438991e-01 
  363.000  4.471576e-01 
  364.000  4.501547e-01 
  365.000  4.529645e-01 
  366.000  4.558361e-01 
  367.000  4.585688e-01 
  368.000  4.612754e-01 
  369.000  4.639573e-01 
  370.000  4.666102e-01 
  371.000  4.692410e-01 
  372.000  4.718488e-01 
  373.000  4.744333e-01 
  374.000  4.769749e-01 
  375.000  4.794663e-01 
  376.000  4.818719e-01 
  377.000  4.841445e-01 
  378.000  4.862545e-01 
  379.000  4.883975e-01 
  380.000  4.907534e-01 
  381.000  4.934339e-01 
  382.000  4.962102e-01 
  383.000  4.988341e-01 
  384.000  5.013218e-01 
  385.000  5.037175e-01 
  386.000  5.060506e-01 
  387.000  5.083448e-01 
  388.000  5.106087e-01 
  389.000  5.128526e-01 
  390.000  5.150774e-01 
  391.000  5.172782e-01 
  392.000  5.194615e-01 
  393.000  5.216257e-01 
  394.000  5.237686e-01 
  395.000  5.258886e-01 
  396.000  5.279938e-01 
  397.000  5.300735e-01 
  398.000  5.321329e-01 
  399.000  5.341739e-01 
  400.000  5.361856e-01 
  401.000  5.381886e-01 
  402.000  5.401745e-01 
  403.000  5.421424e-01 
  404.000  5.440918e-01 
  405.000  5.460190e-01 
  406.000  5.479324e-01 
  407.000  5.498298e-01 
  408.000  5.517099e-01 
  409.000  5.535706e-01 
  410.000  5.554128e-01 
  411.000  5.572359e-01 
  412.000  5.590386e-01 
  413.000  5.608302e-01 
  414.000  5.624925e-01 
  415.000  5.642900e-01 
  416.000  5.660639e-01 
  417.000  5.678076e-01 
  418.000  5.695104e-01 
  419.000  5.711937e-01 
  420.000  5.728611e-01 
  421.000  5.745179e-01 
  422.000  5.761638e-01 
  423.000  5.777968e-01 
  424.000  5.794099e-01 
  425.000  5.809854e-01 
  426.000  5.825449e-01 
  427.000  5.840902e-01 
  428.000  5.856074e-01 
  429.000  5.871029e-01 
  430.000  5.885804e-01 
  431.000  5.900465e-01 
  432.000  5.914966e-01 
  433.000  5.929326e-01 
  434.000  5.943560e-01 
  435.000  5.957651e-01 
  436.000  5.971578e-01 
  437.000  5.985350e-01 
  438.000  5.998961e-01 
  439.000  6.012462e-01 
  440.000  6.025742e-01 
  441.000  6.038849e-01 
  442.000  6.051745e-01 
  443.000  6.064443e-01 
  444.000  6.076937e-01 
  445.000  6.089159e-01 
  446.000  6.101039e-01 
  447.000  6.113494e-01 
  448.000  6.126844e-01 
  449.000  6.140353e-01 
  450.000  6.153597e-01 
  451.000  6.166321e-01 
  452.000  6.178595e-01 
  453.000  6.190615e-01 
  454.000  6.202413e-01 
  455.000  6.213525e-01 
  456.000  6.223737e-01 
  457.000  6.233949e-01 
  458.000  6.244022e-01 
  459.000  6.253878e-01 
  460.000  6.263654e-01 
  461.000  6.273324e-01 
  462.000  6.282809e-01 
  463.000  6.292250e-01 
  464.000  6.304538e-01 
  465.000  6.316638e-01 
  466.000  6.328521e-01 
  467.000  6.340126e-01 
  468.000  6.349578e-01 
  469.000  6.357716e-01 
  470.000  6.365198e-01 
  471.000  6.371933e-01 
  472.000  6.377650e-01 
  473.000  6.381657e-01 
  474.000  6.384948e-01 
  475.000  6.385792e-01 
  476.000  6.384164e-01 
  477.000  6.384130e-01 
  478.000  6.393648e-01 
  479.000  6.408134e-01 
  480.000  6.423763e-01 
  481.000  6.437779e-01 
  482.000  6.450920e-01 
  483.000  6.462342e-01 
  484.000  6.472155e-01 
  485.000  6.480929e-01 
  486.000  6.490285e-01 
  487.000  6.500131e-01 
  488.000  6.509659e-01 
  489.000  6.519010e-01 
  490.000  6.528248e-01 
  491.000  6.535481e-01 
  492.000  6.542091e-01 
  493.000  6.548668e-01 
  494.000  6.555057e-01 
  495.000  6.561445e-01 
  496.000  6.564736e-01 
  497.000  6.567903e-01 
  498.000  6.571022e-01 
  499.000  6.573974e-01 
  500.000  6.576878e-01 
  501.000  6.579460e-01 
  502.000  6.582041e-01 
  503.000  6.584591e-01 
  504.000  6.587023e-01 
  505.000  6.589321e-01 
  506.000  6.596054e-01 
  507.000  6.602980e-01 
  508.000  6.609895e-01 
  509.000  6.616729e-01 
  510.000  6.623417e-01 
  511.000  6.629412e-01 
  512.000  6.635200e-01 
  513.000  6.640954e-01 
  514.000  6.646636e-01 
  515.000  6.652266e-01 
  516.000  6.656289e-01 
  517.000  6.658866e-01 
  518.000  6.661374e-01 
  519.000  6.663833e-01 
  520.000  6.666269e-01 
  521.000  6.668450e-01 
  522.000  6.670024e-01 
  523.000  6.671158e-01 
  524.000  6.672330e-01 
  525.000  6.673254e-01 
  526.000  6.674550e-01 
  527.000  6.674759e-01 
  528.000  6.674527e-01 
  529.000  6.674283e-01 
  530.000  6.674092e-01 
  531.000  6.673936e-01 
  532.000  6.674287e-01 
  533.000  6.677447e-01 
  534.000  6.681437e-01 
  535.000  6.685941e-01 
  536.000  6.690295e-01 
  537.000  6.694276e-01 
  538.000  6.697837e-01 
  539.000  6.701135e-01 
  540.000  6.704229e-01 
  541.000  6.707232e-01 
  542.000  6.710104e-01 
  543.000  6.712874e-01 
  544.000  6.714968e-01 
  545.000  6.716511e-01 
  546.000  6.717983e-01 
  547.000  6.719497e-01 
  548.000  6.720934e-01 
  549.000  6.722348e-01 
  550.000  6.723034e-01 
  551.000  6.722999e-01 
  552.000  6.722990e-01 
  553.000  6.722833e-01 
  554.000  6.722607e-01 
  555.000  6.722341e-01 
  556.000  6.721802e-01 
  557.000  6.720789e-01 
  558.000  6.719694e-01 
  559.000  6.718472e-01 
  560.000  6.716941e-01 
  561.000  6.715128e-01 
  562.000  6.711538e-01 
  563.000  6.709321e-01 
  564.000  6.706424e-01 
  565.000  6.702076e-01 
  566.000  6.698981e-01 
  567.000  6.689699e-01 
  568.000  6.663060e-01 
  569.000  6.607904e-01 
  570.000  6.614646e-01 
  571.000  6.651027e-01 
  572.000  6.612431e-01 
  573.000  6.620431e-01 
  574.000  6.621569e-01 
  575.000  6.618401e-01 
  576.000  6.620207e-01 
  577.000  6.633664e-01 
  578.000  6.652360e-01 
  579.000  6.668972e-01 
  580.000  6.685358e-01 
  581.000  6.708283e-01 
  582.000  6.724256e-01 
  583.000  6.734900e-01 
  584.000  6.744106e-01 
  585.000  6.751586e-01 
  586.000  6.758581e-01 
  587.000  6.746697e-01 
  588.000  6.674640e-01 
  589.000  6.558743e-01 
  590.000  6.553631e-01 
  591.000  6.636798e-01 
  592.000  6.595811e-01 
  593.000  6.690088e-01 
  594.000  6.671643e-01 
  595.000  6.608542e-01 
  596.000  6.698685e-01 
  597.000  6.675694e-01 
  598.000  6.710675e-01 
  599.000  6.723303e-01 
  600.000  6.754574e-01 
  601.000  6.774415e-01 
  602.000  6.779166e-01 
  603.000  6.789021e-01 
  604.000  6.801404e-01 
  605.000  6.810321e-01 
  606.000  6.816909e-01 
  607.000  6.823275e-01 
  608.000  6.829383e-01 
  609.000  6.835227e-01 
  610.000  6.841278e-01 
  611.000  6.847998e-01 
  612.000  6.854581e-01 
  613.000  6.860957e-01 
  614.000  6.867144e-01 
  615.000  6.873313e-01 
  616.000  6.879256e-01 
  617.000  6.884870e-01 
  618.000  6.889575e-01 
  619.000  6.893556e-01 
  620.000  6.897240e-01 
  621.000  6.900405e-01 
  622.000  6.903051e-01 
  623.000  6.904821e-01 
  624.000  6.906704e-01 
  625.000  6.908276e-01 
  626.000  6.905883e-01 
  627.000  6.873494e-01 
  628.000  6.661338e-01 
  629.000  6.791889e-01 
  630.000  6.819327e-01 
  631.000  6.860235e-01 
  632.000  6.858858e-01 
  633.000  6.907861e-01 
  634.000  6.933339e-01 
  635.000  6.945256e-01 
  636.000  6.961722e-01 
  637.000  6.975591e-01 
  638.000  7.000407e-01 
  639.000  7.010294e-01 
  640.000  7.027161e-01 
  641.000  7.036041e-01 
  642.000  7.048373e-01 
  643.000  7.044403e-01 
  644.000  7.050875e-01 
  645.000  7.041665e-01 
  646.000  6.980630e-01 
  647.000  6.939533e-01 
  648.000  6.892826e-01 
  649.000  6.942568e-01 
  650.000  7.033774e-01 
  651.000  7.037862e-01 
  652.000  6.965258e-01 
  653.000  7.057581e-01 
  654.000  7.051975e-01 
  655.000  7.023939e-01 
  656.000  7.039271e-01 
  657.000  7.060618e-01 
  658.000  7.094761e-01 
  659.000  7.116358e-01 
  660.000  7.128080e-01 
  661.000  7.154052e-01 
  662.000  7.167842e-01 
  663.000  7.170084e-01 
  664.000  7.177837e-01 
  665.000  7.185165e-01 
  666.000  7.193494e-01 
  667.000  7.200850e-01 
  668.000  7.209143e-01 
  669.000  7.215322e-01 
  670.000  7.220888e-01 
  671.000  7.226700e-01 
  672.000  7.231981e-01 
  673.000  7.237176e-01 
  674.000  7.242327e-01 
  675.000  7.247484e-01 
  676.000  7.252334e-01 
  677.000  7.256792e-01 
  678.000  7.261258e-01 
  679.000  7.265018e-01 
  680.000  7.265730e-01 
  681.000  7.265529e-01 
  682.000  7.268235e-01 
  683.000  7.269834e-01 
  684.000  7.266741e-01 
  685.000  7.274847e-01 
  686.000  7.247549e-01 
  687.000  6.283756e-01 
  688.000  6.585240e-01 
  689.000  6.499838e-01 
  690.000  6.656884e-01 
  691.000  6.865475e-01 
  692.000  6.995586e-01 
  693.000  6.964283e-01 
  694.000  6.904562e-01 
  695.000  6.984447e-01 
  696.000  7.030245e-01 
  697.000  7.214055e-01 
  698.000  7.177788e-01 
  699.000  7.015258e-01 
  700.000  7.043343e-01 
  701.000  7.007617e-01 
  702.000  7.035283e-01 
  703.000  7.173018e-01 
  704.000  7.179720e-01 
  705.000  7.124004e-01 
  706.000  7.135721e-01 
  707.000  7.156629e-01 
  708.000  7.179158e-01 
  709.000  7.224514e-01 
  710.000  7.177674e-01 
  711.000  7.226921e-01 
  712.000  7.268934e-01 
  713.000  7.236497e-01 
  714.000  7.226081e-01 
  715.000  7.172955e-01 
  716.000  7.117911e-01 
  717.000  6.761827e-01 
  718.000  6.542279e-01 
  719.000  6.463580e-01 
  720.000  6.343267e-01 
  721.000  6.869431e-01 
  722.000  7.055819e-01 
  723.000  6.951343e-01 
  724.000  6.652566e-01 
  725.000  6.697608e-01 
  726.000  6.683776e-01 
  727.000  6.726496e-01 
  728.000  6.680355e-01 
  729.000  6.795372e-01 
  730.000  6.775471e-01 
  731.000  6.751384e-01 
  732.000  6.945073e-01 
  733.000  7.129880e-01 
  734.000  7.218711e-01 
  735.000  7.187592e-01 
  736.000  7.129359e-01 
  737.000  7.173619e-01 
  738.000  7.234333e-01 
  739.000  7.260545e-01 
  740.000  7.318423e-01 
  741.000  7.351918e-01 
  742.000  7.366093e-01 
  743.000  7.397040e-01 
  744.000  7.410526e-01 
  745.000  7.421442e-01 
  746.000  7.430069e-01 
  747.000  7.432237e-01 
  748.000  7.440424e-01 
  749.000  7.444757e-01 
  750.000  7.442808e-01 
  751.000  7.444659e-01 
  752.000  7.452115e-01 
  753.000  7.455375e-01 
  754.000  7.458016e-01 
  755.000  7.459853e-01 
  756.000  7.461762e-01 
  757.000  7.463091e-01 
  758.000  7.450837e-01 
  759.000  6.934651e-01 
  760.000  3.130959e-01 
  761.000  2.776728e-01 
  762.000  4.963108e-01 
  763.000  4.278762e-01 
  764.000  4.617145e-01 
  765.000  5.388418e-01 
  766.000  6.323758e-01 
  767.000  6.797473e-01 
  768.000  7.107862e-01 
  769.000  7.312976e-01 
  770.000  7.421882e-01 
  771.000  7.474520e-01 
  772.000  7.487442e-01 
  773.000  7.493302e-01 
  774.000  7.500587e-01 
  775.000  7.504801e-01 
  776.000  7.507806e-01 
  777.000  7.508787e-01 
  778.000  7.508833e-01 
  779.000  7.508753e-01 
  780.000  7.508638e-01 
  781.000  7.511916e-01 
  782.000  7.511703e-01 
  783.000  7.511594e-01 
  784.000  7.509268e-01 
  785.000  7.496693e-01 
  786.000  7.476997e-01 
  787.000  7.433933e-01 
  788.000  7.411038e-01 
  789.000  7.328706e-01 
  790.000  7.321796e-01 
  791.000  7.337552e-01 
  792.000  7.352100e-01 
  793.000  7.385815e-01 
  794.000  7.457148e-01 
  795.000  7.413792e-01 
  796.000  7.297982e-01 
  797.000  7.331294e-01 
  798.000  7.404676e-01 
  799.000  7.388095e-01 
  800.000  7.334911e-01 
  801.000  7.341400e-01 
  802.000  7.336140e-01 
  803.000  7.344065e-01 
  804.000  7.369237e-01 
  805.000  7.417357e-01 
  806.000  7.446104e-01 
  807.000  7.447497e-01 
  808.000  7.431397e-01 
  809.000  7.411589e-01 
  810.000  7.389895e-01 
  811.000  7.345209e-01 
  812.000  7.285036e-01 
  813.000  7.211253e-01 
  814.000  7.113801e-01 
  815.000  6.992530e-01 
  816.000  6.836368e-01 
  817.000  6.845334e-01 
  818.000  6.858202e-01 
  819.000  6.909690e-01 
  820.000  7.081715e-01 
  821.000  7.277931e-01 
  822.000  7.128880e-01 
  823.000  6.711890e-01 
  824.000  7.063496e-01 
  825.000  7.289096e-01 
  826.000  7.250527e-01 
  827.000  7.222127e-01 
  828.000  7.073666e-01 
  829.000  7.127293e-01 
  830.000  7.187287e-01 
  831.000  7.201387e-01 
  832.000  7.207501e-01 
  833.000  7.242066e-01 
  834.000  7.282722e-01 
  835.000  7.363328e-01 
  836.000  7.337443e-01 
  837.000  7.334719e-01 
  838.000  7.374028e-01 
  839.000  7.397884e-01 
  840.000  7.406610e-01 
  841.000  7.380864e-01 
  842.000  7.404118e-01 
  843.000  7.459227e-01 
  844.000  7.484235e-01 
  845.000  7.495940e-01 
  846.000  7.508242e-01 
  847.000  7.521126e-01 
  848.000  7.499660e-01 
  849.000  7.502611e-01 
  850.000  7.491714e-01 
  851.000  7.478701e-01 
  852.000  7.480100e-01 
  853.000  7.501845e-01 
  854.000  7.500750e-01 
  855.000  7.511717e-01 
  856.000  7.533533e-01 
  857.000  7.543042e-01 
  858.000  7.548264e-01 
  859.000  7.559186e-01 
  860.000  7.564845e-01 
  861.000  7.565846e-01 
  862.000  7.569059e-01 
  863.000  7.569591e-01 
  864.000  7.571836e-01 
  865.000  7.573695e-01 
  866.000  7.574282e-01 
  867.000  7.574088e-01 
  868.000  7.574486e-01 
  869.000  7.575189e-01 
  870.000  7.574884e-01 
  871.000  7.575554e-01 
  872.000  7.577019e-01 
  873.000  7.575797e-01 
  874.000  7.575190e-01 
  875.000  7.575139e-01 
  876.000  7.572917e-01 
  877.000  7.571847e-01 
  878.000  7.564925e-01 
  879.000  7.564552e-01 
  880.000  7.558662e-01 
  881.000  7.555615e-01 
  882.000  7.552384e-01 
  883.000  7.555785e-01 
  884.000  7.557209e-01 
  885.000  7.544975e-01 
  886.000  7.528554e-01 
  887.000  7.541188e-01 
  888.000  7.540487e-01 
  889.000  7.544792e-01 
  890.000  7.534624e-01 
  891.000  7.514858e-01 
  892.000  7.471219e-01 
  893.000  7.338143e-01 
  894.000  7.271937e-01 
  895.000  7.069048e-01 
  896.000  6.887107e-01 
  897.000  6.695127e-01 
  898.000  6.605289e-01 
  899.000  6.350612e-01 
  900.000  6.387619e-01 
  901.000  6.321275e-01 
  902.000  6.333305e-01 
  903.000  6.761177e-01 
  904.000  7.021613e-01 
  905.000  7.012059e-01 
  906.000  6.849291e-01 
  907.000  6.561048e-01 
  908.000  6.370801e-01 
  909.000  6.379030e-01 
  910.000  6.407791e-01 
  911.000  6.534224e-01 
  912.000  6.473052e-01 
  913.000  6.206930e-01 
  914.000  6.338568e-01 
  915.000  6.442114e-01 
  916.000  6.470106e-01 
  917.000  6.526222e-01 
  918.000  6.598757e-01 
  919.000  6.845398e-01 
  920.000  7.031319e-01 
  921.000  6.990291e-01 
  922.000  6.986794e-01 
  923.000  6.934921e-01 
  924.000  6.810161e-01 
  925.000  6.800011e-01 
  926.000  6.797504e-01 
  927.000  6.652153e-01 
  928.000  6.428241e-01 
  929.000  6.104302e-01 
  930.000  5.691145e-01 
  931.000  5.227682e-01 
  932.000  4.619971e-01 
  933.000  4.162959e-01 
  934.000  3.690458e-01 
  935.000  3.640366e-01 
  936.000  3.828331e-01 
  937.000  3.780124e-01 
  938.000  4.304762e-01 
  939.000  5.652889e-01 
  940.000  5.851375e-01 
  941.000  5.679386e-01 
  942.000  5.256943e-01 
  943.000  4.549721e-01 
  944.000  4.500388e-01 
  945.000  4.755998e-01 
  946.000  4.769867e-01 
  947.000  4.996251e-01 
  948.000  5.128767e-01 
  949.000  5.110980e-01 
  950.000  5.144751e-01 
  951.000  5.440791e-01 
  952.000  5.123524e-01 
  953.000  5.345238e-01 
  954.000  5.582244e-01 
  955.000  5.389172e-01 
  956.000  5.345023e-01 
  957.000  5.943797e-01 
  958.000  6.020439e-01 
  959.000  5.920746e-01 
  960.000  5.891538e-01 
  961.000  5.841458e-01 
  962.000  5.886554e-01 
  963.000  6.213273e-01 
  964.000  6.259872e-01 
  965.000  6.228454e-01 
  966.000  6.245866e-01 
  967.000  6.477859e-01 
  968.000  6.863589e-01 
  969.000  7.037026e-01 
  970.000  7.046230e-01 
  971.000  7.042071e-01 
  972.000  6.992854e-01 
  973.000  6.878955e-01 
  974.000  6.739909e-01 
  975.000  6.650392e-01 
  976.000  6.759811e-01 
  977.000  6.940166e-01 
  978.000  6.925414e-01 
  979.000  6.971921e-01 
  980.000  7.155213e-01 
  981.000  7.195677e-01 
  982.000  7.154778e-01 
  983.000  7.248613e-01 
  984.000  7.345099e-01 
  985.000  7.399828e-01 
  986.000  7.470405e-01 
  987.000  7.500910e-01 
  988.000  7.507849e-01 
  989.000  7.512279e-01 
  990.000  7.519702e-01 
  991.000  7.545926e-01 
  992.000  7.553368e-01 
  993.000  7.556145e-01 
  994.000  7.579046e-01 
  995.000  7.595215e-01 
  996.000  7.595082e-01 
  997.000  7.584943e-01 
  998.000  7.572740e-01 
  999.000  7.569288e-01 
 1000.000  7.571964e-01 
 1001.000  7.547797e-01 
 1002.000  7.507591e-01 
 1003.000  7.517164e-01 
 1004.000  7.540319e-01 
 1005.000  7.550904e-01 
 1006.000  7.554247e-01 
 1007.000  7.546584e-01 
 1008.000  7.513799e-01 
 1009.000  7.469923e-01 
 1010.000  7.489467e-01 
 1011.000  7.536035e-01 
 1012.000  7.553754e-01 
 1013.000  7.567653e-01 
 1014.000  7.572490e-01 
 1015.000  7.573580e-01 
 1016.000  7.579963e-01 
 1017.000  7.583671e-01 
 1018.000  7.575616e-01 
 1019.000  7.560344e-01 
 1020.000  7.565995e-01 
 1021.000  7.576758e-01 
 1022.000  7.558010e-01 
 1023.000  7.541561e-01 
 1024.000  7.531682e-01 
 1025.000  7.561691e-01 
 1026.000  7.573966e-01 
 1027.000  7.569158e-01 
 1028.000  7.572764e-01 
 1029.000  7.585743e-01 
 1030.000  7.597720e-01 
 1031.000  7.604173e-01 
 1032.000  7.608855e-01 
 1033.000  7.609768e-01 
 1034.000  7.612571e-01 
 1035.000  7.613818e-01 
 1036.000  7.612447e-01 
 1037.000  7.612264e-01 
 1038.000  7.613112e-01 
 1039.000  7.611223e-01 
 1040.000  7.609472e-01 
 1041.000  7.608075e-01 
 1042.000  7.607594e-01 
 1043.000  7.607362e-01 
 1044.000  7.606004e-01 
 1045.000  7.602308e-01 
 1046.000  7.599733e-01 
 1047.000  7.596589e-01 
 1048.000  7.592130e-01 
 1049.000  7.587380e-01 
 1050.000  7.583336e-01 
 1051.000  7.578159e-01 
 1052.000  7.574242e-01 
 1053.000  7.573118e-01 
 1054.000  7.567393e-01 
 1055.000  7.561855e-01 
 1056.000  7.556685e-01 
 1057.000  7.544821e-01 
 1058.000  7.524130e-01 
 1059.000  7.524173e-01 
 1060.000  7.533517e-01 
 1061.000  7.530463e-01 
 1062.000  7.517169e-01 
 1063.000  7.510749e-01 
 1064.000  7.498800e-01 
 1065.000  7.486016e-01 
 1066.000  7.486892e-01 
 1067.000  7.479454e-01 
 1068.000  7.455606e-01 
 1069.000  7.445970e-01 
 1070.000  7.451651e-01 
 1071.000  7.437149e-01 
 1072.000  7.421684e-01 
 1073.000  7.419647e-01 
 1074.000  7.423173e-01 
 1075.000  7.448735e-01 
 1076.000  7.434374e-01 
 1077.000  7.414690e-01 
 1078.000  7.391312e-01 
 1079.000  7.388989e-01 
 1080.000  7.324775e-01 
 1081.000  7.321706e-01 
 1082.000  7.350842e-01 
 1083.000  7.317095e-01 
 1084.000  7.279944e-01 
 1085.000  7.190424e-01 
 1086.000  7.211989e-01 
 1087.000  7.311410e-01 
 1088.000  7.315634e-01 
 1089.000  7.195720e-01 
 1090.000  7.173509e-01 
 1091.000  7.196844e-01 
 1092.000  7.137589e-01 
 1093.000  7.004271e-01 
 1094.000  6.946220e-01 
 1095.000  6.955969e-01 
 1096.000  6.964999e-01 
 1097.000  6.938794e-01 
 1098.000  6.612812e-01 
 1099.000  6.334016e-01 
 1100.000  6.353186e-01 
 1101.000  6.392078e-01 
 1102.000  6.373895e-01 
 1103.000  6.399927e-01 
 1104.000  6.353737e-01 
 1105.000  6.236783e-01 
 1106.000  6.118131e-01 
 1107.000  6.148309e-01 
 1108.000  6.170868e-01 
 1109.000  6.273520e-01 
 1110.000  6.262746e-01 
 1111.000  6.207411e-01 
 1112.000  5.959498e-01 
 1113.000  5.620617e-01 
 1114.000  5.531260e-01 
 1115.000  5.113691e-01 
 1116.000  4.854042e-01 
 1117.000  4.248766e-01 
 1118.000  3.695526e-01 
 1119.000  3.403839e-01 
 1120.000  3.039758e-01 
 1121.000  2.959523e-01 
 1122.000  2.580334e-01 
 1123.000  2.788323e-01 
 1124.000  2.928377e-01 
 1125.000  2.855209e-01 
 1126.000  2.825674e-01 
 1127.000  2.857049e-01 
 1128.000  2.918091e-01 
 1129.000  3.291271e-01 
 1130.000  4.164545e-01 
 1131.000  4.416961e-01 
 1132.000  4.072302e-01 
 1133.000  3.440819e-01 
 1134.000  2.302889e-01 
 1135.000  2.388595e-01 
 1136.000  3.530551e-01 
 1137.000  4.155154e-01 
 1138.000  4.757176e-01 
 1139.000  4.936891e-01 
 1140.000  4.822350e-01 
 1141.000  4.588054e-01 
 1142.000  4.506148e-01 
 1143.000  4.248987e-01 
 1144.000  3.958687e-01 
 1145.000  3.539185e-01 
 1146.000  3.638166e-01 
 1147.000  3.965975e-01 
 1148.000  4.256928e-01 
 1149.000  4.373802e-01 
 1150.000  4.378145e-01 
