  320.000  3.627452e-01 
  321.000  4.220197e-01 
  322.000  3.991082e-01 
  323.000  4.280726e-01 
  324.000  4.564719e-01 
  325.000  4.353710e-01 
  326.000  4.698369e-01 
  327.000  4.793074e-01 
  328.000  4.587749e-01 
  329.000  4.979378e-01 
  330.000  5.040519e-01 
  331.000  4.919302e-01 
  332.000  5.152509e-01 
  333.000  5.219859e-01 
  334.000  5.164582e-01 
  335.000  5.333298e-01 
  336.000  5.401135e-01 
  337.000  5.372580e-01 
  338.000  5.451856e-01 
  339.000  5.533280e-01 
  340.000  5.519927e-01 
  341.000  5.598679e-01 
  342.000  5.656043e-01 
  343.000  5.684782e-01 
  344.000  5.690649e-01 
  345.000  5.767937e-01 
  346.000  5.816560e-01 
  347.000  5.856101e-01 
  348.000  5.893056e-01 
  349.000  5.934471e-01 
  350.000  5.969793e-01 
  351.000  6.004899e-01 
  352.000  6.033645e-01 
  353.000  6.074438e-01 
  354.000  6.109089e-01 
  355.000  6.141271e-01 
  356.000  6.172571e-01 
  357.000  6.200379e-01 
  358.000  6.230248e-01 
  359.000  6.260036e-01 
  360.000  6.290488e-01 
  361.000  6.328881e-01 
  362.000  6.368767e-01 
  363.000  6.405419e-01 
  364.000  6.439080e-01 
  365.000  6.470594e-01 
  366.000  6.502758e-01 
  367.000  6.533326e-01 
  368.000  6.563563e-01 
  369.000  6.593485e-01 
  370.000  6.623048e-01 
  371.000  6.652329e-01 
  372.000  6.681319e-01 
  373.000  6.710016e-01 
  374.000  6.738204e-01 
  375.000  6.765804e-01 
  376.000  6.792424e-01 
  377.000  6.817546e-01 
  378.000  6.840848e-01 
  379.000  6.864492e-01 
  380.000  6.890459e-01 
  381.000  6.919971e-01 
  382.000  6.950502e-01 
  383.000  6.979322e-01 
  384.000  7.006617e-01 
  385.000  7.032875e-01 
  386.000  7.058421e-01 
  387.000  7.083517e-01 
  388.000  7.108255e-01 
  389.000  7.132754e-01 
  390.000  7.157020e-01 
  391.000  7.181003e-01 
  392.000  7.204773e-01 
  393.000  7.228314e-01 
  394.000  7.251604e-01 
  395.000  7.274623e-01 
  396.000  7.297462e-01 
  397.000  7.320005e-01 
  398.000  7.342310e-01 
  399.000  7.364396e-01 
  400.000  7.386149e-01 
  401.000  7.407789e-01 
  402.000  7.429227e-01 
  403.000  7.450455e-01 
  404.000  7.471467e-01 
  405.000  7.492223e-01 
  406.000  7.512815e-01 
  407.000  7.533221e-01 
  408.000  7.553424e-01 
  409.000  7.573404e-01 
  410.000  7.593172e-01 
  411.000  7.612720e-01 
  412.000  7.632037e-01 
  413.000  7.651222e-01 
  414.000  7.669009e-01 
  415.000  7.688231e-01 
  416.000  7.707189e-01 
  417.000  7.725809e-01 
  418.000  7.743983e-01 
  419.000  7.761936e-01 
  420.000  7.779709e-01 
  421.000  7.797357e-01 
  422.000  7.814878e-01 
  423.000  7.832251e-01 
  424.000  7.849403e-01 
  425.000  7.866144e-01 
  426.000  7.882707e-01 
  427.000  7.899109e-01 
  428.000  7.915203e-01 
  429.000  7.931058e-01 
  430.000  7.946715e-01 
  431.000  7.962241e-01 
  432.000  7.977592e-01 
  433.000  7.992783e-01 
  434.000  8.007834e-01 
  435.000  8.022726e-01 
  436.000  8.037437e-01 
  437.000  8.051978e-01 
  438.000  8.066340e-01 
  439.000  8.080581e-01 
  440.000  8.094581e-01 
  441.000  8.108394e-01 
  442.000  8.121976e-01 
  443.000  8.135344e-01 
  444.000  8.148493e-01 
  445.000  8.161348e-01 
  446.000  8.173838e-01 
  447.000  8.186928e-01 
  448.000  8.200952e-01 
  449.000  8.215136e-01 
  450.000  8.229036e-01 
  451.000  8.242383e-01 
  452.000  8.255253e-01 
  453.000  8.267851e-01 
  454.000  8.280212e-01 
  455.000  8.291849e-01 
  456.000  8.302540e-01 
  457.000  8.313227e-01 
  458.000  8.323764e-01 
  459.000  8.334072e-01 
  460.000  8.344292e-01 
  461.000  8.354398e-01 
  462.000  8.364306e-01 
  463.000  8.374166e-01 
  464.000  8.386995e-01 
  465.000  8.399622e-01 
  466.000  8.412018e-01 
  467.000  8.424119e-01 
  468.000  8.433971e-01 
  469.000  8.442451e-01 
  470.000  8.450246e-01 
  471.000  8.457260e-01 
  472.000  8.463213e-01 
  473.000  8.467385e-01 
  474.000  8.470811e-01 
  475.000  8.471690e-01 
  476.000  8.469995e-01 
  477.000  8.469960e-01 
  478.000  8.479866e-01 
  479.000  8.494937e-01 
  480.000  8.511189e-01 
  481.000  8.525756e-01 
  482.000  8.539408e-01 
  483.000  8.551268e-01 
  484.000  8.561456e-01 
  485.000  8.570561e-01 
  486.000  8.580267e-01 
  487.000  8.590478e-01 
  488.000  8.600357e-01 
  489.000  8.610048e-01 
  490.000  8.619620e-01 
  491.000  8.627112e-01 
  492.000  8.633958e-01 
  493.000  8.640767e-01 
  494.000  8.647382e-01 
  495.000  8.653992e-01 
  496.000  8.657398e-01 
  497.000  8.660675e-01 
  498.000  8.663902e-01 
  499.000  8.666955e-01 
  500.000  8.669959e-01 
  501.000  8.672630e-01 
  502.000  8.675299e-01 
  503.000  8.677936e-01 
  504.000  8.680450e-01 
  505.000  8.682827e-01 
  506.000  8.689787e-01 
  507.000  8.696946e-01 
  508.000  8.704091e-01 
  509.000  8.711151e-01 
  510.000  8.718059e-01 
  511.000  8.724249e-01 
  512.000  8.730226e-01 
  513.000  8.736165e-01 
  514.000  8.742028e-01 
  515.000  8.747839e-01 
  516.000  8.751988e-01 
  517.000  8.754648e-01 
  518.000  8.757234e-01 
  519.000  8.759771e-01 
  520.000  8.762283e-01 
  521.000  8.764533e-01 
  522.000  8.766155e-01 
  523.000  8.767325e-01 
  524.000  8.768534e-01 
  525.000  8.769487e-01 
  526.000  8.770823e-01 
  527.000  8.771038e-01 
  528.000  8.770799e-01 
  529.000  8.770547e-01 
  530.000  8.770351e-01 
  531.000  8.770190e-01 
  532.000  8.770551e-01 
  533.000  8.773809e-01 
  534.000  8.777923e-01 
  535.000  8.782565e-01 
  536.000  8.787051e-01 
  537.000  8.791155e-01 
  538.000  8.794823e-01 
  539.000  8.798221e-01 
  540.000  8.801408e-01 
  541.000  8.804501e-01 
  542.000  8.807459e-01 
  543.000  8.810312e-01 
  544.000  8.812468e-01 
  545.000  8.814057e-01 
  546.000  8.815573e-01 
  547.000  8.817131e-01 
  548.000  8.818610e-01 
  549.000  8.820066e-01 
  550.000  8.820773e-01 
  551.000  8.820736e-01 
  552.000  8.820727e-01 
  553.000  8.820565e-01 
  554.000  8.820333e-01 
  555.000  8.820059e-01 
  556.000  8.819504e-01 
  557.000  8.818461e-01 
  558.000  8.817334e-01 
  559.000  8.816076e-01 
  560.000  8.814502e-01 
  561.000  8.812640e-01 
  562.000  8.809678e-01 
  563.000  8.807456e-01 
  564.000  8.804656e-01 
  565.000  8.800701e-01 
  566.000  8.797174e-01 
  567.000  8.789945e-01 
  568.000  8.771315e-01 
  569.000  8.735097e-01 
  570.000  8.737230e-01 
  571.000  8.757550e-01 
  572.000  8.731176e-01 
  573.000  8.733764e-01 
  574.000  8.732664e-01 
  575.000  8.729635e-01 
  576.000  8.731392e-01 
  577.000  8.741364e-01 
  578.000  8.755167e-01 
  579.000  8.770000e-01 
  580.000  8.787153e-01 
  581.000  8.809217e-01 
  582.000  8.825790e-01 
  583.000  8.838040e-01 
  584.000  8.848715e-01 
  585.000  8.857654e-01 
  586.000  8.865877e-01 
  587.000  8.861837e-01 
  588.000  8.820913e-01 
  589.000  8.751318e-01 
  590.000  8.749858e-01 
  591.000  8.803129e-01 
  592.000  8.779136e-01 
  593.000  8.838871e-01 
  594.000  8.828794e-01 
  595.000  8.790907e-01 
  596.000  8.845814e-01 
  597.000  8.830117e-01 
  598.000  8.850195e-01 
  599.000  8.856437e-01 
  600.000  8.874039e-01 
  601.000  8.884939e-01 
  602.000  8.886345e-01 
  603.000  8.893365e-01 
  604.000  8.903362e-01 
  605.000  8.911245e-01 
  606.000  8.917670e-01 
  607.000  8.923897e-01 
  608.000  8.930109e-01 
  609.000  8.936067e-01 
  610.000  8.942270e-01 
  611.000  8.949161e-01 
  612.000  8.955908e-01 
  613.000  8.962443e-01 
  614.000  8.968784e-01 
  615.000  8.975106e-01 
  616.000  8.981194e-01 
  617.000  8.986944e-01 
  618.000  8.991762e-01 
  619.000  8.995838e-01 
  620.000  8.999611e-01 
  621.000  9.002851e-01 
  622.000  9.005560e-01 
  623.000  9.007372e-01 
  624.000  9.009303e-01 
  625.000  9.010924e-01 
  626.000  9.010368e-01 
  627.000  8.987545e-01 
  628.000  8.741297e-01 
  629.000  8.900071e-01 
  630.000  8.916830e-01 
  631.000  8.962580e-01 
  632.000  8.978562e-01 
  633.000  9.020646e-01 
  634.000  9.045849e-01 
  635.000  9.060304e-01 
  636.000  9.076469e-01 
  637.000  9.090531e-01 
  638.000  9.110743e-01 
  639.000  9.121775e-01 
  640.000  9.136828e-01 
  641.000  9.146810e-01 
  642.000  9.158201e-01 
  643.000  9.159089e-01 
  644.000  9.166319e-01 
  645.000  9.163367e-01 
  646.000  9.129037e-01 
  647.000  9.106638e-01 
  648.000  9.080531e-01 
  649.000  9.113938e-01 
  650.000  9.172432e-01 
  651.000  9.177194e-01 
  652.000  9.134750e-01 
  653.000  9.193735e-01 
  654.000  9.192479e-01 
  655.000  9.177469e-01 
  656.000  9.189064e-01 
  657.000  9.204141e-01 
  658.000  9.227071e-01 
  659.000  9.242382e-01 
  660.000  9.251709e-01 
  661.000  9.270076e-01 
  662.000  9.280785e-01 
  663.000  9.284181e-01 
  664.000  9.291113e-01 
  665.000  9.297597e-01 
  666.000  9.304734e-01 
  667.000  9.311211e-01 
  668.000  9.318256e-01 
  669.000  9.324109e-01 
  670.000  9.329610e-01 
  671.000  9.335239e-01 
  672.000  9.340560e-01 
  673.000  9.345824e-01 
  674.000  9.351053e-01 
  675.000  9.356275e-01 
  676.000  9.361227e-01 
  677.000  9.365768e-01 
  678.000  9.370306e-01 
  679.000  9.374425e-01 
  680.000  9.376768e-01 
  681.000  9.378437e-01 
  682.000  9.381896e-01 
  683.000  9.384482e-01 
  684.000  9.384181e-01 
  685.000  9.391031e-01 
  686.000  9.361379e-01 
  687.000  8.261086e-01 
  688.000  8.603091e-01 
  689.000  8.509455e-01 
  690.000  8.686330e-01 
  691.000  8.933278e-01 
  692.000  9.105129e-01 
  693.000  9.142627e-01 
  694.000  9.140036e-01 
  695.000  9.207453e-01 
  696.000  9.244338e-01 
  697.000  9.367213e-01 
  698.000  9.345975e-01 
  699.000  9.242160e-01 
  700.000  9.261726e-01 
  701.000  9.239567e-01 
  702.000  9.258634e-01 
  703.000  9.348857e-01 
  704.000  9.354175e-01 
  705.000  9.319037e-01 
  706.000  9.327442e-01 
  707.000  9.341784e-01 
  708.000  9.357140e-01 
  709.000  9.387185e-01 
  710.000  9.357880e-01 
  711.000  9.390450e-01 
  712.000  9.418299e-01 
  713.000  9.398413e-01 
  714.000  9.392746e-01 
  715.000  9.359872e-01 
  716.000  9.326191e-01 
  717.000  9.094828e-01 
  718.000  8.950041e-01 
  719.000  8.898504e-01 
  720.000  8.816752e-01 
  721.000  9.171130e-01 
  722.000  9.293938e-01 
  723.000  9.226595e-01 
  724.000  9.029632e-01 
  725.000  9.060966e-01 
  726.000  9.052162e-01 
  727.000  9.081163e-01 
  728.000  9.050713e-01 
  729.000  9.127747e-01 
  730.000  9.114649e-01 
  731.000  9.098679e-01 
  732.000  9.227231e-01 
  733.000  9.347922e-01 
  734.000  9.405524e-01 
  735.000  9.385868e-01 
  736.000  9.348580e-01 
  737.000  9.377608e-01 
  738.000  9.417171e-01 
  739.000  9.434394e-01 
  740.000  9.471868e-01 
  741.000  9.493658e-01 
  742.000  9.503046e-01 
  743.000  9.523169e-01 
  744.000  9.532624e-01 
  745.000  9.540024e-01 
  746.000  9.545938e-01 
  747.000  9.548128e-01 
  748.000  9.553858e-01 
  749.000  9.557180e-01 
  750.000  9.556871e-01 
  751.000  9.558752e-01 
  752.000  9.563864e-01 
  753.000  9.566551e-01 
  754.000  9.568877e-01 
  755.000  9.570735e-01 
  756.000  9.572631e-01 
  757.000  9.573968e-01 
  758.000  9.561011e-01 
  759.000  8.979345e-01 
  760.000  4.486882e-01 
  761.000  4.040561e-01 
  762.000  6.706196e-01 
  763.000  5.891816e-01 
  764.000  6.296220e-01 
  765.000  7.204366e-01 
  766.000  8.283847e-01 
  767.000  8.822491e-01 
  768.000  9.172746e-01 
  769.000  9.403036e-01 
  770.000  9.523290e-01 
  771.000  9.583073e-01 
  772.000  9.597393e-01 
  773.000  9.604011e-01 
  774.000  9.612038e-01 
  775.000  9.616246e-01 
  776.000  9.619173e-01 
  777.000  9.620448e-01 
  778.000  9.620999e-01 
  779.000  9.621373e-01 
  780.000  9.621689e-01 
  781.000  9.624000e-01 
  782.000  9.624255e-01 
  783.000  9.624570e-01 
  784.000  9.623585e-01 
  785.000  9.615747e-01 
  786.000  9.603140e-01 
  787.000  9.575019e-01 
  788.000  9.560414e-01 
  789.000  9.506683e-01 
  790.000  9.502493e-01 
  791.000  9.513194e-01 
  792.000  9.523038e-01 
  793.000  9.545447e-01 
  794.000  9.592395e-01 
  795.000  9.564387e-01 
  796.000  9.488493e-01 
  797.000  9.510773e-01 
  798.000  9.559300e-01 
  799.000  9.548689e-01 
  800.000  9.514004e-01 
  801.000  9.518566e-01 
  802.000  9.515379e-01 
  803.000  9.520860e-01 
  804.000  9.537646e-01 
  805.000  9.569482e-01 
  806.000  9.588541e-01 
  807.000  9.589718e-01 
  808.000  9.579478e-01 
  809.000  9.566826e-01 
  810.000  9.552984e-01 
  811.000  9.524051e-01 
  812.000  9.484953e-01 
  813.000  9.436727e-01 
  814.000  9.372582e-01 
  815.000  9.292291e-01 
  816.000  9.186882e-01 
  817.000  9.193676e-01 
  818.000  9.202757e-01 
  819.000  9.237645e-01 
  820.000  9.353611e-01 
  821.000  9.484557e-01 
  822.000  9.385648e-01 
  823.000  9.102734e-01 
  824.000  9.342117e-01 
  825.000  9.492587e-01 
  826.000  9.466777e-01 
  827.000  9.448164e-01 
  828.000  9.349328e-01 
  829.000  9.385520e-01 
  830.000  9.425679e-01 
  831.000  9.435131e-01 
  832.000  9.439020e-01 
  833.000  9.462029e-01 
  834.000  9.488956e-01 
  835.000  9.542121e-01 
  836.000  9.525169e-01 
  837.000  9.523427e-01 
  838.000  9.549488e-01 
  839.000  9.565303e-01 
  840.000  9.571227e-01 
  841.000  9.554488e-01 
  842.000  9.569950e-01 
  843.000  9.606255e-01 
  844.000  9.622756e-01 
  845.000  9.630536e-01 
  846.000  9.638736e-01 
  847.000  9.647779e-01 
  848.000  9.633549e-01 
  849.000  9.635704e-01 
  850.000  9.628834e-01 
  851.000  9.620602e-01 
  852.000  9.621724e-01 
  853.000  9.636047e-01 
  854.000  9.635537e-01 
  855.000  9.642863e-01 
  856.000  9.657862e-01 
  857.000  9.664295e-01 
  858.000  9.667781e-01 
  859.000  9.675124e-01 
  860.000  9.678845e-01 
  861.000  9.679665e-01 
  862.000  9.681783e-01 
  863.000  9.682326e-01 
  864.000  9.683874e-01 
  865.000  9.685194e-01 
  866.000  9.685767e-01 
  867.000  9.685869e-01 
  868.000  9.686326e-01 
  869.000  9.686965e-01 
  870.000  9.686998e-01 
  871.000  9.687614e-01 
  872.000  9.688707e-01 
  873.000  9.688188e-01 
  874.000  9.688035e-01 
  875.000  9.688217e-01 
  876.000  9.687095e-01 
  877.000  9.686662e-01 
  878.000  9.682227e-01 
  879.000  9.682184e-01 
  880.000  9.678399e-01 
  881.000  9.676385e-01 
  882.000  9.674489e-01 
  883.000  9.676860e-01 
  884.000  9.677972e-01 
  885.000  9.669963e-01 
  886.000  9.658706e-01 
  887.000  9.667870e-01 
  888.000  9.667603e-01 
  889.000  9.670675e-01 
  890.000  9.664280e-01 
  891.000  9.650801e-01 
  892.000  9.622175e-01 
  893.000  9.533413e-01 
  894.000  9.489454e-01 
  895.000  9.351637e-01 
  896.000  9.227242e-01 
  897.000  9.094780e-01 
  898.000  9.032358e-01 
  899.000  8.850068e-01 
  900.000  8.877649e-01 
  901.000  8.829474e-01 
  902.000  8.837335e-01 
  903.000  9.142941e-01 
  904.000  9.324282e-01 
  905.000  9.317173e-01 
  906.000  9.204097e-01 
  907.000  9.000674e-01 
  908.000  8.864285e-01 
  909.000  8.870825e-01 
  910.000  8.891910e-01 
  911.000  8.983039e-01 
  912.000  8.939125e-01 
  913.000  8.745486e-01 
  914.000  8.841734e-01 
  915.000  8.916424e-01 
  916.000  8.936238e-01 
  917.000  8.976045e-01 
  918.000  9.027430e-01 
  919.000  9.201250e-01 
  920.000  9.329830e-01 
  921.000  9.301097e-01 
  922.000  9.298628e-01 
  923.000  9.262756e-01 
  924.000  9.175940e-01 
  925.000  9.169945e-01 
  926.000  9.170985e-01 
  927.000  9.071202e-01 
  928.000  8.915286e-01 
  929.000  8.684800e-01 
  930.000  8.381608e-01 
  931.000  8.027794e-01 
  932.000  7.549560e-01 
  933.000  7.160480e-01 
  934.000  6.730810e-01 
  935.000  6.686761e-01 
  936.000  6.866447e-01 
  937.000  6.817746e-01 
  938.000  7.283437e-01 
  939.000  8.383515e-01 
  940.000  8.532512e-01 
  941.000  8.399493e-01 
  942.000  8.068372e-01 
  943.000  7.485174e-01 
  944.000  7.444928e-01 
  945.000  7.663991e-01 
  946.000  7.673475e-01 
  947.000  7.856723e-01 
  948.000  7.962634e-01 
  949.000  7.945790e-01 
  950.000  7.971960e-01 
  951.000  8.205785e-01 
  952.000  7.950160e-01 
  953.000  8.124640e-01 
  954.000  8.306956e-01 
  955.000  8.153093e-01 
  956.000  8.113213e-01 
  957.000  8.571635e-01 
  958.000  8.626167e-01 
  959.000  8.549117e-01 
  960.000  8.525319e-01 
  961.000  8.486081e-01 
  962.000  8.518829e-01 
  963.000  8.760973e-01 
  964.000  8.794083e-01 
  965.000  8.769782e-01 
  966.000  8.781248e-01 
  967.000  8.948616e-01 
  968.000  9.220974e-01 
  969.000  9.340646e-01 
  970.000  9.346540e-01 
  971.000  9.343613e-01 
  972.000  9.309813e-01 
  973.000  9.230824e-01 
  974.000  9.133225e-01 
  975.000  9.069818e-01 
  976.000  9.147344e-01 
  977.000  9.273643e-01 
  978.000  9.262920e-01 
  979.000  9.294719e-01 
  980.000  9.420894e-01 
  981.000  9.448285e-01 
  982.000  9.419830e-01 
  983.000  9.483655e-01 
  984.000  9.548979e-01 
  985.000  9.585812e-01 
  986.000  9.633167e-01 
  987.000  9.653496e-01 
  988.000  9.658067e-01 
  989.000  9.661000e-01 
  990.000  9.665989e-01 
  991.000  9.683496e-01 
  992.000  9.688540e-01 
  993.000  9.690465e-01 
  994.000  9.706371e-01 
  995.000  9.717224e-01 
  996.000  9.717259e-01 
  997.000  9.710497e-01 
  998.000  9.702600e-01 
  999.000  9.699776e-01 
 1000.000  9.702308e-01 
 1001.000  9.685622e-01 
 1002.000  9.658852e-01 
 1003.000  9.665366e-01 
 1004.000  9.680902e-01 
 1005.000  9.688088e-01 
 1006.000  9.690278e-01 
 1007.000  9.685236e-01 
 1008.000  9.663400e-01 
 1009.000  9.633959e-01 
 1010.000  9.647133e-01 
 1011.000  9.678368e-01 
 1012.000  9.690179e-01 
 1013.000  9.699413e-01 
 1014.000  9.703278e-01 
 1015.000  9.703948e-01 
 1016.000  9.708125e-01 
 1017.000  9.710571e-01 
 1018.000  9.705241e-01 
 1019.000  9.694439e-01 
 1020.000  9.698162e-01 
 1021.000  9.705948e-01 
 1022.000  9.692752e-01 
 1023.000  9.681634e-01 
 1024.000  9.674983e-01 
 1025.000  9.694939e-01 
 1026.000  9.703582e-01 
 1027.000  9.699636e-01 
 1028.000  9.702454e-01 
 1029.000  9.711049e-01 
 1030.000  9.718846e-01 
 1031.000  9.722748e-01 
 1032.000  9.725618e-01 
 1033.000  9.726105e-01 
 1034.000  9.727593e-01 
 1035.000  9.727726e-01 
 1036.000  9.725822e-01 
 1037.000  9.724808e-01 
 1038.000  9.725205e-01 
 1039.000  9.723792e-01 
 1040.000  9.722260e-01 
 1041.000  9.721016e-01 
 1042.000  9.720446e-01 
 1043.000  9.719940e-01 
 1044.000  9.718544e-01 
 1045.000  9.715580e-01 
 1046.000  9.713358e-01 
 1047.000  9.710497e-01 
 1048.000  9.705607e-01 
 1049.000  9.699957e-01 
 1050.000  9.696353e-01 
 1051.000  9.692625e-01 
 1052.000  9.689060e-01 
 1053.000  9.687374e-01 
 1054.000  9.682785e-01 
 1055.000  9.678025e-01 
 1056.000  9.673109e-01 
 1057.000  9.663715e-01 
 1058.000  9.647988e-01 
 1059.000  9.646742e-01 
 1060.000  9.651622e-01 
 1061.000  9.648622e-01 
 1062.000  9.637841e-01 
 1063.000  9.631060e-01 
 1064.000  9.620814e-01 
 1065.000  9.611869e-01 
 1066.000  9.612222e-01 
 1067.000  9.606283e-01 
 1068.000  9.590395e-01 
 1069.000  9.588887e-01 
 1070.000  9.596125e-01 
 1071.000  9.589314e-01 
 1072.000  9.580784e-01 
 1073.000  9.581420e-01 
 1074.000  9.585705e-01 
 1075.000  9.604850e-01 
 1076.000  9.596877e-01 
 1077.000  9.585121e-01 
 1078.000  9.570776e-01 
 1079.000  9.570642e-01 
 1080.000  9.528157e-01 
 1081.000  9.527143e-01 
 1082.000  9.547974e-01 
 1083.000  9.526175e-01 
 1084.000  9.501763e-01 
 1085.000  9.441189e-01 
 1086.000  9.456913e-01 
 1087.000  9.525840e-01 
 1088.000  9.529351e-01 
 1089.000  9.447986e-01 
 1090.000  9.433507e-01 
 1091.000  9.450343e-01 
 1092.000  9.410484e-01 
 1093.000  9.318666e-01 
 1094.000  9.278620e-01 
 1095.000  9.286085e-01 
 1096.000  9.293314e-01 
 1097.000  9.276103e-01 
 1098.000  9.046167e-01 
 1099.000  8.845407e-01 
 1100.000  8.860055e-01 
 1101.000  8.889123e-01 
 1102.000  8.877165e-01 
 1103.000  8.897125e-01 
 1104.000  8.864435e-01 
 1105.000  8.779959e-01 
 1106.000  8.692245e-01 
 1107.000  8.716720e-01 
 1108.000  8.736287e-01 
 1109.000  8.815743e-01 
 1110.000  8.812671e-01 
 1111.000  8.774576e-01 
 1112.000  8.593159e-01 
 1113.000  8.342603e-01 
 1114.000  8.284686e-01 
 1115.000  7.965971e-01 
 1116.000  7.760121e-01 
 1117.000  7.245321e-01 
 1118.000  6.752117e-01 
 1119.000  6.486434e-01 
 1120.000  6.128721e-01 
 1121.000  6.049566e-01 
 1122.000  5.636515e-01 
 1123.000  5.878513e-01 
 1124.000  6.035621e-01 
 1125.000  5.956911e-01 
 1126.000  5.922898e-01 
 1127.000  5.952369e-01 
 1128.000  6.010308e-01 
 1129.000  6.394522e-01 
 1130.000  7.234033e-01 
 1131.000  7.460480e-01 
 1132.000  7.153436e-01 
 1133.000  6.544514e-01 
 1134.000  5.297699e-01 
 1135.000  5.398304e-01 
 1136.000  6.623447e-01 
 1137.000  7.210632e-01 
 1138.000  7.729278e-01 
 1139.000  7.863818e-01 
 1140.000  7.767637e-01 
 1141.000  7.561201e-01 
 1142.000  7.491497e-01 
 1143.000  7.267152e-01 
 1144.000  7.002571e-01 
 1145.000  6.604517e-01 
 1146.000  6.699778e-01 
 1147.000  7.007748e-01 
 1148.000  7.270636e-01 
 1149.000  7.370257e-01 
 1150.000  7.364975e-01 
