  320.000  1.356685e-01 
  321.000  1.715133e-01 
  322.000  1.573064e-01 
  323.000  1.753388e-01 
  324.000  1.936825e-01 
  325.000  1.799911e-01 
  326.000  2.025370e-01 
  327.000  2.088959e-01 
  328.000  1.951983e-01 
  329.000  2.216067e-01 
  330.000  2.258360e-01 
  331.000  2.174789e-01 
  332.000  2.336555e-01 
  333.000  2.384035e-01 
  334.000  2.345041e-01 
  335.000  2.464768e-01 
  336.000  2.513500e-01 
  337.000  2.492945e-01 
  338.000  2.550156e-01 
  339.000  2.609395e-01 
  340.000  2.599647e-01 
  341.000  2.657323e-01 
  342.000  2.699616e-01 
  343.000  2.720894e-01 
  344.000  2.725245e-01 
  345.000  2.782792e-01 
  346.000  2.819214e-01 
  347.000  2.848957e-01 
  348.000  2.876854e-01 
  349.000  2.908232e-01 
  350.000  2.935089e-01 
  351.000  2.961868e-01 
  352.000  2.983860e-01 
  353.000  3.015168e-01 
  354.000  3.041852e-01 
  355.000  3.066710e-01 
  356.000  3.090954e-01 
  357.000  3.112551e-01 
  358.000  3.135808e-01 
  359.000  3.159063e-01 
  360.000  3.182899e-01 
  361.000  3.213041e-01 
  362.000  3.244462e-01 
  363.000  3.273430e-01 
  364.000  3.300115e-01 
  365.000  3.325168e-01 
  366.000  3.350806e-01 
  367.000  3.375236e-01 
  368.000  3.399464e-01 
  369.000  3.423501e-01 
  370.000  3.447307e-01 
  371.000  3.470944e-01 
  372.000  3.494402e-01 
  373.000  3.517678e-01 
  374.000  3.540595e-01 
  375.000  3.563085e-01 
  376.000  3.584824e-01 
  377.000  3.605382e-01 
  378.000  3.624489e-01 
  379.000  3.643912e-01 
  380.000  3.665287e-01 
  381.000  3.689633e-01 
  382.000  3.714879e-01 
  383.000  3.738767e-01 
  384.000  3.761441e-01 
  385.000  3.783299e-01 
  386.000  3.804607e-01 
  387.000  3.825580e-01 
  388.000  3.846296e-01 
  389.000  3.866850e-01 
  390.000  3.887247e-01 
  391.000  3.907443e-01 
  392.000  3.927497e-01 
  393.000  3.947393e-01 
  394.000  3.967111e-01 
  395.000  3.986635e-01 
  396.000  4.006040e-01 
  397.000  4.025225e-01 
  398.000  4.044240e-01 
  399.000  4.063101e-01 
  400.000  4.081706e-01 
  401.000  4.100245e-01 
  402.000  4.118641e-01 
  403.000  4.136884e-01 
  404.000  4.154970e-01 
  405.000  4.172864e-01 
  406.000  4.190643e-01 
  407.000  4.208288e-01 
  408.000  4.225783e-01 
  409.000  4.243110e-01 
  410.000  4.260278e-01 
  411.000  4.277280e-01 
  412.000  4.294104e-01 
  413.000  4.310835e-01 
  414.000  4.326369e-01 
  415.000  4.343178e-01 
  416.000  4.359778e-01 
  417.000  4.376105e-01 
  418.000  4.392061e-01 
  419.000  4.407844e-01 
  420.000  4.423487e-01 
  421.000  4.439041e-01 
  422.000  4.454502e-01 
  423.000  4.469851e-01 
  424.000  4.485022e-01 
  425.000  4.499849e-01 
  426.000  4.514534e-01 
  427.000  4.529092e-01 
  428.000  4.543395e-01 
  429.000  4.557500e-01 
  430.000  4.571444e-01 
  431.000  4.585287e-01 
  432.000  4.598987e-01 
  433.000  4.612561e-01 
  434.000  4.626022e-01 
  435.000  4.639354e-01 
  436.000  4.652539e-01 
  437.000  4.665583e-01 
  438.000  4.678481e-01 
  439.000  4.691282e-01 
  440.000  4.703878e-01 
  441.000  4.716317e-01 
  442.000  4.728561e-01 
  443.000  4.740622e-01 
  444.000  4.752495e-01 
  445.000  4.764115e-01 
  446.000  4.775413e-01 
  447.000  4.787264e-01 
  448.000  4.799973e-01 
  449.000  4.812839e-01 
  450.000  4.825459e-01 
  451.000  4.837588e-01 
  452.000  4.849293e-01 
  453.000  4.860761e-01 
  454.000  4.872023e-01 
  455.000  4.882634e-01 
  456.000  4.892388e-01 
  457.000  4.902147e-01 
  458.000  4.911775e-01 
  459.000  4.921200e-01 
  460.000  4.930552e-01 
  461.000  4.939805e-01 
  462.000  4.948883e-01 
  463.000  4.957922e-01 
  464.000  4.969693e-01 
  465.000  4.981288e-01 
  466.000  4.992680e-01 
  467.000  5.003809e-01 
  468.000  5.012876e-01 
  469.000  5.020686e-01 
  470.000  5.027868e-01 
  471.000  5.034335e-01 
  472.000  5.039825e-01 
  473.000  5.043674e-01 
  474.000  5.046835e-01 
  475.000  5.047647e-01 
  476.000  5.046082e-01 
  477.000  5.046050e-01 
  478.000  5.055195e-01 
  479.000  5.069118e-01 
  480.000  5.084149e-01 
  481.000  5.097634e-01 
  482.000  5.110283e-01 
  483.000  5.121282e-01 
  484.000  5.130736e-01 
  485.000  5.139191e-01 
  486.000  5.148209e-01 
  487.000  5.157703e-01 
  488.000  5.166893e-01 
  489.000  5.175915e-01 
  490.000  5.184830e-01 
  491.000  5.191813e-01 
  492.000  5.198196e-01 
  493.000  5.204548e-01 
  494.000  5.210720e-01 
  495.000  5.216893e-01 
  496.000  5.220073e-01 
  497.000  5.223134e-01 
  498.000  5.226149e-01 
  499.000  5.229002e-01 
  500.000  5.231810e-01 
  501.000  5.234306e-01 
  502.000  5.236802e-01 
  503.000  5.239267e-01 
  504.000  5.241619e-01 
  505.000  5.243842e-01 
  506.000  5.250355e-01 
  507.000  5.257057e-01 
  508.000  5.263749e-01 
  509.000  5.270364e-01 
  510.000  5.276839e-01 
  511.000  5.282644e-01 
  512.000  5.288250e-01 
  513.000  5.293824e-01 
  514.000  5.299329e-01 
  515.000  5.304786e-01 
  516.000  5.308685e-01 
  517.000  5.311184e-01 
  518.000  5.313615e-01 
  519.000  5.315999e-01 
  520.000  5.318360e-01 
  521.000  5.320476e-01 
  522.000  5.322002e-01 
  523.000  5.323102e-01 
  524.000  5.324239e-01 
  525.000  5.325135e-01 
  526.000  5.326392e-01 
  527.000  5.326594e-01 
  528.000  5.326369e-01 
  529.000  5.326132e-01 
  530.000  5.325947e-01 
  531.000  5.325797e-01 
  532.000  5.326136e-01 
  533.000  5.329201e-01 
  534.000  5.333073e-01 
  535.000  5.337442e-01 
  536.000  5.341666e-01 
  537.000  5.345530e-01 
  538.000  5.348985e-01 
  539.000  5.352187e-01 
  540.000  5.355191e-01 
  541.000  5.358106e-01 
  542.000  5.360895e-01 
  543.000  5.363585e-01 
  544.000  5.365618e-01 
  545.000  5.367117e-01 
  546.000  5.368547e-01 
  547.000  5.370017e-01 
  548.000  5.371413e-01 
  549.000  5.372787e-01 
  550.000  5.373453e-01 
  551.000  5.373418e-01 
  552.000  5.373410e-01 
  553.000  5.373257e-01 
  554.000  5.373037e-01 
  555.000  5.372779e-01 
  556.000  5.372255e-01 
  557.000  5.371271e-01 
  558.000  5.370208e-01 
  559.000  5.369020e-01 
  560.000  5.367532e-01 
  561.000  5.365766e-01 
  562.000  5.361727e-01 
  563.000  5.359526e-01 
  564.000  5.356576e-01 
  565.000  5.351959e-01 
  566.000  5.349208e-01 
  567.000  5.338802e-01 
  568.000  5.308205e-01 
  569.000  5.240895e-01 
  570.000  5.250449e-01 
  571.000  5.296234e-01 
  572.000  5.250669e-01 
  573.000  5.261967e-01 
  574.000  5.264513e-01 
  575.000  5.261302e-01 
  576.000  5.263132e-01 
  577.000  5.279540e-01 
  578.000  5.299942e-01 
  579.000  5.317912e-01 
  580.000  5.333645e-01 
  581.000  5.356765e-01 
  582.000  5.372196e-01 
  583.000  5.381411e-01 
  584.000  5.389994e-01 
  585.000  5.396049e-01 
  586.000  5.402594e-01 
  587.000  5.385643e-01 
  588.000  5.294608e-01 
  589.000  5.151430e-01 
  590.000  5.144115e-01 
  591.000  5.244524e-01 
  592.000  5.193612e-01 
  593.000  5.308126e-01 
  594.000  5.284652e-01 
  595.000  5.206754e-01 
  596.000  5.317752e-01 
  597.000  5.290537e-01 
  598.000  5.334504e-01 
  599.000  5.351091e-01 
  600.000  5.390715e-01 
  601.000  5.415789e-01 
  602.000  5.422628e-01 
  603.000  5.434645e-01 
  604.000  5.448143e-01 
  605.000  5.457795e-01 
  606.000  5.464470e-01 
  607.000  5.470908e-01 
  608.000  5.476904e-01 
  609.000  5.482628e-01 
  610.000  5.488530e-01 
  611.000  5.495085e-01 
  612.000  5.501505e-01 
  613.000  5.507725e-01 
  614.000  5.513763e-01 
  615.000  5.519784e-01 
  616.000  5.525585e-01 
  617.000  5.531066e-01 
  618.000  5.535660e-01 
  619.000  5.539547e-01 
  620.000  5.543146e-01 
  621.000  5.546238e-01 
  622.000  5.548822e-01 
  623.000  5.550551e-01 
  624.000  5.552388e-01 
  625.000  5.553914e-01 
  626.000  5.550129e-01 
  627.000  5.513296e-01 
  628.000  5.325084e-01 
  629.000  5.435532e-01 
  630.000  5.469533e-01 
  631.000  5.506739e-01 
  632.000  5.494194e-01 
  633.000  5.548130e-01 
  634.000  5.572635e-01 
  635.000  5.582286e-01 
  636.000  5.599310e-01 
  637.000  5.612949e-01 
  638.000  5.640476e-01 
  639.000  5.649574e-01 
  640.000  5.667482e-01 
  641.000  5.675146e-01 
  642.000  5.688772e-01 
  643.000  5.681401e-01 
  644.000  5.687323e-01 
  645.000  5.673962e-01 
  646.000  5.596270e-01 
  647.000  5.543610e-01 
  648.000  5.484399e-01 
  649.000  5.543862e-01 
  650.000  5.655062e-01 
  651.000  5.658699e-01 
  652.000  5.567598e-01 
  653.000  5.680334e-01 
  654.000  5.672024e-01 
  655.000  5.635901e-01 
  656.000  5.653499e-01 
  657.000  5.678729e-01 
  658.000  5.719821e-01 
  659.000  5.745352e-01 
  660.000  5.758583e-01 
  661.000  5.789476e-01 
  662.000  5.805196e-01 
  663.000  5.806677e-01 
  664.000  5.814935e-01 
  665.000  5.822760e-01 
  666.000  5.831717e-01 
  667.000  5.839372e-01 
  668.000  5.848609e-01 
  669.000  5.855023e-01 
  670.000  5.860623e-01 
  671.000  5.866561e-01 
  672.000  5.871795e-01 
  673.000  5.876923e-01 
  674.000  5.882000e-01 
  675.000  5.887091e-01 
  676.000  5.891850e-01 
  677.000  5.896232e-01 
  678.000  5.900631e-01 
  679.000  5.904106e-01 
  680.000  5.903584e-01 
  681.000  5.902578e-01 
  682.000  5.904818e-01 
  683.000  5.905800e-01 
  684.000  5.901049e-01 
  685.000  5.909874e-01 
  686.000  5.884308e-01 
  687.000  5.021011e-01 
  688.000  5.292282e-01 
  689.000  5.213435e-01 
  690.000  5.355565e-01 
  691.000  5.536861e-01 
  692.000  5.638593e-01 
  693.000  5.564869e-01 
  694.000  5.471252e-01 
  695.000  5.556945e-01 
  696.000  5.607477e-01 
  697.000  5.826080e-01 
  698.000  5.781049e-01 
  699.000  5.585182e-01 
  700.000  5.617844e-01 
  701.000  5.574572e-01 
  702.000  5.607011e-01 
  703.000  5.771701e-01 
  704.000  5.779287e-01 
  705.000  5.711857e-01 
  706.000  5.725510e-01 
  707.000  5.750210e-01 
  708.000  5.776916e-01 
  709.000  5.831178e-01 
  710.000  5.774171e-01 
  711.000  5.833089e-01 
  712.000  5.883390e-01 
  713.000  5.843495e-01 
  714.000  5.830117e-01 
  715.000  5.764868e-01 
  716.000  5.696722e-01 
  717.000  5.272609e-01 
  718.000  5.015572e-01 
  719.000  4.923646e-01 
  720.000  4.787051e-01 
  721.000  5.394850e-01 
  722.000  5.615636e-01 
  723.000  5.490995e-01 
  724.000  5.140238e-01 
  725.000  5.191531e-01 
  726.000  5.175409e-01 
  727.000  5.224998e-01 
  728.000  5.171400e-01 
  729.000  5.305486e-01 
  730.000  5.282642e-01 
  731.000  5.255029e-01 
  732.000  5.482472e-01 
  733.000  5.702957e-01 
  734.000  5.810057e-01 
  735.000  5.772555e-01 
  736.000  5.702547e-01 
  737.000  5.755537e-01 
  738.000  5.828495e-01 
  739.000  5.860048e-01 
  740.000  5.930057e-01 
  741.000  5.970621e-01 
  742.000  5.987719e-01 
  743.000  6.025224e-01 
  744.000  6.040756e-01 
  745.000  6.054370e-01 
  746.000  6.064135e-01 
  747.000  6.066810e-01 
  748.000  6.076038e-01 
  749.000  6.081136e-01 
  750.000  6.078359e-01 
  751.000  6.080188e-01 
  752.000  6.089001e-01 
  753.000  6.092695e-01 
  754.000  6.095573e-01 
  755.000  6.097393e-01 
  756.000  6.099309e-01 
  757.000  6.100630e-01 
  758.000  6.088908e-01 
  759.000  5.620975e-01 
  760.000  2.314589e-01 
  761.000  2.024432e-01 
  762.000  3.870333e-01 
  763.000  3.279908e-01 
  764.000  3.570717e-01 
  765.000  4.242562e-01 
  766.000  5.072305e-01 
  767.000  5.498228e-01 
  768.000  5.779257e-01 
  769.000  5.965816e-01 
  770.000  6.066327e-01 
  771.000  6.113723e-01 
  772.000  6.125613e-01 
  773.000  6.130918e-01 
  774.000  6.137639e-01 
  775.000  6.141852e-01 
  776.000  6.144912e-01 
  777.000  6.145669e-01 
  778.000  6.145334e-01 
  779.000  6.144910e-01 
  780.000  6.144469e-01 
  781.000  6.148471e-01 
  782.000  6.147904e-01 
  783.000  6.147473e-01 
  784.000  6.144537e-01 
  785.000  6.129290e-01 
  786.000  6.106325e-01 
  787.000  6.053428e-01 
  788.000  6.025646e-01 
  789.000  5.926895e-01 
  790.000  5.918381e-01 
  791.000  5.936968e-01 
  792.000  5.954209e-01 
  793.000  5.994421e-01 
  794.000  6.079851e-01 
  795.000  6.027592e-01 
  796.000  5.889066e-01 
  797.000  5.928562e-01 
  798.000  6.016120e-01 
  799.000  5.996119e-01 
  800.000  5.932389e-01 
  801.000  5.939956e-01 
  802.000  5.933520e-01 
  803.000  5.942839e-01 
  804.000  5.972826e-01 
  805.000  6.030315e-01 
  806.000  6.064710e-01 
  807.000  6.066233e-01 
  808.000  6.046700e-01 
  809.000  6.022689e-01 
  810.000  5.996351e-01 
  811.000  5.942494e-01 
  812.000  5.870131e-01 
  813.000  5.781832e-01 
  814.000  5.665905e-01 
  815.000  5.522434e-01 
  816.000  5.340868e-01 
  817.000  5.350423e-01 
  818.000  5.365035e-01 
  819.000  5.424981e-01 
  820.000  5.625809e-01 
  821.000  5.857165e-01 
  822.000  5.680957e-01 
  823.000  5.197830e-01 
  824.000  5.604294e-01 
  825.000  5.870395e-01 
  826.000  5.825283e-01 
  827.000  5.791523e-01 
  828.000  5.616534e-01 
  829.000  5.679291e-01 
  830.000  5.749999e-01 
  831.000  5.766770e-01 
  832.000  5.774500e-01 
  833.000  5.815552e-01 
  834.000  5.864021e-01 
  835.000  5.960287e-01 
  836.000  5.929474e-01 
  837.000  5.926367e-01 
  838.000  5.973228e-01 
  839.000  6.001762e-01 
  840.000  6.012121e-01 
  841.000  5.981267e-01 
  842.000  6.009011e-01 
  843.000  6.075010e-01 
  844.000  6.105047e-01 
  845.000  6.119047e-01 
  846.000  6.133780e-01 
  847.000  6.150017e-01 
  848.000  6.123198e-01 
  849.000  6.126602e-01 
  850.000  6.113339e-01 
  851.000  6.097558e-01 
  852.000  6.099117e-01 
  853.000  6.125168e-01 
  854.000  6.123775e-01 
  855.000  6.136886e-01 
  856.000  6.164171e-01 
  857.000  6.174251e-01 
  858.000  6.180492e-01 
  859.000  6.193506e-01 
  860.000  6.199880e-01 
  861.000  6.201020e-01 
  862.000  6.205060e-01 
  863.000  6.205584e-01 
  864.000  6.208355e-01 
  865.000  6.210620e-01 
  866.000  6.211218e-01 
  867.000  6.210803e-01 
  868.000  6.211154e-01 
  869.000  6.211905e-01 
  870.000  6.211346e-01 
  871.000  6.212056e-01 
  872.000  6.213795e-01 
  873.000  6.212049e-01 
  874.000  6.211101e-01 
  875.000  6.210874e-01 
  876.000  6.207832e-01 
  877.000  6.206751e-01 
  878.000  6.198550e-01 
  879.000  6.197985e-01 
  880.000  6.190913e-01 
  881.000  6.186691e-01 
  882.000  6.183291e-01 
  883.000  6.186649e-01 
  884.000  6.188254e-01 
  885.000  6.173602e-01 
  886.000  6.154638e-01 
  887.000  6.170437e-01 
  888.000  6.169484e-01 
  889.000  6.172692e-01 
  890.000  6.162106e-01 
  891.000  6.137187e-01 
  892.000  6.084725e-01 
  893.000  5.926518e-01 
  894.000  5.847631e-01 
  895.000  5.610497e-01 
  896.000  5.399307e-01 
  897.000  5.178539e-01 
  898.000  5.076037e-01 
  899.000  4.792936e-01 
  900.000  4.832695e-01 
  901.000  4.759989e-01 
  902.000  4.774462e-01 
  903.000  5.251498e-01 
  904.000  5.548998e-01 
  905.000  5.538877e-01 
  906.000  5.352721e-01 
  907.000  5.027838e-01 
  908.000  4.816653e-01 
  909.000  4.825039e-01 
  910.000  4.856447e-01 
  911.000  4.996300e-01 
  912.000  4.928549e-01 
  913.000  4.637132e-01 
  914.000  4.780782e-01 
  915.000  4.895233e-01 
  916.000  4.926766e-01 
  917.000  4.989794e-01 
  918.000  5.071368e-01 
  919.000  5.350014e-01 
  920.000  5.563820e-01 
  921.000  5.517259e-01 
  922.000  5.513405e-01 
  923.000  5.453840e-01 
  924.000  5.311309e-01 
  925.000  5.298241e-01 
  926.000  5.291464e-01 
  927.000  5.123760e-01 
  928.000  4.868982e-01 
  929.000  4.508093e-01 
  930.000  4.061604e-01 
  931.000  3.579804e-01 
  932.000  2.969240e-01 
  933.000  2.543431e-01 
  934.000  2.130083e-01 
  935.000  2.085309e-01 
  936.000  2.242070e-01 
  937.000  2.203937e-01 
  938.000  2.673140e-01 
  939.000  3.985015e-01 
  940.000  4.193886e-01 
  941.000  4.017669e-01 
  942.000  3.590317e-01 
  943.000  2.908365e-01 
  944.000  2.860672e-01 
  945.000  3.098323e-01 
  946.000  3.113698e-01 
  947.000  3.335574e-01 
  948.000  3.467208e-01 
  949.000  3.452476e-01 
  950.000  3.487033e-01 
  951.000  3.784902e-01 
  952.000  3.471351e-01 
  953.000  3.695310e-01 
  954.000  3.940049e-01 
  955.000  3.746887e-01 
  956.000  3.708109e-01 
  957.000  4.331062e-01 
  958.000  4.416224e-01 
  959.000  4.313294e-01 
  960.000  4.284711e-01 
  961.000  4.233678e-01 
  962.000  4.283010e-01 
  963.000  4.634364e-01 
  964.000  4.686478e-01 
  965.000  4.654081e-01 
  966.000  4.674811e-01 
  967.000  4.930961e-01 
  968.000  5.365720e-01 
  969.000  5.565567e-01 
  970.000  5.576954e-01 
  971.000  5.572356e-01 
  972.000  5.515503e-01 
  973.000  5.385021e-01 
  974.000  5.227466e-01 
  975.000  5.126930e-01 
  976.000  5.250014e-01 
  977.000  5.455076e-01 
  978.000  5.438969e-01 
  979.000  5.493075e-01 
  980.000  5.704912e-01 
  981.000  5.752476e-01 
  982.000  5.705749e-01 
  983.000  5.815486e-01 
  984.000  5.928838e-01 
  985.000  5.993538e-01 
  986.000  6.077194e-01 
  987.000  6.113638e-01 
  988.000  6.122087e-01 
  989.000  6.127490e-01 
  990.000  6.136368e-01 
  991.000  6.167565e-01 
  992.000  6.176407e-01 
  993.000  6.179697e-01 
  994.000  6.207846e-01 
  995.000  6.225332e-01 
  996.000  6.225116e-01 
  997.000  6.213092e-01 
  998.000  6.200299e-01 
  999.000  6.195022e-01 
 1000.000  6.199244e-01 
 1001.000  6.169336e-01 
 1002.000  6.121580e-01 
 1003.000  6.132863e-01 
 1004.000  6.160266e-01 
 1005.000  6.172774e-01 
 1006.000  6.176764e-01 
 1007.000  6.167594e-01 
 1008.000  6.128671e-01 
 1009.000  6.076734e-01 
 1010.000  6.099826e-01 
 1011.000  6.155013e-01 
 1012.000  6.176054e-01 
 1013.000  6.192618e-01 
 1014.000  6.199548e-01 
 1015.000  6.200860e-01 
 1016.000  6.208337e-01 
 1017.000  6.212667e-01 
 1018.000  6.203267e-01 
 1019.000  6.184030e-01 
 1020.000  6.190760e-01 
 1021.000  6.204601e-01 
 1022.000  6.181306e-01 
 1023.000  6.161832e-01 
 1024.000  6.150172e-01 
 1025.000  6.185850e-01 
 1026.000  6.201614e-01 
 1027.000  6.194906e-01 
 1028.000  6.200415e-01 
 1029.000  6.214677e-01 
 1030.000  6.229006e-01 
 1031.000  6.236323e-01 
 1032.000  6.242047e-01 
 1033.000  6.243768e-01 
 1034.000  6.247197e-01 
 1035.000  6.248836e-01 
 1036.000  6.247865e-01 
 1037.000  6.248302e-01 
 1038.000  6.249486e-01 
 1039.000  6.247242e-01 
 1040.000  6.245329e-01 
 1041.000  6.243817e-01 
 1042.000  6.243401e-01 
 1043.000  6.243373e-01 
 1044.000  6.242042e-01 
 1045.000  6.237801e-01 
 1046.000  6.234962e-01 
 1047.000  6.231610e-01 
 1048.000  6.227471e-01 
 1049.000  6.223578e-01 
 1050.000  6.219326e-01 
 1051.000  6.212938e-01 
 1052.000  6.209174e-01 
 1053.000  6.208352e-01 
 1054.000  6.201966e-01 
 1055.000  6.195464e-01 
 1056.000  6.190121e-01 
 1057.000  6.177443e-01 
 1058.000  6.153439e-01 
 1059.000  6.154788e-01 
 1060.000  6.166604e-01 
 1061.000  6.163526e-01 
 1062.000  6.148409e-01 
 1063.000  6.142805e-01 
 1064.000  6.129975e-01 
 1065.000  6.116184e-01 
 1066.000  6.117392e-01 
 1067.000  6.109095e-01 
 1068.000  6.079430e-01 
 1069.000  6.065092e-01 
 1070.000  6.069751e-01 
 1071.000  6.050845e-01 
 1072.000  6.031457e-01 
 1073.000  6.027830e-01 
 1074.000  6.030849e-01 
 1075.000  6.059845e-01 
 1076.000  6.041844e-01 
 1077.000  6.017678e-01 
 1078.000  5.989232e-01 
 1079.000  5.985568e-01 
 1080.000  5.909534e-01 
 1081.000  5.905265e-01 
 1082.000  5.938703e-01 
 1083.000  5.898345e-01 
 1084.000  5.854291e-01 
 1085.000  5.749714e-01 
 1086.000  5.774027e-01 
 1087.000  5.889020e-01 
 1088.000  5.893602e-01 
 1089.000  5.753451e-01 
 1090.000  5.727047e-01 
 1091.000  5.753373e-01 
 1092.000  5.683965e-01 
 1093.000  5.530084e-01 
 1094.000  5.463392e-01 
 1095.000  5.473857e-01 
 1096.000  5.483029e-01 
 1097.000  5.451905e-01 
 1098.000  5.083580e-01 
 1099.000  4.774821e-01 
 1100.000  4.795142e-01 
 1101.000  4.836953e-01 
 1102.000  4.815570e-01 
 1103.000  4.842816e-01 
 1104.000  4.790900e-01 
 1105.000  4.661970e-01 
 1106.000  4.533929e-01 
 1107.000  4.563873e-01 
 1108.000  4.584660e-01 
 1109.000  4.690895e-01 
 1110.000  4.672977e-01 
 1111.000  4.609799e-01 
 1112.000  4.340614e-01 
 1113.000  3.976924e-01 
 1114.000  3.872005e-01 
 1115.000  3.439655e-01 
 1116.000  3.180773e-01 
 1117.000  2.615190e-01 
 1118.000  2.123027e-01 
 1119.000  1.870992e-01 
 1120.000  1.578231e-01 
 1121.000  1.514456e-01 
 1122.000  1.238157e-01 
 1123.000  1.380423e-01 
 1124.000  1.479403e-01 
 1125.000  1.425626e-01 
 1126.000  1.405232e-01 
 1127.000  1.430830e-01 
 1128.000  1.480340e-01 
 1129.000  1.767092e-01 
 1130.000  2.484817e-01 
 1131.000  2.706057e-01 
 1132.000  2.402418e-01 
 1133.000  1.885294e-01 
 1134.000  1.056238e-01 
 1135.000  1.114612e-01 
 1136.000  1.964368e-01 
 1137.000  2.489739e-01 
 1138.000  3.039616e-01 
 1139.000  3.224615e-01 
 1140.000  3.116861e-01 
 1141.000  2.905941e-01 
 1142.000  2.829957e-01 
 1143.000  2.596654e-01 
 1144.000  2.343660e-01 
 1145.000  1.991821e-01 
 1146.000  2.073811e-01 
 1147.000  2.351525e-01 
 1148.000  2.607300e-01 
 1149.000  2.715613e-01 
 1150.000  2.727925e-01 
