  320.000  3.557389e-01 
  321.000  4.144830e-01 
  322.000  3.917663e-01 
  323.000  4.204865e-01 
  324.000  4.486651e-01 
  325.000  4.277265e-01 
  326.000  4.619322e-01 
  327.000  4.713356e-01 
  328.000  4.509509e-01 
  329.000  4.898391e-01 
  330.000  4.959132e-01 
  331.000  4.838716e-01 
  332.000  5.070405e-01 
  333.000  5.137336e-01 
  334.000  5.082402e-01 
  335.000  5.250088e-01 
  336.000  5.317525e-01 
  337.000  5.289138e-01 
  338.000  5.367953e-01 
  339.000  5.448917e-01 
  340.000  5.435637e-01 
  341.000  5.513954e-01 
  342.000  5.571006e-01 
  343.000  5.599591e-01 
  344.000  5.605426e-01 
  345.000  5.682309e-01 
  346.000  5.730681e-01 
  347.000  5.770022e-01 
  348.000  5.806792e-01 
  349.000  5.848002e-01 
  350.000  5.883151e-01 
  351.000  5.918089e-01 
  352.000  5.946698e-01 
  353.000  5.987298e-01 
  354.000  6.021788e-01 
  355.000  6.053821e-01 
  356.000  6.084979e-01 
  357.000  6.112661e-01 
  358.000  6.142398e-01 
  359.000  6.172054e-01 
  360.000  6.202374e-01 
  361.000  6.240601e-01 
  362.000  6.280317e-01 
  363.000  6.316816e-01 
  364.000  6.350338e-01 
  365.000  6.381723e-01 
  366.000  6.413757e-01 
  367.000  6.444203e-01 
  368.000  6.474320e-01 
  369.000  6.504126e-01 
  370.000  6.533574e-01 
  371.000  6.562743e-01 
  372.000  6.591625e-01 
  373.000  6.620214e-01 
  374.000  6.648298e-01 
  375.000  6.675797e-01 
  376.000  6.702321e-01 
  377.000  6.727353e-01 
  378.000  6.750572e-01 
  379.000  6.774134e-01 
  380.000  6.800011e-01 
  381.000  6.829422e-01 
  382.000  6.859849e-01 
  383.000  6.888573e-01 
  384.000  6.915777e-01 
  385.000  6.941950e-01 
  386.000  6.967413e-01 
  387.000  6.992428e-01 
  388.000  7.017089e-01 
  389.000  7.041510e-01 
  390.000  7.065701e-01 
  391.000  7.089611e-01 
  392.000  7.113310e-01 
  393.000  7.136780e-01 
  394.000  7.160000e-01 
  395.000  7.182952e-01 
  396.000  7.205724e-01 
  397.000  7.228202e-01 
  398.000  7.250444e-01 
  399.000  7.272468e-01 
  400.000  7.294160e-01 
  401.000  7.315740e-01 
  402.000  7.337120e-01 
  403.000  7.358291e-01 
  404.000  7.379246e-01 
  405.000  7.399947e-01 
  406.000  7.420486e-01 
  407.000  7.440838e-01 
  408.000  7.460989e-01 
  409.000  7.480919e-01 
  410.000  7.500637e-01 
  411.000  7.520137e-01 
  412.000  7.539406e-01 
  413.000  7.558544e-01 
  414.000  7.576289e-01 
  415.000  7.595465e-01 
  416.000  7.614377e-01 
  417.000  7.632954e-01 
  418.000  7.651085e-01 
  419.000  7.668997e-01 
  420.000  7.686729e-01 
  421.000  7.704338e-01 
  422.000  7.721820e-01 
  423.000  7.739155e-01 
  424.000  7.756269e-01 
  425.000  7.772974e-01 
  426.000  7.789502e-01 
  427.000  7.805868e-01 
  428.000  7.821928e-01 
  429.000  7.837751e-01 
  430.000  7.853375e-01 
  431.000  7.868869e-01 
  432.000  7.884189e-01 
  433.000  7.899350e-01 
  434.000  7.914371e-01 
  435.000  7.929233e-01 
  436.000  7.943916e-01 
  437.000  7.958428e-01 
  438.000  7.972763e-01 
  439.000  7.986977e-01 
  440.000  8.000951e-01 
  441.000  8.014737e-01 
  442.000  8.028295e-01 
  443.000  8.041639e-01 
  444.000  8.054762e-01 
  445.000  8.067595e-01 
  446.000  8.080063e-01 
  447.000  8.093129e-01 
  448.000  8.107129e-01 
  449.000  8.121288e-01 
  450.000  8.135164e-01 
  451.000  8.148488e-01 
  452.000  8.161336e-01 
  453.000  8.173913e-01 
  454.000  8.186254e-01 
  455.000  8.197871e-01 
  456.000  8.208544e-01 
  457.000  8.219214e-01 
  458.000  8.229735e-01 
  459.000  8.240026e-01 
  460.000  8.250230e-01 
  461.000  8.260320e-01 
  462.000  8.270213e-01 
  463.000  8.280058e-01 
  464.000  8.292866e-01 
  465.000  8.305475e-01 
  466.000  8.317852e-01 
  467.000  8.329935e-01 
  468.000  8.339772e-01 
  469.000  8.348240e-01 
  470.000  8.356023e-01 
  471.000  8.363027e-01 
  472.000  8.368972e-01 
  473.000  8.373138e-01 
  474.000  8.376558e-01 
  475.000  8.377436e-01 
  476.000  8.375744e-01 
  477.000  8.375709e-01 
  478.000  8.385601e-01 
  479.000  8.400650e-01 
  480.000  8.416880e-01 
  481.000  8.431427e-01 
  482.000  8.445060e-01 
  483.000  8.456904e-01 
  484.000  8.467078e-01 
  485.000  8.476171e-01 
  486.000  8.485864e-01 
  487.000  8.496063e-01 
  488.000  8.505929e-01 
  489.000  8.515608e-01 
  490.000  8.525167e-01 
  491.000  8.532650e-01 
  492.000  8.539487e-01 
  493.000  8.546288e-01 
  494.000  8.552894e-01 
  495.000  8.559497e-01 
  496.000  8.562899e-01 
  497.000  8.566171e-01 
  498.000  8.569394e-01 
  499.000  8.572444e-01 
  500.000  8.575445e-01 
  501.000  8.578112e-01 
  502.000  8.580778e-01 
  503.000  8.583411e-01 
  504.000  8.585923e-01 
  505.000  8.588296e-01 
  506.000  8.595248e-01 
  507.000  8.602399e-01 
  508.000  8.609536e-01 
  509.000  8.616588e-01 
  510.000  8.623487e-01 
  511.000  8.629671e-01 
  512.000  8.635640e-01 
  513.000  8.641573e-01 
  514.000  8.647430e-01 
  515.000  8.653233e-01 
  516.000  8.657379e-01 
  517.000  8.660035e-01 
  518.000  8.662619e-01 
  519.000  8.665153e-01 
  520.000  8.667662e-01 
  521.000  8.669909e-01 
  522.000  8.671530e-01 
  523.000  8.672699e-01 
  524.000  8.673906e-01 
  525.000  8.674858e-01 
  526.000  8.676192e-01 
  527.000  8.676407e-01 
  528.000  8.676168e-01 
  529.000  8.675916e-01 
  530.000  8.675721e-01 
  531.000  8.675560e-01 
  532.000  8.675920e-01 
  533.000  8.679175e-01 
  534.000  8.683285e-01 
  535.000  8.687922e-01 
  536.000  8.692403e-01 
  537.000  8.696502e-01 
  538.000  8.700166e-01 
  539.000  8.703561e-01 
  540.000  8.706745e-01 
  541.000  8.709835e-01 
  542.000  8.712789e-01 
  543.000  8.715639e-01 
  544.000  8.717793e-01 
  545.000  8.719380e-01 
  546.000  8.720894e-01 
  547.000  8.722451e-01 
  548.000  8.723929e-01 
  549.000  8.725384e-01 
  550.000  8.726089e-01 
  551.000  8.726052e-01 
  552.000  8.726044e-01 
  553.000  8.725882e-01 
  554.000  8.725650e-01 
  555.000  8.725376e-01 
  556.000  8.724821e-01 
  557.000  8.723780e-01 
  558.000  8.722654e-01 
  559.000  8.721398e-01 
  560.000  8.719826e-01 
  561.000  8.717968e-01 
  562.000  8.715333e-01 
  563.000  8.713142e-01 
  564.000  8.710425e-01 
  565.000  8.706706e-01 
  566.000  8.703030e-01 
  567.000  8.696839e-01 
  568.000  8.683036e-01 
  569.000  8.658316e-01 
  570.000  8.657799e-01 
  571.000  8.668578e-01 
  572.000  8.649808e-01 
  573.000  8.649312e-01 
  574.000  8.646981e-01 
  575.000  8.644092e-01 
  576.000  8.645796e-01 
  577.000  8.653327e-01 
  578.000  8.664193e-01 
  579.000  8.677658e-01 
  580.000  8.694916e-01 
  581.000  8.716151e-01 
  582.000  8.732761e-01 
  583.000  8.745810e-01 
  584.000  8.757063e-01 
  585.000  8.766710e-01 
  586.000  8.775432e-01 
  587.000  8.776095e-01 
  588.000  8.753204e-01 
  589.000  8.711034e-01 
  590.000  8.711663e-01 
  591.000  8.746926e-01 
  592.000  8.733036e-01 
  593.000  8.772154e-01 
  594.000  8.766955e-01 
  595.000  8.744041e-01 
  596.000  8.778107e-01 
  597.000  8.766831e-01 
  598.000  8.778129e-01 
  599.000  8.780745e-01 
  600.000  8.790517e-01 
  601.000  8.796014e-01 
  602.000  8.795536e-01 
  603.000  8.800806e-01 
  604.000  8.809485e-01 
  605.000  8.816799e-01 
  606.000  8.823069e-01 
  607.000  8.829156e-01 
  608.000  8.835337e-01 
  609.000  8.841274e-01 
  610.000  8.847469e-01 
  611.000  8.854354e-01 
  612.000  8.861094e-01 
  613.000  8.867624e-01 
  614.000  8.873959e-01 
  615.000  8.880276e-01 
  616.000  8.886359e-01 
  617.000  8.892103e-01 
  618.000  8.896918e-01 
  619.000  8.900990e-01 
  620.000  8.904759e-01 
  621.000  8.907998e-01 
  622.000  8.910704e-01 
  623.000  8.912514e-01 
  624.000  8.914445e-01 
  625.000  8.916069e-01 
  626.000  8.916354e-01 
  627.000  8.899502e-01 
  628.000  8.653221e-01 
  629.000  8.815479e-01 
  630.000  8.826282e-01 
  631.000  8.871753e-01 
  632.000  8.895423e-01 
  633.000  8.931764e-01 
  634.000  8.955920e-01 
  635.000  8.971459e-01 
  636.000  8.987091e-01 
  637.000  9.001088e-01 
  638.000  9.018601e-01 
  639.000  9.030095e-01 
  640.000  9.043962e-01 
  641.000  9.054510e-01 
  642.000  9.065104e-01 
  643.000  9.068737e-01 
  644.000  9.076270e-01 
  645.000  9.077222e-01 
  646.000  9.058097e-01 
  647.000  9.046541e-01 
  648.000  9.032412e-01 
  649.000  9.056118e-01 
  650.000  9.095456e-01 
  651.000  9.100549e-01 
  652.000  9.075661e-01 
  653.000  9.115121e-01 
  654.000  9.116363e-01 
  655.000  9.108902e-01 
  656.000  9.118184e-01 
  657.000  9.129622e-01 
  658.000  9.146143e-01 
  659.000  9.157817e-01 
  660.000  9.165737e-01 
  661.000  9.179393e-01 
  662.000  9.188212e-01 
  663.000  9.192294e-01 
  664.000  9.198623e-01 
  665.000  9.204658e-01 
  666.000  9.211100e-01 
  667.000  9.217137e-01 
  668.000  9.223571e-01 
  669.000  9.229238e-01 
  670.000  9.234673e-01 
  671.000  9.240183e-01 
  672.000  9.245488e-01 
  673.000  9.250749e-01 
  674.000  9.255980e-01 
  675.000  9.261200e-01 
  676.000  9.266168e-01 
  677.000  9.270719e-01 
  678.000  9.275261e-01 
  679.000  9.279522e-01 
  680.000  9.282611e-01 
  681.000  9.285252e-01 
  682.000  9.289060e-01 
  683.000  9.292289e-01 
  684.000  9.293584e-01 
  685.000  9.299570e-01 
  686.000  9.270773e-01 
  687.000  8.174042e-01 
  688.000  8.513306e-01 
  689.000  8.422006e-01 
  690.000  8.597228e-01 
  691.000  8.847622e-01 
  692.000  9.029751e-01 
  693.000  9.100120e-01 
  694.000  9.127344e-01 
  695.000  9.184011e-01 
  696.000  9.214177e-01 
  697.000  9.298362e-01 
  698.000  9.286287e-01 
  699.000  9.219356e-01 
  700.000  9.233366e-01 
  701.000  9.219820e-01 
  702.000  9.233403e-01 
  703.000  9.293720e-01 
  704.000  9.298219e-01 
  705.000  9.276008e-01 
  706.000  9.282357e-01 
  707.000  9.292602e-01 
  708.000  9.303502e-01 
  709.000  9.324037e-01 
  710.000  9.305631e-01 
  711.000  9.327822e-01 
  712.000  9.346830e-01 
  713.000  9.334699e-01 
  714.000  9.331836e-01 
  715.000  9.311280e-01 
  716.000  9.290345e-01 
  717.000  9.138861e-01 
  718.000  9.043884e-01 
  719.000  9.010633e-01 
  720.000  8.956708e-01 
  721.000  9.193427e-01 
  722.000  9.275334e-01 
  723.000  9.231841e-01 
  724.000  9.102283e-01 
  725.000  9.124006e-01 
  726.000  9.118721e-01 
  727.000  9.138557e-01 
  728.000  9.118869e-01 
  729.000  9.170553e-01 
  730.000  9.162340e-01 
  731.000  9.152197e-01 
  732.000  9.237890e-01 
  733.000  9.317935e-01 
  734.000  9.356285e-01 
  735.000  9.343919e-01 
  736.000  9.319858e-01 
  737.000  9.339373e-01 
  738.000  9.365792e-01 
  739.000  9.377512e-01 
  740.000  9.402498e-01 
  741.000  9.417099e-01 
  742.000  9.423707e-01 
  743.000  9.437288e-01 
  744.000  9.443899e-01 
  745.000  9.449176e-01 
  746.000  9.453495e-01 
  747.000  9.455532e-01 
  748.000  9.459956e-01 
  749.000  9.462796e-01 
  750.000  9.463252e-01 
  751.000  9.465141e-01 
  752.000  9.469148e-01 
  753.000  9.471559e-01 
  754.000  9.473731e-01 
  755.000  9.475593e-01 
  756.000  9.477476e-01 
  757.000  9.478813e-01 
  758.000  9.465891e-01 
  759.000  8.886984e-01 
  760.000  4.423802e-01 
  761.000  3.981457e-01 
  762.000  6.626581e-01 
  763.000  5.817717e-01 
  764.000  6.219330e-01 
  765.000  7.121654e-01 
  766.000  8.195052e-01 
  767.000  8.730956e-01 
  768.000  9.079534e-01 
  769.000  9.308760e-01 
  770.000  9.428537e-01 
  771.000  9.488025e-01 
  772.000  9.502291e-01 
  773.000  9.508913e-01 
  774.000  9.517039e-01 
  775.000  9.521233e-01 
  776.000  9.524115e-01 
  777.000  9.525525e-01 
  778.000  9.526313e-01 
  779.000  9.526901e-01 
  780.000  9.527420e-01 
  781.000  9.529266e-01 
  782.000  9.529741e-01 
  783.000  9.530254e-01 
  784.000  9.529902e-01 
  785.000  9.524946e-01 
  786.000  9.516883e-01 
  787.000  9.498456e-01 
  788.000  9.489071e-01 
  789.000  9.453666e-01 
  790.000  9.451177e-01 
  791.000  9.458604e-01 
  792.000  9.465445e-01 
  793.000  9.480647e-01 
  794.000  9.512123e-01 
  795.000  9.493821e-01 
  796.000  9.443514e-01 
  797.000  9.458659e-01 
  798.000  9.491271e-01 
  799.000  9.484473e-01 
  800.000  9.461630e-01 
  801.000  9.464943e-01 
  802.000  9.463085e-01 
  803.000  9.467002e-01 
  804.000  9.478443e-01 
  805.000  9.499905e-01 
  806.000  9.512733e-01 
  807.000  9.513775e-01 
  808.000  9.507253e-01 
  809.000  9.499184e-01 
  810.000  9.490253e-01 
  811.000  9.471270e-01 
  812.000  9.445521e-01 
  813.000  9.413649e-01 
  814.000  9.371091e-01 
  815.000  9.317673e-01 
  816.000  9.246988e-01 
  817.000  9.251925e-01 
  818.000  9.258304e-01 
  819.000  9.281960e-01 
  820.000  9.360073e-01 
  821.000  9.447966e-01 
  822.000  9.382019e-01 
  823.000  9.191607e-01 
  824.000  9.353232e-01 
  825.000  9.454180e-01 
  826.000  9.437033e-01 
  827.000  9.424816e-01 
  828.000  9.358836e-01 
  829.000  9.383346e-01 
  830.000  9.410445e-01 
  831.000  9.416952e-01 
  832.000  9.419670e-01 
  833.000  9.435233e-01 
  834.000  9.453388e-01 
  835.000  9.489023e-01 
  836.000  9.477900e-01 
  837.000  9.476910e-01 
  838.000  9.494494e-01 
  839.000  9.505226e-01 
  840.000  9.509379e-01 
  841.000  9.498423e-01 
  842.000  9.508929e-01 
  843.000  9.533229e-01 
  844.000  9.544383e-01 
  845.000  9.549806e-01 
  846.000  9.555448e-01 
  847.000  9.561656e-01 
  848.000  9.552395e-01 
  849.000  9.554037e-01 
  850.000  9.549686e-01 
  851.000  9.544356e-01 
  852.000  9.545304e-01 
  853.000  9.555106e-01 
  854.000  9.554935e-01 
  855.000  9.559986e-01 
  856.000  9.570154e-01 
  857.000  9.574612e-01 
  858.000  9.577101e-01 
  859.000  9.582222e-01 
  860.000  9.584890e-01 
  861.000  9.585624e-01 
  862.000  9.587222e-01 
  863.000  9.587769e-01 
  864.000  9.588986e-01 
  865.000  9.590049e-01 
  866.000  9.590614e-01 
  867.000  9.590859e-01 
  868.000  9.591343e-01 
  869.000  9.591950e-01 
  870.000  9.592145e-01 
  871.000  9.592735e-01 
  872.000  9.593646e-01 
  873.000  9.593464e-01 
  874.000  9.593530e-01 
  875.000  9.593822e-01 
  876.000  9.593229e-01 
  877.000  9.593102e-01 
  878.000  9.590251e-01 
  879.000  9.590386e-01 
  880.000  9.587990e-01 
  881.000  9.586787e-01 
  882.000  9.585685e-01 
  883.000  9.587434e-01 
  884.000  9.588349e-01 
  885.000  9.583107e-01 
  886.000  9.575670e-01 
  887.000  9.582034e-01 
  888.000  9.582016e-01 
  889.000  9.584256e-01 
  890.000  9.580131e-01 
  891.000  9.571232e-01 
  892.000  9.552105e-01 
  893.000  9.492470e-01 
  894.000  9.463004e-01 
  895.000  9.369602e-01 
  896.000  9.285140e-01 
  897.000  9.194928e-01 
  898.000  9.152376e-01 
  899.000  9.026540e-01 
  900.000  9.045979e-01 
  901.000  9.012622e-01 
  902.000  9.017948e-01 
  903.000  9.229059e-01 
  904.000  9.353268e-01 
  905.000  9.348385e-01 
  906.000  9.271156e-01 
  907.000  9.131377e-01 
  908.000  9.037184e-01 
  909.000  9.041971e-01 
  910.000  9.056762e-01 
  911.000  9.119990e-01 
  912.000  9.089708e-01 
  913.000  8.955216e-01 
  914.000  9.022316e-01 
  915.000  9.074153e-01 
  916.000  9.087884e-01 
  917.000  9.115390e-01 
  918.000  9.150857e-01 
  919.000  9.270430e-01 
  920.000  9.358318e-01 
  921.000  9.338692e-01 
  922.000  9.337082e-01 
  923.000  9.312674e-01 
  924.000  9.253346e-01 
  925.000  9.249610e-01 
  926.000  9.251140e-01 
  927.000  9.183344e-01 
  928.000  9.076840e-01 
  929.000  8.918226e-01 
  930.000  8.707349e-01 
  931.000  8.457931e-01 
  932.000  8.117844e-01 
  933.000  7.833436e-01 
  934.000  7.512051e-01 
  935.000  7.479682e-01 
  936.000  7.616565e-01 
  937.000  7.578789e-01 
  938.000  7.924193e-01 
  939.000  8.717777e-01 
  940.000  8.822204e-01 
  941.000  8.728040e-01 
  942.000  8.492487e-01 
  943.000  8.070186e-01 
  944.000  8.041300e-01 
  945.000  8.202180e-01 
  946.000  8.208565e-01 
  947.000  8.340395e-01 
  948.000  8.416317e-01 
  949.000  8.403602e-01 
  950.000  8.422204e-01 
  951.000  8.589157e-01 
  952.000  8.405400e-01 
  953.000  8.529835e-01 
  954.000  8.658845e-01 
  955.000  8.548615e-01 
  956.000  8.518839e-01 
  957.000  8.842932e-01 
  958.000  8.880494e-01 
  959.000  8.825865e-01 
  960.000  8.808721e-01 
  961.000  8.780794e-01 
  962.000  8.803568e-01 
  963.000  8.972979e-01 
  964.000  8.995844e-01 
  965.000  8.978645e-01 
  966.000  8.986363e-01 
  967.000  9.102409e-01 
  968.000  9.289826e-01 
  969.000  9.371555e-01 
  970.000  9.375533e-01 
  971.000  9.373595e-01 
  972.000  9.350643e-01 
  973.000  9.296712e-01 
  974.000  9.229773e-01 
  975.000  9.186169e-01 
  976.000  9.239647e-01 
  977.000  9.326369e-01 
  978.000  9.318979e-01 
  979.000  9.340672e-01 
  980.000  9.426795e-01 
  981.000  9.445430e-01 
  982.000  9.426011e-01 
  983.000  9.469426e-01 
  984.000  9.513794e-01 
  985.000  9.538787e-01 
  986.000  9.570869e-01 
  987.000  9.584542e-01 
  988.000  9.587684e-01 
  989.000  9.589728e-01 
  990.000  9.593176e-01 
  991.000  9.605106e-01 
  992.000  9.608600e-01 
  993.000  9.609985e-01 
  994.000  9.620812e-01 
  995.000  9.628208e-01 
  996.000  9.628300e-01 
  997.000  9.623847e-01 
  998.000  9.618612e-01 
  999.000  9.616790e-01 
 1000.000  9.618596e-01 
 1001.000  9.607416e-01 
 1002.000  9.589370e-01 
 1003.000  9.593869e-01 
 1004.000  9.604483e-01 
 1005.000  9.609432e-01 
 1006.000  9.610860e-01 
 1007.000  9.607526e-01 
 1008.000  9.592789e-01 
 1009.000  9.572999e-01 
 1010.000  9.581951e-01 
 1011.000  9.602952e-01 
 1012.000  9.611022e-01 
 1013.000  9.617221e-01 
 1014.000  9.619835e-01 
 1015.000  9.620252e-01 
 1016.000  9.623066e-01 
 1017.000  9.624729e-01 
 1018.000  9.621087e-01 
 1019.000  9.613795e-01 
 1020.000  9.616258e-01 
 1021.000  9.621512e-01 
 1022.000  9.612519e-01 
 1023.000  9.604901e-01 
 1024.000  9.600287e-01 
 1025.000  9.613733e-01 
 1026.000  9.619418e-01 
 1027.000  9.616641e-01 
 1028.000  9.618359e-01 
 1029.000  9.624011e-01 
 1030.000  9.629090e-01 
 1031.000  9.631540e-01 
 1032.000  9.633245e-01 
 1033.000  9.633328e-01 
 1034.000  9.634035e-01 
 1035.000  9.633633e-01 
 1036.000  9.631475e-01 
 1037.000  9.630065e-01 
 1038.000  9.630246e-01 
 1039.000  9.629061e-01 
 1040.000  9.627637e-01 
 1041.000  9.626467e-01 
 1042.000  9.625856e-01 
 1043.000  9.625217e-01 
 1044.000  9.623802e-01 
 1045.000  9.621194e-01 
 1046.000  9.619146e-01 
 1047.000  9.616423e-01 
 1048.000  9.611331e-01 
 1049.000  9.605255e-01 
 1050.000  9.601929e-01 
 1051.000  9.599046e-01 
 1052.000  9.595674e-01 
 1053.000  9.593587e-01 
 1054.000  9.589584e-01 
 1055.000  9.585397e-01 
 1056.000  9.580629e-01 
 1057.000  9.572765e-01 
 1058.000  9.560500e-01 
 1059.000  9.558259e-01 
 1060.000  9.560257e-01 
 1061.000  9.557326e-01 
 1062.000  9.548532e-01 
 1063.000  9.541655e-01 
 1064.000  9.532834e-01 
 1065.000  9.526588e-01 
 1066.000  9.526634e-01 
 1067.000  9.521990e-01 
 1068.000  9.511978e-01 
 1069.000  9.515132e-01 
 1070.000  9.523057e-01 
 1071.000  9.521095e-01 
 1072.000  9.517174e-01 
 1073.000  9.519452e-01 
 1074.000  9.524140e-01 
 1075.000  9.538774e-01 
 1076.000  9.535036e-01 
 1077.000  9.528490e-01 
 1078.000  9.520105e-01 
 1079.000  9.521325e-01 
 1080.000  9.493484e-01 
 1081.000  9.493791e-01 
 1082.000  9.508863e-01 
 1083.000  9.495026e-01 
 1084.000  9.479217e-01 
 1085.000  9.438642e-01 
 1086.000  9.450120e-01 
 1087.000  9.497776e-01 
 1088.000  9.500781e-01 
 1089.000  9.445901e-01 
 1090.000  9.436633e-01 
 1091.000  9.448703e-01 
 1092.000  9.422177e-01 
 1093.000  9.359731e-01 
 1094.000  9.332629e-01 
 1095.000  9.338162e-01 
 1096.000  9.343547e-01 
 1097.000  9.332331e-01 
 1098.000  9.174192e-01 
 1099.000  9.035217e-01 
 1100.000  9.045799e-01 
 1101.000  9.066392e-01 
 1102.000  9.058678e-01 
 1103.000  9.072911e-01 
 1104.000  9.050426e-01 
 1105.000  8.991966e-01 
 1106.000  8.930730e-01 
 1107.000  8.948600e-01 
 1108.000  8.963237e-01 
 1109.000  9.019877e-01 
 1110.000  9.019156e-01 
 1111.000  8.993393e-01 
 1112.000  8.867167e-01 
 1113.000  8.692176e-01 
 1114.000  8.654175e-01 
 1115.000  8.429558e-01 
 1116.000  8.282655e-01 
 1117.000  7.905625e-01 
 1118.000  7.539178e-01 
 1119.000  7.340859e-01 
 1120.000  7.066651e-01 
 1121.000  7.006096e-01 
 1122.000  6.677682e-01 
 1123.000  6.874662e-01 
 1124.000  7.000903e-01 
 1125.000  6.938690e-01 
 1126.000  6.911094e-01 
 1127.000  6.933202e-01 
 1128.000  6.976658e-01 
 1129.000  7.276296e-01 
 1130.000  7.916046e-01 
 1131.000  8.084474e-01 
 1132.000  7.856865e-01 
 1133.000  7.392472e-01 
 1134.000  6.397246e-01 
 1135.000  6.479450e-01 
 1136.000  7.450475e-01 
 1137.000  7.894641e-01 
 1138.000  8.275118e-01 
 1139.000  8.368554e-01 
 1140.000  8.298525e-01 
 1141.000  8.145524e-01 
 1142.000  8.094580e-01 
 1143.000  7.929066e-01 
 1144.000  7.730759e-01 
 1145.000  7.428220e-01 
 1146.000  7.501018e-01 
 1147.000  7.734351e-01 
 1148.000  7.930841e-01 
 1149.000  8.003728e-01 
 1150.000  7.997296e-01 
