  320.000  3.557389e-01 
  321.000  4.144830e-01 
  322.000  3.917663e-01 
  323.000  4.204865e-01 
  324.000  4.486651e-01 
  325.000  4.277265e-01 
  326.000  4.619322e-01 
  327.000  4.713356e-01 
  328.000  4.509509e-01 
  329.000  4.898391e-01 
  330.000  4.959132e-01 
  331.000  4.838716e-01 
  332.000  5.070405e-01 
  333.000  5.137336e-01 
  334.000  5.082402e-01 
  335.000  5.250088e-01 
  336.000  5.317525e-01 
  337.000  5.289138e-01 
  338.000  5.367953e-01 
  339.000  5.448917e-01 
  340.000  5.435637e-01 
  341.000  5.513954e-01 
  342.000  5.571006e-01 
  343.000  5.599591e-01 
  344.000  5.605426e-01 
  345.000  5.682309e-01 
  346.000  5.730681e-01 
  347.000  5.770022e-01 
  348.000  5.806792e-01 
  349.000  5.848002e-01 
  350.000  5.883151e-01 
  351.000  5.918089e-01 
  352.000  5.946698e-01 
  353.000  5.987298e-01 
  354.000  6.021788e-01 
  355.000  6.053821e-01 
  356.000  6.084979e-01 
  357.000  6.112661e-01 
  358.000  6.142398e-01 
  359.000  6.172054e-01 
  360.000  6.202374e-01 
  361.000  6.240601e-01 
  362.000  6.280317e-01 
  363.000  6.316816e-01 
  364.000  6.350338e-01 
  365.000  6.381723e-01 
  366.000  6.413757e-01 
  367.000  6.444203e-01 
  368.000  6.474320e-01 
  369.000  6.504126e-01 
  370.000  6.533574e-01 
  371.000  6.562743e-01 
  372.000  6.591625e-01 
  373.000  6.620214e-01 
  374.000  6.648298e-01 
  375.000  6.675797e-01 
  376.000  6.702321e-01 
  377.000  6.727353e-01 
  378.000  6.750572e-01 
  379.000  6.774134e-01 
  380.000  6.800011e-01 
  381.000  6.829422e-01 
  382.000  6.859849e-01 
  383.000  6.888573e-01 
  384.000  6.915777e-01 
  385.000  6.941950e-01 
  386.000  6.967413e-01 
  387.000  6.992428e-01 
  388.000  7.017089e-01 
  389.000  7.041510e-01 
  390.000  7.065701e-01 
  391.000  7.089611e-01 
  392.000  7.113310e-01 
  393.000  7.136780e-01 
  394.000  7.160000e-01 
  395.000  7.182952e-01 
  396.000  7.205724e-01 
  397.000  7.228202e-01 
  398.000  7.250444e-01 
  399.000  7.272468e-01 
  400.000  7.294160e-01 
  401.000  7.315740e-01 
  402.000  7.337120e-01 
  403.000  7.358291e-01 
  404.000  7.379246e-01 
  405.000  7.399947e-01 
  406.000  7.420486e-01 
  407.000  7.440838e-01 
  408.000  7.460989e-01 
  409.000  7.480919e-01 
  410.000  7.500637e-01 
  411.000  7.520137e-01 
  412.000  7.539406e-01 
  413.000  7.558544e-01 
  414.000  7.576289e-01 
  415.000  7.595465e-01 
  416.000  7.614377e-01 
  417.000  7.632954e-01 
  418.000  7.651085e-01 
  419.000  7.668997e-01 
  420.000  7.686729e-01 
  421.000  7.704338e-01 
  422.000  7.721820e-01 
  423.000  7.739155e-01 
  424.000  7.756269e-01 
  425.000  7.772974e-01 
  426.000  7.789502e-01 
  427.000  7.805868e-01 
  428.000  7.821928e-01 
  429.000  7.837751e-01 
  430.000  7.853375e-01 
  431.000  7.868869e-01 
  432.000  7.884189e-01 
  433.000  7.899350e-01 
  434.000  7.914371e-01 
  435.000  7.929233e-01 
  436.000  7.943916e-01 
  437.000  7.958428e-01 
  438.000  7.972763e-01 
  439.000  7.986977e-01 
  440.000  8.000951e-01 
  441.000  8.014737e-01 
  442.000  8.028295e-01 
  443.000  8.041639e-01 
  444.000  8.054762e-01 
  445.000  8.067595e-01 
  446.000  8.080063e-01 
  447.000  8.093129e-01 
  448.000  8.107129e-01 
  449.000  8.121288e-01 
  450.000  8.135164e-01 
  451.000  8.148488e-01 
  452.000  8.161336e-01 
  453.000  8.173913e-01 
  454.000  8.186254e-01 
  455.000  8.197871e-01 
  456.000  8.208544e-01 
  457.000  8.219214e-01 
  458.000  8.229735e-01 
  459.000  8.240026e-01 
  460.000  8.250230e-01 
  461.000  8.260320e-01 
  462.000  8.270213e-01 
  463.000  8.280058e-01 
  464.000  8.292866e-01 
  465.000  8.305475e-01 
  466.000  8.317852e-01 
  467.000  8.329935e-01 
  468.000  8.339772e-01 
  469.000  8.348240e-01 
  470.000  8.356023e-01 
  471.000  8.363027e-01 
  472.000  8.368972e-01 
  473.000  8.373138e-01 
  474.000  8.376558e-01 
  475.000  8.377436e-01 
  476.000  8.375744e-01 
  477.000  8.375709e-01 
  478.000  8.385601e-01 
  479.000  8.400650e-01 
  480.000  8.416880e-01 
  481.000  8.431427e-01 
  482.000  8.445060e-01 
  483.000  8.456904e-01 
  484.000  8.467078e-01 
  485.000  8.476171e-01 
  486.000  8.485864e-01 
  487.000  8.496063e-01 
  488.000  8.505929e-01 
  489.000  8.515608e-01 
  490.000  8.525167e-01 
  491.000  8.532650e-01 
  492.000  8.539487e-01 
  493.000  8.546288e-01 
  494.000  8.552894e-01 
  495.000  8.559497e-01 
  496.000  8.562899e-01 
  497.000  8.566171e-01 
  498.000  8.569394e-01 
  499.000  8.572444e-01 
  500.000  8.575445e-01 
  501.000  8.578112e-01 
  502.000  8.580778e-01 
  503.000  8.583411e-01 
  504.000  8.585923e-01 
  505.000  8.588296e-01 
  506.000  8.595248e-01 
  507.000  8.602399e-01 
  508.000  8.609536e-01 
  509.000  8.616588e-01 
  510.000  8.623487e-01 
  511.000  8.629671e-01 
  512.000  8.635640e-01 
  513.000  8.641573e-01 
  514.000  8.647430e-01 
  515.000  8.653233e-01 
  516.000  8.657379e-01 
  517.000  8.660035e-01 
  518.000  8.662619e-01 
  519.000  8.665153e-01 
  520.000  8.667662e-01 
  521.000  8.669909e-01 
  522.000  8.671530e-01 
  523.000  8.672699e-01 
  524.000  8.673906e-01 
  525.000  8.674858e-01 
  526.000  8.676192e-01 
  527.000  8.676407e-01 
  528.000  8.676168e-01 
  529.000  8.675916e-01 
  530.000  8.675721e-01 
  531.000  8.675560e-01 
  532.000  8.675920e-01 
  533.000  8.679175e-01 
  534.000  8.683285e-01 
  535.000  8.687922e-01 
  536.000  8.692403e-01 
  537.000  8.696502e-01 
  538.000  8.700166e-01 
  539.000  8.703561e-01 
  540.000  8.706745e-01 
  541.000  8.709835e-01 
  542.000  8.712789e-01 
  543.000  8.715639e-01 
  544.000  8.717793e-01 
  545.000  8.719380e-01 
  546.000  8.720894e-01 
  547.000  8.722451e-01 
  548.000  8.723929e-01 
  549.000  8.725384e-01 
  550.000  8.726089e-01 
  551.000  8.726052e-01 
  552.000  8.726044e-01 
  553.000  8.725882e-01 
  554.000  8.725650e-01 
  555.000  8.725376e-01 
  556.000  8.724821e-01 
  557.000  8.723780e-01 
  558.000  8.722653e-01 
  559.000  8.721397e-01 
  560.000  8.719823e-01 
  561.000  8.717961e-01 
  562.000  8.714567e-01 
  563.000  8.712311e-01 
  564.000  8.709406e-01 
  565.000  8.705145e-01 
  566.000  8.701822e-01 
  567.000  8.693221e-01 
  568.000  8.668253e-01 
  569.000  8.617007e-01 
  570.000  8.622579e-01 
  571.000  8.655435e-01 
  572.000  8.619217e-01 
  573.000  8.625851e-01 
  574.000  8.626294e-01 
  575.000  8.623090e-01 
  576.000  8.624917e-01 
  577.000  8.638065e-01 
  578.000  8.655717e-01 
  579.000  8.672330e-01 
  580.000  8.689302e-01 
  581.000  8.712396e-01 
  582.000  8.728877e-01 
  583.000  8.740057e-01 
  584.000  8.749971e-01 
  585.000  8.757914e-01 
  586.000  8.765447e-01 
  587.000  8.755209e-01 
  588.000  8.690752e-01 
  589.000  8.585561e-01 
  590.000  8.581383e-01 
  591.000  8.657925e-01 
  592.000  8.620856e-01 
  593.000  8.707314e-01 
  594.000  8.690885e-01 
  595.000  8.633598e-01 
  596.000  8.715570e-01 
  597.000  8.694159e-01 
  598.000  8.725574e-01 
  599.000  8.736590e-01 
  600.000  8.764541e-01 
  601.000  8.782461e-01 
  602.000  8.786355e-01 
  603.000  8.795666e-01 
  604.000  8.807406e-01 
  605.000  8.816034e-01 
  606.000  8.822652e-01 
  607.000  8.829055e-01 
  608.000  8.835294e-01 
  609.000  8.841268e-01 
  610.000  8.847467e-01 
  611.000  8.854353e-01 
  612.000  8.861094e-01 
  613.000  8.867624e-01 
  614.000  8.873959e-01 
  615.000  8.880275e-01 
  616.000  8.886359e-01 
  617.000  8.892103e-01 
  618.000  8.896918e-01 
  619.000  8.900990e-01 
  620.000  8.904759e-01 
  621.000  8.907997e-01 
  622.000  8.910703e-01 
  623.000  8.912513e-01 
  624.000  8.914441e-01 
  625.000  8.916054e-01 
  626.000  8.914378e-01 
  627.000  8.883836e-01 
  628.000  8.640667e-01 
  629.000  8.792901e-01 
  630.000  8.817465e-01 
  631.000  8.863118e-01 
  632.000  8.868601e-01 
  633.000  8.918012e-01 
  634.000  8.944436e-01 
  635.000  8.957409e-01 
  636.000  8.974247e-01 
  637.000  8.988373e-01 
  638.000  9.012104e-01 
  639.000  9.022545e-01 
  640.000  9.039082e-01 
  641.000  9.048325e-01 
  642.000  9.060729e-01 
  643.000  9.057987e-01 
  644.000  9.064796e-01 
  645.000  9.056748e-01 
  646.000  9.002530e-01 
  647.000  8.966144e-01 
  648.000  8.924525e-01 
  649.000  8.970455e-01 
  650.000  9.053713e-01 
  651.000  9.058040e-01 
  652.000  8.992912e-01 
  653.000  9.077101e-01 
  654.000  9.072633e-01 
  655.000  9.047903e-01 
  656.000  9.062380e-01 
  657.000  9.082212e-01 
  658.000  9.113604e-01 
  659.000  9.133575e-01 
  660.000  9.144748e-01 
  661.000  9.169269e-01 
  662.000  9.182470e-01 
  663.000  9.184989e-01 
  664.000  9.192678e-01 
  665.000  9.199725e-01 
  666.000  9.207779e-01 
  667.000  9.214835e-01 
  668.000  9.222686e-01 
  669.000  9.228781e-01 
  670.000  9.234363e-01 
  671.000  9.240144e-01 
  672.000  9.245481e-01 
  673.000  9.250743e-01 
  674.000  9.255964e-01 
  675.000  9.261184e-01 
  676.000  9.266111e-01 
  677.000  9.270634e-01 
  678.000  9.275160e-01 
  679.000  9.279091e-01 
  680.000  9.280464e-01 
  681.000  9.280874e-01 
  682.000  9.283875e-01 
  683.000  9.285660e-01 
  684.000  9.283289e-01 
  685.000  9.291258e-01 
  686.000  9.260829e-01 
  687.000  8.168719e-01 
  688.000  8.510181e-01 
  689.000  8.414648e-01 
  690.000  8.591612e-01 
  691.000  8.831254e-01 
  692.000  8.987826e-01 
  693.000  8.982533e-01 
  694.000  8.941829e-01 
  695.000  9.022198e-01 
  696.000  9.067353e-01 
  697.000  9.238666e-01 
  698.000  9.205896e-01 
  699.000  9.055952e-01 
  700.000  9.082390e-01 
  701.000  9.049511e-01 
  702.000  9.075417e-01 
  703.000  9.203038e-01 
  704.000  9.209415e-01 
  705.000  9.158120e-01 
  706.000  9.169118e-01 
  707.000  9.188608e-01 
  708.000  9.209570e-01 
  709.000  9.251567e-01 
  710.000  9.208587e-01 
  711.000  9.254189e-01 
  712.000  9.293072e-01 
  713.000  9.263490e-01 
  714.000  9.254236e-01 
  715.000  9.205776e-01 
  716.000  9.155843e-01 
  717.000  8.825383e-01 
  718.000  8.619718e-01 
  719.000  8.545932e-01 
  720.000  8.431185e-01 
  721.000  8.927900e-01 
  722.000  9.101368e-01 
  723.000  9.004493e-01 
  724.000  8.725001e-01 
  725.000  8.767874e-01 
  726.000  8.754869e-01 
  727.000  8.795064e-01 
  728.000  8.751632e-01 
  729.000  8.859621e-01 
  730.000  8.840733e-01 
  731.000  8.817855e-01 
  732.000  8.999002e-01 
  733.000  9.170282e-01 
  734.000  9.252109e-01 
  735.000  9.223403e-01 
  736.000  9.169641e-01 
  737.000  9.210578e-01 
  738.000  9.266624e-01 
  739.000  9.290789e-01 
  740.000  9.344015e-01 
  741.000  9.374793e-01 
  742.000  9.387843e-01 
  743.000  9.416172e-01 
  744.000  9.429233e-01 
  745.000  9.439341e-01 
  746.000  9.447305e-01 
  747.000  9.449692e-01 
  748.000  9.457082e-01 
  749.000  9.461025e-01 
  750.000  9.459728e-01 
  751.000  9.461598e-01 
  752.000  9.468141e-01 
  753.000  9.471182e-01 
  754.000  9.473706e-01 
  755.000  9.475559e-01 
  756.000  9.477469e-01 
  757.000  9.478806e-01 
  758.000  9.465871e-01 
  759.000  8.886965e-01 
  760.000  4.423788e-01 
  761.000  3.981453e-01 
  762.000  6.626551e-01 
  763.000  5.817708e-01 
  764.000  6.219285e-01 
  765.000  7.121651e-01 
  766.000  8.195038e-01 
  767.000  8.730947e-01 
  768.000  9.079520e-01 
  769.000  9.308751e-01 
  770.000  9.428527e-01 
  771.000  9.488003e-01 
  772.000  9.502258e-01 
  773.000  9.508805e-01 
  774.000  9.516659e-01 
  775.000  9.520884e-01 
  776.000  9.523867e-01 
  777.000  9.524967e-01 
  778.000  9.525216e-01 
  779.000  9.525318e-01 
  780.000  9.525374e-01 
  781.000  9.528275e-01 
  782.000  9.528250e-01 
  783.000  9.528310e-01 
  784.000  9.526515e-01 
  785.000  9.514983e-01 
  786.000  9.496759e-01 
  787.000  9.456505e-01 
  788.000  9.435419e-01 
  789.000  9.359095e-01 
  790.000  9.352784e-01 
  791.000  9.367517e-01 
  792.000  9.381083e-01 
  793.000  9.412421e-01 
  794.000  9.478585e-01 
  795.000  9.438505e-01 
  796.000  9.330986e-01 
  797.000  9.362058e-01 
  798.000  9.430265e-01 
  799.000  9.414936e-01 
  800.000  9.365610e-01 
  801.000  9.371710e-01 
  802.000  9.366883e-01 
  803.000  9.374300e-01 
  804.000  9.397709e-01 
  805.000  9.442397e-01 
  806.000  9.469065e-01 
  807.000  9.470412e-01 
  808.000  9.455581e-01 
  809.000  9.437327e-01 
  810.000  9.417361e-01 
  811.000  9.376062e-01 
  812.000  9.320394e-01 
  813.000  9.251946e-01 
  814.000  9.161236e-01 
  815.000  9.048020e-01 
  816.000  8.900743e-01 
  817.000  8.909613e-01 
  818.000  8.921906e-01 
  819.000  8.970398e-01 
  820.000  9.132233e-01 
  821.000  9.315802e-01 
  822.000  9.176558e-01 
  823.000  8.782470e-01 
  824.000  9.115168e-01 
  825.000  9.326178e-01 
  826.000  9.289899e-01 
  827.000  9.263445e-01 
  828.000  9.124518e-01 
  829.000  9.174904e-01 
  830.000  9.231037e-01 
  831.000  9.244148e-01 
  832.000  9.249609e-01 
  833.000  9.281800e-01 
  834.000  9.319581e-01 
  835.000  9.394429e-01 
  836.000  9.370328e-01 
  837.000  9.367719e-01 
  838.000  9.404259e-01 
  839.000  9.426386e-01 
  840.000  9.434510e-01 
  841.000  9.410636e-01 
  842.000  9.432238e-01 
  843.000  9.483333e-01 
  844.000  9.506476e-01 
  845.000  9.517329e-01 
  846.000  9.528729e-01 
  847.000  9.541202e-01 
  848.000  9.520891e-01 
  849.000  9.523678e-01 
  850.000  9.513661e-01 
  851.000  9.501674e-01 
  852.000  9.503016e-01 
  853.000  9.523169e-01 
  854.000  9.522182e-01 
  855.000  9.532353e-01 
  856.000  9.553282e-01 
  857.000  9.562179e-01 
  858.000  9.566889e-01 
  859.000  9.577035e-01 
  860.000  9.582103e-01 
  861.000  9.583033e-01 
  862.000  9.585814e-01 
  863.000  9.586352e-01 
  864.000  9.588322e-01 
  865.000  9.589970e-01 
  866.000  9.590552e-01 
  867.000  9.590476e-01 
  868.000  9.590898e-01 
  869.000  9.591577e-01 
  870.000  9.591405e-01 
  871.000  9.592056e-01 
  872.000  9.593376e-01 
  873.000  9.592431e-01 
  874.000  9.592004e-01 
  875.000  9.592046e-01 
  876.000  9.590257e-01 
  877.000  9.589438e-01 
  878.000  9.583051e-01 
  879.000  9.582784e-01 
  880.000  9.577286e-01 
  881.000  9.574264e-01 
  882.000  9.571366e-01 
  883.000  9.574520e-01 
  884.000  9.575871e-01 
  885.000  9.564462e-01 
  886.000  9.548525e-01 
  887.000  9.561082e-01 
  888.000  9.560497e-01 
  889.000  9.564574e-01 
  890.000  9.555377e-01 
  891.000  9.536315e-01 
  892.000  9.495808e-01 
  893.000  9.371488e-01 
  894.000  9.309738e-01 
  895.000  9.118343e-01 
  896.000  8.946061e-01 
  897.000  8.763346e-01 
  898.000  8.677466e-01 
  899.000  8.430225e-01 
  900.000  8.466859e-01 
  901.000  8.401895e-01 
  902.000  8.412964e-01 
  903.000  8.827627e-01 
  904.000  9.076486e-01 
  905.000  9.066947e-01 
  906.000  8.911494e-01 
  907.000  8.633875e-01 
  908.000  8.449025e-01 
  909.000  8.457409e-01 
  910.000  8.485612e-01 
  911.000  8.608699e-01 
  912.000  8.549176e-01 
  913.000  8.288541e-01 
  914.000  8.417707e-01 
  915.000  8.518546e-01 
  916.000  8.545489e-01 
  917.000  8.599615e-01 
  918.000  8.669541e-01 
  919.000  8.906759e-01 
  920.000  9.083724e-01 
  921.000  9.044330e-01 
  922.000  9.040896e-01 
  923.000  8.991442e-01 
  924.000  8.872185e-01 
  925.000  8.863202e-01 
  926.000  8.862773e-01 
  927.000  8.724799e-01 
  928.000  8.510587e-01 
  929.000  8.197007e-01 
  930.000  7.790170e-01 
  931.000  7.323709e-01 
  932.000  6.701235e-01 
  933.000  6.212475e-01 
  934.000  5.688539e-01 
  935.000  5.633864e-01 
  936.000  5.848002e-01 
  937.000  5.791364e-01 
  938.000  6.365455e-01 
  939.000  7.772980e-01 
  940.000  7.970922e-01 
  941.000  7.796572e-01 
  942.000  7.365188e-01 
  943.000  6.622602e-01 
  944.000  6.571001e-01 
  945.000  6.845062e-01 
  946.000  6.858267e-01 
  947.000  7.093595e-01 
  948.000  7.230340e-01 
  949.000  7.210135e-01 
  950.000  7.244377e-01 
  951.000  7.547836e-01 
  952.000  7.219065e-01 
  953.000  7.445872e-01 
  954.000  7.685297e-01 
  955.000  7.486477e-01 
  956.000  7.437727e-01 
  957.000  8.040779e-01 
  958.000  8.114951e-01 
  959.000  8.014028e-01 
  960.000  7.983560e-01 
  961.000  7.932463e-01 
  962.000  7.976556e-01 
  963.000  8.299657e-01 
  964.000  8.344665e-01 
  965.000  8.312822e-01 
  966.000  8.328961e-01 
  967.000  8.554977e-01 
  968.000  8.926363e-01 
  969.000  9.091225e-01 
  970.000  9.099587e-01 
  971.000  9.095537e-01 
  972.000  9.048806e-01 
  973.000  8.940164e-01 
  974.000  8.806673e-01 
  975.000  8.720285e-01 
  976.000  8.825783e-01 
  977.000  8.998590e-01 
  978.000  8.984113e-01 
  979.000  9.028069e-01 
  980.000  9.202045e-01 
  981.000  9.240066e-01 
  982.000  9.200968e-01 
  983.000  9.289425e-01 
  984.000  9.380147e-01 
  985.000  9.431416e-01 
  986.000  9.497434e-01 
  987.000  9.525835e-01 
  988.000  9.532216e-01 
  989.000  9.536282e-01 
  990.000  9.543187e-01 
  991.000  9.567665e-01 
  992.000  9.574615e-01 
  993.000  9.577208e-01 
  994.000  9.599218e-01 
  995.000  9.614330e-01 
  996.000  9.614232e-01 
  997.000  9.604706e-01 
  998.000  9.593560e-01 
  999.000  9.589496e-01 
 1000.000  9.592915e-01 
 1001.000  9.569579e-01 
 1002.000  9.532003e-01 
 1003.000  9.540985e-01 
 1004.000  9.562665e-01 
 1005.000  9.572580e-01 
 1006.000  9.575698e-01 
 1007.000  9.568566e-01 
 1008.000  9.537918e-01 
 1009.000  9.496836e-01 
 1010.000  9.515151e-01 
 1011.000  9.558726e-01 
 1012.000  9.575284e-01 
 1013.000  9.588141e-01 
 1014.000  9.593554e-01 
 1015.000  9.594538e-01 
 1016.000  9.600396e-01 
 1017.000  9.603762e-01 
 1018.000  9.596397e-01 
 1019.000  9.581378e-01 
 1020.000  9.586546e-01 
 1021.000  9.597445e-01 
 1022.000  9.579185e-01 
 1023.000  9.563791e-01 
 1024.000  9.554530e-01 
 1025.000  9.582448e-01 
 1026.000  9.594746e-01 
 1027.000  9.589368e-01 
 1028.000  9.593545e-01 
 1029.000  9.605740e-01 
 1030.000  9.616874e-01 
 1031.000  9.622568e-01 
 1032.000  9.626893e-01 
 1033.000  9.627883e-01 
 1034.000  9.630322e-01 
 1035.000  9.631128e-01 
 1036.000  9.629543e-01 
 1037.000  9.629030e-01 
 1038.000  9.629700e-01 
 1039.000  9.627998e-01 
 1040.000  9.626331e-01 
 1041.000  9.624993e-01 
 1042.000  9.624476e-01 
 1043.000  9.624136e-01 
 1044.000  9.622761e-01 
 1045.000  9.619351e-01 
 1046.000  9.616913e-01 
 1047.000  9.613876e-01 
 1048.000  9.609239e-01 
 1049.000  9.604125e-01 
 1050.000  9.600185e-01 
 1051.000  9.595405e-01 
 1052.000  9.591599e-01 
 1053.000  9.590412e-01 
 1054.000  9.585092e-01 
 1055.000  9.579619e-01 
 1056.000  9.574518e-01 
 1057.000  9.563202e-01 
 1058.000  9.543267e-01 
 1059.000  9.543247e-01 
 1060.000  9.551625e-01 
 1061.000  9.548571e-01 
 1062.000  9.535407e-01 
 1063.000  9.528736e-01 
 1064.000  9.516780e-01 
 1065.000  9.504592e-01 
 1066.000  9.505321e-01 
 1067.000  9.497803e-01 
 1068.000  9.474839e-01 
 1069.000  9.467403e-01 
 1070.000  9.473770e-01 
 1071.000  9.461014e-01 
 1072.000  9.446969e-01 
 1073.000  9.445575e-01 
 1074.000  9.449345e-01 
 1075.000  9.473840e-01 
 1076.000  9.460786e-01 
 1077.000  9.442669e-01 
 1078.000  9.421057e-01 
 1079.000  9.419240e-01 
 1080.000  9.359021e-01 
 1081.000  9.356387e-01 
 1082.000  9.384130e-01 
 1083.000  9.352652e-01 
 1084.000  9.317834e-01 
 1085.000  9.233266e-01 
 1086.000  9.253998e-01 
 1087.000  9.348364e-01 
 1088.000  9.352481e-01 
 1089.000  9.239275e-01 
 1090.000  9.218491e-01 
 1091.000  9.240928e-01 
 1092.000  9.185048e-01 
 1093.000  9.058301e-01 
 1094.000  9.002953e-01 
 1095.000  9.012584e-01 
 1096.000  9.021758e-01 
 1097.000  8.997260e-01 
 1098.000  8.683597e-01 
 1099.000  8.412203e-01 
 1100.000  8.431319e-01 
 1101.000  8.469811e-01 
 1102.000  8.452740e-01 
 1103.000  8.478885e-01 
 1104.000  8.434332e-01 
 1105.000  8.320231e-01 
 1106.000  8.203030e-01 
 1107.000  8.234237e-01 
 1108.000  8.258433e-01 
 1109.000  8.362221e-01 
 1110.000  8.354982e-01 
 1111.000  8.302265e-01 
 1112.000  8.058718e-01 
 1113.000  7.723897e-01 
 1114.000  7.641165e-01 
 1115.000  7.220924e-01 
 1116.000  6.954029e-01 
 1117.000  6.307794e-01 
 1118.000  5.701098e-01 
 1119.000  5.376971e-01 
 1120.000  4.955271e-01 
 1121.000  4.861983e-01 
 1122.000  4.397298e-01 
 1123.000  4.661492e-01 
 1124.000  4.835877e-01 
 1125.000  4.746754e-01 
 1126.000  4.709450e-01 
 1127.000  4.745024e-01 
 1128.000  4.814702e-01 
 1129.000  5.258019e-01 
 1130.000  6.256686e-01 
 1131.000  6.534625e-01 
 1132.000  6.156425e-01 
 1133.000  5.432993e-01 
 1134.000  4.035388e-01 
 1135.000  4.144756e-01 
 1136.000  5.531018e-01 
 1137.000  6.236445e-01 
 1138.000  6.884626e-01 
 1139.000  7.064264e-01 
 1140.000  6.942751e-01 
 1141.000  6.687678e-01 
 1142.000  6.600128e-01 
 1143.000  6.321530e-01 
 1144.000  5.999461e-01 
 1145.000  5.523629e-01 
 1146.000  5.636769e-01 
 1147.000  6.006545e-01 
 1148.000  6.327783e-01 
 1149.000  6.452831e-01 
 1150.000  6.451533e-01 
