  320.000  2.243498e-01 
  321.000  2.712762e-01 
  322.000  2.529241e-01 
  323.000  2.761677e-01 
  324.000  2.993508e-01 
  325.000  2.820892e-01 
  326.000  3.103904e-01 
  327.000  3.182618e-01 
  328.000  3.012473e-01 
  329.000  3.338619e-01 
  330.000  3.390144e-01 
  331.000  3.288149e-01 
  332.000  3.484931e-01 
  333.000  3.542190e-01 
  334.000  3.495181e-01 
  335.000  3.639058e-01 
  336.000  3.697237e-01 
  337.000  3.672725e-01 
  338.000  3.740860e-01 
  339.000  3.811104e-01 
  340.000  3.799566e-01 
  341.000  3.867716e-01 
  342.000  3.917510e-01 
  343.000  3.942506e-01 
  344.000  3.947612e-01 
  345.000  4.015009e-01 
  346.000  4.057528e-01 
  347.000  4.092172e-01 
  348.000  4.124605e-01 
  349.000  4.161013e-01 
  350.000  4.192115e-01 
  351.000  4.223075e-01 
  352.000  4.248460e-01 
  353.000  4.284536e-01 
  354.000  4.315229e-01 
  355.000  4.343775e-01 
  356.000  4.371574e-01 
  357.000  4.396303e-01 
  358.000  4.422896e-01 
  359.000  4.449449e-01 
  360.000  4.476628e-01 
  361.000  4.510942e-01 
  362.000  4.546646e-01 
  363.000  4.579505e-01 
  364.000  4.609725e-01 
  365.000  4.638055e-01 
  366.000  4.667005e-01 
  367.000  4.694552e-01 
  368.000  4.721833e-01 
  369.000  4.748862e-01 
  370.000  4.775596e-01 
  371.000  4.802106e-01 
  372.000  4.828383e-01 
  373.000  4.854421e-01 
  374.000  4.880026e-01 
  375.000  4.905123e-01 
  376.000  4.929353e-01 
  377.000  4.952243e-01 
  378.000  4.973493e-01 
  379.000  4.995074e-01 
  380.000  5.018798e-01 
  381.000  5.045788e-01 
  382.000  5.073739e-01 
  383.000  5.100155e-01 
  384.000  5.125197e-01 
  385.000  5.149312e-01 
  386.000  5.172794e-01 
  387.000  5.195884e-01 
  388.000  5.218666e-01 
  389.000  5.241247e-01 
  390.000  5.263633e-01 
  391.000  5.285777e-01 
  392.000  5.307743e-01 
  393.000  5.329515e-01 
  394.000  5.351072e-01 
  395.000  5.372397e-01 
  396.000  5.393572e-01 
  397.000  5.414488e-01 
  398.000  5.435201e-01 
  399.000  5.455726e-01 
  400.000  5.475956e-01 
  401.000  5.496097e-01 
  402.000  5.516065e-01 
  403.000  5.535850e-01 
  404.000  5.555449e-01 
  405.000  5.574823e-01 
  406.000  5.594058e-01 
  407.000  5.613132e-01 
  408.000  5.632029e-01 
  409.000  5.650731e-01 
  410.000  5.669245e-01 
  411.000  5.687568e-01 
  412.000  5.705684e-01 
  413.000  5.723687e-01 
  414.000  5.740391e-01 
  415.000  5.758452e-01 
  416.000  5.776277e-01 
  417.000  5.793794e-01 
  418.000  5.810902e-01 
  419.000  5.827813e-01 
  420.000  5.844563e-01 
  421.000  5.861206e-01 
  422.000  5.877739e-01 
  423.000  5.894141e-01 
  424.000  5.910343e-01 
  425.000  5.926166e-01 
  426.000  5.941829e-01 
  427.000  5.957347e-01 
  428.000  5.972584e-01 
  429.000  5.987601e-01 
  430.000  6.002438e-01 
  431.000  6.017158e-01 
  432.000  6.031719e-01 
  433.000  6.046137e-01 
  434.000  6.060427e-01 
  435.000  6.074573e-01 
  436.000  6.088555e-01 
  437.000  6.102381e-01 
  438.000  6.116044e-01 
  439.000  6.129597e-01 
  440.000  6.142927e-01 
  441.000  6.156084e-01 
  442.000  6.169028e-01 
  443.000  6.181772e-01 
  444.000  6.194312e-01 
  445.000  6.206579e-01 
  446.000  6.218501e-01 
  447.000  6.231000e-01 
  448.000  6.244397e-01 
  449.000  6.257953e-01 
  450.000  6.271243e-01 
  451.000  6.284010e-01 
  452.000  6.296326e-01 
  453.000  6.308386e-01 
  454.000  6.320224e-01 
  455.000  6.331372e-01 
  456.000  6.341618e-01 
  457.000  6.351863e-01 
  458.000  6.361969e-01 
  459.000  6.371856e-01 
  460.000  6.381664e-01 
  461.000  6.391364e-01 
  462.000  6.400878e-01 
  463.000  6.410348e-01 
  464.000  6.422674e-01 
  465.000  6.434811e-01 
  466.000  6.446731e-01 
  467.000  6.458371e-01 
  468.000  6.467850e-01 
  469.000  6.476012e-01 
  470.000  6.483516e-01 
  471.000  6.490270e-01 
  472.000  6.496004e-01 
  473.000  6.500023e-01 
  474.000  6.503323e-01 
  475.000  6.504170e-01 
  476.000  6.502537e-01 
  477.000  6.502503e-01 
  478.000  6.512049e-01 
  479.000  6.526575e-01 
  480.000  6.542248e-01 
  481.000  6.556302e-01 
  482.000  6.569480e-01 
  483.000  6.580932e-01 
  484.000  6.590772e-01 
  485.000  6.599569e-01 
  486.000  6.608949e-01 
  487.000  6.618821e-01 
  488.000  6.628374e-01 
  489.000  6.637748e-01 
  490.000  6.647010e-01 
  491.000  6.654261e-01 
  492.000  6.660888e-01 
  493.000  6.667480e-01 
  494.000  6.673886e-01 
  495.000  6.680290e-01 
  496.000  6.683589e-01 
  497.000  6.686763e-01 
  498.000  6.689890e-01 
  499.000  6.692849e-01 
  500.000  6.695760e-01 
  501.000  6.698348e-01 
  502.000  6.700936e-01 
  503.000  6.703491e-01 
  504.000  6.705929e-01 
  505.000  6.708233e-01 
  506.000  6.714982e-01 
  507.000  6.721925e-01 
  508.000  6.728856e-01 
  509.000  6.735706e-01 
  510.000  6.742409e-01 
  511.000  6.748417e-01 
  512.000  6.754219e-01 
  513.000  6.759986e-01 
  514.000  6.765680e-01 
  515.000  6.771323e-01 
  516.000  6.775355e-01 
  517.000  6.777939e-01 
  518.000  6.780452e-01 
  519.000  6.782916e-01 
  520.000  6.785357e-01 
  521.000  6.787543e-01 
  522.000  6.789120e-01 
  523.000  6.790258e-01 
  524.000  6.791432e-01 
  525.000  6.792358e-01 
  526.000  6.793657e-01 
  527.000  6.793866e-01 
  528.000  6.793634e-01 
  529.000  6.793389e-01 
  530.000  6.793198e-01 
  531.000  6.793042e-01 
  532.000  6.793393e-01 
  533.000  6.796560e-01 
  534.000  6.800559e-01 
  535.000  6.805072e-01 
  536.000  6.809435e-01 
  537.000  6.813425e-01 
  538.000  6.816993e-01 
  539.000  6.820299e-01 
  540.000  6.823400e-01 
  541.000  6.826409e-01 
  542.000  6.829287e-01 
  543.000  6.832063e-01 
  544.000  6.834161e-01 
  545.000  6.835707e-01 
  546.000  6.837183e-01 
  547.000  6.838699e-01 
  548.000  6.840139e-01 
  549.000  6.841557e-01 
  550.000  6.842244e-01 
  551.000  6.842209e-01 
  552.000  6.842200e-01 
  553.000  6.842042e-01 
  554.000  6.841816e-01 
  555.000  6.841549e-01 
  556.000  6.841009e-01 
  557.000  6.839994e-01 
  558.000  6.838897e-01 
  559.000  6.837673e-01 
  560.000  6.836141e-01 
  561.000  6.834328e-01 
  562.000  6.831353e-01 
  563.000  6.829183e-01 
  564.000  6.826436e-01 
  565.000  6.822522e-01 
  566.000  6.819133e-01 
  567.000  6.811810e-01 
  568.000  6.793295e-01 
  569.000  6.757820e-01 
  570.000  6.760054e-01 
  571.000  6.779777e-01 
  572.000  6.753712e-01 
  573.000  6.756574e-01 
  574.000  6.755387e-01 
  575.000  6.752429e-01 
  576.000  6.754143e-01 
  577.000  6.764172e-01 
  578.000  6.777614e-01 
  579.000  6.792208e-01 
  580.000  6.808849e-01 
  581.000  6.830542e-01 
  582.000  6.846656e-01 
  583.000  6.858354e-01 
  584.000  6.868774e-01 
  585.000  6.877302e-01 
  586.000  6.885452e-01 
  587.000  6.881017e-01 
  588.000  6.840637e-01 
  589.000  6.771231e-01 
  590.000  6.769676e-01 
  591.000  6.822570e-01 
  592.000  6.798620e-01 
  593.000  6.858020e-01 
  594.000  6.847901e-01 
  595.000  6.810115e-01 
  596.000  6.864867e-01 
  597.000  6.849324e-01 
  598.000  6.869428e-01 
  599.000  6.875752e-01 
  600.000  6.892907e-01 
  601.000  6.903750e-01 
  602.000  6.905231e-01 
  603.000  6.912355e-01 
  604.000  6.922482e-01 
  605.000  6.930333e-01 
  606.000  6.936647e-01 
  607.000  6.942765e-01 
  608.000  6.948836e-01 
  609.000  6.954660e-01 
  610.000  6.960719e-01 
  611.000  6.967451e-01 
  612.000  6.974044e-01 
  613.000  6.980431e-01 
  614.000  6.986629e-01 
  615.000  6.992809e-01 
  616.000  6.998763e-01 
  617.000  7.004386e-01 
  618.000  7.009099e-01 
  619.000  7.013086e-01 
  620.000  7.016777e-01 
  621.000  7.019948e-01 
  622.000  7.022598e-01 
  623.000  7.024370e-01 
  624.000  7.026260e-01 
  625.000  7.027845e-01 
  626.000  7.027063e-01 
  627.000  7.004861e-01 
  628.000  6.788287e-01 
  629.000  6.927605e-01 
  630.000  6.944770e-01 
  631.000  6.985239e-01 
  632.000  6.998335e-01 
  633.000  7.037764e-01 
  634.000  7.061562e-01 
  635.000  7.075478e-01 
  636.000  7.091119e-01 
  637.000  7.104914e-01 
  638.000  7.124882e-01 
  639.000  7.135785e-01 
  640.000  7.150694e-01 
  641.000  7.160337e-01 
  642.000  7.171755e-01 
  643.000  7.172368e-01 
  644.000  7.179418e-01 
  645.000  7.176196e-01 
  646.000  7.142225e-01 
  647.000  7.119604e-01 
  648.000  7.093304e-01 
  649.000  7.126625e-01 
  650.000  7.185175e-01 
  651.000  7.189842e-01 
  652.000  7.147152e-01 
  653.000  7.206228e-01 
  654.000  7.204861e-01 
  655.000  7.189677e-01 
  656.000  7.201208e-01 
  657.000  7.216259e-01 
  658.000  7.238550e-01 
  659.000  7.254035e-01 
  660.000  7.263108e-01 
  661.000  7.281680e-01 
  662.000  7.292261e-01 
  663.000  7.295613e-01 
  664.000  7.302421e-01 
  665.000  7.308945e-01 
  666.000  7.316185e-01 
  667.000  7.322702e-01 
  668.000  7.329831e-01 
  669.000  7.335662e-01 
  670.000  7.341111e-01 
  671.000  7.346703e-01 
  672.000  7.351962e-01 
  673.000  7.357162e-01 
  674.000  7.362327e-01 
  675.000  7.367487e-01 
  676.000  7.372376e-01 
  677.000  7.376860e-01 
  678.000  7.381343e-01 
  679.000  7.385375e-01 
  680.000  7.387480e-01 
  681.000  7.388856e-01 
  682.000  7.392176e-01 
  683.000  7.394552e-01 
  684.000  7.394392e-01 
  685.000  7.401060e-01 
  686.000  7.374671e-01 
  687.000  6.399313e-01 
  688.000  6.701807e-01 
  689.000  6.618773e-01 
  690.000  6.775879e-01 
  691.000  6.994200e-01 
  692.000  7.144454e-01 
  693.000  7.168820e-01 
  694.000  7.158369e-01 
  695.000  7.221805e-01 
  696.000  7.256947e-01 
  697.000  7.378061e-01 
  698.000  7.356758e-01 
  699.000  7.253815e-01 
  700.000  7.273120e-01 
  701.000  7.251181e-01 
  702.000  7.270050e-01 
  703.000  7.359470e-01 
  704.000  7.364761e-01 
  705.000  7.329928e-01 
  706.000  7.338269e-01 
  707.000  7.352499e-01 
  708.000  7.367743e-01 
  709.000  7.397573e-01 
  710.000  7.368476e-01 
  711.000  7.400808e-01 
  712.000  7.428470e-01 
  713.000  7.408683e-01 
  714.000  7.402999e-01 
  715.000  7.370248e-01 
  716.000  7.336586e-01 
  717.000  7.107547e-01 
  718.000  6.964816e-01 
  719.000  6.914052e-01 
  720.000  6.834182e-01 
  721.000  7.182468e-01 
  722.000  7.304007e-01 
  723.000  7.237352e-01 
  724.000  7.043045e-01 
  725.000  7.073776e-01 
  726.000  7.065156e-01 
  727.000  7.093745e-01 
  728.000  7.063830e-01 
  729.000  7.139778e-01 
  730.000  7.126993e-01 
  731.000  7.111400e-01 
  732.000  7.238335e-01 
  733.000  7.358020e-01 
  734.000  7.415330e-01 
  735.000  7.395855e-01 
  736.000  7.358867e-01 
  737.000  7.387702e-01 
  738.000  7.427024e-01 
  739.000  7.444172e-01 
  740.000  7.481488e-01 
  741.000  7.503209e-01 
  742.000  7.512625e-01 
  743.000  7.532120e-01 
  744.000  7.541509e-01 
  745.000  7.548882e-01 
  746.000  7.554618e-01 
  747.000  7.556836e-01 
  748.000  7.562899e-01 
  749.000  7.566336e-01 
  750.000  7.565812e-01 
  751.000  7.567679e-01 
  752.000  7.573072e-01 
  753.000  7.575820e-01 
  754.000  7.578174e-01 
  755.000  7.580020e-01 
  756.000  7.581908e-01 
  757.000  7.583237e-01 
  758.000  7.570949e-01 
  759.000  7.050764e-01 
  760.000  3.205429e-01 
  761.000  2.845726e-01 
  762.000  5.060866e-01 
  763.000  4.368644e-01 
  764.000  4.711037e-01 
  765.000  5.490582e-01 
  766.000  6.434707e-01 
  767.000  6.912380e-01 
  768.000  7.225206e-01 
  769.000  7.431854e-01 
  770.000  7.541454e-01 
  771.000  7.594537e-01 
  772.000  7.607551e-01 
  773.000  7.613511e-01 
  774.000  7.621050e-01 
  775.000  7.625241e-01 
  776.000  7.628167e-01 
  777.000  7.629397e-01 
  778.000  7.629879e-01 
  779.000  7.630191e-01 
  780.000  7.630448e-01 
  781.000  7.632878e-01 
  782.000  7.633071e-01 
  783.000  7.633328e-01 
  784.000  7.632169e-01 
  785.000  7.624161e-01 
  786.000  7.611766e-01 
  787.000  7.584483e-01 
  788.000  7.570015e-01 
  789.000  7.516882e-01 
  790.000  7.512730e-01 
  791.000  7.523301e-01 
  792.000  7.533041e-01 
  793.000  7.555211e-01 
  794.000  7.601727e-01 
  795.000  7.573953e-01 
  796.000  7.498941e-01 
  797.000  7.520947e-01 
  798.000  7.568926e-01 
  799.000  7.558439e-01 
  800.000  7.524152e-01 
  801.000  7.528661e-01 
  802.000  7.525516e-01 
  803.000  7.530941e-01 
  804.000  7.547551e-01 
  805.000  7.579052e-01 
  806.000  7.597930e-01 
  807.000  7.599100e-01 
  808.000  7.588961e-01 
  809.000  7.576428e-01 
  810.000  7.562705e-01 
  811.000  7.534050e-01 
  812.000  7.495338e-01 
  813.000  7.447640e-01 
  814.000  7.384290e-01 
  815.000  7.305087e-01 
  816.000  7.201612e-01 
  817.000  7.208158e-01 
  818.000  7.217043e-01 
  819.000  7.251349e-01 
  820.000  7.365370e-01 
  821.000  7.494445e-01 
  822.000  7.396920e-01 
  823.000  7.119437e-01 
  824.000  7.354135e-01 
  825.000  7.502473e-01 
  826.000  7.477130e-01 
  827.000  7.458768e-01 
  828.000  7.361388e-01 
  829.000  7.397005e-01 
  830.000  7.436605e-01 
  831.000  7.445971e-01 
  832.000  7.449917e-01 
  833.000  7.472665e-01 
  834.000  7.499313e-01 
  835.000  7.551920e-01 
  836.000  7.535197e-01 
  837.000  7.533524e-01 
  838.000  7.559308e-01 
  839.000  7.574979e-01 
  840.000  7.580851e-01 
  841.000  7.564305e-01 
  842.000  7.579614e-01 
  843.000  7.615569e-01 
  844.000  7.631936e-01 
  845.000  7.639046e-01 
  846.000  7.646996e-01 
  847.000  7.656183e-01 
  848.000  7.642093e-01 
  849.000  7.644249e-01 
  850.000  7.638040e-01 
  851.000  7.629828e-01 
  852.000  7.630943e-01 
  853.000  7.644570e-01 
  854.000  7.644029e-01 
  855.000  7.651089e-01 
  856.000  7.666029e-01 
  857.000  7.672346e-01 
  858.000  7.675958e-01 
  859.000  7.683275e-01 
  860.000  7.687282e-01 
  861.000  7.688124e-01 
  862.000  7.690381e-01 
  863.000  7.690921e-01 
  864.000  7.692558e-01 
  865.000  7.693946e-01 
  866.000  7.694519e-01 
  867.000  7.694581e-01 
  868.000  7.695029e-01 
  869.000  7.695675e-01 
  870.000  7.695663e-01 
  871.000  7.696285e-01 
  872.000  7.697425e-01 
  873.000  7.696813e-01 
  874.000  7.696599e-01 
  875.000  7.696750e-01 
  876.000  7.695483e-01 
  877.000  7.694966e-01 
  878.000  7.690340e-01 
  879.000  7.690261e-01 
  880.000  7.686566e-01 
  881.000  7.684454e-01 
  882.000  7.682807e-01 
  883.000  7.685240e-01 
  884.000  7.686035e-01 
  885.000  7.678491e-01 
  886.000  7.667112e-01 
  887.000  7.676336e-01 
  888.000  7.676055e-01 
  889.000  7.679151e-01 
  890.000  7.672649e-01 
  891.000  7.659436e-01 
  892.000  7.631919e-01 
  893.000  7.544595e-01 
  894.000  7.501315e-01 
  895.000  7.366341e-01 
  896.000  7.244710e-01 
  897.000  7.115486e-01 
  898.000  7.054719e-01 
  899.000  6.878563e-01 
  900.000  6.904983e-01 
  901.000  6.858636e-01 
  902.000  6.866472e-01 
  903.000  7.162072e-01 
  904.000  7.338660e-01 
  905.000  7.331901e-01 
  906.000  7.221791e-01 
  907.000  7.024481e-01 
  908.000  6.892736e-01 
  909.000  6.898928e-01 
  910.000  6.919219e-01 
  911.000  7.007192e-01 
  912.000  6.964810e-01 
  913.000  6.778467e-01 
  914.000  6.871029e-01 
  915.000  6.943120e-01 
  916.000  6.962374e-01 
  917.000  7.000986e-01 
  918.000  7.050833e-01 
  919.000  7.219577e-01 
  920.000  7.345033e-01 
  921.000  7.317144e-01 
  922.000  7.314791e-01 
  923.000  7.279845e-01 
  924.000  7.195346e-01 
  925.000  7.189273e-01 
  926.000  7.189603e-01 
  927.000  7.092097e-01 
  928.000  6.940259e-01 
  929.000  6.717029e-01 
  930.000  6.425672e-01 
  931.000  6.089079e-01 
  932.000  5.637412e-01 
  933.000  5.277358e-01 
  934.000  4.886461e-01 
  935.000  4.846020e-01 
  936.000  5.007442e-01 
  937.000  4.964356e-01 
  938.000  5.390822e-01 
  939.000  6.419942e-01 
  940.000  6.562432e-01 
  941.000  6.436293e-01 
  942.000  6.123332e-01 
  943.000  5.579326e-01 
  944.000  5.541672e-01 
  945.000  5.744019e-01 
  946.000  5.753383e-01 
  947.000  5.925209e-01 
  948.000  6.024845e-01 
  949.000  6.009687e-01 
  950.000  6.034524e-01 
  951.000  6.255103e-01 
  952.000  6.015285e-01 
  953.000  6.180037e-01 
  954.000  6.353199e-01 
  955.000  6.208478e-01 
  956.000  6.172152e-01 
  957.000  6.607924e-01 
  958.000  6.660809e-01 
  959.000  6.587794e-01 
  960.000  6.565563e-01 
  961.000  6.528526e-01 
  962.000  6.560116e-01 
  963.000  6.792213e-01 
  964.000  6.824331e-01 
  965.000  6.801327e-01 
  966.000  6.812706e-01 
  967.000  6.974257e-01 
  968.000  7.238597e-01 
  969.000  7.355460e-01 
  970.000  7.361361e-01 
  971.000  7.358545e-01 
  972.000  7.325532e-01 
  973.000  7.248546e-01 
  974.000  7.153714e-01 
  975.000  7.092260e-01 
  976.000  7.167450e-01 
  977.000  7.290305e-01 
  978.000  7.280005e-01 
  979.000  7.311154e-01 
  980.000  7.434437e-01 
  981.000  7.461341e-01 
  982.000  7.433652e-01 
  983.000  7.496223e-01 
  984.000  7.560341e-01 
  985.000  7.596561e-01 
  986.000  7.643158e-01 
  987.000  7.663214e-01 
  988.000  7.667758e-01 
  989.000  7.670680e-01 
  990.000  7.675612e-01 
  991.000  7.692074e-01 
  992.000  7.697122e-01 
  993.000  7.699051e-01 
  994.000  7.714698e-01 
  995.000  7.725441e-01 
  996.000  7.725443e-01 
  997.000  7.718878e-01 
  998.000  7.710881e-01 
  999.000  7.708026e-01 
 1000.000  7.710572e-01 
 1001.000  7.694197e-01 
 1002.000  7.668656e-01 
 1003.000  7.675065e-01 
 1004.000  7.690423e-01 
 1005.000  7.696649e-01 
 1006.000  7.698836e-01 
 1007.000  7.693793e-01 
 1008.000  7.673129e-01 
 1009.000  7.644183e-01 
 1010.000  7.657136e-01 
 1011.000  7.687860e-01 
 1012.000  7.698737e-01 
 1013.000  7.708002e-01 
 1014.000  7.711528e-01 
 1015.000  7.712207e-01 
 1016.000  7.716423e-01 
 1017.000  7.718890e-01 
 1018.000  7.713513e-01 
 1019.000  7.703008e-01 
 1020.000  7.706759e-01 
 1021.000  7.714224e-01 
 1022.000  7.701318e-01 
 1023.000  7.691145e-01 
 1024.000  7.684525e-01 
 1025.000  7.703508e-01 
 1026.000  7.711856e-01 
 1027.000  7.707883e-01 
 1028.000  7.710736e-01 
 1029.000  7.719105e-01 
 1030.000  7.726797e-01 
 1031.000  7.730902e-01 
 1032.000  7.733485e-01 
 1033.000  7.734083e-01 
 1034.000  7.735787e-01 
 1035.000  7.736070e-01 
 1036.000  7.734240e-01 
 1037.000  7.733340e-01 
 1038.000  7.733797e-01 
 1039.000  7.732322e-01 
 1040.000  7.730764e-01 
 1041.000  7.729501e-01 
 1042.000  7.728945e-01 
 1043.000  7.728477e-01 
 1044.000  7.727088e-01 
 1045.000  7.724031e-01 
 1046.000  7.721767e-01 
 1047.000  7.718874e-01 
 1048.000  7.714052e-01 
 1049.000  7.708536e-01 
 1050.000  7.704961e-01 
 1051.000  7.701046e-01 
 1052.000  7.697449e-01 
 1053.000  7.695735e-01 
 1054.000  7.690995e-01 
 1055.000  7.686090e-01 
 1056.000  7.681150e-01 
 1057.000  7.671989e-01 
 1058.000  7.656646e-01 
 1059.000  7.655157e-01 
 1060.000  7.660013e-01 
 1061.000  7.657028e-01 
 1062.000  7.646729e-01 
 1063.000  7.640369e-01 
 1064.000  7.630580e-01 
 1065.000  7.621736e-01 
 1066.000  7.622129e-01 
 1067.000  7.616695e-01 
 1068.000  7.601318e-01 
 1069.000  7.600054e-01 
 1070.000  7.606883e-01 
 1071.000  7.600018e-01 
 1072.000  7.591634e-01 
 1073.000  7.592229e-01 
 1074.000  7.596440e-01 
 1075.000  7.615197e-01 
 1076.000  7.607371e-01 
 1077.000  7.595857e-01 
 1078.000  7.581800e-01 
 1079.000  7.581677e-01 
 1080.000  7.540073e-01 
 1081.000  7.539101e-01 
 1082.000  7.559505e-01 
 1083.000  7.538140e-01 
 1084.000  7.514248e-01 
 1085.000  7.455056e-01 
 1086.000  7.470398e-01 
 1087.000  7.537768e-01 
 1088.000  7.541231e-01 
 1089.000  7.461638e-01 
 1090.000  7.447463e-01 
 1091.000  7.463863e-01 
 1092.000  7.424887e-01 
 1093.000  7.335328e-01 
 1094.000  7.296342e-01 
 1095.000  7.303537e-01 
 1096.000  7.310414e-01 
 1097.000  7.293518e-01 
 1098.000  7.070419e-01 
 1099.000  6.876703e-01 
 1100.000  6.890713e-01 
 1101.000  6.918573e-01 
 1102.000  6.906852e-01 
 1103.000  6.925850e-01 
 1104.000  6.894155e-01 
 1105.000  6.812714e-01 
 1106.000  6.728651e-01 
 1107.000  6.751646e-01 
 1108.000  6.769756e-01 
 1109.000  6.845110e-01 
 1110.000  6.840987e-01 
 1111.000  6.803784e-01 
 1112.000  6.629283e-01 
 1113.000  6.388785e-01 
 1114.000  6.331033e-01 
 1115.000  6.027464e-01 
 1116.000  5.833307e-01 
 1117.000  5.356527e-01 
 1118.000  4.905137e-01 
 1119.000  4.663072e-01 
 1120.000  4.343551e-01 
 1121.000  4.272879e-01 
 1122.000  3.913615e-01 
 1123.000  4.120559e-01 
 1124.000  4.256254e-01 
 1125.000  4.187582e-01 
 1126.000  4.158422e-01 
 1127.000  4.185199e-01 
 1128.000  4.237570e-01 
 1129.000  4.576766e-01 
 1130.000  5.331007e-01 
 1131.000  5.538178e-01 
 1132.000  5.256740e-01 
 1133.000  4.710075e-01 
 1134.000  3.627788e-01 
 1135.000  3.713593e-01 
 1136.000  4.782784e-01 
 1137.000  5.313289e-01 
 1138.000  5.792657e-01 
 1139.000  5.921854e-01 
 1140.000  5.832430e-01 
 1141.000  5.642892e-01 
 1142.000  5.578293e-01 
 1143.000  5.371737e-01 
 1144.000  5.130936e-01 
 1145.000  4.772407e-01 
 1146.000  4.857882e-01 
 1147.000  5.135975e-01 
 1148.000  5.375783e-01 
 1149.000  5.468073e-01 
 1150.000  5.465438e-01 
