  320.000  1.519821e-01 
  321.000  1.901516e-01 
  322.000  1.750703e-01 
  323.000  1.942030e-01 
  324.000  2.135767e-01 
  325.000  1.991247e-01 
  326.000  2.228988e-01 
  327.000  2.295823e-01 
  328.000  2.151739e-01 
  329.000  2.429154e-01 
  330.000  2.473440e-01 
  331.000  2.385893e-01 
  332.000  2.555227e-01 
  333.000  2.604828e-01 
  334.000  2.564095e-01 
  335.000  2.689066e-01 
  336.000  2.739855e-01 
  337.000  2.718439e-01 
  338.000  2.778030e-01 
  339.000  2.839672e-01 
  340.000  2.829533e-01 
  341.000  2.889499e-01 
  342.000  2.933435e-01 
  343.000  2.955527e-01 
  344.000  2.960044e-01 
  345.000  3.019752e-01 
  346.000  3.057513e-01 
  347.000  3.088334e-01 
  348.000  3.117229e-01 
  349.000  3.149714e-01 
  350.000  3.177507e-01 
  351.000  3.205208e-01 
  352.000  3.227949e-01 
  353.000  3.260310e-01 
  354.000  3.287880e-01 
  355.000  3.313553e-01 
  356.000  3.338584e-01 
  357.000  3.360874e-01 
  358.000  3.384870e-01 
  359.000  3.408856e-01 
  360.000  3.433433e-01 
  361.000  3.464501e-01 
  362.000  3.496872e-01 
  363.000  3.526705e-01 
  364.000  3.554176e-01 
  365.000  3.579958e-01 
  366.000  3.606333e-01 
  367.000  3.631458e-01 
  368.000  3.656366e-01 
  369.000  3.681070e-01 
  370.000  3.705529e-01 
  371.000  3.729807e-01 
  372.000  3.753895e-01 
  373.000  3.777788e-01 
  374.000  3.801306e-01 
  375.000  3.824378e-01 
  376.000  3.846675e-01 
  377.000  3.867755e-01 
  378.000  3.887342e-01 
  379.000  3.907248e-01 
  380.000  3.929149e-01 
  381.000  3.954088e-01 
  382.000  3.979941e-01 
  383.000  4.004396e-01 
  384.000  4.027601e-01 
  385.000  4.049967e-01 
  386.000  4.071763e-01 
  387.000  4.093213e-01 
  388.000  4.114393e-01 
  389.000  4.135403e-01 
  390.000  4.156248e-01 
  391.000  4.176882e-01 
  392.000  4.197367e-01 
  393.000  4.217686e-01 
  394.000  4.237818e-01 
  395.000  4.257749e-01 
  396.000  4.277552e-01 
  397.000  4.297129e-01 
  398.000  4.316527e-01 
  399.000  4.335763e-01 
  400.000  4.354735e-01 
  401.000  4.373636e-01 
  402.000  4.392388e-01 
  403.000  4.410980e-01 
  404.000  4.429408e-01 
  405.000  4.447637e-01 
  406.000  4.465745e-01 
  407.000  4.483713e-01 
  408.000  4.501526e-01 
  409.000  4.519165e-01 
  410.000  4.536638e-01 
  411.000  4.553939e-01 
  412.000  4.571056e-01 
  413.000  4.588076e-01 
  414.000  4.603876e-01 
  415.000  4.620969e-01 
  416.000  4.637847e-01 
  417.000  4.654444e-01 
  418.000  4.670661e-01 
  419.000  4.686700e-01 
  420.000  4.702595e-01 
  421.000  4.718397e-01 
  422.000  4.734101e-01 
  423.000  4.749690e-01 
  424.000  4.765096e-01 
  425.000  4.780149e-01 
  426.000  4.795057e-01 
  427.000  4.809834e-01 
  428.000  4.824349e-01 
  429.000  4.838662e-01 
  430.000  4.852810e-01 
  431.000  4.866852e-01 
  432.000  4.880749e-01 
  433.000  4.894514e-01 
  434.000  4.908165e-01 
  435.000  4.921682e-01 
  436.000  4.935049e-01 
  437.000  4.948272e-01 
  438.000  4.961344e-01 
  439.000  4.974317e-01 
  440.000  4.987081e-01 
  441.000  4.999683e-01 
  442.000  5.012087e-01 
  443.000  5.024304e-01 
  444.000  5.036330e-01 
  445.000  5.048097e-01 
  446.000  5.059538e-01 
  447.000  5.071537e-01 
  448.000  5.084404e-01 
  449.000  5.097427e-01 
  450.000  5.110201e-01 
  451.000  5.122476e-01 
  452.000  5.134320e-01 
  453.000  5.145924e-01 
  454.000  5.157318e-01 
  455.000  5.168051e-01 
  456.000  5.177918e-01 
  457.000  5.187789e-01 
  458.000  5.197526e-01 
  459.000  5.207057e-01 
  460.000  5.216513e-01 
  461.000  5.225869e-01 
  462.000  5.235046e-01 
  463.000  5.244185e-01 
  464.000  5.256082e-01 
  465.000  5.267802e-01 
  466.000  5.279315e-01 
  467.000  5.290561e-01 
  468.000  5.299723e-01 
  469.000  5.307614e-01 
  470.000  5.314869e-01 
  471.000  5.321402e-01 
  472.000  5.326949e-01 
  473.000  5.330836e-01 
  474.000  5.334029e-01 
  475.000  5.334849e-01 
  476.000  5.333269e-01 
  477.000  5.333236e-01 
  478.000  5.342473e-01 
  479.000  5.356535e-01 
  480.000  5.371712e-01 
  481.000  5.385329e-01 
  482.000  5.398099e-01 
  483.000  5.409202e-01 
  484.000  5.418745e-01 
  485.000  5.427278e-01 
  486.000  5.436379e-01 
  487.000  5.445960e-01 
  488.000  5.455234e-01 
  489.000  5.464337e-01 
  490.000  5.473332e-01 
  491.000  5.480376e-01 
  492.000  5.486816e-01 
  493.000  5.493222e-01 
  494.000  5.499449e-01 
  495.000  5.505674e-01 
  496.000  5.508882e-01 
  497.000  5.511969e-01 
  498.000  5.515010e-01 
  499.000  5.517887e-01 
  500.000  5.520719e-01 
  501.000  5.523236e-01 
  502.000  5.525753e-01 
  503.000  5.528239e-01 
  504.000  5.530611e-01 
  505.000  5.532852e-01 
  506.000  5.539420e-01 
  507.000  5.546176e-01 
  508.000  5.552924e-01 
  509.000  5.559593e-01 
  510.000  5.566121e-01 
  511.000  5.571973e-01 
  512.000  5.577624e-01 
  513.000  5.583242e-01 
  514.000  5.588791e-01 
  515.000  5.594290e-01 
  516.000  5.598220e-01 
  517.000  5.600739e-01 
  518.000  5.603188e-01 
  519.000  5.605591e-01 
  520.000  5.607971e-01 
  521.000  5.610102e-01 
  522.000  5.611640e-01 
  523.000  5.612749e-01 
  524.000  5.613894e-01 
  525.000  5.614797e-01 
  526.000  5.616064e-01 
  527.000  5.616268e-01 
  528.000  5.616041e-01 
  529.000  5.615802e-01 
  530.000  5.615616e-01 
  531.000  5.615464e-01 
  532.000  5.615806e-01 
  533.000  5.618895e-01 
  534.000  5.622796e-01 
  535.000  5.627198e-01 
  536.000  5.631454e-01 
  537.000  5.635347e-01 
  538.000  5.638829e-01 
  539.000  5.642055e-01 
  540.000  5.645080e-01 
  541.000  5.648018e-01 
  542.000  5.650827e-01 
  543.000  5.653536e-01 
  544.000  5.655585e-01 
  545.000  5.657095e-01 
  546.000  5.658535e-01 
  547.000  5.660015e-01 
  548.000  5.661421e-01 
  549.000  5.662805e-01 
  550.000  5.663477e-01 
  551.000  5.663442e-01 
  552.000  5.663434e-01 
  553.000  5.663280e-01 
  554.000  5.663059e-01 
  555.000  5.662798e-01 
  556.000  5.662271e-01 
  557.000  5.661280e-01 
  558.000  5.660208e-01 
  559.000  5.659013e-01 
  560.000  5.657518e-01 
  561.000  5.655749e-01 
  562.000  5.652934e-01 
  563.000  5.650824e-01 
  564.000  5.648165e-01 
  565.000  5.644408e-01 
  566.000  5.641060e-01 
  567.000  5.634199e-01 
  568.000  5.617574e-01 
  569.000  5.588012e-01 
  570.000  5.589179e-01 
  571.000  5.604411e-01 
  572.000  5.581934e-01 
  573.000  5.583198e-01 
  574.000  5.581886e-01 
  575.000  5.579053e-01 
  576.000  5.580706e-01 
  577.000  5.589242e-01 
  578.000  5.601535e-01 
  579.000  5.615284e-01 
  580.000  5.631550e-01 
  581.000  5.652497e-01 
  582.000  5.668246e-01 
  583.000  5.679897e-01 
  584.000  5.690057e-01 
  585.000  5.698887e-01 
  586.000  5.706761e-01 
  587.000  5.704529e-01 
  588.000  5.672327e-01 
  589.000  5.615093e-01 
  590.000  5.614375e-01 
  591.000  5.659103e-01 
  592.000  5.639601e-01 
  593.000  5.689695e-01 
  594.000  5.681686e-01 
  595.000  5.650536e-01 
  596.000  5.696013e-01 
  597.000  5.682528e-01 
  598.000  5.698824e-01 
  599.000  5.703605e-01 
  600.000  5.717086e-01 
  601.000  5.725536e-01 
  602.000  5.726246e-01 
  603.000  5.732612e-01 
  604.000  5.742155e-01 
  605.000  5.749682e-01 
  606.000  5.755820e-01 
  607.000  5.761772e-01 
  608.000  5.767710e-01 
  609.000  5.773408e-01 
  610.000  5.779341e-01 
  611.000  5.785936e-01 
  612.000  5.792394e-01 
  613.000  5.798653e-01 
  614.000  5.804728e-01 
  615.000  5.810786e-01 
  616.000  5.816622e-01 
  617.000  5.822136e-01 
  618.000  5.826758e-01 
  619.000  5.830668e-01 
  620.000  5.834287e-01 
  621.000  5.837398e-01 
  622.000  5.839998e-01 
  623.000  5.841737e-01 
  624.000  5.843592e-01 
  625.000  5.845148e-01 
  626.000  5.844615e-01 
  627.000  5.825139e-01 
  628.000  5.628403e-01 
  629.000  5.756411e-01 
  630.000  5.771192e-01 
  631.000  5.808038e-01 
  632.000  5.822620e-01 
  633.000  5.857409e-01 
  634.000  5.880126e-01 
  635.000  5.893716e-01 
  636.000  5.909162e-01 
  637.000  5.922700e-01 
  638.000  5.941258e-01 
  639.000  5.951911e-01 
  640.000  5.966457e-01 
  641.000  5.976110e-01 
  642.000  5.987131e-01 
  643.000  5.988790e-01 
  644.000  5.995838e-01 
  645.000  5.994156e-01 
  646.000  5.967050e-01 
  647.000  5.949015e-01 
  648.000  5.927842e-01 
  649.000  5.956821e-01 
  650.000  6.006962e-01 
  651.000  6.011695e-01 
  652.000  5.976545e-01 
  653.000  6.027083e-01 
  654.000  6.026719e-01 
  655.000  6.014709e-01 
  656.000  6.025200e-01 
  657.000  6.038600e-01 
  658.000  6.057707e-01 
  659.000  6.071191e-01 
  660.000  6.079942e-01 
  661.000  6.096103e-01 
  662.000  6.106148e-01 
  663.000  6.109456e-01 
  664.000  6.116210e-01 
  665.000  6.122530e-01 
  666.000  6.129489e-01 
  667.000  6.135806e-01 
  668.000  6.142680e-01 
  669.000  6.148393e-01 
  670.000  6.153764e-01 
  671.000  6.159261e-01 
  672.000  6.164460e-01 
  673.000  6.169603e-01 
  674.000  6.174713e-01 
  675.000  6.179819e-01 
  676.000  6.184662e-01 
  677.000  6.189104e-01 
  678.000  6.193543e-01 
  679.000  6.197574e-01 
  680.000  6.199867e-01 
  681.000  6.201501e-01 
  682.000  6.204888e-01 
  683.000  6.207420e-01 
  684.000  6.208028e-01 
  685.000  6.214202e-01 
  686.000  6.190200e-01 
  687.000  5.298223e-01 
  688.000  5.573673e-01 
  689.000  5.498575e-01 
  690.000  5.642017e-01 
  691.000  5.843047e-01 
  692.000  5.983577e-01 
  693.000  6.013434e-01 
  694.000  6.010557e-01 
  695.000  6.066839e-01 
  696.000  6.097959e-01 
  697.000  6.201342e-01 
  698.000  6.183920e-01 
  699.000  6.097304e-01 
  700.000  6.114081e-01 
  701.000  6.095947e-01 
  702.000  6.112341e-01 
  703.000  6.188447e-01 
  704.000  6.193356e-01 
  705.000  6.164239e-01 
  706.000  6.171650e-01 
  707.000  6.184043e-01 
  708.000  6.197296e-01 
  709.000  6.222898e-01 
  710.000  6.198604e-01 
  711.000  6.226323e-01 
  712.000  6.250091e-01 
  713.000  6.233672e-01 
  714.000  6.229196e-01 
  715.000  6.201841e-01 
  716.000  6.173725e-01 
  717.000  5.980129e-01 
  718.000  5.859630e-01 
  719.000  5.817012e-01 
  720.000  5.749744e-01 
  721.000  6.045113e-01 
  722.000  6.148468e-01 
  723.000  6.092372e-01 
  724.000  5.928118e-01 
  725.000  5.954478e-01 
  726.000  5.947425e-01 
  727.000  5.971907e-01 
  728.000  5.946801e-01 
  729.000  6.011409e-01 
  730.000  6.000823e-01 
  731.000  5.987856e-01 
  732.000  6.095691e-01 
  733.000  6.197399e-01 
  734.000  6.246240e-01 
  735.000  6.229978e-01 
  736.000  6.198822e-01 
  737.000  6.223457e-01 
  738.000  6.256986e-01 
  739.000  6.271712e-01 
  740.000  6.303542e-01 
  741.000  6.322146e-01 
  742.000  6.329402e-01 
  743.000  6.346198e-01 
  744.000  6.354317e-01 
  745.000  6.360769e-01 
  746.000  6.366171e-01 
  747.000  6.368333e-01 
  748.000  6.373991e-01 
  749.000  6.377273e-01 
  750.000  6.376968e-01 
  751.000  6.378826e-01 
  752.000  6.383877e-01 
  753.000  6.386532e-01 
  754.000  6.388831e-01 
  755.000  6.390668e-01 
  756.000  6.392542e-01 
  757.000  6.393864e-01 
  758.000  6.382037e-01 
  759.000  5.903220e-01 
  760.000  2.485599e-01 
  761.000  2.181306e-01 
  762.000  4.102905e-01 
  763.000  3.491447e-01 
  764.000  3.792929e-01 
  765.000  4.487015e-01 
  766.000  5.340524e-01 
  767.000  5.777209e-01 
  768.000  6.064867e-01 
  769.000  6.255605e-01 
  770.000  6.358010e-01 
  771.000  6.406605e-01 
  772.000  6.418742e-01 
  773.000  6.424273e-01 
  774.000  6.431538e-01 
  775.000  6.435707e-01 
  776.000  6.438608e-01 
  777.000  6.439870e-01 
  778.000  6.440416e-01 
  779.000  6.440787e-01 
  780.000  6.441100e-01 
  781.000  6.443390e-01 
  782.000  6.443644e-01 
  783.000  6.443956e-01 
  784.000  6.442980e-01 
  785.000  6.436146e-01 
  786.000  6.425294e-01 
  787.000  6.403145e-01 
  788.000  6.390979e-01 
  789.000  6.345966e-01 
  790.000  6.342563e-01 
  791.000  6.351667e-01 
  792.000  6.360065e-01 
  793.000  6.379024e-01 
  794.000  6.417674e-01 
  795.000  6.395191e-01 
  796.000  6.331577e-01 
  797.000  6.350393e-01 
  798.000  6.391279e-01 
  799.000  6.382487e-01 
  800.000  6.353469e-01 
  801.000  6.357417e-01 
  802.000  6.354859e-01 
  803.000  6.359584e-01 
  804.000  6.373814e-01 
  805.000  6.400697e-01 
  806.000  6.416854e-01 
  807.000  6.417962e-01 
  808.000  6.409457e-01 
  809.000  6.398917e-01 
  810.000  6.387364e-01 
  811.000  6.363119e-01 
  812.000  6.330324e-01 
  813.000  6.289893e-01 
  814.000  6.236158e-01 
  815.000  6.168951e-01 
  816.000  6.081124e-01 
  817.000  6.086786e-01 
  818.000  6.094436e-01 
  819.000  6.123690e-01 
  820.000  6.220693e-01 
  821.000  6.330501e-01 
  822.000  6.247708e-01 
  823.000  6.011986e-01 
  824.000  6.211541e-01 
  825.000  6.337728e-01 
  826.000  6.316286e-01 
  827.000  6.300775e-01 
  828.000  6.218095e-01 
  829.000  6.248466e-01 
  830.000  6.282224e-01 
  831.000  6.290281e-01 
  832.000  6.293732e-01 
  833.000  6.313167e-01 
  834.000  6.335917e-01 
  835.000  6.380739e-01 
  836.000  6.366615e-01 
  837.000  6.365286e-01 
  838.000  6.387302e-01 
  839.000  6.400719e-01 
  840.000  6.405804e-01 
  841.000  6.391826e-01 
  842.000  6.404935e-01 
  843.000  6.435600e-01 
  844.000  6.449609e-01 
  845.000  6.455335e-01 
  846.000  6.462060e-01 
  847.000  6.469582e-01 
  848.000  6.457650e-01 
  849.000  6.459607e-01 
  850.000  6.454251e-01 
  851.000  6.448434e-01 
  852.000  6.449469e-01 
  853.000  6.460180e-01 
  854.000  6.460354e-01 
  855.000  6.466303e-01 
  856.000  6.479137e-01 
  857.000  6.484544e-01 
  858.000  6.487799e-01 
  859.000  6.494126e-01 
  860.000  6.497824e-01 
  861.000  6.498639e-01 
  862.000  6.500744e-01 
  863.000  6.501284e-01 
  864.000  6.502823e-01 
  865.000  6.504135e-01 
  866.000  6.504704e-01 
  867.000  6.504806e-01 
  868.000  6.505260e-01 
  869.000  6.505896e-01 
  870.000  6.505928e-01 
  871.000  6.506542e-01 
  872.000  6.507628e-01 
  873.000  6.507111e-01 
  874.000  6.506960e-01 
  875.000  6.507140e-01 
  876.000  6.506025e-01 
  877.000  6.505594e-01 
  878.000  6.501555e-01 
  879.000  6.501533e-01 
  880.000  6.498480e-01 
  881.000  6.496665e-01 
  882.000  6.495482e-01 
  883.000  6.497175e-01 
  884.000  6.498234e-01 
  885.000  6.491588e-01 
  886.000  6.482296e-01 
  887.000  6.490355e-01 
  888.000  6.490176e-01 
  889.000  6.492397e-01 
  890.000  6.487353e-01 
  891.000  6.476238e-01 
  892.000  6.453382e-01 
  893.000  6.379164e-01 
  894.000  6.342412e-01 
  895.000  6.227667e-01 
  896.000  6.124278e-01 
  897.000  6.014438e-01 
  898.000  5.962820e-01 
  899.000  5.813097e-01 
  900.000  5.835617e-01 
  901.000  5.796273e-01 
  902.000  5.802999e-01 
  903.000  6.054424e-01 
  904.000  6.204681e-01 
  905.000  6.198996e-01 
  906.000  6.105400e-01 
  907.000  5.937653e-01 
  908.000  5.825679e-01 
  909.000  5.830998e-01 
  910.000  5.848308e-01 
  911.000  5.923176e-01 
  912.000  5.887190e-01 
  913.000  5.728794e-01 
  914.000  5.807553e-01 
  915.000  5.868914e-01 
  916.000  5.885345e-01 
  917.000  5.918239e-01 
  918.000  5.960691e-01 
  919.000  6.104277e-01 
  920.000  6.211061e-01 
  921.000  6.187395e-01 
  922.000  6.185451e-01 
  923.000  6.155779e-01 
  924.000  6.083952e-01 
  925.000  6.078839e-01 
  926.000  6.079164e-01 
  927.000  5.996270e-01 
  928.000  5.867155e-01 
  929.000  5.677340e-01 
  930.000  5.429637e-01 
  931.000  5.143553e-01 
  932.000  4.759756e-01 
  933.000  4.453980e-01 
  934.000  4.122166e-01 
  935.000  4.087870e-01 
  936.000  4.224909e-01 
  937.000  4.188390e-01 
  938.000  4.550553e-01 
  939.000  5.425092e-01 
  940.000  5.546297e-01 
  941.000  5.439099e-01 
  942.000  5.173100e-01 
  943.000  4.710888e-01 
  944.000  4.678930e-01 
  945.000  4.850858e-01 
  946.000  4.858861e-01 
  947.000  5.004916e-01 
  948.000  5.089636e-01 
  949.000  5.076799e-01 
  950.000  5.097951e-01 
  951.000  5.285489e-01 
  952.000  5.081691e-01 
  953.000  5.221776e-01 
  954.000  5.369037e-01 
  955.000  5.246053e-01 
  956.000  5.215229e-01 
  957.000  5.585798e-01 
  958.000  5.630828e-01 
  959.000  5.568782e-01 
  960.000  5.549925e-01 
  961.000  5.518474e-01 
  962.000  5.545384e-01 
  963.000  5.742833e-01 
  964.000  5.770199e-01 
  965.000  5.750678e-01 
  966.000  5.760403e-01 
  967.000  5.897882e-01 
  968.000  6.122851e-01 
  969.000  6.222351e-01 
  970.000  6.227418e-01 
  971.000  6.225065e-01 
  972.000  6.197010e-01 
  973.000  6.131532e-01 
  974.000  6.050872e-01 
  975.000  5.998618e-01 
  976.000  6.062642e-01 
  977.000  6.167235e-01 
  978.000  6.158512e-01 
  979.000  6.185065e-01 
  980.000  6.290039e-01 
  981.000  6.312982e-01 
  982.000  6.289456e-01 
  983.000  6.342760e-01 
  984.000  6.397384e-01 
  985.000  6.428261e-01 
  986.000  6.467974e-01 
  987.000  6.485091e-01 
  988.000  6.489002e-01 
  989.000  6.491531e-01 
  990.000  6.495770e-01 
  991.000  6.509296e-01 
  992.000  6.513683e-01 
  993.000  6.515383e-01 
  994.000  6.528732e-01 
  995.000  6.537408e-01 
  996.000  6.537969e-01 
  997.000  6.531947e-01 
  998.000  6.525561e-01 
  999.000  6.523119e-01 
 1000.000  6.525363e-01 
 1001.000  6.511492e-01 
 1002.000  6.490321e-01 
 1003.000  6.495816e-01 
 1004.000  6.507525e-01 
 1005.000  6.513747e-01 
 1006.000  6.515608e-01 
 1007.000  6.511292e-01 
 1008.000  6.494275e-01 
 1009.000  6.469640e-01 
 1010.000  6.480687e-01 
 1011.000  6.506851e-01 
 1012.000  6.515619e-01 
 1013.000  6.523038e-01 
 1014.000  6.526425e-01 
 1015.000  6.527001e-01 
 1016.000  6.530653e-01 
 1017.000  6.532797e-01 
 1018.000  6.528118e-01 
 1019.000  6.519259e-01 
 1020.000  6.521907e-01 
 1021.000  6.528712e-01 
 1022.000  6.517744e-01 
 1023.000  6.508129e-01 
 1024.000  6.503829e-01 
 1025.000  6.519520e-01 
 1026.000  6.526460e-01 
 1027.000  6.522971e-01 
 1028.000  6.525371e-01 
 1029.000  6.532372e-01 
 1030.000  6.538850e-01 
 1031.000  6.541954e-01 
 1032.000  6.544363e-01 
 1033.000  6.544849e-01 
 1034.000  6.546331e-01 
 1035.000  6.546463e-01 
 1036.000  6.544566e-01 
 1037.000  6.543556e-01 
 1038.000  6.543952e-01 
 1039.000  6.542545e-01 
 1040.000  6.541019e-01 
 1041.000  6.539779e-01 
 1042.000  6.539212e-01 
 1043.000  6.538708e-01 
 1044.000  6.537318e-01 
 1045.000  6.534366e-01 
 1046.000  6.532155e-01 
 1047.000  6.529306e-01 
 1048.000  6.524439e-01 
 1049.000  6.518818e-01 
 1050.000  6.515232e-01 
 1051.000  6.511739e-01 
 1052.000  6.508211e-01 
 1053.000  6.506303e-01 
 1054.000  6.501740e-01 
 1055.000  6.497009e-01 
 1056.000  6.492124e-01 
 1057.000  6.483767e-01 
 1058.000  6.469598e-01 
 1059.000  6.468063e-01 
 1060.000  6.471694e-01 
 1061.000  6.468740e-01 
 1062.000  6.459116e-01 
 1063.000  6.453419e-01 
 1064.000  6.444520e-01 
 1065.000  6.436871e-01 
 1066.000  6.437162e-01 
 1067.000  6.432585e-01 
 1068.000  6.420001e-01 
 1069.000  6.420848e-01 
 1070.000  6.427690e-01 
 1071.000  6.422809e-01 
 1072.000  6.416402e-01 
 1073.000  6.417657e-01 
 1074.000  6.421992e-01 
 1075.000  6.438655e-01 
 1076.000  6.432659e-01 
 1077.000  6.423478e-01 
 1078.000  6.412092e-01 
 1079.000  6.412550e-01 
 1080.000  6.377594e-01 
 1081.000  6.377201e-01 
 1082.000  6.394955e-01 
 1083.000  6.377187e-01 
 1084.000  6.357198e-01 
 1085.000  6.307140e-01 
 1086.000  6.320509e-01 
 1087.000  6.378129e-01 
 1088.000  6.381352e-01 
 1089.000  6.313838e-01 
 1090.000  6.302021e-01 
 1091.000  6.316209e-01 
 1092.000  6.283303e-01 
 1093.000  6.207219e-01 
 1094.000  6.174187e-01 
 1095.000  6.180455e-01 
 1096.000  6.186420e-01 
 1097.000  6.172227e-01 
 1098.000  5.982441e-01 
 1099.000  5.817730e-01 
 1100.000  5.829770e-01 
 1101.000  5.853571e-01 
 1102.000  5.843757e-01 
 1103.000  5.859970e-01 
 1104.000  5.833012e-01 
 1105.000  5.763794e-01 
 1106.000  5.692343e-01 
 1107.000  5.712005e-01 
 1108.000  5.727516e-01 
 1109.000  5.791698e-01 
 1110.000  5.788255e-01 
 1111.000  5.756665e-01 
 1112.000  5.608207e-01 
 1113.000  5.403512e-01 
 1114.000  5.354366e-01 
 1115.000  5.096095e-01 
 1116.000  4.930984e-01 
 1117.000  4.525595e-01 
 1118.000  4.142045e-01 
 1119.000  3.936380e-01 
 1120.000  3.665097e-01 
 1121.000  3.605122e-01 
 1122.000  3.300256e-01 
 1123.000  3.475809e-01 
 1124.000  3.590986e-01 
 1125.000  3.532744e-01 
 1126.000  3.508006e-01 
 1127.000  3.530806e-01 
 1128.000  3.575269e-01 
 1129.000  3.863311e-01 
 1130.000  4.504125e-01 
 1131.000  4.680253e-01 
 1132.000  4.441019e-01 
 1133.000  3.976600e-01 
 1134.000  3.058077e-01 
 1135.000  3.130863e-01 
 1136.000  4.038422e-01 
 1137.000  4.489216e-01 
 1138.000  4.896839e-01 
 1139.000  5.006804e-01 
 1140.000  4.930764e-01 
 1141.000  4.769618e-01 
 1142.000  4.714693e-01 
 1143.000  4.539081e-01 
 1144.000  4.334427e-01 
 1145.000  4.029804e-01 
 1146.000  4.102424e-01 
 1147.000  4.338734e-01 
 1148.000  4.542579e-01 
 1149.000  4.621063e-01 
 1150.000  4.618868e-01 
