  320.000  3.699251e-01 
  321.000  4.297346e-01 
  322.000  4.066268e-01 
  323.000  4.358374e-01 
  324.000  4.644593e-01 
  325.000  4.431947e-01 
  326.000  4.779229e-01 
  327.000  4.874610e-01 
  328.000  4.667796e-01 
  329.000  5.062190e-01 
  330.000  5.123735e-01 
  331.000  5.001710e-01 
  332.000  5.236445e-01 
  333.000  5.304217e-01 
  334.000  5.248594e-01 
  335.000  5.418348e-01 
  336.000  5.486586e-01 
  337.000  5.457863e-01 
  338.000  5.537602e-01 
  339.000  5.619490e-01 
  340.000  5.606061e-01 
  341.000  5.685253e-01 
  342.000  5.742930e-01 
  343.000  5.771824e-01 
  344.000  5.777722e-01 
  345.000  5.855418e-01 
  346.000  5.904292e-01 
  347.000  5.944036e-01 
  348.000  5.981176e-01 
  349.000  6.022797e-01 
  350.000  6.058292e-01 
  351.000  6.093568e-01 
  352.000  6.122453e-01 
  353.000  6.163439e-01 
  354.000  6.198252e-01 
  355.000  6.230583e-01 
  356.000  6.262025e-01 
  357.000  6.289959e-01 
  358.000  6.319962e-01 
  359.000  6.349882e-01 
  360.000  6.380468e-01 
  361.000  6.419027e-01 
  362.000  6.459083e-01 
  363.000  6.495889e-01 
  364.000  6.529691e-01 
  365.000  6.561334e-01 
  366.000  6.593629e-01 
  367.000  6.624319e-01 
  368.000  6.654675e-01 
  369.000  6.684715e-01 
  370.000  6.714392e-01 
  371.000  6.743786e-01 
  372.000  6.772886e-01 
  373.000  6.801690e-01 
  374.000  6.829982e-01 
  375.000  6.857683e-01 
  376.000  6.884400e-01 
  377.000  6.909612e-01 
  378.000  6.932997e-01 
  379.000  6.956724e-01 
  380.000  6.982781e-01 
  381.000  7.012395e-01 
  382.000  7.043029e-01 
  383.000  7.071947e-01 
  384.000  7.099332e-01 
  385.000  7.125676e-01 
  386.000  7.151305e-01 
  387.000  7.176481e-01 
  388.000  7.201298e-01 
  389.000  7.225874e-01 
  390.000  7.250215e-01 
  391.000  7.274272e-01 
  392.000  7.298115e-01 
  393.000  7.321727e-01 
  394.000  7.345085e-01 
  395.000  7.368172e-01 
  396.000  7.391078e-01 
  397.000  7.413685e-01 
  398.000  7.436054e-01 
  399.000  7.458203e-01 
  400.000  7.480016e-01 
  401.000  7.501716e-01 
  402.000  7.523214e-01 
  403.000  7.544498e-01 
  404.000  7.565567e-01 
  405.000  7.586378e-01 
  406.000  7.607024e-01 
  407.000  7.627483e-01 
  408.000  7.647738e-01 
  409.000  7.667769e-01 
  410.000  7.687587e-01 
  411.000  7.707184e-01 
  412.000  7.726549e-01 
  413.000  7.745780e-01 
  414.000  7.763610e-01 
  415.000  7.782879e-01 
  416.000  7.801881e-01 
  417.000  7.820545e-01 
  418.000  7.838761e-01 
  419.000  7.856756e-01 
  420.000  7.874569e-01 
  421.000  7.892258e-01 
  422.000  7.909818e-01 
  423.000  7.927229e-01 
  424.000  7.944418e-01 
  425.000  7.961196e-01 
  426.000  7.977795e-01 
  427.000  7.994231e-01 
  428.000  8.010359e-01 
  429.000  8.026248e-01 
  430.000  8.041937e-01 
  431.000  8.057495e-01 
  432.000  8.072877e-01 
  433.000  8.088099e-01 
  434.000  8.103180e-01 
  435.000  8.118101e-01 
  436.000  8.132841e-01 
  437.000  8.147410e-01 
  438.000  8.161801e-01 
  439.000  8.176069e-01 
  440.000  8.190095e-01 
  441.000  8.203933e-01 
  442.000  8.217541e-01 
  443.000  8.230934e-01 
  444.000  8.244106e-01 
  445.000  8.256984e-01 
  446.000  8.269497e-01 
  447.000  8.282610e-01 
  448.000  8.296658e-01 
  449.000  8.310868e-01 
  450.000  8.324791e-01 
  451.000  8.338161e-01 
  452.000  8.351053e-01 
  453.000  8.363672e-01 
  454.000  8.376054e-01 
  455.000  8.387710e-01 
  456.000  8.398418e-01 
  457.000  8.409122e-01 
  458.000  8.419677e-01 
  459.000  8.430001e-01 
  460.000  8.440237e-01 
  461.000  8.450359e-01 
  462.000  8.460283e-01 
  463.000  8.470159e-01 
  464.000  8.483007e-01 
  465.000  8.495654e-01 
  466.000  8.508068e-01 
  467.000  8.520188e-01 
  468.000  8.530053e-01 
  469.000  8.538546e-01 
  470.000  8.546352e-01 
  471.000  8.553376e-01 
  472.000  8.559339e-01 
  473.000  8.563517e-01 
  474.000  8.566947e-01 
  475.000  8.567828e-01 
  476.000  8.566130e-01 
  477.000  8.566095e-01 
  478.000  8.576016e-01 
  479.000  8.591107e-01 
  480.000  8.607382e-01 
  481.000  8.621969e-01 
  482.000  8.635640e-01 
  483.000  8.647516e-01 
  484.000  8.657717e-01 
  485.000  8.666834e-01 
  486.000  8.676553e-01 
  487.000  8.686778e-01 
  488.000  8.696669e-01 
  489.000  8.706373e-01 
  490.000  8.715957e-01 
  491.000  8.723459e-01 
  492.000  8.730313e-01 
  493.000  8.737130e-01 
  494.000  8.743753e-01 
  495.000  8.750373e-01 
  496.000  8.753783e-01 
  497.000  8.757063e-01 
  498.000  8.760294e-01 
  499.000  8.763350e-01 
  500.000  8.766358e-01 
  501.000  8.769032e-01 
  502.000  8.771705e-01 
  503.000  8.774344e-01 
  504.000  8.776862e-01 
  505.000  8.779241e-01 
  506.000  8.786209e-01 
  507.000  8.793377e-01 
  508.000  8.800531e-01 
  509.000  8.807600e-01 
  510.000  8.814515e-01 
  511.000  8.820712e-01 
  512.000  8.826695e-01 
  513.000  8.832641e-01 
  514.000  8.838511e-01 
  515.000  8.844328e-01 
  516.000  8.848482e-01 
  517.000  8.851145e-01 
  518.000  8.853734e-01 
  519.000  8.856274e-01 
  520.000  8.858789e-01 
  521.000  8.861041e-01 
  522.000  8.862665e-01 
  523.000  8.863837e-01 
  524.000  8.865047e-01 
  525.000  8.866000e-01 
  526.000  8.867338e-01 
  527.000  8.867553e-01 
  528.000  8.867314e-01 
  529.000  8.867061e-01 
  530.000  8.866865e-01 
  531.000  8.866704e-01 
  532.000  8.867065e-01 
  533.000  8.870327e-01 
  534.000  8.874446e-01 
  535.000  8.879093e-01 
  536.000  8.883584e-01 
  537.000  8.887691e-01 
  538.000  8.891364e-01 
  539.000  8.894765e-01 
  540.000  8.897956e-01 
  541.000  8.901052e-01 
  542.000  8.904014e-01 
  543.000  8.906869e-01 
  544.000  8.909028e-01 
  545.000  8.910618e-01 
  546.000  8.912135e-01 
  547.000  8.913695e-01 
  548.000  8.915176e-01 
  549.000  8.916634e-01 
  550.000  8.917341e-01 
  551.000  8.917304e-01 
  552.000  8.917295e-01 
  553.000  8.917133e-01 
  554.000  8.916900e-01 
  555.000  8.916627e-01 
  556.000  8.916070e-01 
  557.000  8.915027e-01 
  558.000  8.913898e-01 
  559.000  8.912638e-01 
  560.000  8.911058e-01 
  561.000  8.909186e-01 
  562.000  8.904958e-01 
  563.000  8.902627e-01 
  564.000  8.899509e-01 
  565.000  8.894649e-01 
  566.000  8.891699e-01 
  567.000  8.880451e-01 
  568.000  8.843054e-01 
  569.000  8.762307e-01 
  570.000  8.774554e-01 
  571.000  8.831965e-01 
  572.000  8.776311e-01 
  573.000  8.790784e-01 
  574.000  8.794459e-01 
  575.000  8.790911e-01 
  576.000  8.792892e-01 
  577.000  8.812296e-01 
  578.000  8.837467e-01 
  579.000  8.857626e-01 
  580.000  8.874331e-01 
  581.000  8.899531e-01 
  582.000  8.915907e-01 
  583.000  8.925039e-01 
  584.000  8.933454e-01 
  585.000  8.939529e-01 
  586.000  8.945753e-01 
  587.000  8.923373e-01 
  588.000  8.812929e-01 
  589.000  8.639035e-01 
  590.000  8.629638e-01 
  591.000  8.750905e-01 
  592.000  8.688717e-01 
  593.000  8.826733e-01 
  594.000  8.798016e-01 
  595.000  8.703378e-01 
  596.000  8.837637e-01 
  597.000  8.805205e-01 
  598.000  8.858614e-01 
  599.000  8.878954e-01 
  600.000  8.927002e-01 
  601.000  8.958827e-01 
  602.000  8.967591e-01 
  603.000  8.981468e-01 
  604.000  8.996546e-01 
  605.000  9.006624e-01 
  606.000  9.013636e-01 
  607.000  9.020397e-01 
  608.000  9.026711e-01 
  609.000  9.032737e-01 
  610.000  9.038951e-01 
  611.000  9.045851e-01 
  612.000  9.052605e-01 
  613.000  9.059147e-01 
  614.000  9.065493e-01 
  615.000  9.071820e-01 
  616.000  9.077914e-01 
  617.000  9.083669e-01 
  618.000  9.088491e-01 
  619.000  9.092570e-01 
  620.000  9.096346e-01 
  621.000  9.099589e-01 
  622.000  9.102299e-01 
  623.000  9.104112e-01 
  624.000  9.106038e-01 
  625.000  9.107639e-01 
  626.000  9.103829e-01 
  627.000  9.058139e-01 
  628.000  8.815677e-01 
  629.000  8.958627e-01 
  630.000  8.998297e-01 
  631.000  9.044468e-01 
  632.000  9.030278e-01 
  633.000  9.094395e-01 
  634.000  9.123409e-01 
  635.000  9.133645e-01 
  636.000  9.151837e-01 
  637.000  9.166136e-01 
  638.000  9.196783e-01 
  639.000  9.206046e-01 
  640.000  9.225607e-01 
  641.000  9.233401e-01 
  642.000  9.247808e-01 
  643.000  9.237972e-01 
  644.000  9.243966e-01 
  645.000  9.226044e-01 
  646.000  9.133147e-01 
  647.000  9.069759e-01 
  648.000  8.998376e-01 
  649.000  9.068318e-01 
  650.000  9.199342e-01 
  651.000  9.202853e-01 
  652.000  9.094067e-01 
  653.000  9.226847e-01 
  654.000  9.216219e-01 
  655.000  9.172747e-01 
  656.000  9.192806e-01 
  657.000  9.221868e-01 
  658.000  9.269567e-01 
  659.000  9.298853e-01 
  660.000  9.313627e-01 
  661.000  9.350125e-01 
  662.000  9.368182e-01 
  663.000  9.368961e-01 
  664.000  9.378194e-01 
  665.000  9.386397e-01 
  666.000  9.396177e-01 
  667.000  9.404346e-01 
  668.000  9.413739e-01 
  669.000  9.420303e-01 
  670.000  9.426048e-01 
  671.000  9.432132e-01 
  672.000  9.437507e-01 
  673.000  9.442775e-01 
  674.000  9.447989e-01 
  675.000  9.453216e-01 
  676.000  9.458104e-01 
  677.000  9.462602e-01 
  678.000  9.467115e-01 
  679.000  9.470704e-01 
  680.000  9.470298e-01 
  681.000  9.468405e-01 
  682.000  9.470587e-01 
  683.000  9.470826e-01 
  684.000  9.464469e-01 
  685.000  9.474586e-01 
  686.000  9.442130e-01 
  687.000  8.343627e-01 
  688.000  8.690984e-01 
  689.000  8.589982e-01 
  690.000  8.770550e-01 
  691.000  9.001307e-01 
  692.000  9.132614e-01 
  693.000  9.049322e-01 
  694.000  8.939325e-01 
  695.000  9.044120e-01 
  696.000  9.105006e-01 
  697.000  9.366960e-01 
  698.000  9.312657e-01 
  699.000  9.076883e-01 
  700.000  9.115954e-01 
  701.000  9.063273e-01 
  702.000  9.101868e-01 
  703.000  9.299102e-01 
  704.000  9.307556e-01 
  705.000  9.226210e-01 
  706.000  9.242105e-01 
  707.000  9.271239e-01 
  708.000  9.302726e-01 
  709.000  9.367124e-01 
  710.000  9.298586e-01 
  711.000  9.368579e-01 
  712.000  9.428161e-01 
  713.000  9.380327e-01 
  714.000  9.364219e-01 
  715.000  9.286334e-01 
  716.000  9.205452e-01 
  717.000  8.692781e-01 
  718.000  8.377556e-01 
  719.000  8.264019e-01 
  720.000  8.092224e-01 
  721.000  8.841790e-01 
  722.000  9.108184e-01 
  723.000  8.957173e-01 
  724.000  8.528697e-01 
  725.000  8.591889e-01 
  726.000  8.571540e-01 
  727.000  8.631918e-01 
  728.000  8.565490e-01 
  729.000  8.729188e-01 
  730.000  8.700314e-01 
  731.000  8.665500e-01 
  732.000  8.941947e-01 
  733.000  9.206622e-01 
  734.000  9.333831e-01 
  735.000  9.288464e-01 
  736.000  9.204254e-01 
  737.000  9.267361e-01 
  738.000  9.354163e-01 
  739.000  9.391392e-01 
  740.000  9.474236e-01 
  741.000  9.521996e-01 
  742.000  9.541925e-01 
  743.000  9.586018e-01 
  744.000  9.605895e-01 
  745.000  9.621146e-01 
  746.000  9.633006e-01 
  747.000  9.635772e-01 
  748.000  9.646273e-01 
  749.000  9.651363e-01 
  750.000  9.648263e-01 
  751.000  9.650117e-01 
  752.000  9.659283e-01 
  753.000  9.662980e-01 
  754.000  9.665871e-01 
  755.000  9.667716e-01 
  756.000  9.669656e-01 
  757.000  9.670994e-01 
  758.000  9.657986e-01 
  759.000  9.073525e-01 
  760.000  4.551363e-01 
  761.000  4.101015e-01 
  762.000  6.787439e-01 
  763.000  5.967488e-01 
  764.000  6.374683e-01 
  765.000  7.288783e-01 
  766.000  8.374418e-01 
  767.000  8.915848e-01 
  768.000  9.267797e-01 
  769.000  9.499169e-01 
  770.000  9.619906e-01 
  771.000  9.679974e-01 
  772.000  9.694336e-01 
  773.000  9.700865e-01 
  774.000  9.708484e-01 
  775.000  9.712741e-01 
  776.000  9.715827e-01 
  777.000  9.716614e-01 
  778.000  9.716315e-01 
  779.000  9.715923e-01 
  780.000  9.715511e-01 
  781.000  9.719479e-01 
  782.000  9.718942e-01 
  783.000  9.718540e-01 
  784.000  9.715266e-01 
  785.000  9.696904e-01 
  786.000  9.668134e-01 
  787.000  9.605086e-01 
  788.000  9.571907e-01 
  789.000  9.453757e-01 
  790.000  9.443491e-01 
  791.000  9.465642e-01 
  792.000  9.486097e-01 
  793.000  9.533976e-01 
  794.000  9.635705e-01 
  795.000  9.573292e-01 
  796.000  9.407392e-01 
  797.000  9.454631e-01 
  798.000  9.559198e-01 
  799.000  9.535149e-01 
  800.000  9.458784e-01 
  801.000  9.467717e-01 
  802.000  9.459869e-01 
  803.000  9.470869e-01 
  804.000  9.506540e-01 
  805.000  9.575027e-01 
  806.000  9.615839e-01 
  807.000  9.617507e-01 
  808.000  9.594133e-01 
  809.000  9.565446e-01 
  810.000  9.534044e-01 
  811.000  9.469772e-01 
  812.000  9.383363e-01 
  813.000  9.277594e-01 
  814.000  9.138177e-01 
  815.000  8.964956e-01 
  816.000  8.742934e-01 
  817.000  8.755135e-01 
  818.000  8.773056e-01 
  819.000  8.845967e-01 
  820.000  9.090217e-01 
  821.000  9.369439e-01 
  822.000  9.156783e-01 
  823.000  8.565045e-01 
  824.000  9.063323e-01 
  825.000  9.384399e-01 
  826.000  9.329367e-01 
  827.000  9.288607e-01 
  828.000  9.076982e-01 
  829.000  9.152974e-01 
  830.000  9.238176e-01 
  831.000  9.258077e-01 
  832.000  9.266729e-01 
  833.000  9.315810e-01 
  834.000  9.373630e-01 
  835.000  9.488518e-01 
  836.000  9.451361e-01 
  837.000  9.447294e-01 
  838.000  9.503173e-01 
  839.000  9.537023e-01 
  840.000  9.549237e-01 
  841.000  9.512227e-01 
  842.000  9.545195e-01 
  843.000  9.623698e-01 
  844.000  9.659226e-01 
  845.000  9.675719e-01 
  846.000  9.693069e-01 
  847.000  9.712225e-01 
  848.000  9.680284e-01 
  849.000  9.684241e-01 
  850.000  9.668398e-01 
  851.000  9.649541e-01 
  852.000  9.651291e-01 
  853.000  9.682137e-01 
  854.000  9.680339e-01 
  855.000  9.695783e-01 
  856.000  9.728032e-01 
  857.000  9.741532e-01 
  858.000  9.748516e-01 
  859.000  9.764000e-01 
  860.000  9.771483e-01 
  861.000  9.772616e-01 
  862.000  9.776599e-01 
  863.000  9.777128e-01 
  864.000  9.779863e-01 
  865.000  9.782102e-01 
  866.000  9.782703e-01 
  867.000  9.782307e-01 
  868.000  9.782666e-01 
  869.000  9.783416e-01 
  870.000  9.782880e-01 
  871.000  9.783590e-01 
  872.000  9.785312e-01 
  873.000  9.783609e-01 
  874.000  9.782690e-01 
  875.000  9.782479e-01 
  876.000  9.779501e-01 
  877.000  9.778003e-01 
  878.000  9.767979e-01 
  879.000  9.767303e-01 
  880.000  9.758633e-01 
  881.000  9.753763e-01 
  882.000  9.749082e-01 
  883.000  9.753602e-01 
  884.000  9.755378e-01 
  885.000  9.737679e-01 
  886.000  9.713131e-01 
  887.000  9.732002e-01 
  888.000  9.730809e-01 
  889.000  9.736530e-01 
  890.000  9.722084e-01 
  891.000  9.692371e-01 
  892.000  9.629859e-01 
  893.000  9.440120e-01 
  894.000  9.345564e-01 
  895.000  9.057539e-01 
  896.000  8.799580e-01 
  897.000  8.527951e-01 
  898.000  8.400980e-01 
  899.000  8.043653e-01 
  900.000  8.094953e-01 
  901.000  8.002067e-01 
  902.000  8.019181e-01 
  903.000  8.619431e-01 
  904.000  8.986766e-01 
  905.000  8.973404e-01 
  906.000  8.743549e-01 
  907.000  8.337976e-01 
  908.000  8.071169e-01 
  909.000  8.082325e-01 
  910.000  8.122340e-01 
  911.000  8.299264e-01 
  912.000  8.213452e-01 
  913.000  7.841541e-01 
  914.000  8.025182e-01 
  915.000  8.170049e-01 
  916.000  8.209312e-01 
  917.000  8.288073e-01 
  918.000  8.389928e-01 
  919.000  8.736843e-01 
  920.000  8.999389e-01 
  921.000  8.941471e-01 
  922.000  8.936430e-01 
  923.000  8.863012e-01 
  924.000  8.686865e-01 
  925.000  8.671880e-01 
  926.000  8.666868e-01 
  927.000  8.461044e-01 
  928.000  8.145072e-01 
  929.000  7.690219e-01 
  930.000  7.114161e-01 
  931.000  6.473688e-01 
  932.000  5.639666e-01 
  933.000  5.023602e-01 
  934.000  4.395998e-01 
  935.000  4.328859e-01 
  936.000  4.575438e-01 
  937.000  4.512924e-01 
  938.000  5.213228e-01 
  939.000  7.046651e-01 
  940.000  7.321488e-01 
  941.000  7.084914e-01 
  942.000  6.505402e-01 
  943.000  5.545725e-01 
  944.000  5.478593e-01 
  945.000  5.822396e-01 
  946.000  5.841926e-01 
  947.000  6.150466e-01 
  948.000  6.331571e-01 
  949.000  6.308323e-01 
  950.000  6.354807e-01 
  951.000  6.760454e-01 
  952.000  6.327726e-01 
  953.000  6.631865e-01 
  954.000  6.958640e-01 
  955.000  6.694643e-01 
  956.000  6.636192e-01 
  957.000  7.462737e-01 
  958.000  7.570243e-01 
  959.000  7.432958e-01 
  960.000  7.393228e-01 
  961.000  7.324454e-01 
  962.000  7.387424e-01 
  963.000  7.841712e-01 
  964.000  7.907085e-01 
  965.000  7.863811e-01 
  966.000  7.888618e-01 
  967.000  8.213122e-01 
  968.000  8.755230e-01 
  969.000  9.000197e-01 
  970.000  9.013369e-01 
  971.000  9.007470e-01 
  972.000  8.937802e-01 
  973.000  8.777050e-01 
  974.000  8.581335e-01 
  975.000  8.455569e-01 
  976.000  8.609177e-01 
  977.000  8.863045e-01 
  978.000  8.842408e-01 
  979.000  8.908197e-01 
  980.000  9.167177e-01 
  981.000  9.224523e-01 
  982.000  9.166817e-01 
  983.000  9.299721e-01 
  984.000  9.436513e-01 
  985.000  9.514177e-01 
  986.000  9.614411e-01 
  987.000  9.657767e-01 
  988.000  9.667605e-01 
  989.000  9.673852e-01 
  990.000  9.684333e-01 
  991.000  9.721544e-01 
  992.000  9.732031e-01 
  993.000  9.735880e-01 
  994.000  9.769474e-01 
  995.000  9.792334e-01 
  996.000  9.792050e-01 
  997.000  9.777369e-01 
  998.000  9.760248e-01 
  999.000  9.753909e-01 
 1000.000  9.758936e-01 
 1001.000  9.723117e-01 
 1002.000  9.665859e-01 
 1003.000  9.679350e-01 
 1004.000  9.712148e-01 
 1005.000  9.727085e-01 
 1006.000  9.731907e-01 
 1007.000  9.720911e-01 
 1008.000  9.674243e-01 
 1009.000  9.611886e-01 
 1010.000  9.639593e-01 
 1011.000  9.705757e-01 
 1012.000  9.730917e-01 
 1013.000  9.750717e-01 
 1014.000  9.758974e-01 
 1015.000  9.760545e-01 
 1016.000  9.769483e-01 
 1017.000  9.774616e-01 
 1018.000  9.763443e-01 
 1019.000  9.740439e-01 
 1020.000  9.748520e-01 
 1021.000  9.765099e-01 
 1022.000  9.737294e-01 
 1023.000  9.714030e-01 
 1024.000  9.700121e-01 
 1025.000  9.742873e-01 
 1026.000  9.761800e-01 
 1027.000  9.753816e-01 
 1028.000  9.760488e-01 
 1029.000  9.779307e-01 
 1030.000  9.796593e-01 
 1031.000  9.805609e-01 
 1032.000  9.812636e-01 
 1033.000  9.814531e-01 
 1034.000  9.818728e-01 
 1035.000  9.820723e-01 
 1036.000  9.819707e-01 
 1037.000  9.820083e-01 
 1038.000  9.821237e-01 
 1039.000  9.819020e-01 
 1040.000  9.817115e-01 
 1041.000  9.815608e-01 
 1042.000  9.815183e-01 
 1043.000  9.815134e-01 
 1044.000  9.813794e-01 
 1045.000  9.809588e-01 
 1046.000  9.806762e-01 
 1047.000  9.803413e-01 
 1048.000  9.799220e-01 
 1049.000  9.795055e-01 
 1050.000  9.790483e-01 
 1051.000  9.783770e-01 
 1052.000  9.779530e-01 
 1053.000  9.779271e-01 
 1054.000  9.772635e-01 
 1055.000  9.765871e-01 
 1056.000  9.760429e-01 
 1057.000  9.745524e-01 
 1058.000  9.717861e-01 
 1059.000  9.720064e-01 
 1060.000  9.734849e-01 
 1061.000  9.731683e-01 
 1062.000  9.714105e-01 
 1063.000  9.707571e-01 
 1064.000  9.692385e-01 
 1065.000  9.674181e-01 
 1066.000  9.675539e-01 
 1067.000  9.665154e-01 
 1068.000  9.628827e-01 
 1069.000  9.610766e-01 
 1070.000  9.615567e-01 
 1071.000  9.591954e-01 
 1072.000  9.567810e-01 
 1073.000  9.562671e-01 
 1074.000  9.565476e-01 
 1075.000  9.599700e-01 
 1076.000  9.577322e-01 
 1077.000  9.547541e-01 
 1078.000  9.512634e-01 
 1079.000  9.507667e-01 
 1080.000  9.415242e-01 
 1081.000  9.409623e-01 
 1082.000  9.449775e-01 
 1083.000  9.400643e-01 
 1084.000  9.346951e-01 
 1085.000  9.219321e-01 
 1086.000  9.248838e-01 
 1087.000  9.388647e-01 
 1088.000  9.393857e-01 
 1089.000  9.223374e-01 
 1090.000  9.191145e-01 
 1091.000  9.223343e-01 
 1092.000  9.138662e-01 
 1093.000  8.949971e-01 
 1094.000  8.867692e-01 
 1095.000  8.880855e-01 
 1096.000  8.892906e-01 
 1097.000  8.855123e-01 
 1098.000  8.396736e-01 
 1099.000  8.006374e-01 
 1100.000  8.032609e-01 
 1101.000  8.086367e-01 
 1102.000  8.060096e-01 
 1103.000  8.095829e-01 
 1104.000  8.030858e-01 
 1105.000  7.867139e-01 
 1106.000  7.702009e-01 
 1107.000  7.742796e-01 
 1108.000  7.772652e-01 
 1109.000  7.913586e-01 
 1110.000  7.896215e-01 
 1111.000  7.817898e-01 
 1112.000  7.472396e-01 
 1113.000  7.001344e-01 
 1114.000  6.873655e-01 
 1115.000  6.297585e-01 
 1116.000  5.942453e-01 
 1117.000  5.127777e-01 
 1118.000  4.390717e-01 
 1119.000  4.004152e-01 
 1120.000  3.529875e-01 
 1121.000  3.425454e-01 
 1122.000  2.943032e-01 
 1123.000  3.203316e-01 
 1124.000  3.379852e-01 
 1125.000  3.286431e-01 
 1126.000  3.249346e-01 
 1127.000  3.290431e-01 
 1128.000  3.370357e-01 
 1129.000  3.850711e-01 
 1130.000  4.991591e-01 
 1131.000  5.326270e-01 
 1132.000  4.868543e-01 
 1133.000  4.044442e-01 
 1134.000  2.598743e-01 
 1135.000  2.706083e-01 
 1136.000  4.164216e-01 
 1137.000  4.984632e-01 
 1138.000  5.790786e-01 
 1139.000  6.039038e-01 
 1140.000  5.884706e-01 
 1141.000  5.572591e-01 
 1142.000  5.462614e-01 
 1143.000  5.119004e-01 
 1144.000  4.734689e-01 
 1145.000  4.184243e-01 
 1146.000  4.313885e-01 
 1147.000  4.745187e-01 
 1148.000  5.131226e-01 
 1149.000  5.288401e-01 
 1150.000  5.297584e-01 
