  320.000  2.283312e-01 
  321.000  2.756810e-01 
  322.000  2.571716e-01 
  323.000  2.806127e-01 
  324.000  3.039775e-01 
  325.000  2.865820e-01 
  326.000  3.150985e-01 
  327.000  3.230261e-01 
  328.000  3.058882e-01 
  329.000  3.387331e-01 
  330.000  3.439196e-01 
  331.000  3.336521e-01 
  332.000  3.534593e-01 
  333.000  3.592211e-01 
  334.000  3.544908e-01 
  335.000  3.689669e-01 
  336.000  3.748193e-01 
  337.000  3.723536e-01 
  338.000  3.792069e-01 
  339.000  3.862714e-01 
  340.000  3.851110e-01 
  341.000  3.919640e-01 
  342.000  3.969706e-01 
  343.000  3.994837e-01 
  344.000  3.999970e-01 
  345.000  4.067723e-01 
  346.000  4.110462e-01 
  347.000  4.145283e-01 
  348.000  4.177878e-01 
  349.000  4.214468e-01 
  350.000  4.245723e-01 
  351.000  4.276832e-01 
  352.000  4.302339e-01 
  353.000  4.338586e-01 
  354.000  4.369422e-01 
  355.000  4.398100e-01 
  356.000  4.426027e-01 
  357.000  4.450867e-01 
  358.000  4.477580e-01 
  359.000  4.504251e-01 
  360.000  4.531548e-01 
  361.000  4.566010e-01 
  362.000  4.601867e-01 
  363.000  4.634865e-01 
  364.000  4.665211e-01 
  365.000  4.693656e-01 
  366.000  4.722724e-01 
  367.000  4.750381e-01 
  368.000  4.777770e-01 
  369.000  4.804905e-01 
  370.000  4.831744e-01 
  371.000  4.858355e-01 
  372.000  4.884731e-01 
  373.000  4.910867e-01 
  374.000  4.936567e-01 
  375.000  4.961755e-01 
  376.000  4.986074e-01 
  377.000  5.009045e-01 
  378.000  5.030371e-01 
  379.000  5.052028e-01 
  380.000  5.075834e-01 
  381.000  5.102917e-01 
  382.000  5.130964e-01 
  383.000  5.157468e-01 
  384.000  5.182593e-01 
  385.000  5.206787e-01 
  386.000  5.230346e-01 
  387.000  5.253509e-01 
  388.000  5.276364e-01 
  389.000  5.299016e-01 
  390.000  5.321471e-01 
  391.000  5.343683e-01 
  392.000  5.365716e-01 
  393.000  5.387554e-01 
  394.000  5.409175e-01 
  395.000  5.430563e-01 
  396.000  5.451799e-01 
  397.000  5.472776e-01 
  398.000  5.493547e-01 
  399.000  5.514131e-01 
  400.000  5.534417e-01 
  401.000  5.554613e-01 
  402.000  5.574636e-01 
  403.000  5.594475e-01 
  404.000  5.614127e-01 
  405.000  5.633552e-01 
  406.000  5.652837e-01 
  407.000  5.671961e-01 
  408.000  5.690907e-01 
  409.000  5.709656e-01 
  410.000  5.728217e-01 
  411.000  5.746585e-01 
  412.000  5.764747e-01 
  413.000  5.782794e-01 
  414.000  5.799538e-01 
  415.000  5.817643e-01 
  416.000  5.835509e-01 
  417.000  5.853068e-01 
  418.000  5.870216e-01 
  419.000  5.887166e-01 
  420.000  5.903954e-01 
  421.000  5.920635e-01 
  422.000  5.937204e-01 
  423.000  5.953643e-01 
  424.000  5.969880e-01 
  425.000  5.985738e-01 
  426.000  6.001434e-01 
  427.000  6.016986e-01 
  428.000  6.032254e-01 
  429.000  6.047303e-01 
  430.000  6.062171e-01 
  431.000  6.076921e-01 
  432.000  6.091512e-01 
  433.000  6.105958e-01 
  434.000  6.120278e-01 
  435.000  6.134452e-01 
  436.000  6.148461e-01 
  437.000  6.162313e-01 
  438.000  6.176003e-01 
  439.000  6.189582e-01 
  440.000  6.202937e-01 
  441.000  6.216118e-01 
  442.000  6.229086e-01 
  443.000  6.241854e-01 
  444.000  6.254417e-01 
  445.000  6.266705e-01 
  446.000  6.278648e-01 
  447.000  6.291170e-01 
  448.000  6.304591e-01 
  449.000  6.318170e-01 
  450.000  6.331484e-01 
  451.000  6.344272e-01 
  452.000  6.356609e-01 
  453.000  6.368689e-01 
  454.000  6.380547e-01 
  455.000  6.391714e-01 
  456.000  6.401976e-01 
  457.000  6.412238e-01 
  458.000  6.422359e-01 
  459.000  6.432263e-01 
  460.000  6.442086e-01 
  461.000  6.451802e-01 
  462.000  6.461331e-01 
  463.000  6.470816e-01 
  464.000  6.483160e-01 
  465.000  6.495316e-01 
  466.000  6.507254e-01 
  467.000  6.518911e-01 
  468.000  6.528404e-01 
  469.000  6.536578e-01 
  470.000  6.544093e-01 
  471.000  6.550857e-01 
  472.000  6.556600e-01 
  473.000  6.560624e-01 
  474.000  6.563929e-01 
  475.000  6.564777e-01 
  476.000  6.563141e-01 
  477.000  6.563108e-01 
  478.000  6.572667e-01 
  479.000  6.587214e-01 
  480.000  6.602909e-01 
  481.000  6.616983e-01 
  482.000  6.630177e-01 
  483.000  6.641645e-01 
  484.000  6.651498e-01 
  485.000  6.660307e-01 
  486.000  6.669700e-01 
  487.000  6.679584e-01 
  488.000  6.689150e-01 
  489.000  6.698536e-01 
  490.000  6.707810e-01 
  491.000  6.715069e-01 
  492.000  6.721705e-01 
  493.000  6.728306e-01 
  494.000  6.734719e-01 
  495.000  6.741130e-01 
  496.000  6.744434e-01 
  497.000  6.747612e-01 
  498.000  6.750743e-01 
  499.000  6.753705e-01 
  500.000  6.756620e-01 
  501.000  6.759211e-01 
  502.000  6.761802e-01 
  503.000  6.764360e-01 
  504.000  6.766801e-01 
  505.000  6.769108e-01 
  506.000  6.775864e-01 
  507.000  6.782815e-01 
  508.000  6.789755e-01 
  509.000  6.796613e-01 
  510.000  6.803324e-01 
  511.000  6.809339e-01 
  512.000  6.815147e-01 
  513.000  6.820920e-01 
  514.000  6.826621e-01 
  515.000  6.832271e-01 
  516.000  6.836306e-01 
  517.000  6.838893e-01 
  518.000  6.841409e-01 
  519.000  6.843876e-01 
  520.000  6.846320e-01 
  521.000  6.848509e-01 
  522.000  6.850088e-01 
  523.000  6.851226e-01 
  524.000  6.852402e-01 
  525.000  6.853329e-01 
  526.000  6.854630e-01 
  527.000  6.854839e-01 
  528.000  6.854606e-01 
  529.000  6.854360e-01 
  530.000  6.854169e-01 
  531.000  6.854013e-01 
  532.000  6.854364e-01 
  533.000  6.857535e-01 
  534.000  6.861539e-01 
  535.000  6.866057e-01 
  536.000  6.870425e-01 
  537.000  6.874419e-01 
  538.000  6.877990e-01 
  539.000  6.881300e-01 
  540.000  6.884404e-01 
  541.000  6.887416e-01 
  542.000  6.890298e-01 
  543.000  6.893076e-01 
  544.000  6.895177e-01 
  545.000  6.896725e-01 
  546.000  6.898202e-01 
  547.000  6.899719e-01 
  548.000  6.901161e-01 
  549.000  6.902580e-01 
  550.000  6.903268e-01 
  551.000  6.903232e-01 
  552.000  6.903224e-01 
  553.000  6.903066e-01 
  554.000  6.902840e-01 
  555.000  6.902573e-01 
  556.000  6.902031e-01 
  557.000  6.901016e-01 
  558.000  6.899917e-01 
  559.000  6.898690e-01 
  560.000  6.897155e-01 
  561.000  6.895334e-01 
  562.000  6.891533e-01 
  563.000  6.889290e-01 
  564.000  6.886335e-01 
  565.000  6.881829e-01 
  566.000  6.878816e-01 
  567.000  6.868863e-01 
  568.000  6.839204e-01 
  569.000  6.776962e-01 
  570.000  6.785300e-01 
  571.000  6.827558e-01 
  572.000  6.784290e-01 
  573.000  6.794164e-01 
  574.000  6.796051e-01 
  575.000  6.792793e-01 
  576.000  6.794641e-01 
  577.000  6.809593e-01 
  578.000  6.830130e-01 
  579.000  6.847864e-01 
  580.000  6.864243e-01 
  581.000  6.887651e-01 
  582.000  6.903647e-01 
  583.000  6.913652e-01 
  584.000  6.922524e-01 
  585.000  6.929581e-01 
  586.000  6.936276e-01 
  587.000  6.921498e-01 
  588.000  6.838385e-01 
  589.000  6.705955e-01 
  590.000  6.699601e-01 
  591.000  6.793535e-01 
  592.000  6.746510e-01 
  593.000  6.853210e-01 
  594.000  6.831810e-01 
  595.000  6.759722e-01 
  596.000  6.862456e-01 
  597.000  6.836803e-01 
  598.000  6.877078e-01 
  599.000  6.891947e-01 
  600.000  6.928058e-01 
  601.000  6.951219e-01 
  602.000  6.957136e-01 
  603.000  6.968326e-01 
  604.000  6.981317e-01 
  605.000  6.990608e-01 
  606.000  6.997308e-01 
  607.000  7.003776e-01 
  608.000  7.009917e-01 
  609.000  7.015787e-01 
  610.000  7.021855e-01 
  611.000  7.028595e-01 
  612.000  7.035194e-01 
  613.000  7.041587e-01 
  614.000  7.047790e-01 
  615.000  7.053976e-01 
  616.000  7.059935e-01 
  617.000  7.065563e-01 
  618.000  7.070280e-01 
  619.000  7.074270e-01 
  620.000  7.077964e-01 
  621.000  7.081137e-01 
  622.000  7.083790e-01 
  623.000  7.085564e-01 
  624.000  7.087450e-01 
  625.000  7.089023e-01 
  626.000  7.086102e-01 
  627.000  7.050692e-01 
  628.000  6.835777e-01 
  629.000  6.965580e-01 
  630.000  6.996634e-01 
  631.000  7.038028e-01 
  632.000  7.032170e-01 
  633.000  7.084914e-01 
  634.000  7.111095e-01 
  635.000  7.122385e-01 
  636.000  7.139494e-01 
  637.000  7.153426e-01 
  638.000  7.179654e-01 
  639.000  7.189277e-01 
  640.000  7.206891e-01 
  641.000  7.215446e-01 
  642.000  7.228485e-01 
  643.000  7.222605e-01 
  644.000  7.228891e-01 
  645.000  7.217315e-01 
  646.000  7.146957e-01 
  647.000  7.099345e-01 
  648.000  7.045463e-01 
  649.000  7.101009e-01 
  650.000  7.203765e-01 
  651.000  7.207664e-01 
  652.000  7.124519e-01 
  653.000  7.228591e-01 
  654.000  7.221504e-01 
  655.000  7.188944e-01 
  656.000  7.205634e-01 
  657.000  7.229219e-01 
  658.000  7.267314e-01 
  659.000  7.291151e-01 
  660.000  7.303756e-01 
  661.000  7.332621e-01 
  662.000  7.347864e-01 
  663.000  7.349424e-01 
  664.000  7.357834e-01 
  665.000  7.365167e-01 
  666.000  7.373932e-01 
  667.000  7.381571e-01 
  668.000  7.390256e-01 
  669.000  7.396559e-01 
  670.000  7.402171e-01 
  671.000  7.408065e-01 
  672.000  7.413362e-01 
  673.000  7.418565e-01 
  674.000  7.423720e-01 
  675.000  7.428884e-01 
  676.000  7.433731e-01 
  677.000  7.438188e-01 
  678.000  7.442656e-01 
  679.000  7.446335e-01 
  680.000  7.446607e-01 
  681.000  7.445839e-01 
  682.000  7.448618e-01 
  683.000  7.449573e-01 
  684.000  7.445525e-01 
  685.000  7.454464e-01 
  686.000  7.426207e-01 
  687.000  6.451338e-01 
  688.000  6.757254e-01 
  689.000  6.669732e-01 
  690.000  6.829150e-01 
  691.000  7.037786e-01 
  692.000  7.163439e-01 
  693.000  7.114322e-01 
  694.000  7.038506e-01 
  695.000  7.124543e-01 
  696.000  7.174259e-01 
  697.000  7.380058e-01 
  698.000  7.338598e-01 
  699.000  7.155320e-01 
  700.000  7.186459e-01 
  701.000  7.145951e-01 
  702.000  7.176685e-01 
  703.000  7.331256e-01 
  704.000  7.338465e-01 
  705.000  7.275482e-01 
  706.000  7.288386e-01 
  707.000  7.311631e-01 
  708.000  7.336710e-01 
  709.000  7.387491e-01 
  710.000  7.334466e-01 
  711.000  7.389621e-01 
  712.000  7.436648e-01 
  713.000  7.399791e-01 
  714.000  7.387714e-01 
  715.000  7.327459e-01 
  716.000  7.264915e-01 
  717.000  6.864868e-01 
  718.000  6.618988e-01 
  719.000  6.530754e-01 
  720.000  6.396799e-01 
  721.000  6.983644e-01 
  722.000  7.192456e-01 
  723.000  7.074913e-01 
  724.000  6.740287e-01 
  725.000  6.790204e-01 
  726.000  6.774612e-01 
  727.000  6.822184e-01 
  728.000  6.770523e-01 
  729.000  6.898937e-01 
  730.000  6.876642e-01 
  731.000  6.849691e-01 
  732.000  7.066334e-01 
  733.000  7.273697e-01 
  734.000  7.373517e-01 
  735.000  7.338370e-01 
  736.000  7.272776e-01 
  737.000  7.322400e-01 
  738.000  7.390559e-01 
  739.000  7.419937e-01 
  740.000  7.484994e-01 
  741.000  7.522608e-01 
  742.000  7.538455e-01 
  743.000  7.573203e-01 
  744.000  7.588335e-01 
  745.000  7.600501e-01 
  746.000  7.610077e-01 
  747.000  7.612644e-01 
  748.000  7.621291e-01 
  749.000  7.625911e-01 
  750.000  7.623511e-01 
  751.000  7.625359e-01 
  752.000  7.633474e-01 
  753.000  7.636899e-01 
  754.000  7.639633e-01 
  755.000  7.641469e-01 
  756.000  7.643386e-01 
  757.000  7.644716e-01 
  758.000  7.632393e-01 
  759.000  7.110178e-01 
  760.000  3.243666e-01 
  761.000  2.881187e-01 
  762.000  5.110936e-01 
  763.000  4.414734e-01 
  764.000  4.759122e-01 
  765.000  5.542927e-01 
  766.000  6.491504e-01 
  767.000  6.971195e-01 
  768.000  7.285253e-01 
  769.000  7.492687e-01 
  770.000  7.602639e-01 
  771.000  7.655929e-01 
  772.000  7.668977e-01 
  773.000  7.674882e-01 
  774.000  7.682142e-01 
  775.000  7.686366e-01 
  776.000  7.689399e-01 
  777.000  7.690302e-01 
  778.000  7.690212e-01 
  779.000  7.690008e-01 
  780.000  7.689776e-01 
  781.000  7.693321e-01 
  782.000  7.692981e-01 
  783.000  7.692758e-01 
  784.000  7.690062e-01 
  785.000  7.675814e-01 
  786.000  7.654241e-01 
  787.000  7.604992e-01 
  788.000  7.579161e-01 
  789.000  7.486681e-01 
  790.000  7.478811e-01 
  791.000  7.496366e-01 
  792.000  7.512586e-01 
  793.000  7.550313e-01 
  794.000  7.630280e-01 
  795.000  7.581503e-01 
  796.000  7.451533e-01 
  797.000  7.488765e-01 
  798.000  7.570966e-01 
  799.000  7.552270e-01 
  800.000  7.492529e-01 
  801.000  7.499704e-01 
  802.000  7.493712e-01 
  803.000  7.502506e-01 
  804.000  7.530653e-01 
  805.000  7.584549e-01 
  806.000  7.616730e-01 
  807.000  7.618201e-01 
  808.000  7.600028e-01 
  809.000  7.577686e-01 
  810.000  7.553216e-01 
  811.000  7.502954e-01 
  812.000  7.435324e-01 
  813.000  7.352495e-01 
  814.000  7.243248e-01 
  815.000  7.107465e-01 
  816.000  6.933274e-01 
  817.000  6.943035e-01 
  818.000  6.957259e-01 
  819.000  7.014639e-01 
  820.000  7.206565e-01 
  821.000  7.425924e-01 
  822.000  7.259106e-01 
  823.000  6.794449e-01 
  824.000  7.185978e-01 
  825.000  7.438205e-01 
  826.000  7.395103e-01 
  827.000  7.363240e-01 
  828.000  7.197193e-01 
  829.000  7.257010e-01 
  830.000  7.324037e-01 
  831.000  7.339783e-01 
  832.000  7.346677e-01 
  833.000  7.385335e-01 
  834.000  7.430848e-01 
  835.000  7.521164e-01 
  836.000  7.492115e-01 
  837.000  7.489041e-01 
  838.000  7.533041e-01 
  839.000  7.559742e-01 
  840.000  7.569462e-01 
  841.000  7.540531e-01 
  842.000  7.566542e-01 
  843.000  7.628304e-01 
  844.000  7.656321e-01 
  845.000  7.669395e-01 
  846.000  7.683144e-01 
  847.000  7.698310e-01 
  848.000  7.673361e-01 
  849.000  7.676595e-01 
  850.000  7.664284e-01 
  851.000  7.649602e-01 
  852.000  7.651101e-01 
  853.000  7.675443e-01 
  854.000  7.674152e-01 
  855.000  7.686400e-01 
  856.000  7.710928e-01 
  857.000  7.721913e-01 
  858.000  7.727340e-01 
  859.000  7.739551e-01 
  860.000  7.745816e-01 
  861.000  7.746868e-01 
  862.000  7.750382e-01 
  863.000  7.750912e-01 
  864.000  7.753348e-01 
  865.000  7.755355e-01 
  866.000  7.755948e-01 
  867.000  7.755674e-01 
  868.000  7.756055e-01 
  869.000  7.756777e-01 
  870.000  7.756380e-01 
  871.000  7.757066e-01 
  872.000  7.758632e-01 
  873.000  7.757220e-01 
  874.000  7.756490e-01 
  875.000  7.756377e-01 
  876.000  7.753858e-01 
  877.000  7.752615e-01 
  878.000  7.744806e-01 
  879.000  7.744657e-01 
  880.000  7.737672e-01 
  881.000  7.734176e-01 
  882.000  7.730507e-01 
  883.000  7.734244e-01 
  884.000  7.735772e-01 
  885.000  7.722008e-01 
  886.000  7.703496e-01 
  887.000  7.717649e-01 
  888.000  7.716799e-01 
  889.000  7.721515e-01 
  890.000  7.710972e-01 
  891.000  7.687739e-01 
  892.000  7.638744e-01 
  893.000  7.489766e-01 
  894.000  7.415588e-01 
  895.000  7.189276e-01 
  896.000  6.986595e-01 
  897.000  6.773141e-01 
  898.000  6.673393e-01 
  899.000  6.392243e-01 
  900.000  6.432766e-01 
  901.000  6.359720e-01 
  902.000  6.373211e-01 
  903.000  6.845741e-01 
  904.000  7.134790e-01 
  905.000  7.124326e-01 
  906.000  6.943579e-01 
  907.000  6.624494e-01 
  908.000  6.414540e-01 
  909.000  6.423430e-01 
  910.000  6.455027e-01 
  911.000  6.594402e-01 
  912.000  6.526909e-01 
  913.000  6.234075e-01 
  914.000  6.378783e-01 
  915.000  6.492909e-01 
  916.000  6.523868e-01 
  917.000  6.585914e-01 
  918.000  6.666140e-01 
  919.000  6.939234e-01 
  920.000  7.145845e-01 
  921.000  7.100345e-01 
  922.000  7.096463e-01 
  923.000  7.038797e-01 
  924.000  6.900297e-01 
  925.000  6.888686e-01 
  926.000  6.885042e-01 
  927.000  6.723308e-01 
  928.000  6.474881e-01 
  929.000  6.117031e-01 
  930.000  5.663457e-01 
  931.000  5.158670e-01 
  932.000  4.501115e-01 
  933.000  4.014272e-01 
  934.000  3.517441e-01 
  935.000  3.464464e-01 
  936.000  3.660125e-01 
  937.000  3.610474e-01 
  938.000  4.164651e-01 
  939.000  5.613131e-01 
  940.000  5.829875e-01 
  941.000  5.643125e-01 
  942.000  5.185618e-01 
  943.000  4.427234e-01 
  944.000  4.374259e-01 
  945.000  4.646282e-01 
  946.000  4.661630e-01 
  947.000  4.905251e-01 
  948.000  5.048231e-01 
  949.000  5.029724e-01 
  950.000  5.066385e-01 
  951.000  5.386602e-01 
  952.000  5.044737e-01 
  953.000  5.284752e-01 
  954.000  5.542483e-01 
  955.000  5.333949e-01 
  956.000  5.287506e-01 
  957.000  5.939471e-01 
  958.000  6.024091e-01 
  959.000  5.915729e-01 
  960.000  5.884320e-01 
  961.000  5.830028e-01 
  962.000  5.879638e-01 
  963.000  6.237745e-01 
  964.000  6.289235e-01 
  965.000  6.255087e-01 
  966.000  6.274590e-01 
  967.000  6.530239e-01 
  968.000  6.957110e-01 
  969.000  7.149919e-01 
  970.000  7.160287e-01 
  971.000  7.155690e-01 
  972.000  7.100913e-01 
  973.000  6.974428e-01 
  974.000  6.820368e-01 
  975.000  6.721362e-01 
  976.000  6.842377e-01 
  977.000  7.042298e-01 
  978.000  7.026063e-01 
  979.000  7.077862e-01 
  980.000  7.281721e-01 
  981.000  7.326872e-01 
  982.000  7.281473e-01 
  983.000  7.386085e-01 
  984.000  7.493751e-01 
  985.000  7.554891e-01 
  986.000  7.633784e-01 
  987.000  7.667929e-01 
  988.000  7.675711e-01 
  989.000  7.680672e-01 
  990.000  7.688967e-01 
  991.000  7.718288e-01 
  992.000  7.726591e-01 
  993.000  7.729673e-01 
  994.000  7.755351e-01 
  995.000  7.773416e-01 
  996.000  7.773237e-01 
  997.000  7.761847e-01 
  998.000  7.749119e-01 
  999.000  7.744189e-01 
 1000.000  7.748199e-01 
 1001.000  7.720077e-01 
 1002.000  7.675086e-01 
 1003.000  7.685754e-01 
 1004.000  7.711613e-01 
 1005.000  7.723418e-01 
 1006.000  7.727175e-01 
 1007.000  7.718573e-01 
 1008.000  7.681893e-01 
 1009.000  7.632846e-01 
 1010.000  7.654672e-01 
 1011.000  7.706732e-01 
 1012.000  7.726543e-01 
 1013.000  7.742105e-01 
 1014.000  7.748601e-01 
 1015.000  7.749813e-01 
 1016.000  7.755993e-01 
 1017.000  7.760133e-01 
 1018.000  7.752066e-01 
 1019.000  7.733966e-01 
 1020.000  7.740300e-01 
 1021.000  7.753331e-01 
 1022.000  7.731401e-01 
 1023.000  7.713038e-01 
 1024.000  7.702029e-01 
 1025.000  7.735618e-01 
 1026.000  7.750416e-01 
 1027.000  7.744067e-01 
 1028.000  7.749195e-01 
 1029.000  7.763252e-01 
 1030.000  7.776701e-01 
 1031.000  7.783601e-01 
 1032.000  7.788940e-01 
 1033.000  7.790384e-01 
 1034.000  7.793308e-01 
 1035.000  7.794855e-01 
 1036.000  7.793626e-01 
 1037.000  7.793664e-01 
 1038.000  7.794633e-01 
 1039.000  7.792616e-01 
 1040.000  7.790805e-01 
 1041.000  7.789365e-01 
 1042.000  7.788907e-01 
 1043.000  7.788748e-01 
 1044.000  7.787399e-01 
 1045.000  7.783504e-01 
 1046.000  7.780830e-01 
 1047.000  7.777609e-01 
 1048.000  7.773259e-01 
 1049.000  7.768837e-01 
 1050.000  7.764539e-01 
 1051.000  7.758886e-01 
 1052.000  7.754860e-01 
 1053.000  7.753962e-01 
 1054.000  7.748170e-01 
 1055.000  7.742054e-01 
 1056.000  7.736798e-01 
 1057.000  7.724062e-01 
 1058.000  7.701486e-01 
 1059.000  7.702067e-01 
 1060.000  7.712973e-01 
 1061.000  7.709890e-01 
 1062.000  7.695511e-01 
 1063.000  7.689374e-01 
 1064.000  7.676601e-01 
 1065.000  7.662094e-01 
 1066.000  7.663128e-01 
 1067.000  7.655762e-01 
 1068.000  7.627827e-01 
 1069.000  7.615666e-01 
 1070.000  7.620999e-01 
 1071.000  7.603880e-01 
 1072.000  7.585968e-01 
 1073.000  7.583028e-01 
 1074.000  7.586324e-01 
 1075.000  7.614257e-01 
 1076.000  7.597634e-01 
 1077.000  7.575116e-01 
 1078.000  7.548509e-01 
 1079.000  7.545421e-01 
 1080.000  7.473387e-01 
 1081.000  7.469593e-01 
 1082.000  7.501739e-01 
 1083.000  7.463705e-01 
 1084.000  7.421972e-01 
 1085.000  7.322010e-01 
 1086.000  7.345700e-01 
 1087.000  7.456140e-01 
 1088.000  7.460629e-01 
 1089.000  7.326822e-01 
 1090.000  7.301834e-01 
 1091.000  7.327532e-01 
 1092.000  7.261294e-01 
 1093.000  7.112979e-01 
 1094.000  7.048415e-01 
 1095.000  7.059014e-01 
 1096.000  7.068736e-01 
 1097.000  7.039305e-01 
 1098.000  6.678398e-01 
 1099.000  6.370981e-01 
 1100.000  6.391858e-01 
 1101.000  6.434412e-01 
 1102.000  6.414011e-01 
 1103.000  6.442340e-01 
 1104.000  6.391237e-01 
 1105.000  6.262365e-01 
 1106.000  6.132224e-01 
 1107.000  6.164684e-01 
 1108.000  6.188581e-01 
 1109.000  6.300108e-01 
 1110.000  6.286868e-01 
 1111.000  6.225382e-01 
 1112.000  5.953072e-01 
 1113.000  5.581698e-01 
 1114.000  5.481631e-01 
 1115.000  5.027187e-01 
 1116.000  4.746766e-01 
 1117.000  4.101960e-01 
 1118.000  3.518267e-01 
 1119.000  3.212139e-01 
 1120.000  2.835692e-01 
 1121.000  2.752867e-01 
 1122.000  2.368736e-01 
 1123.000  2.576645e-01 
 1124.000  2.717601e-01 
 1125.000  2.643307e-01 
 1126.000  2.613718e-01 
 1127.000  2.646315e-01 
 1128.000  2.709662e-01 
 1129.000  3.091842e-01 
 1130.000  3.998474e-01 
 1131.000  4.264057e-01 
 1132.000  3.900976e-01 
 1133.000  3.245856e-01 
 1134.000  2.093796e-01 
 1135.000  2.179395e-01 
 1136.000  3.340533e-01 
 1137.000  3.992025e-01 
 1138.000  4.630784e-01 
 1139.000  4.826494e-01 
 1140.000  4.704271e-01 
 1141.000  4.456598e-01 
 1142.000  4.369450e-01 
 1143.000  4.097094e-01 
 1144.000  3.792203e-01 
 1145.000  3.355094e-01 
 1146.000  3.457980e-01 
 1147.000  3.800268e-01 
 1148.000  4.106394e-01 
 1149.000  4.230756e-01 
 1150.000  4.237484e-01 
