  320.000  1.157428e-01 
  321.000  1.485103e-01 
  322.000  1.354654e-01 
  323.000  1.520348e-01 
  324.000  1.690015e-01 
  325.000  1.563277e-01 
  326.000  1.772284e-01 
  327.000  1.831506e-01 
  328.000  1.704082e-01 
  329.000  1.950227e-01 
  330.000  1.989826e-01 
  331.000  1.911625e-01 
  332.000  2.063163e-01 
  333.000  2.107770e-01 
  334.000  2.071131e-01 
  335.000  2.183744e-01 
  336.000  2.229681e-01 
  337.000  2.210299e-01 
  338.000  2.264273e-01 
  339.000  2.320241e-01 
  340.000  2.311025e-01 
  341.000  2.365581e-01 
  342.000  2.405634e-01 
  343.000  2.425800e-01 
  344.000  2.429924e-01 
  345.000  2.484519e-01 
  346.000  2.519110e-01 
  347.000  2.547378e-01 
  348.000  2.573909e-01 
  349.000  2.603770e-01 
  350.000  2.629344e-01 
  351.000  2.654860e-01 
  352.000  2.675825e-01 
  353.000  2.705687e-01 
  354.000  2.731155e-01 
  355.000  2.754892e-01 
  356.000  2.778056e-01 
  357.000  2.798699e-01 
  358.000  2.820940e-01 
  359.000  2.843189e-01 
  360.000  2.866005e-01 
  361.000  2.894873e-01 
  362.000  2.924983e-01 
  363.000  2.952760e-01 
  364.000  2.978361e-01 
  365.000  3.002408e-01 
  366.000  3.027028e-01 
  367.000  3.050500e-01 
  368.000  3.073788e-01 
  369.000  3.096903e-01 
  370.000  3.119806e-01 
  371.000  3.142556e-01 
  372.000  3.165144e-01 
  373.000  3.187566e-01 
  374.000  3.209651e-01 
  375.000  3.231333e-01 
  376.000  3.252300e-01 
  377.000  3.272136e-01 
  378.000  3.290577e-01 
  379.000  3.309330e-01 
  380.000  3.329974e-01 
  381.000  3.353498e-01 
  382.000  3.377902e-01 
  383.000  3.401003e-01 
  384.000  3.422937e-01 
  385.000  3.444091e-01 
  386.000  3.464720e-01 
  387.000  3.485033e-01 
  388.000  3.505102e-01 
  389.000  3.525021e-01 
  390.000  3.544795e-01 
  391.000  3.564381e-01 
  392.000  3.583835e-01 
  393.000  3.603142e-01 
  394.000  3.622283e-01 
  395.000  3.641241e-01 
  396.000  3.660089e-01 
  397.000  3.678730e-01 
  398.000  3.697211e-01 
  399.000  3.715547e-01 
  400.000  3.733640e-01 
  401.000  3.751674e-01 
  402.000  3.769574e-01 
  403.000  3.787331e-01 
  404.000  3.804939e-01 
  405.000  3.822365e-01 
  406.000  3.839683e-01 
  407.000  3.856876e-01 
  408.000  3.873927e-01 
  409.000  3.890820e-01 
  410.000  3.907560e-01 
  411.000  3.924144e-01 
  412.000  3.940558e-01 
  413.000  3.956885e-01 
  414.000  3.972048e-01 
  415.000  3.988459e-01 
  416.000  4.004670e-01 
  417.000  4.020618e-01 
  418.000  4.036207e-01 
  419.000  4.051631e-01 
  420.000  4.066922e-01 
  421.000  4.082129e-01 
  422.000  4.097248e-01 
  423.000  4.112262e-01 
  424.000  4.127104e-01 
  425.000  4.141612e-01 
  426.000  4.155985e-01 
  427.000  4.170237e-01 
  428.000  4.184242e-01 
  429.000  4.198055e-01 
  430.000  4.211714e-01 
  431.000  4.225276e-01 
  432.000  4.238701e-01 
  433.000  4.252004e-01 
  434.000  4.265200e-01 
  435.000  4.278271e-01 
  436.000  4.291200e-01 
  437.000  4.303994e-01 
  438.000  4.316646e-01 
  439.000  4.329206e-01 
  440.000  4.341567e-01 
  441.000  4.353775e-01 
  442.000  4.365794e-01 
  443.000  4.377636e-01 
  444.000  4.389295e-01 
  445.000  4.400706e-01 
  446.000  4.411804e-01 
  447.000  4.423447e-01 
  448.000  4.435934e-01 
  449.000  4.448578e-01 
  450.000  4.460982e-01 
  451.000  4.472905e-01 
  452.000  4.484414e-01 
  453.000  4.495692e-01 
  454.000  4.506768e-01 
  455.000  4.517204e-01 
  456.000  4.526801e-01 
  457.000  4.536402e-01 
  458.000  4.545877e-01 
  459.000  4.555152e-01 
  460.000  4.564357e-01 
  461.000  4.573465e-01 
  462.000  4.582402e-01 
  463.000  4.591303e-01 
  464.000  4.602893e-01 
  465.000  4.614313e-01 
  466.000  4.625535e-01 
  467.000  4.636500e-01 
  468.000  4.645433e-01 
  469.000  4.653129e-01 
  470.000  4.660207e-01 
  471.000  4.666580e-01 
  472.000  4.671992e-01 
  473.000  4.675786e-01 
  474.000  4.678901e-01 
  475.000  4.679702e-01 
  476.000  4.678159e-01 
  477.000  4.678127e-01 
  478.000  4.687143e-01 
  479.000  4.700871e-01 
  480.000  4.715693e-01 
  481.000  4.728993e-01 
  482.000  4.741472e-01 
  483.000  4.752323e-01 
  484.000  4.761652e-01 
  485.000  4.769996e-01 
  486.000  4.778896e-01 
  487.000  4.788267e-01 
  488.000  4.797340e-01 
  489.000  4.806247e-01 
  490.000  4.815051e-01 
  491.000  4.821946e-01 
  492.000  4.828249e-01 
  493.000  4.834523e-01 
  494.000  4.840620e-01 
  495.000  4.846717e-01 
  496.000  4.849859e-01 
  497.000  4.852882e-01 
  498.000  4.855861e-01 
  499.000  4.858679e-01 
  500.000  4.861454e-01 
  501.000  4.863920e-01 
  502.000  4.866386e-01 
  503.000  4.868822e-01 
  504.000  4.871146e-01 
  505.000  4.873343e-01 
  506.000  4.879779e-01 
  507.000  4.886402e-01 
  508.000  4.893016e-01 
  509.000  4.899555e-01 
  510.000  4.905955e-01 
  511.000  4.911694e-01 
  512.000  4.917237e-01 
  513.000  4.922748e-01 
  514.000  4.928192e-01 
  515.000  4.933587e-01 
  516.000  4.937443e-01 
  517.000  4.939914e-01 
  518.000  4.942318e-01 
  519.000  4.944676e-01 
  520.000  4.947012e-01 
  521.000  4.949104e-01 
  522.000  4.950614e-01 
  523.000  4.951702e-01 
  524.000  4.952826e-01 
  525.000  4.953713e-01 
  526.000  4.954956e-01 
  527.000  4.955156e-01 
  528.000  4.954934e-01 
  529.000  4.954699e-01 
  530.000  4.954517e-01 
  531.000  4.954367e-01 
  532.000  4.954703e-01 
  533.000  4.957735e-01 
  534.000  4.961564e-01 
  535.000  4.965886e-01 
  536.000  4.970066e-01 
  537.000  4.973889e-01 
  538.000  4.977307e-01 
  539.000  4.980475e-01 
  540.000  4.983447e-01 
  541.000  4.986332e-01 
  542.000  4.989091e-01 
  543.000  4.991753e-01 
  544.000  4.993766e-01 
  545.000  4.995249e-01 
  546.000  4.996664e-01 
  547.000  4.998118e-01 
  548.000  4.999500e-01 
  549.000  5.000859e-01 
  550.000  5.001519e-01 
  551.000  5.001485e-01 
  552.000  5.001476e-01 
  553.000  5.001326e-01 
  554.000  5.001108e-01 
  555.000  5.000852e-01 
  556.000  5.000334e-01 
  557.000  4.999360e-01 
  558.000  4.998308e-01 
  559.000  4.997133e-01 
  560.000  4.995663e-01 
  561.000  4.993924e-01 
  562.000  4.990906e-01 
  563.000  4.988812e-01 
  564.000  4.986137e-01 
  565.000  4.982267e-01 
  566.000  4.979095e-01 
  567.000  4.971555e-01 
  568.000  4.952726e-01 
  569.000  4.917228e-01 
  570.000  4.919865e-01 
  571.000  4.940216e-01 
  572.000  4.914810e-01 
  573.000  4.916873e-01 
  574.000  4.916293e-01 
  575.000  4.913439e-01 
  576.000  4.915094e-01 
  577.000  4.924815e-01 
  578.000  4.938539e-01 
  579.000  4.952410e-01 
  580.000  4.968282e-01 
  581.000  4.989479e-01 
  582.000  5.004908e-01 
  583.000  5.015724e-01 
  584.000  5.025678e-01 
  585.000  5.034068e-01 
  586.000  5.041500e-01 
  587.000  5.036635e-01 
  588.000  4.994679e-01 
  589.000  4.922954e-01 
  590.000  4.921058e-01 
  591.000  4.975082e-01 
  592.000  4.950242e-01 
  593.000  5.011097e-01 
  594.000  5.000446e-01 
  595.000  4.961390e-01 
  596.000  5.017897e-01 
  597.000  5.002161e-01 
  598.000  5.023143e-01 
  599.000  5.029947e-01 
  600.000  5.047253e-01 
  601.000  5.059099e-01 
  602.000  5.060870e-01 
  603.000  5.067769e-01 
  604.000  5.078185e-01 
  605.000  5.086035e-01 
  606.000  5.092193e-01 
  607.000  5.098158e-01 
  608.000  5.104023e-01 
  609.000  5.109646e-01 
  610.000  5.115490e-01 
  611.000  5.121985e-01 
  612.000  5.128347e-01 
  613.000  5.134513e-01 
  614.000  5.140497e-01 
  615.000  5.146466e-01 
  616.000  5.152218e-01 
  617.000  5.157652e-01 
  618.000  5.162207e-01 
  619.000  5.166062e-01 
  620.000  5.169630e-01 
  621.000  5.172697e-01 
  622.000  5.175260e-01 
  623.000  5.176975e-01 
  624.000  5.178801e-01 
  625.000  5.180333e-01 
  626.000  5.179144e-01 
  627.000  5.157035e-01 
  628.000  4.973237e-01 
  629.000  5.090711e-01 
  630.000  5.108857e-01 
  631.000  5.144839e-01 
  632.000  5.152539e-01 
  633.000  5.189536e-01 
  634.000  5.211689e-01 
  635.000  5.224723e-01 
  636.000  5.240242e-01 
  637.000  5.253633e-01 
  638.000  5.273378e-01 
  639.000  5.283600e-01 
  640.000  5.298428e-01 
  641.000  5.307903e-01 
  642.000  5.319034e-01 
  643.000  5.318960e-01 
  644.000  5.325708e-01 
  645.000  5.322282e-01 
  646.000  5.286654e-01 
  647.000  5.262618e-01 
  648.000  5.234837e-01 
  649.000  5.268984e-01 
  650.000  5.329530e-01 
  651.000  5.334017e-01 
  652.000  5.289204e-01 
  653.000  5.350364e-01 
  654.000  5.348581e-01 
  655.000  5.332377e-01 
  656.000  5.344034e-01 
  657.000  5.359414e-01 
  658.000  5.383095e-01 
  659.000  5.397525e-01 
  660.000  5.407022e-01 
  661.000  5.425729e-01 
  662.000  5.436346e-01 
  663.000  5.439538e-01 
  664.000  5.446246e-01 
  665.000  5.452868e-01 
  666.000  5.460320e-01 
  667.000  5.466935e-01 
  668.000  5.474240e-01 
  669.000  5.480052e-01 
  670.000  5.485429e-01 
  671.000  5.490975e-01 
  672.000  5.496143e-01 
  673.000  5.501245e-01 
  674.000  5.506312e-01 
  675.000  5.511378e-01 
  676.000  5.516169e-01 
  677.000  5.520567e-01 
  678.000  5.524968e-01 
  679.000  5.528855e-01 
  680.000  5.530540e-01 
  681.000  5.531394e-01 
  682.000  5.534478e-01 
  683.000  5.536963e-01 
  684.000  5.536332e-01 
  685.000  5.543435e-01 
  686.000  5.520182e-01 
  687.000  4.680990e-01 
  688.000  4.940609e-01 
  689.000  4.868912e-01 
  690.000  5.004551e-01 
  691.000  5.191208e-01 
  692.000  5.316741e-01 
  693.000  5.323412e-01 
  694.000  5.301421e-01 
  695.000  5.361426e-01 
  696.000  5.395290e-01 
  697.000  5.518299e-01 
  698.000  5.495986e-01 
  699.000  5.390359e-01 
  700.000  5.409874e-01 
  701.000  5.387334e-01 
  702.000  5.406495e-01 
  703.000  5.497967e-01 
  704.000  5.503311e-01 
  705.000  5.467518e-01 
  706.000  5.475991e-01 
  707.000  5.490501e-01 
  708.000  5.506068e-01 
  709.000  5.536622e-01 
  710.000  5.506636e-01 
  711.000  5.539753e-01 
  712.000  5.568106e-01 
  713.000  5.547609e-01 
  714.000  5.541585e-01 
  715.000  5.507650e-01 
  716.000  5.472592e-01 
  717.000  5.238523e-01 
  718.000  5.093767e-01 
  719.000  5.042322e-01 
  720.000  4.962536e-01 
  721.000  5.313593e-01 
  722.000  5.437578e-01 
  723.000  5.369403e-01 
  724.000  5.172071e-01 
  725.000  5.202858e-01 
  726.000  5.194160e-01 
  727.000  5.223076e-01 
  728.000  5.192865e-01 
  729.000  5.269802e-01 
  730.000  5.256987e-01 
  731.000  5.241367e-01 
  732.000  5.370363e-01 
  733.000  5.492916e-01 
  734.000  5.551910e-01 
  735.000  5.531909e-01 
  736.000  5.493931e-01 
  737.000  5.523517e-01 
  738.000  5.563926e-01 
  739.000  5.581574e-01 
  740.000  5.620043e-01 
  741.000  5.642455e-01 
  742.000  5.652165e-01 
  743.000  5.671542e-01 
  744.000  5.681157e-01 
  745.000  5.688733e-01 
  746.000  5.694885e-01 
  747.000  5.696709e-01 
  748.000  5.703385e-01 
  749.000  5.707037e-01 
  750.000  5.706123e-01 
  751.000  5.707966e-01 
  752.000  5.713880e-01 
  753.000  5.716743e-01 
  754.000  5.719156e-01 
  755.000  5.720982e-01 
  756.000  5.722857e-01 
  757.000  5.724175e-01 
  758.000  5.712631e-01 
  759.000  5.259126e-01 
  760.000  2.099316e-01 
  761.000  1.827554e-01 
  762.000  3.574252e-01 
  763.000  3.011488e-01 
  764.000  3.288338e-01 
  765.000  3.930714e-01 
  766.000  4.729029e-01 
  767.000  5.140672e-01 
  768.000  5.412927e-01 
  769.000  5.593929e-01 
  770.000  5.691927e-01 
  771.000  5.737773e-01 
  772.000  5.749367e-01 
  773.000  5.754608e-01 
  774.000  5.761582e-01 
  775.000  5.765749e-01 
  776.000  5.768675e-01 
  777.000  5.769826e-01 
  778.000  5.770182e-01 
  779.000  5.770383e-01 
  780.000  5.770534e-01 
  781.000  5.773184e-01 
  782.000  5.773262e-01 
  783.000  5.773415e-01 
  784.000  5.771939e-01 
  785.000  5.763349e-01 
  786.000  5.750688e-01 
  787.000  5.723481e-01 
  788.000  5.708600e-01 
  789.000  5.654226e-01 
  790.000  5.649931e-01 
  791.000  5.660686e-01 
  792.000  5.670622e-01 
  793.000  5.693279e-01 
  794.000  5.740888e-01 
  795.000  5.712401e-01 
  796.000  5.635717e-01 
  797.000  5.658143e-01 
  798.000  5.707164e-01 
  799.000  5.696415e-01 
  800.000  5.661338e-01 
  801.000  5.665915e-01 
  802.000  5.662677e-01 
  803.000  5.668199e-01 
  804.000  5.685174e-01 
  805.000  5.717389e-01 
  806.000  5.736719e-01 
  807.000  5.737896e-01 
  808.000  5.727469e-01 
  809.000  5.714583e-01 
  810.000  5.700456e-01 
  811.000  5.671049e-01 
  812.000  5.631348e-01 
  813.000  5.582542e-01 
  814.000  5.517895e-01 
  815.000  5.437265e-01 
  816.000  5.332822e-01 
  817.000  5.339189e-01 
  818.000  5.348074e-01 
  819.000  5.382760e-01 
  820.000  5.498120e-01 
  821.000  5.629315e-01 
  822.000  5.530084e-01 
  823.000  5.250442e-01 
  824.000  5.486748e-01 
  825.000  5.637558e-01 
  826.000  5.611929e-01 
  827.000  5.593207e-01 
  828.000  5.494257e-01 
  829.000  5.530338e-01 
  830.000  5.570595e-01 
  831.000  5.580173e-01 
  832.000  5.584348e-01 
  833.000  5.607570e-01 
  834.000  5.634819e-01 
  835.000  5.688639e-01 
  836.000  5.671583e-01 
  837.000  5.669929e-01 
  838.000  5.696290e-01 
  839.000  5.712343e-01 
  840.000  5.718347e-01 
  841.000  5.701411e-01 
  842.000  5.717076e-01 
  843.000  5.753910e-01 
  844.000  5.770710e-01 
  845.000  5.778679e-01 
  846.000  5.785795e-01 
  847.000  5.794743e-01 
  848.000  5.781742e-01 
  849.000  5.783904e-01 
  850.000  5.776867e-01 
  851.000  5.768418e-01 
  852.000  5.769542e-01 
  853.000  5.784181e-01 
  854.000  5.783638e-01 
  855.000  5.789816e-01 
  856.000  5.805134e-01 
  857.000  5.811548e-01 
  858.000  5.814766e-01 
  859.000  5.822316e-01 
  860.000  5.826846e-01 
  861.000  5.827727e-01 
  862.000  5.830242e-01 
  863.000  5.830777e-01 
  864.000  5.832576e-01 
  865.000  5.834090e-01 
  866.000  5.834665e-01 
  867.000  5.834654e-01 
  868.000  5.835086e-01 
  869.000  5.835745e-01 
  870.000  5.835650e-01 
  871.000  5.836284e-01 
  872.000  5.837510e-01 
  873.000  5.836728e-01 
  874.000  5.836405e-01 
  875.000  5.836498e-01 
  876.000  5.834967e-01 
  877.000  5.834296e-01 
  878.000  5.829217e-01 
  879.000  5.829695e-01 
  880.000  5.825326e-01 
  881.000  5.823724e-01 
  882.000  5.821583e-01 
  883.000  5.824138e-01 
  884.000  5.825292e-01 
  885.000  5.817284e-01 
  886.000  5.806127e-01 
  887.000  5.814958e-01 
  888.000  5.814627e-01 
  889.000  5.817807e-01 
  890.000  5.810921e-01 
  891.000  5.797522e-01 
  892.000  5.770376e-01 
  893.000  5.681602e-01 
  894.000  5.637544e-01 
  895.000  5.501434e-01 
  896.000  5.379157e-01 
  897.000  5.249793e-01 
  898.000  5.189184e-01 
  899.000  5.015741e-01 
  900.000  5.041346e-01 
  901.000  4.996052e-01 
  902.000  5.004143e-01 
  903.000  5.295641e-01 
  904.000  5.471855e-01 
  905.000  5.465366e-01 
  906.000  5.355456e-01 
  907.000  5.159879e-01 
  908.000  5.030252e-01 
  909.000  5.036120e-01 
  910.000  5.055943e-01 
  911.000  5.142372e-01 
  912.000  5.100729e-01 
  913.000  4.918589e-01 
  914.000  5.008933e-01 
  915.000  5.079747e-01 
  916.000  5.098854e-01 
  917.000  5.137092e-01 
  918.000  5.186478e-01 
  919.000  5.353959e-01 
  920.000  5.479578e-01 
  921.000  5.451874e-01 
  922.000  5.449594e-01 
  923.000  5.414668e-01 
  924.000  5.330386e-01 
  925.000  5.323915e-01 
  926.000  5.323080e-01 
  927.000  5.225219e-01 
  928.000  5.073799e-01 
  929.000  4.853343e-01 
  930.000  4.569652e-01 
  931.000  4.247804e-01 
  932.000  3.821988e-01 
  933.000  3.494533e-01 
  934.000  3.149605e-01 
  935.000  3.113421e-01 
  936.000  3.252718e-01 
  937.000  3.216497e-01 
  938.000  3.597086e-01 
  939.000  4.551889e-01 
  940.000  4.689291e-01 
  941.000  4.569343e-01 
  942.000  4.273551e-01 
  943.000  3.771277e-01 
  944.000  3.736375e-01 
  945.000  3.919974e-01 
  946.000  3.929404e-01 
  947.000  4.089410e-01 
  948.000  4.182753e-01 
  949.000  4.169618e-01 
  950.000  4.193232e-01 
  951.000  4.401003e-01 
  952.000  4.177175e-01 
  953.000  4.332613e-01 
  954.000  4.497705e-01 
  955.000  4.361948e-01 
  956.000  4.329758e-01 
  957.000  4.746148e-01 
  958.000  4.798420e-01 
  959.000  4.728965e-01 
  960.000  4.708339e-01 
  961.000  4.673342e-01 
  962.000  4.704290e-01 
  963.000  4.929432e-01 
  964.000  4.961219e-01 
  965.000  4.939362e-01 
  966.000  4.951034e-01 
  967.000  5.109711e-01 
  968.000  5.371920e-01 
  969.000  5.489094e-01 
  970.000  5.495246e-01 
  971.000  5.492484e-01 
  972.000  5.459352e-01 
  973.000  5.382395e-01 
  974.000  5.288104e-01 
  975.000  5.227267e-01 
  976.000  5.301767e-01 
  977.000  5.424128e-01 
  978.000  5.414075e-01 
  979.000  5.445463e-01 
  980.000  5.569224e-01 
  981.000  5.596466e-01 
  982.000  5.568842e-01 
  983.000  5.632020e-01 
  984.000  5.696899e-01 
  985.000  5.733666e-01 
  986.000  5.781022e-01 
  987.000  5.801489e-01 
  988.000  5.806178e-01 
  989.000  5.809199e-01 
  990.000  5.814239e-01 
  991.000  5.831869e-01 
  992.000  5.835174e-01 
  993.000  5.837175e-01 
  994.000  5.853069e-01 
  995.000  5.864034e-01 
  996.000  5.864017e-01 
  997.000  5.857418e-01 
  998.000  5.849743e-01 
  999.000  5.846790e-01 
 1000.000  5.849391e-01 
 1001.000  5.833990e-01 
 1002.000  5.807143e-01 
 1003.000  5.813645e-01 
 1004.000  5.829245e-01 
 1005.000  5.836421e-01 
 1006.000  5.836790e-01 
 1007.000  5.833550e-01 
 1008.000  5.811642e-01 
 1009.000  5.782252e-01 
 1010.000  5.795396e-01 
 1011.000  5.826612e-01 
 1012.000  5.838504e-01 
 1013.000  5.846288e-01 
 1014.000  5.850311e-01 
 1015.000  5.851018e-01 
 1016.000  5.854691e-01 
 1017.000  5.857281e-01 
 1018.000  5.852368e-01 
 1019.000  5.841126e-01 
 1020.000  5.845023e-01 
 1021.000  5.852388e-01 
 1022.000  5.839381e-01 
 1023.000  5.829994e-01 
 1024.000  5.823271e-01 
 1025.000  5.841691e-01 
 1026.000  5.849985e-01 
 1027.000  5.846643e-01 
 1028.000  5.849603e-01 
 1029.000  5.858039e-01 
 1030.000  5.865862e-01 
 1031.000  5.869680e-01 
 1032.000  5.872549e-01 
 1033.000  5.872843e-01 
 1034.000  5.874940e-01 
 1035.000  5.875494e-01 
 1036.000  5.873799e-01 
 1037.000  5.873105e-01 
 1038.000  5.873672e-01 
 1039.000  5.872084e-01 
 1040.000  5.870476e-01 
 1041.000  5.869180e-01 
 1042.000  5.868647e-01 
 1043.000  5.868248e-01 
 1044.000  5.866873e-01 
 1045.000  5.863646e-01 
 1046.000  5.861301e-01 
 1047.000  5.858348e-01 
 1048.000  5.853648e-01 
 1049.000  5.848371e-01 
 1050.000  5.844781e-01 
 1051.000  5.840521e-01 
 1052.000  5.836859e-01 
 1053.000  5.835161e-01 
 1054.000  5.830514e-01 
 1055.000  5.825437e-01 
 1056.000  5.820475e-01 
 1057.000  5.810956e-01 
 1058.000  5.795691e-01 
 1059.000  5.794677e-01 
 1060.000  5.799193e-01 
 1061.000  5.796221e-01 
 1062.000  5.786285e-01 
 1063.000  5.780469e-01 
 1064.000  5.771058e-01 
 1065.000  5.762516e-01 
 1066.000  5.762985e-01 
 1067.000  5.757505e-01 
 1068.000  5.743783e-01 
 1069.000  5.740608e-01 
 1070.000  5.746905e-01 
 1071.000  5.739474e-01 
 1072.000  5.730777e-01 
 1073.000  5.731141e-01 
 1074.000  5.735213e-01 
 1075.000  5.753970e-01 
 1076.000  5.745865e-01 
 1077.000  5.734071e-01 
 1078.000  5.719708e-01 
 1079.000  5.719437e-01 
 1080.000  5.677332e-01 
 1081.000  5.676255e-01 
 1082.000  5.696733e-01 
 1083.000  5.675030e-01 
 1084.000  5.650846e-01 
 1085.000  5.591260e-01 
 1086.000  5.606545e-01 
 1087.000  5.674195e-01 
 1088.000  5.677648e-01 
 1089.000  5.597442e-01 
 1090.000  5.583077e-01 
 1091.000  5.599402e-01 
 1092.000  5.560106e-01 
 1093.000  5.470362e-01 
 1094.000  5.431400e-01 
 1095.000  5.438415e-01 
 1096.000  5.444974e-01 
 1097.000  5.427818e-01 
 1098.000  5.206431e-01 
 1099.000  5.016067e-01 
 1100.000  5.029585e-01 
 1101.000  5.056608e-01 
 1102.000  5.044742e-01 
 1103.000  5.062954e-01 
 1104.000  5.031564e-01 
 1105.000  4.951673e-01 
 1106.000  4.870056e-01 
 1107.000  4.891584e-01 
 1108.000  4.908069e-01 
 1109.000  4.979869e-01 
 1110.000  4.973888e-01 
 1111.000  4.936623e-01 
 1112.000  4.766315e-01 
 1113.000  4.532644e-01 
 1114.000  4.473154e-01 
 1115.000  4.182532e-01 
 1116.000  3.999886e-01 
 1117.000  3.565423e-01 
 1118.000  3.163049e-01 
 1119.000  2.949437e-01 
 1120.000  2.677082e-01 
 1121.000  2.616989e-01 
 1122.000  2.324822e-01 
 1123.000  2.488203e-01 
 1124.000  2.597180e-01 
 1125.000  2.541048e-01 
 1126.000  2.517924e-01 
 1127.000  2.541249e-01 
 1128.000  2.586576e-01 
 1129.000  2.869761e-01 
 1130.000  3.519723e-01 
 1131.000  3.704039e-01 
 1132.000  3.452891e-01 
 1133.000  2.982432e-01 
 1134.000  2.104324e-01 
 1135.000  2.171749e-01 
 1136.000  3.047614e-01 
 1137.000  3.509465e-01 
 1138.000  3.943864e-01 
 1139.000  4.068637e-01 
 1140.000  3.986648e-01 
 1141.000  3.816585e-01 
 1142.000  3.757713e-01 
 1143.000  3.571608e-01 
 1144.000  3.358979e-01 
 1145.000  3.048196e-01 
 1146.000  3.121787e-01 
 1147.000  3.363924e-01 
 1148.000  3.576517e-01 
 1149.000  3.660528e-01 
 1150.000  3.661533e-01 
