  320.000  2.941420e-01 
  321.000  3.478377e-01 
  322.000  3.269793e-01 
  323.000  3.533689e-01 
  324.000  3.794315e-01 
  325.000  3.600495e-01 
  326.000  3.917582e-01 
  327.000  4.005159e-01 
  328.000  3.815529e-01 
  329.000  4.177983e-01 
  330.000  4.234855e-01 
  331.000  4.122176e-01 
  332.000  4.339215e-01 
  333.000  4.402095e-01 
  334.000  4.350480e-01 
  335.000  4.508203e-01 
  336.000  4.571772e-01 
  337.000  4.545003e-01 
  338.000  4.619358e-01 
  339.000  4.695851e-01 
  340.000  4.683298e-01 
  341.000  4.757377e-01 
  342.000  4.811407e-01 
  343.000  4.838499e-01 
  344.000  4.844030e-01 
  345.000  4.916968e-01 
  346.000  4.962908e-01 
  347.000  5.000299e-01 
  348.000  5.035268e-01 
  349.000  5.074486e-01 
  350.000  5.107957e-01 
  351.000  5.141245e-01 
  352.000  5.168518e-01 
  353.000  5.207244e-01 
  354.000  5.240162e-01 
  355.000  5.270752e-01 
  356.000  5.300520e-01 
  357.000  5.326981e-01 
  358.000  5.355418e-01 
  359.000  5.383792e-01 
  360.000  5.412813e-01 
  361.000  5.449424e-01 
  362.000  5.487484e-01 
  363.000  5.522481e-01 
  364.000  5.554641e-01 
  365.000  5.584766e-01 
  366.000  5.615529e-01 
  367.000  5.644780e-01 
  368.000  5.673729e-01 
  369.000  5.702392e-01 
  370.000  5.730723e-01 
  371.000  5.758798e-01 
  372.000  5.786608e-01 
  373.000  5.814148e-01 
  374.000  5.841213e-01 
  375.000  5.867724e-01 
  376.000  5.893306e-01 
  377.000  5.917458e-01 
  378.000  5.939869e-01 
  379.000  5.962617e-01 
  380.000  5.987610e-01 
  381.000  6.016028e-01 
  382.000  6.045440e-01 
  383.000  6.073217e-01 
  384.000  6.099535e-01 
  385.000  6.124864e-01 
  386.000  6.149516e-01 
  387.000  6.173742e-01 
  388.000  6.197633e-01 
  389.000  6.221302e-01 
  390.000  6.244754e-01 
  391.000  6.267940e-01 
  392.000  6.290930e-01 
  393.000  6.313706e-01 
  394.000  6.336246e-01 
  395.000  6.358533e-01 
  396.000  6.380652e-01 
  397.000  6.402492e-01 
  398.000  6.424109e-01 
  399.000  6.445521e-01 
  400.000  6.466615e-01 
  401.000  6.487608e-01 
  402.000  6.508412e-01 
  403.000  6.529016e-01 
  404.000  6.549419e-01 
  405.000  6.569578e-01 
  406.000  6.589585e-01 
  407.000  6.609416e-01 
  408.000  6.629056e-01 
  409.000  6.648485e-01 
  410.000  6.667712e-01 
  411.000  6.686733e-01 
  412.000  6.705533e-01 
  413.000  6.724208e-01 
  414.000  6.741529e-01 
  415.000  6.760251e-01 
  416.000  6.778721e-01 
  417.000  6.796866e-01 
  418.000  6.814581e-01 
  419.000  6.832085e-01 
  420.000  6.849418e-01 
  421.000  6.866634e-01 
  422.000  6.883730e-01 
  423.000  6.900685e-01 
  424.000  6.917428e-01 
  425.000  6.933775e-01 
  426.000  6.949951e-01 
  427.000  6.965973e-01 
  428.000  6.981698e-01 
  429.000  6.997194e-01 
  430.000  7.012498e-01 
  431.000  7.027678e-01 
  432.000  7.042689e-01 
  433.000  7.057549e-01 
  434.000  7.072273e-01 
  435.000  7.086844e-01 
  436.000  7.101243e-01 
  437.000  7.115477e-01 
  438.000  7.129539e-01 
  439.000  7.143485e-01 
  440.000  7.157198e-01 
  441.000  7.170728e-01 
  442.000  7.184037e-01 
  443.000  7.197138e-01 
  444.000  7.210025e-01 
  445.000  7.222628e-01 
  446.000  7.234874e-01 
  447.000  7.247711e-01 
  448.000  7.261466e-01 
  449.000  7.275381e-01 
  450.000  7.289020e-01 
  451.000  7.302119e-01 
  452.000  7.314751e-01 
  453.000  7.327119e-01 
  454.000  7.339256e-01 
  455.000  7.350683e-01 
  456.000  7.361183e-01 
  457.000  7.371681e-01 
  458.000  7.382033e-01 
  459.000  7.392161e-01 
  460.000  7.402204e-01 
  461.000  7.412137e-01 
  462.000  7.421876e-01 
  463.000  7.431570e-01 
  464.000  7.444183e-01 
  465.000  7.456601e-01 
  466.000  7.468793e-01 
  467.000  7.480697e-01 
  468.000  7.490389e-01 
  469.000  7.498733e-01 
  470.000  7.506403e-01 
  471.000  7.513306e-01 
  472.000  7.519166e-01 
  473.000  7.523273e-01 
  474.000  7.526644e-01 
  475.000  7.527510e-01 
  476.000  7.525841e-01 
  477.000  7.525807e-01 
  478.000  7.535559e-01 
  479.000  7.550396e-01 
  480.000  7.566401e-01 
  481.000  7.580749e-01 
  482.000  7.594198e-01 
  483.000  7.605883e-01 
  484.000  7.615923e-01 
  485.000  7.624897e-01 
  486.000  7.634463e-01 
  487.000  7.644530e-01 
  488.000  7.654269e-01 
  489.000  7.663825e-01 
  490.000  7.673264e-01 
  491.000  7.680653e-01 
  492.000  7.687406e-01 
  493.000  7.694122e-01 
  494.000  7.700648e-01 
  495.000  7.707170e-01 
  496.000  7.710531e-01 
  497.000  7.713763e-01 
  498.000  7.716948e-01 
  499.000  7.719961e-01 
  500.000  7.722926e-01 
  501.000  7.725560e-01 
  502.000  7.728195e-01 
  503.000  7.730797e-01 
  504.000  7.733278e-01 
  505.000  7.735624e-01 
  506.000  7.742494e-01 
  507.000  7.749560e-01 
  508.000  7.756615e-01 
  509.000  7.763585e-01 
  510.000  7.770405e-01 
  511.000  7.776518e-01 
  512.000  7.782420e-01 
  513.000  7.788286e-01 
  514.000  7.794077e-01 
  515.000  7.799816e-01 
  516.000  7.803915e-01 
  517.000  7.806543e-01 
  518.000  7.809098e-01 
  519.000  7.811604e-01 
  520.000  7.814085e-01 
  521.000  7.816308e-01 
  522.000  7.817911e-01 
  523.000  7.819067e-01 
  524.000  7.820261e-01 
  525.000  7.821202e-01 
  526.000  7.822523e-01 
  527.000  7.822735e-01 
  528.000  7.822499e-01 
  529.000  7.822250e-01 
  530.000  7.822056e-01 
  531.000  7.821897e-01 
  532.000  7.822254e-01 
  533.000  7.825474e-01 
  534.000  7.829539e-01 
  535.000  7.834126e-01 
  536.000  7.838559e-01 
  537.000  7.842615e-01 
  538.000  7.846240e-01 
  539.000  7.849599e-01 
  540.000  7.852749e-01 
  541.000  7.855806e-01 
  542.000  7.858730e-01 
  543.000  7.861550e-01 
  544.000  7.863681e-01 
  545.000  7.865252e-01 
  546.000  7.866750e-01 
  547.000  7.868291e-01 
  548.000  7.869753e-01 
  549.000  7.871193e-01 
  550.000  7.871892e-01 
  551.000  7.871855e-01 
  552.000  7.871847e-01 
  553.000  7.871686e-01 
  554.000  7.871457e-01 
  555.000  7.871186e-01 
  556.000  7.870637e-01 
  557.000  7.869606e-01 
  558.000  7.868491e-01 
  559.000  7.867246e-01 
  560.000  7.865685e-01 
  561.000  7.863832e-01 
  562.000  7.859309e-01 
  563.000  7.856976e-01 
  564.000  7.853811e-01 
  565.000  7.848761e-01 
  566.000  7.846007e-01 
  567.000  7.833899e-01 
  568.000  7.793496e-01 
  569.000  7.704930e-01 
  570.000  7.719023e-01 
  571.000  7.783117e-01 
  572.000  7.722334e-01 
  573.000  7.738978e-01 
  574.000  7.743566e-01 
  575.000  7.739972e-01 
  576.000  7.741982e-01 
  577.000  7.763020e-01 
  578.000  7.789947e-01 
  579.000  7.810799e-01 
  580.000  7.827305e-01 
  581.000  7.852812e-01 
  582.000  7.868932e-01 
  583.000  7.877319e-01 
  584.000  7.885101e-01 
  585.000  7.890589e-01 
  586.000  7.896268e-01 
  587.000  7.870646e-01 
  588.000  7.747604e-01 
  589.000  7.555637e-01 
  590.000  7.544817e-01 
  591.000  7.677522e-01 
  592.000  7.608798e-01 
  593.000  7.760239e-01 
  594.000  7.728209e-01 
  595.000  7.623804e-01 
  596.000  7.771871e-01 
  597.000  7.736624e-01 
  598.000  7.795978e-01 
  599.000  7.818936e-01 
  600.000  7.872524e-01 
  601.000  7.908248e-01 
  602.000  7.918164e-01 
  603.000  7.933192e-01 
  604.000  7.949193e-01 
  605.000  7.959766e-01 
  606.000  7.966862e-01 
  607.000  7.973696e-01 
  608.000  7.979968e-01 
  609.000  7.985946e-01 
  610.000  7.992095e-01 
  611.000  7.998921e-01 
  612.000  8.005604e-01 
  613.000  8.012076e-01 
  614.000  8.018357e-01 
  615.000  8.024618e-01 
  616.000  8.030649e-01 
  617.000  8.036345e-01 
  618.000  8.041118e-01 
  619.000  8.045157e-01 
  620.000  8.048894e-01 
  621.000  8.052105e-01 
  622.000  8.054788e-01 
  623.000  8.056582e-01 
  624.000  8.058487e-01 
  625.000  8.060064e-01 
  626.000  8.055388e-01 
  627.000  8.006231e-01 
  628.000  7.779515e-01 
  629.000  7.909565e-01 
  630.000  7.953594e-01 
  631.000  7.997436e-01 
  632.000  7.975977e-01 
  633.000  8.042987e-01 
  634.000  8.071774e-01 
  635.000  8.081195e-01 
  636.000  8.099574e-01 
  637.000  8.113422e-01 
  638.000  8.145956e-01 
  639.000  8.154728e-01 
  640.000  8.175033e-01 
  641.000  8.182385e-01 
  642.000  8.197254e-01 
  643.000  8.185323e-01 
  644.000  8.190978e-01 
  645.000  8.170472e-01 
  646.000  8.066705e-01 
  647.000  7.995796e-01 
  648.000  7.916303e-01 
  649.000  7.992598e-01 
  650.000  8.136684e-01 
  651.000  8.139927e-01 
  652.000  8.019125e-01 
  653.000  8.165222e-01 
  654.000  8.152859e-01 
  655.000  8.104147e-01 
  656.000  8.125705e-01 
  657.000  8.157321e-01 
  658.000  8.209572e-01 
  659.000  8.241445e-01 
  660.000  8.257227e-01 
  661.000  8.296871e-01 
  662.000  8.316185e-01 
  663.000  8.316495e-01 
  664.000  8.326201e-01 
  665.000  8.334625e-01 
  666.000  8.344883e-01 
  667.000  8.353354e-01 
  668.000  8.363343e-01 
  669.000  8.370064e-01 
  670.000  8.375845e-01 
  671.000  8.382018e-01 
  672.000  8.387378e-01 
  673.000  8.392616e-01 
  674.000  8.397797e-01 
  675.000  8.402994e-01 
  676.000  8.407838e-01 
  677.000  8.412299e-01 
  678.000  8.416781e-01 
  679.000  8.420208e-01 
  680.000  8.419061e-01 
  681.000  8.416532e-01 
  682.000  8.418397e-01 
  683.000  8.418261e-01 
  684.000  8.410842e-01 
  685.000  8.421413e-01 
  686.000  8.390590e-01 
  687.000  7.356447e-01 
  688.000  7.684318e-01 
  689.000  7.587553e-01 
  690.000  7.758507e-01 
  691.000  7.971692e-01 
  692.000  8.084764e-01 
  693.000  7.974429e-01 
  694.000  7.843004e-01 
  695.000  7.951414e-01 
  696.000  8.015310e-01 
  697.000  8.299276e-01 
  698.000  8.239437e-01 
  699.000  7.982651e-01 
  700.000  8.024589e-01 
  701.000  7.967184e-01 
  702.000  8.008803e-01 
  703.000  8.223037e-01 
  704.000  8.232074e-01 
  705.000  8.143363e-01 
  706.000  8.160496e-01 
  707.000  8.192039e-01 
  708.000  8.226179e-01 
  709.000  8.296218e-01 
  710.000  8.221267e-01 
  711.000  8.297375e-01 
  712.000  8.362203e-01 
  713.000  8.309644e-01 
  714.000  8.291643e-01 
  715.000  8.206058e-01 
  716.000  8.116804e-01 
  717.000  7.561610e-01 
  718.000  7.223309e-01 
  719.000  7.101678e-01 
  720.000  6.920308e-01 
  721.000  7.719489e-01 
  722.000  8.007336e-01 
  723.000  7.843782e-01 
  724.000  7.383306e-01 
  725.000  7.450264e-01 
  726.000  7.428564e-01 
  727.000  7.493180e-01 
  728.000  7.422260e-01 
  729.000  7.597687e-01 
  730.000  7.567107e-01 
  731.000  7.530244e-01 
  732.000  7.827532e-01 
  733.000  8.114542e-01 
  734.000  8.253297e-01 
  735.000  8.203962e-01 
  736.000  8.112394e-01 
  737.000  8.180997e-01 
  738.000  8.275508e-01 
  739.000  8.316121e-01 
  740.000  8.406636e-01 
  741.000  8.458878e-01 
  742.000  8.480672e-01 
  743.000  8.528923e-01 
  744.000  8.550667e-01 
  745.000  8.566969e-01 
  746.000  8.579887e-01 
  747.000  8.582772e-01 
  748.000  8.593975e-01 
  749.000  8.599527e-01 
  750.000  8.595808e-01 
  751.000  8.597651e-01 
  752.000  8.607760e-01 
  753.000  8.611721e-01 
  754.000  8.614757e-01 
  755.000  8.616593e-01 
  756.000  8.618540e-01 
  757.000  8.619875e-01 
  758.000  8.607201e-01 
  759.000  8.053966e-01 
  760.000  3.862201e-01 
  761.000  3.456515e-01 
  762.000  5.911946e-01 
  763.000  5.154355e-01 
  764.000  5.529871e-01 
  765.000  6.378430e-01 
  766.000  7.395225e-01 
  767.000  7.905679e-01 
  768.000  8.238620e-01 
  769.000  8.457986e-01 
  770.000  8.573316e-01 
  771.000  8.629974e-01 
  772.000  8.643671e-01 
  773.000  8.649842e-01 
  774.000  8.657112e-01 
  775.000  8.661372e-01 
  776.000  8.664493e-01 
  777.000  8.665149e-01 
  778.000  8.664623e-01 
  779.000  8.664027e-01 
  780.000  8.663422e-01 
  781.000  8.667822e-01 
  782.000  8.667073e-01 
  783.000  8.666480e-01 
  784.000  8.662729e-01 
  785.000  8.642620e-01 
  786.000  8.611507e-01 
  787.000  8.542738e-01 
  788.000  8.506503e-01 
  789.000  8.378145e-01 
  790.000  8.366874e-01 
  791.000  8.390779e-01 
  792.000  8.412911e-01 
  793.000  8.464832e-01 
  794.000  8.575339e-01 
  795.000  8.507380e-01 
  796.000  8.327388e-01 
  797.000  8.378454e-01 
  798.000  8.491823e-01 
  799.000  8.465652e-01 
  800.000  8.382743e-01 
  801.000  8.392346e-01 
  802.000  8.383770e-01 
  803.000  8.395638e-01 
  804.000  8.434304e-01 
  805.000  8.508616e-01 
  806.000  8.552948e-01 
  807.000  8.554699e-01 
  808.000  8.529182e-01 
  809.000  8.497874e-01 
  810.000  8.463567e-01 
  811.000  8.393580e-01 
  812.000  8.299576e-01 
  813.000  8.184797e-01 
  814.000  8.033956e-01 
  815.000  7.847065e-01 
  816.000  7.609693e-01 
  817.000  7.622166e-01 
  818.000  7.641118e-01 
  819.000  7.719174e-01 
  820.000  7.980937e-01 
  821.000  8.281700e-01 
  822.000  8.052382e-01 
  823.000  7.420872e-01 
  824.000  7.952082e-01 
  825.000  8.298002e-01 
  826.000  8.239023e-01 
  827.000  8.194971e-01 
  828.000  7.967108e-01 
  829.000  8.048673e-01 
  830.000  8.140455e-01 
  831.000  8.162028e-01 
  832.000  8.171746e-01 
  833.000  8.224846e-01 
  834.000  8.287516e-01 
  835.000  8.412122e-01 
  836.000  8.371940e-01 
  837.000  8.367665e-01 
  838.000  8.428224e-01 
  839.000  8.464988e-01 
  840.000  8.478221e-01 
  841.000  8.438054e-01 
  842.000  8.473812e-01 
  843.000  8.559080e-01 
  844.000  8.597746e-01 
  845.000  8.615673e-01 
  846.000  8.634542e-01 
  847.000  8.655362e-01 
  848.000  8.620514e-01 
  849.000  8.624753e-01 
  850.000  8.607437e-01 
  851.000  8.586859e-01 
  852.000  8.588710e-01 
  853.000  8.622234e-01 
  854.000  8.620257e-01 
  855.000  8.637039e-01 
  856.000  8.672138e-01 
  857.000  8.686401e-01 
  858.000  8.694051e-01 
  859.000  8.710849e-01 
  860.000  8.718959e-01 
  861.000  8.720176e-01 
  862.000  8.724651e-01 
  863.000  8.725174e-01 
  864.000  8.728222e-01 
  865.000  8.730701e-01 
  866.000  8.731309e-01 
  867.000  8.730783e-01 
  868.000  8.731115e-01 
  869.000  8.731893e-01 
  870.000  8.731207e-01 
  871.000  8.731940e-01 
  872.000  8.733823e-01 
  873.000  8.731811e-01 
  874.000  8.730691e-01 
  875.000  8.730376e-01 
  876.000  8.726913e-01 
  877.000  8.725272e-01 
  878.000  8.714399e-01 
  879.000  8.713595e-01 
  880.000  8.704191e-01 
  881.000  8.698801e-01 
  882.000  8.693827e-01 
  883.000  8.698697e-01 
  884.000  8.700389e-01 
  885.000  8.681670e-01 
  886.000  8.655024e-01 
  887.000  8.675361e-01 
  888.000  8.673995e-01 
  889.000  8.680054e-01 
  890.000  8.664228e-01 
  891.000  8.631866e-01 
  892.000  8.563867e-01 
  893.000  8.358642e-01 
  894.000  8.256248e-01 
  895.000  7.947460e-01 
  896.000  7.671875e-01 
  897.000  7.383073e-01 
  898.000  7.248632e-01 
  899.000  6.875415e-01 
  900.000  6.928046e-01 
  901.000  6.831752e-01 
  902.000  6.850418e-01 
  903.000  7.478339e-01 
  904.000  7.867501e-01 
  905.000  7.853911e-01 
  906.000  7.610289e-01 
  907.000  7.183643e-01 
  908.000  6.905189e-01 
  909.000  6.916323e-01 
  910.000  6.957743e-01 
  911.000  7.142069e-01 
  912.000  7.052634e-01 
  913.000  6.667241e-01 
  914.000  6.857222e-01 
  915.000  7.008103e-01 
  916.000  7.049420e-01 
  917.000  7.132155e-01 
  918.000  7.239206e-01 
  919.000  7.604625e-01 
  920.000  7.883731e-01 
  921.000  7.822611e-01 
  922.000  7.817374e-01 
  923.000  7.739392e-01 
  924.000  7.552778e-01 
  925.000  7.535868e-01 
  926.000  7.527818e-01 
  927.000  7.308590e-01 
  928.000  6.974471e-01 
  929.000  6.498758e-01 
  930.000  5.905763e-01 
  931.000  5.259650e-01 
  932.000  4.432921e-01 
  933.000  3.845908e-01 
  934.000  3.267272e-01 
  935.000  3.204623e-01 
  936.000  3.426277e-01 
  937.000  3.371632e-01 
  938.000  4.024763e-01 
  939.000  5.811169e-01 
  940.000  6.090121e-01 
  941.000  5.853442e-01 
  942.000  5.277364e-01 
  943.000  4.346775e-01 
  944.000  4.281576e-01 
  945.000  4.608683e-01 
  946.000  4.629099e-01 
  947.000  4.930953e-01 
  948.000  5.109382e-01 
  949.000  5.088638e-01 
  950.000  5.135185e-01 
  951.000  5.537436e-01 
  952.000  5.112475e-01 
  953.000  5.414733e-01 
  954.000  5.743244e-01 
  955.000  5.482351e-01 
  956.000  5.428497e-01 
  957.000  6.262534e-01 
  958.000  6.374864e-01 
  959.000  6.236969e-01 
  960.000  6.198199e-01 
  961.000  6.129603e-01 
  962.000  6.194869e-01 
  963.000  6.661247e-01 
  964.000  6.729780e-01 
  965.000  6.686366e-01 
  966.000  6.713265e-01 
  967.000  7.051028e-01 
  968.000  7.621340e-01 
  969.000  7.882045e-01 
  970.000  7.896625e-01 
  971.000  7.890505e-01 
  972.000  7.816303e-01 
  973.000  7.645779e-01 
  974.000  7.439351e-01 
  975.000  7.307320e-01 
  976.000  7.468758e-01 
  977.000  7.737047e-01 
  978.000  7.715725e-01 
  979.000  7.786114e-01 
  980.000  8.062150e-01 
  981.000  8.123834e-01 
  982.000  8.062739e-01 
  983.000  8.205273e-01 
  984.000  8.352329e-01 
  985.000  8.436102e-01 
  986.000  8.544362e-01 
  987.000  8.591393e-01 
  988.000  8.602186e-01 
  989.000  8.609055e-01 
  990.000  8.620441e-01 
  991.000  8.660716e-01 
  992.000  8.672070e-01 
  993.000  8.676240e-01 
  994.000  8.712574e-01 
  995.000  8.736993e-01 
  996.000  8.736663e-01 
  997.000  8.721099e-01 
  998.000  8.702511e-01 
  999.000  8.695617e-01 
 1000.000  8.701012e-01 
 1001.000  8.662249e-01 
 1002.000  8.600365e-01 
 1003.000  8.614902e-01 
 1004.000  8.650302e-01 
 1005.000  8.666416e-01 
 1006.000  8.671635e-01 
 1007.000  8.659713e-01 
 1008.000  8.609285e-01 
 1009.000  8.542001e-01 
 1010.000  8.571877e-01 
 1011.000  8.643316e-01 
 1012.000  8.670515e-01 
 1013.000  8.691953e-01 
 1014.000  8.700907e-01 
 1015.000  8.702629e-01 
 1016.000  8.712308e-01 
 1017.000  8.717903e-01 
 1018.000  8.705778e-01 
 1019.000  8.680899e-01 
 1020.000  8.689639e-01 
 1021.000  8.707566e-01 
 1022.000  8.677511e-01 
 1023.000  8.652391e-01 
 1024.000  8.637392e-01 
 1025.000  8.683619e-01 
 1026.000  8.704134e-01 
 1027.000  8.695541e-01 
 1028.000  8.702825e-01 
 1029.000  8.722806e-01 
 1030.000  8.741556e-01 
 1031.000  8.751515e-01 
 1032.000  8.759181e-01 
 1033.000  8.761197e-01 
 1034.000  8.765841e-01 
 1035.000  8.768195e-01 
 1036.000  8.767413e-01 
 1037.000  8.768153e-01 
 1038.000  8.769504e-01 
 1039.000  8.767077e-01 
 1040.000  8.765077e-01 
 1041.000  8.763502e-01 
 1042.000  8.763113e-01 
 1043.000  8.763182e-01 
 1044.000  8.761858e-01 
 1045.000  8.757330e-01 
 1046.000  8.754348e-01 
 1047.000  8.750874e-01 
 1048.000  8.746867e-01 
 1049.000  8.743142e-01 
 1050.000  8.738416e-01 
 1051.000  8.731173e-01 
 1052.000  8.726788e-01 
 1053.000  8.726712e-01 
 1054.000  8.719637e-01 
 1055.000  8.712610e-01 
 1056.000  8.707068e-01 
 1057.000  8.691294e-01 
 1058.000  8.661772e-01 
 1059.000  8.664563e-01 
 1060.000  8.680897e-01 
 1061.000  8.677707e-01 
 1062.000  8.659172e-01 
 1063.000  8.652961e-01 
 1064.000  8.637236e-01 
 1065.000  8.618026e-01 
 1066.000  8.619613e-01 
 1067.000  8.608696e-01 
 1068.000  8.569324e-01 
 1069.000  8.548356e-01 
 1070.000  8.552515e-01 
 1071.000  8.526191e-01 
 1072.000  8.499638e-01 
 1073.000  8.493515e-01 
 1074.000  8.496007e-01 
 1075.000  8.532320e-01 
 1076.000  8.507706e-01 
 1077.000  8.475173e-01 
 1078.000  8.437162e-01 
 1079.000  8.431358e-01 
 1080.000  8.331740e-01 
 1081.000  8.325382e-01 
 1082.000  8.368124e-01 
 1083.000  8.314952e-01 
 1084.000  8.257062e-01 
 1085.000  8.120369e-01 
 1086.000  8.151492e-01 
 1087.000  8.300618e-01 
 1088.000  8.306047e-01 
 1089.000  8.123355e-01 
 1090.000  8.088566e-01 
 1091.000  8.122499e-01 
 1092.000  8.031691e-01 
 1093.000  7.830762e-01 
 1094.000  7.743387e-01 
 1095.000  7.756902e-01 
 1096.000  7.768891e-01 
 1097.000  7.728085e-01 
 1098.000  7.245312e-01 
 1099.000  6.838454e-01 
 1100.000  6.865191e-01 
 1101.000  6.920364e-01 
 1102.000  6.892133e-01 
 1103.000  6.928261e-01 
 1104.000  6.859982e-01 
 1105.000  6.689732e-01 
 1106.000  6.519957e-01 
 1107.000  6.560053e-01 
 1108.000  6.588246e-01 
 1109.000  6.729938e-01 
 1110.000  6.707625e-01 
 1111.000  6.624665e-01 
 1112.000  6.268212e-01 
 1113.000  5.785063e-01 
 1114.000  5.647686e-01 
 1115.000  5.067756e-01 
 1116.000  4.717243e-01 
 1117.000  3.940051e-01 
 1118.000  3.254550e-01 
 1119.000  2.900324e-01 
 1120.000  2.481843e-01 
 1121.000  2.390236e-01 
 1122.000  1.985984e-01 
 1123.000  2.196839e-01 
 1124.000  2.342290e-01 
 1125.000  2.263636e-01 
 1126.000  2.233428e-01 
 1127.000  2.269984e-01 
 1128.000  2.340838e-01 
 1129.000  2.754565e-01 
 1130.000  3.771963e-01 
 1131.000  4.080572e-01 
 1132.000  3.657352e-01 
 1133.000  2.923962e-01 
 1134.000  1.713042e-01 
 1135.000  1.799901e-01 
 1136.000  3.034920e-01 
 1137.000  3.775516e-01 
 1138.000  4.535228e-01 
 1139.000  4.784440e-01 
 1140.000  4.636770e-01 
 1141.000  4.345021e-01 
 1142.000  4.240570e-01 
 1143.000  3.917918e-01 
 1144.000  3.564486e-01 
 1145.000  3.068297e-01 
 1146.000  3.184474e-01 
 1147.000  3.575402e-01 
 1148.000  3.932105e-01 
 1149.000  4.081452e-01 
 1150.000  4.096305e-01 
