  320.000  1.519821e-01 
  321.000  1.901516e-01 
  322.000  1.750703e-01 
  323.000  1.942030e-01 
  324.000  2.135767e-01 
  325.000  1.991247e-01 
  326.000  2.228988e-01 
  327.000  2.295823e-01 
  328.000  2.151739e-01 
  329.000  2.429154e-01 
  330.000  2.473440e-01 
  331.000  2.385893e-01 
  332.000  2.555227e-01 
  333.000  2.604828e-01 
  334.000  2.564095e-01 
  335.000  2.689066e-01 
  336.000  2.739855e-01 
  337.000  2.718439e-01 
  338.000  2.778030e-01 
  339.000  2.839672e-01 
  340.000  2.829533e-01 
  341.000  2.889499e-01 
  342.000  2.933435e-01 
  343.000  2.955527e-01 
  344.000  2.960044e-01 
  345.000  3.019752e-01 
  346.000  3.057513e-01 
  347.000  3.088334e-01 
  348.000  3.117229e-01 
  349.000  3.149714e-01 
  350.000  3.177507e-01 
  351.000  3.205208e-01 
  352.000  3.227949e-01 
  353.000  3.260310e-01 
  354.000  3.287880e-01 
  355.000  3.313553e-01 
  356.000  3.338584e-01 
  357.000  3.360874e-01 
  358.000  3.384870e-01 
  359.000  3.408856e-01 
  360.000  3.433433e-01 
  361.000  3.464501e-01 
  362.000  3.496872e-01 
  363.000  3.526705e-01 
  364.000  3.554176e-01 
  365.000  3.579958e-01 
  366.000  3.606333e-01 
  367.000  3.631458e-01 
  368.000  3.656366e-01 
  369.000  3.681070e-01 
  370.000  3.705529e-01 
  371.000  3.729807e-01 
  372.000  3.753895e-01 
  373.000  3.777788e-01 
  374.000  3.801306e-01 
  375.000  3.824378e-01 
  376.000  3.846675e-01 
  377.000  3.867755e-01 
  378.000  3.887342e-01 
  379.000  3.907248e-01 
  380.000  3.929149e-01 
  381.000  3.954088e-01 
  382.000  3.979941e-01 
  383.000  4.004396e-01 
  384.000  4.027601e-01 
  385.000  4.049967e-01 
  386.000  4.071763e-01 
  387.000  4.093213e-01 
  388.000  4.114393e-01 
  389.000  4.135403e-01 
  390.000  4.156248e-01 
  391.000  4.176882e-01 
  392.000  4.197367e-01 
  393.000  4.217686e-01 
  394.000  4.237818e-01 
  395.000  4.257749e-01 
  396.000  4.277552e-01 
  397.000  4.297129e-01 
  398.000  4.316527e-01 
  399.000  4.335763e-01 
  400.000  4.354735e-01 
  401.000  4.373636e-01 
  402.000  4.392388e-01 
  403.000  4.410980e-01 
  404.000  4.429408e-01 
  405.000  4.447637e-01 
  406.000  4.465745e-01 
  407.000  4.483713e-01 
  408.000  4.501526e-01 
  409.000  4.519165e-01 
  410.000  4.536638e-01 
  411.000  4.553939e-01 
  412.000  4.571056e-01 
  413.000  4.588076e-01 
  414.000  4.603876e-01 
  415.000  4.620969e-01 
  416.000  4.637847e-01 
  417.000  4.654444e-01 
  418.000  4.670661e-01 
  419.000  4.686700e-01 
  420.000  4.702595e-01 
  421.000  4.718397e-01 
  422.000  4.734101e-01 
  423.000  4.749690e-01 
  424.000  4.765096e-01 
  425.000  4.780149e-01 
  426.000  4.795057e-01 
  427.000  4.809834e-01 
  428.000  4.824349e-01 
  429.000  4.838662e-01 
  430.000  4.852810e-01 
  431.000  4.866852e-01 
  432.000  4.880749e-01 
  433.000  4.894514e-01 
  434.000  4.908165e-01 
  435.000  4.921682e-01 
  436.000  4.935049e-01 
  437.000  4.948272e-01 
  438.000  4.961344e-01 
  439.000  4.974317e-01 
  440.000  4.987081e-01 
  441.000  4.999683e-01 
  442.000  5.012087e-01 
  443.000  5.024304e-01 
  444.000  5.036330e-01 
  445.000  5.048097e-01 
  446.000  5.059538e-01 
  447.000  5.071537e-01 
  448.000  5.084404e-01 
  449.000  5.097427e-01 
  450.000  5.110201e-01 
  451.000  5.122476e-01 
  452.000  5.134320e-01 
  453.000  5.145924e-01 
  454.000  5.157318e-01 
  455.000  5.168051e-01 
  456.000  5.177918e-01 
  457.000  5.187789e-01 
  458.000  5.197526e-01 
  459.000  5.207057e-01 
  460.000  5.216513e-01 
  461.000  5.225869e-01 
  462.000  5.235046e-01 
  463.000  5.244185e-01 
  464.000  5.256082e-01 
  465.000  5.267802e-01 
  466.000  5.279315e-01 
  467.000  5.290561e-01 
  468.000  5.299723e-01 
  469.000  5.307614e-01 
  470.000  5.314869e-01 
  471.000  5.321402e-01 
  472.000  5.326949e-01 
  473.000  5.330836e-01 
  474.000  5.334029e-01 
  475.000  5.334849e-01 
  476.000  5.333269e-01 
  477.000  5.333236e-01 
  478.000  5.342473e-01 
  479.000  5.356535e-01 
  480.000  5.371712e-01 
  481.000  5.385329e-01 
  482.000  5.398099e-01 
  483.000  5.409202e-01 
  484.000  5.418745e-01 
  485.000  5.427278e-01 
  486.000  5.436379e-01 
  487.000  5.445960e-01 
  488.000  5.455234e-01 
  489.000  5.464337e-01 
  490.000  5.473332e-01 
  491.000  5.480376e-01 
  492.000  5.486816e-01 
  493.000  5.493222e-01 
  494.000  5.499449e-01 
  495.000  5.505674e-01 
  496.000  5.508882e-01 
  497.000  5.511969e-01 
  498.000  5.515010e-01 
  499.000  5.517887e-01 
  500.000  5.520719e-01 
  501.000  5.523236e-01 
  502.000  5.525753e-01 
  503.000  5.528239e-01 
  504.000  5.530611e-01 
  505.000  5.532852e-01 
  506.000  5.539420e-01 
  507.000  5.546176e-01 
  508.000  5.552924e-01 
  509.000  5.559593e-01 
  510.000  5.566121e-01 
  511.000  5.571973e-01 
  512.000  5.577624e-01 
  513.000  5.583242e-01 
  514.000  5.588791e-01 
  515.000  5.594290e-01 
  516.000  5.598220e-01 
  517.000  5.600739e-01 
  518.000  5.603188e-01 
  519.000  5.605591e-01 
  520.000  5.607971e-01 
  521.000  5.610102e-01 
  522.000  5.611640e-01 
  523.000  5.612749e-01 
  524.000  5.613894e-01 
  525.000  5.614797e-01 
  526.000  5.616064e-01 
  527.000  5.616268e-01 
  528.000  5.616041e-01 
  529.000  5.615802e-01 
  530.000  5.615616e-01 
  531.000  5.615464e-01 
  532.000  5.615806e-01 
  533.000  5.618895e-01 
  534.000  5.622796e-01 
  535.000  5.627198e-01 
  536.000  5.631454e-01 
  537.000  5.635347e-01 
  538.000  5.638829e-01 
  539.000  5.642055e-01 
  540.000  5.645080e-01 
  541.000  5.648018e-01 
  542.000  5.650827e-01 
  543.000  5.653536e-01 
  544.000  5.655585e-01 
  545.000  5.657095e-01 
  546.000  5.658535e-01 
  547.000  5.660015e-01 
  548.000  5.661421e-01 
  549.000  5.662805e-01 
  550.000  5.663477e-01 
  551.000  5.663441e-01 
  552.000  5.663434e-01 
  553.000  5.663280e-01 
  554.000  5.663059e-01 
  555.000  5.662798e-01 
  556.000  5.662271e-01 
  557.000  5.661280e-01 
  558.000  5.660208e-01 
  559.000  5.659012e-01 
  560.000  5.657513e-01 
  561.000  5.655736e-01 
  562.000  5.651783e-01 
  563.000  5.649576e-01 
  564.000  5.646633e-01 
  565.000  5.642065e-01 
  566.000  5.639241e-01 
  567.000  5.629076e-01 
  568.000  5.598152e-01 
  569.000  5.533884e-01 
  570.000  5.542940e-01 
  571.000  5.587120e-01 
  572.000  5.542709e-01 
  573.000  5.553423e-01 
  574.000  5.555714e-01 
  575.000  5.552503e-01 
  576.000  5.554331e-01 
  577.000  5.570330e-01 
  578.000  5.590392e-01 
  579.000  5.608189e-01 
  580.000  5.624077e-01 
  581.000  5.647190e-01 
  582.000  5.662752e-01 
  583.000  5.672216e-01 
  584.000  5.680964e-01 
  585.000  5.687262e-01 
  586.000  5.693526e-01 
  587.000  5.677829e-01 
  588.000  5.590138e-01 
  589.000  5.451642e-01 
  590.000  5.444718e-01 
  591.000  5.542216e-01 
  592.000  5.493001e-01 
  593.000  5.604057e-01 
  594.000  5.581461e-01 
  595.000  5.506099e-01 
  596.000  5.613504e-01 
  597.000  5.587003e-01 
  598.000  5.629400e-01 
  599.000  5.645280e-01 
  600.000  5.683429e-01 
  601.000  5.707612e-01 
  602.000  5.714077e-01 
  603.000  5.725747e-01 
  604.000  5.739011e-01 
  605.000  5.748523e-01 
  606.000  5.755188e-01 
  607.000  5.761618e-01 
  608.000  5.767643e-01 
  609.000  5.773398e-01 
  610.000  5.779337e-01 
  611.000  5.785933e-01 
  612.000  5.792394e-01 
  613.000  5.798652e-01 
  614.000  5.804726e-01 
  615.000  5.810785e-01 
  616.000  5.816622e-01 
  617.000  5.822135e-01 
  618.000  5.826757e-01 
  619.000  5.830667e-01 
  620.000  5.834287e-01 
  621.000  5.837397e-01 
  622.000  5.839996e-01 
  623.000  5.841735e-01 
  624.000  5.843583e-01 
  625.000  5.845121e-01 
  626.000  5.841619e-01 
  627.000  5.805635e-01 
  628.000  5.611910e-01 
  629.000  5.726687e-01 
  630.000  5.759516e-01 
  631.000  5.797566e-01 
  632.000  5.787144e-01 
  633.000  5.840418e-01 
  634.000  5.865104e-01 
  635.000  5.875176e-01 
  636.000  5.892169e-01 
  637.000  5.905868e-01 
  638.000  5.932510e-01 
  639.000  5.942175e-01 
  640.000  5.959908e-01 
  641.000  5.967776e-01 
  642.000  5.980855e-01 
  643.000  5.974463e-01 
  644.000  5.980502e-01 
  645.000  5.967819e-01 
  646.000  5.893121e-01 
  647.000  5.842527e-01 
  648.000  5.785526e-01 
  649.000  5.843299e-01 
  650.000  5.950963e-01 
  651.000  5.954688e-01 
  652.000  5.866871e-01 
  653.000  5.975992e-01 
  654.000  5.968169e-01 
  655.000  5.933496e-01 
  656.000  5.950697e-01 
  657.000  5.975236e-01 
  658.000  6.015085e-01 
  659.000  6.039910e-01 
  660.000  6.052871e-01 
  661.000  6.082520e-01 
  662.000  6.098342e-01 
  663.000  6.099954e-01 
  664.000  6.108141e-01 
  665.000  6.115865e-01 
  666.000  6.124393e-01 
  667.000  6.132274e-01 
  668.000  6.141321e-01 
  669.000  6.147690e-01 
  670.000  6.153286e-01 
  671.000  6.159201e-01 
  672.000  6.164448e-01 
  673.000  6.169592e-01 
  674.000  6.174688e-01 
  675.000  6.179795e-01 
  676.000  6.184576e-01 
  677.000  6.188976e-01 
  678.000  6.193391e-01 
  679.000  6.196927e-01 
  680.000  6.196657e-01 
  681.000  6.195405e-01 
  682.000  6.198180e-01 
  683.000  6.198800e-01 
  684.000  6.194813e-01 
  685.000  6.203533e-01 
  686.000  6.177453e-01 
  687.000  5.291567e-01 
  688.000  5.569706e-01 
  689.000  5.489287e-01 
  690.000  5.634826e-01 
  691.000  5.822054e-01 
  692.000  5.929649e-01 
  693.000  5.863836e-01 
  694.000  5.776345e-01 
  695.000  5.861279e-01 
  696.000  5.911086e-01 
  697.000  6.123779e-01 
  698.000  6.080270e-01 
  699.000  5.890067e-01 
  700.000  5.921982e-01 
  701.000  5.879974e-01 
  702.000  5.911623e-01 
  703.000  6.071736e-01 
  704.000  6.079161e-01 
  705.000  6.013725e-01 
  706.000  6.027045e-01 
  707.000  6.051094e-01 
  708.000  6.077079e-01 
  709.000  6.129803e-01 
  710.000  6.074550e-01 
  711.000  6.131802e-01 
  712.000  6.180664e-01 
  713.000  6.142077e-01 
  714.000  6.129236e-01 
  715.000  6.066123e-01 
  716.000  6.000319e-01 
  717.000  5.587415e-01 
  718.000  5.336140e-01 
  719.000  5.246195e-01 
  720.000  5.111703e-01 
  721.000  5.707549e-01 
  722.000  5.922707e-01 
  723.000  5.801377e-01 
  724.000  5.458746e-01 
  725.000  5.509161e-01 
  726.000  5.493363e-01 
  727.000  5.541898e-01 
  728.000  5.489394e-01 
  729.000  5.620546e-01 
  730.000  5.598095e-01 
  731.000  5.570955e-01 
  732.000  5.793054e-01 
  733.000  6.007563e-01 
  734.000  6.111498e-01 
  735.000  6.075068e-01 
  736.000  6.007046e-01 
  737.000  6.058545e-01 
  738.000  6.129393e-01 
  739.000  6.160010e-01 
  740.000  6.227890e-01 
  741.000  6.267200e-01 
  742.000  6.283773e-01 
  743.000  6.320111e-01 
  744.000  6.335335e-01 
  745.000  6.348010e-01 
  746.000  6.358027e-01 
  747.000  6.360662e-01 
  748.000  6.369648e-01 
  749.000  6.374590e-01 
  750.000  6.372011e-01 
  751.000  6.373845e-01 
  752.000  6.382353e-01 
  753.000  6.385958e-01 
  754.000  6.388788e-01 
  755.000  6.390612e-01 
  756.000  6.392526e-01 
  757.000  6.393849e-01 
  758.000  6.382006e-01 
  759.000  5.903192e-01 
  760.000  2.485582e-01 
  761.000  2.181301e-01 
  762.000  4.102865e-01 
  763.000  3.491434e-01 
  764.000  3.792874e-01 
  765.000  4.487007e-01 
  766.000  5.340503e-01 
  767.000  5.777194e-01 
  768.000  6.064845e-01 
  769.000  6.255588e-01 
  770.000  6.357994e-01 
  771.000  6.406572e-01 
  772.000  6.418694e-01 
  773.000  6.424124e-01 
  774.000  6.430969e-01 
  775.000  6.435183e-01 
  776.000  6.438232e-01 
  777.000  6.439035e-01 
  778.000  6.438779e-01 
  779.000  6.438426e-01 
  780.000  6.438051e-01 
  781.000  6.441905e-01 
  782.000  6.441411e-01 
  783.000  6.441047e-01 
  784.000  6.437911e-01 
  785.000  6.422978e-01 
  786.000  6.401138e-01 
  787.000  6.349846e-01 
  788.000  6.322921e-01 
  789.000  6.226996e-01 
  790.000  6.218763e-01 
  791.000  6.236871e-01 
  792.000  6.253650e-01 
  793.000  6.292742e-01 
  794.000  6.375731e-01 
  795.000  6.325020e-01 
  796.000  6.190381e-01 
  797.000  6.228830e-01 
  798.000  6.313959e-01 
  799.000  6.294546e-01 
  800.000  6.232623e-01 
  801.000  6.240008e-01 
  802.000  6.233773e-01 
  803.000  6.242853e-01 
  804.000  6.272012e-01 
  805.000  6.327885e-01 
  806.000  6.361298e-01 
  807.000  6.362798e-01 
  808.000  6.343864e-01 
  809.000  6.320589e-01 
  810.000  6.295066e-01 
  811.000  6.242803e-01 
  812.000  6.172549e-01 
  813.000  6.086729e-01 
  814.000  5.973904e-01 
  815.000  5.834092e-01 
  816.000  5.656459e-01 
  817.000  5.665988e-01 
  818.000  5.680349e-01 
  819.000  5.738968e-01 
  820.000  5.935240e-01 
  821.000  6.160827e-01 
  822.000  5.989097e-01 
  823.000  5.516083e-01 
  824.000  5.914228e-01 
  825.000  6.173670e-01 
  826.000  6.129594e-01 
  827.000  6.096726e-01 
  828.000  5.926071e-01 
  829.000  5.987357e-01 
  830.000  6.056301e-01 
  831.000  6.072617e-01 
  832.000  6.080030e-01 
  833.000  6.119984e-01 
  834.000  6.167116e-01 
  835.000  6.260697e-01 
  836.000  6.230710e-01 
  837.000  6.227648e-01 
  838.000  6.273215e-01 
  839.000  6.300936e-01 
  840.000  6.311011e-01 
  841.000  6.281030e-01 
  842.000  6.307999e-01 
  843.000  6.372110e-01 
  844.000  6.401263e-01 
  845.000  6.414860e-01 
  846.000  6.429164e-01 
  847.000  6.444932e-01 
  848.000  6.418933e-01 
  849.000  6.422260e-01 
  850.000  6.409411e-01 
  851.000  6.394114e-01 
  852.000  6.395646e-01 
  853.000  6.420944e-01 
  854.000  6.419600e-01 
  855.000  6.432334e-01 
  856.000  6.457740e-01 
  857.000  6.468751e-01 
  858.000  6.474791e-01 
  859.000  6.487440e-01 
  860.000  6.493639e-01 
  861.000  6.494750e-01 
  862.000  6.498621e-01 
  863.000  6.499146e-01 
  864.000  6.501809e-01 
  865.000  6.503990e-01 
  866.000  6.504587e-01 
  867.000  6.504217e-01 
  868.000  6.504578e-01 
  869.000  6.505319e-01 
  870.000  6.504812e-01 
  871.000  6.505514e-01 
  872.000  6.507197e-01 
  873.000  6.505558e-01 
  874.000  6.504681e-01 
  875.000  6.504490e-01 
  876.000  6.501616e-01 
  877.000  6.500570e-01 
  878.000  6.492603e-01 
  879.000  6.492078e-01 
  880.000  6.485206e-01 
  881.000  6.481141e-01 
  882.000  6.477237e-01 
  883.000  6.481141e-01 
  884.000  6.482714e-01 
  885.000  6.468478e-01 
  886.000  6.449893e-01 
  887.000  6.463836e-01 
  888.000  6.464383e-01 
  889.000  6.467720e-01 
  890.000  6.457310e-01 
  891.000  6.433143e-01 
  892.000  6.382232e-01 
  893.000  6.228327e-01 
  894.000  6.151617e-01 
  895.000  5.920029e-01 
  896.000  5.713436e-01 
  897.000  5.497003e-01 
  898.000  5.396324e-01 
  899.000  5.116619e-01 
  900.000  5.156204e-01 
  901.000  5.084133e-01 
  902.000  5.098187e-01 
  903.000  5.569158e-01 
  904.000  5.861238e-01 
  905.000  5.851121e-01 
  906.000  5.668401e-01 
  907.000  5.348446e-01 
  908.000  5.139731e-01 
  909.000  5.148180e-01 
  910.000  5.179332e-01 
  911.000  5.317652e-01 
  912.000  5.250657e-01 
  913.000  4.961751e-01 
  914.000  5.104271e-01 
  915.000  5.217488e-01 
  916.000  5.248545e-01 
  917.000  5.310665e-01 
  918.000  5.391038e-01 
  919.000  5.665294e-01 
  920.000  5.874878e-01 
  921.000  5.829096e-01 
  922.000  5.825278e-01 
  923.000  5.766867e-01 
  924.000  5.626939e-01 
  925.000  5.614432e-01 
  926.000  5.608638e-01 
  927.000  5.444335e-01 
  928.000  5.193914e-01 
  929.000  4.837444e-01 
  930.000  4.393285e-01 
  931.000  3.909650e-01 
  932.000  3.291689e-01 
  933.000  2.853135e-01 
  934.000  2.421172e-01 
  935.000  2.374580e-01 
  936.000  2.540224e-01 
  937.000  2.499432e-01 
  938.000  2.987313e-01 
  939.000  4.324702e-01 
  940.000  4.533855e-01 
  941.000  4.356338e-01 
  942.000  3.924564e-01 
  943.000  3.227935e-01 
  944.000  3.179220e-01 
  945.000  3.424037e-01 
  946.000  3.439286e-01 
  947.000  3.665114e-01 
  948.000  3.798668e-01 
  949.000  3.783048e-01 
  950.000  3.817871e-01 
  951.000  4.119151e-01 
  952.000  3.800722e-01 
  953.000  4.027031e-01 
  954.000  4.273078e-01 
  955.000  4.077492e-01 
  956.000  4.036984e-01 
  957.000  4.662038e-01 
  958.000  4.746226e-01 
  959.000  4.642777e-01 
  960.000  4.613685e-01 
  961.000  4.562241e-01 
  962.000  4.611171e-01 
  963.000  4.960973e-01 
  964.000  5.012397e-01 
  965.000  4.979826e-01 
  966.000  5.000004e-01 
  967.000  5.253465e-01 
  968.000  5.681618e-01 
  969.000  5.877429e-01 
  970.000  5.888408e-01 
  971.000  5.883855e-01 
  972.000  5.828176e-01 
  973.000  5.700156e-01 
  974.000  5.545186e-01 
  975.000  5.446095e-01 
  976.000  5.567355e-01 
  977.000  5.768884e-01 
  978.000  5.752900e-01 
  979.000  5.805796e-01 
  980.000  6.013200e-01 
  981.000  6.059586e-01 
  982.000  6.013718e-01 
  983.000  6.120861e-01 
  984.000  6.231419e-01 
  985.000  6.294433e-01 
  986.000  6.375859e-01 
  987.000  6.411266e-01 
  988.000  6.419437e-01 
  989.000  6.424658e-01 
  990.000  6.433278e-01 
  991.000  6.463615e-01 
  992.000  6.472213e-01 
  993.000  6.475411e-01 
  994.000  6.502791e-01 
  995.000  6.519982e-01 
  996.000  6.519780e-01 
  997.000  6.508072e-01 
  998.000  6.495479e-01 
  999.000  6.490360e-01 
 1000.000  6.494480e-01 
 1001.000  6.465398e-01 
 1002.000  6.418932e-01 
 1003.000  6.429924e-01 
 1004.000  6.456603e-01 
 1005.000  6.468782e-01 
 1006.000  6.472663e-01 
 1007.000  6.463753e-01 
 1008.000  6.425878e-01 
 1009.000  6.375309e-01 
 1010.000  6.397800e-01 
 1011.000  6.451519e-01 
 1012.000  6.471990e-01 
 1013.000  6.488093e-01 
 1014.000  6.494826e-01 
 1015.000  6.496094e-01 
 1016.000  6.503363e-01 
 1017.000  6.506135e-01 
 1018.000  6.498431e-01 
 1019.000  6.479720e-01 
 1020.000  6.486266e-01 
 1021.000  6.499730e-01 
 1022.000  6.477066e-01 
 1023.000  6.458109e-01 
 1024.000  6.446753e-01 
 1025.000  6.481460e-01 
 1026.000  6.496779e-01 
 1027.000  6.490240e-01 
 1028.000  6.495576e-01 
 1029.000  6.509583e-01 
 1030.000  6.523503e-01 
 1031.000  6.530613e-01 
 1032.000  6.536158e-01 
 1033.000  6.537781e-01 
 1034.000  6.540698e-01 
 1035.000  6.542608e-01 
 1036.000  6.541555e-01 
 1037.000  6.541865e-01 
 1038.000  6.542979e-01 
 1039.000  6.540809e-01 
 1040.000  6.538929e-01 
 1041.000  6.537440e-01 
 1042.000  6.537011e-01 
 1043.000  6.536941e-01 
 1044.000  6.535605e-01 
 1045.000  6.531475e-01 
 1046.000  6.528690e-01 
 1047.000  6.525381e-01 
 1048.000  6.521176e-01 
 1049.000  6.517124e-01 
 1050.000  6.512915e-01 
 1051.000  6.506736e-01 
 1052.000  6.502969e-01 
 1053.000  6.502100e-01 
 1054.000  6.495854e-01 
 1055.000  6.489489e-01 
 1056.000  6.484179e-01 
 1057.000  6.471671e-01 
 1058.000  6.448190e-01 
 1059.000  6.449363e-01 
 1060.000  6.460241e-01 
 1061.000  6.457667e-01 
 1062.000  6.442807e-01 
 1063.000  6.437078e-01 
 1064.000  6.424375e-01 
 1065.000  6.410826e-01 
 1066.000  6.410505e-01 
 1067.000  6.403807e-01 
 1068.000  6.374983e-01 
 1069.000  6.361483e-01 
 1070.000  6.366343e-01 
 1071.000  6.348203e-01 
 1072.000  6.329489e-01 
 1073.000  6.326146e-01 
 1074.000  6.329263e-01 
 1075.000  6.357697e-01 
 1076.000  6.340325e-01 
 1077.000  6.316925e-01 
 1078.000  6.289343e-01 
 1079.000  6.285921e-01 
 1080.000  6.211854e-01 
 1081.000  6.207795e-01 
 1082.000  6.240545e-01 
 1083.000  6.201300e-01 
 1084.000  6.158392e-01 
 1085.000  6.056236e-01 
 1086.000  6.080144e-01 
 1087.000  6.192673e-01 
 1088.000  6.197200e-01 
 1089.000  6.060324e-01 
 1090.000  6.034614e-01 
 1091.000  6.060512e-01 
 1092.000  5.992746e-01 
 1093.000  5.842036e-01 
 1094.000  5.776641e-01 
 1095.000  5.787051e-01 
 1096.000  5.796300e-01 
 1097.000  5.765995e-01 
 1098.000  5.403511e-01 
 1099.000  5.098238e-01 
 1100.000  5.118523e-01 
 1101.000  5.160136e-01 
 1102.000  5.139259e-01 
 1103.000  5.166549e-01 
 1104.000  5.115386e-01 
 1105.000  4.987763e-01 
 1106.000  4.860400e-01 
 1107.000  4.890768e-01 
 1108.000  4.912237e-01 
 1109.000  5.018933e-01 
 1110.000  5.002523e-01 
 1111.000  4.940445e-01 
 1112.000  4.672986e-01 
 1113.000  4.310600e-01 
 1114.000  4.207971e-01 
 1115.000  3.773412e-01 
 1116.000  3.510900e-01 
 1117.000  2.928818e-01 
 1118.000  2.416368e-01 
 1119.000  2.152006e-01 
 1120.000  1.839788e-01 
 1121.000  1.771555e-01 
 1122.000  1.470103e-01 
 1123.000  1.627613e-01 
 1124.000  1.736396e-01 
 1125.000  1.677822e-01 
 1126.000  1.655290e-01 
 1127.000  1.682554e-01 
 1128.000  1.735338e-01 
 1129.000  2.044408e-01 
 1130.000  2.805994e-01 
 1131.000  3.037329e-01 
 1132.000  2.720176e-01 
 1133.000  2.170959e-01 
 1134.000  1.266785e-01 
 1135.000  1.331452e-01 
 1136.000  2.253613e-01 
 1137.000  2.808029e-01 
 1138.000  3.377417e-01 
 1139.000  3.563944e-01 
 1140.000  3.453168e-01 
 1141.000  3.234141e-01 
 1142.000  3.155771e-01 
 1143.000  2.913921e-01 
 1144.000  2.649238e-01 
 1145.000  2.277885e-01 
 1146.000  2.364666e-01 
 1147.000  2.657092e-01 
 1148.000  2.924139e-01 
 1149.000  3.035874e-01 
 1150.000  3.046676e-01 
