  320.000  2.092322e-01 
  321.000  2.545025e-01 
  322.000  2.367664e-01 
  323.000  2.592363e-01 
  324.000  2.817069e-01 
  325.000  2.649704e-01 
  326.000  2.924265e-01 
  327.000  3.000771e-01 
  328.000  2.835475e-01 
  329.000  3.152569e-01 
  330.000  3.202755e-01 
  331.000  3.103434e-01 
  332.000  3.295141e-01 
  333.000  3.350989e-01 
  334.000  3.305136e-01 
  335.000  3.445531e-01 
  336.000  3.502353e-01 
  337.000  3.478409e-01 
  338.000  3.544974e-01 
  339.000  3.613641e-01 
  340.000  3.602359e-01 
  341.000  3.669009e-01 
  342.000  3.717731e-01 
  343.000  3.742196e-01 
  344.000  3.747195e-01 
  345.000  3.813187e-01 
  346.000  3.854837e-01 
  347.000  3.888784e-01 
  348.000  3.920572e-01 
  349.000  3.956265e-01 
  350.000  3.986765e-01 
  351.000  4.017131e-01 
  352.000  4.042035e-01 
  353.000  4.077436e-01 
  354.000  4.107561e-01 
  355.000  4.135585e-01 
  356.000  4.162882e-01 
  357.000  4.187168e-01 
  358.000  4.213291e-01 
  359.000  4.239379e-01 
  360.000  4.266086e-01 
  361.000  4.299811e-01 
  362.000  4.334912e-01 
  363.000  4.367224e-01 
  364.000  4.396947e-01 
  365.000  4.424816e-01 
  366.000  4.453301e-01 
  367.000  4.480410e-01 
  368.000  4.507263e-01 
  369.000  4.533873e-01 
  370.000  4.560197e-01 
  371.000  4.586304e-01 
  372.000  4.612186e-01 
  373.000  4.637838e-01 
  374.000  4.663067e-01 
  375.000  4.687800e-01 
  376.000  4.711682e-01 
  377.000  4.734246e-01 
  378.000  4.755197e-01 
  379.000  4.776478e-01 
  380.000  4.799873e-01 
  381.000  4.826495e-01 
  382.000  4.854070e-01 
  383.000  4.880133e-01 
  384.000  4.904846e-01 
  385.000  4.928647e-01 
  386.000  4.951827e-01 
  387.000  4.974623e-01 
  388.000  4.997118e-01 
  389.000  5.019417e-01 
  390.000  5.041527e-01 
  391.000  5.063401e-01 
  392.000  5.085102e-01 
  393.000  5.106614e-01 
  394.000  5.127916e-01 
  395.000  5.148992e-01 
  396.000  5.169922e-01 
  397.000  5.190598e-01 
  398.000  5.211076e-01 
  399.000  5.231372e-01 
  400.000  5.251376e-01 
  401.000  5.271296e-01 
  402.000  5.291047e-01 
  403.000  5.310619e-01 
  404.000  5.330009e-01 
  405.000  5.349180e-01 
  406.000  5.368213e-01 
  407.000  5.387090e-01 
  408.000  5.405794e-01 
  409.000  5.424306e-01 
  410.000  5.442635e-01 
  411.000  5.460776e-01 
  412.000  5.478715e-01 
  413.000  5.496543e-01 
  414.000  5.513086e-01 
  415.000  5.530975e-01 
  416.000  5.548631e-01 
  417.000  5.565985e-01 
  418.000  5.582935e-01 
  419.000  5.599690e-01 
  420.000  5.616288e-01 
  421.000  5.632782e-01 
  422.000  5.649167e-01 
  423.000  5.665425e-01 
  424.000  5.681486e-01 
  425.000  5.697172e-01 
  426.000  5.712701e-01 
  427.000  5.728088e-01 
  428.000  5.743196e-01 
  429.000  5.758089e-01 
  430.000  5.772803e-01 
  431.000  5.787404e-01 
  432.000  5.801847e-01 
  433.000  5.816149e-01 
  434.000  5.830326e-01 
  435.000  5.844361e-01 
  436.000  5.858234e-01 
  437.000  5.871952e-01 
  438.000  5.885511e-01 
  439.000  5.898961e-01 
  440.000  5.912191e-01 
  441.000  5.925249e-01 
  442.000  5.938098e-01 
  443.000  5.950749e-01 
  444.000  5.963198e-01 
  445.000  5.975376e-01 
  446.000  5.987213e-01 
  447.000  5.999624e-01 
  448.000  6.012927e-01 
  449.000  6.026389e-01 
  450.000  6.039588e-01 
  451.000  6.052268e-01 
  452.000  6.064500e-01 
  453.000  6.076480e-01 
  454.000  6.088240e-01 
  455.000  6.099314e-01 
  456.000  6.109493e-01 
  457.000  6.119672e-01 
  458.000  6.129712e-01 
  459.000  6.139537e-01 
  460.000  6.149282e-01 
  461.000  6.158922e-01 
  462.000  6.168377e-01 
  463.000  6.177788e-01 
  464.000  6.190039e-01 
  465.000  6.202102e-01 
  466.000  6.213950e-01 
  467.000  6.225520e-01 
  468.000  6.234944e-01 
  469.000  6.243058e-01 
  470.000  6.250518e-01 
  471.000  6.257233e-01 
  472.000  6.262934e-01 
  473.000  6.266930e-01 
  474.000  6.270211e-01 
  475.000  6.271054e-01 
  476.000  6.269429e-01 
  477.000  6.269396e-01 
  478.000  6.278887e-01 
  479.000  6.293331e-01 
  480.000  6.308917e-01 
  481.000  6.322894e-01 
  482.000  6.336000e-01 
  483.000  6.347390e-01 
  484.000  6.357177e-01 
  485.000  6.365929e-01 
  486.000  6.375260e-01 
  487.000  6.385081e-01 
  488.000  6.394584e-01 
  489.000  6.403911e-01 
  490.000  6.413125e-01 
  491.000  6.420340e-01 
  492.000  6.426934e-01 
  493.000  6.433494e-01 
  494.000  6.439868e-01 
  495.000  6.446241e-01 
  496.000  6.449524e-01 
  497.000  6.452682e-01 
  498.000  6.455794e-01 
  499.000  6.458738e-01 
  500.000  6.461636e-01 
  501.000  6.464211e-01 
  502.000  6.466787e-01 
  503.000  6.469330e-01 
  504.000  6.471756e-01 
  505.000  6.474049e-01 
  506.000  6.480766e-01 
  507.000  6.487676e-01 
  508.000  6.494575e-01 
  509.000  6.501393e-01 
  510.000  6.508065e-01 
  511.000  6.514046e-01 
  512.000  6.519821e-01 
  513.000  6.525562e-01 
  514.000  6.531231e-01 
  515.000  6.536849e-01 
  516.000  6.540862e-01 
  517.000  6.543435e-01 
  518.000  6.545936e-01 
  519.000  6.548390e-01 
  520.000  6.550820e-01 
  521.000  6.552997e-01 
  522.000  6.554567e-01 
  523.000  6.555699e-01 
  524.000  6.556869e-01 
  525.000  6.557791e-01 
  526.000  6.559084e-01 
  527.000  6.559292e-01 
  528.000  6.559061e-01 
  529.000  6.558817e-01 
  530.000  6.558627e-01 
  531.000  6.558471e-01 
  532.000  6.558821e-01 
  533.000  6.561974e-01 
  534.000  6.565956e-01 
  535.000  6.570450e-01 
  536.000  6.574794e-01 
  537.000  6.578767e-01 
  538.000  6.582320e-01 
  539.000  6.585612e-01 
  540.000  6.588699e-01 
  541.000  6.591696e-01 
  542.000  6.594562e-01 
  543.000  6.597326e-01 
  544.000  6.599416e-01 
  545.000  6.600956e-01 
  546.000  6.602424e-01 
  547.000  6.603935e-01 
  548.000  6.605369e-01 
  549.000  6.606780e-01 
  550.000  6.607465e-01 
  551.000  6.607429e-01 
  552.000  6.607421e-01 
  553.000  6.607264e-01 
  554.000  6.607038e-01 
  555.000  6.606773e-01 
  556.000  6.606235e-01 
  557.000  6.605224e-01 
  558.000  6.604131e-01 
  559.000  6.602911e-01 
  560.000  6.601384e-01 
  561.000  6.599572e-01 
  562.000  6.595790e-01 
  563.000  6.593560e-01 
  564.000  6.590620e-01 
  565.000  6.586137e-01 
  566.000  6.583141e-01 
  567.000  6.573241e-01 
  568.000  6.544077e-01 
  569.000  6.483028e-01 
  570.000  6.491144e-01 
  571.000  6.532457e-01 
  572.000  6.490011e-01 
  573.000  6.499624e-01 
  574.000  6.501420e-01 
  575.000  6.498190e-01 
  576.000  6.500026e-01 
  577.000  6.514645e-01 
  578.000  6.534883e-01 
  579.000  6.552433e-01 
  580.000  6.568726e-01 
  581.000  6.591957e-01 
  582.000  6.607870e-01 
  583.000  6.617879e-01 
  584.000  6.626725e-01 
  585.000  6.633814e-01 
  586.000  6.640497e-01 
  587.000  6.626192e-01 
  588.000  6.544684e-01 
  589.000  6.414781e-01 
  590.000  6.408591e-01 
  591.000  6.500819e-01 
  592.000  6.454716e-01 
  593.000  6.559485e-01 
  594.000  6.538517e-01 
  595.000  6.467803e-01 
  596.000  6.568623e-01 
  597.000  6.543400e-01 
  598.000  6.582896e-01 
  599.000  6.597453e-01 
  600.000  6.632867e-01 
  601.000  6.655481e-01 
  602.000  6.661240e-01 
  603.000  6.672272e-01 
  604.000  6.685128e-01 
  605.000  6.694375e-01 
  606.000  6.701043e-01 
  607.000  6.707483e-01 
  608.000  6.713595e-01 
  609.000  6.719438e-01 
  610.000  6.725479e-01 
  611.000  6.732188e-01 
  612.000  6.738758e-01 
  613.000  6.745123e-01 
  614.000  6.751299e-01 
  615.000  6.757458e-01 
  616.000  6.763391e-01 
  617.000  6.768995e-01 
  618.000  6.773692e-01 
  619.000  6.777666e-01 
  620.000  6.781344e-01 
  621.000  6.784504e-01 
  622.000  6.787145e-01 
  623.000  6.788912e-01 
  624.000  6.790791e-01 
  625.000  6.792357e-01 
  626.000  6.789448e-01 
  627.000  6.754770e-01 
  628.000  6.544490e-01 
  629.000  6.671507e-01 
  630.000  6.702091e-01 
  631.000  6.742719e-01 
  632.000  6.736984e-01 
  633.000  6.788776e-01 
  634.000  6.814643e-01 
  635.000  6.825921e-01 
  636.000  6.842929e-01 
  637.000  6.856803e-01 
  638.000  6.882733e-01 
  639.000  6.892337e-01 
  640.000  6.909814e-01 
  641.000  6.918394e-01 
  642.000  6.931329e-01 
  643.000  6.925651e-01 
  644.000  6.931929e-01 
  645.000  6.920763e-01 
  646.000  6.851677e-01 
  647.000  6.804961e-01 
  648.000  6.752089e-01 
  649.000  6.806766e-01 
  650.000  6.907868e-01 
  651.000  6.911777e-01 
  652.000  6.830106e-01 
  653.000  6.932506e-01 
  654.000  6.925611e-01 
  655.000  6.893666e-01 
  656.000  6.910149e-01 
  657.000  6.933413e-01 
  658.000  6.970953e-01 
  659.000  6.994473e-01 
  660.000  7.006947e-01 
  661.000  7.035314e-01 
  662.000  7.050398e-01 
  663.000  7.051978e-01 
  664.000  7.060345e-01 
  665.000  7.067607e-01 
  666.000  7.076312e-01 
  667.000  7.083932e-01 
  668.000  7.092595e-01 
  669.000  7.098882e-01 
  670.000  7.104481e-01 
  671.000  7.110361e-01 
  672.000  7.115645e-01 
  673.000  7.120835e-01 
  674.000  7.125979e-01 
  675.000  7.131131e-01 
  676.000  7.135966e-01 
  677.000  7.140413e-01 
  678.000  7.144871e-01 
  679.000  7.148542e-01 
  680.000  7.148814e-01 
  681.000  7.148084e-01 
  682.000  7.150905e-01 
  683.000  7.151883e-01 
  684.000  7.147965e-01 
  685.000  7.156841e-01 
  686.000  7.129151e-01 
  687.000  6.174355e-01 
  688.000  6.473783e-01 
  689.000  6.388144e-01 
  690.000  6.544287e-01 
  691.000  6.748690e-01 
  692.000  6.871797e-01 
  693.000  6.823405e-01 
  694.000  6.748888e-01 
  695.000  6.833346e-01 
  696.000  6.882203e-01 
  697.000  7.084418e-01 
  698.000  7.043725e-01 
  699.000  6.863735e-01 
  700.000  6.894349e-01 
  701.000  6.854613e-01 
  702.000  6.884842e-01 
  703.000  7.036731e-01 
  704.000  7.043866e-01 
  705.000  6.982030e-01 
  706.000  6.994749e-01 
  707.000  7.017626e-01 
  708.000  7.042309e-01 
  709.000  7.092249e-01 
  710.000  7.040179e-01 
  711.000  7.094416e-01 
  712.000  7.140672e-01 
  713.000  7.104476e-01 
  714.000  7.092630e-01 
  715.000  7.033429e-01 
  716.000  6.971952e-01 
  717.000  6.579139e-01 
  718.000  6.337943e-01 
  719.000  6.251440e-01 
  720.000  6.120269e-01 
  721.000  6.695771e-01 
  722.000  6.900862e-01 
  723.000  6.785473e-01 
  724.000  6.457125e-01 
  725.000  6.506093e-01 
  726.000  6.490839e-01 
  727.000  6.537542e-01 
  728.000  6.486908e-01 
  729.000  6.612935e-01 
  730.000  6.591119e-01 
  731.000  6.564741e-01 
  732.000  6.777418e-01 
  733.000  6.981152e-01 
  734.000  7.079303e-01 
  735.000  7.044803e-01 
  736.000  6.980378e-01 
  737.000  7.029166e-01 
  738.000  7.096179e-01 
  739.000  7.125083e-01 
  740.000  7.189070e-01 
  741.000  7.226081e-01 
  742.000  7.241689e-01 
  743.000  7.275885e-01 
  744.000  7.290670e-01 
  745.000  7.302651e-01 
  746.000  7.312098e-01 
  747.000  7.314655e-01 
  748.000  7.323194e-01 
  749.000  7.327809e-01 
  750.000  7.325411e-01 
  751.000  7.327257e-01 
  752.000  7.335362e-01 
  753.000  7.338783e-01 
  754.000  7.341513e-01 
  755.000  7.343348e-01 
  756.000  7.345262e-01 
  757.000  7.346591e-01 
  758.000  7.334378e-01 
  759.000  6.822104e-01 
  760.000  3.059106e-01 
  761.000  2.710207e-01 
  762.000  4.868523e-01 
  763.000  4.191864e-01 
  764.000  4.526345e-01 
  765.000  5.289512e-01 
  766.000  6.216263e-01 
  767.000  6.686095e-01 
  768.000  6.994108e-01 
  769.000  7.197718e-01 
  770.000  7.305944e-01 
  771.000  7.358154e-01 
  772.000  7.370991e-01 
  773.000  7.376792e-01 
  774.000  7.383977e-01 
  775.000  7.388197e-01 
  776.000  7.391226e-01 
  777.000  7.392128e-01 
  778.000  7.392039e-01 
  779.000  7.391836e-01 
  780.000  7.391604e-01 
  781.000  7.395145e-01 
  782.000  7.394806e-01 
  783.000  7.394583e-01 
  784.000  7.391889e-01 
  785.000  7.377887e-01 
  786.000  7.356830e-01 
  787.000  7.308428e-01 
  788.000  7.283048e-01 
  789.000  7.192177e-01 
  790.000  7.184454e-01 
  791.000  7.201714e-01 
  792.000  7.217667e-01 
  793.000  7.254759e-01 
  794.000  7.333369e-01 
  795.000  7.285438e-01 
  796.000  7.157735e-01 
  797.000  7.194328e-01 
  798.000  7.275120e-01 
  799.000  7.256759e-01 
  800.000  7.198064e-01 
  801.000  7.205127e-01 
  802.000  7.199252e-01 
  803.000  7.207906e-01 
  804.000  7.235582e-01 
  805.000  7.288564e-01 
  806.000  7.320211e-01 
  807.000  7.321671e-01 
  808.000  7.303817e-01 
  809.000  7.281865e-01 
  810.000  7.257818e-01 
  811.000  7.208422e-01 
  812.000  7.141959e-01 
  813.000  7.060574e-01 
  814.000  6.953261e-01 
  815.000  6.819918e-01 
  816.000  6.648996e-01 
  817.000  6.658551e-01 
  818.000  6.672509e-01 
  819.000  6.728839e-01 
  820.000  6.917238e-01 
  821.000  7.132678e-01 
  822.000  6.968848e-01 
  823.000  6.512964e-01 
  824.000  6.897084e-01 
  825.000  7.144811e-01 
  826.000  7.102516e-01 
  827.000  7.071227e-01 
  828.000  6.908181e-01 
  829.000  6.966915e-01 
  830.000  7.032754e-01 
  831.000  7.048241e-01 
  832.000  7.055052e-01 
  833.000  7.093047e-01 
  834.000  7.137787e-01 
  835.000  7.226560e-01 
  836.000  7.198034e-01 
  837.000  7.195036e-01 
  838.000  7.238289e-01 
  839.000  7.264547e-01 
  840.000  7.274112e-01 
  841.000  7.245690e-01 
  842.000  7.271268e-01 
  843.000  7.331990e-01 
  844.000  7.359548e-01 
  845.000  7.372414e-01 
  846.000  7.385944e-01 
  847.000  7.400866e-01 
  848.000  7.376344e-01 
  849.000  7.379533e-01 
  850.000  7.367437e-01 
  851.000  7.353012e-01 
  852.000  7.354494e-01 
  853.000  7.378437e-01 
  854.000  7.377179e-01 
  855.000  7.389231e-01 
  856.000  7.413207e-01 
  857.000  7.424060e-01 
  858.000  7.429377e-01 
  859.000  7.441383e-01 
  860.000  7.447600e-01 
  861.000  7.448651e-01 
  862.000  7.452163e-01 
  863.000  7.452692e-01 
  864.000  7.455127e-01 
  865.000  7.457132e-01 
  866.000  7.457724e-01 
  867.000  7.457451e-01 
  868.000  7.457832e-01 
  869.000  7.458553e-01 
  870.000  7.458157e-01 
  871.000  7.458842e-01 
  872.000  7.460407e-01 
  873.000  7.458997e-01 
  874.000  7.458267e-01 
  875.000  7.458153e-01 
  876.000  7.455636e-01 
  877.000  7.454394e-01 
  878.000  7.446722e-01 
  879.000  7.446631e-01 
  880.000  7.439727e-01 
  881.000  7.436337e-01 
  882.000  7.432722e-01 
  883.000  7.436416e-01 
  884.000  7.437929e-01 
  885.000  7.424418e-01 
  886.000  7.406355e-01 
  887.000  7.420136e-01 
  888.000  7.419304e-01 
  889.000  7.423950e-01 
  890.000  7.413714e-01 
  891.000  7.390881e-01 
  892.000  7.342728e-01 
  893.000  7.196365e-01 
  894.000  7.123488e-01 
  895.000  6.901339e-01 
  896.000  6.702462e-01 
  897.000  6.493114e-01 
  898.000  6.395332e-01 
  899.000  6.120074e-01 
  900.000  6.159691e-01 
  901.000  6.088237e-01 
  902.000  6.101511e-01 
  903.000  6.564243e-01 
  904.000  6.847674e-01 
  905.000  6.837454e-01 
  906.000  6.660232e-01 
  907.000  6.347598e-01 
  908.000  6.142058e-01 
  909.000  6.150733e-01 
  910.000  6.181651e-01 
  911.000  6.318088e-01 
  912.000  6.252027e-01 
  913.000  5.965545e-01 
  914.000  6.107101e-01 
  915.000  6.218818e-01 
  916.000  6.249160e-01 
  917.000  6.309951e-01 
  918.000  6.388558e-01 
  919.000  6.656185e-01 
  920.000  6.858858e-01 
  921.000  6.814268e-01 
  922.000  6.810479e-01 
  923.000  6.753931e-01 
  924.000  6.618140e-01 
  925.000  6.606697e-01 
  926.000  6.602946e-01 
  927.000  6.444291e-01 
  928.000  6.200764e-01 
  929.000  5.850353e-01 
  930.000  5.406907e-01 
  931.000  4.914387e-01 
  932.000  4.273949e-01 
  933.000  3.801628e-01 
  934.000  3.321199e-01 
  935.000  3.269921e-01 
  936.000  3.458672e-01 
  937.000  3.410912e-01 
  938.000  3.947437e-01 
  939.000  5.355994e-01 
  940.000  5.567642e-01 
  941.000  5.385542e-01 
  942.000  4.939732e-01 
  943.000  4.202611e-01 
  944.000  4.151118e-01 
  945.000  4.415019e-01 
  946.000  4.430053e-01 
  947.000  4.667042e-01 
  948.000  4.806231e-01 
  949.000  4.788375e-01 
  950.000  4.824121e-01 
  951.000  5.136054e-01 
  952.000  4.803343e-01 
  953.000  5.037191e-01 
  954.000  5.288589e-01 
  955.000  5.085512e-01 
  956.000  5.040573e-01 
  957.000  5.676757e-01 
  958.000  5.759616e-01 
  959.000  5.653920e-01 
  960.000  5.623368e-01 
  961.000  5.570450e-01 
  962.000  5.618989e-01 
  963.000  5.969035e-01 
  964.000  6.019473e-01 
  965.000  5.986170e-01 
  966.000  6.005340e-01 
  967.000  6.255580e-01 
  968.000  6.673871e-01 
  969.000  6.863024e-01 
  970.000  6.873247e-01 
  971.000  6.868744e-01 
  972.000  6.815011e-01 
  973.000  6.690967e-01 
  974.000  6.539968e-01 
  975.000  6.442976e-01 
  976.000  6.561552e-01 
  977.000  6.757551e-01 
  978.000  6.741672e-01 
  979.000  6.792514e-01 
  980.000  6.992550e-01 
  981.000  7.036898e-01 
  982.000  6.992384e-01 
  983.000  7.095098e-01 
  984.000  7.200837e-01 
  985.000  7.260906e-01 
  986.000  7.338425e-01 
  987.000  7.371992e-01 
  988.000  7.379656e-01 
  989.000  7.384545e-01 
  990.000  7.392705e-01 
  991.000  7.421525e-01 
  992.000  7.429692e-01 
  993.000  7.432727e-01 
  994.000  7.457830e-01 
  995.000  7.475587e-01 
  996.000  7.475414e-01 
  997.000  7.464243e-01 
  998.000  7.451859e-01 
  999.000  7.447017e-01 
 1000.000  7.450961e-01 
 1001.000  7.423330e-01 
 1002.000  7.379127e-01 
 1003.000  7.389613e-01 
 1004.000  7.415024e-01 
 1005.000  7.426628e-01 
 1006.000  7.430316e-01 
 1007.000  7.421865e-01 
 1008.000  7.385828e-01 
 1009.000  7.337644e-01 
 1010.000  7.359087e-01 
 1011.000  7.410238e-01 
 1012.000  7.429706e-01 
 1013.000  7.445000e-01 
 1014.000  7.451385e-01 
 1015.000  7.452576e-01 
 1016.000  7.458506e-01 
 1017.000  7.462586e-01 
 1018.000  7.454787e-01 
 1019.000  7.437001e-01 
 1020.000  7.443224e-01 
 1021.000  7.456026e-01 
 1022.000  7.434471e-01 
 1023.000  7.416423e-01 
 1024.000  7.405599e-01 
 1025.000  7.438601e-01 
 1026.000  7.453136e-01 
 1027.000  7.446893e-01 
 1028.000  7.451923e-01 
 1029.000  7.465617e-01 
 1030.000  7.478821e-01 
 1031.000  7.485580e-01 
 1032.000  7.490811e-01 
 1033.000  7.492238e-01 
 1034.000  7.495067e-01 
 1035.000  7.496613e-01 
 1036.000  7.495384e-01 
 1037.000  7.495422e-01 
 1038.000  7.496391e-01 
 1039.000  7.494375e-01 
 1040.000  7.492564e-01 
 1041.000  7.491125e-01 
 1042.000  7.490667e-01 
 1043.000  7.490508e-01 
 1044.000  7.489159e-01 
 1045.000  7.485266e-01 
 1046.000  7.482594e-01 
 1047.000  7.479374e-01 
 1048.000  7.475026e-01 
 1049.000  7.470621e-01 
 1050.000  7.466330e-01 
 1051.000  7.460731e-01 
 1052.000  7.456714e-01 
 1053.000  7.455769e-01 
 1054.000  7.450030e-01 
 1055.000  7.443940e-01 
 1056.000  7.438694e-01 
 1057.000  7.426094e-01 
 1058.000  7.403869e-01 
 1059.000  7.404327e-01 
 1060.000  7.414995e-01 
 1061.000  7.411918e-01 
 1062.000  7.397786e-01 
 1063.000  7.391723e-01 
 1064.000  7.379146e-01 
 1065.000  7.364877e-01 
 1066.000  7.365892e-01 
 1067.000  7.358835e-01 
 1068.000  7.331451e-01 
 1069.000  7.319596e-01 
 1070.000  7.324916e-01 
 1071.000  7.308186e-01 
 1072.000  7.290668e-01 
 1073.000  7.287853e-01 
 1074.000  7.291169e-01 
 1075.000  7.318670e-01 
 1076.000  7.302411e-01 
 1077.000  7.280358e-01 
 1078.000  7.254286e-01 
 1079.000  7.251308e-01 
 1080.000  7.180623e-01 
 1081.000  7.176942e-01 
 1082.000  7.208539e-01 
 1083.000  7.171229e-01 
 1084.000  7.130290e-01 
 1085.000  7.032212e-01 
 1086.000  7.055482e-01 
 1087.000  7.163897e-01 
 1088.000  7.168335e-01 
 1089.000  7.037011e-01 
 1090.000  7.012503e-01 
 1091.000  7.037727e-01 
 1092.000  6.972738e-01 
 1093.000  6.827249e-01 
 1094.000  6.763945e-01 
 1095.000  6.774331e-01 
 1096.000  6.783825e-01 
 1097.000  6.754947e-01 
 1098.000  6.401259e-01 
 1099.000  6.100317e-01 
 1100.000  6.120731e-01 
 1101.000  6.162347e-01 
 1102.000  6.142341e-01 
 1103.000  6.170009e-01 
 1104.000  6.119946e-01 
 1105.000  5.993825e-01 
 1106.000  5.866597e-01 
 1107.000  5.898220e-01 
 1108.000  5.921426e-01 
 1109.000  6.030257e-01 
 1110.000  6.017013e-01 
 1111.000  5.956733e-01 
 1112.000  5.690404e-01 
 1113.000  5.327396e-01 
 1114.000  5.229120e-01 
 1115.000  4.785731e-01 
 1116.000  4.512668e-01 
 1117.000  3.886878e-01 
 1118.000  3.321871e-01 
 1119.000  3.025983e-01 
 1120.000  2.663483e-01 
 1121.000  2.583776e-01 
 1122.000  2.215755e-01 
 1123.000  2.414318e-01 
 1124.000  2.549179e-01 
 1125.000  2.477974e-01 
 1126.000  2.449702e-01 
 1127.000  2.481128e-01 
 1128.000  2.542166e-01 
 1129.000  2.909367e-01 
 1130.000  3.783567e-01 
 1131.000  4.040527e-01 
 1132.000  3.689145e-01 
 1133.000  3.057560e-01 
 1134.000  1.953808e-01 
 1135.000  2.035523e-01 
 1136.000  3.149171e-01 
 1137.000  3.778095e-01 
 1138.000  4.397399e-01 
 1139.000  4.588335e-01 
 1140.000  4.469657e-01 
 1141.000  4.229705e-01 
 1142.000  4.145145e-01 
 1143.000  3.881193e-01 
 1144.000  3.586341e-01 
 1145.000  3.164473e-01 
 1146.000  3.263697e-01 
 1147.000  3.594213e-01 
 1148.000  3.890386e-01 
 1149.000  4.011033e-01 
 1150.000  4.018030e-01 
