  320.000  1.401130e-01 
  321.000  1.766070e-01 
  322.000  1.621556e-01 
  323.000  1.804958e-01 
  324.000  1.991281e-01 
  325.000  1.852235e-01 
  326.000  2.081137e-01 
  327.000  2.145637e-01 
  328.000  2.006667e-01 
  329.000  2.274493e-01 
  330.000  2.317346e-01 
  331.000  2.232658e-01 
  332.000  2.396551e-01 
  333.000  2.444627e-01 
  334.000  2.405144e-01 
  335.000  2.526346e-01 
  336.000  2.575657e-01 
  337.000  2.554860e-01 
  338.000  2.612742e-01 
  339.000  2.672657e-01 
  340.000  2.662799e-01 
  341.000  2.721120e-01 
  342.000  2.763877e-01 
  343.000  2.785384e-01 
  344.000  2.789781e-01 
  345.000  2.847938e-01 
  346.000  2.884738e-01 
  347.000  2.914784e-01 
  348.000  2.942963e-01 
  349.000  2.974654e-01 
  350.000  3.001774e-01 
  351.000  3.028814e-01 
  352.000  3.051018e-01 
  353.000  3.082623e-01 
  354.000  3.109557e-01 
  355.000  3.134645e-01 
  356.000  3.159112e-01 
  357.000  3.180904e-01 
  358.000  3.204370e-01 
  359.000  3.227831e-01 
  360.000  3.251877e-01 
  361.000  3.282281e-01 
  362.000  3.313970e-01 
  363.000  3.343183e-01 
  364.000  3.370090e-01 
  365.000  3.395349e-01 
  366.000  3.421196e-01 
  367.000  3.445823e-01 
  368.000  3.470243e-01 
  369.000  3.494468e-01 
  370.000  3.518459e-01 
  371.000  3.542277e-01 
  372.000  3.565914e-01 
  373.000  3.589365e-01 
  374.000  3.612452e-01 
  375.000  3.635106e-01 
  376.000  3.657003e-01 
  377.000  3.677710e-01 
  378.000  3.696952e-01 
  379.000  3.716512e-01 
  380.000  3.738036e-01 
  381.000  3.762550e-01 
  382.000  3.787968e-01 
  383.000  3.812017e-01 
  384.000  3.834841e-01 
  385.000  3.856843e-01 
  386.000  3.878289e-01 
  387.000  3.899398e-01 
  388.000  3.920245e-01 
  389.000  3.940928e-01 
  390.000  3.961452e-01 
  391.000  3.981772e-01 
  392.000  4.001948e-01 
  393.000  4.021964e-01 
  394.000  4.041800e-01 
  395.000  4.061439e-01 
  396.000  4.080957e-01 
  397.000  4.100253e-01 
  398.000  4.119377e-01 
  399.000  4.138344e-01 
  400.000  4.157054e-01 
  401.000  4.175695e-01 
  402.000  4.194192e-01 
  403.000  4.212534e-01 
  404.000  4.230718e-01 
  405.000  4.248706e-01 
  406.000  4.266579e-01 
  407.000  4.284315e-01 
  408.000  4.301901e-01 
  409.000  4.319317e-01 
  410.000  4.336571e-01 
  411.000  4.353658e-01 
  412.000  4.370565e-01 
  413.000  4.387378e-01 
  414.000  4.402988e-01 
  415.000  4.419878e-01 
  416.000  4.436557e-01 
  417.000  4.452960e-01 
  418.000  4.468990e-01 
  419.000  4.484846e-01 
  420.000  4.500561e-01 
  421.000  4.516185e-01 
  422.000  4.531715e-01 
  423.000  4.547132e-01 
  424.000  4.562370e-01 
  425.000  4.577261e-01 
  426.000  4.592009e-01 
  427.000  4.606630e-01 
  428.000  4.620993e-01 
  429.000  4.635157e-01 
  430.000  4.649159e-01 
  431.000  4.663059e-01 
  432.000  4.676815e-01 
  433.000  4.690443e-01 
  434.000  4.703958e-01 
  435.000  4.717343e-01 
  436.000  4.730580e-01 
  437.000  4.743674e-01 
  438.000  4.756622e-01 
  439.000  4.769472e-01 
  440.000  4.782116e-01 
  441.000  4.794601e-01 
  442.000  4.806890e-01 
  443.000  4.818996e-01 
  444.000  4.830912e-01 
  445.000  4.842574e-01 
  446.000  4.853913e-01 
  447.000  4.865806e-01 
  448.000  4.878560e-01 
  449.000  4.891471e-01 
  450.000  4.904134e-01 
  451.000  4.916304e-01 
  452.000  4.928050e-01 
  453.000  4.939556e-01 
  454.000  4.950856e-01 
  455.000  4.961501e-01 
  456.000  4.971288e-01 
  457.000  4.981078e-01 
  458.000  4.990737e-01 
  459.000  5.000193e-01 
  460.000  5.009574e-01 
  461.000  5.018856e-01 
  462.000  5.027962e-01 
  463.000  5.037031e-01 
  464.000  5.048836e-01 
  465.000  5.060467e-01 
  466.000  5.071893e-01 
  467.000  5.083057e-01 
  468.000  5.092151e-01 
  469.000  5.099983e-01 
  470.000  5.107186e-01 
  471.000  5.113671e-01 
  472.000  5.119178e-01 
  473.000  5.123038e-01 
  474.000  5.126208e-01 
  475.000  5.127022e-01 
  476.000  5.125453e-01 
  477.000  5.125421e-01 
  478.000  5.134592e-01 
  479.000  5.148554e-01 
  480.000  5.163627e-01 
  481.000  5.177149e-01 
  482.000  5.189834e-01 
  483.000  5.200862e-01 
  484.000  5.210341e-01 
  485.000  5.218818e-01 
  486.000  5.227860e-01 
  487.000  5.237378e-01 
  488.000  5.246593e-01 
  489.000  5.255637e-01 
  490.000  5.264576e-01 
  491.000  5.271576e-01 
  492.000  5.277975e-01 
  493.000  5.284342e-01 
  494.000  5.290530e-01 
  495.000  5.296718e-01 
  496.000  5.299906e-01 
  497.000  5.302974e-01 
  498.000  5.305997e-01 
  499.000  5.308856e-01 
  500.000  5.311671e-01 
  501.000  5.314173e-01 
  502.000  5.316675e-01 
  503.000  5.319147e-01 
  504.000  5.321504e-01 
  505.000  5.323732e-01 
  506.000  5.330260e-01 
  507.000  5.336978e-01 
  508.000  5.343686e-01 
  509.000  5.350317e-01 
  510.000  5.356807e-01 
  511.000  5.362625e-01 
  512.000  5.368244e-01 
  513.000  5.373831e-01 
  514.000  5.379348e-01 
  515.000  5.384817e-01 
  516.000  5.388724e-01 
  517.000  5.391229e-01 
  518.000  5.393665e-01 
  519.000  5.396055e-01 
  520.000  5.398422e-01 
  521.000  5.400542e-01 
  522.000  5.402071e-01 
  523.000  5.403174e-01 
  524.000  5.404313e-01 
  525.000  5.405211e-01 
  526.000  5.406471e-01 
  527.000  5.406674e-01 
  528.000  5.406448e-01 
  529.000  5.406210e-01 
  530.000  5.406026e-01 
  531.000  5.405874e-01 
  532.000  5.406214e-01 
  533.000  5.409286e-01 
  534.000  5.413166e-01 
  535.000  5.417544e-01 
  536.000  5.421778e-01 
  537.000  5.425650e-01 
  538.000  5.429113e-01 
  539.000  5.432322e-01 
  540.000  5.435331e-01 
  541.000  5.438253e-01 
  542.000  5.441048e-01 
  543.000  5.443743e-01 
  544.000  5.445781e-01 
  545.000  5.447283e-01 
  546.000  5.448716e-01 
  547.000  5.450189e-01 
  548.000  5.451587e-01 
  549.000  5.452964e-01 
  550.000  5.453632e-01 
  551.000  5.453597e-01 
  552.000  5.453589e-01 
  553.000  5.453436e-01 
  554.000  5.453216e-01 
  555.000  5.452957e-01 
  556.000  5.452432e-01 
  557.000  5.451446e-01 
  558.000  5.450380e-01 
  559.000  5.449190e-01 
  560.000  5.447700e-01 
  561.000  5.445933e-01 
  562.000  5.442182e-01 
  563.000  5.440002e-01 
  564.000  5.437120e-01 
  565.000  5.432706e-01 
  566.000  5.429813e-01 
  567.000  5.419965e-01 
  568.000  5.392119e-01 
  569.000  5.334284e-01 
  570.000  5.341905e-01 
  571.000  5.380771e-01 
  572.000  5.340604e-01 
  573.000  5.349630e-01 
  574.000  5.351250e-01 
  575.000  5.348126e-01 
  576.000  5.349911e-01 
  577.000  5.363488e-01 
  578.000  5.382930e-01 
  579.000  5.399893e-01 
  580.000  5.415762e-01 
  581.000  5.438320e-01 
  582.000  5.453833e-01 
  583.000  5.463685e-01 
  584.000  5.472292e-01 
  585.000  5.479373e-01 
  586.000  5.485895e-01 
  587.000  5.472804e-01 
  588.000  5.395140e-01 
  589.000  5.271557e-01 
  590.000  5.265747e-01 
  591.000  5.353543e-01 
  592.000  5.309761e-01 
  593.000  5.409598e-01 
  594.000  5.389669e-01 
  595.000  5.322406e-01 
  596.000  5.418440e-01 
  597.000  5.394347e-01 
  598.000  5.431956e-01 
  599.000  5.445805e-01 
  600.000  5.479561e-01 
  601.000  5.500743e-01 
  602.000  5.506153e-01 
  603.000  5.516807e-01 
  604.000  5.529295e-01 
  605.000  5.538445e-01 
  606.000  5.544994e-01 
  607.000  5.551319e-01 
  608.000  5.557303e-01 
  609.000  5.563022e-01 
  610.000  5.568933e-01 
  611.000  5.575500e-01 
  612.000  5.581931e-01 
  613.000  5.588162e-01 
  614.000  5.594210e-01 
  615.000  5.600242e-01 
  616.000  5.606053e-01 
  617.000  5.611543e-01 
  618.000  5.616145e-01 
  619.000  5.620039e-01 
  620.000  5.623644e-01 
  621.000  5.626741e-01 
  622.000  5.629330e-01 
  623.000  5.631061e-01 
  624.000  5.632903e-01 
  625.000  5.634437e-01 
  626.000  5.631422e-01 
  627.000  5.598863e-01 
  628.000  5.408156e-01 
  629.000  5.522835e-01 
  630.000  5.552391e-01 
  631.000  5.589809e-01 
  632.000  5.583310e-01 
  633.000  5.633132e-01 
  634.000  5.656675e-01 
  635.000  5.667691e-01 
  636.000  5.684331e-01 
  637.000  5.697946e-01 
  638.000  5.723033e-01 
  639.000  5.732909e-01 
  640.000  5.749525e-01 
  641.000  5.758101e-01 
  642.000  5.770712e-01 
  643.000  5.765405e-01 
  644.000  5.771579e-01 
  645.000  5.761505e-01 
  646.000  5.695269e-01 
  647.000  5.650566e-01 
  648.000  5.600029e-01 
  649.000  5.652566e-01 
  650.000  5.749767e-01 
  651.000  5.753654e-01 
  652.000  5.675368e-01 
  653.000  5.773845e-01 
  654.000  5.767354e-01 
  655.000  5.736774e-01 
  656.000  5.752739e-01 
  657.000  5.775238e-01 
  658.000  5.811490e-01 
  659.000  5.834270e-01 
  660.000  5.846421e-01 
  661.000  5.873442e-01 
  662.000  5.888172e-01 
  663.000  5.889707e-01 
  664.000  5.897991e-01 
  665.000  5.905016e-01 
  666.000  5.913580e-01 
  667.000  5.921192e-01 
  668.000  5.929871e-01 
  669.000  5.936120e-01 
  670.000  5.941665e-01 
  671.000  5.947500e-01 
  672.000  5.952727e-01 
  673.000  5.957859e-01 
  674.000  5.962945e-01 
  675.000  5.968040e-01 
  676.000  5.972819e-01 
  677.000  5.977216e-01 
  678.000  5.981625e-01 
  679.000  5.985231e-01 
  680.000  5.985362e-01 
  681.000  5.984622e-01 
  682.000  5.987568e-01 
  683.000  5.988526e-01 
  684.000  5.984892e-01 
  685.000  5.993637e-01 
  686.000  5.968235e-01 
  687.000  5.097259e-01 
  688.000  5.369850e-01 
  689.000  5.291755e-01 
  690.000  5.434380e-01 
  691.000  5.620438e-01 
  692.000  5.731207e-01 
  693.000  5.680843e-01 
  694.000  5.607364e-01 
  695.000  5.686707e-01 
  696.000  5.732947e-01 
  697.000  5.925912e-01 
  698.000  5.887048e-01 
  699.000  5.715382e-01 
  700.000  5.744585e-01 
  701.000  5.706835e-01 
  702.000  5.735738e-01 
  703.000  5.880804e-01 
  704.000  5.887764e-01 
  705.000  5.828821e-01 
  706.000  5.841071e-01 
  707.000  5.863023e-01 
  708.000  5.886716e-01 
  709.000  5.934569e-01 
  710.000  5.884858e-01 
  711.000  5.936811e-01 
  712.000  5.981166e-01 
  713.000  5.946558e-01 
  714.000  5.935223e-01 
  715.000  5.878529e-01 
  716.000  5.819505e-01 
  717.000  5.445592e-01 
  718.000  5.217362e-01 
  719.000  5.135717e-01 
  720.000  5.012902e-01 
  721.000  5.556006e-01 
  722.000  5.751308e-01 
  723.000  5.641546e-01 
  724.000  5.330375e-01 
  725.000  5.376567e-01 
  726.000  5.362285e-01 
  727.000  5.406572e-01 
  728.000  5.358859e-01 
  729.000  5.478279e-01 
  730.000  5.457880e-01 
  731.000  5.433195e-01 
  732.000  5.635106e-01 
  733.000  5.829549e-01 
  734.000  5.923629e-01 
  735.000  5.890779e-01 
  736.000  5.829313e-01 
  737.000  5.876015e-01 
  738.000  5.940197e-01 
  739.000  5.967964e-01 
  740.000  6.029386e-01 
  741.000  6.064979e-01 
  742.000  6.080039e-01 
  743.000  6.112942e-01 
  744.000  6.126689e-01 
  745.000  6.138234e-01 
  746.000  6.147391e-01 
  747.000  6.149938e-01 
  748.000  6.158230e-01 
  749.000  6.162906e-01 
  750.000  6.160381e-01 
  751.000  6.162214e-01 
  752.000  6.170478e-01 
  753.000  6.173930e-01 
  754.000  6.176674e-01 
  755.000  6.178497e-01 
  756.000  6.180403e-01 
  757.000  6.181725e-01 
  758.000  6.169972e-01 
  759.000  5.698999e-01 
  760.000  2.361601e-01 
  761.000  2.067516e-01 
  762.000  3.934489e-01 
  763.000  3.338202e-01 
  764.000  3.631984e-01 
  765.000  4.310036e-01 
  766.000  5.146412e-01 
  767.000  5.575342e-01 
  768.000  5.858222e-01 
  769.000  6.045948e-01 
  770.000  6.146988e-01 
  771.000  6.194718e-01 
  772.000  6.206677e-01 
  773.000  6.212040e-01 
  774.000  6.218889e-01 
  775.000  6.223093e-01 
  776.000  6.226116e-01 
  777.000  6.226990e-01 
  778.000  6.226857e-01 
  779.000  6.226617e-01 
  780.000  6.226349e-01 
  781.000  6.229959e-01 
  782.000  6.229581e-01 
  783.000  6.229321e-01 
  784.000  6.226524e-01 
  785.000  6.213100e-01 
  786.000  6.193544e-01 
  787.000  6.147207e-01 
  788.000  6.122922e-01 
  789.000  6.036081e-01 
  790.000  6.028710e-01 
  791.000  6.045215e-01 
  792.000  6.060496e-01 
  793.000  6.095995e-01 
  794.000  6.171242e-01 
  795.000  6.125395e-01 
  796.000  6.003413e-01 
  797.000  6.038367e-01 
  798.000  6.115608e-01 
  799.000  6.098087e-01 
  800.000  6.042027e-01 
  801.000  6.048799e-01 
  802.000  6.043217e-01 
  803.000  6.051519e-01 
  804.000  6.078014e-01 
  805.000  6.128716e-01 
  806.000  6.159046e-01 
  807.000  6.160476e-01 
  808.000  6.143404e-01 
  809.000  6.122403e-01 
  810.000  6.099378e-01 
  811.000  6.052116e-01 
  812.000  5.988541e-01 
  813.000  5.910801e-01 
  814.000  5.808470e-01 
  815.000  5.681518e-01 
  816.000  5.519683e-01 
  817.000  5.528554e-01 
  818.000  5.541741e-01 
  819.000  5.595184e-01 
  820.000  5.773954e-01 
  821.000  5.979045e-01 
  822.000  5.823067e-01 
  823.000  5.391735e-01 
  824.000  5.755013e-01 
  825.000  5.990863e-01 
  826.000  5.950772e-01 
  827.000  5.920978e-01 
  828.000  5.765881e-01 
  829.000  5.821707e-01 
  830.000  5.884415e-01 
  831.000  5.899256e-01 
  832.000  5.905942e-01 
  833.000  5.942249e-01 
  834.000  5.985040e-01 
  835.000  6.069943e-01 
  836.000  6.042768e-01 
  837.000  6.040002e-01 
  838.000  6.081377e-01 
  839.000  6.106548e-01 
  840.000  6.115731e-01 
  841.000  6.088594e-01 
  842.000  6.113093e-01 
  843.000  6.171244e-01 
  844.000  6.197692e-01 
  845.000  6.210056e-01 
  846.000  6.223058e-01 
  847.000  6.237390e-01 
  848.000  6.213905e-01 
  849.000  6.216977e-01 
  850.000  6.205401e-01 
  851.000  6.191601e-01 
  852.000  6.193042e-01 
  853.000  6.216009e-01 
  854.000  6.214838e-01 
  855.000  6.226420e-01 
  856.000  6.249389e-01 
  857.000  6.259388e-01 
  858.000  6.264390e-01 
  859.000  6.276414e-01 
  860.000  6.282071e-01 
  861.000  6.283135e-01 
  862.000  6.286731e-01 
  863.000  6.287258e-01 
  864.000  6.289746e-01 
  865.000  6.291792e-01 
  866.000  6.292384e-01 
  867.000  6.292086e-01 
  868.000  6.292461e-01 
  869.000  6.293186e-01 
  870.000  6.292762e-01 
  871.000  6.293450e-01 
  872.000  6.295042e-01 
  873.000  6.293576e-01 
  874.000  6.292809e-01 
  875.000  6.292677e-01 
  876.000  6.290073e-01 
  877.000  6.288779e-01 
  878.000  6.282005e-01 
  879.000  6.281572e-01 
  880.000  6.275391e-01 
  881.000  6.271735e-01 
  882.000  6.268225e-01 
  883.000  6.271828e-01 
  884.000  6.273309e-01 
  885.000  6.260447e-01 
  886.000  6.243727e-01 
  887.000  6.256322e-01 
  888.000  6.255521e-01 
  889.000  6.259985e-01 
  890.000  6.250716e-01 
  891.000  6.228867e-01 
  892.000  6.182780e-01 
  893.000  6.043105e-01 
  894.000  5.973532e-01 
  895.000  5.762669e-01 
  896.000  5.574332e-01 
  897.000  5.376682e-01 
  898.000  5.284619e-01 
  899.000  5.027544e-01 
  900.000  5.064192e-01 
  901.000  4.997795e-01 
  902.000  5.010545e-01 
  903.000  5.443252e-01 
  904.000  5.710411e-01 
  905.000  5.701043e-01 
  906.000  5.533987e-01 
  907.000  5.240653e-01 
  908.000  5.048768e-01 
  909.000  5.056687e-01 
  910.000  5.085440e-01 
  911.000  5.212729e-01 
  912.000  5.151122e-01 
  913.000  4.884820e-01 
  914.000  5.016303e-01 
  915.000  5.120507e-01 
  916.000  5.149004e-01 
  917.000  5.206015e-01 
  918.000  5.279759e-01 
  919.000  5.531138e-01 
  920.000  5.722622e-01 
  921.000  5.680715e-01 
  922.000  5.677226e-01 
  923.000  5.623880e-01 
  924.000  5.495927e-01 
  925.000  5.484773e-01 
  926.000  5.480177e-01 
  927.000  5.330213e-01 
  928.000  5.101034e-01 
  929.000  4.773497e-01 
  930.000  4.363047e-01 
  931.000  3.912860e-01 
  932.000  3.333969e-01 
  933.000  2.917269e-01 
  934.000  2.501960e-01 
  935.000  2.457367e-01 
  936.000  2.618110e-01 
  937.000  2.578139e-01 
  938.000  3.045332e-01 
  939.000  4.306060e-01 
  940.000  4.500394e-01 
  941.000  4.334628e-01 
  942.000  3.930512e-01 
  943.000  3.272711e-01 
  944.000  3.226745e-01 
  945.000  3.459515e-01 
  946.000  3.473554e-01 
  947.000  3.686135e-01 
  948.000  3.811543e-01 
  949.000  3.796343e-01 
  950.000  3.828860e-01 
  951.000  4.111092e-01 
  952.000  3.811779e-01 
  953.000  4.023609e-01 
  954.000  4.252968e-01 
  955.000  4.069544e-01 
  956.000  4.030575e-01 
  957.000  4.612414e-01 
  958.000  4.689827e-01 
  959.000  4.593385e-01 
  960.000  4.565987e-01 
  961.000  4.517914e-01 
  962.000  4.563041e-01 
  963.000  4.886657e-01 
  964.000  4.933892e-01 
  965.000  4.903523e-01 
  966.000  4.921848e-01 
  967.000  5.155188e-01 
  968.000  5.547843e-01 
  969.000  5.726690e-01 
  970.000  5.736603e-01 
  971.000  5.732418e-01 
  972.000  5.681601e-01 
  973.000  5.564564e-01 
  974.000  5.422593e-01 
  975.000  5.331669e-01 
  976.000  5.442929e-01 
  977.000  5.627464e-01 
  978.000  5.612727e-01 
  979.000  5.660962e-01 
  980.000  5.850301e-01 
  981.000  5.892523e-01 
  982.000  5.850568e-01 
  983.000  5.948175e-01 
  984.000  6.048805e-01 
  985.000  6.106099e-01 
  986.000  6.180096e-01 
  987.000  6.212233e-01 
  988.000  6.219634e-01 
  989.000  6.224368e-01 
  990.000  6.232202e-01 
  991.000  6.259762e-01 
  992.000  6.267586e-01 
  993.000  6.270508e-01 
  994.000  6.293921e-01 
  995.000  6.310902e-01 
  996.000  6.310740e-01 
  997.000  6.300152e-01 
  998.000  6.288847e-01 
  999.000  6.284227e-01 
 1000.000  6.287996e-01 
 1001.000  6.261611e-01 
 1002.000  6.219423e-01 
 1003.000  6.229437e-01 
 1004.000  6.253700e-01 
 1005.000  6.264789e-01 
 1006.000  6.268299e-01 
 1007.000  6.260231e-01 
 1008.000  6.225837e-01 
 1009.000  6.179880e-01 
 1010.000  6.200336e-01 
 1011.000  6.249151e-01 
 1012.000  6.267750e-01 
 1013.000  6.282364e-01 
 1014.000  6.288472e-01 
 1015.000  6.289611e-01 
 1016.000  6.294664e-01 
 1017.000  6.298611e-01 
 1018.000  6.291720e-01 
 1019.000  6.274728e-01 
 1020.000  6.280664e-01 
 1021.000  6.292889e-01 
 1022.000  6.272283e-01 
 1023.000  6.255038e-01 
 1024.000  6.244692e-01 
 1025.000  6.276197e-01 
 1026.000  6.290068e-01 
 1027.000  6.284097e-01 
 1028.000  6.288885e-01 
 1029.000  6.301461e-01 
 1030.000  6.314039e-01 
 1031.000  6.320428e-01 
 1032.000  6.325383e-01 
 1033.000  6.326803e-01 
 1034.000  6.329338e-01 
 1035.000  6.330976e-01 
 1036.000  6.329795e-01 
 1037.000  6.329903e-01 
 1038.000  6.330908e-01 
 1039.000  6.328855e-01 
 1040.000  6.327029e-01 
 1041.000  6.325580e-01 
 1042.000  6.325130e-01 
 1043.000  6.324994e-01 
 1044.000  6.323651e-01 
 1045.000  6.319703e-01 
 1046.000  6.317007e-01 
 1047.000  6.313769e-01 
 1048.000  6.309466e-01 
 1049.000  6.305209e-01 
 1050.000  6.301149e-01 
 1051.000  6.295393e-01 
 1052.000  6.291384e-01 
 1053.000  6.290302e-01 
 1054.000  6.284702e-01 
 1055.000  6.278627e-01 
 1056.000  6.273397e-01 
 1057.000  6.261134e-01 
 1058.000  6.239881e-01 
 1059.000  6.240571e-01 
 1060.000  6.250058e-01 
 1061.000  6.247002e-01 
 1062.000  6.233629e-01 
 1063.000  6.227899e-01 
 1064.000  6.215934e-01 
 1065.000  6.202265e-01 
 1066.000  6.203246e-01 
 1067.000  6.197289e-01 
 1068.000  6.171355e-01 
 1069.000  6.160082e-01 
 1070.000  6.165242e-01 
 1071.000  6.149429e-01 
 1072.000  6.132899e-01 
 1073.000  6.130363e-01 
 1074.000  6.133686e-01 
 1075.000  6.160008e-01 
 1076.000  6.144657e-01 
 1077.000  6.123790e-01 
 1078.000  6.099091e-01 
 1079.000  6.096359e-01 
 1080.000  6.029247e-01 
 1081.000  6.025839e-01 
 1082.000  6.055926e-01 
 1083.000  6.020502e-01 
 1084.000  5.981666e-01 
 1085.000  5.888737e-01 
 1086.000  5.910789e-01 
 1087.000  6.013607e-01 
 1088.000  6.017900e-01 
 1089.000  5.893314e-01 
 1090.000  5.870072e-01 
 1091.000  5.893916e-01 
 1092.000  5.832320e-01 
 1093.000  5.694774e-01 
 1094.000  5.635072e-01 
 1095.000  5.644768e-01 
 1096.000  5.653476e-01 
 1097.000  5.626035e-01 
 1098.000  5.293767e-01 
 1099.000  5.012921e-01 
 1100.000  5.031791e-01 
 1101.000  5.070338e-01 
 1102.000  5.051414e-01 
 1103.000  5.076828e-01 
 1104.000  5.029898e-01 
 1105.000  4.912400e-01 
 1106.000  4.794654e-01 
 1107.000  4.823243e-01 
 1108.000  4.843772e-01 
 1109.000  4.943282e-01 
 1110.000  4.929259e-01 
 1111.000  4.872491e-01 
 1112.000  4.625455e-01 
 1113.000  4.289987e-01 
 1114.000  4.196570e-01 
 1115.000  3.791558e-01 
 1116.000  3.545156e-01 
 1117.000  2.992062e-01 
 1118.000  2.500697e-01 
 1119.000  2.245818e-01 
 1120.000  1.940698e-01 
 1121.000  1.873878e-01 
 1122.000  1.573752e-01 
 1123.000  1.732509e-01 
 1124.000  1.841510e-01 
 1125.000  1.783301e-01 
 1126.000  1.760637e-01 
 1127.000  1.787233e-01 
 1128.000  1.838752e-01 
 1129.000  2.143498e-01 
 1130.000  2.885152e-01 
 1131.000  3.107775e-01 
 1132.000  2.802869e-01 
 1133.000  2.267611e-01 
 1134.000  1.367322e-01 
 1135.000  1.432509e-01 
 1136.000  2.347014e-01 
 1137.000  2.884537e-01 
 1138.000  3.428159e-01 
 1139.000  3.602287e-01 
 1140.000  3.497114e-01 
 1141.000  3.287407e-01 
 1142.000  3.212800e-01 
 1143.000  2.981629e-01 
 1144.000  2.726761e-01 
 1145.000  2.366611e-01 
 1146.000  2.450943e-01 
 1147.000  2.733980e-01 
 1148.000  2.990689e-01 
 1149.000  3.097031e-01 
 1150.000  3.105748e-01 
