  320.000  1.678036e-01 
  321.000  2.080858e-01 
  322.000  1.922121e-01 
  323.000  2.123412e-01 
  324.000  2.326438e-01 
  325.000  2.175062e-01 
  326.000  2.423863e-01 
  327.000  2.493612e-01 
  328.000  2.343141e-01 
  329.000  2.632518e-01 
  330.000  2.678588e-01 
  331.000  2.587482e-01 
  332.000  2.763583e-01 
  333.000  2.815077e-01 
  334.000  2.772793e-01 
  335.000  2.902442e-01 
  336.000  2.955063e-01 
  337.000  2.932879e-01 
  338.000  2.994590e-01 
  339.000  3.058369e-01 
  340.000  3.047882e-01 
  341.000  3.109883e-01 
  342.000  3.155277e-01 
  343.000  3.178093e-01 
  344.000  3.182756e-01 
  345.000  3.244381e-01 
  346.000  3.283330e-01 
  347.000  3.315105e-01 
  348.000  3.344884e-01 
  349.000  3.378350e-01 
  350.000  3.406971e-01 
  351.000  3.435487e-01 
  352.000  3.458890e-01 
  353.000  3.492181e-01 
  354.000  3.520534e-01 
  355.000  3.546927e-01 
  356.000  3.572653e-01 
  357.000  3.595555e-01 
  358.000  3.620203e-01 
  359.000  3.644834e-01 
  360.000  3.670064e-01 
  361.000  3.701948e-01 
  362.000  3.735158e-01 
  363.000  3.765752e-01 
  364.000  3.793916e-01 
  365.000  3.820339e-01 
  366.000  3.847363e-01 
  367.000  3.873098e-01 
  368.000  3.898604e-01 
  369.000  3.923894e-01 
  370.000  3.948928e-01 
  371.000  3.973770e-01 
  372.000  3.998410e-01 
  373.000  4.022845e-01 
  374.000  4.046890e-01 
  375.000  4.070475e-01 
  376.000  4.093260e-01 
  377.000  4.114798e-01 
  378.000  4.134806e-01 
  379.000  4.155137e-01 
  380.000  4.177499e-01 
  381.000  4.202957e-01 
  382.000  4.229342e-01 
  383.000  4.254294e-01 
  384.000  4.277965e-01 
  385.000  4.300774e-01 
  386.000  4.322999e-01 
  387.000  4.344864e-01 
  388.000  4.366452e-01 
  389.000  4.387860e-01 
  390.000  4.409096e-01 
  391.000  4.430114e-01 
  392.000  4.450975e-01 
  393.000  4.471664e-01 
  394.000  4.492159e-01 
  395.000  4.512444e-01 
  396.000  4.532596e-01 
  397.000  4.552514e-01 
  398.000  4.572247e-01 
  399.000  4.591811e-01 
  400.000  4.611104e-01 
  401.000  4.630321e-01 
  402.000  4.649382e-01 
  403.000  4.668278e-01 
  404.000  4.687005e-01 
  405.000  4.705526e-01 
  406.000  4.723922e-01 
  407.000  4.742172e-01 
  408.000  4.760261e-01 
  409.000  4.778172e-01 
  410.000  4.795910e-01 
  411.000  4.813472e-01 
  412.000  4.830845e-01 
  413.000  4.848116e-01 
  414.000  4.864146e-01 
  415.000  4.881487e-01 
  416.000  4.898607e-01 
  417.000  4.915439e-01 
  418.000  4.931885e-01 
  419.000  4.948147e-01 
  420.000  4.964260e-01 
  421.000  4.980277e-01 
  422.000  4.996194e-01 
  423.000  5.011991e-01 
  424.000  5.027600e-01 
  425.000  5.042850e-01 
  426.000  5.057952e-01 
  427.000  5.072919e-01 
  428.000  5.087619e-01 
  429.000  5.102112e-01 
  430.000  5.116436e-01 
  431.000  5.130653e-01 
  432.000  5.144719e-01 
  433.000  5.158653e-01 
  434.000  5.172467e-01 
  435.000  5.186146e-01 
  436.000  5.199671e-01 
  437.000  5.213048e-01 
  438.000  5.226272e-01 
  439.000  5.239394e-01 
  440.000  5.252303e-01 
  441.000  5.265048e-01 
  442.000  5.277590e-01 
  443.000  5.289943e-01 
  444.000  5.302100e-01 
  445.000  5.313995e-01 
  446.000  5.325561e-01 
  447.000  5.337688e-01 
  448.000  5.350690e-01 
  449.000  5.363851e-01 
  450.000  5.376757e-01 
  451.000  5.389159e-01 
  452.000  5.401125e-01 
  453.000  5.412846e-01 
  454.000  5.424354e-01 
  455.000  5.435194e-01 
  456.000  5.445158e-01 
  457.000  5.455125e-01 
  458.000  5.464957e-01 
  459.000  5.474580e-01 
  460.000  5.484126e-01 
  461.000  5.493571e-01 
  462.000  5.502835e-01 
  463.000  5.512059e-01 
  464.000  5.524067e-01 
  465.000  5.535894e-01 
  466.000  5.547512e-01 
  467.000  5.558860e-01 
  468.000  5.568103e-01 
  469.000  5.576063e-01 
  470.000  5.583383e-01 
  471.000  5.589973e-01 
  472.000  5.595568e-01 
  473.000  5.599489e-01 
  474.000  5.602710e-01 
  475.000  5.603536e-01 
  476.000  5.601943e-01 
  477.000  5.601910e-01 
  478.000  5.611226e-01 
  479.000  5.625408e-01 
  480.000  5.640713e-01 
  481.000  5.654442e-01 
  482.000  5.667318e-01 
  483.000  5.678510e-01 
  484.000  5.688130e-01 
  485.000  5.696731e-01 
  486.000  5.705904e-01 
  487.000  5.715560e-01 
  488.000  5.724906e-01 
  489.000  5.734079e-01 
  490.000  5.743143e-01 
  491.000  5.750241e-01 
  492.000  5.756728e-01 
  493.000  5.763183e-01 
  494.000  5.769456e-01 
  495.000  5.775727e-01 
  496.000  5.778959e-01 
  497.000  5.782068e-01 
  498.000  5.785131e-01 
  499.000  5.788029e-01 
  500.000  5.790882e-01 
  501.000  5.793417e-01 
  502.000  5.795953e-01 
  503.000  5.798457e-01 
  504.000  5.800845e-01 
  505.000  5.803103e-01 
  506.000  5.809717e-01 
  507.000  5.816522e-01 
  508.000  5.823317e-01 
  509.000  5.830033e-01 
  510.000  5.836606e-01 
  511.000  5.842498e-01 
  512.000  5.848188e-01 
  513.000  5.853845e-01 
  514.000  5.859431e-01 
  515.000  5.864968e-01 
  516.000  5.868924e-01 
  517.000  5.871459e-01 
  518.000  5.873925e-01 
  519.000  5.876344e-01 
  520.000  5.878739e-01 
  521.000  5.880885e-01 
  522.000  5.882433e-01 
  523.000  5.883549e-01 
  524.000  5.884702e-01 
  525.000  5.885611e-01 
  526.000  5.886886e-01 
  527.000  5.887091e-01 
  528.000  5.886863e-01 
  529.000  5.886623e-01 
  530.000  5.886436e-01 
  531.000  5.886282e-01 
  532.000  5.886627e-01 
  533.000  5.889736e-01 
  534.000  5.893662e-01 
  535.000  5.898093e-01 
  536.000  5.902377e-01 
  537.000  5.906295e-01 
  538.000  5.909799e-01 
  539.000  5.913045e-01 
  540.000  5.916090e-01 
  541.000  5.919046e-01 
  542.000  5.921873e-01 
  543.000  5.924600e-01 
  544.000  5.926661e-01 
  545.000  5.928180e-01 
  546.000  5.929630e-01 
  547.000  5.931119e-01 
  548.000  5.932534e-01 
  549.000  5.933927e-01 
  550.000  5.934603e-01 
  551.000  5.934567e-01 
  552.000  5.934559e-01 
  553.000  5.934404e-01 
  554.000  5.934182e-01 
  555.000  5.933920e-01 
  556.000  5.933388e-01 
  557.000  5.932391e-01 
  558.000  5.931313e-01 
  559.000  5.930109e-01 
  560.000  5.928600e-01 
  561.000  5.926809e-01 
  562.000  5.922601e-01 
  563.000  5.920360e-01 
  564.000  5.917341e-01 
  565.000  5.912578e-01 
  566.000  5.909841e-01 
  567.000  5.898875e-01 
  568.000  5.865403e-01 
  569.000  5.791695e-01 
  570.000  5.802619e-01 
  571.000  5.853732e-01 
  572.000  5.803784e-01 
  573.000  5.816696e-01 
  574.000  5.819862e-01 
  575.000  5.816539e-01 
  576.000  5.818424e-01 
  577.000  5.836224e-01 
  578.000  5.858460e-01 
  579.000  5.877335e-01 
  580.000  5.893243e-01 
  581.000  5.917068e-01 
  582.000  5.932689e-01 
  583.000  5.941641e-01 
  584.000  5.950028e-01 
  585.000  5.955840e-01 
  586.000  5.962179e-01 
  587.000  5.942651e-01 
  588.000  5.841925e-01 
  589.000  5.684102e-01 
  590.000  5.675728e-01 
  591.000  5.785788e-01 
  592.000  5.729540e-01 
  593.000  5.855131e-01 
  594.000  5.829075e-01 
  595.000  5.743225e-01 
  596.000  5.865368e-01 
  597.000  5.835748e-01 
  598.000  5.884361e-01 
  599.000  5.902883e-01 
  600.000  5.946741e-01 
  601.000  5.974849e-01 
  602.000  5.982689e-01 
  603.000  5.995678e-01 
  604.000  6.009946e-01 
  605.000  6.019916e-01 
  606.000  6.026726e-01 
  607.000  6.033290e-01 
  608.000  6.039367e-01 
  609.000  6.045165e-01 
  610.000  6.051138e-01 
  611.000  6.057770e-01 
  612.000  6.064265e-01 
  613.000  6.070557e-01 
  614.000  6.076663e-01 
  615.000  6.082753e-01 
  616.000  6.088620e-01 
  617.000  6.094162e-01 
  618.000  6.098807e-01 
  619.000  6.102737e-01 
  620.000  6.106375e-01 
  621.000  6.109501e-01 
  622.000  6.112114e-01 
  623.000  6.113861e-01 
  624.000  6.115717e-01 
  625.000  6.117257e-01 
  626.000  6.113135e-01 
  627.000  6.072696e-01 
  628.000  5.875190e-01 
  629.000  5.989999e-01 
  630.000  6.027079e-01 
  631.000  6.065925e-01 
  632.000  6.050394e-01 
  633.000  6.108134e-01 
  634.000  6.133785e-01 
  635.000  6.144276e-01 
  636.000  6.160602e-01 
  637.000  6.174407e-01 
  638.000  6.203470e-01 
  639.000  6.212450e-01 
  640.000  6.231083e-01 
  641.000  6.238964e-01 
  642.000  6.252653e-01 
  643.000  6.243879e-01 
  644.000  6.249705e-01 
  645.000  6.234226e-01 
  646.000  6.148564e-01 
  647.000  6.090340e-01 
  648.000  6.024975e-01 
  649.000  6.089522e-01 
  650.000  6.210722e-01 
  651.000  6.214235e-01 
  652.000  6.114094e-01 
  653.000  6.236982e-01 
  654.000  6.227434e-01 
  655.000  6.187467e-01 
  656.000  6.206267e-01 
  657.000  6.233447e-01 
  658.000  6.277953e-01 
  659.000  6.305427e-01 
  660.000  6.319441e-01 
  661.000  6.352952e-01 
  662.000  6.369749e-01 
  663.000  6.370884e-01 
  664.000  6.379522e-01 
  665.000  6.387590e-01 
  666.000  6.396943e-01 
  667.000  6.404853e-01 
  668.000  6.414367e-01 
  669.000  6.420888e-01 
  670.000  6.426545e-01 
  671.000  6.432563e-01 
  672.000  6.437835e-01 
  673.000  6.442994e-01 
  674.000  6.448100e-01 
  675.000  6.453222e-01 
  676.000  6.458004e-01 
  677.000  6.462408e-01 
  678.000  6.466829e-01 
  679.000  6.470277e-01 
  680.000  6.469504e-01 
  681.000  6.468034e-01 
  682.000  6.470145e-01 
  683.000  6.470802e-01 
  684.000  6.465244e-01 
  685.000  6.474574e-01 
  686.000  6.447605e-01 
  687.000  5.542926e-01 
  688.000  5.828084e-01 
  689.000  5.744699e-01 
  690.000  5.893928e-01 
  691.000  6.082552e-01 
  692.000  6.185961e-01 
  693.000  6.100211e-01 
  694.000  5.994700e-01 
  695.000  6.086810e-01 
  696.000  6.141196e-01 
  697.000  6.379247e-01 
  698.000  6.329765e-01 
  699.000  6.115752e-01 
  700.000  6.151146e-01 
  701.000  6.103684e-01 
  702.000  6.138840e-01 
  703.000  6.318285e-01 
  704.000  6.326316e-01 
  705.000  6.252545e-01 
  706.000  6.267241e-01 
  707.000  6.293988e-01 
  708.000  6.322922e-01 
  709.000  6.381912e-01 
  710.000  6.319532e-01 
  711.000  6.383598e-01 
  712.000  6.438257e-01 
  713.000  6.394548e-01 
  714.000  6.379762e-01 
  715.000  6.308376e-01 
  716.000  6.233819e-01 
  717.000  5.771006e-01 
  718.000  5.490387e-01 
  719.000  5.389889e-01 
  720.000  5.240670e-01 
  721.000  5.903469e-01 
  722.000  6.144020e-01 
  723.000  6.007901e-01 
  724.000  5.625187e-01 
  725.000  5.680951e-01 
  726.000  5.663239e-01 
  727.000  5.717187e-01 
  728.000  5.658610e-01 
  729.000  5.804698e-01 
  730.000  5.779664e-01 
  731.000  5.749431e-01 
  732.000  5.997279e-01 
  733.000  6.237493e-01 
  734.000  6.354099e-01 
  735.000  6.313087e-01 
  736.000  6.236668e-01 
  737.000  6.294320e-01 
  738.000  6.373732e-01 
  739.000  6.408015e-01 
  740.000  6.484206e-01 
  741.000  6.528304e-01 
  742.000  6.546832e-01 
  743.000  6.587593e-01 
  744.000  6.605250e-01 
  745.000  6.619366e-01 
  746.000  6.630005e-01 
  747.000  6.632752e-01 
  748.000  6.642631e-01 
  749.000  6.647906e-01 
  750.000  6.644812e-01 
  751.000  6.646644e-01 
  752.000  6.655911e-01 
  753.000  6.659707e-01 
  754.000  6.662647e-01 
  755.000  6.664470e-01 
  756.000  6.666396e-01 
  757.000  6.667721e-01 
  758.000  6.655763e-01 
  759.000  6.167048e-01 
  760.000  2.647741e-01 
  761.000  2.330441e-01 
  762.000  4.321438e-01 
  763.000  3.690805e-01 
  764.000  4.001959e-01 
  765.000  4.716460e-01 
  766.000  5.591598e-01 
  767.000  6.038095e-01 
  768.000  6.331770e-01 
  769.000  6.526322e-01 
  770.000  6.630456e-01 
  771.000  6.680099e-01 
  772.000  6.692429e-01 
  773.000  6.697941e-01 
  774.000  6.704780e-01 
  775.000  6.709008e-01 
  776.000  6.712090e-01 
  777.000  6.712805e-01 
  778.000  6.712393e-01 
  779.000  6.711900e-01 
  780.000  6.711392e-01 
  781.000  6.715552e-01 
  782.000  6.714911e-01 
  783.000  6.714415e-01 
  784.000  6.711211e-01 
  785.000  6.694507e-01 
  786.000  6.669175e-01 
  787.000  6.611515e-01 
  788.000  6.581196e-01 
  789.000  6.473617e-01 
  790.000  6.464276e-01 
  791.000  6.484439e-01 
  792.000  6.503137e-01 
  793.000  6.546842e-01 
  794.000  6.639767e-01 
  795.000  6.582810e-01 
  796.000  6.431944e-01 
  797.000  6.474872e-01 
  798.000  6.570116e-01 
  799.000  6.548276e-01 
  800.000  6.478834e-01 
  801.000  6.487005e-01 
  802.000  6.479933e-01 
  803.000  6.490011e-01 
  804.000  6.522586e-01 
  805.000  6.585096e-01 
  806.000  6.622466e-01 
  807.000  6.624057e-01 
  808.000  6.602731e-01 
  809.000  6.576532e-01 
  810.000  6.547800e-01 
  811.000  6.489116e-01 
  812.000  6.410286e-01 
  813.000  6.314111e-01 
  814.000  6.187855e-01 
  815.000  6.031604e-01 
  816.000  5.833874e-01 
  817.000  5.844215e-01 
  818.000  5.860065e-01 
  819.000  5.925275e-01 
  820.000  6.143842e-01 
  821.000  6.395603e-01 
  822.000  6.203762e-01 
  823.000  5.677772e-01 
  824.000  6.120209e-01 
  825.000  6.409781e-01 
  826.000  6.360633e-01 
  827.000  6.323836e-01 
  828.000  6.133326e-01 
  829.000  6.201581e-01 
  830.000  6.278489e-01 
  831.000  6.296690e-01 
  832.000  6.305056e-01 
  833.000  6.349683e-01 
  834.000  6.402378e-01 
  835.000  6.507086e-01 
  836.000  6.473504e-01 
  837.000  6.470072e-01 
  838.000  6.521012e-01 
  839.000  6.552009e-01 
  840.000  6.563228e-01 
  841.000  6.529604e-01 
  842.000  6.559740e-01 
  843.000  6.631499e-01 
  844.000  6.664129e-01 
  845.000  6.679310e-01 
  846.000  6.695287e-01 
  847.000  6.712902e-01 
  848.000  6.683672e-01 
  849.000  6.687325e-01 
  850.000  6.672844e-01 
  851.000  6.655625e-01 
  852.000  6.657271e-01 
  853.000  6.685563e-01 
  854.000  6.683998e-01 
  855.000  6.698213e-01 
  856.000  6.727847e-01 
  857.000  6.739084e-01 
  858.000  6.745769e-01 
  859.000  6.759911e-01 
  860.000  6.766807e-01 
  861.000  6.767977e-01 
  862.000  6.772192e-01 
  863.000  6.772715e-01 
  864.000  6.775597e-01 
  865.000  6.777948e-01 
  866.000  6.778550e-01 
  867.000  6.778089e-01 
  868.000  6.778433e-01 
  869.000  6.779194e-01 
  870.000  6.778584e-01 
  871.000  6.779302e-01 
  872.000  6.781099e-01 
  873.000  6.779246e-01 
  874.000  6.778228e-01 
  875.000  6.777965e-01 
  876.000  6.774754e-01 
  877.000  6.773512e-01 
  878.000  6.764523e-01 
  879.000  6.763882e-01 
  880.000  6.756122e-01 
  881.000  6.751536e-01 
  882.000  6.747697e-01 
  883.000  6.751414e-01 
  884.000  6.753103e-01 
  885.000  6.737103e-01 
  886.000  6.716101e-01 
  887.000  6.733243e-01 
  888.000  6.732164e-01 
  889.000  6.737294e-01 
  890.000  6.724048e-01 
  891.000  6.696899e-01 
  892.000  6.639783e-01 
  893.000  6.467632e-01 
  894.000  6.381764e-01 
  895.000  6.123720e-01 
  896.000  5.893869e-01 
  897.000  5.653565e-01 
  898.000  5.541963e-01 
  899.000  5.233777e-01 
  900.000  5.277016e-01 
  901.000  5.197831e-01 
  902.000  5.213560e-01 
  903.000  5.732727e-01 
  904.000  6.056409e-01 
  905.000  6.045367e-01 
  906.000  5.842783e-01 
  907.000  5.489202e-01 
  908.000  5.259314e-01 
  909.000  5.268410e-01 
  910.000  5.302565e-01 
  911.000  5.454749e-01 
  912.000  5.380984e-01 
  913.000  5.063757e-01 
  914.000  5.220096e-01 
  915.000  5.344641e-01 
  916.000  5.378934e-01 
  917.000  5.447505e-01 
  918.000  5.536251e-01 
  919.000  5.839431e-01 
  920.000  6.072011e-01 
  921.000  6.021320e-01 
  922.000  6.017087e-01 
  923.000  5.952240e-01 
  924.000  5.797120e-01 
  925.000  5.782845e-01 
  926.000  5.775400e-01 
  927.000  5.592864e-01 
  928.000  5.315543e-01 
  929.000  4.922670e-01 
  930.000  4.436494e-01 
  931.000  3.911696e-01 
  932.000  3.246276e-01 
  933.000  2.782018e-01 
  934.000  2.331142e-01 
  935.000  2.282250e-01 
  936.000  2.453215e-01 
  937.000  2.411605e-01 
  938.000  2.923267e-01 
  939.000  4.352463e-01 
  940.000  4.579848e-01 
  941.000  4.388013e-01 
  942.000  3.922667e-01 
  943.000  3.179688e-01 
  944.000  3.127695e-01 
  945.000  3.386663e-01 
  946.000  3.403417e-01 
  947.000  3.645179e-01 
  948.000  3.788584e-01 
  949.000  3.772554e-01 
  950.000  3.810202e-01 
  951.000  4.134627e-01 
  952.000  3.793147e-01 
  953.000  4.037094e-01 
  954.000  4.303629e-01 
  955.000  4.093302e-01 
  956.000  4.051103e-01 
  957.000  4.729388e-01 
  958.000  4.822092e-01 
  959.000  4.710051e-01 
  960.000  4.678934e-01 
  961.000  4.623376e-01 
  962.000  4.677074e-01 
  963.000  5.059497e-01 
  964.000  5.116203e-01 
  965.000  5.080938e-01 
  966.000  5.103493e-01 
  967.000  5.382225e-01 
  968.000  5.855217e-01 
  969.000  6.072590e-01 
  970.000  6.084963e-01 
  971.000  6.079946e-01 
  972.000  6.018088e-01 
  973.000  5.876139e-01 
  974.000  5.704731e-01 
  975.000  5.595341e-01 
  976.000  5.729229e-01 
  977.000  5.952278e-01 
  978.000  5.934742e-01 
  979.000  5.993582e-01 
  980.000  6.223968e-01 
  981.000  6.275679e-01 
  982.000  6.224845e-01 
  983.000  6.344171e-01 
  984.000  6.467417e-01 
  985.000  6.537753e-01 
  986.000  6.628697e-01 
  987.000  6.668302e-01 
  988.000  6.677468e-01 
  989.000  6.683322e-01 
  990.000  6.692954e-01 
  991.000  6.726852e-01 
  992.000  6.736444e-01 
  993.000  6.739998e-01 
  994.000  6.770580e-01 
  995.000  6.790497e-01 
  996.000  6.790252e-01 
  997.000  6.776553e-01 
  998.000  6.762286e-01 
  999.000  6.756527e-01 
 1000.000  6.761094e-01 
 1001.000  6.728557e-01 
 1002.000  6.676612e-01 
 1003.000  6.688858e-01 
 1004.000  6.718629e-01 
 1005.000  6.732205e-01 
 1006.000  6.736560e-01 
 1007.000  6.726570e-01 
 1008.000  6.684238e-01 
 1009.000  6.627764e-01 
 1010.000  6.652861e-01 
 1011.000  6.712859e-01 
 1012.000  6.735729e-01 
 1013.000  6.753743e-01 
 1014.000  6.761277e-01 
 1015.000  6.762711e-01 
 1016.000  6.770844e-01 
 1017.000  6.775550e-01 
 1018.000  6.765339e-01 
 1019.000  6.744426e-01 
 1020.000  6.751753e-01 
 1021.000  6.766806e-01 
 1022.000  6.741502e-01 
 1023.000  6.720354e-01 
 1024.000  6.707704e-01 
 1025.000  6.746512e-01 
 1026.000  6.763690e-01 
 1027.000  6.756423e-01 
 1028.000  6.762460e-01 
 1029.000  6.778325e-01 
 1030.000  6.793967e-01 
 1031.000  6.802007e-01 
 1032.000  6.808791e-01 
 1033.000  6.810188e-01 
 1034.000  6.813983e-01 
 1035.000  6.815850e-01 
 1036.000  6.814956e-01 
 1037.000  6.815518e-01 
 1038.000  6.816769e-01 
 1039.000  6.814451e-01 
 1040.000  6.812503e-01 
 1041.000  6.810967e-01 
 1042.000  6.810561e-01 
 1043.000  6.810573e-01 
 1044.000  6.809246e-01 
 1045.000  6.804890e-01 
 1046.000  6.801994e-01 
 1047.000  6.798594e-01 
 1048.000  6.794511e-01 
 1049.000  6.790714e-01 
 1050.000  6.786317e-01 
 1051.000  6.779908e-01 
 1052.000  6.775702e-01 
 1053.000  6.775094e-01 
 1054.000  6.768476e-01 
 1055.000  6.762185e-01 
 1056.000  6.756799e-01 
 1057.000  6.742819e-01 
 1058.000  6.717168e-01 
 1059.000  6.718957e-01 
 1060.000  6.732121e-01 
 1061.000  6.729010e-01 
 1062.000  6.712891e-01 
 1063.000  6.707157e-01 
 1064.000  6.693504e-01 
 1065.000  6.678181e-01 
 1066.000  6.679506e-01 
 1067.000  6.670461e-01 
 1068.000  6.637930e-01 
 1069.000  6.621572e-01 
 1070.000  6.626046e-01 
 1071.000  6.604921e-01 
 1072.000  6.583406e-01 
 1073.000  6.579025e-01 
 1074.000  6.581876e-01 
 1075.000  6.613010e-01 
 1076.000  6.593044e-01 
 1077.000  6.566399e-01 
 1078.000  6.535124e-01 
 1079.000  6.530811e-01 
 1080.000  6.447850e-01 
 1081.000  6.442958e-01 
 1082.000  6.479101e-01 
 1083.000  6.434965e-01 
 1084.000  6.386852e-01 
 1085.000  6.272929e-01 
 1086.000  6.299188e-01 
 1087.000  6.424081e-01 
 1088.000  6.428909e-01 
 1089.000  6.276354e-01 
 1090.000  6.247491e-01 
 1091.000  6.275983e-01 
 1092.000  6.200339e-01 
 1093.000  6.032894e-01 
 1094.000  5.960273e-01 
 1095.000  5.971568e-01 
 1096.000  5.981464e-01 
 1097.000  5.947494e-01 
 1098.000  5.546808e-01 
 1099.000  5.210827e-01 
 1100.000  5.232866e-01 
 1101.000  5.278294e-01 
 1102.000  5.254925e-01 
 1103.000  5.284517e-01 
 1104.000  5.228003e-01 
 1105.000  5.087664e-01 
 1106.000  4.948315e-01 
 1107.000  4.980815e-01 
 1108.000  5.003342e-01 
 1109.000  5.118840e-01 
 1110.000  5.099252e-01 
 1111.000  5.030454e-01 
 1112.000  4.737522e-01 
 1113.000  4.341687e-01 
 1114.000  4.227390e-01 
 1115.000  3.756630e-01 
 1116.000  3.474666e-01 
 1117.000  2.858525e-01 
 1118.000  2.321967e-01 
 1119.000  2.047030e-01 
 1120.000  1.727555e-01 
 1121.000  1.657923e-01 
 1122.000  1.356265e-01 
 1123.000  1.511538e-01 
 1124.000  1.619516e-01 
 1125.000  1.560780e-01 
 1126.000  1.538512e-01 
 1127.000  1.566448e-01 
 1128.000  1.620499e-01 
 1129.000  1.933338e-01 
 1130.000  2.715690e-01 
 1131.000  2.956696e-01 
 1132.000  2.625903e-01 
 1133.000  2.062279e-01 
 1134.000  1.157512e-01 
 1135.000  1.221289e-01 
 1136.000  2.148582e-01 
 1137.000  2.721202e-01 
 1138.000  3.320152e-01 
 1139.000  3.521662e-01 
 1140.000  3.404338e-01 
 1141.000  3.174700e-01 
 1142.000  3.091970e-01 
 1143.000  2.837852e-01 
 1144.000  2.562172e-01 
 1145.000  2.178657e-01 
 1146.000  2.268085e-01 
 1147.000  2.570837e-01 
 1148.000  2.849569e-01 
 1149.000  2.967604e-01 
 1150.000  2.981091e-01 
