  320.000  1.764335e-01 
  321.000  2.178155e-01 
  322.000  2.015302e-01 
  323.000  2.221769e-01 
  324.000  2.429604e-01 
  325.000  2.274679e-01 
  326.000  2.529202e-01 
  327.000  2.600455e-01 
  328.000  2.446685e-01 
  329.000  2.742235e-01 
  330.000  2.789224e-01 
  331.000  2.696285e-01 
  332.000  2.875871e-01 
  333.000  2.928338e-01 
  334.000  2.885256e-01 
  335.000  3.017310e-01 
  336.000  3.070872e-01 
  337.000  3.048293e-01 
  338.000  3.111092e-01 
  339.000  3.175967e-01 
  340.000  3.165302e-01 
  341.000  3.228346e-01 
  342.000  3.274487e-01 
  343.000  3.297673e-01 
  344.000  3.302412e-01 
  345.000  3.365019e-01 
  346.000  3.404575e-01 
  347.000  3.436838e-01 
  348.000  3.467069e-01 
  349.000  3.501037e-01 
  350.000  3.530080e-01 
  351.000  3.559014e-01 
  352.000  3.582755e-01 
  353.000  3.616521e-01 
  354.000  3.645273e-01 
  355.000  3.672034e-01 
  356.000  3.698114e-01 
  357.000  3.721329e-01 
  358.000  3.746310e-01 
  359.000  3.771269e-01 
  360.000  3.796833e-01 
  361.000  3.829133e-01 
  362.000  3.862769e-01 
  363.000  3.893752e-01 
  364.000  3.922268e-01 
  365.000  3.949018e-01 
  366.000  3.976372e-01 
  367.000  4.002418e-01 
  368.000  4.028229e-01 
  369.000  4.053818e-01 
  370.000  4.079143e-01 
  371.000  4.104272e-01 
  372.000  4.129193e-01 
  373.000  4.153904e-01 
  374.000  4.178217e-01 
  375.000  4.202062e-01 
  376.000  4.225096e-01 
  377.000  4.246867e-01 
  378.000  4.267088e-01 
  379.000  4.287634e-01 
  380.000  4.310231e-01 
  381.000  4.335953e-01 
  382.000  4.362608e-01 
  383.000  4.387812e-01 
  384.000  4.411719e-01 
  385.000  4.434754e-01 
  386.000  4.457195e-01 
  387.000  4.479272e-01 
  388.000  4.501065e-01 
  389.000  4.522676e-01 
  390.000  4.544111e-01 
  391.000  4.565324e-01 
  392.000  4.586375e-01 
  393.000  4.607251e-01 
  394.000  4.627930e-01 
  395.000  4.648395e-01 
  396.000  4.668724e-01 
  397.000  4.688814e-01 
  398.000  4.708716e-01 
  399.000  4.728447e-01 
  400.000  4.747902e-01 
  401.000  4.767278e-01 
  402.000  4.786497e-01 
  403.000  4.805547e-01 
  404.000  4.824425e-01 
  405.000  4.843093e-01 
  406.000  4.861634e-01 
  407.000  4.880027e-01 
  408.000  4.898257e-01 
  409.000  4.916304e-01 
  410.000  4.934178e-01 
  411.000  4.951872e-01 
  412.000  4.969373e-01 
  413.000  4.986771e-01 
  414.000  5.002918e-01 
  415.000  5.020384e-01 
  416.000  5.037626e-01 
  417.000  5.054578e-01 
  418.000  5.071138e-01 
  419.000  5.087513e-01 
  420.000  5.103737e-01 
  421.000  5.119863e-01 
  422.000  5.135886e-01 
  423.000  5.151788e-01 
  424.000  5.167500e-01 
  425.000  5.182850e-01 
  426.000  5.198049e-01 
  427.000  5.213112e-01 
  428.000  5.227906e-01 
  429.000  5.242490e-01 
  430.000  5.256903e-01 
  431.000  5.271207e-01 
  432.000  5.285360e-01 
  433.000  5.299377e-01 
  434.000  5.313275e-01 
  435.000  5.327035e-01 
  436.000  5.340639e-01 
  437.000  5.354095e-01 
  438.000  5.367395e-01 
  439.000  5.380592e-01 
  440.000  5.393574e-01 
  441.000  5.406390e-01 
  442.000  5.419003e-01 
  443.000  5.431424e-01 
  444.000  5.443648e-01 
  445.000  5.455608e-01 
  446.000  5.467235e-01 
  447.000  5.479428e-01 
  448.000  5.492499e-01 
  449.000  5.505729e-01 
  450.000  5.518702e-01 
  451.000  5.531167e-01 
  452.000  5.543194e-01 
  453.000  5.554974e-01 
  454.000  5.566540e-01 
  455.000  5.577434e-01 
  456.000  5.587447e-01 
  457.000  5.597463e-01 
  458.000  5.607342e-01 
  459.000  5.617011e-01 
  460.000  5.626603e-01 
  461.000  5.636092e-01 
  462.000  5.645400e-01 
  463.000  5.654667e-01 
  464.000  5.666730e-01 
  465.000  5.678611e-01 
  466.000  5.690282e-01 
  467.000  5.701681e-01 
  468.000  5.710965e-01 
  469.000  5.718961e-01 
  470.000  5.726313e-01 
  471.000  5.732931e-01 
  472.000  5.738551e-01 
  473.000  5.742489e-01 
  474.000  5.745723e-01 
  475.000  5.746554e-01 
  476.000  5.744953e-01 
  477.000  5.744920e-01 
  478.000  5.754277e-01 
  479.000  5.768518e-01 
  480.000  5.783888e-01 
  481.000  5.797674e-01 
  482.000  5.810602e-01 
  483.000  5.821840e-01 
  484.000  5.831498e-01 
  485.000  5.840134e-01 
  486.000  5.849343e-01 
  487.000  5.859037e-01 
  488.000  5.868419e-01 
  489.000  5.877627e-01 
  490.000  5.886726e-01 
  491.000  5.893850e-01 
  492.000  5.900362e-01 
  493.000  5.906841e-01 
  494.000  5.913137e-01 
  495.000  5.919431e-01 
  496.000  5.922675e-01 
  497.000  5.925795e-01 
  498.000  5.928870e-01 
  499.000  5.931779e-01 
  500.000  5.934641e-01 
  501.000  5.937186e-01 
  502.000  5.939730e-01 
  503.000  5.942243e-01 
  504.000  5.944641e-01 
  505.000  5.946907e-01 
  506.000  5.953544e-01 
  507.000  5.960373e-01 
  508.000  5.967192e-01 
  509.000  5.973932e-01 
  510.000  5.980527e-01 
  511.000  5.986440e-01 
  512.000  5.992149e-01 
  513.000  5.997825e-01 
  514.000  6.003430e-01 
  515.000  6.008986e-01 
  516.000  6.012955e-01 
  517.000  6.015499e-01 
  518.000  6.017973e-01 
  519.000  6.020400e-01 
  520.000  6.022803e-01 
  521.000  6.024957e-01 
  522.000  6.026509e-01 
  523.000  6.027629e-01 
  524.000  6.028786e-01 
  525.000  6.029698e-01 
  526.000  6.030977e-01 
  527.000  6.031183e-01 
  528.000  6.030954e-01 
  529.000  6.030713e-01 
  530.000  6.030525e-01 
  531.000  6.030371e-01 
  532.000  6.030716e-01 
  533.000  6.033836e-01 
  534.000  6.037775e-01 
  535.000  6.042221e-01 
  536.000  6.046518e-01 
  537.000  6.050449e-01 
  538.000  6.053964e-01 
  539.000  6.057221e-01 
  540.000  6.060275e-01 
  541.000  6.063241e-01 
  542.000  6.066077e-01 
  543.000  6.068812e-01 
  544.000  6.070880e-01 
  545.000  6.072404e-01 
  546.000  6.073858e-01 
  547.000  6.075352e-01 
  548.000  6.076771e-01 
  549.000  6.078168e-01 
  550.000  6.078846e-01 
  551.000  6.078811e-01 
  552.000  6.078802e-01 
  553.000  6.078647e-01 
  554.000  6.078424e-01 
  555.000  6.078161e-01 
  556.000  6.077628e-01 
  557.000  6.076628e-01 
  558.000  6.075547e-01 
  559.000  6.074339e-01 
  560.000  6.072825e-01 
  561.000  6.071030e-01 
  562.000  6.066923e-01 
  563.000  6.064684e-01 
  564.000  6.061684e-01 
  565.000  6.056988e-01 
  566.000  6.054190e-01 
  567.000  6.043522e-01 
  568.000  6.011150e-01 
  569.000  5.940231e-01 
  570.000  5.950505e-01 
  571.000  5.999350e-01 
  572.000  5.951136e-01 
  573.000  5.963284e-01 
  574.000  5.966132e-01 
  575.000  5.962830e-01 
  576.000  5.964702e-01 
  577.000  5.981917e-01 
  578.000  6.003541e-01 
  579.000  6.022107e-01 
  580.000  6.038104e-01 
  581.000  6.061790e-01 
  582.000  6.077479e-01 
  583.000  6.086676e-01 
  584.000  6.095229e-01 
  585.000  6.101279e-01 
  586.000  6.107756e-01 
  587.000  6.089382e-01 
  588.000  5.993119e-01 
  589.000  5.841730e-01 
  590.000  5.833864e-01 
  591.000  5.939826e-01 
  592.000  5.885912e-01 
  593.000  6.006703e-01 
  594.000  5.981823e-01 
  595.000  5.899459e-01 
  596.000  6.016681e-01 
  597.000  5.988073e-01 
  598.000  6.034576e-01 
  599.000  6.052176e-01 
  600.000  6.094071e-01 
  601.000  6.120907e-01 
  602.000  6.128262e-01 
  603.000  6.140794e-01 
  604.000  6.154732e-01 
  605.000  6.164530e-01 
  606.000  6.171306e-01 
  607.000  6.177840e-01 
  608.000  6.183924e-01 
  609.000  6.189733e-01 
  610.000  6.195721e-01 
  611.000  6.202371e-01 
  612.000  6.208883e-01 
  613.000  6.215191e-01 
  614.000  6.221314e-01 
  615.000  6.227420e-01 
  616.000  6.233302e-01 
  617.000  6.238858e-01 
  618.000  6.243515e-01 
  619.000  6.247455e-01 
  620.000  6.251103e-01 
  621.000  6.254236e-01 
  622.000  6.256855e-01 
  623.000  6.258607e-01 
  624.000  6.260468e-01 
  625.000  6.262015e-01 
  626.000  6.258180e-01 
  627.000  6.219082e-01 
  628.000  6.018749e-01 
  629.000  6.136303e-01 
  630.000  6.171875e-01 
  631.000  6.211113e-01 
  632.000  6.197843e-01 
  633.000  6.254360e-01 
  634.000  6.279948e-01 
  635.000  6.289706e-01 
  636.000  6.307049e-01 
  637.000  6.320869e-01 
  638.000  6.349258e-01 
  639.000  6.358393e-01 
  640.000  6.376751e-01 
  641.000  6.384439e-01 
  642.000  6.398301e-01 
  643.000  6.390259e-01 
  644.000  6.396196e-01 
  645.000  6.381649e-01 
  646.000  6.299845e-01 
  647.000  6.244291e-01 
  648.000  6.181818e-01 
  649.000  6.244084e-01 
  650.000  6.360624e-01 
  651.000  6.364229e-01 
  652.000  6.268368e-01 
  653.000  6.386506e-01 
  654.000  6.377572e-01 
  655.000  6.339468e-01 
  656.000  6.357731e-01 
  657.000  6.383999e-01 
  658.000  6.426883e-01 
  659.000  6.453434e-01 
  660.000  6.467088e-01 
  661.000  6.499464e-01 
  662.000  6.515802e-01 
  663.000  6.517104e-01 
  664.000  6.525615e-01 
  665.000  6.533556e-01 
  666.000  6.542739e-01 
  667.000  6.550537e-01 
  668.000  6.559848e-01 
  669.000  6.566313e-01 
  670.000  6.571956e-01 
  671.000  6.577941e-01 
  672.000  6.583216e-01 
  673.000  6.588382e-01 
  674.000  6.593497e-01 
  675.000  6.598625e-01 
  676.000  6.603420e-01 
  677.000  6.607834e-01 
  678.000  6.612264e-01 
  679.000  6.615764e-01 
  680.000  6.615238e-01 
  681.000  6.614002e-01 
  682.000  6.616217e-01 
  683.000  6.617013e-01 
  684.000  6.611841e-01 
  685.000  6.620995e-01 
  686.000  6.593864e-01 
  687.000  5.678156e-01 
  688.000  5.966437e-01 
  689.000  5.882578e-01 
  690.000  6.033319e-01 
  691.000  6.225467e-01 
  692.000  6.333343e-01 
  693.000  6.256137e-01 
  694.000  6.157686e-01 
  695.000  6.248050e-01 
  696.000  6.301168e-01 
  697.000  6.530994e-01 
  698.000  6.483531e-01 
  699.000  6.277307e-01 
  700.000  6.311613e-01 
  701.000  6.265914e-01 
  702.000  6.299950e-01 
  703.000  6.473084e-01 
  704.000  6.480904e-01 
  705.000  6.409864e-01 
  706.000  6.424106e-01 
  707.000  6.449963e-01 
  708.000  6.477918e-01 
  709.000  6.534826e-01 
  710.000  6.474816e-01 
  711.000  6.536622e-01 
  712.000  6.589346e-01 
  713.000  6.547372e-01 
  714.000  6.533270e-01 
  715.000  6.464702e-01 
  716.000  6.393181e-01 
  717.000  5.946244e-01 
  718.000  5.674403e-01 
  719.000  5.576999e-01 
  720.000  5.431654e-01 
  721.000  6.075227e-01 
  722.000  6.307753e-01 
  723.000  6.176327e-01 
  724.000  5.805766e-01 
  725.000  5.860045e-01 
  726.000  5.842867e-01 
  727.000  5.895202e-01 
  728.000  5.838373e-01 
  729.000  5.979990e-01 
  730.000  5.955650e-01 
  731.000  5.926249e-01 
  732.000  6.166205e-01 
  733.000  6.398115e-01 
  734.000  6.510476e-01 
  735.000  6.470946e-01 
  736.000  6.397261e-01 
  737.000  6.452885e-01 
  738.000  6.529450e-01 
  739.000  6.562491e-01 
  740.000  6.635864e-01 
  741.000  6.678321e-01 
  742.000  6.696169e-01 
  743.000  6.735408e-01 
  744.000  6.752020e-01 
  745.000  6.766093e-01 
  746.000  6.776388e-01 
  747.000  6.779091e-01 
  748.000  6.788658e-01 
  749.000  6.793777e-01 
  750.000  6.790897e-01 
  751.000  6.792732e-01 
  752.000  6.801673e-01 
  753.000  6.805381e-01 
  754.000  6.808271e-01 
  755.000  6.810097e-01 
  756.000  6.812020e-01 
  757.000  6.813346e-01 
  758.000  6.801332e-01 
  759.000  6.307449e-01 
  760.000  2.734885e-01 
  761.000  2.410726e-01 
  762.000  4.438181e-01 
  763.000  3.797489e-01 
  764.000  4.113740e-01 
  765.000  4.838886e-01 
  766.000  5.725335e-01 
  767.000  6.176949e-01 
  768.000  6.473769e-01 
  769.000  6.670308e-01 
  770.000  6.775340e-01 
  771.000  6.825546e-01 
  772.000  6.837987e-01 
  773.000  6.843564e-01 
  774.000  6.850482e-01 
  775.000  6.854708e-01 
  776.000  6.857777e-01 
  777.000  6.858536e-01 
  778.000  6.858200e-01 
  779.000  6.857775e-01 
  780.000  6.857333e-01 
  781.000  6.861348e-01 
  782.000  6.860778e-01 
  783.000  6.860346e-01 
  784.000  6.857313e-01 
  785.000  6.841259e-01 
  786.000  6.816834e-01 
  787.000  6.761312e-01 
  788.000  6.732134e-01 
  789.000  6.628393e-01 
  790.000  6.619425e-01 
  791.000  6.638925e-01 
  792.000  6.656993e-01 
  793.000  6.699178e-01 
  794.000  6.788808e-01 
  795.000  6.733931e-01 
  796.000  6.588377e-01 
  797.000  6.629856e-01 
  798.000  6.721784e-01 
  799.000  6.700742e-01 
  800.000  6.633766e-01 
  801.000  6.641684e-01 
  802.000  6.634886e-01 
  803.000  6.644637e-01 
  804.000  6.676087e-01 
  805.000  6.736407e-01 
  806.000  6.772458e-01 
  807.000  6.774019e-01 
  808.000  6.753493e-01 
  809.000  6.728275e-01 
  810.000  6.700625e-01 
  811.000  6.644080e-01 
  812.000  6.568094e-01 
  813.000  6.475307e-01 
  814.000  6.353372e-01 
  815.000  6.202316e-01 
  816.000  6.010575e-01 
  817.000  6.020763e-01 
  818.000  6.036198e-01 
  819.000  6.099418e-01 
  820.000  6.311213e-01 
  821.000  6.554742e-01 
  822.000  6.369255e-01 
  823.000  5.858877e-01 
  824.000  6.288351e-01 
  825.000  6.568437e-01 
  826.000  6.520827e-01 
  827.000  6.485283e-01 
  828.000  6.300988e-01 
  829.000  6.367093e-01 
  830.000  6.441489e-01 
  831.000  6.459072e-01 
  832.000  6.467065e-01 
  833.000  6.510176e-01 
  834.000  6.561047e-01 
  835.000  6.662101e-01 
  836.000  6.629671e-01 
  837.000  6.626330e-01 
  838.000  6.675507e-01 
  839.000  6.705413e-01 
  840.000  6.716251e-01 
  841.000  6.683818e-01 
  842.000  6.712908e-01 
  843.000  6.782127e-01 
  844.000  6.813585e-01 
  845.000  6.828231e-01 
  846.000  6.843643e-01 
  847.000  6.860635e-01 
  848.000  6.832492e-01 
  849.000  6.836038e-01 
  850.000  6.822108e-01 
  851.000  6.805533e-01 
  852.000  6.807141e-01 
  853.000  6.834430e-01 
  854.000  6.832935e-01 
  855.000  6.846650e-01 
  856.000  6.875220e-01 
  857.000  6.886131e-01 
  858.000  6.892576e-01 
  859.000  6.906224e-01 
  860.000  6.912885e-01 
  861.000  6.914027e-01 
  862.000  6.918076e-01 
  863.000  6.918601e-01 
  864.000  6.921377e-01 
  865.000  6.923646e-01 
  866.000  6.924247e-01 
  867.000  6.923829e-01 
  868.000  6.924182e-01 
  869.000  6.924934e-01 
  870.000  6.924374e-01 
  871.000  6.925085e-01 
  872.000  6.926827e-01 
  873.000  6.925079e-01 
  874.000  6.924129e-01 
  875.000  6.923901e-01 
  876.000  6.920853e-01 
  877.000  6.919669e-01 
  878.000  6.911007e-01 
  879.000  6.910411e-01 
  880.000  6.902935e-01 
  881.000  6.898540e-01 
  882.000  6.894832e-01 
  883.000  6.898465e-01 
  884.000  6.900114e-01 
  885.000  6.884688e-01 
  886.000  6.864355e-01 
  887.000  6.880932e-01 
  888.000  6.879917e-01 
  889.000  6.883703e-01 
  890.000  6.872182e-01 
  891.000  6.846033e-01 
  892.000  6.790993e-01 
  893.000  6.624766e-01 
  894.000  6.541885e-01 
  895.000  6.291970e-01 
  896.000  6.069078e-01 
  897.000  5.835663e-01 
  898.000  5.727108e-01 
  899.000  5.425952e-01 
  900.000  5.468464e-01 
  901.000  5.390894e-01 
  902.000  5.406061e-01 
  903.000  5.913121e-01 
  904.000  6.227903e-01 
  905.000  6.217015e-01 
  906.000  6.020045e-01 
  907.000  5.675375e-01 
  908.000  5.450676e-01 
  909.000  5.459706e-01 
  910.000  5.493189e-01 
  911.000  5.642031e-01 
  912.000  5.569901e-01 
  913.000  5.259086e-01 
  914.000  5.412359e-01 
  915.000  5.534185e-01 
  916.000  5.567619e-01 
  917.000  5.634503e-01 
  918.000  5.721048e-01 
  919.000  6.016462e-01 
  920.000  6.242380e-01 
  921.000  6.193029e-01 
  922.000  6.188890e-01 
  923.000  6.125891e-01 
  924.000  5.975050e-01 
  925.000  5.961449e-01 
  926.000  5.954943e-01 
  927.000  5.777730e-01 
  928.000  5.507819e-01 
  929.000  5.123987e-01 
  930.000  4.646398e-01 
  931.000  4.127270e-01 
  932.000  3.464885e-01 
  933.000  2.996468e-01 
  934.000  2.536418e-01 
  935.000  2.486707e-01 
  936.000  2.662668e-01 
  937.000  2.619433e-01 
  938.000  3.139506e-01 
  939.000  4.570333e-01 
  940.000  4.794864e-01 
  941.000  4.604544e-01 
  942.000  4.141853e-01 
  943.000  3.396857e-01 
  944.000  3.344735e-01 
  945.000  3.606097e-01 
  946.000  3.622514e-01 
  947.000  3.864236e-01 
  948.000  4.007269e-01 
  949.000  3.990712e-01 
  950.000  4.028062e-01 
  951.000  4.350885e-01 
  952.000  4.010008e-01 
  953.000  4.252565e-01 
  954.000  4.516540e-01 
  955.000  4.307059e-01 
  956.000  4.263985e-01 
  957.000  4.934763e-01 
  958.000  5.025390e-01 
  959.000  4.914435e-01 
  960.000  4.883313e-01 
  961.000  4.828167e-01 
  962.000  4.880801e-01 
  963.000  5.256729e-01 
  964.000  5.312089e-01 
  965.000  5.277156e-01 
  966.000  5.298942e-01 
  967.000  5.571654e-01 
  968.000  6.032742e-01 
  969.000  6.243817e-01 
  970.000  6.255683e-01 
  971.000  6.250772e-01 
  972.000  6.190730e-01 
  973.000  6.052750e-01 
  974.000  5.885811e-01 
  975.000  5.779107e-01 
  976.000  5.909665e-01 
  977.000  6.126760e-01 
  978.000  6.109565e-01 
  979.000  6.166602e-01 
  980.000  6.390193e-01 
  981.000  6.440223e-01 
  982.000  6.390790e-01 
  983.000  6.506346e-01 
  984.000  6.625609e-01 
  985.000  6.693595e-01 
  986.000  6.781459e-01 
  987.000  6.819671e-01 
  988.000  6.828484e-01 
  989.000  6.834110e-01 
  990.000  6.843400e-01 
  991.000  6.876129e-01 
  992.000  6.885391e-01 
  993.000  6.888825e-01 
  994.000  6.918359e-01 
  995.000  6.937155e-01 
  996.000  6.936921e-01 
  997.000  6.924227e-01 
  998.000  6.910385e-01 
  999.000  6.904838e-01 
 1000.000  6.909263e-01 
 1001.000  6.877853e-01 
 1002.000  6.827685e-01 
 1003.000  6.839527e-01 
 1004.000  6.868299e-01 
 1005.000  6.881422e-01 
 1006.000  6.885625e-01 
 1007.000  6.875989e-01 
 1008.000  6.835101e-01 
 1009.000  6.780524e-01 
 1010.000  6.804785e-01 
 1011.000  6.862755e-01 
 1012.000  6.884843e-01 
 1013.000  6.902231e-01 
 1014.000  6.909499e-01 
 1015.000  6.910878e-01 
 1016.000  6.918727e-01 
 1017.000  6.923271e-01 
 1018.000  6.913410e-01 
 1019.000  6.893216e-01 
 1020.000  6.900288e-01 
 1021.000  6.914825e-01 
 1022.000  6.890383e-01 
 1023.000  6.869946e-01 
 1024.000  6.857716e-01 
 1025.000  6.895190e-01 
 1026.000  6.911759e-01 
 1027.000  6.904728e-01 
 1028.000  6.910533e-01 
 1029.000  6.925906e-01 
 1030.000  6.940987e-01 
 1031.000  6.948732e-01 
 1032.000  6.954787e-01 
 1033.000  6.956561e-01 
 1034.000  6.960187e-01 
 1035.000  6.961924e-01 
 1036.000  6.960952e-01 
 1037.000  6.961390e-01 
 1038.000  6.962575e-01 
 1039.000  6.960328e-01 
 1040.000  6.958413e-01 
 1041.000  6.956899e-01 
 1042.000  6.956481e-01 
 1043.000  6.956453e-01 
 1044.000  6.955121e-01 
 1045.000  6.950874e-01 
 1046.000  6.948031e-01 
 1047.000  6.944673e-01 
 1048.000  6.940528e-01 
 1049.000  6.936588e-01 
 1050.000  6.932252e-01 
 1051.000  6.925761e-01 
 1052.000  6.921883e-01 
 1053.000  6.921200e-01 
 1054.000  6.914735e-01 
 1055.000  6.908153e-01 
 1056.000  6.902781e-01 
 1057.000  6.889552e-01 
 1058.000  6.864613e-01 
 1059.000  6.866185e-01 
 1060.000  6.878757e-01 
 1061.000  6.875657e-01 
 1062.000  6.859922e-01 
 1063.000  6.854112e-01 
 1064.000  6.840708e-01 
 1065.000  6.825849e-01 
 1066.000  6.827110e-01 
 1067.000  6.818296e-01 
 1068.000  6.786948e-01 
 1069.000  6.771622e-01 
 1070.000  6.776291e-01 
 1071.000  6.756175e-01 
 1072.000  6.735577e-01 
 1073.000  6.731558e-01 
 1074.000  6.734518e-01 
 1075.000  6.764825e-01 
 1076.000  6.745711e-01 
 1077.000  6.720120e-01 
 1078.000  6.690038e-01 
 1079.000  6.686037e-01 
 1080.000  6.605875e-01 
 1081.000  6.601261e-01 
 1082.000  6.636378e-01 
 1083.000  6.593803e-01 
 1084.000  6.547324e-01 
 1085.000  6.436983e-01 
 1086.000  6.462580e-01 
 1087.000  6.583764e-01 
 1088.000  6.588503e-01 
 1089.000  6.440755e-01 
 1090.000  6.412882e-01 
 1091.000  6.440657e-01 
 1092.000  6.367425e-01 
 1093.000  6.204893e-01 
 1094.000  6.134344e-01 
 1095.000  6.145455e-01 
 1096.000  6.155297e-01 
 1097.000  6.122489e-01 
 1098.000  5.732081e-01 
 1099.000  5.403557e-01 
 1100.000  5.425279e-01 
 1101.000  5.469938e-01 
 1102.000  5.447326e-01 
 1103.000  5.476565e-01 
 1104.000  5.421452e-01 
 1105.000  5.284111e-01 
 1106.000  5.147216e-01 
 1107.000  5.179646e-01 
 1108.000  5.202456e-01 
 1109.000  5.316799e-01 
 1110.000  5.298755e-01 
 1111.000  5.231816e-01 
 1112.000  4.944291e-01 
 1113.000  4.554919e-01 
 1114.000  4.444106e-01 
 1115.000  3.977926e-01 
 1116.000  3.696797e-01 
 1117.000  3.075387e-01 
 1118.000  2.529407e-01 
 1119.000  2.248069e-01 
 1120.000  1.916932e-01 
 1121.000  1.844585e-01 
 1122.000  1.526357e-01 
 1123.000  1.692056e-01 
 1124.000  1.806640e-01 
 1125.000  1.744764e-01 
 1126.000  1.721041e-01 
 1127.000  1.749968e-01 
 1128.000  1.805977e-01 
 1129.000  2.132946e-01 
 1130.000  2.940915e-01 
 1131.000  3.187019e-01 
 1132.000  2.849514e-01 
 1133.000  2.267010e-01 
 1134.000  1.312752e-01 
 1135.000  1.380823e-01 
 1136.000  2.355075e-01 
 1137.000  2.943923e-01 
 1138.000  3.550924e-01 
 1139.000  3.750956e-01 
 1140.000  3.632709e-01 
 1141.000  3.399445e-01 
 1142.000  3.315852e-01 
 1143.000  3.058095e-01 
 1144.000  2.776496e-01 
 1145.000  2.382080e-01 
 1146.000  2.474235e-01 
 1147.000  2.785011e-01 
 1148.000  3.069266e-01 
 1149.000  3.188523e-01 
 1150.000  3.200556e-01 
