  320.000  9.758511e-02 
  321.000  1.272726e-01 
  322.000  1.153965e-01 
  323.000  1.304934e-01 
  324.000  1.460644e-01 
  325.000  1.344229e-01 
  326.000  1.536522e-01 
  327.000  1.591287e-01 
  328.000  1.473601e-01 
  329.000  1.701419e-01 
  330.000  1.738252e-01 
  331.000  1.665560e-01 
  332.000  1.806594e-01 
  333.000  1.848239e-01 
  334.000  1.814029e-01 
  335.000  1.919305e-01 
  336.000  1.962352e-01 
  337.000  1.944182e-01 
  338.000  1.994805e-01 
  339.000  2.047383e-01 
  340.000  2.038720e-01 
  341.000  2.090039e-01 
  342.000  2.127764e-01 
  343.000  2.146774e-01 
  344.000  2.150663e-01 
  345.000  2.202185e-01 
  346.000  2.234867e-01 
  347.000  2.261597e-01 
  348.000  2.286702e-01 
  349.000  2.314979e-01 
  350.000  2.339213e-01 
  351.000  2.363407e-01 
  352.000  2.383298e-01 
  353.000  2.411648e-01 
  354.000  2.435842e-01 
  355.000  2.458405e-01 
  356.000  2.480435e-01 
  357.000  2.500079e-01 
  358.000  2.521253e-01 
  359.000  2.542446e-01 
  360.000  2.564190e-01 
  361.000  2.591718e-01 
  362.000  2.620449e-01 
  363.000  2.646972e-01 
  364.000  2.671431e-01 
  365.000  2.694418e-01 
  366.000  2.717966e-01 
  367.000  2.740427e-01 
  368.000  2.762723e-01 
  369.000  2.784864e-01 
  370.000  2.806813e-01 
  371.000  2.828627e-01 
  372.000  2.850295e-01 
  373.000  2.871813e-01 
  374.000  2.893018e-01 
  375.000  2.913846e-01 
  376.000  2.933995e-01 
  377.000  2.953065e-01 
  378.000  2.970800e-01 
  379.000  2.988843e-01 
  380.000  3.008713e-01 
  381.000  3.031364e-01 
  382.000  3.054874e-01 
  383.000  3.077138e-01 
  384.000  3.098288e-01 
  385.000  3.118693e-01 
  386.000  3.138600e-01 
  387.000  3.158209e-01 
  388.000  3.177591e-01 
  389.000  3.196835e-01 
  390.000  3.215946e-01 
  391.000  3.234881e-01 
  392.000  3.253696e-01 
  393.000  3.272376e-01 
  394.000  3.290901e-01 
  395.000  3.309256e-01 
  396.000  3.327510e-01 
  397.000  3.345570e-01 
  398.000  3.363481e-01 
  399.000  3.381256e-01 
  400.000  3.398803e-01 
  401.000  3.416297e-01 
  402.000  3.433667e-01 
  403.000  3.450903e-01 
  404.000  3.468000e-01 
  405.000  3.484925e-01 
  406.000  3.501751e-01 
  407.000  3.518459e-01 
  408.000  3.535036e-01 
  409.000  3.551462e-01 
  410.000  3.567745e-01 
  411.000  3.583880e-01 
  412.000  3.599855e-01 
  413.000  3.615749e-01 
  414.000  3.630514e-01 
  415.000  3.646498e-01 
  416.000  3.662292e-01 
  417.000  3.677833e-01 
  418.000  3.693029e-01 
  419.000  3.708067e-01 
  420.000  3.722980e-01 
  421.000  3.737814e-01 
  422.000  3.752566e-01 
  423.000  3.767219e-01 
  424.000  3.781708e-01 
  425.000  3.795874e-01 
  426.000  3.809911e-01 
  427.000  3.823833e-01 
  428.000  3.837517e-01 
  429.000  3.851017e-01 
  430.000  3.864368e-01 
  431.000  3.877628e-01 
  432.000  3.890756e-01 
  433.000  3.903768e-01 
  434.000  3.916678e-01 
  435.000  3.929468e-01 
  436.000  3.942122e-01 
  437.000  3.954646e-01 
  438.000  3.967034e-01 
  439.000  3.979333e-01 
  440.000  3.991440e-01 
  441.000  4.003399e-01 
  442.000  4.015176e-01 
  443.000  4.026781e-01 
  444.000  4.038208e-01 
  445.000  4.049396e-01 
  446.000  4.060277e-01 
  447.000  4.071695e-01 
  448.000  4.083943e-01 
  449.000  4.096346e-01 
  450.000  4.108517e-01 
  451.000  4.120219e-01 
  452.000  4.131515e-01 
  453.000  4.142587e-01 
  454.000  4.153462e-01 
  455.000  4.163711e-01 
  456.000  4.173136e-01 
  457.000  4.182568e-01 
  458.000  4.191876e-01 
  459.000  4.200990e-01 
  460.000  4.210035e-01 
  461.000  4.218987e-01 
  462.000  4.227771e-01 
  463.000  4.236522e-01 
  464.000  4.247918e-01 
  465.000  4.259148e-01 
  466.000  4.270185e-01 
  467.000  4.280971e-01 
  468.000  4.289760e-01 
  469.000  4.297332e-01 
  470.000  4.304297e-01 
  471.000  4.310569e-01 
  472.000  4.315896e-01 
  473.000  4.319630e-01 
  474.000  4.322697e-01 
  475.000  4.323485e-01 
  476.000  4.321966e-01 
  477.000  4.321935e-01 
  478.000  4.330810e-01 
  479.000  4.344326e-01 
  480.000  4.358922e-01 
  481.000  4.372023e-01 
  482.000  4.384316e-01 
  483.000  4.395007e-01 
  484.000  4.404200e-01 
  485.000  4.412424e-01 
  486.000  4.421196e-01 
  487.000  4.430434e-01 
  488.000  4.439379e-01 
  489.000  4.448162e-01 
  490.000  4.456843e-01 
  491.000  4.463644e-01 
  492.000  4.469861e-01 
  493.000  4.476050e-01 
  494.000  4.482065e-01 
  495.000  4.488080e-01 
  496.000  4.491180e-01 
  497.000  4.494163e-01 
  498.000  4.497102e-01 
  499.000  4.499884e-01 
  500.000  4.502622e-01 
  501.000  4.505055e-01 
  502.000  4.507489e-01 
  503.000  4.509893e-01 
  504.000  4.512187e-01 
  505.000  4.514355e-01 
  506.000  4.520707e-01 
  507.000  4.527245e-01 
  508.000  4.533775e-01 
  509.000  4.540231e-01 
  510.000  4.546551e-01 
  511.000  4.552217e-01 
  512.000  4.557691e-01 
  513.000  4.563133e-01 
  514.000  4.568510e-01 
  515.000  4.573840e-01 
  516.000  4.577648e-01 
  517.000  4.580089e-01 
  518.000  4.582464e-01 
  519.000  4.584794e-01 
  520.000  4.587101e-01 
  521.000  4.589169e-01 
  522.000  4.590660e-01 
  523.000  4.591735e-01 
  524.000  4.592846e-01 
  525.000  4.593721e-01 
  526.000  4.594950e-01 
  527.000  4.595148e-01 
  528.000  4.594928e-01 
  529.000  4.594696e-01 
  530.000  4.594516e-01 
  531.000  4.594368e-01 
  532.000  4.594700e-01 
  533.000  4.597696e-01 
  534.000  4.601480e-01 
  535.000  4.605751e-01 
  536.000  4.609881e-01 
  537.000  4.613659e-01 
  538.000  4.617037e-01 
  539.000  4.620169e-01 
  540.000  4.623106e-01 
  541.000  4.625958e-01 
  542.000  4.628686e-01 
  543.000  4.631317e-01 
  544.000  4.633306e-01 
  545.000  4.634773e-01 
  546.000  4.636171e-01 
  547.000  4.637609e-01 
  548.000  4.638975e-01 
  549.000  4.640319e-01 
  550.000  4.640971e-01 
  551.000  4.640937e-01 
  552.000  4.640929e-01 
  553.000  4.640780e-01 
  554.000  4.640565e-01 
  555.000  4.640312e-01 
  556.000  4.639800e-01 
  557.000  4.638837e-01 
  558.000  4.637797e-01 
  559.000  4.636635e-01 
  560.000  4.635182e-01 
  561.000  4.633461e-01 
  562.000  4.630327e-01 
  563.000  4.628244e-01 
  564.000  4.625562e-01 
  565.000  4.621630e-01 
  566.000  4.618565e-01 
  567.000  4.610634e-01 
  568.000  4.590403e-01 
  569.000  4.551976e-01 
  570.000  4.555412e-01 
  571.000  4.578303e-01 
  572.000  4.551066e-01 
  573.000  4.555177e-01 
  574.000  4.553642e-01 
  575.000  4.550778e-01 
  576.000  4.552433e-01 
  577.000  4.562767e-01 
  578.000  4.577303e-01 
  579.000  4.591773e-01 
  580.000  4.607421e-01 
  581.000  4.628323e-01 
  582.000  4.643549e-01 
  583.000  4.654299e-01 
  584.000  4.664066e-01 
  585.000  4.671664e-01 
  586.000  4.678808e-01 
  587.000  4.672505e-01 
  588.000  4.625503e-01 
  589.000  4.546008e-01 
  590.000  4.543472e-01 
  591.000  4.602441e-01 
  592.000  4.574745e-01 
  593.000  4.641354e-01 
  594.000  4.629276e-01 
  595.000  4.585986e-01 
  596.000  4.648414e-01 
  597.000  4.631482e-01 
  598.000  4.654996e-01 
  599.000  4.662906e-01 
  600.000  4.683783e-01 
  601.000  4.695751e-01 
  602.000  4.698106e-01 
  603.000  4.705469e-01 
  604.000  4.716390e-01 
  605.000  4.724422e-01 
  606.000  4.730587e-01 
  607.000  4.736555e-01 
  608.000  4.742373e-01 
  609.000  4.747947e-01 
  610.000  4.753734e-01 
  611.000  4.760166e-01 
  612.000  4.766466e-01 
  613.000  4.772571e-01 
  614.000  4.778498e-01 
  615.000  4.784411e-01 
  616.000  4.790109e-01 
  617.000  4.795491e-01 
  618.000  4.800004e-01 
  619.000  4.803823e-01 
  620.000  4.807359e-01 
  621.000  4.810397e-01 
  622.000  4.812936e-01 
  623.000  4.814636e-01 
  624.000  4.816445e-01 
  625.000  4.817960e-01 
  626.000  4.816386e-01 
  627.000  4.792681e-01 
  628.000  4.616536e-01 
  629.000  4.727997e-01 
  630.000  4.747971e-01 
  631.000  4.782812e-01 
  632.000  4.787308e-01 
  633.000  4.825294e-01 
  634.000  4.847757e-01 
  635.000  4.859713e-01 
  636.000  4.875286e-01 
  637.000  4.888584e-01 
  638.000  4.909001e-01 
  639.000  4.919516e-01 
  640.000  4.934082e-01 
  641.000  4.943315e-01 
  642.000  4.954635e-01 
  643.000  4.954159e-01 
  644.000  4.960763e-01 
  645.000  4.955577e-01 
  646.000  4.915531e-01 
  647.000  4.888215e-01 
  648.000  4.856842e-01 
  649.000  4.893773e-01 
  650.000  4.959979e-01 
  651.000  4.964327e-01 
  652.000  4.914245e-01 
  653.000  4.981187e-01 
  654.000  4.978625e-01 
  655.000  4.960124e-01 
  656.000  4.972411e-01 
  657.000  4.988872e-01 
  658.000  5.014493e-01 
  659.000  5.029700e-01 
  660.000  5.039645e-01 
  661.000  5.059739e-01 
  662.000  5.071331e-01 
  663.000  5.074406e-01 
  664.000  5.081149e-01 
  665.000  5.087470e-01 
  666.000  5.095213e-01 
  667.000  5.102001e-01 
  668.000  5.109558e-01 
  669.000  5.115427e-01 
  670.000  5.120806e-01 
  671.000  5.126379e-01 
  672.000  5.131525e-01 
  673.000  5.136601e-01 
  674.000  5.141640e-01 
  675.000  5.146681e-01 
  676.000  5.151440e-01 
  677.000  5.155811e-01 
  678.000  5.160186e-01 
  679.000  5.163987e-01 
  680.000  5.165315e-01 
  681.000  5.165712e-01 
  682.000  5.168616e-01 
  683.000  5.170909e-01 
  684.000  5.170412e-01 
  685.000  5.177177e-01 
  686.000  5.154641e-01 
  687.000  4.345805e-01 
  688.000  4.596291e-01 
  689.000  4.526589e-01 
  690.000  4.657717e-01 
  691.000  4.836184e-01 
  692.000  4.953284e-01 
  693.000  4.947316e-01 
  694.000  4.915031e-01 
  695.000  4.976878e-01 
  696.000  5.012161e-01 
  697.000  5.145596e-01 
  698.000  5.120665e-01 
  699.000  5.004954e-01 
  700.000  5.025892e-01 
  701.000  5.001030e-01 
  702.000  5.021645e-01 
  703.000  5.121266e-01 
  704.000  5.126850e-01 
  705.000  5.087511e-01 
  706.000  5.096551e-01 
  707.000  5.112190e-01 
  708.000  5.128994e-01 
  709.000  5.162197e-01 
  710.000  5.129168e-01 
  711.000  5.165170e-01 
  712.000  5.195979e-01 
  713.000  5.173285e-01 
  714.000  5.166413e-01 
  715.000  5.128922e-01 
  716.000  5.090080e-01 
  717.000  4.834807e-01 
  718.000  4.677669e-01 
  719.000  4.621757e-01 
  720.000  4.535898e-01 
  721.000  4.914909e-01 
  722.000  5.049677e-01 
  723.000  4.975182e-01 
  724.000  4.760866e-01 
  725.000  4.793848e-01 
  726.000  4.784331e-01 
  727.000  4.815511e-01 
  728.000  4.782732e-01 
  729.000  4.865955e-01 
  730.000  4.852056e-01 
  731.000  4.835136e-01 
  732.000  4.975043e-01 
  733.000  5.108590e-01 
  734.000  5.173029e-01 
  735.000  5.151055e-01 
  736.000  5.109464e-01 
  737.000  5.141687e-01 
  738.000  5.185772e-01 
  739.000  5.204995e-01 
  740.000  5.247043e-01 
  741.000  5.271519e-01 
  742.000  5.282069e-01 
  743.000  5.303019e-01 
  744.000  5.313442e-01 
  745.000  5.321641e-01 
  746.000  5.328295e-01 
  747.000  5.330606e-01 
  748.000  5.337348e-01 
  749.000  5.341216e-01 
  750.000  5.339944e-01 
  751.000  5.341778e-01 
  752.000  5.348200e-01 
  753.000  5.351185e-01 
  754.000  5.353664e-01 
  755.000  5.355483e-01 
  756.000  5.357360e-01 
  757.000  5.358674e-01 
  758.000  5.347294e-01 
  759.000  4.908347e-01 
  760.000  1.895226e-01 
  761.000  1.641641e-01 
  762.000  3.289623e-01 
  763.000  2.754564e-01 
  764.000  3.017412e-01 
  765.000  3.630290e-01 
  766.000  4.396973e-01 
  767.000  4.794229e-01 
  768.000  5.057628e-01 
  769.000  5.233032e-01 
  770.000  5.328490e-01 
  771.000  5.372757e-01 
  772.000  5.384039e-01 
  773.000  5.389113e-01 
  774.000  5.395917e-01 
  775.000  5.400081e-01 
  776.000  5.403022e-01 
  777.000  5.404107e-01 
  778.000  5.404352e-01 
  779.000  5.404452e-01 
  780.000  5.404508e-01 
  781.000  5.407369e-01 
  782.000  5.407344e-01 
  783.000  5.407404e-01 
  784.000  5.405633e-01 
  785.000  5.396066e-01 
  786.000  5.382171e-01 
  787.000  5.352591e-01 
  788.000  5.336253e-01 
  789.000  5.276893e-01 
  790.000  5.272119e-01 
  791.000  5.283747e-01 
  792.000  5.294500e-01 
  793.000  5.319127e-01 
  794.000  5.370989e-01 
  795.000  5.339823e-01 
  796.000  5.256199e-01 
  797.000  5.280531e-01 
  798.000  5.333876e-01 
  799.000  5.322085e-01 
  800.000  5.283788e-01 
  801.000  5.288697e-01 
  802.000  5.285098e-01 
  803.000  5.291044e-01 
  804.000  5.309480e-01 
  805.000  5.344537e-01 
  806.000  5.365564e-01 
  807.000  5.366779e-01 
  808.000  5.355322e-01 
  809.000  5.341178e-01 
  810.000  5.325666e-01 
  811.000  5.293497e-01 
  812.000  5.250108e-01 
  813.000  5.196858e-01 
  814.000  5.126463e-01 
  815.000  5.038819e-01 
  816.000  4.925898e-01 
  817.000  4.932577e-01 
  818.000  4.942077e-01 
  819.000  4.979546e-01 
  820.000  5.104343e-01 
  821.000  5.246695e-01 
  822.000  5.138872e-01 
  823.000  4.836944e-01 
  824.000  5.091845e-01 
  825.000  5.255504e-01 
  826.000  5.227726e-01 
  827.000  5.207319e-01 
  828.000  5.099899e-01 
  829.000  5.138932e-01 
  830.000  5.182582e-01 
  831.000  5.192970e-01 
  832.000  5.197566e-01 
  833.000  5.222789e-01 
  834.000  5.252428e-01 
  835.000  5.311031e-01 
  836.000  5.292433e-01 
  837.000  5.290624e-01 
  838.000  5.319293e-01 
  839.000  5.336757e-01 
  840.000  5.343252e-01 
  841.000  5.324748e-01 
  842.000  5.341774e-01 
  843.000  5.381904e-01 
  844.000  5.400205e-01 
  845.000  5.408857e-01 
  846.000  5.417943e-01 
  847.000  5.426075e-01 
  848.000  5.412042e-01 
  849.000  5.414342e-01 
  850.000  5.406597e-01 
  851.000  5.397316e-01 
  852.000  5.398487e-01 
  853.000  5.414419e-01 
  854.000  5.413780e-01 
  855.000  5.421891e-01 
  856.000  5.436976e-01 
  857.000  5.443917e-01 
  858.000  5.448036e-01 
  859.000  5.455549e-01 
  860.000  5.460567e-01 
  861.000  5.461489e-01 
  862.000  5.464243e-01 
  863.000  5.464776e-01 
  864.000  5.466728e-01 
  865.000  5.468360e-01 
  866.000  5.468938e-01 
  867.000  5.468861e-01 
  868.000  5.469280e-01 
  869.000  5.469953e-01 
  870.000  5.469784e-01 
  871.000  5.470428e-01 
  872.000  5.471736e-01 
  873.000  5.470800e-01 
  874.000  5.470376e-01 
  875.000  5.470418e-01 
  876.000  5.468645e-01 
  877.000  5.467834e-01 
  878.000  5.462906e-01 
  879.000  5.462720e-01 
  880.000  5.458626e-01 
  881.000  5.456114e-01 
  882.000  5.453709e-01 
  883.000  5.456465e-01 
  884.000  5.457682e-01 
  885.000  5.448933e-01 
  886.000  5.436783e-01 
  887.000  5.446283e-01 
  888.000  5.445866e-01 
  889.000  5.449272e-01 
  890.000  5.442550e-01 
  891.000  5.429230e-01 
  892.000  5.397679e-01 
  893.000  5.301194e-01 
  894.000  5.253258e-01 
  895.000  5.106100e-01 
  896.000  4.974167e-01 
  897.000  4.834965e-01 
  898.000  4.769888e-01 
  899.000  4.585196e-01 
  900.000  4.612162e-01 
  901.000  4.564132e-01 
  902.000  4.572957e-01 
  903.000  4.883586e-01 
  904.000  5.072756e-01 
  905.000  5.065926e-01 
  906.000  4.947861e-01 
  907.000  4.738729e-01 
  908.000  4.600752e-01 
  909.000  4.606824e-01 
  910.000  4.627797e-01 
  911.000  4.719665e-01 
  912.000  4.675359e-01 
  913.000  4.482300e-01 
  914.000  4.577932e-01 
  915.000  4.653184e-01 
  916.000  4.673596e-01 
  917.000  4.714423e-01 
  918.000  4.767176e-01 
  919.000  4.946355e-01 
  920.000  5.081480e-01 
  921.000  5.051786e-01 
  922.000  5.049358e-01 
  923.000  5.011787e-01 
  924.000  4.921292e-01 
  925.000  4.914043e-01 
  926.000  4.912358e-01 
  927.000  4.806927e-01 
  928.000  4.644470e-01 
  929.000  4.409430e-01 
  930.000  4.109702e-01 
  931.000  3.773579e-01 
  932.000  3.333102e-01 
  933.000  3.001971e-01 
  934.000  2.659757e-01 
  935.000  2.623571e-01 
  936.000  2.759813e-01 
  937.000  2.724940e-01 
  938.000  3.105135e-01 
  939.000  4.083103e-01 
  940.000  4.227253e-01 
  941.000  4.102436e-01 
  942.000  3.795867e-01 
  943.000  3.282898e-01 
  944.000  3.247181e-01 
  945.000  3.432618e-01 
  946.000  3.442716e-01 
  947.000  3.606949e-01 
  948.000  3.703128e-01 
  949.000  3.690245e-01 
  950.000  3.714786e-01 
  951.000  3.929665e-01 
  952.000  3.699439e-01 
  953.000  3.860361e-01 
  954.000  4.032413e-01 
  955.000  3.892293e-01 
  956.000  3.860255e-01 
  957.000  4.294992e-01 
  958.000  4.350692e-01 
  959.000  4.278340e-01 
  960.000  4.257178e-01 
  961.000  4.220862e-01 
  962.000  4.253660e-01 
  963.000  4.491009e-01 
  964.000  4.524916e-01 
  965.000  4.502148e-01 
  966.000  4.514852e-01 
  967.000  4.683452e-01 
  968.000  4.963813e-01 
  969.000  5.089935e-01 
  970.000  5.096692e-01 
  971.000  5.093738e-01 
  972.000  5.058034e-01 
  973.000  4.975316e-01 
  974.000  4.874321e-01 
  975.000  4.809328e-01 
  976.000  4.888918e-01 
  977.000  5.020080e-01 
  978.000  5.009421e-01 
  979.000  5.043291e-01 
  980.000  5.176613e-01 
  981.000  5.206100e-01 
  982.000  5.176430e-01 
  983.000  5.244726e-01 
  984.000  5.314957e-01 
  985.000  5.354827e-01 
  986.000  5.406225e-01 
  987.000  5.428483e-01 
  988.000  5.433602e-01 
  989.000  5.436896e-01 
  990.000  5.442367e-01 
  991.000  5.461513e-01 
  992.000  5.466999e-01 
  993.000  5.469091e-01 
  994.000  5.484235e-01 
  995.000  5.496140e-01 
  996.000  5.496094e-01 
  997.000  5.488920e-01 
  998.000  5.480593e-01 
  999.000  5.477339e-01 
 1000.000  5.480149e-01 
 1001.000  5.463589e-01 
 1002.000  5.434411e-01 
 1003.000  5.441444e-01 
 1004.000  5.458358e-01 
 1005.000  5.466127e-01 
 1006.000  5.468512e-01 
 1007.000  5.462997e-01 
 1008.000  5.439193e-01 
 1009.000  5.407295e-01 
 1010.000  5.421545e-01 
 1011.000  5.455430e-01 
 1012.000  5.468342e-01 
 1013.000  5.476586e-01 
 1014.000  5.480985e-01 
 1015.000  5.481771e-01 
 1016.000  5.486518e-01 
 1017.000  5.488524e-01 
 1018.000  5.483257e-01 
 1019.000  5.473056e-01 
 1020.000  5.475244e-01 
 1021.000  5.484064e-01 
 1022.000  5.471241e-01 
 1023.000  5.459198e-01 
 1024.000  5.451926e-01 
 1025.000  5.471709e-01 
 1026.000  5.481604e-01 
 1027.000  5.477194e-01 
 1028.000  5.480484e-01 
 1029.000  5.489664e-01 
 1030.000  5.498220e-01 
 1031.000  5.502408e-01 
 1032.000  5.505596e-01 
 1033.000  5.506490e-01 
 1034.000  5.508410e-01 
 1035.000  5.509211e-01 
 1036.000  5.507635e-01 
 1037.000  5.507125e-01 
 1038.000  5.507791e-01 
 1039.000  5.506099e-01 
 1040.000  5.504444e-01 
 1041.000  5.503114e-01 
 1042.000  5.502601e-01 
 1043.000  5.502262e-01 
 1044.000  5.500897e-01 
 1045.000  5.497509e-01 
 1046.000  5.495088e-01 
 1047.000  5.492073e-01 
 1048.000  5.487470e-01 
 1049.000  5.482396e-01 
 1050.000  5.478719e-01 
 1051.000  5.474524e-01 
 1052.000  5.470819e-01 
 1053.000  5.469117e-01 
 1054.000  5.463953e-01 
 1055.000  5.458645e-01 
 1056.000  5.453627e-01 
 1057.000  5.444357e-01 
 1058.000  5.427572e-01 
 1059.000  5.426873e-01 
 1060.000  5.432719e-01 
 1061.000  5.429754e-01 
 1062.000  5.418791e-01 
 1063.000  5.413162e-01 
 1064.000  5.403494e-01 
 1065.000  5.394303e-01 
 1066.000  5.394866e-01 
 1067.000  5.389094e-01 
 1068.000  5.374105e-01 
 1069.000  5.369487e-01 
 1070.000  5.375481e-01 
 1071.000  5.366694e-01 
 1072.000  5.356787e-01 
 1073.000  5.356670e-01 
 1074.000  5.360595e-01 
 1075.000  5.380438e-01 
 1076.000  5.371215e-01 
 1077.000  5.358037e-01 
 1078.000  5.342103e-01 
 1079.000  5.341437e-01 
 1080.000  5.295596e-01 
 1081.000  5.294154e-01 
 1082.000  5.316032e-01 
 1083.000  5.292261e-01 
 1084.000  5.265887e-01 
 1085.000  5.201394e-01 
 1086.000  5.217636e-01 
 1087.000  5.290425e-01 
 1088.000  5.293994e-01 
 1089.000  5.207232e-01 
 1090.000  5.191537e-01 
 1091.000  5.208923e-01 
 1092.000  5.166329e-01 
 1093.000  5.069652e-01 
 1094.000  5.027711e-01 
 1095.000  5.035064e-01 
 1096.000  5.041847e-01 
 1097.000  5.023140e-01 
 1098.000  4.786266e-01 
 1099.000  4.583812e-01 
 1100.000  4.597963e-01 
 1101.000  4.626414e-01 
 1102.000  4.613495e-01 
 1103.000  4.632531e-01 
 1104.000  4.598995e-01 
 1105.000  4.514126e-01 
 1106.000  4.427985e-01 
 1107.000  4.450130e-01 
 1108.000  4.466756e-01 
 1109.000  4.541573e-01 
 1110.000  4.533939e-01 
 1111.000  4.493857e-01 
 1112.000  4.313679e-01 
 1113.000  4.067290e-01 
 1114.000  4.002481e-01 
 1115.000  3.699066e-01 
 1116.000  3.510486e-01 
 1117.000  3.070778e-01 
 1118.000  2.669315e-01 
 1119.000  2.457777e-01 
 1120.000  2.193852e-01 
 1121.000  2.135752e-01 
 1122.000  1.860920e-01 
 1123.000  2.011760e-01 
 1124.000  2.113420e-01 
 1125.000  2.060451e-01 
 1126.000  2.039042e-01 
 1127.000  2.061843e-01 
 1128.000  2.106058e-01 
 1129.000  2.376831e-01 
 1130.000  3.011013e-01 
 1131.000  3.194464e-01 
 1132.000  2.944044e-01 
 1133.000  2.485412e-01 
 1134.000  1.660118e-01 
 1135.000  1.722204e-01 
 1136.000  2.550479e-01 
 1137.000  3.004116e-01 
 1138.000  3.441645e-01 
 1139.000  3.572215e-01 
 1140.000  3.488956e-01 
 1141.000  3.318585e-01 
 1142.000  3.259044e-01 
 1143.000  3.072154e-01 
 1144.000  2.861279e-01 
 1145.000  2.556639e-01 
 1146.000  2.628472e-01 
 1147.000  2.866500e-01 
 1148.000  3.077858e-01 
 1149.000  3.162752e-01 
 1150.000  3.165828e-01 
