  320.000  1.021936e-01 
  321.000  1.326912e-01 
  322.000  1.205071e-01 
  323.000  1.359921e-01 
  324.000  1.519320e-01 
  325.000  1.400175e-01 
  326.000  1.596889e-01 
  327.000  1.652836e-01 
  328.000  1.532570e-01 
  329.000  1.765247e-01 
  330.000  1.802814e-01 
  331.000  1.728659e-01 
  332.000  1.872483e-01 
  333.000  1.914916e-01 
  334.000  1.880060e-01 
  335.000  1.987288e-01 
  336.000  2.031105e-01 
  337.000  2.012612e-01 
  338.000  2.064128e-01 
  339.000  2.117610e-01 
  340.000  2.108799e-01 
  341.000  2.160981e-01 
  342.000  2.199327e-01 
  343.000  2.218646e-01 
  344.000  2.222598e-01 
  345.000  2.274940e-01 
  346.000  2.308132e-01 
  347.000  2.335273e-01 
  348.000  2.360760e-01 
  349.000  2.389460e-01 
  350.000  2.414052e-01 
  351.000  2.438600e-01 
  352.000  2.458778e-01 
  353.000  2.487533e-01 
  354.000  2.512068e-01 
  355.000  2.534945e-01 
  356.000  2.557279e-01 
  357.000  2.577190e-01 
  358.000  2.598650e-01 
  359.000  2.620126e-01 
  360.000  2.642157e-01 
  361.000  2.670044e-01 
  362.000  2.699145e-01 
  363.000  2.726004e-01 
  364.000  2.750770e-01 
  365.000  2.774041e-01 
  366.000  2.797877e-01 
  367.000  2.820609e-01 
  368.000  2.843172e-01 
  369.000  2.865574e-01 
  370.000  2.887779e-01 
  371.000  2.909844e-01 
  372.000  2.931760e-01 
  373.000  2.953521e-01 
  374.000  2.974962e-01 
  375.000  2.996019e-01 
  376.000  3.016388e-01 
  377.000  3.035664e-01 
  378.000  3.053589e-01 
  379.000  3.071823e-01 
  380.000  3.091901e-01 
  381.000  3.114787e-01 
  382.000  3.138537e-01 
  383.000  3.161027e-01 
  384.000  3.182388e-01 
  385.000  3.202994e-01 
  386.000  3.223096e-01 
  387.000  3.242894e-01 
  388.000  3.262461e-01 
  389.000  3.281887e-01 
  390.000  3.301176e-01 
  391.000  3.320287e-01 
  392.000  3.339274e-01 
  393.000  3.358123e-01 
  394.000  3.376814e-01 
  395.000  3.395332e-01 
  396.000  3.413746e-01 
  397.000  3.431962e-01 
  398.000  3.450027e-01 
  399.000  3.467954e-01 
  400.000  3.485647e-01 
  401.000  3.503287e-01 
  402.000  3.520800e-01 
  403.000  3.538176e-01 
  404.000  3.555412e-01 
  405.000  3.572471e-01 
  406.000  3.589431e-01 
  407.000  3.606270e-01 
  408.000  3.622974e-01 
  409.000  3.639526e-01 
  410.000  3.655933e-01 
  411.000  3.672189e-01 
  412.000  3.688282e-01 
  413.000  3.704294e-01 
  414.000  3.719166e-01 
  415.000  3.735265e-01 
  416.000  3.751172e-01 
  417.000  3.766823e-01 
  418.000  3.782125e-01 
  419.000  3.797268e-01 
  420.000  3.812283e-01 
  421.000  3.827218e-01 
  422.000  3.842069e-01 
  423.000  3.856819e-01 
  424.000  3.871404e-01 
  425.000  3.885662e-01 
  426.000  3.899790e-01 
  427.000  3.913802e-01 
  428.000  3.927572e-01 
  429.000  3.941157e-01 
  430.000  3.954591e-01 
  431.000  3.967932e-01 
  432.000  3.981141e-01 
  433.000  3.994232e-01 
  434.000  4.007219e-01 
  435.000  4.020085e-01 
  436.000  4.032814e-01 
  437.000  4.045411e-01 
  438.000  4.057870e-01 
  439.000  4.070240e-01 
  440.000  4.082415e-01 
  441.000  4.094442e-01 
  442.000  4.106284e-01 
  443.000  4.117953e-01 
  444.000  4.129443e-01 
  445.000  4.140691e-01 
  446.000  4.151632e-01 
  447.000  4.163110e-01 
  448.000  4.175423e-01 
  449.000  4.187892e-01 
  450.000  4.200126e-01 
  451.000  4.211887e-01 
  452.000  4.223242e-01 
  453.000  4.234369e-01 
  454.000  4.245298e-01 
  455.000  4.255598e-01 
  456.000  4.265069e-01 
  457.000  4.274547e-01 
  458.000  4.283900e-01 
  459.000  4.293058e-01 
  460.000  4.302146e-01 
  461.000  4.311141e-01 
  462.000  4.319967e-01 
  463.000  4.328758e-01 
  464.000  4.340206e-01 
  465.000  4.351488e-01 
  466.000  4.362575e-01 
  467.000  4.373409e-01 
  468.000  4.382238e-01 
  469.000  4.389843e-01 
  470.000  4.396839e-01 
  471.000  4.403138e-01 
  472.000  4.408489e-01 
  473.000  4.412239e-01 
  474.000  4.415319e-01 
  475.000  4.416110e-01 
  476.000  4.414585e-01 
  477.000  4.414554e-01 
  478.000  4.423467e-01 
  479.000  4.437040e-01 
  480.000  4.451698e-01 
  481.000  4.464853e-01 
  482.000  4.477196e-01 
  483.000  4.487931e-01 
  484.000  4.497160e-01 
  485.000  4.505416e-01 
  486.000  4.514224e-01 
  487.000  4.523498e-01 
  488.000  4.532478e-01 
  489.000  4.541294e-01 
  490.000  4.550009e-01 
  491.000  4.556835e-01 
  492.000  4.563076e-01 
  493.000  4.569287e-01 
  494.000  4.575324e-01 
  495.000  4.581361e-01 
  496.000  4.584473e-01 
  497.000  4.587467e-01 
  498.000  4.590417e-01 
  499.000  4.593209e-01 
  500.000  4.595957e-01 
  501.000  4.598399e-01 
  502.000  4.600842e-01 
  503.000  4.603254e-01 
  504.000  4.605556e-01 
  505.000  4.607732e-01 
  506.000  4.614107e-01 
  507.000  4.620668e-01 
  508.000  4.627221e-01 
  509.000  4.633699e-01 
  510.000  4.640041e-01 
  511.000  4.645727e-01 
  512.000  4.651220e-01 
  513.000  4.656681e-01 
  514.000  4.662075e-01 
  515.000  4.667423e-01 
  516.000  4.671244e-01 
  517.000  4.673694e-01 
  518.000  4.676076e-01 
  519.000  4.678414e-01 
  520.000  4.680729e-01 
  521.000  4.682803e-01 
  522.000  4.684299e-01 
  523.000  4.685378e-01 
  524.000  4.686492e-01 
  525.000  4.687371e-01 
  526.000  4.688604e-01 
  527.000  4.688802e-01 
  528.000  4.688582e-01 
  529.000  4.688349e-01 
  530.000  4.688168e-01 
  531.000  4.688019e-01 
  532.000  4.688353e-01 
  533.000  4.691358e-01 
  534.000  4.695155e-01 
  535.000  4.699440e-01 
  536.000  4.703583e-01 
  537.000  4.707373e-01 
  538.000  4.710763e-01 
  539.000  4.713904e-01 
  540.000  4.716851e-01 
  541.000  4.719712e-01 
  542.000  4.722448e-01 
  543.000  4.725087e-01 
  544.000  4.727083e-01 
  545.000  4.728554e-01 
  546.000  4.729957e-01 
  547.000  4.731399e-01 
  548.000  4.732769e-01 
  549.000  4.734118e-01 
  550.000  4.734772e-01 
  551.000  4.734738e-01 
  552.000  4.734730e-01 
  553.000  4.734580e-01 
  554.000  4.734364e-01 
  555.000  4.734111e-01 
  556.000  4.733597e-01 
  557.000  4.732631e-01 
  558.000  4.731587e-01 
  559.000  4.730421e-01 
  560.000  4.728961e-01 
  561.000  4.727229e-01 
  562.000  4.723379e-01 
  563.000  4.721229e-01 
  564.000  4.718363e-01 
  565.000  4.713914e-01 
  566.000  4.711164e-01 
  567.000  4.701372e-01 
  568.000  4.672509e-01 
  569.000  4.613385e-01 
  570.000  4.621498e-01 
  571.000  4.661629e-01 
  572.000  4.620757e-01 
  573.000  4.630358e-01 
  574.000  4.632262e-01 
  575.000  4.629180e-01 
  576.000  4.630946e-01 
  577.000  4.645858e-01 
  578.000  4.664284e-01 
  579.000  4.681246e-01 
  580.000  4.696724e-01 
  581.000  4.719014e-01 
  582.000  4.734179e-01 
  583.000  4.743621e-01 
  584.000  4.752367e-01 
  585.000  4.758639e-01 
  586.000  4.764837e-01 
  587.000  4.751124e-01 
  588.000  4.670380e-01 
  589.000  4.542810e-01 
  590.000  4.536609e-01 
  591.000  4.626695e-01 
  592.000  4.581469e-01 
  593.000  4.684151e-01 
  594.000  4.663417e-01 
  595.000  4.593996e-01 
  596.000  4.693115e-01 
  597.000  4.668479e-01 
  598.000  4.707509e-01 
  599.000  4.722047e-01 
  600.000  4.757178e-01 
  601.000  4.779038e-01 
  602.000  4.784825e-01 
  603.000  4.795801e-01 
  604.000  4.808456e-01 
  605.000  4.817746e-01 
  606.000  4.824257e-01 
  607.000  4.830540e-01 
  608.000  4.836429e-01 
  609.000  4.842054e-01 
  610.000  4.847861e-01 
  611.000  4.854310e-01 
  612.000  4.860628e-01 
  613.000  4.866750e-01 
  614.000  4.872693e-01 
  615.000  4.878621e-01 
  616.000  4.884333e-01 
  617.000  4.889729e-01 
  618.000  4.894254e-01 
  619.000  4.898082e-01 
  620.000  4.901627e-01 
  621.000  4.904673e-01 
  622.000  4.907219e-01 
  623.000  4.908921e-01 
  624.000  4.910732e-01 
  625.000  4.912237e-01 
  626.000  4.908807e-01 
  627.000  4.875851e-01 
  628.000  4.699049e-01 
  629.000  4.803833e-01 
  630.000  4.834569e-01 
  631.000  4.869773e-01 
  632.000  4.860206e-01 
  633.000  4.909963e-01 
  634.000  4.933150e-01 
  635.000  4.943042e-01 
  636.000  4.959571e-01 
  637.000  4.972995e-01 
  638.000  4.998333e-01 
  639.000  5.008045e-01 
  640.000  5.025149e-01 
  641.000  5.032961e-01 
  642.000  5.045581e-01 
  643.000  5.040186e-01 
  644.000  5.046186e-01 
  645.000  5.035054e-01 
  646.000  4.965813e-01 
  647.000  4.919049e-01 
  648.000  4.866370e-01 
  649.000  4.920402e-01 
  650.000  5.020953e-01 
  651.000  5.024709e-01 
  652.000  4.943207e-01 
  653.000  5.045136e-01 
  654.000  5.038128e-01 
  655.000  5.006080e-01 
  656.000  5.022386e-01 
  657.000  5.045533e-01 
  658.000  5.082991e-01 
  659.000  5.106447e-01 
  660.000  5.118837e-01 
  661.000  5.146374e-01 
  662.000  5.161503e-01 
  663.000  5.163342e-01 
  664.000  5.171185e-01 
  665.000  5.178744e-01 
  666.000  5.186863e-01 
  667.000  5.194643e-01 
  668.000  5.203577e-01 
  669.000  5.209868e-01 
  670.000  5.215395e-01 
  671.000  5.221240e-01 
  672.000  5.226425e-01 
  673.000  5.231509e-01 
  674.000  5.236545e-01 
  675.000  5.241593e-01 
  676.000  5.246320e-01 
  677.000  5.250671e-01 
  678.000  5.255037e-01 
  679.000  5.258534e-01 
  680.000  5.258268e-01 
  681.000  5.257175e-01 
  682.000  5.260116e-01 
  683.000  5.260827e-01 
  684.000  5.257540e-01 
  685.000  5.265818e-01 
  686.000  5.241878e-01 
  687.000  4.428854e-01 
  688.000  4.683386e-01 
  689.000  4.609886e-01 
  690.000  4.743471e-01 
  691.000  4.915529e-01 
  692.000  5.014376e-01 
  693.000  4.952778e-01 
  694.000  4.871440e-01 
  695.000  4.950088e-01 
  696.000  4.996424e-01 
  697.000  5.194229e-01 
  698.000  5.153929e-01 
  699.000  4.977432e-01 
  700.000  5.007164e-01 
  701.000  4.968368e-01 
  702.000  4.997896e-01 
  703.000  5.146827e-01 
  704.000  5.153936e-01 
  705.000  5.093274e-01 
  706.000  5.105812e-01 
  707.000  5.128326e-01 
  708.000  5.152653e-01 
  709.000  5.201872e-01 
  710.000  5.150590e-01 
  711.000  5.204017e-01 
  712.000  5.249666e-01 
  713.000  5.213829e-01 
  714.000  5.201945e-01 
  715.000  5.143222e-01 
  716.000  5.081881e-01 
  717.000  4.699163e-01 
  718.000  4.467451e-01 
  719.000  4.384739e-01 
  720.000  4.261799e-01 
  721.000  4.810367e-01 
  722.000  5.009995e-01 
  723.000  4.897634e-01 
  724.000  4.581175e-01 
  725.000  4.627641e-01 
  726.000  4.613235e-01 
  727.000  4.658138e-01 
  728.000  4.609900e-01 
  729.000  4.731095e-01 
  730.000  4.710618e-01 
  731.000  4.685837e-01 
  732.000  4.891395e-01 
  733.000  5.090789e-01 
  734.000  5.187767e-01 
  735.000  5.154017e-01 
  736.000  5.090852e-01 
  737.000  5.138868e-01 
  738.000  5.204945e-01 
  739.000  5.233591e-01 
  740.000  5.297019e-01 
  741.000  5.333824e-01 
  742.000  5.349404e-01 
  743.000  5.383444e-01 
  744.000  5.397244e-01 
  745.000  5.409154e-01 
  746.000  5.418627e-01 
  747.000  5.421222e-01 
  748.000  5.429757e-01 
  749.000  5.434667e-01 
  750.000  5.432225e-01 
  751.000  5.434048e-01 
  752.000  5.442383e-01 
  753.000  5.445966e-01 
  754.000  5.448779e-01 
  755.000  5.450592e-01 
  756.000  5.452495e-01 
  757.000  5.453811e-01 
  758.000  5.442377e-01 
  759.000  4.999588e-01 
  760.000  1.947854e-01 
  761.000  1.689515e-01 
  762.000  3.363406e-01 
  763.000  2.821069e-01 
  764.000  3.087577e-01 
  765.000  3.708256e-01 
  766.000  4.483275e-01 
  767.000  4.884334e-01 
  768.000  5.150068e-01 
  769.000  5.326953e-01 
  770.000  5.423082e-01 
  771.000  5.467755e-01 
  772.000  5.479111e-01 
  773.000  5.484163e-01 
  774.000  5.490732e-01 
  775.000  5.494926e-01 
  776.000  5.497962e-01 
  777.000  5.498761e-01 
  778.000  5.498505e-01 
  779.000  5.498154e-01 
  780.000  5.497782e-01 
  781.000  5.501618e-01 
  782.000  5.501125e-01 
  783.000  5.500763e-01 
  784.000  5.497642e-01 
  785.000  5.483719e-01 
  786.000  5.463972e-01 
  787.000  5.416148e-01 
  788.000  5.391067e-01 
  789.000  5.301733e-01 
  790.000  5.294098e-01 
  791.000  5.311001e-01 
  792.000  5.326686e-01 
  793.000  5.363172e-01 
  794.000  5.440611e-01 
  795.000  5.393358e-01 
  796.000  5.268002e-01 
  797.000  5.303832e-01 
  798.000  5.383189e-01 
  799.000  5.365149e-01 
  800.000  5.307510e-01 
  801.000  5.314434e-01 
  802.000  5.308675e-01 
  803.000  5.317184e-01 
  804.000  5.344410e-01 
  805.000  5.396545e-01 
  806.000  5.427769e-01 
  807.000  5.429218e-01 
  808.000  5.411594e-01 
  809.000  5.389914e-01 
  810.000  5.366123e-01 
  811.000  5.317410e-01 
  812.000  5.251936e-01 
  813.000  5.172043e-01 
  814.000  5.067151e-01 
  815.000  4.937349e-01 
  816.000  4.773144e-01 
  817.000  4.781835e-01 
  818.000  4.795110e-01 
  819.000  4.849407e-01 
  820.000  5.031207e-01 
  821.000  5.240723e-01 
  822.000  5.081242e-01 
  823.000  4.644185e-01 
  824.000  5.011967e-01 
  825.000  5.252948e-01 
  826.000  5.212169e-01 
  827.000  5.181655e-01 
  828.000  5.023285e-01 
  829.000  5.080144e-01 
  830.000  5.144221e-01 
  831.000  5.159469e-01 
  832.000  5.166534e-01 
  833.000  5.203770e-01 
  834.000  5.247728e-01 
  835.000  5.334989e-01 
  836.000  5.307137e-01 
  837.000  5.304382e-01 
  838.000  5.346891e-01 
  839.000  5.372801e-01 
  840.000  5.382243e-01 
  841.000  5.354346e-01 
  842.000  5.379539e-01 
  843.000  5.439397e-01 
  844.000  5.466673e-01 
  845.000  5.479417e-01 
  846.000  5.492826e-01 
  847.000  5.507596e-01 
  848.000  5.483344e-01 
  849.000  5.486483e-01 
  850.000  5.474516e-01 
  851.000  5.460266e-01 
  852.000  5.461732e-01 
  853.000  5.485395e-01 
  854.000  5.484186e-01 
  855.000  5.496122e-01 
  856.000  5.519482e-01 
  857.000  5.529746e-01 
  858.000  5.535518e-01 
  859.000  5.547329e-01 
  860.000  5.553149e-01 
  861.000  5.554256e-01 
  862.000  5.558115e-01 
  863.000  5.558639e-01 
  864.000  5.561293e-01 
  865.000  5.563468e-01 
  866.000  5.564063e-01 
  867.000  5.563694e-01 
  868.000  5.564054e-01 
  869.000  5.564793e-01 
  870.000  5.564288e-01 
  871.000  5.564987e-01 
  872.000  5.566666e-01 
  873.000  5.565032e-01 
  874.000  5.564157e-01 
  875.000  5.563967e-01 
  876.000  5.561101e-01 
  877.000  5.560191e-01 
  878.000  5.552832e-01 
  879.000  5.552348e-01 
  880.000  5.546009e-01 
  881.000  5.542173e-01 
  882.000  5.538489e-01 
  883.000  5.542216e-01 
  884.000  5.543730e-01 
  885.000  5.530517e-01 
  886.000  5.513734e-01 
  887.000  5.526181e-01 
  888.000  5.527278e-01 
  889.000  5.529855e-01 
  890.000  5.520677e-01 
  891.000  5.498134e-01 
  892.000  5.450623e-01 
  893.000  5.307301e-01 
  894.000  5.235860e-01 
  895.000  5.021133e-01 
  896.000  4.829970e-01 
  897.000  4.630215e-01 
  898.000  4.537517e-01 
  899.000  4.281613e-01 
  900.000  4.317567e-01 
  901.000  4.251907e-01 
  902.000  4.265046e-01 
  903.000  4.696433e-01 
  904.000  4.965723e-01 
  905.000  4.956616e-01 
  906.000  4.788157e-01 
  907.000  4.494291e-01 
  908.000  4.303390e-01 
  909.000  4.310989e-01 
  910.000  4.339407e-01 
  911.000  4.465874e-01 
  912.000  4.404652e-01 
  913.000  4.141315e-01 
  914.000  4.271150e-01 
  915.000  4.374644e-01 
  916.000  4.403196e-01 
  917.000  4.460232e-01 
  918.000  4.534050e-01 
  919.000  4.786197e-01 
  920.000  4.979809e-01 
  921.000  4.937707e-01 
  922.000  4.934263e-01 
  923.000  4.880380e-01 
  924.000  4.751410e-01 
  925.000  4.739606e-01 
  926.000  4.733451e-01 
  927.000  4.581686e-01 
  928.000  4.351210e-01 
  929.000  4.024977e-01 
  930.000  3.621794e-01 
  931.000  3.187330e-01 
  932.000  2.637609e-01 
  933.000  2.255169e-01 
  934.000  1.884720e-01 
  935.000  1.844624e-01 
  936.000  1.984968e-01 
  937.000  1.950899e-01 
  938.000  2.371780e-01 
  939.000  3.552479e-01 
  940.000  3.741002e-01 
  941.000  3.582063e-01 
  942.000  3.196848e-01 
  943.000  2.583266e-01 
  944.000  2.540384e-01 
  945.000  2.753964e-01 
  946.000  2.767842e-01 
  947.000  2.967530e-01 
  948.000  3.086073e-01 
  949.000  3.072858e-01 
  950.000  3.104002e-01 
  951.000  3.372408e-01 
  952.000  3.089983e-01 
  953.000  3.291793e-01 
  954.000  3.512501e-01 
  955.000  3.338417e-01 
  956.000  3.303575e-01 
  957.000  3.865620e-01 
  958.000  3.942606e-01 
  959.000  3.849734e-01 
  960.000  3.823985e-01 
  961.000  3.777963e-01 
  962.000  3.822547e-01 
  963.000  4.139962e-01 
  964.000  4.187106e-01 
  965.000  4.157877e-01 
  966.000  4.176665e-01 
  967.000  4.408298e-01 
  968.000  4.801745e-01 
  969.000  4.982752e-01 
  970.000  4.993101e-01 
  971.000  4.988960e-01 
  972.000  4.937486e-01 
  973.000  4.819350e-01 
  974.000  4.676749e-01 
  975.000  4.585789e-01 
  976.000  4.697196e-01 
  977.000  4.882863e-01 
  978.000  4.868311e-01 
  979.000  4.917344e-01 
  980.000  5.109258e-01 
  981.000  5.152385e-01 
  982.000  5.110086e-01 
  983.000  5.209554e-01 
  984.000  5.312319e-01 
  985.000  5.371000e-01 
  986.000  5.446875e-01 
  987.000  5.479951e-01 
  988.000  5.487641e-01 
  989.000  5.492569e-01 
  990.000  5.500645e-01 
  991.000  5.528961e-01 
  992.000  5.537005e-01 
  993.000  5.540013e-01 
  994.000  5.565566e-01 
  995.000  5.581031e-01 
  996.000  5.580853e-01 
  997.000  5.570027e-01 
  998.000  5.558816e-01 
  999.000  5.554054e-01 
 1000.000  5.557905e-01 
 1001.000  5.530806e-01 
 1002.000  5.487520e-01 
 1003.000  5.497774e-01 
 1004.000  5.522648e-01 
 1005.000  5.534014e-01 
 1006.000  5.537618e-01 
 1007.000  5.529320e-01 
 1008.000  5.494037e-01 
 1009.000  5.446947e-01 
 1010.000  5.467898e-01 
 1011.000  5.517946e-01 
 1012.000  5.537037e-01 
 1013.000  5.552054e-01 
 1014.000  5.558341e-01 
 1015.000  5.559521e-01 
 1016.000  5.566299e-01 
 1017.000  5.568321e-01 
 1018.000  5.561693e-01 
 1019.000  5.544245e-01 
 1020.000  5.550338e-01 
 1021.000  5.562885e-01 
 1022.000  5.541733e-01 
 1023.000  5.524045e-01 
 1024.000  5.513443e-01 
 1025.000  5.545781e-01 
 1026.000  5.560039e-01 
 1027.000  5.553927e-01 
 1028.000  5.558871e-01 
 1029.000  5.571416e-01 
 1030.000  5.584345e-01 
 1031.000  5.590891e-01 
 1032.000  5.595999e-01 
 1033.000  5.597553e-01 
 1034.000  5.600083e-01 
 1035.000  5.601990e-01 
 1036.000  5.600939e-01 
 1037.000  5.601248e-01 
 1038.000  5.602360e-01 
 1039.000  5.600194e-01 
 1040.000  5.598318e-01 
 1041.000  5.596833e-01 
 1042.000  5.596404e-01 
 1043.000  5.596334e-01 
 1044.000  5.595001e-01 
 1045.000  5.590881e-01 
 1046.000  5.588102e-01 
 1047.000  5.584800e-01 
 1048.000  5.580606e-01 
 1049.000  5.576621e-01 
 1050.000  5.572525e-01 
 1051.000  5.566482e-01 
 1052.000  5.562868e-01 
 1053.000  5.561815e-01 
 1054.000  5.555673e-01 
 1055.000  5.549415e-01 
 1056.000  5.544147e-01 
 1057.000  5.532367e-01 
 1058.000  5.510125e-01 
 1059.000  5.511007e-01 
 1060.000  5.520725e-01 
 1061.000  5.518345e-01 
 1062.000  5.504307e-01 
 1063.000  5.498860e-01 
 1064.000  5.486926e-01 
 1065.000  5.474798e-01 
 1066.000  5.473937e-01 
 1067.000  5.468404e-01 
 1068.000  5.441800e-01 
 1069.000  5.429580e-01 
 1070.000  5.434413e-01 
 1071.000  5.417858e-01 
 1072.000  5.400735e-01 
 1073.000  5.397902e-01 
 1074.000  5.401095e-01 
 1075.000  5.427794e-01 
 1076.000  5.411886e-01 
 1077.000  5.390362e-01 
 1078.000  5.364936e-01 
 1079.000  5.361956e-01 
 1080.000  5.293332e-01 
 1081.000  5.289726e-01 
 1082.000  5.320259e-01 
 1083.000  5.283935e-01 
 1084.000  5.244225e-01 
 1085.000  5.149668e-01 
 1086.000  5.171880e-01 
 1087.000  5.276245e-01 
 1088.000  5.280564e-01 
 1089.000  5.153704e-01 
 1090.000  5.129927e-01 
 1091.000  5.153916e-01 
 1092.000  5.091190e-01 
 1093.000  4.951882e-01 
 1094.000  4.891570e-01 
 1095.000  4.901127e-01 
 1096.000  4.909492e-01 
 1097.000  4.881406e-01 
 1098.000  4.548025e-01 
 1099.000  4.268795e-01 
 1100.000  4.287232e-01 
 1101.000  4.325090e-01 
 1102.000  4.305831e-01 
 1103.000  4.330493e-01 
 1104.000  4.283542e-01 
 1105.000  4.166998e-01 
 1106.000  4.051300e-01 
 1107.000  4.078390e-01 
 1108.000  4.097190e-01 
 1109.000  4.193201e-01 
 1110.000  4.176951e-01 
 1111.000  4.119825e-01 
 1112.000  3.876525e-01 
 1113.000  3.547959e-01 
 1114.000  3.453081e-01 
 1115.000  3.063063e-01 
 1116.000  2.829841e-01 
 1117.000  2.321285e-01 
 1118.000  1.879706e-01 
 1119.000  1.653919e-01 
 1120.000  1.392246e-01 
 1121.000  1.335301e-01 
 1122.000  1.089111e-01 
 1123.000  1.215707e-01 
 1124.000  1.303906e-01 
 1125.000  1.256003e-01 
 1126.000  1.237859e-01 
 1127.000  1.260743e-01 
 1128.000  1.304974e-01 
 1129.000  1.561044e-01 
 1130.000  2.203723e-01 
 1131.000  2.402301e-01 
 1132.000  2.129757e-01 
 1133.000  1.666695e-01 
 1134.000  9.275868e-02 
 1135.000  9.794705e-02 
 1136.000  1.737523e-01 
 1137.000  2.208310e-01 
 1138.000  2.702467e-01 
 1139.000  2.869218e-01 
 1140.000  2.772263e-01 
 1141.000  2.582674e-01 
 1142.000  2.514330e-01 
 1143.000  2.304687e-01 
 1144.000  2.077691e-01 
 1145.000  1.762437e-01 
 1146.000  1.835827e-01 
 1147.000  2.084697e-01 
 1148.000  2.314226e-01 
 1149.000  2.411555e-01 
 1150.000  2.422742e-01 
