  320.000  2.166336e-01 
  321.000  2.627245e-01 
  322.000  2.446830e-01 
  323.000  2.675365e-01 
  324.000  2.903605e-01 
  325.000  2.733635e-01 
  326.000  3.012389e-01 
  327.000  3.089992e-01 
  328.000  2.922289e-01 
  329.000  3.243877e-01 
  330.000  3.294728e-01 
  331.000  3.194079e-01 
  332.000  3.388306e-01 
  333.000  3.444856e-01 
  334.000  3.398428e-01 
  335.000  3.540554e-01 
  336.000  3.598050e-01 
  337.000  3.573824e-01 
  338.000  3.641169e-01 
  339.000  3.710621e-01 
  340.000  3.699211e-01 
  341.000  3.766607e-01 
  342.000  3.815862e-01 
  343.000  3.840591e-01 
  344.000  3.845643e-01 
  345.000  3.912334e-01 
  346.000  3.954417e-01 
  347.000  3.988710e-01 
  348.000  4.020818e-01 
  349.000  4.056868e-01 
  350.000  4.087667e-01 
  351.000  4.118329e-01 
  352.000  4.143472e-01 
  353.000  4.179209e-01 
  354.000  4.209617e-01 
  355.000  4.237900e-01 
  356.000  4.265448e-01 
  357.000  4.289954e-01 
  358.000  4.316311e-01 
  359.000  4.342630e-01 
  360.000  4.369572e-01 
  361.000  4.403590e-01 
  362.000  4.438991e-01 
  363.000  4.471576e-01 
  364.000  4.501547e-01 
  365.000  4.529645e-01 
  366.000  4.558361e-01 
  367.000  4.585688e-01 
  368.000  4.612754e-01 
  369.000  4.639573e-01 
  370.000  4.666102e-01 
  371.000  4.692410e-01 
  372.000  4.718488e-01 
  373.000  4.744333e-01 
  374.000  4.769749e-01 
  375.000  4.794663e-01 
  376.000  4.818719e-01 
  377.000  4.841445e-01 
  378.000  4.862545e-01 
  379.000  4.883975e-01 
  380.000  4.907534e-01 
  381.000  4.934339e-01 
  382.000  4.962102e-01 
  383.000  4.988341e-01 
  384.000  5.013218e-01 
  385.000  5.037175e-01 
  386.000  5.060506e-01 
  387.000  5.083448e-01 
  388.000  5.106087e-01 
  389.000  5.128526e-01 
  390.000  5.150774e-01 
  391.000  5.172782e-01 
  392.000  5.194615e-01 
  393.000  5.216257e-01 
  394.000  5.237686e-01 
  395.000  5.258886e-01 
  396.000  5.279938e-01 
  397.000  5.300735e-01 
  398.000  5.321329e-01 
  399.000  5.341739e-01 
  400.000  5.361856e-01 
  401.000  5.381886e-01 
  402.000  5.401745e-01 
  403.000  5.421424e-01 
  404.000  5.440918e-01 
  405.000  5.460190e-01 
  406.000  5.479324e-01 
  407.000  5.498298e-01 
  408.000  5.517099e-01 
  409.000  5.535706e-01 
  410.000  5.554128e-01 
  411.000  5.572359e-01 
  412.000  5.590386e-01 
  413.000  5.608302e-01 
  414.000  5.624925e-01 
  415.000  5.642900e-01 
  416.000  5.660639e-01 
  417.000  5.678076e-01 
  418.000  5.695104e-01 
  419.000  5.711937e-01 
  420.000  5.728611e-01 
  421.000  5.745179e-01 
  422.000  5.761638e-01 
  423.000  5.777968e-01 
  424.000  5.794099e-01 
  425.000  5.809854e-01 
  426.000  5.825449e-01 
  427.000  5.840902e-01 
  428.000  5.856074e-01 
  429.000  5.871029e-01 
  430.000  5.885804e-01 
  431.000  5.900465e-01 
  432.000  5.914966e-01 
  433.000  5.929326e-01 
  434.000  5.943560e-01 
  435.000  5.957651e-01 
  436.000  5.971578e-01 
  437.000  5.985350e-01 
  438.000  5.998961e-01 
  439.000  6.012462e-01 
  440.000  6.025742e-01 
  441.000  6.038849e-01 
  442.000  6.051745e-01 
  443.000  6.064443e-01 
  444.000  6.076937e-01 
  445.000  6.089159e-01 
  446.000  6.101039e-01 
  447.000  6.113494e-01 
  448.000  6.126844e-01 
  449.000  6.140353e-01 
  450.000  6.153597e-01 
  451.000  6.166321e-01 
  452.000  6.178595e-01 
  453.000  6.190615e-01 
  454.000  6.202413e-01 
  455.000  6.213525e-01 
  456.000  6.223737e-01 
  457.000  6.233949e-01 
  458.000  6.244022e-01 
  459.000  6.253878e-01 
  460.000  6.263654e-01 
  461.000  6.273324e-01 
  462.000  6.282809e-01 
  463.000  6.292250e-01 
  464.000  6.304538e-01 
  465.000  6.316638e-01 
  466.000  6.328521e-01 
  467.000  6.340126e-01 
  468.000  6.349578e-01 
  469.000  6.357716e-01 
  470.000  6.365198e-01 
  471.000  6.371933e-01 
  472.000  6.377650e-01 
  473.000  6.381657e-01 
  474.000  6.384948e-01 
  475.000  6.385792e-01 
  476.000  6.384164e-01 
  477.000  6.384130e-01 
  478.000  6.393648e-01 
  479.000  6.408134e-01 
  480.000  6.423763e-01 
  481.000  6.437779e-01 
  482.000  6.450920e-01 
  483.000  6.462342e-01 
  484.000  6.472155e-01 
  485.000  6.480929e-01 
  486.000  6.490285e-01 
  487.000  6.500131e-01 
  488.000  6.509659e-01 
  489.000  6.519010e-01 
  490.000  6.528248e-01 
  491.000  6.535481e-01 
  492.000  6.542091e-01 
  493.000  6.548668e-01 
  494.000  6.555057e-01 
  495.000  6.561445e-01 
  496.000  6.564736e-01 
  497.000  6.567903e-01 
  498.000  6.571022e-01 
  499.000  6.573974e-01 
  500.000  6.576878e-01 
  501.000  6.579460e-01 
  502.000  6.582041e-01 
  503.000  6.584591e-01 
  504.000  6.587023e-01 
  505.000  6.589321e-01 
  506.000  6.596054e-01 
  507.000  6.602980e-01 
  508.000  6.609895e-01 
  509.000  6.616729e-01 
  510.000  6.623417e-01 
  511.000  6.629412e-01 
  512.000  6.635200e-01 
  513.000  6.640954e-01 
  514.000  6.646636e-01 
  515.000  6.652266e-01 
  516.000  6.656289e-01 
  517.000  6.658866e-01 
  518.000  6.661374e-01 
  519.000  6.663833e-01 
  520.000  6.666269e-01 
  521.000  6.668450e-01 
  522.000  6.670024e-01 
  523.000  6.671158e-01 
  524.000  6.672330e-01 
  525.000  6.673254e-01 
  526.000  6.674550e-01 
  527.000  6.674759e-01 
  528.000  6.674527e-01 
  529.000  6.674283e-01 
  530.000  6.674092e-01 
  531.000  6.673936e-01 
  532.000  6.674287e-01 
  533.000  6.677447e-01 
  534.000  6.681437e-01 
  535.000  6.685941e-01 
  536.000  6.690295e-01 
  537.000  6.694276e-01 
  538.000  6.697837e-01 
  539.000  6.701135e-01 
  540.000  6.704229e-01 
  541.000  6.707232e-01 
  542.000  6.710104e-01 
  543.000  6.712874e-01 
  544.000  6.714968e-01 
  545.000  6.716511e-01 
  546.000  6.717983e-01 
  547.000  6.719497e-01 
  548.000  6.720934e-01 
  549.000  6.722348e-01 
  550.000  6.723034e-01 
  551.000  6.722999e-01 
  552.000  6.722990e-01 
  553.000  6.722833e-01 
  554.000  6.722607e-01 
  555.000  6.722341e-01 
  556.000  6.721802e-01 
  557.000  6.720789e-01 
  558.000  6.719694e-01 
  559.000  6.718472e-01 
  560.000  6.716942e-01 
  561.000  6.715130e-01 
  562.000  6.711755e-01 
  563.000  6.709556e-01 
  564.000  6.706713e-01 
  565.000  6.702518e-01 
  566.000  6.699324e-01 
  567.000  6.690727e-01 
  568.000  6.666733e-01 
  569.000  6.618677e-01 
  570.000  6.623848e-01 
  571.000  6.654299e-01 
  572.000  6.620422e-01 
  573.000  6.626579e-01 
  574.000  6.626322e-01 
  575.000  6.623222e-01 
  576.000  6.624996e-01 
  577.000  6.637724e-01 
  578.000  6.654415e-01 
  579.000  6.670455e-01 
  580.000  6.686919e-01 
  581.000  6.709347e-01 
  582.000  6.725358e-01 
  583.000  6.736247e-01 
  584.000  6.746049e-01 
  585.000  6.753725e-01 
  586.000  6.761281e-01 
  587.000  6.751533e-01 
  588.000  6.690958e-01 
  589.000  6.591242e-01 
  590.000  6.587363e-01 
  591.000  6.660009e-01 
  592.000  6.624941e-01 
  593.000  6.707078e-01 
  594.000  6.691533e-01 
  595.000  6.637234e-01 
  596.000  6.715055e-01 
  597.000  6.694657e-01 
  598.000  6.724451e-01 
  599.000  6.734875e-01 
  600.000  6.761404e-01 
  601.000  6.777796e-01 
  602.000  6.781405e-01 
  603.000  6.790452e-01 
  604.000  6.801996e-01 
  605.000  6.810539e-01 
  606.000  6.817027e-01 
  607.000  6.823304e-01 
  608.000  6.829396e-01 
  609.000  6.835229e-01 
  610.000  6.841279e-01 
  611.000  6.847999e-01 
  612.000  6.854581e-01 
  613.000  6.860957e-01 
  614.000  6.867144e-01 
  615.000  6.873313e-01 
  616.000  6.879257e-01 
  617.000  6.884870e-01 
  618.000  6.889575e-01 
  619.000  6.893556e-01 
  620.000  6.897240e-01 
  621.000  6.900405e-01 
  622.000  6.903051e-01 
  623.000  6.904821e-01 
  624.000  6.906705e-01 
  625.000  6.908281e-01 
  626.000  6.906446e-01 
  627.000  6.877632e-01 
  628.000  6.664612e-01 
  629.000  6.797779e-01 
  630.000  6.821639e-01 
  631.000  6.862526e-01 
  632.000  6.865880e-01 
  633.000  6.911482e-01 
  634.000  6.936411e-01 
  635.000  6.949010e-01 
  636.000  6.965193e-01 
  637.000  6.979026e-01 
  638.000  7.001927e-01 
  639.000  7.012367e-01 
  640.000  7.028322e-01 
  641.000  7.037488e-01 
  642.000  7.049623e-01 
  643.000  7.047321e-01 
  644.000  7.053998e-01 
  645.000  7.046389e-01 
  646.000  6.995214e-01 
  647.000  6.960546e-01 
  648.000  6.920925e-01 
  649.000  6.964965e-01 
  650.000  7.044805e-01 
  651.000  7.049091e-01 
  652.000  6.986888e-01 
  653.000  7.067640e-01 
  654.000  7.063506e-01 
  655.000  7.039941e-01 
  656.000  7.053948e-01 
  657.000  7.073098e-01 
  658.000  7.103353e-01 
  659.000  7.122751e-01 
  660.000  7.132925e-01 
  661.000  7.156525e-01 
  662.000  7.169458e-01 
  663.000  7.172099e-01 
  664.000  7.179508e-01 
  665.000  7.186342e-01 
  666.000  7.194446e-01 
  667.000  7.201508e-01 
  668.000  7.209397e-01 
  669.000  7.215453e-01 
  670.000  7.220977e-01 
  671.000  7.226711e-01 
  672.000  7.231983e-01 
  673.000  7.237178e-01 
  674.000  7.242332e-01 
  675.000  7.247488e-01 
  676.000  7.252350e-01 
  677.000  7.256816e-01 
  678.000  7.261287e-01 
  679.000  7.265138e-01 
  680.000  7.266327e-01 
  681.000  7.266511e-01 
  682.000  7.269639e-01 
  683.000  7.271594e-01 
  684.000  7.269449e-01 
  685.000  7.277067e-01 
  686.000  7.250063e-01 
  687.000  6.285084e-01 
  688.000  6.586028e-01 
  689.000  6.501684e-01 
  690.000  6.658308e-01 
  691.000  6.869624e-01 
  692.000  7.006224e-01 
  693.000  6.993806e-01 
  694.000  6.950803e-01 
  695.000  7.024986e-01 
  696.000  7.067083e-01 
  697.000  7.229303e-01 
  698.000  7.198182e-01 
  699.000  7.056119e-01 
  700.000  7.081202e-01 
  701.000  7.050198e-01 
  702.000  7.074845e-01 
  703.000  7.195981e-01 
  704.000  7.202189e-01 
  705.000  7.153645e-01 
  706.000  7.164196e-01 
  707.000  7.182804e-01 
  708.000  7.202821e-01 
  709.000  7.242829e-01 
  710.000  7.202094e-01 
  711.000  7.245517e-01 
  712.000  7.282583e-01 
  713.000  7.254511e-01 
  714.000  7.245738e-01 
  715.000  7.199648e-01 
  716.000  7.152011e-01 
  717.000  6.839352e-01 
  718.000  6.645831e-01 
  719.000  6.576567e-01 
  720.000  6.469737e-01 
  721.000  6.935939e-01 
  722.000  7.100182e-01 
  723.000  7.008616e-01 
  724.000  6.745290e-01 
  725.000  6.785522e-01 
  726.000  6.773435e-01 
  727.000  6.811367e-01 
  728.000  6.770688e-01 
  729.000  6.872467e-01 
  730.000  6.854938e-01 
  731.000  6.833684e-01 
  732.000  7.004690e-01 
  733.000  7.167200e-01 
  734.000  7.245178e-01 
  735.000  7.218041e-01 
  736.000  7.167087e-01 
  737.000  7.206048e-01 
  738.000  7.259407e-01 
  739.000  7.282491e-01 
  740.000  7.333277e-01 
  741.000  7.362703e-01 
  742.000  7.375230e-01 
  743.000  7.401555e-01 
  744.000  7.414024e-01 
  745.000  7.423723e-01 
  746.000  7.431444e-01 
  747.000  7.433836e-01 
  748.000  7.441227e-01 
  749.000  7.445253e-01 
  750.000  7.443792e-01 
  751.000  7.445648e-01 
  752.000  7.452397e-01 
  753.000  7.455481e-01 
  754.000  7.458024e-01 
  755.000  7.459863e-01 
  756.000  7.461764e-01 
  757.000  7.463093e-01 
  758.000  7.450843e-01 
  759.000  6.934657e-01 
  760.000  3.130963e-01 
  761.000  2.776729e-01 
  762.000  4.963116e-01 
  763.000  4.278765e-01 
  764.000  4.617156e-01 
  765.000  5.388420e-01 
  766.000  6.323763e-01 
  767.000  6.797476e-01 
  768.000  7.107867e-01 
  769.000  7.312979e-01 
  770.000  7.421885e-01 
  771.000  7.474527e-01 
  772.000  7.487451e-01 
  773.000  7.493331e-01 
  774.000  7.500692e-01 
  775.000  7.504898e-01 
  776.000  7.507876e-01 
  777.000  7.508941e-01 
  778.000  7.509135e-01 
  779.000  7.509189e-01 
  780.000  7.509201e-01 
  781.000  7.512189e-01 
  782.000  7.512115e-01 
  783.000  7.512131e-01 
  784.000  7.510203e-01 
  785.000  7.499284e-01 
  786.000  7.481757e-01 
  787.000  7.444396e-01 
  788.000  7.424400e-01 
  789.000  7.352083e-01 
  790.000  7.346122e-01 
  791.000  7.360104e-01 
  792.000  7.373003e-01 
  793.000  7.402757e-01 
  794.000  7.465569e-01 
  795.000  7.427565e-01 
  796.000  7.325734e-01 
  797.000  7.355179e-01 
  798.000  7.419854e-01 
  799.000  7.405362e-01 
  800.000  7.358653e-01 
  801.000  7.364464e-01 
  802.000  7.359928e-01 
  803.000  7.366995e-01 
  804.000  7.389231e-01 
  805.000  7.431650e-01 
  806.000  7.457007e-01 
  807.000  7.458323e-01 
  808.000  7.444271e-01 
  809.000  7.426964e-01 
  810.000  7.408013e-01 
  811.000  7.368833e-01 
  812.000  7.316026e-01 
  813.000  7.251177e-01 
  814.000  7.165375e-01 
  815.000  7.058439e-01 
  816.000  6.920087e-01 
  817.000  6.928275e-01 
  818.000  6.939803e-01 
  819.000  6.985470e-01 
  820.000  7.137837e-01 
  821.000  7.311191e-01 
  822.000  7.179694e-01 
  823.000  6.809784e-01 
  824.000  7.121968e-01 
  825.000  7.321259e-01 
  826.000  7.287169e-01 
  827.000  7.262191e-01 
  828.000  7.131107e-01 
  829.000  7.178620e-01 
  830.000  7.231667e-01 
  831.000  7.244142e-01 
  832.000  7.249488e-01 
  833.000  7.280011e-01 
  834.000  7.315868e-01 
  835.000  7.386881e-01 
  836.000  7.364122e-01 
  837.000  7.361744e-01 
  838.000  7.396420e-01 
  839.000  7.417465e-01 
  840.000  7.425212e-01 
  841.000  7.402614e-01 
  842.000  7.423143e-01 
  843.000  7.471679e-01 
  844.000  7.493715e-01 
  845.000  7.504067e-01 
  846.000  7.514941e-01 
  847.000  7.525977e-01 
  848.000  7.507547e-01 
  849.000  7.510217e-01 
  850.000  7.500719e-01 
  851.000  7.489355e-01 
  852.000  7.490656e-01 
  853.000  7.509835e-01 
  854.000  7.508935e-01 
  855.000  7.518635e-01 
  856.000  7.537864e-01 
  857.000  7.546276e-01 
  858.000  7.550927e-01 
  859.000  7.560583e-01 
  860.000  7.565616e-01 
  861.000  7.566563e-01 
  862.000  7.569450e-01 
  863.000  7.569985e-01 
  864.000  7.572023e-01 
  865.000  7.573721e-01 
  866.000  7.574304e-01 
  867.000  7.574196e-01 
  868.000  7.574611e-01 
  869.000  7.575296e-01 
  870.000  7.575089e-01 
  871.000  7.575743e-01 
  872.000  7.577099e-01 
  873.000  7.576083e-01 
  874.000  7.575609e-01 
  875.000  7.575627e-01 
  876.000  7.573729e-01 
  877.000  7.572845e-01 
  878.000  7.566801e-01 
  879.000  7.566533e-01 
  880.000  7.561397e-01 
  881.000  7.558438e-01 
  882.000  7.555979e-01 
  883.000  7.558700e-01 
  884.000  7.560031e-01 
  885.000  7.549280e-01 
  886.000  7.534308e-01 
  887.000  7.546412e-01 
  888.000  7.545860e-01 
  889.000  7.549389e-01 
  890.000  7.540866e-01 
  891.000  7.523527e-01 
  892.000  7.485164e-01 
  893.000  7.367749e-01 
  894.000  7.309397e-01 
  895.000  7.129573e-01 
  896.000  6.968048e-01 
  897.000  6.797209e-01 
  898.000  6.717125e-01 
  899.000  6.488447e-01 
  900.000  6.522012e-01 
  901.000  6.462237e-01 
  902.000  6.472822e-01 
  903.000  6.856822e-01 
  904.000  7.089094e-01 
  905.000  7.080438e-01 
  906.000  6.935363e-01 
  907.000  6.677446e-01 
  908.000  6.506554e-01 
  909.000  6.514142e-01 
  910.000  6.540122e-01 
  911.000  6.653849e-01 
  912.000  6.598885e-01 
  913.000  6.358960e-01 
  914.000  6.477787e-01 
  915.000  6.570947e-01 
  916.000  6.596023e-01 
  917.000  6.646308e-01 
  918.000  6.711283e-01 
  919.000  6.931908e-01 
  920.000  7.097455e-01 
  921.000  7.060823e-01 
  922.000  7.057701e-01 
  923.000  7.011526e-01 
  924.000  6.900292e-01 
  925.000  6.891574e-01 
  926.000  6.890209e-01 
  927.000  6.760994e-01 
  928.000  6.561227e-01 
  929.000  6.270653e-01 
  930.000  5.897165e-01 
  931.000  5.474033e-01 
  932.000  4.914732e-01 
  933.000  4.485846e-01 
  934.000  4.035128e-01 
  935.000  3.987700e-01 
  936.000  4.169253e-01 
  937.000  4.122062e-01 
  938.000  4.619614e-01 
  939.000  5.871283e-01 
  940.000  6.051840e-01 
  941.000  5.894271e-01 
  942.000  5.505955e-01 
  943.000  4.847695e-01 
  944.000  4.801867e-01 
  945.000  5.042062e-01 
  946.000  5.054448e-01 
  947.000  5.264232e-01 
  948.000  5.386630e-01 
  949.000  5.369471e-01 
  950.000  5.400429e-01 
  951.000  5.673024e-01 
  952.000  5.379481e-01 
  953.000  5.583444e-01 
  954.000  5.800242e-01 
  955.000  5.622125e-01 
  956.000  5.580074e-01 
  957.000  6.126987e-01 
  958.000  6.195770e-01 
  959.000  6.104520e-01 
  960.000  6.077430e-01 
  961.000  6.031439e-01 
  962.000  6.072102e-01 
  963.000  6.368080e-01 
  964.000  6.409869e-01 
  965.000  6.381109e-01 
  966.000  6.396456e-01 
  967.000  6.605216e-01 
  968.000  6.950470e-01 
  969.000  7.104829e-01 
  970.000  7.112879e-01 
  971.000  7.109160e-01 
  972.000  7.065405e-01 
  973.000  6.963918e-01 
  974.000  6.839650e-01 
  975.000  6.759468e-01 
  976.000  6.857484e-01 
  977.000  7.018578e-01 
  978.000  7.005280e-01 
  979.000  7.046584e-01 
  980.000  7.209611e-01 
  981.000  7.245456e-01 
  982.000  7.208989e-01 
  983.000  7.292205e-01 
  984.000  7.377673e-01 
  985.000  7.426081e-01 
  986.000  7.488461e-01 
  987.000  7.515380e-01 
  988.000  7.521487e-01 
  989.000  7.525392e-01 
  990.000  7.531958e-01 
  991.000  7.555129e-01 
  992.000  7.561723e-01 
  993.000  7.564198e-01 
  994.000  7.584444e-01 
  995.000  7.598383e-01 
  996.000  7.598659e-01 
  997.000  7.589387e-01 
  998.000  7.579004e-01 
  999.000  7.575105e-01 
 1000.000  7.578391e-01 
 1001.000  7.557085e-01 
 1002.000  7.521598e-01 
 1003.000  7.530090e-01 
 1004.000  7.550581e-01 
 1005.000  7.559962e-01 
 1006.000  7.562896e-01 
 1007.000  7.556161e-01 
 1008.000  7.527216e-01 
 1009.000  7.488438e-01 
 1010.000  7.505732e-01 
 1011.000  7.546886e-01 
 1012.000  7.562542e-01 
 1013.000  7.573860e-01 
 1014.000  7.579066e-01 
 1015.000  7.580012e-01 
 1016.000  7.585641e-01 
 1017.000  7.588530e-01 
 1018.000  7.581794e-01 
 1019.000  7.568309e-01 
 1020.000  7.572325e-01 
 1021.000  7.582788e-01 
 1022.000  7.566204e-01 
 1023.000  7.551642e-01 
 1024.000  7.542877e-01 
 1025.000  7.569357e-01 
 1026.000  7.580143e-01 
 1027.000  7.574970e-01 
 1028.000  7.578967e-01 
 1029.000  7.590370e-01 
 1030.000  7.600871e-01 
 1031.000  7.606168e-01 
 1032.000  7.610213e-01 
 1033.000  7.611245e-01 
 1034.000  7.613608e-01 
 1035.000  7.614529e-01 
 1036.000  7.613002e-01 
 1037.000  7.612577e-01 
 1038.000  7.613292e-01 
 1039.000  7.611544e-01 
 1040.000  7.609859e-01 
 1041.000  7.608507e-01 
 1042.000  7.608001e-01 
 1043.000  7.607689e-01 
 1044.000  7.606321e-01 
 1045.000  7.602842e-01 
 1046.000  7.600372e-01 
 1047.000  7.597313e-01 
 1048.000  7.592732e-01 
 1049.000  7.587724e-01 
 1050.000  7.583841e-01 
 1051.000  7.579148e-01 
 1052.000  7.575344e-01 
 1053.000  7.574002e-01 
 1054.000  7.568625e-01 
 1055.000  7.563100e-01 
 1056.000  7.558001e-01 
 1057.000  7.547308e-01 
 1058.000  7.528112e-01 
 1059.000  7.527981e-01 
 1060.000  7.535774e-01 
 1061.000  7.532747e-01 
 1062.000  7.520190e-01 
 1063.000  7.514009e-01 
 1064.000  7.502810e-01 
 1065.000  7.491457e-01 
 1066.000  7.492171e-01 
 1067.000  7.485188e-01 
 1068.000  7.464707e-01 
 1069.000  7.457630e-01 
 1070.000  7.463698e-01 
 1071.000  7.451801e-01 
 1072.000  7.438756e-01 
 1073.000  7.437620e-01 
 1074.000  7.441382e-01 
 1075.000  7.464623e-01 
 1076.000  7.452497e-01 
 1077.000  7.435606e-01 
 1078.000  7.415411e-01 
 1079.000  7.413846e-01 
 1080.000  7.357333e-01 
 1081.000  7.354982e-01 
 1082.000  7.381157e-01 
 1083.000  7.351633e-01 
 1084.000  7.318996e-01 
 1085.000  7.239758e-01 
 1086.000  7.259231e-01 
 1087.000  7.347806e-01 
 1088.000  7.351770e-01 
 1089.000  7.245538e-01 
 1090.000  7.226064e-01 
 1091.000  7.247073e-01 
 1092.000  7.194696e-01 
 1093.000  7.076141e-01 
 1094.000  7.024503e-01 
 1095.000  7.033418e-01 
 1096.000  7.041773e-01 
 1097.000  7.018742e-01 
 1098.000  6.727110e-01 
 1099.000  6.476418e-01 
 1100.000  6.493921e-01 
 1101.000  6.529225e-01 
 1102.000  6.513231e-01 
 1103.000  6.537017e-01 
 1104.000  6.495654e-01 
 1105.000  6.390399e-01 
 1106.000  6.283003e-01 
 1107.000  6.310973e-01 
 1108.000  6.332262e-01 
 1109.000  6.426262e-01 
 1110.000  6.417974e-01 
 1111.000  6.368713e-01 
 1112.000  6.144769e-01 
 1113.000  5.837789e-01 
 1114.000  5.759127e-01 
 1115.000  5.377665e-01 
 1116.000  5.138198e-01 
 1117.000  4.570281e-01 
 1118.000  4.044906e-01 
 1119.000  3.766182e-01 
 1120.000  3.411727e-01 
 1121.000  3.333476e-01 
 1122.000  2.954755e-01 
 1123.000  3.165928e-01 
 1124.000  3.306890e-01 
 1125.000  3.234028e-01 
 1126.000  3.204120e-01 
 1127.000  3.234436e-01 
 1128.000  3.293520e-01 
 1129.000  3.661133e-01 
 1130.000  4.506759e-01 
 1131.000  4.747087e-01 
 1132.000  4.419453e-01 
 1133.000  3.807446e-01 
 1134.000  2.669850e-01 
 1135.000  2.757014e-01 
 1136.000  3.892579e-01 
 1137.000  4.493963e-01 
 1138.000  5.061285e-01 
 1139.000  5.225118e-01 
 1140.000  5.117922e-01 
 1141.000  4.896055e-01 
 1142.000  4.819130e-01 
 1143.000  4.576167e-01 
 1144.000  4.298968e-01 
 1145.000  3.894381e-01 
 1146.000  3.990160e-01 
 1147.000  4.305508e-01 
 1148.000  4.582725e-01 
 1149.000  4.692517e-01 
 1150.000  4.694251e-01 
