  320.000  1.139418e-01 
  321.000  1.464166e-01 
  322.000  1.334826e-01 
  323.000  1.499124e-01 
  324.000  1.667472e-01 
  325.000  1.541709e-01 
  326.000  1.749138e-01 
  327.000  1.807941e-01 
  328.000  1.681434e-01 
  329.000  1.925854e-01 
  330.000  1.965192e-01 
  331.000  1.887509e-01 
  332.000  2.038061e-01 
  333.000  2.082390e-01 
  334.000  2.045979e-01 
  335.000  2.157905e-01 
  336.000  2.203571e-01 
  337.000  2.184302e-01 
  338.000  2.237962e-01 
  339.000  2.293613e-01 
  340.000  2.284449e-01 
  341.000  2.338703e-01 
  342.000  2.378538e-01 
  343.000  2.398596e-01 
  344.000  2.402699e-01 
  345.000  2.457007e-01 
  346.000  2.491419e-01 
  347.000  2.519544e-01 
  348.000  2.545942e-01 
  349.000  2.575655e-01 
  350.000  2.601105e-01 
  351.000  2.626497e-01 
  352.000  2.647362e-01 
  353.000  2.677084e-01 
  354.000  2.702433e-01 
  355.000  2.726061e-01 
  356.000  2.749120e-01 
  357.000  2.769670e-01 
  358.000  2.791812e-01 
  359.000  2.813963e-01 
  360.000  2.836679e-01 
  361.000  2.865422e-01 
  362.000  2.895404e-01 
  363.000  2.923065e-01 
  364.000  2.948560e-01 
  365.000  2.972508e-01 
  366.000  2.997030e-01 
  367.000  3.020408e-01 
  368.000  3.043604e-01 
  369.000  3.066628e-01 
  370.000  3.089443e-01 
  371.000  3.112106e-01 
  372.000  3.134609e-01 
  373.000  3.156947e-01 
  374.000  3.178951e-01 
  375.000  3.200554e-01 
  376.000  3.221445e-01 
  377.000  3.241210e-01 
  378.000  3.259585e-01 
  379.000  3.278273e-01 
  380.000  3.298846e-01 
  381.000  3.322289e-01 
  382.000  3.346610e-01 
  383.000  3.369633e-01 
  384.000  3.391495e-01 
  385.000  3.412580e-01 
  386.000  3.433142e-01 
  387.000  3.453390e-01 
  388.000  3.473396e-01 
  389.000  3.493253e-01 
  390.000  3.512965e-01 
  391.000  3.532491e-01 
  392.000  3.551886e-01 
  393.000  3.571136e-01 
  394.000  3.590219e-01 
  395.000  3.609122e-01 
  396.000  3.627915e-01 
  397.000  3.646502e-01 
  398.000  3.664931e-01 
  399.000  3.683215e-01 
  400.000  3.701258e-01 
  401.000  3.719242e-01 
  402.000  3.737094e-01 
  403.000  3.754802e-01 
  404.000  3.772363e-01 
  405.000  3.789743e-01 
  406.000  3.807016e-01 
  407.000  3.824164e-01 
  408.000  3.841172e-01 
  409.000  3.858021e-01 
  410.000  3.874719e-01 
  411.000  3.891262e-01 
  412.000  3.907635e-01 
  413.000  3.923923e-01 
  414.000  3.939049e-01 
  415.000  3.955421e-01 
  416.000  3.971594e-01 
  417.000  3.987504e-01 
  418.000  4.003057e-01 
  419.000  4.018445e-01 
  420.000  4.033702e-01 
  421.000  4.048874e-01 
  422.000  4.063960e-01 
  423.000  4.078940e-01 
  424.000  4.093750e-01 
  425.000  4.108227e-01 
  426.000  4.122569e-01 
  427.000  4.136791e-01 
  428.000  4.150765e-01 
  429.000  4.164551e-01 
  430.000  4.178181e-01 
  431.000  4.191715e-01 
  432.000  4.205113e-01 
  433.000  4.218389e-01 
  434.000  4.231558e-01 
  435.000  4.244604e-01 
  436.000  4.257508e-01 
  437.000  4.270277e-01 
  438.000  4.282905e-01 
  439.000  4.295441e-01 
  440.000  4.307778e-01 
  441.000  4.319964e-01 
  442.000  4.331961e-01 
  443.000  4.343781e-01 
  444.000  4.355418e-01 
  445.000  4.366809e-01 
  446.000  4.377888e-01 
  447.000  4.389510e-01 
  448.000  4.401975e-01 
  449.000  4.414596e-01 
  450.000  4.426979e-01 
  451.000  4.438882e-01 
  452.000  4.450372e-01 
  453.000  4.461630e-01 
  454.000  4.472688e-01 
  455.000  4.483107e-01 
  456.000  4.492688e-01 
  457.000  4.502274e-01 
  458.000  4.511733e-01 
  459.000  4.520994e-01 
  460.000  4.530183e-01 
  461.000  4.539278e-01 
  462.000  4.548201e-01 
  463.000  4.557088e-01 
  464.000  4.568660e-01 
  465.000  4.580063e-01 
  466.000  4.591267e-01 
  467.000  4.602216e-01 
  468.000  4.611136e-01 
  469.000  4.618821e-01 
  470.000  4.625888e-01 
  471.000  4.632252e-01 
  472.000  4.637656e-01 
  473.000  4.641445e-01 
  474.000  4.644556e-01 
  475.000  4.645355e-01 
  476.000  4.643815e-01 
  477.000  4.643783e-01 
  478.000  4.652786e-01 
  479.000  4.666494e-01 
  480.000  4.681295e-01 
  481.000  4.694578e-01 
  482.000  4.707039e-01 
  483.000  4.717876e-01 
  484.000  4.727192e-01 
  485.000  4.735525e-01 
  486.000  4.744413e-01 
  487.000  4.753773e-01 
  488.000  4.762833e-01 
  489.000  4.771729e-01 
  490.000  4.780522e-01 
  491.000  4.787408e-01 
  492.000  4.793704e-01 
  493.000  4.799969e-01 
  494.000  4.806059e-01 
  495.000  4.812149e-01 
  496.000  4.815287e-01 
  497.000  4.818306e-01 
  498.000  4.821281e-01 
  499.000  4.824097e-01 
  500.000  4.826868e-01 
  501.000  4.829331e-01 
  502.000  4.831795e-01 
  503.000  4.834227e-01 
  504.000  4.836549e-01 
  505.000  4.838743e-01 
  506.000  4.845171e-01 
  507.000  4.851786e-01 
  508.000  4.858393e-01 
  509.000  4.864924e-01 
  510.000  4.871317e-01 
  511.000  4.877049e-01 
  512.000  4.882586e-01 
  513.000  4.888090e-01 
  514.000  4.893528e-01 
  515.000  4.898918e-01 
  516.000  4.902769e-01 
  517.000  4.905238e-01 
  518.000  4.907639e-01 
  519.000  4.909994e-01 
  520.000  4.912328e-01 
  521.000  4.914418e-01 
  522.000  4.915925e-01 
  523.000  4.917012e-01 
  524.000  4.918135e-01 
  525.000  4.919021e-01 
  526.000  4.920263e-01 
  527.000  4.920463e-01 
  528.000  4.920240e-01 
  529.000  4.920006e-01 
  530.000  4.919824e-01 
  531.000  4.919674e-01 
  532.000  4.920010e-01 
  533.000  4.923038e-01 
  534.000  4.926864e-01 
  535.000  4.931181e-01 
  536.000  4.935356e-01 
  537.000  4.939175e-01 
  538.000  4.942590e-01 
  539.000  4.945754e-01 
  540.000  4.948723e-01 
  541.000  4.951605e-01 
  542.000  4.954362e-01 
  543.000  4.957020e-01 
  544.000  4.959031e-01 
  545.000  4.960512e-01 
  546.000  4.961926e-01 
  547.000  4.963379e-01 
  548.000  4.964759e-01 
  549.000  4.966117e-01 
  550.000  4.966776e-01 
  551.000  4.966742e-01 
  552.000  4.966734e-01 
  553.000  4.966583e-01 
  554.000  4.966366e-01 
  555.000  4.966110e-01 
  556.000  4.965592e-01 
  557.000  4.964620e-01 
  558.000  4.963568e-01 
  559.000  4.962394e-01 
  560.000  4.960924e-01 
  561.000  4.959181e-01 
  562.000  4.955481e-01 
  563.000  4.953330e-01 
  564.000  4.950487e-01 
  565.000  4.946133e-01 
  566.000  4.943281e-01 
  567.000  4.933568e-01 
  568.000  4.906752e-01 
  569.000  4.851365e-01 
  570.000  4.858544e-01 
  571.000  4.895494e-01 
  572.000  4.857014e-01 
  573.000  4.865519e-01 
  574.000  4.866960e-01 
  575.000  4.863901e-01 
  576.000  4.865654e-01 
  577.000  4.878558e-01 
  578.000  4.897370e-01 
  579.000  4.913924e-01 
  580.000  4.929578e-01 
  581.000  4.951723e-01 
  582.000  4.967028e-01 
  583.000  4.976855e-01 
  584.000  4.985386e-01 
  585.000  4.992504e-01 
  586.000  4.998984e-01 
  587.000  4.986826e-01 
  588.000  4.912451e-01 
  589.000  4.794042e-01 
  590.000  4.788573e-01 
  591.000  4.872848e-01 
  592.000  4.830954e-01 
  593.000  4.926816e-01 
  594.000  4.907767e-01 
  595.000  4.843318e-01 
  596.000  4.935425e-01 
  597.000  4.912221e-01 
  598.000  4.948236e-01 
  599.000  4.961452e-01 
  600.000  4.993780e-01 
  601.000  5.013862e-01 
  602.000  5.018955e-01 
  603.000  5.029278e-01 
  604.000  5.041470e-01 
  605.000  5.050508e-01 
  606.000  5.056979e-01 
  607.000  5.063227e-01 
  608.000  5.069141e-01 
  609.000  5.074793e-01 
  610.000  5.080635e-01 
  611.000  5.087125e-01 
  612.000  5.093482e-01 
  613.000  5.099642e-01 
  614.000  5.105621e-01 
  615.000  5.111585e-01 
  616.000  5.117332e-01 
  617.000  5.122761e-01 
  618.000  5.127313e-01 
  619.000  5.131164e-01 
  620.000  5.134729e-01 
  621.000  5.137793e-01 
  622.000  5.140354e-01 
  623.000  5.142067e-01 
  624.000  5.143889e-01 
  625.000  5.145407e-01 
  626.000  5.142424e-01 
  627.000  5.111329e-01 
  628.000  4.929496e-01 
  629.000  5.038869e-01 
  630.000  5.067441e-01 
  631.000  5.103373e-01 
  632.000  5.097176e-01 
  633.000  5.145265e-01 
  634.000  5.167990e-01 
  635.000  5.178961e-01 
  636.000  5.195368e-01 
  637.000  5.208840e-01 
  638.000  5.233297e-01 
  639.000  5.243187e-01 
  640.000  5.259430e-01 
  641.000  5.268036e-01 
  642.000  5.280423e-01 
  643.000  5.275515e-01 
  644.000  5.281660e-01 
  645.000  5.272391e-01 
  646.000  5.208740e-01 
  647.000  5.165852e-01 
  648.000  5.117363e-01 
  649.000  5.168118e-01 
  650.000  5.261937e-01 
  651.000  5.265836e-01 
  652.000  5.190544e-01 
  653.000  5.285602e-01 
  654.000  5.279497e-01 
  655.000  5.250158e-01 
  656.000  5.265695e-01 
  657.000  5.287530e-01 
  658.000  5.322644e-01 
  659.000  5.344771e-01 
  660.000  5.356646e-01 
  661.000  5.382661e-01 
  662.000  5.397059e-01 
  663.000  5.398630e-01 
  664.000  5.406815e-01 
  665.000  5.413693e-01 
  666.000  5.422127e-01 
  667.000  5.429688e-01 
  668.000  5.438310e-01 
  669.000  5.444518e-01 
  670.000  5.450029e-01 
  671.000  5.455827e-01 
  672.000  5.461022e-01 
  673.000  5.466122e-01 
  674.000  5.471177e-01 
  675.000  5.476242e-01 
  676.000  5.480993e-01 
  677.000  5.485364e-01 
  678.000  5.489748e-01 
  679.000  5.493333e-01 
  680.000  5.493463e-01 
  681.000  5.492798e-01 
  682.000  5.495822e-01 
  683.000  5.496820e-01 
  684.000  5.493442e-01 
  685.000  5.502052e-01 
  686.000  5.477740e-01 
  687.000  4.644912e-01 
  688.000  4.905172e-01 
  689.000  4.830663e-01 
  690.000  4.967052e-01 
  691.000  5.145091e-01 
  692.000  5.251098e-01 
  693.000  5.202377e-01 
  694.000  5.131609e-01 
  695.000  5.207851e-01 
  696.000  5.252393e-01 
  697.000  5.438221e-01 
  698.000  5.400884e-01 
  699.000  5.235769e-01 
  700.000  5.263923e-01 
  701.000  5.227703e-01 
  702.000  5.255598e-01 
  703.000  5.395317e-01 
  704.000  5.402125e-01 
  705.000  5.345463e-01 
  706.000  5.357339e-01 
  707.000  5.378557e-01 
  708.000  5.401457e-01 
  709.000  5.447634e-01 
  710.000  5.399821e-01 
  711.000  5.449944e-01 
  712.000  5.492762e-01 
  713.000  5.459467e-01 
  714.000  5.448588e-01 
  715.000  5.393991e-01 
  716.000  5.337096e-01 
  717.000  4.977592e-01 
  718.000  4.758691e-01 
  719.000  4.680494e-01 
  720.000  4.563197e-01 
  721.000  5.083733e-01 
  722.000  5.271623e-01 
  723.000  5.166141e-01 
  724.000  4.867461e-01 
  725.000  4.911765e-01 
  726.000  4.898148e-01 
  727.000  4.940701e-01 
  728.000  4.895025e-01 
  729.000  5.009695e-01 
  730.000  4.990240e-01 
  731.000  4.966683e-01 
  732.000  5.160698e-01 
  733.000  5.347922e-01 
  734.000  5.438680e-01 
  735.000  5.407111e-01 
  736.000  5.347965e-01 
  737.000  5.393004e-01 
  738.000  5.454906e-01 
  739.000  5.481731e-01 
  740.000  5.541024e-01 
  741.000  5.575418e-01 
  742.000  5.590004e-01 
  743.000  5.621808e-01 
  744.000  5.634872e-01 
  745.000  5.646052e-01 
  746.000  5.654947e-01 
  747.000  5.657474e-01 
  748.000  5.665551e-01 
  749.000  5.670212e-01 
  750.000  5.667695e-01 
  751.000  5.669522e-01 
  752.000  5.677759e-01 
  753.000  5.681201e-01 
  754.000  5.683936e-01 
  755.000  5.685753e-01 
  756.000  5.687653e-01 
  757.000  5.688971e-01 
  758.000  5.677433e-01 
  759.000  5.225309e-01 
  760.000  2.079436e-01 
  761.000  1.809418e-01 
  762.000  3.546695e-01 
  763.000  2.986577e-01 
  764.000  3.262073e-01 
  765.000  3.901677e-01 
  766.000  4.696987e-01 
  767.000  5.107272e-01 
  768.000  5.378685e-01 
  769.000  5.559161e-01 
  770.000  5.656918e-01 
  771.000  5.702605e-01 
  772.000  5.714161e-01 
  773.000  5.719327e-01 
  774.000  5.726033e-01 
  775.000  5.730226e-01 
  776.000  5.733242e-01 
  777.000  5.734113e-01 
  778.000  5.733981e-01 
  779.000  5.733741e-01 
  780.000  5.733474e-01 
  781.000  5.737075e-01 
  782.000  5.736698e-01 
  783.000  5.736439e-01 
  784.000  5.733649e-01 
  785.000  5.720710e-01 
  786.000  5.702159e-01 
  787.000  5.657486e-01 
  788.000  5.634086e-01 
  789.000  5.550407e-01 
  790.000  5.543324e-01 
  791.000  5.559249e-01 
  792.000  5.574006e-01 
  793.000  5.608253e-01 
  794.000  5.680837e-01 
  795.000  5.636650e-01 
  796.000  5.519122e-01 
  797.000  5.552819e-01 
  798.000  5.627290e-01 
  799.000  5.610428e-01 
  800.000  5.556424e-01 
  801.000  5.562974e-01 
  802.000  5.557621e-01 
  803.000  5.565649e-01 
  804.000  5.591216e-01 
  805.000  5.640124e-01 
  806.000  5.669404e-01 
  807.000  5.670809e-01 
  808.000  5.654365e-01 
  809.000  5.634130e-01 
  810.000  5.611936e-01 
  811.000  5.566376e-01 
  812.000  5.505095e-01 
  813.000  5.430195e-01 
  814.000  5.331664e-01 
  815.000  5.209509e-01 
  816.000  5.054109e-01 
  817.000  5.062577e-01 
  818.000  5.075241e-01 
  819.000  5.126615e-01 
  820.000  5.298452e-01 
  821.000  5.495836e-01 
  822.000  5.345725e-01 
  823.000  4.931636e-01 
  824.000  5.280354e-01 
  825.000  5.507358e-01 
  826.000  5.468850e-01 
  827.000  5.440184e-01 
  828.000  5.290973e-01 
  829.000  5.344676e-01 
  830.000  5.405053e-01 
  831.000  5.419385e-01 
  832.000  5.425904e-01 
  833.000  5.460908e-01 
  834.000  5.502178e-01 
  835.000  5.584050e-01 
  836.000  5.557898e-01 
  837.000  5.555281e-01 
  838.000  5.595189e-01 
  839.000  5.619490e-01 
  840.000  5.628369e-01 
  841.000  5.602232e-01 
  842.000  5.625880e-01 
  843.000  5.681989e-01 
  844.000  5.707536e-01 
  845.000  5.719491e-01 
  846.000  5.732063e-01 
  847.000  5.745916e-01 
  848.000  5.723270e-01 
  849.000  5.726252e-01 
  850.000  5.715097e-01 
  851.000  5.701801e-01 
  852.000  5.703211e-01 
  853.000  5.725392e-01 
  854.000  5.724286e-01 
  855.000  5.735485e-01 
  856.000  5.757471e-01 
  857.000  5.767113e-01 
  858.000  5.771900e-01 
  859.000  5.783606e-01 
  860.000  5.789081e-01 
  861.000  5.790144e-01 
  862.000  5.793734e-01 
  863.000  5.794260e-01 
  864.000  5.796744e-01 
  865.000  5.798787e-01 
  866.000  5.799378e-01 
  867.000  5.799081e-01 
  868.000  5.799456e-01 
  869.000  5.800179e-01 
  870.000  5.799755e-01 
  871.000  5.800443e-01 
  872.000  5.802032e-01 
  873.000  5.800568e-01 
  874.000  5.799803e-01 
  875.000  5.799670e-01 
  876.000  5.797070e-01 
  877.000  5.795779e-01 
  878.000  5.789362e-01 
  879.000  5.788948e-01 
  880.000  5.783023e-01 
  881.000  5.779477e-01 
  882.000  5.776073e-01 
  883.000  5.779592e-01 
  884.000  5.781044e-01 
  885.000  5.768673e-01 
  886.000  5.752823e-01 
  887.000  5.764697e-01 
  888.000  5.763930e-01 
  889.000  5.768259e-01 
  890.000  5.759583e-01 
  891.000  5.738515e-01 
  892.000  5.694066e-01 
  893.000  5.559486e-01 
  894.000  5.492448e-01 
  895.000  5.289698e-01 
  896.000  5.108780e-01 
  897.000  4.919145e-01 
  898.000  4.830917e-01 
  899.000  4.585302e-01 
  900.000  4.620197e-01 
  901.000  4.556890e-01 
  902.000  4.569206e-01 
  903.000  4.982854e-01 
  904.000  5.239047e-01 
  905.000  5.230170e-01 
  906.000  5.069975e-01 
  907.000  4.789198e-01 
  908.000  4.605893e-01 
  909.000  4.613399e-01 
  910.000  4.640834e-01 
  911.000  4.762413e-01 
  912.000  4.703586e-01 
  913.000  4.449613e-01 
  914.000  4.574979e-01 
  915.000  4.674500e-01 
  916.000  4.701793e-01 
  917.000  4.756359e-01 
  918.000  4.826948e-01 
  919.000  5.067686e-01 
  920.000  5.251483e-01 
  921.000  5.211353e-01 
  922.000  5.208044e-01 
  923.000  5.156878e-01 
  924.000  5.034198e-01 
  925.000  5.023377e-01 
  926.000  5.018594e-01 
  927.000  4.874649e-01 
  928.000  4.655045e-01 
  929.000  4.342029e-01 
  930.000  3.951296e-01 
  931.000  3.524854e-01 
  932.000  2.978989e-01 
  933.000  2.589779e-01 
  934.000  2.204957e-01 
  935.000  2.163560e-01 
  936.000  2.311645e-01 
  937.000  2.275075e-01 
  938.000  2.709212e-01 
  939.000  3.893642e-01 
  940.000  4.078050e-01 
  941.000  3.921269e-01 
  942.000  3.539698e-01 
  943.000  2.922412e-01 
  944.000  2.879285e-01 
  945.000  3.096722e-01 
  946.000  3.110118e-01 
  947.000  3.309993e-01 
  948.000  3.428116e-01 
  949.000  3.414116e-01 
  950.000  3.444858e-01 
  951.000  3.711153e-01 
  952.000  3.429356e-01 
  953.000  3.629313e-01 
  954.000  3.846427e-01 
  955.000  3.673456e-01 
  956.000  3.637291e-01 
  957.000  4.188657e-01 
  958.000  4.262621e-01 
  959.000  4.171305e-01 
  960.000  4.145539e-01 
  961.000  4.100100e-01 
  962.000  4.143139e-01 
  963.000  4.451130e-01 
  964.000  4.496309e-01 
  965.000  4.467562e-01 
  966.000  4.485227e-01 
  967.000  4.708054e-01 
  968.000  5.084010e-01 
  969.000  5.255738e-01 
  970.000  5.265344e-01 
  971.000  5.261364e-01 
  972.000  5.212569e-01 
  973.000  5.100288e-01 
  974.000  4.964270e-01 
  975.000  4.877262e-01 
  976.000  4.983778e-01 
  977.000  5.160680e-01 
  978.000  5.146633e-01 
  979.000  5.193012e-01 
  980.000  5.374898e-01 
  981.000  5.415553e-01 
  982.000  5.375319e-01 
  983.000  5.469231e-01 
  984.000  5.566111e-01 
  985.000  5.621320e-01 
  986.000  5.692644e-01 
  987.000  5.723658e-01 
  988.000  5.730829e-01 
  989.000  5.735420e-01 
  990.000  5.742993e-01 
  991.000  5.769579e-01 
  992.000  5.777137e-01 
  993.000  5.779967e-01 
  994.000  5.802267e-01 
  995.000  5.818649e-01 
  996.000  5.818499e-01 
  997.000  5.808336e-01 
  998.000  5.797697e-01 
  999.000  5.793248e-01 
 1000.000  5.796889e-01 
 1001.000  5.771458e-01 
 1002.000  5.730802e-01 
 1003.000  5.740460e-01 
 1004.000  5.763854e-01 
 1005.000  5.774551e-01 
 1006.000  5.777928e-01 
 1007.000  5.770155e-01 
 1008.000  5.737010e-01 
 1009.000  5.692729e-01 
 1010.000  5.712442e-01 
 1011.000  5.759489e-01 
 1012.000  5.777423e-01 
 1013.000  5.791513e-01 
 1014.000  5.797407e-01 
 1015.000  5.798504e-01 
 1016.000  5.803076e-01 
 1017.000  5.806906e-01 
 1018.000  5.800533e-01 
 1019.000  5.784150e-01 
 1020.000  5.789868e-01 
 1021.000  5.801650e-01 
 1022.000  5.781774e-01 
 1023.000  5.765140e-01 
 1024.000  5.755156e-01 
 1025.000  5.785521e-01 
 1026.000  5.798880e-01 
 1027.000  5.793115e-01 
 1028.000  5.797715e-01 
 1029.000  5.809586e-01 
 1030.000  5.821687e-01 
 1031.000  5.827803e-01 
 1032.000  5.832548e-01 
 1033.000  5.833935e-01 
 1034.000  5.836284e-01 
 1035.000  5.837921e-01 
 1036.000  5.836740e-01 
 1037.000  5.836849e-01 
 1038.000  5.837852e-01 
 1039.000  5.835801e-01 
 1040.000  5.833977e-01 
 1041.000  5.832530e-01 
 1042.000  5.832080e-01 
 1043.000  5.831945e-01 
 1044.000  5.830603e-01 
 1045.000  5.826660e-01 
 1046.000  5.823967e-01 
 1047.000  5.820733e-01 
 1048.000  5.816436e-01 
 1049.000  5.812213e-01 
 1050.000  5.808208e-01 
 1051.000  5.802518e-01 
 1052.000  5.798528e-01 
 1053.000  5.797355e-01 
 1054.000  5.791862e-01 
 1055.000  5.785838e-01 
 1056.000  5.780629e-01 
 1057.000  5.768633e-01 
 1058.000  5.748062e-01 
 1059.000  5.748613e-01 
 1060.000  5.757541e-01 
 1061.000  5.754501e-01 
 1062.000  5.741607e-01 
 1063.000  5.736021e-01 
 1064.000  5.724435e-01 
 1065.000  5.711229e-01 
 1066.000  5.712174e-01 
 1067.000  5.706800e-01 
 1068.000  5.681938e-01 
 1069.000  5.671262e-01 
 1070.000  5.676398e-01 
 1071.000  5.661342e-01 
 1072.000  5.645576e-01 
 1073.000  5.643282e-01 
 1074.000  5.646641e-01 
 1075.000  5.672124e-01 
 1076.000  5.657477e-01 
 1077.000  5.637513e-01 
 1078.000  5.613850e-01 
 1079.000  5.611331e-01 
 1080.000  5.546840e-01 
 1081.000  5.543650e-01 
 1082.000  5.572668e-01 
 1083.000  5.538652e-01 
 1084.000  5.501355e-01 
 1085.000  5.412086e-01 
 1086.000  5.433322e-01 
 1087.000  5.532206e-01 
 1088.000  5.536398e-01 
 1089.000  5.416636e-01 
 1090.000  5.394323e-01 
 1091.000  5.417247e-01 
 1092.000  5.358082e-01 
 1093.000  5.226022e-01 
 1094.000  5.168766e-01 
 1095.000  5.178052e-01 
 1096.000  5.186331e-01 
 1097.000  5.159955e-01 
 1098.000  4.841705e-01 
 1099.000  4.573413e-01 
 1100.000  4.591388e-01 
 1101.000  4.628121e-01 
 1102.000  4.609970e-01 
 1103.000  4.634112e-01 
 1104.000  4.589205e-01 
 1105.000  4.477045e-01 
 1106.000  4.364931e-01 
 1107.000  4.391923e-01 
 1108.000  4.411144e-01 
 1109.000  4.505472e-01 
 1110.000  4.491492e-01 
 1111.000  4.437091e-01 
 1112.000  4.201681e-01 
 1113.000  3.882483e-01 
 1114.000  3.792698e-01 
 1115.000  3.409145e-01 
 1116.000  3.176924e-01 
 1117.000  2.659836e-01 
 1118.000  2.203440e-01 
 1119.000  1.967651e-01 
 1120.000  1.687923e-01 
 1121.000  1.626777e-01 
 1122.000  1.355012e-01 
 1123.000  1.497674e-01 
 1124.000  1.596043e-01 
 1125.000  1.543294e-01 
 1126.000  1.522908e-01 
 1127.000  1.547327e-01 
 1128.000  1.594581e-01 
 1129.000  1.872446e-01 
 1130.000  2.554617e-01 
 1131.000  2.761079e-01 
 1132.000  2.478152e-01 
 1133.000  1.986021e-01 
 1134.000  1.170566e-01 
 1135.000  1.229087e-01 
 1136.000  2.059622e-01 
 1137.000  2.555489e-01 
 1138.000  3.062256e-01 
 1139.000  3.226952e-01 
 1140.000  3.128526e-01 
 1141.000  2.933319e-01 
 1142.000  2.863619e-01 
 1143.000  2.648279e-01 
 1144.000  2.412083e-01 
 1145.000  2.079944e-01 
 1146.000  2.157574e-01 
 1147.000  2.418908e-01 
 1148.000  2.657060e-01 
 1149.000  2.756354e-01 
 1150.000  2.765385e-01 
