  320.000  9.180205e-02 
  321.000  1.204430e-01 
  322.000  1.089653e-01 
  323.000  1.235599e-01 
  324.000  1.386524e-01 
  325.000  1.273650e-01 
  326.000  1.460203e-01 
  327.000  1.513432e-01 
  328.000  1.399100e-01 
  329.000  1.620597e-01 
  330.000  1.656473e-01 
  331.000  1.585686e-01 
  332.000  1.723084e-01 
  333.000  1.763702e-01 
  334.000  1.730334e-01 
  335.000  1.833062e-01 
  336.000  1.875104e-01 
  337.000  1.857356e-01 
  338.000  1.906814e-01 
  339.000  1.958210e-01 
  340.000  1.949740e-01 
  341.000  1.999929e-01 
  342.000  2.036842e-01 
  343.000  2.055448e-01 
  344.000  2.059255e-01 
  345.000  2.109703e-01 
  346.000  2.141717e-01 
  347.000  2.167909e-01 
  348.000  2.192515e-01 
  349.000  2.220237e-01 
  350.000  2.244002e-01 
  351.000  2.267733e-01 
  352.000  2.287246e-01 
  353.000  2.315065e-01 
  354.000  2.338812e-01 
  355.000  2.360962e-01 
  356.000  2.382594e-01 
  357.000  2.401887e-01 
  358.000  2.422686e-01 
  359.000  2.443507e-01 
  360.000  2.464874e-01 
  361.000  2.491930e-01 
  362.000  2.520176e-01 
  363.000  2.546257e-01 
  364.000  2.570314e-01 
  365.000  2.592927e-01 
  366.000  2.616097e-01 
  367.000  2.638201e-01 
  368.000  2.660147e-01 
  369.000  2.681945e-01 
  370.000  2.703557e-01 
  371.000  2.725039e-01 
  372.000  2.746382e-01 
  373.000  2.767581e-01 
  374.000  2.788475e-01 
  375.000  2.809000e-01 
  376.000  2.828859e-01 
  377.000  2.847658e-01 
  378.000  2.865144e-01 
  379.000  2.882935e-01 
  380.000  2.902531e-01 
  381.000  2.924873e-01 
  382.000  2.948065e-01 
  383.000  2.970033e-01 
  384.000  2.990904e-01 
  385.000  3.011044e-01 
  386.000  3.030695e-01 
  387.000  3.050054e-01 
  388.000  3.069192e-01 
  389.000  3.088196e-01 
  390.000  3.107071e-01 
  391.000  3.125776e-01 
  392.000  3.144364e-01 
  393.000  3.162820e-01 
  394.000  3.181126e-01 
  395.000  3.199266e-01 
  396.000  3.217309e-01 
  397.000  3.235162e-01 
  398.000  3.252870e-01 
  399.000  3.270447e-01 
  400.000  3.287798e-01 
  401.000  3.305100e-01 
  402.000  3.322281e-01 
  403.000  3.339331e-01 
  404.000  3.356247e-01 
  405.000  3.372993e-01 
  406.000  3.389644e-01 
  407.000  3.406180e-01 
  408.000  3.422586e-01 
  409.000  3.438846e-01 
  410.000  3.454966e-01 
  411.000  3.470941e-01 
  412.000  3.486759e-01 
  413.000  3.502499e-01 
  414.000  3.517121e-01 
  415.000  3.532953e-01 
  416.000  3.548598e-01 
  417.000  3.563994e-01 
  418.000  3.579049e-01 
  419.000  3.593949e-01 
  420.000  3.608727e-01 
  421.000  3.623428e-01 
  422.000  3.638049e-01 
  423.000  3.652572e-01 
  424.000  3.666935e-01 
  425.000  3.680978e-01 
  426.000  3.694896e-01 
  427.000  3.708700e-01 
  428.000  3.722268e-01 
  429.000  3.735656e-01 
  430.000  3.748897e-01 
  431.000  3.762048e-01 
  432.000  3.775071e-01 
  433.000  3.787978e-01 
  434.000  3.800785e-01 
  435.000  3.813475e-01 
  436.000  3.826031e-01 
  437.000  3.838458e-01 
  438.000  3.850751e-01 
  439.000  3.862956e-01 
  440.000  3.874972e-01 
  441.000  3.886843e-01 
  442.000  3.898533e-01 
  443.000  3.910052e-01 
  444.000  3.921397e-01 
  445.000  3.932504e-01 
  446.000  3.943308e-01 
  447.000  3.954645e-01 
  448.000  3.966807e-01 
  449.000  3.979124e-01 
  450.000  3.991211e-01 
  451.000  4.002833e-01 
  452.000  4.014053e-01 
  453.000  4.025050e-01 
  454.000  4.035854e-01 
  455.000  4.046035e-01 
  456.000  4.055399e-01 
  457.000  4.064769e-01 
  458.000  4.074018e-01 
  459.000  4.083074e-01 
  460.000  4.092061e-01 
  461.000  4.100958e-01 
  462.000  4.109688e-01 
  463.000  4.118384e-01 
  464.000  4.129710e-01 
  465.000  4.140871e-01 
  466.000  4.151842e-01 
  467.000  4.162564e-01 
  468.000  4.171301e-01 
  469.000  4.178829e-01 
  470.000  4.185753e-01 
  471.000  4.191989e-01 
  472.000  4.197285e-01 
  473.000  4.200998e-01 
  474.000  4.204047e-01 
  475.000  4.204831e-01 
  476.000  4.203321e-01 
  477.000  4.203290e-01 
  478.000  4.212114e-01 
  479.000  4.225554e-01 
  480.000  4.240068e-01 
  481.000  4.253097e-01 
  482.000  4.265324e-01 
  483.000  4.275958e-01 
  484.000  4.285101e-01 
  485.000  4.293281e-01 
  486.000  4.302008e-01 
  487.000  4.311199e-01 
  488.000  4.320097e-01 
  489.000  4.328835e-01 
  490.000  4.337473e-01 
  491.000  4.344239e-01 
  492.000  4.350426e-01 
  493.000  4.356583e-01 
  494.000  4.362568e-01 
  495.000  4.368554e-01 
  496.000  4.371639e-01 
  497.000  4.374608e-01 
  498.000  4.377533e-01 
  499.000  4.380301e-01 
  500.000  4.383025e-01 
  501.000  4.385447e-01 
  502.000  4.387870e-01 
  503.000  4.390262e-01 
  504.000  4.392545e-01 
  505.000  4.394703e-01 
  506.000  4.401025e-01 
  507.000  4.407532e-01 
  508.000  4.414031e-01 
  509.000  4.420457e-01 
  510.000  4.426748e-01 
  511.000  4.432389e-01 
  512.000  4.437837e-01 
  513.000  4.443255e-01 
  514.000  4.448608e-01 
  515.000  4.453914e-01 
  516.000  4.457705e-01 
  517.000  4.460136e-01 
  518.000  4.462500e-01 
  519.000  4.464819e-01 
  520.000  4.467117e-01 
  521.000  4.469175e-01 
  522.000  4.470659e-01 
  523.000  4.471730e-01 
  524.000  4.472836e-01 
  525.000  4.473708e-01 
  526.000  4.474931e-01 
  527.000  4.475128e-01 
  528.000  4.474909e-01 
  529.000  4.474678e-01 
  530.000  4.474499e-01 
  531.000  4.474351e-01 
  532.000  4.474682e-01 
  533.000  4.477665e-01 
  534.000  4.481432e-01 
  535.000  4.485685e-01 
  536.000  4.489797e-01 
  537.000  4.493559e-01 
  538.000  4.496923e-01 
  539.000  4.500041e-01 
  540.000  4.502966e-01 
  541.000  4.505806e-01 
  542.000  4.508522e-01 
  543.000  4.511142e-01 
  544.000  4.513124e-01 
  545.000  4.514584e-01 
  546.000  4.515976e-01 
  547.000  4.517408e-01 
  548.000  4.518768e-01 
  549.000  4.520108e-01 
  550.000  4.520757e-01 
  551.000  4.520723e-01 
  552.000  4.520715e-01 
  553.000  4.520566e-01 
  554.000  4.520352e-01 
  555.000  4.520100e-01 
  556.000  4.519590e-01 
  557.000  4.518631e-01 
  558.000  4.517595e-01 
  559.000  4.516437e-01 
  560.000  4.514987e-01 
  561.000  4.513267e-01 
  562.000  4.509277e-01 
  563.000  4.507128e-01 
  564.000  4.504241e-01 
  565.000  4.499705e-01 
  566.000  4.497052e-01 
  567.000  4.486860e-01 
  568.000  4.458013e-01 
  569.000  4.394015e-01 
  570.000  4.402969e-01 
  571.000  4.445942e-01 
  572.000  4.402946e-01 
  573.000  4.413534e-01 
  574.000  4.415857e-01 
  575.000  4.412757e-01 
  576.000  4.414534e-01 
  577.000  4.430179e-01 
  578.000  4.449307e-01 
  579.000  4.466631e-01 
  580.000  4.481939e-01 
  581.000  4.504347e-01 
  582.000  4.519374e-01 
  583.000  4.528460e-01 
  584.000  4.536968e-01 
  585.000  4.542892e-01 
  586.000  4.549432e-01 
  587.000  4.533721e-01 
  588.000  4.447238e-01 
  589.000  4.311495e-01 
  590.000  4.304647e-01 
  591.000  4.399881e-01 
  592.000  4.351698e-01 
  593.000  4.460444e-01 
  594.000  4.438201e-01 
  595.000  4.364358e-01 
  596.000  4.469730e-01 
  597.000  4.443823e-01 
  598.000  4.485559e-01 
  599.000  4.501293e-01 
  600.000  4.538953e-01 
  601.000  4.562402e-01 
  602.000  4.568820e-01 
  603.000  4.580389e-01 
  604.000  4.593464e-01 
  605.000  4.602987e-01 
  606.000  4.609534e-01 
  607.000  4.615848e-01 
  608.000  4.621712e-01 
  609.000  4.627310e-01 
  610.000  4.633080e-01 
  611.000  4.639490e-01 
  612.000  4.645769e-01 
  613.000  4.651853e-01 
  614.000  4.657759e-01 
  615.000  4.663652e-01 
  616.000  4.669329e-01 
  617.000  4.674693e-01 
  618.000  4.679191e-01 
  619.000  4.682997e-01 
  620.000  4.686521e-01 
  621.000  4.689549e-01 
  622.000  4.692080e-01 
  623.000  4.693772e-01 
  624.000  4.695571e-01 
  625.000  4.697064e-01 
  626.000  4.693213e-01 
  627.000  4.658594e-01 
  628.000  4.486541e-01 
  629.000  4.587040e-01 
  630.000  4.619730e-01 
  631.000  4.654243e-01 
  632.000  4.641601e-01 
  633.000  4.692847e-01 
  634.000  4.716011e-01 
  635.000  4.726984e-01 
  636.000  4.741958e-01 
  637.000  4.755331e-01 
  638.000  4.782056e-01 
  639.000  4.791010e-01 
  640.000  4.808451e-01 
  641.000  4.815973e-01 
  642.000  4.829380e-01 
  643.000  4.822499e-01 
  644.000  4.828333e-01 
  645.000  4.816012e-01 
  646.000  4.741701e-01 
  647.000  4.691437e-01 
  648.000  4.634991e-01 
  649.000  4.691955e-01 
  650.000  4.798571e-01 
  651.000  4.802195e-01 
  652.000  4.715094e-01 
  653.000  4.823219e-01 
  654.000  4.815395e-01 
  655.000  4.780895e-01 
  656.000  4.797893e-01 
  657.000  4.822227e-01 
  658.000  4.861810e-01 
  659.000  4.886474e-01 
  660.000  4.899332e-01 
  661.000  4.928881e-01 
  662.000  4.944028e-01 
  663.000  4.945649e-01 
  664.000  4.953638e-01 
  665.000  4.961368e-01 
  666.000  4.970111e-01 
  667.000  4.977631e-01 
  668.000  4.986859e-01 
  669.000  4.993226e-01 
  670.000  4.998768e-01 
  671.000  5.004656e-01 
  672.000  5.009831e-01 
  673.000  5.014898e-01 
  674.000  5.019916e-01 
  675.000  5.024948e-01 
  676.000  5.029651e-01 
  677.000  5.033982e-01 
  678.000  5.038331e-01 
  679.000  5.041744e-01 
  680.000  5.041105e-01 
  681.000  5.040269e-01 
  682.000  5.042486e-01 
  683.000  5.043628e-01 
  684.000  5.039215e-01 
  685.000  5.047705e-01 
  686.000  5.024143e-01 
  687.000  4.229841e-01 
  688.000  4.478934e-01 
  689.000  4.406420e-01 
  690.000  4.537339e-01 
  691.000  4.703798e-01 
  692.000  4.796028e-01 
  693.000  4.722807e-01 
  694.000  4.632036e-01 
  695.000  4.712725e-01 
  696.000  4.760637e-01 
  697.000  4.969085e-01 
  698.000  4.926139e-01 
  699.000  4.739555e-01 
  700.000  4.770660e-01 
  701.000  4.729594e-01 
  702.000  4.760566e-01 
  703.000  4.917657e-01 
  704.000  4.925043e-01 
  705.000  4.860832e-01 
  706.000  4.873962e-01 
  707.000  4.897631e-01 
  708.000  4.923233e-01 
  709.000  4.975170e-01 
  710.000  4.920792e-01 
  711.000  4.977168e-01 
  712.000  5.025350e-01 
  713.000  4.987228e-01 
  714.000  4.974429e-01 
  715.000  4.911993e-01 
  716.000  4.846631e-01 
  717.000  4.443613e-01 
  718.000  4.201014e-01 
  719.000  4.114508e-01 
  720.000  3.987052e-01 
  721.000  4.559027e-01 
  722.000  4.768887e-01 
  723.000  4.650522e-01 
  724.000  4.318854e-01 
  725.000  4.367101e-01 
  726.000  4.352045e-01 
  727.000  4.398946e-01 
  728.000  4.348567e-01 
  729.000  4.475314e-01 
  730.000  4.454010e-01 
  731.000  4.428237e-01 
  732.000  4.643724e-01 
  733.000  4.853818e-01 
  734.000  4.956361e-01 
  735.000  4.920691e-01 
  736.000  4.853972e-01 
  737.000  4.904636e-01 
  738.000  4.974436e-01 
  739.000  5.004715e-01 
  740.000  5.071860e-01 
  741.000  5.110839e-01 
  742.000  5.127323e-01 
  743.000  5.163385e-01 
  744.000  5.177825e-01 
  745.000  5.191129e-01 
  746.000  5.200394e-01 
  747.000  5.203052e-01 
  748.000  5.212005e-01 
  749.000  5.217150e-01 
  750.000  5.214396e-01 
  751.000  5.216213e-01 
  752.000  5.225023e-01 
  753.000  5.228740e-01 
  754.000  5.231627e-01 
  755.000  5.233435e-01 
  756.000  5.235342e-01 
  757.000  5.236655e-01 
  758.000  5.225322e-01 
  759.000  4.791367e-01 
  760.000  1.828243e-01 
  761.000  1.580800e-01 
  762.000  3.195264e-01 
  763.000  2.669663e-01 
  764.000  2.927715e-01 
  765.000  3.530557e-01 
  766.000  4.286410e-01 
  767.000  4.678742e-01 
  768.000  4.939101e-01 
  769.000  5.112589e-01 
  770.000  5.207175e-01 
  771.000  5.250891e-01 
  772.000  5.262057e-01 
  773.000  5.267002e-01 
  774.000  5.273441e-01 
  775.000  5.277635e-01 
  776.000  5.280688e-01 
  777.000  5.281420e-01 
  778.000  5.281048e-01 
  779.000  5.280592e-01 
  780.000  5.280121e-01 
  781.000  5.284179e-01 
  782.000  5.283577e-01 
  783.000  5.283117e-01 
  784.000  5.280219e-01 
  785.000  5.265663e-01 
  786.000  5.244076e-01 
  787.000  5.193418e-01 
  788.000  5.166825e-01 
  789.000  5.072442e-01 
  790.000  5.064312e-01 
  791.000  5.082081e-01 
  792.000  5.098594e-01 
  793.000  5.137078e-01 
  794.000  5.218863e-01 
  795.000  5.168863e-01 
  796.000  5.036537e-01 
  797.000  5.074258e-01 
  798.000  5.157968e-01 
  799.000  5.138878e-01 
  800.000  5.078001e-01 
  801.000  5.085254e-01 
  802.000  5.079136e-01 
  803.000  5.088073e-01 
  804.000  5.116779e-01 
  805.000  5.171797e-01 
  806.000  5.204764e-01 
  807.000  5.206254e-01 
  808.000  5.187569e-01 
  809.000  5.164590e-01 
  810.000  5.139363e-01 
  811.000  5.087824e-01 
  812.000  5.018603e-01 
  813.000  4.934273e-01 
  814.000  4.823765e-01 
  815.000  4.687265e-01 
  816.000  4.515529e-01 
  817.000  4.524369e-01 
  818.000  4.538150e-01 
  819.000  4.594958e-01 
  820.000  4.785348e-01 
  821.000  5.005475e-01 
  822.000  4.837780e-01 
  823.000  4.381175e-01 
  824.000  4.765137e-01 
  825.000  5.018352e-01 
  826.000  4.975614e-01 
  827.000  4.943479e-01 
  828.000  4.777108e-01 
  829.000  4.836706e-01 
  830.000  4.904019e-01 
  831.000  4.920088e-01 
  832.000  4.927667e-01 
  833.000  4.966882e-01 
  834.000  5.013230e-01 
  835.000  5.105292e-01 
  836.000  5.075939e-01 
  837.000  5.073079e-01 
  838.000  5.117903e-01 
  839.000  5.145254e-01 
  840.000  5.155199e-01 
  841.000  5.125737e-01 
  842.000  5.152310e-01 
  843.000  5.215523e-01 
  844.000  5.244356e-01 
  845.000  5.257812e-01 
  846.000  5.271972e-01 
  847.000  5.287570e-01 
  848.000  5.261874e-01 
  849.000  5.265152e-01 
  850.000  5.252452e-01 
  851.000  5.237349e-01 
  852.000  5.238864e-01 
  853.000  5.263857e-01 
  854.000  5.262558e-01 
  855.000  5.275159e-01 
  856.000  5.301359e-01 
  857.000  5.310558e-01 
  858.000  5.316663e-01 
  859.000  5.329126e-01 
  860.000  5.335256e-01 
  861.000  5.336406e-01 
  862.000  5.340518e-01 
  863.000  5.341039e-01 
  864.000  5.343855e-01 
  865.000  5.346155e-01 
  866.000  5.346753e-01 
  867.000  5.346316e-01 
  868.000  5.346662e-01 
  869.000  5.347415e-01 
  870.000  5.346833e-01 
  871.000  5.347545e-01 
  872.000  5.349306e-01 
  873.000  5.347513e-01 
  874.000  5.346534e-01 
  875.000  5.346290e-01 
  876.000  5.343174e-01 
  877.000  5.342193e-01 
  878.000  5.334405e-01 
  879.000  5.333858e-01 
  880.000  5.327147e-01 
  881.000  5.323048e-01 
  882.000  5.319966e-01 
  883.000  5.323023e-01 
  884.000  5.324591e-01 
  885.000  5.310622e-01 
  886.000  5.293033e-01 
  887.000  5.308138e-01 
  888.000  5.307233e-01 
  889.000  5.309722e-01 
  890.000  5.300112e-01 
  891.000  5.276234e-01 
  892.000  5.225961e-01 
  893.000  5.074837e-01 
  894.000  4.999464e-01 
  895.000  4.774283e-01 
  896.000  4.574277e-01 
  897.000  4.365925e-01 
  898.000  4.269490e-01 
  899.000  4.005434e-01 
  900.000  4.042133e-01 
  901.000  3.974685e-01 
  902.000  3.988551e-01 
  903.000  4.434116e-01 
  904.000  4.714418e-01 
  905.000  4.705172e-01 
  906.000  4.529750e-01 
  907.000  4.225160e-01 
  908.000  4.028259e-01 
  909.000  4.035882e-01 
  910.000  4.065043e-01 
  911.000  4.195338e-01 
  912.000  4.132237e-01 
  913.000  3.861795e-01 
  914.000  3.994985e-01 
  915.000  4.101584e-01 
  916.000  4.131164e-01 
  917.000  4.190209e-01 
  918.000  4.266662e-01 
  919.000  4.528217e-01 
  920.000  4.730184e-01 
  921.000  4.686439e-01 
  922.000  4.682891e-01 
  923.000  4.626700e-01 
  924.000  4.492429e-01 
  925.000  4.479708e-01 
  926.000  4.472161e-01 
  927.000  4.313740e-01 
  928.000  4.074254e-01 
  929.000  3.737610e-01 
  930.000  3.325681e-01 
  931.000  2.887383e-01 
  932.000  2.339336e-01 
  933.000  1.967252e-01 
  934.000  1.614078e-01 
  935.000  1.575644e-01 
  936.000  1.707379e-01 
  937.000  1.675944e-01 
  938.000  2.079970e-01 
  939.000  3.245371e-01 
  940.000  3.436117e-01 
  941.000  3.276615e-01 
  942.000  2.891604e-01 
  943.000  2.287640e-01 
  944.000  2.245437e-01 
  945.000  2.453212e-01 
  946.000  2.467406e-01 
  947.000  2.664938e-01 
  948.000  2.782729e-01 
  949.000  2.770409e-01 
  950.000  2.801647e-01 
  951.000  3.069537e-01 
  952.000  2.789212e-01 
  953.000  2.990911e-01 
  954.000  3.213077e-01 
  955.000  3.039547e-01 
  956.000  3.006341e-01 
  957.000  3.573787e-01 
  958.000  3.653114e-01 
  959.000  3.559551e-01 
  960.000  3.534072e-01 
  961.000  3.487899e-01 
  962.000  3.533635e-01 
  963.000  3.857647e-01 
  964.000  3.906360e-01 
  965.000  3.876925e-01 
  966.000  3.896693e-01 
  967.000  4.135175e-01 
  968.000  4.542953e-01 
  969.000  4.731881e-01 
  970.000  4.742916e-01 
  971.000  4.738654e-01 
  972.000  4.684887e-01 
  973.000  4.561803e-01 
  974.000  4.413746e-01 
  975.000  4.319573e-01 
  976.000  4.434980e-01 
  977.000  4.627969e-01 
  978.000  4.613042e-01 
  979.000  4.664375e-01 
  980.000  4.864906e-01 
  981.000  4.910212e-01 
  982.000  4.866170e-01 
  983.000  4.970500e-01 
  984.000  5.078446e-01 
  985.000  5.140210e-01 
  986.000  5.220140e-01 
  987.000  5.255068e-01 
  988.000  5.263237e-01 
  989.000  5.268475e-01 
  990.000  5.277008e-01 
  991.000  5.306874e-01 
  992.000  5.315356e-01 
  993.000  5.318525e-01 
  994.000  5.345466e-01 
  995.000  5.361605e-01 
  996.000  5.362238e-01 
  997.000  5.349987e-01 
  998.000  5.338291e-01 
  999.000  5.333248e-01 
 1000.000  5.337286e-01 
 1001.000  5.308694e-01 
 1002.000  5.263064e-01 
 1003.000  5.273849e-01 
 1004.000  5.300040e-01 
 1005.000  5.312004e-01 
 1006.000  5.315809e-01 
 1007.000  5.307041e-01 
 1008.000  5.269853e-01 
 1009.000  5.220267e-01 
 1010.000  5.242316e-01 
 1011.000  5.295038e-01 
 1012.000  5.315161e-01 
 1013.000  5.331008e-01 
 1014.000  5.337647e-01 
 1015.000  5.338903e-01 
 1016.000  5.346058e-01 
 1017.000  5.350201e-01 
 1018.000  5.341203e-01 
 1019.000  5.322803e-01 
 1020.000  5.329232e-01 
 1021.000  5.342463e-01 
 1022.000  5.320170e-01 
 1023.000  5.301542e-01 
 1024.000  5.290386e-01 
 1025.000  5.324485e-01 
 1026.000  5.339549e-01 
 1027.000  5.333128e-01 
 1028.000  5.338381e-01 
 1029.000  5.351504e-01 
 1030.000  5.365174e-01 
 1031.000  5.372103e-01 
 1032.000  5.377537e-01 
 1033.000  5.379245e-01 
 1034.000  5.382510e-01 
 1035.000  5.384093e-01 
 1036.000  5.383163e-01 
 1037.000  5.383661e-01 
 1038.000  5.384876e-01 
 1039.000  5.382601e-01 
 1040.000  5.380676e-01 
 1041.000  5.379155e-01 
 1042.000  5.378746e-01 
 1043.000  5.378737e-01 
 1044.000  5.377412e-01 
 1045.000  5.373126e-01 
 1046.000  5.370266e-01 
 1047.000  5.366901e-01 
 1048.000  5.362803e-01 
 1049.000  5.359042e-01 
 1050.000  5.354863e-01 
 1051.000  5.348963e-01 
 1052.000  5.344865e-01 
 1053.000  5.343907e-01 
 1054.000  5.337543e-01 
 1055.000  5.331734e-01 
 1056.000  5.326449e-01 
 1057.000  5.313615e-01 
 1058.000  5.290428e-01 
 1059.000  5.291609e-01 
 1060.000  5.302774e-01 
 1061.000  5.299721e-01 
 1062.000  5.285185e-01 
 1063.000  5.279873e-01 
 1064.000  5.267634e-01 
 1065.000  5.254931e-01 
 1066.000  5.256104e-01 
 1067.000  5.248329e-01 
 1068.000  5.220173e-01 
 1069.000  5.206567e-01 
 1070.000  5.211121e-01 
 1071.000  5.193226e-01 
 1072.000  5.174891e-01 
 1073.000  5.171571e-01 
 1074.000  5.174610e-01 
 1075.000  5.202377e-01 
 1076.000  5.185343e-01 
 1077.000  5.162427e-01 
 1078.000  5.135431e-01 
 1079.000  5.132030e-01 
 1080.000  5.059756e-01 
 1081.000  5.055776e-01 
 1082.000  5.087627e-01 
 1083.000  5.049258e-01 
 1084.000  5.007420e-01 
 1085.000  4.908257e-01 
 1086.000  4.931296e-01 
 1087.000  5.040404e-01 
 1088.000  5.044833e-01 
 1089.000  4.911774e-01 
 1090.000  4.886706e-01 
 1091.000  4.911587e-01 
 1092.000  4.845754e-01 
 1093.000  4.700227e-01 
 1094.000  4.637317e-01 
 1095.000  4.647070e-01 
 1096.000  4.655442e-01 
 1097.000  4.625848e-01 
 1098.000  4.279962e-01 
 1099.000  3.992110e-01 
 1100.000  4.010852e-01 
 1101.000  4.049511e-01 
 1102.000  4.029297e-01 
 1103.000  4.054254e-01 
 1104.000  4.005638e-01 
 1105.000  3.885701e-01 
 1106.000  3.767439e-01 
 1107.000  3.794368e-01 
 1108.000  3.812555e-01 
 1109.000  3.909358e-01 
 1110.000  3.890928e-01 
 1111.000  3.831565e-01 
 1112.000  3.582577e-01 
 1113.000  3.247723e-01 
 1114.000  3.148696e-01 
 1115.000  2.756159e-01 
 1116.000  2.524329e-01 
 1117.000  2.029098e-01 
 1118.000  1.606112e-01 
 1119.000  1.392175e-01 
 1120.000  1.149909e-01 
 1121.000  1.097447e-01 
 1122.000  8.766595e-02 
 1123.000  9.878797e-02 
 1124.000  1.066146e-01 
 1125.000  1.023096e-01 
 1126.000  1.007111e-01 
 1127.000  1.028289e-01 
 1128.000  1.069195e-01 
 1129.000  1.302741e-01 
 1130.000  1.901858e-01 
 1131.000  2.090767e-01 
 1132.000  1.831123e-01 
 1133.000  1.400018e-01 
 1134.000  7.365385e-02 
 1135.000  7.821052e-02 
 1136.000  1.467385e-01 
 1137.000  1.909715e-01 
 1138.000  2.386390e-01 
 1139.000  2.553189e-01 
 1140.000  2.458683e-01 
 1141.000  2.276433e-01 
 1142.000  2.210121e-01 
 1143.000  2.008119e-01 
 1144.000  1.792147e-01 
 1145.000  1.495856e-01 
 1146.000  1.564567e-01 
 1147.000  1.799246e-01 
 1148.000  2.018261e-01 
 1149.000  2.112677e-01 
 1150.000  2.125715e-01 
