  320.000  1.824769e-01 
  321.000  2.246088e-01 
  322.000  2.080431e-01 
  323.000  2.290423e-01 
  324.000  2.501527e-01 
  325.000  2.344191e-01 
  326.000  2.602600e-01 
  327.000  2.674874e-01 
  328.000  2.518866e-01 
  329.000  2.818604e-01 
  330.000  2.866215e-01 
  331.000  2.772034e-01 
  332.000  2.953981e-01 
  333.000  3.007107e-01 
  334.000  2.963485e-01 
  335.000  3.097166e-01 
  336.000  3.151365e-01 
  337.000  3.128520e-01 
  338.000  3.192054e-01 
  339.000  3.257671e-01 
  340.000  3.246885e-01 
  341.000  3.310634e-01 
  342.000  3.357280e-01 
  343.000  3.380717e-01 
  344.000  3.385506e-01 
  345.000  3.448776e-01 
  346.000  3.488742e-01 
  347.000  3.521336e-01 
  348.000  3.551871e-01 
  349.000  3.586178e-01 
  350.000  3.615507e-01 
  351.000  3.644721e-01 
  352.000  3.668690e-01 
  353.000  3.702778e-01 
  354.000  3.731799e-01 
  355.000  3.758808e-01 
  356.000  3.785127e-01 
  357.000  3.808552e-01 
  358.000  3.833757e-01 
  359.000  3.858938e-01 
  360.000  3.884727e-01 
  361.000  3.917307e-01 
  362.000  3.951231e-01 
  363.000  3.982475e-01 
  364.000  4.011229e-01 
  365.000  4.038199e-01 
  366.000  4.065776e-01 
  367.000  4.092031e-01 
  368.000  4.118047e-01 
  369.000  4.143837e-01 
  370.000  4.169359e-01 
  371.000  4.194680e-01 
  372.000  4.219791e-01 
  373.000  4.244687e-01 
  374.000  4.269181e-01 
  375.000  4.293200e-01 
  376.000  4.316401e-01 
  377.000  4.338329e-01 
  378.000  4.358694e-01 
  379.000  4.379385e-01 
  380.000  4.402139e-01 
  381.000  4.428039e-01 
  382.000  4.454875e-01 
  383.000  4.480249e-01 
  384.000  4.504315e-01 
  385.000  4.527501e-01 
  386.000  4.550088e-01 
  387.000  4.572307e-01 
  388.000  4.594239e-01 
  389.000  4.615986e-01 
  390.000  4.637554e-01 
  391.000  4.658897e-01 
  392.000  4.680077e-01 
  393.000  4.701079e-01 
  394.000  4.721880e-01 
  395.000  4.742466e-01 
  396.000  4.762914e-01 
  397.000  4.783120e-01 
  398.000  4.803136e-01 
  399.000  4.822978e-01 
  400.000  4.842542e-01 
  401.000  4.862026e-01 
  402.000  4.881350e-01 
  403.000  4.900503e-01 
  404.000  4.919483e-01 
  405.000  4.938250e-01 
  406.000  4.956889e-01 
  407.000  4.975378e-01 
  408.000  4.993701e-01 
  409.000  5.011840e-01 
  410.000  5.029804e-01 
  411.000  5.047586e-01 
  412.000  5.065174e-01 
  413.000  5.082658e-01 
  414.000  5.098884e-01 
  415.000  5.116433e-01 
  416.000  5.133757e-01 
  417.000  5.150788e-01 
  418.000  5.167426e-01 
  419.000  5.183876e-01 
  420.000  5.200174e-01 
  421.000  5.216373e-01 
  422.000  5.232468e-01 
  423.000  5.248441e-01 
  424.000  5.264222e-01 
  425.000  5.279639e-01 
  426.000  5.294903e-01 
  427.000  5.310030e-01 
  428.000  5.324886e-01 
  429.000  5.339531e-01 
  430.000  5.354005e-01 
  431.000  5.368367e-01 
  432.000  5.382578e-01 
  433.000  5.396652e-01 
  434.000  5.410604e-01 
  435.000  5.424419e-01 
  436.000  5.438077e-01 
  437.000  5.451584e-01 
  438.000  5.464936e-01 
  439.000  5.478183e-01 
  440.000  5.491214e-01 
  441.000  5.504079e-01 
  442.000  5.516738e-01 
  443.000  5.529205e-01 
  444.000  5.541474e-01 
  445.000  5.553477e-01 
  446.000  5.565146e-01 
  447.000  5.577382e-01 
  448.000  5.590499e-01 
  449.000  5.603775e-01 
  450.000  5.616792e-01 
  451.000  5.629300e-01 
  452.000  5.641368e-01 
  453.000  5.653188e-01 
  454.000  5.664793e-01 
  455.000  5.675722e-01 
  456.000  5.685768e-01 
  457.000  5.695816e-01 
  458.000  5.705728e-01 
  459.000  5.715428e-01 
  460.000  5.725050e-01 
  461.000  5.734569e-01 
  462.000  5.743906e-01 
  463.000  5.753202e-01 
  464.000  5.765303e-01 
  465.000  5.777220e-01 
  466.000  5.788925e-01 
  467.000  5.800359e-01 
  468.000  5.809671e-01 
  469.000  5.817690e-01 
  470.000  5.825064e-01 
  471.000  5.831701e-01 
  472.000  5.837337e-01 
  473.000  5.841286e-01 
  474.000  5.844530e-01 
  475.000  5.845363e-01 
  476.000  5.843757e-01 
  477.000  5.843725e-01 
  478.000  5.853108e-01 
  479.000  5.867389e-01 
  480.000  5.882802e-01 
  481.000  5.896626e-01 
  482.000  5.909590e-01 
  483.000  5.920858e-01 
  484.000  5.930542e-01 
  485.000  5.939201e-01 
  486.000  5.948434e-01 
  487.000  5.958153e-01 
  488.000  5.967559e-01 
  489.000  5.976791e-01 
  490.000  5.985913e-01 
  491.000  5.993055e-01 
  492.000  5.999583e-01 
  493.000  6.006079e-01 
  494.000  6.012390e-01 
  495.000  6.018700e-01 
  496.000  6.021951e-01 
  497.000  6.025079e-01 
  498.000  6.028161e-01 
  499.000  6.031077e-01 
  500.000  6.033947e-01 
  501.000  6.036497e-01 
  502.000  6.039048e-01 
  503.000  6.041567e-01 
  504.000  6.043970e-01 
  505.000  6.046242e-01 
  506.000  6.052895e-01 
  507.000  6.059740e-01 
  508.000  6.066574e-01 
  509.000  6.073330e-01 
  510.000  6.079941e-01 
  511.000  6.085867e-01 
  512.000  6.091589e-01 
  513.000  6.097279e-01 
  514.000  6.102896e-01 
  515.000  6.108464e-01 
  516.000  6.112442e-01 
  517.000  6.114991e-01 
  518.000  6.117471e-01 
  519.000  6.119903e-01 
  520.000  6.122313e-01 
  521.000  6.124470e-01 
  522.000  6.126027e-01 
  523.000  6.127149e-01 
  524.000  6.128308e-01 
  525.000  6.129222e-01 
  526.000  6.130504e-01 
  527.000  6.130710e-01 
  528.000  6.130481e-01 
  529.000  6.130239e-01 
  530.000  6.130051e-01 
  531.000  6.129897e-01 
  532.000  6.130243e-01 
  533.000  6.133369e-01 
  534.000  6.137317e-01 
  535.000  6.141772e-01 
  536.000  6.146079e-01 
  537.000  6.150018e-01 
  538.000  6.153540e-01 
  539.000  6.156804e-01 
  540.000  6.159865e-01 
  541.000  6.162837e-01 
  542.000  6.165679e-01 
  543.000  6.168420e-01 
  544.000  6.170492e-01 
  545.000  6.172019e-01 
  546.000  6.173476e-01 
  547.000  6.174973e-01 
  548.000  6.176396e-01 
  549.000  6.177796e-01 
  550.000  6.178475e-01 
  551.000  6.178439e-01 
  552.000  6.178431e-01 
  553.000  6.178275e-01 
  554.000  6.178052e-01 
  555.000  6.177788e-01 
  556.000  6.177254e-01 
  557.000  6.176252e-01 
  558.000  6.175168e-01 
  559.000  6.173958e-01 
  560.000  6.172441e-01 
  561.000  6.170639e-01 
  562.000  6.166297e-01 
  563.000  6.164035e-01 
  564.000  6.160972e-01 
  565.000  6.156104e-01 
  566.000  6.153403e-01 
  567.000  6.142007e-01 
  568.000  6.106473e-01 
  569.000  6.028036e-01 
  570.000  6.040000e-01 
  571.000  6.095939e-01 
  572.000  6.041927e-01 
  573.000  6.056063e-01 
  574.000  6.059713e-01 
  575.000  6.056321e-01 
  576.000  6.058239e-01 
  577.000  6.077058e-01 
  578.000  6.100571e-01 
  579.000  6.120068e-01 
  580.000  6.136020e-01 
  581.000  6.160278e-01 
  582.000  6.176286e-01 
  583.000  6.184984e-01 
  584.000  6.192846e-01 
  585.000  6.198767e-01 
  586.000  6.204572e-01 
  587.000  6.183112e-01 
  588.000  6.075113e-01 
  589.000  5.906450e-01 
  590.000  5.897273e-01 
  591.000  6.014404e-01 
  592.000  5.954211e-01 
  593.000  6.087965e-01 
  594.000  6.059979e-01 
  595.000  5.968247e-01 
  596.000  6.098650e-01 
  597.000  6.067272e-01 
  598.000  6.119357e-01 
  599.000  6.139349e-01 
  600.000  6.186388e-01 
  601.000  6.217661e-01 
  602.000  6.225698e-01 
  603.000  6.239052e-01 
  604.000  6.253884e-01 
  605.000  6.264096e-01 
  606.000  6.270990e-01 
  607.000  6.277631e-01 
  608.000  6.283745e-01 
  609.000  6.289575e-01 
  610.000  6.295575e-01 
  611.000  6.302237e-01 
  612.000  6.308761e-01 
  613.000  6.315081e-01 
  614.000  6.321214e-01 
  615.000  6.327331e-01 
  616.000  6.333224e-01 
  617.000  6.338789e-01 
  618.000  6.343454e-01 
  619.000  6.347401e-01 
  620.000  6.351054e-01 
  621.000  6.354193e-01 
  622.000  6.356816e-01 
  623.000  6.358571e-01 
  624.000  6.360434e-01 
  625.000  6.361978e-01 
  626.000  6.357548e-01 
  627.000  6.314547e-01 
  628.000  6.113406e-01 
  629.000  6.229253e-01 
  630.000  6.268682e-01 
  631.000  6.308218e-01 
  632.000  6.290029e-01 
  633.000  6.350369e-01 
  634.000  6.376662e-01 
  635.000  6.386775e-01 
  636.000  6.403418e-01 
  637.000  6.417300e-01 
  638.000  6.447493e-01 
  639.000  6.456333e-01 
  640.000  6.475478e-01 
  641.000  6.483161e-01 
  642.000  6.497198e-01 
  643.000  6.487330e-01 
  644.000  6.493052e-01 
  645.000  6.475996e-01 
  646.000  6.384273e-01 
  647.000  6.321831e-01 
  648.000  6.251830e-01 
  649.000  6.320152e-01 
  650.000  6.448864e-01 
  651.000  6.452267e-01 
  652.000  6.345302e-01 
  653.000  6.475825e-01 
  654.000  6.465328e-01 
  655.000  6.422439e-01 
  656.000  6.442131e-01 
  657.000  6.470776e-01 
  658.000  6.517859e-01 
  659.000  6.546799e-01 
  660.000  6.561397e-01 
  661.000  6.596842e-01 
  662.000  6.614432e-01 
  663.000  6.615300e-01 
  664.000  6.624202e-01 
  665.000  6.632454e-01 
  666.000  6.642098e-01 
  667.000  6.650195e-01 
  668.000  6.659944e-01 
  669.000  6.666545e-01 
  670.000  6.672238e-01 
  671.000  6.678312e-01 
  672.000  6.683601e-01 
  673.000  6.688772e-01 
  674.000  6.693889e-01 
  675.000  6.699022e-01 
  676.000  6.703809e-01 
  677.000  6.708219e-01 
  678.000  6.712648e-01 
  679.000  6.716056e-01 
  680.000  6.715041e-01 
  681.000  6.713215e-01 
  682.000  6.715209e-01 
  683.000  6.715624e-01 
  684.000  6.709453e-01 
  685.000  6.719137e-01 
  686.000  6.691484e-01 
  687.000  5.769840e-01 
  688.000  6.060964e-01 
  689.000  5.975372e-01 
  690.000  6.127688e-01 
  691.000  6.318581e-01 
  692.000  6.420797e-01 
  693.000  6.324641e-01 
  694.000  6.209499e-01 
  695.000  6.305843e-01 
  696.000  6.362883e-01 
  697.000  6.615146e-01 
  698.000  6.562347e-01 
  699.000  6.335024e-01 
  700.000  6.372375e-01 
  701.000  6.321862e-01 
  702.000  6.358989e-01 
  703.000  6.549249e-01 
  704.000  6.557614e-01 
  705.000  6.479186e-01 
  706.000  6.494653e-01 
  707.000  6.522906e-01 
  708.000  6.553484e-01 
  709.000  6.615965e-01 
  710.000  6.549618e-01 
  711.000  6.617482e-01 
  712.000  6.675369e-01 
  713.000  6.628816e-01 
  714.000  6.612955e-01 
  715.000  6.536980e-01 
  716.000  6.457583e-01 
  717.000  5.966737e-01 
  718.000  5.669456e-01 
  719.000  5.562946e-01 
  720.000  5.405198e-01 
  721.000  6.106262e-01 
  722.000  6.361091e-01 
  723.000  6.216666e-01 
  724.000  5.811259e-01 
  725.000  5.870097e-01 
  726.000  5.851288e-01 
  727.000  5.908313e-01 
  728.000  5.846270e-01 
  729.000  6.000837e-01 
  730.000  5.974315e-01 
  731.000  5.942303e-01 
  732.000  6.204702e-01 
  733.000  6.459313e-01 
  734.000  6.582962e-01 
  735.000  6.539388e-01 
  736.000  6.458274e-01 
  737.000  6.519362e-01 
  738.000  6.603543e-01 
  739.000  6.639861e-01 
  740.000  6.720662e-01 
  741.000  6.767411e-01 
  742.000  6.787017e-01 
  743.000  6.830226e-01 
  744.000  6.849778e-01 
  745.000  6.863917e-01 
  746.000  6.875603e-01 
  747.000  6.877993e-01 
  748.000  6.888363e-01 
  749.000  6.893801e-01 
  750.000  6.890440e-01 
  751.000  6.892272e-01 
  752.000  6.901925e-01 
  753.000  6.905816e-01 
  754.000  6.908808e-01 
  755.000  6.910633e-01 
  756.000  6.912565e-01 
  757.000  6.913892e-01 
  758.000  6.901836e-01 
  759.000  6.404423e-01 
  760.000  2.795411e-01 
  761.000  2.466545e-01 
  762.000  4.518980e-01 
  763.000  3.871410e-01 
  764.000  4.191139e-01 
  765.000  4.923580e-01 
  766.000  5.817757e-01 
  767.000  6.272870e-01 
  768.000  6.571836e-01 
  769.000  6.769734e-01 
  770.000  6.875380e-01 
  771.000  6.925966e-01 
  772.000  6.938480e-01 
  773.000  6.944073e-01 
  774.000  6.950940e-01 
  775.000  6.955176e-01 
  776.000  6.958274e-01 
  777.000  6.958947e-01 
  778.000  6.958461e-01 
  779.000  6.957901e-01 
  780.000  6.957330e-01 
  781.000  6.961637e-01 
  782.000  6.960925e-01 
  783.000  6.960366e-01 
  784.000  6.956941e-01 
  785.000  6.939156e-01 
  786.000  6.912129e-01 
  787.000  6.850931e-01 
  788.000  6.818727e-01 
  789.000  6.704650e-01 
  790.000  6.694692e-01 
  791.000  6.716006e-01 
  792.000  6.735775e-01 
  793.000  6.782051e-01 
  794.000  6.880510e-01 
  795.000  6.820078e-01 
  796.000  6.660156e-01 
  797.000  6.705588e-01 
  798.000  6.806476e-01 
  799.000  6.783282e-01 
  800.000  6.709647e-01 
  801.000  6.718258e-01 
  802.000  6.710718e-01 
  803.000  6.721353e-01 
  804.000  6.755834e-01 
  805.000  6.822041e-01 
  806.000  6.861612e-01 
  807.000  6.863255e-01 
  808.000  6.840598e-01 
  809.000  6.812775e-01 
  810.000  6.782261e-01 
  811.000  6.720005e-01 
  812.000  6.636401e-01 
  813.000  6.534444e-01 
  814.000  6.400667e-01 
  815.000  6.235179e-01 
  816.000  6.026043e-01 
  817.000  6.036873e-01 
  818.000  6.053576e-01 
  819.000  6.122519e-01 
  820.000  6.353696e-01 
  821.000  6.620169e-01 
  822.000  6.417037e-01 
  823.000  5.860929e-01 
  824.000  6.328578e-01 
  825.000  6.635081e-01 
  826.000  6.583067e-01 
  827.000  6.544067e-01 
  828.000  6.342390e-01 
  829.000  6.414569e-01 
  830.000  6.495954e-01 
  831.000  6.515213e-01 
  832.000  6.524093e-01 
  833.000  6.571333e-01 
  834.000  6.627132e-01 
  835.000  6.738046e-01 
  836.000  6.702451e-01 
  837.000  6.698804e-01 
  838.000  6.752740e-01 
  839.000  6.785559e-01 
  840.000  6.797415e-01 
  841.000  6.761758e-01 
  842.000  6.793659e-01 
  843.000  6.869673e-01 
  844.000  6.904232e-01 
  845.000  6.920292e-01 
  846.000  6.937197e-01 
  847.000  6.955836e-01 
  848.000  6.924814e-01 
  849.000  6.928650e-01 
  850.000  6.913262e-01 
  851.000  6.894976e-01 
  852.000  6.896686e-01 
  853.000  6.926640e-01 
  854.000  6.924953e-01 
  855.000  6.939988e-01 
  856.000  6.971372e-01 
  857.000  6.983389e-01 
  858.000  6.990421e-01 
  859.000  7.005397e-01 
  860.000  7.012680e-01 
  861.000  7.013879e-01 
  862.000  7.018259e-01 
  863.000  7.018781e-01 
  864.000  7.021768e-01 
  865.000  7.024201e-01 
  866.000  7.024805e-01 
  867.000  7.024301e-01 
  868.000  7.024637e-01 
  869.000  7.025408e-01 
  870.000  7.024748e-01 
  871.000  7.025474e-01 
  872.000  7.027326e-01 
  873.000  7.025370e-01 
  874.000  7.024286e-01 
  875.000  7.023988e-01 
  876.000  7.020615e-01 
  877.000  7.019261e-01 
  878.000  7.009697e-01 
  879.000  7.008994e-01 
  880.000  7.000734e-01 
  881.000  6.995867e-01 
  882.000  6.991729e-01 
  883.000  6.996169e-01 
  884.000  6.997432e-01 
  885.000  6.981674e-01 
  886.000  6.958029e-01 
  887.000  6.976151e-01 
  888.000  6.974974e-01 
  889.000  6.980360e-01 
  890.000  6.966286e-01 
  891.000  6.937479e-01 
  892.000  6.876912e-01 
  893.000  6.694558e-01 
  894.000  6.603571e-01 
  895.000  6.330584e-01 
  896.000  6.087534e-01 
  897.000  5.833597e-01 
  898.000  5.715721e-01 
  899.000  5.390881e-01 
  900.000  5.436313e-01 
  901.000  5.352919e-01 
  902.000  5.369581e-01 
  903.000  5.916854e-01 
  904.000  6.258643e-01 
  905.000  6.247037e-01 
  906.000  6.033080e-01 
  907.000  5.660046e-01 
  908.000  5.417767e-01 
  909.000  5.427272e-01 
  910.000  5.463206e-01 
  911.000  5.623522e-01 
  912.000  5.545788e-01 
  913.000  5.211810e-01 
  914.000  5.376344e-01 
  915.000  5.507538e-01 
  916.000  5.543705e-01 
  917.000  5.616017e-01 
  918.000  5.709615e-01 
  919.000  6.029495e-01 
  920.000  6.275190e-01 
  921.000  6.221671e-01 
  922.000  6.217191e-01 
  923.000  6.148666e-01 
  924.000  5.984839e-01 
  925.000  5.969599e-01 
  926.000  5.961351e-01 
  927.000  5.768422e-01 
  928.000  5.475625e-01 
  929.000  5.061485e-01 
  930.000  4.550143e-01 
  931.000  3.999753e-01 
  932.000  3.303604e-01 
  933.000  2.820646e-01 
  934.000  2.353784e-01 
  935.000  2.303052e-01 
  936.000  2.479394e-01 
  937.000  2.436642e-01 
  938.000  2.967253e-01 
  939.000  4.458417e-01 
  940.000  4.696995e-01 
  941.000  4.496135e-01 
  942.000  4.009289e-01 
  943.000  3.234593e-01 
  944.000  3.180364e-01 
  945.000  3.449655e-01 
  946.000  3.467298e-01 
  947.000  3.719715e-01 
  948.000  3.869587e-01 
  949.000  3.853105e-01 
  950.000  3.892545e-01 
  951.000  4.231899e-01 
  952.000  3.875217e-01 
  953.000  4.130491e-01 
  954.000  4.409852e-01 
  955.000  4.189967e-01 
  956.000  4.146345e-01 
  957.000  4.857659e-01 
  958.000  4.955353e-01 
  959.000  4.837948e-01 
  960.000  4.805484e-01 
  961.000  4.747321e-01 
  962.000  4.803846e-01 
  963.000  5.205865e-01 
  964.000  5.265650e-01 
  965.000  5.228703e-01 
  966.000  5.252590e-01 
  967.000  5.546170e-01 
  968.000  6.045094e-01 
  969.000  6.274750e-01 
  970.000  6.287887e-01 
  971.000  6.282597e-01 
  972.000  6.217227e-01 
  973.000  6.067315e-01 
  974.000  5.886440e-01 
  975.000  5.771080e-01 
  976.000  5.912278e-01 
  977.000  6.147692e-01 
  978.000  6.129239e-01 
  979.000  6.191444e-01 
  980.000  6.434891e-01 
  981.000  6.489604e-01 
  982.000  6.435925e-01 
  983.000  6.562119e-01 
  984.000  6.692501e-01 
  985.000  6.766939e-01 
  986.000  6.863206e-01 
  987.000  6.905149e-01 
  988.000  6.914863e-01 
  989.000  6.921064e-01 
  990.000  6.931256e-01 
  991.000  6.967142e-01 
  992.000  6.977287e-01 
  993.000  6.981040e-01 
  994.000  7.013409e-01 
  995.000  7.034587e-01 
  996.000  7.034315e-01 
  997.000  7.021085e-01 
  998.000  7.004566e-01 
  999.000  6.998452e-01 
 1000.000  7.003270e-01 
 1001.000  6.968803e-01 
 1002.000  6.913797e-01 
 1003.000  6.926743e-01 
 1004.000  6.958244e-01 
 1005.000  6.972603e-01 
 1006.000  6.977222e-01 
 1007.000  6.966630e-01 
 1008.000  6.921806e-01 
 1009.000  6.862027e-01 
 1010.000  6.888583e-01 
 1011.000  6.952094e-01 
 1012.000  6.976303e-01 
 1013.000  6.995382e-01 
 1014.000  7.003362e-01 
 1015.000  7.004889e-01 
 1016.000  7.013503e-01 
 1017.000  7.018485e-01 
 1018.000  7.007680e-01 
 1019.000  6.985537e-01 
 1020.000  6.993300e-01 
 1021.000  7.009241e-01 
 1022.000  6.982464e-01 
 1023.000  6.960091e-01 
 1024.000  6.946718e-01 
 1025.000  6.987817e-01 
 1026.000  7.006030e-01 
 1027.000  6.998357e-01 
 1028.000  7.004786e-01 
 1029.000  7.021747e-01 
 1030.000  7.038351e-01 
 1031.000  7.047383e-01 
 1032.000  7.054099e-01 
 1033.000  7.055652e-01 
 1034.000  7.059720e-01 
 1035.000  7.061766e-01 
 1036.000  7.060949e-01 
 1037.000  7.061629e-01 
 1038.000  7.062946e-01 
 1039.000  7.060558e-01 
 1040.000  7.058578e-01 
 1041.000  7.057017e-01 
 1042.000  7.056624e-01 
 1043.000  7.056674e-01 
 1044.000  7.055351e-01 
 1045.000  7.050886e-01 
 1046.000  7.047936e-01 
 1047.000  7.044494e-01 
 1048.000  7.040467e-01 
 1049.000  7.036783e-01 
 1050.000  7.032282e-01 
 1051.000  7.025580e-01 
 1052.000  7.021308e-01 
 1053.000  7.020850e-01 
 1054.000  7.014040e-01 
 1055.000  7.007537e-01 
 1056.000  7.002096e-01 
 1057.000  6.987556e-01 
 1058.000  6.960697e-01 
 1059.000  6.962821e-01 
 1060.000  6.976979e-01 
 1061.000  6.973845e-01 
 1062.000  6.957013e-01 
 1063.000  6.951241e-01 
 1064.000  6.937032e-01 
 1065.000  6.920668e-01 
 1066.000  6.922085e-01 
 1067.000  6.912533e-01 
 1068.000  6.877921e-01 
 1069.000  6.860004e-01 
 1070.000  6.864286e-01 
 1071.000  6.841506e-01 
 1072.000  6.818429e-01 
 1073.000  6.813476e-01 
 1074.000  6.816186e-01 
 1075.000  6.848847e-01 
 1076.000  6.827435e-01 
 1077.000  6.798974e-01 
 1078.000  6.765632e-01 
 1079.000  6.760829e-01 
 1080.000  6.672867e-01 
 1081.000  6.667511e-01 
 1082.000  6.705576e-01 
 1083.000  6.658695e-01 
 1084.000  6.607653e-01 
 1085.000  6.487076e-01 
 1086.000  6.514681e-01 
 1087.000  6.646581e-01 
 1088.000  6.651580e-01 
 1089.000  6.490169e-01 
 1090.000  6.459528e-01 
 1091.000  6.489511e-01 
 1092.000  6.409419e-01 
 1093.000  6.232446e-01 
 1094.000  6.155697e-01 
 1095.000  6.167518e-01 
 1096.000  6.177824e-01 
 1097.000  6.141791e-01 
 1098.000  5.719061e-01 
 1099.000  5.365087e-01 
 1100.000  5.388189e-01 
 1101.000  5.435901e-01 
 1102.000  5.411118e-01 
 1103.000  5.442120e-01 
 1104.000  5.382500e-01 
 1105.000  5.234678e-01 
 1106.000  5.088155e-01 
 1107.000  5.122048e-01 
 1108.000  5.145367e-01 
 1109.000  5.266336e-01 
 1110.000  5.245130e-01 
 1111.000  5.172469e-01 
 1112.000  4.864361e-01 
 1113.000  4.448373e-01 
 1114.000  4.327458e-01 
 1115.000  3.834077e-01 
 1116.000  3.539397e-01 
 1117.000  2.898600e-01 
 1118.000  2.342515e-01 
 1119.000  2.058183e-01 
 1120.000  1.729579e-01 
 1121.000  1.658014e-01 
 1122.000  1.350027e-01 
 1123.000  1.507731e-01 
 1124.000  1.617635e-01 
 1125.000  1.557620e-01 
 1126.000  1.534981e-01 
 1127.000  1.563724e-01 
 1128.000  1.619332e-01 
 1129.000  1.939894e-01 
 1130.000  2.745366e-01 
 1131.000  2.994621e-01 
 1132.000  2.652368e-01 
 1133.000  2.072316e-01 
 1134.000  1.148666e-01 
 1135.000  1.213478e-01 
 1136.000  2.161695e-01 
 1137.000  2.752315e-01 
 1138.000  3.373814e-01 
 1139.000  3.584793e-01 
 1140.000  3.462781e-01 
 1141.000  3.224795e-01 
 1142.000  3.138855e-01 
 1143.000  2.875262e-01 
 1144.000  2.590106e-01 
 1145.000  2.194508e-01 
 1146.000  2.286707e-01 
 1147.000  2.599279e-01 
 1148.000  2.887809e-01 
 1149.000  3.010491e-01 
 1150.000  3.025262e-01 
