  320.000  2.834464e-01 
  321.000  3.361858e-01 
  322.000  3.156804e-01 
  323.000  3.416271e-01 
  324.000  3.672861e-01 
  325.000  3.482011e-01 
  326.000  3.794328e-01 
  327.000  3.880669e-01 
  328.000  3.693760e-01 
  329.000  4.051148e-01 
  330.000  4.107276e-01 
  331.000  3.996085e-01 
  332.000  4.210306e-01 
  333.000  4.272406e-01 
  334.000  4.221430e-01 
  335.000  4.377232e-01 
  336.000  4.440055e-01 
  337.000  4.413599e-01 
  338.000  4.487093e-01 
  339.000  4.562722e-01 
  340.000  4.550308e-01 
  341.000  4.623568e-01 
  342.000  4.677013e-01 
  343.000  4.703816e-01 
  344.000  4.709289e-01 
  345.000  4.781462e-01 
  346.000  4.826931e-01 
  347.000  4.863943e-01 
  348.000  4.898562e-01 
  349.000  4.937394e-01 
  350.000  4.970538e-01 
  351.000  5.003506e-01 
  352.000  5.030520e-01 
  353.000  5.068882e-01 
  354.000  5.101494e-01 
  355.000  5.131803e-01 
  356.000  5.161301e-01 
  357.000  5.187524e-01 
  358.000  5.215708e-01 
  359.000  5.243832e-01 
  360.000  5.272601e-01 
  361.000  5.308897e-01 
  362.000  5.346634e-01 
  363.000  5.381338e-01 
  364.000  5.413232e-01 
  365.000  5.443112e-01 
  366.000  5.473626e-01 
  367.000  5.502644e-01 
  368.000  5.531365e-01 
  369.000  5.559804e-01 
  370.000  5.587918e-01 
  371.000  5.615779e-01 
  372.000  5.643378e-01 
  373.000  5.670714e-01 
  374.000  5.697579e-01 
  375.000  5.723897e-01 
  376.000  5.749295e-01 
  377.000  5.773274e-01 
  378.000  5.795527e-01 
  379.000  5.818116e-01 
  380.000  5.842936e-01 
  381.000  5.871159e-01 
  382.000  5.900372e-01 
  383.000  5.927963e-01 
  384.000  5.954108e-01 
  385.000  5.979272e-01 
  386.000  6.003764e-01 
  387.000  6.027836e-01 
  388.000  6.051576e-01 
  389.000  6.075096e-01 
  390.000  6.098403e-01 
  391.000  6.121448e-01 
  392.000  6.144298e-01 
  393.000  6.166938e-01 
  394.000  6.189345e-01 
  395.000  6.211500e-01 
  396.000  6.233491e-01 
  397.000  6.255206e-01 
  398.000  6.276700e-01 
  399.000  6.297991e-01 
  400.000  6.318969e-01 
  401.000  6.339846e-01 
  402.000  6.360536e-01 
  403.000  6.381029e-01 
  404.000  6.401323e-01 
  405.000  6.421376e-01 
  406.000  6.441278e-01 
  407.000  6.461006e-01 
  408.000  6.480545e-01 
  409.000  6.499876e-01 
  410.000  6.519007e-01 
  411.000  6.537932e-01 
  412.000  6.556640e-01 
  413.000  6.575224e-01 
  414.000  6.592461e-01 
  415.000  6.611094e-01 
  416.000  6.629476e-01 
  417.000  6.647537e-01 
  418.000  6.665169e-01 
  419.000  6.682593e-01 
  420.000  6.699847e-01 
  421.000  6.716986e-01 
  422.000  6.734005e-01 
  423.000  6.750886e-01 
  424.000  6.767556e-01 
  425.000  6.783832e-01 
  426.000  6.799939e-01 
  427.000  6.815892e-01 
  428.000  6.831552e-01 
  429.000  6.846982e-01 
  430.000  6.862224e-01 
  431.000  6.877341e-01 
  432.000  6.892292e-01 
  433.000  6.907092e-01 
  434.000  6.921757e-01 
  435.000  6.936271e-01 
  436.000  6.950614e-01 
  437.000  6.964792e-01 
  438.000  6.978801e-01 
  439.000  6.992694e-01 
  440.000  7.006354e-01 
  441.000  7.019835e-01 
  442.000  7.033094e-01 
  443.000  7.046147e-01 
  444.000  7.058987e-01 
  445.000  7.071545e-01 
  446.000  7.083747e-01 
  447.000  7.096539e-01 
  448.000  7.110246e-01 
  449.000  7.124112e-01 
  450.000  7.137704e-01 
  451.000  7.150757e-01 
  452.000  7.163347e-01 
  453.000  7.175673e-01 
  454.000  7.187771e-01 
  455.000  7.199160e-01 
  456.000  7.209626e-01 
  457.000  7.220090e-01 
  458.000  7.230409e-01 
  459.000  7.240505e-01 
  460.000  7.250516e-01 
  461.000  7.260417e-01 
  462.000  7.270126e-01 
  463.000  7.279789e-01 
  464.000  7.292364e-01 
  465.000  7.304744e-01 
  466.000  7.316899e-01 
  467.000  7.328768e-01 
  468.000  7.338431e-01 
  469.000  7.346750e-01 
  470.000  7.354399e-01 
  471.000  7.361282e-01 
  472.000  7.367125e-01 
  473.000  7.371219e-01 
  474.000  7.374581e-01 
  475.000  7.375445e-01 
  476.000  7.373781e-01 
  477.000  7.373746e-01 
  478.000  7.383471e-01 
  479.000  7.398266e-01 
  480.000  7.414226e-01 
  481.000  7.428535e-01 
  482.000  7.441947e-01 
  483.000  7.453601e-01 
  484.000  7.463613e-01 
  485.000  7.472563e-01 
  486.000  7.482105e-01 
  487.000  7.492146e-01 
  488.000  7.501860e-01 
  489.000  7.511392e-01 
  490.000  7.520807e-01 
  491.000  7.528177e-01 
  492.000  7.534913e-01 
  493.000  7.541613e-01 
  494.000  7.548122e-01 
  495.000  7.554629e-01 
  496.000  7.557981e-01 
  497.000  7.561206e-01 
  498.000  7.564383e-01 
  499.000  7.567388e-01 
  500.000  7.570345e-01 
  501.000  7.572974e-01 
  502.000  7.575603e-01 
  503.000  7.578198e-01 
  504.000  7.580674e-01 
  505.000  7.583014e-01 
  506.000  7.589867e-01 
  507.000  7.596918e-01 
  508.000  7.603955e-01 
  509.000  7.610909e-01 
  510.000  7.617714e-01 
  511.000  7.623813e-01 
  512.000  7.629701e-01 
  513.000  7.635553e-01 
  514.000  7.641332e-01 
  515.000  7.647058e-01 
  516.000  7.651148e-01 
  517.000  7.653769e-01 
  518.000  7.656319e-01 
  519.000  7.658819e-01 
  520.000  7.661296e-01 
  521.000  7.663513e-01 
  522.000  7.665113e-01 
  523.000  7.666266e-01 
  524.000  7.667457e-01 
  525.000  7.668397e-01 
  526.000  7.669715e-01 
  527.000  7.669926e-01 
  528.000  7.669691e-01 
  529.000  7.669442e-01 
  530.000  7.669249e-01 
  531.000  7.669090e-01 
  532.000  7.669446e-01 
  533.000  7.672659e-01 
  534.000  7.676715e-01 
  535.000  7.681292e-01 
  536.000  7.685716e-01 
  537.000  7.689763e-01 
  538.000  7.693380e-01 
  539.000  7.696732e-01 
  540.000  7.699875e-01 
  541.000  7.702926e-01 
  542.000  7.705844e-01 
  543.000  7.708658e-01 
  544.000  7.710785e-01 
  545.000  7.712353e-01 
  546.000  7.713848e-01 
  547.000  7.715385e-01 
  548.000  7.716845e-01 
  549.000  7.718282e-01 
  550.000  7.718979e-01 
  551.000  7.718942e-01 
  552.000  7.718933e-01 
  553.000  7.718773e-01 
  554.000  7.718544e-01 
  555.000  7.718274e-01 
  556.000  7.717726e-01 
  557.000  7.716697e-01 
  558.000  7.715585e-01 
  559.000  7.714344e-01 
  560.000  7.712791e-01 
  561.000  7.710952e-01 
  562.000  7.707679e-01 
  563.000  7.705458e-01 
  564.000  7.702609e-01 
  565.000  7.698458e-01 
  566.000  7.695141e-01 
  567.000  7.686902e-01 
  568.000  7.664024e-01 
  569.000  7.618096e-01 
  570.000  7.622600e-01 
  571.000  7.651137e-01 
  572.000  7.618526e-01 
  573.000  7.623538e-01 
  574.000  7.623625e-01 
  575.000  7.620513e-01 
  576.000  7.622297e-01 
  577.000  7.634308e-01 
  578.000  7.650653e-01 
  579.000  7.666438e-01 
  580.000  7.683328e-01 
  581.000  7.705848e-01 
  582.000  7.722138e-01 
  583.000  7.733465e-01 
  584.000  7.743394e-01 
  585.000  7.751606e-01 
  586.000  7.759209e-01 
  587.000  7.750919e-01 
  588.000  7.694297e-01 
  589.000  7.600752e-01 
  590.000  7.597409e-01 
  591.000  7.666206e-01 
  592.000  7.633405e-01 
  593.000  7.711026e-01 
  594.000  7.696636e-01 
  595.000  7.645694e-01 
  596.000  7.718812e-01 
  597.000  7.699330e-01 
  598.000  7.727084e-01 
  599.000  7.736595e-01 
  600.000  7.761236e-01 
  601.000  7.776644e-01 
  602.000  7.779765e-01 
  603.000  7.788265e-01 
  604.000  7.799552e-01 
  605.000  7.807945e-01 
  606.000  7.814453e-01 
  607.000  7.820752e-01 
  608.000  7.826917e-01 
  609.000  7.832822e-01 
  610.000  7.838954e-01 
  611.000  7.845765e-01 
  612.000  7.852435e-01 
  613.000  7.858896e-01 
  614.000  7.865165e-01 
  615.000  7.871416e-01 
  616.000  7.877436e-01 
  617.000  7.883123e-01 
  618.000  7.887888e-01 
  619.000  7.891919e-01 
  620.000  7.895650e-01 
  621.000  7.898856e-01 
  622.000  7.901535e-01 
  623.000  7.903327e-01 
  624.000  7.905236e-01 
  625.000  7.906834e-01 
  626.000  7.905380e-01 
  627.000  7.877648e-01 
  628.000  7.648597e-01 
  629.000  7.793058e-01 
  630.000  7.815307e-01 
  631.000  7.858648e-01 
  632.000  7.865725e-01 
  633.000  7.911414e-01 
  634.000  7.936814e-01 
  635.000  7.949870e-01 
  636.000  7.966360e-01 
  637.000  7.980335e-01 
  638.000  8.002777e-01 
  639.000  8.013225e-01 
  640.000  8.029254e-01 
  641.000  8.038656e-01 
  642.000  8.050672e-01 
  643.000  8.048928e-01 
  644.000  8.055779e-01 
  645.000  8.049409e-01 
  646.000  8.001711e-01 
  647.000  7.969723e-01 
  648.000  7.933011e-01 
  649.000  7.974857e-01 
  650.000  8.050165e-01 
  651.000  8.054585e-01 
  652.000  7.996645e-01 
  653.000  8.072760e-01 
  654.000  8.069273e-01 
  655.000  8.047587e-01 
  656.000  8.061104e-01 
  657.000  8.079395e-01 
  658.000  8.108093e-01 
  659.000  8.126236e-01 
  660.000  8.136832e-01 
  661.000  8.159338e-01 
  662.000  8.171651e-01 
  663.000  8.174429e-01 
  664.000  8.181934e-01 
  665.000  8.188735e-01 
  666.000  8.196570e-01 
  667.000  8.203477e-01 
  668.000  8.211132e-01 
  669.000  8.217146e-01 
  670.000  8.222679e-01 
  671.000  8.228400e-01 
  672.000  8.233703e-01 
  673.000  8.238934e-01 
  674.000  8.244127e-01 
  675.000  8.249319e-01 
  676.000  8.254222e-01 
  677.000  8.258724e-01 
  678.000  8.263228e-01 
  679.000  8.267171e-01 
  680.000  8.268714e-01 
  681.000  8.269350e-01 
  682.000  8.272419e-01 
  683.000  8.274463e-01 
  684.000  8.272700e-01 
  685.000  8.280387e-01 
  686.000  8.251805e-01 
  687.000  7.220652e-01 
  688.000  7.542171e-01 
  689.000  7.452653e-01 
  690.000  7.619522e-01 
  691.000  7.846961e-01 
  692.000  7.997479e-01 
  693.000  7.999344e-01 
  694.000  7.966971e-01 
  695.000  8.041096e-01 
  696.000  8.082683e-01 
  697.000  8.237429e-01 
  698.000  8.208354e-01 
  699.000  8.073782e-01 
  700.000  8.097858e-01 
  701.000  8.068564e-01 
  702.000  8.092153e-01 
  703.000  8.207265e-01 
  704.000  8.213289e-01 
  705.000  8.167375e-01 
  706.000  8.177505e-01 
  707.000  8.195273e-01 
  708.000  8.214368e-01 
  709.000  8.252394e-01 
  710.000  8.213939e-01 
  711.000  8.255210e-01 
  712.000  8.290435e-01 
  713.000  8.264033e-01 
  714.000  8.255926e-01 
  715.000  8.212554e-01 
  716.000  8.167863e-01 
  717.000  7.870698e-01 
  718.000  7.685881e-01 
  719.000  7.619733e-01 
  720.000  7.516751e-01 
  721.000  7.963956e-01 
  722.000  8.120360e-01 
  723.000  8.033404e-01 
  724.000  7.782083e-01 
  725.000  7.820879e-01 
  726.000  7.809339e-01 
  727.000  7.845683e-01 
  728.000  7.806748e-01 
  729.000  7.904122e-01 
  730.000  7.887287e-01 
  731.000  7.866861e-01 
  732.000  8.030106e-01 
  733.000  8.184505e-01 
  734.000  8.258365e-01 
  735.000  8.232679e-01 
  736.000  8.184398e-01 
  737.000  8.221389e-01 
  738.000  8.271991e-01 
  739.000  8.293880e-01 
  740.000  8.341947e-01 
  741.000  8.369794e-01 
  742.000  8.381671e-01 
  743.000  8.406976e-01 
  744.000  8.418839e-01 
  745.000  8.428061e-01 
  746.000  8.435382e-01 
  747.000  8.437719e-01 
  748.000  8.444675e-01 
  749.000  8.448493e-01 
  750.000  8.447379e-01 
  751.000  8.449246e-01 
  752.000  8.455508e-01 
  753.000  8.458477e-01 
  754.000  8.460957e-01 
  755.000  8.462805e-01 
  756.000  8.464707e-01 
  757.000  8.466041e-01 
  758.000  8.453438e-01 
  759.000  7.904953e-01 
  760.000  3.763219e-01 
  761.000  3.364216e-01 
  762.000  5.784849e-01 
  763.000  5.036671e-01 
  764.000  5.407445e-01 
  765.000  6.246005e-01 
  766.000  7.252346e-01 
  767.000  7.758078e-01 
  768.000  8.088132e-01 
  769.000  8.305665e-01 
  770.000  8.420172e-01 
  771.000  8.476332e-01 
  772.000  8.489944e-01 
  773.000  8.496178e-01 
  774.000  8.503835e-01 
  775.000  8.508046e-01 
  776.000  8.511013e-01 
  777.000  8.512142e-01 
  778.000  8.512445e-01 
  779.000  8.512596e-01 
  780.000  8.512700e-01 
  781.000  8.515487e-01 
  782.000  8.515512e-01 
  783.000  8.515619e-01 
  784.000  8.513975e-01 
  785.000  8.503519e-01 
  786.000  8.487219e-01 
  787.000  8.451383e-01 
  788.000  8.432458e-01 
  789.000  8.363741e-01 
  790.000  8.358134e-01 
  791.000  8.371496e-01 
  792.000  8.383806e-01 
  793.000  8.412137e-01 
  794.000  8.471864e-01 
  795.000  8.435811e-01 
  796.000  8.338966e-01 
  797.000  8.367054e-01 
  798.000  8.428620e-01 
  799.000  8.414879e-01 
  800.000  8.370489e-01 
  801.000  8.376065e-01 
  802.000  8.371789e-01 
  803.000  8.378552e-01 
  804.000  8.399732e-01 
  805.000  8.440096e-01 
  806.000  8.464215e-01 
  807.000  8.465505e-01 
  808.000  8.452207e-01 
  809.000  8.435822e-01 
  810.000  8.417891e-01 
  811.000  8.380727e-01 
  812.000  8.330606e-01 
  813.000  8.268965e-01 
  814.000  8.187258e-01 
  815.000  8.085266e-01 
  816.000  7.952600e-01 
  817.000  7.960649e-01 
  818.000  7.971793e-01 
  819.000  8.015568e-01 
  820.000  8.161510e-01 
  821.000  8.327068e-01 
  822.000  8.201599e-01 
  823.000  7.846463e-01 
  824.000  8.146389e-01 
  825.000  8.336691e-01 
  826.000  8.304051e-01 
  827.000  8.280264e-01 
  828.000  8.155077e-01 
  829.000  8.200563e-01 
  830.000  8.251234e-01 
  831.000  8.263119e-01 
  832.000  8.268110e-01 
  833.000  8.297198e-01 
  834.000  8.331329e-01 
  835.000  8.398886e-01 
  836.000  8.377216e-01 
  837.000  8.374926e-01 
  838.000  8.407938e-01 
  839.000  8.427955e-01 
  840.000  8.435343e-01 
  841.000  8.413873e-01 
  842.000  8.433414e-01 
  843.000  8.479556e-01 
  844.000  8.500488e-01 
  845.000  8.510336e-01 
  846.000  8.520289e-01 
  847.000  8.531615e-01 
  848.000  8.513725e-01 
  849.000  8.516297e-01 
  850.000  8.507320e-01 
  851.000  8.496565e-01 
  852.000  8.497832e-01 
  853.000  8.516067e-01 
  854.000  8.515232e-01 
  855.000  8.524463e-01 
  856.000  8.543089e-01 
  857.000  8.551132e-01 
  858.000  8.555323e-01 
  859.000  8.564582e-01 
  860.000  8.569399e-01 
  861.000  8.570307e-01 
  862.000  8.572964e-01 
  863.000  8.573501e-01 
  864.000  8.575392e-01 
  865.000  8.576978e-01 
  866.000  8.577558e-01 
  867.000  8.577514e-01 
  868.000  8.577941e-01 
  869.000  8.578612e-01 
  870.000  8.578478e-01 
  871.000  8.579122e-01 
  872.000  8.580399e-01 
  873.000  8.579532e-01 
  874.000  8.579155e-01 
  875.000  8.579223e-01 
  876.000  8.577557e-01 
  877.000  8.576808e-01 
  878.000  8.571083e-01 
  879.000  8.570874e-01 
  880.000  8.565980e-01 
  881.000  8.563247e-01 
  882.000  8.560628e-01 
  883.000  8.563563e-01 
  884.000  8.564844e-01 
  885.000  8.554606e-01 
  886.000  8.540307e-01 
  887.000  8.551608e-01 
  888.000  8.551115e-01 
  889.000  8.554879e-01 
  890.000  8.546709e-01 
  891.000  8.529872e-01 
  892.000  8.493381e-01 
  893.000  8.381302e-01 
  894.000  8.325652e-01 
  895.000  8.153112e-01 
  896.000  7.997821e-01 
  897.000  7.833145e-01 
  898.000  7.755772e-01 
  899.000  7.533010e-01 
  900.000  7.566053e-01 
  901.000  7.507561e-01 
  902.000  7.517584e-01 
  903.000  7.891331e-01 
  904.000  8.115715e-01 
  905.000  8.107162e-01 
  906.000  7.967055e-01 
  907.000  7.716858e-01 
  908.000  7.550312e-01 
  909.000  7.557899e-01 
  910.000  7.583348e-01 
  911.000  7.694307e-01 
  912.000  7.640703e-01 
  913.000  7.405893e-01 
  914.000  7.522309e-01 
  915.000  7.613217e-01 
  916.000  7.637538e-01 
  917.000  7.686360e-01 
  918.000  7.749426e-01 
  919.000  7.963300e-01 
  920.000  8.122901e-01 
  921.000  8.087426e-01 
  922.000  8.084370e-01 
  923.000  8.039819e-01 
  924.000  7.932338e-01 
  925.000  7.924269e-01 
  926.000  7.923892e-01 
  927.000  7.799525e-01 
  928.000  7.606444e-01 
  929.000  7.323853e-01 
  930.000  6.957350e-01 
  931.000  6.537334e-01 
  932.000  5.977082e-01 
  933.000  5.537584e-01 
  934.000  5.066818e-01 
  935.000  5.017710e-01 
  936.000  5.210059e-01 
  937.000  5.159244e-01 
  938.000  5.675287e-01 
  939.000  6.941890e-01 
  940.000  7.120223e-01 
  941.000  6.963237e-01 
  942.000  6.574858e-01 
  943.000  5.906725e-01 
  944.000  5.860320e-01 
  945.000  6.106824e-01 
  946.000  6.118748e-01 
  947.000  6.330544e-01 
  948.000  6.453647e-01 
  949.000  6.435508e-01 
  950.000  6.466358e-01 
  951.000  6.739572e-01 
  952.000  6.443667e-01 
  953.000  6.647876e-01 
  954.000  6.863506e-01 
  955.000  6.684539e-01 
  956.000  6.640722e-01 
  957.000  7.183871e-01 
  958.000  7.250751e-01 
  959.000  7.159880e-01 
  960.000  7.132477e-01 
  961.000  7.086489e-01 
  962.000  7.126248e-01 
  963.000  7.417395e-01 
  964.000  7.457992e-01 
  965.000  7.429337e-01 
  966.000  7.443921e-01 
  967.000  7.647663e-01 
  968.000  7.982529e-01 
  969.000  8.131236e-01 
  970.000  8.138811e-01 
  971.000  8.135187e-01 
  972.000  8.093068e-01 
  973.000  7.995120e-01 
  974.000  7.874778e-01 
  975.000  7.796918e-01 
  976.000  7.892061e-01 
  977.000  8.047912e-01 
  978.000  8.034890e-01 
  979.000  8.074562e-01 
  980.000  8.231503e-01 
  981.000  8.265828e-01 
  982.000  8.230594e-01 
  983.000  8.310416e-01 
  984.000  8.392287e-01 
  985.000  8.438569e-01 
  986.000  8.498161e-01 
  987.000  8.523815e-01 
  988.000  8.529601e-01 
  989.000  8.533298e-01 
  990.000  8.539554e-01 
  991.000  8.561669e-01 
  992.000  8.567966e-01 
  993.000  8.569804e-01 
  994.000  8.589787e-01 
  995.000  8.603464e-01 
  996.000  8.603396e-01 
  997.000  8.594867e-01 
  998.000  8.584898e-01 
  999.000  8.581228e-01 
 1000.000  8.584360e-01 
 1001.000  8.563654e-01 
 1002.000  8.529775e-01 
 1003.000  8.537903e-01 
 1004.000  8.557491e-01 
 1005.000  8.566463e-01 
 1006.000  8.569260e-01 
 1007.000  8.562846e-01 
 1008.000  8.535208e-01 
 1009.000  8.498147e-01 
 1010.000  8.514684e-01 
 1011.000  8.554004e-01 
 1012.000  8.568953e-01 
 1013.000  8.580180e-01 
 1014.000  8.585100e-01 
 1015.000  8.585986e-01 
 1016.000  8.591099e-01 
 1017.000  8.594218e-01 
 1018.000  8.587664e-01 
 1019.000  8.573903e-01 
 1020.000  8.578699e-01 
 1021.000  8.588601e-01 
 1022.000  8.572404e-01 
 1023.000  8.558485e-01 
 1024.000  8.550099e-01 
 1025.000  8.574871e-01 
 1026.000  8.586011e-01 
 1027.000  8.581094e-01 
 1028.000  8.584839e-01 
 1029.000  8.595753e-01 
 1030.000  8.605743e-01 
 1031.000  8.610798e-01 
 1032.000  8.614620e-01 
 1033.000  8.615364e-01 
 1034.000  8.617654e-01 
 1035.000  8.618338e-01 
 1036.000  8.616697e-01 
 1037.000  8.616094e-01 
 1038.000  8.616714e-01 
 1039.000  8.615066e-01 
 1040.000  8.613425e-01 
 1041.000  8.612105e-01 
 1042.000  8.611580e-01 
 1043.000  8.611210e-01 
 1044.000  8.609833e-01 
 1045.000  8.606507e-01 
 1046.000  8.604110e-01 
 1047.000  8.601109e-01 
 1048.000  8.596432e-01 
 1049.000  8.591228e-01 
 1050.000  8.587404e-01 
 1051.000  8.582936e-01 
 1052.000  8.579193e-01 
 1053.000  8.577721e-01 
 1054.000  8.572649e-01 
 1055.000  8.567337e-01 
 1056.000  8.562286e-01 
 1057.000  8.551568e-01 
 1058.000  8.533227e-01 
 1059.000  8.532842e-01 
 1060.000  8.539892e-01 
 1061.000  8.537030e-01 
 1062.000  8.524759e-01 
 1063.000  8.518287e-01 
 1064.000  8.507125e-01 
 1065.000  8.496156e-01 
 1066.000  8.496785e-01 
 1067.000  8.489920e-01 
 1068.000  8.469948e-01 
 1069.000  8.464141e-01 
 1070.000  8.470581e-01 
 1071.000  8.459724e-01 
 1072.000  8.447539e-01 
 1073.000  8.446780e-01 
 1074.000  8.450677e-01 
 1075.000  8.473238e-01 
 1076.000  8.461904e-01 
 1077.000  8.445970e-01 
 1078.000  8.426859e-01 
 1079.000  8.425590e-01 
 1080.000  8.371573e-01 
 1081.000  8.369483e-01 
 1082.000  8.394760e-01 
 1083.000  8.366641e-01 
 1084.000  8.335463e-01 
 1085.000  8.259399e-01 
 1086.000  8.278302e-01 
 1087.000  8.363599e-01 
 1088.000  8.367494e-01 
 1089.000  8.265535e-01 
 1090.000  8.246951e-01 
 1091.000  8.267336e-01 
 1092.000  8.217111e-01 
 1093.000  8.102894e-01 
 1094.000  8.053077e-01 
 1095.000  8.061855e-01 
 1096.000  8.070198e-01 
 1097.000  8.048223e-01 
 1098.000  7.765452e-01 
 1099.000  7.520885e-01 
 1100.000  7.538190e-01 
 1101.000  7.572944e-01 
 1102.000  7.557656e-01 
 1103.000  7.581249e-01 
 1104.000  7.541093e-01 
 1105.000  7.438298e-01 
 1106.000  7.332720e-01 
 1107.000  7.360896e-01 
 1108.000  7.382750e-01 
 1109.000  7.476308e-01 
 1110.000  7.469793e-01 
 1111.000  7.422304e-01 
 1112.000  7.202810e-01 
 1113.000  6.901039e-01 
 1114.000  6.826423e-01 
 1115.000  6.447848e-01 
 1116.000  6.207542e-01 
 1117.000  5.626062e-01 
 1118.000  5.080578e-01 
 1119.000  4.789251e-01 
 1120.000  4.410572e-01 
 1121.000  4.326830e-01 
 1122.000  3.910007e-01 
 1123.000  4.146854e-01 
 1124.000  4.303286e-01 
 1125.000  4.223358e-01 
 1126.000  4.189914e-01 
 1127.000  4.221910e-01 
 1128.000  4.284484e-01 
 1129.000  4.682482e-01 
 1130.000  5.579859e-01 
 1131.000  5.829836e-01 
 1132.000  5.489690e-01 
 1133.000  4.839650e-01 
 1134.000  3.585899e-01 
 1135.000  3.683917e-01 
 1136.000  4.927793e-01 
 1137.000  5.561833e-01 
 1138.000  6.145045e-01 
 1139.000  6.306907e-01 
 1140.000  6.197544e-01 
 1141.000  5.968070e-01 
 1142.000  5.889282e-01 
 1143.000  5.638651e-01 
 1144.000  5.349072e-01 
 1145.000  4.921450e-01 
 1146.000  5.023100e-01 
 1147.000  5.355445e-01 
 1148.000  5.644314e-01 
 1149.000  5.756829e-01 
 1150.000  5.755748e-01 
