  320.000  1.764335e-01 
  321.000  2.178155e-01 
  322.000  2.015302e-01 
  323.000  2.221769e-01 
  324.000  2.429604e-01 
  325.000  2.274679e-01 
  326.000  2.529202e-01 
  327.000  2.600455e-01 
  328.000  2.446685e-01 
  329.000  2.742235e-01 
  330.000  2.789224e-01 
  331.000  2.696285e-01 
  332.000  2.875871e-01 
  333.000  2.928338e-01 
  334.000  2.885256e-01 
  335.000  3.017310e-01 
  336.000  3.070872e-01 
  337.000  3.048293e-01 
  338.000  3.111092e-01 
  339.000  3.175967e-01 
  340.000  3.165302e-01 
  341.000  3.228346e-01 
  342.000  3.274487e-01 
  343.000  3.297673e-01 
  344.000  3.302412e-01 
  345.000  3.365019e-01 
  346.000  3.404575e-01 
  347.000  3.436838e-01 
  348.000  3.467069e-01 
  349.000  3.501037e-01 
  350.000  3.530080e-01 
  351.000  3.559014e-01 
  352.000  3.582755e-01 
  353.000  3.616521e-01 
  354.000  3.645273e-01 
  355.000  3.672034e-01 
  356.000  3.698114e-01 
  357.000  3.721329e-01 
  358.000  3.746310e-01 
  359.000  3.771269e-01 
  360.000  3.796833e-01 
  361.000  3.829133e-01 
  362.000  3.862769e-01 
  363.000  3.893752e-01 
  364.000  3.922268e-01 
  365.000  3.949018e-01 
  366.000  3.976372e-01 
  367.000  4.002418e-01 
  368.000  4.028229e-01 
  369.000  4.053818e-01 
  370.000  4.079143e-01 
  371.000  4.104272e-01 
  372.000  4.129193e-01 
  373.000  4.153904e-01 
  374.000  4.178217e-01 
  375.000  4.202062e-01 
  376.000  4.225096e-01 
  377.000  4.246867e-01 
  378.000  4.267088e-01 
  379.000  4.287634e-01 
  380.000  4.310231e-01 
  381.000  4.335953e-01 
  382.000  4.362608e-01 
  383.000  4.387812e-01 
  384.000  4.411719e-01 
  385.000  4.434754e-01 
  386.000  4.457195e-01 
  387.000  4.479272e-01 
  388.000  4.501065e-01 
  389.000  4.522676e-01 
  390.000  4.544111e-01 
  391.000  4.565324e-01 
  392.000  4.586375e-01 
  393.000  4.607251e-01 
  394.000  4.627930e-01 
  395.000  4.648395e-01 
  396.000  4.668724e-01 
  397.000  4.688814e-01 
  398.000  4.708716e-01 
  399.000  4.728447e-01 
  400.000  4.747902e-01 
  401.000  4.767278e-01 
  402.000  4.786497e-01 
  403.000  4.805547e-01 
  404.000  4.824425e-01 
  405.000  4.843093e-01 
  406.000  4.861634e-01 
  407.000  4.880027e-01 
  408.000  4.898257e-01 
  409.000  4.916304e-01 
  410.000  4.934178e-01 
  411.000  4.951872e-01 
  412.000  4.969373e-01 
  413.000  4.986771e-01 
  414.000  5.002918e-01 
  415.000  5.020384e-01 
  416.000  5.037626e-01 
  417.000  5.054578e-01 
  418.000  5.071138e-01 
  419.000  5.087513e-01 
  420.000  5.103737e-01 
  421.000  5.119863e-01 
  422.000  5.135886e-01 
  423.000  5.151788e-01 
  424.000  5.167500e-01 
  425.000  5.182850e-01 
  426.000  5.198049e-01 
  427.000  5.213112e-01 
  428.000  5.227906e-01 
  429.000  5.242490e-01 
  430.000  5.256903e-01 
  431.000  5.271207e-01 
  432.000  5.285360e-01 
  433.000  5.299377e-01 
  434.000  5.313275e-01 
  435.000  5.327035e-01 
  436.000  5.340639e-01 
  437.000  5.354095e-01 
  438.000  5.367395e-01 
  439.000  5.380592e-01 
  440.000  5.393574e-01 
  441.000  5.406390e-01 
  442.000  5.419003e-01 
  443.000  5.431424e-01 
  444.000  5.443648e-01 
  445.000  5.455608e-01 
  446.000  5.467235e-01 
  447.000  5.479428e-01 
  448.000  5.492499e-01 
  449.000  5.505729e-01 
  450.000  5.518702e-01 
  451.000  5.531167e-01 
  452.000  5.543194e-01 
  453.000  5.554974e-01 
  454.000  5.566540e-01 
  455.000  5.577434e-01 
  456.000  5.587447e-01 
  457.000  5.597463e-01 
  458.000  5.607342e-01 
  459.000  5.617011e-01 
  460.000  5.626603e-01 
  461.000  5.636092e-01 
  462.000  5.645400e-01 
  463.000  5.654667e-01 
  464.000  5.666730e-01 
  465.000  5.678611e-01 
  466.000  5.690282e-01 
  467.000  5.701681e-01 
  468.000  5.710965e-01 
  469.000  5.718961e-01 
  470.000  5.726313e-01 
  471.000  5.732931e-01 
  472.000  5.738551e-01 
  473.000  5.742489e-01 
  474.000  5.745723e-01 
  475.000  5.746554e-01 
  476.000  5.744953e-01 
  477.000  5.744920e-01 
  478.000  5.754277e-01 
  479.000  5.768518e-01 
  480.000  5.783888e-01 
  481.000  5.797674e-01 
  482.000  5.810602e-01 
  483.000  5.821840e-01 
  484.000  5.831498e-01 
  485.000  5.840134e-01 
  486.000  5.849343e-01 
  487.000  5.859037e-01 
  488.000  5.868419e-01 
  489.000  5.877627e-01 
  490.000  5.886726e-01 
  491.000  5.893850e-01 
  492.000  5.900362e-01 
  493.000  5.906841e-01 
  494.000  5.913137e-01 
  495.000  5.919431e-01 
  496.000  5.922675e-01 
  497.000  5.925795e-01 
  498.000  5.928870e-01 
  499.000  5.931779e-01 
  500.000  5.934641e-01 
  501.000  5.937186e-01 
  502.000  5.939730e-01 
  503.000  5.942243e-01 
  504.000  5.944641e-01 
  505.000  5.946907e-01 
  506.000  5.953544e-01 
  507.000  5.960373e-01 
  508.000  5.967192e-01 
  509.000  5.973932e-01 
  510.000  5.980527e-01 
  511.000  5.986440e-01 
  512.000  5.992149e-01 
  513.000  5.997825e-01 
  514.000  6.003430e-01 
  515.000  6.008986e-01 
  516.000  6.012955e-01 
  517.000  6.015499e-01 
  518.000  6.017973e-01 
  519.000  6.020400e-01 
  520.000  6.022803e-01 
  521.000  6.024957e-01 
  522.000  6.026509e-01 
  523.000  6.027629e-01 
  524.000  6.028786e-01 
  525.000  6.029698e-01 
  526.000  6.030977e-01 
  527.000  6.031183e-01 
  528.000  6.030954e-01 
  529.000  6.030713e-01 
  530.000  6.030525e-01 
  531.000  6.030371e-01 
  532.000  6.030717e-01 
  533.000  6.033836e-01 
  534.000  6.037775e-01 
  535.000  6.042221e-01 
  536.000  6.046518e-01 
  537.000  6.050449e-01 
  538.000  6.053964e-01 
  539.000  6.057221e-01 
  540.000  6.060275e-01 
  541.000  6.063241e-01 
  542.000  6.066077e-01 
  543.000  6.068812e-01 
  544.000  6.070880e-01 
  545.000  6.072404e-01 
  546.000  6.073858e-01 
  547.000  6.075352e-01 
  548.000  6.076771e-01 
  549.000  6.078168e-01 
  550.000  6.078846e-01 
  551.000  6.078811e-01 
  552.000  6.078802e-01 
  553.000  6.078647e-01 
  554.000  6.078424e-01 
  555.000  6.078161e-01 
  556.000  6.077629e-01 
  557.000  6.076629e-01 
  558.000  6.075547e-01 
  559.000  6.074341e-01 
  560.000  6.072832e-01 
  561.000  6.071051e-01 
  562.000  6.068799e-01 
  563.000  6.066719e-01 
  564.000  6.064181e-01 
  565.000  6.060808e-01 
  566.000  6.057152e-01 
  567.000  6.052089e-01 
  568.000  6.042956e-01 
  569.000  6.029729e-01 
  570.000  6.026924e-01 
  571.000  6.028489e-01 
  572.000  6.017184e-01 
  573.000  6.013822e-01 
  574.000  6.010545e-01 
  575.000  6.007897e-01 
  576.000  6.009488e-01 
  577.000  6.014670e-01 
  578.000  6.022598e-01 
  579.000  6.034334e-01 
  580.000  6.050987e-01 
  581.000  6.070676e-01 
  582.000  6.086675e-01 
  583.000  6.099910e-01 
  584.000  6.111233e-01 
  585.000  6.121144e-01 
  586.000  6.129971e-01 
  587.000  6.134565e-01 
  588.000  6.129287e-01 
  589.000  6.115231e-01 
  590.000  6.117799e-01 
  591.000  6.134077e-01 
  592.000  6.130027e-01 
  593.000  6.148418e-01 
  594.000  6.147839e-01 
  595.000  6.139928e-01 
  596.000  6.153280e-01 
  597.000  6.146446e-01 
  598.000  6.149519e-01 
  599.000  6.148440e-01 
  600.000  6.150594e-01 
  601.000  6.151094e-01 
  602.000  6.149037e-01 
  603.000  6.152604e-01 
  604.000  6.159846e-01 
  605.000  6.166415e-01 
  606.000  6.172334e-01 
  607.000  6.178089e-01 
  608.000  6.184031e-01 
  609.000  6.189747e-01 
  610.000  6.195726e-01 
  611.000  6.202374e-01 
  612.000  6.208884e-01 
  613.000  6.215193e-01 
  614.000  6.221315e-01 
  615.000  6.227421e-01 
  616.000  6.233303e-01 
  617.000  6.238859e-01 
  618.000  6.243516e-01 
  619.000  6.247456e-01 
  620.000  6.251104e-01 
  621.000  6.254237e-01 
  622.000  6.256857e-01 
  623.000  6.258610e-01 
  624.000  6.260480e-01 
  625.000  6.262056e-01 
  626.000  6.263058e-01 
  627.000  6.252605e-01 
  628.000  6.046258e-01 
  629.000  6.185894e-01 
  630.000  6.191309e-01 
  631.000  6.229318e-01 
  632.000  6.256023e-01 
  633.000  6.283743e-01 
  634.000  6.304933e-01 
  635.000  6.321006e-01 
  636.000  6.335735e-01 
  637.000  6.349289e-01 
  638.000  6.363979e-01 
  639.000  6.375571e-01 
  640.000  6.388044e-01 
  641.000  6.398814e-01 
  642.000  6.408445e-01 
  643.000  6.414422e-01 
  644.000  6.422032e-01 
  645.000  6.426275e-01 
  646.000  6.422296e-01 
  647.000  6.421279e-01 
  648.000  6.418751e-01 
  649.000  6.432749e-01 
  650.000  6.452806e-01 
  651.000  6.458089e-01 
  652.000  6.450664e-01 
  653.000  6.470598e-01 
  654.000  6.474050e-01 
  655.000  6.473942e-01 
  656.000  6.481043e-01 
  657.000  6.488497e-01 
  658.000  6.498457e-01 
  659.000  6.506420e-01 
  660.000  6.512954e-01 
  661.000  6.522270e-01 
  662.000  6.529235e-01 
  663.000  6.533841e-01 
  664.000  6.539515e-01 
  665.000  6.545038e-01 
  666.000  6.550747e-01 
  667.000  6.556281e-01 
  668.000  6.562057e-01 
  669.000  6.567456e-01 
  670.000  6.572734e-01 
  671.000  6.578037e-01 
  672.000  6.583233e-01 
  673.000  6.588398e-01 
  674.000  6.593539e-01 
  675.000  6.598666e-01 
  676.000  6.603562e-01 
  677.000  6.608045e-01 
  678.000  6.612514e-01 
  679.000  6.616834e-01 
  680.000  6.620554e-01 
  681.000  6.624039e-01 
  682.000  6.628105e-01 
  683.000  6.631870e-01 
  684.000  6.634650e-01 
  685.000  6.639723e-01 
  686.000  6.615496e-01 
  687.000  5.689505e-01 
  688.000  5.973175e-01 
  689.000  5.898383e-01 
  690.000  6.045496e-01 
  691.000  6.261044e-01 
  692.000  6.424740e-01 
  693.000  6.511072e-01 
  694.000  6.558339e-01 
  695.000  6.598846e-01 
  696.000  6.619865e-01 
  697.000  6.661201e-01 
  698.000  6.658354e-01 
  699.000  6.631336e-01 
  700.000  6.639338e-01 
  701.000  6.634905e-01 
  702.000  6.642622e-01 
  703.000  6.670183e-01 
  704.000  6.673830e-01 
  705.000  6.666325e-01 
  706.000  6.670486e-01 
  707.000  6.675612e-01 
  708.000  6.681445e-01 
  709.000  6.692197e-01 
  710.000  6.684955e-01 
  711.000  6.696463e-01 
  712.000  6.706177e-01 
  713.000  6.702145e-01 
  714.000  6.702079e-01 
  715.000  6.694504e-01 
  716.000  6.687499e-01 
  717.000  6.620961e-01 
  718.000  6.579620e-01 
  719.000  6.566091e-01 
  720.000  6.542985e-01 
  721.000  6.651599e-01 
  722.000  6.689902e-01 
  723.000  6.671795e-01 
  724.000  6.614768e-01 
  725.000  6.625907e-01 
  726.000  6.624477e-01 
  727.000  6.634410e-01 
  728.000  6.626446e-01 
  729.000  6.650762e-01 
  730.000  6.647961e-01 
  731.000  6.644273e-01 
  732.000  6.683908e-01 
  733.000  6.720843e-01 
  734.000  6.738212e-01 
  735.000  6.734350e-01 
  736.000  6.724303e-01 
  737.000  6.733772e-01 
  738.000  6.745147e-01 
  739.000  6.751244e-01 
  740.000  6.763095e-01 
  741.000  6.770264e-01 
  742.000  6.774076e-01 
  743.000  6.780697e-01 
  744.000  6.784689e-01 
  745.000  6.787986e-01 
  746.000  6.790776e-01 
  747.000  6.792654e-01 
  748.000  6.795833e-01 
  749.000  6.798205e-01 
  750.000  6.799361e-01 
  751.000  6.801240e-01 
  752.000  6.804191e-01 
  753.000  6.806327e-01 
  754.000  6.808338e-01 
  755.000  6.810187e-01 
  756.000  6.812042e-01 
  757.000  6.813368e-01 
  758.000  6.801382e-01 
  759.000  6.307494e-01 
  760.000  2.734914e-01 
  761.000  2.410734e-01 
  762.000  4.438246e-01 
  763.000  3.797511e-01 
  764.000  4.113833e-01 
  765.000  4.838896e-01 
  766.000  5.725369e-01 
  767.000  6.176971e-01 
  768.000  6.473802e-01 
  769.000  6.670332e-01 
  770.000  6.775365e-01 
  771.000  6.825600e-01 
  772.000  6.838065e-01 
  773.000  6.843815e-01 
  774.000  6.851431e-01 
  775.000  6.855581e-01 
  776.000  6.858400e-01 
  777.000  6.859927e-01 
  778.000  6.860933e-01 
  779.000  6.861717e-01 
  780.000  6.862423e-01 
  781.000  6.863820e-01 
  782.000  6.864498e-01 
  783.000  6.865193e-01 
  784.000  6.865435e-01 
  785.000  6.863272e-01 
  786.000  6.859425e-01 
  787.000  6.851808e-01 
  788.000  6.847723e-01 
  789.000  6.832246e-01 
  790.000  6.831538e-01 
  791.000  6.835474e-01 
  792.000  6.838676e-01 
  793.000  6.846330e-01 
  794.000  6.861131e-01 
  795.000  6.853038e-01 
  796.000  6.831627e-01 
  797.000  6.838139e-01 
  798.000  6.853536e-01 
  799.000  6.850732e-01 
  800.000  6.840817e-01 
  801.000  6.842795e-01 
  802.000  6.842343e-01 
  803.000  6.844597e-01 
  804.000  6.849942e-01 
  805.000  6.860105e-01 
  806.000  6.866752e-01 
  807.000  6.867651e-01 
  808.000  6.864885e-01 
  809.000  6.861812e-01 
  810.000  6.857981e-01 
  811.000  6.849881e-01 
  812.000  6.839361e-01 
  813.000  6.825152e-01 
  814.000  6.806013e-01 
  815.000  6.781860e-01 
  816.000  6.749593e-01 
  817.000  6.752307e-01 
  818.000  6.755649e-01 
  819.000  6.766939e-01 
  820.000  6.803357e-01 
  821.000  6.844196e-01 
  822.000  6.814226e-01 
  823.000  6.726506e-01 
  824.000  6.801681e-01 
  825.000  6.848522e-01 
  826.000  6.840959e-01 
  827.000  6.835706e-01 
  828.000  6.805676e-01 
  829.000  6.817343e-01 
  830.000  6.830177e-01 
  831.000  6.833515e-01 
  832.000  6.835082e-01 
  833.000  6.842580e-01 
  834.000  6.851259e-01 
  835.000  6.867104e-01 
  836.000  6.863187e-01 
  837.000  6.863062e-01 
  838.000  6.870176e-01 
  839.000  6.875602e-01 
  840.000  6.877904e-01 
  841.000  6.873018e-01 
  842.000  6.878336e-01 
  843.000  6.889867e-01 
  844.000  6.895174e-01 
  845.000  6.898161e-01 
  846.000  6.900868e-01 
  847.000  6.904042e-01 
  848.000  6.900375e-01 
  849.000  6.901491e-01 
  850.000  6.899623e-01 
  851.000  6.897746e-01 
  852.000  6.898507e-01 
  853.000  6.903194e-01 
  854.000  6.903400e-01 
  855.000  6.905787e-01 
  856.000  6.911018e-01 
  857.000  6.913651e-01 
  858.000  6.915240e-01 
  859.000  6.918190e-01 
  860.000  6.919852e-01 
  861.000  6.920502e-01 
  862.000  6.921603e-01 
  863.000  6.922152e-01 
  864.000  6.923051e-01 
  865.000  6.923868e-01 
  866.000  6.924422e-01 
  867.000  6.924803e-01 
  868.000  6.925311e-01 
  869.000  6.925884e-01 
  870.000  6.926235e-01 
  871.000  6.926795e-01 
  872.000  6.927528e-01 
  873.000  6.927671e-01 
  874.000  6.927947e-01 
  875.000  6.928343e-01 
  876.000  6.928262e-01 
  877.000  6.928430e-01 
  878.000  6.927134e-01 
  879.000  6.927441e-01 
  880.000  6.926370e-01 
  881.000  6.925952e-01 
  882.000  6.925566e-01 
  883.000  6.926758e-01 
  884.000  6.927478e-01 
  885.000  6.924852e-01 
  886.000  6.921956e-01 
  887.000  6.925055e-01 
  888.000  6.925278e-01 
  889.000  6.926379e-01 
  890.000  6.924771e-01 
  891.000  6.920920e-01 
  892.000  6.912163e-01 
  893.000  6.884671e-01 
  894.000  6.872457e-01 
  895.000  6.828921e-01 
  896.000  6.789520e-01 
  897.000  6.747330e-01 
  898.000  6.727514e-01 
  899.000  6.667959e-01 
  900.000  6.677517e-01 
  901.000  6.661821e-01 
  902.000  6.664483e-01 
  903.000  6.764945e-01 
  904.000  6.823750e-01 
  905.000  6.821614e-01 
  906.000  6.785415e-01 
  907.000  6.719451e-01 
  908.000  6.674885e-01 
  909.000  6.677431e-01 
  910.000  6.684713e-01 
  911.000  6.715023e-01 
  912.000  6.700823e-01 
  913.000  6.636822e-01 
  914.000  6.669093e-01 
  915.000  6.693975e-01 
  916.000  6.700675e-01 
  917.000  6.713908e-01 
  918.000  6.730911e-01 
  919.000  6.787713e-01 
  920.000  6.829304e-01 
  921.000  6.820216e-01 
  922.000  6.819645e-01 
  923.000  6.808339e-01 
  924.000  6.780534e-01 
  925.000  6.779069e-01 
  926.000  6.780261e-01 
  927.000  6.748623e-01 
  928.000  6.698634e-01 
  929.000  6.623687e-01 
  930.000  6.523197e-01 
  931.000  6.403106e-01 
  932.000  6.238374e-01 
  933.000  6.097676e-01 
  934.000  5.935847e-01 
  935.000  5.919921e-01 
  936.000  5.990021e-01 
  937.000  5.970555e-01 
  938.000  6.143609e-01 
  939.000  6.533080e-01 
  940.000  6.583339e-01 
  941.000  6.537911e-01 
  942.000  6.423670e-01 
  943.000  6.215975e-01 
  944.000  6.202008e-01 
  945.000  6.282178e-01 
  946.000  6.285254e-01 
  947.000  6.349915e-01 
  948.000  6.387122e-01 
  949.000  6.380786e-01 
  950.000  6.389939e-01 
  951.000  6.471373e-01 
  952.000  6.381514e-01 
  953.000  6.442184e-01 
  954.000  6.504715e-01 
  955.000  6.450979e-01 
  956.000  6.436080e-01 
  957.000  6.592939e-01 
  958.000  6.610864e-01 
  959.000  6.584491e-01 
  960.000  6.576197e-01 
  961.000  6.562736e-01 
  962.000  6.573733e-01 
  963.000  6.655173e-01 
  964.000  6.666159e-01 
  965.000  6.657948e-01 
  966.000  6.661661e-01 
  967.000  6.717112e-01 
  968.000  6.806085e-01 
  969.000  6.844735e-01 
  970.000  6.846716e-01 
  971.000  6.845949e-01 
  972.000  6.835303e-01 
  973.000  6.810008e-01 
  974.000  6.778470e-01 
  975.000  6.757926e-01 
  976.000  6.783453e-01 
  977.000  6.824629e-01 
  978.000  6.821239e-01 
  979.000  6.831574e-01 
  980.000  6.872283e-01 
  981.000  6.881162e-01 
  982.000  6.872126e-01 
  983.000  6.892653e-01 
  984.000  6.913604e-01 
  985.000  6.924316e-01 
  986.000  6.939390e-01 
  987.000  6.946206e-01 
  988.000  6.947380e-01 
  989.000  6.948518e-01 
  990.000  6.950354e-01 
  991.000  6.955945e-01 
  992.000  6.957847e-01 
  993.000  6.958682e-01 
  994.000  6.963951e-01 
  995.000  6.967756e-01 
  996.000  6.967930e-01 
  997.000  6.965622e-01 
  998.000  6.963311e-01 
  999.000  6.962949e-01 
 1000.000  6.963561e-01 
 1001.000  6.958904e-01 
 1002.000  6.950594e-01 
 1003.000  6.952455e-01 
 1004.000  6.957856e-01 
 1005.000  6.959984e-01 
 1006.000  6.960623e-01 
 1007.000  6.959518e-01 
 1008.000  6.952301e-01 
 1009.000  6.943142e-01 
 1010.000  6.947560e-01 
 1011.000  6.957461e-01 
 1012.000  6.961053e-01 
 1013.000  6.964182e-01 
 1014.000  6.965505e-01 
 1015.000  6.965229e-01 
 1016.000  6.966684e-01 
 1017.000  6.967568e-01 
 1018.000  6.965607e-01 
 1019.000  6.962308e-01 
 1020.000  6.963525e-01 
 1021.000  6.965747e-01 
 1022.000  6.961448e-01 
 1023.000  6.957948e-01 
 1024.000  6.955485e-01 
 1025.000  6.961664e-01 
 1026.000  6.963933e-01 
 1027.000  6.962786e-01 
 1028.000  6.962951e-01 
 1029.000  6.965411e-01 
 1030.000  6.967921e-01 
 1031.000  6.968990e-01 
 1032.000  6.969544e-01 
 1033.000  6.969239e-01 
 1034.000  6.969190e-01 
 1035.000  6.968275e-01 
 1036.000  6.965879e-01 
 1037.000  6.964089e-01 
 1038.000  6.964061e-01 
 1039.000  6.963100e-01 
 1040.000  6.961787e-01 
 1041.000  6.960692e-01 
 1042.000  6.960040e-01 
 1043.000  6.959275e-01 
 1044.000  6.957847e-01 
 1045.000  6.955591e-01 
 1046.000  6.953716e-01 
 1047.000  6.951137e-01 
 1048.000  6.945868e-01 
 1049.000  6.939402e-01 
 1050.000  6.936358e-01 
 1051.000  6.934311e-01 
 1052.000  6.931142e-01 
 1053.000  6.928662e-01 
 1054.000  6.925243e-01 
 1055.000  6.921626e-01 
 1056.000  6.917021e-01 
 1057.000  6.910726e-01 
 1058.000  6.901750e-01 
 1059.000  6.898565e-01 
 1060.000  6.897874e-01 
 1061.000  6.894974e-01 
 1062.000  6.888309e-01 
 1063.000  6.882073e-01 
 1064.000  6.875495e-01 
 1065.000  6.872169e-01 
 1066.000  6.871935e-01 
 1067.000  6.869226e-01 
 1068.000  6.866046e-01 
 1069.000  6.873545e-01 
 1070.000  6.881551e-01 
 1071.000  6.884653e-01 
 1072.000  6.885480e-01 
 1073.000  6.889451e-01 
 1074.000  6.894505e-01 
 1075.000  6.903859e-01 
 1076.000  6.904452e-01 
 1077.000  6.904023e-01 
 1078.000  6.902105e-01 
 1079.000  6.904745e-01 
 1080.000  6.894471e-01 
 1081.000  6.896218e-01 
 1082.000  6.903351e-01 
 1083.000  6.899791e-01 
 1084.000  6.893630e-01 
 1085.000  6.875684e-01 
 1086.000  6.882265e-01 
 1087.000  6.905759e-01 
 1088.000  6.908184e-01 
 1089.000  6.883212e-01 
 1090.000  6.879781e-01 
 1091.000  6.886339e-01 
 1092.000  6.874864e-01 
 1093.000  6.845933e-01 
 1094.000  6.833680e-01 
 1095.000  6.836870e-01 
 1096.000  6.839908e-01 
 1097.000  6.835368e-01 
 1098.000  6.760675e-01 
 1099.000  6.694873e-01 
 1100.000  6.700443e-01 
 1101.000  6.710715e-01 
 1102.000  6.707742e-01 
 1103.000  6.714825e-01 
 1104.000  6.704217e-01 
 1105.000  6.676639e-01 
 1106.000  6.647512e-01 
 1107.000  6.656692e-01 
 1108.000  6.664422e-01 
 1109.000  6.692249e-01 
 1110.000  6.692710e-01 
 1111.000  6.680919e-01 
 1112.000  6.620715e-01 
 1113.000  6.536707e-01 
 1114.000  6.519591e-01 
 1115.000  6.411220e-01 
 1116.000  6.339777e-01 
 1117.000  6.152190e-01 
 1118.000  5.968330e-01 
 1119.000  5.868514e-01 
 1120.000  5.727820e-01 
 1121.000  5.696932e-01 
 1122.000  5.523363e-01 
 1123.000  5.629396e-01 
 1124.000  5.696793e-01 
 1125.000  5.664185e-01 
 1126.000  5.649353e-01 
 1127.000  5.660695e-01 
 1128.000  5.682464e-01 
 1129.000  5.838750e-01 
 1130.000  6.166548e-01 
 1131.000  6.251302e-01 
 1132.000  6.137245e-01 
 1133.000  5.899338e-01 
 1134.000  5.371161e-01 
 1135.000  5.415604e-01 
 1136.000  5.928273e-01 
 1137.000  6.154560e-01 
 1138.000  6.343939e-01 
 1139.000  6.388428e-01 
 1140.000  6.353798e-01 
 1141.000  6.277007e-01 
 1142.000  6.251768e-01 
 1143.000  6.169050e-01 
 1144.000  6.068702e-01 
 1145.000  5.913970e-01 
 1146.000  5.951417e-01 
 1147.000  6.070557e-01 
 1148.000  6.169866e-01 
 1149.000  6.206115e-01 
 1150.000  6.201909e-01 
