  320.000  7.664239e-02 
  321.000  1.023602e-01 
  322.000  9.199964e-02 
  323.000  1.051853e-01 
  324.000  1.189287e-01 
  325.000  1.086404e-01 
  326.000  1.256745e-01 
  327.000  1.305619e-01 
  328.000  1.200785e-01 
  329.000  1.404355e-01 
  330.000  1.437506e-01 
  331.000  1.372141e-01 
  332.000  1.499183e-01 
  333.000  1.536869e-01 
  334.000  1.505905e-01 
  335.000  1.601354e-01 
  336.000  1.640519e-01 
  337.000  1.623978e-01 
  338.000  1.670097e-01 
  339.000  1.718107e-01 
  340.000  1.710189e-01 
  341.000  1.757138e-01 
  342.000  1.791717e-01 
  343.000  1.809162e-01 
  344.000  1.812733e-01 
  345.000  1.860092e-01 
  346.000  1.890184e-01 
  347.000  1.914825e-01 
  348.000  1.937993e-01 
  349.000  1.964114e-01 
  350.000  1.986524e-01 
  351.000  2.008917e-01 
  352.000  2.027342e-01 
  353.000  2.053627e-01 
  354.000  2.076081e-01 
  355.000  2.097039e-01 
  356.000  2.117519e-01 
  357.000  2.135794e-01 
  358.000  2.155507e-01 
  359.000  2.175253e-01 
  360.000  2.195527e-01 
  361.000  2.221216e-01 
  362.000  2.248055e-01 
  363.000  2.272853e-01 
  364.000  2.295742e-01 
  365.000  2.317270e-01 
  366.000  2.339341e-01 
  367.000  2.360409e-01 
  368.000  2.381337e-01 
  369.000  2.402135e-01 
  370.000  2.422768e-01 
  371.000  2.443286e-01 
  372.000  2.463683e-01 
  373.000  2.483952e-01 
  374.000  2.503939e-01 
  375.000  2.523583e-01 
  376.000  2.542599e-01 
  377.000  2.560607e-01 
  378.000  2.577365e-01 
  379.000  2.594422e-01 
  380.000  2.613217e-01 
  381.000  2.634656e-01 
  382.000  2.656923e-01 
  383.000  2.678025e-01 
  384.000  2.698083e-01 
  385.000  2.717447e-01 
  386.000  2.736348e-01 
  387.000  2.754978e-01 
  388.000  2.773401e-01 
  389.000  2.791704e-01 
  390.000  2.809889e-01 
  391.000  2.827917e-01 
  392.000  2.845840e-01 
  393.000  2.863643e-01 
  394.000  2.881308e-01 
  395.000  2.898819e-01 
  396.000  2.916243e-01 
  397.000  2.933489e-01 
  398.000  2.950602e-01 
  399.000  2.967594e-01 
  400.000  2.984373e-01 
  401.000  3.001112e-01 
  402.000  3.017738e-01 
  403.000  3.034244e-01 
  404.000  3.050624e-01 
  405.000  3.066846e-01 
  406.000  3.082981e-01 
  407.000  3.099010e-01 
  408.000  3.114918e-01 
  409.000  3.130689e-01 
  410.000  3.146330e-01 
  411.000  3.161834e-01 
  412.000  3.177190e-01 
  413.000  3.192475e-01 
  414.000  3.206679e-01 
  415.000  3.222062e-01 
  416.000  3.237268e-01 
  417.000  3.252237e-01 
  418.000  3.266878e-01 
  419.000  3.281372e-01 
  420.000  3.295752e-01 
  421.000  3.310060e-01 
  422.000  3.324294e-01 
  423.000  3.338436e-01 
  424.000  3.352427e-01 
  425.000  3.366109e-01 
  426.000  3.379672e-01 
  427.000  3.393129e-01 
  428.000  3.406358e-01 
  429.000  3.419414e-01 
  430.000  3.432331e-01 
  431.000  3.445163e-01 
  432.000  3.457872e-01 
  433.000  3.470472e-01 
  434.000  3.482976e-01 
  435.000  3.495368e-01 
  436.000  3.507633e-01 
  437.000  3.519774e-01 
  438.000  3.531787e-01 
  439.000  3.543717e-01 
  440.000  3.555464e-01 
  441.000  3.567071e-01 
  442.000  3.578503e-01 
  443.000  3.589772e-01 
  444.000  3.600871e-01 
  445.000  3.611740e-01 
  446.000  3.622314e-01 
  447.000  3.633412e-01 
  448.000  3.645320e-01 
  449.000  3.657383e-01 
  450.000  3.669223e-01 
  451.000  3.680608e-01 
  452.000  3.691603e-01 
  453.000  3.702381e-01 
  454.000  3.712971e-01 
  455.000  3.722953e-01 
  456.000  3.732134e-01 
  457.000  3.741324e-01 
  458.000  3.750395e-01 
  459.000  3.759279e-01 
  460.000  3.768097e-01 
  461.000  3.776827e-01 
  462.000  3.785395e-01 
  463.000  3.793930e-01 
  464.000  3.805049e-01 
  465.000  3.816009e-01 
  466.000  3.826783e-01 
  467.000  3.837314e-01 
  468.000  3.845897e-01 
  469.000  3.853293e-01 
  470.000  3.860098e-01 
  471.000  3.866225e-01 
  472.000  3.871430e-01 
  473.000  3.875080e-01 
  474.000  3.878077e-01 
  475.000  3.878847e-01 
  476.000  3.877363e-01 
  477.000  3.877333e-01 
  478.000  3.886007e-01 
  479.000  3.899221e-01 
  480.000  3.913494e-01 
  481.000  3.926309e-01 
  482.000  3.938338e-01 
  483.000  3.948801e-01 
  484.000  3.957800e-01 
  485.000  3.965851e-01 
  486.000  3.974441e-01 
  487.000  3.983489e-01 
  488.000  3.992251e-01 
  489.000  4.000856e-01 
  490.000  4.009363e-01 
  491.000  4.016028e-01 
  492.000  4.022123e-01 
  493.000  4.028189e-01 
  494.000  4.034086e-01 
  495.000  4.039984e-01 
  496.000  4.043024e-01 
  497.000  4.045950e-01 
  498.000  4.048833e-01 
  499.000  4.051561e-01 
  500.000  4.054247e-01 
  501.000  4.056634e-01 
  502.000  4.059021e-01 
  503.000  4.061380e-01 
  504.000  4.063630e-01 
  505.000  4.065757e-01 
  506.000  4.071990e-01 
  507.000  4.078406e-01 
  508.000  4.084814e-01 
  509.000  4.091151e-01 
  510.000  4.097355e-01 
  511.000  4.102919e-01 
  512.000  4.108293e-01 
  513.000  4.113638e-01 
  514.000  4.118918e-01 
  515.000  4.124154e-01 
  516.000  4.127895e-01 
  517.000  4.130293e-01 
  518.000  4.132626e-01 
  519.000  4.134915e-01 
  520.000  4.137182e-01 
  521.000  4.139213e-01 
  522.000  4.140678e-01 
  523.000  4.141735e-01 
  524.000  4.142826e-01 
  525.000  4.143687e-01 
  526.000  4.144894e-01 
  527.000  4.145089e-01 
  528.000  4.144873e-01 
  529.000  4.144645e-01 
  530.000  4.144468e-01 
  531.000  4.144322e-01 
  532.000  4.144649e-01 
  533.000  4.147592e-01 
  534.000  4.151312e-01 
  535.000  4.155509e-01 
  536.000  4.159569e-01 
  537.000  4.163283e-01 
  538.000  4.166604e-01 
  539.000  4.169683e-01 
  540.000  4.172571e-01 
  541.000  4.175375e-01 
  542.000  4.178057e-01 
  543.000  4.180644e-01 
  544.000  4.182601e-01 
  545.000  4.184042e-01 
  546.000  4.185418e-01 
  547.000  4.186832e-01 
  548.000  4.188175e-01 
  549.000  4.189498e-01 
  550.000  4.190139e-01 
  551.000  4.190105e-01 
  552.000  4.190098e-01 
  553.000  4.189951e-01 
  554.000  4.189740e-01 
  555.000  4.189491e-01 
  556.000  4.188987e-01 
  557.000  4.188040e-01 
  558.000  4.187016e-01 
  559.000  4.185875e-01 
  560.000  4.184447e-01 
  561.000  4.182758e-01 
  562.000  4.180161e-01 
  563.000  4.178154e-01 
  564.000  4.175637e-01 
  565.000  4.172117e-01 
  566.000  4.168878e-01 
  567.000  4.162619e-01 
  568.000  4.148515e-01 
  569.000  4.125362e-01 
  570.000  4.124027e-01 
  571.000  4.135726e-01 
  572.000  4.117382e-01 
  573.000  4.117276e-01 
  574.000  4.115580e-01 
  575.000  4.112933e-01 
  576.000  4.114489e-01 
  577.000  4.121594e-01 
  578.000  4.131765e-01 
  579.000  4.144790e-01 
  580.000  4.160334e-01 
  581.000  4.180101e-01 
  582.000  4.195162e-01 
  583.000  4.206529e-01 
  584.000  4.216413e-01 
  585.000  4.225192e-01 
  586.000  4.232892e-01 
  587.000  4.232703e-01 
  588.000  4.209527e-01 
  589.000  4.165877e-01 
  590.000  4.166033e-01 
  591.000  4.201523e-01 
  592.000  4.186960e-01 
  593.000  4.226555e-01 
  594.000  4.220863e-01 
  595.000  4.197116e-01 
  596.000  4.232216e-01 
  597.000  4.221098e-01 
  598.000  4.233178e-01 
  599.000  4.236286e-01 
  600.000  4.245121e-01 
  601.000  4.251549e-01 
  602.000  4.251454e-01 
  603.000  4.256932e-01 
  604.000  4.265714e-01 
  605.000  4.272778e-01 
  606.000  4.278627e-01 
  607.000  4.284303e-01 
  608.000  4.289998e-01 
  609.000  4.295468e-01 
  610.000  4.301169e-01 
  611.000  4.307508e-01 
  612.000  4.313718e-01 
  613.000  4.319738e-01 
  614.000  4.325583e-01 
  615.000  4.331414e-01 
  616.000  4.337033e-01 
  617.000  4.342342e-01 
  618.000  4.346794e-01 
  619.000  4.350562e-01 
  620.000  4.354050e-01 
  621.000  4.357048e-01 
  622.000  4.359554e-01 
  623.000  4.361231e-01 
  624.000  4.363019e-01 
  625.000  4.364522e-01 
  626.000  4.364247e-01 
  627.000  4.348193e-01 
  628.000  4.179837e-01 
  629.000  4.290894e-01 
  630.000  4.303053e-01 
  631.000  4.334673e-01 
  632.000  4.350167e-01 
  633.000  4.379348e-01 
  634.000  4.400289e-01 
  635.000  4.413584e-01 
  636.000  4.428319e-01 
  637.000  4.441398e-01 
  638.000  4.458224e-01 
  639.000  4.468685e-01 
  640.000  4.482452e-01 
  641.000  4.491984e-01 
  642.000  4.502455e-01 
  643.000  4.504631e-01 
  644.000  4.511553e-01 
  645.000  4.512095e-01 
  646.000  4.492566e-01 
  647.000  4.479575e-01 
  648.000  4.464059e-01 
  649.000  4.488111e-01 
  650.000  4.528798e-01 
  651.000  4.533545e-01 
  652.000  4.506755e-01 
  653.000  4.546109e-01 
  654.000  4.548406e-01 
  655.000  4.539883e-01 
  656.000  4.549158e-01 
  657.000  4.560668e-01 
  658.000  4.576173e-01 
  659.000  4.587716e-01 
  660.000  4.595716e-01 
  661.000  4.609440e-01 
  662.000  4.618540e-01 
  663.000  4.621973e-01 
  664.000  4.628396e-01 
  665.000  4.634441e-01 
  666.000  4.641041e-01 
  667.000  4.647090e-01 
  668.000  4.653635e-01 
  669.000  4.659172e-01 
  670.000  4.664409e-01 
  671.000  4.669756e-01 
  672.000  4.674843e-01 
  673.000  4.679880e-01 
  674.000  4.684889e-01 
  675.000  4.689892e-01 
  676.000  4.694644e-01 
  677.000  4.699002e-01 
  678.000  4.703357e-01 
  679.000  4.707352e-01 
  680.000  4.709821e-01 
  681.000  4.711709e-01 
  682.000  4.715135e-01 
  683.000  4.717808e-01 
  684.000  4.718607e-01 
  685.000  4.724834e-01 
  686.000  4.704056e-01 
  687.000  3.931488e-01 
  688.000  4.168478e-01 
  689.000  4.104420e-01 
  690.000  4.228430e-01 
  691.000  4.404081e-01 
  692.000  4.529122e-01 
  693.000  4.562199e-01 
  694.000  4.566014e-01 
  695.000  4.613507e-01 
  696.000  4.639779e-01 
  697.000  4.723087e-01 
  698.000  4.709948e-01 
  699.000  4.641623e-01 
  700.000  4.655530e-01 
  701.000  4.641650e-01 
  702.000  4.655246e-01 
  703.000  4.716392e-01 
  704.000  4.720854e-01 
  705.000  4.698137e-01 
  706.000  4.704488e-01 
  707.000  4.714808e-01 
  708.000  4.725814e-01 
  709.000  4.746662e-01 
  710.000  4.727739e-01 
  711.000  4.750274e-01 
  712.000  4.769663e-01 
  713.000  4.757004e-01 
  714.000  4.753860e-01 
  715.000  4.732523e-01 
  716.000  4.710584e-01 
  717.000  4.556769e-01 
  718.000  4.461285e-01 
  719.000  4.427823e-01 
  720.000  4.374807e-01 
  721.000  4.610459e-01 
  722.000  4.693377e-01 
  723.000  4.649124e-01 
  724.000  4.518672e-01 
  725.000  4.540076e-01 
  726.000  4.534785e-01 
  727.000  4.554620e-01 
  728.000  4.534940e-01 
  729.000  4.586772e-01 
  730.000  4.578666e-01 
  731.000  4.568663e-01 
  732.000  4.655005e-01 
  733.000  4.736546e-01 
  734.000  4.775902e-01 
  735.000  4.763237e-01 
  736.000  4.738612e-01 
  737.000  4.758536e-01 
  738.000  4.785573e-01 
  739.000  4.797585e-01 
  740.000  4.823274e-01 
  741.000  4.838392e-01 
  742.000  4.843154e-01 
  743.000  4.857346e-01 
  744.000  4.864040e-01 
  745.000  4.869441e-01 
  746.000  4.874126e-01 
  747.000  4.876218e-01 
  748.000  4.881424e-01 
  749.000  4.884527e-01 
  750.000  4.884453e-01 
  751.000  4.886293e-01 
  752.000  4.890961e-01 
  753.000  4.893506e-01 
  754.000  4.895734e-01 
  755.000  4.897553e-01 
  756.000  4.899404e-01 
  757.000  4.900714e-01 
  758.000  4.889562e-01 
  759.000  4.469707e-01 
  760.000  1.647032e-01 
  761.000  1.416639e-01 
  762.000  2.937447e-01 
  763.000  2.438333e-01 
  764.000  2.683051e-01 
  765.000  3.257510e-01 
  766.000  3.982856e-01 
  767.000  4.361257e-01 
  768.000  4.613050e-01 
  769.000  4.781103e-01 
  770.000  4.873224e-01 
  771.000  4.915433e-01 
  772.000  4.926313e-01 
  773.000  4.931231e-01 
  774.000  4.938085e-01 
  775.000  4.942215e-01 
  776.000  4.945078e-01 
  777.000  4.946371e-01 
  778.000  4.946983e-01 
  779.000  4.947415e-01 
  780.000  4.947786e-01 
  781.000  4.949919e-01 
  782.000  4.950236e-01 
  783.000  4.950605e-01 
  784.000  4.949826e-01 
  785.000  4.943627e-01 
  786.000  4.935546e-01 
  787.000  4.918788e-01 
  788.000  4.909200e-01 
  789.000  4.873292e-01 
  790.000  4.870725e-01 
  791.000  4.878179e-01 
  792.000  4.885069e-01 
  793.000  4.900422e-01 
  794.000  4.930196e-01 
  795.000  4.913697e-01 
  796.000  4.862868e-01 
  797.000  4.878100e-01 
  798.000  4.911026e-01 
  799.000  4.904131e-01 
  800.000  4.881023e-01 
  801.000  4.884338e-01 
  802.000  4.882438e-01 
  803.000  4.886374e-01 
  804.000  4.897932e-01 
  805.000  4.919635e-01 
  806.000  4.932741e-01 
  807.000  4.933777e-01 
  808.000  4.927100e-01 
  809.000  4.918789e-01 
  810.000  4.909663e-01 
  811.000  4.890357e-01 
  812.000  4.864191e-01 
  813.000  4.831907e-01 
  814.000  4.788963e-01 
  815.000  4.735231e-01 
  816.000  4.665037e-01 
  817.000  4.669684e-01 
  818.000  4.675935e-01 
  819.000  4.699498e-01 
  820.000  4.777336e-01 
  821.000  4.865485e-01 
  822.000  4.799245e-01 
  823.000  4.610616e-01 
  824.000  4.770525e-01 
  825.000  4.871814e-01 
  826.000  4.854766e-01 
  827.000  4.842455e-01 
  828.000  4.776299e-01 
  829.000  4.800764e-01 
  830.000  4.827955e-01 
  831.000  4.834546e-01 
  832.000  4.837449e-01 
  833.000  4.853164e-01 
  834.000  4.871543e-01 
  835.000  4.907636e-01 
  836.000  4.896429e-01 
  837.000  4.895489e-01 
  838.000  4.913279e-01 
  839.000  4.924170e-01 
  840.000  4.928372e-01 
  841.000  4.917273e-01 
  842.000  4.927914e-01 
  843.000  4.952651e-01 
  844.000  4.962457e-01 
  845.000  4.967394e-01 
  846.000  4.973524e-01 
  847.000  4.979564e-01 
  848.000  4.970081e-01 
  849.000  4.971799e-01 
  850.000  4.967820e-01 
  851.000  4.963879e-01 
  852.000  4.964822e-01 
  853.000  4.972667e-01 
  854.000  4.972433e-01 
  855.000  4.977923e-01 
  856.000  4.988399e-01 
  857.000  4.992785e-01 
  858.000  4.994945e-01 
  859.000  5.000862e-01 
  860.000  5.004224e-01 
  861.000  5.005008e-01 
  862.000  5.006946e-01 
  863.000  5.007483e-01 
  864.000  5.008915e-01 
  865.000  5.010144e-01 
  866.000  5.010707e-01 
  867.000  5.010851e-01 
  868.000  5.011311e-01 
  869.000  5.011934e-01 
  870.000  5.012015e-01 
  871.000  5.012617e-01 
  872.000  5.013644e-01 
  873.000  5.013230e-01 
  874.000  5.013145e-01 
  875.000  5.013357e-01 
  876.000  5.012406e-01 
  877.000  5.012069e-01 
  878.000  5.008141e-01 
  879.000  5.008152e-01 
  880.000  5.006388e-01 
  881.000  5.004903e-01 
  882.000  5.003488e-01 
  883.000  5.005477e-01 
  884.000  5.006452e-01 
  885.000  5.001203e-01 
  886.000  4.993871e-01 
  887.000  4.999840e-01 
  888.000  4.999752e-01 
  889.000  5.002183e-01 
  890.000  4.998377e-01 
  891.000  4.989618e-01 
  892.000  4.972013e-01 
  893.000  4.912525e-01 
  894.000  4.883107e-01 
  895.000  4.791173e-01 
  896.000  4.708374e-01 
  897.000  4.620445e-01 
  898.000  4.579185e-01 
  899.000  4.459532e-01 
  900.000  4.477587e-01 
  901.000  4.446230e-01 
  902.000  4.451716e-01 
  903.000  4.652910e-01 
  904.000  4.773358e-01 
  905.000  4.768905e-01 
  906.000  4.694002e-01 
  907.000  4.559803e-01 
  908.000  4.470327e-01 
  909.000  4.474637e-01 
  910.000  4.488543e-01 
  911.000  4.548482e-01 
  912.000  4.519781e-01 
  913.000  4.393267e-01 
  914.000  4.456271e-01 
  915.000  4.505412e-01 
  916.000  4.518640e-01 
  917.000  4.545043e-01 
  918.000  4.579102e-01 
  919.000  4.694149e-01 
  920.000  4.779825e-01 
  921.000  4.760946e-01 
  922.000  4.759468e-01 
  923.000  4.735761e-01 
  924.000  4.678280e-01 
  925.000  4.674223e-01 
  926.000  4.674463e-01 
  927.000  4.608057e-01 
  928.000  4.504668e-01 
  929.000  4.352811e-01 
  930.000  4.154955e-01 
  931.000  3.926927e-01 
  932.000  3.621512e-01 
  933.000  3.379240e-01 
  934.000  3.117286e-01 
  935.000  3.090208e-01 
  936.000  3.198182e-01 
  937.000  3.169558e-01 
  938.000  3.455988e-01 
  939.000  4.150876e-01 
  940.000  4.247692e-01 
  941.000  4.162314e-01 
  942.000  3.950534e-01 
  943.000  3.583548e-01 
  944.000  3.558205e-01 
  945.000  3.694496e-01 
  946.000  3.700968e-01 
  947.000  3.817120e-01 
  948.000  3.884565e-01 
  949.000  3.874492e-01 
  950.000  3.891398e-01 
  951.000  4.040743e-01 
  952.000  3.878727e-01 
  953.000  3.990317e-01 
  954.000  4.107773e-01 
  955.000  4.009958e-01 
  956.000  3.985640e-01 
  957.000  4.281220e-01 
  958.000  4.317333e-01 
  959.000  4.267928e-01 
  960.000  4.252992e-01 
  961.000  4.227993e-01 
  962.000  4.249572e-01 
  963.000  4.407389e-01 
  964.000  4.429362e-01 
  965.000  4.413854e-01 
  966.000  4.421731e-01 
  967.000  4.531804e-01 
  968.000  4.712113e-01 
  969.000  4.791999e-01 
  970.000  4.796139e-01 
  971.000  4.794312e-01 
  972.000  4.771856e-01 
  973.000  4.719394e-01 
  974.000  4.654795e-01 
  975.000  4.612986e-01 
  976.000  4.664336e-01 
  977.000  4.748245e-01 
  978.000  4.741322e-01 
  979.000  4.762694e-01 
  980.000  4.846992e-01 
  981.000  4.865479e-01 
  982.000  4.846665e-01 
  983.000  4.889529e-01 
  984.000  4.933465e-01 
  985.000  4.958333e-01 
  986.000  4.990308e-01 
  987.000  5.004128e-01 
  988.000  5.007331e-01 
  989.000  5.009422e-01 
  990.000  5.012886e-01 
  991.000  5.023088e-01 
  992.000  5.025830e-01 
  993.000  5.027304e-01 
  994.000  5.038139e-01 
  995.000  5.045691e-01 
  996.000  5.045751e-01 
  997.000  5.041462e-01 
  998.000  5.036495e-01 
  999.000  5.034515e-01 
 1000.000  5.036420e-01 
 1001.000  5.025363e-01 
 1002.000  5.009127e-01 
 1003.000  5.013593e-01 
 1004.000  5.022246e-01 
 1005.000  5.027396e-01 
 1006.000  5.028892e-01 
 1007.000  5.025390e-01 
 1008.000  5.012496e-01 
 1009.000  4.992707e-01 
 1010.000  5.001611e-01 
 1011.000  5.020598e-01 
 1012.000  5.029025e-01 
 1013.000  5.034788e-01 
 1014.000  5.037598e-01 
 1015.000  5.038059e-01 
 1016.000  5.040234e-01 
 1017.000  5.042083e-01 
 1018.000  5.038965e-01 
 1019.000  5.031097e-01 
 1020.000  5.033793e-01 
 1021.000  5.039427e-01 
 1022.000  5.029753e-01 
 1023.000  5.022703e-01 
 1024.000  5.017857e-01 
 1025.000  5.031126e-01 
 1026.000  5.037308e-01 
 1027.000  5.034361e-01 
 1028.000  5.036256e-01 
 1029.000  5.041716e-01 
 1030.000  5.046833e-01 
 1031.000  5.049171e-01 
 1032.000  5.051032e-01 
 1033.000  5.051395e-01 
 1034.000  5.052638e-01 
 1035.000  5.052609e-01 
 1036.000  5.050642e-01 
 1037.000  5.049518e-01 
 1038.000  5.049847e-01 
 1039.000  5.048513e-01 
 1040.000  5.047025e-01 
 1041.000  5.045812e-01 
 1042.000  5.045235e-01 
 1043.000  5.044693e-01 
 1044.000  5.043302e-01 
 1045.000  5.040468e-01 
 1046.000  5.038317e-01 
 1047.000  5.035521e-01 
 1048.000  5.030614e-01 
 1049.000  5.024890e-01 
 1050.000  5.021405e-01 
 1051.000  5.018283e-01 
 1052.000  5.014836e-01 
 1053.000  5.012709e-01 
 1054.000  5.008345e-01 
 1055.000  5.003811e-01 
 1056.000  4.998997e-01 
 1057.000  4.990849e-01 
 1058.000  4.979094e-01 
 1059.000  4.977153e-01 
 1060.000  4.978748e-01 
 1061.000  4.976506e-01 
 1062.000  4.967990e-01 
 1063.000  4.962273e-01 
 1064.000  4.954982e-01 
 1065.000  4.948682e-01 
 1066.000  4.948868e-01 
 1067.000  4.945324e-01 
 1068.000  4.935910e-01 
 1069.000  4.937150e-01 
 1070.000  4.943529e-01 
 1071.000  4.943109e-01 
 1072.000  4.938897e-01 
 1073.000  4.940864e-01 
 1074.000  4.945312e-01 
 1075.000  4.959589e-01 
 1076.000  4.955631e-01 
 1077.000  4.949060e-01 
 1078.000  4.940667e-01 
 1079.000  4.941762e-01 
 1080.000  4.914291e-01 
 1081.000  4.914541e-01 
 1082.000  4.929295e-01 
 1083.000  4.915569e-01 
 1084.000  4.899973e-01 
 1085.000  4.860218e-01 
 1086.000  4.871348e-01 
 1087.000  4.917952e-01 
 1088.000  4.920900e-01 
 1089.000  4.867006e-01 
 1090.000  4.857841e-01 
 1091.000  4.869518e-01 
 1092.000  4.843454e-01 
 1093.000  4.782597e-01 
 1094.000  4.756298e-01 
 1095.000  4.761503e-01 
 1096.000  4.766414e-01 
 1097.000  4.755255e-01 
 1098.000  4.603251e-01 
 1099.000  4.471551e-01 
 1100.000  4.481328e-01 
 1101.000  4.500482e-01 
 1102.000  4.492810e-01 
 1103.000  4.505821e-01 
 1104.000  4.484237e-01 
 1105.000  4.428935e-01 
 1106.000  4.371901e-01 
 1107.000  4.387694e-01 
 1108.000  4.400151e-01 
 1109.000  4.451463e-01 
 1110.000  4.448659e-01 
 1111.000  4.423404e-01 
 1112.000  4.304652e-01 
 1113.000  4.140860e-01 
 1114.000  4.101302e-01 
 1115.000  3.895046e-01 
 1116.000  3.763504e-01 
 1117.000  3.441603e-01 
 1118.000  3.137968e-01 
 1119.000  2.975307e-01 
 1120.000  2.761706e-01 
 1121.000  2.714523e-01 
 1122.000  2.475755e-01 
 1123.000  2.612775e-01 
 1124.000  2.702904e-01 
 1125.000  2.657303e-01 
 1126.000  2.637985e-01 
 1127.000  2.656067e-01 
 1128.000  2.691137e-01 
 1129.000  2.917550e-01 
 1130.000  3.423138e-01 
 1131.000  3.562658e-01 
 1132.000  3.373129e-01 
 1133.000  3.006812e-01 
 1134.000  2.287511e-01 
 1135.000  2.344298e-01 
 1136.000  3.055854e-01 
 1137.000  3.411947e-01 
 1138.000  3.735530e-01 
 1139.000  3.823514e-01 
 1140.000  3.763089e-01 
 1141.000  3.635342e-01 
 1142.000  3.591729e-01 
 1143.000  3.452448e-01 
 1144.000  3.290533e-01 
 1145.000  3.050056e-01 
 1146.000  3.107346e-01 
 1147.000  3.294013e-01 
 1148.000  3.455398e-01 
 1149.000  3.517739e-01 
 1150.000  3.516308e-01 
