  320.000  2.128945e-01 
  321.000  2.585733e-01 
  322.000  2.406851e-01 
  323.000  2.633460e-01 
  324.000  2.859926e-01 
  325.000  2.691264e-01 
  326.000  2.967913e-01 
  327.000  3.044966e-01 
  328.000  2.878471e-01 
  329.000  3.197804e-01 
  330.000  3.248321e-01 
  331.000  3.148338e-01 
  332.000  3.341302e-01 
  333.000  3.397499e-01 
  334.000  3.351360e-01 
  335.000  3.492618e-01 
  336.000  3.549775e-01 
  337.000  3.525691e-01 
  338.000  3.592645e-01 
  339.000  3.661703e-01 
  340.000  3.650357e-01 
  341.000  3.717379e-01 
  342.000  3.766367e-01 
  343.000  3.790964e-01 
  344.000  3.795989e-01 
  345.000  3.862330e-01 
  346.000  3.904195e-01 
  347.000  3.938316e-01 
  348.000  3.970263e-01 
  349.000  4.006134e-01 
  350.000  4.036783e-01 
  351.000  4.067297e-01 
  352.000  4.092320e-01 
  353.000  4.127889e-01 
  354.000  4.158155e-01 
  355.000  4.186308e-01 
  356.000  4.213730e-01 
  357.000  4.238126e-01 
  358.000  4.264365e-01 
  359.000  4.290569e-01 
  360.000  4.317393e-01 
  361.000  4.351265e-01 
  362.000  4.386515e-01 
  363.000  4.418963e-01 
  364.000  4.448810e-01 
  365.000  4.476793e-01 
  366.000  4.505394e-01 
  367.000  4.532612e-01 
  368.000  4.559571e-01 
  369.000  4.586285e-01 
  370.000  4.612711e-01 
  371.000  4.638918e-01 
  372.000  4.664899e-01 
  373.000  4.690647e-01 
  374.000  4.715969e-01 
  375.000  4.740792e-01 
  376.000  4.764761e-01 
  377.000  4.787406e-01 
  378.000  4.808431e-01 
  379.000  4.829786e-01 
  380.000  4.853264e-01 
  381.000  4.879977e-01 
  382.000  4.907646e-01 
  383.000  4.933797e-01 
  384.000  4.958591e-01 
  385.000  4.982470e-01 
  386.000  5.005726e-01 
  387.000  5.028595e-01 
  388.000  5.051161e-01 
  389.000  5.073531e-01 
  390.000  5.095709e-01 
  391.000  5.117650e-01 
  392.000  5.139417e-01 
  393.000  5.160994e-01 
  394.000  5.182360e-01 
  395.000  5.203497e-01 
  396.000  5.224488e-01 
  397.000  5.245225e-01 
  398.000  5.265761e-01 
  399.000  5.286113e-01 
  400.000  5.306174e-01 
  401.000  5.326148e-01 
  402.000  5.345954e-01 
  403.000  5.365579e-01 
  404.000  5.385022e-01 
  405.000  5.404242e-01 
  406.000  5.423326e-01 
  407.000  5.442252e-01 
  408.000  5.461004e-01 
  409.000  5.479563e-01 
  410.000  5.497939e-01 
  411.000  5.516124e-01 
  412.000  5.534108e-01 
  413.000  5.551980e-01 
  414.000  5.568562e-01 
  415.000  5.586494e-01 
  416.000  5.604192e-01 
  417.000  5.621587e-01 
  418.000  5.638576e-01 
  419.000  5.655370e-01 
  420.000  5.672007e-01 
  421.000  5.688537e-01 
  422.000  5.704959e-01 
  423.000  5.721253e-01 
  424.000  5.737349e-01 
  425.000  5.753070e-01 
  426.000  5.768632e-01 
  427.000  5.784051e-01 
  428.000  5.799192e-01 
  429.000  5.814115e-01 
  430.000  5.828860e-01 
  431.000  5.843490e-01 
  432.000  5.857963e-01 
  433.000  5.872294e-01 
  434.000  5.886499e-01 
  435.000  5.900562e-01 
  436.000  5.914462e-01 
  437.000  5.928207e-01 
  438.000  5.941792e-01 
  439.000  5.955268e-01 
  440.000  5.968522e-01 
  441.000  5.981605e-01 
  442.000  5.994477e-01 
  443.000  6.007152e-01 
  444.000  6.019623e-01 
  445.000  6.031824e-01 
  446.000  6.043682e-01 
  447.000  6.056114e-01 
  448.000  6.069441e-01 
  449.000  6.082927e-01 
  450.000  6.096148e-01 
  451.000  6.108850e-01 
  452.000  6.121103e-01 
  453.000  6.133103e-01 
  454.000  6.144882e-01 
  455.000  6.155975e-01 
  456.000  6.166170e-01 
  457.000  6.176366e-01 
  458.000  6.186423e-01 
  459.000  6.196263e-01 
  460.000  6.206024e-01 
  461.000  6.215679e-01 
  462.000  6.225148e-01 
  463.000  6.234575e-01 
  464.000  6.246844e-01 
  465.000  6.258926e-01 
  466.000  6.270791e-01 
  467.000  6.282379e-01 
  468.000  6.291816e-01 
  469.000  6.299942e-01 
  470.000  6.307414e-01 
  471.000  6.314138e-01 
  472.000  6.319848e-01 
  473.000  6.323849e-01 
  474.000  6.327135e-01 
  475.000  6.327978e-01 
  476.000  6.326352e-01 
  477.000  6.326318e-01 
  478.000  6.335823e-01 
  479.000  6.350288e-01 
  480.000  6.365895e-01 
  481.000  6.379892e-01 
  482.000  6.393015e-01 
  483.000  6.404421e-01 
  484.000  6.414222e-01 
  485.000  6.422985e-01 
  486.000  6.432328e-01 
  487.000  6.442161e-01 
  488.000  6.451677e-01 
  489.000  6.461016e-01 
  490.000  6.470242e-01 
  491.000  6.477466e-01 
  492.000  6.484067e-01 
  493.000  6.490636e-01 
  494.000  6.497018e-01 
  495.000  6.503398e-01 
  496.000  6.506686e-01 
  497.000  6.509848e-01 
  498.000  6.512964e-01 
  499.000  6.515911e-01 
  500.000  6.518813e-01 
  501.000  6.521391e-01 
  502.000  6.523969e-01 
  503.000  6.526515e-01 
  504.000  6.528944e-01 
  505.000  6.531240e-01 
  506.000  6.537965e-01 
  507.000  6.544883e-01 
  508.000  6.551790e-01 
  509.000  6.558617e-01 
  510.000  6.565297e-01 
  511.000  6.571285e-01 
  512.000  6.577066e-01 
  513.000  6.582813e-01 
  514.000  6.588488e-01 
  515.000  6.594113e-01 
  516.000  6.598130e-01 
  517.000  6.600706e-01 
  518.000  6.603211e-01 
  519.000  6.605667e-01 
  520.000  6.608100e-01 
  521.000  6.610279e-01 
  522.000  6.611851e-01 
  523.000  6.612984e-01 
  524.000  6.614155e-01 
  525.000  6.615078e-01 
  526.000  6.616372e-01 
  527.000  6.616581e-01 
  528.000  6.616349e-01 
  529.000  6.616105e-01 
  530.000  6.615915e-01 
  531.000  6.615759e-01 
  532.000  6.616109e-01 
  533.000  6.619266e-01 
  534.000  6.623252e-01 
  535.000  6.627751e-01 
  536.000  6.632100e-01 
  537.000  6.636077e-01 
  538.000  6.639633e-01 
  539.000  6.642929e-01 
  540.000  6.646019e-01 
  541.000  6.649019e-01 
  542.000  6.651888e-01 
  543.000  6.654655e-01 
  544.000  6.656747e-01 
  545.000  6.658289e-01 
  546.000  6.659759e-01 
  547.000  6.661271e-01 
  548.000  6.662706e-01 
  549.000  6.664119e-01 
  550.000  6.664805e-01 
  551.000  6.664769e-01 
  552.000  6.664761e-01 
  553.000  6.664604e-01 
  554.000  6.664378e-01 
  555.000  6.664112e-01 
  556.000  6.663573e-01 
  557.000  6.662562e-01 
  558.000  6.661468e-01 
  559.000  6.660247e-01 
  560.000  6.658718e-01 
  561.000  6.656907e-01 
  562.000  6.653391e-01 
  563.000  6.651182e-01 
  564.000  6.648306e-01 
  565.000  6.644012e-01 
  566.000  6.640888e-01 
  567.000  6.631839e-01 
  568.000  6.606230e-01 
  569.000  6.553494e-01 
  570.000  6.559690e-01 
  571.000  6.593795e-01 
  572.000  6.557063e-01 
  573.000  6.564421e-01 
  574.000  6.565304e-01 
  575.000  6.562166e-01 
  576.000  6.563959e-01 
  577.000  6.576908e-01 
  578.000  6.594719e-01 
  579.000  6.611289e-01 
  580.000  6.627682e-01 
  581.000  6.650414e-01 
  582.000  6.666384e-01 
  583.000  6.676930e-01 
  584.000  6.686503e-01 
  585.000  6.693860e-01 
  586.000  6.701225e-01 
  587.000  6.690326e-01 
  588.000  6.622054e-01 
  589.000  6.511825e-01 
  590.000  6.507141e-01 
  591.000  6.586612e-01 
  592.000  6.547698e-01 
  593.000  6.637714e-01 
  594.000  6.620281e-01 
  595.000  6.560264e-01 
  596.000  6.646090e-01 
  597.000  6.624012e-01 
  598.000  6.657180e-01 
  599.000  6.669040e-01 
  600.000  6.698654e-01 
  601.000  6.717083e-01 
  602.000  6.721717e-01 
  603.000  6.731197e-01 
  604.000  6.743290e-01 
  605.000  6.752076e-01 
  606.000  6.758626e-01 
  607.000  6.764957e-01 
  608.000  6.771054e-01 
  609.000  6.776889e-01 
  610.000  6.782934e-01 
  611.000  6.789649e-01 
  612.000  6.796225e-01 
  613.000  6.802595e-01 
  614.000  6.808777e-01 
  615.000  6.814941e-01 
  616.000  6.820880e-01 
  617.000  6.826488e-01 
  618.000  6.831189e-01 
  619.000  6.835166e-01 
  620.000  6.838847e-01 
  621.000  6.842010e-01 
  622.000  6.844653e-01 
  623.000  6.846422e-01 
  624.000  6.848304e-01 
  625.000  6.849876e-01 
  626.000  6.847666e-01 
  627.000  6.816546e-01 
  628.000  6.605049e-01 
  629.000  6.735888e-01 
  630.000  6.762086e-01 
  631.000  6.802837e-01 
  632.000  6.802998e-01 
  633.000  6.850725e-01 
  634.000  6.875966e-01 
  635.000  6.888100e-01 
  636.000  6.904448e-01 
  637.000  6.918294e-01 
  638.000  6.942527e-01 
  639.000  6.952506e-01 
  640.000  6.969117e-01 
  641.000  6.978107e-01 
  642.000  6.990272e-01 
  643.000  6.986882e-01 
  644.000  6.993419e-01 
  645.000  6.984257e-01 
  646.000  6.927176e-01 
  647.000  6.888314e-01 
  648.000  6.844074e-01 
  649.000  6.891822e-01 
  650.000  6.979062e-01 
  651.000  6.983216e-01 
  652.000  6.914232e-01 
  653.000  7.002520e-01 
  654.000  6.997423e-01 
  655.000  6.970940e-01 
  656.000  6.985807e-01 
  657.000  7.006387e-01 
  658.000  7.039174e-01 
  659.000  7.060003e-01 
  660.000  7.070643e-01 
  661.000  7.096407e-01 
  662.000  7.109795e-01 
  663.000  7.112176e-01 
  664.000  7.119803e-01 
  665.000  7.127031e-01 
  666.000  7.135211e-01 
  667.000  7.142467e-01 
  668.000  7.150625e-01 
  669.000  7.156761e-01 
  670.000  7.162310e-01 
  671.000  7.168095e-01 
  672.000  7.173370e-01 
  673.000  7.178562e-01 
  674.000  7.183712e-01 
  675.000  7.188866e-01 
  676.000  7.193718e-01 
  677.000  7.198176e-01 
  678.000  7.202643e-01 
  679.000  7.206430e-01 
  680.000  7.207296e-01 
  681.000  7.207063e-01 
  682.000  7.210069e-01 
  683.000  7.211793e-01 
  684.000  7.209029e-01 
  685.000  7.216958e-01 
  686.000  7.189870e-01 
  687.000  6.229670e-01 
  688.000  6.529698e-01 
  689.000  6.445006e-01 
  690.000  6.601270e-01 
  691.000  6.809894e-01 
  692.000  6.941575e-01 
  693.000  6.916438e-01 
  694.000  6.862293e-01 
  695.000  6.940057e-01 
  696.000  6.984507e-01 
  697.000  7.160732e-01 
  698.000  7.126256e-01 
  699.000  6.970891e-01 
  700.000  6.997920e-01 
  701.000  6.963847e-01 
  702.000  6.990454e-01 
  703.000  7.122374e-01 
  704.000  7.128903e-01 
  705.000  7.075697e-01 
  706.000  7.087005e-01 
  707.000  7.107108e-01 
  708.000  7.128758e-01 
  709.000  7.172242e-01 
  710.000  7.127535e-01 
  711.000  7.174746e-01 
  712.000  7.215028e-01 
  713.000  7.184116e-01 
  714.000  7.174271e-01 
  715.000  7.123600e-01 
  716.000  7.071136e-01 
  717.000  6.730270e-01 
  718.000  6.519872e-01 
  719.000  6.444492e-01 
  720.000  6.328953e-01 
  721.000  6.833977e-01 
  722.000  7.012604e-01 
  723.000  6.912649e-01 
  724.000  6.626329e-01 
  725.000  6.669670e-01 
  726.000  6.656453e-01 
  727.000  6.697488e-01 
  728.000  6.653271e-01 
  729.000  6.763633e-01 
  730.000  6.744571e-01 
  731.000  6.721484e-01 
  732.000  6.907210e-01 
  733.000  7.084211e-01 
  734.000  7.169252e-01 
  735.000  7.139527e-01 
  736.000  7.083840e-01 
  737.000  7.126246e-01 
  738.000  7.184390e-01 
  739.000  7.209510e-01 
  740.000  7.264913e-01 
  741.000  7.296988e-01 
  742.000  7.310590e-01 
  743.000  7.339621e-01 
  744.000  7.353151e-01 
  745.000  7.363638e-01 
  746.000  7.371938e-01 
  747.000  7.374077e-01 
  748.000  7.381996e-01 
  749.000  7.386228e-01 
  750.000  7.384438e-01 
  751.000  7.386290e-01 
  752.000  7.393516e-01 
  753.000  7.396718e-01 
  754.000  7.399326e-01 
  755.000  7.401164e-01 
  756.000  7.403069e-01 
  757.000  7.404398e-01 
  758.000  7.392167e-01 
  759.000  6.877947e-01 
  760.000  3.094717e-01 
  761.000  2.743169e-01 
  762.000  4.915436e-01 
  763.000  4.234952e-01 
  764.000  4.571379e-01 
  765.000  5.338569e-01 
  766.000  6.269593e-01 
  767.000  6.741352e-01 
  768.000  7.050551e-01 
  769.000  7.254907e-01 
  770.000  7.363473e-01 
  771.000  7.415898e-01 
  772.000  7.428779e-01 
  773.000  7.434624e-01 
  774.000  7.441919e-01 
  775.000  7.446130e-01 
  776.000  7.449126e-01 
  777.000  7.450134e-01 
  778.000  7.450228e-01 
  779.000  7.450191e-01 
  780.000  7.450117e-01 
  781.000  7.453300e-01 
  782.000  7.453133e-01 
  783.000  7.453064e-01 
  784.000  7.450867e-01 
  785.000  7.438870e-01 
  786.000  7.420056e-01 
  787.000  7.378886e-01 
  788.000  7.357005e-01 
  789.000  7.278180e-01 
  790.000  7.271601e-01 
  791.000  7.286735e-01 
  792.000  7.300706e-01 
  793.000  7.333032e-01 
  794.000  7.401383e-01 
  795.000  7.359900e-01 
  796.000  7.248986e-01 
  797.000  7.280943e-01 
  798.000  7.351275e-01 
  799.000  7.335425e-01 
  800.000  7.284510e-01 
  801.000  7.290760e-01 
  802.000  7.285754e-01 
  803.000  7.293378e-01 
  804.000  7.317522e-01 
  805.000  7.363646e-01 
  806.000  7.391207e-01 
  807.000  7.392573e-01 
  808.000  7.377189e-01 
  809.000  7.358255e-01 
  810.000  7.337521e-01 
  811.000  7.294760e-01 
  812.000  7.237164e-01 
  813.000  7.166509e-01 
  814.000  7.073140e-01 
  815.000  6.956903e-01 
  816.000  6.807011e-01 
  817.000  6.815693e-01 
  818.000  6.828088e-01 
  819.000  6.877533e-01 
  820.000  7.042638e-01 
  821.000  7.230828e-01 
  822.000  7.087938e-01 
  823.000  6.687541e-01 
  824.000  7.025246e-01 
  825.000  7.241612e-01 
  826.000  7.204618e-01 
  827.000  7.177418e-01 
  828.000  7.035060e-01 
  829.000  7.086536e-01 
  830.000  7.144092e-01 
  831.000  7.157623e-01 
  832.000  7.163472e-01 
  833.000  7.196622e-01 
  834.000  7.235597e-01 
  835.000  7.312845e-01 
  836.000  7.288056e-01 
  837.000  7.285455e-01 
  838.000  7.323142e-01 
  839.000  7.346015e-01 
  840.000  7.354399e-01 
  841.000  7.329755e-01 
  842.000  7.352055e-01 
  843.000  7.404866e-01 
  844.000  7.428835e-01 
  845.000  7.440066e-01 
  846.000  7.451870e-01 
  847.000  7.464210e-01 
  848.000  7.443703e-01 
  849.000  7.446555e-01 
  850.000  7.436147e-01 
  851.000  7.423710e-01 
  852.000  7.425075e-01 
  853.000  7.445923e-01 
  854.000  7.444896e-01 
  855.000  7.455420e-01 
  856.000  7.476306e-01 
  857.000  7.485429e-01 
  858.000  7.490456e-01 
  859.000  7.500934e-01 
  860.000  7.506382e-01 
  861.000  7.507366e-01 
  862.000  7.510473e-01 
  863.000  7.511006e-01 
  864.000  7.513183e-01 
  865.000  7.514991e-01 
  866.000  7.515576e-01 
  867.000  7.515410e-01 
  868.000  7.515813e-01 
  869.000  7.516510e-01 
  870.000  7.516237e-01 
  871.000  7.516902e-01 
  872.000  7.518331e-01 
  873.000  7.517176e-01 
  874.000  7.516612e-01 
  875.000  7.516584e-01 
  876.000  7.514467e-01 
  877.000  7.513456e-01 
  878.000  7.506841e-01 
  879.000  7.506504e-01 
  880.000  7.500880e-01 
  881.000  7.497615e-01 
  882.000  7.494907e-01 
  883.000  7.498192e-01 
  884.000  7.499210e-01 
  885.000  7.487483e-01 
  886.000  7.471178e-01 
  887.000  7.484284e-01 
  888.000  7.483634e-01 
  889.000  7.487795e-01 
  890.000  7.478070e-01 
  891.000  7.459182e-01 
  892.000  7.417392e-01 
  893.000  7.289814e-01 
  894.000  7.226365e-01 
  895.000  7.031605e-01 
  896.000  6.856866e-01 
  897.000  6.672369e-01 
  898.000  6.585989e-01 
  899.000  6.340597e-01 
  900.000  6.376362e-01 
  901.000  6.312374e-01 
  902.000  6.323901e-01 
  903.000  6.736119e-01 
  904.000  6.986576e-01 
  905.000  6.977349e-01 
  906.000  6.820848e-01 
  907.000  6.543391e-01 
  908.000  6.360060e-01 
  909.000  6.368052e-01 
  910.000  6.395814e-01 
  911.000  6.517703e-01 
  912.000  6.458751e-01 
  913.000  6.202031e-01 
  914.000  6.329066e-01 
  915.000  6.428896e-01 
  916.000  6.455852e-01 
  917.000  6.509892e-01 
  918.000  6.579737e-01 
  919.000  6.817131e-01 
  920.000  6.995847e-01 
  921.000  6.956380e-01 
  922.000  6.953019e-01 
  923.000  6.903164e-01 
  924.000  6.783196e-01 
  925.000  6.773543e-01 
  926.000  6.771404e-01 
  927.000  6.631755e-01 
  928.000  6.416402e-01 
  929.000  6.104356e-01 
  930.000  5.705475e-01 
  931.000  5.256748e-01 
  932.000  4.666977e-01 
  933.000  4.220955e-01 
  934.000  3.757643e-01 
  935.000  3.708628e-01 
  936.000  3.893610e-01 
  937.000  3.845984e-01 
  938.000  4.359570e-01 
  939.000  5.671226e-01 
  940.000  5.863212e-01 
  941.000  5.696516e-01 
  942.000  5.286682e-01 
  943.000  4.598101e-01 
  944.000  4.550095e-01 
  945.000  4.799654e-01 
  946.000  4.813002e-01 
  947.000  5.033138e-01 
  948.000  5.161880e-01 
  949.000  5.144375e-01 
  950.000  5.177114e-01 
  951.000  5.464455e-01 
  952.000  5.156084e-01 
  953.000  5.371224e-01 
  954.000  5.600826e-01 
  955.000  5.413327e-01 
  956.000  5.370049e-01 
  957.000  5.949866e-01 
  958.000  6.023707e-01 
  959.000  5.927113e-01 
  960.000  5.898703e-01 
  961.000  5.850134e-01 
  962.000  5.893641e-01 
  963.000  6.209265e-01 
  964.000  6.254151e-01 
  965.000  6.223709e-01 
  966.000  6.240399e-01 
  967.000  6.464081e-01 
  968.000  6.835421e-01 
  969.000  7.002115e-01 
  970.000  7.010918e-01 
  971.000  7.006916e-01 
  972.000  6.959625e-01 
  973.000  6.850122e-01 
  974.000  6.716323e-01 
  975.000  6.630129e-01 
  976.000  6.735491e-01 
  977.000  6.909013e-01 
  978.000  6.894782e-01 
  979.000  6.939461e-01 
  980.000  7.115591e-01 
  981.000  7.154430e-01 
  982.000  7.115101e-01 
  983.000  7.205197e-01 
  984.000  7.297807e-01 
  985.000  7.350314e-01 
  986.000  7.418013e-01 
  987.000  7.447263e-01 
  988.000  7.453912e-01 
  989.000  7.458158e-01 
  990.000  7.465281e-01 
  991.000  7.490434e-01 
  992.000  7.497579e-01 
  993.000  7.500250e-01 
  994.000  7.522196e-01 
  995.000  7.537709e-01 
  996.000  7.537593e-01 
  997.000  7.527488e-01 
  998.000  7.516190e-01 
  999.000  7.511926e-01 
 1000.000  7.515470e-01 
 1001.000  7.492335e-01 
 1002.000  7.453786e-01 
 1003.000  7.462978e-01 
 1004.000  7.485198e-01 
 1005.000  7.495360e-01 
 1006.000  7.498560e-01 
 1007.000  7.491222e-01 
 1008.000  7.459785e-01 
 1009.000  7.417700e-01 
 1010.000  7.436453e-01 
 1011.000  7.481121e-01 
 1012.000  7.498116e-01 
 1013.000  7.511439e-01 
 1014.000  7.516047e-01 
 1015.000  7.517087e-01 
 1016.000  7.523209e-01 
 1017.000  7.526768e-01 
 1018.000  7.519035e-01 
 1019.000  7.504417e-01 
 1020.000  7.509834e-01 
 1021.000  7.520126e-01 
 1022.000  7.502163e-01 
 1023.000  7.486377e-01 
 1024.000  7.476888e-01 
 1025.000  7.505659e-01 
 1026.000  7.517385e-01 
 1027.000  7.511796e-01 
 1028.000  7.516192e-01 
 1029.000  7.528614e-01 
 1030.000  7.540074e-01 
 1031.000  7.546244e-01 
 1032.000  7.550699e-01 
 1033.000  7.551538e-01 
 1034.000  7.554190e-01 
 1035.000  7.555332e-01 
 1036.000  7.553911e-01 
 1037.000  7.553649e-01 
 1038.000  7.554454e-01 
 1039.000  7.552611e-01 
 1040.000  7.550882e-01 
 1041.000  7.549499e-01 
 1042.000  7.549010e-01 
 1043.000  7.548752e-01 
 1044.000  7.547392e-01 
 1045.000  7.543766e-01 
 1046.000  7.541224e-01 
 1047.000  7.538109e-01 
 1048.000  7.533610e-01 
 1049.000  7.528778e-01 
 1050.000  7.524790e-01 
 1051.000  7.519778e-01 
 1052.000  7.515900e-01 
 1053.000  7.514697e-01 
 1054.000  7.509086e-01 
 1055.000  7.503658e-01 
 1056.000  7.498518e-01 
 1057.000  7.486956e-01 
 1058.000  7.466543e-01 
 1059.000  7.466774e-01 
 1060.000  7.475577e-01 
 1061.000  7.472534e-01 
 1062.000  7.459297e-01 
 1063.000  7.453184e-01 
 1064.000  7.441512e-01 
 1065.000  7.429238e-01 
 1066.000  7.430059e-01 
 1067.000  7.422875e-01 
 1068.000  7.400157e-01 
 1069.000  7.391396e-01 
 1070.000  7.397199e-01 
 1071.000  7.383601e-01 
 1072.000  7.368984e-01 
 1073.000  7.367259e-01 
 1074.000  7.370864e-01 
 1075.000  7.395605e-01 
 1076.000  7.382027e-01 
 1077.000  7.363322e-01 
 1078.000  7.341062e-01 
 1079.000  7.339003e-01 
 1080.000  7.277499e-01 
 1081.000  7.274682e-01 
 1082.000  7.302772e-01 
 1083.000  7.270510e-01 
 1084.000  7.234947e-01 
 1085.000  7.149054e-01 
 1086.000  7.169877e-01 
 1087.000  7.265468e-01 
 1088.000  7.269600e-01 
 1089.000  7.154510e-01 
 1090.000  7.133262e-01 
 1091.000  7.155772e-01 
 1092.000  7.098941e-01 
 1093.000  6.970842e-01 
 1094.000  6.915063e-01 
 1095.000  6.924512e-01 
 1096.000  6.933296e-01 
 1097.000  6.908203e-01 
 1098.000  6.594430e-01 
 1099.000  6.325684e-01 
 1100.000  6.344250e-01 
 1101.000  6.381845e-01 
 1102.000  6.364433e-01 
 1103.000  6.389647e-01 
 1104.000  6.345175e-01 
 1105.000  6.232409e-01 
 1106.000  6.117817e-01 
 1107.000  6.147168e-01 
 1108.000  6.169228e-01 
 1109.000  6.268709e-01 
 1110.000  6.258758e-01 
 1111.000  6.205571e-01 
 1112.000  5.966268e-01 
 1113.000  5.638887e-01 
 1114.000  5.553259e-01 
 1115.000  5.148867e-01 
 1116.000  4.896720e-01 
 1117.000  4.306005e-01 
 1118.000  3.764195e-01 
 1119.000  3.478014e-01 
 1120.000  3.118870e-01 
 1121.000  3.039682e-01 
 1122.000  2.662865e-01 
 1123.000  2.870542e-01 
 1124.000  3.010039e-01 
 1125.000  2.937391e-01 
 1126.000  2.907924e-01 
 1127.000  2.938812e-01 
 1128.000  2.998934e-01 
 1129.000  3.368316e-01 
 1130.000  4.228446e-01 
 1131.000  4.475860e-01 
 1132.000  4.138184e-01 
 1133.000  3.516046e-01 
 1134.000  2.384948e-01 
 1135.000  2.470561e-01 
 1136.000  3.603912e-01 
 1137.000  4.218092e-01 
 1138.000  4.806417e-01 
 1139.000  4.980383e-01 
 1140.000  4.868674e-01 
 1141.000  4.639391e-01 
 1142.000  4.559427e-01 
 1143.000  4.307938e-01 
 1144.000  4.023176e-01 
 1145.000  3.610490e-01 
 1146.000  3.707956e-01 
 1147.000  4.030194e-01 
 1148.000  4.315415e-01 
 1149.000  4.429520e-01 
 1150.000  4.433059e-01 
