  320.000  1.544940e-01 
  321.000  1.930077e-01 
  322.000  1.777971e-01 
  323.000  1.970924e-01 
  324.000  2.166179e-01 
  325.000  2.020538e-01 
  326.000  2.260088e-01 
  327.000  2.327400e-01 
  328.000  2.182270e-01 
  329.000  2.461644e-01 
  330.000  2.506223e-01 
  331.000  2.418093e-01 
  332.000  2.588536e-01 
  333.000  2.638447e-01 
  334.000  2.597460e-01 
  335.000  2.723199e-01 
  336.000  2.774289e-01 
  337.000  2.752747e-01 
  338.000  2.812686e-01 
  339.000  2.874679e-01 
  340.000  2.864483e-01 
  341.000  2.924784e-01 
  342.000  2.968959e-01 
  343.000  2.991170e-01 
  344.000  2.995711e-01 
  345.000  3.055735e-01 
  346.000  3.093691e-01 
  347.000  3.124669e-01 
  348.000  3.153709e-01 
  349.000  3.186356e-01 
  350.000  3.214285e-01 
  351.000  3.242120e-01 
  352.000  3.264970e-01 
  353.000  3.297484e-01 
  354.000  3.325183e-01 
  355.000  3.350975e-01 
  356.000  3.376121e-01 
  357.000  3.398511e-01 
  358.000  3.422615e-01 
  359.000  3.446707e-01 
  360.000  3.471392e-01 
  361.000  3.502594e-01 
  362.000  3.535104e-01 
  363.000  3.565063e-01 
  364.000  3.592648e-01 
  365.000  3.618535e-01 
  366.000  3.645018e-01 
  367.000  3.670243e-01 
  368.000  3.695250e-01 
  369.000  3.720050e-01 
  370.000  3.744604e-01 
  371.000  3.768975e-01 
  372.000  3.793155e-01 
  373.000  3.817137e-01 
  374.000  3.840742e-01 
  375.000  3.863899e-01 
  376.000  3.886276e-01 
  377.000  3.907432e-01 
  378.000  3.927088e-01 
  379.000  3.947065e-01 
  380.000  3.969042e-01 
  381.000  3.994067e-01 
  382.000  4.020008e-01 
  383.000  4.044545e-01 
  384.000  4.067827e-01 
  385.000  4.090266e-01 
  386.000  4.112133e-01 
  387.000  4.133652e-01 
  388.000  4.154899e-01 
  389.000  4.175975e-01 
  390.000  4.196884e-01 
  391.000  4.217582e-01 
  392.000  4.238129e-01 
  393.000  4.258509e-01 
  394.000  4.278702e-01 
  395.000  4.298691e-01 
  396.000  4.318552e-01 
  397.000  4.338185e-01 
  398.000  4.357639e-01 
  399.000  4.376929e-01 
  400.000  4.395954e-01 
  401.000  4.414908e-01 
  402.000  4.433710e-01 
  403.000  4.452353e-01 
  404.000  4.470831e-01 
  405.000  4.489107e-01 
  406.000  4.507264e-01 
  407.000  4.525279e-01 
  408.000  4.543137e-01 
  409.000  4.560821e-01 
  410.000  4.578338e-01 
  411.000  4.595682e-01 
  412.000  4.612842e-01 
  413.000  4.629903e-01 
  414.000  4.645741e-01 
  415.000  4.662875e-01 
  416.000  4.679793e-01 
  417.000  4.696429e-01 
  418.000  4.712684e-01 
  419.000  4.728760e-01 
  420.000  4.744692e-01 
  421.000  4.760529e-01 
  422.000  4.776269e-01 
  423.000  4.791892e-01 
  424.000  4.807331e-01 
  425.000  4.822417e-01 
  426.000  4.837357e-01 
  427.000  4.852165e-01 
  428.000  4.866711e-01 
  429.000  4.881054e-01 
  430.000  4.895231e-01 
  431.000  4.909302e-01 
  432.000  4.923227e-01 
  433.000  4.937021e-01 
  434.000  4.950698e-01 
  435.000  4.964243e-01 
  436.000  4.977636e-01 
  437.000  4.990884e-01 
  438.000  5.003982e-01 
  439.000  5.016979e-01 
  440.000  5.029767e-01 
  441.000  5.042393e-01 
  442.000  5.054820e-01 
  443.000  5.067059e-01 
  444.000  5.079107e-01 
  445.000  5.090895e-01 
  446.000  5.102357e-01 
  447.000  5.114378e-01 
  448.000  5.127266e-01 
  449.000  5.140313e-01 
  450.000  5.153108e-01 
  451.000  5.165404e-01 
  452.000  5.177269e-01 
  453.000  5.188892e-01 
  454.000  5.200305e-01 
  455.000  5.211056e-01 
  456.000  5.220939e-01 
  457.000  5.230826e-01 
  458.000  5.240579e-01 
  459.000  5.250125e-01 
  460.000  5.259596e-01 
  461.000  5.268967e-01 
  462.000  5.278158e-01 
  463.000  5.287311e-01 
  464.000  5.299227e-01 
  465.000  5.310964e-01 
  466.000  5.322495e-01 
  467.000  5.333758e-01 
  468.000  5.342933e-01 
  469.000  5.350835e-01 
  470.000  5.358102e-01 
  471.000  5.364643e-01 
  472.000  5.370198e-01 
  473.000  5.374092e-01 
  474.000  5.377289e-01 
  475.000  5.378110e-01 
  476.000  5.376527e-01 
  477.000  5.376495e-01 
  478.000  5.385745e-01 
  479.000  5.399827e-01 
  480.000  5.415026e-01 
  481.000  5.428661e-01 
  482.000  5.441449e-01 
  483.000  5.452566e-01 
  484.000  5.462121e-01 
  485.000  5.470667e-01 
  486.000  5.479780e-01 
  487.000  5.489373e-01 
  488.000  5.498658e-01 
  489.000  5.507773e-01 
  490.000  5.516780e-01 
  491.000  5.523833e-01 
  492.000  5.530280e-01 
  493.000  5.536695e-01 
  494.000  5.542929e-01 
  495.000  5.549162e-01 
  496.000  5.552374e-01 
  497.000  5.555465e-01 
  498.000  5.558509e-01 
  499.000  5.561390e-01 
  500.000  5.564225e-01 
  501.000  5.566745e-01 
  502.000  5.569265e-01 
  503.000  5.571755e-01 
  504.000  5.574129e-01 
  505.000  5.576373e-01 
  506.000  5.582948e-01 
  507.000  5.589713e-01 
  508.000  5.596468e-01 
  509.000  5.603145e-01 
  510.000  5.609680e-01 
  511.000  5.615539e-01 
  512.000  5.621197e-01 
  513.000  5.626822e-01 
  514.000  5.632377e-01 
  515.000  5.637882e-01 
  516.000  5.641816e-01 
  517.000  5.644338e-01 
  518.000  5.646790e-01 
  519.000  5.649195e-01 
  520.000  5.651578e-01 
  521.000  5.653712e-01 
  522.000  5.655251e-01 
  523.000  5.656361e-01 
  524.000  5.657508e-01 
  525.000  5.658411e-01 
  526.000  5.659680e-01 
  527.000  5.659884e-01 
  528.000  5.659657e-01 
  529.000  5.659418e-01 
  530.000  5.659232e-01 
  531.000  5.659079e-01 
  532.000  5.659422e-01 
  533.000  5.662514e-01 
  534.000  5.666419e-01 
  535.000  5.670826e-01 
  536.000  5.675087e-01 
  537.000  5.678985e-01 
  538.000  5.682469e-01 
  539.000  5.685698e-01 
  540.000  5.688727e-01 
  541.000  5.691668e-01 
  542.000  5.694480e-01 
  543.000  5.697193e-01 
  544.000  5.699244e-01 
  545.000  5.700755e-01 
  546.000  5.702196e-01 
  547.000  5.703678e-01 
  548.000  5.705085e-01 
  549.000  5.706471e-01 
  550.000  5.707144e-01 
  551.000  5.707108e-01 
  552.000  5.707100e-01 
  553.000  5.706946e-01 
  554.000  5.706725e-01 
  555.000  5.706464e-01 
  556.000  5.705936e-01 
  557.000  5.704944e-01 
  558.000  5.703871e-01 
  559.000  5.702674e-01 
  560.000  5.701176e-01 
  561.000  5.699401e-01 
  562.000  5.696097e-01 
  563.000  5.693943e-01 
  564.000  5.691160e-01 
  565.000  5.687052e-01 
  566.000  5.683926e-01 
  567.000  5.675510e-01 
  568.000  5.652804e-01 
  569.000  5.608233e-01 
  570.000  5.612818e-01 
  571.000  5.640554e-01 
  572.000  5.609116e-01 
  573.000  5.614581e-01 
  574.000  5.613786e-01 
  575.000  5.610777e-01 
  576.000  5.612506e-01 
  577.000  5.624602e-01 
  578.000  5.640315e-01 
  579.000  5.655779e-01 
  580.000  5.671895e-01 
  581.000  5.693739e-01 
  582.000  5.709419e-01 
  583.000  5.720201e-01 
  584.000  5.729970e-01 
  585.000  5.737560e-01 
  586.000  5.745145e-01 
  587.000  5.736347e-01 
  588.000  5.680528e-01 
  589.000  5.587817e-01 
  590.000  5.584388e-01 
  591.000  5.652248e-01 
  592.000  5.619736e-01 
  593.000  5.696468e-01 
  594.000  5.682109e-01 
  595.000  5.631626e-01 
  596.000  5.704120e-01 
  597.000  5.684940e-01 
  598.000  5.712579e-01 
  599.000  5.722156e-01 
  600.000  5.746756e-01 
  601.000  5.761527e-01 
  602.000  5.764714e-01 
  603.000  5.773330e-01 
  604.000  5.784556e-01 
  605.000  5.792938e-01 
  606.000  5.799307e-01 
  607.000  5.805469e-01 
  608.000  5.811450e-01 
  609.000  5.817177e-01 
  610.000  5.823118e-01 
  611.000  5.829719e-01 
  612.000  5.836185e-01 
  613.000  5.842448e-01 
  614.000  5.848528e-01 
  615.000  5.854592e-01 
  616.000  5.860434e-01 
  617.000  5.865952e-01 
  618.000  5.870577e-01 
  619.000  5.874491e-01 
  620.000  5.878114e-01 
  621.000  5.881227e-01 
  622.000  5.883829e-01 
  623.000  5.885569e-01 
  624.000  5.887423e-01 
  625.000  5.888973e-01 
  626.000  5.887168e-01 
  627.000  5.860192e-01 
  628.000  5.664313e-01 
  629.000  5.787106e-01 
  630.000  5.809699e-01 
  631.000  5.847816e-01 
  632.000  5.851029e-01 
  633.000  5.893618e-01 
  634.000  5.917506e-01 
  635.000  5.929979e-01 
  636.000  5.945691e-01 
  637.000  5.959306e-01 
  638.000  5.981312e-01 
  639.000  5.991777e-01 
  640.000  6.007202e-01 
  641.000  6.016369e-01 
  642.000  6.028214e-01 
  643.000  6.026531e-01 
  644.000  6.033155e-01 
  645.000  6.026328e-01 
  646.000  5.979006e-01 
  647.000  5.946809e-01 
  648.000  5.909978e-01 
  649.000  5.951572e-01 
  650.000  6.026777e-01 
  651.000  6.031070e-01 
  652.000  5.972961e-01 
  653.000  6.049026e-01 
  654.000  6.045411e-01 
  655.000  6.023542e-01 
  656.000  6.036955e-01 
  657.000  6.055190e-01 
  658.000  6.083879e-01 
  659.000  6.102375e-01 
  660.000  6.111828e-01 
  661.000  6.134226e-01 
  662.000  6.146724e-01 
  663.000  6.149518e-01 
  664.000  6.156671e-01 
  665.000  6.163310e-01 
  666.000  6.171330e-01 
  667.000  6.178321e-01 
  668.000  6.186131e-01 
  669.000  6.192127e-01 
  670.000  6.197597e-01 
  671.000  6.203276e-01 
  672.000  6.208498e-01 
  673.000  6.213644e-01 
  674.000  6.218750e-01 
  675.000  6.223859e-01 
  676.000  6.228677e-01 
  677.000  6.233103e-01 
  678.000  6.237534e-01 
  679.000  6.241351e-01 
  680.000  6.242529e-01 
  681.000  6.242713e-01 
  682.000  6.245933e-01 
  683.000  6.248057e-01 
  684.000  6.246270e-01 
  685.000  6.253563e-01 
  686.000  6.228607e-01 
  687.000  5.336016e-01 
  688.000  5.613689e-01 
  689.000  5.535977e-01 
  690.000  5.680872e-01 
  691.000  5.876610e-01 
  692.000  6.003268e-01 
  693.000  5.991129e-01 
  694.000  5.950687e-01 
  695.000  6.019979e-01 
  696.000  6.059458e-01 
  697.000  6.211471e-01 
  698.000  6.182475e-01 
  699.000  6.049663e-01 
  700.000  6.073262e-01 
  701.000  6.044424e-01 
  702.000  6.067642e-01 
  703.000  6.181214e-01 
  704.000  6.187208e-01 
  705.000  6.141893e-01 
  706.000  6.151916e-01 
  707.000  6.169484e-01 
  708.000  6.188378e-01 
  709.000  6.226010e-01 
  710.000  6.187963e-01 
  711.000  6.228794e-01 
  712.000  6.263680e-01 
  713.000  6.237469e-01 
  714.000  6.229339e-01 
  715.000  6.186213e-01 
  716.000  6.141576e-01 
  717.000  5.849240e-01 
  718.000  5.668844e-01 
  719.000  5.604416e-01 
  720.000  5.505396e-01 
  721.000  5.939769e-01 
  722.000  6.093554e-01 
  723.000  6.008036e-01 
  724.000  5.762330e-01 
  725.000  5.799889e-01 
  726.000  5.788746e-01 
  727.000  5.824237e-01 
  728.000  5.786440e-01 
  729.000  5.881522e-01 
  730.000  5.865340e-01 
  731.000  5.845694e-01 
  732.000  6.005555e-01 
  733.000  6.157867e-01 
  734.000  6.231146e-01 
  735.000  6.205829e-01 
  736.000  6.158162e-01 
  737.000  6.194768e-01 
  738.000  6.244897e-01 
  739.000  6.266647e-01 
  740.000  6.314414e-01 
  741.000  6.342139e-01 
  742.000  6.353991e-01 
  743.000  6.378326e-01 
  744.000  6.390083e-01 
  745.000  6.399267e-01 
  746.000  6.406634e-01 
  747.000  6.409006e-01 
  748.000  6.416223e-01 
  749.000  6.420228e-01 
  750.000  6.418774e-01 
  751.000  6.420621e-01 
  752.000  6.427337e-01 
  753.000  6.430406e-01 
  754.000  6.432936e-01 
  755.000  6.434768e-01 
  756.000  6.436660e-01 
  757.000  6.437982e-01 
  758.000  6.426131e-01 
  759.000  5.945703e-01 
  760.000  2.511562e-01 
  761.000  2.205165e-01 
  762.000  4.138015e-01 
  763.000  3.523448e-01 
  764.000  3.826492e-01 
  765.000  4.523907e-01 
  766.000  5.380932e-01 
  767.000  5.819216e-01 
  768.000  6.107851e-01 
  769.000  6.299211e-01 
  770.000  6.401898e-01 
  771.000  6.450660e-01 
  772.000  6.462825e-01 
  773.000  6.468328e-01 
  774.000  6.475421e-01 
  775.000  6.479611e-01 
  776.000  6.482577e-01 
  777.000  6.483638e-01 
  778.000  6.483832e-01 
  779.000  6.483886e-01 
  780.000  6.483897e-01 
  781.000  6.486875e-01 
  782.000  6.486801e-01 
  783.000  6.486817e-01 
  784.000  6.484896e-01 
  785.000  6.474676e-01 
  786.000  6.458144e-01 
  787.000  6.423653e-01 
  788.000  6.404935e-01 
  789.000  6.337183e-01 
  790.000  6.331636e-01 
  791.000  6.344782e-01 
  792.000  6.356924e-01 
  793.000  6.384872e-01 
  794.000  6.443835e-01 
  795.000  6.408231e-01 
  796.000  6.312829e-01 
  797.000  6.340460e-01 
  798.000  6.401136e-01 
  799.000  6.387596e-01 
  800.000  6.343855e-01 
  801.000  6.349346e-01 
  802.000  6.345141e-01 
  803.000  6.351812e-01 
  804.000  6.372709e-01 
  805.000  6.412537e-01 
  806.000  6.436375e-01 
  807.000  6.437656e-01 
  808.000  6.424513e-01 
  809.000  6.408311e-01 
  810.000  6.390559e-01 
  811.000  6.353835e-01 
  812.000  6.304333e-01 
  813.000  6.243576e-01 
  814.000  6.163243e-01 
  815.000  6.063200e-01 
  816.000  5.934095e-01 
  817.000  5.941687e-01 
  818.000  5.952467e-01 
  819.000  5.995169e-01 
  820.000  6.137560e-01 
  821.000  6.299819e-01 
  822.000  6.176780e-01 
  823.000  5.831684e-01 
  824.000  6.122921e-01 
  825.000  6.309464e-01 
  826.000  6.277661e-01 
  827.000  6.254312e-01 
  828.000  6.131709e-01 
  829.000  6.176166e-01 
  830.000  6.225852e-01 
  831.000  6.237594e-01 
  832.000  6.242706e-01 
  833.000  6.271353e-01 
  834.000  6.305019e-01 
  835.000  6.371660e-01 
  836.000  6.350381e-01 
  837.000  6.348220e-01 
  838.000  6.380777e-01 
  839.000  6.400568e-01 
  840.000  6.407875e-01 
  841.000  6.386723e-01 
  842.000  6.406021e-01 
  843.000  6.451607e-01 
  844.000  6.472341e-01 
  845.000  6.482100e-01 
  846.000  6.492352e-01 
  847.000  6.502221e-01 
  848.000  6.485478e-01 
  849.000  6.488017e-01 
  850.000  6.479130e-01 
  851.000  6.468495e-01 
  852.000  6.469750e-01 
  853.000  6.487794e-01 
  854.000  6.486987e-01 
  855.000  6.496134e-01 
  856.000  6.513792e-01 
  857.000  6.521677e-01 
  858.000  6.526169e-01 
  859.000  6.535242e-01 
  860.000  6.540136e-01 
  861.000  6.541080e-01 
  862.000  6.543961e-01 
  863.000  6.544494e-01 
  864.000  6.546527e-01 
  865.000  6.548222e-01 
  866.000  6.548803e-01 
  867.000  6.548696e-01 
  868.000  6.549109e-01 
  869.000  6.549792e-01 
  870.000  6.549586e-01 
  871.000  6.550239e-01 
  872.000  6.551591e-01 
  873.000  6.550578e-01 
  874.000  6.550105e-01 
  875.000  6.550123e-01 
  876.000  6.548229e-01 
  877.000  6.547348e-01 
  878.000  6.541694e-01 
  879.000  6.541448e-01 
  880.000  6.536689e-01 
  881.000  6.533867e-01 
  882.000  6.531728e-01 
  883.000  6.534155e-01 
  884.000  6.535449e-01 
  885.000  6.525412e-01 
  886.000  6.511456e-01 
  887.000  6.522934e-01 
  888.000  6.522431e-01 
  889.000  6.525582e-01 
  890.000  6.517723e-01 
  891.000  6.501924e-01 
  892.000  6.465962e-01 
  893.000  6.356014e-01 
  894.000  6.301368e-01 
  895.000  6.133416e-01 
  896.000  5.982715e-01 
  897.000  5.823567e-01 
  898.000  5.749069e-01 
  899.000  5.537180e-01 
  900.000  5.568154e-01 
  901.000  5.512922e-01 
  902.000  5.522901e-01 
  903.000  5.878978e-01 
  904.000  6.095229e-01 
  905.000  6.087299e-01 
  906.000  5.952262e-01 
  907.000  5.712723e-01 
  908.000  5.554410e-01 
  909.000  5.561379e-01 
  910.000  5.585420e-01 
  911.000  5.690770e-01 
  912.000  5.639888e-01 
  913.000  5.418094e-01 
  914.000  5.527923e-01 
  915.000  5.614216e-01 
  916.000  5.637538e-01 
  917.000  5.684251e-01 
  918.000  5.744616e-01 
  919.000  5.949664e-01 
  920.000  6.103981e-01 
  921.000  6.069950e-01 
  922.000  6.067097e-01 
  923.000  6.024114e-01 
  924.000  5.920591e-01 
  925.000  5.912346e-01 
  926.000  5.910647e-01 
  927.000  5.790181e-01 
  928.000  5.604320e-01 
  929.000  5.334852e-01 
  930.000  4.990139e-01 
  931.000  4.601991e-01 
  932.000  4.091544e-01 
  933.000  3.704778e-01 
  934.000  3.302400e-01 
  935.000  3.259908e-01 
  936.000  3.420822e-01 
  937.000  3.379368e-01 
  938.000  3.825241e-01 
  939.000  4.961919e-01 
  940.000  5.128016e-01 
  941.000  4.983734e-01 
  942.000  4.628888e-01 
  943.000  4.032044e-01 
  944.000  3.990473e-01 
  945.000  4.207018e-01 
  946.000  4.218555e-01 
  947.000  4.409290e-01 
  948.000  4.520817e-01 
  949.000  4.505602e-01 
  950.000  4.533950e-01 
  951.000  4.782802e-01 
  952.000  4.515634e-01 
  953.000  4.701932e-01 
  954.000  4.900652e-01 
  955.000  4.738246e-01 
  956.000  4.700637e-01 
  957.000  5.202416e-01 
  958.000  5.266227e-01 
  959.000  5.182628e-01 
  960.000  5.158024e-01 
  961.000  5.115988e-01 
  962.000  5.153615e-01 
  963.000  5.426587e-01 
  964.000  5.465392e-01 
  965.000  5.439062e-01 
  966.000  5.453480e-01 
  967.000  5.646830e-01 
  968.000  5.967652e-01 
  969.000  6.111612e-01 
  970.000  6.119231e-01 
  971.000  6.115806e-01 
  972.000  6.075009e-01 
  973.000  5.980483e-01 
  974.000  5.864931e-01 
  975.000  5.790491e-01 
  976.000  5.881554e-01 
  977.000  6.031473e-01 
  978.000  6.019197e-01 
  979.000  6.057799e-01 
  980.000  6.209912e-01 
  981.000  6.243467e-01 
  982.000  6.209528e-01 
  983.000  6.287335e-01 
  984.000  6.367305e-01 
  985.000  6.412656e-01 
  986.000  6.471114e-01 
  987.000  6.496386e-01 
  988.000  6.502155e-01 
  989.000  6.505852e-01 
  990.000  6.512034e-01 
  991.000  6.533775e-01 
  992.000  6.539977e-01 
  993.000  6.542317e-01 
  994.000  6.560922e-01 
  995.000  6.573802e-01 
  996.000  6.574274e-01 
  997.000  6.565452e-01 
  998.000  6.555823e-01 
  999.000  6.552141e-01 
 1000.000  6.555265e-01 
 1001.000  6.535774e-01 
 1002.000  6.502540e-01 
 1003.000  6.510509e-01 
 1004.000  6.529722e-01 
 1005.000  6.538528e-01 
 1006.000  6.541265e-01 
 1007.000  6.534963e-01 
 1008.000  6.507853e-01 
 1009.000  6.471539e-01 
 1010.000  6.487741e-01 
 1011.000  6.526299e-01 
 1012.000  6.540977e-01 
 1013.000  6.551058e-01 
 1014.000  6.555992e-01 
 1015.000  6.556885e-01 
 1016.000  6.562216e-01 
 1017.000  6.564741e-01 
 1018.000  6.558567e-01 
 1019.000  6.546373e-01 
 1020.000  6.549591e-01 
 1021.000  6.559497e-01 
 1022.000  6.544370e-01 
 1023.000  6.530706e-01 
 1024.000  6.522474e-01 
 1025.000  6.547278e-01 
 1026.000  6.556915e-01 
 1027.000  6.552002e-01 
 1028.000  6.555761e-01 
 1029.000  6.566356e-01 
 1030.000  6.576166e-01 
 1031.000  6.581059e-01 
 1032.000  6.584799e-01 
 1033.000  6.585806e-01 
 1034.000  6.588029e-01 
 1035.000  6.588948e-01 
 1036.000  6.587424e-01 
 1037.000  6.586999e-01 
 1038.000  6.587714e-01 
 1039.000  6.585969e-01 
 1040.000  6.584285e-01 
 1041.000  6.582936e-01 
 1042.000  6.582431e-01 
 1043.000  6.582120e-01 
 1044.000  6.580755e-01 
 1045.000  6.577281e-01 
 1046.000  6.574816e-01 
 1047.000  6.571763e-01 
 1048.000  6.567190e-01 
 1049.000  6.562193e-01 
 1050.000  6.558379e-01 
 1051.000  6.553842e-01 
 1052.000  6.550066e-01 
 1053.000  6.548587e-01 
 1054.000  6.543252e-01 
 1055.000  6.537771e-01 
 1056.000  6.532694e-01 
 1057.000  6.522548e-01 
 1058.000  6.504197e-01 
 1059.000  6.503883e-01 
 1060.000  6.510997e-01 
 1061.000  6.507993e-01 
 1062.000  6.496023e-01 
 1063.000  6.490114e-01 
 1064.000  6.479519e-01 
 1065.000  6.468967e-01 
 1066.000  6.469634e-01 
 1067.000  6.463112e-01 
 1068.000  6.444746e-01 
 1069.000  6.438447e-01 
 1070.000  6.444427e-01 
 1071.000  6.433603e-01 
 1072.000  6.421669e-01 
 1073.000  6.420878e-01 
 1074.000  6.424683e-01 
 1075.000  6.446680e-01 
 1076.000  6.435582e-01 
 1077.000  6.420016e-01 
 1078.000  6.401344e-01 
 1079.000  6.400089e-01 
 1080.000  6.347430e-01 
 1081.000  6.345399e-01 
 1082.000  6.370001e-01 
 1083.000  6.342545e-01 
 1084.000  6.312171e-01 
 1085.000  6.238315e-01 
 1086.000  6.256585e-01 
 1087.000  6.339374e-01 
 1088.000  6.343192e-01 
 1089.000  6.244050e-01 
 1090.000  6.225939e-01 
 1091.000  6.245595e-01 
 1092.000  6.196781e-01 
 1093.000  6.086290e-01 
 1094.000  6.038249e-01 
 1095.000  6.046554e-01 
 1096.000  6.054272e-01 
 1097.000  6.032791e-01 
 1098.000  5.761752e-01 
 1099.000  5.529546e-01 
 1100.000  5.545720e-01 
 1101.000  5.578333e-01 
 1102.000  5.563456e-01 
 1103.000  5.585339e-01 
 1104.000  5.546933e-01 
 1105.000  5.449520e-01 
 1106.000  5.350450e-01 
 1107.000  5.375999e-01 
 1108.000  5.395270e-01 
 1109.000  5.481516e-01 
 1110.000  5.473142e-01 
 1111.000  5.427282e-01 
 1112.000  5.220349e-01 
 1113.000  4.937122e-01 
 1114.000  4.863337e-01 
 1115.000  4.513266e-01 
 1116.000  4.294809e-01 
 1117.000  3.782057e-01 
 1118.000  3.311376e-01 
 1119.000  3.062661e-01 
 1120.000  2.749984e-01 
 1121.000  2.681058e-01 
 1122.000  2.352139e-01 
 1123.000  2.533775e-01 
 1124.000  2.655712e-01 
 1125.000  2.592348e-01 
 1126.000  2.566588e-01 
 1127.000  2.593488e-01 
 1128.000  2.645783e-01 
 1129.000  2.967890e-01 
 1130.000  3.716864e-01 
 1131.000  3.931993e-01 
 1132.000  3.638463e-01 
 1133.000  3.096658e-01 
 1134.000  2.108984e-01 
 1135.000  2.183840e-01 
 1136.000  3.172960e-01 
 1137.000  3.707467e-01 
 1138.000  4.218467e-01 
 1139.000  4.369031e-01 
 1140.000  4.272063e-01 
 1141.000  4.072772e-01 
 1142.000  4.003336e-01 
 1143.000  3.784846e-01 
 1144.000  3.537223e-01 
 1145.000  3.178028e-01 
 1146.000  3.262866e-01 
 1147.000  3.543251e-01 
 1148.000  3.791222e-01 
 1149.000  3.890275e-01 
 1150.000  3.893088e-01 
