  320.000  1.623250e-01 
  321.000  2.018902e-01 
  322.000  1.862852e-01 
  323.000  2.060765e-01 
  324.000  2.260646e-01 
  325.000  2.111591e-01 
  326.000  2.356649e-01 
  327.000  2.425413e-01 
  328.000  2.277102e-01 
  329.000  2.562435e-01 
  330.000  2.607903e-01 
  331.000  2.517999e-01 
  332.000  2.691815e-01 
  333.000  2.742670e-01 
  334.000  2.700909e-01 
  335.000  2.828980e-01 
  336.000  2.880983e-01 
  337.000  2.859058e-01 
  338.000  2.920054e-01 
  339.000  2.983113e-01 
  340.000  2.972743e-01 
  341.000  3.034058e-01 
  342.000  3.078961e-01 
  343.000  3.101533e-01 
  344.000  3.106147e-01 
  345.000  3.167126e-01 
  346.000  3.205675e-01 
  347.000  3.237129e-01 
  348.000  3.266610e-01 
  349.000  3.299746e-01 
  350.000  3.328088e-01 
  351.000  3.356330e-01 
  352.000  3.379510e-01 
  353.000  3.412488e-01 
  354.000  3.440577e-01 
  355.000  3.466728e-01 
  356.000  3.492220e-01 
  357.000  3.514917e-01 
  358.000  3.539346e-01 
  359.000  3.563759e-01 
  360.000  3.588770e-01 
  361.000  3.620380e-01 
  362.000  3.653308e-01 
  363.000  3.683646e-01 
  364.000  3.711577e-01 
  365.000  3.737784e-01 
  366.000  3.764590e-01 
  367.000  3.790120e-01 
  368.000  3.815425e-01 
  369.000  3.840519e-01 
  370.000  3.865359e-01 
  371.000  3.890012e-01 
  372.000  3.914467e-01 
  373.000  3.938720e-01 
  374.000  3.962588e-01 
  375.000  3.986000e-01 
  376.000  4.008622e-01 
  377.000  4.030006e-01 
  378.000  4.049872e-01 
  379.000  4.070061e-01 
  380.000  4.092268e-01 
  381.000  4.117552e-01 
  382.000  4.143758e-01 
  383.000  4.168544e-01 
  384.000  4.192058e-01 
  385.000  4.214719e-01 
  386.000  4.236799e-01 
  387.000  4.258526e-01 
  388.000  4.279976e-01 
  389.000  4.301251e-01 
  390.000  4.322356e-01 
  391.000  4.343246e-01 
  392.000  4.363980e-01 
  393.000  4.384545e-01 
  394.000  4.404918e-01 
  395.000  4.425084e-01 
  396.000  4.445120e-01 
  397.000  4.464923e-01 
  398.000  4.484544e-01 
  399.000  4.503998e-01 
  400.000  4.523183e-01 
  401.000  4.542294e-01 
  402.000  4.561252e-01 
  403.000  4.580046e-01 
  404.000  4.598673e-01 
  405.000  4.617096e-01 
  406.000  4.635395e-01 
  407.000  4.653551e-01 
  408.000  4.671548e-01 
  409.000  4.689367e-01 
  410.000  4.707017e-01 
  411.000  4.724492e-01 
  412.000  4.741778e-01 
  413.000  4.758965e-01 
  414.000  4.774919e-01 
  415.000  4.792176e-01 
  416.000  4.809215e-01 
  417.000  4.825969e-01 
  418.000  4.842338e-01 
  419.000  4.858525e-01 
  420.000  4.874566e-01 
  421.000  4.890510e-01 
  422.000  4.906356e-01 
  423.000  4.922083e-01 
  424.000  4.937624e-01 
  425.000  4.952809e-01 
  426.000  4.967845e-01 
  427.000  4.982748e-01 
  428.000  4.997386e-01 
  429.000  5.011820e-01 
  430.000  5.026085e-01 
  431.000  5.040243e-01 
  432.000  5.054253e-01 
  433.000  5.068130e-01 
  434.000  5.081890e-01 
  435.000  5.095514e-01 
  436.000  5.108986e-01 
  437.000  5.122312e-01 
  438.000  5.135485e-01 
  439.000  5.148557e-01 
  440.000  5.161417e-01 
  441.000  5.174114e-01 
  442.000  5.186610e-01 
  443.000  5.198918e-01 
  444.000  5.211031e-01 
  445.000  5.222884e-01 
  446.000  5.234407e-01 
  447.000  5.246492e-01 
  448.000  5.259449e-01 
  449.000  5.272564e-01 
  450.000  5.285425e-01 
  451.000  5.297784e-01 
  452.000  5.309710e-01 
  453.000  5.321392e-01 
  454.000  5.332862e-01 
  455.000  5.343666e-01 
  456.000  5.353598e-01 
  457.000  5.363532e-01 
  458.000  5.373333e-01 
  459.000  5.382925e-01 
  460.000  5.392441e-01 
  461.000  5.401856e-01 
  462.000  5.411091e-01 
  463.000  5.420287e-01 
  464.000  5.432257e-01 
  465.000  5.444049e-01 
  466.000  5.455631e-01 
  467.000  5.466945e-01 
  468.000  5.476161e-01 
  469.000  5.484098e-01 
  470.000  5.491397e-01 
  471.000  5.497967e-01 
  472.000  5.503546e-01 
  473.000  5.507456e-01 
  474.000  5.510668e-01 
  475.000  5.511492e-01 
  476.000  5.509902e-01 
  477.000  5.509870e-01 
  478.000  5.519159e-01 
  479.000  5.533301e-01 
  480.000  5.548564e-01 
  481.000  5.562255e-01 
  482.000  5.575096e-01 
  483.000  5.586258e-01 
  484.000  5.595852e-01 
  485.000  5.604431e-01 
  486.000  5.613580e-01 
  487.000  5.623211e-01 
  488.000  5.632532e-01 
  489.000  5.641682e-01 
  490.000  5.650723e-01 
  491.000  5.657803e-01 
  492.000  5.664274e-01 
  493.000  5.670713e-01 
  494.000  5.676970e-01 
  495.000  5.683227e-01 
  496.000  5.686450e-01 
  497.000  5.689552e-01 
  498.000  5.692607e-01 
  499.000  5.695499e-01 
  500.000  5.698344e-01 
  501.000  5.700874e-01 
  502.000  5.703403e-01 
  503.000  5.705901e-01 
  504.000  5.708284e-01 
  505.000  5.710536e-01 
  506.000  5.717134e-01 
  507.000  5.723923e-01 
  508.000  5.730702e-01 
  509.000  5.737403e-01 
  510.000  5.743961e-01 
  511.000  5.749839e-01 
  512.000  5.755516e-01 
  513.000  5.761160e-01 
  514.000  5.766734e-01 
  515.000  5.772259e-01 
  516.000  5.776205e-01 
  517.000  5.778735e-01 
  518.000  5.781196e-01 
  519.000  5.783609e-01 
  520.000  5.785999e-01 
  521.000  5.788141e-01 
  522.000  5.789685e-01 
  523.000  5.790799e-01 
  524.000  5.791949e-01 
  525.000  5.792856e-01 
  526.000  5.794128e-01 
  527.000  5.794333e-01 
  528.000  5.794106e-01 
  529.000  5.793865e-01 
  530.000  5.793679e-01 
  531.000  5.793526e-01 
  532.000  5.793869e-01 
  533.000  5.796971e-01 
  534.000  5.800889e-01 
  535.000  5.805311e-01 
  536.000  5.809585e-01 
  537.000  5.813496e-01 
  538.000  5.816991e-01 
  539.000  5.820231e-01 
  540.000  5.823269e-01 
  541.000  5.826219e-01 
  542.000  5.829040e-01 
  543.000  5.831761e-01 
  544.000  5.833819e-01 
  545.000  5.835335e-01 
  546.000  5.836781e-01 
  547.000  5.838267e-01 
  548.000  5.839679e-01 
  549.000  5.841069e-01 
  550.000  5.841743e-01 
  551.000  5.841708e-01 
  552.000  5.841700e-01 
  553.000  5.841545e-01 
  554.000  5.841323e-01 
  555.000  5.841062e-01 
  556.000  5.840532e-01 
  557.000  5.839537e-01 
  558.000  5.838461e-01 
  559.000  5.837260e-01 
  560.000  5.835757e-01 
  561.000  5.833974e-01 
  562.000  5.830382e-01 
  563.000  5.828197e-01 
  564.000  5.825335e-01 
  565.000  5.821016e-01 
  566.000  5.818008e-01 
  567.000  5.808679e-01 
  568.000  5.782566e-01 
  569.000  5.728716e-01 
  570.000  5.735327e-01 
  571.000  5.770786e-01 
  572.000  5.733164e-01 
  573.000  5.741006e-01 
  574.000  5.742125e-01 
  575.000  5.739020e-01 
  576.000  5.740796e-01 
  577.000  5.753723e-01 
  578.000  5.772102e-01 
  579.000  5.788301e-01 
  580.000  5.804735e-01 
  581.000  5.826919e-01 
  582.000  5.842600e-01 
  583.000  5.853149e-01 
  584.000  5.862136e-01 
  585.000  5.869547e-01 
  586.000  5.876383e-01 
  587.000  5.864958e-01 
  588.000  5.794117e-01 
  589.000  5.680423e-01 
  590.000  5.675403e-01 
  591.000  5.756919e-01 
  592.000  5.716737e-01 
  593.000  5.809235e-01 
  594.000  5.791119e-01 
  595.000  5.729219e-01 
  596.000  5.817707e-01 
  597.000  5.795152e-01 
  598.000  5.829521e-01 
  599.000  5.841951e-01 
  600.000  5.872706e-01 
  601.000  5.891989e-01 
  602.000  5.896653e-01 
  603.000  5.906279e-01 
  604.000  5.918618e-01 
  605.000  5.927510e-01 
  606.000  5.934025e-01 
  607.000  5.940320e-01 
  608.000  5.946339e-01 
  609.000  5.952097e-01 
  610.000  5.958055e-01 
  611.000  5.964674e-01 
  612.000  5.971157e-01 
  613.000  5.977438e-01 
  614.000  5.983534e-01 
  615.000  5.989613e-01 
  616.000  5.995470e-01 
  617.000  6.001002e-01 
  618.000  6.005639e-01 
  619.000  6.009563e-01 
  620.000  6.013196e-01 
  621.000  6.016316e-01 
  622.000  6.018924e-01 
  623.000  6.020669e-01 
  624.000  6.022525e-01 
  625.000  6.024075e-01 
  626.000  6.021541e-01 
  627.000  5.989864e-01 
  628.000  5.792729e-01 
  629.000  5.913697e-01 
  630.000  5.940914e-01 
  631.000  5.979440e-01 
  632.000  5.976787e-01 
  633.000  6.024012e-01 
  634.000  6.048702e-01 
  635.000  6.060337e-01 
  636.000  6.076868e-01 
  637.000  6.090140e-01 
  638.000  6.114716e-01 
  639.000  6.124437e-01 
  640.000  6.141111e-01 
  641.000  6.149939e-01 
  642.000  6.162313e-01 
  643.000  6.158171e-01 
  644.000  6.164544e-01 
  645.000  6.155781e-01 
  646.000  6.095517e-01 
  647.000  6.054968e-01 
  648.000  6.008941e-01 
  649.000  6.057956e-01 
  650.000  6.147952e-01 
  651.000  6.151999e-01 
  652.000  6.080372e-01 
  653.000  6.171494e-01 
  654.000  6.165975e-01 
  655.000  6.138297e-01 
  656.000  6.153445e-01 
  657.000  6.174548e-01 
  658.000  6.208304e-01 
  659.000  6.229673e-01 
  660.000  6.241281e-01 
  661.000  6.266690e-01 
  662.000  6.280649e-01 
  663.000  6.282540e-01 
  664.000  6.290556e-01 
  665.000  6.297480e-01 
  666.000  6.305764e-01 
  667.000  6.313148e-01 
  668.000  6.321498e-01 
  669.000  6.327664e-01 
  670.000  6.333196e-01 
  671.000  6.338986e-01 
  672.000  6.344227e-01 
  673.000  6.349380e-01 
  674.000  6.354490e-01 
  675.000  6.359606e-01 
  676.000  6.364416e-01 
  677.000  6.368837e-01 
  678.000  6.373268e-01 
  679.000  6.376971e-01 
  680.000  6.377529e-01 
  681.000  6.377249e-01 
  682.000  6.379886e-01 
  683.000  6.381552e-01 
  684.000  6.378534e-01 
  685.000  6.386923e-01 
  686.000  6.360939e-01 
  687.000  5.459858e-01 
  688.000  5.741400e-01 
  689.000  5.661466e-01 
  690.000  5.808493e-01 
  691.000  6.002994e-01 
  692.000  6.122946e-01 
  693.000  6.087340e-01 
  694.000  6.025850e-01 
  695.000  6.102824e-01 
  696.000  6.147240e-01 
  697.000  6.327414e-01 
  698.000  6.291741e-01 
  699.000  6.132313e-01 
  700.000  6.159816e-01 
  701.000  6.124845e-01 
  702.000  6.151990e-01 
  703.000  6.287156e-01 
  704.000  6.293798e-01 
  705.000  6.239156e-01 
  706.000  6.250699e-01 
  707.000  6.271263e-01 
  708.000  6.293431e-01 
  709.000  6.338030e-01 
  710.000  6.292036e-01 
  711.000  6.340452e-01 
  712.000  6.381783e-01 
  713.000  6.349887e-01 
  714.000  6.339617e-01 
  715.000  6.287325e-01 
  716.000  6.233034e-01 
  717.000  5.884320e-01 
  718.000  5.670240e-01 
  719.000  5.593622e-01 
  720.000  5.477225e-01 
  721.000  5.989105e-01 
  722.000  6.171641e-01 
  723.000  6.069359e-01 
  724.000  5.777736e-01 
  725.000  5.821511e-01 
  726.000  5.808116e-01 
  727.000  5.849808e-01 
  728.000  5.804949e-01 
  729.000  5.917171e-01 
  730.000  5.897928e-01 
  731.000  5.874625e-01 
  732.000  6.063891e-01 
  733.000  6.245171e-01 
  734.000  6.332582e-01 
  735.000  6.302087e-01 
  736.000  6.244958e-01 
  737.000  6.288459e-01 
  738.000  6.348162e-01 
  739.000  6.373986e-01 
  740.000  6.430995e-01 
  741.000  6.464025e-01 
  742.000  6.478029e-01 
  743.000  6.508558e-01 
  744.000  6.521531e-01 
  745.000  6.532301e-01 
  746.000  6.540847e-01 
  747.000  6.543322e-01 
  748.000  6.551129e-01 
  749.000  6.555539e-01 
  750.000  6.553447e-01 
  751.000  6.555288e-01 
  752.000  6.562935e-01 
  753.000  6.566236e-01 
  754.000  6.568897e-01 
  755.000  6.570727e-01 
  756.000  6.572630e-01 
  757.000  6.573954e-01 
  758.000  6.562042e-01 
  759.000  6.076688e-01 
  760.000  2.591967e-01 
  761.000  2.279101e-01 
  762.000  4.246470e-01 
  763.000  3.622356e-01 
  764.000  3.930226e-01 
  765.000  4.637779e-01 
  766.000  5.505570e-01 
  767.000  5.948733e-01 
  768.000  6.240364e-01 
  769.000  6.433620e-01 
  770.000  6.537163e-01 
  771.000  6.586457e-01 
  772.000  6.598723e-01 
  773.000  6.604254e-01 
  774.000  6.611282e-01 
  775.000  6.615485e-01 
  776.000  6.618490e-01 
  777.000  6.619440e-01 
  778.000  6.619440e-01 
  779.000  6.619318e-01 
  780.000  6.619164e-01 
  781.000  6.622521e-01 
  782.000  6.622266e-01 
  783.000  6.622119e-01 
  784.000  6.619674e-01 
  785.000  6.607293e-01 
  786.000  6.587996e-01 
  787.000  6.546003e-01 
  788.000  6.523503e-01 
  789.000  6.442692e-01 
  790.000  6.435907e-01 
  791.000  6.451366e-01 
  792.000  6.465658e-01 
  793.000  6.498771e-01 
  794.000  6.568850e-01 
  795.000  6.526263e-01 
  796.000  6.412641e-01 
  797.000  6.445312e-01 
  798.000  6.517338e-01 
  799.000  6.501074e-01 
  800.000  6.448894e-01 
  801.000  6.455268e-01 
  802.000  6.450119e-01 
  803.000  6.457908e-01 
  804.000  6.482635e-01 
  805.000  6.529897e-01 
  806.000  6.558160e-01 
  807.000  6.559541e-01 
  808.000  6.543726e-01 
  809.000  6.524261e-01 
  810.000  6.502930e-01 
  811.000  6.459026e-01 
  812.000  6.399921e-01 
  813.000  6.327522e-01 
  814.000  6.232024e-01 
  815.000  6.113334e-01 
  816.000  5.961122e-01 
  817.000  5.969722e-01 
  818.000  5.982234e-01 
  819.000  6.032488e-01 
  820.000  6.200411e-01 
  821.000  6.392409e-01 
  822.000  6.246531e-01 
  823.000  5.840355e-01 
  824.000  6.182726e-01 
  825.000  6.403491e-01 
  826.000  6.365868e-01 
  827.000  6.338063e-01 
  828.000  6.192868e-01 
  829.000  6.245267e-01 
  830.000  6.303990e-01 
  831.000  6.317850e-01 
  832.000  6.323971e-01 
  833.000  6.357883e-01 
  834.000  6.397800e-01 
  835.000  6.476943e-01 
  836.000  6.451595e-01 
  837.000  6.448985e-01 
  838.000  6.487582e-01 
  839.000  6.511039e-01 
  840.000  6.519625e-01 
  841.000  6.494370e-01 
  842.000  6.517220e-01 
  843.000  6.571379e-01 
  844.000  6.595991e-01 
  845.000  6.607517e-01 
  846.000  6.619633e-01 
  847.000  6.631975e-01 
  848.000  6.611211e-01 
  849.000  6.614116e-01 
  850.000  6.603404e-01 
  851.000  6.590616e-01 
  852.000  6.592000e-01 
  853.000  6.613392e-01 
  854.000  6.612332e-01 
  855.000  6.623131e-01 
  856.000  6.644158e-01 
  857.000  6.653990e-01 
  858.000  6.658714e-01 
  859.000  6.669440e-01 
  860.000  6.675155e-01 
  861.000  6.676171e-01 
  862.000  6.679479e-01 
  863.000  6.680009e-01 
  864.000  6.682314e-01 
  865.000  6.684219e-01 
  866.000  6.684808e-01 
  867.000  6.684586e-01 
  868.000  6.684977e-01 
  869.000  6.685686e-01 
  870.000  6.685350e-01 
  871.000  6.686024e-01 
  872.000  6.687520e-01 
  873.000  6.686236e-01 
  874.000  6.685588e-01 
  875.000  6.685517e-01 
  876.000  6.683198e-01 
  877.000  6.682071e-01 
  878.000  6.675271e-01 
  879.000  6.674887e-01 
  880.000  6.669143e-01 
  881.000  6.666271e-01 
  882.000  6.663058e-01 
  883.000  6.666439e-01 
  884.000  6.667853e-01 
  885.000  6.655881e-01 
  886.000  6.640137e-01 
  887.000  6.652135e-01 
  888.000  6.651438e-01 
  889.000  6.655669e-01 
  890.000  6.645588e-01 
  891.000  6.626620e-01 
  892.000  6.583762e-01 
  893.000  6.453362e-01 
  894.000  6.388463e-01 
  895.000  6.190457e-01 
  896.000  6.013191e-01 
  897.000  5.826569e-01 
  898.000  5.739413e-01 
  899.000  5.493863e-01 
  900.000  5.529280e-01 
  901.000  5.465555e-01 
  902.000  5.477412e-01 
  903.000  5.890318e-01 
  904.000  6.143153e-01 
  905.000  6.134069e-01 
  906.000  5.976037e-01 
  907.000  5.697169e-01 
  908.000  5.513800e-01 
  909.000  5.521594e-01 
  910.000  5.549229e-01 
  911.000  5.671024e-01 
  912.000  5.612108e-01 
  913.000  5.356442e-01 
  914.000  5.482829e-01 
  915.000  5.582561e-01 
  916.000  5.609663e-01 
  917.000  5.663933e-01 
  918.000  5.734099e-01 
  919.000  5.972901e-01 
  920.000  6.153712e-01 
  921.000  6.113968e-01 
  922.000  6.110628e-01 
  923.000  6.060235e-01 
  924.000  5.939149e-01 
  925.000  5.929021e-01 
  926.000  5.925807e-01 
  927.000  5.784372e-01 
  928.000  5.567206e-01 
  929.000  5.254603e-01 
  930.000  4.858806e-01 
  931.000  4.418942e-01 
  932.000  3.846785e-01 
  933.000  3.424261e-01 
  934.000  2.994036e-01 
  935.000  2.948186e-01 
  936.000  3.117419e-01 
  937.000  3.074578e-01 
  938.000  3.554924e-01 
  939.000  4.814579e-01 
  940.000  5.003647e-01 
  941.000  4.840907e-01 
  942.000  4.442433e-01 
  943.000  3.783139e-01 
  944.000  3.737116e-01 
  945.000  3.973324e-01 
  946.000  3.986738e-01 
  947.000  4.198629e-01 
  948.000  4.323065e-01 
  949.000  4.307042e-01 
  950.000  4.338986e-01 
  951.000  4.617817e-01 
  952.000  4.320309e-01 
  953.000  4.529313e-01 
  954.000  4.753927e-01 
  955.000  4.572361e-01 
  956.000  4.532069e-01 
  957.000  5.100458e-01 
  958.000  5.174407e-01 
  959.000  5.079955e-01 
  960.000  5.052635e-01 
  961.000  5.005345e-01 
  962.000  5.048687e-01 
  963.000  5.361303e-01 
  964.000  5.406331e-01 
  965.000  5.376579e-01 
  966.000  5.393680e-01 
  967.000  5.617081e-01 
  968.000  5.990390e-01 
  969.000  6.159157e-01 
  970.000  6.168288e-01 
  971.000  6.164292e-01 
  972.000  6.116381e-01 
  973.000  6.005731e-01 
  974.000  5.871003e-01 
  975.000  5.784459e-01 
  976.000  5.890312e-01 
  977.000  6.065238e-01 
  978.000  6.051078e-01 
  979.000  6.096451e-01 
  980.000  6.274936e-01 
  981.000  6.314513e-01 
  982.000  6.274812e-01 
  983.000  6.366457e-01 
  984.000  6.460796e-01 
  985.000  6.514395e-01 
  986.000  6.583555e-01 
  987.000  6.613516e-01 
  988.000  6.620374e-01 
  989.000  6.624758e-01 
  990.000  6.632062e-01 
  991.000  6.657792e-01 
  992.000  6.665102e-01 
  993.000  6.667837e-01 
  994.000  6.689906e-01 
  995.000  6.705769e-01 
  996.000  6.705638e-01 
  997.000  6.695750e-01 
  998.000  6.683677e-01 
  999.000  6.680751e-01 
 1000.000  6.684298e-01 
 1001.000  6.659682e-01 
 1002.000  6.620285e-01 
 1003.000  6.629665e-01 
 1004.000  6.652357e-01 
 1005.000  6.662734e-01 
 1006.000  6.666006e-01 
 1007.000  6.658493e-01 
 1008.000  6.626368e-01 
 1009.000  6.583398e-01 
 1010.000  6.602538e-01 
 1011.000  6.648164e-01 
 1012.000  6.665537e-01 
 1013.000  6.679169e-01 
 1014.000  6.684864e-01 
 1015.000  6.685914e-01 
 1016.000  6.690835e-01 
 1017.000  6.694504e-01 
 1018.000  6.686532e-01 
 1019.000  6.672009e-01 
 1020.000  6.677547e-01 
 1021.000  6.687655e-01 
 1022.000  6.669706e-01 
 1023.000  6.653578e-01 
 1024.000  6.643891e-01 
 1025.000  6.673303e-01 
 1026.000  6.684882e-01 
 1027.000  6.680618e-01 
 1028.000  6.683694e-01 
 1029.000  6.696915e-01 
 1030.000  6.708617e-01 
 1031.000  6.714552e-01 
 1032.000  6.719123e-01 
 1033.000  6.719912e-01 
 1034.000  6.722711e-01 
 1035.000  6.724059e-01 
 1036.000  6.722738e-01 
 1037.000  6.722631e-01 
 1038.000  6.723519e-01 
 1039.000  6.721589e-01 
 1040.000  6.719820e-01 
 1041.000  6.718411e-01 
 1042.000  6.717938e-01 
 1043.000  6.717732e-01 
 1044.000  6.716379e-01 
 1045.000  6.712621e-01 
 1046.000  6.710016e-01 
 1047.000  6.706852e-01 
 1048.000  6.702437e-01 
 1049.000  6.697919e-01 
 1050.000  6.693747e-01 
 1051.000  6.688575e-01 
 1052.000  6.684650e-01 
 1053.000  6.683456e-01 
 1054.000  6.678047e-01 
 1055.000  6.672221e-01 
 1056.000  6.667054e-01 
 1057.000  6.655316e-01 
 1058.000  6.635070e-01 
 1059.000  6.634918e-01 
 1060.000  6.644058e-01 
 1061.000  6.641017e-01 
 1062.000  6.628124e-01 
 1063.000  6.621826e-01 
 1064.000  6.610228e-01 
 1065.000  6.597797e-01 
 1066.000  6.598671e-01 
 1067.000  6.591572e-01 
 1068.000  6.568712e-01 
 1069.000  6.559132e-01 
 1070.000  6.564641e-01 
 1071.000  6.550439e-01 
 1072.000  6.535354e-01 
 1073.000  6.533394e-01 
 1074.000  6.536896e-01 
 1075.000  6.561930e-01 
 1076.000  6.547919e-01 
 1077.000  6.528707e-01 
 1078.000  6.505881e-01 
 1079.000  6.503637e-01 
 1080.000  6.440930e-01 
 1081.000  6.437962e-01 
 1082.000  6.466426e-01 
 1083.000  6.433457e-01 
 1084.000  6.397196e-01 
 1085.000  6.309940e-01 
 1086.000  6.330930e-01 
 1087.000  6.427853e-01 
 1088.000  6.432009e-01 
 1089.000  6.315032e-01 
 1090.000  6.293354e-01 
 1091.000  6.316033e-01 
 1092.000  6.258256e-01 
 1093.000  6.128550e-01 
 1094.000  6.072168e-01 
 1095.000  6.081551e-01 
 1096.000  6.090130e-01 
 1097.000  6.064518e-01 
 1098.000  5.748888e-01 
 1099.000  5.480285e-01 
 1100.000  5.498611e-01 
 1101.000  5.535859e-01 
 1102.000  5.518140e-01 
 1103.000  5.542919e-01 
 1104.000  5.498258e-01 
 1105.000  5.385711e-01 
 1106.000  5.272106e-01 
 1107.000  5.300488e-01 
 1108.000  5.321377e-01 
 1109.000  5.418761e-01 
 1110.000  5.407134e-01 
 1111.000  5.353414e-01 
 1112.000  5.115575e-01 
 1113.000  4.791317e-01 
 1114.000  4.703790e-01 
 1115.000  4.307565e-01 
 1116.000  4.063412e-01 
 1117.000  3.503134e-01 
 1118.000  2.997042e-01 
 1119.000  2.731957e-01 
 1120.000  2.406784e-01 
 1121.000  2.335303e-01 
 1122.000  2.004577e-01 
 1123.000  2.183299e-01 
 1124.000  2.304646e-01 
 1125.000  2.240696e-01 
 1126.000  2.215262e-01 
 1127.000  2.243454e-01 
 1128.000  2.298172e-01 
 1129.000  2.627969e-01 
 1130.000  3.412450e-01 
 1131.000  3.642827e-01 
 1132.000  3.327861e-01 
 1133.000  2.761016e-01 
 1134.000  1.768793e-01 
 1135.000  1.842302e-01 
 1136.000  2.843029e-01 
 1137.000  3.407175e-01 
 1138.000  3.961962e-01 
 1139.000  4.132558e-01 
 1140.000  4.026285e-01 
 1141.000  3.811193e-01 
 1142.000  3.735449e-01 
 1143.000  3.498955e-01 
 1144.000  3.234625e-01 
 1145.000  2.856199e-01 
 1146.000  2.945193e-01 
 1147.000  3.241591e-01 
 1148.000  3.507054e-01 
 1149.000  3.615068e-01 
 1150.000  3.621105e-01 
