  320.000  2.283312e-01 
  321.000  2.756810e-01 
  322.000  2.571716e-01 
  323.000  2.806127e-01 
  324.000  3.039775e-01 
  325.000  2.865820e-01 
  326.000  3.150985e-01 
  327.000  3.230261e-01 
  328.000  3.058882e-01 
  329.000  3.387331e-01 
  330.000  3.439196e-01 
  331.000  3.336521e-01 
  332.000  3.534593e-01 
  333.000  3.592211e-01 
  334.000  3.544908e-01 
  335.000  3.689669e-01 
  336.000  3.748193e-01 
  337.000  3.723536e-01 
  338.000  3.792069e-01 
  339.000  3.862714e-01 
  340.000  3.851110e-01 
  341.000  3.919640e-01 
  342.000  3.969706e-01 
  343.000  3.994837e-01 
  344.000  3.999970e-01 
  345.000  4.067723e-01 
  346.000  4.110462e-01 
  347.000  4.145283e-01 
  348.000  4.177878e-01 
  349.000  4.214468e-01 
  350.000  4.245723e-01 
  351.000  4.276832e-01 
  352.000  4.302339e-01 
  353.000  4.338586e-01 
  354.000  4.369422e-01 
  355.000  4.398100e-01 
  356.000  4.426027e-01 
  357.000  4.450867e-01 
  358.000  4.477580e-01 
  359.000  4.504251e-01 
  360.000  4.531548e-01 
  361.000  4.566010e-01 
  362.000  4.601867e-01 
  363.000  4.634865e-01 
  364.000  4.665211e-01 
  365.000  4.693656e-01 
  366.000  4.722724e-01 
  367.000  4.750381e-01 
  368.000  4.777770e-01 
  369.000  4.804905e-01 
  370.000  4.831744e-01 
  371.000  4.858355e-01 
  372.000  4.884731e-01 
  373.000  4.910867e-01 
  374.000  4.936567e-01 
  375.000  4.961755e-01 
  376.000  4.986074e-01 
  377.000  5.009045e-01 
  378.000  5.030371e-01 
  379.000  5.052028e-01 
  380.000  5.075834e-01 
  381.000  5.102917e-01 
  382.000  5.130964e-01 
  383.000  5.157468e-01 
  384.000  5.182593e-01 
  385.000  5.206787e-01 
  386.000  5.230346e-01 
  387.000  5.253509e-01 
  388.000  5.276364e-01 
  389.000  5.299016e-01 
  390.000  5.321471e-01 
  391.000  5.343683e-01 
  392.000  5.365716e-01 
  393.000  5.387554e-01 
  394.000  5.409175e-01 
  395.000  5.430563e-01 
  396.000  5.451799e-01 
  397.000  5.472776e-01 
  398.000  5.493547e-01 
  399.000  5.514131e-01 
  400.000  5.534417e-01 
  401.000  5.554613e-01 
  402.000  5.574636e-01 
  403.000  5.594475e-01 
  404.000  5.614127e-01 
  405.000  5.633552e-01 
  406.000  5.652837e-01 
  407.000  5.671961e-01 
  408.000  5.690907e-01 
  409.000  5.709656e-01 
  410.000  5.728217e-01 
  411.000  5.746585e-01 
  412.000  5.764747e-01 
  413.000  5.782794e-01 
  414.000  5.799538e-01 
  415.000  5.817643e-01 
  416.000  5.835509e-01 
  417.000  5.853068e-01 
  418.000  5.870216e-01 
  419.000  5.887166e-01 
  420.000  5.903954e-01 
  421.000  5.920635e-01 
  422.000  5.937204e-01 
  423.000  5.953643e-01 
  424.000  5.969880e-01 
  425.000  5.985738e-01 
  426.000  6.001434e-01 
  427.000  6.016986e-01 
  428.000  6.032254e-01 
  429.000  6.047303e-01 
  430.000  6.062171e-01 
  431.000  6.076921e-01 
  432.000  6.091512e-01 
  433.000  6.105958e-01 
  434.000  6.120278e-01 
  435.000  6.134452e-01 
  436.000  6.148461e-01 
  437.000  6.162313e-01 
  438.000  6.176003e-01 
  439.000  6.189582e-01 
  440.000  6.202937e-01 
  441.000  6.216118e-01 
  442.000  6.229086e-01 
  443.000  6.241854e-01 
  444.000  6.254417e-01 
  445.000  6.266705e-01 
  446.000  6.278648e-01 
  447.000  6.291170e-01 
  448.000  6.304591e-01 
  449.000  6.318170e-01 
  450.000  6.331484e-01 
  451.000  6.344272e-01 
  452.000  6.356609e-01 
  453.000  6.368689e-01 
  454.000  6.380547e-01 
  455.000  6.391714e-01 
  456.000  6.401976e-01 
  457.000  6.412238e-01 
  458.000  6.422359e-01 
  459.000  6.432263e-01 
  460.000  6.442086e-01 
  461.000  6.451802e-01 
  462.000  6.461331e-01 
  463.000  6.470816e-01 
  464.000  6.483160e-01 
  465.000  6.495316e-01 
  466.000  6.507254e-01 
  467.000  6.518911e-01 
  468.000  6.528404e-01 
  469.000  6.536578e-01 
  470.000  6.544093e-01 
  471.000  6.550857e-01 
  472.000  6.556600e-01 
  473.000  6.560624e-01 
  474.000  6.563929e-01 
  475.000  6.564777e-01 
  476.000  6.563141e-01 
  477.000  6.563108e-01 
  478.000  6.572667e-01 
  479.000  6.587214e-01 
  480.000  6.602909e-01 
  481.000  6.616983e-01 
  482.000  6.630177e-01 
  483.000  6.641645e-01 
  484.000  6.651498e-01 
  485.000  6.660307e-01 
  486.000  6.669700e-01 
  487.000  6.679584e-01 
  488.000  6.689150e-01 
  489.000  6.698536e-01 
  490.000  6.707810e-01 
  491.000  6.715069e-01 
  492.000  6.721705e-01 
  493.000  6.728306e-01 
  494.000  6.734719e-01 
  495.000  6.741130e-01 
  496.000  6.744434e-01 
  497.000  6.747612e-01 
  498.000  6.750743e-01 
  499.000  6.753705e-01 
  500.000  6.756620e-01 
  501.000  6.759211e-01 
  502.000  6.761802e-01 
  503.000  6.764360e-01 
  504.000  6.766801e-01 
  505.000  6.769108e-01 
  506.000  6.775864e-01 
  507.000  6.782815e-01 
  508.000  6.789755e-01 
  509.000  6.796613e-01 
  510.000  6.803324e-01 
  511.000  6.809339e-01 
  512.000  6.815147e-01 
  513.000  6.820920e-01 
  514.000  6.826621e-01 
  515.000  6.832271e-01 
  516.000  6.836306e-01 
  517.000  6.838893e-01 
  518.000  6.841409e-01 
  519.000  6.843876e-01 
  520.000  6.846320e-01 
  521.000  6.848509e-01 
  522.000  6.850088e-01 
  523.000  6.851226e-01 
  524.000  6.852402e-01 
  525.000  6.853329e-01 
  526.000  6.854630e-01 
  527.000  6.854839e-01 
  528.000  6.854606e-01 
  529.000  6.854360e-01 
  530.000  6.854169e-01 
  531.000  6.854013e-01 
  532.000  6.854364e-01 
  533.000  6.857535e-01 
  534.000  6.861539e-01 
  535.000  6.866057e-01 
  536.000  6.870425e-01 
  537.000  6.874419e-01 
  538.000  6.877990e-01 
  539.000  6.881300e-01 
  540.000  6.884404e-01 
  541.000  6.887416e-01 
  542.000  6.890298e-01 
  543.000  6.893076e-01 
  544.000  6.895177e-01 
  545.000  6.896725e-01 
  546.000  6.898201e-01 
  547.000  6.899719e-01 
  548.000  6.901161e-01 
  549.000  6.902580e-01 
  550.000  6.903268e-01 
  551.000  6.903232e-01 
  552.000  6.903224e-01 
  553.000  6.903066e-01 
  554.000  6.902840e-01 
  555.000  6.902573e-01 
  556.000  6.902031e-01 
  557.000  6.901016e-01 
  558.000  6.899917e-01 
  559.000  6.898690e-01 
  560.000  6.897152e-01 
  561.000  6.895327e-01 
  562.000  6.890981e-01 
  563.000  6.888692e-01 
  564.000  6.885601e-01 
  565.000  6.880706e-01 
  566.000  6.877942e-01 
  567.000  6.866473e-01 
  568.000  6.829870e-01 
  569.000  6.749533e-01 
  570.000  6.761848e-01 
  571.000  6.819231e-01 
  572.000  6.763920e-01 
  573.000  6.778470e-01 
  574.000  6.782251e-01 
  575.000  6.778796e-01 
  576.000  6.780742e-01 
  577.000  6.799995e-01 
  578.000  6.824316e-01 
  579.000  6.844170e-01 
  580.000  6.860356e-01 
  581.000  6.885005e-01 
  582.000  6.901141e-01 
  583.000  6.909662e-01 
  584.000  6.917877e-01 
  585.000  6.923532e-01 
  586.000  6.929666e-01 
  587.000  6.907446e-01 
  588.000  6.796854e-01 
  589.000  6.623832e-01 
  590.000  6.614389e-01 
  591.000  6.734576e-01 
  592.000  6.672773e-01 
  593.000  6.809897e-01 
  594.000  6.781198e-01 
  595.000  6.687086e-01 
  596.000  6.820762e-01 
  597.000  6.788620e-01 
  598.000  6.841990e-01 
  599.000  6.862464e-01 
  600.000  6.910619e-01 
  601.000  6.942626e-01 
  602.000  6.951067e-01 
  603.000  6.964762e-01 
  604.000  6.979812e-01 
  605.000  6.990052e-01 
  606.000  6.997004e-01 
  607.000  7.003702e-01 
  608.000  7.009885e-01 
  609.000  7.015782e-01 
  610.000  7.021853e-01 
  611.000  7.028593e-01 
  612.000  7.035193e-01 
  613.000  7.041586e-01 
  614.000  7.047790e-01 
  615.000  7.053975e-01 
  616.000  7.059934e-01 
  617.000  7.065562e-01 
  618.000  7.070279e-01 
  619.000  7.074270e-01 
  620.000  7.077963e-01 
  621.000  7.081137e-01 
  622.000  7.083789e-01 
  623.000  7.085562e-01 
  624.000  7.087445e-01 
  625.000  7.089007e-01 
  626.000  7.084675e-01 
  627.000  7.040282e-01 
  628.000  6.827437e-01 
  629.000  6.950607e-01 
  630.000  6.990734e-01 
  631.000  7.032185e-01 
  632.000  7.014337e-01 
  633.000  7.076364e-01 
  634.000  7.103559e-01 
  635.000  7.113618e-01 
  636.000  7.130777e-01 
  637.000  7.144802e-01 
  638.000  7.175422e-01 
  639.000  7.184348e-01 
  640.000  7.203748e-01 
  641.000  7.211419e-01 
  642.000  7.225654e-01 
  643.000  7.215515e-01 
  644.000  7.221291e-01 
  645.000  7.203587e-01 
  646.000  7.109978e-01 
  647.000  7.046180e-01 
  648.000  6.974591e-01 
  649.000  7.044355e-01 
  650.000  7.175665e-01 
  651.000  7.179073e-01 
  652.000  7.069831e-01 
  653.000  7.202967e-01 
  654.000  7.192191e-01 
  655.000  7.148387e-01 
  656.000  7.168415e-01 
  657.000  7.197556e-01 
  658.000  7.245476e-01 
  659.000  7.274891e-01 
  660.000  7.289690e-01 
  661.000  7.325933e-01 
  662.000  7.343856e-01 
  663.000  7.344632e-01 
  664.000  7.353697e-01 
  665.000  7.361984e-01 
  666.000  7.371744e-01 
  667.000  7.379907e-01 
  668.000  7.389615e-01 
  669.000  7.396227e-01 
  670.000  7.401945e-01 
  671.000  7.408037e-01 
  672.000  7.413356e-01 
  673.000  7.418559e-01 
  674.000  7.423708e-01 
  675.000  7.428872e-01 
  676.000  7.433690e-01 
  677.000  7.438128e-01 
  678.000  7.442584e-01 
  679.000  7.446036e-01 
  680.000  7.445135e-01 
  681.000  7.443205e-01 
  682.000  7.445222e-01 
  683.000  7.445528e-01 
  684.000  7.439153e-01 
  685.000  7.449050e-01 
  686.000  7.419943e-01 
  687.000  6.448020e-01 
  688.000  6.755283e-01 
  689.000  6.665115e-01 
  690.000  6.825566e-01 
  691.000  7.027390e-01 
  692.000  7.136851e-01 
  693.000  7.041271e-01 
  694.000  6.924864e-01 
  695.000  7.024573e-01 
  696.000  7.083331e-01 
  697.000  7.341903e-01 
  698.000  7.287838e-01 
  699.000  7.054751e-01 
  700.000  7.093089e-01 
  701.000  7.041184e-01 
  702.000  7.079237e-01 
  703.000  7.274206e-01 
  704.000  7.282680e-01 
  705.000  7.202251e-01 
  706.000  7.218032e-01 
  707.000  7.246916e-01 
  708.000  7.278166e-01 
  709.000  7.342068e-01 
  710.000  7.274103e-01 
  711.000  7.343525e-01 
  712.000  7.402701e-01 
  713.000  7.355076e-01 
  714.000  7.338880e-01 
  715.000  7.261218e-01 
  716.000  7.180193e-01 
  717.000  6.675971e-01 
  718.000  6.369236e-01 
  719.000  6.259145e-01 
  720.000  6.095137e-01 
  721.000  6.820043e-01 
  722.000  7.081820e-01 
  723.000  6.933400e-01 
  724.000  6.515550e-01 
  725.000  6.576435e-01 
  726.000  6.556902e-01 
  727.000  6.615683e-01 
  728.000  6.551488e-01 
  729.000  6.710860e-01 
  730.000  6.683280e-01 
  731.000  6.650004e-01 
  732.000  6.920153e-01 
  733.000  7.181284e-01 
  734.000  7.307717e-01 
  735.000  7.262987e-01 
  736.000  7.179807e-01 
  737.000  7.242336e-01 
  738.000  7.328458e-01 
  739.000  7.365543e-01 
  740.000  7.448072e-01 
  741.000  7.495766e-01 
  742.000  7.515730e-01 
  743.000  7.559795e-01 
  744.000  7.579713e-01 
  745.000  7.594371e-01 
  746.000  7.606258e-01 
  747.000  7.608771e-01 
  748.000  7.619300e-01 
  749.000  7.624679e-01 
  750.000  7.621326e-01 
  751.000  7.623165e-01 
  752.000  7.632774e-01 
  753.000  7.636633e-01 
  754.000  7.639610e-01 
  755.000  7.641441e-01 
  756.000  7.643376e-01 
  757.000  7.644707e-01 
  758.000  7.632376e-01 
  759.000  7.110162e-01 
  760.000  3.243657e-01 
  761.000  2.881183e-01 
  762.000  5.110915e-01 
  763.000  4.414727e-01 
  764.000  4.759093e-01 
  765.000  5.542922e-01 
  766.000  6.491491e-01 
  767.000  6.971187e-01 
  768.000  7.285241e-01 
  769.000  7.492678e-01 
  770.000  7.602629e-01 
  771.000  7.655911e-01 
  772.000  7.668952e-01 
  773.000  7.674810e-01 
  774.000  7.681884e-01 
  775.000  7.686128e-01 
  776.000  7.689227e-01 
  777.000  7.689923e-01 
  778.000  7.689472e-01 
  779.000  7.688944e-01 
  780.000  7.688403e-01 
  781.000  7.692649e-01 
  782.000  7.691970e-01 
  783.000  7.691441e-01 
  784.000  7.688009e-01 
  785.000  7.669795e-01 
  786.000  7.641860e-01 
  787.000  7.579277e-01 
  788.000  7.546337e-01 
  789.000  7.429512e-01 
  790.000  7.419316e-01 
  791.000  7.441151e-01 
  792.000  7.461378e-01 
  793.000  7.508739e-01 
  794.000  7.609478e-01 
  795.000  7.547637e-01 
  796.000  7.383794e-01 
  797.000  7.430356e-01 
  798.000  7.533673e-01 
  799.000  7.509906e-01 
  800.000  7.434466e-01 
  801.000  7.443277e-01 
  802.000  7.435535e-01 
  803.000  7.446411e-01 
  804.000  7.481697e-01 
  805.000  7.549456e-01 
  806.000  7.589917e-01 
  807.000  7.591579e-01 
  808.000  7.568395e-01 
  809.000  7.539931e-01 
  810.000  7.508731e-01 
  811.000  7.445030e-01 
  812.000  7.359458e-01 
  813.000  7.254995e-01 
  814.000  7.117751e-01 
  815.000  6.947758e-01 
  816.000  6.732081e-01 
  817.000  6.743428e-01 
  818.000  6.760695e-01 
  819.000  6.831710e-01 
  820.000  7.069774e-01 
  821.000  7.343532e-01 
  822.000  7.134882e-01 
  823.000  6.561044e-01 
  824.000  7.043775e-01 
  825.000  7.358634e-01 
  826.000  7.305047e-01 
  827.000  7.265002e-01 
  828.000  7.057713e-01 
  829.000  7.131960e-01 
  830.000  7.215541e-01 
  831.000  7.235245e-01 
  832.000  7.244183e-01 
  833.000  7.292591e-01 
  834.000  7.349730e-01 
  835.000  7.463297e-01 
  836.000  7.426761e-01 
  837.000  7.422940e-01 
  838.000  7.478163e-01 
  839.000  7.511720e-01 
  840.000  7.523834e-01 
  841.000  7.487293e-01 
  842.000  7.519930e-01 
  843.000  7.597690e-01 
  844.000  7.632992e-01 
  845.000  7.649388e-01 
  846.000  7.666645e-01 
  847.000  7.685679e-01 
  848.000  7.653961e-01 
  849.000  7.657875e-01 
  850.000  7.642139e-01 
  851.000  7.623431e-01 
  852.000  7.625169e-01 
  853.000  7.655780e-01 
  854.000  7.654031e-01 
  855.000  7.669382e-01 
  856.000  7.701435e-01 
  857.000  7.714064e-01 
  858.000  7.721165e-01 
  859.000  7.736489e-01 
  860.000  7.743922e-01 
  861.000  7.745109e-01 
  862.000  7.749415e-01 
  863.000  7.749939e-01 
  864.000  7.752879e-01 
  865.000  7.755276e-01 
  866.000  7.755880e-01 
  867.000  7.755398e-01 
  868.000  7.755737e-01 
  869.000  7.756504e-01 
  870.000  7.755868e-01 
  871.000  7.756592e-01 
  872.000  7.758421e-01 
  873.000  7.756512e-01 
  874.000  7.755458e-01 
  875.000  7.755178e-01 
  876.000  7.751878e-01 
  877.000  7.750456e-01 
  878.000  7.740625e-01 
  879.000  7.739915e-01 
  880.000  7.731419e-01 
  881.000  7.726485e-01 
  882.000  7.722125e-01 
  883.000  7.726290e-01 
  884.000  7.728064e-01 
  885.000  7.710638e-01 
  886.000  7.687281e-01 
  887.000  7.705851e-01 
  888.000  7.704647e-01 
  889.000  7.710201e-01 
  890.000  7.695815e-01 
  891.000  7.666356e-01 
  892.000  7.604416e-01 
  893.000  7.417513e-01 
  894.000  7.324280e-01 
  895.000  7.043384e-01 
  896.000  6.792847e-01 
  897.000  6.530498e-01 
  898.000  6.408468e-01 
  899.000  6.070213e-01 
  900.000  6.117862e-01 
  901.000  6.030714e-01 
  902.000  6.047745e-01 
  903.000  6.617121e-01 
  904.000  6.970664e-01 
  905.000  6.958416e-01 
  906.000  6.737125e-01 
  907.000  6.349990e-01 
  908.000  6.097631e-01 
  909.000  6.107705e-01 
  910.000  6.145246e-01 
  911.000  6.312324e-01 
  912.000  6.231300e-01 
  913.000  5.882334e-01 
  914.000  6.054359e-01 
  915.000  6.191111e-01 
  916.000  6.228629e-01 
  917.000  6.303713e-01 
  918.000  6.400873e-01 
  919.000  6.732594e-01 
  920.000  6.986314e-01 
  921.000  6.930850e-01 
  922.000  6.926150e-01 
  923.000  6.855329e-01 
  924.000  6.685848e-01 
  925.000  6.670447e-01 
  926.000  6.662928e-01 
  927.000  6.463741e-01 
  928.000  6.160452e-01 
  929.000  5.729299e-01 
  930.000  5.193059e-01 
  931.000  4.610480e-01 
  932.000  3.867227e-01 
  933.000  3.342302e-01 
  934.000  2.827238e-01 
  935.000  2.771475e-01 
  936.000  2.968205e-01 
  937.000  2.919898e-01 
  938.000  3.502266e-01 
  939.000  5.105737e-01 
  940.000  5.357596e-01 
  941.000  5.144257e-01 
  942.000  4.625580e-01 
  943.000  3.790810e-01 
  944.000  3.732363e-01 
  945.000  4.025033e-01 
  946.000  4.043494e-01 
  947.000  4.314498e-01 
  948.000  4.474868e-01 
  949.000  4.456422e-01 
  950.000  4.498334e-01 
  951.000  4.860290e-01 
  952.000  4.478295e-01 
  953.000  4.750316e-01 
  954.000  5.046446e-01 
  955.000  4.811685e-01 
  956.000  4.763609e-01 
  957.000  5.516030e-01 
  958.000  5.617817e-01 
  959.000  5.493429e-01 
  960.000  5.458583e-01 
  961.000  5.396768e-01 
  962.000  5.455856e-01 
  963.000  5.877684e-01 
  964.000  5.939842e-01 
  965.000  5.900682e-01 
  966.000  5.925176e-01 
  967.000  6.231283e-01 
  968.000  6.748956e-01 
  969.000  6.985993e-01 
  970.000  6.999323e-01 
  971.000  6.993793e-01 
  972.000  6.926337e-01 
  973.000  6.771377e-01 
  974.000  6.583933e-01 
  975.000  6.464128e-01 
  976.000  6.610674e-01 
  977.000  6.854396e-01 
  978.000  6.835093e-01 
  979.000  6.899145e-01 
  980.000  7.150214e-01 
  981.000  7.206393e-01 
  982.000  7.150880e-01 
  983.000  7.280647e-01 
  984.000  7.414577e-01 
  985.000  7.490919e-01 
  986.000  7.589591e-01 
  987.000  7.632493e-01 
  988.000  7.642370e-01 
  989.000  7.648666e-01 
  990.000  7.659073e-01 
  991.000  7.695810e-01 
  992.000  7.706184e-01 
  993.000  7.710011e-01 
  994.000  7.743154e-01 
  995.000  7.765115e-01 
  996.000  7.764833e-01 
  997.000  7.750995e-01 
  998.000  7.734072e-01 
  999.000  7.727809e-01 
 1000.000  7.732745e-01 
 1001.000  7.697435e-01 
 1002.000  7.641056e-01 
 1003.000  7.654325e-01 
 1004.000  7.686608e-01 
 1005.000  7.701318e-01 
 1006.000  7.706059e-01 
 1007.000  7.695209e-01 
 1008.000  7.649264e-01 
 1009.000  7.587960e-01 
 1010.000  7.615193e-01 
 1011.000  7.680299e-01 
 1012.000  7.705098e-01 
 1013.000  7.724636e-01 
 1014.000  7.732801e-01 
 1015.000  7.734362e-01 
 1016.000  7.743184e-01 
 1017.000  7.748285e-01 
 1018.000  7.737222e-01 
 1019.000  7.714542e-01 
 1020.000  7.722499e-01 
 1021.000  7.738833e-01 
 1022.000  7.711414e-01 
 1023.000  7.688494e-01 
 1024.000  7.674795e-01 
 1025.000  7.716911e-01 
 1026.000  7.735575e-01 
 1027.000  7.727716e-01 
 1028.000  7.734307e-01 
 1029.000  7.752057e-01 
 1030.000  7.769085e-01 
 1031.000  7.777901e-01 
 1032.000  7.785140e-01 
 1033.000  7.786823e-01 
 1034.000  7.790992e-01 
 1035.000  7.793068e-01 
 1036.000  7.792211e-01 
 1037.000  7.792833e-01 
 1038.000  7.794119e-01 
 1039.000  7.791764e-01 
 1040.000  7.789797e-01 
 1041.000  7.788246e-01 
 1042.000  7.787846e-01 
 1043.000  7.787877e-01 
 1044.000  7.786550e-01 
 1045.000  7.782133e-01 
 1046.000  7.779206e-01 
 1047.000  7.775779e-01 
 1048.000  7.771719e-01 
 1049.000  7.767925e-01 
 1050.000  7.763380e-01 
 1051.000  7.756608e-01 
 1052.000  7.752326e-01 
 1053.000  7.751959e-01 
 1054.000  7.745152e-01 
 1055.000  7.738528e-01 
 1056.000  7.733073e-01 
 1057.000  7.718293e-01 
 1058.000  7.690917e-01 
 1059.000  7.693144e-01 
 1060.000  7.707717e-01 
 1061.000  7.704569e-01 
 1062.000  7.687358e-01 
 1063.000  7.681370e-01 
 1064.000  7.666761e-01 
 1065.000  7.649646e-01 
 1066.000  7.651084e-01 
 1067.000  7.641175e-01 
 1068.000  7.605582e-01 
 1069.000  7.587228e-01 
 1070.000  7.591600e-01 
 1071.000  7.568179e-01 
 1072.000  7.544423e-01 
 1073.000  7.539280e-01 
 1074.000  7.541983e-01 
 1075.000  7.575453e-01 
 1076.000  7.553421e-01 
 1077.000  7.524151e-01 
 1078.000  7.489870e-01 
 1079.000  7.484904e-01 
 1080.000  7.394472e-01 
 1081.000  7.388931e-01 
 1082.000  7.428054e-01 
 1083.000  7.379876e-01 
 1084.000  7.327376e-01 
 1085.000  7.203184e-01 
 1086.000  7.231663e-01 
 1087.000  7.367511e-01 
 1088.000  7.372612e-01 
 1089.000  7.206480e-01 
 1090.000  7.174958e-01 
 1091.000  7.205939e-01 
 1092.000  7.123462e-01 
 1093.000  6.940836e-01 
 1094.000  6.861504e-01 
 1095.000  6.873839e-01 
 1096.000  6.884745e-01 
 1097.000  6.847714e-01 
 1098.000  6.409400e-01 
 1099.000  6.040606e-01 
 1100.000  6.064863e-01 
 1101.000  6.114863e-01 
 1102.000  6.089303e-01 
 1103.000  6.122000e-01 
 1104.000  6.060079e-01 
 1105.000  5.905861e-01 
 1106.000  5.752255e-01 
 1107.000  5.788442e-01 
 1108.000  5.813798e-01 
 1109.000  5.941796e-01 
 1110.000  5.921241e-01 
 1111.000  5.845973e-01 
 1112.000  5.523341e-01 
 1113.000  5.086463e-01 
 1114.000  4.961727e-01 
 1115.000  4.438853e-01 
 1116.000  4.123707e-01 
 1117.000  3.428001e-01 
 1118.000  2.816885e-01 
 1119.000  2.501965e-01 
 1120.000  2.131783e-01 
 1121.000  2.050875e-01 
 1122.000  1.695748e-01 
 1123.000  1.880293e-01 
 1124.000  2.007928e-01 
 1125.000  1.938828e-01 
 1126.000  1.912387e-01 
 1127.000  1.944734e-01 
 1128.000  2.007388e-01 
 1129.000  2.372382e-01 
 1130.000  3.274771e-01 
 1131.000  3.549826e-01 
 1132.000  3.172535e-01 
 1133.000  2.522122e-01 
 1134.000  1.457770e-01 
 1135.000  1.533683e-01 
 1136.000  2.620806e-01 
 1137.000  3.278760e-01 
 1138.000  3.957786e-01 
 1139.000  4.182194e-01 
 1140.000  4.049886e-01 
 1141.000  3.789190e-01 
 1142.000  3.695689e-01 
 1143.000  3.407393e-01 
 1144.000  3.092560e-01 
 1145.000  2.651815e-01 
 1146.000  2.754852e-01 
 1147.000  3.102276e-01 
 1148.000  3.420177e-01 
 1149.000  3.553724e-01 
 1150.000  3.567548e-01 
