  320.000  1.519821e-01 
  321.000  1.901516e-01 
  322.000  1.750703e-01 
  323.000  1.942030e-01 
  324.000  2.135767e-01 
  325.000  1.991247e-01 
  326.000  2.228988e-01 
  327.000  2.295823e-01 
  328.000  2.151739e-01 
  329.000  2.429154e-01 
  330.000  2.473440e-01 
  331.000  2.385893e-01 
  332.000  2.555227e-01 
  333.000  2.604828e-01 
  334.000  2.564095e-01 
  335.000  2.689066e-01 
  336.000  2.739855e-01 
  337.000  2.718439e-01 
  338.000  2.778030e-01 
  339.000  2.839672e-01 
  340.000  2.829533e-01 
  341.000  2.889499e-01 
  342.000  2.933435e-01 
  343.000  2.955527e-01 
  344.000  2.960044e-01 
  345.000  3.019752e-01 
  346.000  3.057513e-01 
  347.000  3.088334e-01 
  348.000  3.117229e-01 
  349.000  3.149714e-01 
  350.000  3.177507e-01 
  351.000  3.205208e-01 
  352.000  3.227949e-01 
  353.000  3.260310e-01 
  354.000  3.287880e-01 
  355.000  3.313553e-01 
  356.000  3.338584e-01 
  357.000  3.360874e-01 
  358.000  3.384870e-01 
  359.000  3.408856e-01 
  360.000  3.433433e-01 
  361.000  3.464501e-01 
  362.000  3.496872e-01 
  363.000  3.526705e-01 
  364.000  3.554176e-01 
  365.000  3.579958e-01 
  366.000  3.606333e-01 
  367.000  3.631458e-01 
  368.000  3.656366e-01 
  369.000  3.681070e-01 
  370.000  3.705529e-01 
  371.000  3.729807e-01 
  372.000  3.753895e-01 
  373.000  3.777788e-01 
  374.000  3.801306e-01 
  375.000  3.824378e-01 
  376.000  3.846675e-01 
  377.000  3.867755e-01 
  378.000  3.887342e-01 
  379.000  3.907248e-01 
  380.000  3.929149e-01 
  381.000  3.954088e-01 
  382.000  3.979941e-01 
  383.000  4.004396e-01 
  384.000  4.027601e-01 
  385.000  4.049967e-01 
  386.000  4.071763e-01 
  387.000  4.093213e-01 
  388.000  4.114393e-01 
  389.000  4.135403e-01 
  390.000  4.156248e-01 
  391.000  4.176882e-01 
  392.000  4.197367e-01 
  393.000  4.217686e-01 
  394.000  4.237818e-01 
  395.000  4.257749e-01 
  396.000  4.277552e-01 
  397.000  4.297129e-01 
  398.000  4.316527e-01 
  399.000  4.335763e-01 
  400.000  4.354735e-01 
  401.000  4.373636e-01 
  402.000  4.392388e-01 
  403.000  4.410980e-01 
  404.000  4.429408e-01 
  405.000  4.447637e-01 
  406.000  4.465745e-01 
  407.000  4.483713e-01 
  408.000  4.501526e-01 
  409.000  4.519165e-01 
  410.000  4.536638e-01 
  411.000  4.553939e-01 
  412.000  4.571056e-01 
  413.000  4.588076e-01 
  414.000  4.603876e-01 
  415.000  4.620969e-01 
  416.000  4.637847e-01 
  417.000  4.654444e-01 
  418.000  4.670661e-01 
  419.000  4.686700e-01 
  420.000  4.702595e-01 
  421.000  4.718397e-01 
  422.000  4.734101e-01 
  423.000  4.749690e-01 
  424.000  4.765096e-01 
  425.000  4.780149e-01 
  426.000  4.795057e-01 
  427.000  4.809834e-01 
  428.000  4.824349e-01 
  429.000  4.838662e-01 
  430.000  4.852810e-01 
  431.000  4.866852e-01 
  432.000  4.880749e-01 
  433.000  4.894514e-01 
  434.000  4.908165e-01 
  435.000  4.921682e-01 
  436.000  4.935049e-01 
  437.000  4.948272e-01 
  438.000  4.961344e-01 
  439.000  4.974317e-01 
  440.000  4.987081e-01 
  441.000  4.999683e-01 
  442.000  5.012087e-01 
  443.000  5.024304e-01 
  444.000  5.036330e-01 
  445.000  5.048097e-01 
  446.000  5.059538e-01 
  447.000  5.071537e-01 
  448.000  5.084404e-01 
  449.000  5.097427e-01 
  450.000  5.110201e-01 
  451.000  5.122476e-01 
  452.000  5.134320e-01 
  453.000  5.145924e-01 
  454.000  5.157318e-01 
  455.000  5.168051e-01 
  456.000  5.177918e-01 
  457.000  5.187789e-01 
  458.000  5.197526e-01 
  459.000  5.207057e-01 
  460.000  5.216513e-01 
  461.000  5.225869e-01 
  462.000  5.235046e-01 
  463.000  5.244185e-01 
  464.000  5.256082e-01 
  465.000  5.267802e-01 
  466.000  5.279315e-01 
  467.000  5.290561e-01 
  468.000  5.299723e-01 
  469.000  5.307614e-01 
  470.000  5.314869e-01 
  471.000  5.321402e-01 
  472.000  5.326949e-01 
  473.000  5.330836e-01 
  474.000  5.334029e-01 
  475.000  5.334849e-01 
  476.000  5.333269e-01 
  477.000  5.333236e-01 
  478.000  5.342473e-01 
  479.000  5.356535e-01 
  480.000  5.371712e-01 
  481.000  5.385329e-01 
  482.000  5.398099e-01 
  483.000  5.409202e-01 
  484.000  5.418745e-01 
  485.000  5.427278e-01 
  486.000  5.436379e-01 
  487.000  5.445960e-01 
  488.000  5.455234e-01 
  489.000  5.464337e-01 
  490.000  5.473332e-01 
  491.000  5.480376e-01 
  492.000  5.486816e-01 
  493.000  5.493222e-01 
  494.000  5.499449e-01 
  495.000  5.505674e-01 
  496.000  5.508882e-01 
  497.000  5.511969e-01 
  498.000  5.515010e-01 
  499.000  5.517887e-01 
  500.000  5.520719e-01 
  501.000  5.523236e-01 
  502.000  5.525753e-01 
  503.000  5.528239e-01 
  504.000  5.530611e-01 
  505.000  5.532852e-01 
  506.000  5.539420e-01 
  507.000  5.546176e-01 
  508.000  5.552924e-01 
  509.000  5.559593e-01 
  510.000  5.566121e-01 
  511.000  5.571973e-01 
  512.000  5.577624e-01 
  513.000  5.583242e-01 
  514.000  5.588791e-01 
  515.000  5.594290e-01 
  516.000  5.598220e-01 
  517.000  5.600739e-01 
  518.000  5.603188e-01 
  519.000  5.605591e-01 
  520.000  5.607971e-01 
  521.000  5.610102e-01 
  522.000  5.611640e-01 
  523.000  5.612749e-01 
  524.000  5.613894e-01 
  525.000  5.614797e-01 
  526.000  5.616064e-01 
  527.000  5.616268e-01 
  528.000  5.616041e-01 
  529.000  5.615802e-01 
  530.000  5.615616e-01 
  531.000  5.615464e-01 
  532.000  5.615806e-01 
  533.000  5.618895e-01 
  534.000  5.622796e-01 
  535.000  5.627198e-01 
  536.000  5.631454e-01 
  537.000  5.635347e-01 
  538.000  5.638829e-01 
  539.000  5.642055e-01 
  540.000  5.645080e-01 
  541.000  5.648018e-01 
  542.000  5.650827e-01 
  543.000  5.653536e-01 
  544.000  5.655585e-01 
  545.000  5.657095e-01 
  546.000  5.658535e-01 
  547.000  5.660015e-01 
  548.000  5.661421e-01 
  549.000  5.662805e-01 
  550.000  5.663477e-01 
  551.000  5.663441e-01 
  552.000  5.663434e-01 
  553.000  5.663280e-01 
  554.000  5.663059e-01 
  555.000  5.662798e-01 
  556.000  5.662271e-01 
  557.000  5.661280e-01 
  558.000  5.660208e-01 
  559.000  5.659013e-01 
  560.000  5.657516e-01 
  561.000  5.655744e-01 
  562.000  5.652517e-01 
  563.000  5.650372e-01 
  564.000  5.647610e-01 
  565.000  5.643559e-01 
  566.000  5.640402e-01 
  567.000  5.632230e-01 
  568.000  5.610555e-01 
  569.000  5.568338e-01 
  570.000  5.572383e-01 
  571.000  5.598169e-01 
  572.000  5.568273e-01 
  573.000  5.573104e-01 
  574.000  5.572097e-01 
  575.000  5.569119e-01 
  576.000  5.570833e-01 
  577.000  5.582014e-01 
  578.000  5.597512e-01 
  579.000  5.612676e-01 
  580.000  5.628802e-01 
  581.000  5.650453e-01 
  582.000  5.666130e-01 
  583.000  5.677072e-01 
  584.000  5.686946e-01 
  585.000  5.694689e-01 
  586.000  5.701988e-01 
  587.000  5.694561e-01 
  588.000  5.642451e-01 
  589.000  5.555363e-01 
  590.000  5.552360e-01 
  591.000  5.616553e-01 
  592.000  5.586098e-01 
  593.000  5.658603e-01 
  594.000  5.645250e-01 
  595.000  5.597827e-01 
  596.000  5.666038e-01 
  597.000  5.647764e-01 
  598.000  5.673604e-01 
  599.000  5.682420e-01 
  600.000  5.705378e-01 
  601.000  5.719060e-01 
  602.000  5.721855e-01 
  603.000  5.729801e-01 
  604.000  5.741017e-01 
  605.000  5.749263e-01 
  606.000  5.755591e-01 
  607.000  5.761716e-01 
  608.000  5.767686e-01 
  609.000  5.773404e-01 
  610.000  5.779340e-01 
  611.000  5.785935e-01 
  612.000  5.792394e-01 
  613.000  5.798653e-01 
  614.000  5.804727e-01 
  615.000  5.810785e-01 
  616.000  5.816622e-01 
  617.000  5.822135e-01 
  618.000  5.826757e-01 
  619.000  5.830668e-01 
  620.000  5.834287e-01 
  621.000  5.837398e-01 
  622.000  5.839998e-01 
  623.000  5.841737e-01 
  624.000  5.843589e-01 
  625.000  5.845139e-01 
  626.000  5.843529e-01 
  627.000  5.817809e-01 
  628.000  5.622410e-01 
  629.000  5.745595e-01 
  630.000  5.766955e-01 
  631.000  5.804939e-01 
  632.000  5.809702e-01 
  633.000  5.851039e-01 
  634.000  5.874707e-01 
  635.000  5.887003e-01 
  636.000  5.903005e-01 
  637.000  5.916598e-01 
  638.000  5.938034e-01 
  639.000  5.948578e-01 
  640.000  5.963759e-01 
  641.000  5.973037e-01 
  642.000  5.984708e-01 
  643.000  5.983598e-01 
  644.000  5.990288e-01 
  645.000  5.984281e-01 
  646.000  5.940112e-01 
  647.000  5.910149e-01 
  648.000  5.875784e-01 
  649.000  5.915385e-01 
  650.000  5.986627e-01 
  651.000  5.990987e-01 
  652.000  5.936499e-01 
  653.000  6.008530e-01 
  654.000  6.005425e-01 
  655.000  5.985110e-01 
  656.000  5.998058e-01 
  657.000  6.015527e-01 
  658.000  6.042860e-01 
  659.000  6.059456e-01 
  660.000  6.069782e-01 
  661.000  6.091189e-01 
  662.000  6.103273e-01 
  663.000  6.106203e-01 
  664.000  6.113235e-01 
  665.000  6.119781e-01 
  666.000  6.127637e-01 
  667.000  6.134523e-01 
  668.000  6.142187e-01 
  669.000  6.148138e-01 
  670.000  6.153590e-01 
  671.000  6.159239e-01 
  672.000  6.164455e-01 
  673.000  6.169599e-01 
  674.000  6.174704e-01 
  675.000  6.179811e-01 
  676.000  6.184630e-01 
  677.000  6.189057e-01 
  678.000  6.193488e-01 
  679.000  6.197335e-01 
  680.000  6.198680e-01 
  681.000  6.199081e-01 
  682.000  6.202021e-01 
  683.000  6.204178e-01 
  684.000  6.203156e-01 
  685.000  6.210276e-01 
  686.000  6.185486e-01 
  687.000  5.295763e-01 
  688.000  5.572211e-01 
  689.000  5.495144e-01 
  690.000  5.639372e-01 
  691.000  5.835307e-01 
  692.000  5.963666e-01 
  693.000  5.957801e-01 
  694.000  5.923029e-01 
  695.000  5.990214e-01 
  696.000  6.028349e-01 
  697.000  6.172736e-01 
  698.000  6.145545e-01 
  699.000  6.019947e-01 
  700.000  6.042482e-01 
  701.000  6.015311e-01 
  702.000  6.037463e-01 
  703.000  6.145182e-01 
  704.000  6.151003e-01 
  705.000  6.108216e-01 
  706.000  6.117828e-01 
  707.000  6.134586e-01 
  708.000  6.152596e-01 
  709.000  6.188345e-01 
  710.000  6.152447e-01 
  711.000  6.191227e-01 
  712.000  6.224371e-01 
  713.000  6.199694e-01 
  714.000  6.192138e-01 
  715.000  6.151484e-01 
  716.000  6.109440e-01 
  717.000  5.832456e-01 
  718.000  5.661308e-01 
  719.000  5.600238e-01 
  720.000  5.506059e-01 
  721.000  5.919049e-01 
  722.000  6.064999e-01 
  723.000  5.984049e-01 
  724.000  5.750932e-01 
  725.000  5.786771e-01 
  726.000  5.776253e-01 
  727.000  5.810043e-01 
  728.000  5.774195e-01 
  729.000  5.864571e-01 
  730.000  5.849242e-01 
  731.000  5.830615e-01 
  732.000  5.982423e-01 
  733.000  6.126861e-01 
  734.000  6.196321e-01 
  735.000  6.172411e-01 
  736.000  6.127314e-01 
  737.000  6.162053e-01 
  738.000  6.209589e-01 
  739.000  6.230240e-01 
  740.000  6.275513e-01 
  741.000  6.301807e-01 
  742.000  6.313081e-01 
  743.000  6.336145e-01 
  744.000  6.347330e-01 
  745.000  6.356081e-01 
  746.000  6.363115e-01 
  747.000  6.365452e-01 
  748.000  6.372387e-01 
  749.000  6.376283e-01 
  750.000  6.375002e-01 
  751.000  6.376849e-01 
  752.000  6.383315e-01 
  753.000  6.386321e-01 
  754.000  6.388816e-01 
  755.000  6.390648e-01 
  756.000  6.392537e-01 
  757.000  6.393859e-01 
  758.000  6.382027e-01 
  759.000  5.903210e-01 
  760.000  2.485593e-01 
  761.000  2.181305e-01 
  762.000  4.102891e-01 
  763.000  3.491442e-01 
  764.000  3.792909e-01 
  765.000  4.487013e-01 
  766.000  5.340517e-01 
  767.000  5.777205e-01 
  768.000  6.064860e-01 
  769.000  6.255599e-01 
  770.000  6.358005e-01 
  771.000  6.406594e-01 
  772.000  6.418725e-01 
  773.000  6.424218e-01 
  774.000  6.431326e-01 
  775.000  6.435512e-01 
  776.000  6.438469e-01 
  777.000  6.439559e-01 
  778.000  6.439806e-01 
  779.000  6.439906e-01 
  780.000  6.439963e-01 
  781.000  6.442838e-01 
  782.000  6.442813e-01 
  783.000  6.442873e-01 
  784.000  6.441093e-01 
  785.000  6.430961e-01 
  786.000  6.415830e-01 
  787.000  6.383210e-01 
  788.000  6.365516e-01 
  789.000  6.301308e-01 
  790.000  6.296095e-01 
  791.000  6.308612e-01 
  792.000  6.320171e-01 
  793.000  6.346717e-01 
  794.000  6.402668e-01 
  795.000  6.368955e-01 
  796.000  6.278502e-01 
  797.000  6.304762e-01 
  798.000  6.362356e-01 
  799.000  6.349555e-01 
  800.000  6.308107e-01 
  801.000  6.313357e-01 
  802.000  6.309409e-01 
  803.000  6.315776e-01 
  804.000  6.335635e-01 
  805.000  6.373445e-01 
  806.000  6.396084e-01 
  807.000  6.397338e-01 
  808.000  6.384919e-01 
  809.000  6.369600e-01 
  810.000  6.352816e-01 
  811.000  6.318039e-01 
  812.000  6.271141e-01 
  813.000  6.213547e-01 
  814.000  6.137344e-01 
  815.000  6.042386e-01 
  816.000  5.919645e-01 
  817.000  5.926948e-01 
  818.000  5.937248e-01 
  819.000  5.977873e-01 
  820.000  6.113259e-01 
  821.000  6.267393e-01 
  822.000  6.150590e-01 
  823.000  5.822325e-01 
  824.000  6.099462e-01 
  825.000  6.276655e-01 
  826.000  6.246450e-01 
  827.000  6.224316e-01 
  828.000  6.107894e-01 
  829.000  6.150172e-01 
  830.000  6.197391e-01 
  831.000  6.208559e-01 
  832.000  6.213405e-01 
  833.000  6.240620e-01 
  834.000  6.272587e-01 
  835.000  6.335832e-01 
  836.000  6.315663e-01 
  837.000  6.313627e-01 
  838.000  6.344545e-01 
  839.000  6.363341e-01 
  840.000  6.370302e-01 
  841.000  6.350266e-01 
  842.000  6.368600e-01 
  843.000  6.411861e-01 
  844.000  6.431544e-01 
  845.000  6.440825e-01 
  846.000  6.450573e-01 
  847.000  6.459935e-01 
  848.000  6.444120e-01 
  849.000  6.446559e-01 
  850.000  6.438166e-01 
  851.000  6.428113e-01 
  852.000  6.429334e-01 
  853.000  6.446471e-01 
  854.000  6.445733e-01 
  855.000  6.454433e-01 
  856.000  6.471180e-01 
  857.000  6.478679e-01 
  858.000  6.482968e-01 
  859.000  6.491231e-01 
  860.000  6.496267e-01 
  861.000  6.497192e-01 
  862.000  6.499957e-01 
  863.000  6.500491e-01 
  864.000  6.502450e-01 
  865.000  6.504087e-01 
  866.000  6.504667e-01 
  867.000  6.504591e-01 
  868.000  6.505010e-01 
  869.000  6.505686e-01 
  870.000  6.505515e-01 
  871.000  6.506162e-01 
  872.000  6.507475e-01 
  873.000  6.506535e-01 
  874.000  6.506110e-01 
  875.000  6.506152e-01 
  876.000  6.504374e-01 
  877.000  6.503559e-01 
  878.000  6.498217e-01 
  879.000  6.498008e-01 
  880.000  6.493516e-01 
  881.000  6.490859e-01 
  882.000  6.488314e-01 
  883.000  6.491184e-01 
  884.000  6.492439e-01 
  885.000  6.482936e-01 
  886.000  6.469710e-01 
  887.000  6.480078e-01 
  888.000  6.479614e-01 
  889.000  6.483211e-01 
  890.000  6.475787e-01 
  891.000  6.460845e-01 
  892.000  6.426751e-01 
  893.000  6.322365e-01 
  894.000  6.270505e-01 
  895.000  6.110786e-01 
  896.000  5.967389e-01 
  897.000  5.815822e-01 
  898.000  5.744834e-01 
  899.000  5.542389e-01 
  900.000  5.572094e-01 
  901.000  5.519263e-01 
  902.000  5.528734e-01 
  903.000  5.868891e-01 
  904.000  6.075013e-01 
  905.000  6.067417e-01 
  906.000  5.938738e-01 
  907.000  5.710166e-01 
  908.000  5.558888e-01 
  909.000  5.565615e-01 
  910.000  5.588639e-01 
  911.000  5.689364e-01 
  912.000  5.640742e-01 
  913.000  5.428525e-01 
  914.000  5.533665e-01 
  915.000  5.616179e-01 
  916.000  5.638447e-01 
  917.000  5.683052e-01 
  918.000  5.740682e-01 
  919.000  5.936338e-01 
  920.000  6.083342e-01 
  921.000  6.050898e-01 
  922.000  6.048182e-01 
  923.000  6.007243e-01 
  924.000  5.908585e-01 
  925.000  5.900839e-01 
  926.000  5.899496e-01 
  927.000  5.784811e-01 
  928.000  5.607639e-01 
  929.000  5.350269e-01 
  930.000  5.020117e-01 
  931.000  4.647044e-01 
  932.000  4.155004e-01 
  933.000  3.779580e-01 
  934.000  3.386714e-01 
  935.000  3.345340e-01 
  936.000  3.503153e-01 
  937.000  3.462306e-01 
  938.000  3.896738e-01 
  939.000  4.995855e-01 
  940.000  5.155296e-01 
  941.000  5.016453e-01 
  942.000  4.674565e-01 
  943.000  4.096932e-01 
  944.000  4.056730e-01 
  945.000  4.267024e-01 
  946.000  4.278031e-01 
  947.000  4.462342e-01 
  948.000  4.569988e-01 
  949.000  4.555075e-01 
  950.000  4.582370e-01 
  951.000  4.822294e-01 
  952.000  4.564280e-01 
  953.000  4.743836e-01 
  954.000  4.934976e-01 
  955.000  4.778299e-01 
  956.000  4.741606e-01 
  957.000  5.223984e-01 
  958.000  5.284947e-01 
  959.000  5.204526e-01 
  960.000  5.180748e-01 
  961.000  5.140264e-01 
  962.000  5.176274e-01 
  963.000  5.437924e-01 
  964.000  5.474988e-01 
  965.000  5.449660e-01 
  966.000  5.463349e-01 
  967.000  5.648237e-01 
  968.000  5.954430e-01 
  969.000  6.091548e-01 
  970.000  6.098763e-01 
  971.000  6.095500e-01 
  972.000  6.056665e-01 
  973.000  5.966593e-01 
  974.000  5.856380e-01 
  975.000  5.785320e-01 
  976.000  5.872259e-01 
  977.000  6.015242e-01 
  978.000  6.003498e-01 
  979.000  6.040232e-01 
  980.000  6.185088e-01 
  981.000  6.216999e-01 
  982.000  6.184657e-01 
  983.000  6.258672e-01 
  984.000  6.334716e-01 
  985.000  6.377819e-01 
  986.000  6.433363e-01 
  987.000  6.457363e-01 
  988.000  6.462841e-01 
  989.000  6.466354e-01 
  990.000  6.472232e-01 
  991.000  6.492890e-01 
  992.000  6.498790e-01 
  993.000  6.501024e-01 
  994.000  6.518109e-01 
  995.000  6.530924e-01 
  996.000  6.530863e-01 
  997.000  6.523023e-01 
  998.000  6.513897e-01 
  999.000  6.510414e-01 
 1000.000  6.513397e-01 
 1001.000  6.494921e-01 
 1002.000  6.463363e-01 
 1003.000  6.470948e-01 
 1004.000  6.489213e-01 
 1005.000  6.497591e-01 
 1006.000  6.500183e-01 
 1007.000  6.494210e-01 
 1008.000  6.468466e-01 
 1009.000  6.433966e-01 
 1010.000  6.449367e-01 
 1011.000  6.485999e-01 
 1012.000  6.499944e-01 
 1013.000  6.509490e-01 
 1014.000  6.514177e-01 
 1015.000  6.515020e-01 
 1016.000  6.520082e-01 
 1017.000  6.522473e-01 
 1018.000  6.516611e-01 
 1019.000  6.505049e-01 
 1020.000  6.508076e-01 
 1021.000  6.517487e-01 
 1022.000  6.503127e-01 
 1023.000  6.490135e-01 
 1024.000  6.482298e-01 
 1025.000  6.504381e-01 
 1026.000  6.514958e-01 
 1027.000  6.510273e-01 
 1028.000  6.513814e-01 
 1029.000  6.523849e-01 
 1030.000  6.533135e-01 
 1031.000  6.537750e-01 
 1032.000  6.541260e-01 
 1033.000  6.542182e-01 
 1034.000  6.544248e-01 
 1035.000  6.545051e-01 
 1036.000  6.543472e-01 
 1037.000  6.542961e-01 
 1038.000  6.543629e-01 
 1039.000  6.541933e-01 
 1040.000  6.540273e-01 
 1041.000  6.538940e-01 
 1042.000  6.538426e-01 
 1043.000  6.538087e-01 
 1044.000  6.536717e-01 
 1045.000  6.533322e-01 
 1046.000  6.530894e-01 
 1047.000  6.527871e-01 
 1048.000  6.523256e-01 
 1049.000  6.518167e-01 
 1050.000  6.514412e-01 
 1051.000  6.510049e-01 
 1052.000  6.506312e-01 
 1053.000  6.504756e-01 
 1054.000  6.499544e-01 
 1055.000  6.494185e-01 
 1056.000  6.489140e-01 
 1057.000  6.479287e-01 
 1058.000  6.461602e-01 
 1059.000  6.461093e-01 
 1060.000  6.467656e-01 
 1061.000  6.464663e-01 
 1062.000  6.453071e-01 
 1063.000  6.447141e-01 
 1064.000  6.436820e-01 
 1065.000  6.426779e-01 
 1066.000  6.427389e-01 
 1067.000  6.421121e-01 
 1068.000  6.403885e-01 
 1069.000  6.398475e-01 
 1070.000  6.404580e-01 
 1071.000  6.394673e-01 
 1072.000  6.383597e-01 
 1073.000  6.383122e-01 
 1074.000  6.387008e-01 
 1075.000  6.408174e-01 
 1076.000  6.397869e-01 
 1077.000  6.383294e-01 
 1078.000  6.365755e-01 
 1079.000  6.364766e-01 
 1080.000  6.314853e-01 
 1081.000  6.313075e-01 
 1082.000  6.336619e-01 
 1083.000  6.310666e-01 
 1084.000  6.281901e-01 
 1085.000  6.211721e-01 
 1086.000  6.229239e-01 
 1087.000  6.308143e-01 
 1088.000  6.311868e-01 
 1089.000  6.217616e-01 
 1090.000  6.200480e-01 
 1091.000  6.219298e-01 
 1092.000  6.172942e-01 
 1093.000  6.067747e-01 
 1094.000  6.022009e-01 
 1095.000  6.030007e-01 
 1096.000  6.037467e-01 
 1097.000  6.017123e-01 
 1098.000  5.758494e-01 
 1099.000  5.536522e-01 
 1100.000  5.552078e-01 
 1101.000  5.583369e-01 
 1102.000  5.569271e-01 
 1103.000  5.590314e-01 
 1104.000  5.553653e-01 
 1105.000  5.460506e-01 
 1106.000  5.365581e-01 
 1107.000  5.390276e-01 
 1108.000  5.409025e-01 
 1109.000  5.492015e-01 
 1110.000  5.484458e-01 
 1111.000  5.440779e-01 
 1112.000  5.242635e-01 
 1113.000  4.971152e-01 
 1114.000  4.901150e-01 
 1115.000  4.564584e-01 
 1116.000  4.353844e-01 
 1117.000  3.856142e-01 
 1118.000  3.397307e-01 
 1119.000  3.154306e-01 
 1120.000  2.846776e-01 
 1121.000  2.778943e-01 
 1122.000  2.452465e-01 
 1123.000  2.633807e-01 
 1124.000  2.755169e-01 
 1125.000  2.692343e-01 
 1126.000  2.666648e-01 
 1127.000  2.693038e-01 
 1128.000  2.744364e-01 
 1129.000  3.062507e-01 
 1130.000  3.797722e-01 
 1131.000  4.007625e-01 
 1132.000  3.721391e-01 
 1133.000  3.189386e-01 
 1134.000  2.208719e-01 
 1135.000  2.283505e-01 
 1136.000  3.263746e-01 
 1137.000  3.787369e-01 
 1138.000  4.284131e-01 
 1139.000  4.428775e-01 
 1140.000  4.334747e-01 
 1141.000  4.140677e-01 
 1142.000  4.073260e-01 
 1143.000  3.860663e-01 
 1144.000  3.618800e-01 
 1145.000  3.266706e-01 
 1146.000  3.349968e-01 
 1147.000  3.624566e-01 
 1148.000  3.866583e-01 
 1149.000  3.962773e-01 
 1150.000  3.964775e-01 
