  320.000  8.905637e-02 
  321.000  1.171879e-01 
  322.000  1.059045e-01 
  323.000  1.202542e-01 
  324.000  1.351130e-01 
  325.000  1.239986e-01 
  326.000  1.423734e-01 
  327.000  1.476211e-01 
  328.000  1.363519e-01 
  329.000  1.581923e-01 
  330.000  1.617329e-01 
  331.000  1.547477e-01 
  332.000  1.683091e-01 
  333.000  1.723206e-01 
  334.000  1.690250e-01 
  335.000  1.791728e-01 
  336.000  1.833276e-01 
  337.000  1.815735e-01 
  338.000  1.864620e-01 
  339.000  1.915436e-01 
  340.000  1.907060e-01 
  341.000  1.956694e-01 
  342.000  1.993208e-01 
  343.000  2.011615e-01 
  344.000  2.015382e-01 
  345.000  2.065301e-01 
  346.000  2.096986e-01 
  347.000  2.122913e-01 
  348.000  2.147274e-01 
  349.000  2.174722e-01 
  350.000  2.198255e-01 
  351.000  2.221758e-01 
  352.000  2.241086e-01 
  353.000  2.268643e-01 
  354.000  2.292169e-01 
  355.000  2.314116e-01 
  356.000  2.335552e-01 
  357.000  2.354671e-01 
  358.000  2.375285e-01 
  359.000  2.395923e-01 
  360.000  2.417104e-01 
  361.000  2.443927e-01 
  362.000  2.471934e-01 
  363.000  2.497796e-01 
  364.000  2.521654e-01 
  365.000  2.544083e-01 
  366.000  2.567066e-01 
  367.000  2.588994e-01 
  368.000  2.610767e-01 
  369.000  2.632394e-01 
  370.000  2.653840e-01 
  371.000  2.675158e-01 
  372.000  2.696341e-01 
  373.000  2.717382e-01 
  374.000  2.738122e-01 
  375.000  2.758497e-01 
  376.000  2.778214e-01 
  377.000  2.796878e-01 
  378.000  2.814241e-01 
  379.000  2.831908e-01 
  380.000  2.851367e-01 
  381.000  2.873556e-01 
  382.000  2.896591e-01 
  383.000  2.918413e-01 
  384.000  2.939146e-01 
  385.000  2.959155e-01 
  386.000  2.978678e-01 
  387.000  2.997914e-01 
  388.000  3.016931e-01 
  389.000  3.035816e-01 
  390.000  3.054574e-01 
  391.000  3.073165e-01 
  392.000  3.091640e-01 
  393.000  3.109986e-01 
  394.000  3.128184e-01 
  395.000  3.146218e-01 
  396.000  3.164156e-01 
  397.000  3.181906e-01 
  398.000  3.199514e-01 
  399.000  3.216991e-01 
  400.000  3.234246e-01 
  401.000  3.251453e-01 
  402.000  3.268540e-01 
  403.000  3.285498e-01 
  404.000  3.302323e-01 
  405.000  3.318981e-01 
  406.000  3.335544e-01 
  407.000  3.351995e-01 
  408.000  3.368317e-01 
  409.000  3.384495e-01 
  410.000  3.400534e-01 
  411.000  3.416429e-01 
  412.000  3.432169e-01 
  413.000  3.447832e-01 
  414.000  3.462384e-01 
  415.000  3.478140e-01 
  416.000  3.493711e-01 
  417.000  3.509035e-01 
  418.000  3.524021e-01 
  419.000  3.538852e-01 
  420.000  3.553563e-01 
  421.000  3.568197e-01 
  422.000  3.582753e-01 
  423.000  3.597212e-01 
  424.000  3.611512e-01 
  425.000  3.625495e-01 
  426.000  3.639352e-01 
  427.000  3.653098e-01 
  428.000  3.666609e-01 
  429.000  3.679942e-01 
  430.000  3.693128e-01 
  431.000  3.706225e-01 
  432.000  3.719195e-01 
  433.000  3.732051e-01 
  434.000  3.744807e-01 
  435.000  3.757447e-01 
  436.000  3.769953e-01 
  437.000  3.782332e-01 
  438.000  3.794578e-01 
  439.000  3.806737e-01 
  440.000  3.818708e-01 
  441.000  3.830534e-01 
  442.000  3.842181e-01 
  443.000  3.853658e-01 
  444.000  3.864962e-01 
  445.000  3.876028e-01 
  446.000  3.886794e-01 
  447.000  3.898090e-01 
  448.000  3.910210e-01 
  449.000  3.922485e-01 
  450.000  3.934530e-01 
  451.000  3.946112e-01 
  452.000  3.957294e-01 
  453.000  3.968255e-01 
  454.000  3.979022e-01 
  455.000  3.989170e-01 
  456.000  3.998503e-01 
  457.000  4.007843e-01 
  458.000  4.017062e-01 
  459.000  4.026089e-01 
  460.000  4.035048e-01 
  461.000  4.043916e-01 
  462.000  4.052619e-01 
  463.000  4.061288e-01 
  464.000  4.072579e-01 
  465.000  4.083707e-01 
  466.000  4.094644e-01 
  467.000  4.105334e-01 
  468.000  4.114046e-01 
  469.000  4.121552e-01 
  470.000  4.128456e-01 
  471.000  4.134673e-01 
  472.000  4.139954e-01 
  473.000  4.143656e-01 
  474.000  4.146697e-01 
  475.000  4.147478e-01 
  476.000  4.145973e-01 
  477.000  4.145942e-01 
  478.000  4.154741e-01 
  479.000  4.168142e-01 
  480.000  4.182617e-01 
  481.000  4.195610e-01 
  482.000  4.207803e-01 
  483.000  4.218408e-01 
  484.000  4.227528e-01 
  485.000  4.235686e-01 
  486.000  4.244390e-01 
  487.000  4.253556e-01 
  488.000  4.262432e-01 
  489.000  4.271148e-01 
  490.000  4.279763e-01 
  491.000  4.286513e-01 
  492.000  4.292684e-01 
  493.000  4.298826e-01 
  494.000  4.304796e-01 
  495.000  4.310768e-01 
  496.000  4.313845e-01 
  497.000  4.316806e-01 
  498.000  4.319724e-01 
  499.000  4.322486e-01 
  500.000  4.325204e-01 
  501.000  4.327620e-01 
  502.000  4.330037e-01 
  503.000  4.332423e-01 
  504.000  4.334701e-01 
  505.000  4.336853e-01 
  506.000  4.343160e-01 
  507.000  4.349652e-01 
  508.000  4.356136e-01 
  509.000  4.362547e-01 
  510.000  4.368823e-01 
  511.000  4.374451e-01 
  512.000  4.379888e-01 
  513.000  4.385293e-01 
  514.000  4.390633e-01 
  515.000  4.395927e-01 
  516.000  4.399711e-01 
  517.000  4.402136e-01 
  518.000  4.404495e-01 
  519.000  4.406809e-01 
  520.000  4.409101e-01 
  521.000  4.411155e-01 
  522.000  4.412636e-01 
  523.000  4.413704e-01 
  524.000  4.414808e-01 
  525.000  4.415678e-01 
  526.000  4.416898e-01 
  527.000  4.417095e-01 
  528.000  4.416876e-01 
  529.000  4.416646e-01 
  530.000  4.416467e-01 
  531.000  4.416320e-01 
  532.000  4.416650e-01 
  533.000  4.419626e-01 
  534.000  4.423386e-01 
  535.000  4.427629e-01 
  536.000  4.431733e-01 
  537.000  4.435486e-01 
  538.000  4.438844e-01 
  539.000  4.441955e-01 
  540.000  4.444874e-01 
  541.000  4.447708e-01 
  542.000  4.450418e-01 
  543.000  4.453033e-01 
  544.000  4.455010e-01 
  545.000  4.456467e-01 
  546.000  4.457857e-01 
  547.000  4.459285e-01 
  548.000  4.460643e-01 
  549.000  4.461979e-01 
  550.000  4.462627e-01 
  551.000  4.462593e-01 
  552.000  4.462585e-01 
  553.000  4.462437e-01 
  554.000  4.462223e-01 
  555.000  4.461972e-01 
  556.000  4.461462e-01 
  557.000  4.460506e-01 
  558.000  4.459471e-01 
  559.000  4.458317e-01 
  560.000  4.456869e-01 
  561.000  4.455152e-01 
  562.000  4.451171e-01 
  563.000  4.449027e-01 
  564.000  4.446146e-01 
  565.000  4.441620e-01 
  566.000  4.438972e-01 
  567.000  4.428810e-01 
  568.000  4.400140e-01 
  569.000  4.336508e-01 
  570.000  4.345391e-01 
  571.000  4.388061e-01 
  572.000  4.345330e-01 
  573.000  4.355834e-01 
  574.000  4.358129e-01 
  575.000  4.355039e-01 
  576.000  4.356811e-01 
  577.000  4.372374e-01 
  578.000  4.391379e-01 
  579.000  4.408639e-01 
  580.000  4.423915e-01 
  581.000  4.446259e-01 
  582.000  4.461255e-01 
  583.000  4.470339e-01 
  584.000  4.478846e-01 
  585.000  4.484767e-01 
  586.000  4.491310e-01 
  587.000  4.475738e-01 
  588.000  4.389780e-01 
  589.000  4.254861e-01 
  590.000  4.248068e-01 
  591.000  4.342742e-01 
  592.000  4.294860e-01 
  593.000  4.402973e-01 
  594.000  4.380871e-01 
  595.000  4.307476e-01 
  596.000  4.412223e-01 
  597.000  4.386456e-01 
  598.000  4.427938e-01 
  599.000  4.443571e-01 
  600.000  4.481003e-01 
  601.000  4.504279e-01 
  602.000  4.510646e-01 
  603.000  4.522161e-01 
  604.000  4.535190e-01 
  605.000  4.544695e-01 
  606.000  4.551230e-01 
  607.000  4.557532e-01 
  608.000  4.563386e-01 
  609.000  4.568973e-01 
  610.000  4.574733e-01 
  611.000  4.581131e-01 
  612.000  4.587399e-01 
  613.000  4.593472e-01 
  614.000  4.599369e-01 
  615.000  4.605250e-01 
  616.000  4.610918e-01 
  617.000  4.616273e-01 
  618.000  4.620763e-01 
  619.000  4.624563e-01 
  620.000  4.628081e-01 
  621.000  4.631104e-01 
  622.000  4.633630e-01 
  623.000  4.635320e-01 
  624.000  4.637116e-01 
  625.000  4.638607e-01 
  626.000  4.634762e-01 
  627.000  4.600365e-01 
  628.000  4.429462e-01 
  629.000  4.529291e-01 
  630.000  4.561821e-01 
  631.000  4.596138e-01 
  632.000  4.583574e-01 
  633.000  4.634562e-01 
  634.000  4.657619e-01 
  635.000  4.668604e-01 
  636.000  4.683518e-01 
  637.000  4.696870e-01 
  638.000  4.723504e-01 
  639.000  4.732452e-01 
  640.000  4.749845e-01 
  641.000  4.757362e-01 
  642.000  4.770743e-01 
  643.000  4.763927e-01 
  644.000  4.769758e-01 
  645.000  4.757552e-01 
  646.000  4.683651e-01 
  647.000  4.633675e-01 
  648.000  4.577554e-01 
  649.000  4.634236e-01 
  650.000  4.740317e-01 
  651.000  4.743943e-01 
  652.000  4.657315e-01 
  653.000  4.764899e-01 
  654.000  4.757137e-01 
  655.000  4.722833e-01 
  656.000  4.739763e-01 
  657.000  4.763993e-01 
  658.000  4.803396e-01 
  659.000  4.827957e-01 
  660.000  4.840772e-01 
  661.000  4.870173e-01 
  662.000  4.885257e-01 
  663.000  4.886895e-01 
  664.000  4.894858e-01 
  665.000  4.902576e-01 
  666.000  4.911294e-01 
  667.000  4.918800e-01 
  668.000  4.928018e-01 
  669.000  4.934379e-01 
  670.000  4.939916e-01 
  671.000  4.945798e-01 
  672.000  4.950967e-01 
  673.000  4.956030e-01 
  674.000  4.961043e-01 
  675.000  4.966071e-01 
  676.000  4.970769e-01 
  677.000  4.975096e-01 
  678.000  4.979441e-01 
  679.000  4.982852e-01 
  680.000  4.982213e-01 
  681.000  4.981399e-01 
  682.000  4.983617e-01 
  683.000  4.984777e-01 
  684.000  4.980405e-01 
  685.000  4.988862e-01 
  686.000  4.965448e-01 
  687.000  4.176081e-01 
  688.000  4.423572e-01 
  689.000  4.351531e-01 
  690.000  4.481638e-01 
  691.000  4.647079e-01 
  692.000  4.738740e-01 
  693.000  4.665880e-01 
  694.000  4.575596e-01 
  695.000  4.655831e-01 
  696.000  4.703492e-01 
  697.000  4.910842e-01 
  698.000  4.868133e-01 
  699.000  4.682563e-01 
  700.000  4.713505e-01 
  701.000  4.672677e-01 
  702.000  4.703493e-01 
  703.000  4.859756e-01 
  704.000  4.867119e-01 
  705.000  4.803260e-01 
  706.000  4.816332e-01 
  707.000  4.839888e-01 
  708.000  4.865367e-01 
  709.000  4.917045e-01 
  710.000  4.862960e-01 
  711.000  4.919052e-01 
  712.000  4.966998e-01 
  713.000  4.929078e-01 
  714.000  4.916350e-01 
  715.000  4.854238e-01 
  716.000  4.789207e-01 
  717.000  4.388421e-01 
  718.000  4.147268e-01 
  719.000  4.061298e-01 
  720.000  3.934691e-01 
  721.000  4.503177e-01 
  722.000  4.711887e-01 
  723.000  4.594186e-01 
  724.000  4.264451e-01 
  725.000  4.312406e-01 
  726.000  4.297453e-01 
  727.000  4.344085e-01 
  728.000  4.294020e-01 
  729.000  4.420031e-01 
  730.000  4.398873e-01 
  731.000  4.373272e-01 
  732.000  4.587537e-01 
  733.000  4.796514e-01 
  734.000  4.898543e-01 
  735.000  4.863070e-01 
  736.000  4.796710e-01 
  737.000  4.847116e-01 
  738.000  4.916564e-01 
  739.000  4.946698e-01 
  740.000  5.013514e-01 
  741.000  5.052308e-01 
  742.000  5.068719e-01 
  743.000  5.104612e-01 
  744.000  5.118947e-01 
  745.000  5.132205e-01 
  746.000  5.141419e-01 
  747.000  5.144075e-01 
  748.000  5.152994e-01 
  749.000  5.158136e-01 
  750.000  5.155392e-01 
  751.000  5.157208e-01 
  752.000  5.166005e-01 
  753.000  5.169721e-01 
  754.000  5.172606e-01 
  755.000  5.174413e-01 
  756.000  5.176319e-01 
  757.000  5.177631e-01 
  758.000  5.166326e-01 
  759.000  4.734810e-01 
  760.000  1.796061e-01 
  761.000  1.551596e-01 
  762.000  3.149757e-01 
  763.000  2.628755e-01 
  764.000  2.884487e-01 
  765.000  3.482417e-01 
  766.000  4.232986e-01 
  767.000  4.622910e-01 
  768.000  4.881786e-01 
  769.000  5.054336e-01 
  770.000  5.148497e-01 
  771.000  5.191948e-01 
  772.000  5.203062e-01 
  773.000  5.207981e-01 
  774.000  5.214402e-01 
  775.000  5.218595e-01 
  776.000  5.221647e-01 
  777.000  5.222378e-01 
  778.000  5.222006e-01 
  779.000  5.221550e-01 
  780.000  5.221080e-01 
  781.000  5.225136e-01 
  782.000  5.224535e-01 
  783.000  5.224074e-01 
  784.000  5.221186e-01 
  785.000  5.206707e-01 
  786.000  5.185261e-01 
  787.000  5.134856e-01 
  788.000  5.108398e-01 
  789.000  5.014498e-01 
  790.000  5.006412e-01 
  791.000  5.024092e-01 
  792.000  5.040525e-01 
  793.000  5.078818e-01 
  794.000  5.160197e-01 
  795.000  5.110450e-01 
  796.000  4.978803e-01 
  797.000  5.016333e-01 
  798.000  5.099620e-01 
  799.000  5.080630e-01 
  800.000  5.020067e-01 
  801.000  5.027286e-01 
  802.000  5.021203e-01 
  803.000  5.030097e-01 
  804.000  5.058663e-01 
  805.000  5.113407e-01 
  806.000  5.146214e-01 
  807.000  5.147700e-01 
  808.000  5.129111e-01 
  809.000  5.106249e-01 
  810.000  5.081148e-01 
  811.000  5.029869e-01 
  812.000  4.960998e-01 
  813.000  4.877102e-01 
  814.000  4.767174e-01 
  815.000  4.631409e-01 
  816.000  4.460656e-01 
  817.000  4.469435e-01 
  818.000  4.483137e-01 
  819.000  4.539628e-01 
  820.000  4.728958e-01 
  821.000  4.947909e-01 
  822.000  4.781111e-01 
  823.000  4.327135e-01 
  824.000  4.708876e-01 
  825.000  4.960740e-01 
  826.000  4.918243e-01 
  827.000  4.886279e-01 
  828.000  4.720807e-01 
  829.000  4.780082e-01 
  830.000  4.847039e-01 
  831.000  4.863029e-01 
  832.000  4.870583e-01 
  833.000  4.909599e-01 
  834.000  4.955714e-01 
  835.000  5.047314e-01 
  836.000  5.018117e-01 
  837.000  5.015278e-01 
  838.000  5.059879e-01 
  839.000  5.087098e-01 
  840.000  5.096997e-01 
  841.000  5.067686e-01 
  842.000  5.094130e-01 
  843.000  5.157031e-01 
  844.000  5.185727e-01 
  845.000  5.199121e-01 
  846.000  5.213217e-01 
  847.000  5.228741e-01 
  848.000  5.203173e-01 
  849.000  5.206437e-01 
  850.000  5.193802e-01 
  851.000  5.178775e-01 
  852.000  5.180285e-01 
  853.000  5.205159e-01 
  854.000  5.203870e-01 
  855.000  5.216413e-01 
  856.000  5.242488e-01 
  857.000  5.251607e-01 
  858.000  5.257694e-01 
  859.000  5.270094e-01 
  860.000  5.276197e-01 
  861.000  5.277347e-01 
  862.000  5.281457e-01 
  863.000  5.281979e-01 
  864.000  5.284794e-01 
  865.000  5.287093e-01 
  866.000  5.287691e-01 
  867.000  5.287254e-01 
  868.000  5.287601e-01 
  869.000  5.288354e-01 
  870.000  5.287771e-01 
  871.000  5.288482e-01 
  872.000  5.290244e-01 
  873.000  5.288451e-01 
  874.000  5.287471e-01 
  875.000  5.287228e-01 
  876.000  5.284113e-01 
  877.000  5.283142e-01 
  878.000  5.275398e-01 
  879.000  5.274853e-01 
  880.000  5.268182e-01 
  881.000  5.264099e-01 
  882.000  5.261047e-01 
  883.000  5.264078e-01 
  884.000  5.265641e-01 
  885.000  5.251746e-01 
  886.000  5.234287e-01 
  887.000  5.249318e-01 
  888.000  5.248419e-01 
  889.000  5.250853e-01 
  890.000  5.241332e-01 
  891.000  5.217572e-01 
  892.000  5.167545e-01 
  893.000  5.017191e-01 
  894.000  4.942200e-01 
  895.000  4.718246e-01 
  896.000  4.519362e-01 
  897.000  4.312224e-01 
  898.000  4.216369e-01 
  899.000  3.954038e-01 
  900.000  3.990476e-01 
  901.000  3.923491e-01 
  902.000  3.937289e-01 
  903.000  4.379984e-01 
  904.000  4.658631e-01 
  905.000  4.649458e-01 
  906.000  4.475071e-01 
  907.000  4.172374e-01 
  908.000  3.976763e-01 
  909.000  3.984326e-01 
  910.000  4.013289e-01 
  911.000  4.142726e-01 
  912.000  4.080043e-01 
  913.000  3.811448e-01 
  914.000  3.943721e-01 
  915.000  4.049616e-01 
  916.000  4.079015e-01 
  917.000  4.137691e-01 
  918.000  4.213668e-01 
  919.000  4.473618e-01 
  920.000  4.674425e-01 
  921.000  4.630946e-01 
  922.000  4.627425e-01 
  923.000  4.571563e-01 
  924.000  4.438088e-01 
  925.000  4.425419e-01 
  926.000  4.417849e-01 
  927.000  4.260343e-01 
  928.000  4.022311e-01 
  929.000  3.687867e-01 
  930.000  3.278907e-01 
  931.000  2.844142e-01 
  932.000  2.300970e-01 
  933.000  1.932799e-01 
  934.000  1.583818e-01 
  935.000  1.545833e-01 
  936.000  1.675873e-01 
  937.000  1.644878e-01 
  938.000  2.044298e-01 
  939.000  3.198631e-01 
  940.000  3.387885e-01 
  941.000  3.229714e-01 
  942.000  2.848030e-01 
  943.000  2.249912e-01 
  944.000  2.208121e-01 
  945.000  2.413723e-01 
  946.000  2.427814e-01 
  947.000  2.623493e-01 
  948.000  2.740217e-01 
  949.000  2.728059e-01 
  950.000  2.759032e-01 
  951.000  3.024579e-01 
  952.000  2.746804e-01 
  953.000  2.946755e-01 
  954.000  3.167102e-01 
  955.000  2.995098e-01 
  956.000  2.962280e-01 
  957.000  3.525208e-01 
  958.000  3.604009e-01 
  959.000  3.511201e-01 
  960.000  3.485958e-01 
  961.000  3.440171e-01 
  962.000  3.485591e-01 
  963.000  3.807267e-01 
  964.000  3.855669e-01 
  965.000  3.826472e-01 
  966.000  3.846136e-01 
  967.000  4.083038e-01 
  968.000  4.488299e-01 
  969.000  4.676151e-01 
  970.000  4.687139e-01 
  971.000  4.682907e-01 
  972.000  4.629445e-01 
  973.000  4.507079e-01 
  974.000  4.359919e-01 
  975.000  4.266334e-01 
  976.000  4.381027e-01 
  977.000  4.572865e-01 
  978.000  4.558041e-01 
  979.000  4.609093e-01 
  980.000  4.808500e-01 
  981.000  4.853568e-01 
  982.000  4.809785e-01 
  983.000  4.913557e-01 
  984.000  5.020938e-01 
  985.000  5.082387e-01 
  986.000  5.161914e-01 
  987.000  5.196673e-01 
  988.000  5.204808e-01 
  989.000  5.210024e-01 
  990.000  5.218517e-01 
  991.000  5.248237e-01 
  992.000  5.256678e-01 
  993.000  5.259834e-01 
  994.000  5.286642e-01 
  995.000  5.302657e-01 
  996.000  5.303304e-01 
  997.000  5.291104e-01 
  998.000  5.279508e-01 
  999.000  5.274491e-01 
 1000.000  5.278509e-01 
 1001.000  5.250061e-01 
 1002.000  5.204661e-01 
 1003.000  5.215393e-01 
 1004.000  5.241454e-01 
 1005.000  5.253358e-01 
 1006.000  5.257143e-01 
 1007.000  5.248420e-01 
 1008.000  5.211420e-01 
 1009.000  5.162085e-01 
 1010.000  5.184023e-01 
 1011.000  5.236479e-01 
 1012.000  5.256503e-01 
 1013.000  5.272271e-01 
 1014.000  5.278876e-01 
 1015.000  5.280127e-01 
 1016.000  5.287246e-01 
 1017.000  5.291368e-01 
 1018.000  5.282414e-01 
 1019.000  5.264106e-01 
 1020.000  5.270502e-01 
 1021.000  5.283666e-01 
 1022.000  5.261483e-01 
 1023.000  5.242947e-01 
 1024.000  5.231846e-01 
 1025.000  5.265774e-01 
 1026.000  5.280761e-01 
 1027.000  5.274370e-01 
 1028.000  5.279595e-01 
 1029.000  5.292612e-01 
 1030.000  5.306211e-01 
 1031.000  5.313099e-01 
 1032.000  5.318501e-01 
 1033.000  5.320203e-01 
 1034.000  5.323451e-01 
 1035.000  5.325023e-01 
 1036.000  5.324094e-01 
 1037.000  5.324592e-01 
 1038.000  5.325807e-01 
 1039.000  5.323532e-01 
 1040.000  5.321607e-01 
 1041.000  5.320086e-01 
 1042.000  5.319677e-01 
 1043.000  5.319669e-01 
 1044.000  5.318344e-01 
 1045.000  5.314058e-01 
 1046.000  5.311199e-01 
 1047.000  5.307834e-01 
 1048.000  5.303738e-01 
 1049.000  5.299981e-01 
 1050.000  5.295811e-01 
 1051.000  5.289927e-01 
 1052.000  5.285833e-01 
 1053.000  5.284863e-01 
 1054.000  5.278507e-01 
 1055.000  5.272716e-01 
 1056.000  5.267435e-01 
 1057.000  5.254642e-01 
 1058.000  5.231546e-01 
 1059.000  5.232705e-01 
 1060.000  5.243797e-01 
 1061.000  5.240747e-01 
 1062.000  5.226270e-01 
 1063.000  5.220978e-01 
 1064.000  5.208794e-01 
 1065.000  5.196192e-01 
 1066.000  5.197360e-01 
 1067.000  5.189634e-01 
 1068.000  5.161639e-01 
 1069.000  5.148127e-01 
 1070.000  5.152680e-01 
 1071.000  5.134901e-01 
 1072.000  5.116681e-01 
 1073.000  5.113398e-01 
 1074.000  5.116443e-01 
 1075.000  5.144085e-01 
 1076.000  5.127156e-01 
 1077.000  5.104377e-01 
 1078.000  5.077536e-01 
 1079.000  5.074168e-01 
 1080.000  5.002289e-01 
 1081.000  4.998342e-01 
 1082.000  5.030032e-01 
 1083.000  4.991875e-01 
 1084.000  4.950268e-01 
 1085.000  4.851656e-01 
 1086.000  4.874571e-01 
 1087.000  4.983088e-01 
 1088.000  4.987502e-01 
 1089.000  4.855168e-01 
 1090.000  4.830242e-01 
 1091.000  4.854984e-01 
 1092.000  4.789517e-01 
 1093.000  4.644816e-01 
 1094.000  4.582275e-01 
 1095.000  4.591967e-01 
 1096.000  4.600275e-01 
 1097.000  4.570842e-01 
 1098.000  4.227064e-01 
 1099.000  3.941094e-01 
 1100.000  3.959703e-01 
 1101.000  3.998092e-01 
 1102.000  3.977997e-01 
 1103.000  4.002766e-01 
 1104.000  3.954456e-01 
 1105.000  3.835320e-01 
 1106.000  3.717896e-01 
 1107.000  3.744595e-01 
 1108.000  3.762596e-01 
 1109.000  3.858635e-01 
 1110.000  3.840227e-01 
 1111.000  3.781227e-01 
 1112.000  3.533989e-01 
 1113.000  3.201584e-01 
 1114.000  3.103144e-01 
 1115.000  2.713820e-01 
 1116.000  2.484080e-01 
 1117.000  1.993982e-01 
 1118.000  1.575865e-01 
 1119.000  1.364557e-01 
 1120.000  1.125640e-01 
 1121.000  1.073924e-01 
 1122.000  8.566513e-02 
 1123.000  9.659577e-02 
 1124.000  1.042931e-01 
 1125.000  1.000563e-01 
 1126.000  9.848502e-02 
 1127.000  1.005734e-01 
 1128.000  1.046067e-01 
 1129.000  1.276166e-01 
 1130.000  1.867333e-01 
 1131.000  2.053993e-01 
 1132.000  1.797419e-01 
 1133.000  1.372067e-01 
 1134.000  7.190675e-02 
 1135.000  7.638451e-02 
 1136.000  1.438616e-01 
 1137.000  1.875308e-01 
 1138.000  2.346743e-01 
 1139.000  2.512094e-01 
 1140.000  2.418558e-01 
 1141.000  2.238340e-01 
 1142.000  2.172728e-01 
 1143.000  1.972958e-01 
 1144.000  1.759555e-01 
 1145.000  1.467032e-01 
 1146.000  1.534848e-01 
 1147.000  1.766590e-01 
 1148.000  1.983039e-01 
 1149.000  2.076448e-01 
 1150.000  2.089481e-01 
