  320.000  1.401130e-01 
  321.000  1.766070e-01 
  322.000  1.621556e-01 
  323.000  1.804958e-01 
  324.000  1.991281e-01 
  325.000  1.852235e-01 
  326.000  2.081137e-01 
  327.000  2.145637e-01 
  328.000  2.006667e-01 
  329.000  2.274493e-01 
  330.000  2.317346e-01 
  331.000  2.232658e-01 
  332.000  2.396551e-01 
  333.000  2.444627e-01 
  334.000  2.405144e-01 
  335.000  2.526346e-01 
  336.000  2.575657e-01 
  337.000  2.554860e-01 
  338.000  2.612742e-01 
  339.000  2.672657e-01 
  340.000  2.662799e-01 
  341.000  2.721120e-01 
  342.000  2.763877e-01 
  343.000  2.785384e-01 
  344.000  2.789781e-01 
  345.000  2.847938e-01 
  346.000  2.884738e-01 
  347.000  2.914784e-01 
  348.000  2.942963e-01 
  349.000  2.974654e-01 
  350.000  3.001774e-01 
  351.000  3.028814e-01 
  352.000  3.051018e-01 
  353.000  3.082623e-01 
  354.000  3.109557e-01 
  355.000  3.134645e-01 
  356.000  3.159112e-01 
  357.000  3.180904e-01 
  358.000  3.204370e-01 
  359.000  3.227831e-01 
  360.000  3.251877e-01 
  361.000  3.282281e-01 
  362.000  3.313970e-01 
  363.000  3.343183e-01 
  364.000  3.370090e-01 
  365.000  3.395349e-01 
  366.000  3.421196e-01 
  367.000  3.445823e-01 
  368.000  3.470243e-01 
  369.000  3.494468e-01 
  370.000  3.518459e-01 
  371.000  3.542277e-01 
  372.000  3.565914e-01 
  373.000  3.589365e-01 
  374.000  3.612452e-01 
  375.000  3.635106e-01 
  376.000  3.657003e-01 
  377.000  3.677710e-01 
  378.000  3.696952e-01 
  379.000  3.716512e-01 
  380.000  3.738036e-01 
  381.000  3.762550e-01 
  382.000  3.787968e-01 
  383.000  3.812017e-01 
  384.000  3.834841e-01 
  385.000  3.856843e-01 
  386.000  3.878289e-01 
  387.000  3.899398e-01 
  388.000  3.920245e-01 
  389.000  3.940928e-01 
  390.000  3.961452e-01 
  391.000  3.981772e-01 
  392.000  4.001948e-01 
  393.000  4.021964e-01 
  394.000  4.041800e-01 
  395.000  4.061439e-01 
  396.000  4.080957e-01 
  397.000  4.100253e-01 
  398.000  4.119377e-01 
  399.000  4.138344e-01 
  400.000  4.157054e-01 
  401.000  4.175695e-01 
  402.000  4.194192e-01 
  403.000  4.212534e-01 
  404.000  4.230718e-01 
  405.000  4.248706e-01 
  406.000  4.266579e-01 
  407.000  4.284315e-01 
  408.000  4.301901e-01 
  409.000  4.319317e-01 
  410.000  4.336571e-01 
  411.000  4.353658e-01 
  412.000  4.370565e-01 
  413.000  4.387378e-01 
  414.000  4.402988e-01 
  415.000  4.419878e-01 
  416.000  4.436557e-01 
  417.000  4.452960e-01 
  418.000  4.468990e-01 
  419.000  4.484846e-01 
  420.000  4.500561e-01 
  421.000  4.516185e-01 
  422.000  4.531715e-01 
  423.000  4.547132e-01 
  424.000  4.562370e-01 
  425.000  4.577261e-01 
  426.000  4.592009e-01 
  427.000  4.606630e-01 
  428.000  4.620993e-01 
  429.000  4.635157e-01 
  430.000  4.649159e-01 
  431.000  4.663059e-01 
  432.000  4.676815e-01 
  433.000  4.690443e-01 
  434.000  4.703958e-01 
  435.000  4.717343e-01 
  436.000  4.730580e-01 
  437.000  4.743674e-01 
  438.000  4.756622e-01 
  439.000  4.769472e-01 
  440.000  4.782116e-01 
  441.000  4.794601e-01 
  442.000  4.806890e-01 
  443.000  4.818996e-01 
  444.000  4.830912e-01 
  445.000  4.842574e-01 
  446.000  4.853913e-01 
  447.000  4.865806e-01 
  448.000  4.878560e-01 
  449.000  4.891471e-01 
  450.000  4.904134e-01 
  451.000  4.916304e-01 
  452.000  4.928050e-01 
  453.000  4.939556e-01 
  454.000  4.950856e-01 
  455.000  4.961501e-01 
  456.000  4.971288e-01 
  457.000  4.981078e-01 
  458.000  4.990737e-01 
  459.000  5.000193e-01 
  460.000  5.009574e-01 
  461.000  5.018856e-01 
  462.000  5.027962e-01 
  463.000  5.037031e-01 
  464.000  5.048836e-01 
  465.000  5.060467e-01 
  466.000  5.071893e-01 
  467.000  5.083057e-01 
  468.000  5.092151e-01 
  469.000  5.099983e-01 
  470.000  5.107186e-01 
  471.000  5.113671e-01 
  472.000  5.119178e-01 
  473.000  5.123038e-01 
  474.000  5.126208e-01 
  475.000  5.127022e-01 
  476.000  5.125453e-01 
  477.000  5.125421e-01 
  478.000  5.134592e-01 
  479.000  5.148554e-01 
  480.000  5.163627e-01 
  481.000  5.177149e-01 
  482.000  5.189834e-01 
  483.000  5.200862e-01 
  484.000  5.210341e-01 
  485.000  5.218818e-01 
  486.000  5.227860e-01 
  487.000  5.237378e-01 
  488.000  5.246593e-01 
  489.000  5.255637e-01 
  490.000  5.264576e-01 
  491.000  5.271576e-01 
  492.000  5.277975e-01 
  493.000  5.284342e-01 
  494.000  5.290530e-01 
  495.000  5.296718e-01 
  496.000  5.299906e-01 
  497.000  5.302974e-01 
  498.000  5.305997e-01 
  499.000  5.308856e-01 
  500.000  5.311671e-01 
  501.000  5.314173e-01 
  502.000  5.316676e-01 
  503.000  5.319147e-01 
  504.000  5.321504e-01 
  505.000  5.323732e-01 
  506.000  5.330260e-01 
  507.000  5.336978e-01 
  508.000  5.343686e-01 
  509.000  5.350317e-01 
  510.000  5.356807e-01 
  511.000  5.362625e-01 
  512.000  5.368244e-01 
  513.000  5.373831e-01 
  514.000  5.379348e-01 
  515.000  5.384817e-01 
  516.000  5.388724e-01 
  517.000  5.391229e-01 
  518.000  5.393665e-01 
  519.000  5.396055e-01 
  520.000  5.398422e-01 
  521.000  5.400542e-01 
  522.000  5.402071e-01 
  523.000  5.403174e-01 
  524.000  5.404313e-01 
  525.000  5.405211e-01 
  526.000  5.406471e-01 
  527.000  5.406674e-01 
  528.000  5.406448e-01 
  529.000  5.406210e-01 
  530.000  5.406026e-01 
  531.000  5.405874e-01 
  532.000  5.406214e-01 
  533.000  5.409286e-01 
  534.000  5.413166e-01 
  535.000  5.417544e-01 
  536.000  5.421778e-01 
  537.000  5.425650e-01 
  538.000  5.429113e-01 
  539.000  5.432322e-01 
  540.000  5.435331e-01 
  541.000  5.438253e-01 
  542.000  5.441048e-01 
  543.000  5.443743e-01 
  544.000  5.445781e-01 
  545.000  5.447283e-01 
  546.000  5.448716e-01 
  547.000  5.450189e-01 
  548.000  5.451587e-01 
  549.000  5.452964e-01 
  550.000  5.453632e-01 
  551.000  5.453597e-01 
  552.000  5.453589e-01 
  553.000  5.453436e-01 
  554.000  5.453216e-01 
  555.000  5.452957e-01 
  556.000  5.452432e-01 
  557.000  5.451446e-01 
  558.000  5.450380e-01 
  559.000  5.449192e-01 
  560.000  5.447706e-01 
  561.000  5.445951e-01 
  562.000  5.443991e-01 
  563.000  5.441964e-01 
  564.000  5.439526e-01 
  565.000  5.436387e-01 
  566.000  5.432662e-01 
  567.000  5.428488e-01 
  568.000  5.423328e-01 
  569.000  5.418661e-01 
  570.000  5.413913e-01 
  571.000  5.408503e-01 
  572.000  5.403112e-01 
  573.000  5.397643e-01 
  574.000  5.393432e-01 
  575.000  5.390937e-01 
  576.000  5.392469e-01 
  577.000  5.395641e-01 
  578.000  5.401114e-01 
  579.000  5.411590e-01 
  580.000  5.428095e-01 
  581.000  5.446856e-01 
  582.000  5.462670e-01 
  583.000  5.476365e-01 
  584.000  5.488001e-01 
  585.000  5.498361e-01 
  586.000  5.507468e-01 
  587.000  5.515748e-01 
  588.000  5.523304e-01 
  589.000  5.528331e-01 
  590.000  5.532376e-01 
  591.000  5.536162e-01 
  592.000  5.539656e-01 
  593.000  5.542895e-01 
  594.000  5.545966e-01 
  595.000  5.548887e-01 
  596.000  5.547000e-01 
  597.000  5.543576e-01 
  598.000  5.540133e-01 
  599.000  5.536684e-01 
  600.000  5.533110e-01 
  601.000  5.529547e-01 
  602.000  5.526009e-01 
  603.000  5.528123e-01 
  604.000  5.534225e-01 
  605.000  5.540261e-01 
  606.000  5.545985e-01 
  607.000  5.551558e-01 
  608.000  5.557405e-01 
  609.000  5.563036e-01 
  610.000  5.568938e-01 
  611.000  5.575503e-01 
  612.000  5.581931e-01 
  613.000  5.588163e-01 
  614.000  5.594211e-01 
  615.000  5.600243e-01 
  616.000  5.606054e-01 
  617.000  5.611544e-01 
  618.000  5.616146e-01 
  619.000  5.620040e-01 
  620.000  5.623645e-01 
  621.000  5.626742e-01 
  622.000  5.629331e-01 
  623.000  5.631063e-01 
  624.000  5.632913e-01 
  625.000  5.634473e-01 
  626.000  5.636149e-01 
  627.000  5.629857e-01 
  628.000  5.433950e-01 
  629.000  5.569441e-01 
  630.000  5.570619e-01 
  631.000  5.606526e-01 
  632.000  5.637613e-01 
  633.000  5.660284e-01 
  634.000  5.680955e-01 
  635.000  5.697776e-01 
  636.000  5.711923e-01 
  637.000  5.725300e-01 
  638.000  5.737603e-01 
  639.000  5.749474e-01 
  640.000  5.760855e-01 
  641.000  5.771999e-01 
  642.000  5.780883e-01 
  643.000  5.789120e-01 
  644.000  5.796906e-01 
  645.000  5.804329e-01 
  646.000  5.811508e-01 
  647.000  5.818381e-01 
  648.000  5.825021e-01 
  649.000  5.831490e-01 
  650.000  5.837366e-01 
  651.000  5.842878e-01 
  652.000  5.848354e-01 
  653.000  5.853783e-01 
  654.000  5.859177e-01 
  655.000  5.864546e-01 
  656.000  5.869882e-01 
  657.000  5.874817e-01 
  658.000  5.879967e-01 
  659.000  5.885199e-01 
  660.000  5.890523e-01 
  661.000  5.895846e-01 
  662.000  5.901174e-01 
  663.000  5.906327e-01 
  664.000  5.911459e-01 
  665.000  5.916571e-01 
  666.000  5.921663e-01 
  667.000  5.926794e-01 
  668.000  5.932024e-01 
  669.000  5.937233e-01 
  670.000  5.942423e-01 
  671.000  5.947592e-01 
  672.000  5.952743e-01 
  673.000  5.957874e-01 
  674.000  5.962986e-01 
  675.000  5.968079e-01 
  676.000  5.972961e-01 
  677.000  5.977427e-01 
  678.000  5.981875e-01 
  679.000  5.986305e-01 
  680.000  5.990717e-01 
  681.000  5.995112e-01 
  682.000  5.999489e-01 
  683.000  6.003848e-01 
  684.000  6.008191e-01 
  685.000  6.012380e-01 
  686.000  5.989215e-01 
  687.000  5.108185e-01 
  688.000  5.376341e-01 
  689.000  5.306996e-01 
  690.000  5.446089e-01 
  691.000  5.654803e-01 
  692.000  5.819686e-01 
  693.000  5.929132e-01 
  694.000  5.997533e-01 
  695.000  6.027570e-01 
  696.000  6.042355e-01 
  697.000  6.052455e-01 
  698.000  6.057819e-01 
  699.000  6.061501e-01 
  700.000  6.064674e-01 
  701.000  6.067680e-01 
  702.000  6.070673e-01 
  703.000  6.073651e-01 
  704.000  6.076617e-01 
  705.000  6.079166e-01 
  706.000  6.081585e-01 
  707.000  6.083993e-01 
  708.000  6.086388e-01 
  709.000  6.088771e-01 
  710.000  6.091142e-01 
  711.000  6.093501e-01 
  712.000  6.095849e-01 
  713.000  6.098184e-01 
  714.000  6.100507e-01 
  715.000  6.103159e-01 
  716.000  6.105934e-01 
  717.000  6.108696e-01 
  718.000  6.111447e-01 
  719.000  6.114185e-01 
  720.000  6.116911e-01 
  721.000  6.119625e-01 
  722.000  6.122327e-01 
  723.000  6.125016e-01 
  724.000  6.127694e-01 
  725.000  6.130058e-01 
  726.000  6.131878e-01 
  727.000  6.133689e-01 
  728.000  6.135490e-01 
  729.000  6.137280e-01 
  730.000  6.139062e-01 
  731.000  6.140833e-01 
  732.000  6.142595e-01 
  733.000  6.144348e-01 
  734.000  6.146091e-01 
  735.000  6.147825e-01 
  736.000  6.149251e-01 
  737.000  6.150545e-01 
  738.000  6.151831e-01 
  739.000  6.153109e-01 
  740.000  6.154379e-01 
  741.000  6.155640e-01 
  742.000  6.156894e-01 
  743.000  6.158140e-01 
  744.000  6.159378e-01 
  745.000  6.160607e-01 
  746.000  6.161830e-01 
  747.000  6.163559e-01 
  748.000  6.165469e-01 
  749.000  6.167369e-01 
  750.000  6.169260e-01 
  751.000  6.171142e-01 
  752.000  6.173016e-01 
  753.000  6.174880e-01 
  754.000  6.176736e-01 
  755.000  6.178583e-01 
  756.000  6.180421e-01 
  757.000  6.181743e-01 
  758.000  6.170018e-01 
  759.000  5.699040e-01 
  760.000  2.361626e-01 
  761.000  2.067523e-01 
  762.000  3.934549e-01 
  763.000  3.338220e-01 
  764.000  3.632071e-01 
  765.000  4.310044e-01 
  766.000  5.146443e-01 
  767.000  5.575361e-01 
  768.000  5.858251e-01 
  769.000  6.045969e-01 
  770.000  6.147010e-01 
  771.000  6.194769e-01 
  772.000  6.206750e-01 
  773.000  6.212288e-01 
  774.000  6.219863e-01 
  775.000  6.223988e-01 
  776.000  6.226753e-01 
  777.000  6.228417e-01 
  778.000  6.229667e-01 
  779.000  6.230672e-01 
  780.000  6.231587e-01 
  781.000  6.232497e-01 
  782.000  6.233400e-01 
  783.000  6.234298e-01 
  784.000  6.235191e-01 
  785.000  6.236077e-01 
  786.000  6.236959e-01 
  787.000  6.237834e-01 
  788.000  6.238704e-01 
  789.000  6.239569e-01 
  790.000  6.240428e-01 
  791.000  6.241282e-01 
  792.000  6.242130e-01 
  793.000  6.242974e-01 
  794.000  6.243812e-01 
  795.000  6.244645e-01 
  796.000  6.245472e-01 
  797.000  6.246295e-01 
  798.000  6.247113e-01 
  799.000  6.247925e-01 
  800.000  6.248732e-01 
  801.000  6.249534e-01 
  802.000  6.250332e-01 
  803.000  6.251125e-01 
  804.000  6.251912e-01 
  805.000  6.252695e-01 
  806.000  6.253473e-01 
  807.000  6.254246e-01 
  808.000  6.255015e-01 
  809.000  6.255779e-01 
  810.000  6.256538e-01 
  811.000  6.257292e-01 
  812.000  6.258042e-01 
  813.000  6.258788e-01 
  814.000  6.259528e-01 
  815.000  6.260265e-01 
  816.000  6.260996e-01 
  817.000  6.261724e-01 
  818.000  6.262447e-01 
  819.000  6.263165e-01 
  820.000  6.263880e-01 
  821.000  6.264590e-01 
  822.000  6.265296e-01 
  823.000  6.265997e-01 
  824.000  6.266694e-01 
  825.000  6.267387e-01 
  826.000  6.268076e-01 
  827.000  6.268761e-01 
  828.000  6.269442e-01 
  829.000  6.270118e-01 
  830.000  6.270791e-01 
  831.000  6.271459e-01 
  832.000  6.272124e-01 
  833.000  6.272784e-01 
  834.000  6.273441e-01 
  835.000  6.274094e-01 
  836.000  6.274743e-01 
  837.000  6.275388e-01 
  838.000  6.276029e-01 
  839.000  6.276667e-01 
  840.000  6.277301e-01 
  841.000  6.277931e-01 
  842.000  6.278557e-01 
  843.000  6.279179e-01 
  844.000  6.279798e-01 
  845.000  6.280414e-01 
  846.000  6.281025e-01 
  847.000  6.281633e-01 
  848.000  6.282238e-01 
  849.000  6.282839e-01 
  850.000  6.283436e-01 
  851.000  6.284031e-01 
  852.000  6.284621e-01 
  853.000  6.285208e-01 
  854.000  6.285792e-01 
  855.000  6.286373e-01 
  856.000  6.286950e-01 
  857.000  6.287523e-01 
  858.000  6.288093e-01 
  859.000  6.288660e-01 
  860.000  6.289224e-01 
  861.000  6.289784e-01 
  862.000  6.290342e-01 
  863.000  6.290896e-01 
  864.000  6.291447e-01 
  865.000  6.291994e-01 
  866.000  6.292539e-01 
  867.000  6.293080e-01 
  868.000  6.293619e-01 
  869.000  6.294155e-01 
  870.000  6.294686e-01 
  871.000  6.295215e-01 
  872.000  6.295742e-01 
  873.000  6.296265e-01 
  874.000  6.296785e-01 
  875.000  6.297303e-01 
  876.000  6.297817e-01 
  877.000  6.298328e-01 
  878.000  6.298837e-01 
  879.000  6.299343e-01 
  880.000  6.299846e-01 
  881.000  6.300345e-01 
  882.000  6.300842e-01 
  883.000  6.301337e-01 
  884.000  6.301828e-01 
  885.000  6.302317e-01 
  886.000  6.302803e-01 
  887.000  6.303287e-01 
  888.000  6.303767e-01 
  889.000  6.304245e-01 
  890.000  6.304721e-01 
  891.000  6.305193e-01 
  892.000  6.305663e-01 
  893.000  6.306130e-01 
  894.000  6.306595e-01 
  895.000  6.307057e-01 
  896.000  6.307517e-01 
  897.000  6.307974e-01 
  898.000  6.308429e-01 
  899.000  6.308880e-01 
  900.000  6.309330e-01 
  901.000  6.309777e-01 
  902.000  6.310222e-01 
  903.000  6.310664e-01 
  904.000  6.311104e-01 
  905.000  6.311541e-01 
  906.000  6.311976e-01 
  907.000  6.312408e-01 
  908.000  6.312839e-01 
  909.000  6.313267e-01 
  910.000  6.313692e-01 
  911.000  6.314115e-01 
  912.000  6.314536e-01 
  913.000  6.314954e-01 
  914.000  6.315371e-01 
  915.000  6.315784e-01 
  916.000  6.316196e-01 
  917.000  6.316606e-01 
  918.000  6.317014e-01 
  919.000  6.317418e-01 
  920.000  6.317821e-01 
  921.000  6.318222e-01 
  922.000  6.318620e-01 
  923.000  6.319017e-01 
  924.000  6.319411e-01 
  925.000  6.319804e-01 
  926.000  6.320193e-01 
  927.000  6.320581e-01 
  928.000  6.320967e-01 
  929.000  6.321351e-01 
  930.000  6.321733e-01 
  931.000  6.322113e-01 
  932.000  6.322490e-01 
  933.000  6.322866e-01 
  934.000  6.323239e-01 
  935.000  6.323611e-01 
  936.000  6.323981e-01 
  937.000  6.324348e-01 
  938.000  6.324714e-01 
  939.000  6.325078e-01 
  940.000  6.325440e-01 
  941.000  6.325800e-01 
  942.000  6.326158e-01 
  943.000  6.326514e-01 
  944.000  6.326869e-01 
  945.000  6.327221e-01 
  946.000  6.327572e-01 
  947.000  6.327921e-01 
  948.000  6.328267e-01 
  949.000  6.328613e-01 
  950.000  6.328956e-01 
  951.000  6.329297e-01 
  952.000  6.329637e-01 
  953.000  6.329975e-01 
  954.000  6.330311e-01 
  955.000  6.330646e-01 
  956.000  6.330978e-01 
  957.000  6.331309e-01 
  958.000  6.331638e-01 
  959.000  6.331966e-01 
  960.000  6.332292e-01 
  961.000  6.332616e-01 
  962.000  6.332938e-01 
  963.000  6.333259e-01 
  964.000  6.333578e-01 
  965.000  6.333895e-01 
  966.000  6.334211e-01 
  967.000  6.334526e-01 
  968.000  6.334838e-01 
  969.000  6.335149e-01 
  970.000  6.335459e-01 
  971.000  6.335766e-01 
  972.000  6.336073e-01 
  973.000  6.336377e-01 
  974.000  6.336680e-01 
  975.000  6.336982e-01 
  976.000  6.337282e-01 
  977.000  6.337580e-01 
  978.000  6.337878e-01 
  979.000  6.338173e-01 
  980.000  6.338466e-01 
  981.000  6.338759e-01 
  982.000  6.339050e-01 
  983.000  6.339340e-01 
  984.000  6.339628e-01 
  985.000  6.339914e-01 
  986.000  6.340199e-01 
  987.000  6.340483e-01 
  988.000  6.340765e-01 
  989.000  6.341046e-01 
  990.000  6.341326e-01 
  991.000  6.341603e-01 
  992.000  6.341880e-01 
  993.000  6.342155e-01 
  994.000  6.342429e-01 
  995.000  6.342701e-01 
  996.000  6.342973e-01 
  997.000  6.343243e-01 
  998.000  6.343511e-01 
  999.000  6.343778e-01 
 1000.000  6.344044e-01 
 1001.000  6.344308e-01 
 1002.000  6.344571e-01 
 1003.000  6.344833e-01 
 1004.000  6.345093e-01 
 1005.000  6.345353e-01 
 1006.000  6.345178e-01 
 1007.000  6.345401e-01 
 1008.000  6.345576e-01 
 1009.000  6.345655e-01 
 1010.000  6.345779e-01 
 1011.000  6.345803e-01 
 1012.000  6.345887e-01 
 1013.000  6.345823e-01 
 1014.000  6.345830e-01 
 1015.000  6.345728e-01 
 1016.000  6.345689e-01 
 1017.000  6.345713e-01 
 1018.000  6.345603e-01 
 1019.000  6.345594e-01 
 1020.000  6.345485e-01 
 1021.000  6.345423e-01 
 1022.000  6.345156e-01 
 1023.000  6.344871e-01 
 1024.000  6.344551e-01 
 1025.000  6.344344e-01 
 1026.000  6.343913e-01 
 1027.000  6.343595e-01 
 1028.000  6.343024e-01 
 1029.000  6.342583e-01 
 1030.000  6.342022e-01 
 1031.000  6.341444e-01 
 1032.000  6.340659e-01 
 1033.000  6.339899e-01 
 1034.000  6.338970e-01 
 1035.000  6.337454e-01 
 1036.000  6.334776e-01 
 1037.000  6.332541e-01 
 1038.000  6.332266e-01 
 1039.000  6.331565e-01 
 1040.000  6.330380e-01 
 1041.000  6.329371e-01 
 1042.000  6.328671e-01 
 1043.000  6.327754e-01 
 1044.000  6.326306e-01 
 1045.000  6.324457e-01 
 1046.000  6.322781e-01 
 1047.000  6.320362e-01 
 1048.000  6.314867e-01 
 1049.000  6.307920e-01 
 1050.000  6.305197e-01 
 1051.000  6.304128e-01 
 1052.000  6.301181e-01 
 1053.000  6.298230e-01 
 1054.000  6.295481e-01 
 1055.000  6.292517e-01 
 1056.000  6.288083e-01 
 1057.000  6.283603e-01 
 1058.000  6.278569e-01 
 1059.000  6.274242e-01 
 1060.000  6.270283e-01 
 1061.000  6.267434e-01 
 1062.000  6.262724e-01 
 1063.000  6.255833e-01 
 1064.000  6.250799e-01 
 1065.000  6.250150e-01 
 1066.000  6.249601e-01 
 1067.000  6.248403e-01 
 1068.000  6.250800e-01 
 1069.000  6.262396e-01 
 1070.000  6.271225e-01 
 1071.000  6.279414e-01 
 1072.000  6.284850e-01 
 1073.000  6.290520e-01 
 1074.000  6.296002e-01 
 1075.000  6.301320e-01 
 1076.000  6.306183e-01 
 1077.000  6.310542e-01 
 1078.000  6.314666e-01 
 1079.000  6.318647e-01 
 1080.000  6.321796e-01 
 1081.000  6.324838e-01 
 1082.000  6.327572e-01 
 1083.000  6.330503e-01 
 1084.000  6.332917e-01 
 1085.000  6.335162e-01 
 1086.000  6.337351e-01 
 1087.000  6.339272e-01 
 1088.000  6.341192e-01 
 1089.000  6.342877e-01 
 1090.000  6.344640e-01 
 1091.000  6.346234e-01 
 1092.000  6.348187e-01 
 1093.000  6.349321e-01 
 1094.000  6.350443e-01 
 1095.000  6.351475e-01 
 1096.000  6.352282e-01 
 1097.000  6.353658e-01 
 1098.000  6.354634e-01 
 1099.000  6.355919e-01 
 1100.000  6.356812e-01 
 1101.000  6.357491e-01 
 1102.000  6.358739e-01 
 1103.000  6.359075e-01 
 1104.000  6.359236e-01 
 1105.000  6.360009e-01 
 1106.000  6.360736e-01 
 1107.000  6.361492e-01 
 1108.000  6.362311e-01 
 1109.000  6.362741e-01 
 1110.000  6.363391e-01 
 1111.000  6.364051e-01 
 1112.000  6.364644e-01 
 1113.000  6.364589e-01 
 1114.000  6.364903e-01 
 1115.000  6.365142e-01 
 1116.000  6.365572e-01 
 1117.000  6.365468e-01 
 1118.000  6.366229e-01 
 1119.000  6.366305e-01 
 1120.000  6.367021e-01 
 1121.000  6.367449e-01 
 1122.000  6.367608e-01 
 1123.000  6.367480e-01 
 1124.000  6.367776e-01 
 1125.000  6.368170e-01 
 1126.000  6.368155e-01 
 1127.000  6.368849e-01 
 1128.000  6.368580e-01 
 1129.000  6.369112e-01 
 1130.000  6.369420e-01 
 1131.000  6.369594e-01 
 1132.000  6.369766e-01 
 1133.000  6.370099e-01 
 1134.000  6.370198e-01 
 1135.000  6.370382e-01 
 1136.000  6.370522e-01 
 1137.000  6.370566e-01 
 1138.000  6.370707e-01 
 1139.000  6.370848e-01 
 1140.000  6.370987e-01 
 1141.000  6.371126e-01 
 1142.000  6.371264e-01 
 1143.000  6.371402e-01 
 1144.000  6.371539e-01 
 1145.000  6.371676e-01 
 1146.000  6.371812e-01 
 1147.000  6.371947e-01 
 1148.000  6.372082e-01 
 1149.000  6.372216e-01 
 1150.000  6.372349e-01 
