  320.000  3.772841e-01 
  321.000  4.376336e-01 
  322.000  4.143277e-01 
  323.000  4.437865e-01 
  324.000  4.726327e-01 
  325.000  4.512032e-01 
  326.000  4.861957e-01 
  327.000  4.958019e-01 
  328.000  4.749704e-01 
  329.000  5.146884e-01 
  330.000  5.208836e-01 
  331.000  5.085997e-01 
  332.000  5.322270e-01 
  333.000  5.390468e-01 
  334.000  5.334496e-01 
  335.000  5.505293e-01 
  336.000  5.573936e-01 
  337.000  5.545044e-01 
  338.000  5.625248e-01 
  339.000  5.707603e-01 
  340.000  5.694098e-01 
  341.000  5.773732e-01 
  342.000  5.831723e-01 
  343.000  5.860773e-01 
  344.000  5.866703e-01 
  345.000  5.944809e-01 
  346.000  5.993936e-01 
  347.000  6.033882e-01 
  348.000  6.071210e-01 
  349.000  6.113037e-01 
  350.000  6.148706e-01 
  351.000  6.184154e-01 
  352.000  6.213176e-01 
  353.000  6.254357e-01 
  354.000  6.289333e-01 
  355.000  6.321812e-01 
  356.000  6.353399e-01 
  357.000  6.381459e-01 
  358.000  6.411597e-01 
  359.000  6.441649e-01 
  360.000  6.472369e-01 
  361.000  6.511095e-01 
  362.000  6.551322e-01 
  363.000  6.588283e-01 
  364.000  6.622225e-01 
  365.000  6.653998e-01 
  366.000  6.686424e-01 
  367.000  6.717237e-01 
  368.000  6.747714e-01 
  369.000  6.777872e-01 
  370.000  6.807664e-01 
  371.000  6.837170e-01 
  372.000  6.866381e-01 
  373.000  6.895292e-01 
  374.000  6.923689e-01 
  375.000  6.951492e-01 
  376.000  6.978305e-01 
  377.000  7.003608e-01 
  378.000  7.027075e-01 
  379.000  7.050886e-01 
  380.000  7.077034e-01 
  381.000  7.106750e-01 
  382.000  7.137488e-01 
  383.000  7.166503e-01 
  384.000  7.193979e-01 
  385.000  7.220410e-01 
  386.000  7.246122e-01 
  387.000  7.271378e-01 
  388.000  7.296274e-01 
  389.000  7.320927e-01 
  390.000  7.345344e-01 
  391.000  7.369475e-01 
  392.000  7.393390e-01 
  393.000  7.417073e-01 
  394.000  7.440501e-01 
  395.000  7.463656e-01 
  396.000  7.486628e-01 
  397.000  7.509301e-01 
  398.000  7.531734e-01 
  399.000  7.553946e-01 
  400.000  7.575819e-01 
  401.000  7.597579e-01 
  402.000  7.619136e-01 
  403.000  7.640478e-01 
  404.000  7.661603e-01 
  405.000  7.682469e-01 
  406.000  7.703170e-01 
  407.000  7.723681e-01 
  408.000  7.743989e-01 
  409.000  7.764071e-01 
  410.000  7.783938e-01 
  411.000  7.803585e-01 
  412.000  7.822998e-01 
  413.000  7.842276e-01 
  414.000  7.860150e-01 
  415.000  7.879464e-01 
  416.000  7.898512e-01 
  417.000  7.917219e-01 
  418.000  7.935477e-01 
  419.000  7.953514e-01 
  420.000  7.971368e-01 
  421.000  7.989096e-01 
  422.000  8.006696e-01 
  423.000  8.024146e-01 
  424.000  8.041372e-01 
  425.000  8.058187e-01 
  426.000  8.074821e-01 
  427.000  8.091292e-01 
  428.000  8.107455e-01 
  429.000  8.123376e-01 
  430.000  8.139098e-01 
  431.000  8.154688e-01 
  432.000  8.170101e-01 
  433.000  8.185354e-01 
  434.000  8.200465e-01 
  435.000  8.215415e-01 
  436.000  8.230184e-01 
  437.000  8.244781e-01 
  438.000  8.259199e-01 
  439.000  8.273495e-01 
  440.000  8.287548e-01 
  441.000  8.301411e-01 
  442.000  8.315045e-01 
  443.000  8.328462e-01 
  444.000  8.341658e-01 
  445.000  8.354561e-01 
  446.000  8.367096e-01 
  447.000  8.380232e-01 
  448.000  8.394305e-01 
  449.000  8.408539e-01 
  450.000  8.422487e-01 
  451.000  8.435879e-01 
  452.000  8.448793e-01 
  453.000  8.461433e-01 
  454.000  8.473836e-01 
  455.000  8.485511e-01 
  456.000  8.496236e-01 
  457.000  8.506958e-01 
  458.000  8.517530e-01 
  459.000  8.527870e-01 
  460.000  8.538123e-01 
  461.000  8.548261e-01 
  462.000  8.558200e-01 
  463.000  8.568091e-01 
  464.000  8.580959e-01 
  465.000  8.593625e-01 
  466.000  8.606059e-01 
  467.000  8.618196e-01 
  468.000  8.628076e-01 
  469.000  8.636581e-01 
  470.000  8.644399e-01 
  471.000  8.651434e-01 
  472.000  8.657405e-01 
  473.000  8.661588e-01 
  474.000  8.665023e-01 
  475.000  8.665906e-01 
  476.000  8.664206e-01 
  477.000  8.664171e-01 
  478.000  8.674105e-01 
  479.000  8.689218e-01 
  480.000  8.705516e-01 
  481.000  8.720123e-01 
  482.000  8.733813e-01 
  483.000  8.745704e-01 
  484.000  8.755919e-01 
  485.000  8.765048e-01 
  486.000  8.774780e-01 
  487.000  8.785018e-01 
  488.000  8.794922e-01 
  489.000  8.804638e-01 
  490.000  8.814235e-01 
  491.000  8.821746e-01 
  492.000  8.828608e-01 
  493.000  8.835434e-01 
  494.000  8.842065e-01 
  495.000  8.848693e-01 
  496.000  8.852107e-01 
  497.000  8.855391e-01 
  498.000  8.858626e-01 
  499.000  8.861687e-01 
  500.000  8.864698e-01 
  501.000  8.867375e-01 
  502.000  8.870051e-01 
  503.000  8.872693e-01 
  504.000  8.875214e-01 
  505.000  8.877596e-01 
  506.000  8.884573e-01 
  507.000  8.891749e-01 
  508.000  8.898911e-01 
  509.000  8.905988e-01 
  510.000  8.912911e-01 
  511.000  8.919116e-01 
  512.000  8.925105e-01 
  513.000  8.931058e-01 
  514.000  8.936935e-01 
  515.000  8.942758e-01 
  516.000  8.946918e-01 
  517.000  8.949583e-01 
  518.000  8.952175e-01 
  519.000  8.954718e-01 
  520.000  8.957235e-01 
  521.000  8.959490e-01 
  522.000  8.961116e-01 
  523.000  8.962288e-01 
  524.000  8.963500e-01 
  525.000  8.964455e-01 
  526.000  8.965794e-01 
  527.000  8.966009e-01 
  528.000  8.965769e-01 
  529.000  8.965517e-01 
  530.000  8.965321e-01 
  531.000  8.965159e-01 
  532.000  8.965521e-01 
  533.000  8.968787e-01 
  534.000  8.972909e-01 
  535.000  8.977561e-01 
  536.000  8.982058e-01 
  537.000  8.986170e-01 
  538.000  8.989846e-01 
  539.000  8.993251e-01 
  540.000  8.996445e-01 
  541.000  8.999544e-01 
  542.000  9.002509e-01 
  543.000  9.005367e-01 
  544.000  9.007528e-01 
  545.000  9.009120e-01 
  546.000  9.010639e-01 
  547.000  9.012200e-01 
  548.000  9.013683e-01 
  549.000  9.015142e-01 
  550.000  9.015850e-01 
  551.000  9.015813e-01 
  552.000  9.015805e-01 
  553.000  9.015642e-01 
  554.000  9.015409e-01 
  555.000  9.015135e-01 
  556.000  9.014578e-01 
  557.000  9.013534e-01 
  558.000  9.012404e-01 
  559.000  9.011143e-01 
  560.000  9.009567e-01 
  561.000  9.007702e-01 
  562.000  9.004833e-01 
  563.000  9.002616e-01 
  564.000  8.999835e-01 
  565.000  8.995942e-01 
  566.000  8.992361e-01 
  567.000  8.985435e-01 
  568.000  8.968204e-01 
  569.000  8.935196e-01 
  570.000  8.936570e-01 
  571.000  8.954196e-01 
  572.000  8.929967e-01 
  573.000  8.931676e-01 
  574.000  8.930206e-01 
  575.000  8.927211e-01 
  576.000  8.928956e-01 
  577.000  8.938249e-01 
  578.000  8.951219e-01 
  579.000  8.965678e-01 
  580.000  8.982906e-01 
  581.000  9.004768e-01 
  582.000  9.021391e-01 
  583.000  9.033918e-01 
  584.000  9.044797e-01 
  585.000  9.053963e-01 
  586.000  9.062358e-01 
  587.000  9.059678e-01 
  588.000  9.023851e-01 
  589.000  8.962057e-01 
  590.000  8.961200e-01 
  591.000  9.009375e-01 
  592.000  8.988255e-01 
  593.000  9.042146e-01 
  594.000  9.033463e-01 
  595.000  8.999833e-01 
  596.000  9.048812e-01 
  597.000  9.034361e-01 
  598.000  9.051955e-01 
  599.000  9.057149e-01 
  600.000  9.072540e-01 
  601.000  9.081902e-01 
  602.000  9.082761e-01 
  603.000  9.089267e-01 
  604.000  9.098878e-01 
  605.000  9.106602e-01 
  606.000  9.112993e-01 
  607.000  9.119190e-01 
  608.000  9.125405e-01 
  609.000  9.131370e-01 
  610.000  9.137583e-01 
  611.000  9.144486e-01 
  612.000  9.151245e-01 
  613.000  9.157792e-01 
  614.000  9.164144e-01 
  615.000  9.170477e-01 
  616.000  9.176576e-01 
  617.000  9.182335e-01 
  618.000  9.187162e-01 
  619.000  9.191245e-01 
  620.000  9.195023e-01 
  621.000  9.198269e-01 
  622.000  9.200982e-01 
  623.000  9.202797e-01 
  624.000  9.204732e-01 
  625.000  9.206357e-01 
  626.000  9.206060e-01 
  627.000  9.184896e-01 
  628.000  8.935541e-01 
  629.000  9.097326e-01 
  630.000  9.112344e-01 
  631.000  9.158565e-01 
  632.000  9.177055e-01 
  633.000  9.217770e-01 
  634.000  9.242796e-01 
  635.000  9.257633e-01 
  636.000  9.273669e-01 
  637.000  9.287736e-01 
  638.000  9.307193e-01 
  639.000  9.318386e-01 
  640.000  9.333096e-01 
  641.000  9.343269e-01 
  642.000  9.354432e-01 
  643.000  9.356138e-01 
  644.000  9.363471e-01 
  645.000  9.361650e-01 
  646.000  9.331640e-01 
  647.000  9.312323e-01 
  648.000  9.289638e-01 
  649.000  9.320295e-01 
  650.000  9.373353e-01 
  651.000  9.378217e-01 
  652.000  9.340770e-01 
  653.000  9.394218e-01 
  654.000  9.393675e-01 
  655.000  9.380809e-01 
  656.000  9.391776e-01 
  657.000  9.405816e-01 
  658.000  9.426960e-01 
  659.000  9.441246e-01 
  660.000  9.450166e-01 
  661.000  9.467194e-01 
  662.000  9.477348e-01 
  663.000  9.480960e-01 
  664.000  9.487714e-01 
  665.000  9.494067e-01 
  666.000  9.500998e-01 
  667.000  9.507347e-01 
  668.000  9.514211e-01 
  669.000  9.520014e-01 
  670.000  9.525501e-01 
  671.000  9.531099e-01 
  672.000  9.536421e-01 
  673.000  9.541690e-01 
  674.000  9.546925e-01 
  675.000  9.552152e-01 
  676.000  9.557114e-01 
  677.000  9.561663e-01 
  678.000  9.566206e-01 
  679.000  9.570373e-01 
  680.000  9.572946e-01 
  681.000  9.574915e-01 
  682.000  9.578484e-01 
  683.000  9.581268e-01 
  684.000  9.581420e-01 
  685.000  9.588033e-01 
  686.000  9.558294e-01 
  687.000  8.445998e-01 
  688.000  8.791342e-01 
  689.000  8.697264e-01 
  690.000  8.875729e-01 
  691.000  9.126632e-01 
  692.000  9.303634e-01 
  693.000  9.351764e-01 
  694.000  9.358377e-01 
  695.000  9.423184e-01 
  696.000  9.458355e-01 
  697.000  9.570519e-01 
  698.000  9.551867e-01 
  699.000  9.458340e-01 
  700.000  9.476373e-01 
  701.000  9.456611e-01 
  702.000  9.474155e-01 
  703.000  9.556046e-01 
  704.000  9.561133e-01 
  705.000  9.529600e-01 
  706.000  9.537431e-01 
  707.000  9.550630e-01 
  708.000  9.564742e-01 
  709.000  9.592130e-01 
  710.000  9.565871e-01 
  711.000  9.595543e-01 
  712.000  9.620941e-01 
  713.000  9.603211e-01 
  714.000  9.598337e-01 
  715.000  9.568922e-01 
  716.000  9.538838e-01 
  717.000  9.329674e-01 
  718.000  9.198628e-01 
  719.000  9.152128e-01 
  720.000  9.077933e-01 
  721.000  9.400040e-01 
  722.000  9.511492e-01 
  723.000  9.450775e-01 
  724.000  9.272422e-01 
  725.000  9.301135e-01 
  726.000  9.293292e-01 
  727.000  9.319768e-01 
  728.000  9.292268e-01 
  729.000  9.362314e-01 
  730.000  9.350542e-01 
  731.000  9.336156e-01 
  732.000  9.452862e-01 
  733.000  9.562235e-01 
  734.000  9.614446e-01 
  735.000  9.596817e-01 
  736.000  9.563215e-01 
  737.000  9.589586e-01 
  738.000  9.625477e-01 
  739.000  9.641156e-01 
  740.000  9.675130e-01 
  741.000  9.694926e-01 
  742.000  9.703562e-01 
  743.000  9.721871e-01 
  744.000  9.730530e-01 
  745.000  9.737329e-01 
  746.000  9.742777e-01 
  747.000  9.744920e-01 
  748.000  9.750255e-01 
  749.000  9.753432e-01 
  750.000  9.753357e-01 
  751.000  9.755241e-01 
  752.000  9.760019e-01 
  753.000  9.762623e-01 
  754.000  9.764903e-01 
  755.000  9.766763e-01 
  756.000  9.768656e-01 
  757.000  9.769994e-01 
  758.000  9.756977e-01 
  759.000  9.169677e-01 
  760.000  4.617361e-01 
  761.000  4.162885e-01 
  762.000  6.870509e-01 
  763.000  6.044832e-01 
  764.000  6.454980e-01 
  765.000  7.374980e-01 
  766.000  8.466895e-01 
  767.000  9.011128e-01 
  768.000  9.364813e-01 
  769.000  9.597268e-01 
  770.000  9.718497e-01 
  771.000  9.778897e-01 
  772.000  9.793338e-01 
  773.000  9.800026e-01 
  774.000  9.808130e-01 
  775.000  9.812336e-01 
  776.000  9.815251e-01 
  777.000  9.816567e-01 
  778.000  9.817190e-01 
  779.000  9.817629e-01 
  780.000  9.818007e-01 
  781.000  9.820177e-01 
  782.000  9.820500e-01 
  783.000  9.820875e-01 
  784.000  9.820082e-01 
  785.000  9.813080e-01 
  786.000  9.801753e-01 
  787.000  9.776266e-01 
  788.000  9.763106e-01 
  789.000  9.714424e-01 
  790.000  9.710707e-01 
  791.000  9.720504e-01 
  792.000  9.729518e-01 
  793.000  9.749932e-01 
  794.000  9.792655e-01 
  795.000  9.767277e-01 
  796.000  9.698458e-01 
  797.000  9.718769e-01 
  798.000  9.762895e-01 
  799.000  9.753339e-01 
  800.000  9.721929e-01 
  801.000  9.726146e-01 
  802.000  9.723327e-01 
  803.000  9.728376e-01 
  804.000  9.743682e-01 
  805.000  9.772646e-01 
  806.000  9.790007e-01 
  807.000  9.791147e-01 
  808.000  9.781931e-01 
  809.000  9.770529e-01 
  810.000  9.758053e-01 
  811.000  9.731880e-01 
  812.000  9.696484e-01 
  813.000  9.652784e-01 
  814.000  9.594598e-01 
  815.000  9.521708e-01 
  816.000  9.425780e-01 
  817.000  9.432089e-01 
  818.000  9.440439e-01 
  819.000  9.472252e-01 
  820.000  9.577857e-01 
  821.000  9.696964e-01 
  822.000  9.607126e-01 
  823.000  9.349420e-01 
  824.000  9.567631e-01 
  825.000  9.704481e-01 
  826.000  9.681038e-01 
  827.000  9.664186e-01 
  828.000  9.574379e-01 
  829.000  9.607369e-01 
  830.000  9.643936e-01 
  831.000  9.652571e-01 
  832.000  9.656121e-01 
  833.000  9.677071e-01 
  834.000  9.701571e-01 
  835.000  9.749883e-01 
  836.000  9.734538e-01 
  837.000  9.732996e-01 
  838.000  9.756712e-01 
  839.000  9.771117e-01 
  840.000  9.776550e-01 
  841.000  9.761410e-01 
  842.000  9.775499e-01 
  843.000  9.808499e-01 
  844.000  9.823518e-01 
  845.000  9.830677e-01 
  846.000  9.838182e-01 
  847.000  9.846449e-01 
  848.000  9.833602e-01 
  849.000  9.835612e-01 
  850.000  9.829420e-01 
  851.000  9.821958e-01 
  852.000  9.823032e-01 
  853.000  9.836151e-01 
  854.000  9.835714e-01 
  855.000  9.842427e-01 
  856.000  9.856077e-01 
  857.000  9.861967e-01 
  858.000  9.865169e-01 
  859.000  9.871876e-01 
  860.000  9.875279e-01 
  861.000  9.876073e-01 
  862.000  9.878033e-01 
  863.000  9.878578e-01 
  864.000  9.880026e-01 
  865.000  9.881268e-01 
  866.000  9.881839e-01 
  867.000  9.881984e-01 
  868.000  9.882450e-01 
  869.000  9.883079e-01 
  870.000  9.883161e-01 
  871.000  9.883770e-01 
  872.000  9.884808e-01 
  873.000  9.884390e-01 
  874.000  9.884304e-01 
  875.000  9.884518e-01 
  876.000  9.883556e-01 
  877.000  9.883215e-01 
  878.000  9.879243e-01 
  879.000  9.879254e-01 
  880.000  9.875850e-01 
  881.000  9.874072e-01 
  882.000  9.872374e-01 
  883.000  9.874597e-01 
  884.000  9.875653e-01 
  885.000  9.868405e-01 
  886.000  9.858192e-01 
  887.000  9.866570e-01 
  888.000  9.866374e-01 
  889.000  9.869248e-01 
  890.000  9.863464e-01 
  891.000  9.851241e-01 
  892.000  9.825188e-01 
  893.000  9.744383e-01 
  894.000  9.704402e-01 
  895.000  9.578657e-01 
  896.000  9.465082e-01 
  897.000  9.344018e-01 
  898.000  9.286936e-01 
  899.000  9.119589e-01 
  900.000  9.145058e-01 
  901.000  9.100770e-01 
  902.000  9.107919e-01 
  903.000  9.388470e-01 
  904.000  9.554459e-01 
  905.000  9.547921e-01 
  906.000  9.444480e-01 
  907.000  9.258029e-01 
  908.000  9.132800e-01 
  909.000  9.138899e-01 
  910.000  9.158334e-01 
  911.000  9.242099e-01 
  912.000  9.201784e-01 
  913.000  9.023663e-01 
  914.000  9.112275e-01 
  915.000  9.180929e-01 
  916.000  9.199122e-01 
  917.000  9.235650e-01 
  918.000  9.282792e-01 
  919.000  9.442124e-01 
  920.000  9.559730e-01 
  921.000  9.533430e-01 
  922.000  9.531184e-01 
  923.000  9.498397e-01 
  924.000  9.418961e-01 
  925.000  9.413616e-01 
  926.000  9.414907e-01 
  927.000  9.323778e-01 
  928.000  9.181136e-01 
  929.000  8.969764e-01 
  930.000  8.690716e-01 
  931.000  8.363596e-01 
  932.000  7.920088e-01 
  933.000  7.555912e-01 
  934.000  7.150624e-01 
  935.000  7.109297e-01 
  936.000  7.279803e-01 
  937.000  7.233295e-01 
  938.000  7.671293e-01 
  939.000  8.696230e-01 
  940.000  8.833699e-01 
  941.000  8.710536e-01 
  942.000  8.403469e-01 
  943.000  7.859408e-01 
  944.000  7.821950e-01 
  945.000  8.027260e-01 
  946.000  8.035887e-01 
  947.000  8.206453e-01 
  948.000  8.304905e-01 
  949.000  8.288956e-01 
  950.000  8.313203e-01 
  951.000  8.530279e-01 
  952.000  8.292402e-01 
  953.000  8.454319e-01 
  954.000  8.623061e-01 
  955.000  8.480045e-01 
  956.000  8.442448e-01 
  957.000  8.866601e-01 
  958.000  8.916613e-01 
  959.000  8.845240e-01 
  960.000  8.823069e-01 
  961.000  8.786668e-01 
  962.000  8.816788e-01 
  963.000  9.040029e-01 
  964.000  9.070408e-01 
  965.000  9.047902e-01 
  966.000  9.058325e-01 
  967.000  9.212152e-01 
  968.000  9.461847e-01 
  969.000  9.571272e-01 
  970.000  9.576625e-01 
  971.000  9.573957e-01 
  972.000  9.543090e-01 
  973.000  9.470842e-01 
  974.000  9.381443e-01 
  975.000  9.323306e-01 
  976.000  9.394426e-01 
  977.000  9.510120e-01 
  978.000  9.500269e-01 
  979.000  9.529322e-01 
  980.000  9.644670e-01 
  981.000  9.669671e-01 
  982.000  9.643641e-01 
  983.000  9.701914e-01 
  984.000  9.761526e-01 
  985.000  9.795119e-01 
  986.000  9.838292e-01 
  987.000  9.856818e-01 
  988.000  9.860988e-01 
  989.000  9.863672e-01 
  990.000  9.868234e-01 
  991.000  9.884263e-01 
  992.000  9.888874e-01 
  993.000  9.890648e-01 
  994.000  9.905161e-01 
  995.000  9.915094e-01 
  996.000  9.915126e-01 
  997.000  9.909011e-01 
  998.000  9.901832e-01 
  999.000  9.899291e-01 
 1000.000  9.901619e-01 
 1001.000  9.886440e-01 
 1002.000  9.862009e-01 
 1003.000  9.867970e-01 
 1004.000  9.882219e-01 
 1005.000  9.888782e-01 
 1006.000  9.890760e-01 
 1007.000  9.886195e-01 
 1008.000  9.866250e-01 
 1009.000  9.839421e-01 
 1010.000  9.851440e-01 
 1011.000  9.879909e-01 
 1012.000  9.890734e-01 
 1013.000  9.899154e-01 
 1014.000  9.902666e-01 
 1015.000  9.903264e-01 
 1016.000  9.907057e-01 
 1017.000  9.909284e-01 
 1018.000  9.904428e-01 
 1019.000  9.894577e-01 
 1020.000  9.897982e-01 
 1021.000  9.905057e-01 
 1022.000  9.893006e-01 
 1023.000  9.882863e-01 
 1024.000  9.876707e-01 
 1025.000  9.894921e-01 
 1026.000  9.902767e-01 
 1027.000  9.899148e-01 
 1028.000  9.901657e-01 
 1029.000  9.909452e-01 
 1030.000  9.916501e-01 
 1031.000  9.920006e-01 
 1032.000  9.922542e-01 
 1033.000  9.922907e-01 
 1034.000  9.924160e-01 
 1035.000  9.924131e-01 
 1036.000  9.922149e-01 
 1037.000  9.921016e-01 
 1038.000  9.921348e-01 
 1039.000  9.920003e-01 
 1040.000  9.918504e-01 
 1041.000  9.917282e-01 
 1042.000  9.916700e-01 
 1043.000  9.916154e-01 
 1044.000  9.914751e-01 
 1045.000  9.911894e-01 
 1046.000  9.909725e-01 
 1047.000  9.906904e-01 
 1048.000  9.901952e-01 
 1049.000  9.896173e-01 
 1050.000  9.892651e-01 
 1051.000  9.889169e-01 
 1052.000  9.885661e-01 
 1053.000  9.883863e-01 
 1054.000  9.879450e-01 
 1055.000  9.874861e-01 
 1056.000  9.869989e-01 
 1057.000  9.861015e-01 
 1058.000  9.846241e-01 
 1059.000  9.844710e-01 
 1060.000  9.848796e-01 
 1061.000  9.845807e-01 
 1062.000  9.835552e-01 
 1063.000  9.828686e-01 
 1064.000  9.818792e-01 
 1065.000  9.810582e-01 
 1066.000  9.810846e-01 
 1067.000  9.805217e-01 
 1068.000  9.790923e-01 
 1069.000  9.790720e-01 
 1070.000  9.798186e-01 
 1071.000  9.792732e-01 
 1072.000  9.785446e-01 
 1073.000  9.786544e-01 
 1074.000  9.790949e-01 
 1075.000  9.808901e-01 
 1076.000  9.802071e-01 
 1077.000  9.791743e-01 
 1078.000  9.779029e-01 
 1079.000  9.779272e-01 
 1080.000  9.740775e-01 
 1081.000  9.740125e-01 
 1082.000  9.759399e-01 
 1083.000  9.739772e-01 
 1084.000  9.717702e-01 
 1085.000  9.662545e-01 
 1086.000  9.677131e-01 
 1087.000  9.740309e-01 
 1088.000  9.743683e-01 
 1089.000  9.669500e-01 
 1090.000  9.656441e-01 
 1091.000  9.672002e-01 
 1092.000  9.635759e-01 
 1093.000  9.551858e-01 
 1094.000  9.515289e-01 
 1095.000  9.522251e-01 
 1096.000  9.529016e-01 
 1097.000  9.513443e-01 
 1098.000  9.302649e-01 
 1099.000  9.118181e-01 
 1100.000  9.131778e-01 
 1101.000  9.158652e-01 
 1102.000  9.147850e-01 
 1103.000  9.166349e-01 
 1104.000  9.136376e-01 
 1105.000  9.058747e-01 
 1106.000  8.977912e-01 
 1107.000  9.000760e-01 
 1108.000  9.019173e-01 
 1109.000  9.092849e-01 
 1110.000  9.090606e-01 
 1111.000  9.055839e-01 
 1112.000  8.888870e-01 
 1113.000  8.658006e-01 
 1114.000  8.605669e-01 
 1115.000  8.311057e-01 
 1116.000  8.119956e-01 
 1117.000  7.637946e-01 
 1118.000  7.173822e-01 
 1119.000  6.923375e-01 
 1120.000  6.583141e-01 
 1121.000  6.507879e-01 
 1122.000  6.110197e-01 
 1123.000  6.345022e-01 
 1124.000  6.496805e-01 
 1125.000  6.421159e-01 
 1126.000  6.388192e-01 
 1127.000  6.416014e-01 
 1128.000  6.470764e-01 
 1129.000  6.838259e-01 
 1130.000  7.634993e-01 
 1131.000  7.848153e-01 
 1132.000  7.559420e-01 
 1133.000  6.981352e-01 
 1134.000  5.779516e-01 
 1135.000  5.877258e-01 
 1136.000  7.055376e-01 
 1137.000  7.611249e-01 
 1138.000  8.097209e-01 
 1139.000  8.221024e-01 
 1140.000  8.131137e-01 
 1141.000  7.937075e-01 
 1142.000  7.871842e-01 
 1143.000  7.661247e-01 
 1144.000  7.411569e-01 
 1145.000  7.034169e-01 
 1146.000  7.124644e-01 
 1147.000  7.416314e-01 
 1148.000  7.664153e-01 
 1149.000  7.757405e-01 
 1150.000  7.751381e-01 
