  320.000  9.321062e-02 
  321.000  1.221097e-01 
  322.000  1.105337e-01 
  323.000  1.252522e-01 
  324.000  1.404630e-01 
  325.000  1.290881e-01 
  326.000  1.478852e-01 
  327.000  1.532461e-01 
  328.000  1.417300e-01 
  329.000  1.640361e-01 
  330.000  1.676473e-01 
  331.000  1.605215e-01 
  332.000  1.743513e-01 
  333.000  1.784386e-01 
  334.000  1.750809e-01 
  335.000  1.854168e-01 
  336.000  1.896459e-01 
  337.000  1.878606e-01 
  338.000  1.928353e-01 
  339.000  1.980042e-01 
  340.000  1.971524e-01 
  341.000  2.021993e-01 
  342.000  2.059108e-01 
  343.000  2.077814e-01 
  344.000  2.081641e-01 
  345.000  2.132356e-01 
  346.000  2.164535e-01 
  347.000  2.190861e-01 
  348.000  2.215591e-01 
  349.000  2.243450e-01 
  350.000  2.267332e-01 
  351.000  2.291178e-01 
  352.000  2.310785e-01 
  353.000  2.338735e-01 
  354.000  2.362593e-01 
  355.000  2.384846e-01 
  356.000  2.406577e-01 
  357.000  2.425956e-01 
  358.000  2.446849e-01 
  359.000  2.467762e-01 
  360.000  2.489223e-01 
  361.000  2.516396e-01 
  362.000  2.544763e-01 
  363.000  2.570953e-01 
  364.000  2.595110e-01 
  365.000  2.617816e-01 
  366.000  2.641080e-01 
  367.000  2.663273e-01 
  368.000  2.685306e-01 
  369.000  2.707189e-01 
  370.000  2.728885e-01 
  371.000  2.750449e-01 
  372.000  2.771873e-01 
  373.000  2.793152e-01 
  374.000  2.814123e-01 
  375.000  2.834723e-01 
  376.000  2.854654e-01 
  377.000  2.873521e-01 
  378.000  2.891069e-01 
  379.000  2.908923e-01 
  380.000  2.928586e-01 
  381.000  2.951005e-01 
  382.000  2.974276e-01 
  383.000  2.996318e-01 
  384.000  3.017259e-01 
  385.000  3.037465e-01 
  386.000  3.057179e-01 
  387.000  3.076600e-01 
  388.000  3.095799e-01 
  389.000  3.114863e-01 
  390.000  3.133796e-01 
  391.000  3.152559e-01 
  392.000  3.171203e-01 
  393.000  3.189715e-01 
  394.000  3.208076e-01 
  395.000  3.226269e-01 
  396.000  3.244365e-01 
  397.000  3.262269e-01 
  398.000  3.280028e-01 
  399.000  3.297654e-01 
  400.000  3.315053e-01 
  401.000  3.332404e-01 
  402.000  3.349631e-01 
  403.000  3.366728e-01 
  404.000  3.383689e-01 
  405.000  3.400479e-01 
  406.000  3.417174e-01 
  407.000  3.433752e-01 
  408.000  3.450201e-01 
  409.000  3.466503e-01 
  410.000  3.482664e-01 
  411.000  3.498678e-01 
  412.000  3.514535e-01 
  413.000  3.530313e-01 
  414.000  3.544971e-01 
  415.000  3.560841e-01 
  416.000  3.576523e-01 
  417.000  3.591955e-01 
  418.000  3.607046e-01 
  419.000  3.621980e-01 
  420.000  3.636791e-01 
  421.000  3.651525e-01 
  422.000  3.666179e-01 
  423.000  3.680734e-01 
  424.000  3.695129e-01 
  425.000  3.709203e-01 
  426.000  3.723150e-01 
  427.000  3.736984e-01 
  428.000  3.750581e-01 
  429.000  3.763997e-01 
  430.000  3.777265e-01 
  431.000  3.790444e-01 
  432.000  3.803492e-01 
  433.000  3.816426e-01 
  434.000  3.829258e-01 
  435.000  3.841973e-01 
  436.000  3.854553e-01 
  437.000  3.867005e-01 
  438.000  3.879321e-01 
  439.000  3.891550e-01 
  440.000  3.903589e-01 
  441.000  3.915482e-01 
  442.000  3.927193e-01 
  443.000  3.938734e-01 
  444.000  3.950099e-01 
  445.000  3.961226e-01 
  446.000  3.972049e-01 
  447.000  3.983406e-01 
  448.000  3.995590e-01 
  449.000  4.007929e-01 
  450.000  4.020037e-01 
  451.000  4.031678e-01 
  452.000  4.042918e-01 
  453.000  4.053933e-01 
  454.000  4.064755e-01 
  455.000  4.074953e-01 
  456.000  4.084332e-01 
  457.000  4.093718e-01 
  458.000  4.102981e-01 
  459.000  4.112051e-01 
  460.000  4.121053e-01 
  461.000  4.129963e-01 
  462.000  4.138707e-01 
  463.000  4.147416e-01 
  464.000  4.158760e-01 
  465.000  4.169939e-01 
  466.000  4.180926e-01 
  467.000  4.191664e-01 
  468.000  4.200414e-01 
  469.000  4.207953e-01 
  470.000  4.214888e-01 
  471.000  4.221132e-01 
  472.000  4.226436e-01 
  473.000  4.230154e-01 
  474.000  4.233208e-01 
  475.000  4.233992e-01 
  476.000  4.232481e-01 
  477.000  4.232449e-01 
  478.000  4.241286e-01 
  479.000  4.254745e-01 
  480.000  4.269280e-01 
  481.000  4.282327e-01 
  482.000  4.294570e-01 
  483.000  4.305218e-01 
  484.000  4.314374e-01 
  485.000  4.322565e-01 
  486.000  4.331303e-01 
  487.000  4.340505e-01 
  488.000  4.349415e-01 
  489.000  4.358164e-01 
  490.000  4.366813e-01 
  491.000  4.373588e-01 
  492.000  4.379782e-01 
  493.000  4.385948e-01 
  494.000  4.391940e-01 
  495.000  4.397933e-01 
  496.000  4.401022e-01 
  497.000  4.403994e-01 
  498.000  4.406923e-01 
  499.000  4.409694e-01 
  500.000  4.412422e-01 
  501.000  4.414847e-01 
  502.000  4.417272e-01 
  503.000  4.419668e-01 
  504.000  4.421953e-01 
  505.000  4.424113e-01 
  506.000  4.430443e-01 
  507.000  4.436958e-01 
  508.000  4.443465e-01 
  509.000  4.449898e-01 
  510.000  4.456196e-01 
  511.000  4.461843e-01 
  512.000  4.467298e-01 
  513.000  4.472722e-01 
  514.000  4.478081e-01 
  515.000  4.483393e-01 
  516.000  4.487188e-01 
  517.000  4.489622e-01 
  518.000  4.491988e-01 
  519.000  4.494311e-01 
  520.000  4.496610e-01 
  521.000  4.498671e-01 
  522.000  4.500157e-01 
  523.000  4.501229e-01 
  524.000  4.502336e-01 
  525.000  4.503208e-01 
  526.000  4.504433e-01 
  527.000  4.504630e-01 
  528.000  4.504411e-01 
  529.000  4.504180e-01 
  530.000  4.504000e-01 
  531.000  4.503853e-01 
  532.000  4.504184e-01 
  533.000  4.507170e-01 
  534.000  4.510942e-01 
  535.000  4.515199e-01 
  536.000  4.519315e-01 
  537.000  4.523081e-01 
  538.000  4.526449e-01 
  539.000  4.529571e-01 
  540.000  4.532499e-01 
  541.000  4.535342e-01 
  542.000  4.538060e-01 
  543.000  4.540683e-01 
  544.000  4.542667e-01 
  545.000  4.544128e-01 
  546.000  4.545523e-01 
  547.000  4.546956e-01 
  548.000  4.548317e-01 
  549.000  4.549658e-01 
  550.000  4.550308e-01 
  551.000  4.550274e-01 
  552.000  4.550266e-01 
  553.000  4.550117e-01 
  554.000  4.549903e-01 
  555.000  4.549651e-01 
  556.000  4.549140e-01 
  557.000  4.548180e-01 
  558.000  4.547143e-01 
  559.000  4.545985e-01 
  560.000  4.544535e-01 
  561.000  4.542817e-01 
  562.000  4.539353e-01 
  563.000  4.537247e-01 
  564.000  4.534490e-01 
  565.000  4.530328e-01 
  566.000  4.527429e-01 
  567.000  4.518443e-01 
  568.000  4.494803e-01 
  569.000  4.446796e-01 
  570.000  4.452375e-01 
  571.000  4.483300e-01 
  572.000  4.449716e-01 
  573.000  4.456341e-01 
  574.000  4.457053e-01 
  575.000  4.454113e-01 
  576.000  4.455807e-01 
  577.000  4.467120e-01 
  578.000  4.483973e-01 
  579.000  4.498999e-01 
  580.000  4.515007e-01 
  581.000  4.536016e-01 
  582.000  4.551134e-01 
  583.000  4.561683e-01 
  584.000  4.570444e-01 
  585.000  4.577902e-01 
  586.000  4.584604e-01 
  587.000  4.575366e-01 
  588.000  4.512318e-01 
  589.000  4.410901e-01 
  590.000  4.406676e-01 
  591.000  4.479813e-01 
  592.000  4.444111e-01 
  593.000  4.527139e-01 
  594.000  4.511105e-01 
  595.000  4.455892e-01 
  596.000  4.535042e-01 
  597.000  4.514615e-01 
  598.000  4.545207e-01 
  599.000  4.556145e-01 
  600.000  4.583517e-01 
  601.000  4.600198e-01 
  602.000  4.604120e-01 
  603.000  4.612796e-01 
  604.000  4.624561e-01 
  605.000  4.633164e-01 
  606.000  4.639470e-01 
  607.000  4.645565e-01 
  608.000  4.651393e-01 
  609.000  4.656969e-01 
  610.000  4.662742e-01 
  611.000  4.669157e-01 
  612.000  4.675440e-01 
  613.000  4.681530e-01 
  614.000  4.687442e-01 
  615.000  4.693339e-01 
  616.000  4.699022e-01 
  617.000  4.704390e-01 
  618.000  4.708892e-01 
  619.000  4.712701e-01 
  620.000  4.716228e-01 
  621.000  4.719258e-01 
  622.000  4.721791e-01 
  623.000  4.723486e-01 
  624.000  4.725290e-01 
  625.000  4.726795e-01 
  626.000  4.724333e-01 
  627.000  4.695752e-01 
  628.000  4.522772e-01 
  629.000  4.629396e-01 
  630.000  4.654302e-01 
  631.000  4.688871e-01 
  632.000  4.686621e-01 
  633.000  4.729078e-01 
  634.000  4.752114e-01 
  635.000  4.763581e-01 
  636.000  4.779510e-01 
  637.000  4.792213e-01 
  638.000  4.815445e-01 
  639.000  4.824999e-01 
  640.000  4.840920e-01 
  641.000  4.849790e-01 
  642.000  4.861604e-01 
  643.000  4.858391e-01 
  644.000  4.864676e-01 
  645.000  4.857809e-01 
  646.000  4.803683e-01 
  647.000  4.767434e-01 
  648.000  4.726262e-01 
  649.000  4.771022e-01 
  650.000  4.852957e-01 
  651.000  4.857016e-01 
  652.000  4.792504e-01 
  653.000  4.875478e-01 
  654.000  4.870861e-01 
  655.000  4.846129e-01 
  656.000  4.860244e-01 
  657.000  4.879756e-01 
  658.000  4.910791e-01 
  659.000  4.930593e-01 
  660.000  4.941535e-01 
  661.000  4.964536e-01 
  662.000  4.977691e-01 
  663.000  4.979658e-01 
  664.000  4.987429e-01 
  665.000  4.993990e-01 
  666.000  5.001954e-01 
  667.000  5.009206e-01 
  668.000  5.017411e-01 
  669.000  5.023470e-01 
  670.000  5.028909e-01 
  671.000  5.034601e-01 
  672.000  5.039755e-01 
  673.000  5.044824e-01 
  674.000  5.049852e-01 
  675.000  5.054886e-01 
  676.000  5.059619e-01 
  677.000  5.063971e-01 
  678.000  5.068334e-01 
  679.000  5.071979e-01 
  680.000  5.072529e-01 
  681.000  5.072421e-01 
  682.000  5.075048e-01 
  683.000  5.076995e-01 
  684.000  5.074583e-01 
  685.000  5.082639e-01 
  686.000  5.059476e-01 
  687.000  4.260010e-01 
  688.000  4.508787e-01 
  689.000  4.438300e-01 
  690.000  4.568767e-01 
  691.000  4.741704e-01 
  692.000  4.848459e-01 
  693.000  4.815645e-01 
  694.000  4.759936e-01 
  695.000  4.829196e-01 
  696.000  4.869420e-01 
  697.000  5.032429e-01 
  698.000  5.000390e-01 
  699.000  4.856640e-01 
  700.000  4.881630e-01 
  701.000  4.850330e-01 
  702.000  4.875046e-01 
  703.000  4.997399e-01 
  704.000  5.003676e-01 
  705.000  4.954495e-01 
  706.000  4.965140e-01 
  707.000  4.983942e-01 
  708.000  5.004206e-01 
  709.000  5.044785e-01 
  710.000  5.003336e-01 
  711.000  5.047366e-01 
  712.000  5.085009e-01 
  713.000  5.056258e-01 
  714.000  5.047079e-01 
  715.000  4.999805e-01 
  716.000  4.950604e-01 
  717.000  4.636356e-01 
  718.000  4.444571e-01 
  719.000  4.376180e-01 
  720.000  4.272991e-01 
  721.000  4.730892e-01 
  722.000  4.895689e-01 
  723.000  4.803649e-01 
  724.000  4.541900e-01 
  725.000  4.581153e-01 
  726.000  4.569347e-01 
  727.000  4.606895e-01 
  728.000  4.566909e-01 
  729.000  4.667768e-01 
  730.000  4.650788e-01 
  731.000  4.630190e-01 
  732.000  4.800559e-01 
  733.000  4.964569e-01 
  734.000  5.044026e-01 
  735.000  5.016600e-01 
  736.000  4.965025e-01 
  737.000  5.004542e-01 
  738.000  5.058783e-01 
  739.000  5.082350e-01 
  740.000  5.134258e-01 
  741.000  5.164414e-01 
  742.000  5.177279e-01 
  743.000  5.205172e-01 
  744.000  5.216508e-01 
  745.000  5.226399e-01 
  746.000  5.234318e-01 
  747.000  5.236745e-01 
  748.000  5.244032e-01 
  749.000  5.248404e-01 
  750.000  5.246329e-01 
  751.000  5.248154e-01 
  752.000  5.255734e-01 
  753.000  5.259008e-01 
  754.000  5.261647e-01 
  755.000  5.263461e-01 
  756.000  5.265349e-01 
  757.000  5.266662e-01 
  758.000  5.255321e-01 
  759.000  4.820131e-01 
  760.000  1.844661e-01 
  761.000  1.595702e-01 
  762.000  3.218442e-01 
  763.000  2.690500e-01 
  764.000  2.949746e-01 
  765.000  3.555054e-01 
  766.000  4.313587e-01 
  767.000  4.707134e-01 
  768.000  4.968247e-01 
  769.000  5.142207e-01 
  770.000  5.237008e-01 
  771.000  5.280865e-01 
  772.000  5.292063e-01 
  773.000  5.297067e-01 
  774.000  5.303712e-01 
  775.000  5.307887e-01 
  776.000  5.310872e-01 
  777.000  5.311816e-01 
  778.000  5.311816e-01 
  779.000  5.311695e-01 
  780.000  5.311542e-01 
  781.000  5.314878e-01 
  782.000  5.314625e-01 
  783.000  5.314478e-01 
  784.000  5.312049e-01 
  785.000  5.300834e-01 
  786.000  5.283477e-01 
  787.000  5.245968e-01 
  788.000  5.225596e-01 
  789.000  5.152392e-01 
  790.000  5.146296e-01 
  791.000  5.160362e-01 
  792.000  5.173391e-01 
  793.000  5.203494e-01 
  794.000  5.267165e-01 
  795.000  5.228571e-01 
  796.000  5.125661e-01 
  797.000  5.155309e-01 
  798.000  5.220672e-01 
  799.000  5.205993e-01 
  800.000  5.158757e-01 
  801.000  5.164596e-01 
  802.000  5.159998e-01 
  803.000  5.167126e-01 
  804.000  5.189623e-01 
  805.000  5.232568e-01 
  806.000  5.258303e-01 
  807.000  5.259625e-01 
  808.000  5.245321e-01 
  809.000  5.227697e-01 
  810.000  5.208364e-01 
  811.000  5.168553e-01 
  812.000  5.114961e-01 
  813.000  5.049389e-01 
  814.000  4.963027e-01 
  815.000  4.855842e-01 
  816.000  4.719088e-01 
  817.000  4.726714e-01 
  818.000  4.737971e-01 
  819.000  4.783256e-01 
  820.000  4.934520e-01 
  821.000  5.108005e-01 
  822.000  4.976236e-01 
  823.000  4.611476e-01 
  824.000  4.918877e-01 
  825.000  5.118376e-01 
  826.000  5.084558e-01 
  827.000  5.059467e-01 
  828.000  4.928418e-01 
  829.000  4.975724e-01 
  830.000  5.028835e-01 
  831.000  5.041469e-01 
  832.000  5.047193e-01 
  833.000  5.077974e-01 
  834.000  5.114235e-01 
  835.000  5.186091e-01 
  836.000  5.163206e-01 
  837.000  5.160953e-01 
  838.000  5.196021e-01 
  839.000  5.217387e-01 
  840.000  5.225242e-01 
  841.000  5.202391e-01 
  842.000  5.223193e-01 
  843.000  5.272440e-01 
  844.000  5.294885e-01 
  845.000  5.305426e-01 
  846.000  5.316507e-01 
  847.000  5.327207e-01 
  848.000  5.308951e-01 
  849.000  5.311638e-01 
  850.000  5.301942e-01 
  851.000  5.290364e-01 
  852.000  5.291671e-01 
  853.000  5.311174e-01 
  854.000  5.310270e-01 
  855.000  5.320147e-01 
  856.000  5.338572e-01 
  857.000  5.347779e-01 
  858.000  5.351987e-01 
  859.000  5.361745e-01 
  860.000  5.367225e-01 
  861.000  5.368237e-01 
  862.000  5.371531e-01 
  863.000  5.372058e-01 
  864.000  5.374354e-01 
  865.000  5.376251e-01 
  866.000  5.376837e-01 
  867.000  5.376616e-01 
  868.000  5.377006e-01 
  869.000  5.377711e-01 
  870.000  5.377377e-01 
  871.000  5.378048e-01 
  872.000  5.379539e-01 
  873.000  5.378259e-01 
  874.000  5.377614e-01 
  875.000  5.377543e-01 
  876.000  5.375234e-01 
  877.000  5.374112e-01 
  878.000  5.367956e-01 
  879.000  5.367608e-01 
  880.000  5.362483e-01 
  881.000  5.360105e-01 
  882.000  5.357148e-01 
  883.000  5.360323e-01 
  884.000  5.361667e-01 
  885.000  5.350885e-01 
  886.000  5.337240e-01 
  887.000  5.347494e-01 
  888.000  5.346880e-01 
  889.000  5.350783e-01 
  890.000  5.341501e-01 
  891.000  5.325056e-01 
  892.000  5.286152e-01 
  893.000  5.168048e-01 
  894.000  5.109262e-01 
  895.000  4.930830e-01 
  896.000  4.771444e-01 
  897.000  4.604135e-01 
  898.000  4.526218e-01 
  899.000  4.308323e-01 
  900.000  4.339495e-01 
  901.000  4.283236e-01 
  902.000  4.294060e-01 
  903.000  4.660971e-01 
  904.000  4.887373e-01 
  905.000  4.879474e-01 
  906.000  4.737988e-01 
  907.000  4.489412e-01 
  908.000  4.326753e-01 
  909.000  4.333543e-01 
  910.000  4.357992e-01 
  911.000  4.465999e-01 
  912.000  4.413799e-01 
  913.000  4.187919e-01 
  914.000  4.299526e-01 
  915.000  4.387953e-01 
  916.000  4.412153e-01 
  917.000  4.460527e-01 
  918.000  4.523087e-01 
  919.000  4.736219e-01 
  920.000  4.898503e-01 
  921.000  4.863037e-01 
  922.000  4.860135e-01 
  923.000  4.814999e-01 
  924.000  4.706632e-01 
  925.000  4.697298e-01 
  926.000  4.693603e-01 
  927.000  4.566652e-01 
  928.000  4.372525e-01 
  929.000  4.094877e-01 
  930.000  3.746608e-01 
  931.000  3.364162e-01 
  932.000  2.872000e-01 
  933.000  2.516831e-01 
  934.000  2.162136e-01 
  935.000  2.124141e-01 
  936.000  2.261730e-01 
  937.000  2.227480e-01 
  938.000  2.626297e-01 
  939.000  3.700041e-01 
  940.000  3.865191e-01 
  941.000  3.724204e-01 
  942.000  3.380388e-01 
  943.000  2.819995e-01 
  944.000  2.780877e-01 
  945.000  2.979445e-01 
  946.000  2.991354e-01 
  947.000  3.172337e-01 
  948.000  3.279079e-01 
  949.000  3.266048e-01 
  950.000  3.293703e-01 
  951.000  3.533851e-01 
  952.000  3.279002e-01 
  953.000  3.459204e-01 
  954.000  3.654186e-01 
  955.000  3.498059e-01 
  956.000  3.464709e-01 
  957.000  3.959290e-01 
  958.000  4.024958e-01 
  959.000  3.942951e-01 
  960.000  3.919620e-01 
  961.000  3.878736e-01 
  962.000  3.917050e-01 
  963.000  4.191898e-01 
  964.000  4.231982e-01 
  965.000  4.206170e-01 
  966.000  4.221697e-01 
  967.000  4.419729e-01 
  968.000  4.752761e-01 
  969.000  4.904368e-01 
  970.000  4.912777e-01 
  971.000  4.909265e-01 
  972.000  4.866229e-01 
  973.000  4.767048e-01 
  974.000  4.646684e-01 
  975.000  4.569588e-01 
  976.000  4.663994e-01 
  977.000  4.820507e-01 
  978.000  4.808020e-01 
  979.000  4.848920e-01 
  980.000  5.009429e-01 
  981.000  5.045228e-01 
  982.000  5.009683e-01 
  983.000  5.092416e-01 
  984.000  5.177703e-01 
  985.000  5.226270e-01 
  986.000  5.288980e-01 
  987.000  5.316230e-01 
  988.000  5.322530e-01 
  989.000  5.326573e-01 
  990.000  5.333245e-01 
  991.000  5.356624e-01 
  992.000  5.363290e-01 
  993.000  5.365803e-01 
  994.000  5.385183e-01 
  995.000  5.399600e-01 
  996.000  5.399497e-01 
  997.000  5.390635e-01 
  998.000  5.379515e-01 
  999.000  5.377662e-01 
 1000.000  5.380895e-01 
 1001.000  5.358585e-01 
 1002.000  5.322887e-01 
 1003.000  5.331409e-01 
 1004.000  5.352002e-01 
 1005.000  5.361433e-01 
 1006.000  5.364382e-01 
 1007.000  5.357581e-01 
 1008.000  5.328471e-01 
 1009.000  5.289549e-01 
 1010.000  5.306897e-01 
 1011.000  5.348253e-01 
 1012.000  5.364020e-01 
 1013.000  5.376388e-01 
 1014.000  5.381563e-01 
 1015.000  5.382512e-01 
 1016.000  5.386270e-01 
 1017.000  5.389657e-01 
 1018.000  5.382293e-01 
 1019.000  5.369884e-01 
 1020.000  5.374896e-01 
 1021.000  5.383311e-01 
 1022.000  5.367748e-01 
 1023.000  5.353097e-01 
 1024.000  5.344285e-01 
 1025.000  5.370942e-01 
 1026.000  5.380644e-01 
 1027.000  5.377519e-01 
 1028.000  5.379491e-01 
 1029.000  5.391659e-01 
 1030.000  5.402208e-01 
 1031.000  5.407486e-01 
 1032.000  5.411550e-01 
 1033.000  5.412039e-01 
 1034.000  5.414608e-01 
 1035.000  5.415952e-01 
 1036.000  5.414635e-01 
 1037.000  5.414528e-01 
 1038.000  5.415414e-01 
 1039.000  5.413489e-01 
 1040.000  5.411726e-01 
 1041.000  5.410320e-01 
 1042.000  5.409849e-01 
 1043.000  5.409644e-01 
 1044.000  5.408294e-01 
 1045.000  5.404548e-01 
 1046.000  5.401952e-01 
 1047.000  5.398797e-01 
 1048.000  5.394399e-01 
 1049.000  5.389968e-01 
 1050.000  5.385835e-01 
 1051.000  5.380919e-01 
 1052.000  5.377042e-01 
 1053.000  5.375628e-01 
 1054.000  5.370477e-01 
 1055.000  5.364776e-01 
 1056.000  5.359659e-01 
 1057.000  5.348572e-01 
 1058.000  5.329980e-01 
 1059.000  5.329260e-01 
 1060.000  5.337284e-01 
 1061.000  5.334281e-01 
 1062.000  5.322561e-01 
 1063.000  5.316447e-01 
 1064.000  5.305802e-01 
 1065.000  5.294670e-01 
 1066.000  5.295460e-01 
 1067.000  5.289253e-01 
 1068.000  5.269574e-01 
 1069.000  5.261378e-01 
 1070.000  5.266797e-01 
 1071.000  5.254396e-01 
 1072.000  5.241148e-01 
 1073.000  5.239767e-01 
 1074.000  5.243345e-01 
 1075.000  5.266344e-01 
 1076.000  5.254028e-01 
 1077.000  5.236994e-01 
 1078.000  5.216672e-01 
 1079.000  5.214936e-01 
 1080.000  5.158560e-01 
 1081.000  5.156115e-01 
 1082.000  5.181997e-01 
 1083.000  5.152423e-01 
 1084.000  5.119880e-01 
 1085.000  5.041463e-01 
 1086.000  5.060476e-01 
 1087.000  5.147898e-01 
 1088.000  5.151811e-01 
 1089.000  5.046480e-01 
 1090.000  5.027045e-01 
 1091.000  5.047502e-01 
 1092.000  4.995581e-01 
 1093.000  4.879125e-01 
 1094.000  4.828652e-01 
 1095.000  4.837036e-01 
 1096.000  4.844576e-01 
 1097.000  4.821528e-01 
 1098.000  4.539738e-01 
 1099.000  4.301465e-01 
 1100.000  4.317623e-01 
 1101.000  4.350477e-01 
 1102.000  4.334613e-01 
 1103.000  4.356299e-01 
 1104.000  4.316517e-01 
 1105.000  4.216855e-01 
 1106.000  4.116873e-01 
 1107.000  4.141358e-01 
 1108.000  4.159036e-01 
 1109.000  4.243836e-01 
 1110.000  4.232230e-01 
 1111.000  4.184183e-01 
 1112.000  3.974377e-01 
 1113.000  3.689330e-01 
 1114.000  3.610332e-01 
 1115.000  3.265872e-01 
 1116.000  3.056074e-01 
 1117.000  2.583992e-01 
 1118.000  2.164151e-01 
 1119.000  1.946253e-01 
 1120.000  1.684773e-01 
 1121.000  1.627523e-01 
 1122.000  1.369437e-01 
 1123.000  1.506348e-01 
 1124.000  1.600289e-01 
 1125.000  1.550282e-01 
 1126.000  1.530752e-01 
 1127.000  1.553551e-01 
 1128.000  1.597667e-01 
 1129.000  1.859412e-01 
 1130.000  2.495293e-01 
 1131.000  2.685825e-01 
 1132.000  2.424962e-01 
 1133.000  1.965924e-01 
 1134.000  1.191361e-01 
 1135.000  1.247528e-01 
 1136.000  2.033730e-01 
 1137.000  2.494226e-01 
 1138.000  2.958760e-01 
 1139.000  3.106857e-01 
 1140.000  3.017060e-01 
 1141.000  2.837677e-01 
 1142.000  2.773940e-01 
 1143.000  2.576351e-01 
 1144.000  2.358260e-01 
 1145.000  2.049721e-01 
 1146.000  2.121956e-01 
 1147.000  2.364309e-01 
 1148.000  2.583893e-01 
 1149.000  2.674666e-01 
 1150.000  2.681776e-01 
