  320.000  7.330581e-02 
  321.000  9.834082e-02 
  322.000  8.824208e-02 
  323.000  1.010973e-01 
  324.000  1.145228e-01 
  325.000  1.044700e-01 
  326.000  1.211214e-01 
  327.000  1.259056e-01 
  328.000  1.156470e-01 
  329.000  1.355790e-01 
  330.000  1.388293e-01 
  331.000  1.324218e-01 
  332.000  1.448794e-01 
  333.000  1.485782e-01 
  334.000  1.455391e-01 
  335.000  1.549102e-01 
  336.000  1.587579e-01 
  337.000  1.571327e-01 
  338.000  1.616647e-01 
  339.000  1.663846e-01 
  340.000  1.656060e-01 
  341.000  1.702233e-01 
  342.000  1.736252e-01 
  343.000  1.753418e-01 
  344.000  1.756932e-01 
  345.000  1.803548e-01 
  346.000  1.833178e-01 
  347.000  1.857447e-01 
  348.000  1.880268e-01 
  349.000  1.906004e-01 
  350.000  1.928087e-01 
  351.000  1.950158e-01 
  352.000  1.968321e-01 
  353.000  1.994235e-01 
  354.000  2.016377e-01 
  355.000  2.037047e-01 
  356.000  2.057249e-01 
  357.000  2.075278e-01 
  358.000  2.094729e-01 
  359.000  2.114214e-01 
  360.000  2.134224e-01 
  361.000  2.159582e-01 
  362.000  2.186080e-01 
  363.000  2.210568e-01 
  364.000  2.233174e-01 
  365.000  2.254439e-01 
  366.000  2.276244e-01 
  367.000  2.297060e-01 
  368.000  2.317741e-01 
  369.000  2.338297e-01 
  370.000  2.358691e-01 
  371.000  2.378975e-01 
  372.000  2.399142e-01 
  373.000  2.419185e-01 
  374.000  2.438952e-01 
  375.000  2.458381e-01 
  376.000  2.477192e-01 
  377.000  2.495008e-01 
  378.000  2.511589e-01 
  379.000  2.528467e-01 
  380.000  2.547067e-01 
  381.000  2.568286e-01 
  382.000  2.590328e-01 
  383.000  2.611218e-01 
  384.000  2.631078e-01 
  385.000  2.650252e-01 
  386.000  2.668971e-01 
  387.000  2.687422e-01 
  388.000  2.705671e-01 
  389.000  2.723803e-01 
  390.000  2.741819e-01 
  391.000  2.759683e-01 
  392.000  2.777443e-01 
  393.000  2.795087e-01 
  394.000  2.812594e-01 
  395.000  2.829952e-01 
  396.000  2.847224e-01 
  397.000  2.864322e-01 
  398.000  2.881289e-01 
  399.000  2.898138e-01 
  400.000  2.914777e-01 
  401.000  2.931378e-01 
  402.000  2.947868e-01 
  403.000  2.964241e-01 
  404.000  2.980490e-01 
  405.000  2.996584e-01 
  406.000  3.012592e-01 
  407.000  3.028496e-01 
  408.000  3.044282e-01 
  409.000  3.059934e-01 
  410.000  3.075456e-01 
  411.000  3.090845e-01 
  412.000  3.106088e-01 
  413.000  3.121261e-01 
  414.000  3.135363e-01 
  415.000  3.150636e-01 
  416.000  3.165734e-01 
  417.000  3.180597e-01 
  418.000  3.195137e-01 
  419.000  3.209532e-01 
  420.000  3.223813e-01 
  421.000  3.238024e-01 
  422.000  3.252163e-01 
  423.000  3.266212e-01 
  424.000  3.280111e-01 
  425.000  3.293705e-01 
  426.000  3.307181e-01 
  427.000  3.320551e-01 
  428.000  3.333697e-01 
  429.000  3.346672e-01 
  430.000  3.359509e-01 
  431.000  3.372262e-01 
  432.000  3.384894e-01 
  433.000  3.397418e-01 
  434.000  3.409848e-01 
  435.000  3.422167e-01 
  436.000  3.434359e-01 
  437.000  3.446430e-01 
  438.000  3.458374e-01 
  439.000  3.470236e-01 
  440.000  3.481917e-01 
  441.000  3.493459e-01 
  442.000  3.504828e-01 
  443.000  3.516035e-01 
  444.000  3.527074e-01 
  445.000  3.537883e-01 
  446.000  3.548401e-01 
  447.000  3.559440e-01 
  448.000  3.571286e-01 
  449.000  3.583286e-01 
  450.000  3.595064e-01 
  451.000  3.606392e-01 
  452.000  3.617330e-01 
  453.000  3.628054e-01 
  454.000  3.638591e-01 
  455.000  3.648524e-01 
  456.000  3.657661e-01 
  457.000  3.666806e-01 
  458.000  3.675833e-01 
  459.000  3.684675e-01 
  460.000  3.693451e-01 
  461.000  3.702140e-01 
  462.000  3.710667e-01 
  463.000  3.719163e-01 
  464.000  3.730231e-01 
  465.000  3.741141e-01 
  466.000  3.751866e-01 
  467.000  3.762350e-01 
  468.000  3.770895e-01 
  469.000  3.778259e-01 
  470.000  3.785033e-01 
  471.000  3.791134e-01 
  472.000  3.796317e-01 
  473.000  3.799950e-01 
  474.000  3.802935e-01 
  475.000  3.803701e-01 
  476.000  3.802224e-01 
  477.000  3.802194e-01 
  478.000  3.810831e-01 
  479.000  3.823988e-01 
  480.000  3.838203e-01 
  481.000  3.850965e-01 
  482.000  3.862944e-01 
  483.000  3.873366e-01 
  484.000  3.882328e-01 
  485.000  3.890347e-01 
  486.000  3.898904e-01 
  487.000  3.907917e-01 
  488.000  3.916644e-01 
  489.000  3.925216e-01 
  490.000  3.933691e-01 
  491.000  3.940331e-01 
  492.000  3.946403e-01 
  493.000  3.952447e-01 
  494.000  3.958322e-01 
  495.000  3.964199e-01 
  496.000  3.967228e-01 
  497.000  3.970143e-01 
  498.000  3.973015e-01 
  499.000  3.975733e-01 
  500.000  3.978409e-01 
  501.000  3.980788e-01 
  502.000  3.983167e-01 
  503.000  3.985517e-01 
  504.000  3.987759e-01 
  505.000  3.989878e-01 
  506.000  3.996089e-01 
  507.000  4.002482e-01 
  508.000  4.008868e-01 
  509.000  4.015183e-01 
  510.000  4.021366e-01 
  511.000  4.026910e-01 
  512.000  4.032266e-01 
  513.000  4.037593e-01 
  514.000  4.042856e-01 
  515.000  4.048073e-01 
  516.000  4.051802e-01 
  517.000  4.054192e-01 
  518.000  4.056517e-01 
  519.000  4.058799e-01 
  520.000  4.061058e-01 
  521.000  4.063083e-01 
  522.000  4.064543e-01 
  523.000  4.065596e-01 
  524.000  4.066684e-01 
  525.000  4.067542e-01 
  526.000  4.068745e-01 
  527.000  4.068939e-01 
  528.000  4.068724e-01 
  529.000  4.068496e-01 
  530.000  4.068320e-01 
  531.000  4.068175e-01 
  532.000  4.068500e-01 
  533.000  4.071435e-01 
  534.000  4.075141e-01 
  535.000  4.079325e-01 
  536.000  4.083372e-01 
  537.000  4.087074e-01 
  538.000  4.090385e-01 
  539.000  4.093454e-01 
  540.000  4.096332e-01 
  541.000  4.099128e-01 
  542.000  4.101801e-01 
  543.000  4.104380e-01 
  544.000  4.106331e-01 
  545.000  4.107768e-01 
  546.000  4.109139e-01 
  547.000  4.110549e-01 
  548.000  4.111888e-01 
  549.000  4.113206e-01 
  550.000  4.113846e-01 
  551.000  4.113812e-01 
  552.000  4.113804e-01 
  553.000  4.113658e-01 
  554.000  4.113447e-01 
  555.000  4.113199e-01 
  556.000  4.112697e-01 
  557.000  4.111753e-01 
  558.000  4.110733e-01 
  559.000  4.109593e-01 
  560.000  4.108166e-01 
  561.000  4.106474e-01 
  562.000  4.102711e-01 
  563.000  4.100610e-01 
  564.000  4.097810e-01 
  565.000  4.093463e-01 
  566.000  4.090777e-01 
  567.000  4.081287e-01 
  568.000  4.053991e-01 
  569.000  3.998720e-01 
  570.000  4.006138e-01 
  571.000  4.043265e-01 
  572.000  4.005046e-01 
  573.000  4.013827e-01 
  574.000  4.015453e-01 
  575.000  4.012475e-01 
  576.000  4.014189e-01 
  577.000  4.028275e-01 
  578.000  4.045477e-01 
  579.000  4.061781e-01 
  580.000  4.076905e-01 
  581.000  4.098525e-01 
  582.000  4.113348e-01 
  583.000  4.122735e-01 
  584.000  4.131443e-01 
  585.000  4.137673e-01 
  586.000  4.143799e-01 
  587.000  4.131533e-01 
  588.000  4.055983e-01 
  589.000  3.936583e-01 
  590.000  3.930920e-01 
  591.000  4.015445e-01 
  592.000  3.973198e-01 
  593.000  4.069592e-01 
  594.000  4.050247e-01 
  595.000  3.985271e-01 
  596.000  4.078181e-01 
  597.000  4.054952e-01 
  598.000  4.091465e-01 
  599.000  4.105005e-01 
  600.000  4.137882e-01 
  601.000  4.158025e-01 
  602.000  4.163315e-01 
  603.000  4.173760e-01 
  604.000  4.185939e-01 
  605.000  4.195038e-01 
  606.000  4.201417e-01 
  607.000  4.207574e-01 
  608.000  4.213345e-01 
  609.000  4.218858e-01 
  610.000  4.224550e-01 
  611.000  4.230873e-01 
  612.000  4.237068e-01 
  613.000  4.243073e-01 
  614.000  4.248902e-01 
  615.000  4.254718e-01 
  616.000  4.260322e-01 
  617.000  4.265618e-01 
  618.000  4.270059e-01 
  619.000  4.273817e-01 
  620.000  4.277296e-01 
  621.000  4.280286e-01 
  622.000  4.282786e-01 
  623.000  4.284458e-01 
  624.000  4.286236e-01 
  625.000  4.287714e-01 
  626.000  4.284346e-01 
  627.000  4.253633e-01 
  628.000  4.089253e-01 
  629.000  4.186708e-01 
  630.000  4.215861e-01 
  631.000  4.248958e-01 
  632.000  4.240037e-01 
  633.000  4.287157e-01 
  634.000  4.309215e-01 
  635.000  4.318950e-01 
  636.000  4.335102e-01 
  637.000  4.348290e-01 
  638.000  4.372629e-01 
  639.000  4.382349e-01 
  640.000  4.398959e-01 
  641.000  4.406711e-01 
  642.000  4.418970e-01 
  643.000  4.414298e-01 
  644.000  4.420256e-01 
  645.000  4.410256e-01 
  646.000  4.345076e-01 
  647.000  4.301161e-01 
  648.000  4.251696e-01 
  649.000  4.302922e-01 
  650.000  4.398151e-01 
  651.000  4.401919e-01 
  652.000  4.325118e-01 
  653.000  4.421672e-01 
  654.000  4.415263e-01 
  655.000  4.385161e-01 
  656.000  4.400789e-01 
  657.000  4.422889e-01 
  658.000  4.458554e-01 
  659.000  4.480980e-01 
  660.000  4.492934e-01 
  661.000  4.518902e-01 
  662.000  4.533503e-01 
  663.000  4.535501e-01 
  664.000  4.543080e-01 
  665.000  4.550506e-01 
  666.000  4.558316e-01 
  667.000  4.566009e-01 
  668.000  4.574844e-01 
  669.000  4.581066e-01 
  670.000  4.586535e-01 
  671.000  4.592318e-01 
  672.000  4.597448e-01 
  673.000  4.602479e-01 
  674.000  4.607464e-01 
  675.000  4.612462e-01 
  676.000  4.617141e-01 
  677.000  4.621449e-01 
  678.000  4.625773e-01 
  679.000  4.629236e-01 
  680.000  4.628972e-01 
  681.000  4.627996e-01 
  682.000  4.631051e-01 
  683.000  4.631825e-01 
  684.000  4.629044e-01 
  685.000  4.636992e-01 
  686.000  4.614617e-01 
  687.000  3.854813e-01 
  688.000  4.092114e-01 
  689.000  4.023662e-01 
  690.000  4.148513e-01 
  691.000  4.309489e-01 
  692.000  4.401959e-01 
  693.000  4.343511e-01 
  694.000  4.266735e-01 
  695.000  4.340751e-01 
  696.000  4.384533e-01 
  697.000  4.571360e-01 
  698.000  4.533421e-01 
  699.000  4.367026e-01 
  700.000  4.395139e-01 
  701.000  4.358703e-01 
  702.000  4.386671e-01 
  703.000  4.527352e-01 
  704.000  4.534225e-01 
  705.000  4.477075e-01 
  706.000  4.489034e-01 
  707.000  4.510413e-01 
  708.000  4.533514e-01 
  709.000  4.580148e-01 
  710.000  4.531788e-01 
  711.000  4.582394e-01 
  712.000  4.625674e-01 
  713.000  4.591858e-01 
  714.000  4.580678e-01 
  715.000  4.525188e-01 
  716.000  4.467138e-01 
  717.000  4.106647e-01 
  718.000  3.889330e-01 
  719.000  3.811938e-01 
  720.000  3.697466e-01 
  721.000  4.211273e-01 
  722.000  4.399460e-01 
  723.000  4.293698e-01 
  724.000  3.996491e-01 
  725.000  4.040052e-01 
  726.000  4.026664e-01 
  727.000  4.068891e-01 
  728.000  4.023783e-01 
  729.000  4.137652e-01 
  730.000  4.118618e-01 
  731.000  4.095562e-01 
  732.000  4.288950e-01 
  733.000  4.477209e-01 
  734.000  4.569068e-01 
  735.000  4.537287e-01 
  736.000  4.477689e-01 
  737.000  4.523143e-01 
  738.000  4.585708e-01 
  739.000  4.612902e-01 
  740.000  4.673054e-01 
  741.000  4.708013e-01 
  742.000  4.722861e-01 
  743.000  4.755211e-01 
  744.000  4.767970e-01 
  745.000  4.779316e-01 
  746.000  4.788386e-01 
  747.000  4.790950e-01 
  748.000  4.799152e-01 
  749.000  4.804035e-01 
  750.000  4.801692e-01 
  751.000  4.803506e-01 
  752.000  4.811708e-01 
  753.000  4.815272e-01 
  754.000  4.818071e-01 
  755.000  4.819874e-01 
  756.000  4.821768e-01 
  757.000  4.823076e-01 
  758.000  4.811948e-01 
  759.000  4.395436e-01 
  760.000  1.605841e-01 
  761.000  1.379435e-01 
  762.000  2.878250e-01 
  763.000  2.385402e-01 
  764.000  2.626935e-01 
  765.000  3.194758e-01 
  766.000  3.912877e-01 
  767.000  4.287989e-01 
  768.000  4.537746e-01 
  769.000  4.704518e-01 
  770.000  4.796055e-01 
  771.000  4.837887e-01 
  772.000  4.848682e-01 
  773.000  4.853459e-01 
  774.000  4.859825e-01 
  775.000  4.864001e-01 
  776.000  4.867024e-01 
  777.000  4.867820e-01 
  778.000  4.867565e-01 
  779.000  4.867215e-01 
  780.000  4.866845e-01 
  781.000  4.870665e-01 
  782.000  4.870175e-01 
  783.000  4.869814e-01 
  784.000  4.866705e-01 
  785.000  4.853520e-01 
  786.000  4.835297e-01 
  787.000  4.790009e-01 
  788.000  4.766276e-01 
  789.000  4.681760e-01 
  790.000  4.674563e-01 
  791.000  4.690583e-01 
  792.000  4.705468e-01 
  793.000  4.740046e-01 
  794.000  4.813427e-01 
  795.000  4.768703e-01 
  796.000  4.650133e-01 
  797.000  4.684047e-01 
  798.000  4.759184e-01 
  799.000  4.742147e-01 
  800.000  4.687640e-01 
  801.000  4.694224e-01 
  802.000  4.688815e-01 
  803.000  4.696904e-01 
  804.000  4.722717e-01 
  805.000  4.772118e-01 
  806.000  4.801742e-01 
  807.000  4.803154e-01 
  808.000  4.786486e-01 
  809.000  4.765972e-01 
  810.000  4.743446e-01 
  811.000  4.697328e-01 
  812.000  4.635351e-01 
  813.000  4.559792e-01 
  814.000  4.460702e-01 
  815.000  4.338223e-01 
  816.000  4.183830e-01 
  817.000  4.191914e-01 
  818.000  4.204393e-01 
  819.000  4.255528e-01 
  820.000  4.426746e-01 
  821.000  4.624514e-01 
  822.000  4.473983e-01 
  823.000  4.063199e-01 
  824.000  4.408798e-01 
  825.000  4.636283e-01 
  826.000  4.597911e-01 
  827.000  4.569118e-01 
  828.000  4.419724e-01 
  829.000  4.473349e-01 
  830.000  4.533862e-01 
  831.000  4.548333e-01 
  832.000  4.555140e-01 
  833.000  4.590388e-01 
  834.000  4.632024e-01 
  835.000  4.714666e-01 
  836.000  4.688372e-01 
  837.000  4.685842e-01 
  838.000  4.726115e-01 
  839.000  4.750700e-01 
  840.000  4.759679e-01 
  841.000  4.733303e-01 
  842.000  4.757198e-01 
  843.000  4.813948e-01 
  844.000  4.839853e-01 
  845.000  4.851975e-01 
  846.000  4.864727e-01 
  847.000  4.878769e-01 
  848.000  4.855793e-01 
  849.000  4.858795e-01 
  850.000  4.847470e-01 
  851.000  4.833986e-01 
  852.000  4.835403e-01 
  853.000  4.857872e-01 
  854.000  4.856761e-01 
  855.000  4.868114e-01 
  856.000  4.889984e-01 
  857.000  4.899703e-01 
  858.000  4.905277e-01 
  859.000  4.916476e-01 
  860.000  4.922019e-01 
  861.000  4.923123e-01 
  862.000  4.926971e-01 
  863.000  4.927493e-01 
  864.000  4.930141e-01 
  865.000  4.932310e-01 
  866.000  4.932904e-01 
  867.000  4.932535e-01 
  868.000  4.932894e-01 
  869.000  4.933631e-01 
  870.000  4.933127e-01 
  871.000  4.933825e-01 
  872.000  4.935499e-01 
  873.000  4.933870e-01 
  874.000  4.932997e-01 
  875.000  4.932807e-01 
  876.000  4.929949e-01 
  877.000  4.929138e-01 
  878.000  4.922221e-01 
  879.000  4.921767e-01 
  880.000  4.915814e-01 
  881.000  4.912146e-01 
  882.000  4.908622e-01 
  883.000  4.912220e-01 
  884.000  4.913689e-01 
  885.000  4.901220e-01 
  886.000  4.885746e-01 
  887.000  4.897109e-01 
  888.000  4.898601e-01 
  889.000  4.900630e-01 
  890.000  4.892343e-01 
  891.000  4.870980e-01 
  892.000  4.825945e-01 
  893.000  4.690324e-01 
  894.000  4.622719e-01 
  895.000  4.420266e-01 
  896.000  4.240335e-01 
  897.000  4.052721e-01 
  898.000  3.965833e-01 
  899.000  3.727214e-01 
  900.000  3.760540e-01 
  901.000  3.699529e-01 
  902.000  3.711992e-01 
  903.000  4.114627e-01 
  904.000  4.367335e-01 
  905.000  4.358960e-01 
  906.000  4.200872e-01 
  907.000  3.925967e-01 
  908.000  3.747998e-01 
  909.000  3.754985e-01 
  910.000  3.781421e-01 
  911.000  3.899283e-01 
  912.000  3.842249e-01 
  913.000  3.597452e-01 
  914.000  3.718091e-01 
  915.000  3.814526e-01 
  916.000  3.841254e-01 
  917.000  3.894593e-01 
  918.000  3.963646e-01 
  919.000  4.199725e-01 
  920.000  4.381717e-01 
  921.000  4.342286e-01 
  922.000  4.339113e-01 
  923.000  4.288522e-01 
  924.000  4.167517e-01 
  925.000  4.156232e-01 
  926.000  4.149836e-01 
  927.000  4.007206e-01 
  928.000  3.791260e-01 
  929.000  3.487028e-01 
  930.000  3.113589e-01 
  931.000  2.714663e-01 
  932.000  2.214102e-01 
  933.000  1.871579e-01 
  934.000  1.544368e-01 
  935.000  1.508863e-01 
  936.000  1.631585e-01 
  937.000  1.602148e-01 
  938.000  1.975717e-01 
  939.000  3.044186e-01 
  940.000  3.217740e-01 
  941.000  3.072216e-01 
  942.000  2.720551e-01 
  943.000  2.166344e-01 
  944.000  2.127638e-01 
  945.000  2.319024e-01 
  946.000  2.331884e-01 
  947.000  2.512821e-01 
  948.000  2.620573e-01 
  949.000  2.609041e-01 
  950.000  2.637526e-01 
  951.000  2.882274e-01 
  952.000  2.625673e-01 
  953.000  2.809844e-01 
  954.000  3.012250e-01 
  955.000  2.853607e-01 
  956.000  2.822761e-01 
  957.000  3.339314e-01 
  958.000  3.411053e-01 
  959.000  3.325797e-01 
  960.000  3.302444e-01 
  961.000  3.260320e-01 
  962.000  3.301745e-01 
  963.000  3.595707e-01 
  964.000  3.639737e-01 
  965.000  3.612914e-01 
  966.000  3.630677e-01 
  967.000  3.846469e-01 
  968.000  4.214696e-01 
  969.000  4.384933e-01 
  970.000  4.394819e-01 
  971.000  4.390977e-01 
  972.000  4.342560e-01 
  973.000  4.231610e-01 
  974.000  4.097996e-01 
  975.000  4.012940e-01 
  976.000  4.117191e-01 
  977.000  4.291329e-01 
  978.000  4.277815e-01 
  979.000  4.324035e-01 
  980.000  4.504685e-01 
  981.000  4.545442e-01 
  982.000  4.505735e-01 
  983.000  4.599620e-01 
  984.000  4.696717e-01 
  985.000  4.752247e-01 
  986.000  4.824087e-01 
  987.000  4.855467e-01 
  988.000  4.862808e-01 
  989.000  4.867521e-01 
  990.000  4.875202e-01 
  991.000  4.902049e-01 
  992.000  4.909690e-01 
  993.000  4.912560e-01 
  994.000  4.936785e-01 
  995.000  4.951000e-01 
  996.000  4.950839e-01 
  997.000  4.940654e-01 
  998.000  4.930444e-01 
  999.000  4.925942e-01 
 1000.000  4.929598e-01 
 1001.000  4.903938e-01 
 1002.000  4.862963e-01 
 1003.000  4.872681e-01 
 1004.000  4.896243e-01 
 1005.000  4.907019e-01 
 1006.000  4.910421e-01 
 1007.000  4.902568e-01 
 1008.000  4.869168e-01 
 1009.000  4.824607e-01 
 1010.000  4.844438e-01 
 1011.000  4.891820e-01 
 1012.000  4.909907e-01 
 1013.000  4.924135e-01 
 1014.000  4.930096e-01 
 1015.000  4.931213e-01 
 1016.000  4.937635e-01 
 1017.000  4.939115e-01 
 1018.000  4.933265e-01 
 1019.000  4.916734e-01 
 1020.000  4.922500e-01 
 1021.000  4.934381e-01 
 1022.000  4.914328e-01 
 1023.000  4.897562e-01 
 1024.000  4.887506e-01 
 1025.000  4.918122e-01 
 1026.000  4.931611e-01 
 1027.000  4.925808e-01 
 1028.000  4.930468e-01 
 1029.000  4.941954e-01 
 1030.000  4.954162e-01 
 1031.000  4.960299e-01 
 1032.000  4.965090e-01 
 1033.000  4.966592e-01 
 1034.000  4.968844e-01 
 1035.000  4.970747e-01 
 1036.000  4.969698e-01 
 1037.000  4.970007e-01 
 1038.000  4.971117e-01 
 1039.000  4.968955e-01 
 1040.000  4.967082e-01 
 1041.000  4.965599e-01 
 1042.000  4.965171e-01 
 1043.000  4.965102e-01 
 1044.000  4.963771e-01 
 1045.000  4.959659e-01 
 1046.000  4.956886e-01 
 1047.000  4.953591e-01 
 1048.000  4.949406e-01 
 1049.000  4.945471e-01 
 1050.000  4.941459e-01 
 1051.000  4.935517e-01 
 1052.000  4.932015e-01 
 1053.000  4.930830e-01 
 1054.000  4.924765e-01 
 1055.000  4.918587e-01 
 1056.000  4.913351e-01 
 1057.000  4.902103e-01 
 1058.000  4.880764e-01 
 1059.000  4.881437e-01 
 1060.000  4.890315e-01 
 1061.000  4.888076e-01 
 1062.000  4.874637e-01 
 1063.000  4.869399e-01 
 1064.000  4.858027e-01 
 1065.000  4.846926e-01 
 1066.000  4.845681e-01 
 1067.000  4.840985e-01 
 1068.000  4.815996e-01 
 1069.000  4.804702e-01 
 1070.000  4.809512e-01 
 1071.000  4.794107e-01 
 1072.000  4.778137e-01 
 1073.000  4.775673e-01 
 1074.000  4.778917e-01 
 1075.000  4.804351e-01 
 1076.000  4.789506e-01 
 1077.000  4.769344e-01 
 1078.000  4.745483e-01 
 1079.000  4.742822e-01 
 1080.000  4.678151e-01 
 1081.000  4.674872e-01 
 1082.000  4.703793e-01 
 1083.000  4.669591e-01 
 1084.000  4.632203e-01 
 1085.000  4.543167e-01 
 1086.000  4.564145e-01 
 1087.000  4.662578e-01 
 1088.000  4.666744e-01 
 1089.000  4.547160e-01 
 1090.000  4.524785e-01 
 1091.000  4.547390e-01 
 1092.000  4.488323e-01 
 1093.000  4.357297e-01 
 1094.000  4.300675e-01 
 1095.000  4.309614e-01 
 1096.000  4.317341e-01 
 1097.000  4.290869e-01 
 1098.000  3.978611e-01 
 1099.000  3.718258e-01 
 1100.000  3.735359e-01 
 1101.000  3.770502e-01 
 1102.000  3.752421e-01 
 1103.000  3.775187e-01 
 1104.000  3.731296e-01 
 1105.000  3.622786e-01 
 1106.000  3.515525e-01 
 1107.000  3.540264e-01 
 1108.000  3.557160e-01 
 1109.000  3.645472e-01 
 1110.000  3.629389e-01 
 1111.000  3.575879e-01 
 1112.000  3.350105e-01 
 1113.000  3.046075e-01 
 1114.000  2.956952e-01 
 1115.000  2.599174e-01 
 1116.000  2.387041e-01 
 1117.000  1.930817e-01 
 1118.000  1.539257e-01 
 1119.000  1.340589e-01 
 1120.000  1.113926e-01 
 1121.000  1.064785e-01 
 1122.000  8.560742e-02 
 1123.000  9.619848e-02 
 1124.000  1.036302e-01 
 1125.000  9.956525e-02 
 1126.000  9.804514e-02 
 1127.000  1.000275e-01 
 1128.000  1.038551e-01 
 1129.000  1.258243e-01 
 1130.000  1.818136e-01 
 1131.000  1.993588e-01 
 1132.000  1.752575e-01 
 1133.000  1.349465e-01 
 1134.000  7.222203e-02 
 1135.000  7.655693e-02 
 1136.000  1.411921e-01 
 1137.000  1.824228e-01 
 1138.000  2.264891e-01 
 1139.000  2.417218e-01 
 1140.000  2.330131e-01 
 1141.000  2.161379e-01 
 1142.000  2.100176e-01 
 1143.000  1.913370e-01 
 1144.000  1.712876e-01 
 1145.000  1.436765e-01 
 1146.000  1.500838e-01 
 1147.000  1.719256e-01 
 1148.000  1.922361e-01 
 1149.000  2.009430e-01 
 1150.000  2.020724e-01 
