  320.000  1.519821e-01 
  321.000  1.901516e-01 
  322.000  1.750703e-01 
  323.000  1.942030e-01 
  324.000  2.135767e-01 
  325.000  1.991247e-01 
  326.000  2.228988e-01 
  327.000  2.295823e-01 
  328.000  2.151739e-01 
  329.000  2.429154e-01 
  330.000  2.473440e-01 
  331.000  2.385893e-01 
  332.000  2.555227e-01 
  333.000  2.604828e-01 
  334.000  2.564095e-01 
  335.000  2.689066e-01 
  336.000  2.739855e-01 
  337.000  2.718439e-01 
  338.000  2.778030e-01 
  339.000  2.839672e-01 
  340.000  2.829533e-01 
  341.000  2.889499e-01 
  342.000  2.933435e-01 
  343.000  2.955527e-01 
  344.000  2.960044e-01 
  345.000  3.019752e-01 
  346.000  3.057513e-01 
  347.000  3.088334e-01 
  348.000  3.117229e-01 
  349.000  3.149714e-01 
  350.000  3.177507e-01 
  351.000  3.205208e-01 
  352.000  3.227949e-01 
  353.000  3.260310e-01 
  354.000  3.287880e-01 
  355.000  3.313553e-01 
  356.000  3.338584e-01 
  357.000  3.360874e-01 
  358.000  3.384870e-01 
  359.000  3.408856e-01 
  360.000  3.433433e-01 
  361.000  3.464501e-01 
  362.000  3.496872e-01 
  363.000  3.526705e-01 
  364.000  3.554176e-01 
  365.000  3.579958e-01 
  366.000  3.606333e-01 
  367.000  3.631458e-01 
  368.000  3.656366e-01 
  369.000  3.681070e-01 
  370.000  3.705529e-01 
  371.000  3.729807e-01 
  372.000  3.753895e-01 
  373.000  3.777788e-01 
  374.000  3.801306e-01 
  375.000  3.824378e-01 
  376.000  3.846675e-01 
  377.000  3.867755e-01 
  378.000  3.887342e-01 
  379.000  3.907248e-01 
  380.000  3.929149e-01 
  381.000  3.954088e-01 
  382.000  3.979941e-01 
  383.000  4.004396e-01 
  384.000  4.027601e-01 
  385.000  4.049967e-01 
  386.000  4.071763e-01 
  387.000  4.093213e-01 
  388.000  4.114393e-01 
  389.000  4.135403e-01 
  390.000  4.156248e-01 
  391.000  4.176882e-01 
  392.000  4.197367e-01 
  393.000  4.217686e-01 
  394.000  4.237818e-01 
  395.000  4.257749e-01 
  396.000  4.277552e-01 
  397.000  4.297129e-01 
  398.000  4.316527e-01 
  399.000  4.335763e-01 
  400.000  4.354735e-01 
  401.000  4.373636e-01 
  402.000  4.392388e-01 
  403.000  4.410980e-01 
  404.000  4.429408e-01 
  405.000  4.447637e-01 
  406.000  4.465745e-01 
  407.000  4.483713e-01 
  408.000  4.501526e-01 
  409.000  4.519165e-01 
  410.000  4.536638e-01 
  411.000  4.553939e-01 
  412.000  4.571056e-01 
  413.000  4.588076e-01 
  414.000  4.603876e-01 
  415.000  4.620969e-01 
  416.000  4.637847e-01 
  417.000  4.654444e-01 
  418.000  4.670661e-01 
  419.000  4.686700e-01 
  420.000  4.702595e-01 
  421.000  4.718397e-01 
  422.000  4.734101e-01 
  423.000  4.749690e-01 
  424.000  4.765096e-01 
  425.000  4.780149e-01 
  426.000  4.795057e-01 
  427.000  4.809834e-01 
  428.000  4.824349e-01 
  429.000  4.838662e-01 
  430.000  4.852810e-01 
  431.000  4.866852e-01 
  432.000  4.880749e-01 
  433.000  4.894514e-01 
  434.000  4.908165e-01 
  435.000  4.921682e-01 
  436.000  4.935049e-01 
  437.000  4.948272e-01 
  438.000  4.961344e-01 
  439.000  4.974317e-01 
  440.000  4.987081e-01 
  441.000  4.999683e-01 
  442.000  5.012087e-01 
  443.000  5.024304e-01 
  444.000  5.036330e-01 
  445.000  5.048097e-01 
  446.000  5.059538e-01 
  447.000  5.071537e-01 
  448.000  5.084404e-01 
  449.000  5.097427e-01 
  450.000  5.110201e-01 
  451.000  5.122476e-01 
  452.000  5.134320e-01 
  453.000  5.145924e-01 
  454.000  5.157318e-01 
  455.000  5.168051e-01 
  456.000  5.177918e-01 
  457.000  5.187789e-01 
  458.000  5.197526e-01 
  459.000  5.207057e-01 
  460.000  5.216513e-01 
  461.000  5.225869e-01 
  462.000  5.235046e-01 
  463.000  5.244185e-01 
  464.000  5.256082e-01 
  465.000  5.267802e-01 
  466.000  5.279315e-01 
  467.000  5.290561e-01 
  468.000  5.299723e-01 
  469.000  5.307614e-01 
  470.000  5.314869e-01 
  471.000  5.321402e-01 
  472.000  5.326949e-01 
  473.000  5.330836e-01 
  474.000  5.334029e-01 
  475.000  5.334849e-01 
  476.000  5.333269e-01 
  477.000  5.333236e-01 
  478.000  5.342473e-01 
  479.000  5.356535e-01 
  480.000  5.371712e-01 
  481.000  5.385329e-01 
  482.000  5.398099e-01 
  483.000  5.409202e-01 
  484.000  5.418745e-01 
  485.000  5.427278e-01 
  486.000  5.436379e-01 
  487.000  5.445960e-01 
  488.000  5.455234e-01 
  489.000  5.464337e-01 
  490.000  5.473332e-01 
  491.000  5.480376e-01 
  492.000  5.486816e-01 
  493.000  5.493222e-01 
  494.000  5.499449e-01 
  495.000  5.505674e-01 
  496.000  5.508882e-01 
  497.000  5.511969e-01 
  498.000  5.515010e-01 
  499.000  5.517887e-01 
  500.000  5.520719e-01 
  501.000  5.523236e-01 
  502.000  5.525753e-01 
  503.000  5.528239e-01 
  504.000  5.530611e-01 
  505.000  5.532852e-01 
  506.000  5.539420e-01 
  507.000  5.546176e-01 
  508.000  5.552924e-01 
  509.000  5.559593e-01 
  510.000  5.566121e-01 
  511.000  5.571973e-01 
  512.000  5.577624e-01 
  513.000  5.583242e-01 
  514.000  5.588791e-01 
  515.000  5.594290e-01 
  516.000  5.598220e-01 
  517.000  5.600739e-01 
  518.000  5.603188e-01 
  519.000  5.605591e-01 
  520.000  5.607971e-01 
  521.000  5.610102e-01 
  522.000  5.611640e-01 
  523.000  5.612749e-01 
  524.000  5.613894e-01 
  525.000  5.614797e-01 
  526.000  5.616064e-01 
  527.000  5.616268e-01 
  528.000  5.616041e-01 
  529.000  5.615802e-01 
  530.000  5.615616e-01 
  531.000  5.615464e-01 
  532.000  5.615806e-01 
  533.000  5.618895e-01 
  534.000  5.622796e-01 
  535.000  5.627198e-01 
  536.000  5.631454e-01 
  537.000  5.635347e-01 
  538.000  5.638829e-01 
  539.000  5.642055e-01 
  540.000  5.645080e-01 
  541.000  5.648018e-01 
  542.000  5.650827e-01 
  543.000  5.653536e-01 
  544.000  5.655585e-01 
  545.000  5.657095e-01 
  546.000  5.658535e-01 
  547.000  5.660015e-01 
  548.000  5.661421e-01 
  549.000  5.662805e-01 
  550.000  5.663477e-01 
  551.000  5.663441e-01 
  552.000  5.663434e-01 
  553.000  5.663279e-01 
  554.000  5.663059e-01 
  555.000  5.662798e-01 
  556.000  5.662270e-01 
  557.000  5.661280e-01 
  558.000  5.660208e-01 
  559.000  5.659011e-01 
  560.000  5.657511e-01 
  561.000  5.655730e-01 
  562.000  5.651383e-01 
  563.000  5.649142e-01 
  564.000  5.646101e-01 
  565.000  5.641251e-01 
  566.000  5.638606e-01 
  567.000  5.627242e-01 
  568.000  5.592425e-01 
  569.000  5.515191e-01 
  570.000  5.526950e-01 
  571.000  5.582003e-01 
  572.000  5.528822e-01 
  573.000  5.542713e-01 
  574.000  5.546295e-01 
  575.000  5.542953e-01 
  576.000  5.544850e-01 
  577.000  5.563386e-01 
  578.000  5.586751e-01 
  579.000  5.605584e-01 
  580.000  5.621735e-01 
  581.000  5.645680e-01 
  582.000  5.661191e-01 
  583.000  5.669809e-01 
  584.000  5.677558e-01 
  585.000  5.683463e-01 
  586.000  5.689188e-01 
  587.000  5.668192e-01 
  588.000  5.561761e-01 
  589.000  5.395837e-01 
  590.000  5.386828e-01 
  591.000  5.501986e-01 
  592.000  5.442813e-01 
  593.000  5.574416e-01 
  594.000  5.546867e-01 
  595.000  5.456641e-01 
  596.000  5.584983e-01 
  597.000  5.554101e-01 
  598.000  5.605398e-01 
  599.000  5.625110e-01 
  600.000  5.671480e-01 
  601.000  5.702322e-01 
  602.000  5.710093e-01 
  603.000  5.723226e-01 
  604.000  5.737916e-01 
  605.000  5.748118e-01 
  606.000  5.754966e-01 
  607.000  5.761563e-01 
  608.000  5.767620e-01 
  609.000  5.773395e-01 
  610.000  5.779336e-01 
  611.000  5.785932e-01 
  612.000  5.792393e-01 
  613.000  5.798652e-01 
  614.000  5.804726e-01 
  615.000  5.810785e-01 
  616.000  5.816621e-01 
  617.000  5.822135e-01 
  618.000  5.826756e-01 
  619.000  5.830666e-01 
  620.000  5.834286e-01 
  621.000  5.837396e-01 
  622.000  5.839996e-01 
  623.000  5.841734e-01 
  624.000  5.843580e-01 
  625.000  5.845109e-01 
  626.000  5.840577e-01 
  627.000  5.798499e-01 
  628.000  5.606205e-01 
  629.000  5.716435e-01 
  630.000  5.755464e-01 
  631.000  5.793551e-01 
  632.000  5.774924e-01 
  633.000  5.834110e-01 
  634.000  5.859730e-01 
  635.000  5.869851e-01 
  636.000  5.887238e-01 
  637.000  5.899860e-01 
  638.000  5.929784e-01 
  639.000  5.938538e-01 
  640.000  5.957510e-01 
  641.000  5.965182e-01 
  642.000  5.979080e-01 
  643.000  5.969343e-01 
  644.000  5.975009e-01 
  645.000  5.958351e-01 
  646.000  5.867696e-01 
  647.000  5.806032e-01 
  648.000  5.736973e-01 
  649.000  5.804400e-01 
  650.000  5.931566e-01 
  651.000  5.934954e-01 
  652.000  5.829319e-01 
  653.000  5.958295e-01 
  654.000  5.947950e-01 
  655.000  5.905579e-01 
  656.000  5.925063e-01 
  657.000  5.953415e-01 
  658.000  6.000013e-01 
  659.000  6.028678e-01 
  660.000  6.043157e-01 
  661.000  6.078103e-01 
  662.000  6.095482e-01 
  663.000  6.096402e-01 
  664.000  6.105630e-01 
  665.000  6.113426e-01 
  666.000  6.122997e-01 
  667.000  6.131051e-01 
  668.000  6.140849e-01 
  669.000  6.147445e-01 
  670.000  6.153119e-01 
  671.000  6.159180e-01 
  672.000  6.164443e-01 
  673.000  6.169588e-01 
  674.000  6.174678e-01 
  675.000  6.179785e-01 
  676.000  6.184546e-01 
  677.000  6.188931e-01 
  678.000  6.193338e-01 
  679.000  6.196707e-01 
  680.000  6.195579e-01 
  681.000  6.193805e-01 
  682.000  6.195771e-01 
  683.000  6.196253e-01 
  684.000  6.190197e-01 
  685.000  6.199737e-01 
  686.000  6.174417e-01 
  687.000  5.289328e-01 
  688.000  5.568361e-01 
  689.000  5.486158e-01 
  690.000  5.632379e-01 
  691.000  5.814954e-01 
  692.000  5.911474e-01 
  693.000  5.814188e-01 
  694.000  5.699421e-01 
  695.000  5.793405e-01 
  696.000  5.849285e-01 
  697.000  6.097576e-01 
  698.000  6.045539e-01 
  699.000  5.821832e-01 
  700.000  5.858530e-01 
  701.000  5.808898e-01 
  702.000  5.845441e-01 
  703.000  6.032737e-01 
  704.000  6.041042e-01 
  705.000  5.963861e-01 
  706.000  5.979133e-01 
  707.000  6.006995e-01 
  708.000  6.037160e-01 
  709.000  6.098771e-01 
  710.000  6.033413e-01 
  711.000  6.100320e-01 
  712.000  6.157421e-01 
  713.000  6.111506e-01 
  714.000  6.095829e-01 
  715.000  6.020851e-01 
  716.000  5.942383e-01 
  717.000  5.460173e-01 
  718.000  5.169275e-01 
  719.000  5.065212e-01 
  720.000  4.911883e-01 
  721.000  5.596556e-01 
  722.000  5.846869e-01 
  723.000  5.705029e-01 
  724.000  5.307946e-01 
  725.000  5.365362e-01 
  726.000  5.347054e-01 
  727.000  5.402890e-01 
  728.000  5.342323e-01 
  729.000  5.493650e-01 
  730.000  5.467869e-01 
  731.000  5.436739e-01 
  732.000  5.693991e-01 
  733.000  5.944450e-01 
  734.000  6.066417e-01 
  735.000  6.023573e-01 
  736.000  5.943753e-01 
  737.000  6.003953e-01 
  738.000  6.086943e-01 
  739.000  6.122805e-01 
  740.000  6.202579e-01 
  741.000  6.248779e-01 
  742.000  6.268184e-01 
  743.000  6.310899e-01 
  744.000  6.330242e-01 
  745.000  6.344030e-01 
  746.000  6.355605e-01 
  747.000  6.358387e-01 
  748.000  6.368183e-01 
  749.000  6.373681e-01 
  750.000  6.370290e-01 
  751.000  6.372117e-01 
  752.000  6.381837e-01 
  753.000  6.385761e-01 
  754.000  6.388770e-01 
  755.000  6.390589e-01 
  756.000  6.392518e-01 
  757.000  6.393842e-01 
  758.000  6.381993e-01 
  759.000  5.903180e-01 
  760.000  2.485576e-01 
  761.000  2.181299e-01 
  762.000  4.102851e-01 
  763.000  3.491428e-01 
  764.000  3.792855e-01 
  765.000  4.487004e-01 
  766.000  5.340494e-01 
  767.000  5.777189e-01 
  768.000  6.064837e-01 
  769.000  6.255581e-01 
  770.000  6.357986e-01 
  771.000  6.406559e-01 
  772.000  6.418677e-01 
  773.000  6.424072e-01 
  774.000  6.430779e-01 
  775.000  6.435007e-01 
  776.000  6.438106e-01 
  777.000  6.438757e-01 
  778.000  6.438235e-01 
  779.000  6.437643e-01 
  780.000  6.437042e-01 
  781.000  6.441411e-01 
  782.000  6.440668e-01 
  783.000  6.440079e-01 
  784.000  6.436640e-01 
  785.000  6.419111e-01 
  786.000  6.392674e-01 
  787.000  6.332300e-01 
  788.000  6.300533e-01 
  789.000  6.188136e-01 
  790.000  6.178320e-01 
  791.000  6.199307e-01 
  792.000  6.218796e-01 
  793.000  6.264408e-01 
  794.000  6.361485e-01 
  795.000  6.301903e-01 
  796.000  6.144397e-01 
  797.000  6.189122e-01 
  798.000  6.288514e-01 
  799.000  6.265673e-01 
  800.000  6.193146e-01 
  801.000  6.201632e-01 
  802.000  6.194217e-01 
  803.000  6.204704e-01 
  804.000  6.238692e-01 
  805.000  6.303952e-01 
  806.000  6.342988e-01 
  807.000  6.344618e-01 
  808.000  6.322277e-01 
  809.000  6.294836e-01 
  810.000  6.264727e-01 
  811.000  6.203343e-01 
  812.000  6.120932e-01 
  813.000  6.020530e-01 
  814.000  5.888934e-01 
  815.000  5.726337e-01 
  816.000  5.521572e-01 
  817.000  5.532022e-01 
  818.000  5.548338e-01 
  819.000  5.615904e-01 
  820.000  5.842532e-01 
  821.000  6.104317e-01 
  822.000  5.904712e-01 
  823.000  5.360522e-01 
  824.000  5.818004e-01 
  825.000  6.119134e-01 
  826.000  6.068158e-01 
  827.000  6.029822e-01 
  828.000  5.831770e-01 
  829.000  5.902597e-01 
  830.000  5.982566e-01 
  831.000  6.001559e-01 
  832.000  6.010435e-01 
  833.000  6.056944e-01 
  834.000  6.111917e-01 
  835.000  6.221200e-01 
  836.000  6.186199e-01 
  837.000  6.182675e-01 
  838.000  6.235820e-01 
  839.000  6.268194e-01 
  840.000  6.279895e-01 
  841.000  6.244783e-01 
  842.000  6.276237e-01 
  843.000  6.351196e-01 
  844.000  6.385315e-01 
  845.000  6.401177e-01 
  846.000  6.417876e-01 
  847.000  6.436281e-01 
  848.000  6.405671e-01 
  849.000  6.409457e-01 
  850.000  6.394277e-01 
  851.000  6.376241e-01 
  852.000  6.377935e-01 
  853.000  6.407498e-01 
  854.000  6.405849e-01 
  855.000  6.420699e-01 
  856.000  6.451688e-01 
  857.000  6.463279e-01 
  858.000  6.470282e-01 
  859.000  6.485049e-01 
  860.000  6.492243e-01 
  861.000  6.493453e-01 
  862.000  6.497906e-01 
  863.000  6.498428e-01 
  864.000  6.501461e-01 
  865.000  6.503929e-01 
  866.000  6.504534e-01 
  867.000  6.504011e-01 
  868.000  6.504341e-01 
  869.000  6.505115e-01 
  870.000  6.504433e-01 
  871.000  6.505162e-01 
  872.000  6.507037e-01 
  873.000  6.505034e-01 
  874.000  6.503919e-01 
  875.000  6.503605e-01 
  876.000  6.500159e-01 
  877.000  6.498849e-01 
  878.000  6.489452e-01 
  879.000  6.488749e-01 
  880.000  6.480637e-01 
  881.000  6.475800e-01 
  882.000  6.471814e-01 
  883.000  6.476214e-01 
  884.000  6.477353e-01 
  885.000  6.462142e-01 
  886.000  6.438856e-01 
  887.000  6.456701e-01 
  888.000  6.455538e-01 
  889.000  6.460808e-01 
  890.000  6.446914e-01 
  891.000  6.418489e-01 
  892.000  6.358736e-01 
  893.000  6.179181e-01 
  894.000  6.089574e-01 
  895.000  5.821723e-01 
  896.000  5.583617e-01 
  897.000  5.335351e-01 
  898.000  5.220315e-01 
  899.000  4.904942e-01 
  900.000  4.948766e-01 
  901.000  4.868056e-01 
  902.000  4.884489e-01 
  903.000  5.416225e-01 
  904.000  5.750017e-01 
  905.000  5.738883e-01 
  906.000  5.529907e-01 
  907.000  5.166656e-01 
  908.000  4.931495e-01 
  909.000  4.940576e-01 
  910.000  4.975359e-01 
  911.000  5.130885e-01 
  912.000  5.055481e-01 
  913.000  4.732216e-01 
  914.000  4.891382e-01 
  915.000  5.018635e-01 
  916.000  5.053862e-01 
  917.000  5.124241e-01 
  918.000  5.215362e-01 
  919.000  5.527058e-01 
  920.000  5.767360e-01 
  921.000  5.715177e-01 
  922.000  5.710853e-01 
  923.000  5.643875e-01 
  924.000  5.483889e-01 
  925.000  5.468701e-01 
  926.000  5.459803e-01 
  927.000  5.271081e-01 
  928.000  4.985511e-01 
  929.000  4.583413e-01 
  930.000  4.090162e-01 
  931.000  3.563633e-01 
  932.000  2.902862e-01 
  933.000  2.451684e-01 
  934.000  2.021293e-01 
  935.000  1.974382e-01 
  936.000  2.135337e-01 
  937.000  2.096756e-01 
  938.000  2.588150e-01 
  939.000  3.994629e-01 
  940.000  4.223351e-01 
  941.000  4.031814e-01 
  942.000  3.568815e-01 
  943.000  2.839432e-01 
  944.000  2.788394e-01 
  945.000  3.040003e-01 
  946.000  3.057036e-01 
  947.000  3.295444e-01 
  948.000  3.437421e-01 
  949.000  3.422437e-01 
  950.000  3.460029e-01 
  951.000  3.782454e-01 
  952.000  3.444777e-01 
  953.000  3.687526e-01 
  954.000  3.954425e-01 
  955.000  3.745666e-01 
  956.000  3.705432e-01 
  957.000  4.386369e-01 
  958.000  4.481145e-01 
  959.000  4.368905e-01 
  960.000  4.338231e-01 
  961.000  4.282780e-01 
  962.000  4.337462e-01 
  963.000  4.725112e-01 
  964.000  4.783225e-01 
  965.000  4.747917e-01 
  966.000  4.771414e-01 
  967.000  5.056100e-01 
  968.000  5.542020e-01 
  969.000  5.766732e-01 
  970.000  5.779777e-01 
  971.000  5.774660e-01 
  972.000  5.710681e-01 
  973.000  5.564184e-01 
  974.000  5.387829e-01 
  975.000  5.275564e-01 
  976.000  5.413051e-01 
  977.000  5.642779e-01 
  978.000  5.624937e-01 
  979.000  5.685932e-01 
  980.000  5.924319e-01 
  981.000  5.978085e-01 
  982.000  5.925662e-01 
  983.000  6.049548e-01 
  984.000  6.177670e-01 
  985.000  6.250921e-01 
  986.000  6.345702e-01 
  987.000  6.387072e-01 
  988.000  6.396701e-01 
  989.000  6.402856e-01 
  990.000  6.412924e-01 
  991.000  6.448294e-01 
  992.000  6.458302e-01 
  993.000  6.462012e-01 
  994.000  6.493910e-01 
  995.000  6.514566e-01 
  996.000  6.514300e-01 
  997.000  6.501488e-01 
  998.000  6.485214e-01 
  999.000  6.479189e-01 
 1000.000  6.483932e-01 
 1001.000  6.449981e-01 
 1002.000  6.395820e-01 
 1003.000  6.408566e-01 
 1004.000  6.439583e-01 
 1005.000  6.453725e-01 
 1006.000  6.458270e-01 
 1007.000  6.447835e-01 
 1008.000  6.403701e-01 
 1009.000  6.344869e-01 
 1010.000  6.371004e-01 
 1011.000  6.433529e-01 
 1012.000  6.457376e-01 
 1013.000  6.476177e-01 
 1014.000  6.484045e-01 
 1015.000  6.485553e-01 
 1016.000  6.494043e-01 
 1017.000  6.498951e-01 
 1018.000  6.488303e-01 
 1019.000  6.466489e-01 
 1020.000  6.474133e-01 
 1021.000  6.489832e-01 
 1022.000  6.463448e-01 
 1023.000  6.441410e-01 
 1024.000  6.428238e-01 
 1025.000  6.468712e-01 
 1026.000  6.486652e-01 
 1027.000  6.479094e-01 
 1028.000  6.485425e-01 
 1029.000  6.501845e-01 
 1030.000  6.518190e-01 
 1031.000  6.527169e-01 
 1032.000  6.533769e-01 
 1033.000  6.535230e-01 
 1034.000  6.539239e-01 
 1035.000  6.541280e-01 
 1036.000  6.540500e-01 
 1037.000  6.541238e-01 
 1038.000  6.542585e-01 
 1039.000  6.540166e-01 
 1040.000  6.538172e-01 
 1041.000  6.536601e-01 
 1042.000  6.536214e-01 
 1043.000  6.536283e-01 
 1044.000  6.534963e-01 
 1045.000  6.530451e-01 
 1046.000  6.527479e-01 
 1047.000  6.524019e-01 
 1048.000  6.520026e-01 
 1049.000  6.516439e-01 
 1050.000  6.511965e-01 
 1051.000  6.505296e-01 
 1052.000  6.501026e-01 
 1053.000  6.500508e-01 
 1054.000  6.493679e-01 
 1055.000  6.487256e-01 
 1056.000  6.481822e-01 
 1057.000  6.467428e-01 
 1058.000  6.440883e-01 
 1059.000  6.442954e-01 
 1060.000  6.456861e-01 
 1061.000  6.453737e-01 
 1062.000  6.437149e-01 
 1063.000  6.431546e-01 
 1064.000  6.417609e-01 
 1065.000  6.401753e-01 
 1066.000  6.403161e-01 
 1067.000  6.393847e-01 
 1068.000  6.359846e-01 
 1069.000  6.342156e-01 
 1070.000  6.346352e-01 
 1071.000  6.323950e-01 
 1072.000  6.301287e-01 
 1073.000  6.296439e-01 
 1074.000  6.299142e-01 
 1075.000  6.331280e-01 
 1076.000  6.310244e-01 
 1077.000  6.282280e-01 
 1078.000  6.249518e-01 
 1079.000  6.244804e-01 
 1080.000  6.158408e-01 
 1081.000  6.153160e-01 
 1082.000  6.190534e-01 
 1083.000  6.144466e-01 
 1084.000  6.094350e-01 
 1085.000  5.976127e-01 
 1086.000  6.003138e-01 
 1087.000  6.132444e-01 
 1088.000  6.137374e-01 
 1089.000  5.979022e-01 
 1090.000  5.948937e-01 
 1091.000  5.978243e-01 
 1092.000  5.899693e-01 
 1093.000  5.726488e-01 
 1094.000  5.651476e-01 
 1095.000  5.662928e-01 
 1096.000  5.672781e-01 
 1097.000  5.637382e-01 
 1098.000  5.225394e-01 
 1099.000  4.881882e-01 
 1100.000  4.904143e-01 
 1101.000  4.950203e-01 
 1102.000  4.925933e-01 
 1103.000  4.955689e-01 
 1104.000  4.897671e-01 
 1105.000  4.754395e-01 
 1106.000  4.612987e-01 
 1107.000  4.645159e-01 
 1108.000  4.666920e-01 
 1109.000  4.782695e-01 
 1110.000  4.760865e-01 
 1111.000  4.690012e-01 
 1112.000  4.392407e-01 
 1113.000  3.991682e-01 
 1114.000  3.873444e-01 
 1115.000  3.402067e-01 
 1116.000  3.122811e-01 
 1117.000  2.523605e-01 
 1118.000  2.009258e-01 
 1119.000  1.748163e-01 
 1120.000  1.450934e-01 
 1121.000  1.386422e-01 
 1122.000  1.113557e-01 
 1123.000  1.251446e-01 
 1124.000  1.348184e-01 
 1125.000  1.294950e-01 
 1126.000  1.275122e-01 
 1127.000  1.301119e-01 
 1128.000  1.351373e-01 
 1129.000  1.638563e-01 
 1130.000  2.370671e-01 
 1131.000  2.600265e-01 
 1132.000  2.284728e-01 
 1133.000  1.757938e-01 
 1134.000  9.390016e-02 
 1135.000  9.956379e-02 
 1136.000  1.840200e-01 
 1137.000  2.379774e-01 
 1138.000  2.957430e-01 
 1139.000  3.158179e-01 
 1140.000  3.043994e-01 
 1141.000  2.823258e-01 
 1142.000  2.743068e-01 
 1143.000  2.498247e-01 
 1144.000  2.235593e-01 
 1145.000  1.874128e-01 
 1146.000  1.958146e-01 
 1147.000  2.244353e-01 
 1148.000  2.510607e-01 
 1149.000  2.625032e-01 
 1150.000  2.640496e-01 
