  320.000  2.682791e-01 
  321.000  3.196160e-01 
  322.000  2.996290e-01 
  323.000  3.249252e-01 
  324.000  3.499903e-01 
  325.000  3.313425e-01 
  326.000  3.618721e-01 
  327.000  3.703238e-01 
  328.000  3.520339e-01 
  329.000  3.870262e-01 
  330.000  3.925292e-01 
  331.000  3.816294e-01 
  332.000  4.026358e-01 
  333.000  4.087307e-01 
  334.000  4.037274e-01 
  335.000  4.190240e-01 
  336.000  4.251960e-01 
  337.000  4.225965e-01 
  338.000  4.298186e-01 
  339.000  4.372537e-01 
  340.000  4.360331e-01 
  341.000  4.432378e-01 
  342.000  4.484958e-01 
  343.000  4.511332e-01 
  344.000  4.516718e-01 
  345.000  4.587761e-01 
  346.000  4.632531e-01 
  347.000  4.668982e-01 
  348.000  4.703085e-01 
  349.000  4.741342e-01 
  350.000  4.774004e-01 
  351.000  4.806497e-01 
  352.000  4.833126e-01 
  353.000  4.870948e-01 
  354.000  4.903107e-01 
  355.000  4.933000e-01 
  356.000  4.962097e-01 
  357.000  4.987967e-01 
  358.000  5.015776e-01 
  359.000  5.043529e-01 
  360.000  5.071923e-01 
  361.000  5.107751e-01 
  362.000  5.145009e-01 
  363.000  5.179279e-01 
  364.000  5.210779e-01 
  365.000  5.240293e-01 
  366.000  5.270439e-01 
  367.000  5.299111e-01 
  368.000  5.327493e-01 
  369.000  5.355601e-01 
  370.000  5.383389e-01 
  371.000  5.410932e-01 
  372.000  5.438222e-01 
  373.000  5.465252e-01 
  374.000  5.491821e-01 
  375.000  5.517852e-01 
  376.000  5.542975e-01 
  377.000  5.566699e-01 
  378.000  5.588716e-01 
  379.000  5.611069e-01 
  380.000  5.635631e-01 
  381.000  5.663564e-01 
  382.000  5.692481e-01 
  383.000  5.719797e-01 
  384.000  5.745683e-01 
  385.000  5.770600e-01 
  386.000  5.794856e-01 
  387.000  5.818697e-01 
  388.000  5.842213e-01 
  389.000  5.865513e-01 
  390.000  5.888604e-01 
  391.000  5.911438e-01 
  392.000  5.934081e-01 
  393.000  5.956517e-01 
  394.000  5.978725e-01 
  395.000  6.000686e-01 
  396.000  6.022486e-01 
  397.000  6.044014e-01 
  398.000  6.065325e-01 
  399.000  6.086437e-01 
  400.000  6.107239e-01 
  401.000  6.127944e-01 
  402.000  6.148465e-01 
  403.000  6.168793e-01 
  404.000  6.188924e-01 
  405.000  6.208819e-01 
  406.000  6.228564e-01 
  407.000  6.248140e-01 
  408.000  6.267529e-01 
  409.000  6.286713e-01 
  410.000  6.305700e-01 
  411.000  6.324484e-01 
  412.000  6.343054e-01 
  413.000  6.361502e-01 
  414.000  6.378615e-01 
  415.000  6.397114e-01 
  416.000  6.415366e-01 
  417.000  6.433300e-01 
  418.000  6.450810e-01 
  419.000  6.468114e-01 
  420.000  6.485251e-01 
  421.000  6.502273e-01 
  422.000  6.519179e-01 
  423.000  6.535949e-01 
  424.000  6.552509e-01 
  425.000  6.568679e-01 
  426.000  6.584682e-01 
  427.000  6.600535e-01 
  428.000  6.616095e-01 
  429.000  6.631430e-01 
  430.000  6.646577e-01 
  431.000  6.661602e-01 
  432.000  6.676462e-01 
  433.000  6.691172e-01 
  434.000  6.705751e-01 
  435.000  6.720179e-01 
  436.000  6.734437e-01 
  437.000  6.748533e-01 
  438.000  6.762461e-01 
  439.000  6.776275e-01 
  440.000  6.789859e-01 
  441.000  6.803263e-01 
  442.000  6.816450e-01 
  443.000  6.829430e-01 
  444.000  6.842201e-01 
  445.000  6.854691e-01 
  446.000  6.866828e-01 
  447.000  6.879551e-01 
  448.000  6.893186e-01 
  449.000  6.906980e-01 
  450.000  6.920502e-01 
  451.000  6.933489e-01 
  452.000  6.946015e-01 
  453.000  6.958279e-01 
  454.000  6.970316e-01 
  455.000  6.981649e-01 
  456.000  6.992064e-01 
  457.000  7.002477e-01 
  458.000  7.012746e-01 
  459.000  7.022793e-01 
  460.000  7.032757e-01 
  461.000  7.042612e-01 
  462.000  7.052276e-01 
  463.000  7.061894e-01 
  464.000  7.074411e-01 
  465.000  7.086735e-01 
  466.000  7.098835e-01 
  467.000  7.110651e-01 
  468.000  7.120271e-01 
  469.000  7.128553e-01 
  470.000  7.136168e-01 
  471.000  7.143021e-01 
  472.000  7.148839e-01 
  473.000  7.152916e-01 
  474.000  7.156264e-01 
  475.000  7.157123e-01 
  476.000  7.155466e-01 
  477.000  7.155432e-01 
  478.000  7.165115e-01 
  479.000  7.179848e-01 
  480.000  7.195741e-01 
  481.000  7.209991e-01 
  482.000  7.223348e-01 
  483.000  7.234955e-01 
  484.000  7.244928e-01 
  485.000  7.253842e-01 
  486.000  7.263346e-01 
  487.000  7.273348e-01 
  488.000  7.283025e-01 
  489.000  7.292520e-01 
  490.000  7.301899e-01 
  491.000  7.309242e-01 
  492.000  7.315952e-01 
  493.000  7.322627e-01 
  494.000  7.329112e-01 
  495.000  7.335595e-01 
  496.000  7.338935e-01 
  497.000  7.342148e-01 
  498.000  7.345313e-01 
  499.000  7.348308e-01 
  500.000  7.351255e-01 
  501.000  7.353874e-01 
  502.000  7.356493e-01 
  503.000  7.359079e-01 
  504.000  7.361546e-01 
  505.000  7.363878e-01 
  506.000  7.370707e-01 
  507.000  7.377732e-01 
  508.000  7.384745e-01 
  509.000  7.391675e-01 
  510.000  7.398456e-01 
  511.000  7.404534e-01 
  512.000  7.410402e-01 
  513.000  7.416235e-01 
  514.000  7.421994e-01 
  515.000  7.427700e-01 
  516.000  7.431777e-01 
  517.000  7.434390e-01 
  518.000  7.436931e-01 
  519.000  7.439423e-01 
  520.000  7.441891e-01 
  521.000  7.444102e-01 
  522.000  7.445695e-01 
  523.000  7.446845e-01 
  524.000  7.448033e-01 
  525.000  7.448969e-01 
  526.000  7.450282e-01 
  527.000  7.450494e-01 
  528.000  7.450259e-01 
  529.000  7.450011e-01 
  530.000  7.449818e-01 
  531.000  7.449660e-01 
  532.000  7.450015e-01 
  533.000  7.453216e-01 
  534.000  7.457260e-01 
  535.000  7.461822e-01 
  536.000  7.466232e-01 
  537.000  7.470266e-01 
  538.000  7.473871e-01 
  539.000  7.477213e-01 
  540.000  7.480346e-01 
  541.000  7.483388e-01 
  542.000  7.486296e-01 
  543.000  7.489101e-01 
  544.000  7.491221e-01 
  545.000  7.492784e-01 
  546.000  7.494274e-01 
  547.000  7.495807e-01 
  548.000  7.497262e-01 
  549.000  7.498694e-01 
  550.000  7.499389e-01 
  551.000  7.499353e-01 
  552.000  7.499344e-01 
  553.000  7.499185e-01 
  554.000  7.498956e-01 
  555.000  7.498687e-01 
  556.000  7.498141e-01 
  557.000  7.497115e-01 
  558.000  7.496006e-01 
  559.000  7.494769e-01 
  560.000  7.493219e-01 
  561.000  7.491381e-01 
  562.000  7.487610e-01 
  563.000  7.485352e-01 
  564.000  7.482385e-01 
  565.000  7.477883e-01 
  566.000  7.474811e-01 
  567.000  7.464973e-01 
  568.000  7.435296e-01 
  569.000  7.372945e-01 
  570.000  7.381209e-01 
  571.000  7.423471e-01 
  572.000  7.380059e-01 
  573.000  7.389849e-01 
  574.000  7.391679e-01 
  575.000  7.388393e-01 
  576.000  7.390254e-01 
  577.000  7.405398e-01 
  578.000  7.425936e-01 
  579.000  7.443755e-01 
  580.000  7.460310e-01 
  581.000  7.483773e-01 
  582.000  7.499925e-01 
  583.000  7.510198e-01 
  584.000  7.519230e-01 
  585.000  7.526359e-01 
  586.000  7.533175e-01 
  587.000  7.518378e-01 
  588.000  7.435615e-01 
  589.000  7.303457e-01 
  590.000  7.297158e-01 
  591.000  7.391056e-01 
  592.000  7.344123e-01 
  593.000  7.450692e-01 
  594.000  7.429379e-01 
  595.000  7.357432e-01 
  596.000  7.459944e-01 
  597.000  7.434286e-01 
  598.000  7.474416e-01 
  599.000  7.489184e-01 
  600.000  7.525132e-01 
  601.000  7.548323e-01 
  602.000  7.554182e-01 
  603.000  7.565168e-01 
  604.000  7.578320e-01 
  605.000  7.587575e-01 
  606.000  7.594301e-01 
  607.000  7.600796e-01 
  608.000  7.606983e-01 
  609.000  7.612897e-01 
  610.000  7.619014e-01 
  611.000  7.625809e-01 
  612.000  7.632461e-01 
  613.000  7.638905e-01 
  614.000  7.645158e-01 
  615.000  7.651392e-01 
  616.000  7.657397e-01 
  617.000  7.663068e-01 
  618.000  7.667822e-01 
  619.000  7.671843e-01 
  620.000  7.675565e-01 
  621.000  7.678762e-01 
  622.000  7.681434e-01 
  623.000  7.683222e-01 
  624.000  7.685123e-01 
  625.000  7.686709e-01 
  626.000  7.683938e-01 
  627.000  7.647760e-01 
  628.000  7.424067e-01 
  629.000  7.560111e-01 
  630.000  7.590930e-01 
  631.000  7.633800e-01 
  632.000  7.629213e-01 
  633.000  7.682713e-01 
  634.000  7.709317e-01 
  635.000  7.720836e-01 
  636.000  7.738034e-01 
  637.000  7.752058e-01 
  638.000  7.778341e-01 
  639.000  7.788087e-01 
  640.000  7.805735e-01 
  641.000  7.814342e-01 
  642.000  7.827427e-01 
  643.000  7.821692e-01 
  644.000  7.828055e-01 
  645.000  7.816416e-01 
  646.000  7.746509e-01 
  647.000  7.699201e-01 
  648.000  7.645603e-01 
  649.000  7.701024e-01 
  650.000  7.803377e-01 
  651.000  7.807317e-01 
  652.000  7.724607e-01 
  653.000  7.828253e-01 
  654.000  7.821255e-01 
  655.000  7.788920e-01 
  656.000  7.805585e-01 
  657.000  7.829095e-01 
  658.000  7.867030e-01 
  659.000  7.890779e-01 
  660.000  7.903363e-01 
  661.000  7.932298e-01 
  662.000  7.947474e-01 
  663.000  7.949130e-01 
  664.000  7.957503e-01 
  665.000  7.964888e-01 
  666.000  7.973633e-01 
  667.000  7.981218e-01 
  668.000  7.989818e-01 
  669.000  7.996111e-01 
  670.000  8.001736e-01 
  671.000  8.007631e-01 
  672.000  8.012948e-01 
  673.000  8.018173e-01 
  674.000  8.023351e-01 
  675.000  8.028536e-01 
  676.000  8.033407e-01 
  677.000  8.037884e-01 
  678.000  8.042371e-01 
  679.000  8.046092e-01 
  680.000  8.046510e-01 
  681.000  8.045849e-01 
  682.000  8.048416e-01 
  683.000  8.049635e-01 
  684.000  8.045630e-01 
  685.000  8.054529e-01 
  686.000  8.025283e-01 
  687.000  7.010994e-01 
  688.000  7.329366e-01 
  689.000  7.238510e-01 
  690.000  7.404167e-01 
  691.000  7.621896e-01 
  692.000  7.754547e-01 
  693.000  7.709945e-01 
  694.000  7.636824e-01 
  695.000  7.724151e-01 
  696.000  7.774376e-01 
  697.000  7.980382e-01 
  698.000  7.939044e-01 
  699.000  7.755769e-01 
  700.000  7.786991e-01 
  701.000  7.746453e-01 
  702.000  7.777226e-01 
  703.000  7.931823e-01 
  704.000  7.939016e-01 
  705.000  7.876041e-01 
  706.000  7.888941e-01 
  707.000  7.912177e-01 
  708.000  7.937240e-01 
  709.000  7.987979e-01 
  710.000  7.935007e-01 
  711.000  7.990122e-01 
  712.000  8.037099e-01 
  713.000  8.000324e-01 
  714.000  7.988318e-01 
  715.000  7.928223e-01 
  716.000  7.865934e-01 
  717.000  7.465330e-01 
  718.000  7.218378e-01 
  719.000  7.129683e-01 
  720.000  6.994411e-01 
  721.000  7.584897e-01 
  722.000  7.794053e-01 
  723.000  7.676338e-01 
  724.000  7.340449e-01 
  725.000  7.390739e-01 
  726.000  7.375022e-01 
  727.000  7.422804e-01 
  728.000  7.370818e-01 
  729.000  7.499785e-01 
  730.000  7.477278e-01 
  731.000  7.450073e-01 
  732.000  7.667413e-01 
  733.000  7.874888e-01 
  734.000  7.974554e-01 
  735.000  7.939388e-01 
  736.000  7.873788e-01 
  737.000  7.923381e-01 
  738.000  7.991472e-01 
  739.000  8.020790e-01 
  740.000  8.085706e-01 
  741.000  8.123215e-01 
  742.000  8.139006e-01 
  743.000  8.173652e-01 
  744.000  8.188960e-01 
  745.000  8.201096e-01 
  746.000  8.210631e-01 
  747.000  8.213185e-01 
  748.000  8.221804e-01 
  749.000  8.226342e-01 
  750.000  8.224083e-01 
  751.000  8.225937e-01 
  752.000  8.233857e-01 
  753.000  8.237236e-01 
  754.000  8.239946e-01 
  755.000  8.241788e-01 
  756.000  8.243706e-01 
  757.000  8.245039e-01 
  758.000  8.232504e-01 
  759.000  7.690936e-01 
  760.000  3.621895e-01 
  761.000  3.232599e-01 
  762.000  5.602678e-01 
  763.000  4.868234e-01 
  764.000  5.232024e-01 
  765.000  6.056151e-01 
  766.000  7.047268e-01 
  767.000  7.546145e-01 
  768.000  7.871985e-01 
  769.000  8.086860e-01 
  770.000  8.200169e-01 
  771.000  8.255567e-01 
  772.000  8.269026e-01 
  773.000  8.275140e-01 
  774.000  8.282567e-01 
  775.000  8.286796e-01 
  776.000  8.289826e-01 
  777.000  8.290755e-01 
  778.000  8.290710e-01 
  779.000  8.290547e-01 
  780.000  8.290352e-01 
  781.000  8.293816e-01 
  782.000  8.293518e-01 
  783.000  8.293331e-01 
  784.000  8.290750e-01 
  785.000  8.276539e-01 
  786.000  8.254734e-01 
  787.000  8.205532e-01 
  788.000  8.179729e-01 
  789.000  8.087232e-01 
  790.000  8.079374e-01 
  791.000  8.096951e-01 
  792.000  8.113176e-01 
  793.000  8.150910e-01 
  794.000  8.230861e-01 
  795.000  8.182105e-01 
  796.000  8.052067e-01 
  797.000  8.089342e-01 
  798.000  8.171581e-01 
  799.000  8.152879e-01 
  800.000  8.093113e-01 
  801.000  8.100298e-01 
  802.000  8.094304e-01 
  803.000  8.103101e-01 
  804.000  8.131253e-01 
  805.000  8.185152e-01 
  806.000  8.217317e-01 
  807.000  8.218789e-01 
  808.000  8.200629e-01 
  809.000  8.178309e-01 
  810.000  8.153871e-01 
  811.000  8.103637e-01 
  812.000  8.036029e-01 
  813.000  7.953163e-01 
  814.000  7.843767e-01 
  815.000  7.707676e-01 
  816.000  7.532583e-01 
  817.000  7.542517e-01 
  818.000  7.556849e-01 
  819.000  7.614484e-01 
  820.000  7.807224e-01 
  821.000  8.027147e-01 
  822.000  7.859941e-01 
  823.000  7.392637e-01 
  824.000  7.786502e-01 
  825.000  8.039369e-01 
  826.000  7.996072e-01 
  827.000  7.964147e-01 
  828.000  7.797632e-01 
  829.000  7.857666e-01 
  830.000  7.924856e-01 
  831.000  7.940601e-01 
  832.000  7.947408e-01 
  833.000  7.986100e-01 
  834.000  8.031629e-01 
  835.000  8.121967e-01 
  836.000  8.092868e-01 
  837.000  8.089750e-01 
  838.000  8.133764e-01 
  839.000  8.160452e-01 
  840.000  8.170167e-01 
  841.000  8.141220e-01 
  842.000  8.167229e-01 
  843.000  8.228971e-01 
  844.000  8.256955e-01 
  845.000  8.270013e-01 
  846.000  8.283743e-01 
  847.000  8.298892e-01 
  848.000  8.273970e-01 
  849.000  8.277208e-01 
  850.000  8.264912e-01 
  851.000  8.250244e-01 
  852.000  8.251743e-01 
  853.000  8.276066e-01 
  854.000  8.274769e-01 
  855.000  8.287002e-01 
  856.000  8.311791e-01 
  857.000  8.322680e-01 
  858.000  8.328153e-01 
  859.000  8.340366e-01 
  860.000  8.346535e-01 
  861.000  8.347571e-01 
  862.000  8.350992e-01 
  863.000  8.351523e-01 
  864.000  8.353900e-01 
  865.000  8.355861e-01 
  866.000  8.356453e-01 
  867.000  8.356204e-01 
  868.000  8.356591e-01 
  869.000  8.357308e-01 
  870.000  8.356941e-01 
  871.000  8.357622e-01 
  872.000  8.359157e-01 
  873.000  8.357806e-01 
  874.000  8.357115e-01 
  875.000  8.357022e-01 
  876.000  8.354596e-01 
  877.000  8.353407e-01 
  878.000  8.345604e-01 
  879.000  8.345147e-01 
  880.000  8.338464e-01 
  881.000  8.334897e-01 
  882.000  8.331257e-01 
  883.000  8.334975e-01 
  884.000  8.336499e-01 
  885.000  8.322710e-01 
  886.000  8.303949e-01 
  887.000  8.318381e-01 
  888.000  8.317543e-01 
  889.000  8.322269e-01 
  890.000  8.310885e-01 
  891.000  8.288278e-01 
  892.000  8.239288e-01 
  893.000  8.090072e-01 
  894.000  8.015800e-01 
  895.000  7.788481e-01 
  896.000  7.584660e-01 
  897.000  7.369671e-01 
  898.000  7.269067e-01 
  899.000  6.984260e-01 
  900.000  7.025533e-01 
  901.000  6.951345e-01 
  902.000  6.964806e-01 
  903.000  7.443205e-01 
  904.000  7.734628e-01 
  905.000  7.723926e-01 
  906.000  7.541717e-01 
  907.000  7.219247e-01 
  908.000  7.006511e-01 
  909.000  7.015637e-01 
  910.000  7.047728e-01 
  911.000  7.189014e-01 
  912.000  7.120594e-01 
  913.000  6.823196e-01 
  914.000  6.970229e-01 
  915.000  7.085933e-01 
  916.000  7.117209e-01 
  917.000  7.179934e-01 
  918.000  7.261026e-01 
  919.000  7.536882e-01 
  920.000  7.744946e-01 
  921.000  7.699012e-01 
  922.000  7.695057e-01 
  923.000  7.636946e-01 
  924.000  7.497289e-01 
  925.000  7.485813e-01 
  926.000  7.482783e-01 
  927.000  7.319993e-01 
  928.000  7.069371e-01 
  929.000  6.707084e-01 
  930.000  6.245534e-01 
  931.000  5.728510e-01 
  932.000  5.051259e-01 
  933.000  4.543408e-01 
  934.000  4.019577e-01 
  935.000  3.963938e-01 
  936.000  4.171875e-01 
  937.000  4.118626e-01 
  938.000  4.700680e-01 
  939.000  6.200634e-01 
  940.000  6.422086e-01 
  941.000  6.230385e-01 
  942.000  5.759732e-01 
  943.000  4.973133e-01 
  944.000  4.918219e-01 
  945.000  5.202100e-01 
  946.000  5.217613e-01 
  947.000  5.469580e-01 
  948.000  5.617127e-01 
  949.000  5.597458e-01 
  950.000  5.635096e-01 
  951.000  5.964849e-01 
  952.000  5.611707e-01 
  953.000  5.858716e-01 
  954.000  6.122972e-01 
  955.000  5.907986e-01 
  956.000  5.859084e-01 
  957.000  6.526808e-01 
  958.000  6.612488e-01 
  959.000  6.501353e-01 
  960.000  6.468849e-01 
  961.000  6.413039e-01 
  962.000  6.463409e-01 
  963.000  6.828148e-01 
  964.000  6.880233e-01 
  965.000  6.845199e-01 
  966.000  6.864704e-01 
  967.000  7.123929e-01 
  968.000  7.555264e-01 
  969.000  7.749347e-01 
  970.000  7.759653e-01 
  971.000  7.754979e-01 
  972.000  7.699861e-01 
  973.000  7.572394e-01 
  974.000  7.416854e-01 
  975.000  7.316742e-01 
  976.000  7.439060e-01 
  977.000  7.640771e-01 
  978.000  7.624274e-01 
  979.000  7.676316e-01 
  980.000  7.881433e-01 
  981.000  7.926724e-01 
  982.000  7.880946e-01 
  983.000  7.985986e-01 
  984.000  8.094009e-01 
  985.000  8.155282e-01 
  986.000  8.234313e-01 
  987.000  8.268468e-01 
  988.000  8.276220e-01 
  989.000  8.281158e-01 
  990.000  8.289446e-01 
  991.000  8.318796e-01 
  992.000  8.327104e-01 
  993.000  8.330184e-01 
  994.000  8.356147e-01 
  995.000  8.374232e-01 
  996.000  8.374056e-01 
  997.000  8.362620e-01 
  998.000  8.349651e-01 
  999.000  8.344718e-01 
 1000.000  8.348739e-01 
 1001.000  8.320579e-01 
 1002.000  8.275512e-01 
 1003.000  8.286203e-01 
 1004.000  8.312108e-01 
 1005.000  8.323933e-01 
 1006.000  8.327698e-01 
 1007.000  8.319087e-01 
 1008.000  8.282344e-01 
 1009.000  8.233193e-01 
 1010.000  8.255067e-01 
 1011.000  8.307225e-01 
 1012.000  8.327063e-01 
 1013.000  8.342642e-01 
 1014.000  8.349141e-01 
 1015.000  8.350352e-01 
 1016.000  8.356807e-01 
 1017.000  8.360931e-01 
 1018.000  8.351980e-01 
 1019.000  8.334484e-01 
 1020.000  8.340828e-01 
 1021.000  8.353269e-01 
 1022.000  8.331921e-01 
 1023.000  8.313529e-01 
 1024.000  8.302501e-01 
 1025.000  8.336141e-01 
 1026.000  8.350332e-01 
 1027.000  8.344597e-01 
 1028.000  8.349727e-01 
 1029.000  8.364015e-01 
 1030.000  8.377486e-01 
 1031.000  8.384413e-01 
 1032.000  8.389763e-01 
 1033.000  8.390957e-01 
 1034.000  8.394153e-01 
 1035.000  8.395604e-01 
 1036.000  8.394327e-01 
 1037.000  8.394294e-01 
 1038.000  8.395224e-01 
 1039.000  8.393247e-01 
 1040.000  8.391454e-01 
 1041.000  8.390027e-01 
 1042.000  8.389561e-01 
 1043.000  8.389378e-01 
 1044.000  8.388025e-01 
 1045.000  8.384191e-01 
 1046.000  8.381547e-01 
 1047.000  8.378348e-01 
 1048.000  8.373958e-01 
 1049.000  8.369427e-01 
 1050.000  8.365164e-01 
 1051.000  8.359557e-01 
 1052.000  8.355547e-01 
 1053.000  8.354673e-01 
 1054.000  8.348876e-01 
 1055.000  8.342810e-01 
 1056.000  8.337563e-01 
 1057.000  8.324829e-01 
 1058.000  8.302141e-01 
 1059.000  8.302802e-01 
 1060.000  8.313693e-01 
 1061.000  8.310605e-01 
 1062.000  8.296067e-01 
 1063.000  8.289768e-01 
 1064.000  8.276850e-01 
 1065.000  8.262330e-01 
 1066.000  8.263350e-01 
 1067.000  8.255026e-01 
 1068.000  8.227560e-01 
 1069.000  8.215597e-01 
 1070.000  8.221074e-01 
 1071.000  8.204005e-01 
 1072.000  8.186074e-01 
 1073.000  8.183169e-01 
 1074.000  8.186501e-01 
 1075.000  8.214556e-01 
 1076.000  8.197918e-01 
 1077.000  8.175358e-01 
 1078.000  8.148694e-01 
 1079.000  8.145628e-01 
 1080.000  8.073339e-01 
 1081.000  8.069549e-01 
 1082.000  8.101855e-01 
 1083.000  8.063714e-01 
 1084.000  8.021828e-01 
 1085.000  7.921351e-01 
 1086.000  7.945225e-01 
 1087.000  8.056282e-01 
 1088.000  8.060790e-01 
 1089.000  7.926352e-01 
 1090.000  7.901276e-01 
 1091.000  7.927189e-01 
 1092.000  7.860632e-01 
 1093.000  7.711333e-01 
 1094.000  7.646262e-01 
 1095.000  7.657028e-01 
 1096.000  7.666988e-01 
 1097.000  7.637480e-01 
 1098.000  7.272909e-01 
 1099.000  6.961297e-01 
 1100.000  6.982589e-01 
 1101.000  7.025916e-01 
 1102.000  7.005419e-01 
 1103.000  7.034389e-01 
 1104.000  6.982721e-01 
 1105.000  6.851990e-01 
 1106.000  6.719497e-01 
 1107.000  6.752977e-01 
 1108.000  6.777906e-01 
 1109.000  6.892208e-01 
 1110.000  6.879820e-01 
 1111.000  6.817834e-01 
 1112.000  6.540980e-01 
 1113.000  6.162719e-01 
 1114.000  6.062472e-01 
 1115.000  5.596898e-01 
 1116.000  5.307782e-01 
 1117.000  4.635612e-01 
 1118.000  4.022133e-01 
 1119.000  3.698922e-01 
 1120.000  3.296598e-01 
 1121.000  3.207931e-01 
 1122.000  2.790513e-01 
 1123.000  3.018833e-01 
 1124.000  3.172739e-01 
 1125.000  3.092131e-01 
 1126.000  3.059688e-01 
 1127.000  3.094379e-01 
 1128.000  3.161906e-01 
 1129.000  3.573423e-01 
 1130.000  4.538606e-01 
 1131.000  4.818229e-01 
 1132.000  4.436299e-01 
 1133.000  3.738484e-01 
 1134.000  2.486276e-01 
 1135.000  2.580386e-01 
 1136.000  3.838044e-01 
 1137.000  4.528974e-01 
 1138.000  5.196958e-01 
 1139.000  5.397401e-01 
 1140.000  5.270190e-01 
 1141.000  5.010472e-01 
 1142.000  4.919556e-01 
 1143.000  4.634324e-01 
 1144.000  4.312801e-01 
 1145.000  3.848829e-01 
 1146.000  3.958283e-01 
 1147.000  4.321006e-01 
 1148.000  4.643368e-01 
 1149.000  4.773147e-01 
 1150.000  4.778446e-01 
