  320.000  2.283312e-01 
  321.000  2.756810e-01 
  322.000  2.571716e-01 
  323.000  2.806127e-01 
  324.000  3.039775e-01 
  325.000  2.865820e-01 
  326.000  3.150985e-01 
  327.000  3.230261e-01 
  328.000  3.058882e-01 
  329.000  3.387331e-01 
  330.000  3.439196e-01 
  331.000  3.336521e-01 
  332.000  3.534593e-01 
  333.000  3.592211e-01 
  334.000  3.544908e-01 
  335.000  3.689669e-01 
  336.000  3.748193e-01 
  337.000  3.723536e-01 
  338.000  3.792069e-01 
  339.000  3.862714e-01 
  340.000  3.851110e-01 
  341.000  3.919640e-01 
  342.000  3.969706e-01 
  343.000  3.994837e-01 
  344.000  3.999970e-01 
  345.000  4.067723e-01 
  346.000  4.110462e-01 
  347.000  4.145283e-01 
  348.000  4.177878e-01 
  349.000  4.214468e-01 
  350.000  4.245723e-01 
  351.000  4.276832e-01 
  352.000  4.302339e-01 
  353.000  4.338586e-01 
  354.000  4.369422e-01 
  355.000  4.398100e-01 
  356.000  4.426027e-01 
  357.000  4.450867e-01 
  358.000  4.477580e-01 
  359.000  4.504251e-01 
  360.000  4.531548e-01 
  361.000  4.566010e-01 
  362.000  4.601867e-01 
  363.000  4.634865e-01 
  364.000  4.665211e-01 
  365.000  4.693656e-01 
  366.000  4.722724e-01 
  367.000  4.750381e-01 
  368.000  4.777770e-01 
  369.000  4.804905e-01 
  370.000  4.831744e-01 
  371.000  4.858355e-01 
  372.000  4.884731e-01 
  373.000  4.910867e-01 
  374.000  4.936567e-01 
  375.000  4.961755e-01 
  376.000  4.986074e-01 
  377.000  5.009045e-01 
  378.000  5.030371e-01 
  379.000  5.052028e-01 
  380.000  5.075834e-01 
  381.000  5.102917e-01 
  382.000  5.130964e-01 
  383.000  5.157468e-01 
  384.000  5.182593e-01 
  385.000  5.206787e-01 
  386.000  5.230346e-01 
  387.000  5.253509e-01 
  388.000  5.276364e-01 
  389.000  5.299016e-01 
  390.000  5.321471e-01 
  391.000  5.343683e-01 
  392.000  5.365716e-01 
  393.000  5.387554e-01 
  394.000  5.409175e-01 
  395.000  5.430563e-01 
  396.000  5.451799e-01 
  397.000  5.472776e-01 
  398.000  5.493547e-01 
  399.000  5.514131e-01 
  400.000  5.534417e-01 
  401.000  5.554613e-01 
  402.000  5.574636e-01 
  403.000  5.594475e-01 
  404.000  5.614127e-01 
  405.000  5.633552e-01 
  406.000  5.652837e-01 
  407.000  5.671961e-01 
  408.000  5.690907e-01 
  409.000  5.709656e-01 
  410.000  5.728217e-01 
  411.000  5.746585e-01 
  412.000  5.764747e-01 
  413.000  5.782794e-01 
  414.000  5.799538e-01 
  415.000  5.817643e-01 
  416.000  5.835509e-01 
  417.000  5.853068e-01 
  418.000  5.870216e-01 
  419.000  5.887166e-01 
  420.000  5.903954e-01 
  421.000  5.920635e-01 
  422.000  5.937204e-01 
  423.000  5.953643e-01 
  424.000  5.969880e-01 
  425.000  5.985738e-01 
  426.000  6.001434e-01 
  427.000  6.016986e-01 
  428.000  6.032254e-01 
  429.000  6.047303e-01 
  430.000  6.062171e-01 
  431.000  6.076921e-01 
  432.000  6.091512e-01 
  433.000  6.105958e-01 
  434.000  6.120278e-01 
  435.000  6.134452e-01 
  436.000  6.148461e-01 
  437.000  6.162313e-01 
  438.000  6.176003e-01 
  439.000  6.189582e-01 
  440.000  6.202937e-01 
  441.000  6.216118e-01 
  442.000  6.229086e-01 
  443.000  6.241854e-01 
  444.000  6.254417e-01 
  445.000  6.266705e-01 
  446.000  6.278648e-01 
  447.000  6.291170e-01 
  448.000  6.304591e-01 
  449.000  6.318170e-01 
  450.000  6.331484e-01 
  451.000  6.344272e-01 
  452.000  6.356609e-01 
  453.000  6.368689e-01 
  454.000  6.380547e-01 
  455.000  6.391714e-01 
  456.000  6.401976e-01 
  457.000  6.412238e-01 
  458.000  6.422359e-01 
  459.000  6.432263e-01 
  460.000  6.442086e-01 
  461.000  6.451802e-01 
  462.000  6.461331e-01 
  463.000  6.470816e-01 
  464.000  6.483160e-01 
  465.000  6.495316e-01 
  466.000  6.507254e-01 
  467.000  6.518911e-01 
  468.000  6.528404e-01 
  469.000  6.536578e-01 
  470.000  6.544093e-01 
  471.000  6.550857e-01 
  472.000  6.556600e-01 
  473.000  6.560624e-01 
  474.000  6.563929e-01 
  475.000  6.564777e-01 
  476.000  6.563141e-01 
  477.000  6.563108e-01 
  478.000  6.572667e-01 
  479.000  6.587214e-01 
  480.000  6.602909e-01 
  481.000  6.616983e-01 
  482.000  6.630177e-01 
  483.000  6.641645e-01 
  484.000  6.651498e-01 
  485.000  6.660307e-01 
  486.000  6.669700e-01 
  487.000  6.679584e-01 
  488.000  6.689150e-01 
  489.000  6.698536e-01 
  490.000  6.707810e-01 
  491.000  6.715069e-01 
  492.000  6.721705e-01 
  493.000  6.728306e-01 
  494.000  6.734719e-01 
  495.000  6.741130e-01 
  496.000  6.744434e-01 
  497.000  6.747612e-01 
  498.000  6.750743e-01 
  499.000  6.753705e-01 
  500.000  6.756620e-01 
  501.000  6.759211e-01 
  502.000  6.761802e-01 
  503.000  6.764360e-01 
  504.000  6.766801e-01 
  505.000  6.769108e-01 
  506.000  6.775864e-01 
  507.000  6.782815e-01 
  508.000  6.789755e-01 
  509.000  6.796613e-01 
  510.000  6.803324e-01 
  511.000  6.809339e-01 
  512.000  6.815147e-01 
  513.000  6.820920e-01 
  514.000  6.826621e-01 
  515.000  6.832271e-01 
  516.000  6.836306e-01 
  517.000  6.838893e-01 
  518.000  6.841409e-01 
  519.000  6.843876e-01 
  520.000  6.846320e-01 
  521.000  6.848509e-01 
  522.000  6.850088e-01 
  523.000  6.851226e-01 
  524.000  6.852402e-01 
  525.000  6.853329e-01 
  526.000  6.854630e-01 
  527.000  6.854839e-01 
  528.000  6.854606e-01 
  529.000  6.854360e-01 
  530.000  6.854169e-01 
  531.000  6.854013e-01 
  532.000  6.854364e-01 
  533.000  6.857535e-01 
  534.000  6.861539e-01 
  535.000  6.866057e-01 
  536.000  6.870425e-01 
  537.000  6.874419e-01 
  538.000  6.877990e-01 
  539.000  6.881300e-01 
  540.000  6.884404e-01 
  541.000  6.887416e-01 
  542.000  6.890298e-01 
  543.000  6.893076e-01 
  544.000  6.895177e-01 
  545.000  6.896725e-01 
  546.000  6.898202e-01 
  547.000  6.899719e-01 
  548.000  6.901161e-01 
  549.000  6.902580e-01 
  550.000  6.903268e-01 
  551.000  6.903232e-01 
  552.000  6.903224e-01 
  553.000  6.903066e-01 
  554.000  6.902840e-01 
  555.000  6.902573e-01 
  556.000  6.902031e-01 
  557.000  6.901016e-01 
  558.000  6.899917e-01 
  559.000  6.898691e-01 
  560.000  6.897156e-01 
  561.000  6.895338e-01 
  562.000  6.891807e-01 
  563.000  6.889588e-01 
  564.000  6.886700e-01 
  565.000  6.882387e-01 
  566.000  6.879251e-01 
  567.000  6.870162e-01 
  568.000  6.844214e-01 
  569.000  6.790662e-01 
  570.000  6.797005e-01 
  571.000  6.831779e-01 
  572.000  6.794455e-01 
  573.000  6.801987e-01 
  574.000  6.802929e-01 
  575.000  6.799770e-01 
  576.000  6.801573e-01 
  577.000  6.814752e-01 
  578.000  6.832796e-01 
  579.000  6.849496e-01 
  580.000  6.865960e-01 
  581.000  6.888818e-01 
  582.000  6.904853e-01 
  583.000  6.915414e-01 
  584.000  6.924986e-01 
  585.000  6.932355e-01 
  586.000  6.939704e-01 
  587.000  6.928489e-01 
  588.000  6.859128e-01 
  589.000  6.747188e-01 
  590.000  6.742390e-01 
  591.000  6.823025e-01 
  592.000  6.783485e-01 
  593.000  6.874817e-01 
  594.000  6.857092e-01 
  595.000  6.796141e-01 
  596.000  6.883269e-01 
  597.000  6.860896e-01 
  598.000  6.894592e-01 
  599.000  6.906661e-01 
  600.000  6.936749e-01 
  601.000  6.955578e-01 
  602.000  6.960288e-01 
  603.000  6.969900e-01 
  604.000  6.982065e-01 
  605.000  6.990884e-01 
  606.000  6.997458e-01 
  607.000  7.003813e-01 
  608.000  7.009933e-01 
  609.000  7.015789e-01 
  610.000  7.021856e-01 
  611.000  7.028595e-01 
  612.000  7.035194e-01 
  613.000  7.041587e-01 
  614.000  7.047790e-01 
  615.000  7.053976e-01 
  616.000  7.059935e-01 
  617.000  7.065563e-01 
  618.000  7.070280e-01 
  619.000  7.074270e-01 
  620.000  7.077964e-01 
  621.000  7.081137e-01 
  622.000  7.083790e-01 
  623.000  7.085564e-01 
  624.000  7.087452e-01 
  625.000  7.089030e-01 
  626.000  7.086812e-01 
  627.000  7.055252e-01 
  628.000  6.839939e-01 
  629.000  6.973063e-01 
  630.000  6.999574e-01 
  631.000  7.040940e-01 
  632.000  7.041088e-01 
  633.000  7.089516e-01 
  634.000  7.114993e-01 
  635.000  7.127145e-01 
  636.000  7.143599e-01 
  637.000  7.157490e-01 
  638.000  7.181903e-01 
  639.000  7.191899e-01 
  640.000  7.208609e-01 
  641.000  7.217587e-01 
  642.000  7.229848e-01 
  643.000  7.226301e-01 
  644.000  7.232847e-01 
  645.000  7.223489e-01 
  646.000  7.165462e-01 
  647.000  7.125993e-01 
  648.000  7.081068e-01 
  649.000  7.129409e-01 
  650.000  7.217779e-01 
  651.000  7.221928e-01 
  652.000  7.151941e-01 
  653.000  7.241372e-01 
  654.000  7.236145e-01 
  655.000  7.209245e-01 
  656.000  7.224255e-01 
  657.000  7.245055e-01 
  658.000  7.278222e-01 
  659.000  7.299269e-01 
  660.000  7.310084e-01 
  661.000  7.336106e-01 
  662.000  7.349631e-01 
  663.000  7.351972e-01 
  664.000  7.359659e-01 
  665.000  7.366908e-01 
  666.000  7.375130e-01 
  667.000  7.382401e-01 
  668.000  7.390575e-01 
  669.000  7.396724e-01 
  670.000  7.402284e-01 
  671.000  7.408080e-01 
  672.000  7.413365e-01 
  673.000  7.418567e-01 
  674.000  7.423727e-01 
  675.000  7.428890e-01 
  676.000  7.433751e-01 
  677.000  7.438217e-01 
  678.000  7.442691e-01 
  679.000  7.446485e-01 
  680.000  7.447353e-01 
  681.000  7.447119e-01 
  682.000  7.450101e-01 
  683.000  7.451783e-01 
  684.000  7.448929e-01 
  685.000  7.456936e-01 
  686.000  7.429379e-01 
  687.000  6.453016e-01 
  688.000  6.758250e-01 
  689.000  6.672065e-01 
  690.000  6.830954e-01 
  691.000  7.043031e-01 
  692.000  7.176873e-01 
  693.000  7.151496e-01 
  694.000  7.096618e-01 
  695.000  7.175534e-01 
  696.000  7.220604e-01 
  697.000  7.399313e-01 
  698.000  7.364314e-01 
  699.000  7.206686e-01 
  700.000  7.234076e-01 
  701.000  7.199473e-01 
  702.000  7.226428e-01 
  703.000  7.360196e-01 
  704.000  7.366776e-01 
  705.000  7.312779e-01 
  706.000  7.324216e-01 
  707.000  7.344573e-01 
  708.000  7.366496e-01 
  709.000  7.410560e-01 
  710.000  7.365196e-01 
  711.000  7.413039e-01 
  712.000  7.453853e-01 
  713.000  7.422486e-01 
  714.000  7.412484e-01 
  715.000  7.361087e-01 
  716.000  7.307888e-01 
  717.000  6.962048e-01 
  718.000  6.748435e-01 
  719.000  6.671869e-01 
  720.000  6.554415e-01 
  721.000  7.067233e-01 
  722.000  7.248420e-01 
  723.000  7.146984e-01 
  724.000  6.856348e-01 
  725.000  6.900343e-01 
  726.000  6.886894e-01 
  727.000  6.928527e-01 
  728.000  6.883602e-01 
  729.000  6.995604e-01 
  730.000  6.976212e-01 
  731.000  6.952731e-01 
  732.000  7.141188e-01 
  733.000  7.320682e-01 
  734.000  7.406872e-01 
  735.000  7.376701e-01 
  736.000  7.320210e-01 
  737.000  7.363192e-01 
  738.000  7.422127e-01 
  739.000  7.447572e-01 
  740.000  7.503713e-01 
  741.000  7.536204e-01 
  742.000  7.549970e-01 
  743.000  7.579448e-01 
  744.000  7.593152e-01 
  745.000  7.603766e-01 
  746.000  7.612157e-01 
  747.000  7.614335e-01 
  748.000  7.622296e-01 
  749.000  7.626532e-01 
  750.000  7.624741e-01 
  751.000  7.626594e-01 
  752.000  7.633827e-01 
  753.000  7.637032e-01 
  754.000  7.639643e-01 
  755.000  7.641482e-01 
  756.000  7.643390e-01 
  757.000  7.644720e-01 
  758.000  7.632400e-01 
  759.000  7.110185e-01 
  760.000  3.243671e-01 
  761.000  2.881188e-01 
  762.000  5.110946e-01 
  763.000  4.414738e-01 
  764.000  4.759136e-01 
  765.000  5.542929e-01 
  766.000  6.491509e-01 
  767.000  6.971199e-01 
  768.000  7.285259e-01 
  769.000  7.492691e-01 
  770.000  7.602643e-01 
  771.000  7.655938e-01 
  772.000  7.668989e-01 
  773.000  7.674919e-01 
  774.000  7.682273e-01 
  775.000  7.686487e-01 
  776.000  7.689486e-01 
  777.000  7.690493e-01 
  778.000  7.690588e-01 
  779.000  7.690551e-01 
  780.000  7.690477e-01 
  781.000  7.693663e-01 
  782.000  7.693495e-01 
  783.000  7.693427e-01 
  784.000  7.691228e-01 
  785.000  7.679060e-01 
  786.000  7.659961e-01 
  787.000  7.618130e-01 
  788.000  7.595937e-01 
  789.000  7.515995e-01 
  790.000  7.509315e-01 
  791.000  7.524653e-01 
  792.000  7.538809e-01 
  793.000  7.571577e-01 
  794.000  7.640868e-01 
  795.000  7.598799e-01 
  796.000  7.486313e-01 
  797.000  7.518713e-01 
  798.000  7.590022e-01 
  799.000  7.573940e-01 
  800.000  7.522298e-01 
  801.000  7.528628e-01 
  802.000  7.523540e-01 
  803.000  7.531260e-01 
  804.000  7.555732e-01 
  805.000  7.602490e-01 
  806.000  7.630421e-01 
  807.000  7.631795e-01 
  808.000  7.616190e-01 
  809.000  7.596985e-01 
  810.000  7.575958e-01 
  811.000  7.532595e-01 
  812.000  7.474192e-01 
  813.000  7.402536e-01 
  814.000  7.307829e-01 
  815.000  7.189900e-01 
  816.000  7.037748e-01 
  817.000  7.046574e-01 
  818.000  7.059153e-01 
  819.000  7.109323e-01 
  820.000  7.276871e-01 
  821.000  7.467777e-01 
  822.000  7.322816e-01 
  823.000  6.916345e-01 
  824.000  7.259178e-01 
  825.000  7.478662e-01 
  826.000  7.441109e-01 
  827.000  7.413511e-01 
  828.000  7.269076e-01 
  829.000  7.321301e-01 
  830.000  7.379678e-01 
  831.000  7.393389e-01 
  832.000  7.399296e-01 
  833.000  7.432904e-01 
  834.000  7.472416e-01 
  835.000  7.550732e-01 
  836.000  7.525581e-01 
  837.000  7.522928e-01 
  838.000  7.561134e-01 
  839.000  7.584313e-01 
  840.000  7.592803e-01 
  841.000  7.567807e-01 
  842.000  7.590408e-01 
  843.000  7.643939e-01 
  844.000  7.668227e-01 
  845.000  7.679603e-01 
  846.000  7.691559e-01 
  847.000  7.704142e-01 
  848.000  7.683265e-01 
  849.000  7.686148e-01 
  850.000  7.675591e-01 
  851.000  7.662976e-01 
  852.000  7.664352e-01 
  853.000  7.685478e-01 
  854.000  7.684428e-01 
  855.000  7.695088e-01 
  856.000  7.716358e-01 
  857.000  7.725609e-01 
  858.000  7.730675e-01 
  859.000  7.741295e-01 
  860.000  7.746778e-01 
  861.000  7.747762e-01 
  862.000  7.750871e-01 
  863.000  7.751403e-01 
  864.000  7.753582e-01 
  865.000  7.755390e-01 
  866.000  7.755976e-01 
  867.000  7.755810e-01 
  868.000  7.756213e-01 
  869.000  7.756911e-01 
  870.000  7.756637e-01 
  871.000  7.757303e-01 
  872.000  7.758733e-01 
  873.000  7.757577e-01 
  874.000  7.757013e-01 
  875.000  7.756984e-01 
  876.000  7.754866e-01 
  877.000  7.753856e-01 
  878.000  7.747144e-01 
  879.000  7.746802e-01 
  880.000  7.741086e-01 
  881.000  7.737787e-01 
  882.000  7.735001e-01 
  883.000  7.738316e-01 
  884.000  7.739384e-01 
  885.000  7.727484e-01 
  886.000  7.710930e-01 
  887.000  7.724189e-01 
  888.000  7.723527e-01 
  889.000  7.727736e-01 
  890.000  7.717894e-01 
  891.000  7.698628e-01 
  892.000  7.656252e-01 
  893.000  7.526850e-01 
  894.000  7.462495e-01 
  895.000  7.264834e-01 
  896.000  7.087446e-01 
  897.000  6.900092e-01 
  898.000  6.812344e-01 
  899.000  6.562847e-01 
  900.000  6.599246e-01 
  901.000  6.534147e-01 
  902.000  6.545823e-01 
  903.000  6.964868e-01 
  904.000  7.219242e-01 
  905.000  7.209837e-01 
  906.000  7.050889e-01 
  907.000  6.768932e-01 
  908.000  6.582525e-01 
  909.000  6.590668e-01 
  910.000  6.618904e-01 
  911.000  6.742841e-01 
  912.000  6.682891e-01 
  913.000  6.421738e-01 
  914.000  6.550972e-01 
  915.000  6.652482e-01 
  916.000  6.679867e-01 
  917.000  6.734780e-01 
  918.000  6.805753e-01 
  919.000  7.046956e-01 
  920.000  7.228417e-01 
  921.000  7.188315e-01 
  922.000  7.184888e-01 
  923.000  7.134255e-01 
  924.000  7.012397e-01 
  925.000  7.002630e-01 
  926.000  7.000569e-01 
  927.000  6.858781e-01 
  928.000  6.640024e-01 
  929.000  6.322812e-01 
  930.000  5.916888e-01 
  931.000  5.459598e-01 
  932.000  4.857880e-01 
  933.000  4.401586e-01 
  934.000  3.926519e-01 
  935.000  3.876302e-01 
  936.000  4.066286e-01 
  937.000  4.017274e-01 
  938.000  4.543442e-01 
  939.000  5.883178e-01 
  940.000  6.078704e-01 
  941.000  5.908759e-01 
  942.000  5.490742e-01 
  943.000  4.787173e-01 
  944.000  4.738126e-01 
  945.000  4.993449e-01 
  946.000  5.007006e-01 
  947.000  5.231797e-01 
  948.000  5.363192e-01 
  949.000  5.345222e-01 
  950.000  5.378594e-01 
  951.000  5.671740e-01 
  952.000  5.356933e-01 
  953.000  5.576387e-01 
  954.000  5.810411e-01 
  955.000  5.619075e-01 
  956.000  5.574719e-01 
  957.000  6.165570e-01 
  958.000  6.240630e-01 
  959.000  6.142166e-01 
  960.000  6.113151e-01 
  961.000  6.063616e-01 
  962.000  6.107866e-01 
  963.000  6.429115e-01 
  964.000  6.474732e-01 
  965.000  6.443697e-01 
  966.000  6.460615e-01 
  967.000  6.688066e-01 
  968.000  7.065388e-01 
  969.000  7.234619e-01 
  970.000  7.243528e-01 
  971.000  7.239454e-01 
  972.000  7.191439e-01 
  973.000  7.080240e-01 
  974.000  6.944303e-01 
  975.000  6.856704e-01 
  976.000  6.963767e-01 
  977.000  7.140024e-01 
  978.000  7.125541e-01 
  979.000  7.170877e-01 
  980.000  7.349680e-01 
  981.000  7.389079e-01 
  982.000  7.349132e-01 
  983.000  7.440550e-01 
  984.000  7.534504e-01 
  985.000  7.587759e-01 
  986.000  7.656417e-01 
  987.000  7.686068e-01 
  988.000  7.692800e-01 
  989.000  7.697097e-01 
  990.000  7.704314e-01 
  991.000  7.729816e-01 
  992.000  7.737057e-01 
  993.000  7.739761e-01 
  994.000  7.762108e-01 
  995.000  7.777837e-01 
  996.000  7.777716e-01 
  997.000  7.767501e-01 
  998.000  7.756019e-01 
  999.000  7.751702e-01 
 1000.000  7.755286e-01 
 1001.000  7.731706e-01 
 1002.000  7.692607e-01 
 1003.000  7.701927e-01 
 1004.000  7.724459e-01 
 1005.000  7.734762e-01 
 1006.000  7.738010e-01 
 1007.000  7.730566e-01 
 1008.000  7.698681e-01 
 1009.000  7.655994e-01 
 1010.000  7.675013e-01 
 1011.000  7.720316e-01 
 1012.000  7.737550e-01 
 1013.000  7.751061e-01 
 1014.000  7.755849e-01 
 1015.000  7.756903e-01 
 1016.000  7.763097e-01 
 1017.000  7.766699e-01 
 1018.000  7.758875e-01 
 1019.000  7.743941e-01 
 1020.000  7.749436e-01 
 1021.000  7.759982e-01 
 1022.000  7.741662e-01 
 1023.000  7.725657e-01 
 1024.000  7.716038e-01 
 1025.000  7.745219e-01 
 1026.000  7.757225e-01 
 1027.000  7.751573e-01 
 1028.000  7.756028e-01 
 1029.000  7.768647e-01 
 1030.000  7.780275e-01 
 1031.000  7.786505e-01 
 1032.000  7.791035e-01 
 1033.000  7.791919e-01 
 1034.000  7.794605e-01 
 1035.000  7.795748e-01 
 1036.000  7.794325e-01 
 1037.000  7.794064e-01 
 1038.000  7.794870e-01 
 1039.000  7.793026e-01 
 1040.000  7.791296e-01 
 1041.000  7.789913e-01 
 1042.000  7.789423e-01 
 1043.000  7.789166e-01 
 1044.000  7.787805e-01 
 1045.000  7.784177e-01 
 1046.000  7.781635e-01 
 1047.000  7.778518e-01 
 1048.000  7.774018e-01 
 1049.000  7.769184e-01 
 1050.000  7.765180e-01 
 1051.000  7.760130e-01 
 1052.000  7.756245e-01 
 1053.000  7.755076e-01 
 1054.000  7.749456e-01 
 1055.000  7.743981e-01 
 1056.000  7.738835e-01 
 1057.000  7.727177e-01 
 1058.000  7.706558e-01 
 1059.000  7.706835e-01 
 1060.000  7.715804e-01 
 1061.000  7.712755e-01 
 1062.000  7.699378e-01 
 1063.000  7.693201e-01 
 1064.000  7.681386e-01 
 1065.000  7.668918e-01 
 1066.000  7.669750e-01 
 1067.000  7.662430e-01 
 1068.000  7.639232e-01 
 1069.000  7.630270e-01 
 1070.000  7.636088e-01 
 1071.000  7.622225e-01 
 1072.000  7.607334e-01 
 1073.000  7.605523e-01 
 1074.000  7.609116e-01 
 1075.000  7.634160e-01 
 1076.000  7.620330e-01 
 1077.000  7.601300e-01 
 1078.000  7.578668e-01 
 1079.000  7.576532e-01 
 1080.000  7.514087e-01 
 1081.000  7.511191e-01 
 1082.000  7.539665e-01 
 1083.000  7.506897e-01 
 1084.000  7.470781e-01 
 1085.000  7.383572e-01 
 1086.000  7.404689e-01 
 1087.000  7.501693e-01 
 1088.000  7.505861e-01 
 1089.000  7.389038e-01 
 1090.000  7.367456e-01 
 1091.000  7.390296e-01 
 1092.000  7.332595e-01 
 1093.000  7.202525e-01 
 1094.000  7.145868e-01 
 1095.000  7.155467e-01 
 1096.000  7.164400e-01 
 1097.000  7.138931e-01 
 1098.000  6.820121e-01 
 1099.000  6.546855e-01 
 1100.000  6.565745e-01 
 1101.000  6.603998e-01 
 1102.000  6.586313e-01 
 1103.000  6.611991e-01 
 1104.000  6.566795e-01 
 1105.000  6.452111e-01 
 1106.000  6.335483e-01 
 1107.000  6.365424e-01 
 1108.000  6.387975e-01 
 1109.000  6.489349e-01 
 1110.000  6.479416e-01 
 1111.000  6.425394e-01 
 1112.000  6.181929e-01 
 1113.000  5.848731e-01 
 1114.000  5.761898e-01 
 1115.000  5.349824e-01 
 1116.000  5.092530e-01 
 1117.000  4.488361e-01 
 1118.000  3.933231e-01 
 1119.000  3.639740e-01 
 1120.000  3.270469e-01 
 1121.000  3.189019e-01 
 1122.000  2.800206e-01 
 1123.000  3.014964e-01 
 1124.000  3.159035e-01 
 1125.000  3.084096e-01 
 1126.000  3.053633e-01 
 1127.000  3.085355e-01 
 1128.000  3.147130e-01 
 1129.000  3.527511e-01 
 1130.000  4.411094e-01 
 1131.000  4.664646e-01 
 1132.000  4.318658e-01 
 1133.000  3.679489e-01 
 1134.000  2.512313e-01 
 1135.000  2.600875e-01 
 1136.000  3.769517e-01 
 1137.000  4.399939e-01 
 1138.000  5.002010e-01 
 1139.000  5.179244e-01 
 1140.000  5.065035e-01 
 1141.000  4.830255e-01 
 1142.000  4.748463e-01 
 1143.000  4.491009e-01 
 1144.000  4.199055e-01 
 1145.000  3.775354e-01 
 1146.000  3.875471e-01 
 1147.000  4.206201e-01 
 1148.000  4.498537e-01 
 1149.000  4.615264e-01 
 1150.000  4.618554e-01 
