  320.000  1.401130e-01 
  321.000  1.766070e-01 
  322.000  1.621556e-01 
  323.000  1.804958e-01 
  324.000  1.991281e-01 
  325.000  1.852235e-01 
  326.000  2.081137e-01 
  327.000  2.145637e-01 
  328.000  2.006667e-01 
  329.000  2.274493e-01 
  330.000  2.317346e-01 
  331.000  2.232658e-01 
  332.000  2.396551e-01 
  333.000  2.444627e-01 
  334.000  2.405144e-01 
  335.000  2.526346e-01 
  336.000  2.575657e-01 
  337.000  2.554860e-01 
  338.000  2.612742e-01 
  339.000  2.672657e-01 
  340.000  2.662799e-01 
  341.000  2.721120e-01 
  342.000  2.763877e-01 
  343.000  2.785384e-01 
  344.000  2.789781e-01 
  345.000  2.847938e-01 
  346.000  2.884738e-01 
  347.000  2.914784e-01 
  348.000  2.942963e-01 
  349.000  2.974654e-01 
  350.000  3.001774e-01 
  351.000  3.028814e-01 
  352.000  3.051018e-01 
  353.000  3.082623e-01 
  354.000  3.109557e-01 
  355.000  3.134645e-01 
  356.000  3.159112e-01 
  357.000  3.180904e-01 
  358.000  3.204370e-01 
  359.000  3.227831e-01 
  360.000  3.251877e-01 
  361.000  3.282281e-01 
  362.000  3.313970e-01 
  363.000  3.343183e-01 
  364.000  3.370090e-01 
  365.000  3.395349e-01 
  366.000  3.421196e-01 
  367.000  3.445823e-01 
  368.000  3.470243e-01 
  369.000  3.494468e-01 
  370.000  3.518459e-01 
  371.000  3.542277e-01 
  372.000  3.565914e-01 
  373.000  3.589365e-01 
  374.000  3.612452e-01 
  375.000  3.635106e-01 
  376.000  3.657003e-01 
  377.000  3.677710e-01 
  378.000  3.696952e-01 
  379.000  3.716512e-01 
  380.000  3.738036e-01 
  381.000  3.762550e-01 
  382.000  3.787968e-01 
  383.000  3.812017e-01 
  384.000  3.834841e-01 
  385.000  3.856843e-01 
  386.000  3.878289e-01 
  387.000  3.899398e-01 
  388.000  3.920245e-01 
  389.000  3.940928e-01 
  390.000  3.961452e-01 
  391.000  3.981772e-01 
  392.000  4.001948e-01 
  393.000  4.021964e-01 
  394.000  4.041800e-01 
  395.000  4.061439e-01 
  396.000  4.080957e-01 
  397.000  4.100253e-01 
  398.000  4.119377e-01 
  399.000  4.138344e-01 
  400.000  4.157054e-01 
  401.000  4.175695e-01 
  402.000  4.194192e-01 
  403.000  4.212534e-01 
  404.000  4.230718e-01 
  405.000  4.248706e-01 
  406.000  4.266579e-01 
  407.000  4.284315e-01 
  408.000  4.301901e-01 
  409.000  4.319317e-01 
  410.000  4.336571e-01 
  411.000  4.353658e-01 
  412.000  4.370565e-01 
  413.000  4.387378e-01 
  414.000  4.402988e-01 
  415.000  4.419878e-01 
  416.000  4.436557e-01 
  417.000  4.452960e-01 
  418.000  4.468990e-01 
  419.000  4.484846e-01 
  420.000  4.500561e-01 
  421.000  4.516185e-01 
  422.000  4.531715e-01 
  423.000  4.547132e-01 
  424.000  4.562370e-01 
  425.000  4.577261e-01 
  426.000  4.592009e-01 
  427.000  4.606630e-01 
  428.000  4.620993e-01 
  429.000  4.635157e-01 
  430.000  4.649159e-01 
  431.000  4.663059e-01 
  432.000  4.676815e-01 
  433.000  4.690443e-01 
  434.000  4.703958e-01 
  435.000  4.717343e-01 
  436.000  4.730580e-01 
  437.000  4.743674e-01 
  438.000  4.756622e-01 
  439.000  4.769472e-01 
  440.000  4.782116e-01 
  441.000  4.794601e-01 
  442.000  4.806890e-01 
  443.000  4.818996e-01 
  444.000  4.830912e-01 
  445.000  4.842574e-01 
  446.000  4.853913e-01 
  447.000  4.865806e-01 
  448.000  4.878560e-01 
  449.000  4.891471e-01 
  450.000  4.904134e-01 
  451.000  4.916304e-01 
  452.000  4.928050e-01 
  453.000  4.939556e-01 
  454.000  4.950856e-01 
  455.000  4.961501e-01 
  456.000  4.971288e-01 
  457.000  4.981078e-01 
  458.000  4.990737e-01 
  459.000  5.000193e-01 
  460.000  5.009574e-01 
  461.000  5.018856e-01 
  462.000  5.027962e-01 
  463.000  5.037031e-01 
  464.000  5.048836e-01 
  465.000  5.060467e-01 
  466.000  5.071893e-01 
  467.000  5.083057e-01 
  468.000  5.092151e-01 
  469.000  5.099983e-01 
  470.000  5.107186e-01 
  471.000  5.113671e-01 
  472.000  5.119178e-01 
  473.000  5.123038e-01 
  474.000  5.126208e-01 
  475.000  5.127022e-01 
  476.000  5.125453e-01 
  477.000  5.125421e-01 
  478.000  5.134592e-01 
  479.000  5.148554e-01 
  480.000  5.163627e-01 
  481.000  5.177149e-01 
  482.000  5.189834e-01 
  483.000  5.200862e-01 
  484.000  5.210341e-01 
  485.000  5.218818e-01 
  486.000  5.227860e-01 
  487.000  5.237378e-01 
  488.000  5.246593e-01 
  489.000  5.255637e-01 
  490.000  5.264576e-01 
  491.000  5.271576e-01 
  492.000  5.277975e-01 
  493.000  5.284342e-01 
  494.000  5.290530e-01 
  495.000  5.296718e-01 
  496.000  5.299906e-01 
  497.000  5.302974e-01 
  498.000  5.305997e-01 
  499.000  5.308856e-01 
  500.000  5.311671e-01 
  501.000  5.314173e-01 
  502.000  5.316675e-01 
  503.000  5.319147e-01 
  504.000  5.321504e-01 
  505.000  5.323732e-01 
  506.000  5.330260e-01 
  507.000  5.336978e-01 
  508.000  5.343686e-01 
  509.000  5.350317e-01 
  510.000  5.356807e-01 
  511.000  5.362625e-01 
  512.000  5.368244e-01 
  513.000  5.373831e-01 
  514.000  5.379348e-01 
  515.000  5.384817e-01 
  516.000  5.388724e-01 
  517.000  5.391229e-01 
  518.000  5.393665e-01 
  519.000  5.396055e-01 
  520.000  5.398422e-01 
  521.000  5.400542e-01 
  522.000  5.402071e-01 
  523.000  5.403174e-01 
  524.000  5.404313e-01 
  525.000  5.405211e-01 
  526.000  5.406471e-01 
  527.000  5.406674e-01 
  528.000  5.406448e-01 
  529.000  5.406210e-01 
  530.000  5.406026e-01 
  531.000  5.405874e-01 
  532.000  5.406214e-01 
  533.000  5.409286e-01 
  534.000  5.413166e-01 
  535.000  5.417544e-01 
  536.000  5.421778e-01 
  537.000  5.425650e-01 
  538.000  5.429113e-01 
  539.000  5.432322e-01 
  540.000  5.435331e-01 
  541.000  5.438253e-01 
  542.000  5.441048e-01 
  543.000  5.443743e-01 
  544.000  5.445781e-01 
  545.000  5.447283e-01 
  546.000  5.448716e-01 
  547.000  5.450189e-01 
  548.000  5.451587e-01 
  549.000  5.452964e-01 
  550.000  5.453632e-01 
  551.000  5.453597e-01 
  552.000  5.453589e-01 
  553.000  5.453436e-01 
  554.000  5.453216e-01 
  555.000  5.452957e-01 
  556.000  5.452432e-01 
  557.000  5.451446e-01 
  558.000  5.450380e-01 
  559.000  5.449191e-01 
  560.000  5.447702e-01 
  561.000  5.445940e-01 
  562.000  5.442806e-01 
  563.000  5.440678e-01 
  564.000  5.437950e-01 
  565.000  5.433975e-01 
  566.000  5.430799e-01 
  567.000  5.422912e-01 
  568.000  5.402501e-01 
  569.000  5.363243e-01 
  570.000  5.366647e-01 
  571.000  5.390016e-01 
  572.000  5.362084e-01 
  573.000  5.365112e-01 
  574.000  5.364860e-01 
  575.000  5.361930e-01 
  576.000  5.363622e-01 
  577.000  5.374165e-01 
  578.000  5.388882e-01 
  579.000  5.403338e-01 
  580.000  5.419706e-01 
  581.000  5.441052e-01 
  582.000  5.456660e-01 
  583.000  5.467740e-01 
  584.000  5.477316e-01 
  585.000  5.485585e-01 
  586.000  5.492970e-01 
  587.000  5.486708e-01 
  588.000  5.439137e-01 
  589.000  5.358917e-01 
  590.000  5.356418e-01 
  591.000  5.416090e-01 
  592.000  5.388148e-01 
  593.000  5.455463e-01 
  594.000  5.443326e-01 
  595.000  5.399642e-01 
  596.000  5.462622e-01 
  597.000  5.445471e-01 
  598.000  5.469130e-01 
  599.000  5.477036e-01 
  600.000  5.498011e-01 
  601.000  5.510331e-01 
  602.000  5.512658e-01 
  603.000  5.520144e-01 
  604.000  5.530998e-01 
  605.000  5.539073e-01 
  606.000  5.545338e-01 
  607.000  5.551402e-01 
  608.000  5.557339e-01 
  609.000  5.563027e-01 
  610.000  5.568935e-01 
  611.000  5.575501e-01 
  612.000  5.581931e-01 
  613.000  5.588163e-01 
  614.000  5.594210e-01 
  615.000  5.600242e-01 
  616.000  5.606053e-01 
  617.000  5.611544e-01 
  618.000  5.616146e-01 
  619.000  5.620039e-01 
  620.000  5.623644e-01 
  621.000  5.626742e-01 
  622.000  5.629330e-01 
  623.000  5.631062e-01 
  624.000  5.632908e-01 
  625.000  5.634452e-01 
  626.000  5.633047e-01 
  627.000  5.608910e-01 
  628.000  5.416985e-01 
  629.000  5.538747e-01 
  630.000  5.558647e-01 
  631.000  5.596010e-01 
  632.000  5.602301e-01 
  633.000  5.641853e-01 
  634.000  5.665118e-01 
  635.000  5.677608e-01 
  636.000  5.693420e-01 
  637.000  5.706949e-01 
  638.000  5.727652e-01 
  639.000  5.737842e-01 
  640.000  5.753117e-01 
  641.000  5.762502e-01 
  642.000  5.773944e-01 
  643.000  5.773088e-01 
  644.000  5.779806e-01 
  645.000  5.775213e-01 
  646.000  5.734874e-01 
  647.000  5.707589e-01 
  648.000  5.676191e-01 
  649.000  5.713357e-01 
  650.000  5.779802e-01 
  651.000  5.784228e-01 
  652.000  5.734098e-01 
  653.000  5.801250e-01 
  654.000  5.798748e-01 
  655.000  5.780292e-01 
  656.000  5.792667e-01 
  657.000  5.809202e-01 
  658.000  5.834897e-01 
  659.000  5.850555e-01 
  660.000  5.860510e-01 
  661.000  5.880711e-01 
  662.000  5.891960e-01 
  663.000  5.894969e-01 
  664.000  5.902255e-01 
  665.000  5.908675e-01 
  666.000  5.916346e-01 
  667.000  5.923109e-01 
  668.000  5.930609e-01 
  669.000  5.936501e-01 
  670.000  5.941925e-01 
  671.000  5.947533e-01 
  672.000  5.952733e-01 
  673.000  5.957865e-01 
  674.000  5.962959e-01 
  675.000  5.968053e-01 
  676.000  5.972866e-01 
  677.000  5.977286e-01 
  678.000  5.981708e-01 
  679.000  5.985581e-01 
  680.000  5.987095e-01 
  681.000  5.987720e-01 
  682.000  5.990735e-01 
  683.000  5.993042e-01 
  684.000  5.991938e-01 
  685.000  5.999311e-01 
  686.000  5.975031e-01 
  687.000  5.100799e-01 
  688.000  5.371964e-01 
  689.000  5.296699e-01 
  690.000  5.438215e-01 
  691.000  5.631633e-01 
  692.000  5.759971e-01 
  693.000  5.760479e-01 
  694.000  5.731876e-01 
  695.000  5.796084e-01 
  696.000  5.832409e-01 
  697.000  5.967326e-01 
  698.000  5.942325e-01 
  699.000  5.825616e-01 
  700.000  5.846818e-01 
  701.000  5.821707e-01 
  702.000  5.842534e-01 
  703.000  5.943028e-01 
  704.000  5.948637e-01 
  705.000  5.908965e-01 
  706.000  5.918071e-01 
  707.000  5.933828e-01 
  708.000  5.950751e-01 
  709.000  5.984187e-01 
  710.000  5.950926e-01 
  711.000  5.987183e-01 
  712.000  6.018191e-01 
  713.000  5.995384e-01 
  714.000  5.988519e-01 
  715.000  5.950873e-01 
  716.000  5.911968e-01 
  717.000  5.654028e-01 
  718.000  5.494517e-01 
  719.000  5.437686e-01 
  720.000  5.349776e-01 
  721.000  5.735583e-01 
  722.000  5.871794e-01 
  723.000  5.796514e-01 
  724.000  5.579196e-01 
  725.000  5.612826e-01 
  726.000  5.603106e-01 
  727.000  5.634750e-01 
  728.000  5.601378e-01 
  729.000  5.685829e-01 
  730.000  5.671600e-01 
  731.000  5.654284e-01 
  732.000  5.796012e-01 
  733.000  5.930720e-01 
  734.000  5.995505e-01 
  735.000  5.973334e-01 
  736.000  5.931405e-01 
  737.000  5.963848e-01 
  738.000  6.008205e-01 
  739.000  6.027513e-01 
  740.000  6.069743e-01 
  741.000  6.094300e-01 
  742.000  6.104872e-01 
  743.000  6.126319e-01 
  744.000  6.136803e-01 
  745.000  6.145028e-01 
  746.000  6.151664e-01 
  747.000  6.153961e-01 
  748.000  6.160579e-01 
  749.000  6.164358e-01 
  750.000  6.163256e-01 
  751.000  6.165103e-01 
  752.000  6.171303e-01 
  753.000  6.174241e-01 
  754.000  6.176698e-01 
  755.000  6.178528e-01 
  756.000  6.180412e-01 
  757.000  6.181732e-01 
  758.000  6.169989e-01 
  759.000  5.699015e-01 
  760.000  2.361610e-01 
  761.000  2.067519e-01 
  762.000  3.934510e-01 
  763.000  3.338209e-01 
  764.000  3.632013e-01 
  765.000  4.310040e-01 
  766.000  5.146424e-01 
  767.000  5.575350e-01 
  768.000  5.858234e-01 
  769.000  6.045957e-01 
  770.000  6.146998e-01 
  771.000  6.194737e-01 
  772.000  6.206703e-01 
  773.000  6.212120e-01 
  774.000  6.219197e-01 
  775.000  6.223376e-01 
  776.000  6.226320e-01 
  777.000  6.227440e-01 
  778.000  6.227741e-01 
  779.000  6.227891e-01 
  780.000  6.227993e-01 
  781.000  6.230760e-01 
  782.000  6.230785e-01 
  783.000  6.230891e-01 
  784.000  6.229259e-01 
  785.000  6.219832e-01 
  786.000  6.205798e-01 
  787.000  6.175553e-01 
  788.000  6.159115e-01 
  789.000  6.099280e-01 
  790.000  6.094476e-01 
  791.000  6.106212e-01 
  792.000  6.117049e-01 
  793.000  6.141867e-01 
  794.000  6.194105e-01 
  795.000  6.162720e-01 
  796.000  6.078385e-01 
  797.000  6.102944e-01 
  798.000  6.156729e-01 
  799.000  6.144840e-01 
  800.000  6.106225e-01 
  801.000  6.111177e-01 
  802.000  6.107544e-01 
  803.000  6.113536e-01 
  804.000  6.132112e-01 
  805.000  6.167433e-01 
  806.000  6.188599e-01 
  807.000  6.189819e-01 
  808.000  6.178288e-01 
  809.000  6.164054e-01 
  810.000  6.148456e-01 
  811.000  6.116071e-01 
  812.000  6.072378e-01 
  813.000  6.018691e-01 
  814.000  5.947614e-01 
  815.000  5.859000e-01 
  816.000  5.744304e-01 
  817.000  5.751215e-01 
  818.000  5.760896e-01 
  819.000  5.798903e-01 
  820.000  5.925465e-01 
  821.000  6.069451e-01 
  822.000  5.960427e-01 
  823.000  5.653515e-01 
  824.000  5.912734e-01 
  825.000  6.078254e-01 
  826.000  6.050066e-01 
  827.000  6.029444e-01 
  828.000  5.920746e-01 
  829.000  5.960290e-01 
  830.000  6.004428e-01 
  831.000  6.014889e-01 
  832.000  6.019427e-01 
  833.000  6.044869e-01 
  834.000  6.074739e-01 
  835.000  6.133792e-01 
  836.000  6.115003e-01 
  837.000  6.113132e-01 
  838.000  6.142024e-01 
  839.000  6.159599e-01 
  840.000  6.166133e-01 
  841.000  6.147475e-01 
  842.000  6.164621e-01 
  843.000  6.205020e-01 
  844.000  6.223417e-01 
  845.000  6.232113e-01 
  846.000  6.240087e-01 
  847.000  6.249903e-01 
  848.000  6.235304e-01 
  849.000  6.237621e-01 
  850.000  6.229833e-01 
  851.000  6.220495e-01 
  852.000  6.221673e-01 
  853.000  6.237696e-01 
  854.000  6.237045e-01 
  855.000  6.245196e-01 
  856.000  6.260760e-01 
  857.000  6.267779e-01 
  858.000  6.271314e-01 
  859.000  6.279541e-01 
  860.000  6.284331e-01 
  861.000  6.285235e-01 
  862.000  6.287878e-01 
  863.000  6.288413e-01 
  864.000  6.290295e-01 
  865.000  6.291872e-01 
  866.000  6.292449e-01 
  867.000  6.292405e-01 
  868.000  6.292831e-01 
  869.000  6.293499e-01 
  870.000  6.293365e-01 
  871.000  6.294006e-01 
  872.000  6.295277e-01 
  873.000  6.294414e-01 
  874.000  6.294038e-01 
  875.000  6.294106e-01 
  876.000  6.292448e-01 
  877.000  6.291704e-01 
  878.000  6.286744e-01 
  879.000  6.286578e-01 
  880.000  6.282420e-01 
  881.000  6.279956e-01 
  882.000  6.277595e-01 
  883.000  6.280321e-01 
  884.000  6.281531e-01 
  885.000  6.272690e-01 
  886.000  6.260378e-01 
  887.000  6.270074e-01 
  888.000  6.269670e-01 
  889.000  6.273082e-01 
  890.000  6.266211e-01 
  891.000  6.252390e-01 
  892.000  6.220599e-01 
  893.000  6.123129e-01 
  894.000  6.074728e-01 
  895.000  5.925397e-01 
  896.000  5.791274e-01 
  897.000  5.649412e-01 
  898.000  5.582947e-01 
  899.000  5.393001e-01 
  900.000  5.420966e-01 
  901.000  5.371361e-01 
  902.000  5.380213e-01 
  903.000  5.699373e-01 
  904.000  5.892452e-01 
  905.000  5.885323e-01 
  906.000  5.764831e-01 
  907.000  5.550563e-01 
  908.000  5.408611e-01 
  909.000  5.414982e-01 
  910.000  5.436636e-01 
  911.000  5.531213e-01 
  912.000  5.485594e-01 
  913.000  5.286251e-01 
  914.000  5.385067e-01 
  915.000  5.462550e-01 
  916.000  5.483447e-01 
  917.000  5.525295e-01 
  918.000  5.579353e-01 
  919.000  5.762779e-01 
  920.000  5.900430e-01 
  921.000  5.870045e-01 
  922.000  5.867516e-01 
  923.000  5.829203e-01 
  924.000  5.736817e-01 
  925.000  5.729648e-01 
  926.000  5.728605e-01 
  927.000  5.621287e-01 
  928.000  5.455334e-01 
  929.000  5.213906e-01 
  930.000  4.903553e-01 
  931.000  4.551920e-01 
  932.000  4.087169e-01 
  933.000  3.730702e-01 
  934.000  3.356030e-01 
  935.000  3.316663e-01 
  936.000  3.467687e-01 
  937.000  3.428466e-01 
  938.000  3.842148e-01 
  939.000  4.882842e-01 
  940.000  5.032988e-01 
  941.000  4.902004e-01 
  942.000  4.579166e-01 
  943.000  4.031877e-01 
  944.000  3.993817e-01 
  945.000  4.193589e-01 
  946.000  4.203908e-01 
  947.000  4.378340e-01 
  948.000  4.480131e-01 
  949.000  4.465873e-01 
  950.000  4.491638e-01 
  951.000  4.718319e-01 
  952.000  4.474247e-01 
  953.000  4.643852e-01 
  954.000  4.824125e-01 
  955.000  4.676029e-01 
  956.000  4.641054e-01 
  957.000  5.095825e-01 
  958.000  5.153034e-01 
  959.000  5.077182e-01 
  960.000  5.054682e-01 
  961.000  5.016468e-01 
  962.000  5.050309e-01 
  963.000  5.296450e-01 
  964.000  5.331231e-01 
  965.000  5.307348e-01 
  966.000  5.320138e-01 
  967.000  5.493760e-01 
  968.000  5.780874e-01 
  969.000  5.909262e-01 
  970.000  5.915996e-01 
  971.000  5.912948e-01 
  972.000  5.876611e-01 
  973.000  5.792267e-01 
  974.000  5.688974e-01 
  975.000  5.622340e-01 
  976.000  5.703890e-01 
  977.000  5.837892e-01 
  978.000  5.826873e-01 
  979.000  5.861258e-01 
  980.000  5.996868e-01 
  981.000  6.026717e-01 
  982.000  5.996432e-01 
  983.000  6.065674e-01 
  984.000  6.136791e-01 
  985.000  6.177091e-01 
  986.000  6.229009e-01 
  987.000  6.251439e-01 
  988.000  6.256562e-01 
  989.000  6.259854e-01 
  990.000  6.265359e-01 
  991.000  6.284674e-01 
  992.000  6.290202e-01 
  993.000  6.290736e-01 
  994.000  6.308154e-01 
  995.000  6.320147e-01 
  996.000  6.320106e-01 
  997.000  6.312812e-01 
  998.000  6.304324e-01 
  999.000  6.301079e-01 
 1000.000  6.303890e-01 
 1001.000  6.286744e-01 
 1002.000  6.257273e-01 
 1003.000  6.264379e-01 
 1004.000  6.281464e-01 
 1005.000  6.289309e-01 
 1006.000  6.291721e-01 
 1007.000  6.286156e-01 
 1008.000  6.262110e-01 
 1009.000  6.229871e-01 
 1010.000  6.244274e-01 
 1011.000  6.278508e-01 
 1012.000  6.291543e-01 
 1013.000  6.300346e-01 
 1014.000  6.304734e-01 
 1015.000  6.305516e-01 
 1016.000  6.309636e-01 
 1017.000  6.312450e-01 
 1018.000  6.306999e-01 
 1019.000  6.294739e-01 
 1020.000  6.298998e-01 
 1021.000  6.307809e-01 
 1022.000  6.294467e-01 
 1023.000  6.282308e-01 
 1024.000  6.274965e-01 
 1025.000  6.295466e-01 
 1026.000  6.305345e-01 
 1027.000  6.300935e-01 
 1028.000  6.304215e-01 
 1029.000  6.313546e-01 
 1030.000  6.322183e-01 
 1031.000  6.326446e-01 
 1032.000  6.329672e-01 
 1033.000  6.330101e-01 
 1034.000  6.332384e-01 
 1035.000  6.333066e-01 
 1036.000  6.331429e-01 
 1037.000  6.330829e-01 
 1038.000  6.331447e-01 
 1039.000  6.329804e-01 
 1040.000  6.328169e-01 
 1041.000  6.326854e-01 
 1042.000  6.326330e-01 
 1043.000  6.325961e-01 
 1044.000  6.324589e-01 
 1045.000  6.321275e-01 
 1046.000  6.318887e-01 
 1047.000  6.315897e-01 
 1048.000  6.311238e-01 
 1049.000  6.306056e-01 
 1050.000  6.302374e-01 
 1051.000  6.298215e-01 
 1052.000  6.294525e-01 
 1053.000  6.292612e-01 
 1054.000  6.287790e-01 
 1055.000  6.282565e-01 
 1056.000  6.277557e-01 
 1057.000  6.267567e-01 
 1058.000  6.251230e-01 
 1059.000  6.250490e-01 
 1060.000  6.255888e-01 
 1061.000  6.253397e-01 
 1062.000  6.242290e-01 
 1063.000  6.236384e-01 
 1064.000  6.226444e-01 
 1065.000  6.217057e-01 
 1066.000  6.217602e-01 
 1067.000  6.211669e-01 
 1068.000  6.195937e-01 
 1069.000  6.191559e-01 
 1070.000  6.197776e-01 
 1071.000  6.188982e-01 
 1072.000  6.178964e-01 
 1073.000  6.178869e-01 
 1074.000  6.182843e-01 
 1075.000  6.202955e-01 
 1076.000  6.193628e-01 
 1077.000  6.180286e-01 
 1078.000  6.164154e-01 
 1079.000  6.163488e-01 
 1080.000  6.117020e-01 
 1081.000  6.115555e-01 
 1082.000  6.137753e-01 
 1083.000  6.113679e-01 
 1084.000  6.086934e-01 
 1085.000  6.021410e-01 
 1086.000  6.037955e-01 
 1087.000  6.111923e-01 
 1088.000  6.115530e-01 
 1089.000  6.027455e-01 
 1090.000  6.011541e-01 
 1091.000  6.029275e-01 
 1092.000  5.986024e-01 
 1093.000  5.887592e-01 
 1094.000  5.844814e-01 
 1095.000  5.852394e-01 
 1096.000  5.859479e-01 
 1097.000  5.840542e-01 
 1098.000  5.598078e-01 
 1099.000  5.389705e-01 
 1100.000  5.404401e-01 
 1101.000  5.433879e-01 
 1102.000  5.420765e-01 
 1103.000  5.440620e-01 
 1104.000  5.406243e-01 
 1105.000  5.318788e-01 
 1106.000  5.229523e-01 
 1107.000  5.252925e-01 
 1108.000  5.270785e-01 
 1109.000  5.349108e-01 
 1110.000  5.342352e-01 
 1111.000  5.301476e-01 
 1112.000  5.115219e-01 
 1113.000  4.859810e-01 
 1114.000  4.794488e-01 
 1115.000  4.477151e-01 
 1116.000  4.277951e-01 
 1117.000  3.805280e-01 
 1118.000  3.368144e-01 
 1119.000  3.136257e-01 
 1120.000  2.841322e-01 
 1121.000  2.776246e-01 
 1122.000  2.460965e-01 
 1123.000  2.636867e-01 
 1124.000  2.754317e-01 
 1125.000  2.693702e-01 
 1126.000  2.668796e-01 
 1127.000  2.694061e-01 
 1128.000  2.743196e-01 
 1129.000  3.049305e-01 
 1130.000  3.753458e-01 
 1131.000  3.953582e-01 
 1132.000  3.680812e-01 
 1133.000  3.171177e-01 
 1134.000  2.223839e-01 
 1135.000  2.296417e-01 
 1136.000  3.241999e-01 
 1137.000  3.742735e-01 
 1138.000  4.215047e-01 
 1139.000  4.351335e-01 
 1140.000  4.262100e-01 
 1141.000  4.077334e-01 
 1142.000  4.013293e-01 
 1143.000  3.811016e-01 
 1144.000  3.580233e-01 
 1145.000  3.243365e-01 
 1146.000  3.323098e-01 
 1147.000  3.585646e-01 
 1148.000  3.816447e-01 
 1149.000  3.907829e-01 
 1150.000  3.909198e-01 
