  320.000  1.272588e-01 
  321.000  1.618394e-01 
  322.000  1.481092e-01 
  323.000  1.655415e-01 
  324.000  1.833215e-01 
  325.000  1.700466e-01 
  326.000  1.919194e-01 
  327.000  1.980999e-01 
  328.000  1.847927e-01 
  329.000  2.104684e-01 
  330.000  2.145877e-01 
  331.000  2.064497e-01 
  332.000  2.222092e-01 
  333.000  2.268401e-01 
  334.000  2.230367e-01 
  335.000  2.347195e-01 
  336.000  2.394789e-01 
  337.000  2.374713e-01 
  338.000  2.430606e-01 
  339.000  2.488514e-01 
  340.000  2.478982e-01 
  341.000  2.535390e-01 
  342.000  2.576772e-01 
  343.000  2.597598e-01 
  344.000  2.601857e-01 
  345.000  2.658204e-01 
  346.000  2.693882e-01 
  347.000  2.723026e-01 
  348.000  2.750368e-01 
  349.000  2.781131e-01 
  350.000  2.807467e-01 
  351.000  2.833734e-01 
  352.000  2.855309e-01 
  353.000  2.886030e-01 
  354.000  2.912221e-01 
  355.000  2.936624e-01 
  356.000  2.960431e-01 
  357.000  2.981641e-01 
  358.000  3.004486e-01 
  359.000  3.027333e-01 
  360.000  3.050756e-01 
  361.000  3.080381e-01 
  362.000  3.111271e-01 
  363.000  3.139757e-01 
  364.000  3.166003e-01 
  365.000  3.190648e-01 
  366.000  3.215875e-01 
  367.000  3.239917e-01 
  368.000  3.263764e-01 
  369.000  3.287428e-01 
  370.000  3.310868e-01 
  371.000  3.334146e-01 
  372.000  3.357253e-01 
  373.000  3.380184e-01 
  374.000  3.402764e-01 
  375.000  3.424927e-01 
  376.000  3.446354e-01 
  377.000  3.466620e-01 
  378.000  3.485458e-01 
  379.000  3.504610e-01 
  380.000  3.525690e-01 
  381.000  3.549703e-01 
  382.000  3.574609e-01 
  383.000  3.598179e-01 
  384.000  3.620554e-01 
  385.000  3.642128e-01 
  386.000  3.663161e-01 
  387.000  3.683868e-01 
  388.000  3.704323e-01 
  389.000  3.724621e-01 
  390.000  3.744766e-01 
  391.000  3.764716e-01 
  392.000  3.784527e-01 
  393.000  3.804186e-01 
  394.000  3.823671e-01 
  395.000  3.842967e-01 
  396.000  3.862147e-01 
  397.000  3.881112e-01 
  398.000  3.899912e-01 
  399.000  3.918561e-01 
  400.000  3.936960e-01 
  401.000  3.955295e-01 
  402.000  3.973491e-01 
  403.000  3.991538e-01 
  404.000  4.009432e-01 
  405.000  4.027136e-01 
  406.000  4.044730e-01 
  407.000  4.062192e-01 
  408.000  4.079508e-01 
  409.000  4.096661e-01 
  410.000  4.113656e-01 
  411.000  4.130490e-01 
  412.000  4.147148e-01 
  413.000  4.163717e-01 
  414.000  4.179101e-01 
  415.000  4.195750e-01 
  416.000  4.212193e-01 
  417.000  4.228368e-01 
  418.000  4.244176e-01 
  419.000  4.259814e-01 
  420.000  4.275315e-01 
  421.000  4.290729e-01 
  422.000  4.306053e-01 
  423.000  4.321267e-01 
  424.000  4.336306e-01 
  425.000  4.351004e-01 
  426.000  4.365563e-01 
  427.000  4.379998e-01 
  428.000  4.394181e-01 
  429.000  4.408169e-01 
  430.000  4.421998e-01 
  431.000  4.435728e-01 
  432.000  4.449317e-01 
  433.000  4.462782e-01 
  434.000  4.476136e-01 
  435.000  4.489363e-01 
  436.000  4.502446e-01 
  437.000  4.515389e-01 
  438.000  4.528188e-01 
  439.000  4.540892e-01 
  440.000  4.553393e-01 
  441.000  4.565739e-01 
  442.000  4.577893e-01 
  443.000  4.589866e-01 
  444.000  4.601653e-01 
  445.000  4.613189e-01 
  446.000  4.624407e-01 
  447.000  4.636174e-01 
  448.000  4.648794e-01 
  449.000  4.661570e-01 
  450.000  4.674103e-01 
  451.000  4.686150e-01 
  452.000  4.697776e-01 
  453.000  4.709167e-01 
  454.000  4.720355e-01 
  455.000  4.730895e-01 
  456.000  4.740586e-01 
  457.000  4.750282e-01 
  458.000  4.759848e-01 
  459.000  4.769213e-01 
  460.000  4.778505e-01 
  461.000  4.787700e-01 
  462.000  4.796722e-01 
  463.000  4.805706e-01 
  464.000  4.817404e-01 
  465.000  4.828928e-01 
  466.000  4.840252e-01 
  467.000  4.851315e-01 
  468.000  4.860329e-01 
  469.000  4.868093e-01 
  470.000  4.875233e-01 
  471.000  4.881662e-01 
  472.000  4.887121e-01 
  473.000  4.890948e-01 
  474.000  4.894090e-01 
  475.000  4.894897e-01 
  476.000  4.893342e-01 
  477.000  4.893310e-01 
  478.000  4.902403e-01 
  479.000  4.916247e-01 
  480.000  4.931194e-01 
  481.000  4.944605e-01 
  482.000  4.957186e-01 
  483.000  4.968125e-01 
  484.000  4.977529e-01 
  485.000  4.985939e-01 
  486.000  4.994910e-01 
  487.000  5.004355e-01 
  488.000  5.013498e-01 
  489.000  5.022473e-01 
  490.000  5.031344e-01 
  491.000  5.038292e-01 
  492.000  5.044643e-01 
  493.000  5.050963e-01 
  494.000  5.057105e-01 
  495.000  5.063247e-01 
  496.000  5.066413e-01 
  497.000  5.069458e-01 
  498.000  5.072458e-01 
  499.000  5.075298e-01 
  500.000  5.078092e-01 
  501.000  5.080577e-01 
  502.000  5.083061e-01 
  503.000  5.085514e-01 
  504.000  5.087855e-01 
  505.000  5.090067e-01 
  506.000  5.096549e-01 
  507.000  5.103219e-01 
  508.000  5.109880e-01 
  509.000  5.116464e-01 
  510.000  5.122910e-01 
  511.000  5.128688e-01 
  512.000  5.134269e-01 
  513.000  5.139818e-01 
  514.000  5.145298e-01 
  515.000  5.150730e-01 
  516.000  5.154611e-01 
  517.000  5.157099e-01 
  518.000  5.159519e-01 
  519.000  5.161893e-01 
  520.000  5.164245e-01 
  521.000  5.166351e-01 
  522.000  5.167870e-01 
  523.000  5.168965e-01 
  524.000  5.170097e-01 
  525.000  5.170989e-01 
  526.000  5.172241e-01 
  527.000  5.172442e-01 
  528.000  5.172218e-01 
  529.000  5.171982e-01 
  530.000  5.171798e-01 
  531.000  5.171648e-01 
  532.000  5.171986e-01 
  533.000  5.175038e-01 
  534.000  5.178893e-01 
  535.000  5.183243e-01 
  536.000  5.187449e-01 
  537.000  5.191296e-01 
  538.000  5.194737e-01 
  539.000  5.197926e-01 
  540.000  5.200917e-01 
  541.000  5.203820e-01 
  542.000  5.206596e-01 
  543.000  5.209275e-01 
  544.000  5.211300e-01 
  545.000  5.212793e-01 
  546.000  5.214216e-01 
  547.000  5.215680e-01 
  548.000  5.217070e-01 
  549.000  5.218439e-01 
  550.000  5.219102e-01 
  551.000  5.219067e-01 
  552.000  5.219059e-01 
  553.000  5.218907e-01 
  554.000  5.218688e-01 
  555.000  5.218431e-01 
  556.000  5.217909e-01 
  557.000  5.216929e-01 
  558.000  5.215870e-01 
  559.000  5.214687e-01 
  560.000  5.213205e-01 
  561.000  5.211445e-01 
  562.000  5.207255e-01 
  563.000  5.205050e-01 
  564.000  5.202070e-01 
  565.000  5.197353e-01 
  566.000  5.194690e-01 
  567.000  5.183844e-01 
  568.000  5.151637e-01 
  569.000  5.080242e-01 
  570.000  5.090744e-01 
  571.000  5.141041e-01 
  572.000  5.091741e-01 
  573.000  5.104155e-01 
  574.000  5.107165e-01 
  575.000  5.103921e-01 
  576.000  5.105770e-01 
  577.000  5.123037e-01 
  578.000  5.144335e-01 
  579.000  5.162763e-01 
  580.000  5.178373e-01 
  581.000  5.201706e-01 
  582.000  5.217479e-01 
  583.000  5.225907e-01 
  584.000  5.234253e-01 
  585.000  5.239963e-01 
  586.000  5.246311e-01 
  587.000  5.227674e-01 
  588.000  5.130107e-01 
  589.000  4.977526e-01 
  590.000  4.969483e-01 
  591.000  5.075873e-01 
  592.000  5.021555e-01 
  593.000  5.143077e-01 
  594.000  5.117885e-01 
  595.000  5.034899e-01 
  596.000  5.153085e-01 
  597.000  5.124388e-01 
  598.000  5.171443e-01 
  599.000  5.189378e-01 
  600.000  5.231875e-01 
  601.000  5.260057e-01 
  602.000  5.266846e-01 
  603.000  5.279046e-01 
  604.000  5.293033e-01 
  605.000  5.302940e-01 
  606.000  5.309668e-01 
  607.000  5.316153e-01 
  608.000  5.322140e-01 
  609.000  5.327852e-01 
  610.000  5.333734e-01 
  611.000  5.340265e-01 
  612.000  5.346662e-01 
  613.000  5.352861e-01 
  614.000  5.358877e-01 
  615.000  5.364878e-01 
  616.000  5.370659e-01 
  617.000  5.376121e-01 
  618.000  5.380700e-01 
  619.000  5.384573e-01 
  620.000  5.388160e-01 
  621.000  5.391242e-01 
  622.000  5.393817e-01 
  623.000  5.395540e-01 
  624.000  5.397369e-01 
  625.000  5.398887e-01 
  626.000  5.394679e-01 
  627.000  5.355853e-01 
  628.000  5.171013e-01 
  629.000  5.277953e-01 
  630.000  5.314152e-01 
  631.000  5.350906e-01 
  632.000  5.335135e-01 
  633.000  5.390919e-01 
  634.000  5.415552e-01 
  635.000  5.426087e-01 
  636.000  5.441827e-01 
  637.000  5.455448e-01 
  638.000  5.483971e-01 
  639.000  5.492843e-01 
  640.000  5.511159e-01 
  641.000  5.519040e-01 
  642.000  5.532484e-01 
  643.000  5.524040e-01 
  644.000  5.529800e-01 
  645.000  5.515074e-01 
  646.000  5.431719e-01 
  647.000  5.375144e-01 
  648.000  5.311701e-01 
  649.000  5.374502e-01 
  650.000  5.492537e-01 
  651.000  5.496042e-01 
  652.000  5.398663e-01 
  653.000  5.518370e-01 
  654.000  5.509158e-01 
  655.000  5.470304e-01 
  656.000  5.488691e-01 
  657.000  5.515260e-01 
  658.000  5.558737e-01 
  659.000  5.585623e-01 
  660.000  5.599386e-01 
  661.000  5.631947e-01 
  662.000  5.648342e-01 
  663.000  5.649581e-01 
  664.000  5.658025e-01 
  665.000  5.666039e-01 
  666.000  5.675248e-01 
  667.000  5.683070e-01 
  668.000  5.692608e-01 
  669.000  5.699105e-01 
  670.000  5.704727e-01 
  671.000  5.710716e-01 
  672.000  5.715947e-01 
  673.000  5.721065e-01 
  674.000  5.726131e-01 
  675.000  5.731212e-01 
  676.000  5.735954e-01 
  677.000  5.740322e-01 
  678.000  5.744709e-01 
  679.000  5.748108e-01 
  680.000  5.747221e-01 
  681.000  5.745870e-01 
  682.000  5.747958e-01 
  683.000  5.748735e-01 
  684.000  5.743415e-01 
  685.000  5.752500e-01 
  686.000  5.727108e-01 
  687.000  4.876629e-01 
  688.000  5.144383e-01 
  689.000  5.065945e-01 
  690.000  5.206389e-01 
  691.000  5.383280e-01 
  692.000  5.479023e-01 
  693.000  5.393091e-01 
  694.000  5.289337e-01 
  695.000  5.377668e-01 
  696.000  5.430114e-01 
  697.000  5.660843e-01 
  698.000  5.612843e-01 
  699.000  5.405528e-01 
  700.000  5.439773e-01 
  701.000  5.393918e-01 
  702.000  5.428010e-01 
  703.000  5.601979e-01 
  704.000  5.609875e-01 
  705.000  5.538424e-01 
  706.000  5.552749e-01 
  707.000  5.578759e-01 
  708.000  5.606906e-01 
  709.000  5.664237e-01 
  710.000  5.603740e-01 
  711.000  5.665988e-01 
  712.000  5.719140e-01 
  713.000  5.676687e-01 
  714.000  5.662298e-01 
  715.000  5.592896e-01 
  716.000  5.520273e-01 
  717.000  5.072875e-01 
  718.000  4.803025e-01 
  719.000  4.706596e-01 
  720.000  4.564377e-01 
  721.000  5.200194e-01 
  722.000  5.432745e-01 
  723.000  5.301221e-01 
  724.000  4.932695e-01 
  725.000  4.986153e-01 
  726.000  4.969251e-01 
  727.000  5.021196e-01 
  728.000  4.965048e-01 
  729.000  5.105664e-01 
  730.000  5.081810e-01 
  731.000  5.052985e-01 
  732.000  5.291978e-01 
  733.000  5.524652e-01 
  734.000  5.638009e-01 
  735.000  5.598328e-01 
  736.000  5.524289e-01 
  737.000  5.580273e-01 
  738.000  5.657424e-01 
  739.000  5.690807e-01 
  740.000  5.764971e-01 
  741.000  5.807958e-01 
  742.000  5.826060e-01 
  743.000  5.865813e-01 
  744.000  5.883859e-01 
  745.000  5.896566e-01 
  746.000  5.907404e-01 
  747.000  5.909579e-01 
  748.000  5.919269e-01 
  749.000  5.924599e-01 
  750.000  5.921503e-01 
  751.000  5.923327e-01 
  752.000  5.932624e-01 
  753.000  5.936450e-01 
  754.000  5.939402e-01 
  755.000  5.941218e-01 
  756.000  5.943137e-01 
  757.000  5.944458e-01 
  758.000  5.932801e-01 
  759.000  5.470790e-01 
  760.000  2.224681e-01 
  761.000  1.942123e-01 
  762.000  3.747146e-01 
  763.000  3.168108e-01 
  764.000  3.453155e-01 
  765.000  4.112913e-01 
  766.000  4.929745e-01 
  767.000  5.349811e-01 
  768.000  5.627238e-01 
  769.000  5.811518e-01 
  770.000  5.910999e-01 
  771.000  5.957751e-01 
  772.000  5.969512e-01 
  773.000  5.974742e-01 
  774.000  5.981357e-01 
  775.000  5.985573e-01 
  776.000  5.988652e-01 
  777.000  5.989344e-01 
  778.000  5.988895e-01 
  779.000  5.988370e-01 
  780.000  5.987833e-01 
  781.000  5.992051e-01 
  782.000  5.991378e-01 
  783.000  5.990852e-01 
  784.000  5.987662e-01 
  785.000  5.971453e-01 
  786.000  5.947145e-01 
  787.000  5.891083e-01 
  788.000  5.861614e-01 
  789.000  5.757188e-01 
  790.000  5.748121e-01 
  791.000  5.767689e-01 
  792.000  5.785861e-01 
  793.000  5.828320e-01 
  794.000  5.918623e-01 
  795.000  5.863289e-01 
  796.000  5.716913e-01 
  797.000  5.758548e-01 
  798.000  5.851007e-01 
  799.000  5.829826e-01 
  800.000  5.762451e-01 
  801.000  5.770393e-01 
  802.000  5.763552e-01 
  803.000  5.773353e-01 
  804.000  5.805005e-01 
  805.000  5.865732e-01 
  806.000  5.902077e-01 
  807.000  5.903646e-01 
  808.000  5.882927e-01 
  809.000  5.857466e-01 
  810.000  5.829526e-01 
  811.000  5.772507e-01 
  812.000  5.695939e-01 
  813.000  5.602642e-01 
  814.000  5.480341e-01 
  815.000  5.329216e-01 
  816.000  5.138854e-01 
  817.000  5.148630e-01 
  818.000  5.163850e-01 
  819.000  5.226718e-01 
  820.000  5.437505e-01 
  821.000  5.680991e-01 
  822.000  5.495413e-01 
  823.000  4.989357e-01 
  824.000  5.414857e-01 
  825.000  5.694935e-01 
  826.000  5.647560e-01 
  827.000  5.611952e-01 
  828.000  5.427808e-01 
  829.000  5.493718e-01 
  830.000  5.568125e-01 
  831.000  5.585824e-01 
  832.000  5.594107e-01 
  833.000  5.637395e-01 
  834.000  5.688556e-01 
  835.000  5.790222e-01 
  836.000  5.757709e-01 
  837.000  5.754468e-01 
  838.000  5.803934e-01 
  839.000  5.834082e-01 
  840.000  5.845004e-01 
  841.000  5.812389e-01 
  842.000  5.841683e-01 
  843.000  5.911437e-01 
  844.000  5.943208e-01 
  845.000  5.958000e-01 
  846.000  5.973572e-01 
  847.000  5.990729e-01 
  848.000  5.962302e-01 
  849.000  5.965863e-01 
  850.000  5.951785e-01 
  851.000  5.935051e-01 
  852.000  5.936666e-01 
  853.000  5.964201e-01 
  854.000  5.962706e-01 
  855.000  5.976557e-01 
  856.000  6.005418e-01 
  857.000  6.015978e-01 
  858.000  6.022576e-01 
  859.000  6.036322e-01 
  860.000  6.043043e-01 
  861.000  6.044225e-01 
  862.000  6.048512e-01 
  863.000  6.049033e-01 
  864.000  6.051961e-01 
  865.000  6.054347e-01 
  866.000  6.054949e-01 
  867.000  6.054468e-01 
  868.000  6.054807e-01 
  869.000  6.055571e-01 
  870.000  6.054937e-01 
  871.000  6.055658e-01 
  872.000  6.057479e-01 
  873.000  6.055578e-01 
  874.000  6.054530e-01 
  875.000  6.054250e-01 
  876.000  6.050965e-01 
  877.000  6.049798e-01 
  878.000  6.041111e-01 
  879.000  6.040480e-01 
  880.000  6.032986e-01 
  881.000  6.028481e-01 
  882.000  6.024886e-01 
  883.000  6.028368e-01 
  884.000  6.030032e-01 
  885.000  6.014528e-01 
  886.000  5.994571e-01 
  887.000  6.011207e-01 
  888.000  6.010160e-01 
  889.000  6.015103e-01 
  890.000  6.002215e-01 
  891.000  5.975810e-01 
  892.000  5.920266e-01 
  893.000  5.753274e-01 
  894.000  5.669960e-01 
  895.000  5.420808e-01 
  896.000  5.199339e-01 
  897.000  4.968421e-01 
  898.000  4.861438e-01 
  899.000  4.568009e-01 
  900.000  4.608836e-01 
  901.000  4.533759e-01 
  902.000  4.549054e-01 
  903.000  5.043883e-01 
  904.000  5.354497e-01 
  905.000  5.344149e-01 
  906.000  5.149719e-01 
  907.000  4.811723e-01 
  908.000  4.592912e-01 
  909.000  4.601396e-01 
  910.000  4.633794e-01 
  911.000  4.778554e-01 
  912.000  4.708401e-01 
  913.000  4.407565e-01 
  914.000  4.555717e-01 
  915.000  4.674160e-01 
  916.000  4.706956e-01 
  917.000  4.772462e-01 
  918.000  4.857273e-01 
  919.000  5.147353e-01 
  920.000  5.370986e-01 
  921.000  5.322448e-01 
  922.000  5.318455e-01 
  923.000  5.256163e-01 
  924.000  5.107323e-01 
  925.000  5.093259e-01 
  926.000  5.085092e-01 
  927.000  4.909558e-01 
  928.000  4.643907e-01 
  929.000  4.269807e-01 
  930.000  3.810829e-01 
  931.000  3.320800e-01 
  932.000  2.705885e-01 
  933.000  2.285783e-01 
  934.000  1.884893e-01 
  935.000  1.841252e-01 
  936.000  1.991290e-01 
  937.000  1.955317e-01 
  938.000  2.413024e-01 
  939.000  3.722915e-01 
  940.000  3.935870e-01 
  941.000  3.757467e-01 
  942.000  3.326269e-01 
  943.000  2.646938e-01 
  944.000  2.599427e-01 
  945.000  2.833832e-01 
  946.000  2.849665e-01 
  947.000  3.071636e-01 
  948.000  3.203824e-01 
  949.000  3.189815e-01 
  950.000  3.224798e-01 
  951.000  3.525017e-01 
  952.000  3.210497e-01 
  953.000  3.436492e-01 
  954.000  3.684945e-01 
  955.000  3.490496e-01 
  956.000  3.452927e-01 
  957.000  4.086865e-01 
  958.000  4.175045e-01 
  959.000  4.070508e-01 
  960.000  4.041919e-01 
  961.000  3.990271e-01 
  962.000  4.041158e-01 
  963.000  4.402022e-01 
  964.000  4.456104e-01 
  965.000  4.423216e-01 
  966.000  4.445068e-01 
  967.000  4.710054e-01 
  968.000  5.162326e-01 
  969.000  5.371461e-01 
  970.000  5.383599e-01 
  971.000  5.378845e-01 
  972.000  5.319314e-01 
  973.000  5.182978e-01 
  974.000  5.018838e-01 
  975.000  4.914350e-01 
  976.000  5.042334e-01 
  977.000  5.256172e-01 
  978.000  5.239563e-01 
  979.000  5.296331e-01 
  980.000  5.518212e-01 
  981.000  5.568257e-01 
  982.000  5.519466e-01 
  983.000  5.634773e-01 
  984.000  5.754026e-01 
  985.000  5.822210e-01 
  986.000  5.910432e-01 
  987.000  5.948946e-01 
  988.000  5.957919e-01 
  989.000  5.963661e-01 
  990.000  5.973046e-01 
  991.000  6.005979e-01 
  992.000  6.015311e-01 
  993.000  6.018780e-01 
  994.000  6.048485e-01 
  995.000  6.067531e-01 
  996.000  6.067298e-01 
  997.000  6.055590e-01 
  998.000  6.040462e-01 
  999.000  6.034872e-01 
 1000.000  6.039305e-01 
 1001.000  6.007723e-01 
 1002.000  5.957331e-01 
 1003.000  5.969211e-01 
 1004.000  5.998098e-01 
 1005.000  6.011278e-01 
 1006.000  6.015496e-01 
 1007.000  6.005799e-01 
 1008.000  5.964733e-01 
 1009.000  5.909981e-01 
 1010.000  5.934313e-01 
 1011.000  5.992510e-01 
 1012.000  6.014711e-01 
 1013.000  6.032204e-01 
 1014.000  6.039527e-01 
 1015.000  6.040924e-01 
 1016.000  6.048822e-01 
 1017.000  6.053391e-01 
 1018.000  6.043473e-01 
 1019.000  6.023170e-01 
 1020.000  6.030276e-01 
 1021.000  6.044884e-01 
 1022.000  6.020310e-01 
 1023.000  5.999779e-01 
 1024.000  5.987497e-01 
 1025.000  6.025154e-01 
 1026.000  6.041821e-01 
 1027.000  6.034765e-01 
 1028.000  6.040618e-01 
 1029.000  6.055611e-01 
 1030.000  6.070773e-01 
 1031.000  6.078528e-01 
 1032.000  6.085242e-01 
 1033.000  6.086496e-01 
 1034.000  6.090174e-01 
 1035.000  6.092007e-01 
 1036.000  6.091152e-01 
 1037.000  6.091773e-01 
 1038.000  6.093055e-01 
 1039.000  6.090706e-01 
 1040.000  6.088745e-01 
 1041.000  6.087199e-01 
 1042.000  6.086800e-01 
 1043.000  6.086831e-01 
 1044.000  6.085508e-01 
 1045.000  6.081105e-01 
 1046.000  6.078187e-01 
 1047.000  6.074772e-01 
 1048.000  6.070727e-01 
 1049.000  6.067044e-01 
 1050.000  6.062698e-01 
 1051.000  6.056375e-01 
 1052.000  6.052182e-01 
 1053.000  6.051473e-01 
 1054.000  6.044859e-01 
 1055.000  6.038704e-01 
 1056.000  6.033335e-01 
 1057.000  6.019630e-01 
 1058.000  5.994570e-01 
 1059.000  5.996242e-01 
 1060.000  6.008933e-01 
 1061.000  6.005840e-01 
 1062.000  5.990148e-01 
 1063.000  5.984648e-01 
 1064.000  5.971440e-01 
 1065.000  5.956942e-01 
 1066.000  5.958244e-01 
 1067.000  5.949592e-01 
 1068.000  5.918168e-01 
 1069.000  5.902321e-01 
 1070.000  5.906700e-01 
 1071.000  5.886306e-01 
 1072.000  5.865559e-01 
 1073.000  5.861396e-01 
 1074.000  5.864257e-01 
 1075.000  5.894482e-01 
 1076.000  5.875218e-01 
 1077.000  5.849487e-01 
 1078.000  5.819271e-01 
 1079.000  5.815146e-01 
 1080.000  5.734962e-01 
 1081.000  5.730278e-01 
 1082.000  5.765237e-01 
 1083.000  5.722563e-01 
 1084.000  5.676088e-01 
 1085.000  5.566209e-01 
 1086.000  5.591498e-01 
 1087.000  5.711982e-01 
 1088.000  5.716695e-01 
 1089.000  5.569426e-01 
 1090.000  5.541548e-01 
 1091.000  5.568941e-01 
 1092.000  5.495964e-01 
 1093.000  5.334818e-01 
 1094.000  5.265064e-01 
 1095.000  5.275800e-01 
 1096.000  5.285051e-01 
 1097.000  5.252209e-01 
 1098.000  4.868732e-01 
 1099.000  4.548995e-01 
 1100.000  4.569784e-01 
 1101.000  4.612727e-01 
 1102.000  4.590233e-01 
 1103.000  4.617999e-01 
 1104.000  4.564026e-01 
 1105.000  4.430695e-01 
 1106.000  4.299047e-01 
 1107.000  4.329105e-01 
 1108.000  4.349488e-01 
 1109.000  4.457432e-01 
 1110.000  4.437267e-01 
 1111.000  4.371381e-01 
 1112.000  4.094318e-01 
 1113.000  3.721259e-01 
 1114.000  3.611382e-01 
 1115.000  3.172510e-01 
 1116.000  2.912455e-01 
 1117.000  2.354117e-01 
 1118.000  1.874887e-01 
 1119.000  1.631663e-01 
 1120.000  1.354616e-01 
 1121.000  1.294504e-01 
 1122.000  1.039969e-01 
 1123.000  1.168744e-01 
 1124.000  1.259094e-01 
 1125.000  1.209459e-01 
 1126.000  1.190951e-01 
 1127.000  1.215180e-01 
 1128.000  1.262005e-01 
 1129.000  1.529919e-01 
 1130.000  2.212885e-01 
 1131.000  2.427033e-01 
 1132.000  2.132763e-01 
 1133.000  1.641248e-01 
 1134.000  8.770274e-02 
 1135.000  9.298652e-02 
 1136.000  1.717829e-01 
 1137.000  2.221074e-01 
 1138.000  2.759610e-01 
 1139.000  2.946492e-01 
 1140.000  2.840042e-01 
 1141.000  2.634125e-01 
 1142.000  2.559353e-01 
 1143.000  2.331096e-01 
 1144.000  2.086192e-01 
 1145.000  1.749099e-01 
 1146.000  1.827413e-01 
 1147.000  2.094250e-01 
 1148.000  2.342463e-01 
 1149.000  2.449062e-01 
 1150.000  2.463305e-01 
