  320.000  1.104351e-01 
  321.000  1.423322e-01 
  322.000  1.296170e-01 
  323.000  1.457712e-01 
  324.000  1.623453e-01 
  325.000  1.499617e-01 
  326.000  1.703927e-01 
  327.000  1.761899e-01 
  328.000  1.637207e-01 
  329.000  1.878213e-01 
  330.000  1.917037e-01 
  331.000  1.840378e-01 
  332.000  1.988977e-01 
  333.000  2.032755e-01 
  334.000  1.996796e-01 
  335.000  2.107359e-01 
  336.000  2.152489e-01 
  337.000  2.133445e-01 
  338.000  2.186484e-01 
  339.000  2.241506e-01 
  340.000  2.232444e-01 
  341.000  2.286098e-01 
  342.000  2.325502e-01 
  343.000  2.345346e-01 
  344.000  2.349405e-01 
  345.000  2.403144e-01 
  346.000  2.437203e-01 
  347.000  2.465043e-01 
  348.000  2.491177e-01 
  349.000  2.520598e-01 
  350.000  2.545799e-01 
  351.000  2.570947e-01 
  352.000  2.591614e-01 
  353.000  2.621056e-01 
  354.000  2.646170e-01 
  355.000  2.669581e-01 
  356.000  2.692430e-01 
  357.000  2.712796e-01 
  358.000  2.734740e-01 
  359.000  2.756696e-01 
  360.000  2.779215e-01 
  361.000  2.807710e-01 
  362.000  2.837438e-01 
  363.000  2.864867e-01 
  364.000  2.890152e-01 
  365.000  2.913905e-01 
  366.000  2.938228e-01 
  367.000  2.961420e-01 
  368.000  2.984433e-01 
  369.000  3.007278e-01 
  370.000  3.029917e-01 
  371.000  3.052408e-01 
  372.000  3.074741e-01 
  373.000  3.096913e-01 
  374.000  3.118755e-01 
  375.000  3.140200e-01 
  376.000  3.160940e-01 
  377.000  3.180564e-01 
  378.000  3.198811e-01 
  379.000  3.217367e-01 
  380.000  3.237797e-01 
  381.000  3.261080e-01 
  382.000  3.285236e-01 
  383.000  3.308106e-01 
  384.000  3.329824e-01 
  385.000  3.350770e-01 
  386.000  3.371200e-01 
  387.000  3.391318e-01 
  388.000  3.411198e-01 
  389.000  3.430931e-01 
  390.000  3.450521e-01 
  391.000  3.469928e-01 
  392.000  3.489205e-01 
  393.000  3.508340e-01 
  394.000  3.527310e-01 
  395.000  3.546102e-01 
  396.000  3.564786e-01 
  397.000  3.583267e-01 
  398.000  3.601591e-01 
  399.000  3.619772e-01 
  400.000  3.637714e-01 
  401.000  3.655599e-01 
  402.000  3.673353e-01 
  403.000  3.690966e-01 
  404.000  3.708434e-01 
  405.000  3.725721e-01 
  406.000  3.742904e-01 
  407.000  3.759963e-01 
  408.000  3.776883e-01 
  409.000  3.793648e-01 
  410.000  3.810262e-01 
  411.000  3.826722e-01 
  412.000  3.843015e-01 
  413.000  3.859223e-01 
  414.000  3.874277e-01 
  415.000  3.890570e-01 
  416.000  3.906666e-01 
  417.000  3.922502e-01 
  418.000  3.937984e-01 
  419.000  3.953301e-01 
  420.000  3.968488e-01 
  421.000  3.983592e-01 
  422.000  3.998610e-01 
  423.000  4.013524e-01 
  424.000  4.028270e-01 
  425.000  4.042684e-01 
  426.000  4.056964e-01 
  427.000  4.071126e-01 
  428.000  4.085042e-01 
  429.000  4.098769e-01 
  430.000  4.112343e-01 
  431.000  4.125822e-01 
  432.000  4.139166e-01 
  433.000  4.152389e-01 
  434.000  4.165505e-01 
  435.000  4.178500e-01 
  436.000  4.191354e-01 
  437.000  4.204073e-01 
  438.000  4.216653e-01 
  439.000  4.229141e-01 
  440.000  4.241432e-01 
  441.000  4.253572e-01 
  442.000  4.265524e-01 
  443.000  4.277301e-01 
  444.000  4.288896e-01 
  445.000  4.300246e-01 
  446.000  4.311285e-01 
  447.000  4.322866e-01 
  448.000  4.335287e-01 
  449.000  4.347865e-01 
  450.000  4.360205e-01 
  451.000  4.372067e-01 
  452.000  4.383518e-01 
  453.000  4.394739e-01 
  454.000  4.405760e-01 
  455.000  4.416144e-01 
  456.000  4.425694e-01 
  457.000  4.435249e-01 
  458.000  4.444678e-01 
  459.000  4.453909e-01 
  460.000  4.463069e-01 
  461.000  4.472135e-01 
  462.000  4.481030e-01 
  463.000  4.489890e-01 
  464.000  4.501427e-01 
  465.000  4.512795e-01 
  466.000  4.523965e-01 
  467.000  4.534881e-01 
  468.000  4.543775e-01 
  469.000  4.551437e-01 
  470.000  4.558484e-01 
  471.000  4.564829e-01 
  472.000  4.570218e-01 
  473.000  4.573995e-01 
  474.000  4.577098e-01 
  475.000  4.577895e-01 
  476.000  4.576359e-01 
  477.000  4.576327e-01 
  478.000  4.585304e-01 
  479.000  4.598974e-01 
  480.000  4.613734e-01 
  481.000  4.626980e-01 
  482.000  4.639407e-01 
  483.000  4.650215e-01 
  484.000  4.659506e-01 
  485.000  4.667817e-01 
  486.000  4.676682e-01 
  487.000  4.686017e-01 
  488.000  4.695055e-01 
  489.000  4.703928e-01 
  490.000  4.712698e-01 
  491.000  4.719567e-01 
  492.000  4.725847e-01 
  493.000  4.732097e-01 
  494.000  4.738171e-01 
  495.000  4.744246e-01 
  496.000  4.747377e-01 
  497.000  4.750389e-01 
  498.000  4.753357e-01 
  499.000  4.756165e-01 
  500.000  4.758930e-01 
  501.000  4.761387e-01 
  502.000  4.763845e-01 
  503.000  4.766272e-01 
  504.000  4.768587e-01 
  505.000  4.770776e-01 
  506.000  4.777189e-01 
  507.000  4.783789e-01 
  508.000  4.790380e-01 
  509.000  4.796896e-01 
  510.000  4.803275e-01 
  511.000  4.808994e-01 
  512.000  4.814517e-01 
  513.000  4.820010e-01 
  514.000  4.825435e-01 
  515.000  4.830813e-01 
  516.000  4.834655e-01 
  517.000  4.837118e-01 
  518.000  4.839514e-01 
  519.000  4.841865e-01 
  520.000  4.844193e-01 
  521.000  4.846278e-01 
  522.000  4.847782e-01 
  523.000  4.848867e-01 
  524.000  4.849988e-01 
  525.000  4.850871e-01 
  526.000  4.852110e-01 
  527.000  4.852310e-01 
  528.000  4.852088e-01 
  529.000  4.851854e-01 
  530.000  4.851672e-01 
  531.000  4.851523e-01 
  532.000  4.851858e-01 
  533.000  4.854880e-01 
  534.000  4.858697e-01 
  535.000  4.863005e-01 
  536.000  4.867171e-01 
  537.000  4.870982e-01 
  538.000  4.874389e-01 
  539.000  4.877547e-01 
  540.000  4.880510e-01 
  541.000  4.883386e-01 
  542.000  4.886136e-01 
  543.000  4.888789e-01 
  544.000  4.890796e-01 
  545.000  4.892274e-01 
  546.000  4.893685e-01 
  547.000  4.895135e-01 
  548.000  4.896512e-01 
  549.000  4.897867e-01 
  550.000  4.898525e-01 
  551.000  4.898491e-01 
  552.000  4.898483e-01 
  553.000  4.898332e-01 
  554.000  4.898115e-01 
  555.000  4.897860e-01 
  556.000  4.897344e-01 
  557.000  4.896373e-01 
  558.000  4.895323e-01 
  559.000  4.894151e-01 
  560.000  4.892682e-01 
  561.000  4.890939e-01 
  562.000  4.886789e-01 
  563.000  4.884604e-01 
  564.000  4.881653e-01 
  565.000  4.876980e-01 
  566.000  4.874343e-01 
  567.000  4.863643e-01 
  568.000  4.832383e-01 
  569.000  4.762927e-01 
  570.000  4.773045e-01 
  571.000  4.821816e-01 
  572.000  4.773823e-01 
  573.000  4.785783e-01 
  574.000  4.788632e-01 
  575.000  4.785437e-01 
  576.000  4.787262e-01 
  577.000  4.804096e-01 
  578.000  4.824744e-01 
  579.000  4.842848e-01 
  580.000  4.858313e-01 
  581.000  4.881336e-01 
  582.000  4.897007e-01 
  583.000  4.905401e-01 
  584.000  4.913758e-01 
  585.000  4.919469e-01 
  586.000  4.925850e-01 
  587.000  4.907969e-01 
  588.000  4.813208e-01 
  589.000  4.665031e-01 
  590.000  4.657286e-01 
  591.000  4.760692e-01 
  592.000  4.707989e-01 
  593.000  4.826139e-01 
  594.000  4.801700e-01 
  595.000  4.721110e-01 
  596.000  4.835955e-01 
  597.000  4.808006e-01 
  598.000  4.853700e-01 
  599.000  4.871092e-01 
  600.000  4.912370e-01 
  601.000  4.939731e-01 
  602.000  4.946174e-01 
  603.000  4.958050e-01 
  604.000  4.971798e-01 
  605.000  4.981622e-01 
  606.000  4.988294e-01 
  607.000  4.994725e-01 
  608.000  5.000663e-01 
  609.000  5.006328e-01 
  610.000  5.012162e-01 
  611.000  5.018640e-01 
  612.000  5.024987e-01 
  613.000  5.031136e-01 
  614.000  5.037105e-01 
  615.000  5.043059e-01 
  616.000  5.048796e-01 
  617.000  5.054215e-01 
  618.000  5.058759e-01 
  619.000  5.062604e-01 
  620.000  5.066164e-01 
  621.000  5.069222e-01 
  622.000  5.071778e-01 
  623.000  5.073488e-01 
  624.000  5.075304e-01 
  625.000  5.076810e-01 
  626.000  5.072633e-01 
  627.000  5.034995e-01 
  628.000  4.856060e-01 
  629.000  4.959583e-01 
  630.000  4.994929e-01 
  631.000  5.030683e-01 
  632.000  5.015365e-01 
  633.000  5.069802e-01 
  634.000  5.093881e-01 
  635.000  5.104499e-01 
  636.000  5.119929e-01 
  637.000  5.133450e-01 
  638.000  5.161509e-01 
  639.000  5.170359e-01 
  640.000  5.188430e-01 
  641.000  5.196345e-01 
  642.000  5.209612e-01 
  643.000  5.201524e-01 
  644.000  5.207275e-01 
  645.000  5.193175e-01 
  646.000  5.112018e-01 
  647.000  5.056989e-01 
  648.000  4.995290e-01 
  649.000  5.056588e-01 
  650.000  5.171768e-01 
  651.000  5.175288e-01 
  652.000  5.080450e-01 
  653.000  5.197271e-01 
  654.000  5.188390e-01 
  655.000  5.150593e-01 
  656.000  5.168623e-01 
  657.000  5.194636e-01 
  658.000  5.237156e-01 
  659.000  5.263495e-01 
  660.000  5.277031e-01 
  661.000  5.308802e-01 
  662.000  5.324869e-01 
  663.000  5.326201e-01 
  664.000  5.334510e-01 
  665.000  5.342460e-01 
  666.000  5.351546e-01 
  667.000  5.359291e-01 
  668.000  5.368786e-01 
  669.000  5.375255e-01 
  670.000  5.380852e-01 
  671.000  5.386814e-01 
  672.000  5.392023e-01 
  673.000  5.397120e-01 
  674.000  5.402164e-01 
  675.000  5.407224e-01 
  676.000  5.411947e-01 
  677.000  5.416297e-01 
  678.000  5.420667e-01 
  679.000  5.424052e-01 
  680.000  5.423169e-01 
  681.000  5.421938e-01 
  682.000  5.424038e-01 
  683.000  5.424912e-01 
  684.000  5.419813e-01 
  685.000  5.428724e-01 
  686.000  5.404111e-01 
  687.000  4.579112e-01 
  688.000  4.838582e-01 
  689.000  4.762601e-01 
  690.000  4.898846e-01 
  691.000  5.070508e-01 
  692.000  5.163382e-01 
  693.000  5.079517e-01 
  694.000  4.978454e-01 
  695.000  5.064381e-01 
  696.000  5.115488e-01 
  697.000  5.340319e-01 
  698.000  5.293603e-01 
  699.000  5.091738e-01 
  700.000  5.125122e-01 
  701.000  5.080544e-01 
  702.000  5.113798e-01 
  703.000  5.283316e-01 
  704.000  5.291086e-01 
  705.000  5.221534e-01 
  706.000  5.235549e-01 
  707.000  5.260949e-01 
  708.000  5.288437e-01 
  709.000  5.344375e-01 
  710.000  5.285457e-01 
  711.000  5.346185e-01 
  712.000  5.398061e-01 
  713.000  5.356701e-01 
  714.000  5.342694e-01 
  715.000  5.275040e-01 
  716.000  5.204202e-01 
  717.000  4.768827e-01 
  718.000  4.506779e-01 
  719.000  4.413238e-01 
  720.000  4.275610e-01 
  721.000  4.892601e-01 
  722.000  5.118964e-01 
  723.000  4.991013e-01 
  724.000  4.632915e-01 
  725.000  4.684803e-01 
  726.000  4.668455e-01 
  727.000  4.718952e-01 
  728.000  4.664501e-01 
  729.000  4.801149e-01 
  730.000  4.778078e-01 
  731.000  4.750188e-01 
  732.000  4.982593e-01 
  733.000  5.209246e-01 
  734.000  5.319834e-01 
  735.000  5.281219e-01 
  736.000  5.209112e-01 
  737.000  5.263711e-01 
  738.000  5.338964e-01 
  739.000  5.371564e-01 
  740.000  5.443959e-01 
  741.000  5.485950e-01 
  742.000  5.503657e-01 
  743.000  5.542498e-01 
  744.000  5.560148e-01 
  745.000  5.572445e-01 
  746.000  5.583061e-01 
  747.000  5.585165e-01 
  748.000  5.594676e-01 
  749.000  5.599993e-01 
  750.000  5.596952e-01 
  751.000  5.598772e-01 
  752.000  5.608001e-01 
  753.000  5.611818e-01 
  754.000  5.614764e-01 
  755.000  5.616576e-01 
  756.000  5.618492e-01 
  757.000  5.619809e-01 
  758.000  5.608296e-01 
  759.000  5.158895e-01 
  760.000  2.040520e-01 
  761.000  1.773927e-01 
  762.000  3.492655e-01 
  763.000  2.937739e-01 
  764.000  3.210596e-01 
  765.000  3.844690e-01 
  766.000  4.634077e-01 
  767.000  5.041674e-01 
  768.000  5.311429e-01 
  769.000  5.490860e-01 
  770.000  5.588142e-01 
  771.000  5.633528e-01 
  772.000  5.645022e-01 
  773.000  5.650119e-01 
  774.000  5.656638e-01 
  775.000  5.660847e-01 
  776.000  5.663920e-01 
  777.000  5.664610e-01 
  778.000  5.664163e-01 
  779.000  5.663639e-01 
  780.000  5.663102e-01 
  781.000  5.667314e-01 
  782.000  5.666642e-01 
  783.000  5.666116e-01 
  784.000  5.662978e-01 
  785.000  5.647189e-01 
  786.000  5.623640e-01 
  787.000  5.568949e-01 
  788.000  5.540208e-01 
  789.000  5.438386e-01 
  790.000  5.429555e-01 
  791.000  5.448647e-01 
  792.000  5.466388e-01 
  793.000  5.507816e-01 
  794.000  5.595927e-01 
  795.000  5.541959e-01 
  796.000  5.399252e-01 
  797.000  5.439852e-01 
  798.000  5.530031e-01 
  799.000  5.509391e-01 
  800.000  5.443709e-01 
  801.000  5.451469e-01 
  802.000  5.444816e-01 
  803.000  5.454392e-01 
  804.000  5.485280e-01 
  805.000  5.544530e-01 
  806.000  5.580012e-01 
  807.000  5.581560e-01 
  808.000  5.561358e-01 
  809.000  5.536528e-01 
  810.000  5.509273e-01 
  811.000  5.453656e-01 
  812.000  5.378980e-01 
  813.000  5.288025e-01 
  814.000  5.168867e-01 
  815.000  5.021709e-01 
  816.000  4.836661e-01 
  817.000  4.846109e-01 
  818.000  4.860900e-01 
  819.000  4.922055e-01 
  820.000  5.127113e-01 
  821.000  5.364242e-01 
  822.000  5.183508e-01 
  823.000  4.691677e-01 
  824.000  5.105165e-01 
  825.000  5.377940e-01 
  826.000  5.331866e-01 
  827.000  5.297194e-01 
  828.000  5.117906e-01 
  829.000  5.182064e-01 
  830.000  5.254546e-01 
  831.000  5.271821e-01 
  832.000  5.279964e-01 
  833.000  5.322178e-01 
  834.000  5.372083e-01 
  835.000  5.471250e-01 
  836.000  5.439581e-01 
  837.000  5.436461e-01 
  838.000  5.484718e-01 
  839.000  5.514150e-01 
  840.000  5.524822e-01 
  841.000  5.493031e-01 
  842.000  5.521622e-01 
  843.000  5.589696e-01 
  844.000  5.620726e-01 
  845.000  5.635182e-01 
  846.000  5.650399e-01 
  847.000  5.667164e-01 
  848.000  5.639426e-01 
  849.000  5.642914e-01 
  850.000  5.629183e-01 
  851.000  5.612863e-01 
  852.000  5.614452e-01 
  853.000  5.641341e-01 
  854.000  5.639899e-01 
  855.000  5.653436e-01 
  856.000  5.681626e-01 
  857.000  5.691755e-01 
  858.000  5.698246e-01 
  859.000  5.711661e-01 
  860.000  5.718234e-01 
  861.000  5.719414e-01 
  862.000  5.723696e-01 
  863.000  5.724217e-01 
  864.000  5.727141e-01 
  865.000  5.729525e-01 
  866.000  5.730127e-01 
  867.000  5.729646e-01 
  868.000  5.729984e-01 
  869.000  5.730748e-01 
  870.000  5.730115e-01 
  871.000  5.730835e-01 
  872.000  5.732653e-01 
  873.000  5.730754e-01 
  874.000  5.729707e-01 
  875.000  5.729427e-01 
  876.000  5.726146e-01 
  877.000  5.725033e-01 
  878.000  5.716586e-01 
  879.000  5.715969e-01 
  880.000  5.708685e-01 
  881.000  5.704270e-01 
  882.000  5.700834e-01 
  883.000  5.704175e-01 
  884.000  5.705815e-01 
  885.000  5.690712e-01 
  886.000  5.671463e-01 
  887.000  5.687695e-01 
  888.000  5.686680e-01 
  889.000  5.691496e-01 
  890.000  5.678921e-01 
  891.000  5.653154e-01 
  892.000  5.598947e-01 
  893.000  5.436115e-01 
  894.000  5.354875e-01 
  895.000  5.112359e-01 
  896.000  4.896966e-01 
  897.000  4.672621e-01 
  898.000  4.568784e-01 
  899.000  4.284702e-01 
  900.000  4.324112e-01 
  901.000  4.251547e-01 
  902.000  4.266473e-01 
  903.000  4.745756e-01 
  904.000  5.047400e-01 
  905.000  5.037447e-01 
  906.000  4.848627e-01 
  907.000  4.520885e-01 
  908.000  4.309067e-01 
  909.000  4.317222e-01 
  910.000  4.348550e-01 
  911.000  4.488659e-01 
  912.000  4.420770e-01 
  913.000  4.129951e-01 
  914.000  4.273136e-01 
  915.000  4.387762e-01 
  916.000  4.419571e-01 
  917.000  4.483077e-01 
  918.000  4.565310e-01 
  919.000  4.846700e-01 
  920.000  5.064048e-01 
  921.000  5.016953e-01 
  922.000  5.013106e-01 
  923.000  4.952595e-01 
  924.000  4.808064e-01 
  925.000  4.794284e-01 
  926.000  4.785994e-01 
  927.000  4.615411e-01 
  928.000  4.357636e-01 
  929.000  3.995461e-01 
  930.000  3.552584e-01 
  931.000  3.081744e-01 
  932.000  2.493332e-01 
  933.000  2.094555e-01 
  934.000  1.716568e-01 
  935.000  1.675376e-01 
  936.000  1.816148e-01 
  937.000  1.782591e-01 
  938.000  2.215155e-01 
  939.000  3.464829e-01 
  940.000  3.669681e-01 
  941.000  3.498513e-01 
  942.000  3.085388e-01 
  943.000  2.437871e-01 
  944.000  2.392603e-01 
  945.000  2.615168e-01 
  946.000  2.630441e-01 
  947.000  2.842336e-01 
  948.000  2.968720e-01 
  949.000  2.955596e-01 
  950.000  2.989143e-01 
  951.000  3.276626e-01 
  952.000  2.975969e-01 
  953.000  3.192465e-01 
  954.000  3.431042e-01 
  955.000  3.244888e-01 
  956.000  3.209434e-01 
  957.000  3.818839e-01 
  958.000  3.904167e-01 
  959.000  3.803733e-01 
  960.000  3.776425e-01 
  961.000  3.726873e-01 
  962.000  3.776048e-01 
  963.000  4.124243e-01 
  964.000  4.176637e-01 
  965.000  4.145042e-01 
  966.000  4.166335e-01 
  967.000  4.422753e-01 
  968.000  4.861377e-01 
  969.000  5.064683e-01 
  970.000  5.076570e-01 
  971.000  5.071977e-01 
  972.000  5.014101e-01 
  973.000  4.881653e-01 
  974.000  4.722376e-01 
  975.000  4.621080e-01 
  976.000  4.745194e-01 
  977.000  4.952795e-01 
  978.000  4.936746e-01 
  979.000  4.991991e-01 
  980.000  5.207777e-01 
  981.000  5.256539e-01 
  982.000  5.209151e-01 
  983.000  5.321437e-01 
  984.000  5.437625e-01 
  985.000  5.504105e-01 
  986.000  5.590146e-01 
  987.000  5.627742e-01 
  988.000  5.636528e-01 
  989.000  5.642154e-01 
  990.000  5.651325e-01 
  991.000  5.683465e-01 
  992.000  5.692579e-01 
  993.000  5.695974e-01 
  994.000  5.724961e-01 
  995.000  5.743400e-01 
  996.000  5.743177e-01 
  997.000  5.731913e-01 
  998.000  5.717158e-01 
  999.000  5.711709e-01 
 1000.000  5.716036e-01 
 1001.000  5.685233e-01 
 1002.000  5.636089e-01 
 1003.000  5.647680e-01 
 1004.000  5.675858e-01 
 1005.000  5.688719e-01 
 1006.000  5.692828e-01 
 1007.000  5.683371e-01 
 1008.000  5.643324e-01 
 1009.000  5.589938e-01 
 1010.000  5.613665e-01 
 1011.000  5.670420e-01 
 1012.000  5.692079e-01 
 1013.000  5.709146e-01 
 1014.000  5.716293e-01 
 1015.000  5.717655e-01 
 1016.000  5.725361e-01 
 1017.000  5.729820e-01 
 1018.000  5.720140e-01 
 1019.000  5.700333e-01 
 1020.000  5.707262e-01 
 1021.000  5.721509e-01 
 1022.000  5.697529e-01 
 1023.000  5.677496e-01 
 1024.000  5.665510e-01 
 1025.000  5.702237e-01 
 1026.000  5.718488e-01 
 1027.000  5.711598e-01 
 1028.000  5.717298e-01 
 1029.000  5.731718e-01 
 1030.000  5.746490e-01 
 1031.000  5.754023e-01 
 1032.000  5.760628e-01 
 1033.000  5.761793e-01 
 1034.000  5.765369e-01 
 1035.000  5.767150e-01 
 1036.000  5.766297e-01 
 1037.000  5.766916e-01 
 1038.000  5.768198e-01 
 1039.000  5.765851e-01 
 1040.000  5.763891e-01 
 1041.000  5.762346e-01 
 1042.000  5.761948e-01 
 1043.000  5.761979e-01 
 1044.000  5.760657e-01 
 1045.000  5.756257e-01 
 1046.000  5.753342e-01 
 1047.000  5.749930e-01 
 1048.000  5.745888e-01 
 1049.000  5.742229e-01 
 1050.000  5.737927e-01 
 1051.000  5.731698e-01 
 1052.000  5.727524e-01 
 1053.000  5.726743e-01 
 1054.000  5.720171e-01 
 1055.000  5.714114e-01 
 1056.000  5.708765e-01 
 1057.000  5.695285e-01 
 1058.000  5.670710e-01 
 1059.000  5.672266e-01 
 1060.000  5.684566e-01 
 1061.000  5.681484e-01 
 1062.000  5.666111e-01 
 1063.000  5.660714e-01 
 1064.000  5.647800e-01 
 1065.000  5.633846e-01 
 1066.000  5.635119e-01 
 1067.000  5.626729e-01 
 1068.000  5.596175e-01 
 1069.000  5.580849e-01 
 1070.000  5.585229e-01 
 1071.000  5.565464e-01 
 1072.000  5.545345e-01 
 1073.000  5.541385e-01 
 1074.000  5.544276e-01 
 1075.000  5.573823e-01 
 1076.000  5.555137e-01 
 1077.000  5.530142e-01 
 1078.000  5.500775e-01 
 1079.000  5.496823e-01 
 1080.000  5.418777e-01 
 1081.000  5.414271e-01 
 1082.000  5.448360e-01 
 1083.000  5.406835e-01 
 1084.000  5.361616e-01 
 1085.000  5.254721e-01 
 1086.000  5.279348e-01 
 1087.000  5.396625e-01 
 1088.000  5.401255e-01 
 1089.000  5.257921e-01 
 1090.000  5.230805e-01 
 1091.000  5.257447e-01 
 1092.000  5.186452e-01 
 1093.000  5.029787e-01 
 1094.000  4.962030e-01 
 1095.000  4.972433e-01 
 1096.000  4.981340e-01 
 1097.000  4.949374e-01 
 1098.000  4.577325e-01 
 1099.000  4.267797e-01 
 1100.000  4.287866e-01 
 1101.000  4.329344e-01 
 1102.000  4.307493e-01 
 1103.000  4.334238e-01 
 1104.000  4.281924e-01 
 1105.000  4.152940e-01 
 1106.000  4.025851e-01 
 1107.000  4.054648e-01 
 1108.000  4.074017e-01 
 1109.000  4.177817e-01 
 1110.000  4.157766e-01 
 1111.000  4.093850e-01 
 1112.000  3.826278e-01 
 1113.000  3.466511e-01 
 1114.000  3.359814e-01 
 1115.000  2.938386e-01 
 1116.000  2.689701e-01 
 1117.000  2.159329e-01 
 1118.000  1.706682e-01 
 1119.000  1.477837e-01 
 1120.000  1.219143e-01 
 1121.000  1.163122e-01 
 1122.000  9.279216e-02 
 1123.000  1.046148e-01 
 1124.000  1.129381e-01 
 1125.000  1.083496e-01 
 1126.000  1.066493e-01 
 1127.000  1.089107e-01 
 1128.000  1.132796e-01 
 1129.000  1.381785e-01 
 1130.000  2.021248e-01 
 1131.000  2.223121e-01 
 1132.000  1.945606e-01 
 1133.000  1.485573e-01 
 1134.000  7.789991e-02 
 1135.000  8.274828e-02 
 1136.000  1.557687e-01 
 1137.000  2.030098e-01 
 1138.000  2.540076e-01 
 1139.000  2.719100e-01 
 1140.000  2.617933e-01 
 1141.000  2.423093e-01 
 1142.000  2.352136e-01 
 1143.000  2.136043e-01 
 1144.000  1.905173e-01 
 1145.000  1.588690e-01 
 1146.000  1.662104e-01 
 1147.000  1.912880e-01 
 1148.000  2.147081e-01 
 1149.000  2.248192e-01 
 1150.000  2.262417e-01 
