  320.000  8.135861e-02 
  321.000  1.080160e-01 
  322.000  9.729569e-02 
  323.000  1.109351e-01 
  324.000  1.251143e-01 
  325.000  1.145032e-01 
  326.000  1.320614e-01 
  327.000  1.370898e-01 
  328.000  1.262989e-01 
  329.000  1.472368e-01 
  330.000  1.506404e-01 
  331.000  1.439279e-01 
  332.000  1.569683e-01 
  333.000  1.608323e-01 
  334.000  1.576577e-01 
  335.000  1.674393e-01 
  336.000  1.714494e-01 
  337.000  1.697560e-01 
  338.000  1.744766e-01 
  339.000  1.793880e-01 
  340.000  1.785782e-01 
  341.000  1.833787e-01 
  342.000  1.869127e-01 
  343.000  1.886951e-01 
  344.000  1.890599e-01 
  345.000  1.938965e-01 
  346.000  1.969685e-01 
  347.000  1.994833e-01 
  348.000  2.018470e-01 
  349.000  2.045114e-01 
  350.000  2.067967e-01 
  351.000  2.090797e-01 
  352.000  2.109579e-01 
  353.000  2.136365e-01 
  354.000  2.159242e-01 
  355.000  2.180590e-01 
  356.000  2.201447e-01 
  357.000  2.220055e-01 
  358.000  2.240124e-01 
  359.000  2.260222e-01 
  360.000  2.280854e-01 
  361.000  2.306991e-01 
  362.000  2.334291e-01 
  363.000  2.359509e-01 
  364.000  2.382781e-01 
  365.000  2.404665e-01 
  366.000  2.427096e-01 
  367.000  2.448504e-01 
  368.000  2.469767e-01 
  369.000  2.490892e-01 
  370.000  2.511846e-01 
  371.000  2.532681e-01 
  372.000  2.553388e-01 
  373.000  2.573963e-01 
  374.000  2.594248e-01 
  375.000  2.614181e-01 
  376.000  2.633474e-01 
  377.000  2.651742e-01 
  378.000  2.668739e-01 
  379.000  2.686038e-01 
  380.000  2.705096e-01 
  381.000  2.726832e-01 
  382.000  2.749403e-01 
  383.000  2.770790e-01 
  384.000  2.791115e-01 
  385.000  2.810734e-01 
  386.000  2.829882e-01 
  387.000  2.848752e-01 
  388.000  2.867410e-01 
  389.000  2.885944e-01 
  390.000  2.904356e-01 
  391.000  2.922607e-01 
  392.000  2.940749e-01 
  393.000  2.958767e-01 
  394.000  2.976643e-01 
  395.000  2.994362e-01 
  396.000  3.011990e-01 
  397.000  3.029436e-01 
  398.000  3.046745e-01 
  399.000  3.063929e-01 
  400.000  3.080897e-01 
  401.000  3.097821e-01 
  402.000  3.114631e-01 
  403.000  3.131316e-01 
  404.000  3.147873e-01 
  405.000  3.164268e-01 
  406.000  3.180573e-01 
  407.000  3.196768e-01 
  408.000  3.212841e-01 
  409.000  3.228774e-01 
  410.000  3.244573e-01 
  411.000  3.260232e-01 
  412.000  3.275740e-01 
  413.000  3.291176e-01 
  414.000  3.305518e-01 
  415.000  3.321049e-01 
  416.000  3.336400e-01 
  417.000  3.351510e-01 
  418.000  3.366288e-01 
  419.000  3.380916e-01 
  420.000  3.395427e-01 
  421.000  3.409865e-01 
  422.000  3.424227e-01 
  423.000  3.438495e-01 
  424.000  3.452608e-01 
  425.000  3.466410e-01 
  426.000  3.480090e-01 
  427.000  3.493662e-01 
  428.000  3.507003e-01 
  429.000  3.520169e-01 
  430.000  3.533193e-01 
  431.000  3.546130e-01 
  432.000  3.558943e-01 
  433.000  3.571644e-01 
  434.000  3.584249e-01 
  435.000  3.596740e-01 
  436.000  3.609100e-01 
  437.000  3.621336e-01 
  438.000  3.633441e-01 
  439.000  3.645463e-01 
  440.000  3.657299e-01 
  441.000  3.668993e-01 
  442.000  3.680511e-01 
  443.000  3.691862e-01 
  444.000  3.703043e-01 
  445.000  3.713990e-01 
  446.000  3.724641e-01 
  447.000  3.735817e-01 
  448.000  3.747810e-01 
  449.000  3.759957e-01 
  450.000  3.771878e-01 
  451.000  3.783342e-01 
  452.000  3.794412e-01 
  453.000  3.805262e-01 
  454.000  3.815922e-01 
  455.000  3.825971e-01 
  456.000  3.835212e-01 
  457.000  3.844462e-01 
  458.000  3.853592e-01 
  459.000  3.862533e-01 
  460.000  3.871407e-01 
  461.000  3.880192e-01 
  462.000  3.888814e-01 
  463.000  3.897402e-01 
  464.000  3.908590e-01 
  465.000  3.919617e-01 
  466.000  3.930455e-01 
  467.000  3.941050e-01 
  468.000  3.949684e-01 
  469.000  3.957124e-01 
  470.000  3.963968e-01 
  471.000  3.970131e-01 
  472.000  3.975367e-01 
  473.000  3.979037e-01 
  474.000  3.982052e-01 
  475.000  3.982826e-01 
  476.000  3.981333e-01 
  477.000  3.981303e-01 
  478.000  3.990027e-01 
  479.000  4.003315e-01 
  480.000  4.017669e-01 
  481.000  4.030555e-01 
  482.000  4.042649e-01 
  483.000  4.053169e-01 
  484.000  4.062215e-01 
  485.000  4.070309e-01 
  486.000  4.078945e-01 
  487.000  4.088040e-01 
  488.000  4.096847e-01 
  489.000  4.105496e-01 
  490.000  4.114047e-01 
  491.000  4.120745e-01 
  492.000  4.126871e-01 
  493.000  4.132967e-01 
  494.000  4.138893e-01 
  495.000  4.144821e-01 
  496.000  4.147876e-01 
  497.000  4.150816e-01 
  498.000  4.153712e-01 
  499.000  4.156454e-01 
  500.000  4.159152e-01 
  501.000  4.161551e-01 
  502.000  4.163950e-01 
  503.000  4.166320e-01 
  504.000  4.168581e-01 
  505.000  4.170718e-01 
  506.000  4.176981e-01 
  507.000  4.183427e-01 
  508.000  4.189865e-01 
  509.000  4.196232e-01 
  510.000  4.202465e-01 
  511.000  4.208054e-01 
  512.000  4.213453e-01 
  513.000  4.218822e-01 
  514.000  4.224126e-01 
  515.000  4.229385e-01 
  516.000  4.233143e-01 
  517.000  4.235552e-01 
  518.000  4.237895e-01 
  519.000  4.240194e-01 
  520.000  4.242471e-01 
  521.000  4.244511e-01 
  522.000  4.245983e-01 
  523.000  4.247044e-01 
  524.000  4.248140e-01 
  525.000  4.249005e-01 
  526.000  4.250217e-01 
  527.000  4.250413e-01 
  528.000  4.250196e-01 
  529.000  4.249967e-01 
  530.000  4.249789e-01 
  531.000  4.249643e-01 
  532.000  4.249971e-01 
  533.000  4.252927e-01 
  534.000  4.256662e-01 
  535.000  4.260879e-01 
  536.000  4.264956e-01 
  537.000  4.268685e-01 
  538.000  4.272021e-01 
  539.000  4.275113e-01 
  540.000  4.278013e-01 
  541.000  4.280829e-01 
  542.000  4.283522e-01 
  543.000  4.286120e-01 
  544.000  4.288085e-01 
  545.000  4.289533e-01 
  546.000  4.290914e-01 
  547.000  4.292334e-01 
  548.000  4.293683e-01 
  549.000  4.295011e-01 
  550.000  4.295655e-01 
  551.000  4.295621e-01 
  552.000  4.295613e-01 
  553.000  4.295466e-01 
  554.000  4.295254e-01 
  555.000  4.295004e-01 
  556.000  4.294498e-01 
  557.000  4.293547e-01 
  558.000  4.292520e-01 
  559.000  4.291373e-01 
  560.000  4.289941e-01 
  561.000  4.288249e-01 
  562.000  4.286359e-01 
  563.000  4.284405e-01 
  564.000  4.282055e-01 
  565.000  4.279030e-01 
  566.000  4.275441e-01 
  567.000  4.271419e-01 
  568.000  4.266449e-01 
  569.000  4.261954e-01 
  570.000  4.257382e-01 
  571.000  4.252174e-01 
  572.000  4.246984e-01 
  573.000  4.241723e-01 
  574.000  4.237671e-01 
  575.000  4.235271e-01 
  576.000  4.236744e-01 
  577.000  4.239796e-01 
  578.000  4.245062e-01 
  579.000  4.255146e-01 
  580.000  4.271041e-01 
  581.000  4.289121e-01 
  582.000  4.304373e-01 
  583.000  4.317589e-01 
  584.000  4.328823e-01 
  585.000  4.338831e-01 
  586.000  4.347631e-01 
  587.000  4.355635e-01 
  588.000  4.362942e-01 
  589.000  4.367804e-01 
  590.000  4.371717e-01 
  591.000  4.375381e-01 
  592.000  4.378762e-01 
  593.000  4.381897e-01 
  594.000  4.384869e-01 
  595.000  4.387697e-01 
  596.000  4.385870e-01 
  597.000  4.382556e-01 
  598.000  4.379224e-01 
  599.000  4.375885e-01 
  600.000  4.372427e-01 
  601.000  4.368981e-01 
  602.000  4.365558e-01 
  603.000  4.367603e-01 
  604.000  4.373507e-01 
  605.000  4.379348e-01 
  606.000  4.384888e-01 
  607.000  4.390283e-01 
  608.000  4.395945e-01 
  609.000  4.401399e-01 
  610.000  4.407117e-01 
  611.000  4.413479e-01 
  612.000  4.419710e-01 
  613.000  4.425752e-01 
  614.000  4.431617e-01 
  615.000  4.437468e-01 
  616.000  4.443107e-01 
  617.000  4.448434e-01 
  618.000  4.452901e-01 
  619.000  4.456682e-01 
  620.000  4.460182e-01 
  621.000  4.463190e-01 
  622.000  4.465705e-01 
  623.000  4.467387e-01 
  624.000  4.469184e-01 
  625.000  4.470699e-01 
  626.000  4.472328e-01 
  627.000  4.466216e-01 
  628.000  4.293341e-01 
  629.000  4.413743e-01 
  630.000  4.415208e-01 
  631.000  4.446970e-01 
  632.000  4.475223e-01 
  633.000  4.496163e-01 
  634.000  4.515897e-01 
  635.000  4.532274e-01 
  636.000  4.546055e-01 
  637.000  4.559094e-01 
  638.000  4.571092e-01 
  639.000  4.582675e-01 
  640.000  4.593784e-01 
  641.000  4.604665e-01 
  642.000  4.613345e-01 
  643.000  4.621394e-01 
  644.000  4.629006e-01 
  645.000  4.636263e-01 
  646.000  4.643285e-01 
  647.000  4.650010e-01 
  648.000  4.656508e-01 
  649.000  4.662840e-01 
  650.000  4.668594e-01 
  651.000  4.673991e-01 
  652.000  4.679355e-01 
  653.000  4.684674e-01 
  654.000  4.689960e-01 
  655.000  4.695223e-01 
  656.000  4.700453e-01 
  657.000  4.705292e-01 
  658.000  4.710343e-01 
  659.000  4.715475e-01 
  660.000  4.720699e-01 
  661.000  4.725923e-01 
  662.000  4.731152e-01 
  663.000  4.736210e-01 
  664.000  4.741249e-01 
  665.000  4.746270e-01 
  666.000  4.751272e-01 
  667.000  4.756313e-01 
  668.000  4.761451e-01 
  669.000  4.766572e-01 
  670.000  4.771673e-01 
  671.000  4.776756e-01 
  672.000  4.781821e-01 
  673.000  4.786869e-01 
  674.000  4.791898e-01 
  675.000  4.796909e-01 
  676.000  4.801714e-01 
  677.000  4.806110e-01 
  678.000  4.810489e-01 
  679.000  4.814852e-01 
  680.000  4.819197e-01 
  681.000  4.823526e-01 
  682.000  4.827838e-01 
  683.000  4.832133e-01 
  684.000  4.836412e-01 
  685.000  4.840541e-01 
  686.000  4.819289e-01 
  687.000  4.033316e-01 
  688.000  4.271517e-01 
  689.000  4.210120e-01 
  690.000  4.334204e-01 
  691.000  4.520987e-01 
  692.000  4.669217e-01 
  693.000  4.767997e-01 
  694.000  4.829216e-01 
  695.000  4.856585e-01 
  696.000  4.870175e-01 
  697.000  4.880075e-01 
  698.000  4.885370e-01 
  699.000  4.889006e-01 
  700.000  4.892139e-01 
  701.000  4.895109e-01 
  702.000  4.898065e-01 
  703.000  4.901007e-01 
  704.000  4.903937e-01 
  705.000  4.906456e-01 
  706.000  4.908847e-01 
  707.000  4.911227e-01 
  708.000  4.913594e-01 
  709.000  4.915949e-01 
  710.000  4.918293e-01 
  711.000  4.920626e-01 
  712.000  4.922946e-01 
  713.000  4.925256e-01 
  714.000  4.927554e-01 
  715.000  4.930176e-01 
  716.000  4.932921e-01 
  717.000  4.935654e-01 
  718.000  4.938374e-01 
  719.000  4.941083e-01 
  720.000  4.943781e-01 
  721.000  4.946466e-01 
  722.000  4.949140e-01 
  723.000  4.951803e-01 
  724.000  4.954454e-01 
  725.000  4.956794e-01 
  726.000  4.958596e-01 
  727.000  4.960389e-01 
  728.000  4.962172e-01 
  729.000  4.963945e-01 
  730.000  4.965709e-01 
  731.000  4.967463e-01 
  732.000  4.969209e-01 
  733.000  4.970944e-01 
  734.000  4.972671e-01 
  735.000  4.974388e-01 
  736.000  4.975802e-01 
  737.000  4.977084e-01 
  738.000  4.978358e-01 
  739.000  4.979624e-01 
  740.000  4.980882e-01 
  741.000  4.982132e-01 
  742.000  4.983374e-01 
  743.000  4.984609e-01 
  744.000  4.985836e-01 
  745.000  4.987055e-01 
  746.000  4.988267e-01 
  747.000  4.989981e-01 
  748.000  4.991874e-01 
  749.000  4.993757e-01 
  750.000  4.995632e-01 
  751.000  4.997498e-01 
  752.000  4.999356e-01 
  753.000  5.001205e-01 
  754.000  5.003045e-01 
  755.000  5.004877e-01 
  756.000  5.006700e-01 
  757.000  5.008010e-01 
  758.000  4.996817e-01 
  759.000  4.572395e-01 
  760.000  1.704395e-01 
  761.000  1.468519e-01 
  762.000  3.019506e-01 
  763.000  2.511821e-01 
  764.000  2.760881e-01 
  765.000  3.344457e-01 
  766.000  4.079681e-01 
  767.000  4.462581e-01 
  768.000  4.717155e-01 
  769.000  4.886959e-01 
  770.000  4.979880e-01 
  771.000  5.022594e-01 
  772.000  5.033582e-01 
  773.000  5.038623e-01 
  774.000  5.045848e-01 
  775.000  5.049945e-01 
  776.000  5.052692e-01 
  777.000  5.054346e-01 
  778.000  5.055587e-01 
  779.000  5.056586e-01 
  780.000  5.057495e-01 
  781.000  5.058399e-01 
  782.000  5.059297e-01 
  783.000  5.060189e-01 
  784.000  5.061076e-01 
  785.000  5.061958e-01 
  786.000  5.062833e-01 
  787.000  5.063704e-01 
  788.000  5.064569e-01 
  789.000  5.065428e-01 
  790.000  5.066282e-01 
  791.000  5.067131e-01 
  792.000  5.067974e-01 
  793.000  5.068812e-01 
  794.000  5.069646e-01 
  795.000  5.070474e-01 
  796.000  5.071297e-01 
  797.000  5.072114e-01 
  798.000  5.072927e-01 
  799.000  5.073735e-01 
  800.000  5.074537e-01 
  801.000  5.075336e-01 
  802.000  5.076128e-01 
  803.000  5.076916e-01 
  804.000  5.077699e-01 
  805.000  5.078478e-01 
  806.000  5.079252e-01 
  807.000  5.080020e-01 
  808.000  5.080785e-01 
  809.000  5.081545e-01 
  810.000  5.082300e-01 
  811.000  5.083050e-01 
  812.000  5.083796e-01 
  813.000  5.084537e-01 
  814.000  5.085274e-01 
  815.000  5.086007e-01 
  816.000  5.086734e-01 
  817.000  5.087458e-01 
  818.000  5.088177e-01 
  819.000  5.088892e-01 
  820.000  5.089602e-01 
  821.000  5.090309e-01 
  822.000  5.091011e-01 
  823.000  5.091709e-01 
  824.000  5.092403e-01 
  825.000  5.093092e-01 
  826.000  5.093778e-01 
  827.000  5.094459e-01 
  828.000  5.095136e-01 
  829.000  5.095810e-01 
  830.000  5.096479e-01 
  831.000  5.097144e-01 
  832.000  5.097805e-01 
  833.000  5.098463e-01 
  834.000  5.099117e-01 
  835.000  5.099766e-01 
  836.000  5.100412e-01 
  837.000  5.101054e-01 
  838.000  5.101692e-01 
  839.000  5.102326e-01 
  840.000  5.102957e-01 
  841.000  5.103585e-01 
  842.000  5.104207e-01 
  843.000  5.104827e-01 
  844.000  5.105444e-01 
  845.000  5.106056e-01 
  846.000  5.106665e-01 
  847.000  5.107270e-01 
  848.000  5.107872e-01 
  849.000  5.108470e-01 
  850.000  5.109065e-01 
  851.000  5.109656e-01 
  852.000  5.110245e-01 
  853.000  5.110829e-01 
  854.000  5.111410e-01 
  855.000  5.111988e-01 
  856.000  5.112562e-01 
  857.000  5.113134e-01 
  858.000  5.113701e-01 
  859.000  5.114266e-01 
  860.000  5.114827e-01 
  861.000  5.115386e-01 
  862.000  5.115941e-01 
  863.000  5.116492e-01 
  864.000  5.117041e-01 
  865.000  5.117586e-01 
  866.000  5.118129e-01 
  867.000  5.118667e-01 
  868.000  5.119204e-01 
  869.000  5.119737e-01 
  870.000  5.120267e-01 
  871.000  5.120794e-01 
  872.000  5.121318e-01 
  873.000  5.121839e-01 
  874.000  5.122357e-01 
  875.000  5.122873e-01 
  876.000  5.123385e-01 
  877.000  5.123894e-01 
  878.000  5.124401e-01 
  879.000  5.124905e-01 
  880.000  5.125405e-01 
  881.000  5.125903e-01 
  882.000  5.126398e-01 
  883.000  5.126891e-01 
  884.000  5.127380e-01 
  885.000  5.127867e-01 
  886.000  5.128352e-01 
  887.000  5.128833e-01 
  888.000  5.129312e-01 
  889.000  5.129789e-01 
  890.000  5.130262e-01 
  891.000  5.130733e-01 
  892.000  5.131201e-01 
  893.000  5.131667e-01 
  894.000  5.132130e-01 
  895.000  5.132590e-01 
  896.000  5.133048e-01 
  897.000  5.133504e-01 
  898.000  5.133957e-01 
  899.000  5.134407e-01 
  900.000  5.134855e-01 
  901.000  5.135300e-01 
  902.000  5.135744e-01 
  903.000  5.136184e-01 
  904.000  5.136622e-01 
  905.000  5.137058e-01 
  906.000  5.137491e-01 
  907.000  5.137922e-01 
  908.000  5.138351e-01 
  909.000  5.138777e-01 
  910.000  5.139201e-01 
  911.000  5.139623e-01 
  912.000  5.140042e-01 
  913.000  5.140460e-01 
  914.000  5.140874e-01 
  915.000  5.141287e-01 
  916.000  5.141698e-01 
  917.000  5.142106e-01 
  918.000  5.142512e-01 
  919.000  5.142915e-01 
  920.000  5.143317e-01 
  921.000  5.143716e-01 
  922.000  5.144114e-01 
  923.000  5.144508e-01 
  924.000  5.144902e-01 
  925.000  5.145293e-01 
  926.000  5.145682e-01 
  927.000  5.146068e-01 
  928.000  5.146453e-01 
  929.000  5.146835e-01 
  930.000  5.147216e-01 
  931.000  5.147595e-01 
  932.000  5.147971e-01 
  933.000  5.148346e-01 
  934.000  5.148718e-01 
  935.000  5.149089e-01 
  936.000  5.149457e-01 
  937.000  5.149824e-01 
  938.000  5.150188e-01 
  939.000  5.150551e-01 
  940.000  5.150912e-01 
  941.000  5.151271e-01 
  942.000  5.151628e-01 
  943.000  5.151983e-01 
  944.000  5.152336e-01 
  945.000  5.152688e-01 
  946.000  5.153037e-01 
  947.000  5.153385e-01 
  948.000  5.153731e-01 
  949.000  5.154075e-01 
  950.000  5.154418e-01 
  951.000  5.154758e-01 
  952.000  5.155097e-01 
  953.000  5.155434e-01 
  954.000  5.155769e-01 
  955.000  5.156102e-01 
  956.000  5.156434e-01 
  957.000  5.156764e-01 
  958.000  5.157092e-01 
  959.000  5.157419e-01 
  960.000  5.157744e-01 
  961.000  5.158067e-01 
  962.000  5.158389e-01 
  963.000  5.158709e-01 
  964.000  5.159027e-01 
  965.000  5.159343e-01 
  966.000  5.159659e-01 
  967.000  5.159972e-01 
  968.000  5.160283e-01 
  969.000  5.160594e-01 
  970.000  5.160903e-01 
  971.000  5.161210e-01 
  972.000  5.161515e-01 
  973.000  5.161819e-01 
  974.000  5.162121e-01 
  975.000  5.162422e-01 
  976.000  5.162721e-01 
  977.000  5.163019e-01 
  978.000  5.163315e-01 
  979.000  5.163609e-01 
  980.000  5.163903e-01 
  981.000  5.164195e-01 
  982.000  5.164485e-01 
  983.000  5.164773e-01 
  984.000  5.165061e-01 
  985.000  5.165347e-01 
  986.000  5.165631e-01 
  987.000  5.165914e-01 
  988.000  5.166196e-01 
  989.000  5.166476e-01 
  990.000  5.166754e-01 
  991.000  5.167032e-01 
  992.000  5.167308e-01 
  993.000  5.167582e-01 
  994.000  5.167856e-01 
  995.000  5.168127e-01 
  996.000  5.168397e-01 
  997.000  5.168667e-01 
  998.000  5.168934e-01 
  999.000  5.169201e-01 
 1000.000  5.169466e-01 
 1001.000  5.169730e-01 
 1002.000  5.169992e-01 
 1003.000  5.170254e-01 
 1004.000  5.170513e-01 
 1005.000  5.170772e-01 
 1006.000  5.170598e-01 
 1007.000  5.170821e-01 
 1008.000  5.170995e-01 
 1009.000  5.171074e-01 
 1010.000  5.171198e-01 
 1011.000  5.171221e-01 
 1012.000  5.171306e-01 
 1013.000  5.171242e-01 
 1014.000  5.171249e-01 
 1015.000  5.171147e-01 
 1016.000  5.171108e-01 
 1017.000  5.171131e-01 
 1018.000  5.171022e-01 
 1019.000  5.171013e-01 
 1020.000  5.170904e-01 
 1021.000  5.170842e-01 
 1022.000  5.170576e-01 
 1023.000  5.170292e-01 
 1024.000  5.169972e-01 
 1025.000  5.169766e-01 
 1026.000  5.169336e-01 
 1027.000  5.169019e-01 
 1028.000  5.168449e-01 
 1029.000  5.168009e-01 
 1030.000  5.167449e-01 
 1031.000  5.166873e-01 
 1032.000  5.166090e-01 
 1033.000  5.165331e-01 
 1034.000  5.164405e-01 
 1035.000  5.162893e-01 
 1036.000  5.160221e-01 
 1037.000  5.157992e-01 
 1038.000  5.157719e-01 
 1039.000  5.157020e-01 
 1040.000  5.155838e-01 
 1041.000  5.154832e-01 
 1042.000  5.154133e-01 
 1043.000  5.153219e-01 
 1044.000  5.151775e-01 
 1045.000  5.149932e-01 
 1046.000  5.148261e-01 
 1047.000  5.145850e-01 
 1048.000  5.140373e-01 
 1049.000  5.133450e-01 
 1050.000  5.130736e-01 
 1051.000  5.129671e-01 
 1052.000  5.126736e-01 
 1053.000  5.123796e-01 
 1054.000  5.121058e-01 
 1055.000  5.118107e-01 
 1056.000  5.113691e-01 
 1057.000  5.109231e-01 
 1058.000  5.104220e-01 
 1059.000  5.099914e-01 
 1060.000  5.095974e-01 
 1061.000  5.093139e-01 
 1062.000  5.088453e-01 
 1063.000  5.081664e-01 
 1064.000  5.076990e-01 
 1065.000  5.076355e-01 
 1066.000  5.075834e-01 
 1067.000  5.074962e-01 
 1068.000  5.077381e-01 
 1069.000  5.088308e-01 
 1070.000  5.096910e-01 
 1071.000  5.105061e-01 
 1072.000  5.110472e-01 
 1073.000  5.116118e-01 
 1074.000  5.121577e-01 
 1075.000  5.126874e-01 
 1076.000  5.131719e-01 
 1077.000  5.136063e-01 
 1078.000  5.140173e-01 
 1079.000  5.144140e-01 
 1080.000  5.147280e-01 
 1081.000  5.150312e-01 
 1082.000  5.153039e-01 
 1083.000  5.155961e-01 
 1084.000  5.158367e-01 
 1085.000  5.160607e-01 
 1086.000  5.162790e-01 
 1087.000  5.164706e-01 
 1088.000  5.166621e-01 
 1089.000  5.168302e-01 
 1090.000  5.170061e-01 
 1091.000  5.171652e-01 
 1092.000  5.173600e-01 
 1093.000  5.174732e-01 
 1094.000  5.175852e-01 
 1095.000  5.176882e-01 
 1096.000  5.177687e-01 
 1097.000  5.179060e-01 
 1098.000  5.180034e-01 
 1099.000  5.181316e-01 
 1100.000  5.182207e-01 
 1101.000  5.182886e-01 
 1102.000  5.184131e-01 
 1103.000  5.184466e-01 
 1104.000  5.184628e-01 
 1105.000  5.185400e-01 
 1106.000  5.186124e-01 
 1107.000  5.186880e-01 
 1108.000  5.187697e-01 
 1109.000  5.188126e-01 
 1110.000  5.188775e-01 
 1111.000  5.189434e-01 
 1112.000  5.190027e-01 
 1113.000  5.189971e-01 
 1114.000  5.190285e-01 
 1115.000  5.190524e-01 
 1116.000  5.190953e-01 
 1117.000  5.190849e-01 
 1118.000  5.191609e-01 
 1119.000  5.191685e-01 
 1120.000  5.192400e-01 
 1121.000  5.192826e-01 
 1122.000  5.192986e-01 
 1123.000  5.192857e-01 
 1124.000  5.193153e-01 
 1125.000  5.193548e-01 
 1126.000  5.193532e-01 
 1127.000  5.194225e-01 
 1128.000  5.193956e-01 
 1129.000  5.194486e-01 
 1130.000  5.194795e-01 
 1131.000  5.194969e-01 
 1132.000  5.195140e-01 
 1133.000  5.195473e-01 
 1134.000  5.195571e-01 
 1135.000  5.195755e-01 
 1136.000  5.195895e-01 
 1137.000  5.195940e-01 
 1138.000  5.196080e-01 
 1139.000  5.196220e-01 
 1140.000  5.196360e-01 
 1141.000  5.196499e-01 
 1142.000  5.196636e-01 
 1143.000  5.196774e-01 
 1144.000  5.196911e-01 
 1145.000  5.197047e-01 
 1146.000  5.197183e-01 
 1147.000  5.197318e-01 
 1148.000  5.197453e-01 
 1149.000  5.197586e-01 
 1150.000  5.197720e-01 
