  320.000  1.920062e-01 
  321.000  2.352887e-01 
  322.000  2.182934e-01 
  323.000  2.398324e-01 
  324.000  2.614430e-01 
  325.000  2.453406e-01 
  326.000  2.717757e-01 
  327.000  2.791590e-01 
  328.000  2.632162e-01 
  329.000  2.938294e-01 
  330.000  2.986855e-01 
  331.000  2.890778e-01 
  332.000  3.076325e-01 
  333.000  3.130456e-01 
  334.000  3.086011e-01 
  335.000  3.222171e-01 
  336.000  3.277339e-01 
  337.000  3.254088e-01 
  338.000  3.318743e-01 
  339.000  3.385487e-01 
  340.000  3.374517e-01 
  341.000  3.439339e-01 
  342.000  3.486753e-01 
  343.000  3.510570e-01 
  344.000  3.515437e-01 
  345.000  3.579714e-01 
  346.000  3.620304e-01 
  347.000  3.653398e-01 
  348.000  3.684398e-01 
  349.000  3.719217e-01 
  350.000  3.748980e-01 
  351.000  3.778622e-01 
  352.000  3.802937e-01 
  353.000  3.837511e-01 
  354.000  3.866942e-01 
  355.000  3.894327e-01 
  356.000  3.921009e-01 
  357.000  3.944753e-01 
  358.000  3.970298e-01 
  359.000  3.995815e-01 
  360.000  4.021945e-01 
  361.000  4.054950e-01 
  362.000  4.089310e-01 
  363.000  4.120951e-01 
  364.000  4.150064e-01 
  365.000  4.177368e-01 
  366.000  4.205282e-01 
  367.000  4.231854e-01 
  368.000  4.258181e-01 
  369.000  4.284275e-01 
  370.000  4.310095e-01 
  371.000  4.335708e-01 
  372.000  4.361106e-01 
  373.000  4.386283e-01 
  374.000  4.411049e-01 
  375.000  4.435334e-01 
  376.000  4.458788e-01 
  377.000  4.480952e-01 
  378.000  4.501535e-01 
  379.000  4.522445e-01 
  380.000  4.545438e-01 
  381.000  4.571606e-01 
  382.000  4.598716e-01 
  383.000  4.624347e-01 
  384.000  4.648654e-01 
  385.000  4.672068e-01 
  386.000  4.694876e-01 
  387.000  4.717309e-01 
  388.000  4.739451e-01 
  389.000  4.761403e-01 
  390.000  4.783173e-01 
  391.000  4.804713e-01 
  392.000  4.826087e-01 
  393.000  4.847279e-01 
  394.000  4.868267e-01 
  395.000  4.889035e-01 
  396.000  4.909663e-01 
  397.000  4.930044e-01 
  398.000  4.950232e-01 
  399.000  4.970243e-01 
  400.000  4.989971e-01 
  401.000  5.009617e-01 
  402.000  5.029100e-01 
  403.000  5.048409e-01 
  404.000  5.067542e-01 
  405.000  5.086459e-01 
  406.000  5.105245e-01 
  407.000  5.123878e-01 
  408.000  5.142344e-01 
  409.000  5.160622e-01 
  410.000  5.178722e-01 
  411.000  5.196638e-01 
  412.000  5.214356e-01 
  413.000  5.231968e-01 
  414.000  5.248312e-01 
  415.000  5.265988e-01 
  416.000  5.283436e-01 
  417.000  5.300587e-01 
  418.000  5.317341e-01 
  419.000  5.333905e-01 
  420.000  5.350316e-01 
  421.000  5.366624e-01 
  422.000  5.382828e-01 
  423.000  5.398906e-01 
  424.000  5.414792e-01 
  425.000  5.430310e-01 
  426.000  5.445672e-01 
  427.000  5.460896e-01 
  428.000  5.475847e-01 
  429.000  5.490584e-01 
  430.000  5.505148e-01 
  431.000  5.519599e-01 
  432.000  5.533896e-01 
  433.000  5.548055e-01 
  434.000  5.562091e-01 
  435.000  5.575988e-01 
  436.000  5.589727e-01 
  437.000  5.603313e-01 
  438.000  5.616741e-01 
  439.000  5.630065e-01 
  440.000  5.643170e-01 
  441.000  5.656106e-01 
  442.000  5.668837e-01 
  443.000  5.681372e-01 
  444.000  5.693708e-01 
  445.000  5.705777e-01 
  446.000  5.717508e-01 
  447.000  5.729809e-01 
  448.000  5.742996e-01 
  449.000  5.756342e-01 
  450.000  5.769427e-01 
  451.000  5.781999e-01 
  452.000  5.794128e-01 
  453.000  5.806008e-01 
  454.000  5.817670e-01 
  455.000  5.828654e-01 
  456.000  5.838749e-01 
  457.000  5.848846e-01 
  458.000  5.858806e-01 
  459.000  5.868553e-01 
  460.000  5.878221e-01 
  461.000  5.887786e-01 
  462.000  5.897166e-01 
  463.000  5.906506e-01 
  464.000  5.918662e-01 
  465.000  5.930634e-01 
  466.000  5.942392e-01 
  467.000  5.953877e-01 
  468.000  5.963231e-01 
  469.000  5.971285e-01 
  470.000  5.978691e-01 
  471.000  5.985358e-01 
  472.000  5.991018e-01 
  473.000  5.994985e-01 
  474.000  5.998242e-01 
  475.000  5.999079e-01 
  476.000  5.997466e-01 
  477.000  5.997433e-01 
  478.000  6.006857e-01 
  479.000  6.021199e-01 
  480.000  6.036677e-01 
  481.000  6.050558e-01 
  482.000  6.063575e-01 
  483.000  6.074888e-01 
  484.000  6.084611e-01 
  485.000  6.093304e-01 
  486.000  6.102574e-01 
  487.000  6.112331e-01 
  488.000  6.121774e-01 
  489.000  6.131041e-01 
  490.000  6.140198e-01 
  491.000  6.147367e-01 
  492.000  6.153920e-01 
  493.000  6.160439e-01 
  494.000  6.166774e-01 
  495.000  6.173107e-01 
  496.000  6.176370e-01 
  497.000  6.179510e-01 
  498.000  6.182603e-01 
  499.000  6.185529e-01 
  500.000  6.188410e-01 
  501.000  6.190969e-01 
  502.000  6.193529e-01 
  503.000  6.196057e-01 
  504.000  6.198469e-01 
  505.000  6.200749e-01 
  506.000  6.207426e-01 
  507.000  6.214295e-01 
  508.000  6.221154e-01 
  509.000  6.227933e-01 
  510.000  6.234567e-01 
  511.000  6.240513e-01 
  512.000  6.246255e-01 
  513.000  6.251963e-01 
  514.000  6.257600e-01 
  515.000  6.263187e-01 
  516.000  6.267178e-01 
  517.000  6.269736e-01 
  518.000  6.272224e-01 
  519.000  6.274664e-01 
  520.000  6.277081e-01 
  521.000  6.279246e-01 
  522.000  6.280808e-01 
  523.000  6.281934e-01 
  524.000  6.283097e-01 
  525.000  6.284013e-01 
  526.000  6.285300e-01 
  527.000  6.285507e-01 
  528.000  6.285277e-01 
  529.000  6.285034e-01 
  530.000  6.284845e-01 
  531.000  6.284690e-01 
  532.000  6.285038e-01 
  533.000  6.288174e-01 
  534.000  6.292135e-01 
  535.000  6.296604e-01 
  536.000  6.300925e-01 
  537.000  6.304877e-01 
  538.000  6.308411e-01 
  539.000  6.311685e-01 
  540.000  6.314756e-01 
  541.000  6.317737e-01 
  542.000  6.320588e-01 
  543.000  6.323338e-01 
  544.000  6.325417e-01 
  545.000  6.326948e-01 
  546.000  6.328410e-01 
  547.000  6.329912e-01 
  548.000  6.331339e-01 
  549.000  6.332743e-01 
  550.000  6.333424e-01 
  551.000  6.333389e-01 
  552.000  6.333380e-01 
  553.000  6.333224e-01 
  554.000  6.332999e-01 
  555.000  6.332735e-01 
  556.000  6.332200e-01 
  557.000  6.331195e-01 
  558.000  6.330107e-01 
  559.000  6.328893e-01 
  560.000  6.327372e-01 
  561.000  6.325567e-01 
  562.000  6.321380e-01 
  563.000  6.319125e-01 
  564.000  6.316094e-01 
  565.000  6.311332e-01 
  566.000  6.308545e-01 
  567.000  6.297613e-01 
  568.000  6.263882e-01 
  569.000  6.189923e-01 
  570.000  6.200855e-01 
  571.000  6.252240e-01 
  572.000  6.201950e-01 
  573.000  6.214872e-01 
  574.000  6.218021e-01 
  575.000  6.214669e-01 
  576.000  6.216566e-01 
  577.000  6.234438e-01 
  578.000  6.256926e-01 
  579.000  6.275910e-01 
  580.000  6.291969e-01 
  581.000  6.315969e-01 
  582.000  6.331729e-01 
  583.000  6.340784e-01 
  584.000  6.349232e-01 
  585.000  6.355154e-01 
  586.000  6.361523e-01 
  587.000  6.341913e-01 
  588.000  6.241022e-01 
  589.000  6.082653e-01 
  590.000  6.074278e-01 
  591.000  6.184829e-01 
  592.000  6.128370e-01 
  593.000  6.254432e-01 
  594.000  6.228319e-01 
  595.000  6.142164e-01 
  596.000  6.264697e-01 
  597.000  6.234949e-01 
  598.000  6.283669e-01 
  599.000  6.302198e-01 
  600.000  6.346115e-01 
  601.000  6.374398e-01 
  602.000  6.382234e-01 
  603.000  6.395227e-01 
  604.000  6.409527e-01 
  605.000  6.419473e-01 
  606.000  6.426307e-01 
  607.000  6.432895e-01 
  608.000  6.439013e-01 
  609.000  6.444851e-01 
  610.000  6.450866e-01 
  611.000  6.457546e-01 
  612.000  6.464087e-01 
  613.000  6.470424e-01 
  614.000  6.476573e-01 
  615.000  6.482706e-01 
  616.000  6.488613e-01 
  617.000  6.494193e-01 
  618.000  6.498870e-01 
  619.000  6.502827e-01 
  620.000  6.506490e-01 
  621.000  6.509637e-01 
  622.000  6.512266e-01 
  623.000  6.514025e-01 
  624.000  6.515894e-01 
  625.000  6.517445e-01 
  626.000  6.513444e-01 
  627.000  6.472644e-01 
  628.000  6.268353e-01 
  629.000  6.387665e-01 
  630.000  6.424712e-01 
  631.000  6.464652e-01 
  632.000  6.449893e-01 
  633.000  6.508186e-01 
  634.000  6.534287e-01 
  635.000  6.544833e-01 
  636.000  6.561424e-01 
  637.000  6.575311e-01 
  638.000  6.604425e-01 
  639.000  6.613492e-01 
  640.000  6.632189e-01 
  641.000  6.639785e-01 
  642.000  6.653856e-01 
  643.000  6.645136e-01 
  644.000  6.651021e-01 
  645.000  6.635460e-01 
  646.000  6.549836e-01 
  647.000  6.491616e-01 
  648.000  6.426196e-01 
  649.000  6.490885e-01 
  650.000  6.612204e-01 
  651.000  6.615744e-01 
  652.000  6.515556e-01 
  653.000  6.638545e-01 
  654.000  6.629016e-01 
  655.000  6.589068e-01 
  656.000  6.607901e-01 
  657.000  6.635100e-01 
  658.000  6.679615e-01 
  659.000  6.707094e-01 
  660.000  6.721119e-01 
  661.000  6.754741e-01 
  662.000  6.771591e-01 
  663.000  6.772724e-01 
  664.000  6.781414e-01 
  665.000  6.789468e-01 
  666.000  6.798838e-01 
  667.000  6.806756e-01 
  668.000  6.816200e-01 
  669.000  6.822714e-01 
  670.000  6.828383e-01 
  671.000  6.834403e-01 
  672.000  6.839693e-01 
  673.000  6.844871e-01 
  674.000  6.849997e-01 
  675.000  6.855137e-01 
  676.000  6.859940e-01 
  677.000  6.864362e-01 
  678.000  6.868801e-01 
  679.000  6.872284e-01 
  680.000  6.871632e-01 
  681.000  6.870171e-01 
  682.000  6.872321e-01 
  683.000  6.872960e-01 
  684.000  6.867400e-01 
  685.000  6.876793e-01 
  686.000  6.849040e-01 
  687.000  5.915556e-01 
  688.000  6.209845e-01 
  689.000  6.123984e-01 
  690.000  6.277800e-01 
  691.000  6.472987e-01 
  692.000  6.581308e-01 
  693.000  6.498130e-01 
  694.000  6.393859e-01 
  695.000  6.487222e-01 
  696.000  6.542155e-01 
  697.000  6.781257e-01 
  698.000  6.731662e-01 
  699.000  6.516770e-01 
  700.000  6.552376e-01 
  701.000  6.504674e-01 
  702.000  6.540006e-01 
  703.000  6.720186e-01 
  704.000  6.728218e-01 
  705.000  6.654148e-01 
  706.000  6.668887e-01 
  707.000  6.695722e-01 
  708.000  6.724741e-01 
  709.000  6.783907e-01 
  710.000  6.721329e-01 
  711.000  6.785595e-01 
  712.000  6.840403e-01 
  713.000  6.796603e-01 
  714.000  6.781824e-01 
  715.000  6.710316e-01 
  716.000  6.635722e-01 
  717.000  6.170318e-01 
  718.000  5.887254e-01 
  719.000  5.785773e-01 
  720.000  5.634447e-01 
  721.000  6.304148e-01 
  722.000  6.546103e-01 
  723.000  6.409199e-01 
  724.000  6.023418e-01 
  725.000  6.079818e-01 
  726.000  6.061884e-01 
  727.000  6.116292e-01 
  728.000  6.057096e-01 
  729.000  6.204425e-01 
  730.000  6.179045e-01 
  731.000  6.148401e-01 
  732.000  6.398078e-01 
  733.000  6.639414e-01 
  734.000  6.756321e-01 
  735.000  6.715114e-01 
  736.000  6.638364e-01 
  737.000  6.696217e-01 
  738.000  6.775869e-01 
  739.000  6.810217e-01 
  740.000  6.886550e-01 
  741.000  6.930701e-01 
  742.000  6.949234e-01 
  743.000  6.990034e-01 
  744.000  7.007414e-01 
  745.000  7.021971e-01 
  746.000  7.032682e-01 
  747.000  7.035420e-01 
  748.000  7.045299e-01 
  749.000  7.050505e-01 
  750.000  7.047470e-01 
  751.000  7.049307e-01 
  752.000  7.058468e-01 
  753.000  7.062227e-01 
  754.000  7.065147e-01 
  755.000  7.066974e-01 
  756.000  7.068901e-01 
  757.000  7.070229e-01 
  758.000  7.058114e-01 
  759.000  6.555271e-01 
  760.000  2.890094e-01 
  761.000  2.553945e-01 
  762.000  4.644942e-01 
  763.000  3.986763e-01 
  764.000  4.311870e-01 
  765.000  5.055525e-01 
  766.000  5.961599e-01 
  767.000  6.422091e-01 
  768.000  6.724363e-01 
  769.000  6.924348e-01 
  770.000  7.030938e-01 
  771.000  7.082116e-01 
  772.000  7.094747e-01 
  773.000  7.100412e-01 
  774.000  7.107378e-01 
  775.000  7.111610e-01 
  776.000  7.114689e-01 
  777.000  7.115427e-01 
  778.000  7.115052e-01 
  779.000  7.114593e-01 
  780.000  7.114117e-01 
  781.000  7.118210e-01 
  782.000  7.117603e-01 
  783.000  7.117139e-01 
  784.000  7.113974e-01 
  785.000  7.097223e-01 
  786.000  7.071671e-01 
  787.000  7.013868e-01 
  788.000  6.983474e-01 
  789.000  6.875509e-01 
  790.000  6.866145e-01 
  791.000  6.886398e-01 
  792.000  6.905163e-01 
  793.000  6.949019e-01 
  794.000  7.042236e-01 
  795.000  6.985110e-01 
  796.000  6.833653e-01 
  797.000  6.876771e-01 
  798.000  6.972376e-01 
  799.000  6.950454e-01 
  800.000  6.880746e-01 
  801.000  6.888952e-01 
  802.000  6.881850e-01 
  803.000  6.891963e-01 
  804.000  6.924652e-01 
  805.000  6.987374e-01 
  806.000  7.024850e-01 
  807.000  7.026443e-01 
  808.000  7.005059e-01 
  809.000  6.978793e-01 
  810.000  6.949995e-01 
  811.000  6.891139e-01 
  812.000  6.812058e-01 
  813.000  6.715503e-01 
  814.000  6.588630e-01 
  815.000  6.431471e-01 
  816.000  6.232032e-01 
  817.000  6.242589e-01 
  818.000  6.258612e-01 
  819.000  6.324341e-01 
  820.000  6.544590e-01 
  821.000  6.797861e-01 
  822.000  6.604908e-01 
  823.000  6.074125e-01 
  824.000  6.520720e-01 
  825.000  6.812013e-01 
  826.000  6.762478e-01 
  827.000  6.725482e-01 
  828.000  6.533778e-01 
  829.000  6.602506e-01 
  830.000  6.679862e-01 
  831.000  6.698129e-01 
  832.000  6.706430e-01 
  833.000  6.751250e-01 
  834.000  6.804144e-01 
  835.000  6.909237e-01 
  836.000  6.875483e-01 
  837.000  6.871988e-01 
  838.000  6.923116e-01 
  839.000  6.954201e-01 
  840.000  6.965451e-01 
  841.000  6.931694e-01 
  842.000  6.961928e-01 
  843.000  7.033905e-01 
  844.000  7.066606e-01 
  845.000  7.081818e-01 
  846.000  7.097825e-01 
  847.000  7.115477e-01 
  848.000  7.086180e-01 
  849.000  7.089845e-01 
  850.000  7.075331e-01 
  851.000  7.058067e-01 
  852.000  7.059717e-01 
  853.000  7.088079e-01 
  854.000  7.086502e-01 
  855.000  7.100746e-01 
  856.000  7.130442e-01 
  857.000  7.141899e-01 
  858.000  7.148558e-01 
  859.000  7.162747e-01 
  860.000  7.169657e-01 
  861.000  7.170814e-01 
  862.000  7.174950e-01 
  863.000  7.175475e-01 
  864.000  7.178306e-01 
  865.000  7.180619e-01 
  866.000  7.181220e-01 
  867.000  7.180781e-01 
  868.000  7.181129e-01 
  869.000  7.181886e-01 
  870.000  7.181301e-01 
  871.000  7.182016e-01 
  872.000  7.183788e-01 
  873.000  7.181984e-01 
  874.000  7.181000e-01 
  875.000  7.180755e-01 
  876.000  7.177621e-01 
  877.000  7.176360e-01 
  878.000  7.167322e-01 
  879.000  7.166688e-01 
  880.000  7.158884e-01 
  881.000  7.154313e-01 
  882.000  7.150398e-01 
  883.000  7.154199e-01 
  884.000  7.155890e-01 
  885.000  7.139819e-01 
  886.000  7.118518e-01 
  887.000  7.135739e-01 
  888.000  7.134662e-01 
  889.000  7.138715e-01 
  890.000  7.126572e-01 
  891.000  7.099354e-01 
  892.000  7.042085e-01 
  893.000  6.869188e-01 
  894.000  6.782966e-01 
  895.000  6.523078e-01 
  896.000  6.291294e-01 
  897.000  6.048585e-01 
  898.000  5.935705e-01 
  899.000  5.622681e-01 
  900.000  5.666831e-01 
  901.000  5.586202e-01 
  902.000  5.601971e-01 
  903.000  6.128976e-01 
  904.000  6.456203e-01 
  905.000  6.444882e-01 
  906.000  6.240103e-01 
  907.000  5.881822e-01 
  908.000  5.648276e-01 
  909.000  5.657636e-01 
  910.000  5.692414e-01 
  911.000  5.847088e-01 
  912.000  5.772114e-01 
  913.000  5.449116e-01 
  914.000  5.608374e-01 
  915.000  5.734972e-01 
  916.000  5.769715e-01 
  917.000  5.839226e-01 
  918.000  5.929171e-01 
  919.000  6.236227e-01 
  920.000  6.471079e-01 
  921.000  6.419767e-01 
  922.000  6.415449e-01 
  923.000  6.349938e-01 
  924.000  6.193112e-01 
  925.000  6.178927e-01 
  926.000  6.172081e-01 
  927.000  5.987806e-01 
  928.000  5.707189e-01 
  929.000  5.308219e-01 
  930.000  4.811940e-01 
  931.000  4.272695e-01 
  932.000  3.584796e-01 
  933.000  3.098725e-01 
  934.000  2.621636e-01 
  935.000  2.570047e-01 
  936.000  2.752399e-01 
  937.000  2.707615e-01 
  938.000  3.247040e-01 
  939.000  4.732137e-01 
  940.000  4.965347e-01 
  941.000  4.767739e-01 
  942.000  4.287355e-01 
  943.000  3.514172e-01 
  944.000  3.460064e-01 
  945.000  3.731208e-01 
  946.000  3.748276e-01 
  947.000  3.999209e-01 
  948.000  4.147705e-01 
  949.000  4.130567e-01 
  950.000  4.169360e-01 
  951.000  4.504538e-01 
  952.000  4.150706e-01 
  953.000  4.402569e-01 
  954.000  4.676730e-01 
  955.000  4.459270e-01 
  956.000  4.414643e-01 
  957.000  5.111316e-01 
  958.000  5.205510e-01 
  959.000  5.090296e-01 
  960.000  5.058002e-01 
  961.000  5.000746e-01 
  962.000  5.055438e-01 
  963.000  5.445988e-01 
  964.000  5.503525e-01 
  965.000  5.467251e-01 
  966.000  5.489910e-01 
  967.000  5.773296e-01 
  968.000  6.252520e-01 
  969.000  6.471940e-01 
  970.000  6.484280e-01 
  971.000  6.479170e-01 
  972.000  6.416745e-01 
  973.000  6.273311e-01 
  974.000  6.099795e-01 
  975.000  5.988893e-01 
  976.000  6.124575e-01 
  977.000  6.350214e-01 
  978.000  6.332346e-01 
  979.000  6.391639e-01 
  980.000  6.624066e-01 
  981.000  6.676077e-01 
  982.000  6.624691e-01 
  983.000  6.744824e-01 
  984.000  6.868813e-01 
  985.000  6.939493e-01 
  986.000  7.030844e-01 
  987.000  7.070570e-01 
  988.000  7.079728e-01 
  989.000  7.085571e-01 
  990.000  7.095222e-01 
  991.000  7.129244e-01 
  992.000  7.138865e-01 
  993.000  7.142426e-01 
  994.000  7.173125e-01 
  995.000  7.192813e-01 
  996.000  7.193025e-01 
  997.000  7.179332e-01 
  998.000  7.164793e-01 
  999.000  7.159015e-01 
 1000.000  7.163605e-01 
 1001.000  7.130936e-01 
 1002.000  7.078764e-01 
 1003.000  7.091067e-01 
 1004.000  7.120971e-01 
 1005.000  7.134606e-01 
 1006.000  7.138982e-01 
 1007.000  7.128955e-01 
 1008.000  7.086435e-01 
 1009.000  7.029688e-01 
 1010.000  7.054908e-01 
 1011.000  7.115180e-01 
 1012.000  7.138143e-01 
 1013.000  7.156225e-01 
 1014.000  7.163783e-01 
 1015.000  7.165220e-01 
 1016.000  7.173383e-01 
 1017.000  7.178107e-01 
 1018.000  7.167858e-01 
 1019.000  7.146862e-01 
 1020.000  7.154220e-01 
 1021.000  7.169337e-01 
 1022.000  7.143933e-01 
 1023.000  7.122695e-01 
 1024.000  7.109991e-01 
 1025.000  7.148964e-01 
 1026.000  7.166209e-01 
 1027.000  7.158910e-01 
 1028.000  7.164969e-01 
 1029.000  7.181101e-01 
 1030.000  7.196809e-01 
 1031.000  7.204900e-01 
 1032.000  7.211230e-01 
 1033.000  7.213082e-01 
 1034.000  7.216884e-01 
 1035.000  7.218732e-01 
 1036.000  7.217799e-01 
 1037.000  7.218300e-01 
 1038.000  7.219518e-01 
 1039.000  7.217235e-01 
 1040.000  7.215302e-01 
 1041.000  7.213776e-01 
 1042.000  7.213364e-01 
 1043.000  7.213356e-01 
 1044.000  7.212026e-01 
 1045.000  7.207721e-01 
 1046.000  7.204850e-01 
 1047.000  7.201468e-01 
 1048.000  7.197353e-01 
 1049.000  7.193463e-01 
 1050.000  7.189059e-01 
 1051.000  7.182665e-01 
 1052.000  7.178467e-01 
 1053.000  7.177885e-01 
 1054.000  7.171308e-01 
 1055.000  7.164984e-01 
 1056.000  7.159601e-01 
 1057.000  7.145584e-01 
 1058.000  7.119858e-01 
 1059.000  7.121642e-01 
 1060.000  7.134860e-01 
 1061.000  7.131744e-01 
 1062.000  7.115534e-01 
 1063.000  7.109670e-01 
 1064.000  7.095879e-01 
 1065.000  7.080297e-01 
 1066.000  7.081615e-01 
 1067.000  7.072449e-01 
 1068.000  7.039733e-01 
 1069.000  7.023428e-01 
 1070.000  7.028000e-01 
 1071.000  7.006816e-01 
 1072.000  6.985200e-01 
 1073.000  6.980817e-01 
 1074.000  6.983694e-01 
 1075.000  7.015020e-01 
 1076.000  6.994964e-01 
 1077.000  6.968186e-01 
 1078.000  6.936750e-01 
 1079.000  6.932438e-01 
 1080.000  6.848966e-01 
 1081.000  6.844054e-01 
 1082.000  6.880460e-01 
 1083.000  6.836079e-01 
 1084.000  6.787660e-01 
 1085.000  6.672861e-01 
 1086.000  6.699384e-01 
 1087.000  6.825286e-01 
 1088.000  6.830141e-01 
 1089.000  6.676475e-01 
 1090.000  6.647426e-01 
 1091.000  6.676230e-01 
 1092.000  6.600023e-01 
 1093.000  6.431032e-01 
 1094.000  6.357661e-01 
 1095.000  6.369164e-01 
 1096.000  6.379343e-01 
 1097.000  6.345174e-01 
 1098.000  5.939407e-01 
 1099.000  5.598004e-01 
 1100.000  5.620533e-01 
 1101.000  5.666895e-01 
 1102.000  5.643336e-01 
 1103.000  5.673674e-01 
 1104.000  5.616381e-01 
 1105.000  5.473648e-01 
 1106.000  5.331426e-01 
 1107.000  5.365042e-01 
 1108.000  5.388647e-01 
 1109.000  5.507323e-01 
 1110.000  5.488449e-01 
 1111.000  5.418839e-01 
 1112.000  5.120118e-01 
 1113.000  4.715623e-01 
 1114.000  4.600339e-01 
 1115.000  4.116199e-01 
 1116.000  3.824348e-01 
 1117.000  3.179716e-01 
 1118.000  2.613522e-01 
 1119.000  2.321810e-01 
 1120.000  1.978731e-01 
 1121.000  1.903772e-01 
 1122.000  1.574420e-01 
 1123.000  1.745747e-01 
 1124.000  1.864248e-01 
 1125.000  1.800191e-01 
 1126.000  1.775656e-01 
 1127.000  1.805629e-01 
 1128.000  1.863670e-01 
 1129.000  2.202193e-01 
 1130.000  3.039140e-01 
 1131.000  3.294211e-01 
 1132.000  2.944376e-01 
 1133.000  2.341039e-01 
 1134.000  1.353584e-01 
 1135.000  1.423994e-01 
 1136.000  2.432390e-01 
 1137.000  3.042518e-01 
 1138.000  3.671955e-01 
 1139.000  3.879693e-01 
 1140.000  3.757047e-01 
 1141.000  3.515250e-01 
 1142.000  3.428562e-01 
 1143.000  3.161298e-01 
 1144.000  2.869412e-01 
 1145.000  2.460732e-01 
 1146.000  2.556231e-01 
 1147.000  2.878305e-01 
 1148.000  3.172987e-01 
 1149.000  3.296703e-01 
 1150.000  3.309336e-01 
