  320.000  1.824769e-01 
  321.000  2.246088e-01 
  322.000  2.080431e-01 
  323.000  2.290423e-01 
  324.000  2.501527e-01 
  325.000  2.344191e-01 
  326.000  2.602600e-01 
  327.000  2.674874e-01 
  328.000  2.518866e-01 
  329.000  2.818604e-01 
  330.000  2.866215e-01 
  331.000  2.772034e-01 
  332.000  2.953981e-01 
  333.000  3.007107e-01 
  334.000  2.963485e-01 
  335.000  3.097166e-01 
  336.000  3.151365e-01 
  337.000  3.128520e-01 
  338.000  3.192054e-01 
  339.000  3.257671e-01 
  340.000  3.246885e-01 
  341.000  3.310634e-01 
  342.000  3.357280e-01 
  343.000  3.380717e-01 
  344.000  3.385506e-01 
  345.000  3.448776e-01 
  346.000  3.488742e-01 
  347.000  3.521336e-01 
  348.000  3.551871e-01 
  349.000  3.586178e-01 
  350.000  3.615507e-01 
  351.000  3.644721e-01 
  352.000  3.668690e-01 
  353.000  3.702778e-01 
  354.000  3.731799e-01 
  355.000  3.758808e-01 
  356.000  3.785127e-01 
  357.000  3.808552e-01 
  358.000  3.833757e-01 
  359.000  3.858938e-01 
  360.000  3.884727e-01 
  361.000  3.917307e-01 
  362.000  3.951231e-01 
  363.000  3.982475e-01 
  364.000  4.011229e-01 
  365.000  4.038199e-01 
  366.000  4.065776e-01 
  367.000  4.092031e-01 
  368.000  4.118047e-01 
  369.000  4.143837e-01 
  370.000  4.169359e-01 
  371.000  4.194680e-01 
  372.000  4.219791e-01 
  373.000  4.244687e-01 
  374.000  4.269181e-01 
  375.000  4.293200e-01 
  376.000  4.316401e-01 
  377.000  4.338329e-01 
  378.000  4.358694e-01 
  379.000  4.379385e-01 
  380.000  4.402139e-01 
  381.000  4.428039e-01 
  382.000  4.454875e-01 
  383.000  4.480249e-01 
  384.000  4.504315e-01 
  385.000  4.527501e-01 
  386.000  4.550088e-01 
  387.000  4.572307e-01 
  388.000  4.594239e-01 
  389.000  4.615986e-01 
  390.000  4.637554e-01 
  391.000  4.658897e-01 
  392.000  4.680077e-01 
  393.000  4.701079e-01 
  394.000  4.721880e-01 
  395.000  4.742466e-01 
  396.000  4.762914e-01 
  397.000  4.783120e-01 
  398.000  4.803136e-01 
  399.000  4.822978e-01 
  400.000  4.842542e-01 
  401.000  4.862026e-01 
  402.000  4.881350e-01 
  403.000  4.900503e-01 
  404.000  4.919483e-01 
  405.000  4.938250e-01 
  406.000  4.956889e-01 
  407.000  4.975378e-01 
  408.000  4.993701e-01 
  409.000  5.011840e-01 
  410.000  5.029804e-01 
  411.000  5.047586e-01 
  412.000  5.065174e-01 
  413.000  5.082658e-01 
  414.000  5.098884e-01 
  415.000  5.116433e-01 
  416.000  5.133757e-01 
  417.000  5.150788e-01 
  418.000  5.167426e-01 
  419.000  5.183876e-01 
  420.000  5.200174e-01 
  421.000  5.216373e-01 
  422.000  5.232468e-01 
  423.000  5.248441e-01 
  424.000  5.264222e-01 
  425.000  5.279639e-01 
  426.000  5.294903e-01 
  427.000  5.310030e-01 
  428.000  5.324886e-01 
  429.000  5.339531e-01 
  430.000  5.354005e-01 
  431.000  5.368367e-01 
  432.000  5.382578e-01 
  433.000  5.396652e-01 
  434.000  5.410604e-01 
  435.000  5.424419e-01 
  436.000  5.438077e-01 
  437.000  5.451584e-01 
  438.000  5.464936e-01 
  439.000  5.478183e-01 
  440.000  5.491214e-01 
  441.000  5.504079e-01 
  442.000  5.516738e-01 
  443.000  5.529205e-01 
  444.000  5.541474e-01 
  445.000  5.553477e-01 
  446.000  5.565146e-01 
  447.000  5.577382e-01 
  448.000  5.590499e-01 
  449.000  5.603775e-01 
  450.000  5.616792e-01 
  451.000  5.629300e-01 
  452.000  5.641368e-01 
  453.000  5.653188e-01 
  454.000  5.664793e-01 
  455.000  5.675722e-01 
  456.000  5.685768e-01 
  457.000  5.695816e-01 
  458.000  5.705728e-01 
  459.000  5.715428e-01 
  460.000  5.725050e-01 
  461.000  5.734569e-01 
  462.000  5.743906e-01 
  463.000  5.753202e-01 
  464.000  5.765303e-01 
  465.000  5.777220e-01 
  466.000  5.788925e-01 
  467.000  5.800359e-01 
  468.000  5.809671e-01 
  469.000  5.817690e-01 
  470.000  5.825064e-01 
  471.000  5.831701e-01 
  472.000  5.837337e-01 
  473.000  5.841286e-01 
  474.000  5.844530e-01 
  475.000  5.845363e-01 
  476.000  5.843757e-01 
  477.000  5.843725e-01 
  478.000  5.853108e-01 
  479.000  5.867389e-01 
  480.000  5.882802e-01 
  481.000  5.896626e-01 
  482.000  5.909590e-01 
  483.000  5.920858e-01 
  484.000  5.930542e-01 
  485.000  5.939201e-01 
  486.000  5.948434e-01 
  487.000  5.958153e-01 
  488.000  5.967559e-01 
  489.000  5.976791e-01 
  490.000  5.985913e-01 
  491.000  5.993055e-01 
  492.000  5.999583e-01 
  493.000  6.006079e-01 
  494.000  6.012390e-01 
  495.000  6.018700e-01 
  496.000  6.021951e-01 
  497.000  6.025079e-01 
  498.000  6.028161e-01 
  499.000  6.031077e-01 
  500.000  6.033947e-01 
  501.000  6.036497e-01 
  502.000  6.039048e-01 
  503.000  6.041567e-01 
  504.000  6.043970e-01 
  505.000  6.046242e-01 
  506.000  6.052895e-01 
  507.000  6.059740e-01 
  508.000  6.066574e-01 
  509.000  6.073330e-01 
  510.000  6.079941e-01 
  511.000  6.085867e-01 
  512.000  6.091589e-01 
  513.000  6.097279e-01 
  514.000  6.102896e-01 
  515.000  6.108464e-01 
  516.000  6.112442e-01 
  517.000  6.114991e-01 
  518.000  6.117471e-01 
  519.000  6.119903e-01 
  520.000  6.122313e-01 
  521.000  6.124470e-01 
  522.000  6.126027e-01 
  523.000  6.127149e-01 
  524.000  6.128308e-01 
  525.000  6.129222e-01 
  526.000  6.130504e-01 
  527.000  6.130710e-01 
  528.000  6.130481e-01 
  529.000  6.130239e-01 
  530.000  6.130051e-01 
  531.000  6.129897e-01 
  532.000  6.130243e-01 
  533.000  6.133369e-01 
  534.000  6.137317e-01 
  535.000  6.141772e-01 
  536.000  6.146079e-01 
  537.000  6.150018e-01 
  538.000  6.153540e-01 
  539.000  6.156804e-01 
  540.000  6.159865e-01 
  541.000  6.162837e-01 
  542.000  6.165679e-01 
  543.000  6.168420e-01 
  544.000  6.170492e-01 
  545.000  6.172019e-01 
  546.000  6.173476e-01 
  547.000  6.174973e-01 
  548.000  6.176396e-01 
  549.000  6.177796e-01 
  550.000  6.178475e-01 
  551.000  6.178439e-01 
  552.000  6.178431e-01 
  553.000  6.178275e-01 
  554.000  6.178052e-01 
  555.000  6.177788e-01 
  556.000  6.177255e-01 
  557.000  6.176252e-01 
  558.000  6.175169e-01 
  559.000  6.173959e-01 
  560.000  6.172445e-01 
  561.000  6.170651e-01 
  562.000  6.167168e-01 
  563.000  6.164979e-01 
  564.000  6.162130e-01 
  565.000  6.157877e-01 
  566.000  6.154783e-01 
  567.000  6.145820e-01 
  568.000  6.120936e-01 
  569.000  6.069931e-01 
  570.000  6.075817e-01 
  571.000  6.108508e-01 
  572.000  6.073031e-01 
  573.000  6.080025e-01 
  574.000  6.080782e-01 
  575.000  6.077691e-01 
  576.000  6.079461e-01 
  577.000  6.091925e-01 
  578.000  6.109238e-01 
  579.000  6.125525e-01 
  580.000  6.141762e-01 
  581.000  6.164219e-01 
  582.000  6.180038e-01 
  583.000  6.190549e-01 
  584.000  6.200120e-01 
  585.000  6.207446e-01 
  586.000  6.214837e-01 
  587.000  6.204605e-01 
  588.000  6.138639e-01 
  589.000  6.032041e-01 
  590.000  6.027595e-01 
  591.000  6.104594e-01 
  592.000  6.067007e-01 
  593.000  6.154231e-01 
  594.000  6.137416e-01 
  595.000  6.079376e-01 
  596.000  6.162444e-01 
  597.000  6.140992e-01 
  598.000  6.173041e-01 
  599.000  6.184458e-01 
  600.000  6.213070e-01 
  601.000  6.230654e-01 
  602.000  6.235127e-01 
  603.000  6.244326e-01 
  604.000  6.256262e-01 
  605.000  6.264974e-01 
  606.000  6.271470e-01 
  607.000  6.277748e-01 
  608.000  6.283796e-01 
  609.000  6.289583e-01 
  610.000  6.295578e-01 
  611.000  6.302239e-01 
  612.000  6.308762e-01 
  613.000  6.315082e-01 
  614.000  6.321216e-01 
  615.000  6.327332e-01 
  616.000  6.333224e-01 
  617.000  6.338789e-01 
  618.000  6.343455e-01 
  619.000  6.347402e-01 
  620.000  6.351056e-01 
  621.000  6.354194e-01 
  622.000  6.356818e-01 
  623.000  6.358573e-01 
  624.000  6.360441e-01 
  625.000  6.362002e-01 
  626.000  6.359808e-01 
  627.000  6.329622e-01 
  628.000  6.126162e-01 
  629.000  6.252185e-01 
  630.000  6.277719e-01 
  631.000  6.317170e-01 
  632.000  6.317362e-01 
  633.000  6.363605e-01 
  634.000  6.388343e-01 
  635.000  6.400433e-01 
  636.000  6.416551e-01 
  637.000  6.430298e-01 
  638.000  6.454145e-01 
  639.000  6.464083e-01 
  640.000  6.480481e-01 
  641.000  6.489494e-01 
  642.000  6.501455e-01 
  643.000  6.498392e-01 
  644.000  6.504909e-01 
  645.000  6.496156e-01 
  646.000  6.441077e-01 
  647.000  6.403499e-01 
  648.000  6.360707e-01 
  649.000  6.407195e-01 
  650.000  6.492043e-01 
  651.000  6.496205e-01 
  652.000  6.429343e-01 
  653.000  6.515210e-01 
  654.000  6.510386e-01 
  655.000  6.484784e-01 
  656.000  6.499349e-01 
  657.000  6.519459e-01 
  658.000  6.551439e-01 
  659.000  6.571805e-01 
  660.000  6.582075e-01 
  661.000  6.607293e-01 
  662.000  6.620388e-01 
  663.000  6.622851e-01 
  664.000  6.630350e-01 
  665.000  6.637532e-01 
  666.000  6.645620e-01 
  667.000  6.652843e-01 
  668.000  6.660964e-01 
  669.000  6.667073e-01 
  670.000  6.672598e-01 
  671.000  6.678357e-01 
  672.000  6.683610e-01 
  673.000  6.688781e-01 
  674.000  6.693909e-01 
  675.000  6.699042e-01 
  676.000  6.703874e-01 
  677.000  6.708314e-01 
  678.000  6.712762e-01 
  679.000  6.716534e-01 
  680.000  6.717397e-01 
  681.000  6.717165e-01 
  682.000  6.720221e-01 
  683.000  6.722035e-01 
  684.000  6.719458e-01 
  685.000  6.727222e-01 
  686.000  6.701124e-01 
  687.000  5.774909e-01 
  688.000  6.063991e-01 
  689.000  5.982438e-01 
  690.000  6.133181e-01 
  691.000  6.334544e-01 
  692.000  6.461683e-01 
  693.000  6.437061e-01 
  694.000  6.384469e-01 
  695.000  6.459805e-01 
  696.000  6.502946e-01 
  697.000  6.673932e-01 
  698.000  6.640559e-01 
  699.000  6.489967e-01 
  700.000  6.516231e-01 
  701.000  6.483278e-01 
  702.000  6.509149e-01 
  703.000  6.637170e-01 
  704.000  6.643591e-01 
  705.000  6.592050e-01 
  706.000  6.603088e-01 
  707.000  6.622655e-01 
  708.000  6.643727e-01 
  709.000  6.685988e-01 
  710.000  6.642669e-01 
  711.000  6.688543e-01 
  712.000  6.727703e-01 
  713.000  6.697751e-01 
  714.000  6.688240e-01 
  715.000  6.639097e-01 
  716.000  6.588181e-01 
  717.000  6.257804e-01 
  718.000  6.054186e-01 
  719.000  5.981308e-01 
  720.000  5.869802e-01 
  721.000  6.358395e-01 
  722.000  6.531623e-01 
  723.000  6.434792e-01 
  724.000  6.157566e-01 
  725.000  6.199529e-01 
  726.000  6.186800e-01 
  727.000  6.226577e-01 
  728.000  6.183847e-01 
  729.000  6.290752e-01 
  730.000  6.272384e-01 
  731.000  6.250128e-01 
  732.000  6.430098e-01 
  733.000  6.601840e-01 
  734.000  6.684459e-01 
  735.000  6.655672e-01 
  736.000  6.601681e-01 
  737.000  6.642874e-01 
  738.000  6.699353e-01 
  739.000  6.723785e-01 
  740.000  6.777632e-01 
  741.000  6.808831e-01 
  742.000  6.822085e-01 
  743.000  6.850174e-01 
  744.000  6.863338e-01 
  745.000  6.873556e-01 
  746.000  6.881666e-01 
  747.000  6.883723e-01 
  748.000  6.891553e-01 
  749.000  6.895775e-01 
  750.000  6.893989e-01 
  751.000  6.895837e-01 
  752.000  6.903046e-01 
  753.000  6.906242e-01 
  754.000  6.908844e-01 
  755.000  6.910678e-01 
  756.000  6.912580e-01 
  757.000  6.913906e-01 
  758.000  6.901861e-01 
  759.000  6.404446e-01 
  760.000  2.795425e-01 
  761.000  2.466550e-01 
  762.000  4.519011e-01 
  763.000  3.871422e-01 
  764.000  4.191182e-01 
  765.000  4.923587e-01 
  766.000  5.817775e-01 
  767.000  6.272882e-01 
  768.000  6.571854e-01 
  769.000  6.769748e-01 
  770.000  6.875395e-01 
  771.000  6.925993e-01 
  772.000  6.938517e-01 
  773.000  6.944187e-01 
  774.000  6.951355e-01 
  775.000  6.955559e-01 
  776.000  6.958549e-01 
  777.000  6.959555e-01 
  778.000  6.959649e-01 
  779.000  6.959612e-01 
  780.000  6.959538e-01 
  781.000  6.962717e-01 
  782.000  6.962550e-01 
  783.000  6.962481e-01 
  784.000  6.960288e-01 
  785.000  6.948650e-01 
  786.000  6.930436e-01 
  787.000  6.890654e-01 
  788.000  6.869431e-01 
  789.000  6.792952e-01 
  790.000  6.786587e-01 
  791.000  6.801291e-01 
  792.000  6.814872e-01 
  793.000  6.846272e-01 
  794.000  6.912644e-01 
  795.000  6.872394e-01 
  796.000  6.764787e-01 
  797.000  6.795811e-01 
  798.000  6.864086e-01 
  799.000  6.848726e-01 
  800.000  6.799337e-01 
  801.000  6.805423e-01 
  802.000  6.800587e-01 
  803.000  6.808008e-01 
  804.000  6.831464e-01 
  805.000  6.876255e-01 
  806.000  6.903036e-01 
  807.000  6.904384e-01 
  808.000  6.889467e-01 
  809.000  6.871102e-01 
  810.000  6.850984e-01 
  811.000  6.809487e-01 
  812.000  6.753592e-01 
  813.000  6.685042e-01 
  814.000  6.594489e-01 
  815.000  6.481795e-01 
  816.000  6.336670e-01 
  817.000  6.345050e-01 
  818.000  6.357059e-01 
  819.000  6.404970e-01 
  820.000  6.564944e-01 
  821.000  6.747424e-01 
  822.000  6.608886e-01 
  823.000  6.221266e-01 
  824.000  6.548185e-01 
  825.000  6.757991e-01 
  826.000  6.722174e-01 
  827.000  6.695812e-01 
  828.000  6.557818e-01 
  829.000  6.607722e-01 
  830.000  6.663548e-01 
  831.000  6.676702e-01 
  832.000  6.682431e-01 
  833.000  6.714615e-01 
  834.000  6.752462e-01 
  835.000  6.827461e-01 
  836.000  6.803434e-01 
  837.000  6.800944e-01 
  838.000  6.837541e-01 
  839.000  6.859769e-01 
  840.000  6.867927e-01 
  841.000  6.844027e-01 
  842.000  6.865694e-01 
  843.000  6.916987e-01 
  844.000  6.940287e-01 
  845.000  6.951213e-01 
  846.000  6.962697e-01 
  847.000  6.974527e-01 
  848.000  6.954798e-01 
  849.000  6.957583e-01 
  850.000  6.947489e-01 
  851.000  6.935427e-01 
  852.000  6.936769e-01 
  853.000  6.957033e-01 
  854.000  6.956055e-01 
  855.000  6.966294e-01 
  856.000  6.986371e-01 
  857.000  6.995223e-01 
  858.000  7.000169e-01 
  859.000  7.010347e-01 
  860.000  7.015725e-01 
  861.000  7.016707e-01 
  862.000  7.019811e-01 
  863.000  7.020343e-01 
  864.000  7.022518e-01 
  865.000  7.024323e-01 
  866.000  7.024909e-01 
  867.000  7.024742e-01 
  868.000  7.025145e-01 
  869.000  7.025841e-01 
  870.000  7.025568e-01 
  871.000  7.026233e-01 
  872.000  7.027661e-01 
  873.000  7.026507e-01 
  874.000  7.025943e-01 
  875.000  7.025915e-01 
  876.000  7.023800e-01 
  877.000  7.022791e-01 
  878.000  7.016376e-01 
  879.000  7.016050e-01 
  880.000  7.010619e-01 
  881.000  7.007425e-01 
  882.000  7.004880e-01 
  883.000  7.008101e-01 
  884.000  7.009014e-01 
  885.000  6.997653e-01 
  886.000  6.981869e-01 
  887.000  6.994654e-01 
  888.000  6.994030e-01 
  889.000  6.998089e-01 
  890.000  6.988613e-01 
  891.000  6.970514e-01 
  892.000  6.929956e-01 
  893.000  6.806210e-01 
  894.000  6.744664e-01 
  895.000  6.555997e-01 
  896.000  6.386825e-01 
  897.000  6.208326e-01 
  898.000  6.124817e-01 
  899.000  5.888046e-01 
  900.000  5.922481e-01 
  901.000  5.860826e-01 
  902.000  5.872039e-01 
  903.000  6.269921e-01 
  904.000  6.512150e-01 
  905.000  6.503295e-01 
  906.000  6.351947e-01 
  907.000  6.083928e-01 
  908.000  5.907056e-01 
  909.000  5.914731e-01 
  910.000  5.941498e-01 
  911.000  6.059086e-01 
  912.000  6.002229e-01 
  913.000  5.754814e-01 
  914.000  5.877232e-01 
  915.000  5.973537e-01 
  916.000  5.999591e-01 
  917.000  6.051796e-01 
  918.000  6.119274e-01 
  919.000  6.348671e-01 
  920.000  6.521620e-01 
  921.000  6.483488e-01 
  922.000  6.480264e-01 
  923.000  6.432046e-01 
  924.000  6.316041e-01 
  925.000  6.306631e-01 
  926.000  6.304327e-01 
  927.000  6.169174e-01 
  928.000  5.960970e-01 
  929.000  5.659778e-01 
  930.000  5.275689e-01 
  931.000  4.844924e-01 
  932.000  4.280235e-01 
  933.000  3.855720e-01 
  934.000  3.416955e-01 
  935.000  3.370465e-01 
  936.000  3.545012e-01 
  937.000  3.500272e-01 
  938.000  3.987550e-01 
  939.000  5.240355e-01 
  940.000  5.424905e-01 
  941.000  5.265026e-01 
  942.000  4.872358e-01 
  943.000  4.215179e-01 
  944.000  4.169354e-01 
  945.000  4.406854e-01 
  946.000  4.419756e-01 
  947.000  4.630136e-01 
  948.000  4.753301e-01 
  949.000  4.736782e-01 
  950.000  4.768180e-01 
  951.000  5.043352e-01 
  952.000  4.748477e-01 
  953.000  4.954560e-01 
  954.000  5.174883e-01 
  955.000  4.995424e-01 
  956.000  4.954402e-01 
  957.000  5.511067e-01 
  958.000  5.582348e-01 
  959.000  5.489672e-01 
  960.000  5.462533e-01 
  961.000  5.415987e-01 
  962.000  5.457932e-01 
  963.000  5.761748e-01 
  964.000  5.805100e-01 
  965.000  5.775900e-01 
  966.000  5.792111e-01 
  967.000  6.007879e-01 
  968.000  6.366671e-01 
  969.000  6.528024e-01 
  970.000  6.536605e-01 
  971.000  6.532754e-01 
  972.000  6.486986e-01 
  973.000  6.381052e-01 
  974.000  6.251730e-01 
  975.000  6.168483e-01 
  976.000  6.270276e-01 
  977.000  6.438060e-01 
  978.000  6.424356e-01 
  979.000  6.467637e-01 
  980.000  6.638170e-01 
  981.000  6.675833e-01 
  982.000  6.637802e-01 
  983.000  6.725121e-01 
  984.000  6.814909e-01 
  985.000  6.865848e-01 
  986.000  6.931534e-01 
  987.000  6.959938e-01 
  988.000  6.966413e-01 
  989.000  6.970553e-01 
  990.000  6.977479e-01 
  991.000  7.001899e-01 
  992.000  7.008843e-01 
  993.000  7.011445e-01 
  994.000  7.032549e-01 
  995.000  7.047611e-01 
  996.000  7.047504e-01 
  997.000  7.037628e-01 
  998.000  7.026718e-01 
  999.000  7.022566e-01 
 1000.000  7.026026e-01 
 1001.000  7.003823e-01 
 1002.000  6.966429e-01 
 1003.000  6.975353e-01 
 1004.000  6.996918e-01 
 1005.000  7.006785e-01 
 1006.000  7.009883e-01 
 1007.000  7.002767e-01 
 1008.000  6.972272e-01 
 1009.000  6.931451e-01 
 1010.000  6.949644e-01 
 1011.000  6.992979e-01 
 1012.000  7.009472e-01 
 1013.000  7.022402e-01 
 1014.000  7.026630e-01 
 1015.000  7.027643e-01 
 1016.000  7.033612e-01 
 1017.000  7.037083e-01 
 1018.000  7.029540e-01 
 1019.000  7.015584e-01 
 1020.000  7.020836e-01 
 1021.000  7.030597e-01 
 1022.000  7.013382e-01 
 1023.000  6.998056e-01 
 1024.000  6.988842e-01 
 1025.000  7.016752e-01 
 1026.000  7.027889e-01 
 1027.000  7.022433e-01 
 1028.000  7.026708e-01 
 1029.000  7.038715e-01 
 1030.000  7.049820e-01 
 1031.000  7.055866e-01 
 1032.000  7.060162e-01 
 1033.000  7.060906e-01 
 1034.000  7.063487e-01 
 1035.000  7.064629e-01 
 1036.000  7.063208e-01 
 1037.000  7.062947e-01 
 1038.000  7.063751e-01 
 1039.000  7.061910e-01 
 1040.000  7.060181e-01 
 1041.000  7.058800e-01 
 1042.000  7.058311e-01 
 1043.000  7.058054e-01 
 1044.000  7.056694e-01 
 1045.000  7.053071e-01 
 1046.000  7.050532e-01 
 1047.000  7.047419e-01 
 1048.000  7.042924e-01 
 1049.000  7.038097e-01 
 1050.000  7.034143e-01 
 1051.000  7.029210e-01 
 1052.000  7.025345e-01 
 1053.000  7.024073e-01 
 1054.000  7.018484e-01 
 1055.000  7.013152e-01 
 1056.000  7.008027e-01 
 1057.000  6.996666e-01 
 1058.000  6.976684e-01 
 1059.000  6.976821e-01 
 1060.000  6.985275e-01 
 1061.000  6.982242e-01 
 1062.000  6.969303e-01 
 1063.000  6.963322e-01 
 1064.000  6.951952e-01 
 1065.000  6.940085e-01 
 1066.000  6.940880e-01 
 1067.000  6.933982e-01 
 1068.000  6.912276e-01 
 1069.000  6.903933e-01 
 1070.000  6.909702e-01 
 1071.000  6.896663e-01 
 1072.000  6.882618e-01 
 1073.000  6.881073e-01 
 1074.000  6.884703e-01 
 1075.000  6.908808e-01 
 1076.000  6.895760e-01 
 1077.000  6.877736e-01 
 1078.000  6.856258e-01 
 1079.000  6.854359e-01 
 1080.000  6.794833e-01 
 1081.000  6.792180e-01 
 1082.000  6.819464e-01 
 1083.000  6.788262e-01 
 1084.000  6.753861e-01 
 1085.000  6.670730e-01 
 1086.000  6.690935e-01 
 1087.000  6.783559e-01 
 1088.000  6.787617e-01 
 1089.000  6.676164e-01 
 1090.000  6.655616e-01 
 1091.000  6.677432e-01 
 1092.000  6.622430e-01 
 1093.000  6.498470e-01 
 1094.000  6.444535e-01 
 1095.000  6.453670e-01 
 1096.000  6.462124e-01 
 1097.000  6.437833e-01 
 1098.000  6.134630e-01 
 1099.000  5.875372e-01 
 1100.000  5.893256e-01 
 1101.000  5.929473e-01 
 1102.000  5.912636e-01 
 1103.000  5.936876e-01 
 1104.000  5.893924e-01 
 1105.000  5.785184e-01 
 1106.000  5.674862e-01 
 1107.000  5.702977e-01 
 1108.000  5.724009e-01 
 1109.000  5.819521e-01 
 1110.000  5.809539e-01 
 1111.000  5.758104e-01 
 1112.000  5.527543e-01 
 1113.000  5.212374e-01 
 1114.000  5.129291e-01 
 1115.000  4.741041e-01 
 1116.000  4.499678e-01 
 1117.000  3.937130e-01 
 1118.000  3.423163e-01 
 1119.000  3.152252e-01 
 1120.000  2.814216e-01 
 1121.000  2.739742e-01 
 1122.000  2.387813e-01 
 1123.000  2.580841e-01 
 1124.000  2.710863e-01 
 1125.000  2.642970e-01 
 1126.000  2.615562e-01 
 1127.000  2.644708e-01 
 1128.000  2.701376e-01 
 1129.000  3.047881e-01 
 1130.000  3.859102e-01 
 1131.000  4.093679e-01 
 1132.000  3.773392e-01 
 1133.000  3.186767e-01 
 1134.000  2.130484e-01 
 1135.000  2.209997e-01 
 1136.000  3.270109e-01 
 1137.000  3.850384e-01 
 1138.000  4.409929e-01 
 1139.000  4.577016e-01 
 1140.000  4.470541e-01 
 1141.000  4.252754e-01 
 1142.000  4.176617e-01 
 1143.000  3.937608e-01 
 1144.000  3.667869e-01 
 1145.000  3.278159e-01 
 1146.000  3.370088e-01 
 1147.000  3.674617e-01 
 1148.000  3.944971e-01 
 1149.000  4.053586e-01 
 1150.000  4.057622e-01 
