  320.000  2.996751e-01 
  321.000  3.538554e-01 
  322.000  3.328183e-01 
  323.000  3.594322e-01 
  324.000  3.856991e-01 
  325.000  3.661667e-01 
  326.000  3.981167e-01 
  327.000  4.069370e-01 
  328.000  3.878363e-01 
  329.000  4.243377e-01 
  330.000  4.300624e-01 
  331.000  4.187195e-01 
  332.000  4.405656e-01 
  333.000  4.468930e-01 
  334.000  4.416992e-01 
  335.000  4.575684e-01 
  336.000  4.639630e-01 
  337.000  4.612704e-01 
  338.000  4.687493e-01 
  339.000  4.764422e-01 
  340.000  4.751797e-01 
  341.000  4.826290e-01 
  342.000  4.880615e-01 
  343.000  4.907852e-01 
  344.000  4.913414e-01 
  345.000  4.986736e-01 
  346.000  5.032914e-01 
  347.000  5.070495e-01 
  348.000  5.105640e-01 
  349.000  5.145053e-01 
  350.000  5.178688e-01 
  351.000  5.212138e-01 
  352.000  5.239542e-01 
  353.000  5.278451e-01 
  354.000  5.311523e-01 
  355.000  5.342255e-01 
  356.000  5.372158e-01 
  357.000  5.398739e-01 
  358.000  5.427303e-01 
  359.000  5.455803e-01 
  360.000  5.484952e-01 
  361.000  5.521721e-01 
  362.000  5.559944e-01 
  363.000  5.595088e-01 
  364.000  5.627382e-01 
  365.000  5.657631e-01 
  366.000  5.688518e-01 
  367.000  5.717887e-01 
  368.000  5.746951e-01 
  369.000  5.775725e-01 
  370.000  5.804166e-01 
  371.000  5.832349e-01 
  372.000  5.860264e-01 
  373.000  5.887907e-01 
  374.000  5.915073e-01 
  375.000  5.941681e-01 
  376.000  5.967355e-01 
  377.000  5.991594e-01 
  378.000  6.014084e-01 
  379.000  6.036913e-01 
  380.000  6.061993e-01 
  381.000  6.090508e-01 
  382.000  6.120020e-01 
  383.000  6.147891e-01 
  384.000  6.174296e-01 
  385.000  6.199708e-01 
  386.000  6.224440e-01 
  387.000  6.248744e-01 
  388.000  6.272711e-01 
  389.000  6.296453e-01 
  390.000  6.319978e-01 
  391.000  6.343237e-01 
  392.000  6.366296e-01 
  393.000  6.389140e-01 
  394.000  6.411747e-01 
  395.000  6.434100e-01 
  396.000  6.456284e-01 
  397.000  6.478186e-01 
  398.000  6.499865e-01 
  399.000  6.521338e-01 
  400.000  6.542491e-01 
  401.000  6.563542e-01 
  402.000  6.584402e-01 
  403.000  6.605063e-01 
  404.000  6.625520e-01 
  405.000  6.645733e-01 
  406.000  6.665792e-01 
  407.000  6.685675e-01 
  408.000  6.705366e-01 
  409.000  6.724844e-01 
  410.000  6.744120e-01 
  411.000  6.763188e-01 
  412.000  6.782034e-01 
  413.000  6.800755e-01 
  414.000  6.818117e-01 
  415.000  6.836885e-01 
  416.000  6.855398e-01 
  417.000  6.873586e-01 
  418.000  6.891342e-01 
  419.000  6.908887e-01 
  420.000  6.926259e-01 
  421.000  6.943514e-01 
  422.000  6.960648e-01 
  423.000  6.977642e-01 
  424.000  6.994421e-01 
  425.000  7.010803e-01 
  426.000  7.027014e-01 
  427.000  7.043070e-01 
  428.000  7.058829e-01 
  429.000  7.074357e-01 
  430.000  7.089693e-01 
  431.000  7.104904e-01 
  432.000  7.119946e-01 
  433.000  7.134835e-01 
  434.000  7.149588e-01 
  435.000  7.164189e-01 
  436.000  7.178615e-01 
  437.000  7.192876e-01 
  438.000  7.206966e-01 
  439.000  7.220939e-01 
  440.000  7.234677e-01 
  441.000  7.248233e-01 
  442.000  7.261567e-01 
  443.000  7.274691e-01 
  444.000  7.287602e-01 
  445.000  7.300228e-01 
  446.000  7.312496e-01 
  447.000  7.325355e-01 
  448.000  7.339135e-01 
  449.000  7.353075e-01 
  450.000  7.366737e-01 
  451.000  7.379857e-01 
  452.000  7.392511e-01 
  453.000  7.404900e-01 
  454.000  7.417057e-01 
  455.000  7.428503e-01 
  456.000  7.439020e-01 
  457.000  7.449536e-01 
  458.000  7.459905e-01 
  459.000  7.470049e-01 
  460.000  7.480108e-01 
  461.000  7.490056e-01 
  462.000  7.499811e-01 
  463.000  7.509519e-01 
  464.000  7.522152e-01 
  465.000  7.534589e-01 
  466.000  7.546799e-01 
  467.000  7.558721e-01 
  468.000  7.568427e-01 
  469.000  7.576783e-01 
  470.000  7.584465e-01 
  471.000  7.591378e-01 
  472.000  7.597247e-01 
  473.000  7.601359e-01 
  474.000  7.604735e-01 
  475.000  7.605602e-01 
  476.000  7.603931e-01 
  477.000  7.603897e-01 
  478.000  7.613662e-01 
  479.000  7.628521e-01 
  480.000  7.644548e-01 
  481.000  7.658916e-01 
  482.000  7.672383e-01 
  483.000  7.684085e-01 
  484.000  7.694137e-01 
  485.000  7.703122e-01 
  486.000  7.712702e-01 
  487.000  7.722782e-01 
  488.000  7.732534e-01 
  489.000  7.742102e-01 
  490.000  7.751553e-01 
  491.000  7.758951e-01 
  492.000  7.765712e-01 
  493.000  7.772437e-01 
  494.000  7.778971e-01 
  495.000  7.785501e-01 
  496.000  7.788866e-01 
  497.000  7.792102e-01 
  498.000  7.795291e-01 
  499.000  7.798307e-01 
  500.000  7.801275e-01 
  501.000  7.803913e-01 
  502.000  7.806551e-01 
  503.000  7.809156e-01 
  504.000  7.811641e-01 
  505.000  7.813989e-01 
  506.000  7.820867e-01 
  507.000  7.827942e-01 
  508.000  7.835005e-01 
  509.000  7.841983e-01 
  510.000  7.848812e-01 
  511.000  7.854931e-01 
  512.000  7.860839e-01 
  513.000  7.866712e-01 
  514.000  7.872510e-01 
  515.000  7.878255e-01 
  516.000  7.882359e-01 
  517.000  7.884989e-01 
  518.000  7.887547e-01 
  519.000  7.890056e-01 
  520.000  7.892540e-01 
  521.000  7.894766e-01 
  522.000  7.896370e-01 
  523.000  7.897528e-01 
  524.000  7.898723e-01 
  525.000  7.899665e-01 
  526.000  7.900987e-01 
  527.000  7.901200e-01 
  528.000  7.900963e-01 
  529.000  7.900714e-01 
  530.000  7.900520e-01 
  531.000  7.900361e-01 
  532.000  7.900718e-01 
  533.000  7.903941e-01 
  534.000  7.908010e-01 
  535.000  7.912602e-01 
  536.000  7.917041e-01 
  537.000  7.921101e-01 
  538.000  7.924730e-01 
  539.000  7.928092e-01 
  540.000  7.931246e-01 
  541.000  7.934306e-01 
  542.000  7.937233e-01 
  543.000  7.940056e-01 
  544.000  7.942190e-01 
  545.000  7.943763e-01 
  546.000  7.945262e-01 
  547.000  7.946804e-01 
  548.000  7.948268e-01 
  549.000  7.949710e-01 
  550.000  7.950408e-01 
  551.000  7.950372e-01 
  552.000  7.950364e-01 
  553.000  7.950203e-01 
  554.000  7.949973e-01 
  555.000  7.949702e-01 
  556.000  7.949153e-01 
  557.000  7.948121e-01 
  558.000  7.947005e-01 
  559.000  7.945760e-01 
  560.000  7.944204e-01 
  561.000  7.942362e-01 
  562.000  7.939636e-01 
  563.000  7.937456e-01 
  564.000  7.934736e-01 
  565.000  7.930968e-01 
  566.000  7.927383e-01 
  567.000  7.920882e-01 
  568.000  7.905711e-01 
  569.000  7.877774e-01 
  570.000  7.878104e-01 
  571.000  7.891514e-01 
  572.000  7.870684e-01 
  573.000  7.871195e-01 
  574.000  7.869275e-01 
  575.000  7.866372e-01 
  576.000  7.868075e-01 
  577.000  7.876228e-01 
  578.000  7.887800e-01 
  579.000  7.901622e-01 
  580.000  7.918668e-01 
  581.000  7.939990e-01 
  582.000  7.956426e-01 
  583.000  7.969065e-01 
  584.000  7.980006e-01 
  585.000  7.989305e-01 
  586.000  7.997768e-01 
  587.000  7.997143e-01 
  588.000  7.969279e-01 
  589.000  7.919384e-01 
  590.000  7.919385e-01 
  591.000  7.959647e-01 
  592.000  7.942895e-01 
  593.000  7.987755e-01 
  594.000  7.981157e-01 
  595.000  7.954022e-01 
  596.000  7.993949e-01 
  597.000  7.981469e-01 
  598.000  7.995321e-01 
  599.000  7.998673e-01 
  600.000  8.010708e-01 
  601.000  8.017710e-01 
  602.000  8.017820e-01 
  603.000  8.023674e-01 
  604.000  8.032748e-01 
  605.000  8.040200e-01 
  606.000  8.046471e-01 
  607.000  8.052556e-01 
  608.000  8.058695e-01 
  609.000  8.064589e-01 
  610.000  8.070734e-01 
  611.000  8.077564e-01 
  612.000  8.084251e-01 
  613.000  8.090729e-01 
  614.000  8.097014e-01 
  615.000  8.103282e-01 
  616.000  8.109318e-01 
  617.000  8.115019e-01 
  618.000  8.119796e-01 
  619.000  8.123837e-01 
  620.000  8.127578e-01 
  621.000  8.130792e-01 
  622.000  8.133478e-01 
  623.000  8.135275e-01 
  624.000  8.137190e-01 
  625.000  8.138801e-01 
  626.000  8.138783e-01 
  627.000  8.120414e-01 
  628.000  7.885752e-01 
  629.000  8.039452e-01 
  630.000  8.052102e-01 
  631.000  8.095583e-01 
  632.000  8.116039e-01 
  633.000  8.152849e-01 
  634.000  8.176785e-01 
  635.000  8.191850e-01 
  636.000  8.207420e-01 
  637.000  8.221341e-01 
  638.000  8.239623e-01 
  639.000  8.250875e-01 
  640.000  8.265077e-01 
  641.000  8.275355e-01 
  642.000  8.286169e-01 
  643.000  8.288876e-01 
  644.000  8.296259e-01 
  645.000  8.295990e-01 
  646.000  8.272830e-01 
  647.000  8.258075e-01 
  648.000  8.240489e-01 
  649.000  8.266914e-01 
  650.000  8.311429e-01 
  651.000  8.316390e-01 
  652.000  8.286713e-01 
  653.000  8.331511e-01 
  654.000  8.331949e-01 
  655.000  8.322562e-01 
  656.000  8.332537e-01 
  657.000  8.344638e-01 
  658.000  8.363094e-01 
  659.000  8.375753e-01 
  660.000  8.383946e-01 
  661.000  8.398936e-01 
  662.000  8.408397e-01 
  663.000  8.412213e-01 
  664.000  8.418727e-01 
  665.000  8.424893e-01 
  666.000  8.431554e-01 
  667.000  8.437721e-01 
  668.000  8.444344e-01 
  669.000  8.450052e-01 
  670.000  8.455486e-01 
  671.000  8.461013e-01 
  672.000  8.466301e-01 
  673.000  8.471540e-01 
  674.000  8.476747e-01 
  675.000  8.481945e-01 
  676.000  8.486886e-01 
  677.000  8.491414e-01 
  678.000  8.495936e-01 
  679.000  8.500128e-01 
  680.000  8.502933e-01 
  681.000  8.505211e-01 
  682.000  8.508877e-01 
  683.000  8.511860e-01 
  684.000  8.512663e-01 
  685.000  8.518838e-01 
  686.000  8.491061e-01 
  687.000  7.442110e-01 
  688.000  7.766733e-01 
  689.000  7.678899e-01 
  690.000  7.846878e-01 
  691.000  8.085101e-01 
  692.000  8.255855e-01 
  693.000  8.311622e-01 
  694.000  8.327146e-01 
  695.000  8.385413e-01 
  696.000  8.416846e-01 
  697.000  8.511522e-01 
  698.000  8.496780e-01 
  699.000  8.419515e-01 
  700.000  8.435048e-01 
  701.000  8.419088e-01 
  702.000  8.434185e-01 
  703.000  8.502845e-01 
  704.000  8.507564e-01 
  705.000  8.481733e-01 
  706.000  8.488648e-01 
  707.000  8.500031e-01 
  708.000  8.512172e-01 
  709.000  8.535362e-01 
  710.000  8.513895e-01 
  711.000  8.538985e-01 
  712.000  8.560515e-01 
  713.000  8.546148e-01 
  714.000  8.542483e-01 
  715.000  8.518451e-01 
  716.000  8.493899e-01 
  717.000  8.320079e-01 
  718.000  8.211234e-01 
  719.000  8.172882e-01 
  720.000  8.111304e-01 
  721.000  8.380587e-01 
  722.000  8.473914e-01 
  723.000  8.423744e-01 
  724.000  8.275407e-01 
  725.000  8.299767e-01 
  726.000  8.293503e-01 
  727.000  8.315881e-01 
  728.000  8.293203e-01 
  729.000  8.351935e-01 
  730.000  8.342372e-01 
  731.000  8.330621e-01 
  732.000  8.428259e-01 
  733.000  8.519698e-01 
  734.000  8.563466e-01 
  735.000  8.549053e-01 
  736.000  8.521279e-01 
  737.000  8.543463e-01 
  738.000  8.573576e-01 
  739.000  8.586842e-01 
  740.000  8.615347e-01 
  741.000  8.631640e-01 
  742.000  8.639096e-01 
  743.000  8.654579e-01 
  744.000  8.661980e-01 
  745.000  8.667848e-01 
  746.000  8.672640e-01 
  747.000  8.674727e-01 
  748.000  8.679615e-01 
  749.000  8.682625e-01 
  750.000  8.682801e-01 
  751.000  8.684683e-01 
  752.000  8.689082e-01 
  753.000  8.691589e-01 
  754.000  8.693811e-01 
  755.000  8.695667e-01 
  756.000  8.697551e-01 
  757.000  8.698886e-01 
  758.000  8.686213e-01 
  759.000  8.130553e-01 
  760.000  3.913258e-01 
  761.000  3.504126e-01 
  762.000  5.977399e-01 
  763.000  5.214944e-01 
  764.000  5.592983e-01 
  765.000  6.446522e-01 
  766.000  7.468674e-01 
  767.000  7.981516e-01 
  768.000  8.315941e-01 
  769.000  8.536229e-01 
  770.000  8.651980e-01 
  771.000  8.708931e-01 
  772.000  8.722702e-01 
  773.000  8.729066e-01 
  774.000  8.736978e-01 
  775.000  8.741170e-01 
  776.000  8.744064e-01 
  777.000  8.745421e-01 
  778.000  8.746122e-01 
  779.000  8.746630e-01 
  780.000  8.747074e-01 
  781.000  8.749087e-01 
  782.000  8.749481e-01 
  783.000  8.749921e-01 
  784.000  8.749338e-01 
  785.000  8.743433e-01 
  786.000  8.734137e-01 
  787.000  8.713028e-01 
  788.000  8.702467e-01 
  789.000  8.661914e-01 
  790.000  8.658948e-01 
  791.000  8.667280e-01 
  792.000  8.674952e-01 
  793.000  8.692154e-01 
  794.000  8.727635e-01 
  795.000  8.706926e-01 
  796.000  8.649520e-01 
  797.000  8.666639e-01 
  798.000  8.703665e-01 
  799.000  8.695807e-01 
  800.000  8.669676e-01 
  801.000  8.673333e-01 
  802.000  8.671105e-01 
  803.000  8.675454e-01 
  804.000  8.688378e-01 
  805.000  8.712721e-01 
  806.000  8.727056e-01 
  807.000  8.728136e-01 
  808.000  8.720860e-01 
  809.000  8.711455e-01 
  810.000  8.701153e-01 
  811.000  8.679398e-01 
  812.000  8.649931e-01 
  813.000  8.613512e-01 
  814.000  8.564963e-01 
  815.000  8.504098e-01 
  816.000  8.423864e-01 
  817.000  8.429287e-01 
  818.000  8.436401e-01 
  819.000  8.463151e-01 
  820.000  8.551694e-01 
  821.000  8.651491e-01 
  822.000  8.576421e-01 
  823.000  8.360611e-01 
  824.000  8.543569e-01 
  825.000  8.658214e-01 
  826.000  8.638685e-01 
  827.000  8.624694e-01 
  828.000  8.549629e-01 
  829.000  8.577360e-01 
  830.000  8.608071e-01 
  831.000  8.615398e-01 
  832.000  8.618455e-01 
  833.000  8.636086e-01 
  834.000  8.656680e-01 
  835.000  8.697191e-01 
  836.000  8.684452e-01 
  837.000  8.683259e-01 
  838.000  8.703199e-01 
  839.000  8.715346e-01 
  840.000  8.719991e-01 
  841.000  8.707428e-01 
  842.000  8.719312e-01 
  843.000  8.747011e-01 
  844.000  8.759250e-01 
  845.000  8.765395e-01 
  846.000  8.771677e-01 
  847.000  8.778796e-01 
  848.000  8.768145e-01 
  849.000  8.769938e-01 
  850.000  8.764797e-01 
  851.000  8.758753e-01 
  852.000  8.759750e-01 
  853.000  8.770759e-01 
  854.000  8.770477e-01 
  855.000  8.776242e-01 
  856.000  8.787633e-01 
  857.000  8.792618e-01 
  858.000  8.795468e-01 
  859.000  8.801296e-01 
  860.000  8.804346e-01 
  861.000  8.805110e-01 
  862.000  8.806897e-01 
  863.000  8.807442e-01 
  864.000  8.808779e-01 
  865.000  8.809935e-01 
  866.000  8.810502e-01 
  867.000  8.810694e-01 
  868.000  8.811168e-01 
  869.000  8.811786e-01 
  870.000  8.811921e-01 
  871.000  8.812521e-01 
  872.000  8.813497e-01 
  873.000  8.813192e-01 
  874.000  8.813177e-01 
  875.000  8.813428e-01 
  876.000  8.812641e-01 
  877.000  8.812402e-01 
  878.000  8.808963e-01 
  879.000  8.809032e-01 
  880.000  8.806231e-01 
  881.000  8.804906e-01 
  882.000  8.803514e-01 
  883.000  8.805497e-01 
  884.000  8.806474e-01 
  885.000  8.800474e-01 
  886.000  8.792003e-01 
  887.000  8.799052e-01 
  888.000  8.798956e-01 
  889.000  8.801485e-01 
  890.000  8.796626e-01 
  891.000  8.786493e-01 
  892.000  8.765167e-01 
  893.000  8.697499e-01 
  894.000  8.664064e-01 
  895.000  8.558609e-01 
  896.000  8.463336e-01 
  897.000  8.361725e-01 
  898.000  8.313828e-01 
  899.000  8.173031e-01 
  900.000  8.194582e-01 
  901.000  8.157332e-01 
  902.000  8.163370e-01 
  903.000  8.399557e-01 
  904.000  8.539117e-01 
  905.000  8.533661e-01 
  906.000  8.446798e-01 
  907.000  8.290036e-01 
  908.000  8.184669e-01 
  909.000  8.189893e-01 
  910.000  8.206334e-01 
  911.000  8.276935e-01 
  912.000  8.243049e-01 
  913.000  8.093014e-01 
  914.000  8.167757e-01 
  915.000  8.225634e-01 
  916.000  8.240993e-01 
  917.000  8.271781e-01 
  918.000  8.311496e-01 
  919.000  8.445566e-01 
  920.000  8.544428e-01 
  921.000  8.522369e-01 
  922.000  8.520535e-01 
  923.000  8.493043e-01 
  924.000  8.426332e-01 
  925.000  8.421947e-01 
  926.000  8.423226e-01 
  927.000  8.346763e-01 
  928.000  8.226947e-01 
  929.000  8.049158e-01 
  930.000  7.814012e-01 
  931.000  7.537725e-01 
  932.000  7.162574e-01 
  933.000  6.853098e-01 
  934.000  6.507344e-01 
  935.000  6.472218e-01 
  936.000  6.618171e-01 
  937.000  6.578274e-01 
  938.000  6.951472e-01 
  939.000  7.820680e-01 
  940.000  7.936727e-01 
  941.000  7.832639e-01 
  942.000  7.572872e-01 
  943.000  7.111220e-01 
  944.000  7.079509e-01 
  945.000  7.254174e-01 
  946.000  7.261434e-01 
  947.000  7.406043e-01 
  948.000  7.489474e-01 
  949.000  7.475873e-01 
  950.000  7.496411e-01 
  951.000  7.680217e-01 
  952.000  7.478625e-01 
  953.000  7.615706e-01 
  954.000  7.758376e-01 
  955.000  7.637254e-01 
  956.000  7.605209e-01 
  957.000  7.963735e-01 
  958.000  8.005851e-01 
  959.000  7.945523e-01 
  960.000  7.926753e-01 
  961.000  7.895979e-01 
  962.000  7.921395e-01 
  963.000  8.109784e-01 
  964.000  8.135394e-01 
  965.000  8.116391e-01 
  966.000  8.125158e-01 
  967.000  8.254780e-01 
  968.000  8.464906e-01 
  969.000  8.556891e-01 
  970.000  8.561410e-01 
  971.000  8.559209e-01 
  972.000  8.533323e-01 
  973.000  8.472639e-01 
  974.000  8.397486e-01 
  975.000  8.348600e-01 
  976.000  8.408495e-01 
  977.000  8.505838e-01 
  978.000  8.497575e-01 
  979.000  8.522014e-01 
  980.000  8.618971e-01 
  981.000  8.639995e-01 
  982.000  8.618149e-01 
  983.000  8.667118e-01 
  984.000  8.717197e-01 
  985.000  8.745426e-01 
  986.000  8.781688e-01 
  987.000  8.797265e-01 
  988.000  8.800366e-01 
  989.000  8.802670e-01 
  990.000  8.806564e-01 
  991.000  8.819981e-01 
  992.000  8.823935e-01 
  993.000  8.825480e-01 
  994.000  8.837703e-01 
  995.000  8.846100e-01 
  996.000  8.846164e-01 
  997.000  8.841107e-01 
  998.000  8.835018e-01 
  999.000  8.833061e-01 
 1000.000  8.834916e-01 
 1001.000  8.822235e-01 
 1002.000  8.802250e-01 
 1003.000  8.806876e-01 
 1004.000  8.818961e-01 
 1005.000  8.824382e-01 
 1006.000  8.826035e-01 
 1007.000  8.822371e-01 
 1008.000  8.805538e-01 
 1009.000  8.783472e-01 
 1010.000  8.793578e-01 
 1011.000  8.817119e-01 
 1012.000  8.826120e-01 
 1013.000  8.833256e-01 
 1014.000  8.836237e-01 
 1015.000  8.836729e-01 
 1016.000  8.839799e-01 
 1017.000  8.841703e-01 
 1018.000  8.837541e-01 
 1019.000  8.829334e-01 
 1020.000  8.832209e-01 
 1021.000  8.838053e-01 
 1022.000  8.827937e-01 
 1023.000  8.819469e-01 
 1024.000  8.814217e-01 
 1025.000  8.829439e-01 
 1026.000  8.835877e-01 
 1027.000  8.832914e-01 
 1028.000  8.834798e-01 
 1029.000  8.841389e-01 
 1030.000  8.847217e-01 
 1031.000  8.849933e-01 
 1032.000  8.852075e-01 
 1033.000  8.852306e-01 
 1034.000  8.853301e-01 
 1035.000  8.853096e-01 
 1036.000  8.851033e-01 
 1037.000  8.849769e-01 
 1038.000  8.850030e-01 
 1039.000  8.848762e-01 
 1040.000  8.847299e-01 
 1041.000  8.846103e-01 
 1042.000  8.845508e-01 
 1043.000  8.844918e-01 
 1044.000  8.843511e-01 
 1045.000  8.840774e-01 
 1046.000  8.838664e-01 
 1047.000  8.835892e-01 
 1048.000  8.830879e-01 
 1049.000  8.824966e-01 
 1050.000  8.821541e-01 
 1051.000  8.818345e-01 
 1052.000  8.814905e-01 
 1053.000  8.812973e-01 
 1054.000  8.808759e-01 
 1055.000  8.804366e-01 
 1056.000  8.799549e-01 
 1057.000  8.791233e-01 
 1058.000  8.778099e-01 
 1059.000  8.776028e-01 
 1060.000  8.778889e-01 
 1061.000  8.775923e-01 
 1062.000  8.766725e-01 
 1063.000  8.760034e-01 
 1064.000  8.751064e-01 
 1065.000  8.744056e-01 
 1066.000  8.744207e-01 
 1067.000  8.739371e-01 
 1068.000  8.727753e-01 
 1069.000  8.729429e-01 
 1070.000  8.736923e-01 
 1071.000  8.733928e-01 
 1072.000  8.728644e-01 
 1073.000  8.730428e-01 
 1074.000  8.734974e-01 
 1075.000  8.750849e-01 
 1076.000  8.745869e-01 
 1077.000  8.737890e-01 
 1078.000  8.727866e-01 
 1079.000  8.728700e-01 
 1080.000  8.696880e-01 
 1081.000  8.696818e-01 
 1082.000  8.713437e-01 
 1083.000  8.697427e-01 
 1084.000  8.679279e-01 
 1085.000  8.633297e-01 
 1086.000  8.645906e-01 
 1087.000  8.699296e-01 
 1088.000  8.702434e-01 
 1089.000  8.640383e-01 
 1090.000  8.629696e-01 
 1091.000  8.643036e-01 
 1092.000  8.612896e-01 
 1093.000  8.542538e-01 
 1094.000  8.511956e-01 
 1095.000  8.517988e-01 
 1096.000  8.523836e-01 
 1097.000  8.510979e-01 
 1098.000  8.333685e-01 
 1099.000  8.178393e-01 
 1100.000  8.190019e-01 
 1101.000  8.212809e-01 
 1102.000  8.203930e-01 
 1103.000  8.219626e-01 
 1104.000  8.194417e-01 
 1105.000  8.129095e-01 
 1106.000  8.060958e-01 
 1107.000  8.080449e-01 
 1108.000  8.096238e-01 
 1109.000  8.158662e-01 
 1110.000  8.157098e-01 
 1111.000  8.127989e-01 
 1112.000  7.987238e-01 
 1113.000  7.792432e-01 
 1114.000  7.748760e-01 
 1115.000  7.499809e-01 
 1116.000  7.338006e-01 
 1117.000  6.928011e-01 
 1118.000  6.532341e-01 
 1119.000  6.318642e-01 
 1120.000  6.027068e-01 
 1121.000  5.962609e-01 
 1122.000  5.619645e-01 
 1123.000  5.822969e-01 
 1124.000  5.954134e-01 
 1125.000  5.888987e-01 
 1126.000  5.860457e-01 
 1127.000  5.884264e-01 
 1128.000  5.931005e-01 
 1129.000  6.246963e-01 
 1130.000  6.929265e-01 
 1131.000  7.111076e-01 
 1132.000  6.864976e-01 
 1133.000  6.369898e-01 
 1134.000  5.332676e-01 
 1135.000  5.417371e-01 
 1136.000  6.432925e-01 
 1137.000  6.908361e-01 
 1138.000  7.321873e-01 
 1139.000  7.426270e-01 
 1140.000  7.349892e-01 
 1141.000  7.184488e-01 
 1142.000  7.129026e-01 
 1143.000  6.949669e-01 
 1144.000  6.736463e-01 
 1145.000  6.413426e-01 
 1146.000  6.490949e-01 
 1147.000  6.740485e-01 
 1148.000  6.952041e-01 
 1149.000  7.031360e-01 
 1150.000  7.025773e-01 
