  320.000  1.794252e-01 
  321.000  2.211805e-01 
  322.000  2.047556e-01 
  323.000  2.255778e-01 
  324.000  2.465241e-01 
  325.000  2.309115e-01 
  326.000  2.565574e-01 
  327.000  2.637335e-01 
  328.000  2.482451e-01 
  329.000  2.780087e-01 
  330.000  2.827386e-01 
  331.000  2.733828e-01 
  332.000  2.914591e-01 
  333.000  2.967387e-01 
  334.000  2.924035e-01 
  335.000  3.056900e-01 
  336.000  3.110779e-01 
  337.000  3.088068e-01 
  338.000  3.151234e-01 
  339.000  3.216479e-01 
  340.000  3.205753e-01 
  341.000  3.269149e-01 
  342.000  3.315542e-01 
  343.000  3.338853e-01 
  344.000  3.343617e-01 
  345.000  3.406554e-01 
  346.000  3.446315e-01 
  347.000  3.478743e-01 
  348.000  3.509126e-01 
  349.000  3.543262e-01 
  350.000  3.572448e-01 
  351.000  3.601522e-01 
  352.000  3.625377e-01 
  353.000  3.659303e-01 
  354.000  3.688190e-01 
  355.000  3.715074e-01 
  356.000  3.741274e-01 
  357.000  3.764593e-01 
  358.000  3.789685e-01 
  359.000  3.814755e-01 
  360.000  3.840432e-01 
  361.000  3.872871e-01 
  362.000  3.906651e-01 
  363.000  3.937764e-01 
  364.000  3.966399e-01 
  365.000  3.993259e-01 
  366.000  4.020724e-01 
  367.000  4.046874e-01 
  368.000  4.072787e-01 
  369.000  4.098477e-01 
  370.000  4.123901e-01 
  371.000  4.149125e-01 
  372.000  4.174141e-01 
  373.000  4.198944e-01 
  374.000  4.223348e-01 
  375.000  4.247279e-01 
  376.000  4.270397e-01 
  377.000  4.292246e-01 
  378.000  4.312539e-01 
  379.000  4.333157e-01 
  380.000  4.355833e-01 
  381.000  4.381643e-01 
  382.000  4.408389e-01 
  383.000  4.433678e-01 
  384.000  4.457664e-01 
  385.000  4.480774e-01 
  386.000  4.503288e-01 
  387.000  4.525436e-01 
  388.000  4.547299e-01 
  389.000  4.568978e-01 
  390.000  4.590479e-01 
  391.000  4.611757e-01 
  392.000  4.632873e-01 
  393.000  4.653811e-01 
  394.000  4.674551e-01 
  395.000  4.695076e-01 
  396.000  4.715465e-01 
  397.000  4.735613e-01 
  398.000  4.755572e-01 
  399.000  4.775358e-01 
  400.000  4.794867e-01 
  401.000  4.814298e-01 
  402.000  4.833569e-01 
  403.000  4.852670e-01 
  404.000  4.871599e-01 
  405.000  4.890317e-01 
  406.000  4.908907e-01 
  407.000  4.927348e-01 
  408.000  4.945624e-01 
  409.000  4.963717e-01 
  410.000  4.981636e-01 
  411.000  4.999374e-01 
  412.000  5.016919e-01 
  413.000  5.034360e-01 
  414.000  5.050546e-01 
  415.000  5.068053e-01 
  416.000  5.085337e-01 
  417.000  5.102327e-01 
  418.000  5.118926e-01 
  419.000  5.135339e-01 
  420.000  5.151600e-01 
  421.000  5.167762e-01 
  422.000  5.183821e-01 
  423.000  5.199758e-01 
  424.000  5.215505e-01 
  425.000  5.230889e-01 
  426.000  5.246120e-01 
  427.000  5.261216e-01 
  428.000  5.276040e-01 
  429.000  5.290655e-01 
  430.000  5.305098e-01 
  431.000  5.319431e-01 
  432.000  5.333613e-01 
  433.000  5.347658e-01 
  434.000  5.361584e-01 
  435.000  5.375371e-01 
  436.000  5.389002e-01 
  437.000  5.402483e-01 
  438.000  5.415809e-01 
  439.000  5.429031e-01 
  440.000  5.442038e-01 
  441.000  5.454879e-01 
  442.000  5.467514e-01 
  443.000  5.479959e-01 
  444.000  5.492205e-01 
  445.000  5.504187e-01 
  446.000  5.515834e-01 
  447.000  5.528048e-01 
  448.000  5.541143e-01 
  449.000  5.554395e-01 
  450.000  5.567391e-01 
  451.000  5.579877e-01 
  452.000  5.591925e-01 
  453.000  5.603725e-01 
  454.000  5.615309e-01 
  455.000  5.626221e-01 
  456.000  5.636251e-01 
  457.000  5.646283e-01 
  458.000  5.656179e-01 
  459.000  5.665863e-01 
  460.000  5.675470e-01 
  461.000  5.684974e-01 
  462.000  5.694297e-01 
  463.000  5.703578e-01 
  464.000  5.715660e-01 
  465.000  5.727559e-01 
  466.000  5.739247e-01 
  467.000  5.750663e-01 
  468.000  5.759962e-01 
  469.000  5.767969e-01 
  470.000  5.775332e-01 
  471.000  5.781959e-01 
  472.000  5.787587e-01 
  473.000  5.791531e-01 
  474.000  5.794770e-01 
  475.000  5.795602e-01 
  476.000  5.793999e-01 
  477.000  5.793965e-01 
  478.000  5.803335e-01 
  479.000  5.817598e-01 
  480.000  5.832989e-01 
  481.000  5.846793e-01 
  482.000  5.859739e-01 
  483.000  5.870993e-01 
  484.000  5.880663e-01 
  485.000  5.889311e-01 
  486.000  5.898532e-01 
  487.000  5.908238e-01 
  488.000  5.917633e-01 
  489.000  5.926852e-01 
  490.000  5.935962e-01 
  491.000  5.943096e-01 
  492.000  5.949616e-01 
  493.000  5.956103e-01 
  494.000  5.962407e-01 
  495.000  5.968709e-01 
  496.000  5.971956e-01 
  497.000  5.975081e-01 
  498.000  5.978159e-01 
  499.000  5.981071e-01 
  500.000  5.983937e-01 
  501.000  5.986485e-01 
  502.000  5.989032e-01 
  503.000  5.991548e-01 
  504.000  5.993949e-01 
  505.000  5.996217e-01 
  506.000  6.002862e-01 
  507.000  6.009700e-01 
  508.000  6.016527e-01 
  509.000  6.023274e-01 
  510.000  6.029877e-01 
  511.000  6.035796e-01 
  512.000  6.041512e-01 
  513.000  6.047195e-01 
  514.000  6.052806e-01 
  515.000  6.058368e-01 
  516.000  6.062341e-01 
  517.000  6.064888e-01 
  518.000  6.067365e-01 
  519.000  6.069795e-01 
  520.000  6.072201e-01 
  521.000  6.074356e-01 
  522.000  6.075911e-01 
  523.000  6.077032e-01 
  524.000  6.078190e-01 
  525.000  6.079103e-01 
  526.000  6.080384e-01 
  527.000  6.080590e-01 
  528.000  6.080360e-01 
  529.000  6.080119e-01 
  530.000  6.079931e-01 
  531.000  6.079777e-01 
  532.000  6.080123e-01 
  533.000  6.083245e-01 
  534.000  6.087189e-01 
  535.000  6.091639e-01 
  536.000  6.095942e-01 
  537.000  6.099877e-01 
  538.000  6.103395e-01 
  539.000  6.106656e-01 
  540.000  6.109713e-01 
  541.000  6.112682e-01 
  542.000  6.115521e-01 
  543.000  6.118259e-01 
  544.000  6.120329e-01 
  545.000  6.121855e-01 
  546.000  6.123310e-01 
  547.000  6.124806e-01 
  548.000  6.126227e-01 
  549.000  6.127625e-01 
  550.000  6.128303e-01 
  551.000  6.128268e-01 
  552.000  6.128260e-01 
  553.000  6.128104e-01 
  554.000  6.127881e-01 
  555.000  6.127618e-01 
  556.000  6.127085e-01 
  557.000  6.126084e-01 
  558.000  6.125001e-01 
  559.000  6.123793e-01 
  560.000  6.122282e-01 
  561.000  6.120495e-01 
  562.000  6.117650e-01 
  563.000  6.115518e-01 
  564.000  6.112831e-01 
  565.000  6.109034e-01 
  566.000  6.105650e-01 
  567.000  6.098716e-01 
  568.000  6.081736e-01 
  569.000  6.051053e-01 
  570.000  6.052375e-01 
  571.000  6.068447e-01 
  572.000  6.045302e-01 
  573.000  6.046779e-01 
  574.000  6.045496e-01 
  575.000  6.042625e-01 
  576.000  6.044299e-01 
  577.000  6.053082e-01 
  578.000  6.065643e-01 
  579.000  6.079595e-01 
  580.000  6.096038e-01 
  581.000  6.117209e-01 
  582.000  6.133122e-01 
  583.000  6.144893e-01 
  584.000  6.155156e-01 
  585.000  6.164021e-01 
  586.000  6.171967e-01 
  587.000  6.169443e-01 
  588.000  6.135789e-01 
  589.000  6.076472e-01 
  590.000  6.075636e-01 
  591.000  6.121812e-01 
  592.000  6.101557e-01 
  593.000  6.153286e-01 
  594.000  6.144932e-01 
  595.000  6.112648e-01 
  596.000  6.159716e-01 
  597.000  6.145852e-01 
  598.000  6.162782e-01 
  599.000  6.167805e-01 
  600.000  6.181968e-01 
  601.000  6.190825e-01 
  602.000  6.191648e-01 
  603.000  6.198131e-01 
  604.000  6.207764e-01 
  605.000  6.215363e-01 
  606.000  6.221558e-01 
  607.000  6.227565e-01 
  608.000  6.233558e-01 
  609.000  6.239308e-01 
  610.000  6.245295e-01 
  611.000  6.251950e-01 
  612.000  6.258466e-01 
  613.000  6.264781e-01 
  614.000  6.270908e-01 
  615.000  6.277019e-01 
  616.000  6.282907e-01 
  617.000  6.288467e-01 
  618.000  6.293129e-01 
  619.000  6.297072e-01 
  620.000  6.300722e-01 
  621.000  6.303859e-01 
  622.000  6.306481e-01 
  623.000  6.308234e-01 
  624.000  6.310104e-01 
  625.000  6.311674e-01 
  626.000  6.311136e-01 
  627.000  6.291094e-01 
  628.000  6.086203e-01 
  629.000  6.219286e-01 
  630.000  6.234410e-01 
  631.000  6.272725e-01 
  632.000  6.287547e-01 
  633.000  6.323553e-01 
  634.000  6.346702e-01 
  635.000  6.360450e-01 
  636.000  6.376036e-01 
  637.000  6.389679e-01 
  638.000  6.408529e-01 
  639.000  6.419259e-01 
  640.000  6.433907e-01 
  641.000  6.443626e-01 
  642.000  6.454722e-01 
  643.000  6.456258e-01 
  644.000  6.463346e-01 
  645.000  6.461457e-01 
  646.000  6.433152e-01 
  647.000  6.414391e-01 
  648.000  6.392397e-01 
  649.000  6.422127e-01 
  650.000  6.473677e-01 
  651.000  6.478420e-01 
  652.000  6.442052e-01 
  653.000  6.494014e-01 
  654.000  6.493505e-01 
  655.000  6.480998e-01 
  656.000  6.491678e-01 
  657.000  6.505366e-01 
  658.000  6.525111e-01 
  659.000  6.538906e-01 
  660.000  6.547759e-01 
  661.000  6.564295e-01 
  662.000  6.574458e-01 
  663.000  6.577784e-01 
  664.000  6.584574e-01 
  665.000  6.590927e-01 
  666.000  6.597922e-01 
  667.000  6.604272e-01 
  668.000  6.611180e-01 
  669.000  6.616921e-01 
  670.000  6.622318e-01 
  671.000  6.627842e-01 
  672.000  6.633065e-01 
  673.000  6.638232e-01 
  674.000  6.643367e-01 
  675.000  6.648497e-01 
  676.000  6.653362e-01 
  677.000  6.657823e-01 
  678.000  6.662283e-01 
  679.000  6.666331e-01 
  680.000  6.668634e-01 
  681.000  6.670276e-01 
  682.000  6.673677e-01 
  683.000  6.676220e-01 
  684.000  6.676682e-01 
  685.000  6.682971e-01 
  686.000  6.658041e-01 
  687.000  5.731916e-01 
  688.000  6.018272e-01 
  689.000  5.940138e-01 
  690.000  6.089063e-01 
  691.000  6.297624e-01 
  692.000  6.443287e-01 
  693.000  6.474378e-01 
  694.000  6.471530e-01 
  695.000  6.529649e-01 
  696.000  6.561723e-01 
  697.000  6.668334e-01 
  698.000  6.650282e-01 
  699.000  6.560821e-01 
  700.000  6.578061e-01 
  701.000  6.559263e-01 
  702.000  6.576103e-01 
  703.000  6.654547e-01 
  704.000  6.659526e-01 
  705.000  6.629415e-01 
  706.000  6.636991e-01 
  707.000  6.649709e-01 
  708.000  6.663312e-01 
  709.000  6.689650e-01 
  710.000  6.664529e-01 
  711.000  6.693052e-01 
  712.000  6.717496e-01 
  713.000  6.700506e-01 
  714.000  6.695834e-01 
  715.000  6.667567e-01 
  716.000  6.638532e-01 
  717.000  6.438690e-01 
  718.000  6.314178e-01 
  719.000  6.270081e-01 
  720.000  6.200421e-01 
  721.000  6.505553e-01 
  722.000  6.612127e-01 
  723.000  6.554174e-01 
  724.000  6.384515e-01 
  725.000  6.411694e-01 
  726.000  6.404360e-01 
  727.000  6.429582e-01 
  728.000  6.403602e-01 
  729.000  6.470263e-01 
  730.000  6.459264e-01 
  731.000  6.445802e-01 
  732.000  6.557063e-01 
  733.000  6.661910e-01 
  734.000  6.712200e-01 
  735.000  6.695378e-01 
  736.000  6.663211e-01 
  737.000  6.688572e-01 
  738.000  6.723099e-01 
  739.000  6.738238e-01 
  740.000  6.771001e-01 
  741.000  6.790132e-01 
  742.000  6.797737e-01 
  743.000  6.815082e-01 
  744.000  6.823422e-01 
  745.000  6.830031e-01 
  746.000  6.835520e-01 
  747.000  6.837687e-01 
  748.000  6.843360e-01 
  749.000  6.846650e-01 
  750.000  6.846344e-01 
  751.000  6.848207e-01 
  752.000  6.853271e-01 
  753.000  6.855932e-01 
  754.000  6.858236e-01 
  755.000  6.860077e-01 
  756.000  6.861955e-01 
  757.000  6.863281e-01 
  758.000  6.851266e-01 
  759.000  6.355623e-01 
  760.000  2.764919e-01 
  761.000  2.438405e-01 
  762.000  4.478323e-01 
  763.000  3.834178e-01 
  764.000  4.152210e-01 
  765.000  4.880925e-01 
  766.000  5.771236e-01 
  767.000  6.224582e-01 
  768.000  6.522478e-01 
  769.000  6.719687e-01 
  770.000  6.825026e-01 
  771.000  6.875441e-01 
  772.000  6.887935e-01 
  773.000  6.893645e-01 
  774.000  6.901035e-01 
  775.000  6.905212e-01 
  776.000  6.908118e-01 
  777.000  6.909383e-01 
  778.000  6.909930e-01 
  779.000  6.910302e-01 
  780.000  6.910616e-01 
  781.000  6.912910e-01 
  782.000  6.913164e-01 
  783.000  6.913477e-01 
  784.000  6.912498e-01 
  785.000  6.905500e-01 
  786.000  6.894359e-01 
  787.000  6.871233e-01 
  788.000  6.858668e-01 
  789.000  6.812226e-01 
  790.000  6.808693e-01 
  791.000  6.818060e-01 
  792.000  6.826695e-01 
  793.000  6.846220e-01 
  794.000  6.886230e-01 
  795.000  6.862843e-01 
  796.000  6.797215e-01 
  797.000  6.816599e-01 
  798.000  6.858739e-01 
  799.000  6.849649e-01 
  800.000  6.819702e-01 
  801.000  6.823751e-01 
  802.000  6.821091e-01 
  803.000  6.825939e-01 
  804.000  6.840589e-01 
  805.000  6.868284e-01 
  806.000  6.884918e-01 
  807.000  6.886038e-01 
  808.000  6.877248e-01 
  809.000  6.866362e-01 
  810.000  6.854434e-01 
  811.000  6.829420e-01 
  812.000  6.795592e-01 
  813.000  6.753882e-01 
  814.000  6.698439e-01 
  815.000  6.629086e-01 
  816.000  6.538374e-01 
  817.000  6.544223e-01 
  818.000  6.552107e-01 
  819.000  6.582286e-01 
  820.000  6.682401e-01 
  821.000  6.795676e-01 
  822.000  6.710240e-01 
  823.000  6.466781e-01 
  824.000  6.672866e-01 
  825.000  6.803036e-01 
  826.000  6.780878e-01 
  827.000  6.764860e-01 
  828.000  6.679530e-01 
  829.000  6.710855e-01 
  830.000  6.745664e-01 
  831.000  6.753950e-01 
  832.000  6.757473e-01 
  833.000  6.777494e-01 
  834.000  6.800930e-01 
  835.000  6.847120e-01 
  836.000  6.832533e-01 
  837.000  6.831136e-01 
  838.000  6.853816e-01 
  839.000  6.867626e-01 
  840.000  6.872849e-01 
  841.000  6.858419e-01 
  842.000  6.871914e-01 
  843.000  6.903503e-01 
  844.000  6.917921e-01 
  845.000  6.923981e-01 
  846.000  6.930948e-01 
  847.000  6.938719e-01 
  848.000  6.926410e-01 
  849.000  6.928400e-01 
  850.000  6.922796e-01 
  851.000  6.916586e-01 
  852.000  6.917636e-01 
  853.000  6.928936e-01 
  854.000  6.928999e-01 
  855.000  6.935173e-01 
  856.000  6.948363e-01 
  857.000  6.953938e-01 
  858.000  6.957231e-01 
  859.000  6.963724e-01 
  860.000  6.967428e-01 
  861.000  6.968243e-01 
  862.000  6.970351e-01 
  863.000  6.970891e-01 
  864.000  6.972432e-01 
  865.000  6.973746e-01 
  866.000  6.974316e-01 
  867.000  6.974418e-01 
  868.000  6.974872e-01 
  869.000  6.975509e-01 
  870.000  6.975542e-01 
  871.000  6.976156e-01 
  872.000  6.977243e-01 
  873.000  6.976726e-01 
  874.000  6.976574e-01 
  875.000  6.976755e-01 
  876.000  6.975638e-01 
  877.000  6.975207e-01 
  878.000  6.971103e-01 
  879.000  6.971078e-01 
  880.000  6.967905e-01 
  881.000  6.966058e-01 
  882.000  6.964759e-01 
  883.000  6.966562e-01 
  884.000  6.967629e-01 
  885.000  6.960762e-01 
  886.000  6.951149e-01 
  887.000  6.959389e-01 
  888.000  6.959195e-01 
  889.000  6.961555e-01 
  890.000  6.956291e-01 
  891.000  6.944790e-01 
  892.000  6.920996e-01 
  893.000  6.844405e-01 
  894.000  6.806477e-01 
  895.000  6.687968e-01 
  896.000  6.581151e-01 
  897.000  6.467618e-01 
  898.000  6.414241e-01 
  899.000  6.259200e-01 
  900.000  6.282545e-01 
  901.000  6.241761e-01 
  902.000  6.248673e-01 
  903.000  6.508939e-01 
  904.000  6.664268e-01 
  905.000  6.658351e-01 
  906.000  6.561578e-01 
  907.000  6.388010e-01 
  908.000  6.272053e-01 
  909.000  6.277571e-01 
  910.000  6.295497e-01 
  911.000  6.373015e-01 
  912.000  6.335739e-01 
  913.000  6.171595e-01 
  914.000  6.253207e-01 
  915.000  6.316742e-01 
  916.000  6.333727e-01 
  917.000  6.367751e-01 
  918.000  6.411660e-01 
  919.000  6.560178e-01 
  920.000  6.670519e-01 
  921.000  6.646026e-01 
  922.000  6.643997e-01 
  923.000  6.613314e-01 
  924.000  6.539041e-01 
  925.000  6.533784e-01 
  926.000  6.534225e-01 
  927.000  6.448569e-01 
  928.000  6.315080e-01 
  929.000  6.118625e-01 
  930.000  5.861862e-01 
  931.000  5.564725e-01 
  932.000  5.165510e-01 
  933.000  4.846181e-01 
  934.000  4.498499e-01 
  935.000  4.462616e-01 
  936.000  4.606549e-01 
  937.000  4.568070e-01 
  938.000  4.947047e-01 
  939.000  5.858324e-01 
  940.000  5.984070e-01 
  941.000  5.872660e-01 
  942.000  5.596043e-01 
  943.000  5.114139e-01 
  944.000  5.080829e-01 
  945.000  5.260417e-01 
  946.000  5.268666e-01 
  947.000  5.420784e-01 
  948.000  5.508959e-01 
  949.000  5.495475e-01 
  950.000  5.517447e-01 
  951.000  5.712530e-01 
  952.000  5.500295e-01 
  953.000  5.645987e-01 
  954.000  5.798968e-01 
  955.000  5.670958e-01 
  956.000  5.638669e-01 
  957.000  6.023560e-01 
  958.000  6.070143e-01 
  959.000  6.005655e-01 
  960.000  5.985995e-01 
  961.000  5.953277e-01 
  962.000  5.981141e-01 
  963.000  6.185878e-01 
  964.000  6.214182e-01 
  965.000  6.193883e-01 
  966.000  6.203894e-01 
  967.000  6.346249e-01 
  968.000  6.578947e-01 
  969.000  6.681737e-01 
  970.000  6.686940e-01 
  971.000  6.684493e-01 
  972.000  6.655502e-01 
  973.000  6.587820e-01 
  974.000  6.504398e-01 
  975.000  6.450331e-01 
  976.000  6.516551e-01 
  977.000  6.624684e-01 
  978.000  6.615635e-01 
  979.000  6.643044e-01 
  980.000  6.751475e-01 
  981.000  6.775144e-01 
  982.000  6.750814e-01 
  983.000  6.805835e-01 
  984.000  6.862203e-01 
  985.000  6.894051e-01 
  986.000  6.935009e-01 
  987.000  6.952649e-01 
  988.000  6.956668e-01 
  989.000  6.959263e-01 
  990.000  6.963624e-01 
  991.000  6.977797e-01 
  992.000  6.982291e-01 
  993.000  6.984028e-01 
  994.000  6.997794e-01 
  995.000  7.006825e-01 
  996.000  7.007300e-01 
  997.000  7.001157e-01 
  998.000  6.994525e-01 
  999.000  6.992021e-01 
 1000.000  6.994312e-01 
 1001.000  6.979982e-01 
 1002.000  6.957901e-01 
 1003.000  6.963561e-01 
 1004.000  6.975892e-01 
 1005.000  6.982272e-01 
 1006.000  6.984187e-01 
 1007.000  6.979753e-01 
 1008.000  6.961952e-01 
 1009.000  6.936534e-01 
 1010.000  6.947927e-01 
 1011.000  6.974918e-01 
 1012.000  6.984180e-01 
 1013.000  6.991894e-01 
 1014.000  6.995360e-01 
 1015.000  6.995950e-01 
 1016.000  6.999689e-01 
 1017.000  7.001882e-01 
 1018.000  6.997097e-01 
 1019.000  6.987921e-01 
 1020.000  6.990744e-01 
 1021.000  6.997709e-01 
 1022.000  6.986378e-01 
 1023.000  6.976518e-01 
 1024.000  6.971836e-01 
 1025.000  6.988221e-01 
 1026.000  6.995438e-01 
 1027.000  6.991875e-01 
 1028.000  6.994342e-01 
 1029.000  7.001603e-01 
 1030.000  7.008296e-01 
 1031.000  7.011530e-01 
 1032.000  7.014015e-01 
 1033.000  7.014500e-01 
 1034.000  7.015983e-01 
 1035.000  7.016116e-01 
 1036.000  7.014217e-01 
 1037.000  7.013207e-01 
 1038.000  7.013603e-01 
 1039.000  7.012194e-01 
 1040.000  7.010667e-01 
 1041.000  7.009427e-01 
 1042.000  7.008860e-01 
 1043.000  7.008355e-01 
 1044.000  7.006963e-01 
 1045.000  7.004009e-01 
 1046.000  7.001795e-01 
 1047.000  6.998944e-01 
 1048.000  6.994072e-01 
 1049.000  6.988445e-01 
 1050.000  6.984856e-01 
 1051.000  6.981324e-01 
 1052.000  6.977788e-01 
 1053.000  6.975917e-01 
 1054.000  6.971349e-01 
 1055.000  6.966611e-01 
 1056.000  6.961720e-01 
 1057.000  6.953193e-01 
 1058.000  6.938768e-01 
 1059.000  6.937280e-01 
 1060.000  6.941113e-01 
 1061.000  6.938151e-01 
 1062.000  6.928337e-01 
 1063.000  6.922463e-01 
 1064.000  6.913342e-01 
 1065.000  6.905482e-01 
 1066.000  6.905782e-01 
 1067.000  6.900983e-01 
 1068.000  6.887863e-01 
 1069.000  6.888331e-01 
 1070.000  6.895239e-01 
 1071.000  6.890045e-01 
 1072.000  6.883293e-01 
 1073.000  6.884449e-01 
 1074.000  6.888777e-01 
 1075.000  6.905846e-01 
 1076.000  6.899529e-01 
 1077.000  6.889929e-01 
 1078.000  6.878062e-01 
 1079.000  6.878425e-01 
 1080.000  6.842244e-01 
 1081.000  6.841750e-01 
 1082.000  6.860005e-01 
 1083.000  6.841582e-01 
 1084.000  6.820873e-01 
 1085.000  6.769103e-01 
 1086.000  6.782857e-01 
 1087.000  6.842318e-01 
 1088.000  6.845588e-01 
 1089.000  6.775818e-01 
 1090.000  6.763569e-01 
 1091.000  6.778188e-01 
 1092.000  6.744151e-01 
 1093.000  6.665506e-01 
 1094.000  6.631331e-01 
 1095.000  6.637794e-01 
 1096.000  6.643965e-01 
 1097.000  6.629280e-01 
 1098.000  6.432957e-01 
 1099.000  6.262373e-01 
 1100.000  6.274839e-01 
 1101.000  6.299497e-01 
 1102.000  6.289334e-01 
 1103.000  6.306157e-01 
 1104.000  6.278265e-01 
 1105.000  6.206561e-01 
 1106.000  6.132463e-01 
 1107.000  6.152908e-01 
 1108.000  6.169076e-01 
 1109.000  6.235742e-01 
 1110.000  6.232355e-01 
 1111.000  6.199703e-01 
 1112.000  6.045873e-01 
 1113.000  5.833698e-01 
 1114.000  5.783106e-01 
 1115.000  5.514971e-01 
 1116.000  5.343218e-01 
 1117.000  4.920048e-01 
 1118.000  4.518703e-01 
 1119.000  4.303291e-01 
 1120.000  4.018041e-01 
 1121.000  3.954964e-01 
 1122.000  3.632743e-01 
 1123.000  3.818898e-01 
 1124.000  3.940788e-01 
 1125.000  3.879259e-01 
 1126.000  3.853039e-01 
 1127.000  3.876930e-01 
 1128.000  3.923587e-01 
 1129.000  4.227121e-01 
 1130.000  4.900069e-01 
 1131.000  5.084368e-01 
 1132.000  4.834115e-01 
 1133.000  4.346332e-01 
 1134.000  3.375221e-01 
 1135.000  3.452440e-01 
 1136.000  4.410948e-01 
 1137.000  4.883823e-01 
 1138.000  5.309510e-01 
 1139.000  5.423511e-01 
 1140.000  5.344194e-01 
 1141.000  5.175701e-01 
 1142.000  5.118372e-01 
 1143.000  4.934845e-01 
 1144.000  4.720482e-01 
 1145.000  4.400755e-01 
 1146.000  4.477032e-01 
 1147.000  4.724933e-01 
 1148.000  4.938350e-01 
 1149.000  5.020274e-01 
 1150.000  5.017600e-01 
