  320.000  1.401130e-01 
  321.000  1.766070e-01 
  322.000  1.621556e-01 
  323.000  1.804958e-01 
  324.000  1.991281e-01 
  325.000  1.852235e-01 
  326.000  2.081137e-01 
  327.000  2.145637e-01 
  328.000  2.006667e-01 
  329.000  2.274493e-01 
  330.000  2.317346e-01 
  331.000  2.232658e-01 
  332.000  2.396551e-01 
  333.000  2.444627e-01 
  334.000  2.405144e-01 
  335.000  2.526346e-01 
  336.000  2.575657e-01 
  337.000  2.554860e-01 
  338.000  2.612742e-01 
  339.000  2.672657e-01 
  340.000  2.662799e-01 
  341.000  2.721120e-01 
  342.000  2.763877e-01 
  343.000  2.785384e-01 
  344.000  2.789781e-01 
  345.000  2.847938e-01 
  346.000  2.884738e-01 
  347.000  2.914784e-01 
  348.000  2.942963e-01 
  349.000  2.974654e-01 
  350.000  3.001774e-01 
  351.000  3.028814e-01 
  352.000  3.051018e-01 
  353.000  3.082623e-01 
  354.000  3.109557e-01 
  355.000  3.134645e-01 
  356.000  3.159112e-01 
  357.000  3.180904e-01 
  358.000  3.204370e-01 
  359.000  3.227831e-01 
  360.000  3.251877e-01 
  361.000  3.282281e-01 
  362.000  3.313970e-01 
  363.000  3.343183e-01 
  364.000  3.370090e-01 
  365.000  3.395349e-01 
  366.000  3.421196e-01 
  367.000  3.445823e-01 
  368.000  3.470243e-01 
  369.000  3.494468e-01 
  370.000  3.518459e-01 
  371.000  3.542277e-01 
  372.000  3.565914e-01 
  373.000  3.589365e-01 
  374.000  3.612452e-01 
  375.000  3.635106e-01 
  376.000  3.657003e-01 
  377.000  3.677710e-01 
  378.000  3.696952e-01 
  379.000  3.716512e-01 
  380.000  3.738036e-01 
  381.000  3.762550e-01 
  382.000  3.787968e-01 
  383.000  3.812017e-01 
  384.000  3.834841e-01 
  385.000  3.856843e-01 
  386.000  3.878289e-01 
  387.000  3.899398e-01 
  388.000  3.920245e-01 
  389.000  3.940928e-01 
  390.000  3.961452e-01 
  391.000  3.981772e-01 
  392.000  4.001948e-01 
  393.000  4.021964e-01 
  394.000  4.041800e-01 
  395.000  4.061439e-01 
  396.000  4.080957e-01 
  397.000  4.100253e-01 
  398.000  4.119377e-01 
  399.000  4.138344e-01 
  400.000  4.157054e-01 
  401.000  4.175695e-01 
  402.000  4.194192e-01 
  403.000  4.212534e-01 
  404.000  4.230718e-01 
  405.000  4.248706e-01 
  406.000  4.266579e-01 
  407.000  4.284315e-01 
  408.000  4.301901e-01 
  409.000  4.319317e-01 
  410.000  4.336571e-01 
  411.000  4.353658e-01 
  412.000  4.370565e-01 
  413.000  4.387378e-01 
  414.000  4.402988e-01 
  415.000  4.419878e-01 
  416.000  4.436557e-01 
  417.000  4.452960e-01 
  418.000  4.468990e-01 
  419.000  4.484846e-01 
  420.000  4.500561e-01 
  421.000  4.516185e-01 
  422.000  4.531715e-01 
  423.000  4.547132e-01 
  424.000  4.562370e-01 
  425.000  4.577261e-01 
  426.000  4.592009e-01 
  427.000  4.606630e-01 
  428.000  4.620993e-01 
  429.000  4.635157e-01 
  430.000  4.649159e-01 
  431.000  4.663059e-01 
  432.000  4.676815e-01 
  433.000  4.690443e-01 
  434.000  4.703958e-01 
  435.000  4.717343e-01 
  436.000  4.730580e-01 
  437.000  4.743674e-01 
  438.000  4.756622e-01 
  439.000  4.769472e-01 
  440.000  4.782116e-01 
  441.000  4.794601e-01 
  442.000  4.806890e-01 
  443.000  4.818996e-01 
  444.000  4.830912e-01 
  445.000  4.842574e-01 
  446.000  4.853913e-01 
  447.000  4.865806e-01 
  448.000  4.878560e-01 
  449.000  4.891471e-01 
  450.000  4.904134e-01 
  451.000  4.916304e-01 
  452.000  4.928050e-01 
  453.000  4.939556e-01 
  454.000  4.950856e-01 
  455.000  4.961501e-01 
  456.000  4.971288e-01 
  457.000  4.981078e-01 
  458.000  4.990737e-01 
  459.000  5.000193e-01 
  460.000  5.009574e-01 
  461.000  5.018856e-01 
  462.000  5.027962e-01 
  463.000  5.037031e-01 
  464.000  5.048836e-01 
  465.000  5.060467e-01 
  466.000  5.071893e-01 
  467.000  5.083057e-01 
  468.000  5.092151e-01 
  469.000  5.099983e-01 
  470.000  5.107186e-01 
  471.000  5.113671e-01 
  472.000  5.119178e-01 
  473.000  5.123038e-01 
  474.000  5.126208e-01 
  475.000  5.127022e-01 
  476.000  5.125453e-01 
  477.000  5.125421e-01 
  478.000  5.134592e-01 
  479.000  5.148554e-01 
  480.000  5.163627e-01 
  481.000  5.177149e-01 
  482.000  5.189834e-01 
  483.000  5.200862e-01 
  484.000  5.210341e-01 
  485.000  5.218818e-01 
  486.000  5.227860e-01 
  487.000  5.237378e-01 
  488.000  5.246593e-01 
  489.000  5.255637e-01 
  490.000  5.264576e-01 
  491.000  5.271576e-01 
  492.000  5.277975e-01 
  493.000  5.284342e-01 
  494.000  5.290530e-01 
  495.000  5.296718e-01 
  496.000  5.299906e-01 
  497.000  5.302974e-01 
  498.000  5.305997e-01 
  499.000  5.308856e-01 
  500.000  5.311671e-01 
  501.000  5.314173e-01 
  502.000  5.316675e-01 
  503.000  5.319147e-01 
  504.000  5.321504e-01 
  505.000  5.323732e-01 
  506.000  5.330260e-01 
  507.000  5.336978e-01 
  508.000  5.343686e-01 
  509.000  5.350317e-01 
  510.000  5.356807e-01 
  511.000  5.362625e-01 
  512.000  5.368244e-01 
  513.000  5.373831e-01 
  514.000  5.379348e-01 
  515.000  5.384817e-01 
  516.000  5.388724e-01 
  517.000  5.391229e-01 
  518.000  5.393665e-01 
  519.000  5.396055e-01 
  520.000  5.398422e-01 
  521.000  5.400542e-01 
  522.000  5.402071e-01 
  523.000  5.403174e-01 
  524.000  5.404313e-01 
  525.000  5.405211e-01 
  526.000  5.406471e-01 
  527.000  5.406674e-01 
  528.000  5.406448e-01 
  529.000  5.406210e-01 
  530.000  5.406026e-01 
  531.000  5.405874e-01 
  532.000  5.406214e-01 
  533.000  5.409286e-01 
  534.000  5.413166e-01 
  535.000  5.417544e-01 
  536.000  5.421778e-01 
  537.000  5.425650e-01 
  538.000  5.429113e-01 
  539.000  5.432322e-01 
  540.000  5.435331e-01 
  541.000  5.438253e-01 
  542.000  5.441048e-01 
  543.000  5.443743e-01 
  544.000  5.445781e-01 
  545.000  5.447283e-01 
  546.000  5.448716e-01 
  547.000  5.450189e-01 
  548.000  5.451587e-01 
  549.000  5.452964e-01 
  550.000  5.453632e-01 
  551.000  5.453597e-01 
  552.000  5.453589e-01 
  553.000  5.453436e-01 
  554.000  5.453216e-01 
  555.000  5.452957e-01 
  556.000  5.452432e-01 
  557.000  5.451446e-01 
  558.000  5.450380e-01 
  559.000  5.449190e-01 
  560.000  5.447698e-01 
  561.000  5.445928e-01 
  562.000  5.441768e-01 
  563.000  5.439552e-01 
  564.000  5.436568e-01 
  565.000  5.431860e-01 
  566.000  5.429155e-01 
  567.000  5.418376e-01 
  568.000  5.386181e-01 
  569.000  5.315073e-01 
  570.000  5.325475e-01 
  571.000  5.374378e-01 
  572.000  5.326337e-01 
  573.000  5.338632e-01 
  574.000  5.341579e-01 
  575.000  5.338320e-01 
  576.000  5.340174e-01 
  577.000  5.357395e-01 
  578.000  5.378753e-01 
  579.000  5.397204e-01 
  580.000  5.412932e-01 
  581.000  5.436359e-01 
  582.000  5.451803e-01 
  583.000  5.460775e-01 
  584.000  5.469190e-01 
  585.000  5.475012e-01 
  586.000  5.481405e-01 
  587.000  5.462908e-01 
  588.000  5.365959e-01 
  589.000  5.214059e-01 
  590.000  5.206093e-01 
  591.000  5.312150e-01 
  592.000  5.258067e-01 
  593.000  5.379127e-01 
  594.000  5.354088e-01 
  595.000  5.271463e-01 
  596.000  5.389112e-01 
  597.000  5.360495e-01 
  598.000  5.407277e-01 
  599.000  5.425066e-01 
  600.000  5.467283e-01 
  601.000  5.494119e-01 
  602.000  5.501584e-01 
  603.000  5.514203e-01 
  604.000  5.528158e-01 
  605.000  5.538025e-01 
  606.000  5.544765e-01 
  607.000  5.551262e-01 
  608.000  5.557278e-01 
  609.000  5.563018e-01 
  610.000  5.568932e-01 
  611.000  5.575498e-01 
  612.000  5.581930e-01 
  613.000  5.588161e-01 
  614.000  5.594209e-01 
  615.000  5.600241e-01 
  616.000  5.606053e-01 
  617.000  5.611542e-01 
  618.000  5.616145e-01 
  619.000  5.620039e-01 
  620.000  5.623643e-01 
  621.000  5.626740e-01 
  622.000  5.629329e-01 
  623.000  5.631061e-01 
  624.000  5.632899e-01 
  625.000  5.634425e-01 
  626.000  5.630341e-01 
  627.000  5.591519e-01 
  628.000  5.402291e-01 
  629.000  5.512286e-01 
  630.000  5.548226e-01 
  631.000  5.585682e-01 
  632.000  5.570730e-01 
  633.000  5.626643e-01 
  634.000  5.651538e-01 
  635.000  5.662155e-01 
  636.000  5.678065e-01 
  637.000  5.691745e-01 
  638.000  5.720192e-01 
  639.000  5.729149e-01 
  640.000  5.747461e-01 
  641.000  5.755396e-01 
  642.000  5.768852e-01 
  643.000  5.760564e-01 
  644.000  5.766382e-01 
  645.000  5.751761e-01 
  646.000  5.669066e-01 
  647.000  5.612932e-01 
  648.000  5.549924e-01 
  649.000  5.612449e-01 
  650.000  5.729799e-01 
  651.000  5.733338e-01 
  652.000  5.636631e-01 
  653.000  5.755626e-01 
  654.000  5.746529e-01 
  655.000  5.707993e-01 
  656.000  5.726315e-01 
  657.000  5.752747e-01 
  658.000  5.795963e-01 
  659.000  5.822701e-01 
  660.000  5.836412e-01 
  661.000  5.868856e-01 
  662.000  5.885209e-01 
  663.000  5.886475e-01 
  664.000  5.894932e-01 
  665.000  5.902918e-01 
  666.000  5.912110e-01 
  667.000  5.919918e-01 
  668.000  5.929379e-01 
  669.000  5.935865e-01 
  670.000  5.941492e-01 
  671.000  5.947478e-01 
  672.000  5.952722e-01 
  673.000  5.957854e-01 
  674.000  5.962935e-01 
  675.000  5.968030e-01 
  676.000  5.972788e-01 
  677.000  5.977170e-01 
  678.000  5.981570e-01 
  679.000  5.985001e-01 
  680.000  5.984232e-01 
  681.000  5.982929e-01 
  682.000  5.985059e-01 
  683.000  5.985849e-01 
  684.000  5.980595e-01 
  685.000  5.989689e-01 
  686.000  5.963808e-01 
  687.000  5.094949e-01 
  688.000  5.368465e-01 
  689.000  5.288526e-01 
  690.000  5.431859e-01 
  691.000  5.613109e-01 
  692.000  5.712425e-01 
  693.000  5.629380e-01 
  694.000  5.527474e-01 
  695.000  5.616271e-01 
  696.000  5.668830e-01 
  697.000  5.898825e-01 
  698.000  5.851094e-01 
  699.000  5.644527e-01 
  700.000  5.678734e-01 
  701.000  5.633025e-01 
  702.000  5.667031e-01 
  703.000  5.840409e-01 
  704.000  5.848271e-01 
  705.000  5.777091e-01 
  706.000  5.791367e-01 
  707.000  5.817283e-01 
  708.000  5.845318e-01 
  709.000  5.902409e-01 
  710.000  5.842187e-01 
  711.000  5.904179e-01 
  712.000  5.957097e-01 
  713.000  5.914882e-01 
  714.000  5.900617e-01 
  715.000  5.831617e-01 
  716.000  5.759487e-01 
  717.000  5.313087e-01 
  718.000  5.043117e-01 
  719.000  4.946562e-01 
  720.000  4.803630e-01 
  721.000  5.440708e-01 
  722.000  5.672819e-01 
  723.000  5.541577e-01 
  724.000  5.173103e-01 
  725.000  5.226723e-01 
  726.000  5.209769e-01 
  727.000  5.261742e-01 
  728.000  5.205488e-01 
  729.000  5.346159e-01 
  730.000  5.322199e-01 
  731.000  5.293251e-01 
  732.000  5.532101e-01 
  733.000  5.764099e-01 
  734.000  5.876926e-01 
  735.000  5.837371e-01 
  736.000  5.763589e-01 
  737.000  5.819353e-01 
  738.000  5.896174e-01 
  739.000  5.929388e-01 
  740.000  6.003161e-01 
  741.000  6.045900e-01 
  742.000  6.063889e-01 
  743.000  6.103405e-01 
  744.000  6.120375e-01 
  745.000  6.134074e-01 
  746.000  6.144332e-01 
  747.000  6.147060e-01 
  748.000  6.156695e-01 
  749.000  6.161956e-01 
  750.000  6.158935e-01 
  751.000  6.160762e-01 
  752.000  6.169938e-01 
  753.000  6.173725e-01 
  754.000  6.176656e-01 
  755.000  6.178475e-01 
  756.000  6.180395e-01 
  757.000  6.181718e-01 
  758.000  6.169960e-01 
  759.000  5.698988e-01 
  760.000  2.361595e-01 
  761.000  2.067514e-01 
  762.000  3.934475e-01 
  763.000  3.338197e-01 
  764.000  3.631964e-01 
  765.000  4.310032e-01 
  766.000  5.146403e-01 
  767.000  5.575336e-01 
  768.000  5.858213e-01 
  769.000  6.045941e-01 
  770.000  6.146982e-01 
  771.000  6.194705e-01 
  772.000  6.206658e-01 
  773.000  6.211986e-01 
  774.000  6.218690e-01 
  775.000  6.222908e-01 
  776.000  6.225984e-01 
  777.000  6.226698e-01 
  778.000  6.226286e-01 
  779.000  6.225794e-01 
  780.000  6.225288e-01 
  781.000  6.229439e-01 
  782.000  6.228800e-01 
  783.000  6.228305e-01 
  784.000  6.225170e-01 
  785.000  6.209044e-01 
  786.000  6.184758e-01 
  787.000  6.128980e-01 
  788.000  6.099662e-01 
  789.000  5.995660e-01 
  790.000  5.986643e-01 
  791.000  6.006153e-01 
  792.000  6.024259e-01 
  793.000  6.066549e-01 
  794.000  6.156463e-01 
  795.000  6.101383e-01 
  796.000  5.955557e-01 
  797.000  5.997062e-01 
  798.000  6.089173e-01 
  799.000  6.068079e-01 
  800.000  6.000964e-01 
  801.000  6.008884e-01 
  802.000  6.002071e-01 
  803.000  6.011840e-01 
  804.000  6.043367e-01 
  805.000  6.103847e-01 
  806.000  6.140029e-01 
  807.000  6.141594e-01 
  808.000  6.120978e-01 
  809.000  6.095646e-01 
  810.000  6.067854e-01 
  811.000  6.011098e-01 
  812.000  5.934865e-01 
  813.000  5.841909e-01 
  814.000  5.719965e-01 
  815.000  5.569156e-01 
  816.000  5.378726e-01 
  817.000  5.388615e-01 
  818.000  5.403874e-01 
  819.000  5.466734e-01 
  820.000  5.677434e-01 
  821.000  5.920463e-01 
  822.000  5.735275e-01 
  823.000  5.228833e-01 
  824.000  5.654766e-01 
  825.000  5.934307e-01 
  826.000  5.886950e-01 
  827.000  5.851433e-01 
  828.000  5.667598e-01 
  829.000  5.733443e-01 
  830.000  5.807706e-01 
  831.000  5.825337e-01 
  832.000  5.833514e-01 
  833.000  5.876659e-01 
  834.000  5.927631e-01 
  835.000  6.028906e-01 
  836.000  5.996484e-01 
  837.000  5.993219e-01 
  838.000  6.042498e-01 
  839.000  6.072511e-01 
  840.000  6.083387e-01 
  841.000  6.050894e-01 
  842.000  6.080067e-01 
  843.000  6.149517e-01 
  844.000  6.181127e-01 
  845.000  6.195846e-01 
  846.000  6.211337e-01 
  847.000  6.228410e-01 
  848.000  6.200130e-01 
  849.000  6.203681e-01 
  850.000  6.189678e-01 
  851.000  6.173028e-01 
  852.000  6.174639e-01 
  853.000  6.202043e-01 
  854.000  6.200552e-01 
  855.000  6.214334e-01 
  856.000  6.243047e-01 
  857.000  6.253688e-01 
  858.000  6.260228e-01 
  859.000  6.273915e-01 
  860.000  6.280605e-01 
  861.000  6.281773e-01 
  862.000  6.285983e-01 
  863.000  6.286505e-01 
  864.000  6.289383e-01 
  865.000  6.291731e-01 
  866.000  6.292332e-01 
  867.000  6.291872e-01 
  868.000  6.292216e-01 
  869.000  6.292976e-01 
  870.000  6.292366e-01 
  871.000  6.293083e-01 
  872.000  6.294879e-01 
  873.000  6.293027e-01 
  874.000  6.292011e-01 
  875.000  6.291749e-01 
  876.000  6.288541e-01 
  877.000  6.287374e-01 
  878.000  6.278714e-01 
  879.000  6.278095e-01 
  880.000  6.270624e-01 
  881.000  6.266162e-01 
  882.000  6.262543e-01 
  883.000  6.266064e-01 
  884.000  6.267721e-01 
  885.000  6.252275e-01 
  886.000  6.232252e-01 
  887.000  6.248837e-01 
  888.000  6.247802e-01 
  889.000  6.252757e-01 
  890.000  6.239942e-01 
  891.000  6.213673e-01 
  892.000  6.158402e-01 
  893.000  5.991990e-01 
  894.000  5.908981e-01 
  895.000  5.660088e-01 
  896.000  5.438614e-01 
  897.000  5.207368e-01 
  898.000  5.100102e-01 
  899.000  4.804832e-01 
  900.000  4.846106e-01 
  901.000  4.770398e-01 
  902.000  4.785626e-01 
  903.000  5.283313e-01 
  904.000  5.594624e-01 
  905.000  5.584128e-01 
  906.000  5.389286e-01 
  907.000  5.049864e-01 
  908.000  4.829642e-01 
  909.000  4.838279e-01 
  910.000  4.870953e-01 
  911.000  5.016707e-01 
  912.000  4.946074e-01 
  913.000  4.642712e-01 
  914.000  4.792173e-01 
  915.000  4.911442e-01 
  916.000  4.944375e-01 
  917.000  5.010185e-01 
  918.000  5.095373e-01 
  919.000  5.386554e-01 
  920.000  5.610464e-01 
  921.000  5.561768e-01 
  922.000  5.557738e-01 
  923.000  5.495350e-01 
  924.000  5.346178e-01 
  925.000  5.332288e-01 
  926.000  5.324657e-01 
  927.000  5.148938e-01 
  928.000  4.882463e-01 
  929.000  4.506029e-01 
  930.000  4.042110e-01 
  931.000  3.543961e-01 
  932.000  2.915486e-01 
  933.000  2.481368e-01 
  934.000  2.063293e-01 
  935.000  2.017884e-01 
  936.000  2.175443e-01 
  937.000  2.137371e-01 
  938.000  2.613206e-01 
  939.000  3.957923e-01 
  940.000  4.174103e-01 
  941.000  3.992328e-01 
  942.000  3.552167e-01 
  943.000  2.853906e-01 
  944.000  2.805063e-01 
  945.000  3.047275e-01 
  946.000  3.063271e-01 
  947.000  3.290923e-01 
  948.000  3.426217e-01 
  949.000  3.411461e-01 
  950.000  3.447115e-01 
  951.000  3.753769e-01 
  952.000  3.431707e-01 
  953.000  3.662405e-01 
  954.000  3.915212e-01 
  955.000  3.716488e-01 
  956.000  3.677310e-01 
  957.000  4.321482e-01 
  958.000  4.410262e-01 
  959.000  4.303936e-01 
  960.000  4.274621e-01 
  961.000  4.221990e-01 
  962.000  4.273325e-01 
  963.000  4.638188e-01 
  964.000  4.692568e-01 
  965.000  4.659108e-01 
  966.000  4.680901e-01 
  967.000  4.947787e-01 
  968.000  5.401935e-01 
  969.000  5.611268e-01 
  970.000  5.623297e-01 
  971.000  5.618503e-01 
  972.000  5.558929e-01 
  973.000  5.422347e-01 
  974.000  5.257653e-01 
  975.000  5.152676e-01 
  976.000  5.281216e-01 
  977.000  5.495654e-01 
  978.000  5.478895e-01 
  979.000  5.535635e-01 
  980.000  5.757613e-01 
  981.000  5.807558e-01 
  982.000  5.758660e-01 
  983.000  5.873815e-01 
  984.000  5.992832e-01 
  985.000  6.060817e-01 
  986.000  6.148750e-01 
  987.000  6.187091e-01 
  988.000  6.195996e-01 
  989.000  6.201690e-01 
  990.000  6.211026e-01 
  991.000  6.243829e-01 
  992.000  6.253120e-01 
  993.000  6.256572e-01 
  994.000  6.286163e-01 
  995.000  6.305240e-01 
  996.000  6.305010e-01 
  997.000  6.291690e-01 
  998.000  6.278174e-01 
  999.000  6.272609e-01 
 1000.000  6.277031e-01 
 1001.000  6.245568e-01 
 1002.000  6.195349e-01 
 1003.000  6.207194e-01 
 1004.000  6.235986e-01 
 1005.000  6.249122e-01 
 1006.000  6.253326e-01 
 1007.000  6.243668e-01 
 1008.000  6.202742e-01 
 1009.000  6.148155e-01 
 1010.000  6.172417e-01 
 1011.000  6.230425e-01 
 1012.000  6.252545e-01 
 1013.000  6.269969e-01 
 1014.000  6.277261e-01 
 1015.000  6.278648e-01 
 1016.000  6.286515e-01 
 1017.000  6.291068e-01 
 1018.000  6.281187e-01 
 1019.000  6.260959e-01 
 1020.000  6.268040e-01 
 1021.000  6.282596e-01 
 1022.000  6.258113e-01 
 1023.000  6.237652e-01 
 1024.000  6.225411e-01 
 1025.000  6.262934e-01 
 1026.000  6.279535e-01 
 1027.000  6.272501e-01 
 1028.000  6.278326e-01 
 1029.000  6.293397e-01 
 1030.000  6.308501e-01 
 1031.000  6.316234e-01 
 1032.000  6.322867e-01 
 1033.000  6.324141e-01 
 1034.000  6.327794e-01 
 1035.000  6.329591e-01 
 1036.000  6.328698e-01 
 1037.000  6.329259e-01 
 1038.000  6.330509e-01 
 1039.000  6.328194e-01 
 1040.000  6.326248e-01 
 1041.000  6.324712e-01 
 1042.000  6.324307e-01 
 1043.000  6.324319e-01 
 1044.000  6.322993e-01 
 1045.000  6.318641e-01 
 1046.000  6.315748e-01 
 1047.000  6.312352e-01 
 1048.000  6.308274e-01 
 1049.000  6.304510e-01 
 1050.000  6.300171e-01 
 1051.000  6.293892e-01 
 1052.000  6.289712e-01 
 1053.000  6.289005e-01 
 1054.000  6.282443e-01 
 1055.000  6.276287e-01 
 1056.000  6.270927e-01 
 1057.000  6.257257e-01 
 1058.000  6.232275e-01 
 1059.000  6.233905e-01 
 1060.000  6.246526e-01 
 1061.000  6.243432e-01 
 1062.000  6.227753e-01 
 1063.000  6.222161e-01 
 1064.000  6.208915e-01 
 1065.000  6.194348e-01 
 1066.000  6.195634e-01 
 1067.000  6.186953e-01 
 1068.000  6.155624e-01 
 1069.000  6.139984e-01 
 1070.000  6.144456e-01 
 1071.000  6.124200e-01 
 1072.000  6.103553e-01 
 1073.000  6.099452e-01 
 1074.000  6.102348e-01 
 1075.000  6.132545e-01 
 1076.000  6.113377e-01 
 1077.000  6.087750e-01 
 1078.000  6.057646e-01 
 1079.000  6.053576e-01 
 1080.000  5.973567e-01 
 1081.000  5.968921e-01 
 1082.000  6.003864e-01 
 1083.000  5.961313e-01 
 1084.000  5.914936e-01 
 1085.000  5.805142e-01 
 1086.000  5.830477e-01 
 1087.000  5.950943e-01 
 1088.000  5.955658e-01 
 1089.000  5.808543e-01 
 1090.000  5.780721e-01 
 1091.000  5.808188e-01 
 1092.000  5.735275e-01 
 1093.000  5.574018e-01 
 1094.000  5.504157e-01 
 1095.000  5.514991e-01 
 1096.000  5.524411e-01 
 1097.000  5.491647e-01 
 1098.000  5.106758e-01 
 1099.000  4.784906e-01 
 1100.000  4.805946e-01 
 1101.000  4.849342e-01 
 1102.000  4.826856e-01 
 1103.000  4.855027e-01 
 1104.000  4.800803e-01 
 1105.000  4.666480e-01 
 1106.000  4.533453e-01 
 1107.000  4.564189e-01 
 1108.000  4.585285e-01 
 1109.000  4.695009e-01 
 1110.000  4.675535e-01 
 1111.000  4.609440e-01 
 1112.000  4.329634e-01 
 1113.000  3.952177e-01 
 1114.000  3.842165e-01 
 1115.000  3.395590e-01 
 1116.000  3.129482e-01 
 1117.000  2.552846e-01 
 1118.000  2.054188e-01 
 1119.000  1.799845e-01 
 1120.000  1.507093e-01 
 1121.000  1.443426e-01 
 1122.000  1.170580e-01 
 1123.000  1.309894e-01 
 1124.000  1.407195e-01 
 1125.000  1.354034e-01 
 1126.000  1.334036e-01 
 1127.000  1.359641e-01 
 1128.000  1.409149e-01 
 1129.000  1.694151e-01 
 1130.000  2.413505e-01 
 1131.000  2.637002e-01 
 1132.000  2.330076e-01 
 1133.000  1.812073e-01 
 1134.000  9.932742e-02 
 1135.000  1.050451e-01 
 1136.000  1.892025e-01 
 1137.000  2.420211e-01 
 1138.000  2.978761e-01 
 1139.000  3.169462e-01 
 1140.000  3.059576e-01 
 1141.000  2.845688e-01 
 1142.000  2.768347e-01 
 1143.000  2.531489e-01 
 1144.000  2.275901e-01 
 1145.000  1.922150e-01 
 1146.000  2.004481e-01 
 1147.000  2.284091e-01 
 1148.000  2.542797e-01 
 1149.000  2.653083e-01 
 1150.000  2.666684e-01 
