  320.000  2.056447e-01 
  321.000  2.505102e-01 
  322.000  2.329248e-01 
  323.000  2.552054e-01 
  324.000  2.775013e-01 
  325.000  2.608936e-01 
  326.000  2.881424e-01 
  327.000  2.957388e-01 
  328.000  2.793282e-01 
  329.000  3.108153e-01 
  330.000  3.158009e-01 
  331.000  3.059346e-01 
  332.000  3.249805e-01 
  333.000  3.305305e-01 
  334.000  3.259737e-01 
  335.000  3.399275e-01 
  336.000  3.455761e-01 
  337.000  3.431958e-01 
  338.000  3.498137e-01 
  339.000  3.566415e-01 
  340.000  3.555196e-01 
  341.000  3.621477e-01 
  342.000  3.669934e-01 
  343.000  3.694268e-01 
  344.000  3.699240e-01 
  345.000  3.764885e-01 
  346.000  3.806321e-01 
  347.000  3.840096e-01 
  348.000  3.871724e-01 
  349.000  3.907241e-01 
  350.000  3.937592e-01 
  351.000  3.967812e-01 
  352.000  3.992597e-01 
  353.000  4.027831e-01 
  354.000  4.057817e-01 
  355.000  4.085712e-01 
  356.000  4.112884e-01 
  357.000  4.137061e-01 
  358.000  4.163067e-01 
  359.000  4.189039e-01 
  360.000  4.215630e-01 
  361.000  4.249210e-01 
  362.000  4.284162e-01 
  363.000  4.316338e-01 
  364.000  4.345939e-01 
  365.000  4.373693e-01 
  366.000  4.402063e-01 
  367.000  4.429064e-01 
  368.000  4.455811e-01 
  369.000  4.482317e-01 
  370.000  4.508539e-01 
  371.000  4.534547e-01 
  372.000  4.560331e-01 
  373.000  4.585887e-01 
  374.000  4.611023e-01 
  375.000  4.635666e-01 
  376.000  4.659462e-01 
  377.000  4.681945e-01 
  378.000  4.702822e-01 
  379.000  4.724028e-01 
  380.000  4.747343e-01 
  381.000  4.773873e-01 
  382.000  4.801354e-01 
  383.000  4.827331e-01 
  384.000  4.851962e-01 
  385.000  4.875685e-01 
  386.000  4.898790e-01 
  387.000  4.921513e-01 
  388.000  4.943937e-01 
  389.000  4.966166e-01 
  390.000  4.988208e-01 
  391.000  5.010014e-01 
  392.000  5.031649e-01 
  393.000  5.053097e-01 
  394.000  5.074337e-01 
  395.000  5.095350e-01 
  396.000  5.116219e-01 
  397.000  5.136836e-01 
  398.000  5.157256e-01 
  399.000  5.177494e-01 
  400.000  5.197443e-01 
  401.000  5.217307e-01 
  402.000  5.237005e-01 
  403.000  5.256524e-01 
  404.000  5.275863e-01 
  405.000  5.294982e-01 
  406.000  5.313966e-01 
  407.000  5.332794e-01 
  408.000  5.351449e-01 
  409.000  5.369915e-01 
  410.000  5.388198e-01 
  411.000  5.406293e-01 
  412.000  5.424188e-01 
  413.000  5.441973e-01 
  414.000  5.458475e-01 
  415.000  5.476322e-01 
  416.000  5.493935e-01 
  417.000  5.511249e-01 
  418.000  5.528159e-01 
  419.000  5.544876e-01 
  420.000  5.561437e-01 
  421.000  5.577893e-01 
  422.000  5.594242e-01 
  423.000  5.610464e-01 
  424.000  5.626490e-01 
  425.000  5.642142e-01 
  426.000  5.657638e-01 
  427.000  5.672992e-01 
  428.000  5.688068e-01 
  429.000  5.702929e-01 
  430.000  5.717614e-01 
  431.000  5.732184e-01 
  432.000  5.746598e-01 
  433.000  5.760871e-01 
  434.000  5.775020e-01 
  435.000  5.789027e-01 
  436.000  5.802873e-01 
  437.000  5.816565e-01 
  438.000  5.830098e-01 
  439.000  5.843523e-01 
  440.000  5.856727e-01 
  441.000  5.869761e-01 
  442.000  5.882586e-01 
  443.000  5.895214e-01 
  444.000  5.907640e-01 
  445.000  5.919796e-01 
  446.000  5.931612e-01 
  447.000  5.944001e-01 
  448.000  5.957280e-01 
  449.000  5.970719e-01 
  450.000  5.983895e-01 
  451.000  5.996554e-01 
  452.000  6.008765e-01 
  453.000  6.020725e-01 
  454.000  6.032465e-01 
  455.000  6.043522e-01 
  456.000  6.053684e-01 
  457.000  6.063846e-01 
  458.000  6.073870e-01 
  459.000  6.083680e-01 
  460.000  6.093409e-01 
  461.000  6.103034e-01 
  462.000  6.112474e-01 
  463.000  6.121871e-01 
  464.000  6.134102e-01 
  465.000  6.146147e-01 
  466.000  6.157977e-01 
  467.000  6.169531e-01 
  468.000  6.178940e-01 
  469.000  6.187042e-01 
  470.000  6.194491e-01 
  471.000  6.201196e-01 
  472.000  6.206890e-01 
  473.000  6.210880e-01 
  474.000  6.214156e-01 
  475.000  6.214997e-01 
  476.000  6.213375e-01 
  477.000  6.213342e-01 
  478.000  6.222820e-01 
  479.000  6.237243e-01 
  480.000  6.252807e-01 
  481.000  6.266766e-01 
  482.000  6.279853e-01 
  483.000  6.291228e-01 
  484.000  6.301003e-01 
  485.000  6.309742e-01 
  486.000  6.319061e-01 
  487.000  6.328869e-01 
  488.000  6.338360e-01 
  489.000  6.347675e-01 
  490.000  6.356878e-01 
  491.000  6.364083e-01 
  492.000  6.370669e-01 
  493.000  6.377221e-01 
  494.000  6.383587e-01 
  495.000  6.389952e-01 
  496.000  6.393231e-01 
  497.000  6.396386e-01 
  498.000  6.399494e-01 
  499.000  6.402435e-01 
  500.000  6.405329e-01 
  501.000  6.407901e-01 
  502.000  6.410473e-01 
  503.000  6.413013e-01 
  504.000  6.415436e-01 
  505.000  6.417727e-01 
  506.000  6.424435e-01 
  507.000  6.431338e-01 
  508.000  6.438228e-01 
  509.000  6.445039e-01 
  510.000  6.451703e-01 
  511.000  6.457677e-01 
  512.000  6.463446e-01 
  513.000  6.469180e-01 
  514.000  6.474842e-01 
  515.000  6.480454e-01 
  516.000  6.484463e-01 
  517.000  6.487033e-01 
  518.000  6.489531e-01 
  519.000  6.491983e-01 
  520.000  6.494411e-01 
  521.000  6.496585e-01 
  522.000  6.498153e-01 
  523.000  6.499284e-01 
  524.000  6.500452e-01 
  525.000  6.501373e-01 
  526.000  6.502665e-01 
  527.000  6.502873e-01 
  528.000  6.502642e-01 
  529.000  6.502398e-01 
  530.000  6.502208e-01 
  531.000  6.502053e-01 
  532.000  6.502402e-01 
  533.000  6.505552e-01 
  534.000  6.509530e-01 
  535.000  6.514019e-01 
  536.000  6.518358e-01 
  537.000  6.522327e-01 
  538.000  6.525876e-01 
  539.000  6.529164e-01 
  540.000  6.532248e-01 
  541.000  6.535242e-01 
  542.000  6.538104e-01 
  543.000  6.540866e-01 
  544.000  6.542953e-01 
  545.000  6.544492e-01 
  546.000  6.545959e-01 
  547.000  6.547468e-01 
  548.000  6.548900e-01 
  549.000  6.550310e-01 
  550.000  6.550995e-01 
  551.000  6.550959e-01 
  552.000  6.550950e-01 
  553.000  6.550794e-01 
  554.000  6.550568e-01 
  555.000  6.550303e-01 
  556.000  6.549765e-01 
  557.000  6.548756e-01 
  558.000  6.547664e-01 
  559.000  6.546445e-01 
  560.000  6.544919e-01 
  561.000  6.543110e-01 
  562.000  6.539332e-01 
  563.000  6.537104e-01 
  564.000  6.534167e-01 
  565.000  6.529689e-01 
  566.000  6.526696e-01 
  567.000  6.516807e-01 
  568.000  6.487738e-01 
  569.000  6.426922e-01 
  570.000  6.434996e-01 
  571.000  6.476125e-01 
  572.000  6.433838e-01 
  573.000  6.443401e-01 
  574.000  6.445180e-01 
  575.000  6.441955e-01 
  576.000  6.443788e-01 
  577.000  6.458341e-01 
  578.000  6.478522e-01 
  579.000  6.496035e-01 
  580.000  6.512312e-01 
  581.000  6.535507e-01 
  582.000  6.551404e-01 
  583.000  6.561413e-01 
  584.000  6.570254e-01 
  585.000  6.577349e-01 
  586.000  6.584030e-01 
  587.000  6.569816e-01 
  588.000  6.488621e-01 
  589.000  6.359208e-01 
  590.000  6.353051e-01 
  591.000  6.444947e-01 
  592.000  6.399024e-01 
  593.000  6.503416e-01 
  594.000  6.482533e-01 
  595.000  6.412085e-01 
  596.000  6.512533e-01 
  597.000  6.487393e-01 
  598.000  6.526738e-01 
  599.000  6.541235e-01 
  600.000  6.576513e-01 
  601.000  6.599022e-01 
  602.000  6.604750e-01 
  603.000  6.615751e-01 
  604.000  6.628580e-01 
  605.000  6.637819e-01 
  606.000  6.644481e-01 
  607.000  6.650915e-01 
  608.000  6.657021e-01 
  609.000  6.662859e-01 
  610.000  6.668894e-01 
  611.000  6.675597e-01 
  612.000  6.682162e-01 
  613.000  6.688520e-01 
  614.000  6.694691e-01 
  615.000  6.700845e-01 
  616.000  6.706773e-01 
  617.000  6.712372e-01 
  618.000  6.717065e-01 
  619.000  6.721035e-01 
  620.000  6.724710e-01 
  621.000  6.727868e-01 
  622.000  6.730507e-01 
  623.000  6.732272e-01 
  624.000  6.734149e-01 
  625.000  6.735714e-01 
  626.000  6.732808e-01 
  627.000  6.698272e-01 
  628.000  6.488890e-01 
  629.000  6.615368e-01 
  630.000  6.645860e-01 
  631.000  6.686339e-01 
  632.000  6.680627e-01 
  633.000  6.732235e-01 
  634.000  6.758040e-01 
  635.000  6.769316e-01 
  636.000  6.786305e-01 
  637.000  6.800167e-01 
  638.000  6.826038e-01 
  639.000  6.835639e-01 
  640.000  6.853089e-01 
  641.000  6.861674e-01 
  642.000  6.874589e-01 
  643.000  6.868950e-01 
  644.000  6.875226e-01 
  645.000  6.864139e-01 
  646.000  6.795301e-01 
  647.000  6.748758e-01 
  648.000  6.696082e-01 
  649.000  6.750591e-01 
  650.000  6.851372e-01 
  651.000  6.855282e-01 
  652.000  6.773897e-01 
  653.000  6.875972e-01 
  654.000  6.869114e-01 
  655.000  6.837288e-01 
  656.000  6.853731e-01 
  657.000  6.876933e-01 
  658.000  6.914365e-01 
  659.000  6.937823e-01 
  660.000  6.950272e-01 
  661.000  6.978542e-01 
  662.000  6.993595e-01 
  663.000  6.995179e-01 
  664.000  7.003537e-01 
  665.000  7.010786e-01 
  666.000  7.019479e-01 
  667.000  7.027095e-01 
  668.000  7.035754e-01 
  669.000  7.042037e-01 
  670.000  7.047634e-01 
  671.000  7.053511e-01 
  672.000  7.058792e-01 
  673.000  7.063980e-01 
  674.000  7.069122e-01 
  675.000  7.074271e-01 
  676.000  7.079104e-01 
  677.000  7.083549e-01 
  678.000  7.088006e-01 
  679.000  7.091674e-01 
  680.000  7.091947e-01 
  681.000  7.091224e-01 
  682.000  7.094053e-01 
  683.000  7.095035e-01 
  684.000  7.091143e-01 
  685.000  7.100005e-01 
  686.000  7.072425e-01 
  687.000  6.121519e-01 
  688.000  6.419690e-01 
  689.000  6.334415e-01 
  690.000  6.489924e-01 
  691.000  6.693507e-01 
  692.000  6.816121e-01 
  693.000  6.767870e-01 
  694.000  6.693605e-01 
  695.000  6.777757e-01 
  696.000  6.826447e-01 
  697.000  7.027967e-01 
  698.000  6.987423e-01 
  699.000  6.808070e-01 
  700.000  6.838583e-01 
  701.000  6.798997e-01 
  702.000  6.829128e-01 
  703.000  6.980496e-01 
  704.000  6.987617e-01 
  705.000  6.926004e-01 
  706.000  6.938686e-01 
  707.000  6.961492e-01 
  708.000  6.986098e-01 
  709.000  7.035876e-01 
  710.000  6.983989e-01 
  711.000  7.038049e-01 
  712.000  7.084156e-01 
  713.000  7.048088e-01 
  714.000  7.036286e-01 
  715.000  6.977290e-01 
  716.000  6.916020e-01 
  717.000  6.524610e-01 
  718.000  6.284322e-01 
  719.000  6.198155e-01 
  720.000  6.067524e-01 
  721.000  6.640826e-01 
  722.000  6.845195e-01 
  723.000  6.730224e-01 
  724.000  6.403094e-01 
  725.000  6.451878e-01 
  726.000  6.436688e-01 
  727.000  6.483222e-01 
  728.000  6.432788e-01 
  729.000  6.558353e-01 
  730.000  6.536630e-01 
  731.000  6.510363e-01 
  732.000  6.722263e-01 
  733.000  6.925300e-01 
  734.000  7.023128e-01 
  735.000  6.988753e-01 
  736.000  6.924555e-01 
  737.000  6.973180e-01 
  738.000  7.039971e-01 
  739.000  7.068784e-01 
  740.000  7.132562e-01 
  741.000  7.169457e-01 
  742.000  7.185019e-01 
  743.000  7.219108e-01 
  744.000  7.233825e-01 
  745.000  7.245771e-01 
  746.000  7.255192e-01 
  747.000  7.257748e-01 
  748.000  7.266266e-01 
  749.000  7.270879e-01 
  750.000  7.268482e-01 
  751.000  7.270328e-01 
  752.000  7.278430e-01 
  753.000  7.281851e-01 
  754.000  7.284580e-01 
  755.000  7.286415e-01 
  756.000  7.288328e-01 
  757.000  7.289657e-01 
  758.000  7.277465e-01 
  759.000  6.767117e-01 
  760.000  3.024121e-01 
  761.000  2.677835e-01 
  762.000  4.822372e-01 
  763.000  4.149490e-01 
  764.000  4.482057e-01 
  765.000  5.241234e-01 
  766.000  6.163760e-01 
  767.000  6.631684e-01 
  768.000  6.938525e-01 
  769.000  7.141395e-01 
  770.000  7.249287e-01 
  771.000  7.301288e-01 
  772.000  7.314083e-01 
  773.000  7.319864e-01 
  774.000  7.327034e-01 
  775.000  7.331254e-01 
  776.000  7.334283e-01 
  777.000  7.335185e-01 
  778.000  7.335095e-01 
  779.000  7.334892e-01 
  780.000  7.334660e-01 
  781.000  7.338201e-01 
  782.000  7.337862e-01 
  783.000  7.337638e-01 
  784.000  7.334946e-01 
  785.000  7.320992e-01 
  786.000  7.300034e-01 
  787.000  7.251796e-01 
  788.000  7.226503e-01 
  789.000  7.135944e-01 
  790.000  7.128249e-01 
  791.000  7.145452e-01 
  792.000  7.161354e-01 
  793.000  7.198322e-01 
  794.000  7.276670e-01 
  795.000  7.228903e-01 
  796.000  7.101639e-01 
  797.000  7.138107e-01 
  798.000  7.218627e-01 
  799.000  7.200331e-01 
  800.000  7.141839e-01 
  801.000  7.148880e-01 
  802.000  7.143027e-01 
  803.000  7.151655e-01 
  804.000  7.179239e-01 
  805.000  7.232045e-01 
  806.000  7.263588e-01 
  807.000  7.265045e-01 
  808.000  7.247253e-01 
  809.000  7.225377e-01 
  810.000  7.201412e-01 
  811.000  7.152184e-01 
  812.000  7.085947e-01 
  813.000  7.004842e-01 
  814.000  6.897904e-01 
  815.000  6.765032e-01 
  816.000  6.594745e-01 
  817.000  6.604260e-01 
  818.000  6.618166e-01 
  819.000  6.674291e-01 
  820.000  6.862007e-01 
  821.000  7.076688e-01 
  822.000  6.913437e-01 
  823.000  6.459254e-01 
  824.000  6.841938e-01 
  825.000  7.088793e-01 
  826.000  7.046654e-01 
  827.000  7.015476e-01 
  828.000  6.853011e-01 
  829.000  6.911536e-01 
  830.000  6.977145e-01 
  831.000  6.992583e-01 
  832.000  6.999377e-01 
  833.000  7.037244e-01 
  834.000  7.081833e-01 
  835.000  7.170308e-01 
  836.000  7.141883e-01 
  837.000  7.138899e-01 
  838.000  7.182007e-01 
  839.000  7.208180e-01 
  840.000  7.217715e-01 
  841.000  7.189392e-01 
  842.000  7.214886e-01 
  843.000  7.275407e-01 
  844.000  7.302876e-01 
  845.000  7.315701e-01 
  846.000  7.329189e-01 
  847.000  7.344063e-01 
  848.000  7.319624e-01 
  849.000  7.322805e-01 
  850.000  7.310750e-01 
  851.000  7.296375e-01 
  852.000  7.297854e-01 
  853.000  7.321719e-01 
  854.000  7.320467e-01 
  855.000  7.332482e-01 
  856.000  7.356350e-01 
  857.000  7.367178e-01 
  858.000  7.372474e-01 
  859.000  7.384440e-01 
  860.000  7.390648e-01 
  861.000  7.391698e-01 
  862.000  7.395209e-01 
  863.000  7.395739e-01 
  864.000  7.398173e-01 
  865.000  7.400178e-01 
  866.000  7.400771e-01 
  867.000  7.400497e-01 
  868.000  7.400879e-01 
  869.000  7.401600e-01 
  870.000  7.401204e-01 
  871.000  7.401888e-01 
  872.000  7.403453e-01 
  873.000  7.402043e-01 
  874.000  7.401313e-01 
  875.000  7.401200e-01 
  876.000  7.398683e-01 
  877.000  7.397440e-01 
  878.000  7.389795e-01 
  879.000  7.389715e-01 
  880.000  7.382827e-01 
  881.000  7.379458e-01 
  882.000  7.375854e-01 
  883.000  7.379538e-01 
  884.000  7.381049e-01 
  885.000  7.367588e-01 
  886.000  7.349611e-01 
  887.000  7.363319e-01 
  888.000  7.362490e-01 
  889.000  7.367123e-01 
  890.000  7.356947e-01 
  891.000  7.334192e-01 
  892.000  7.286201e-01 
  893.000  7.140345e-01 
  894.000  7.067719e-01 
  895.000  6.846377e-01 
  896.000  6.648235e-01 
  897.000  6.439683e-01 
  898.000  6.342282e-01 
  899.000  6.068164e-01 
  900.000  6.107606e-01 
  901.000  6.036460e-01 
  902.000  6.049692e-01 
  903.000  6.510528e-01 
  904.000  6.792869e-01 
  905.000  6.782699e-01 
  906.000  6.606159e-01 
  907.000  6.294773e-01 
  908.000  6.090087e-01 
  909.000  6.098721e-01 
  910.000  6.129507e-01 
  911.000  6.265376e-01 
  912.000  6.199592e-01 
  913.000  5.914339e-01 
  914.000  6.055285e-01 
  915.000  6.166536e-01 
  916.000  6.196758e-01 
  917.000  6.257307e-01 
  918.000  6.335600e-01 
  919.000  6.602169e-01 
  920.000  6.804079e-01 
  921.000  6.759665e-01 
  922.000  6.755894e-01 
  923.000  6.699563e-01 
  924.000  6.564296e-01 
  925.000  6.552886e-01 
  926.000  6.549114e-01 
  927.000  6.391056e-01 
  928.000  6.148478e-01 
  929.000  5.799507e-01 
  930.000  5.358022e-01 
  931.000  4.867876e-01 
  932.000  4.230750e-01 
  933.000  3.761234e-01 
  934.000  3.283969e-01 
  935.000  3.233020e-01 
  936.000  3.420439e-01 
  937.000  3.373043e-01 
  938.000  3.906160e-01 
  939.000  5.306998e-01 
  940.000  5.517660e-01 
  941.000  5.336460e-01 
  942.000  4.892912e-01 
  943.000  4.159901e-01 
  944.000  4.108695e-01 
  945.000  4.371027e-01 
  946.000  4.386000e-01 
  947.000  4.621707e-01 
  948.000  4.760163e-01 
  949.000  4.742432e-01 
  950.000  4.778000e-01 
  951.000  5.088331e-01 
  952.000  4.757391e-01 
  953.000  4.990045e-01 
  954.000  5.240219e-01 
  955.000  5.038196e-01 
  956.000  4.993548e-01 
  957.000  5.626678e-01 
  958.000  5.709197e-01 
  959.000  5.604016e-01 
  960.000  5.573630e-01 
  961.000  5.520977e-01 
  962.000  5.569310e-01 
  963.000  5.917795e-01 
  964.000  5.968029e-01 
  965.000  5.934888e-01 
  966.000  5.953994e-01 
  967.000  6.203188e-01 
  968.000  6.619817e-01 
  969.000  6.808264e-01 
  970.000  6.818457e-01 
  971.000  6.813974e-01 
  972.000  6.760442e-01 
  973.000  6.636871e-01 
  974.000  6.486465e-01 
  975.000  6.389862e-01 
  976.000  6.507966e-01 
  977.000  6.703205e-01 
  978.000  6.687396e-01 
  979.000  6.738054e-01 
  980.000  6.937349e-01 
  981.000  6.981541e-01 
  982.000  6.937199e-01 
  983.000  7.039546e-01 
  984.000  7.144911e-01 
  985.000  7.204773e-01 
  986.000  7.282025e-01 
  987.000  7.315482e-01 
  988.000  7.323122e-01 
  989.000  7.327997e-01 
  990.000  7.336131e-01 
  991.000  7.364854e-01 
  992.000  7.372994e-01 
  993.000  7.376020e-01 
  994.000  7.401012e-01 
  995.000  7.418709e-01 
  996.000  7.418538e-01 
  997.000  7.407409e-01 
  998.000  7.395092e-01 
  999.000  7.390267e-01 
 1000.000  7.394198e-01 
 1001.000  7.366662e-01 
 1002.000  7.322612e-01 
 1003.000  7.333062e-01 
 1004.000  7.358387e-01 
 1005.000  7.369952e-01 
 1006.000  7.373627e-01 
 1007.000  7.365205e-01 
 1008.000  7.329292e-01 
 1009.000  7.281275e-01 
 1010.000  7.302645e-01 
 1011.000  7.353619e-01 
 1012.000  7.373022e-01 
 1013.000  7.388262e-01 
 1014.000  7.394626e-01 
 1015.000  7.395812e-01 
 1016.000  7.401695e-01 
 1017.000  7.405763e-01 
 1018.000  7.398016e-01 
 1019.000  7.380291e-01 
 1020.000  7.386491e-01 
 1021.000  7.399250e-01 
 1022.000  7.377768e-01 
 1023.000  7.359780e-01 
 1024.000  7.348993e-01 
 1025.000  7.381881e-01 
 1026.000  7.396365e-01 
 1027.000  7.390143e-01 
 1028.000  7.395154e-01 
 1029.000  7.408777e-01 
 1030.000  7.421934e-01 
 1031.000  7.428666e-01 
 1032.000  7.433876e-01 
 1033.000  7.435299e-01 
 1034.000  7.438109e-01 
 1035.000  7.439656e-01 
 1036.000  7.438427e-01 
 1037.000  7.438465e-01 
 1038.000  7.439433e-01 
 1039.000  7.437417e-01 
 1040.000  7.435607e-01 
 1041.000  7.434168e-01 
 1042.000  7.433710e-01 
 1043.000  7.433552e-01 
 1044.000  7.432203e-01 
 1045.000  7.428309e-01 
 1046.000  7.425638e-01 
 1047.000  7.422418e-01 
 1048.000  7.418070e-01 
 1049.000  7.413669e-01 
 1050.000  7.409379e-01 
 1051.000  7.403790e-01 
 1052.000  7.399775e-01 
 1053.000  7.398822e-01 
 1054.000  7.393094e-01 
 1055.000  7.387008e-01 
 1056.000  7.381763e-01 
 1057.000  7.369190e-01 
 1058.000  7.347033e-01 
 1059.000  7.347468e-01 
 1060.000  7.358089e-01 
 1061.000  7.355013e-01 
 1062.000  7.340929e-01 
 1063.000  7.334881e-01 
 1064.000  7.322341e-01 
 1065.000  7.308118e-01 
 1066.000  7.309130e-01 
 1067.000  7.302132e-01 
 1068.000  7.274855e-01 
 1069.000  7.263059e-01 
 1070.000  7.268378e-01 
 1071.000  7.251722e-01 
 1072.000  7.234280e-01 
 1073.000  7.231490e-01 
 1074.000  7.234809e-01 
 1075.000  7.262227e-01 
 1076.000  7.246038e-01 
 1077.000  7.224075e-01 
 1078.000  7.198107e-01 
 1079.000  7.195150e-01 
 1080.000  7.124726e-01 
 1081.000  7.121066e-01 
 1082.000  7.152558e-01 
 1083.000  7.115389e-01 
 1084.000  7.074602e-01 
 1085.000  6.976889e-01 
 1086.000  7.000078e-01 
 1087.000  7.108101e-01 
 1088.000  7.112529e-01 
 1089.000  6.981686e-01 
 1090.000  6.957269e-01 
 1091.000  6.982402e-01 
 1092.000  6.917655e-01 
 1093.000  6.772713e-01 
 1094.000  6.709652e-01 
 1095.000  6.719998e-01 
 1096.000  6.729448e-01 
 1097.000  6.700677e-01 
 1098.000  6.348386e-01 
 1099.000  6.048697e-01 
 1100.000  6.069022e-01 
 1101.000  6.110455e-01 
 1102.000  6.090527e-01 
 1103.000  6.118066e-01 
 1104.000  6.068204e-01 
 1105.000  5.942616e-01 
 1106.000  5.815951e-01 
 1107.000  5.847413e-01 
 1108.000  5.870485e-01 
 1109.000  5.978796e-01 
 1110.000  5.965550e-01 
 1111.000  5.905504e-01 
 1112.000  5.640333e-01 
 1113.000  5.278944e-01 
 1114.000  5.181017e-01 
 1115.000  4.739767e-01 
 1116.000  4.468128e-01 
 1117.000  3.846011e-01 
 1118.000  3.284611e-01 
 1119.000  2.990699e-01 
 1120.000  2.630886e-01 
 1121.000  2.551781e-01 
 1122.000  2.186855e-01 
 1123.000  2.383625e-01 
 1124.000  2.517316e-01 
 1125.000  2.446704e-01 
 1126.000  2.418685e-01 
 1127.000  2.449885e-01 
 1128.000  2.510478e-01 
 1129.000  2.874796e-01 
 1130.000  3.742745e-01 
 1131.000  3.998039e-01 
 1132.000  3.648917e-01 
 1133.000  3.021868e-01 
 1134.000  1.927398e-01 
 1135.000  2.008368e-01 
 1136.000  3.112886e-01 
 1137.000  3.737459e-01 
 1138.000  4.353004e-01 
 1139.000  4.543014e-01 
 1140.000  4.425021e-01 
 1141.000  4.186560e-01 
 1142.000  4.102499e-01 
 1143.000  3.840171e-01 
 1144.000  3.547256e-01 
 1145.000  3.128327e-01 
 1146.000  3.226845e-01 
 1147.000  3.555090e-01 
 1148.000  3.849343e-01 
 1149.000  3.969273e-01 
 1150.000  3.976319e-01 
