  320.000  1.986866e-01 
  321.000  2.427535e-01 
  322.000  2.254657e-01 
  323.000  2.473724e-01 
  324.000  2.693229e-01 
  325.000  2.529698e-01 
  326.000  2.798087e-01 
  327.000  2.872978e-01 
  328.000  2.711228e-01 
  329.000  3.021698e-01 
  330.000  3.070903e-01 
  331.000  2.973541e-01 
  332.000  3.161528e-01 
  333.000  3.216340e-01 
  334.000  3.171336e-01 
  335.000  3.309175e-01 
  336.000  3.364998e-01 
  337.000  3.341473e-01 
  338.000  3.406885e-01 
  339.000  3.474392e-01 
  340.000  3.463298e-01 
  341.000  3.528846e-01 
  342.000  3.576778e-01 
  343.000  3.600853e-01 
  344.000  3.605772e-01 
  345.000  3.670729e-01 
  346.000  3.711740e-01 
  347.000  3.745173e-01 
  348.000  3.776485e-01 
  349.000  3.811652e-01 
  350.000  3.841707e-01 
  351.000  3.871636e-01 
  352.000  3.896186e-01 
  353.000  3.931088e-01 
  354.000  3.960795e-01 
  355.000  3.988434e-01 
  356.000  4.015360e-01 
  357.000  4.039319e-01 
  358.000  4.065094e-01 
  359.000  4.090838e-01 
  360.000  4.117197e-01 
  361.000  4.150488e-01 
  362.000  4.185143e-01 
  363.000  4.217050e-01 
  364.000  4.246406e-01 
  365.000  4.273934e-01 
  366.000  4.302075e-01 
  367.000  4.328861e-01 
  368.000  4.355397e-01 
  369.000  4.381696e-01 
  370.000  4.407717e-01 
  371.000  4.433526e-01 
  372.000  4.459116e-01 
  373.000  4.484482e-01 
  374.000  4.509433e-01 
  375.000  4.533896e-01 
  376.000  4.557520e-01 
  377.000  4.579844e-01 
  378.000  4.600573e-01 
  379.000  4.621630e-01 
  380.000  4.644783e-01 
  381.000  4.671132e-01 
  382.000  4.698427e-01 
  383.000  4.724230e-01 
  384.000  4.748698e-01 
  385.000  4.772267e-01 
  386.000  4.795223e-01 
  387.000  4.817801e-01 
  388.000  4.840083e-01 
  389.000  4.862173e-01 
  390.000  4.884079e-01 
  391.000  4.905752e-01 
  392.000  4.927256e-01 
  393.000  4.948575e-01 
  394.000  4.969688e-01 
  395.000  4.990579e-01 
  396.000  5.011327e-01 
  397.000  5.031825e-01 
  398.000  5.052129e-01 
  399.000  5.072253e-01 
  400.000  5.092091e-01 
  401.000  5.111846e-01 
  402.000  5.131436e-01 
  403.000  5.150850e-01 
  404.000  5.170085e-01 
  405.000  5.189103e-01 
  406.000  5.207988e-01 
  407.000  5.226718e-01 
  408.000  5.245279e-01 
  409.000  5.263650e-01 
  410.000  5.281842e-01 
  411.000  5.299847e-01 
  412.000  5.317653e-01 
  413.000  5.335352e-01 
  414.000  5.351775e-01 
  415.000  5.369536e-01 
  416.000  5.387067e-01 
  417.000  5.404299e-01 
  418.000  5.421131e-01 
  419.000  5.437771e-01 
  420.000  5.454257e-01 
  421.000  5.470638e-01 
  422.000  5.486915e-01 
  423.000  5.503064e-01 
  424.000  5.519020e-01 
  425.000  5.534605e-01 
  426.000  5.550034e-01 
  427.000  5.565323e-01 
  428.000  5.580336e-01 
  429.000  5.595135e-01 
  430.000  5.609759e-01 
  431.000  5.624270e-01 
  432.000  5.638625e-01 
  433.000  5.652841e-01 
  434.000  5.666934e-01 
  435.000  5.680885e-01 
  436.000  5.694678e-01 
  437.000  5.708317e-01 
  438.000  5.721797e-01 
  439.000  5.735171e-01 
  440.000  5.748326e-01 
  441.000  5.761311e-01 
  442.000  5.774089e-01 
  443.000  5.786670e-01 
  444.000  5.799051e-01 
  445.000  5.811163e-01 
  446.000  5.822937e-01 
  447.000  5.835282e-01 
  448.000  5.848515e-01 
  449.000  5.861907e-01 
  450.000  5.875038e-01 
  451.000  5.887653e-01 
  452.000  5.899823e-01 
  453.000  5.911742e-01 
  454.000  5.923444e-01 
  455.000  5.934464e-01 
  456.000  5.944593e-01 
  457.000  5.954723e-01 
  458.000  5.964714e-01 
  459.000  5.974492e-01 
  460.000  5.984191e-01 
  461.000  5.993786e-01 
  462.000  6.003196e-01 
  463.000  6.012564e-01 
  464.000  6.024758e-01 
  465.000  6.036766e-01 
  466.000  6.048560e-01 
  467.000  6.060079e-01 
  468.000  6.069461e-01 
  469.000  6.077539e-01 
  470.000  6.084967e-01 
  471.000  6.091653e-01 
  472.000  6.097329e-01 
  473.000  6.101307e-01 
  474.000  6.104574e-01 
  475.000  6.105413e-01 
  476.000  6.103796e-01 
  477.000  6.103763e-01 
  478.000  6.113213e-01 
  479.000  6.127596e-01 
  480.000  6.143117e-01 
  481.000  6.157037e-01 
  482.000  6.170089e-01 
  483.000  6.181433e-01 
  484.000  6.191182e-01 
  485.000  6.199898e-01 
  486.000  6.209192e-01 
  487.000  6.218975e-01 
  488.000  6.228442e-01 
  489.000  6.237733e-01 
  490.000  6.246912e-01 
  491.000  6.254100e-01 
  492.000  6.260669e-01 
  493.000  6.267205e-01 
  494.000  6.273555e-01 
  495.000  6.279904e-01 
  496.000  6.283175e-01 
  497.000  6.286322e-01 
  498.000  6.289423e-01 
  499.000  6.292357e-01 
  500.000  6.295244e-01 
  501.000  6.297810e-01 
  502.000  6.300376e-01 
  503.000  6.302910e-01 
  504.000  6.305327e-01 
  505.000  6.307612e-01 
  506.000  6.314305e-01 
  507.000  6.321191e-01 
  508.000  6.328066e-01 
  509.000  6.334860e-01 
  510.000  6.341510e-01 
  511.000  6.347470e-01 
  512.000  6.353225e-01 
  513.000  6.358947e-01 
  514.000  6.364596e-01 
  515.000  6.370195e-01 
  516.000  6.374195e-01 
  517.000  6.376759e-01 
  518.000  6.379253e-01 
  519.000  6.381698e-01 
  520.000  6.384121e-01 
  521.000  6.386290e-01 
  522.000  6.387855e-01 
  523.000  6.388983e-01 
  524.000  6.390149e-01 
  525.000  6.391068e-01 
  526.000  6.392357e-01 
  527.000  6.392564e-01 
  528.000  6.392334e-01 
  529.000  6.392090e-01 
  530.000  6.391901e-01 
  531.000  6.391746e-01 
  532.000  6.392094e-01 
  533.000  6.395237e-01 
  534.000  6.399207e-01 
  535.000  6.403686e-01 
  536.000  6.408016e-01 
  537.000  6.411977e-01 
  538.000  6.415518e-01 
  539.000  6.418799e-01 
  540.000  6.421877e-01 
  541.000  6.424864e-01 
  542.000  6.427721e-01 
  543.000  6.430476e-01 
  544.000  6.432559e-01 
  545.000  6.434094e-01 
  546.000  6.435559e-01 
  547.000  6.437064e-01 
  548.000  6.438494e-01 
  549.000  6.439901e-01 
  550.000  6.440584e-01 
  551.000  6.440548e-01 
  552.000  6.440539e-01 
  553.000  6.440383e-01 
  554.000  6.440158e-01 
  555.000  6.439894e-01 
  556.000  6.439357e-01 
  557.000  6.438349e-01 
  558.000  6.437261e-01 
  559.000  6.436044e-01 
  560.000  6.434521e-01 
  561.000  6.432716e-01 
  562.000  6.428946e-01 
  563.000  6.426722e-01 
  564.000  6.423791e-01 
  565.000  6.419323e-01 
  566.000  6.416336e-01 
  567.000  6.406468e-01 
  568.000  6.377590e-01 
  569.000  6.317231e-01 
  570.000  6.325221e-01 
  571.000  6.365988e-01 
  572.000  6.324016e-01 
  573.000  6.333480e-01 
  574.000  6.335223e-01 
  575.000  6.332010e-01 
  576.000  6.333838e-01 
  577.000  6.348264e-01 
  578.000  6.368329e-01 
  579.000  6.385771e-01 
  580.000  6.402014e-01 
  581.000  6.425139e-01 
  582.000  6.441003e-01 
  583.000  6.451012e-01 
  584.000  6.459843e-01 
  585.000  6.466950e-01 
  586.000  6.473626e-01 
  587.000  6.459591e-01 
  588.000  6.379012e-01 
  589.000  6.250567e-01 
  590.000  6.244475e-01 
  591.000  6.335714e-01 
  592.000  6.290146e-01 
  593.000  6.393797e-01 
  594.000  6.373079e-01 
  595.000  6.303158e-01 
  596.000  6.402873e-01 
  597.000  6.377897e-01 
  598.000  6.416944e-01 
  599.000  6.431322e-01 
  600.000  6.466331e-01 
  601.000  6.488631e-01 
  602.000  6.494299e-01 
  603.000  6.505239e-01 
  604.000  6.518015e-01 
  605.000  6.527237e-01 
  606.000  6.533887e-01 
  607.000  6.540308e-01 
  608.000  6.546404e-01 
  609.000  6.552231e-01 
  610.000  6.558255e-01 
  611.000  6.564946e-01 
  612.000  6.571499e-01 
  613.000  6.577846e-01 
  614.000  6.584007e-01 
  615.000  6.590150e-01 
  616.000  6.596068e-01 
  617.000  6.601657e-01 
  618.000  6.606342e-01 
  619.000  6.610305e-01 
  620.000  6.613975e-01 
  621.000  6.617126e-01 
  622.000  6.619761e-01 
  623.000  6.621523e-01 
  624.000  6.623397e-01 
  625.000  6.624960e-01 
  626.000  6.622059e-01 
  627.000  6.587802e-01 
  628.000  6.380190e-01 
  629.000  6.505604e-01 
  630.000  6.535916e-01 
  631.000  6.576102e-01 
  632.000  6.570438e-01 
  633.000  6.621681e-01 
  634.000  6.647364e-01 
  635.000  6.658636e-01 
  636.000  6.675584e-01 
  637.000  6.689424e-01 
  638.000  6.715180e-01 
  639.000  6.724774e-01 
  640.000  6.742170e-01 
  641.000  6.750763e-01 
  642.000  6.763639e-01 
  643.000  6.758077e-01 
  644.000  6.764349e-01 
  645.000  6.753418e-01 
  646.000  6.685069e-01 
  647.000  6.638868e-01 
  648.000  6.586580e-01 
  649.000  6.640755e-01 
  650.000  6.740901e-01 
  651.000  6.744815e-01 
  652.000  6.663995e-01 
  653.000  6.765428e-01 
  654.000  6.758644e-01 
  655.000  6.727054e-01 
  656.000  6.743417e-01 
  657.000  6.766495e-01 
  658.000  6.803713e-01 
  659.000  6.827050e-01 
  660.000  6.839448e-01 
  661.000  6.867528e-01 
  662.000  6.882520e-01 
  663.000  6.884111e-01 
  664.000  6.892453e-01 
  665.000  6.899675e-01 
  666.000  6.908345e-01 
  667.000  6.915952e-01 
  668.000  6.924602e-01 
  669.000  6.930880e-01 
  670.000  6.936470e-01 
  671.000  6.942342e-01 
  672.000  6.947618e-01 
  673.000  6.952801e-01 
  674.000  6.957938e-01 
  675.000  6.963083e-01 
  676.000  6.967912e-01 
  677.000  6.972353e-01 
  678.000  6.976805e-01 
  679.000  6.980470e-01 
  680.000  6.980743e-01 
  681.000  6.980034e-01 
  682.000  6.982880e-01 
  683.000  6.983870e-01 
  684.000  6.980027e-01 
  685.000  6.988865e-01 
  686.000  6.961502e-01 
  687.000  6.018252e-01 
  688.000  6.313949e-01 
  689.000  6.229392e-01 
  690.000  6.383651e-01 
  691.000  6.585619e-01 
  692.000  6.707262e-01 
  693.000  6.659290e-01 
  694.000  6.585523e-01 
  695.000  6.669073e-01 
  696.000  6.717433e-01 
  697.000  6.917583e-01 
  698.000  6.877332e-01 
  699.000  6.699236e-01 
  700.000  6.729549e-01 
  701.000  6.690258e-01 
  702.000  6.720195e-01 
  703.000  6.870539e-01 
  704.000  6.877631e-01 
  705.000  6.816456e-01 
  706.000  6.829067e-01 
  707.000  6.851733e-01 
  708.000  6.876187e-01 
  709.000  6.925643e-01 
  710.000  6.874123e-01 
  711.000  6.927831e-01 
  712.000  6.973643e-01 
  713.000  6.937827e-01 
  714.000  6.926114e-01 
  715.000  6.867520e-01 
  716.000  6.806658e-01 
  717.000  6.418013e-01 
  718.000  6.179515e-01 
  719.000  6.094009e-01 
  720.000  5.964442e-01 
  721.000  6.533410e-01 
  722.000  6.736357e-01 
  723.000  6.622208e-01 
  724.000  6.297477e-01 
  725.000  6.345899e-01 
  726.000  6.330837e-01 
  727.000  6.377040e-01 
  728.000  6.326998e-01 
  729.000  6.451650e-01 
  730.000  6.430110e-01 
  731.000  6.404061e-01 
  732.000  6.614445e-01 
  733.000  6.816097e-01 
  734.000  6.913286e-01 
  735.000  6.879158e-01 
  736.000  6.815407e-01 
  737.000  6.863713e-01 
  738.000  6.930065e-01 
  739.000  6.958697e-01 
  740.000  7.022067e-01 
  741.000  7.058731e-01 
  742.000  7.074202e-01 
  743.000  7.108080e-01 
  744.000  7.122665e-01 
  745.000  7.134540e-01 
  746.000  7.143911e-01 
  747.000  7.146464e-01 
  748.000  7.154940e-01 
  749.000  7.159551e-01 
  750.000  7.157156e-01 
  751.000  7.159000e-01 
  752.000  7.167099e-01 
  753.000  7.170517e-01 
  754.000  7.173246e-01 
  755.000  7.175079e-01 
  756.000  7.176992e-01 
  757.000  7.178320e-01 
  758.000  7.166170e-01 
  759.000  6.659613e-01 
  760.000  2.955955e-01 
  761.000  2.614798e-01 
  762.000  4.732260e-01 
  763.000  4.066806e-01 
  764.000  4.395609e-01 
  765.000  5.146929e-01 
  766.000  6.061147e-01 
  767.000  6.525316e-01 
  768.000  6.829850e-01 
  769.000  7.031261e-01 
  770.000  7.138495e-01 
  771.000  7.190084e-01 
  772.000  7.202799e-01 
  773.000  7.208540e-01 
  774.000  7.215682e-01 
  775.000  7.219900e-01 
  776.000  7.222928e-01 
  777.000  7.223829e-01 
  778.000  7.223739e-01 
  779.000  7.223536e-01 
  780.000  7.223305e-01 
  781.000  7.226844e-01 
  782.000  7.226505e-01 
  783.000  7.226282e-01 
  784.000  7.223590e-01 
  785.000  7.209730e-01 
  786.000  7.188969e-01 
  787.000  7.141054e-01 
  788.000  7.115933e-01 
  789.000  7.025988e-01 
  790.000  7.018349e-01 
  791.000  7.035440e-01 
  792.000  7.051240e-01 
  793.000  7.087965e-01 
  794.000  7.165796e-01 
  795.000  7.118351e-01 
  796.000  6.991952e-01 
  797.000  7.028177e-01 
  798.000  7.108158e-01 
  799.000  7.089990e-01 
  800.000  7.031897e-01 
  801.000  7.038895e-01 
  802.000  7.033088e-01 
  803.000  7.041662e-01 
  804.000  7.069066e-01 
  805.000  7.121524e-01 
  806.000  7.152863e-01 
  807.000  7.154315e-01 
  808.000  7.136645e-01 
  809.000  7.114918e-01 
  810.000  7.091115e-01 
  811.000  7.042217e-01 
  812.000  6.976425e-01 
  813.000  6.895872e-01 
  814.000  6.789671e-01 
  815.000  6.657724e-01 
  816.000  6.488690e-01 
  817.000  6.498126e-01 
  818.000  6.511931e-01 
  819.000  6.567656e-01 
  820.000  6.754026e-01 
  821.000  6.967212e-01 
  822.000  6.805100e-01 
  823.000  6.354265e-01 
  824.000  6.734121e-01 
  825.000  6.979259e-01 
  826.000  6.937428e-01 
  827.000  6.906470e-01 
  828.000  6.745147e-01 
  829.000  6.803261e-01 
  830.000  6.868417e-01 
  831.000  6.883756e-01 
  832.000  6.890519e-01 
  833.000  6.928133e-01 
  834.000  6.972427e-01 
  835.000  7.060313e-01 
  836.000  7.032087e-01 
  837.000  7.029133e-01 
  838.000  7.071956e-01 
  839.000  7.097960e-01 
  840.000  7.107436e-01 
  841.000  7.079307e-01 
  842.000  7.104635e-01 
  843.000  7.164758e-01 
  844.000  7.192053e-01 
  845.000  7.204800e-01 
  846.000  7.218203e-01 
  847.000  7.232985e-01 
  848.000  7.208709e-01 
  849.000  7.211872e-01 
  850.000  7.199899e-01 
  851.000  7.185622e-01 
  852.000  7.187095e-01 
  853.000  7.210807e-01 
  854.000  7.209569e-01 
  855.000  7.221509e-01 
  856.000  7.245166e-01 
  857.000  7.255943e-01 
  858.000  7.261198e-01 
  859.000  7.273086e-01 
  860.000  7.279274e-01 
  861.000  7.280325e-01 
  862.000  7.283835e-01 
  863.000  7.284364e-01 
  864.000  7.286798e-01 
  865.000  7.288803e-01 
  866.000  7.289395e-01 
  867.000  7.289121e-01 
  868.000  7.289503e-01 
  869.000  7.290224e-01 
  870.000  7.289827e-01 
  871.000  7.290512e-01 
  872.000  7.292077e-01 
  873.000  7.290667e-01 
  874.000  7.289937e-01 
  875.000  7.289824e-01 
  876.000  7.287307e-01 
  877.000  7.286065e-01 
  878.000  7.278472e-01 
  879.000  7.278414e-01 
  880.000  7.271558e-01 
  881.000  7.268229e-01 
  882.000  7.264645e-01 
  883.000  7.268313e-01 
  884.000  7.269818e-01 
  885.000  7.256453e-01 
  886.000  7.238647e-01 
  887.000  7.252214e-01 
  888.000  7.251392e-01 
  889.000  7.255998e-01 
  890.000  7.245939e-01 
  891.000  7.223337e-01 
  892.000  7.175667e-01 
  893.000  7.030807e-01 
  894.000  6.958677e-01 
  895.000  6.738920e-01 
  896.000  6.542229e-01 
  897.000  6.335243e-01 
  898.000  6.238589e-01 
  899.000  5.966717e-01 
  900.000  6.005814e-01 
  901.000  5.935275e-01 
  902.000  5.948424e-01 
  903.000  6.405527e-01 
  904.000  6.685723e-01 
  905.000  6.675649e-01 
  906.000  6.500452e-01 
  907.000  6.191525e-01 
  908.000  5.988520e-01 
  909.000  5.997072e-01 
  910.000  6.027600e-01 
  911.000  6.162348e-01 
  912.000  6.097111e-01 
  913.000  5.814278e-01 
  914.000  5.954024e-01 
  915.000  6.064357e-01 
  916.000  6.094343e-01 
  917.000  6.154414e-01 
  918.000  6.232090e-01 
  919.000  6.496576e-01 
  920.000  6.696982e-01 
  921.000  6.652917e-01 
  922.000  6.649183e-01 
  923.000  6.593278e-01 
  924.000  6.459042e-01 
  925.000  6.447696e-01 
  926.000  6.443884e-01 
  927.000  6.287001e-01 
  928.000  6.046290e-01 
  929.000  5.700155e-01 
  930.000  5.262529e-01 
  931.000  4.777055e-01 
  932.000  4.146446e-01 
  933.000  3.682448e-01 
  934.000  3.211401e-01 
  935.000  3.161098e-01 
  936.000  3.345901e-01 
  937.000  3.299219e-01 
  938.000  3.825637e-01 
  939.000  5.211292e-01 
  940.000  5.420011e-01 
  941.000  5.240582e-01 
  942.000  4.801486e-01 
  943.000  4.076560e-01 
  944.000  4.025918e-01 
  945.000  4.285165e-01 
  946.000  4.300017e-01 
  947.000  4.533202e-01 
  948.000  4.670214e-01 
  949.000  4.652731e-01 
  950.000  4.687950e-01 
  951.000  4.995129e-01 
  952.000  4.667670e-01 
  953.000  4.897977e-01 
  954.000  5.145738e-01 
  955.000  4.945792e-01 
  956.000  4.901715e-01 
  957.000  5.528836e-01 
  958.000  5.610683e-01 
  959.000  5.506516e-01 
  960.000  5.476456e-01 
  961.000  5.424327e-01 
  962.000  5.472251e-01 
  963.000  5.817665e-01 
  964.000  5.867499e-01 
  965.000  5.834680e-01 
  966.000  5.853658e-01 
  967.000  6.100791e-01 
  968.000  6.514151e-01 
  969.000  6.701204e-01 
  970.000  6.711339e-01 
  971.000  6.706896e-01 
  972.000  6.653762e-01 
  973.000  6.531120e-01 
  974.000  6.381880e-01 
  975.000  6.286045e-01 
  976.000  6.403219e-01 
  977.000  6.596964e-01 
  978.000  6.581291e-01 
  979.000  6.631586e-01 
  980.000  6.829422e-01 
  981.000  6.873307e-01 
  982.000  6.829303e-01 
  983.000  6.930927e-01 
  984.000  7.035558e-01 
  985.000  7.095011e-01 
  986.000  7.171740e-01 
  987.000  7.204977e-01 
  988.000  7.212572e-01 
  989.000  7.217420e-01 
  990.000  7.225502e-01 
  991.000  7.254035e-01 
  992.000  7.262122e-01 
  993.000  7.265130e-01 
  994.000  7.289903e-01 
  995.000  7.307484e-01 
  996.000  7.307314e-01 
  997.000  7.296268e-01 
  998.000  7.284082e-01 
  999.000  7.279292e-01 
 1000.000  7.283197e-01 
 1001.000  7.255848e-01 
 1002.000  7.212098e-01 
 1003.000  7.222479e-01 
 1004.000  7.247633e-01 
 1005.000  7.259121e-01 
 1006.000  7.262771e-01 
 1007.000  7.254406e-01 
 1008.000  7.218738e-01 
 1009.000  7.171050e-01 
 1010.000  7.192274e-01 
 1011.000  7.242902e-01 
 1012.000  7.262174e-01 
 1013.000  7.277312e-01 
 1014.000  7.283633e-01 
 1015.000  7.284812e-01 
 1016.000  7.290599e-01 
 1017.000  7.294644e-01 
 1018.000  7.287000e-01 
 1019.000  7.269393e-01 
 1020.000  7.275552e-01 
 1021.000  7.288224e-01 
 1022.000  7.266884e-01 
 1023.000  7.249016e-01 
 1024.000  7.238300e-01 
 1025.000  7.270965e-01 
 1026.000  7.285348e-01 
 1027.000  7.279166e-01 
 1028.000  7.284141e-01 
 1029.000  7.297626e-01 
 1030.000  7.310688e-01 
 1031.000  7.317367e-01 
 1032.000  7.322536e-01 
 1033.000  7.323952e-01 
 1034.000  7.326726e-01 
 1035.000  7.328272e-01 
 1036.000  7.327043e-01 
 1037.000  7.327082e-01 
 1038.000  7.328050e-01 
 1039.000  7.326034e-01 
 1040.000  7.324224e-01 
 1041.000  7.322786e-01 
 1042.000  7.322327e-01 
 1043.000  7.322169e-01 
 1044.000  7.320820e-01 
 1045.000  7.316928e-01 
 1046.000  7.314257e-01 
 1047.000  7.311037e-01 
 1048.000  7.306691e-01 
 1049.000  7.302296e-01 
 1050.000  7.298009e-01 
 1051.000  7.292441e-01 
 1052.000  7.288429e-01 
 1053.000  7.287457e-01 
 1054.000  7.281750e-01 
 1055.000  7.275674e-01 
 1056.000  7.270433e-01 
 1057.000  7.257912e-01 
 1058.000  7.235888e-01 
 1059.000  7.236276e-01 
 1060.000  7.246807e-01 
 1061.000  7.243734e-01 
 1062.000  7.229744e-01 
 1063.000  7.223724e-01 
 1064.000  7.211258e-01 
 1065.000  7.197126e-01 
 1066.000  7.198130e-01 
 1067.000  7.191250e-01 
 1068.000  7.164184e-01 
 1069.000  7.152504e-01 
 1070.000  7.157817e-01 
 1071.000  7.141310e-01 
 1072.000  7.124017e-01 
 1073.000  7.121276e-01 
 1074.000  7.124601e-01 
 1075.000  7.151856e-01 
 1076.000  7.135805e-01 
 1077.000  7.114019e-01 
 1078.000  7.088255e-01 
 1079.000  7.085339e-01 
 1080.000  7.015430e-01 
 1081.000  7.011813e-01 
 1082.000  7.043096e-01 
 1083.000  7.006202e-01 
 1084.000  6.965717e-01 
 1085.000  6.868722e-01 
 1086.000  6.891751e-01 
 1087.000  6.999003e-01 
 1088.000  7.003412e-01 
 1089.000  6.873514e-01 
 1090.000  6.849280e-01 
 1091.000  6.874232e-01 
 1092.000  6.809961e-01 
 1093.000  6.666096e-01 
 1094.000  6.603515e-01 
 1095.000  6.613780e-01 
 1096.000  6.623145e-01 
 1097.000  6.594583e-01 
 1098.000  6.245041e-01 
 1099.000  5.947819e-01 
 1100.000  5.967968e-01 
 1101.000  6.009044e-01 
 1102.000  5.989266e-01 
 1103.000  6.016554e-01 
 1104.000  5.967088e-01 
 1105.000  5.842548e-01 
 1106.000  5.716991e-01 
 1107.000  5.748135e-01 
 1108.000  5.770945e-01 
 1109.000  5.878230e-01 
 1110.000  5.864983e-01 
 1111.000  5.805398e-01 
 1112.000  5.542505e-01 
 1113.000  5.184304e-01 
 1114.000  5.087062e-01 
 1115.000  4.650024e-01 
 1116.000  4.381185e-01 
 1117.000  3.766294e-01 
 1118.000  3.211984e-01 
 1119.000  2.921957e-01 
 1120.000  2.567421e-01 
 1121.000  2.489495e-01 
 1122.000  2.130642e-01 
 1123.000  2.323896e-01 
 1124.000  2.455292e-01 
 1125.000  2.385845e-01 
 1126.000  2.358322e-01 
 1127.000  2.389078e-01 
 1128.000  2.448795e-01 
 1129.000  2.807455e-01 
 1130.000  3.663124e-01 
 1131.000  3.915146e-01 
 1132.000  3.570466e-01 
 1133.000  2.952327e-01 
 1134.000  1.876059e-01 
 1135.000  1.955569e-01 
 1136.000  3.042180e-01 
 1137.000  3.658201e-01 
 1138.000  4.266354e-01 
 1139.000  4.454542e-01 
 1140.000  4.337896e-01 
 1141.000  4.102367e-01 
 1142.000  4.019289e-01 
 1143.000  3.760151e-01 
 1144.000  3.471043e-01 
 1145.000  3.057887e-01 
 1146.000  3.155019e-01 
 1147.000  3.478802e-01 
 1148.000  3.769282e-01 
 1149.000  3.887800e-01 
 1150.000  3.894944e-01 
