  320.000  3.699251e-01 
  321.000  4.297346e-01 
  322.000  4.066268e-01 
  323.000  4.358374e-01 
  324.000  4.644593e-01 
  325.000  4.431947e-01 
  326.000  4.779229e-01 
  327.000  4.874610e-01 
  328.000  4.667796e-01 
  329.000  5.062190e-01 
  330.000  5.123735e-01 
  331.000  5.001710e-01 
  332.000  5.236445e-01 
  333.000  5.304217e-01 
  334.000  5.248594e-01 
  335.000  5.418348e-01 
  336.000  5.486586e-01 
  337.000  5.457863e-01 
  338.000  5.537602e-01 
  339.000  5.619490e-01 
  340.000  5.606061e-01 
  341.000  5.685253e-01 
  342.000  5.742930e-01 
  343.000  5.771824e-01 
  344.000  5.777722e-01 
  345.000  5.855418e-01 
  346.000  5.904292e-01 
  347.000  5.944036e-01 
  348.000  5.981176e-01 
  349.000  6.022797e-01 
  350.000  6.058292e-01 
  351.000  6.093568e-01 
  352.000  6.122453e-01 
  353.000  6.163439e-01 
  354.000  6.198252e-01 
  355.000  6.230583e-01 
  356.000  6.262025e-01 
  357.000  6.289959e-01 
  358.000  6.319962e-01 
  359.000  6.349882e-01 
  360.000  6.380468e-01 
  361.000  6.419027e-01 
  362.000  6.459083e-01 
  363.000  6.495889e-01 
  364.000  6.529691e-01 
  365.000  6.561334e-01 
  366.000  6.593629e-01 
  367.000  6.624319e-01 
  368.000  6.654675e-01 
  369.000  6.684715e-01 
  370.000  6.714392e-01 
  371.000  6.743786e-01 
  372.000  6.772886e-01 
  373.000  6.801690e-01 
  374.000  6.829982e-01 
  375.000  6.857683e-01 
  376.000  6.884400e-01 
  377.000  6.909612e-01 
  378.000  6.932997e-01 
  379.000  6.956724e-01 
  380.000  6.982781e-01 
  381.000  7.012395e-01 
  382.000  7.043029e-01 
  383.000  7.071947e-01 
  384.000  7.099332e-01 
  385.000  7.125676e-01 
  386.000  7.151305e-01 
  387.000  7.176481e-01 
  388.000  7.201298e-01 
  389.000  7.225874e-01 
  390.000  7.250215e-01 
  391.000  7.274272e-01 
  392.000  7.298115e-01 
  393.000  7.321727e-01 
  394.000  7.345085e-01 
  395.000  7.368172e-01 
  396.000  7.391078e-01 
  397.000  7.413685e-01 
  398.000  7.436054e-01 
  399.000  7.458203e-01 
  400.000  7.480016e-01 
  401.000  7.501716e-01 
  402.000  7.523214e-01 
  403.000  7.544498e-01 
  404.000  7.565567e-01 
  405.000  7.586378e-01 
  406.000  7.607024e-01 
  407.000  7.627483e-01 
  408.000  7.647738e-01 
  409.000  7.667769e-01 
  410.000  7.687587e-01 
  411.000  7.707184e-01 
  412.000  7.726549e-01 
  413.000  7.745780e-01 
  414.000  7.763610e-01 
  415.000  7.782879e-01 
  416.000  7.801881e-01 
  417.000  7.820545e-01 
  418.000  7.838761e-01 
  419.000  7.856756e-01 
  420.000  7.874569e-01 
  421.000  7.892258e-01 
  422.000  7.909818e-01 
  423.000  7.927229e-01 
  424.000  7.944418e-01 
  425.000  7.961196e-01 
  426.000  7.977795e-01 
  427.000  7.994231e-01 
  428.000  8.010359e-01 
  429.000  8.026248e-01 
  430.000  8.041937e-01 
  431.000  8.057495e-01 
  432.000  8.072877e-01 
  433.000  8.088099e-01 
  434.000  8.103180e-01 
  435.000  8.118101e-01 
  436.000  8.132841e-01 
  437.000  8.147410e-01 
  438.000  8.161801e-01 
  439.000  8.176069e-01 
  440.000  8.190095e-01 
  441.000  8.203933e-01 
  442.000  8.217541e-01 
  443.000  8.230934e-01 
  444.000  8.244106e-01 
  445.000  8.256984e-01 
  446.000  8.269497e-01 
  447.000  8.282610e-01 
  448.000  8.296658e-01 
  449.000  8.310868e-01 
  450.000  8.324791e-01 
  451.000  8.338161e-01 
  452.000  8.351053e-01 
  453.000  8.363672e-01 
  454.000  8.376054e-01 
  455.000  8.387710e-01 
  456.000  8.398418e-01 
  457.000  8.409122e-01 
  458.000  8.419677e-01 
  459.000  8.430001e-01 
  460.000  8.440237e-01 
  461.000  8.450359e-01 
  462.000  8.460283e-01 
  463.000  8.470159e-01 
  464.000  8.483007e-01 
  465.000  8.495654e-01 
  466.000  8.508068e-01 
  467.000  8.520188e-01 
  468.000  8.530053e-01 
  469.000  8.538546e-01 
  470.000  8.546352e-01 
  471.000  8.553376e-01 
  472.000  8.559339e-01 
  473.000  8.563517e-01 
  474.000  8.566947e-01 
  475.000  8.567828e-01 
  476.000  8.566130e-01 
  477.000  8.566095e-01 
  478.000  8.576016e-01 
  479.000  8.591107e-01 
  480.000  8.607382e-01 
  481.000  8.621969e-01 
  482.000  8.635640e-01 
  483.000  8.647516e-01 
  484.000  8.657717e-01 
  485.000  8.666834e-01 
  486.000  8.676553e-01 
  487.000  8.686778e-01 
  488.000  8.696669e-01 
  489.000  8.706373e-01 
  490.000  8.715957e-01 
  491.000  8.723459e-01 
  492.000  8.730313e-01 
  493.000  8.737130e-01 
  494.000  8.743753e-01 
  495.000  8.750373e-01 
  496.000  8.753783e-01 
  497.000  8.757063e-01 
  498.000  8.760294e-01 
  499.000  8.763350e-01 
  500.000  8.766358e-01 
  501.000  8.769032e-01 
  502.000  8.771705e-01 
  503.000  8.774344e-01 
  504.000  8.776862e-01 
  505.000  8.779241e-01 
  506.000  8.786209e-01 
  507.000  8.793377e-01 
  508.000  8.800531e-01 
  509.000  8.807600e-01 
  510.000  8.814515e-01 
  511.000  8.820712e-01 
  512.000  8.826695e-01 
  513.000  8.832641e-01 
  514.000  8.838511e-01 
  515.000  8.844328e-01 
  516.000  8.848482e-01 
  517.000  8.851145e-01 
  518.000  8.853734e-01 
  519.000  8.856274e-01 
  520.000  8.858789e-01 
  521.000  8.861041e-01 
  522.000  8.862665e-01 
  523.000  8.863837e-01 
  524.000  8.865047e-01 
  525.000  8.866000e-01 
  526.000  8.867338e-01 
  527.000  8.867553e-01 
  528.000  8.867314e-01 
  529.000  8.867061e-01 
  530.000  8.866865e-01 
  531.000  8.866704e-01 
  532.000  8.867065e-01 
  533.000  8.870327e-01 
  534.000  8.874446e-01 
  535.000  8.879093e-01 
  536.000  8.883584e-01 
  537.000  8.887691e-01 
  538.000  8.891364e-01 
  539.000  8.894765e-01 
  540.000  8.897956e-01 
  541.000  8.901052e-01 
  542.000  8.904014e-01 
  543.000  8.906869e-01 
  544.000  8.909028e-01 
  545.000  8.910618e-01 
  546.000  8.912135e-01 
  547.000  8.913695e-01 
  548.000  8.915176e-01 
  549.000  8.916634e-01 
  550.000  8.917341e-01 
  551.000  8.917304e-01 
  552.000  8.917295e-01 
  553.000  8.917133e-01 
  554.000  8.916900e-01 
  555.000  8.916627e-01 
  556.000  8.916070e-01 
  557.000  8.915027e-01 
  558.000  8.913898e-01 
  559.000  8.912638e-01 
  560.000  8.911059e-01 
  561.000  8.909187e-01 
  562.000  8.905085e-01 
  563.000  8.902764e-01 
  564.000  8.899677e-01 
  565.000  8.894907e-01 
  566.000  8.891899e-01 
  567.000  8.881050e-01 
  568.000  8.845482e-01 
  569.000  8.769131e-01 
  570.000  8.780386e-01 
  571.000  8.834155e-01 
  572.000  8.781378e-01 
  573.000  8.794686e-01 
  574.000  8.797889e-01 
  575.000  8.794392e-01 
  576.000  8.796349e-01 
  577.000  8.814798e-01 
  578.000  8.838875e-01 
  579.000  8.858508e-01 
  580.000  8.875259e-01 
  581.000  8.900151e-01 
  582.000  8.916547e-01 
  583.000  8.925989e-01 
  584.000  8.934630e-01 
  585.000  8.940990e-01 
  586.000  8.947405e-01 
  587.000  8.926851e-01 
  588.000  8.823232e-01 
  589.000  8.659474e-01 
  590.000  8.650851e-01 
  591.000  8.765543e-01 
  592.000  8.707054e-01 
  593.000  8.837464e-01 
  594.000  8.810566e-01 
  595.000  8.721434e-01 
  596.000  8.847970e-01 
  597.000  8.817161e-01 
  598.000  8.867309e-01 
  599.000  8.886260e-01 
  600.000  8.931319e-01 
  601.000  8.961081e-01 
  602.000  8.969117e-01 
  603.000  8.982316e-01 
  604.000  8.996890e-01 
  605.000  9.006751e-01 
  606.000  9.013705e-01 
  607.000  9.020414e-01 
  608.000  9.026718e-01 
  609.000  9.032738e-01 
  610.000  9.038952e-01 
  611.000  9.045851e-01 
  612.000  9.052605e-01 
  613.000  9.059147e-01 
  614.000  9.065493e-01 
  615.000  9.071820e-01 
  616.000  9.077914e-01 
  617.000  9.083669e-01 
  618.000  9.088491e-01 
  619.000  9.092571e-01 
  620.000  9.096346e-01 
  621.000  9.099589e-01 
  622.000  9.102299e-01 
  623.000  9.104112e-01 
  624.000  9.106039e-01 
  625.000  9.107642e-01 
  626.000  9.104154e-01 
  627.000  9.060713e-01 
  628.000  8.817745e-01 
  629.000  8.962334e-01 
  630.000  8.999755e-01 
  631.000  9.045911e-01 
  632.000  9.034688e-01 
  633.000  9.096661e-01 
  634.000  9.125293e-01 
  635.000  9.135957e-01 
  636.000  9.153951e-01 
  637.000  9.168227e-01 
  638.000  9.197850e-01 
  639.000  9.207288e-01 
  640.000  9.226404e-01 
  641.000  9.234416e-01 
  642.000  9.248526e-01 
  643.000  9.239734e-01 
  644.000  9.245865e-01 
  645.000  9.229418e-01 
  646.000  9.142255e-01 
  647.000  9.082866e-01 
  648.000  9.015876e-01 
  649.000  9.082283e-01 
  650.000  9.206243e-01 
  651.000  9.209875e-01 
  652.000  9.107542e-01 
  653.000  9.233137e-01 
  654.000  9.223419e-01 
  655.000  9.182723e-01 
  656.000  9.201957e-01 
  657.000  9.229649e-01 
  658.000  9.274928e-01 
  659.000  9.302842e-01 
  660.000  9.317079e-01 
  661.000  9.351793e-01 
  662.000  9.369127e-01 
  663.000  9.370162e-01 
  664.000  9.379168e-01 
  665.000  9.387202e-01 
  666.000  9.396720e-01 
  667.000  9.404722e-01 
  668.000  9.413884e-01 
  669.000  9.420378e-01 
  670.000  9.426100e-01 
  671.000  9.432138e-01 
  672.000  9.437509e-01 
  673.000  9.442776e-01 
  674.000  9.447992e-01 
  675.000  9.453218e-01 
  676.000  9.458113e-01 
  677.000  9.462615e-01 
  678.000  9.467131e-01 
  679.000  9.470772e-01 
  680.000  9.470631e-01 
  681.000  9.469082e-01 
  682.000  9.471388e-01 
  683.000  9.471842e-01 
  684.000  9.466065e-01 
  685.000  9.475882e-01 
  686.000  9.443680e-01 
  687.000  8.344461e-01 
  688.000  8.691477e-01 
  689.000  8.591137e-01 
  690.000  8.771442e-01 
  691.000  9.003887e-01 
  692.000  9.139194e-01 
  693.000  9.067455e-01 
  694.000  8.967598e-01 
  695.000  9.068933e-01 
  696.000  9.127557e-01 
  697.000  9.376357e-01 
  698.000  9.325188e-01 
  699.000  9.101849e-01 
  700.000  9.139107e-01 
  701.000  9.089282e-01 
  702.000  9.126043e-01 
  703.000  9.313192e-01 
  704.000  9.321336e-01 
  705.000  9.244343e-01 
  706.000  9.259523e-01 
  707.000  9.287254e-01 
  708.000  9.317207e-01 
  709.000  9.378346e-01 
  710.000  9.313523e-01 
  711.000  9.379967e-01 
  712.000  9.436534e-01 
  713.000  9.391367e-01 
  714.000  9.376271e-01 
  715.000  9.302692e-01 
  716.000  9.226365e-01 
  717.000  8.739884e-01 
  718.000  8.440175e-01 
  719.000  8.332241e-01 
  720.000  8.168298e-01 
  721.000  8.882387e-01 
  722.000  9.135448e-01 
  723.000  8.992204e-01 
  724.000  8.584874e-01 
  725.000  8.645233e-01 
  726.000  8.625901e-01 
  727.000  8.683421e-01 
  728.000  8.620211e-01 
  729.000  8.776022e-01 
  730.000  8.748521e-01 
  731.000  8.715351e-01 
  732.000  8.978230e-01 
  733.000  9.229444e-01 
  734.000  9.350045e-01 
  735.000  9.307076e-01 
  736.000  9.227260e-01 
  737.000  9.287153e-01 
  738.000  9.369488e-01 
  739.000  9.404809e-01 
  740.000  9.483330e-01 
  741.000  9.528602e-01 
  742.000  9.547519e-01 
  743.000  9.589316e-01 
  744.000  9.608189e-01 
  745.000  9.622685e-01 
  746.000  9.633973e-01 
  747.000  9.636681e-01 
  748.000  9.646721e-01 
  749.000  9.651640e-01 
  750.000  9.648800e-01 
  751.000  9.650657e-01 
  752.000  9.659440e-01 
  753.000  9.663040e-01 
  754.000  9.665877e-01 
  755.000  9.667723e-01 
  756.000  9.669657e-01 
  757.000  9.670996e-01 
  758.000  9.657990e-01 
  759.000  9.073529e-01 
  760.000  4.551366e-01 
  761.000  4.101016e-01 
  762.000  6.787444e-01 
  763.000  5.967490e-01 
  764.000  6.374691e-01 
  765.000  7.288784e-01 
  766.000  8.374421e-01 
  767.000  8.915849e-01 
  768.000  9.267800e-01 
  769.000  9.499171e-01 
  770.000  9.619908e-01 
  771.000  9.679978e-01 
  772.000  9.694342e-01 
  773.000  9.700882e-01 
  774.000  9.708542e-01 
  775.000  9.712794e-01 
  776.000  9.715865e-01 
  777.000  9.716699e-01 
  778.000  9.716481e-01 
  779.000  9.716162e-01 
  780.000  9.715819e-01 
  781.000  9.719630e-01 
  782.000  9.719169e-01 
  783.000  9.718836e-01 
  784.000  9.715782e-01 
  785.000  9.698409e-01 
  786.000  9.671189e-01 
  787.000  9.611440e-01 
  788.000  9.580018e-01 
  789.000  9.467917e-01 
  790.000  9.458226e-01 
  791.000  9.479309e-01 
  792.000  9.498768e-01 
  793.000  9.544254e-01 
  794.000  9.640831e-01 
  795.000  9.581656e-01 
  796.000  9.424183e-01 
  797.000  9.469095e-01 
  798.000  9.568412e-01 
  799.000  9.545622e-01 
  800.000  9.473161e-01 
  801.000  9.481687e-01 
  802.000  9.474275e-01 
  803.000  9.484756e-01 
  804.000  9.518653e-01 
  805.000  9.583699e-01 
  806.000  9.622459e-01 
  807.000  9.624081e-01 
  808.000  9.601946e-01 
  809.000  9.574775e-01 
  810.000  9.545037e-01 
  811.000  9.484096e-01 
  812.000  9.402139e-01 
  813.000  9.301757e-01 
  814.000  9.169340e-01 
  815.000  9.004703e-01 
  816.000  8.793227e-01 
  817.000  8.804997e-01 
  818.000  8.822135e-01 
  819.000  8.891589e-01 
  820.000  9.124162e-01 
  821.000  9.389722e-01 
  822.000  9.187560e-01 
  823.000  8.623623e-01 
  824.000  9.098639e-01 
  825.000  9.403996e-01 
  826.000  9.351615e-01 
  827.000  9.312904e-01 
  828.000  9.111640e-01 
  829.000  9.184000e-01 
  830.000  9.265046e-01 
  831.000  9.283962e-01 
  832.000  9.292126e-01 
  833.000  9.338775e-01 
  834.000  9.393701e-01 
  835.000  9.502807e-01 
  836.000  9.467521e-01 
  837.000  9.463651e-01 
  838.000  9.516737e-01 
  839.000  9.548888e-01 
  840.000  9.560511e-01 
  841.000  9.525392e-01 
  842.000  9.556717e-01 
  843.000  9.631252e-01 
  844.000  9.664980e-01 
  845.000  9.680651e-01 
  846.000  9.697137e-01 
  847.000  9.715336e-01 
  848.000  9.685068e-01 
  849.000  9.688857e-01 
  850.000  9.673861e-01 
  851.000  9.656000e-01 
  852.000  9.657691e-01 
  853.000  9.686984e-01 
  854.000  9.685302e-01 
  855.000  9.699979e-01 
  856.000  9.730569e-01 
  857.000  9.743423e-01 
  858.000  9.750060e-01 
  859.000  9.764785e-01 
  860.000  9.771907e-01 
  861.000  9.773011e-01 
  862.000  9.776816e-01 
  863.000  9.777346e-01 
  864.000  9.779968e-01 
  865.000  9.782119e-01 
  866.000  9.782718e-01 
  867.000  9.782369e-01 
  868.000  9.782737e-01 
  869.000  9.783477e-01 
  870.000  9.782994e-01 
  871.000  9.783696e-01 
  872.000  9.785360e-01 
  873.000  9.783767e-01 
  874.000  9.782921e-01 
  875.000  9.782748e-01 
  876.000  9.779944e-01 
  877.000  9.778547e-01 
  878.000  9.769050e-01 
  879.000  9.768434e-01 
  880.000  9.760222e-01 
  881.000  9.755622e-01 
  882.000  9.751201e-01 
  883.000  9.755523e-01 
  884.000  9.757239e-01 
  885.000  9.740449e-01 
  886.000  9.717147e-01 
  887.000  9.735075e-01 
  888.000  9.733973e-01 
  889.000  9.739500e-01 
  890.000  9.725820e-01 
  891.000  9.697642e-01 
  892.000  9.638326e-01 
  893.000  9.458014e-01 
  894.000  9.368192e-01 
  895.000  9.093902e-01 
  896.000  8.848053e-01 
  897.000  8.588892e-01 
  898.000  8.467641e-01 
  899.000  8.125272e-01 
  900.000  8.174649e-01 
  901.000  8.085504e-01 
  902.000  8.101736e-01 
  903.000  8.676694e-01 
  904.000  9.027518e-01 
  905.000  9.014639e-01 
  906.000  8.795163e-01 
  907.000  8.407201e-01 
  908.000  8.151512e-01 
  909.000  8.162328e-01 
  910.000  8.200765e-01 
  911.000  8.370407e-01 
  912.000  8.288150e-01 
  913.000  7.931130e-01 
  914.000  8.107502e-01 
  915.000  8.246418e-01 
  916.000  8.283980e-01 
  917.000  8.359357e-01 
  918.000  8.456822e-01 
  919.000  8.788601e-01 
  920.000  9.039145e-01 
  921.000  8.983800e-01 
  922.000  8.978974e-01 
  923.000  8.908914e-01 
  924.000  8.740692e-01 
  925.000  8.726621e-01 
  926.000  8.722451e-01 
  927.000  8.526167e-01 
  928.000  8.224326e-01 
  929.000  7.788705e-01 
  930.000  7.234972e-01 
  931.000  6.616431e-01 
  932.000  5.807847e-01 
  933.000  5.205022e-01 
  934.000  4.586157e-01 
  935.000  4.520179e-01 
  936.000  4.764791e-01 
  937.000  4.702374e-01 
  938.000  5.391060e-01 
  939.000  7.176075e-01 
  940.000  7.441105e-01 
  941.000  7.212179e-01 
  942.000  6.650580e-01 
  943.000  5.715157e-01 
  944.000  5.649768e-01 
  945.000  5.986384e-01 
  946.000  6.005060e-01 
  947.000  6.305149e-01 
  948.000  6.481017e-01 
  949.000  6.457924e-01 
  950.000  6.502891e-01 
  951.000  6.896239e-01 
  952.000  6.475645e-01 
  953.000  6.770414e-01 
  954.000  7.086273e-01 
  955.000  6.830035e-01 
  956.000  6.772376e-01 
  957.000  7.570730e-01 
  958.000  7.673706e-01 
  959.000  7.540948e-01 
  960.000  7.502272e-01 
  961.000  7.435656e-01 
  962.000  7.496098e-01 
  963.000  7.933167e-01 
  964.000  7.995753e-01 
  965.000  7.953895e-01 
  966.000  7.977448e-01 
  967.000  8.288659e-01 
  968.000  8.807269e-01 
  969.000  9.040982e-01 
  970.000  9.053433e-01 
  971.000  9.047780e-01 
  972.000  8.981340e-01 
  973.000  8.827861e-01 
  974.000  8.640744e-01 
  975.000  8.520374e-01 
  976.000  8.667369e-01 
  977.000  8.909999e-01 
  978.000  8.890170e-01 
  979.000  8.952864e-01 
  980.000  9.199877e-01 
  981.000  9.254460e-01 
  982.000  9.199341e-01 
  983.000  9.325923e-01 
  984.000  9.456139e-01 
  985.000  9.530014e-01 
  986.000  9.625328e-01 
  987.000  9.666519e-01 
  988.000  9.675845e-01 
  989.000  9.681768e-01 
  990.000  9.691728e-01 
  991.000  9.727101e-01 
  992.000  9.737076e-01 
  993.000  9.740742e-01 
  994.000  9.772645e-01 
  995.000  9.794421e-01 
  996.000  9.794164e-01 
  997.000  9.780225e-01 
  998.000  9.763966e-01 
  999.000  9.757957e-01 
 1000.000  9.762751e-01 
 1001.000  9.728718e-01 
 1002.000  9.674290e-01 
 1003.000  9.687133e-01 
 1004.000  9.718334e-01 
 1005.000  9.732549e-01 
 1006.000  9.737126e-01 
 1007.000  9.726688e-01 
 1008.000  9.682322e-01 
 1009.000  9.623018e-01 
 1010.000  9.649378e-01 
 1011.000  9.712297e-01 
 1012.000  9.736218e-01 
 1013.000  9.755032e-01 
 1014.000  9.762877e-01 
 1015.000  9.764361e-01 
 1016.000  9.772853e-01 
 1017.000  9.777733e-01 
 1018.000  9.767108e-01 
 1019.000  9.745242e-01 
 1020.000  9.752920e-01 
 1021.000  9.768679e-01 
 1022.000  9.742235e-01 
 1023.000  9.720104e-01 
 1024.000  9.706863e-01 
 1025.000  9.747497e-01 
 1026.000  9.765465e-01 
 1027.000  9.757856e-01 
 1028.000  9.764167e-01 
 1029.000  9.782029e-01 
 1030.000  9.798427e-01 
 1031.000  9.806963e-01 
 1032.000  9.813600e-01 
 1033.000  9.815362e-01 
 1034.000  9.819294e-01 
 1035.000  9.821123e-01 
 1036.000  9.820023e-01 
 1037.000  9.820269e-01 
 1038.000  9.821352e-01 
 1039.000  9.819210e-01 
 1040.000  9.817340e-01 
 1041.000  9.815858e-01 
 1042.000  9.815419e-01 
 1043.000  9.815328e-01 
 1044.000  9.813983e-01 
 1045.000  9.809895e-01 
 1046.000  9.807125e-01 
 1047.000  9.803823e-01 
 1048.000  9.799564e-01 
 1049.000  9.795260e-01 
 1050.000  9.790781e-01 
 1051.000  9.784348e-01 
 1052.000  9.780163e-01 
 1053.000  9.779781e-01 
 1054.000  9.773338e-01 
 1055.000  9.766763e-01 
 1056.000  9.761372e-01 
 1057.000  9.746981e-01 
 1058.000  9.720433e-01 
 1059.000  9.722315e-01 
 1060.000  9.736164e-01 
 1061.000  9.733027e-01 
 1062.000  9.716084e-01 
 1063.000  9.709525e-01 
 1064.000  9.694800e-01 
 1065.000  9.677427e-01 
 1066.000  9.678729e-01 
 1067.000  9.668761e-01 
 1068.000  9.634339e-01 
 1069.000  9.617817e-01 
 1070.000  9.622853e-01 
 1071.000  9.600806e-01 
 1072.000  9.578117e-01 
 1073.000  9.573522e-01 
 1074.000  9.576471e-01 
 1075.000  9.609308e-01 
 1076.000  9.588274e-01 
 1077.000  9.560171e-01 
 1078.000  9.527175e-01 
 1079.000  9.522668e-01 
 1080.000  9.434845e-01 
 1081.000  9.429657e-01 
 1082.000  9.468051e-01 
 1083.000  9.421450e-01 
 1084.000  9.370453e-01 
 1085.000  9.248925e-01 
 1086.000  9.277220e-01 
 1087.000  9.410613e-01 
 1088.000  9.415668e-01 
 1089.000  9.253315e-01 
 1090.000  9.222721e-01 
 1091.000  9.253567e-01 
 1092.000  9.172972e-01 
 1093.000  8.992989e-01 
 1094.000  8.914477e-01 
 1095.000  8.927173e-01 
 1096.000  8.938877e-01 
 1097.000  8.903005e-01 
 1098.000  8.464575e-01 
 1099.000  8.090312e-01 
 1100.000  8.115626e-01 
 1101.000  8.167382e-01 
 1102.000  8.142419e-01 
 1103.000  8.176942e-01 
 1104.000  8.114780e-01 
 1105.000  7.957748e-01 
 1106.000  7.798926e-01 
 1107.000  7.838598e-01 
 1108.000  7.867908e-01 
 1109.000  8.004212e-01 
 1110.000  7.988530e-01 
 1111.000  7.913774e-01 
 1112.000  7.581781e-01 
 1113.000  7.128559e-01 
 1114.000  7.007248e-01 
 1115.000  6.450686e-01 
 1116.000  6.106010e-01 
 1117.000  5.308905e-01 
 1118.000  4.583602e-01 
 1119.000  4.202026e-01 
 1120.000  3.729696e-01 
 1121.000  3.625599e-01 
 1122.000  3.139304e-01 
 1123.000  3.403793e-01 
 1124.000  3.582467e-01 
 1125.000  3.488421e-01 
 1126.000  3.450790e-01 
 1127.000  3.491585e-01 
 1128.000  3.571022e-01 
 1129.000  4.052147e-01 
 1130.000  5.185738e-01 
 1131.000  5.515677e-01 
 1132.000  5.064754e-01 
 1133.000  4.245521e-01 
 1134.000  2.787676e-01 
 1135.000  2.896776e-01 
 1136.000  4.363372e-01 
 1137.000  5.176278e-01 
 1138.000  5.967031e-01 
 1139.000  6.206810e-01 
 1140.000  6.055934e-01 
 1141.000  5.749090e-01 
 1142.000  5.641387e-01 
 1143.000  5.303984e-01 
 1144.000  4.924753e-01 
 1145.000  4.379050e-01 
 1146.000  4.507745e-01 
 1147.000  4.934773e-01 
 1148.000  5.315284e-01 
 1149.000  5.469168e-01 
 1150.000  5.476598e-01 
