  320.000  9.909458e-02 
  321.000  1.290497e-01 
  322.000  1.170718e-01 
  323.000  1.322969e-01 
  324.000  1.479900e-01 
  325.000  1.362582e-01 
  326.000  1.556337e-01 
  327.000  1.611493e-01 
  328.000  1.492954e-01 
  329.000  1.722380e-01 
  330.000  1.759456e-01 
  331.000  1.686279e-01 
  332.000  1.828237e-01 
  333.000  1.870144e-01 
  334.000  1.835719e-01 
  335.000  1.941642e-01 
  336.000  1.984944e-01 
  337.000  1.966667e-01 
  338.000  2.017587e-01 
  339.000  2.070464e-01 
  340.000  2.061752e-01 
  341.000  2.113357e-01 
  342.000  2.151288e-01 
  343.000  2.170400e-01 
  344.000  2.174310e-01 
  345.000  2.226104e-01 
  346.000  2.258955e-01 
  347.000  2.285821e-01 
  348.000  2.311053e-01 
  349.000  2.339470e-01 
  350.000  2.363823e-01 
  351.000  2.388135e-01 
  352.000  2.408121e-01 
  353.000  2.436605e-01 
  354.000  2.460912e-01 
  355.000  2.483579e-01 
  356.000  2.505710e-01 
  357.000  2.525443e-01 
  358.000  2.546712e-01 
  359.000  2.567998e-01 
  360.000  2.589838e-01 
  361.000  2.617485e-01 
  362.000  2.646339e-01 
  363.000  2.672973e-01 
  364.000  2.697534e-01 
  365.000  2.720616e-01 
  366.000  2.744259e-01 
  367.000  2.766810e-01 
  368.000  2.789195e-01 
  369.000  2.811423e-01 
  370.000  2.833457e-01 
  371.000  2.855354e-01 
  372.000  2.877104e-01 
  373.000  2.898703e-01 
  374.000  2.919987e-01 
  375.000  2.940890e-01 
  376.000  2.961112e-01 
  377.000  2.980250e-01 
  378.000  2.998049e-01 
  379.000  3.016156e-01 
  380.000  3.036095e-01 
  381.000  3.058824e-01 
  382.000  3.082413e-01 
  383.000  3.104752e-01 
  384.000  3.125972e-01 
  385.000  3.146445e-01 
  386.000  3.166416e-01 
  387.000  3.186088e-01 
  388.000  3.205532e-01 
  389.000  3.224836e-01 
  390.000  3.244006e-01 
  391.000  3.263000e-01 
  392.000  3.281872e-01 
  393.000  3.300608e-01 
  394.000  3.319188e-01 
  395.000  3.337597e-01 
  396.000  3.355904e-01 
  397.000  3.374016e-01 
  398.000  3.391978e-01 
  399.000  3.409804e-01 
  400.000  3.427399e-01 
  401.000  3.444942e-01 
  402.000  3.462359e-01 
  403.000  3.479642e-01 
  404.000  3.496785e-01 
  405.000  3.513755e-01 
  406.000  3.530625e-01 
  407.000  3.547377e-01 
  408.000  3.563996e-01 
  409.000  3.580464e-01 
  410.000  3.596788e-01 
  411.000  3.612964e-01 
  412.000  3.628978e-01 
  413.000  3.644911e-01 
  414.000  3.659711e-01 
  415.000  3.675734e-01 
  416.000  3.691565e-01 
  417.000  3.707143e-01 
  418.000  3.722374e-01 
  419.000  3.737447e-01 
  420.000  3.752394e-01 
  421.000  3.767262e-01 
  422.000  3.782047e-01 
  423.000  3.796732e-01 
  424.000  3.811252e-01 
  425.000  3.825449e-01 
  426.000  3.839517e-01 
  427.000  3.853469e-01 
  428.000  3.867181e-01 
  429.000  3.880709e-01 
  430.000  3.894088e-01 
  431.000  3.907375e-01 
  432.000  3.920530e-01 
  433.000  3.933568e-01 
  434.000  3.946503e-01 
  435.000  3.959319e-01 
  436.000  3.971998e-01 
  437.000  3.984546e-01 
  438.000  3.996958e-01 
  439.000  4.009280e-01 
  440.000  4.021410e-01 
  441.000  4.033392e-01 
  442.000  4.045191e-01 
  443.000  4.056817e-01 
  444.000  4.068265e-01 
  445.000  4.079472e-01 
  446.000  4.090374e-01 
  447.000  4.101812e-01 
  448.000  4.114081e-01 
  449.000  4.126506e-01 
  450.000  4.138698e-01 
  451.000  4.150420e-01 
  452.000  4.161735e-01 
  453.000  4.172825e-01 
  454.000  4.183719e-01 
  455.000  4.193984e-01 
  456.000  4.203425e-01 
  457.000  4.212872e-01 
  458.000  4.222195e-01 
  459.000  4.231324e-01 
  460.000  4.240383e-01 
  461.000  4.249349e-01 
  462.000  4.258148e-01 
  463.000  4.266911e-01 
  464.000  4.278325e-01 
  465.000  4.289572e-01 
  466.000  4.300626e-01 
  467.000  4.311428e-01 
  468.000  4.320230e-01 
  469.000  4.327813e-01 
  470.000  4.334789e-01 
  471.000  4.341070e-01 
  472.000  4.346404e-01 
  473.000  4.350144e-01 
  474.000  4.353215e-01 
  475.000  4.354004e-01 
  476.000  4.352484e-01 
  477.000  4.352452e-01 
  478.000  4.361340e-01 
  479.000  4.374875e-01 
  480.000  4.389491e-01 
  481.000  4.402610e-01 
  482.000  4.414920e-01 
  483.000  4.425626e-01 
  484.000  4.434831e-01 
  485.000  4.443065e-01 
  486.000  4.451849e-01 
  487.000  4.461100e-01 
  488.000  4.470056e-01 
  489.000  4.478850e-01 
  490.000  4.487543e-01 
  491.000  4.494351e-01 
  492.000  4.500577e-01 
  493.000  4.506773e-01 
  494.000  4.512795e-01 
  495.000  4.518818e-01 
  496.000  4.521922e-01 
  497.000  4.524908e-01 
  498.000  4.527851e-01 
  499.000  4.530636e-01 
  500.000  4.533377e-01 
  501.000  4.535814e-01 
  502.000  4.538251e-01 
  503.000  4.540657e-01 
  504.000  4.542954e-01 
  505.000  4.545124e-01 
  506.000  4.551484e-01 
  507.000  4.558030e-01 
  508.000  4.564567e-01 
  509.000  4.571030e-01 
  510.000  4.577358e-01 
  511.000  4.583031e-01 
  512.000  4.588511e-01 
  513.000  4.593960e-01 
  514.000  4.599342e-01 
  515.000  4.604678e-01 
  516.000  4.608490e-01 
  517.000  4.610935e-01 
  518.000  4.613312e-01 
  519.000  4.615645e-01 
  520.000  4.617954e-01 
  521.000  4.620024e-01 
  522.000  4.621516e-01 
  523.000  4.622593e-01 
  524.000  4.623705e-01 
  525.000  4.624582e-01 
  526.000  4.625812e-01 
  527.000  4.626010e-01 
  528.000  4.625790e-01 
  529.000  4.625557e-01 
  530.000  4.625377e-01 
  531.000  4.625229e-01 
  532.000  4.625561e-01 
  533.000  4.628560e-01 
  534.000  4.632348e-01 
  535.000  4.636624e-01 
  536.000  4.640759e-01 
  537.000  4.644541e-01 
  538.000  4.647923e-01 
  539.000  4.651058e-01 
  540.000  4.653998e-01 
  541.000  4.656853e-01 
  542.000  4.659583e-01 
  543.000  4.662217e-01 
  544.000  4.664209e-01 
  545.000  4.665677e-01 
  546.000  4.667077e-01 
  547.000  4.668516e-01 
  548.000  4.669883e-01 
  549.000  4.671229e-01 
  550.000  4.671882e-01 
  551.000  4.671848e-01 
  552.000  4.671840e-01 
  553.000  4.671690e-01 
  554.000  4.671475e-01 
  555.000  4.671222e-01 
  556.000  4.670709e-01 
  557.000  4.669746e-01 
  558.000  4.668704e-01 
  559.000  4.667542e-01 
  560.000  4.666089e-01 
  561.000  4.664371e-01 
  562.000  4.661935e-01 
  563.000  4.659909e-01 
  564.000  4.657399e-01 
  565.000  4.653962e-01 
  566.000  4.650568e-01 
  567.000  4.644851e-01 
  568.000  4.632563e-01 
  569.000  4.613204e-01 
  570.000  4.611674e-01 
  571.000  4.619191e-01 
  572.000  4.603958e-01 
  573.000  4.602461e-01 
  574.000  4.600149e-01 
  575.000  4.597514e-01 
  576.000  4.599074e-01 
  577.000  4.605223e-01 
  578.000  4.614761e-01 
  579.000  4.627163e-01 
  580.000  4.643077e-01 
  581.000  4.662691e-01 
  582.000  4.678057e-01 
  583.000  4.690143e-01 
  584.000  4.700577e-01 
  585.000  4.709530e-01 
  586.000  4.717630e-01 
  587.000  4.719483e-01 
  588.000  4.704321e-01 
  589.000  4.672722e-01 
  590.000  4.673870e-01 
  591.000  4.701606e-01 
  592.000  4.691506e-01 
  593.000  4.722159e-01 
  594.000  4.718662e-01 
  595.000  4.701506e-01 
  596.000  4.727446e-01 
  597.000  4.718194e-01 
  598.000  4.725061e-01 
  599.000  4.726712e-01 
  600.000  4.733731e-01 
  601.000  4.737178e-01 
  602.000  4.736323e-01 
  603.000  4.741229e-01 
  604.000  4.749312e-01 
  605.000  4.756128e-01 
  606.000  4.761975e-01 
  607.000  4.767653e-01 
  608.000  4.773422e-01 
  609.000  4.778967e-01 
  610.000  4.784756e-01 
  611.000  4.791192e-01 
  612.000  4.797497e-01 
  613.000  4.803608e-01 
  614.000  4.809541e-01 
  615.000  4.815458e-01 
  616.000  4.821160e-01 
  617.000  4.826548e-01 
  618.000  4.831065e-01 
  619.000  4.834886e-01 
  620.000  4.838426e-01 
  621.000  4.841466e-01 
  622.000  4.844008e-01 
  623.000  4.845709e-01 
  624.000  4.847524e-01 
  625.000  4.849049e-01 
  626.000  4.849317e-01 
  627.000  4.835803e-01 
  628.000  4.656579e-01 
  629.000  4.776226e-01 
  630.000  4.785621e-01 
  631.000  4.818977e-01 
  632.000  4.837700e-01 
  633.000  4.866785e-01 
  634.000  4.887519e-01 
  635.000  4.901701e-01 
  636.000  4.916410e-01 
  637.000  4.929640e-01 
  638.000  4.945820e-01 
  639.000  4.956718e-01 
  640.000  4.969880e-01 
  641.000  4.979900e-01 
  642.000  4.989974e-01 
  643.000  4.993431e-01 
  644.000  5.000601e-01 
  645.000  5.002791e-01 
  646.000  4.988808e-01 
  647.000  4.982309e-01 
  648.000  4.972331e-01 
  649.000  4.992063e-01 
  650.000  5.022981e-01 
  651.000  5.027920e-01 
  652.000  5.010333e-01 
  653.000  5.040841e-01 
  654.000  5.043162e-01 
  655.000  5.039313e-01 
  656.000  5.046120e-01 
  657.000  5.056223e-01 
  658.000  5.070074e-01 
  659.000  5.080029e-01 
  660.000  5.087420e-01 
  661.000  5.099193e-01 
  662.000  5.107662e-01 
  663.000  5.111585e-01 
  664.000  5.117668e-01 
  665.000  5.123472e-01 
  666.000  5.129671e-01 
  667.000  5.135481e-01 
  668.000  5.141678e-01 
  669.000  5.147139e-01 
  670.000  5.152379e-01 
  671.000  5.157692e-01 
  672.000  5.162811e-01 
  673.000  5.167889e-01 
  674.000  5.172940e-01 
  675.000  5.177982e-01 
  676.000  5.182783e-01 
  677.000  5.187183e-01 
  678.000  5.191575e-01 
  679.000  5.195698e-01 
  680.000  5.198687e-01 
  681.000  5.201244e-01 
  682.000  5.204931e-01 
  683.000  5.208058e-01 
  684.000  5.209312e-01 
  685.000  5.215112e-01 
  686.000  5.193577e-01 
  687.000  4.378416e-01 
  688.000  4.628126e-01 
  689.000  4.561382e-01 
  690.000  4.691655e-01 
  691.000  4.879014e-01 
  692.000  5.016431e-01 
  693.000  5.069207e-01 
  694.000  5.089489e-01 
  695.000  5.133579e-01 
  696.000  5.157434e-01 
  697.000  5.223680e-01 
  698.000  5.214777e-01 
  699.000  5.163032e-01 
  700.000  5.174518e-01 
  701.000  5.164511e-01 
  702.000  5.175688e-01 
  703.000  5.223437e-01 
  704.000  5.227541e-01 
  705.000  5.210651e-01 
  706.000  5.216089e-01 
  707.000  5.224580e-01 
  708.000  5.233586e-01 
  709.000  5.250148e-01 
  710.000  5.236169e-01 
  711.000  5.254027e-01 
  712.000  5.268250e-01 
  713.000  5.260309e-01 
  714.000  5.258480e-01 
  715.000  5.242797e-01 
  716.000  5.226767e-01 
  717.000  5.108700e-01 
  718.000  5.035143e-01 
  719.000  5.009729e-01 
  720.000  4.968554e-01 
  721.000  5.153129e-01 
  722.000  5.217785e-01 
  723.000  5.184229e-01 
  724.000  5.083568e-01 
  725.000  5.100867e-01 
  726.000  5.097116e-01 
  727.000  5.112938e-01 
  728.000  5.097962e-01 
  729.000  5.138650e-01 
  730.000  5.132645e-01 
  731.000  5.125144e-01 
  732.000  5.192499e-01 
  733.000  5.255716e-01 
  734.000  5.286282e-01 
  735.000  5.276912e-01 
  736.000  5.258279e-01 
  737.000  5.273888e-01 
  738.000  5.294943e-01 
  739.000  5.304437e-01 
  740.000  5.324401e-01 
  741.000  5.334721e-01 
  742.000  5.340410e-01 
  743.000  5.350927e-01 
  744.000  5.356348e-01 
  745.000  5.360948e-01 
  746.000  5.365184e-01 
  747.000  5.367181e-01 
  748.000  5.371522e-01 
  749.000  5.374310e-01 
  750.000  5.374756e-01 
  751.000  5.376611e-01 
  752.000  5.380545e-01 
  753.000  5.382913e-01 
  754.000  5.385046e-01 
  755.000  5.386875e-01 
  756.000  5.388726e-01 
  757.000  5.390040e-01 
  758.000  5.378656e-01 
  759.000  4.938436e-01 
  760.000  1.912544e-01 
  761.000  1.657382e-01 
  762.000  3.313947e-01 
  763.000  2.776463e-01 
  764.000  3.040552e-01 
  765.000  3.655972e-01 
  766.000  4.425423e-01 
  767.000  4.823931e-01 
  768.000  5.088107e-01 
  769.000  5.263997e-01 
  770.000  5.359678e-01 
  771.000  5.404093e-01 
  772.000  5.415410e-01 
  773.000  5.420563e-01 
  774.000  5.427660e-01 
  775.000  5.431794e-01 
  776.000  5.434636e-01 
  777.000  5.436026e-01 
  778.000  5.436803e-01 
  779.000  5.437382e-01 
  780.000  5.437894e-01 
  781.000  5.439715e-01 
  782.000  5.440184e-01 
  783.000  5.440691e-01 
  784.000  5.440342e-01 
  785.000  5.435455e-01 
  786.000  5.429203e-01 
  787.000  5.415049e-01 
  788.000  5.408183e-01 
  789.000  5.381972e-01 
  790.000  5.380184e-01 
  791.000  5.386171e-01 
  792.000  5.391707e-01 
  793.000  5.403802e-01 
  794.000  5.427321e-01 
  795.000  5.414474e-01 
  796.000  5.375202e-01 
  797.000  5.387229e-01 
  798.000  5.412968e-01 
  799.000  5.407801e-01 
  800.000  5.390048e-01 
  801.000  5.392805e-01 
  802.000  5.391509e-01 
  803.000  5.394741e-01 
  804.000  5.403880e-01 
  805.000  5.420886e-01 
  806.000  5.429342e-01 
  807.000  5.430330e-01 
  808.000  5.425799e-01 
  809.000  5.420936e-01 
  810.000  5.414059e-01 
  811.000  5.399286e-01 
  812.000  5.379195e-01 
  813.000  5.354318e-01 
  814.000  5.321095e-01 
  815.000  5.279402e-01 
  816.000  5.224465e-01 
  817.000  5.228377e-01 
  818.000  5.233470e-01 
  819.000  5.252079e-01 
  820.000  5.313193e-01 
  821.000  5.382113e-01 
  822.000  5.330628e-01 
  823.000  5.182496e-01 
  824.000  5.308439e-01 
  825.000  5.387594e-01 
  826.000  5.374369e-01 
  827.000  5.364934e-01 
  828.000  5.313444e-01 
  829.000  5.332729e-01 
  830.000  5.354083e-01 
  831.000  5.359336e-01 
  832.000  5.361659e-01 
  833.000  5.374013e-01 
  834.000  5.388414e-01 
  835.000  5.416554e-01 
  836.000  5.407969e-01 
  837.000  5.407347e-01 
  838.000  5.421295e-01 
  839.000  5.429870e-01 
  840.000  5.433266e-01 
  841.000  5.424789e-01 
  842.000  5.433177e-01 
  843.000  5.451138e-01 
  844.000  5.459788e-01 
  845.000  5.464408e-01 
  846.000  5.468640e-01 
  847.000  5.473435e-01 
  848.000  5.466180e-01 
  849.000  5.467666e-01 
  850.000  5.464779e-01 
  851.000  5.460427e-01 
  852.000  5.461308e-01 
  853.000  5.469575e-01 
  854.000  5.469527e-01 
  855.000  5.473241e-01 
  856.000  5.481542e-01 
  857.000  5.485057e-01 
  858.000  5.486991e-01 
  859.000  5.492063e-01 
  860.000  5.494705e-01 
  861.000  5.495432e-01 
  862.000  5.497016e-01 
  863.000  5.497558e-01 
  864.000  5.498764e-01 
  865.000  5.499818e-01 
  866.000  5.500377e-01 
  867.000  5.500620e-01 
  868.000  5.501100e-01 
  869.000  5.501702e-01 
  870.000  5.501895e-01 
  871.000  5.502480e-01 
  872.000  5.503383e-01 
  873.000  5.503203e-01 
  874.000  5.503268e-01 
  875.000  5.503557e-01 
  876.000  5.502970e-01 
  877.000  5.502844e-01 
  878.000  5.500017e-01 
  879.000  5.500152e-01 
  880.000  5.498279e-01 
  881.000  5.497172e-01 
  882.000  5.496825e-01 
  883.000  5.497829e-01 
  884.000  5.498716e-01 
  885.000  5.494676e-01 
  886.000  5.489007e-01 
  887.000  5.494511e-01 
  888.000  5.494558e-01 
  889.000  5.495883e-01 
  890.000  5.493057e-01 
  891.000  5.486312e-01 
  892.000  5.471417e-01 
  893.000  5.426614e-01 
  894.000  5.403704e-01 
  895.000  5.331285e-01 
  896.000  5.265903e-01 
  897.000  5.196216e-01 
  898.000  5.163459e-01 
  899.000  5.067174e-01 
  900.000  5.082008e-01 
  901.000  5.056666e-01 
  902.000  5.060975e-01 
  903.000  5.222906e-01 
  904.000  5.318879e-01 
  905.000  5.315293e-01 
  906.000  5.255762e-01 
  907.000  5.148371e-01 
  908.000  5.076338e-01 
  909.000  5.080005e-01 
  910.000  5.091368e-01 
  911.000  5.139829e-01 
  912.000  5.116746e-01 
  913.000  5.014246e-01 
  914.000  5.065472e-01 
  915.000  5.105218e-01 
  916.000  5.115877e-01 
  917.000  5.137113e-01 
  918.000  5.164475e-01 
  919.000  5.256597e-01 
  920.000  5.324686e-01 
  921.000  5.309666e-01 
  922.000  5.308534e-01 
  923.000  5.289758e-01 
  924.000  5.244045e-01 
  925.000  5.241100e-01 
  926.000  5.241955e-01 
  927.000  5.189455e-01 
  928.000  5.107224e-01 
  929.000  4.985380e-01 
  930.000  4.824640e-01 
  931.000  4.636433e-01 
  932.000  4.381462e-01 
  933.000  4.172676e-01 
  934.000  3.940830e-01 
  935.000  3.917263e-01 
  936.000  4.014813e-01 
  937.000  3.988402e-01 
  938.000  4.239456e-01 
  939.000  4.828536e-01 
  940.000  4.907903e-01 
  941.000  4.837119e-01 
  942.000  4.660526e-01 
  943.000  4.348102e-01 
  944.000  4.326689e-01 
  945.000  4.444597e-01 
  946.000  4.449708e-01 
  947.000  4.547880e-01 
  948.000  4.604624e-01 
  949.000  4.595616e-01 
  950.000  4.609694e-01 
  951.000  4.734727e-01 
  952.000  4.598050e-01 
  953.000  4.691353e-01 
  954.000  4.788666e-01 
  955.000  4.706504e-01 
  956.000  4.685075e-01 
  957.000  4.929555e-01 
  958.000  4.958566e-01 
  959.000  4.917579e-01 
  960.000  4.904951e-01 
  961.000  4.884114e-01 
  962.000  4.901620e-01 
  963.000  5.030518e-01 
  964.000  5.048188e-01 
  965.000  5.035346e-01 
  966.000  5.041505e-01 
  967.000  5.130450e-01 
  968.000  5.274871e-01 
  969.000  5.338286e-01 
  970.000  5.341515e-01 
  971.000  5.340098e-01 
  972.000  5.322364e-01 
  973.000  5.280703e-01 
  974.000  5.229141e-01 
  975.000  5.195661e-01 
  976.000  5.236882e-01 
  977.000  5.303894e-01 
  978.000  5.298324e-01 
  979.000  5.315256e-01 
  980.000  5.382113e-01 
  981.000  5.396707e-01 
  982.000  5.381770e-01 
  983.000  5.415621e-01 
  984.000  5.450253e-01 
  985.000  5.469827e-01 
  986.000  5.494951e-01 
  987.000  5.504020e-01 
  988.000  5.506645e-01 
  989.000  5.508373e-01 
  990.000  5.511235e-01 
  991.000  5.520361e-01 
  992.000  5.523314e-01 
  993.000  5.524513e-01 
  994.000  5.533052e-01 
  995.000  5.538332e-01 
  996.000  5.538433e-01 
  997.000  5.535131e-01 
  998.000  5.531313e-01 
  999.000  5.529788e-01 
 1000.000  5.531369e-01 
 1001.000  5.522721e-01 
 1002.000  5.508737e-01 
 1003.000  5.512439e-01 
 1004.000  5.520408e-01 
 1005.000  5.524563e-01 
 1006.000  5.525720e-01 
 1007.000  5.522982e-01 
 1008.000  5.511689e-01 
 1009.000  5.497866e-01 
 1010.000  5.504882e-01 
 1011.000  5.519248e-01 
 1012.000  5.525970e-01 
 1013.000  5.530431e-01 
 1014.000  5.532674e-01 
 1015.000  5.533019e-01 
 1016.000  5.535426e-01 
 1017.000  5.536855e-01 
 1018.000  5.533717e-01 
 1019.000  5.528235e-01 
 1020.000  5.529562e-01 
 1021.000  5.534055e-01 
 1022.000  5.527099e-01 
 1023.000  5.520722e-01 
 1024.000  5.517606e-01 
 1025.000  5.527977e-01 
 1026.000  5.532055e-01 
 1027.000  5.529632e-01 
 1028.000  5.531028e-01 
 1029.000  5.535209e-01 
 1030.000  5.539130e-01 
 1031.000  5.541003e-01 
 1032.000  5.542699e-01 
 1033.000  5.542781e-01 
 1034.000  5.543484e-01 
 1035.000  5.543085e-01 
 1036.000  5.540939e-01 
 1037.000  5.539536e-01 
 1038.000  5.539716e-01 
 1039.000  5.538539e-01 
 1040.000  5.537124e-01 
 1041.000  5.535961e-01 
 1042.000  5.535353e-01 
 1043.000  5.534718e-01 
 1044.000  5.533313e-01 
 1045.000  5.530722e-01 
 1046.000  5.528687e-01 
 1047.000  5.525982e-01 
 1048.000  5.520927e-01 
 1049.000  5.514897e-01 
 1050.000  5.511597e-01 
 1051.000  5.508737e-01 
 1052.000  5.505393e-01 
 1053.000  5.503324e-01 
 1054.000  5.499357e-01 
 1055.000  5.495208e-01 
 1056.000  5.490485e-01 
 1057.000  5.482699e-01 
 1058.000  5.472196e-01 
 1059.000  5.469784e-01 
 1060.000  5.470324e-01 
 1061.000  5.467861e-01 
 1062.000  5.460654e-01 
 1063.000  5.454641e-01 
 1064.000  5.447258e-01 
 1065.000  5.442613e-01 
 1066.000  5.442639e-01 
 1067.000  5.439481e-01 
 1068.000  5.432202e-01 
 1069.000  5.435753e-01 
 1070.000  5.443357e-01 
 1071.000  5.443012e-01 
 1072.000  5.442477e-01 
 1073.000  5.445234e-01 
 1074.000  5.449909e-01 
 1075.000  5.460892e-01 
 1076.000  5.460212e-01 
 1077.000  5.455987e-01 
 1078.000  5.450270e-01 
 1079.000  5.452005e-01 
 1080.000  5.431020e-01 
 1081.000  5.431880e-01 
 1082.000  5.444131e-01 
 1083.000  5.433961e-01 
 1084.000  5.422179e-01 
 1085.000  5.391188e-01 
 1086.000  5.400511e-01 
 1087.000  5.437847e-01 
 1088.000  5.440586e-01 
 1089.000  5.398332e-01 
 1090.000  5.391484e-01 
 1091.000  5.401135e-01 
 1092.000  5.380940e-01 
 1093.000  5.332827e-01 
 1094.000  5.312110e-01 
 1095.000  5.316546e-01 
 1096.000  5.320774e-01 
 1097.000  5.312297e-01 
 1098.000  5.190697e-01 
 1099.000  5.084510e-01 
 1100.000  5.092711e-01 
 1101.000  5.108500e-01 
 1102.000  5.102721e-01 
 1103.000  5.113531e-01 
 1104.000  5.096250e-01 
 1105.000  5.051644e-01 
 1106.000  5.005192e-01 
 1107.000  5.018653e-01 
 1108.000  5.029559e-01 
 1109.000  5.072262e-01 
 1110.000  5.071132e-01 
 1111.000  5.051236e-01 
 1112.000  4.954875e-01 
 1113.000  4.821353e-01 
 1114.000  4.791048e-01 
 1115.000  4.620939e-01 
 1116.000  4.510830e-01 
 1117.000  4.233375e-01 
 1118.000  3.966919e-01 
 1119.000  3.823124e-01 
 1120.000  3.628452e-01 
 1121.000  3.585464e-01 
 1122.000  3.358524e-01 
 1123.000  3.492244e-01 
 1124.000  3.578900e-01 
 1125.000  3.535818e-01 
 1126.000  3.517034e-01 
 1127.000  3.533193e-01 
 1128.000  3.564540e-01 
 1129.000  3.774899e-01 
 1130.000  4.231866e-01 
 1131.000  4.354465e-01 
 1132.000  4.188484e-01 
 1133.000  3.857096e-01 
 1134.000  3.171177e-01 
 1135.000  3.226865e-01 
 1136.000  3.899790e-01 
 1137.000  4.218827e-01 
 1138.000  4.498639e-01 
 1139.000  4.570329e-01 
 1140.000  4.518585e-01 
 1141.000  4.406996e-01 
 1142.000  4.369467e-01 
 1143.000  4.248328e-01 
 1144.000  4.104933e-01 
 1145.000  3.888462e-01 
 1146.000  3.940368e-01 
 1147.000  4.107782e-01 
 1148.000  4.250248e-01 
 1149.000  4.303987e-01 
 1150.000  4.300723e-01 
