  320.000  2.323977e-01 
  321.000  2.801747e-01 
  322.000  2.615067e-01 
  323.000  2.851470e-01 
  324.000  3.086949e-01 
  325.000  2.911645e-01 
  326.000  3.198979e-01 
  327.000  3.278822e-01 
  328.000  3.106199e-01 
  329.000  3.436967e-01 
  330.000  3.489175e-01 
  331.000  3.385816e-01 
  332.000  3.585185e-01 
  333.000  3.643164e-01 
  334.000  3.595565e-01 
  335.000  3.741216e-01 
  336.000  3.800087e-01 
  337.000  3.775285e-01 
  338.000  3.844218e-01 
  339.000  3.915266e-01 
  340.000  3.903596e-01 
  341.000  3.972508e-01 
  342.000  4.022848e-01 
  343.000  4.048114e-01 
  344.000  4.053274e-01 
  345.000  4.121385e-01 
  346.000  4.164345e-01 
  347.000  4.199344e-01 
  348.000  4.232103e-01 
  349.000  4.268874e-01 
  350.000  4.300282e-01 
  351.000  4.331543e-01 
  352.000  4.357172e-01 
  353.000  4.393591e-01 
  354.000  4.424571e-01 
  355.000  4.453381e-01 
  356.000  4.481436e-01 
  357.000  4.506388e-01 
  358.000  4.533221e-01 
  359.000  4.560010e-01 
  360.000  4.587427e-01 
  361.000  4.622039e-01 
  362.000  4.658048e-01 
  363.000  4.691185e-01 
  364.000  4.721657e-01 
  365.000  4.750219e-01 
  366.000  4.779405e-01 
  367.000  4.807173e-01 
  368.000  4.834670e-01 
  369.000  4.861912e-01 
  370.000  4.888854e-01 
  371.000  4.915568e-01 
  372.000  4.942044e-01 
  373.000  4.968277e-01 
  374.000  4.994072e-01 
  375.000  5.019353e-01 
  376.000  5.043760e-01 
  377.000  5.066814e-01 
  378.000  5.088215e-01 
  379.000  5.109949e-01 
  380.000  5.133837e-01 
  381.000  5.161013e-01 
  382.000  5.189155e-01 
  383.000  5.215749e-01 
  384.000  5.240957e-01 
  385.000  5.265231e-01 
  386.000  5.288866e-01 
  387.000  5.312104e-01 
  388.000  5.335031e-01 
  389.000  5.357754e-01 
  390.000  5.380279e-01 
  391.000  5.402559e-01 
  392.000  5.424659e-01 
  393.000  5.446563e-01 
  394.000  5.468248e-01 
  395.000  5.489699e-01 
  396.000  5.510997e-01 
  397.000  5.532035e-01 
  398.000  5.552865e-01 
  399.000  5.573506e-01 
  400.000  5.593849e-01 
  401.000  5.614102e-01 
  402.000  5.634179e-01 
  403.000  5.654072e-01 
  404.000  5.673776e-01 
  405.000  5.693253e-01 
  406.000  5.712589e-01 
  407.000  5.731762e-01 
  408.000  5.750757e-01 
  409.000  5.769554e-01 
  410.000  5.788162e-01 
  411.000  5.806576e-01 
  412.000  5.824782e-01 
  413.000  5.842874e-01 
  414.000  5.859658e-01 
  415.000  5.877807e-01 
  416.000  5.895715e-01 
  417.000  5.913315e-01 
  418.000  5.930503e-01 
  419.000  5.947492e-01 
  420.000  5.964319e-01 
  421.000  5.981037e-01 
  422.000  5.997643e-01 
  423.000  6.014118e-01 
  424.000  6.030391e-01 
  425.000  6.046284e-01 
  426.000  6.062014e-01 
  427.000  6.077598e-01 
  428.000  6.092899e-01 
  429.000  6.107979e-01 
  430.000  6.122878e-01 
  431.000  6.137658e-01 
  432.000  6.152279e-01 
  433.000  6.166754e-01 
  434.000  6.181102e-01 
  435.000  6.195304e-01 
  436.000  6.209341e-01 
  437.000  6.223220e-01 
  438.000  6.236936e-01 
  439.000  6.250541e-01 
  440.000  6.263921e-01 
  441.000  6.277127e-01 
  442.000  6.290119e-01 
  443.000  6.302910e-01 
  444.000  6.315496e-01 
  445.000  6.327807e-01 
  446.000  6.339772e-01 
  447.000  6.352316e-01 
  448.000  6.365760e-01 
  449.000  6.379363e-01 
  450.000  6.392699e-01 
  451.000  6.405510e-01 
  452.000  6.417867e-01 
  453.000  6.429968e-01 
  454.000  6.441846e-01 
  455.000  6.453031e-01 
  456.000  6.463310e-01 
  457.000  6.473588e-01 
  458.000  6.483727e-01 
  459.000  6.493646e-01 
  460.000  6.503484e-01 
  461.000  6.513216e-01 
  462.000  6.522759e-01 
  463.000  6.532259e-01 
  464.000  6.544623e-01 
  465.000  6.556797e-01 
  466.000  6.568753e-01 
  467.000  6.580427e-01 
  468.000  6.589934e-01 
  469.000  6.598120e-01 
  470.000  6.605647e-01 
  471.000  6.612420e-01 
  472.000  6.618171e-01 
  473.000  6.622201e-01 
  474.000  6.625510e-01 
  475.000  6.626360e-01 
  476.000  6.624722e-01 
  477.000  6.624689e-01 
  478.000  6.634262e-01 
  479.000  6.648829e-01 
  480.000  6.664546e-01 
  481.000  6.678639e-01 
  482.000  6.691852e-01 
  483.000  6.703334e-01 
  484.000  6.713201e-01 
  485.000  6.722022e-01 
  486.000  6.731427e-01 
  487.000  6.741325e-01 
  488.000  6.750902e-01 
  489.000  6.760300e-01 
  490.000  6.769585e-01 
  491.000  6.776854e-01 
  492.000  6.783498e-01 
  493.000  6.790107e-01 
  494.000  6.796529e-01 
  495.000  6.802948e-01 
  496.000  6.806256e-01 
  497.000  6.809437e-01 
  498.000  6.812572e-01 
  499.000  6.815538e-01 
  500.000  6.818456e-01 
  501.000  6.821050e-01 
  502.000  6.823644e-01 
  503.000  6.826206e-01 
  504.000  6.828649e-01 
  505.000  6.830959e-01 
  506.000  6.837723e-01 
  507.000  6.844683e-01 
  508.000  6.851630e-01 
  509.000  6.858496e-01 
  510.000  6.865215e-01 
  511.000  6.871237e-01 
  512.000  6.877052e-01 
  513.000  6.882831e-01 
  514.000  6.888539e-01 
  515.000  6.894194e-01 
  516.000  6.898235e-01 
  517.000  6.900825e-01 
  518.000  6.903343e-01 
  519.000  6.905813e-01 
  520.000  6.908260e-01 
  521.000  6.910451e-01 
  522.000  6.912031e-01 
  523.000  6.913171e-01 
  524.000  6.914348e-01 
  525.000  6.915276e-01 
  526.000  6.916578e-01 
  527.000  6.916788e-01 
  528.000  6.916555e-01 
  529.000  6.916309e-01 
  530.000  6.916118e-01 
  531.000  6.915962e-01 
  532.000  6.916313e-01 
  533.000  6.919487e-01 
  534.000  6.923495e-01 
  535.000  6.928018e-01 
  536.000  6.932390e-01 
  537.000  6.936389e-01 
  538.000  6.939964e-01 
  539.000  6.943277e-01 
  540.000  6.946384e-01 
  541.000  6.949400e-01 
  542.000  6.952285e-01 
  543.000  6.955066e-01 
  544.000  6.957169e-01 
  545.000  6.958718e-01 
  546.000  6.960196e-01 
  547.000  6.961716e-01 
  548.000  6.963159e-01 
  549.000  6.964580e-01 
  550.000  6.965269e-01 
  551.000  6.965232e-01 
  552.000  6.965224e-01 
  553.000  6.965066e-01 
  554.000  6.964839e-01 
  555.000  6.964572e-01 
  556.000  6.964031e-01 
  557.000  6.963013e-01 
  558.000  6.961914e-01 
  559.000  6.960686e-01 
  560.000  6.959146e-01 
  561.000  6.957320e-01 
  562.000  6.953027e-01 
  563.000  6.950741e-01 
  564.000  6.947660e-01 
  565.000  6.942801e-01 
  566.000  6.940008e-01 
  567.000  6.928697e-01 
  568.000  6.892717e-01 
  569.000  6.813925e-01 
  570.000  6.825885e-01 
  571.000  6.881361e-01 
  572.000  6.827671e-01 
  573.000  6.841802e-01 
  574.000  6.845410e-01 
  575.000  6.841969e-01 
  576.000  6.843908e-01 
  577.000  6.862835e-01 
  578.000  6.886798e-01 
  579.000  6.906475e-01 
  580.000  6.922697e-01 
  581.000  6.947256e-01 
  582.000  6.963187e-01 
  583.000  6.972066e-01 
  584.000  6.980367e-01 
  585.000  6.986143e-01 
  586.000  6.992350e-01 
  587.000  6.970770e-01 
  588.000  6.862625e-01 
  589.000  6.693159e-01 
  590.000  6.683989e-01 
  591.000  6.801904e-01 
  592.000  6.741390e-01 
  593.000  6.875859e-01 
  594.000  6.847805e-01 
  595.000  6.755620e-01 
  596.000  6.886580e-01 
  597.000  6.855000e-01 
  598.000  6.907211e-01 
  599.000  6.927181e-01 
  600.000  6.974261e-01 
  601.000  7.004890e-01 
  602.000  7.013472e-01 
  603.000  7.027178e-01 
  604.000  7.042047e-01 
  605.000  7.052197e-01 
  606.000  7.059128e-01 
  607.000  7.065809e-01 
  608.000  7.071993e-01 
  609.000  7.077892e-01 
  610.000  7.083969e-01 
  611.000  7.090715e-01 
  612.000  7.097321e-01 
  613.000  7.103719e-01 
  614.000  7.109928e-01 
  615.000  7.116119e-01 
  616.000  7.122083e-01 
  617.000  7.127716e-01 
  618.000  7.132437e-01 
  619.000  7.136431e-01 
  620.000  7.140127e-01 
  621.000  7.143304e-01 
  622.000  7.145958e-01 
  623.000  7.147733e-01 
  624.000  7.149618e-01 
  625.000  7.151182e-01 
  626.000  7.146995e-01 
  627.000  7.103358e-01 
  628.000  6.889346e-01 
  629.000  7.013763e-01 
  630.000  7.053068e-01 
  631.000  7.094671e-01 
  632.000  7.078012e-01 
  633.000  7.139340e-01 
  634.000  7.166471e-01 
  635.000  7.176681e-01 
  636.000  7.193817e-01 
  637.000  7.207844e-01 
  638.000  7.238095e-01 
  639.000  7.247098e-01 
  640.000  7.266344e-01 
  641.000  7.274097e-01 
  642.000  7.288232e-01 
  643.000  7.278486e-01 
  644.000  7.284318e-01 
  645.000  7.267130e-01 
  646.000  7.175612e-01 
  647.000  7.113265e-01 
  648.000  7.043244e-01 
  649.000  7.111764e-01 
  650.000  7.240535e-01 
  651.000  7.243990e-01 
  652.000  7.137076e-01 
  653.000  7.267624e-01 
  654.000  7.257180e-01 
  655.000  7.214385e-01 
  656.000  7.234119e-01 
  657.000  7.262763e-01 
  658.000  7.309802e-01 
  659.000  7.338716e-01 
  660.000  7.353318e-01 
  661.000  7.388934e-01 
  662.000  7.406602e-01 
  663.000  7.407470e-01 
  664.000  7.416461e-01 
  665.000  7.424681e-01 
  666.000  7.434347e-01 
  667.000  7.442449e-01 
  668.000  7.452055e-01 
  669.000  7.458637e-01 
  670.000  7.464347e-01 
  671.000  7.470421e-01 
  672.000  7.475741e-01 
  673.000  7.480946e-01 
  674.000  7.486098e-01 
  675.000  7.491264e-01 
  676.000  7.496088e-01 
  677.000  7.500530e-01 
  678.000  7.504990e-01 
  679.000  7.508466e-01 
  680.000  7.507687e-01 
  681.000  7.505882e-01 
  682.000  7.507951e-01 
  683.000  7.508335e-01 
  684.000  7.502169e-01 
  685.000  7.511965e-01 
  686.000  7.482821e-01 
  687.000  6.506453e-01 
  688.000  6.814923e-01 
  689.000  6.724630e-01 
  690.000  6.885656e-01 
  691.000  7.089041e-01 
  692.000  7.200660e-01 
  693.000  7.109576e-01 
  694.000  6.996933e-01 
  695.000  7.095621e-01 
  696.000  7.153657e-01 
  697.000  7.407712e-01 
  698.000  7.354747e-01 
  699.000  7.125933e-01 
  700.000  7.163669e-01 
  701.000  7.112733e-01 
  702.000  7.150168e-01 
  703.000  7.341672e-01 
  704.000  7.350032e-01 
  705.000  7.271099e-01 
  706.000  7.286631e-01 
  707.000  7.315028e-01 
  708.000  7.345743e-01 
  709.000  7.408507e-01 
  710.000  7.341835e-01 
  711.000  7.410024e-01 
  712.000  7.468144e-01 
  713.000  7.421462e-01 
  714.000  7.405636e-01 
  715.000  7.329504e-01 
  716.000  7.250123e-01 
  717.000  6.754668e-01 
  718.000  6.452863e-01 
  719.000  6.344519e-01 
  720.000  6.182759e-01 
  721.000  6.896761e-01 
  722.000  7.154101e-01 
  723.000  7.008271e-01 
  724.000  6.597213e-01 
  725.000  6.657248e-01 
  726.000  6.638019e-01 
  727.000  6.695893e-01 
  728.000  6.632687e-01 
  729.000  6.789551e-01 
  730.000  6.762369e-01 
  731.000  6.729571e-01 
  732.000  6.995323e-01 
  733.000  7.251887e-01 
  734.000  7.376006e-01 
  735.000  7.332089e-01 
  736.000  7.250409e-01 
  737.000  7.311826e-01 
  738.000  7.396395e-01 
  739.000  7.432806e-01 
  740.000  7.513804e-01 
  741.000  7.560608e-01 
  742.000  7.580207e-01 
  743.000  7.623448e-01 
  744.000  7.642475e-01 
  745.000  7.657422e-01 
  746.000  7.668819e-01 
  747.000  7.671606e-01 
  748.000  7.681967e-01 
  749.000  7.687268e-01 
  750.000  7.684026e-01 
  751.000  7.685866e-01 
  752.000  7.695310e-01 
  753.000  7.699124e-01 
  754.000  7.702076e-01 
  755.000  7.703909e-01 
  756.000  7.705843e-01 
  757.000  7.707174e-01 
  758.000  7.694821e-01 
  759.000  7.170553e-01 
  760.000  3.282612e-01 
  761.000  2.917316e-01 
  762.000  5.161866e-01 
  763.000  4.461625e-01 
  764.000  4.808049e-01 
  765.000  5.596148e-01 
  766.000  6.549230e-01 
  767.000  7.030960e-01 
  768.000  7.346267e-01 
  769.000  7.554492e-01 
  770.000  7.664800e-01 
  771.000  7.718307e-01 
  772.000  7.731392e-01 
  773.000  7.737275e-01 
  774.000  7.744384e-01 
  775.000  7.748628e-01 
  776.000  7.751721e-01 
  777.000  7.752438e-01 
  778.000  7.752024e-01 
  779.000  7.751529e-01 
  780.000  7.751020e-01 
  781.000  7.755195e-01 
  782.000  7.754551e-01 
  783.000  7.754053e-01 
  784.000  7.750709e-01 
  785.000  7.732849e-01 
  786.000  7.705422e-01 
  787.000  7.643999e-01 
  788.000  7.611677e-01 
  789.000  7.496944e-01 
  790.000  7.486951e-01 
  791.000  7.508423e-01 
  792.000  7.528306e-01 
  793.000  7.574838e-01 
  794.000  7.673784e-01 
  795.000  7.613073e-01 
  796.000  7.452130e-01 
  797.000  7.497899e-01 
  798.000  7.599406e-01 
  799.000  7.576075e-01 
  800.000  7.501980e-01 
  801.000  7.510653e-01 
  802.000  7.503060e-01 
  803.000  7.513757e-01 
  804.000  7.548429e-01 
  805.000  7.614996e-01 
  806.000  7.654741e-01 
  807.000  7.656386e-01 
  808.000  7.633637e-01 
  809.000  7.605705e-01 
  810.000  7.575092e-01 
  811.000  7.512553e-01 
  812.000  7.428530e-01 
  813.000  7.325917e-01 
  814.000  7.191040e-01 
  815.000  7.023914e-01 
  816.000  6.811584e-01 
  817.000  6.822834e-01 
  818.000  6.839865e-01 
  819.000  6.909771e-01 
  820.000  7.144074e-01 
  821.000  7.413289e-01 
  822.000  7.208138e-01 
  823.000  6.643046e-01 
  824.000  7.118500e-01 
  825.000  7.428132e-01 
  826.000  7.375399e-01 
  827.000  7.336041e-01 
  828.000  7.132181e-01 
  829.000  7.205241e-01 
  830.000  7.287439e-01 
  831.000  7.306800e-01 
  832.000  7.315542e-01 
  833.000  7.363121e-01 
  834.000  7.419264e-01 
  835.000  7.530836e-01 
  836.000  7.494933e-01 
  837.000  7.491165e-01 
  838.000  7.545426e-01 
  839.000  7.578391e-01 
  840.000  7.590297e-01 
  841.000  7.554407e-01 
  842.000  7.586473e-01 
  843.000  7.662852e-01 
  844.000  7.697520e-01 
  845.000  7.713627e-01 
  846.000  7.730577e-01 
  847.000  7.749274e-01 
  848.000  7.718145e-01 
  849.000  7.722001e-01 
  850.000  7.706563e-01 
  851.000  7.688203e-01 
  852.000  7.689921e-01 
  853.000  7.719989e-01 
  854.000  7.718276e-01 
  855.000  7.733358e-01 
  856.000  7.764834e-01 
  857.000  7.777268e-01 
  858.000  7.784243e-01 
  859.000  7.799296e-01 
  860.000  7.806603e-01 
  861.000  7.807776e-01 
  862.000  7.812001e-01 
  863.000  7.812525e-01 
  864.000  7.815413e-01 
  865.000  7.817770e-01 
  866.000  7.818373e-01 
  867.000  7.817912e-01 
  868.000  7.818256e-01 
  869.000  7.819019e-01 
  870.000  7.818407e-01 
  871.000  7.819127e-01 
  872.000  7.820929e-01 
  873.000  7.819071e-01 
  874.000  7.818052e-01 
  875.000  7.817788e-01 
  876.000  7.814569e-01 
  877.000  7.813179e-01 
  878.000  7.803527e-01 
  879.000  7.802840e-01 
  880.000  7.794501e-01 
  881.000  7.789667e-01 
  882.000  7.785384e-01 
  883.000  7.789497e-01 
  884.000  7.791250e-01 
  885.000  7.774137e-01 
  886.000  7.751164e-01 
  887.000  7.769426e-01 
  888.000  7.768257e-01 
  889.000  7.773740e-01 
  890.000  7.759628e-01 
  891.000  7.730711e-01 
  892.000  7.669895e-01 
  893.000  7.486225e-01 
  894.000  7.394622e-01 
  895.000  7.118216e-01 
  896.000  6.871561e-01 
  897.000  6.613087e-01 
  898.000  6.492788e-01 
  899.000  6.158649e-01 
  900.000  6.205847e-01 
  901.000  6.119667e-01 
  902.000  6.136389e-01 
  903.000  6.698712e-01 
  904.000  7.047225e-01 
  905.000  7.035077e-01 
  906.000  6.816955e-01 
  907.000  6.434937e-01 
  908.000  6.185622e-01 
  909.000  6.195644e-01 
  910.000  6.232780e-01 
  911.000  6.397889e-01 
  912.000  6.317827e-01 
  913.000  5.972706e-01 
  914.000  6.142882e-01 
  915.000  6.278029e-01 
  916.000  6.315053e-01 
  917.000  6.389164e-01 
  918.000  6.485055e-01 
  919.000  6.812333e-01 
  920.000  7.062315e-01 
  921.000  7.007613e-01 
  922.000  7.002969e-01 
  923.000  6.933188e-01 
  924.000  6.766125e-01 
  925.000  6.751084e-01 
  926.000  6.744036e-01 
  927.000  6.547837e-01 
  928.000  6.248772e-01 
  929.000  5.822920e-01 
  930.000  5.292016e-01 
  931.000  4.713489e-01 
  932.000  3.973418e-01 
  933.000  3.447652e-01 
  934.000  2.929233e-01 
  935.000  2.873201e-01 
  936.000  3.071966e-01 
  937.000  3.022957e-01 
  938.000  3.608136e-01 
  939.000  5.208818e-01 
  940.000  5.458726e-01 
  941.000  5.246592e-01 
  942.000  4.730355e-01 
  943.000  3.896466e-01 
  944.000  3.838086e-01 
  945.000  4.131277e-01 
  946.000  4.149527e-01 
  947.000  4.419897e-01 
  948.000  4.579723e-01 
  949.000  4.561056e-01 
  950.000  4.602726e-01 
  951.000  4.963096e-01 
  952.000  4.582235e-01 
  953.000  4.852972e-01 
  954.000  5.147198e-01 
  955.000  4.913360e-01 
  956.000  4.864955e-01 
  957.000  5.612086e-01 
  958.000  5.712644e-01 
  959.000  5.589049e-01 
  960.000  5.554274e-01 
  961.000  5.492792e-01 
  962.000  5.551232e-01 
  963.000  5.969011e-01 
  964.000  6.030385e-01 
  965.000  5.991468e-01 
  966.000  6.015537e-01 
  967.000  6.318083e-01 
  968.000  6.828923e-01 
  969.000  7.062433e-01 
  970.000  7.075491e-01 
  971.000  7.070023e-01 
  972.000  7.003583e-01 
  973.000  6.850858e-01 
  974.000  6.665961e-01 
  975.000  6.547703e-01 
  976.000  6.692335e-01 
  977.000  6.932679e-01 
  978.000  6.913580e-01 
  979.000  6.976629e-01 
  980.000  7.223900e-01 
  981.000  7.279162e-01 
  982.000  7.224439e-01 
  983.000  7.352124e-01 
  984.000  7.483865e-01 
  985.000  7.558921e-01 
  986.000  7.655912e-01 
  987.000  7.698057e-01 
  988.000  7.707746e-01 
  989.000  7.713920e-01 
  990.000  7.724143e-01 
  991.000  7.760243e-01 
  992.000  7.770438e-01 
  993.000  7.774200e-01 
  994.000  7.806773e-01 
  995.000  7.828378e-01 
  996.000  7.828105e-01 
  997.000  7.813643e-01 
  998.000  7.797865e-01 
  999.000  7.791716e-01 
 1000.000  7.796575e-01 
 1001.000  7.761878e-01 
 1002.000  7.706469e-01 
 1003.000  7.719517e-01 
 1004.000  7.751255e-01 
 1005.000  7.765718e-01 
 1006.000  7.770375e-01 
 1007.000  7.759717e-01 
 1008.000  7.714560e-01 
 1009.000  7.654294e-01 
 1010.000  7.681069e-01 
 1011.000  7.745068e-01 
 1012.000  7.769442e-01 
 1013.000  7.788640e-01 
 1014.000  7.796661e-01 
 1015.000  7.798191e-01 
 1016.000  7.806858e-01 
 1017.000  7.811871e-01 
 1018.000  7.800999e-01 
 1019.000  7.778710e-01 
 1020.000  7.786528e-01 
 1021.000  7.802581e-01 
 1022.000  7.775630e-01 
 1023.000  7.753099e-01 
 1024.000  7.739629e-01 
 1025.000  7.781019e-01 
 1026.000  7.799351e-01 
 1027.000  7.791620e-01 
 1028.000  7.798086e-01 
 1029.000  7.815548e-01 
 1030.000  7.832270e-01 
 1031.000  7.840925e-01 
 1032.000  7.848011e-01 
 1033.000  7.849658e-01 
 1034.000  7.853737e-01 
 1035.000  7.855744e-01 
 1036.000  7.854850e-01 
 1037.000  7.855411e-01 
 1038.000  7.856665e-01 
 1039.000  7.854344e-01 
 1040.000  7.852393e-01 
 1041.000  7.850853e-01 
 1042.000  7.850448e-01 
 1043.000  7.850459e-01 
 1044.000  7.849130e-01 
 1045.000  7.844766e-01 
 1046.000  7.841865e-01 
 1047.000  7.838459e-01 
 1048.000  7.834368e-01 
 1049.000  7.830507e-01 
 1050.000  7.825994e-01 
 1051.000  7.819327e-01 
 1052.000  7.815069e-01 
 1053.000  7.814661e-01 
 1054.000  7.807932e-01 
 1055.000  7.801369e-01 
 1056.000  7.795934e-01 
 1057.000  7.781332e-01 
 1058.000  7.754343e-01 
 1059.000  7.756454e-01 
 1060.000  7.770706e-01 
 1061.000  7.767564e-01 
 1062.000  7.750566e-01 
 1063.000  7.744547e-01 
 1064.000  7.730079e-01 
 1065.000  7.713231e-01 
 1066.000  7.714635e-01 
 1067.000  7.704857e-01 
 1068.000  7.669912e-01 
 1069.000  7.652110e-01 
 1070.000  7.656583e-01 
 1071.000  7.633708e-01 
 1072.000  7.610452e-01 
 1073.000  7.605503e-01 
 1074.000  7.608263e-01 
 1075.000  7.641276e-01 
 1076.000  7.619706e-01 
 1077.000  7.591012e-01 
 1078.000  7.557383e-01 
 1079.000  7.552584e-01 
 1080.000  7.463689e-01 
 1081.000  7.458299e-01 
 1082.000  7.496853e-01 
 1083.000  7.449530e-01 
 1084.000  7.397929e-01 
 1085.000  7.275720e-01 
 1086.000  7.303825e-01 
 1087.000  7.437612e-01 
 1088.000  7.442665e-01 
 1089.000  7.279190e-01 
 1090.000  7.248214e-01 
 1091.000  7.278787e-01 
 1092.000  7.197647e-01 
 1093.000  7.017763e-01 
 1094.000  6.939596e-01 
 1095.000  6.951819e-01 
 1096.000  6.962678e-01 
 1097.000  6.926286e-01 
 1098.000  6.493844e-01 
 1099.000  6.129429e-01 
 1100.000  6.153483e-01 
 1101.000  6.203008e-01 
 1102.000  6.177870e-01 
 1103.000  6.210331e-01 
 1104.000  6.149219e-01 
 1105.000  5.996779e-01 
 1106.000  5.844687e-01 
 1107.000  5.880766e-01 
 1108.000  5.906209e-01 
 1109.000  6.033380e-01 
 1110.000  6.013619e-01 
 1111.000  5.939414e-01 
 1112.000  5.620095e-01 
 1113.000  5.187309e-01 
 1114.000  5.064554e-01 
 1115.000  4.545089e-01 
 1116.000  4.231068e-01 
 1117.000  3.534349e-01 
 1118.000  2.919994e-01 
 1119.000  2.602660e-01 
 1120.000  2.227540e-01 
 1121.000  2.145468e-01 
 1122.000  1.782825e-01 
 1123.000  1.972236e-01 
 1124.000  2.102915e-01 
 1125.000  2.032401e-01 
 1126.000  2.005284e-01 
 1127.000  2.038040e-01 
 1128.000  2.101511e-01 
 1129.000  2.472730e-01 
 1130.000  3.385766e-01 
 1131.000  3.662703e-01 
 1132.000  3.282980e-01 
 1133.000  2.624676e-01 
 1134.000  1.537820e-01 
 1135.000  1.615736e-01 
 1136.000  2.723981e-01 
 1137.000  3.388469e-01 
 1138.000  4.069879e-01 
 1139.000  4.293018e-01 
 1140.000  4.160556e-01 
 1141.000  3.898656e-01 
 1142.000  3.804942e-01 
 1143.000  3.515512e-01 
 1144.000  3.198467e-01 
 1145.000  2.753313e-01 
 1146.000  2.857468e-01 
 1147.000  3.208077e-01 
 1148.000  3.527982e-01 
 1149.000  3.661816e-01 
 1150.000  3.674870e-01 
