  320.000  1.194433e-01 
  321.000  1.528043e-01 
  322.000  1.395349e-01 
  323.000  1.563871e-01 
  324.000  1.736207e-01 
  325.000  1.607496e-01 
  326.000  1.819694e-01 
  327.000  1.879765e-01 
  328.000  1.750485e-01 
  329.000  2.000118e-01 
  330.000  2.040241e-01 
  331.000  1.960994e-01 
  332.000  2.114525e-01 
  333.000  2.159692e-01 
  334.000  2.122594e-01 
  335.000  2.236595e-01 
  336.000  2.283078e-01 
  337.000  2.263467e-01 
  338.000  2.318073e-01 
  339.000  2.374680e-01 
  340.000  2.365361e-01 
  341.000  2.420527e-01 
  342.000  2.461018e-01 
  343.000  2.481402e-01 
  344.000  2.485571e-01 
  345.000  2.540744e-01 
  346.000  2.575693e-01 
  347.000  2.604250e-01 
  348.000  2.631048e-01 
  349.000  2.661207e-01 
  350.000  2.687033e-01 
  351.000  2.712796e-01 
  352.000  2.733963e-01 
  353.000  2.764109e-01 
  354.000  2.789816e-01 
  355.000  2.813773e-01 
  356.000  2.837149e-01 
  357.000  2.857979e-01 
  358.000  2.880420e-01 
  359.000  2.902867e-01 
  360.000  2.925883e-01 
  361.000  2.955001e-01 
  362.000  2.985369e-01 
  363.000  3.013380e-01 
  364.000  3.039194e-01 
  365.000  3.063439e-01 
  366.000  3.088260e-01 
  367.000  3.111920e-01 
  368.000  3.135393e-01 
  369.000  3.158689e-01 
  370.000  3.181770e-01 
  371.000  3.204695e-01 
  372.000  3.227455e-01 
  373.000  3.250045e-01 
  374.000  3.272294e-01 
  375.000  3.294135e-01 
  376.000  3.315254e-01 
  377.000  3.335232e-01 
  378.000  3.353805e-01 
  379.000  3.372690e-01 
  380.000  3.393478e-01 
  381.000  3.417164e-01 
  382.000  3.441734e-01 
  383.000  3.464990e-01 
  384.000  3.487071e-01 
  385.000  3.508364e-01 
  386.000  3.529127e-01 
  387.000  3.549570e-01 
  388.000  3.569767e-01 
  389.000  3.589811e-01 
  390.000  3.609708e-01 
  391.000  3.629415e-01 
  392.000  3.648987e-01 
  393.000  3.668411e-01 
  394.000  3.687666e-01 
  395.000  3.706736e-01 
  396.000  3.725694e-01 
  397.000  3.744442e-01 
  398.000  3.763029e-01 
  399.000  3.781469e-01 
  400.000  3.799663e-01 
  401.000  3.817797e-01 
  402.000  3.835795e-01 
  403.000  3.853648e-01 
  404.000  3.871351e-01 
  405.000  3.888869e-01 
  406.000  3.906279e-01 
  407.000  3.923561e-01 
  408.000  3.940700e-01 
  409.000  3.957679e-01 
  410.000  3.974504e-01 
  411.000  3.991170e-01 
  412.000  4.007665e-01 
  413.000  4.024073e-01 
  414.000  4.039309e-01 
  415.000  4.055799e-01 
  416.000  4.072087e-01 
  417.000  4.088110e-01 
  418.000  4.103772e-01 
  419.000  4.119267e-01 
  420.000  4.134628e-01 
  421.000  4.149904e-01 
  422.000  4.165090e-01 
  423.000  4.180170e-01 
  424.000  4.195078e-01 
  425.000  4.209649e-01 
  426.000  4.224084e-01 
  427.000  4.238397e-01 
  428.000  4.252460e-01 
  429.000  4.266332e-01 
  430.000  4.280047e-01 
  431.000  4.293665e-01 
  432.000  4.307145e-01 
  433.000  4.320501e-01 
  434.000  4.333749e-01 
  435.000  4.346873e-01 
  436.000  4.359853e-01 
  437.000  4.372696e-01 
  438.000  4.385397e-01 
  439.000  4.398005e-01 
  440.000  4.410412e-01 
  441.000  4.422666e-01 
  442.000  4.434730e-01 
  443.000  4.446615e-01 
  444.000  4.458317e-01 
  445.000  4.469770e-01 
  446.000  4.480907e-01 
  447.000  4.492591e-01 
  448.000  4.505123e-01 
  449.000  4.517810e-01 
  450.000  4.530257e-01 
  451.000  4.542222e-01 
  452.000  4.553770e-01 
  453.000  4.565085e-01 
  454.000  4.576198e-01 
  455.000  4.586669e-01 
  456.000  4.596297e-01 
  457.000  4.605930e-01 
  458.000  4.615435e-01 
  459.000  4.624740e-01 
  460.000  4.633973e-01 
  461.000  4.643111e-01 
  462.000  4.652076e-01 
  463.000  4.661004e-01 
  464.000  4.672630e-01 
  465.000  4.684085e-01 
  466.000  4.695340e-01 
  467.000  4.706338e-01 
  468.000  4.715298e-01 
  469.000  4.723016e-01 
  470.000  4.730115e-01 
  471.000  4.736507e-01 
  472.000  4.741935e-01 
  473.000  4.745739e-01 
  474.000  4.748864e-01 
  475.000  4.749666e-01 
  476.000  4.748120e-01 
  477.000  4.748088e-01 
  478.000  4.757129e-01 
  479.000  4.770896e-01 
  480.000  4.785759e-01 
  481.000  4.799096e-01 
  482.000  4.811609e-01 
  483.000  4.822490e-01 
  484.000  4.831843e-01 
  485.000  4.840209e-01 
  486.000  4.849133e-01 
  487.000  4.858529e-01 
  488.000  4.867624e-01 
  489.000  4.876554e-01 
  490.000  4.885380e-01 
  491.000  4.892293e-01 
  492.000  4.898612e-01 
  493.000  4.904901e-01 
  494.000  4.911013e-01 
  495.000  4.917125e-01 
  496.000  4.920275e-01 
  497.000  4.923306e-01 
  498.000  4.926292e-01 
  499.000  4.929117e-01 
  500.000  4.931898e-01 
  501.000  4.934370e-01 
  502.000  4.936843e-01 
  503.000  4.939284e-01 
  504.000  4.941614e-01 
  505.000  4.943816e-01 
  506.000  4.950267e-01 
  507.000  4.956906e-01 
  508.000  4.963536e-01 
  509.000  4.970089e-01 
  510.000  4.976505e-01 
  511.000  4.982257e-01 
  512.000  4.987812e-01 
  513.000  4.993336e-01 
  514.000  4.998792e-01 
  515.000  5.004200e-01 
  516.000  5.008063e-01 
  517.000  5.010540e-01 
  518.000  5.012950e-01 
  519.000  5.015313e-01 
  520.000  5.017654e-01 
  521.000  5.019751e-01 
  522.000  5.021263e-01 
  523.000  5.022354e-01 
  524.000  5.023481e-01 
  525.000  5.024369e-01 
  526.000  5.025615e-01 
  527.000  5.025816e-01 
  528.000  5.025593e-01 
  529.000  5.025358e-01 
  530.000  5.025175e-01 
  531.000  5.025025e-01 
  532.000  5.025362e-01 
  533.000  5.028400e-01 
  534.000  5.032238e-01 
  535.000  5.036570e-01 
  536.000  5.040758e-01 
  537.000  5.044589e-01 
  538.000  5.048015e-01 
  539.000  5.051190e-01 
  540.000  5.054168e-01 
  541.000  5.057059e-01 
  542.000  5.059824e-01 
  543.000  5.062491e-01 
  544.000  5.064508e-01 
  545.000  5.065994e-01 
  546.000  5.067412e-01 
  547.000  5.068870e-01 
  548.000  5.070254e-01 
  549.000  5.071617e-01 
  550.000  5.072278e-01 
  551.000  5.072243e-01 
  552.000  5.072235e-01 
  553.000  5.072083e-01 
  554.000  5.071866e-01 
  555.000  5.071610e-01 
  556.000  5.071090e-01 
  557.000  5.070114e-01 
  558.000  5.069060e-01 
  559.000  5.067883e-01 
  560.000  5.066410e-01 
  561.000  5.064668e-01 
  562.000  5.061809e-01 
  563.000  5.059724e-01 
  564.000  5.057085e-01 
  565.000  5.053325e-01 
  566.000  5.050070e-01 
  567.000  5.043037e-01 
  568.000  5.026223e-01 
  569.000  4.995207e-01 
  570.000  4.996766e-01 
  571.000  5.012935e-01 
  572.000  4.989655e-01 
  573.000  4.991852e-01 
  574.000  4.990265e-01 
  575.000  4.987454e-01 
  576.000  4.989091e-01 
  577.000  4.998334e-01 
  578.000  5.010437e-01 
  579.000  5.024225e-01 
  580.000  5.040195e-01 
  581.000  5.061030e-01 
  582.000  5.076519e-01 
  583.000  5.087771e-01 
  584.000  5.097973e-01 
  585.000  5.106225e-01 
  586.000  5.114340e-01 
  587.000  5.110937e-01 
  588.000  5.076688e-01 
  589.000  5.016054e-01 
  590.000  5.015017e-01 
  591.000  5.061831e-01 
  592.000  5.041063e-01 
  593.000  5.093606e-01 
  594.000  5.084949e-01 
  595.000  5.051939e-01 
  596.000  5.099997e-01 
  597.000  5.086032e-01 
  598.000  5.103458e-01 
  599.000  5.108753e-01 
  600.000  5.123026e-01 
  601.000  5.132146e-01 
  602.000  5.133143e-01 
  603.000  5.139785e-01 
  604.000  5.149551e-01 
  605.000  5.157127e-01 
  606.000  5.163221e-01 
  607.000  5.169128e-01 
  608.000  5.174991e-01 
  609.000  5.180616e-01 
  610.000  5.186470e-01 
  611.000  5.192977e-01 
  612.000  5.199350e-01 
  613.000  5.205526e-01 
  614.000  5.211521e-01 
  615.000  5.217501e-01 
  616.000  5.223262e-01 
  617.000  5.228705e-01 
  618.000  5.233269e-01 
  619.000  5.237129e-01 
  620.000  5.240704e-01 
  621.000  5.243776e-01 
  622.000  5.246343e-01 
  623.000  5.248061e-01 
  624.000  5.249892e-01 
  625.000  5.251428e-01 
  626.000  5.250669e-01 
  627.000  5.230977e-01 
  628.000  5.045171e-01 
  629.000  5.165349e-01 
  630.000  5.181028e-01 
  631.000  5.215923e-01 
  632.000  5.228337e-01 
  633.000  5.263131e-01 
  634.000  5.285068e-01 
  635.000  5.298629e-01 
  636.000  5.313483e-01 
  637.000  5.326880e-01 
  638.000  5.345654e-01 
  639.000  5.356461e-01 
  640.000  5.370784e-01 
  641.000  5.380179e-01 
  642.000  5.391307e-01 
  643.000  5.392454e-01 
  644.000  5.399362e-01 
  645.000  5.397027e-01 
  646.000  5.368103e-01 
  647.000  5.348548e-01 
  648.000  5.325717e-01 
  649.000  5.355901e-01 
  650.000  5.408548e-01 
  651.000  5.413182e-01 
  652.000  5.375625e-01 
  653.000  5.428735e-01 
  654.000  5.427987e-01 
  655.000  5.414906e-01 
  656.000  5.425649e-01 
  657.000  5.439509e-01 
  658.000  5.459129e-01 
  659.000  5.473603e-01 
  660.000  5.481975e-01 
  661.000  5.499235e-01 
  662.000  5.509082e-01 
  663.000  5.512558e-01 
  664.000  5.519039e-01 
  665.000  5.525434e-01 
  666.000  5.532534e-01 
  667.000  5.538926e-01 
  668.000  5.545920e-01 
  669.000  5.551642e-01 
  670.000  5.556991e-01 
  671.000  5.562481e-01 
  672.000  5.567646e-01 
  673.000  5.572753e-01 
  674.000  5.577827e-01 
  675.000  5.582898e-01 
  676.000  5.587702e-01 
  677.000  5.592111e-01 
  678.000  5.596519e-01 
  679.000  5.600483e-01 
  680.000  5.602553e-01 
  681.000  5.603907e-01 
  682.000  5.607173e-01 
  683.000  5.609510e-01 
  684.000  5.609966e-01 
  685.000  5.616164e-01 
  686.000  5.593383e-01 
  687.000  4.747643e-01 
  688.000  5.008692e-01 
  689.000  4.937245e-01 
  690.000  5.073496e-01 
  691.000  5.263368e-01 
  692.000  5.394453e-01 
  693.000  5.415109e-01 
  694.000  5.405430e-01 
  695.000  5.461556e-01 
  696.000  5.492877e-01 
  697.000  5.600606e-01 
  698.000  5.581960e-01 
  699.000  5.490898e-01 
  700.000  5.508273e-01 
  701.000  5.489109e-01 
  702.000  5.506126e-01 
  703.000  5.585792e-01 
  704.000  5.590796e-01 
  705.000  5.560114e-01 
  706.000  5.567764e-01 
  707.000  5.580645e-01 
  708.000  5.594433e-01 
  709.000  5.621192e-01 
  710.000  5.595550e-01 
  711.000  5.624530e-01 
  712.000  5.649373e-01 
  713.000  5.631974e-01 
  714.000  5.627111e-01 
  715.000  5.598165e-01 
  716.000  5.568344e-01 
  717.000  5.365388e-01 
  718.000  5.239444e-01 
  719.000  5.194847e-01 
  720.000  5.124971e-01 
  721.000  5.432477e-01 
  722.000  5.540581e-01 
  723.000  5.481682e-01 
  724.000  5.309958e-01 
  725.000  5.337249e-01 
  726.000  5.329838e-01 
  727.000  5.355294e-01 
  728.000  5.329067e-01 
  729.000  5.396430e-01 
  730.000  5.385370e-01 
  731.000  5.371841e-01 
  732.000  5.484471e-01 
  733.000  5.591055e-01 
  734.000  5.642319e-01 
  735.000  5.625179e-01 
  736.000  5.592416e-01 
  737.000  5.618220e-01 
  738.000  5.653381e-01 
  739.000  5.668807e-01 
  740.000  5.702230e-01 
  741.000  5.721754e-01 
  742.000  5.730297e-01 
  743.000  5.747224e-01 
  744.000  5.755691e-01 
  745.000  5.762396e-01 
  746.000  5.767488e-01 
  747.000  5.769684e-01 
  748.000  5.775688e-01 
  749.000  5.779092e-01 
  750.000  5.778574e-01 
  751.000  5.780423e-01 
  752.000  5.785766e-01 
  753.000  5.788488e-01 
  754.000  5.790822e-01 
  755.000  5.792651e-01 
  756.000  5.794522e-01 
  757.000  5.795839e-01 
  758.000  5.784266e-01 
  759.000  5.327972e-01 
  760.000  2.139916e-01 
  761.000  1.864623e-01 
  762.000  3.630402e-01 
  763.000  3.062301e-01 
  764.000  3.341853e-01 
  765.000  3.989897e-01 
  766.000  4.794284e-01 
  767.000  5.208684e-01 
  768.000  5.482637e-01 
  769.000  5.664712e-01 
  770.000  5.763196e-01 
  771.000  5.809346e-01 
  772.000  5.821002e-01 
  773.000  5.826288e-01 
  774.000  5.833347e-01 
  775.000  5.837508e-01 
  776.000  5.840413e-01 
  777.000  5.841634e-01 
  778.000  5.842112e-01 
  779.000  5.842423e-01 
  780.000  5.842678e-01 
  781.000  5.845091e-01 
  782.000  5.845282e-01 
  783.000  5.845538e-01 
  784.000  5.844387e-01 
  785.000  5.837067e-01 
  786.000  5.826189e-01 
  787.000  5.802644e-01 
  788.000  5.789840e-01 
  789.000  5.742652e-01 
  790.000  5.739036e-01 
  791.000  5.748516e-01 
  792.000  5.757270e-01 
  793.000  5.777085e-01 
  794.000  5.818586e-01 
  795.000  5.793936e-01 
  796.000  5.727295e-01 
  797.000  5.746939e-01 
  798.000  5.789707e-01 
  799.000  5.780458e-01 
  800.000  5.750036e-01 
  801.000  5.754126e-01 
  802.000  5.751410e-01 
  803.000  5.756317e-01 
  804.000  5.771184e-01 
  805.000  5.799307e-01 
  806.000  5.816206e-01 
  807.000  5.817329e-01 
  808.000  5.808371e-01 
  809.000  5.797277e-01 
  810.000  5.785114e-01 
  811.000  5.759655e-01 
  812.000  5.725241e-01 
  813.000  5.682861e-01 
  814.000  5.626612e-01 
  815.000  5.556344e-01 
  816.000  5.464876e-01 
  817.000  5.470646e-01 
  818.000  5.478553e-01 
  819.000  5.509009e-01 
  820.000  5.610086e-01 
  821.000  5.724739e-01 
  822.000  5.638207e-01 
  823.000  5.392927e-01 
  824.000  5.600442e-01 
  825.000  5.732215e-01 
  826.000  5.709848e-01 
  827.000  5.693602e-01 
  828.000  5.607240e-01 
  829.000  5.638885e-01 
  830.000  5.674118e-01 
  831.000  5.682532e-01 
  832.000  5.686175e-01 
  833.000  5.706486e-01 
  834.000  5.730283e-01 
  835.000  5.777203e-01 
  836.000  5.762406e-01 
  837.000  5.761012e-01 
  838.000  5.784039e-01 
  839.000  5.798075e-01 
  840.000  5.803375e-01 
  841.000  5.788710e-01 
  842.000  5.802416e-01 
  843.000  5.834526e-01 
  844.000  5.849196e-01 
  845.000  5.854914e-01 
  846.000  5.861862e-01 
  847.000  5.870337e-01 
  848.000  5.857843e-01 
  849.000  5.859849e-01 
  850.000  5.855017e-01 
  851.000  5.847751e-01 
  852.000  5.848807e-01 
  853.000  5.860343e-01 
  854.000  5.859906e-01 
  855.000  5.866030e-01 
  856.000  5.879495e-01 
  857.000  5.885113e-01 
  858.000  5.888565e-01 
  859.000  5.895191e-01 
  860.000  5.899178e-01 
  861.000  5.900015e-01 
  862.000  5.902262e-01 
  863.000  5.902799e-01 
  864.000  5.904429e-01 
  865.000  5.905811e-01 
  866.000  5.906382e-01 
  867.000  5.906443e-01 
  868.000  5.906889e-01 
  869.000  5.907533e-01 
  870.000  5.907519e-01 
  871.000  5.908139e-01 
  872.000  5.909274e-01 
  873.000  5.908664e-01 
  874.000  5.908452e-01 
  875.000  5.908602e-01 
  876.000  5.907341e-01 
  877.000  5.906826e-01 
  878.000  5.902470e-01 
  879.000  5.902405e-01 
  880.000  5.899204e-01 
  881.000  5.897228e-01 
  882.000  5.896060e-01 
  883.000  5.898351e-01 
  884.000  5.898795e-01 
  885.000  5.892494e-01 
  886.000  5.882121e-01 
  887.000  5.890595e-01 
  888.000  5.890374e-01 
  889.000  5.893231e-01 
  890.000  5.887307e-01 
  891.000  5.875691e-01 
  892.000  5.852063e-01 
  893.000  5.774568e-01 
  894.000  5.736160e-01 
  895.000  5.616787e-01 
  896.000  5.509369e-01 
  897.000  5.395460e-01 
  898.000  5.342008e-01 
  899.000  5.187887e-01 
  900.000  5.210890e-01 
  901.000  5.170513e-01 
  902.000  5.177571e-01 
  903.000  5.436521e-01 
  904.000  5.592074e-01 
  905.000  5.586274e-01 
  906.000  5.489339e-01 
  907.000  5.316158e-01 
  908.000  5.200929e-01 
  909.000  5.206299e-01 
  910.000  5.224038e-01 
  911.000  5.301005e-01 
  912.000  5.263990e-01 
  913.000  5.101473e-01 
  914.000  5.182210e-01 
  915.000  5.245287e-01 
  916.000  5.262244e-01 
  917.000  5.296175e-01 
  918.000  5.339976e-01 
  919.000  5.488270e-01 
  920.000  5.598983e-01 
  921.000  5.574517e-01 
  922.000  5.572518e-01 
  923.000  5.541762e-01 
  924.000  5.467398e-01 
  925.000  5.461927e-01 
  926.000  5.461789e-01 
  927.000  5.375720e-01 
  928.000  5.242056e-01 
  929.000  5.046391e-01 
  930.000  4.792646e-01 
  931.000  4.501911e-01 
  932.000  4.114243e-01 
  933.000  3.810254e-01 
  934.000  3.484754e-01 
  935.000  3.450883e-01 
  936.000  3.583982e-01 
  937.000  3.548914e-01 
  938.000  3.905958e-01 
  939.000  4.782945e-01 
  940.000  4.906576e-01 
  941.000  4.797896e-01 
  942.000  4.528956e-01 
  943.000  4.066447e-01 
  944.000  4.034397e-01 
  945.000  4.205104e-01 
  946.000  4.213428e-01 
  947.000  4.360128e-01 
  948.000  4.445441e-01 
  949.000  4.432942e-01 
  950.000  4.454375e-01 
  951.000  4.643679e-01 
  952.000  4.438788e-01 
  953.000  4.580292e-01 
  954.000  4.729733e-01 
  955.000  4.605817e-01 
  956.000  4.575522e-01 
  957.000  4.951921e-01 
  958.000  4.998347e-01 
  959.000  4.935446e-01 
  960.000  4.916532e-01 
  961.000  4.884737e-01 
  962.000  4.912367e-01 
  963.000  5.114244e-01 
  964.000  5.142466e-01 
  965.000  5.122680e-01 
  966.000  5.132868e-01 
  967.000  5.274202e-01 
  968.000  5.506491e-01 
  969.000  5.609712e-01 
  970.000  5.615051e-01 
  971.000  5.612622e-01 
  972.000  5.583493e-01 
  973.000  5.515640e-01 
  974.000  5.432257e-01 
  975.000  5.378339e-01 
  976.000  5.444404e-01 
  977.000  5.552586e-01 
  978.000  5.543634e-01 
  979.000  5.571234e-01 
  980.000  5.680189e-01 
  981.000  5.704086e-01 
  982.000  5.679723e-01 
  983.000  5.735186e-01 
  984.000  5.792075e-01 
  985.000  5.824273e-01 
  986.000  5.865709e-01 
  987.000  5.883596e-01 
  988.000  5.887695e-01 
  989.000  5.890344e-01 
  990.000  5.894769e-01 
  991.000  5.908551e-01 
  992.000  5.913155e-01 
  993.000  5.914932e-01 
  994.000  5.928853e-01 
  995.000  5.938462e-01 
  996.000  5.938482e-01 
  997.000  5.932748e-01 
  998.000  5.925441e-01 
  999.000  5.922844e-01 
 1000.000  5.925195e-01 
 1001.000  5.910720e-01 
 1002.000  5.888951e-01 
 1003.000  5.894671e-01 
 1004.000  5.908346e-01 
 1005.000  5.913030e-01 
 1006.000  5.914994e-01 
 1007.000  5.910442e-01 
 1008.000  5.893022e-01 
 1009.000  5.867320e-01 
 1010.000  5.878837e-01 
 1011.000  5.906138e-01 
 1012.000  5.914969e-01 
 1013.000  5.923364e-01 
 1014.000  5.926213e-01 
 1015.000  5.926828e-01 
 1016.000  5.930689e-01 
 1017.000  5.932952e-01 
 1018.000  5.928016e-01 
 1019.000  5.918822e-01 
 1020.000  5.922211e-01 
 1021.000  5.928650e-01 
 1022.000  5.917248e-01 
 1023.000  5.908967e-01 
 1024.000  5.903050e-01 
 1025.000  5.919160e-01 
 1026.000  5.926360e-01 
 1027.000  5.922697e-01 
 1028.000  5.925266e-01 
 1029.000  5.932560e-01 
 1030.000  5.939361e-01 
 1031.000  5.943229e-01 
 1032.000  5.945200e-01 
 1033.000  5.945797e-01 
 1034.000  5.947496e-01 
 1035.000  5.947777e-01 
 1036.000  5.945953e-01 
 1037.000  5.945055e-01 
 1038.000  5.945511e-01 
 1039.000  5.944041e-01 
 1040.000  5.942488e-01 
 1041.000  5.941229e-01 
 1042.000  5.940675e-01 
 1043.000  5.940208e-01 
 1044.000  5.938823e-01 
 1045.000  5.935777e-01 
 1046.000  5.933520e-01 
 1047.000  5.930637e-01 
 1048.000  5.925833e-01 
 1049.000  5.920339e-01 
 1050.000  5.916872e-01 
 1051.000  5.913023e-01 
 1052.000  5.909452e-01 
 1053.000  5.907591e-01 
 1054.000  5.902873e-01 
 1055.000  5.897992e-01 
 1056.000  5.893075e-01 
 1057.000  5.884616e-01 
 1058.000  5.870634e-01 
 1059.000  5.868645e-01 
 1060.000  5.872660e-01 
 1061.000  5.869707e-01 
 1062.000  5.860447e-01 
 1063.000  5.854527e-01 
 1064.000  5.845624e-01 
 1065.000  5.837653e-01 
 1066.000  5.837999e-01 
 1067.000  5.833452e-01 
 1068.000  5.820289e-01 
 1069.000  5.820609e-01 
 1070.000  5.827205e-01 
 1071.000  5.821665e-01 
 1072.000  5.814719e-01 
 1073.000  5.815736e-01 
 1074.000  5.819983e-01 
 1075.000  5.837067e-01 
 1076.000  5.830578e-01 
 1077.000  5.820801e-01 
 1078.000  5.808740e-01 
 1079.000  5.809015e-01 
 1080.000  5.772489e-01 
 1081.000  5.771932e-01 
 1082.000  5.790259e-01 
 1083.000  5.771613e-01 
 1084.000  5.750701e-01 
 1085.000  5.698600e-01 
 1086.000  5.712353e-01 
 1087.000  5.772095e-01 
 1088.000  5.775362e-01 
 1089.000  5.705109e-01 
 1090.000  5.692729e-01 
 1091.000  5.707343e-01 
 1092.000  5.673054e-01 
 1093.000  5.594109e-01 
 1094.000  5.559854e-01 
 1095.000  5.566241e-01 
 1096.000  5.572268e-01 
 1097.000  5.557410e-01 
 1098.000  5.361402e-01 
 1099.000  5.192010e-01 
 1100.000  5.204261e-01 
 1101.000  5.228568e-01 
 1102.000  5.218298e-01 
 1103.000  5.234774e-01 
 1104.000  5.206954e-01 
 1105.000  5.135813e-01 
 1106.000  5.062717e-01 
 1107.000  5.082482e-01 
 1108.000  5.097878e-01 
 1109.000  5.162958e-01 
 1110.000  5.158624e-01 
 1111.000  5.125835e-01 
 1112.000  4.973618e-01 
 1113.000  4.764166e-01 
 1114.000  4.712487e-01 
 1115.000  4.449881e-01 
 1116.000  4.283282e-01 
 1117.000  3.880014e-01 
 1118.000  3.502089e-01 
 1119.000  3.300290e-01 
 1120.000  3.038154e-01 
 1121.000  2.980245e-01 
 1122.000  2.691734e-01 
 1123.000  2.855700e-01 
 1124.000  2.964092e-01 
 1125.000  2.908840e-01 
 1126.000  2.885689e-01 
 1127.000  2.907941e-01 
 1128.000  2.951231e-01 
 1129.000  3.226990e-01 
 1130.000  3.849089e-01 
 1131.000  4.022502e-01 
 1132.000  3.786618e-01 
 1133.000  3.336014e-01 
 1134.000  2.467826e-01 
 1135.000  2.535660e-01 
 1136.000  3.397117e-01 
 1137.000  3.836706e-01 
 1138.000  4.241309e-01 
 1139.000  4.353631e-01 
 1140.000  4.277770e-01 
 1141.000  4.118555e-01 
 1142.000  4.063903e-01 
 1143.000  3.890057e-01 
 1144.000  3.689267e-01 
 1145.000  3.392827e-01 
 1146.000  3.463281e-01 
 1147.000  3.693690e-01 
 1148.000  3.894031e-01 
 1149.000  3.972082e-01 
 1150.000  3.971321e-01 
