  320.000  1.706240e-01 
  321.000  2.112695e-01 
  322.000  1.952598e-01 
  323.000  2.155600e-01 
  324.000  2.360216e-01 
  325.000  2.207667e-01 
  326.000  2.458360e-01 
  327.000  2.528607e-01 
  328.000  2.377045e-01 
  329.000  2.668464e-01 
  330.000  2.714839e-01 
  331.000  2.623126e-01 
  332.000  2.800381e-01 
  333.000  2.852198e-01 
  334.000  2.809649e-01 
  335.000  2.940095e-01 
  336.000  2.993028e-01 
  337.000  2.970713e-01 
  338.000  3.032785e-01 
  339.000  3.096927e-01 
  340.000  3.086381e-01 
  341.000  3.148728e-01 
  342.000  3.194369e-01 
  343.000  3.217308e-01 
  344.000  3.221996e-01 
  345.000  3.283947e-01 
  346.000  3.323097e-01 
  347.000  3.355034e-01 
  348.000  3.384963e-01 
  349.000  3.418595e-01 
  350.000  3.447356e-01 
  351.000  3.476011e-01 
  352.000  3.499526e-01 
  353.000  3.532975e-01 
  354.000  3.561460e-01 
  355.000  3.587976e-01 
  356.000  3.613819e-01 
  357.000  3.636824e-01 
  358.000  3.661583e-01 
  359.000  3.686322e-01 
  360.000  3.711664e-01 
  361.000  3.743685e-01 
  362.000  3.777037e-01 
  363.000  3.807760e-01 
  364.000  3.836041e-01 
  365.000  3.862572e-01 
  366.000  3.889706e-01 
  367.000  3.915544e-01 
  368.000  3.941152e-01 
  369.000  3.966541e-01 
  370.000  3.991672e-01 
  371.000  4.016609e-01 
  372.000  4.041342e-01 
  373.000  4.065869e-01 
  374.000  4.090003e-01 
  375.000  4.113674e-01 
  376.000  4.136542e-01 
  377.000  4.158157e-01 
  378.000  4.178236e-01 
  379.000  4.198638e-01 
  380.000  4.221078e-01 
  381.000  4.246624e-01 
  382.000  4.273099e-01 
  383.000  4.298135e-01 
  384.000  4.321885e-01 
  385.000  4.344768e-01 
  386.000  4.367065e-01 
  387.000  4.389001e-01 
  388.000  4.410656e-01 
  389.000  4.432132e-01 
  390.000  4.453434e-01 
  391.000  4.474517e-01 
  392.000  4.495442e-01 
  393.000  4.516192e-01 
  394.000  4.536748e-01 
  395.000  4.557093e-01 
  396.000  4.577304e-01 
  397.000  4.597279e-01 
  398.000  4.617068e-01 
  399.000  4.636688e-01 
  400.000  4.656034e-01 
  401.000  4.675304e-01 
  402.000  4.694418e-01 
  403.000  4.713365e-01 
  404.000  4.732143e-01 
  405.000  4.750712e-01 
  406.000  4.769156e-01 
  407.000  4.787454e-01 
  408.000  4.805590e-01 
  409.000  4.823546e-01 
  410.000  4.841330e-01 
  411.000  4.858935e-01 
  412.000  4.876351e-01 
  413.000  4.893664e-01 
  414.000  4.909734e-01 
  415.000  4.927116e-01 
  416.000  4.944276e-01 
  417.000  4.961148e-01 
  418.000  4.977632e-01 
  419.000  4.993931e-01 
  420.000  5.010082e-01 
  421.000  5.026135e-01 
  422.000  5.042087e-01 
  423.000  5.057918e-01 
  424.000  5.073562e-01 
  425.000  5.088846e-01 
  426.000  5.103980e-01 
  427.000  5.118979e-01 
  428.000  5.133709e-01 
  429.000  5.148233e-01 
  430.000  5.162587e-01 
  431.000  5.176833e-01 
  432.000  5.190928e-01 
  433.000  5.204889e-01 
  434.000  5.218731e-01 
  435.000  5.232437e-01 
  436.000  5.245988e-01 
  437.000  5.259392e-01 
  438.000  5.272641e-01 
  439.000  5.285788e-01 
  440.000  5.298721e-01 
  441.000  5.311490e-01 
  442.000  5.324056e-01 
  443.000  5.336431e-01 
  444.000  5.348610e-01 
  445.000  5.360528e-01 
  446.000  5.372113e-01 
  447.000  5.384262e-01 
  448.000  5.397288e-01 
  449.000  5.410471e-01 
  450.000  5.423400e-01 
  451.000  5.435822e-01 
  452.000  5.447809e-01 
  453.000  5.459549e-01 
  454.000  5.471076e-01 
  455.000  5.481935e-01 
  456.000  5.491915e-01 
  457.000  5.501898e-01 
  458.000  5.511746e-01 
  459.000  5.521384e-01 
  460.000  5.530946e-01 
  461.000  5.540405e-01 
  462.000  5.549684e-01 
  463.000  5.558922e-01 
  464.000  5.570948e-01 
  465.000  5.582793e-01 
  466.000  5.594429e-01 
  467.000  5.605794e-01 
  468.000  5.615051e-01 
  469.000  5.623023e-01 
  470.000  5.630354e-01 
  471.000  5.636953e-01 
  472.000  5.642555e-01 
  473.000  5.646483e-01 
  474.000  5.649708e-01 
  475.000  5.650536e-01 
  476.000  5.648940e-01 
  477.000  5.648907e-01 
  478.000  5.658236e-01 
  479.000  5.672438e-01 
  480.000  5.687765e-01 
  481.000  5.701513e-01 
  482.000  5.714406e-01 
  483.000  5.725614e-01 
  484.000  5.735246e-01 
  485.000  5.743859e-01 
  486.000  5.753044e-01 
  487.000  5.762713e-01 
  488.000  5.772070e-01 
  489.000  5.781255e-01 
  490.000  5.790331e-01 
  491.000  5.797437e-01 
  492.000  5.803933e-01 
  493.000  5.810395e-01 
  494.000  5.816676e-01 
  495.000  5.822955e-01 
  496.000  5.826191e-01 
  497.000  5.829304e-01 
  498.000  5.832371e-01 
  499.000  5.835272e-01 
  500.000  5.838128e-01 
  501.000  5.840667e-01 
  502.000  5.843205e-01 
  503.000  5.845712e-01 
  504.000  5.848104e-01 
  505.000  5.850364e-01 
  506.000  5.856986e-01 
  507.000  5.863799e-01 
  508.000  5.870602e-01 
  509.000  5.877326e-01 
  510.000  5.883906e-01 
  511.000  5.889805e-01 
  512.000  5.895501e-01 
  513.000  5.901165e-01 
  514.000  5.906757e-01 
  515.000  5.912300e-01 
  516.000  5.916260e-01 
  517.000  5.918798e-01 
  518.000  5.921267e-01 
  519.000  5.923689e-01 
  520.000  5.926087e-01 
  521.000  5.928236e-01 
  522.000  5.929785e-01 
  523.000  5.930902e-01 
  524.000  5.932056e-01 
  525.000  5.932966e-01 
  526.000  5.934243e-01 
  527.000  5.934448e-01 
  528.000  5.934220e-01 
  529.000  5.933979e-01 
  530.000  5.933792e-01 
  531.000  5.933638e-01 
  532.000  5.933983e-01 
  533.000  5.937095e-01 
  534.000  5.941026e-01 
  535.000  5.945462e-01 
  536.000  5.949750e-01 
  537.000  5.953673e-01 
  538.000  5.957180e-01 
  539.000  5.960430e-01 
  540.000  5.963479e-01 
  541.000  5.966437e-01 
  542.000  5.969267e-01 
  543.000  5.971997e-01 
  544.000  5.974061e-01 
  545.000  5.975581e-01 
  546.000  5.977032e-01 
  547.000  5.978523e-01 
  548.000  5.979940e-01 
  549.000  5.981334e-01 
  550.000  5.982010e-01 
  551.000  5.981975e-01 
  552.000  5.981966e-01 
  553.000  5.981811e-01 
  554.000  5.981589e-01 
  555.000  5.981327e-01 
  556.000  5.980795e-01 
  557.000  5.979797e-01 
  558.000  5.978717e-01 
  559.000  5.977512e-01 
  560.000  5.976001e-01 
  561.000  5.974208e-01 
  562.000  5.969883e-01 
  563.000  5.967630e-01 
  564.000  5.964580e-01 
  565.000  5.959733e-01 
  566.000  5.957043e-01 
  567.000  5.945720e-01 
  568.000  5.910708e-01 
  569.000  5.833333e-01 
  570.000  5.845081e-01 
  571.000  5.900177e-01 
  572.000  5.846878e-01 
  573.000  5.860759e-01 
  574.000  5.864316e-01 
  575.000  5.860950e-01 
  576.000  5.862857e-01 
  577.000  5.881439e-01 
  578.000  5.904595e-01 
  579.000  5.923924e-01 
  580.000  5.939810e-01 
  581.000  5.963915e-01 
  582.000  5.979883e-01 
  583.000  5.988597e-01 
  584.000  5.996451e-01 
  585.000  6.002405e-01 
  586.000  6.008212e-01 
  587.000  5.987179e-01 
  588.000  5.880728e-01 
  589.000  5.714487e-01 
  590.000  5.705483e-01 
  591.000  5.820981e-01 
  592.000  5.761673e-01 
  593.000  5.893573e-01 
  594.000  5.866004e-01 
  595.000  5.775595e-01 
  596.000  5.904156e-01 
  597.000  5.873188e-01 
  598.000  5.924522e-01 
  599.000  5.944212e-01 
  600.000  5.990579e-01 
  601.000  6.021398e-01 
  602.000  6.029237e-01 
  603.000  6.042414e-01 
  604.000  6.057120e-01 
  605.000  6.067294e-01 
  606.000  6.074162e-01 
  607.000  6.080779e-01 
  608.000  6.086870e-01 
  609.000  6.092679e-01 
  610.000  6.098658e-01 
  611.000  6.105295e-01 
  612.000  6.111796e-01 
  613.000  6.118094e-01 
  614.000  6.124206e-01 
  615.000  6.130301e-01 
  616.000  6.136174e-01 
  617.000  6.141720e-01 
  618.000  6.146369e-01 
  619.000  6.150303e-01 
  620.000  6.153944e-01 
  621.000  6.157072e-01 
  622.000  6.159687e-01 
  623.000  6.161435e-01 
  624.000  6.163292e-01 
  625.000  6.164831e-01 
  626.000  6.160415e-01 
  627.000  6.118074e-01 
  628.000  5.920182e-01 
  629.000  6.034153e-01 
  630.000  6.073115e-01 
  631.000  6.112105e-01 
  632.000  6.094173e-01 
  633.000  6.153778e-01 
  634.000  6.179771e-01 
  635.000  6.189943e-01 
  636.000  6.206419e-01 
  637.000  6.220254e-01 
  638.000  6.250200e-01 
  639.000  6.259035e-01 
  640.000  6.278053e-01 
  641.000  6.285762e-01 
  642.000  6.299706e-01 
  643.000  6.290039e-01 
  644.000  6.295760e-01 
  645.000  6.279058e-01 
  646.000  6.188555e-01 
  647.000  6.126971e-01 
  648.000  6.057940e-01 
  649.000  6.125434e-01 
  650.000  6.252569e-01 
  651.000  6.255984e-01 
  652.000  6.150430e-01 
  653.000  6.279357e-01 
  654.000  6.269047e-01 
  655.000  6.226746e-01 
  656.000  6.246243e-01 
  657.000  6.274583e-01 
  658.000  6.321139e-01 
  659.000  6.349779e-01 
  660.000  6.364256e-01 
  661.000  6.399263e-01 
  662.000  6.416671e-01 
  663.000  6.417596e-01 
  664.000  6.426424e-01 
  665.000  6.434644e-01 
  666.000  6.444224e-01 
  667.000  6.452280e-01 
  668.000  6.462009e-01 
  669.000  6.468597e-01 
  670.000  6.474279e-01 
  671.000  6.480340e-01 
  672.000  6.485620e-01 
  673.000  6.490781e-01 
  674.000  6.495888e-01 
  675.000  6.501012e-01 
  676.000  6.505790e-01 
  677.000  6.510192e-01 
  678.000  6.514614e-01 
  679.000  6.518016e-01 
  680.000  6.517003e-01 
  681.000  6.515245e-01 
  682.000  6.517248e-01 
  683.000  6.517719e-01 
  684.000  6.511674e-01 
  685.000  6.521262e-01 
  686.000  6.494043e-01 
  687.000  5.586500e-01 
  688.000  5.873035e-01 
  689.000  5.788807e-01 
  690.000  5.938798e-01 
  691.000  6.126803e-01 
  692.000  6.227447e-01 
  693.000  6.132471e-01 
  694.000  6.018854e-01 
  695.000  6.113855e-01 
  696.000  6.170155e-01 
  697.000  6.419110e-01 
  698.000  6.367033e-01 
  699.000  6.142770e-01 
  700.000  6.179634e-01 
  701.000  6.129842e-01 
  702.000  6.166497e-01 
  703.000  6.354263e-01 
  704.000  6.362560e-01 
  705.000  6.285198e-01 
  706.000  6.300492e-01 
  707.000  6.328405e-01 
  708.000  6.358615e-01 
  709.000  6.420317e-01 
  710.000  6.354855e-01 
  711.000  6.421868e-01 
  712.000  6.479039e-01 
  713.000  6.433100e-01 
  714.000  6.417454e-01 
  715.000  6.342461e-01 
  716.000  6.264061e-01 
  717.000  5.779963e-01 
  718.000  5.487063e-01 
  719.000  5.382177e-01 
  720.000  5.227016e-01 
  721.000  5.917500e-01 
  722.000  6.168860e-01 
  723.000  6.026440e-01 
  724.000  5.626890e-01 
  725.000  5.684847e-01 
  726.000  5.666351e-01 
  727.000  5.722563e-01 
  728.000  5.661477e-01 
  729.000  5.813816e-01 
  730.000  5.787737e-01 
  731.000  5.756252e-01 
  732.000  6.014951e-01 
  733.000  6.266182e-01 
  734.000  6.388280e-01 
  735.000  6.345305e-01 
  736.000  6.265275e-01 
  737.000  6.325588e-01 
  738.000  6.408703e-01 
  739.000  6.444582e-01 
  740.000  6.524391e-01 
  741.000  6.570581e-01 
  742.000  6.589966e-01 
  743.000  6.632663e-01 
  744.000  6.651993e-01 
  745.000  6.665900e-01 
  746.000  6.677462e-01 
  747.000  6.679812e-01 
  748.000  6.690083e-01 
  749.000  6.695515e-01 
  750.000  6.692184e-01 
  751.000  6.694014e-01 
  752.000  6.703630e-01 
  753.000  6.707518e-01 
  754.000  6.710507e-01 
  755.000  6.712331e-01 
  756.000  6.714261e-01 
  757.000  6.715586e-01 
  758.000  6.703608e-01 
  759.000  6.213188e-01 
  760.000  2.676314e-01 
  761.000  2.356756e-01 
  762.000  4.359768e-01 
  763.000  3.725820e-01 
  764.000  4.038650e-01 
  765.000  4.756669e-01 
  766.000  5.635538e-01 
  767.000  6.083726e-01 
  768.000  6.378437e-01 
  769.000  6.573646e-01 
  770.000  6.678076e-01 
  771.000  6.727903e-01 
  772.000  6.740268e-01 
  773.000  6.745788e-01 
  774.000  6.752602e-01 
  775.000  6.756835e-01 
  776.000  6.759931e-01 
  777.000  6.760604e-01 
  778.000  6.760117e-01 
  779.000  6.759558e-01 
  780.000  6.758987e-01 
  781.000  6.763291e-01 
  782.000  6.762580e-01 
  783.000  6.762021e-01 
  784.000  6.758625e-01 
  785.000  6.741078e-01 
  786.000  6.714481e-01 
  787.000  6.654058e-01 
  788.000  6.622265e-01 
  789.000  6.509659e-01 
  790.000  6.499835e-01 
  791.000  6.520880e-01 
  792.000  6.540406e-01 
  793.000  6.586100e-01 
  794.000  6.683320e-01 
  795.000  6.623661e-01 
  796.000  6.465811e-01 
  797.000  6.510658e-01 
  798.000  6.610258e-01 
  799.000  6.587371e-01 
  800.000  6.514692e-01 
  801.000  6.523200e-01 
  802.000  6.515768e-01 
  803.000  6.526275e-01 
  804.000  6.560325e-01 
  805.000  6.625698e-01 
  806.000  6.664780e-01 
  807.000  6.666412e-01 
  808.000  6.644048e-01 
  809.000  6.616582e-01 
  810.000  6.586453e-01 
  811.000  6.524991e-01 
  812.000  6.442455e-01 
  813.000  6.341823e-01 
  814.000  6.209820e-01 
  815.000  6.046571e-01 
  816.000  5.840441e-01 
  817.000  5.851083e-01 
  818.000  5.867544e-01 
  819.000  5.935521e-01 
  820.000  6.163459e-01 
  821.000  6.426340e-01 
  822.000  6.225941e-01 
  823.000  5.677883e-01 
  824.000  6.138739e-01 
  825.000  6.441114e-01 
  826.000  6.389837e-01 
  827.000  6.351364e-01 
  828.000  6.152434e-01 
  829.000  6.223624e-01 
  830.000  6.303919e-01 
  831.000  6.322946e-01 
  832.000  6.331749e-01 
  833.000  6.378375e-01 
  834.000  6.433465e-01 
  835.000  6.542966e-01 
  836.000  6.507849e-01 
  837.000  6.504270e-01 
  838.000  6.557524e-01 
  839.000  6.589938e-01 
  840.000  6.601653e-01 
  841.000  6.566462e-01 
  842.000  6.597967e-01 
  843.000  6.673030e-01 
  844.000  6.707170e-01 
  845.000  6.723040e-01 
  846.000  6.739745e-01 
  847.000  6.758161e-01 
  848.000  6.727530e-01 
  849.000  6.731323e-01 
  850.000  6.716133e-01 
  851.000  6.698081e-01 
  852.000  6.699777e-01 
  853.000  6.729366e-01 
  854.000  6.727708e-01 
  855.000  6.742566e-01 
  856.000  6.773570e-01 
  857.000  6.785343e-01 
  858.000  6.792315e-01 
  859.000  6.807104e-01 
  860.000  6.814302e-01 
  861.000  6.815500e-01 
  862.000  6.819878e-01 
  863.000  6.820400e-01 
  864.000  6.823385e-01 
  865.000  6.825817e-01 
  866.000  6.826421e-01 
  867.000  6.825918e-01 
  868.000  6.826253e-01 
  869.000  6.827023e-01 
  870.000  6.826364e-01 
  871.000  6.827090e-01 
  872.000  6.828941e-01 
  873.000  6.826985e-01 
  874.000  6.825902e-01 
  875.000  6.825605e-01 
  876.000  6.822233e-01 
  877.000  6.820909e-01 
  878.000  6.811481e-01 
  879.000  6.810787e-01 
  880.000  6.802647e-01 
  881.000  6.797830e-01 
  882.000  6.793782e-01 
  883.000  6.798180e-01 
  884.000  6.799392e-01 
  885.000  6.783957e-01 
  886.000  6.760620e-01 
  887.000  6.778513e-01 
  888.000  6.777355e-01 
  889.000  6.782668e-01 
  890.000  6.768771e-01 
  891.000  6.740326e-01 
  892.000  6.680518e-01 
  893.000  6.500525e-01 
  894.000  6.410715e-01 
  895.000  6.141495e-01 
  896.000  5.901892e-01 
  897.000  5.651683e-01 
  898.000  5.535592e-01 
  899.000  5.216069e-01 
  900.000  5.260692e-01 
  901.000  5.178730e-01 
  902.000  5.195186e-01 
  903.000  5.733617e-01 
  904.000  6.070315e-01 
  905.000  6.058934e-01 
  906.000  5.848163e-01 
  907.000  5.480957e-01 
  908.000  5.242656e-01 
  909.000  5.251973e-01 
  910.000  5.287297e-01 
  911.000  5.444966e-01 
  912.000  5.368522e-01 
  913.000  5.040250e-01 
  914.000  5.201954e-01 
  915.000  5.330977e-01 
  916.000  5.366583e-01 
  917.000  5.437759e-01 
  918.000  5.529892e-01 
  919.000  5.844833e-01 
  920.000  6.086959e-01 
  921.000  6.034262e-01 
  922.000  6.029866e-01 
  923.000  5.962352e-01 
  924.000  5.800973e-01 
  925.000  5.785893e-01 
  926.000  5.777569e-01 
  927.000  5.587447e-01 
  928.000  5.299117e-01 
  929.000  4.891747e-01 
  930.000  4.389571e-01 
  931.000  3.850152e-01 
  932.000  3.169213e-01 
  933.000  2.698643e-01 
  934.000  2.245242e-01 
  935.000  2.195942e-01 
  936.000  2.366790e-01 
  937.000  2.325486e-01 
  938.000  2.841384e-01 
  939.000  4.297806e-01 
  940.000  4.531766e-01 
  941.000  4.335048e-01 
  942.000  3.858567e-01 
  943.000  3.102258e-01 
  944.000  3.049324e-01 
  945.000  3.311729e-01 
  946.000  3.329062e-01 
  947.000  3.575673e-01 
  948.000  3.722207e-01 
  949.000  3.706248e-01 
  950.000  3.744866e-01 
  951.000  4.076907e-01 
  952.000  3.728212e-01 
  953.000  3.978033e-01 
  954.000  4.251744e-01 
  955.000  4.036630e-01 
  956.000  3.994247e-01 
  957.000  4.691522e-01 
  958.000  4.787599e-01 
  959.000  4.672545e-01 
  960.000  4.640821e-01 
  961.000  4.583862e-01 
  962.000  4.639415e-01 
  963.000  5.034205e-01 
  964.000  5.093030e-01 
  965.000  5.056827e-01 
  966.000  5.080400e-01 
  967.000  5.369103e-01 
  968.000  5.860269e-01 
  969.000  6.086614e-01 
  970.000  6.099609e-01 
  971.000  6.094412e-01 
  972.000  6.029982e-01 
  973.000  5.882279e-01 
  974.000  5.704168e-01 
  975.000  5.590625e-01 
  976.000  5.729622e-01 
  977.000  5.961491e-01 
  978.000  5.943358e-01 
  979.000  6.004699e-01 
  980.000  6.244684e-01 
  981.000  6.298666e-01 
  982.000  6.245788e-01 
  983.000  6.370265e-01 
  984.000  6.498906e-01 
  985.000  6.572377e-01 
  986.000  6.667405e-01 
  987.000  6.708827e-01 
  988.000  6.718433e-01 
  989.000  6.724569e-01 
  990.000  6.734641e-01 
  991.000  6.770074e-01 
  992.000  6.780096e-01 
  993.000  6.783806e-01 
  994.000  6.815768e-01 
  995.000  6.836601e-01 
  996.000  6.836334e-01 
  997.000  6.823357e-01 
  998.000  6.807051e-01 
  999.000  6.801016e-01 
 1000.000  6.805775e-01 
 1001.000  6.771750e-01 
 1002.000  6.717454e-01 
 1003.000  6.730236e-01 
 1004.000  6.761334e-01 
 1005.000  6.775511e-01 
 1006.000  6.780068e-01 
 1007.000  6.769613e-01 
 1008.000  6.725368e-01 
 1009.000  6.666365e-01 
 1010.000  6.692578e-01 
 1011.000  6.755269e-01 
 1012.000  6.779169e-01 
 1013.000  6.798007e-01 
 1014.000  6.805887e-01 
 1015.000  6.807394e-01 
 1016.000  6.815900e-01 
 1017.000  6.820818e-01 
 1018.000  6.810148e-01 
 1019.000  6.788288e-01 
 1020.000  6.795949e-01 
 1021.000  6.811686e-01 
 1022.000  6.785247e-01 
 1023.000  6.763156e-01 
 1024.000  6.749952e-01 
 1025.000  6.790521e-01 
 1026.000  6.808498e-01 
 1027.000  6.800920e-01 
 1028.000  6.807262e-01 
 1029.000  6.823896e-01 
 1030.000  6.840278e-01 
 1031.000  6.849220e-01 
 1032.000  6.855838e-01 
 1033.000  6.857340e-01 
 1034.000  6.861349e-01 
 1035.000  6.863368e-01 
 1036.000  6.862550e-01 
 1037.000  6.863230e-01 
 1038.000  6.864547e-01 
 1039.000  6.862160e-01 
 1040.000  6.860180e-01 
 1041.000  6.858620e-01 
 1042.000  6.858227e-01 
 1043.000  6.858277e-01 
 1044.000  6.856954e-01 
 1045.000  6.852491e-01 
 1046.000  6.849543e-01 
 1047.000  6.846101e-01 
 1048.000  6.842077e-01 
 1049.000  6.838405e-01 
 1050.000  6.833927e-01 
 1051.000  6.827279e-01 
 1052.000  6.823017e-01 
 1053.000  6.822519e-01 
 1054.000  6.815732e-01 
 1055.000  6.809284e-01 
 1056.000  6.803853e-01 
 1057.000  6.789441e-01 
 1058.000  6.762856e-01 
 1059.000  6.764915e-01 
 1060.000  6.778849e-01 
 1061.000  6.775721e-01 
 1062.000  6.759069e-01 
 1063.000  6.753355e-01 
 1064.000  6.739311e-01 
 1065.000  6.723256e-01 
 1066.000  6.724657e-01 
 1067.000  6.715252e-01 
 1068.000  6.681134e-01 
 1069.000  6.663516e-01 
 1070.000  6.667801e-01 
 1071.000  6.645380e-01 
 1072.000  6.622660e-01 
 1073.000  6.617824e-01 
 1074.000  6.620553e-01 
 1075.000  6.652829e-01 
 1076.000  6.631746e-01 
 1077.000  6.603705e-01 
 1078.000  6.570845e-01 
 1079.000  6.566142e-01 
 1080.000  6.479395e-01 
 1081.000  6.474141e-01 
 1082.000  6.511711e-01 
 1083.000  6.465484e-01 
 1084.000  6.415157e-01 
 1085.000  6.296283e-01 
 1086.000  6.323503e-01 
 1087.000  6.453581e-01 
 1088.000  6.458535e-01 
 1089.000  6.299366e-01 
 1090.000  6.269150e-01 
 1091.000  6.298715e-01 
 1092.000  6.219746e-01 
 1093.000  6.045319e-01 
 1094.000  5.969706e-01 
 1095.000  5.981339e-01 
 1096.000  5.991447e-01 
 1097.000  5.955912e-01 
 1098.000  5.539685e-01 
 1099.000  5.191528e-01 
 1100.000  5.214219e-01 
 1101.000  5.261096e-01 
 1102.000  5.236677e-01 
 1103.000  5.267096e-01 
 1104.000  5.208417e-01 
 1105.000  5.063073e-01 
 1106.000  4.919153e-01 
 1107.000  4.952321e-01 
 1108.000  4.975052e-01 
 1109.000  5.093646e-01 
 1110.000  5.072490e-01 
 1111.000  5.000944e-01 
 1112.000  4.698243e-01 
 1113.000  4.289825e-01 
 1114.000  4.170682e-01 
 1115.000  3.687263e-01 
 1116.000  3.399111e-01 
 1117.000  2.774552e-01 
 1118.000  2.234032e-01 
 1119.000  1.958157e-01 
 1120.000  1.640502e-01 
 1121.000  1.571382e-01 
 1122.000  1.275166e-01 
 1123.000  1.426365e-01 
 1124.000  1.531914e-01 
 1125.000  1.474178e-01 
 1126.000  1.452465e-01 
 1127.000  1.480252e-01 
 1128.000  1.533995e-01 
 1129.000  1.843169e-01 
 1130.000  2.622823e-01 
 1131.000  2.864891e-01 
 1132.000  2.532437e-01 
 1133.000  1.971079e-01 
 1134.000  1.082537e-01 
 1135.000  1.144659e-01 
 1136.000  2.057845e-01 
 1137.000  2.630245e-01 
 1138.000  3.235140e-01 
 1139.000  3.441660e-01 
 1140.000  3.322706e-01 
 1141.000  3.091185e-01 
 1142.000  3.007461e-01 
 1143.000  2.750957e-01 
 1144.000  2.474047e-01 
 1145.000  2.090650e-01 
 1146.000  2.179940e-01 
 1147.000  2.483022e-01 
 1148.000  2.763331e-01 
 1149.000  2.882828e-01 
 1150.000  2.897635e-01 
