  320.000  2.365515e-01 
  321.000  2.847596e-01 
  322.000  2.659316e-01 
  323.000  2.897728e-01 
  324.000  3.135052e-01 
  325.000  2.958389e-01 
  326.000  3.247909e-01 
  327.000  3.328321e-01 
  328.000  3.154446e-01 
  329.000  3.487550e-01 
  330.000  3.540102e-01 
  331.000  3.436055e-01 
  332.000  3.636731e-01 
  333.000  3.695073e-01 
  334.000  3.647176e-01 
  335.000  3.793722e-01 
  336.000  3.852942e-01 
  337.000  3.827994e-01 
  338.000  3.897329e-01 
  339.000  3.968782e-01 
  340.000  3.957047e-01 
  341.000  4.026343e-01 
  342.000  4.076957e-01 
  343.000  4.102359e-01 
  344.000  4.107547e-01 
  345.000  4.176018e-01 
  346.000  4.219200e-01 
  347.000  4.254377e-01 
  348.000  4.287302e-01 
  349.000  4.324255e-01 
  350.000  4.355817e-01 
  351.000  4.387229e-01 
  352.000  4.412981e-01 
  353.000  4.449573e-01 
  354.000  4.480698e-01 
  355.000  4.509641e-01 
  356.000  4.537824e-01 
  357.000  4.562890e-01 
  358.000  4.589842e-01 
  359.000  4.616750e-01 
  360.000  4.644287e-01 
  361.000  4.679048e-01 
  362.000  4.715212e-01 
  363.000  4.748488e-01 
  364.000  4.779087e-01 
  365.000  4.807767e-01 
  366.000  4.837070e-01 
  367.000  4.864950e-01 
  368.000  4.892556e-01 
  369.000  4.919905e-01 
  370.000  4.946951e-01 
  371.000  4.973767e-01 
  372.000  5.000343e-01 
  373.000  5.026675e-01 
  374.000  5.052566e-01 
  375.000  5.077939e-01 
  376.000  5.102434e-01 
  377.000  5.125571e-01 
  378.000  5.147048e-01 
  379.000  5.168858e-01 
  380.000  5.192830e-01 
  381.000  5.220100e-01 
  382.000  5.248337e-01 
  383.000  5.275020e-01 
  384.000  5.300313e-01 
  385.000  5.324665e-01 
  386.000  5.348377e-01 
  387.000  5.371690e-01 
  388.000  5.394689e-01 
  389.000  5.417483e-01 
  390.000  5.440079e-01 
  391.000  5.462427e-01 
  392.000  5.484595e-01 
  393.000  5.506564e-01 
  394.000  5.528314e-01 
  395.000  5.549828e-01 
  396.000  5.571188e-01 
  397.000  5.592287e-01 
  398.000  5.613177e-01 
  399.000  5.633876e-01 
  400.000  5.654276e-01 
  401.000  5.674585e-01 
  402.000  5.694717e-01 
  403.000  5.714663e-01 
  404.000  5.734420e-01 
  405.000  5.753949e-01 
  406.000  5.773336e-01 
  407.000  5.792559e-01 
  408.000  5.811602e-01 
  409.000  5.830448e-01 
  410.000  5.849103e-01 
  411.000  5.867562e-01 
  412.000  5.885813e-01 
  413.000  5.903949e-01 
  414.000  5.920774e-01 
  415.000  5.938966e-01 
  416.000  5.956917e-01 
  417.000  5.974559e-01 
  418.000  5.991787e-01 
  419.000  6.008815e-01 
  420.000  6.025680e-01 
  421.000  6.042436e-01 
  422.000  6.059079e-01 
  423.000  6.075591e-01 
  424.000  6.091899e-01 
  425.000  6.107826e-01 
  426.000  6.123590e-01 
  427.000  6.139208e-01 
  428.000  6.154541e-01 
  429.000  6.169653e-01 
  430.000  6.184582e-01 
  431.000  6.199393e-01 
  432.000  6.214043e-01 
  433.000  6.228548e-01 
  434.000  6.242924e-01 
  435.000  6.257154e-01 
  436.000  6.271219e-01 
  437.000  6.285125e-01 
  438.000  6.298867e-01 
  439.000  6.312498e-01 
  440.000  6.325904e-01 
  441.000  6.339134e-01 
  442.000  6.352150e-01 
  443.000  6.364965e-01 
  444.000  6.377574e-01 
  445.000  6.389906e-01 
  446.000  6.401893e-01 
  447.000  6.414459e-01 
  448.000  6.427927e-01 
  449.000  6.441554e-01 
  450.000  6.454913e-01 
  451.000  6.467746e-01 
  452.000  6.480124e-01 
  453.000  6.492245e-01 
  454.000  6.504142e-01 
  455.000  6.515346e-01 
  456.000  6.525642e-01 
  457.000  6.535937e-01 
  458.000  6.546091e-01 
  459.000  6.556027e-01 
  460.000  6.565881e-01 
  461.000  6.575628e-01 
  462.000  6.585186e-01 
  463.000  6.594701e-01 
  464.000  6.607083e-01 
  465.000  6.619276e-01 
  466.000  6.631250e-01 
  467.000  6.642942e-01 
  468.000  6.652463e-01 
  469.000  6.660661e-01 
  470.000  6.668198e-01 
  471.000  6.674982e-01 
  472.000  6.680741e-01 
  473.000  6.684777e-01 
  474.000  6.688091e-01 
  475.000  6.688942e-01 
  476.000  6.687302e-01 
  477.000  6.687268e-01 
  478.000  6.696854e-01 
  479.000  6.711442e-01 
  480.000  6.727181e-01 
  481.000  6.741294e-01 
  482.000  6.754525e-01 
  483.000  6.766023e-01 
  484.000  6.775903e-01 
  485.000  6.784735e-01 
  486.000  6.794152e-01 
  487.000  6.804063e-01 
  488.000  6.813653e-01 
  489.000  6.823063e-01 
  490.000  6.832360e-01 
  491.000  6.839638e-01 
  492.000  6.846290e-01 
  493.000  6.852908e-01 
  494.000  6.859337e-01 
  495.000  6.865764e-01 
  496.000  6.869076e-01 
  497.000  6.872261e-01 
  498.000  6.875400e-01 
  499.000  6.878369e-01 
  500.000  6.881291e-01 
  501.000  6.883888e-01 
  502.000  6.886486e-01 
  503.000  6.889050e-01 
  504.000  6.891497e-01 
  505.000  6.893809e-01 
  506.000  6.900582e-01 
  507.000  6.907549e-01 
  508.000  6.914505e-01 
  509.000  6.921379e-01 
  510.000  6.928105e-01 
  511.000  6.934134e-01 
  512.000  6.939955e-01 
  513.000  6.945742e-01 
  514.000  6.951455e-01 
  515.000  6.957118e-01 
  516.000  6.961163e-01 
  517.000  6.963755e-01 
  518.000  6.966277e-01 
  519.000  6.968750e-01 
  520.000  6.971198e-01 
  521.000  6.973392e-01 
  522.000  6.974974e-01 
  523.000  6.976115e-01 
  524.000  6.977293e-01 
  525.000  6.978223e-01 
  526.000  6.979526e-01 
  527.000  6.979735e-01 
  528.000  6.979502e-01 
  529.000  6.979256e-01 
  530.000  6.979066e-01 
  531.000  6.978908e-01 
  532.000  6.979260e-01 
  533.000  6.982438e-01 
  534.000  6.986451e-01 
  535.000  6.990979e-01 
  536.000  6.995355e-01 
  537.000  6.999359e-01 
  538.000  7.002938e-01 
  539.000  7.006254e-01 
  540.000  7.009364e-01 
  541.000  7.012383e-01 
  542.000  7.015271e-01 
  543.000  7.018055e-01 
  544.000  7.020161e-01 
  545.000  7.021711e-01 
  546.000  7.023191e-01 
  547.000  7.024712e-01 
  548.000  7.026157e-01 
  549.000  7.027579e-01 
  550.000  7.028269e-01 
  551.000  7.028232e-01 
  552.000  7.028224e-01 
  553.000  7.028066e-01 
  554.000  7.027839e-01 
  555.000  7.027571e-01 
  556.000  7.027029e-01 
  557.000  7.026011e-01 
  558.000  7.024910e-01 
  559.000  7.023682e-01 
  560.000  7.022145e-01 
  561.000  7.020326e-01 
  562.000  7.017254e-01 
  563.000  7.015070e-01 
  564.000  7.012292e-01 
  565.000  7.008303e-01 
  566.000  7.004944e-01 
  567.000  6.997318e-01 
  568.000  6.977422e-01 
  569.000  6.938691e-01 
  570.000  6.941648e-01 
  571.000  6.964285e-01 
  572.000  6.936476e-01 
  573.000  6.939546e-01 
  574.000  6.938942e-01 
  575.000  6.935942e-01 
  576.000  6.937676e-01 
  577.000  6.948147e-01 
  578.000  6.962436e-01 
  579.000  6.977451e-01 
  580.000  6.994114e-01 
  581.000  7.016094e-01 
  582.000  7.032243e-01 
  583.000  7.043757e-01 
  584.000  7.054047e-01 
  585.000  7.062624e-01 
  586.000  7.070432e-01 
  587.000  7.064945e-01 
  588.000  7.019277e-01 
  589.000  6.942229e-01 
  590.000  6.940103e-01 
  591.000  6.998020e-01 
  592.000  6.971266e-01 
  593.000  7.036426e-01 
  594.000  7.024951e-01 
  595.000  6.982999e-01 
  596.000  7.043566e-01 
  597.000  7.026781e-01 
  598.000  7.049310e-01 
  599.000  7.056649e-01 
  600.000  7.076008e-01 
  601.000  7.088600e-01 
  602.000  7.090600e-01 
  603.000  7.097992e-01 
  604.000  7.108502e-01 
  605.000  7.116529e-01 
  606.000  7.122901e-01 
  607.000  7.129073e-01 
  608.000  7.135168e-01 
  609.000  7.141012e-01 
  610.000  7.147087e-01 
  611.000  7.153838e-01 
  612.000  7.160448e-01 
  613.000  7.166852e-01 
  614.000  7.173067e-01 
  615.000  7.179264e-01 
  616.000  7.185233e-01 
  617.000  7.190870e-01 
  618.000  7.195595e-01 
  619.000  7.199592e-01 
  620.000  7.203292e-01 
  621.000  7.206471e-01 
  622.000  7.209128e-01 
  623.000  7.210905e-01 
  624.000  7.212799e-01 
  625.000  7.214386e-01 
  626.000  7.213374e-01 
  627.000  7.189447e-01 
  628.000  6.970280e-01 
  629.000  7.110340e-01 
  630.000  7.129136e-01 
  631.000  7.170156e-01 
  632.000  7.181328e-01 
  633.000  7.222620e-01 
  634.000  7.246808e-01 
  635.000  7.260466e-01 
  636.000  7.276528e-01 
  637.000  7.290133e-01 
  638.000  7.310888e-01 
  639.000  7.321686e-01 
  640.000  7.336947e-01 
  641.000  7.346454e-01 
  642.000  7.358110e-01 
  643.000  7.357959e-01 
  644.000  7.364936e-01 
  645.000  7.360892e-01 
  646.000  7.322405e-01 
  647.000  7.296797e-01 
  648.000  7.267177e-01 
  649.000  7.303205e-01 
  650.000  7.367084e-01 
  651.000  7.371668e-01 
  652.000  7.324118e-01 
  653.000  7.388615e-01 
  654.000  7.386569e-01 
  655.000  7.369309e-01 
  656.000  7.381469e-01 
  657.000  7.397549e-01 
  658.000  7.422361e-01 
  659.000  7.438166e-01 
  660.000  7.447907e-01 
  661.000  7.467545e-01 
  662.000  7.478669e-01 
  663.000  7.481837e-01 
  664.000  7.488822e-01 
  665.000  7.495478e-01 
  666.000  7.502918e-01 
  667.000  7.509565e-01 
  668.000  7.516870e-01 
  669.000  7.522759e-01 
  670.000  7.528234e-01 
  671.000  7.533866e-01 
  672.000  7.539137e-01 
  673.000  7.544344e-01 
  674.000  7.549515e-01 
  675.000  7.554682e-01 
  676.000  7.559573e-01 
  677.000  7.564060e-01 
  678.000  7.568548e-01 
  679.000  7.572545e-01 
  680.000  7.574454e-01 
  681.000  7.575572e-01 
  682.000  7.578803e-01 
  683.000  7.581216e-01 
  684.000  7.580398e-01 
  685.000  7.587576e-01 
  686.000  7.560469e-01 
  687.000  6.573133e-01 
  688.000  6.879852e-01 
  689.000  6.795249e-01 
  690.000  6.954546e-01 
  691.000  7.174447e-01 
  692.000  7.323785e-01 
  693.000  7.340372e-01 
  694.000  7.322562e-01 
  695.000  7.389218e-01 
  696.000  7.426331e-01 
  697.000  7.558084e-01 
  698.000  7.534299e-01 
  699.000  7.421312e-01 
  700.000  7.442126e-01 
  701.000  7.417851e-01 
  702.000  7.438216e-01 
  703.000  7.535791e-01 
  704.000  7.541314e-01 
  705.000  7.502961e-01 
  706.000  7.511868e-01 
  707.000  7.527222e-01 
  708.000  7.543688e-01 
  709.000  7.576122e-01 
  710.000  7.544050e-01 
  711.000  7.579221e-01 
  712.000  7.609286e-01 
  713.000  7.587394e-01 
  714.000  7.580938e-01 
  715.000  7.544806e-01 
  716.000  7.507628e-01 
  717.000  7.256958e-01 
  718.000  7.100887e-01 
  719.000  7.045248e-01 
  720.000  6.958078e-01 
  721.000  7.337669e-01 
  722.000  7.470276e-01 
  723.000  7.397172e-01 
  724.000  7.184787e-01 
  725.000  7.218060e-01 
  726.000  7.208515e-01 
  727.000  7.239565e-01 
  728.000  7.206791e-01 
  729.000  7.289529e-01 
  730.000  7.275463e-01 
  731.000  7.258346e-01 
  732.000  7.396796e-01 
  733.000  7.527512e-01 
  734.000  7.590090e-01 
  735.000  7.568640e-01 
  736.000  7.528061e-01 
  737.000  7.559489e-01 
  738.000  7.602401e-01 
  739.000  7.621057e-01 
  740.000  7.661796e-01 
  741.000  7.685467e-01 
  742.000  7.695668e-01 
  743.000  7.716969e-01 
  744.000  7.727143e-01 
  745.000  7.735105e-01 
  746.000  7.741289e-01 
  747.000  7.743551e-01 
  748.000  7.749968e-01 
  749.000  7.753537e-01 
  750.000  7.752808e-01 
  751.000  7.754673e-01 
  752.000  7.760367e-01 
  753.000  7.763191e-01 
  754.000  7.765589e-01 
  755.000  7.767434e-01 
  756.000  7.769326e-01 
  757.000  7.770657e-01 
  758.000  7.758299e-01 
  759.000  7.231951e-01 
  760.000  3.322309e-01 
  761.000  2.954138e-01 
  762.000  5.213729e-01 
  763.000  4.509363e-01 
  764.000  4.857914e-01 
  765.000  5.650277e-01 
  766.000  6.607938e-01 
  767.000  7.091720e-01 
  768.000  7.408298e-01 
  769.000  7.617316e-01 
  770.000  7.727985e-01 
  771.000  7.781737e-01 
  772.000  7.794881e-01 
  773.000  7.800898e-01 
  774.000  7.808450e-01 
  775.000  7.812648e-01 
  776.000  7.815586e-01 
  777.000  7.816781e-01 
  778.000  7.817200e-01 
  779.000  7.817456e-01 
  780.000  7.817659e-01 
  781.000  7.820213e-01 
  782.000  7.820348e-01 
  783.000  7.820553e-01 
  784.000  7.819225e-01 
  785.000  7.810419e-01 
  786.000  7.796788e-01 
  787.000  7.766833e-01 
  788.000  7.750949e-01 
  789.000  7.692866e-01 
  790.000  7.688251e-01 
  791.000  7.699707e-01 
  792.000  7.710264e-01 
  793.000  7.734390e-01 
  794.000  7.785103e-01 
  795.000  7.754698e-01 
  796.000  7.672752e-01 
  797.000  7.696689e-01 
  798.000  7.748983e-01 
  799.000  7.737462e-01 
  800.000  7.699965e-01 
  801.000  7.704813e-01 
  802.000  7.701309e-01 
  803.000  7.707158e-01 
  804.000  7.725220e-01 
  805.000  7.759537e-01 
  806.000  7.780080e-01 
  807.000  7.781289e-01 
  808.000  7.770144e-01 
  809.000  7.756387e-01 
  810.000  7.741325e-01 
  811.000  7.709966e-01 
  812.000  7.667626e-01 
  813.000  7.615499e-01 
  814.000  7.546319e-01 
  815.000  7.459885e-01 
  816.000  7.347165e-01 
  817.000  7.354184e-01 
  818.000  7.363782e-01 
  819.000  7.401087e-01 
  820.000  7.525223e-01 
  821.000  7.665870e-01 
  822.000  7.559478e-01 
  823.000  7.257416e-01 
  824.000  7.512755e-01 
  825.000  7.674406e-01 
  826.000  7.646752e-01 
  827.000  7.626668e-01 
  828.000  7.520466e-01 
  829.000  7.559212e-01 
  830.000  7.602324e-01 
  831.000  7.612491e-01 
  832.000  7.616771e-01 
  833.000  7.641534e-01 
  834.000  7.670559e-01 
  835.000  7.727917e-01 
  836.000  7.709624e-01 
  837.000  7.707756e-01 
  838.000  7.735837e-01 
  839.000  7.752889e-01 
  840.000  7.759244e-01 
  841.000  7.741132e-01 
  842.000  7.757787e-01 
  843.000  7.796980e-01 
  844.000  7.814800e-01 
  845.000  7.823232e-01 
  846.000  7.831233e-01 
  847.000  7.841187e-01 
  848.000  7.826376e-01 
  849.000  7.828038e-01 
  850.000  7.821134e-01 
  851.000  7.812114e-01 
  852.000  7.813277e-01 
  853.000  7.828813e-01 
  854.000  7.828191e-01 
  855.000  7.835541e-01 
  856.000  7.851473e-01 
  857.000  7.858623e-01 
  858.000  7.862206e-01 
  859.000  7.870144e-01 
  860.000  7.874433e-01 
  861.000  7.875298e-01 
  862.000  7.877694e-01 
  863.000  7.878233e-01 
  864.000  7.879958e-01 
  865.000  7.881415e-01 
  866.000  7.881991e-01 
  867.000  7.882016e-01 
  868.000  7.882456e-01 
  869.000  7.883111e-01 
  870.000  7.883056e-01 
  871.000  7.883686e-01 
  872.000  7.884874e-01 
  873.000  7.884172e-01 
  874.000  7.883902e-01 
  875.000  7.884023e-01 
  876.000  7.882616e-01 
  877.000  7.882018e-01 
  878.000  7.876964e-01 
  879.000  7.876837e-01 
  880.000  7.872763e-01 
  881.000  7.870753e-01 
  882.000  7.868568e-01 
  883.000  7.871165e-01 
  884.000  7.872338e-01 
  885.000  7.863719e-01 
  886.000  7.851660e-01 
  887.000  7.861291e-01 
  888.000  7.860941e-01 
  889.000  7.864253e-01 
  890.000  7.857137e-01 
  891.000  7.842677e-01 
  892.000  7.812544e-01 
  893.000  7.717375e-01 
  894.000  7.670173e-01 
  895.000  7.523320e-01 
  896.000  7.391053e-01 
  897.000  7.250646e-01 
  898.000  7.184638e-01 
  899.000  6.993847e-01 
  900.000  7.022336e-01 
  901.000  6.972185e-01 
  902.000  6.980718e-01 
  903.000  7.300866e-01 
  904.000  7.492525e-01 
  905.000  7.485207e-01 
  906.000  7.365638e-01 
  907.000  7.151685e-01 
  908.000  7.009016e-01 
  909.000  7.015638e-01 
  910.000  7.037545e-01 
  911.000  7.132728e-01 
  912.000  7.086826e-01 
  913.000  6.885300e-01 
  914.000  6.985330e-01 
  915.000  7.063325e-01 
  916.000  7.084175e-01 
  917.000  7.125998e-01 
  918.000  7.180009e-01 
  919.000  7.362955e-01 
  920.000  7.499189e-01 
  921.000  7.468911e-01 
  922.000  7.466338e-01 
  923.000  7.428362e-01 
  924.000  7.336618e-01 
  925.000  7.329906e-01 
  926.000  7.329983e-01 
  927.000  7.223989e-01 
  928.000  7.059149e-01 
  929.000  6.817253e-01 
  930.000  6.502376e-01 
  931.000  6.139839e-01 
  932.000  5.654576e-01 
  933.000  5.270348e-01 
  934.000  4.855566e-01 
  935.000  4.812508e-01 
  936.000  4.983037e-01 
  937.000  4.937721e-01 
  938.000  5.391160e-01 
  939.000  6.493233e-01 
  940.000  6.646911e-01 
  941.000  6.511195e-01 
  942.000  6.174878e-01 
  943.000  5.592831e-01 
  944.000  5.552487e-01 
  945.000  5.768247e-01 
  946.000  5.778424e-01 
  947.000  5.962546e-01 
  948.000  6.069421e-01 
  949.000  6.053379e-01 
  950.000  6.080082e-01 
  951.000  6.316932e-01 
  952.000  6.059843e-01 
  953.000  6.236801e-01 
  954.000  6.423154e-01 
  955.000  6.267866e-01 
  956.000  6.229291e-01 
  957.000  6.698438e-01 
  958.000  6.755726e-01 
  959.000  6.677170e-01 
  960.000  6.653351e-01 
  961.000  6.613544e-01 
  962.000  6.647695e-01 
  963.000  6.898245e-01 
  964.000  6.933031e-01 
  965.000  6.908274e-01 
  966.000  6.920671e-01 
  967.000  7.095463e-01 
  968.000  7.382005e-01 
  969.000  7.508925e-01 
  970.000  7.515360e-01 
  971.000  7.512290e-01 
  972.000  7.476400e-01 
  973.000  7.392799e-01 
  974.000  7.289930e-01 
  975.000  7.223313e-01 
  976.000  7.304782e-01 
  977.000  7.438039e-01 
  978.000  7.426885e-01 
  979.000  7.460729e-01 
  980.000  7.594646e-01 
  981.000  7.623900e-01 
  982.000  7.593831e-01 
  983.000  7.661862e-01 
  984.000  7.731601e-01 
  985.000  7.771009e-01 
  986.000  7.821726e-01 
  987.000  7.843559e-01 
  988.000  7.848499e-01 
  989.000  7.851668e-01 
  990.000  7.857020e-01 
  991.000  7.875022e-01 
  992.000  7.880490e-01 
  993.000  7.882566e-01 
  994.000  7.899587e-01 
  995.000  7.911262e-01 
  996.000  7.911240e-01 
  997.000  7.904058e-01 
  998.000  7.895347e-01 
  999.000  7.892569e-01 
 1000.000  7.894961e-01 
 1001.000  7.877943e-01 
 1002.000  7.849169e-01 
 1003.000  7.856123e-01 
 1004.000  7.872821e-01 
 1005.000  7.879670e-01 
 1006.000  7.882062e-01 
 1007.000  7.877425e-01 
 1008.000  7.853945e-01 
 1009.000  7.822427e-01 
 1010.000  7.836516e-01 
 1011.000  7.869965e-01 
 1012.000  7.881893e-01 
 1013.000  7.891973e-01 
 1014.000  7.895845e-01 
 1015.000  7.896593e-01 
 1016.000  7.901176e-01 
 1017.000  7.903855e-01 
 1018.000  7.898023e-01 
 1019.000  7.886567e-01 
 1020.000  7.890654e-01 
 1021.000  7.898809e-01 
 1022.000  7.884766e-01 
 1023.000  7.873630e-01 
 1024.000  7.866450e-01 
 1025.000  7.887217e-01 
 1026.000  7.896367e-01 
 1027.000  7.892428e-01 
 1028.000  7.895230e-01 
 1029.000  7.904724e-01 
 1030.000  7.913130e-01 
 1031.000  7.917320e-01 
 1032.000  7.920229e-01 
 1033.000  7.920934e-01 
 1034.000  7.922843e-01 
 1035.000  7.923266e-01 
 1036.000  7.921503e-01 
 1037.000  7.920707e-01 
 1038.000  7.921221e-01 
 1039.000  7.919686e-01 
 1040.000  7.918099e-01 
 1041.000  7.916816e-01 
 1042.000  7.916271e-01 
 1043.000  7.915838e-01 
 1044.000  7.914453e-01 
 1045.000  7.911302e-01 
 1046.000  7.908992e-01 
 1047.000  7.906061e-01 
 1048.000  7.901291e-01 
 1049.000  7.895886e-01 
 1050.000  7.892231e-01 
 1051.000  7.888091e-01 
 1052.000  7.884440e-01 
 1053.000  7.882839e-01 
 1054.000  7.877945e-01 
 1055.000  7.873087e-01 
 1056.000  7.868118e-01 
 1057.000  7.858312e-01 
 1058.000  7.842031e-01 
 1059.000  7.840813e-01 
 1060.000  7.846439e-01 
 1061.000  7.843440e-01 
 1062.000  7.832592e-01 
 1063.000  7.826222e-01 
 1064.000  7.816018e-01 
 1065.000  7.806450e-01 
 1066.000  7.807137e-01 
 1067.000  7.801104e-01 
 1068.000  7.784120e-01 
 1069.000  7.781584e-01 
 1070.000  7.788269e-01 
 1071.000  7.780126e-01 
 1072.000  7.770534e-01 
 1073.000  7.770694e-01 
 1074.000  7.774802e-01 
 1075.000  7.794755e-01 
 1076.000  7.785814e-01 
 1077.000  7.772899e-01 
 1078.000  7.757239e-01 
 1079.000  7.756751e-01 
 1080.000  7.711218e-01 
 1081.000  7.709890e-01 
 1082.000  7.731833e-01 
 1083.000  7.708329e-01 
 1084.000  7.682130e-01 
 1085.000  7.617605e-01 
 1086.000  7.634069e-01 
 1087.000  7.707102e-01 
 1088.000  7.710700e-01 
 1089.000  7.624035e-01 
 1090.000  7.608464e-01 
 1091.000  7.626120e-01 
 1092.000  7.583586e-01 
 1093.000  7.486243e-01 
 1094.000  7.443839e-01 
 1095.000  7.451529e-01 
 1096.000  7.458860e-01 
 1097.000  7.440355e-01 
 1098.000  7.198476e-01 
 1099.000  6.988795e-01 
 1100.000  7.003832e-01 
 1101.000  7.033845e-01 
 1102.000  7.020994e-01 
 1103.000  7.041422e-01 
 1104.000  7.007065e-01 
 1105.000  6.918925e-01 
 1106.000  6.828136e-01 
 1107.000  6.852727e-01 
 1108.000  6.871973e-01 
 1109.000  6.952980e-01 
 1110.000  6.948050e-01 
 1111.000  6.907597e-01 
 1112.000  6.719001e-01 
 1113.000  6.459335e-01 
 1114.000  6.396200e-01 
 1115.000  6.069281e-01 
 1116.000  5.860854e-01 
 1117.000  5.352190e-01 
 1118.000  4.872481e-01 
 1119.000  4.615665e-01 
 1120.000  4.278865e-01 
 1121.000  4.204376e-01 
 1122.000  3.829052e-01 
 1123.000  4.044019e-01 
 1124.000  4.185411e-01 
 1125.000  4.113577e-01 
 1126.000  4.083260e-01 
 1127.000  4.111591e-01 
 1128.000  4.166992e-01 
 1129.000  4.523050e-01 
 1130.000  5.319445e-01 
 1131.000  5.539498e-01 
 1132.000  5.240351e-01 
 1133.000  4.663268e-01 
 1134.000  3.533338e-01 
 1135.000  3.622390e-01 
 1136.000  4.740649e-01 
 1137.000  5.301863e-01 
 1138.000  5.812805e-01 
 1139.000  5.952231e-01 
 1140.000  5.856711e-01 
 1141.000  5.655106e-01 
 1142.000  5.586180e-01 
 1143.000  5.366274e-01 
 1144.000  5.110878e-01 
 1145.000  4.731937e-01 
 1146.000  4.822165e-01 
 1147.000  5.116333e-01 
 1148.000  5.370853e-01 
 1149.000  5.469307e-01 
 1150.000  5.467278e-01 
