  320.000  8.640296e-02 
  321.000  1.140343e-01 
  322.000  1.029418e-01 
  323.000  1.170507e-01 
  324.000  1.316794e-01 
  325.000  1.207354e-01 
  326.000  1.388338e-01 
  327.000  1.440074e-01 
  328.000  1.329000e-01 
  329.000  1.544352e-01 
  330.000  1.579296e-01 
  331.000  1.510365e-01 
  332.000  1.644219e-01 
  333.000  1.683836e-01 
  334.000  1.651289e-01 
  335.000  1.751531e-01 
  336.000  1.792592e-01 
  337.000  1.775255e-01 
  338.000  1.823574e-01 
  339.000  1.873816e-01 
  340.000  1.865534e-01 
  341.000  1.914619e-01 
  342.000  1.950737e-01 
  343.000  1.968948e-01 
  344.000  1.972674e-01 
  345.000  2.022071e-01 
  346.000  2.053431e-01 
  347.000  2.079096e-01 
  348.000  2.103212e-01 
  349.000  2.130390e-01 
  350.000  2.153694e-01 
  351.000  2.176971e-01 
  352.000  2.196115e-01 
  353.000  2.223412e-01 
  354.000  2.246720e-01 
  355.000  2.268466e-01 
  356.000  2.289707e-01 
  357.000  2.308654e-01 
  358.000  2.329084e-01 
  359.000  2.349541e-01 
  360.000  2.370537e-01 
  361.000  2.397130e-01 
  362.000  2.424899e-01 
  363.000  2.450545e-01 
  364.000  2.474206e-01 
  365.000  2.496451e-01 
  366.000  2.519249e-01 
  367.000  2.541002e-01 
  368.000  2.562604e-01 
  369.000  2.584063e-01 
  370.000  2.605343e-01 
  371.000  2.626499e-01 
  372.000  2.647522e-01 
  373.000  2.668406e-01 
  374.000  2.688993e-01 
  375.000  2.709220e-01 
  376.000  2.728795e-01 
  377.000  2.747326e-01 
  378.000  2.764566e-01 
  379.000  2.782109e-01 
  380.000  2.801434e-01 
  381.000  2.823471e-01 
  382.000  2.846350e-01 
  383.000  2.868026e-01 
  384.000  2.888623e-01 
  385.000  2.908500e-01 
  386.000  2.927898e-01 
  387.000  2.947011e-01 
  388.000  2.965908e-01 
  389.000  2.984675e-01 
  390.000  3.003317e-01 
  391.000  3.021794e-01 
  392.000  3.040157e-01 
  393.000  3.058393e-01 
  394.000  3.076483e-01 
  395.000  3.094411e-01 
  396.000  3.112245e-01 
  397.000  3.129894e-01 
  398.000  3.147401e-01 
  399.000  3.164780e-01 
  400.000  3.181939e-01 
  401.000  3.199051e-01 
  402.000  3.216045e-01 
  403.000  3.232912e-01 
  404.000  3.249647e-01 
  405.000  3.266217e-01 
  406.000  3.282694e-01 
  407.000  3.299058e-01 
  408.000  3.315297e-01 
  409.000  3.331393e-01 
  410.000  3.347351e-01 
  411.000  3.363168e-01 
  412.000  3.378830e-01 
  413.000  3.394417e-01 
  414.000  3.408898e-01 
  415.000  3.424580e-01 
  416.000  3.440076e-01 
  417.000  3.455329e-01 
  418.000  3.470245e-01 
  419.000  3.485008e-01 
  420.000  3.499652e-01 
  421.000  3.514221e-01 
  422.000  3.528711e-01 
  423.000  3.543107e-01 
  424.000  3.557344e-01 
  425.000  3.571267e-01 
  426.000  3.585064e-01 
  427.000  3.598752e-01 
  428.000  3.612206e-01 
  429.000  3.625483e-01 
  430.000  3.638615e-01 
  431.000  3.651659e-01 
  432.000  3.664576e-01 
  433.000  3.677380e-01 
  434.000  3.690085e-01 
  435.000  3.702675e-01 
  436.000  3.715133e-01 
  437.000  3.727464e-01 
  438.000  3.739662e-01 
  439.000  3.751776e-01 
  440.000  3.763701e-01 
  441.000  3.775483e-01 
  442.000  3.787087e-01 
  443.000  3.798522e-01 
  444.000  3.809784e-01 
  445.000  3.820811e-01 
  446.000  3.831538e-01 
  447.000  3.842795e-01 
  448.000  3.854872e-01 
  449.000  3.867104e-01 
  450.000  3.879108e-01 
  451.000  3.890650e-01 
  452.000  3.901795e-01 
  453.000  3.912718e-01 
  454.000  3.923450e-01 
  455.000  3.933564e-01 
  456.000  3.942867e-01 
  457.000  3.952177e-01 
  458.000  3.961366e-01 
  459.000  3.970364e-01 
  460.000  3.979295e-01 
  461.000  3.988135e-01 
  462.000  3.996811e-01 
  463.000  4.005453e-01 
  464.000  4.016710e-01 
  465.000  4.027804e-01 
  466.000  4.038708e-01 
  467.000  4.049366e-01 
  468.000  4.058052e-01 
  469.000  4.065535e-01 
  470.000  4.072420e-01 
  471.000  4.078619e-01 
  472.000  4.083885e-01 
  473.000  4.087576e-01 
  474.000  4.090608e-01 
  475.000  4.091387e-01 
  476.000  4.089886e-01 
  477.000  4.089855e-01 
  478.000  4.098629e-01 
  479.000  4.111993e-01 
  480.000  4.126427e-01 
  481.000  4.139384e-01 
  482.000  4.151544e-01 
  483.000  4.162121e-01 
  484.000  4.171216e-01 
  485.000  4.179353e-01 
  486.000  4.188034e-01 
  487.000  4.197176e-01 
  488.000  4.206029e-01 
  489.000  4.214723e-01 
  490.000  4.223317e-01 
  491.000  4.230049e-01 
  492.000  4.236205e-01 
  493.000  4.242332e-01 
  494.000  4.248287e-01 
  495.000  4.254244e-01 
  496.000  4.257314e-01 
  497.000  4.260268e-01 
  498.000  4.263179e-01 
  499.000  4.265934e-01 
  500.000  4.268645e-01 
  501.000  4.271055e-01 
  502.000  4.273466e-01 
  503.000  4.275847e-01 
  504.000  4.278119e-01 
  505.000  4.280266e-01 
  506.000  4.286559e-01 
  507.000  4.293036e-01 
  508.000  4.299504e-01 
  509.000  4.305900e-01 
  510.000  4.312162e-01 
  511.000  4.317777e-01 
  512.000  4.323201e-01 
  513.000  4.328595e-01 
  514.000  4.333923e-01 
  515.000  4.339205e-01 
  516.000  4.342979e-01 
  517.000  4.345399e-01 
  518.000  4.347753e-01 
  519.000  4.350062e-01 
  520.000  4.352349e-01 
  521.000  4.354399e-01 
  522.000  4.355876e-01 
  523.000  4.356942e-01 
  524.000  4.358043e-01 
  525.000  4.358912e-01 
  526.000  4.360130e-01 
  527.000  4.360326e-01 
  528.000  4.360107e-01 
  529.000  4.359878e-01 
  530.000  4.359699e-01 
  531.000  4.359553e-01 
  532.000  4.359882e-01 
  533.000  4.362851e-01 
  534.000  4.366603e-01 
  535.000  4.370837e-01 
  536.000  4.374931e-01 
  537.000  4.378677e-01 
  538.000  4.382027e-01 
  539.000  4.385132e-01 
  540.000  4.388045e-01 
  541.000  4.390872e-01 
  542.000  4.393577e-01 
  543.000  4.396186e-01 
  544.000  4.398159e-01 
  545.000  4.399613e-01 
  546.000  4.401000e-01 
  547.000  4.402426e-01 
  548.000  4.403781e-01 
  549.000  4.405114e-01 
  550.000  4.405761e-01 
  551.000  4.405727e-01 
  552.000  4.405719e-01 
  553.000  4.405571e-01 
  554.000  4.405358e-01 
  555.000  4.405107e-01 
  556.000  4.404599e-01 
  557.000  4.403644e-01 
  558.000  4.402612e-01 
  559.000  4.401461e-01 
  560.000  4.400023e-01 
  561.000  4.398324e-01 
  562.000  4.396426e-01 
  563.000  4.394463e-01 
  564.000  4.392104e-01 
  565.000  4.389066e-01 
  566.000  4.385462e-01 
  567.000  4.381423e-01 
  568.000  4.376431e-01 
  569.000  4.371917e-01 
  570.000  4.367325e-01 
  571.000  4.362095e-01 
  572.000  4.356882e-01 
  573.000  4.351597e-01 
  574.000  4.347528e-01 
  575.000  4.345117e-01 
  576.000  4.346597e-01 
  577.000  4.349662e-01 
  578.000  4.354952e-01 
  579.000  4.365079e-01 
  580.000  4.381043e-01 
  581.000  4.399199e-01 
  582.000  4.414515e-01 
  583.000  4.427784e-01 
  584.000  4.439064e-01 
  585.000  4.449111e-01 
  586.000  4.457946e-01 
  587.000  4.465981e-01 
  588.000  4.473316e-01 
  589.000  4.478197e-01 
  590.000  4.482125e-01 
  591.000  4.485802e-01 
  592.000  4.489196e-01 
  593.000  4.492342e-01 
  594.000  4.495326e-01 
  595.000  4.498164e-01 
  596.000  4.496331e-01 
  597.000  4.493004e-01 
  598.000  4.489659e-01 
  599.000  4.486309e-01 
  600.000  4.482838e-01 
  601.000  4.479378e-01 
  602.000  4.475942e-01 
  603.000  4.477995e-01 
  604.000  4.483921e-01 
  605.000  4.489784e-01 
  606.000  4.495345e-01 
  607.000  4.500760e-01 
  608.000  4.506443e-01 
  609.000  4.511917e-01 
  610.000  4.517656e-01 
  611.000  4.524040e-01 
  612.000  4.530294e-01 
  613.000  4.536357e-01 
  614.000  4.542243e-01 
  615.000  4.548114e-01 
  616.000  4.553772e-01 
  617.000  4.559118e-01 
  618.000  4.563600e-01 
  619.000  4.567394e-01 
  620.000  4.570906e-01 
  621.000  4.573924e-01 
  622.000  4.576447e-01 
  623.000  4.578135e-01 
  624.000  4.579938e-01 
  625.000  4.581458e-01 
  626.000  4.583092e-01 
  627.000  4.576960e-01 
  628.000  4.401751e-01 
  629.000  4.523686e-01 
  630.000  4.525122e-01 
  631.000  4.557304e-01 
  632.000  4.585848e-01 
  633.000  4.606966e-01 
  634.000  4.626801e-01 
  635.000  4.643227e-01 
  636.000  4.657050e-01 
  637.000  4.670127e-01 
  638.000  4.682160e-01 
  639.000  4.693775e-01 
  640.000  4.704915e-01 
  641.000  4.715826e-01 
  642.000  4.724529e-01 
  643.000  4.732599e-01 
  644.000  4.740231e-01 
  645.000  4.747507e-01 
  646.000  4.754547e-01 
  647.000  4.761288e-01 
  648.000  4.767802e-01 
  649.000  4.774150e-01 
  650.000  4.779917e-01 
  651.000  4.785328e-01 
  652.000  4.790705e-01 
  653.000  4.796036e-01 
  654.000  4.801334e-01 
  655.000  4.806609e-01 
  656.000  4.811851e-01 
  657.000  4.816701e-01 
  658.000  4.821763e-01 
  659.000  4.826907e-01 
  660.000  4.832142e-01 
  661.000  4.837377e-01 
  662.000  4.842617e-01 
  663.000  4.847686e-01 
  664.000  4.852736e-01 
  665.000  4.857767e-01 
  666.000  4.862779e-01 
  667.000  4.867830e-01 
  668.000  4.872979e-01 
  669.000  4.878109e-01 
  670.000  4.883221e-01 
  671.000  4.888314e-01 
  672.000  4.893389e-01 
  673.000  4.898445e-01 
  674.000  4.903484e-01 
  675.000  4.908504e-01 
  676.000  4.913318e-01 
  677.000  4.917722e-01 
  678.000  4.922109e-01 
  679.000  4.926479e-01 
  680.000  4.930832e-01 
  681.000  4.935168e-01 
  682.000  4.939488e-01 
  683.000  4.943790e-01 
  684.000  4.948077e-01 
  685.000  4.952213e-01 
  686.000  4.930766e-01 
  687.000  4.135189e-01 
  688.000  4.376415e-01 
  689.000  4.314216e-01 
  690.000  4.439816e-01 
  691.000  4.628816e-01 
  692.000  4.778731e-01 
  693.000  4.878591e-01 
  694.000  4.940535e-01 
  695.000  4.968175e-01 
  696.000  4.981886e-01 
  697.000  4.991807e-01 
  698.000  4.997110e-01 
  699.000  5.000752e-01 
  700.000  5.003890e-01 
  701.000  5.006863e-01 
  702.000  5.009823e-01 
  703.000  5.012770e-01 
  704.000  5.015704e-01 
  705.000  5.018227e-01 
  706.000  5.020621e-01 
  707.000  5.023003e-01 
  708.000  5.025374e-01 
  709.000  5.027732e-01 
  710.000  5.030079e-01 
  711.000  5.032415e-01 
  712.000  5.034739e-01 
  713.000  5.037051e-01 
  714.000  5.039352e-01 
  715.000  5.041977e-01 
  716.000  5.044726e-01 
  717.000  5.047462e-01 
  718.000  5.050186e-01 
  719.000  5.052899e-01 
  720.000  5.055599e-01 
  721.000  5.058287e-01 
  722.000  5.060965e-01 
  723.000  5.063630e-01 
  724.000  5.066285e-01 
  725.000  5.068627e-01 
  726.000  5.070431e-01 
  727.000  5.072226e-01 
  728.000  5.074011e-01 
  729.000  5.075787e-01 
  730.000  5.077552e-01 
  731.000  5.079309e-01 
  732.000  5.081056e-01 
  733.000  5.082793e-01 
  734.000  5.084522e-01 
  735.000  5.086241e-01 
  736.000  5.087656e-01 
  737.000  5.088940e-01 
  738.000  5.090215e-01 
  739.000  5.091482e-01 
  740.000  5.092742e-01 
  741.000  5.093994e-01 
  742.000  5.095237e-01 
  743.000  5.096473e-01 
  744.000  5.097701e-01 
  745.000  5.098921e-01 
  746.000  5.100134e-01 
  747.000  5.101850e-01 
  748.000  5.103744e-01 
  749.000  5.105630e-01 
  750.000  5.107507e-01 
  751.000  5.109375e-01 
  752.000  5.111234e-01 
  753.000  5.113085e-01 
  754.000  5.114927e-01 
  755.000  5.116761e-01 
  756.000  5.118586e-01 
  757.000  5.119897e-01 
  758.000  5.108649e-01 
  759.000  4.679528e-01 
  760.000  1.764733e-01 
  761.000  1.523173e-01 
  762.000  3.105373e-01 
  763.000  2.588853e-01 
  764.000  2.842371e-01 
  765.000  3.435386e-01 
  766.000  4.180779e-01 
  767.000  4.568318e-01 
  768.000  4.825746e-01 
  769.000  4.997362e-01 
  770.000  5.091104e-01 
  771.000  5.134327e-01 
  772.000  5.145415e-01 
  773.000  5.150506e-01 
  774.000  5.157766e-01 
  775.000  5.161867e-01 
  776.000  5.164617e-01 
  777.000  5.166271e-01 
  778.000  5.167513e-01 
  779.000  5.168513e-01 
  780.000  5.169423e-01 
  781.000  5.170327e-01 
  782.000  5.171226e-01 
  783.000  5.172119e-01 
  784.000  5.173007e-01 
  785.000  5.173888e-01 
  786.000  5.174765e-01 
  787.000  5.175636e-01 
  788.000  5.176501e-01 
  789.000  5.177361e-01 
  790.000  5.178216e-01 
  791.000  5.179065e-01 
  792.000  5.179909e-01 
  793.000  5.180748e-01 
  794.000  5.181582e-01 
  795.000  5.182410e-01 
  796.000  5.183234e-01 
  797.000  5.184052e-01 
  798.000  5.184866e-01 
  799.000  5.185674e-01 
  800.000  5.186477e-01 
  801.000  5.187275e-01 
  802.000  5.188069e-01 
  803.000  5.188857e-01 
  804.000  5.189641e-01 
  805.000  5.190420e-01 
  806.000  5.191194e-01 
  807.000  5.191963e-01 
  808.000  5.192728e-01 
  809.000  5.193488e-01 
  810.000  5.194244e-01 
  811.000  5.194995e-01 
  812.000  5.195741e-01 
  813.000  5.196483e-01 
  814.000  5.197220e-01 
  815.000  5.197953e-01 
  816.000  5.198681e-01 
  817.000  5.199406e-01 
  818.000  5.200125e-01 
  819.000  5.200840e-01 
  820.000  5.201551e-01 
  821.000  5.202258e-01 
  822.000  5.202960e-01 
  823.000  5.203659e-01 
  824.000  5.204353e-01 
  825.000  5.205043e-01 
  826.000  5.205729e-01 
  827.000  5.206410e-01 
  828.000  5.207088e-01 
  829.000  5.207762e-01 
  830.000  5.208431e-01 
  831.000  5.209097e-01 
  832.000  5.209759e-01 
  833.000  5.210416e-01 
  834.000  5.211071e-01 
  835.000  5.211720e-01 
  836.000  5.212367e-01 
  837.000  5.213009e-01 
  838.000  5.213647e-01 
  839.000  5.214282e-01 
  840.000  5.214913e-01 
  841.000  5.215541e-01 
  842.000  5.216165e-01 
  843.000  5.216784e-01 
  844.000  5.217401e-01 
  845.000  5.218014e-01 
  846.000  5.218623e-01 
  847.000  5.219229e-01 
  848.000  5.219831e-01 
  849.000  5.220429e-01 
  850.000  5.221025e-01 
  851.000  5.221616e-01 
  852.000  5.222204e-01 
  853.000  5.222790e-01 
  854.000  5.223371e-01 
  855.000  5.223949e-01 
  856.000  5.224524e-01 
  857.000  5.225095e-01 
  858.000  5.225663e-01 
  859.000  5.226228e-01 
  860.000  5.226790e-01 
  861.000  5.227348e-01 
  862.000  5.227903e-01 
  863.000  5.228455e-01 
  864.000  5.229004e-01 
  865.000  5.229550e-01 
  866.000  5.230092e-01 
  867.000  5.230632e-01 
  868.000  5.231168e-01 
  869.000  5.231702e-01 
  870.000  5.232232e-01 
  871.000  5.232759e-01 
  872.000  5.233284e-01 
  873.000  5.233805e-01 
  874.000  5.234323e-01 
  875.000  5.234839e-01 
  876.000  5.235351e-01 
  877.000  5.235861e-01 
  878.000  5.236368e-01 
  879.000  5.236871e-01 
  880.000  5.237373e-01 
  881.000  5.237871e-01 
  882.000  5.238366e-01 
  883.000  5.238859e-01 
  884.000  5.239349e-01 
  885.000  5.239836e-01 
  886.000  5.240321e-01 
  887.000  5.240802e-01 
  888.000  5.241281e-01 
  889.000  5.241758e-01 
  890.000  5.242231e-01 
  891.000  5.242702e-01 
  892.000  5.243171e-01 
  893.000  5.243636e-01 
  894.000  5.244100e-01 
  895.000  5.244561e-01 
  896.000  5.245019e-01 
  897.000  5.245475e-01 
  898.000  5.245928e-01 
  899.000  5.246378e-01 
  900.000  5.246826e-01 
  901.000  5.247272e-01 
  902.000  5.247715e-01 
  903.000  5.248156e-01 
  904.000  5.248594e-01 
  905.000  5.249030e-01 
  906.000  5.249464e-01 
  907.000  5.249895e-01 
  908.000  5.250324e-01 
  909.000  5.250750e-01 
  910.000  5.251175e-01 
  911.000  5.251597e-01 
  912.000  5.252016e-01 
  913.000  5.252433e-01 
  914.000  5.252848e-01 
  915.000  5.253261e-01 
  916.000  5.253671e-01 
  917.000  5.254080e-01 
  918.000  5.254486e-01 
  919.000  5.254890e-01 
  920.000  5.255291e-01 
  921.000  5.255691e-01 
  922.000  5.256088e-01 
  923.000  5.256484e-01 
  924.000  5.256877e-01 
  925.000  5.257268e-01 
  926.000  5.257657e-01 
  927.000  5.258044e-01 
  928.000  5.258428e-01 
  929.000  5.258811e-01 
  930.000  5.259192e-01 
  931.000  5.259570e-01 
  932.000  5.259947e-01 
  933.000  5.260322e-01 
  934.000  5.260695e-01 
  935.000  5.261065e-01 
  936.000  5.261434e-01 
  937.000  5.261801e-01 
  938.000  5.262166e-01 
  939.000  5.262529e-01 
  940.000  5.262889e-01 
  941.000  5.263249e-01 
  942.000  5.263606e-01 
  943.000  5.263961e-01 
  944.000  5.264314e-01 
  945.000  5.264665e-01 
  946.000  5.265015e-01 
  947.000  5.265363e-01 
  948.000  5.265709e-01 
  949.000  5.266054e-01 
  950.000  5.266396e-01 
  951.000  5.266737e-01 
  952.000  5.267075e-01 
  953.000  5.267413e-01 
  954.000  5.267748e-01 
  955.000  5.268081e-01 
  956.000  5.268413e-01 
  957.000  5.268744e-01 
  958.000  5.269072e-01 
  959.000  5.269399e-01 
  960.000  5.269724e-01 
  961.000  5.270047e-01 
  962.000  5.270368e-01 
  963.000  5.270689e-01 
  964.000  5.271007e-01 
  965.000  5.271324e-01 
  966.000  5.271639e-01 
  967.000  5.271952e-01 
  968.000  5.272264e-01 
  969.000  5.272574e-01 
  970.000  5.272883e-01 
  971.000  5.273190e-01 
  972.000  5.273495e-01 
  973.000  5.273799e-01 
  974.000  5.274102e-01 
  975.000  5.274402e-01 
  976.000  5.274702e-01 
  977.000  5.275000e-01 
  978.000  5.275296e-01 
  979.000  5.275591e-01 
  980.000  5.275884e-01 
  981.000  5.276176e-01 
  982.000  5.276466e-01 
  983.000  5.276755e-01 
  984.000  5.277042e-01 
  985.000  5.277328e-01 
  986.000  5.277613e-01 
  987.000  5.277896e-01 
  988.000  5.278178e-01 
  989.000  5.278458e-01 
  990.000  5.278736e-01 
  991.000  5.279014e-01 
  992.000  5.279290e-01 
  993.000  5.279565e-01 
  994.000  5.279838e-01 
  995.000  5.280110e-01 
  996.000  5.280380e-01 
  997.000  5.280650e-01 
  998.000  5.280917e-01 
  999.000  5.281184e-01 
 1000.000  5.281449e-01 
 1001.000  5.281713e-01 
 1002.000  5.281975e-01 
 1003.000  5.282236e-01 
 1004.000  5.282497e-01 
 1005.000  5.282755e-01 
 1006.000  5.282581e-01 
 1007.000  5.282804e-01 
 1008.000  5.282978e-01 
 1009.000  5.283056e-01 
 1010.000  5.283181e-01 
 1011.000  5.283205e-01 
 1012.000  5.283289e-01 
 1013.000  5.283225e-01 
 1014.000  5.283232e-01 
 1015.000  5.283130e-01 
 1016.000  5.283091e-01 
 1017.000  5.283114e-01 
 1018.000  5.283006e-01 
 1019.000  5.282997e-01 
 1020.000  5.282888e-01 
 1021.000  5.282826e-01 
 1022.000  5.282559e-01 
 1023.000  5.282274e-01 
 1024.000  5.281956e-01 
 1025.000  5.281749e-01 
 1026.000  5.281319e-01 
 1027.000  5.281002e-01 
 1028.000  5.280431e-01 
 1029.000  5.279991e-01 
 1030.000  5.279432e-01 
 1031.000  5.278856e-01 
 1032.000  5.278072e-01 
 1033.000  5.277314e-01 
 1034.000  5.276387e-01 
 1035.000  5.274874e-01 
 1036.000  5.272202e-01 
 1037.000  5.269971e-01 
 1038.000  5.269699e-01 
 1039.000  5.268999e-01 
 1040.000  5.267817e-01 
 1041.000  5.266811e-01 
 1042.000  5.266112e-01 
 1043.000  5.265197e-01 
 1044.000  5.263753e-01 
 1045.000  5.261909e-01 
 1046.000  5.260237e-01 
 1047.000  5.257825e-01 
 1048.000  5.252346e-01 
 1049.000  5.245421e-01 
 1050.000  5.242706e-01 
 1051.000  5.241640e-01 
 1052.000  5.238704e-01 
 1053.000  5.235763e-01 
 1054.000  5.233024e-01 
 1055.000  5.230071e-01 
 1056.000  5.225653e-01 
 1057.000  5.221191e-01 
 1058.000  5.216177e-01 
 1059.000  5.211868e-01 
 1060.000  5.207927e-01 
 1061.000  5.205090e-01 
 1062.000  5.200401e-01 
 1063.000  5.193602e-01 
 1064.000  5.188890e-01 
 1065.000  5.188255e-01 
 1066.000  5.187731e-01 
 1067.000  5.186826e-01 
 1068.000  5.189242e-01 
 1069.000  5.200238e-01 
 1070.000  5.208863e-01 
 1071.000  5.217018e-01 
 1072.000  5.222432e-01 
 1073.000  5.228081e-01 
 1074.000  5.233542e-01 
 1075.000  5.238842e-01 
 1076.000  5.243689e-01 
 1077.000  5.248035e-01 
 1078.000  5.252146e-01 
 1079.000  5.256115e-01 
 1080.000  5.259256e-01 
 1081.000  5.262290e-01 
 1082.000  5.265017e-01 
 1083.000  5.267940e-01 
 1084.000  5.270347e-01 
 1085.000  5.272587e-01 
 1086.000  5.274771e-01 
 1087.000  5.276687e-01 
 1088.000  5.278603e-01 
 1089.000  5.280284e-01 
 1090.000  5.282044e-01 
 1091.000  5.283635e-01 
 1092.000  5.285584e-01 
 1093.000  5.286716e-01 
 1094.000  5.287836e-01 
 1095.000  5.288867e-01 
 1096.000  5.289672e-01 
 1097.000  5.291045e-01 
 1098.000  5.292020e-01 
 1099.000  5.293302e-01 
 1100.000  5.294194e-01 
 1101.000  5.294872e-01 
 1102.000  5.296118e-01 
 1103.000  5.296453e-01 
 1104.000  5.296614e-01 
 1105.000  5.297386e-01 
 1106.000  5.298111e-01 
 1107.000  5.298867e-01 
 1108.000  5.299684e-01 
 1109.000  5.300114e-01 
 1110.000  5.300762e-01 
 1111.000  5.301421e-01 
 1112.000  5.302014e-01 
 1113.000  5.301958e-01 
 1114.000  5.302272e-01 
 1115.000  5.302511e-01 
 1116.000  5.302941e-01 
 1117.000  5.302836e-01 
 1118.000  5.303597e-01 
 1119.000  5.303673e-01 
 1120.000  5.304388e-01 
 1121.000  5.304815e-01 
 1122.000  5.304974e-01 
 1123.000  5.304846e-01 
 1124.000  5.305141e-01 
 1125.000  5.305536e-01 
 1126.000  5.305520e-01 
 1127.000  5.306213e-01 
 1128.000  5.305945e-01 
 1129.000  5.306475e-01 
 1130.000  5.306783e-01 
 1131.000  5.306957e-01 
 1132.000  5.307129e-01 
 1133.000  5.307461e-01 
 1134.000  5.307560e-01 
 1135.000  5.307744e-01 
 1136.000  5.307884e-01 
 1137.000  5.307928e-01 
 1138.000  5.308069e-01 
 1139.000  5.308209e-01 
 1140.000  5.308349e-01 
 1141.000  5.308487e-01 
 1142.000  5.308625e-01 
 1143.000  5.308763e-01 
 1144.000  5.308900e-01 
 1145.000  5.309036e-01 
 1146.000  5.309172e-01 
 1147.000  5.309307e-01 
 1148.000  5.309442e-01 
 1149.000  5.309575e-01 
 1150.000  5.309709e-01 
