  320.000  2.204513e-01 
  321.000  2.669581e-01 
  322.000  2.487620e-01 
  323.000  2.718096e-01 
  324.000  2.948126e-01 
  325.000  2.776837e-01 
  326.000  3.057712e-01 
  327.000  3.135869e-01 
  328.000  2.966949e-01 
  329.000  3.290808e-01 
  330.000  3.341995e-01 
  331.000  3.240675e-01 
  332.000  3.436176e-01 
  333.000  3.493079e-01 
  334.000  3.446361e-01 
  335.000  3.589360e-01 
  336.000  3.647197e-01 
  337.000  3.622828e-01 
  338.000  3.690567e-01 
  339.000  3.760414e-01 
  340.000  3.748940e-01 
  341.000  3.816712e-01 
  342.000  3.866236e-01 
  343.000  3.891098e-01 
  344.000  3.896177e-01 
  345.000  3.963220e-01 
  346.000  4.005520e-01 
  347.000  4.039989e-01 
  348.000  4.072259e-01 
  349.000  4.108487e-01 
  350.000  4.139437e-01 
  351.000  4.170248e-01 
  352.000  4.195512e-01 
  353.000  4.231418e-01 
  354.000  4.261968e-01 
  355.000  4.290382e-01 
  356.000  4.318055e-01 
  357.000  4.342672e-01 
  358.000  4.369147e-01 
  359.000  4.395583e-01 
  360.000  4.422643e-01 
  361.000  4.456809e-01 
  362.000  4.492361e-01 
  363.000  4.525083e-01 
  364.000  4.555178e-01 
  365.000  4.583392e-01 
  366.000  4.612225e-01 
  367.000  4.639661e-01 
  368.000  4.666834e-01 
  369.000  4.693758e-01 
  370.000  4.720390e-01 
  371.000  4.746799e-01 
  372.000  4.772976e-01 
  373.000  4.798917e-01 
  374.000  4.824427e-01 
  375.000  4.849433e-01 
  376.000  4.873576e-01 
  377.000  4.896383e-01 
  378.000  4.917558e-01 
  379.000  4.939064e-01 
  380.000  4.962705e-01 
  381.000  4.989603e-01 
  382.000  5.017459e-01 
  383.000  5.043787e-01 
  384.000  5.068746e-01 
  385.000  5.092782e-01 
  386.000  5.116189e-01 
  387.000  5.139204e-01 
  388.000  5.161914e-01 
  389.000  5.184425e-01 
  390.000  5.206741e-01 
  391.000  5.228817e-01 
  392.000  5.250716e-01 
  393.000  5.272424e-01 
  394.000  5.293916e-01 
  395.000  5.315179e-01 
  396.000  5.336292e-01 
  397.000  5.357149e-01 
  398.000  5.377802e-01 
  399.000  5.398269e-01 
  400.000  5.418442e-01 
  401.000  5.438528e-01 
  402.000  5.458441e-01 
  403.000  5.478173e-01 
  404.000  5.497720e-01 
  405.000  5.517043e-01 
  406.000  5.536227e-01 
  407.000  5.555251e-01 
  408.000  5.574101e-01 
  409.000  5.592754e-01 
  410.000  5.611223e-01 
  411.000  5.629499e-01 
  412.000  5.647571e-01 
  413.000  5.665531e-01 
  414.000  5.682194e-01 
  415.000  5.700212e-01 
  416.000  5.717994e-01 
  417.000  5.735471e-01 
  418.000  5.752539e-01 
  419.000  5.769411e-01 
  420.000  5.786123e-01 
  421.000  5.802729e-01 
  422.000  5.819224e-01 
  423.000  5.835590e-01 
  424.000  5.851756e-01 
  425.000  5.867546e-01 
  426.000  5.883175e-01 
  427.000  5.898660e-01 
  428.000  5.913864e-01 
  429.000  5.928850e-01 
  430.000  5.943657e-01 
  431.000  5.958347e-01 
  432.000  5.972878e-01 
  433.000  5.987267e-01 
  434.000  6.001529e-01 
  435.000  6.015647e-01 
  436.000  6.029602e-01 
  437.000  6.043401e-01 
  438.000  6.057038e-01 
  439.000  6.070565e-01 
  440.000  6.083870e-01 
  441.000  6.097001e-01 
  442.000  6.109922e-01 
  443.000  6.122643e-01 
  444.000  6.135160e-01 
  445.000  6.147404e-01 
  446.000  6.159305e-01 
  447.000  6.171782e-01 
  448.000  6.185156e-01 
  449.000  6.198688e-01 
  450.000  6.211955e-01 
  451.000  6.224700e-01 
  452.000  6.236995e-01 
  453.000  6.249035e-01 
  454.000  6.260854e-01 
  455.000  6.271983e-01 
  456.000  6.282212e-01 
  457.000  6.292441e-01 
  458.000  6.302530e-01 
  459.000  6.312402e-01 
  460.000  6.322194e-01 
  461.000  6.331879e-01 
  462.000  6.341378e-01 
  463.000  6.350834e-01 
  464.000  6.363141e-01 
  465.000  6.375259e-01 
  466.000  6.387161e-01 
  467.000  6.398783e-01 
  468.000  6.408249e-01 
  469.000  6.416398e-01 
  470.000  6.423892e-01 
  471.000  6.430636e-01 
  472.000  6.436362e-01 
  473.000  6.440375e-01 
  474.000  6.443670e-01 
  475.000  6.444516e-01 
  476.000  6.442885e-01 
  477.000  6.442851e-01 
  478.000  6.452383e-01 
  479.000  6.466889e-01 
  480.000  6.482540e-01 
  481.000  6.496575e-01 
  482.000  6.509734e-01 
  483.000  6.521171e-01 
  484.000  6.530998e-01 
  485.000  6.539783e-01 
  486.000  6.549152e-01 
  487.000  6.559011e-01 
  488.000  6.568551e-01 
  489.000  6.577914e-01 
  490.000  6.587163e-01 
  491.000  6.594405e-01 
  492.000  6.601024e-01 
  493.000  6.607608e-01 
  494.000  6.614006e-01 
  495.000  6.620402e-01 
  496.000  6.623697e-01 
  497.000  6.626868e-01 
  498.000  6.629991e-01 
  499.000  6.632946e-01 
  500.000  6.635854e-01 
  501.000  6.638439e-01 
  502.000  6.641023e-01 
  503.000  6.643575e-01 
  504.000  6.646010e-01 
  505.000  6.648312e-01 
  506.000  6.655052e-01 
  507.000  6.661987e-01 
  508.000  6.668910e-01 
  509.000  6.675752e-01 
  510.000  6.682448e-01 
  511.000  6.688449e-01 
  512.000  6.694244e-01 
  513.000  6.700004e-01 
  514.000  6.705692e-01 
  515.000  6.711329e-01 
  516.000  6.715356e-01 
  517.000  6.717937e-01 
  518.000  6.720447e-01 
  519.000  6.722909e-01 
  520.000  6.725347e-01 
  521.000  6.727532e-01 
  522.000  6.729106e-01 
  523.000  6.730242e-01 
  524.000  6.731416e-01 
  525.000  6.732340e-01 
  526.000  6.733638e-01 
  527.000  6.733847e-01 
  528.000  6.733615e-01 
  529.000  6.733370e-01 
  530.000  6.733180e-01 
  531.000  6.733024e-01 
  532.000  6.733374e-01 
  533.000  6.736538e-01 
  534.000  6.740533e-01 
  535.000  6.745041e-01 
  536.000  6.749399e-01 
  537.000  6.753386e-01 
  538.000  6.756949e-01 
  539.000  6.760252e-01 
  540.000  6.763349e-01 
  541.000  6.766355e-01 
  542.000  6.769230e-01 
  543.000  6.772003e-01 
  544.000  6.774099e-01 
  545.000  6.775644e-01 
  546.000  6.777117e-01 
  547.000  6.778632e-01 
  548.000  6.780071e-01 
  549.000  6.781487e-01 
  550.000  6.782174e-01 
  551.000  6.782138e-01 
  552.000  6.782129e-01 
  553.000  6.781972e-01 
  554.000  6.781746e-01 
  555.000  6.781480e-01 
  556.000  6.780940e-01 
  557.000  6.779926e-01 
  558.000  6.778829e-01 
  559.000  6.777605e-01 
  560.000  6.776071e-01 
  561.000  6.774251e-01 
  562.000  6.770087e-01 
  563.000  6.767818e-01 
  564.000  6.764777e-01 
  565.000  6.760016e-01 
  566.000  6.757179e-01 
  567.000  6.746284e-01 
  568.000  6.712283e-01 
  569.000  6.638065e-01 
  570.000  6.649006e-01 
  571.000  6.700675e-01 
  572.000  6.650032e-01 
  573.000  6.662965e-01 
  574.000  6.666097e-01 
  575.000  6.662717e-01 
  576.000  6.664625e-01 
  577.000  6.682572e-01 
  578.000  6.705320e-01 
  579.000  6.724414e-01 
  580.000  6.740627e-01 
  581.000  6.764803e-01 
  582.000  6.780704e-01 
  583.000  6.789864e-01 
  584.000  6.798369e-01 
  585.000  6.804403e-01 
  586.000  6.810800e-01 
  587.000  6.791103e-01 
  588.000  6.690036e-01 
  589.000  6.531108e-01 
  590.000  6.522725e-01 
  591.000  6.633781e-01 
  592.000  6.577107e-01 
  593.000  6.703652e-01 
  594.000  6.677479e-01 
  595.000  6.591014e-01 
  596.000  6.713946e-01 
  597.000  6.684065e-01 
  598.000  6.732898e-01 
  599.000  6.751433e-01 
  600.000  6.795415e-01 
  601.000  6.823882e-01 
  602.000  6.831716e-01 
  603.000  6.844714e-01 
  604.000  6.859044e-01 
  605.000  6.868964e-01 
  606.000  6.875822e-01 
  607.000  6.882435e-01 
  608.000  6.888593e-01 
  609.000  6.894470e-01 
  610.000  6.900530e-01 
  611.000  6.907257e-01 
  612.000  6.913846e-01 
  613.000  6.920227e-01 
  614.000  6.926420e-01 
  615.000  6.932595e-01 
  616.000  6.938543e-01 
  617.000  6.944162e-01 
  618.000  6.948870e-01 
  619.000  6.952854e-01 
  620.000  6.956542e-01 
  621.000  6.959710e-01 
  622.000  6.962358e-01 
  623.000  6.964128e-01 
  624.000  6.966010e-01 
  625.000  6.967573e-01 
  626.000  6.963696e-01 
  627.000  6.922507e-01 
  628.000  6.710878e-01 
  629.000  6.835057e-01 
  630.000  6.872064e-01 
  631.000  6.913185e-01 
  632.000  6.899256e-01 
  633.000  6.958144e-01 
  634.000  6.984723e-01 
  635.000  6.994567e-01 
  636.000  7.012187e-01 
  637.000  7.026159e-01 
  638.000  7.055323e-01 
  639.000  7.064480e-01 
  640.000  7.083241e-01 
  641.000  7.090939e-01 
  642.000  7.105006e-01 
  643.000  7.096338e-01 
  644.000  7.102281e-01 
  645.000  7.086630e-01 
  646.000  7.001032e-01 
  647.000  6.942809e-01 
  648.000  6.877316e-01 
  649.000  6.942164e-01 
  650.000  7.063615e-01 
  651.000  7.067185e-01 
  652.000  6.966935e-01 
  653.000  7.090041e-01 
  654.000  7.080529e-01 
  655.000  7.040592e-01 
  656.000  7.059462e-01 
  657.000  7.086682e-01 
  658.000  7.131211e-01 
  659.000  7.158698e-01 
  660.000  7.172736e-01 
  661.000  7.206478e-01 
  662.000  7.223382e-01 
  663.000  7.224513e-01 
  664.000  7.233255e-01 
  665.000  7.241296e-01 
  666.000  7.250684e-01 
  667.000  7.258608e-01 
  668.000  7.267981e-01 
  669.000  7.274488e-01 
  670.000  7.280167e-01 
  671.000  7.286190e-01 
  672.000  7.291497e-01 
  673.000  7.296695e-01 
  674.000  7.301841e-01 
  675.000  7.307000e-01 
  676.000  7.311823e-01 
  677.000  7.316263e-01 
  678.000  7.320719e-01 
  679.000  7.324240e-01 
  680.000  7.323710e-01 
  681.000  7.322258e-01 
  682.000  7.324446e-01 
  683.000  7.325066e-01 
  684.000  7.319500e-01 
  685.000  7.328959e-01 
  686.000  7.300364e-01 
  687.000  6.335656e-01 
  688.000  6.639851e-01 
  689.000  6.551297e-01 
  690.000  6.710086e-01 
  691.000  6.912381e-01 
  692.000  7.026010e-01 
  693.000  6.945602e-01 
  694.000  6.842669e-01 
  695.000  6.937387e-01 
  696.000  6.992905e-01 
  697.000  7.233155e-01 
  698.000  7.183431e-01 
  699.000  6.967586e-01 
  700.000  7.003416e-01 
  701.000  6.955459e-01 
  702.000  6.990966e-01 
  703.000  7.171951e-01 
  704.000  7.179986e-01 
  705.000  7.105591e-01 
  706.000  7.120375e-01 
  707.000  7.147306e-01 
  708.000  7.176420e-01 
  709.000  7.235784e-01 
  710.000  7.172982e-01 
  711.000  7.237469e-01 
  712.000  7.292446e-01 
  713.000  7.248538e-01 
  714.000  7.233762e-01 
  715.000  7.162107e-01 
  716.000  7.087452e-01 
  717.000  6.619301e-01 
  718.000  6.333698e-01 
  719.000  6.231200e-01 
  720.000  6.077701e-01 
  721.000  6.754550e-01 
  722.000  6.997990e-01 
  723.000  6.860250e-01 
  724.000  6.471270e-01 
  725.000  6.528326e-01 
  726.000  6.510163e-01 
  727.000  6.565048e-01 
  728.000  6.505209e-01 
  729.000  6.653829e-01 
  730.000  6.628091e-01 
  731.000  6.597021e-01 
  732.000  6.848613e-01 
  733.000  7.091151e-01 
  734.000  7.208396e-01 
  735.000  7.166978e-01 
  736.000  7.089874e-01 
  737.000  7.147943e-01 
  738.000  7.227862e-01 
  739.000  7.262287e-01 
  740.000  7.338788e-01 
  741.000  7.383005e-01 
  742.000  7.401550e-01 
  743.000  7.442403e-01 
  744.000  7.460024e-01 
  745.000  7.474520e-01 
  746.000  7.485309e-01 
  747.000  7.488037e-01 
  748.000  7.497919e-01 
  749.000  7.503055e-01 
  750.000  7.500080e-01 
  751.000  7.501921e-01 
  752.000  7.510977e-01 
  753.000  7.514697e-01 
  754.000  7.517595e-01 
  755.000  7.519427e-01 
  756.000  7.521356e-01 
  757.000  7.522686e-01 
  758.000  7.510402e-01 
  759.000  6.992229e-01 
  760.000  3.167845e-01 
  761.000  2.810906e-01 
  762.000  5.011550e-01 
  763.000  4.323310e-01 
  764.000  4.663652e-01 
  765.000  5.439077e-01 
  766.000  6.378774e-01 
  767.000  6.854463e-01 
  768.000  7.166059e-01 
  769.000  7.371939e-01 
  770.000  7.481190e-01 
  771.000  7.534036e-01 
  772.000  7.546993e-01 
  773.000  7.552823e-01 
  774.000  7.559925e-01 
  775.000  7.564161e-01 
  776.000  7.567239e-01 
  777.000  7.567999e-01 
  778.000  7.567663e-01 
  779.000  7.567237e-01 
  780.000  7.566794e-01 
  781.000  7.570817e-01 
  782.000  7.570246e-01 
  783.000  7.569813e-01 
  784.000  7.566689e-01 
  785.000  7.549881e-01 
  786.000  7.524091e-01 
  787.000  7.466117e-01 
  788.000  7.435632e-01 
  789.000  7.327230e-01 
  790.000  7.317837e-01 
  791.000  7.338190e-01 
  792.000  7.357029e-01 
  793.000  7.401057e-01 
  794.000  7.494613e-01 
  795.000  7.437288e-01 
  796.000  7.285166e-01 
  797.000  7.328497e-01 
  798.000  7.424508e-01 
  799.000  7.402494e-01 
  800.000  7.332485e-01 
  801.000  7.340730e-01 
  802.000  7.333593e-01 
  803.000  7.343748e-01 
  804.000  7.376564e-01 
  805.000  7.439529e-01 
  806.000  7.477127e-01 
  807.000  7.478724e-01 
  808.000  7.457271e-01 
  809.000  7.430922e-01 
  810.000  7.402047e-01 
  811.000  7.342991e-01 
  812.000  7.263621e-01 
  813.000  7.166641e-01 
  814.000  7.039093e-01 
  815.000  6.880955e-01 
  816.000  6.679705e-01 
  817.000  6.690487e-01 
  818.000  6.706692e-01 
  819.000  6.772969e-01 
  820.000  6.995009e-01 
  821.000  7.249910e-01 
  822.000  7.055757e-01 
  823.000  6.519906e-01 
  824.000  6.970885e-01 
  825.000  7.264039e-01 
  826.000  7.214092e-01 
  827.000  7.176879e-01 
  828.000  6.983894e-01 
  829.000  7.053128e-01 
  830.000  7.130968e-01 
  831.000  7.149303e-01 
  832.000  7.157540e-01 
  833.000  7.202574e-01 
  834.000  7.255691e-01 
  835.000  7.361217e-01 
  836.000  7.327275e-01 
  837.000  7.323714e-01 
  838.000  7.375056e-01 
  839.000  7.406244e-01 
  840.000  7.417529e-01 
  841.000  7.383621e-01 
  842.000  7.413967e-01 
  843.000  7.486197e-01 
  844.000  7.518984e-01 
  845.000  7.534233e-01 
  846.000  7.550279e-01 
  847.000  7.567977e-01 
  848.000  7.538596e-01 
  849.000  7.542275e-01 
  850.000  7.527721e-01 
  851.000  7.510403e-01 
  852.000  7.512058e-01 
  853.000  7.540504e-01 
  854.000  7.538913e-01 
  855.000  7.553192e-01 
  856.000  7.582964e-01 
  857.000  7.594656e-01 
  858.000  7.601289e-01 
  859.000  7.615532e-01 
  860.000  7.622461e-01 
  861.000  7.623605e-01 
  862.000  7.627659e-01 
  863.000  7.628185e-01 
  864.000  7.630966e-01 
  865.000  7.633239e-01 
  866.000  7.633840e-01 
  867.000  7.633423e-01 
  868.000  7.633775e-01 
  869.000  7.634528e-01 
  870.000  7.633968e-01 
  871.000  7.634680e-01 
  872.000  7.636425e-01 
  873.000  7.634673e-01 
  874.000  7.633722e-01 
  875.000  7.633494e-01 
  876.000  7.630441e-01 
  877.000  7.629160e-01 
  878.000  7.620065e-01 
  879.000  7.619441e-01 
  880.000  7.611585e-01 
  881.000  7.607028e-01 
  882.000  7.603031e-01 
  883.000  7.606922e-01 
  884.000  7.608613e-01 
  885.000  7.592461e-01 
  886.000  7.570841e-01 
  887.000  7.588149e-01 
  888.000  7.587075e-01 
  889.000  7.591406e-01 
  890.000  7.579004e-01 
  891.000  7.551702e-01 
  892.000  7.494245e-01 
  893.000  7.320499e-01 
  894.000  7.233875e-01 
  895.000  6.971974e-01 
  896.000  6.738125e-01 
  897.000  6.492860e-01 
  898.000  6.378632e-01 
  899.000  6.060535e-01 
  900.000  6.105636e-01 
  901.000  6.023496e-01 
  902.000  6.039308e-01 
  903.000  6.574539e-01 
  904.000  6.905522e-01 
  905.000  6.893912e-01 
  906.000  6.686803e-01 
  907.000  6.323572e-01 
  908.000  6.086189e-01 
  909.000  6.095827e-01 
  910.000  6.131256e-01 
  911.000  6.288539e-01 
  912.000  6.212297e-01 
  913.000  5.883259e-01 
  914.000  6.045572e-01 
  915.000  6.174322e-01 
  916.000  6.209536e-01 
  917.000  6.280034e-01 
  918.000  6.371242e-01 
  919.000  6.682384e-01 
  920.000  6.919656e-01 
  921.000  6.867687e-01 
  922.000  6.863279e-01 
  923.000  6.797060e-01 
  924.000  6.638424e-01 
  925.000  6.624327e-01 
  926.000  6.618091e-01 
  927.000  6.431973e-01 
  928.000  6.147891e-01 
  929.000  5.742559e-01 
  930.000  5.235790e-01 
  931.000  4.681531e-01 
  932.000  3.970286e-01 
  933.000  3.461349e-01 
  934.000  2.956527e-01 
  935.000  2.902103e-01 
  936.000  3.096585e-01 
  937.000  3.048393e-01 
  938.000  3.617079e-01 
  939.000  5.160519e-01 
  940.000  5.399745e-01 
  941.000  5.196143e-01 
  942.000  4.700131e-01 
  943.000  3.895375e-01 
  944.000  3.839061e-01 
  945.000  4.122992e-01 
  946.000  4.140371e-01 
  947.000  4.400862e-01 
  948.000  4.554658e-01 
  949.000  4.536347e-01 
  950.000  4.576325e-01 
  951.000  4.922698e-01 
  952.000  4.555970e-01 
  953.000  4.816074e-01 
  954.000  5.098161e-01 
  955.000  4.873254e-01 
  956.000  4.826067e-01 
  957.000  5.541891e-01 
  958.000  5.637631e-01 
  959.000  5.519107e-01 
  960.000  5.485580e-01 
  961.000  5.426546e-01 
  962.000  5.482270e-01 
  963.000  5.881306e-01 
  964.000  5.939709e-01 
  965.000  5.902382e-01 
  966.000  5.925150e-01 
  967.000  6.213409e-01 
  968.000  6.699196e-01 
  969.000  6.920797e-01 
  970.000  6.933109e-01 
  971.000  6.927903e-01 
  972.000  6.864870e-01 
  973.000  6.719859e-01 
  974.000  6.544117e-01 
  975.000  6.431623e-01 
  976.000  6.569195e-01 
  977.000  6.797577e-01 
  978.000  6.779360e-01 
  979.000  6.839142e-01 
  980.000  7.073747e-01 
  981.000  7.126098e-01 
  982.000  7.074118e-01 
  983.000  7.195138e-01 
  984.000  7.319943e-01 
  985.000  7.391011e-01 
  986.000  7.482823e-01 
  987.000  7.522693e-01 
  988.000  7.531847e-01 
  989.000  7.537682e-01 
  990.000  7.547358e-01 
  991.000  7.581524e-01 
  992.000  7.591181e-01 
  993.000  7.594749e-01 
  994.000  7.625584e-01 
  995.000  7.645610e-01 
  996.000  7.645359e-01 
  997.000  7.632038e-01 
  998.000  7.617210e-01 
  999.000  7.611408e-01 
 1000.000  7.616023e-01 
 1001.000  7.583203e-01 
 1002.000  7.530772e-01 
 1003.000  7.543139e-01 
 1004.000  7.573195e-01 
 1005.000  7.586897e-01 
 1006.000  7.591296e-01 
 1007.000  7.581224e-01 
 1008.000  7.538492e-01 
 1009.000  7.481440e-01 
 1010.000  7.506797e-01 
 1011.000  7.567379e-01 
 1012.000  7.590449e-01 
 1013.000  7.608610e-01 
 1014.000  7.616196e-01 
 1015.000  7.617637e-01 
 1016.000  7.625836e-01 
 1017.000  7.630581e-01 
 1018.000  7.620286e-01 
 1019.000  7.599193e-01 
 1020.000  7.606588e-01 
 1021.000  7.621777e-01 
 1022.000  7.596260e-01 
 1023.000  7.574919e-01 
 1024.000  7.562154e-01 
 1025.000  7.601314e-01 
 1026.000  7.618638e-01 
 1027.000  7.611303e-01 
 1028.000  7.617387e-01 
 1029.000  7.633803e-01 
 1030.000  7.649589e-01 
 1031.000  7.657737e-01 
 1032.000  7.664102e-01 
 1033.000  7.665925e-01 
 1034.000  7.669737e-01 
 1035.000  7.671567e-01 
 1036.000  7.670593e-01 
 1037.000  7.671031e-01 
 1038.000  7.672217e-01 
 1039.000  7.669969e-01 
 1040.000  7.668051e-01 
 1041.000  7.666535e-01 
 1042.000  7.666118e-01 
 1043.000  7.666090e-01 
 1044.000  7.664756e-01 
 1045.000  7.660503e-01 
 1046.000  7.657657e-01 
 1047.000  7.654296e-01 
 1048.000  7.650145e-01 
 1049.000  7.646161e-01 
 1050.000  7.641749e-01 
 1051.000  7.635161e-01 
 1052.000  7.631177e-01 
 1053.000  7.630625e-01 
 1054.000  7.624089e-01 
 1055.000  7.617432e-01 
 1056.000  7.612033e-01 
 1057.000  7.598289e-01 
 1058.000  7.572474e-01 
 1059.000  7.574255e-01 
 1060.000  7.587540e-01 
 1061.000  7.584418e-01 
 1062.000  7.568105e-01 
 1063.000  7.562104e-01 
 1064.000  7.548162e-01 
 1065.000  7.532298e-01 
 1066.000  7.533608e-01 
 1067.000  7.524309e-01 
 1068.000  7.491384e-01 
 1069.000  7.475128e-01 
 1070.000  7.479803e-01 
 1071.000  7.458550e-01 
 1072.000  7.436817e-01 
 1073.000  7.432429e-01 
 1074.000  7.435331e-01 
 1075.000  7.466866e-01 
 1076.000  7.446706e-01 
 1077.000  7.419778e-01 
 1078.000  7.388160e-01 
 1079.000  7.383841e-01 
 1080.000  7.299804e-01 
 1081.000  7.294867e-01 
 1082.000  7.331558e-01 
 1083.000  7.286903e-01 
 1084.000  7.238147e-01 
 1085.000  7.122395e-01 
 1086.000  7.149197e-01 
 1087.000  7.276191e-01 
 1088.000  7.281076e-01 
 1089.000  7.126198e-01 
 1090.000  7.096949e-01 
 1091.000  7.126080e-01 
 1092.000  7.049258e-01 
 1093.000  6.878610e-01 
 1094.000  6.804440e-01 
 1095.000  6.816158e-01 
 1096.000  6.826631e-01 
 1097.000  6.792244e-01 
 1098.000  6.381102e-01 
 1099.000  6.034005e-01 
 1100.000  6.057046e-01 
 1101.000  6.104385e-01 
 1102.000  6.080622e-01 
 1103.000  6.111741e-01 
 1104.000  6.053628e-01 
 1105.000  5.908387e-01 
 1106.000  5.763161e-01 
 1107.000  5.797942e-01 
 1108.000  5.822675e-01 
 1109.000  5.944666e-01 
 1110.000  5.926539e-01 
 1111.000  5.856083e-01 
 1112.000  5.551338e-01 
 1113.000  5.137858e-01 
 1114.000  5.021604e-01 
 1115.000  4.523622e-01 
 1116.000  4.221509e-01 
 1117.000  3.547024e-01 
 1118.000  2.949595e-01 
 1119.000  2.640179e-01 
 1120.000  2.271888e-01 
 1121.000  2.191235e-01 
 1122.000  1.831825e-01 
 1123.000  2.020758e-01 
 1124.000  2.150728e-01 
 1125.000  2.080909e-01 
 1126.000  2.053893e-01 
 1127.000  2.086019e-01 
 1128.000  2.148293e-01 
 1129.000  2.514440e-01 
 1130.000  3.409472e-01 
 1131.000  3.679343e-01 
 1132.000  3.309502e-01 
 1133.000  2.663894e-01 
 1134.000  1.586574e-01 
 1135.000  1.664272e-01 
 1136.000  2.760529e-01 
 1137.000  3.410440e-01 
 1138.000  4.071770e-01 
 1139.000  4.285848e-01 
 1140.000  4.157647e-01 
 1141.000  3.903065e-01 
 1142.000  3.812238e-01 
 1143.000  3.531174e-01 
 1144.000  3.222158e-01 
 1145.000  2.786718e-01 
 1146.000  2.888687e-01 
 1147.000  3.231277e-01 
 1148.000  3.542796e-01 
 1149.000  3.672454e-01 
 1150.000  3.684104e-01 
