  320.000  8.258791e-02 
  321.000  1.094855e-01 
  322.000  9.867333e-02 
  323.000  1.124287e-01 
  324.000  1.267189e-01 
  325.000  1.160255e-01 
  326.000  1.337172e-01 
  327.000  1.387816e-01 
  328.000  1.279124e-01 
  329.000  1.489981e-01 
  330.000  1.524241e-01 
  331.000  1.456669e-01 
  332.000  1.587927e-01 
  333.000  1.626809e-01 
  334.000  1.594865e-01 
  335.000  1.693281e-01 
  336.000  1.733621e-01 
  337.000  1.716587e-01 
  338.000  1.764069e-01 
  339.000  1.813462e-01 
  340.000  1.805318e-01 
  341.000  1.853591e-01 
  342.000  1.889124e-01 
  343.000  1.907044e-01 
  344.000  1.910711e-01 
  345.000  1.959333e-01 
  346.000  1.990212e-01 
  347.000  2.015488e-01 
  348.000  2.039244e-01 
  349.000  2.066021e-01 
  350.000  2.088985e-01 
  351.000  2.111927e-01 
  352.000  2.130798e-01 
  353.000  2.157711e-01 
  354.000  2.180695e-01 
  355.000  2.202142e-01 
  356.000  2.223095e-01 
  357.000  2.241787e-01 
  358.000  2.261945e-01 
  359.000  2.282132e-01 
  360.000  2.302855e-01 
  361.000  2.329105e-01 
  362.000  2.356521e-01 
  363.000  2.381846e-01 
  364.000  2.405215e-01 
  365.000  2.427188e-01 
  366.000  2.449711e-01 
  367.000  2.471204e-01 
  368.000  2.492551e-01 
  369.000  2.513759e-01 
  370.000  2.534795e-01 
  371.000  2.555709e-01 
  372.000  2.576495e-01 
  373.000  2.597146e-01 
  374.000  2.617506e-01 
  375.000  2.637513e-01 
  376.000  2.656876e-01 
  377.000  2.675209e-01 
  378.000  2.692267e-01 
  379.000  2.709626e-01 
  380.000  2.728750e-01 
  381.000  2.750561e-01 
  382.000  2.773209e-01 
  383.000  2.794668e-01 
  384.000  2.815061e-01 
  385.000  2.834744e-01 
  386.000  2.853954e-01 
  387.000  2.872884e-01 
  388.000  2.891602e-01 
  389.000  2.910194e-01 
  390.000  2.928663e-01 
  391.000  2.946970e-01 
  392.000  2.965167e-01 
  393.000  2.983240e-01 
  394.000  3.001169e-01 
  395.000  3.018940e-01 
  396.000  3.036619e-01 
  397.000  3.054115e-01 
  398.000  3.071474e-01 
  399.000  3.088707e-01 
  400.000  3.105722e-01 
  401.000  3.122693e-01 
  402.000  3.139549e-01 
  403.000  3.156279e-01 
  404.000  3.172880e-01 
  405.000  3.189319e-01 
  406.000  3.205667e-01 
  407.000  3.221904e-01 
  408.000  3.238018e-01 
  409.000  3.253992e-01 
  410.000  3.269830e-01 
  411.000  3.285529e-01 
  412.000  3.301075e-01 
  413.000  3.316548e-01 
  414.000  3.330925e-01 
  415.000  3.346494e-01 
  416.000  3.361881e-01 
  417.000  3.377026e-01 
  418.000  3.391839e-01 
  419.000  3.406501e-01 
  420.000  3.421045e-01 
  421.000  3.435515e-01 
  422.000  3.449909e-01 
  423.000  3.464209e-01 
  424.000  3.478353e-01 
  425.000  3.492185e-01 
  426.000  3.505895e-01 
  427.000  3.519495e-01 
  428.000  3.532864e-01 
  429.000  3.546058e-01 
  430.000  3.559109e-01 
  431.000  3.572073e-01 
  432.000  3.584912e-01 
  433.000  3.597639e-01 
  434.000  3.610268e-01 
  435.000  3.622784e-01 
  436.000  3.635168e-01 
  437.000  3.647428e-01 
  438.000  3.659557e-01 
  439.000  3.671601e-01 
  440.000  3.683459e-01 
  441.000  3.695175e-01 
  442.000  3.706714e-01 
  443.000  3.718087e-01 
  444.000  3.729288e-01 
  445.000  3.740255e-01 
  446.000  3.750924e-01 
  447.000  3.762121e-01 
  448.000  3.774135e-01 
  449.000  3.786303e-01 
  450.000  3.798245e-01 
  451.000  3.809729e-01 
  452.000  3.820817e-01 
  453.000  3.831685e-01 
  454.000  3.842363e-01 
  455.000  3.852428e-01 
  456.000  3.861685e-01 
  457.000  3.870950e-01 
  458.000  3.880095e-01 
  459.000  3.889050e-01 
  460.000  3.897938e-01 
  461.000  3.906737e-01 
  462.000  3.915372e-01 
  463.000  3.923974e-01 
  464.000  3.935179e-01 
  465.000  3.946222e-01 
  466.000  3.957077e-01 
  467.000  3.967687e-01 
  468.000  3.976335e-01 
  469.000  3.983785e-01 
  470.000  3.990639e-01 
  471.000  3.996812e-01 
  472.000  4.002055e-01 
  473.000  4.005730e-01 
  474.000  4.008749e-01 
  475.000  4.009525e-01 
  476.000  4.008030e-01 
  477.000  4.007999e-01 
  478.000  4.016736e-01 
  479.000  4.030043e-01 
  480.000  4.044417e-01 
  481.000  4.057321e-01 
  482.000  4.069431e-01 
  483.000  4.079965e-01 
  484.000  4.089024e-01 
  485.000  4.097129e-01 
  486.000  4.105775e-01 
  487.000  4.114882e-01 
  488.000  4.123701e-01 
  489.000  4.132361e-01 
  490.000  4.140922e-01 
  491.000  4.147629e-01 
  492.000  4.153762e-01 
  493.000  4.159866e-01 
  494.000  4.165800e-01 
  495.000  4.171735e-01 
  496.000  4.174793e-01 
  497.000  4.177737e-01 
  498.000  4.180637e-01 
  499.000  4.183382e-01 
  500.000  4.186083e-01 
  501.000  4.188485e-01 
  502.000  4.190887e-01 
  503.000  4.193260e-01 
  504.000  4.195524e-01 
  505.000  4.197663e-01 
  506.000  4.203933e-01 
  507.000  4.210387e-01 
  508.000  4.216833e-01 
  509.000  4.223207e-01 
  510.000  4.229447e-01 
  511.000  4.235042e-01 
  512.000  4.240448e-01 
  513.000  4.245823e-01 
  514.000  4.251133e-01 
  515.000  4.256398e-01 
  516.000  4.260160e-01 
  517.000  4.262572e-01 
  518.000  4.264918e-01 
  519.000  4.267219e-01 
  520.000  4.269499e-01 
  521.000  4.271541e-01 
  522.000  4.273014e-01 
  523.000  4.274077e-01 
  524.000  4.275174e-01 
  525.000  4.276039e-01 
  526.000  4.277253e-01 
  527.000  4.277449e-01 
  528.000  4.277231e-01 
  529.000  4.277002e-01 
  530.000  4.276824e-01 
  531.000  4.276678e-01 
  532.000  4.277006e-01 
  533.000  4.279966e-01 
  534.000  4.283705e-01 
  535.000  4.287926e-01 
  536.000  4.292007e-01 
  537.000  4.295741e-01 
  538.000  4.299080e-01 
  539.000  4.302175e-01 
  540.000  4.305079e-01 
  541.000  4.307897e-01 
  542.000  4.310594e-01 
  543.000  4.313194e-01 
  544.000  4.315161e-01 
  545.000  4.316611e-01 
  546.000  4.317994e-01 
  547.000  4.319415e-01 
  548.000  4.320765e-01 
  549.000  4.322095e-01 
  550.000  4.322739e-01 
  551.000  4.322706e-01 
  552.000  4.322698e-01 
  553.000  4.322550e-01 
  554.000  4.322338e-01 
  555.000  4.322088e-01 
  556.000  4.321581e-01 
  557.000  4.320629e-01 
  558.000  4.319600e-01 
  559.000  4.318453e-01 
  560.000  4.317017e-01 
  561.000  4.315318e-01 
  562.000  4.312617e-01 
  563.000  4.310591e-01 
  564.000  4.308039e-01 
  565.000  4.304434e-01 
  566.000  4.301221e-01 
  567.000  4.294640e-01 
  568.000  4.279228e-01 
  569.000  4.253309e-01 
  570.000  4.253995e-01 
  571.000  4.266556e-01 
  572.000  4.246295e-01 
  573.000  4.246906e-01 
  574.000  4.245513e-01 
  575.000  4.242818e-01 
  576.000  4.244396e-01 
  577.000  4.252110e-01 
  578.000  4.263488e-01 
  579.000  4.276506e-01 
  580.000  4.292099e-01 
  581.000  4.312197e-01 
  582.000  4.327320e-01 
  583.000  4.338515e-01 
  584.000  4.348282e-01 
  585.000  4.356935e-01 
  586.000  4.364533e-01 
  587.000  4.363206e-01 
  588.000  4.335662e-01 
  589.000  4.285194e-01 
  590.000  4.284845e-01 
  591.000  4.324824e-01 
  592.000  4.307761e-01 
  593.000  4.352508e-01 
  594.000  4.345608e-01 
  595.000  4.318140e-01 
  596.000  4.358438e-01 
  597.000  4.346206e-01 
  598.000  4.360451e-01 
  599.000  4.364461e-01 
  600.000  4.375765e-01 
  601.000  4.382913e-01 
  602.000  4.383277e-01 
  603.000  4.389241e-01 
  604.000  4.398437e-01 
  605.000  4.405693e-01 
  606.000  4.411612e-01 
  607.000  4.417352e-01 
  608.000  4.423081e-01 
  609.000  4.428580e-01 
  610.000  4.434308e-01 
  611.000  4.440676e-01 
  612.000  4.446914e-01 
  613.000  4.452960e-01 
  614.000  4.458831e-01 
  615.000  4.464687e-01 
  616.000  4.470330e-01 
  617.000  4.475663e-01 
  618.000  4.480134e-01 
  619.000  4.483917e-01 
  620.000  4.487420e-01 
  621.000  4.490431e-01 
  622.000  4.492947e-01 
  623.000  4.494631e-01 
  624.000  4.496427e-01 
  625.000  4.497933e-01 
  626.000  4.497417e-01 
  627.000  4.479791e-01 
  628.000  4.309021e-01 
  629.000  4.420844e-01 
  630.000  4.434474e-01 
  631.000  4.466632e-01 
  632.000  4.480412e-01 
  633.000  4.511276e-01 
  634.000  4.532540e-01 
  635.000  4.545564e-01 
  636.000  4.560495e-01 
  637.000  4.573636e-01 
  638.000  4.591190e-01 
  639.000  4.601552e-01 
  640.000  4.615706e-01 
  641.000  4.625104e-01 
  642.000  4.635839e-01 
  643.000  4.637866e-01 
  644.000  4.644760e-01 
  645.000  4.643725e-01 
  646.000  4.620449e-01 
  647.000  4.604743e-01 
  648.000  4.586212e-01 
  649.000  4.612730e-01 
  650.000  4.658278e-01 
  651.000  4.662956e-01 
  652.000  4.631738e-01 
  653.000  4.677641e-01 
  654.000  4.677725e-01 
  655.000  4.667311e-01 
  656.000  4.677164e-01 
  657.000  4.689619e-01 
  658.000  4.706663e-01 
  659.000  4.719128e-01 
  660.000  4.727522e-01 
  661.000  4.742455e-01 
  662.000  4.752093e-01 
  663.000  4.755332e-01 
  664.000  4.761948e-01 
  665.000  4.768140e-01 
  666.000  4.774960e-01 
  667.000  4.781153e-01 
  668.000  4.787894e-01 
  669.000  4.793498e-01 
  670.000  4.798767e-01 
  671.000  4.804161e-01 
  672.000  4.809264e-01 
  673.000  4.814313e-01 
  674.000  4.819332e-01 
  675.000  4.824347e-01 
  676.000  4.829104e-01 
  677.000  4.833469e-01 
  678.000  4.837832e-01 
  679.000  4.841793e-01 
  680.000  4.844048e-01 
  681.000  4.845655e-01 
  682.000  4.848984e-01 
  683.000  4.851474e-01 
  684.000  4.852534e-01 
  685.000  4.858333e-01 
  686.000  4.837269e-01 
  687.000  4.053523e-01 
  688.000  4.294432e-01 
  689.000  4.228938e-01 
  690.000  4.354982e-01 
  691.000  4.532147e-01 
  692.000  4.656404e-01 
  693.000  4.682404e-01 
  694.000  4.679488e-01 
  695.000  4.729904e-01 
  696.000  4.757975e-01 
  697.000  4.851027e-01 
  698.000  4.835614e-01 
  699.000  4.758092e-01 
  700.000  4.773376e-01 
  701.000  4.757357e-01 
  702.000  4.772322e-01 
  703.000  4.840940e-01 
  704.000  4.845617e-01 
  705.000  4.819674e-01 
  706.000  4.826545e-01 
  707.000  4.837897e-01 
  708.000  4.850025e-01 
  709.000  4.873265e-01 
  710.000  4.851611e-01 
  711.000  4.876754e-01 
  712.000  4.898353e-01 
  713.000  4.883758e-01 
  714.000  4.879902e-01 
  715.000  4.855454e-01 
  716.000  4.830274e-01 
  717.000  4.656640e-01 
  718.000  4.548976e-01 
  719.000  4.511063e-01 
  720.000  4.451424e-01 
  721.000  4.715592e-01 
  722.000  4.808654e-01 
  723.000  4.758486e-01 
  724.000  4.611498e-01 
  725.000  4.635219e-01 
  726.000  4.629084e-01 
  727.000  4.651157e-01 
  728.000  4.628870e-01 
  729.000  4.686907e-01 
  730.000  4.677633e-01 
  731.000  4.666235e-01 
  732.000  4.763124e-01 
  733.000  4.854803e-01 
  734.000  4.899011e-01 
  735.000  4.884530e-01 
  736.000  4.856603e-01 
  737.000  4.878914e-01 
  738.000  4.909256e-01 
  739.000  4.922660e-01 
  740.000  4.951507e-01 
  741.000  4.968427e-01 
  742.000  4.974579e-01 
  743.000  4.989623e-01 
  744.000  4.997036e-01 
  745.000  5.002983e-01 
  746.000  5.008106e-01 
  747.000  5.010246e-01 
  748.000  5.015848e-01 
  749.000  5.019097e-01 
  750.000  5.018796e-01 
  751.000  5.020636e-01 
  752.000  5.025639e-01 
  753.000  5.028269e-01 
  754.000  5.030546e-01 
  755.000  5.032366e-01 
  756.000  5.034223e-01 
  757.000  5.035533e-01 
  758.000  5.024314e-01 
  759.000  4.598732e-01 
  760.000  1.719182e-01 
  761.000  1.481912e-01 
  762.000  3.040579e-01 
  763.000  2.530730e-01 
  764.000  2.780861e-01 
  765.000  3.366804e-01 
  766.000  4.104530e-01 
  767.000  4.488583e-01 
  768.000  4.743859e-01 
  769.000  4.914114e-01 
  770.000  5.007237e-01 
  771.000  5.050064e-01 
  772.000  5.061066e-01 
  773.000  5.066035e-01 
  774.000  5.072895e-01 
  775.000  5.077034e-01 
  776.000  5.079913e-01 
  777.000  5.081166e-01 
  778.000  5.081708e-01 
  779.000  5.082077e-01 
  780.000  5.082387e-01 
  781.000  5.084661e-01 
  782.000  5.084913e-01 
  783.000  5.085223e-01 
  784.000  5.084254e-01 
  785.000  5.077948e-01 
  786.000  5.068012e-01 
  787.000  5.048945e-01 
  788.000  5.038048e-01 
  789.000  4.997570e-01 
  790.000  4.994574e-01 
  791.000  5.002844e-01 
  792.000  5.010488e-01 
  793.000  5.027648e-01 
  794.000  5.061997e-01 
  795.000  5.042369e-01 
  796.000  4.985141e-01 
  797.000  5.002153e-01 
  798.000  5.039062e-01 
  799.000  5.031213e-01 
  800.000  5.005141e-01 
  801.000  5.008768e-01 
  802.000  5.006536e-01 
  803.000  5.010865e-01 
  804.000  5.023763e-01 
  805.000  5.048068e-01 
  806.000  5.062715e-01 
  807.000  5.063785e-01 
  808.000  5.056180e-01 
  809.000  5.046736e-01 
  810.000  5.036371e-01 
  811.000  5.014563e-01 
  812.000  4.985046e-01 
  813.000  4.948669e-01 
  814.000  4.900348e-01 
  815.000  4.839953e-01 
  816.000  4.761277e-01 
  817.000  4.766345e-01 
  818.000  4.773248e-01 
  819.000  4.799566e-01 
  820.000  4.886699e-01 
  821.000  4.985511e-01 
  822.000  4.911097e-01 
  823.000  4.699918e-01 
  824.000  4.878755e-01 
  825.000  4.992312e-01 
  826.000  4.973137e-01 
  827.000  4.959238e-01 
  828.000  4.884955e-01 
  829.000  4.912297e-01 
  830.000  4.942725e-01 
  831.000  4.950055e-01 
  832.000  4.953274e-01 
  833.000  4.970848e-01 
  834.000  4.991424e-01 
  835.000  5.031909e-01 
  836.000  5.019252e-01 
  837.000  5.018135e-01 
  838.000  5.038048e-01 
  839.000  5.050218e-01 
  840.000  5.054865e-01 
  841.000  5.042320e-01 
  842.000  5.054206e-01 
  843.000  5.081939e-01 
  844.000  5.094653e-01 
  845.000  5.099325e-01 
  846.000  5.105286e-01 
  847.000  5.112019e-01 
  848.000  5.101280e-01 
  849.000  5.103132e-01 
  850.000  5.098557e-01 
  851.000  5.093979e-01 
  852.000  5.094966e-01 
  853.000  5.103821e-01 
  854.000  5.104343e-01 
  855.000  5.109580e-01 
  856.000  5.121287e-01 
  857.000  5.126161e-01 
  858.000  5.129292e-01 
  859.000  5.135090e-01 
  860.000  5.138770e-01 
  861.000  5.139580e-01 
  862.000  5.141675e-01 
  863.000  5.142213e-01 
  864.000  5.143744e-01 
  865.000  5.145050e-01 
  866.000  5.145617e-01 
  867.000  5.145718e-01 
  868.000  5.146170e-01 
  869.000  5.146803e-01 
  870.000  5.146835e-01 
  871.000  5.147446e-01 
  872.000  5.148528e-01 
  873.000  5.148013e-01 
  874.000  5.147862e-01 
  875.000  5.148042e-01 
  876.000  5.146931e-01 
  877.000  5.146503e-01 
  878.000  5.142671e-01 
  879.000  5.142660e-01 
  880.000  5.139982e-01 
  881.000  5.138272e-01 
  882.000  5.137451e-01 
  883.000  5.138798e-01 
  884.000  5.139827e-01 
  885.000  5.133883e-01 
  886.000  5.125602e-01 
  887.000  5.133088e-01 
  888.000  5.132953e-01 
  889.000  5.134739e-01 
  890.000  5.130388e-01 
  891.000  5.120489e-01 
  892.000  5.100589e-01 
  893.000  5.033855e-01 
  894.000  5.000812e-01 
  895.000  4.897947e-01 
  896.000  4.805377e-01 
  897.000  4.707192e-01 
  898.000  4.661143e-01 
  899.000  4.528184e-01 
  900.000  4.548104e-01 
  901.000  4.513300e-01 
  902.000  4.519432e-01 
  903.000  4.742965e-01 
  904.000  4.877213e-01 
  905.000  4.872257e-01 
  906.000  4.788689e-01 
  907.000  4.639302e-01 
  908.000  4.539894e-01 
  909.000  4.544587e-01 
  910.000  4.559954e-01 
  911.000  4.626445e-01 
  912.000  4.594543e-01 
  913.000  4.454271e-01 
  914.000  4.524035e-01 
  915.000  4.578536e-01 
  916.000  4.593219e-01 
  917.000  4.622550e-01 
  918.000  4.660400e-01 
  919.000  4.788425e-01 
  920.000  4.883989e-01 
  921.000  4.862927e-01 
  922.000  4.861251e-01 
  923.000  4.834766e-01 
  924.000  4.770651e-01 
  925.000  4.765995e-01 
  926.000  4.765966e-01 
  927.000  4.691772e-01 
  928.000  4.576483e-01 
  929.000  4.407637e-01 
  930.000  4.188535e-01 
  931.000  3.937312e-01 
  932.000  3.602156e-01 
  933.000  3.338972e-01 
  934.000  3.056834e-01 
  935.000  3.027525e-01 
  936.000  3.143046e-01 
  937.000  3.112616e-01 
  938.000  3.422043e-01 
  939.000  4.180963e-01 
  940.000  4.287829e-01 
  941.000  4.193903e-01 
  942.000  3.961365e-01 
  943.000  3.561083e-01 
  944.000  3.533380e-01 
  945.000  3.681266e-01 
  946.000  3.688477e-01 
  947.000  3.815438e-01 
  948.000  3.889271e-01 
  949.000  3.878454e-01 
  950.000  3.897015e-01 
  951.000  4.060782e-01 
  952.000  3.883529e-01 
  953.000  4.005943e-01 
  954.000  4.135172e-01 
  955.000  4.028000e-01 
  956.000  4.001760e-01 
  957.000  4.327193e-01 
  958.000  4.367311e-01 
  959.000  4.312953e-01 
  960.000  4.296616e-01 
  961.000  4.269148e-01 
  962.000  4.293047e-01 
  963.000  4.467517e-01 
  964.000  4.491920e-01 
  965.000  4.474844e-01 
  966.000  4.483663e-01 
  967.000  4.605767e-01 
  968.000  4.806358e-01 
  969.000  4.895480e-01 
  970.000  4.900118e-01 
  971.000  4.898059e-01 
  972.000  4.872957e-01 
  973.000  4.814426e-01 
  974.000  4.742474e-01 
  975.000  4.695952e-01 
  976.000  4.753035e-01 
  977.000  4.846466e-01 
  978.000  4.838767e-01 
  979.000  4.862621e-01 
  980.000  4.956695e-01 
  981.000  4.977350e-01 
  982.000  4.956353e-01 
  983.000  5.004250e-01 
  984.000  5.053374e-01 
  985.000  5.081190e-01 
  986.000  5.116975e-01 
  987.000  5.132442e-01 
  988.000  5.136014e-01 
  989.000  5.138335e-01 
  990.000  5.142189e-01 
  991.000  5.153679e-01 
  992.000  5.157728e-01 
  993.000  5.159311e-01 
  994.000  5.171346e-01 
  995.000  5.178907e-01 
  996.000  5.179734e-01 
  997.000  5.174095e-01 
  998.000  5.168484e-01 
  999.000  5.166239e-01 
 1000.000  5.168334e-01 
 1001.000  5.155908e-01 
 1002.000  5.137601e-01 
 1003.000  5.142572e-01 
 1004.000  5.152329e-01 
 1005.000  5.158054e-01 
 1006.000  5.159746e-01 
 1007.000  5.155804e-01 
 1008.000  5.141249e-01 
 1009.000  5.119082e-01 
 1010.000  5.129036e-01 
 1011.000  5.152597e-01 
 1012.000  5.159813e-01 
 1013.000  5.166301e-01 
 1014.000  5.169442e-01 
 1015.000  5.169969e-01 
 1016.000  5.173351e-01 
 1017.000  5.175338e-01 
 1018.000  5.170996e-01 
 1019.000  5.163134e-01 
 1020.000  5.165233e-01 
 1021.000  5.171531e-01 
 1022.000  5.161707e-01 
 1023.000  5.152867e-01 
 1024.000  5.149763e-01 
 1025.000  5.163273e-01 
 1026.000  5.169340e-01 
 1027.000  5.166087e-01 
 1028.000  5.168272e-01 
 1029.000  5.174454e-01 
 1030.000  5.180256e-01 
 1031.000  5.182952e-01 
 1032.000  5.185124e-01 
 1033.000  5.185608e-01 
 1034.000  5.187086e-01 
 1035.000  5.187218e-01 
 1036.000  5.185326e-01 
 1037.000  5.184320e-01 
 1038.000  5.184714e-01 
 1039.000  5.183311e-01 
 1040.000  5.181790e-01 
 1041.000  5.180554e-01 
 1042.000  5.179989e-01 
 1043.000  5.179487e-01 
 1044.000  5.178100e-01 
 1045.000  5.175159e-01 
 1046.000  5.172955e-01 
 1047.000  5.170117e-01 
 1048.000  5.165268e-01 
 1049.000  5.159669e-01 
 1050.000  5.156098e-01 
 1051.000  5.152732e-01 
 1052.000  5.149228e-01 
 1053.000  5.147209e-01 
 1054.000  5.142667e-01 
 1055.000  5.137959e-01 
 1056.000  5.133098e-01 
 1057.000  5.125281e-01 
 1058.000  5.111926e-01 
 1059.000  5.110248e-01 
 1060.000  5.113242e-01 
 1061.000  5.110317e-01 
 1062.000  5.101299e-01 
 1063.000  5.096166e-01 
 1064.000  5.087967e-01 
 1065.000  5.080988e-01 
 1066.000  5.081246e-01 
 1067.000  5.077368e-01 
 1068.000  5.066478e-01 
 1069.000  5.068498e-01 
 1070.000  5.075124e-01 
 1071.000  5.071224e-01 
 1072.000  5.065898e-01 
 1073.000  5.067462e-01 
 1074.000  5.071812e-01 
 1075.000  5.087191e-01 
 1076.000  5.082203e-01 
 1077.000  5.074338e-01 
 1078.000  5.064464e-01 
 1079.000  5.065219e-01 
 1080.000  5.034124e-01 
 1081.000  5.034044e-01 
 1082.000  5.050212e-01 
 1083.000  5.034509e-01 
 1084.000  5.016786e-01 
 1085.000  4.972120e-01 
 1086.000  4.984277e-01 
 1087.000  5.036091e-01 
 1088.000  5.039163e-01 
 1089.000  4.978751e-01 
 1090.000  4.968297e-01 
 1091.000  4.981124e-01 
 1092.000  4.951781e-01 
 1093.000  4.883769e-01 
 1094.000  4.854332e-01 
 1095.000  4.859984e-01 
 1096.000  4.865301e-01 
 1097.000  4.852655e-01 
 1098.000  4.683464e-01 
 1099.000  4.537240e-01 
 1100.000  4.547941e-01 
 1101.000  4.569040e-01 
 1102.000  4.560325e-01 
 1103.000  4.574622e-01 
 1104.000  4.550609e-01 
 1105.000  4.489216e-01 
 1106.000  4.426097e-01 
 1107.000  4.443303e-01 
 1108.000  4.456749e-01 
 1109.000  4.513122e-01 
 1110.000  4.509520e-01 
 1111.000  4.481282e-01 
 1112.000  4.349753e-01 
 1113.000  4.168646e-01 
 1114.000  4.124112e-01 
 1115.000  3.896953e-01 
 1116.000  3.752770e-01 
 1117.000  3.403210e-01 
 1118.000  3.075434e-01 
 1119.000  2.900335e-01 
 1120.000  2.672611e-01 
 1121.000  2.622321e-01 
 1122.000  2.371171e-01 
 1123.000  2.514087e-01 
 1124.000  2.608531e-01 
 1125.000  2.560471e-01 
 1126.000  2.540298e-01 
 1127.000  2.559662e-01 
 1128.000  2.597234e-01 
 1129.000  2.837111e-01 
 1130.000  3.377592e-01 
 1131.000  3.528084e-01 
 1132.000  3.323439e-01 
 1133.000  2.931957e-01 
 1134.000  2.175996e-01 
 1135.000  2.235136e-01 
 1136.000  2.984968e-01 
 1137.000  3.366732e-01 
 1138.000  3.717586e-01 
 1139.000  3.814739e-01 
 1140.000  3.748997e-01 
 1141.000  3.610880e-01 
 1142.000  3.563510e-01 
 1143.000  3.412732e-01 
 1144.000  3.238458e-01 
 1145.000  2.980977e-01 
 1146.000  3.042193e-01 
 1147.000  3.242296e-01 
 1148.000  3.416175e-01 
 1149.000  3.483848e-01 
 1150.000  3.483076e-01 
