  320.000  1.232800e-01 
  321.000  1.572453e-01 
  322.000  1.437475e-01 
  323.000  1.608873e-01 
  324.000  1.783919e-01 
  325.000  1.653205e-01 
  326.000  1.868643e-01 
  327.000  1.929575e-01 
  328.000  1.798412e-01 
  329.000  2.051582e-01 
  330.000  2.092237e-01 
  331.000  2.011931e-01 
  332.000  2.167480e-01 
  333.000  2.213215e-01 
  334.000  2.175652e-01 
  335.000  2.291058e-01 
  336.000  2.338093e-01 
  337.000  2.318250e-01 
  338.000  2.373496e-01 
  339.000  2.430750e-01 
  340.000  2.421325e-01 
  341.000  2.477109e-01 
  342.000  2.518043e-01 
  343.000  2.538646e-01 
  344.000  2.542860e-01 
  345.000  2.598617e-01 
  346.000  2.633929e-01 
  347.000  2.662778e-01 
  348.000  2.689847e-01 
  349.000  2.720306e-01 
  350.000  2.746385e-01 
  351.000  2.772399e-01 
  352.000  2.793770e-01 
  353.000  2.824202e-01 
  354.000  2.850149e-01 
  355.000  2.874328e-01 
  356.000  2.897919e-01 
  357.000  2.918938e-01 
  358.000  2.941580e-01 
  359.000  2.964226e-01 
  360.000  2.987445e-01 
  361.000  3.016816e-01 
  362.000  3.047443e-01 
  363.000  3.075691e-01 
  364.000  3.101720e-01 
  365.000  3.126164e-01 
  366.000  3.151187e-01 
  367.000  3.175038e-01 
  368.000  3.198697e-01 
  369.000  3.222176e-01 
  370.000  3.245436e-01 
  371.000  3.268537e-01 
  372.000  3.291470e-01 
  373.000  3.314229e-01 
  374.000  3.336644e-01 
  375.000  3.358645e-01 
  376.000  3.379917e-01 
  377.000  3.400039e-01 
  378.000  3.418744e-01 
  379.000  3.437762e-01 
  380.000  3.458695e-01 
  381.000  3.482544e-01 
  382.000  3.507282e-01 
  383.000  3.530694e-01 
  384.000  3.552921e-01 
  385.000  3.574354e-01 
  386.000  3.595252e-01 
  387.000  3.615827e-01 
  388.000  3.636152e-01 
  389.000  3.656323e-01 
  390.000  3.676344e-01 
  391.000  3.696171e-01 
  392.000  3.715863e-01 
  393.000  3.735404e-01 
  394.000  3.754773e-01 
  395.000  3.773956e-01 
  396.000  3.793025e-01 
  397.000  3.811882e-01 
  398.000  3.830575e-01 
  399.000  3.849118e-01 
  400.000  3.867415e-01 
  401.000  3.885649e-01 
  402.000  3.903746e-01 
  403.000  3.921695e-01 
  404.000  3.939494e-01 
  405.000  3.957104e-01 
  406.000  3.974606e-01 
  407.000  3.991978e-01 
  408.000  4.009205e-01 
  409.000  4.026271e-01 
  410.000  4.043181e-01 
  411.000  4.059930e-01 
  412.000  4.076507e-01 
  413.000  4.092995e-01 
  414.000  4.108305e-01 
  415.000  4.124874e-01 
  416.000  4.141240e-01 
  417.000  4.157338e-01 
  418.000  4.173073e-01 
  419.000  4.188640e-01 
  420.000  4.204071e-01 
  421.000  4.219415e-01 
  422.000  4.234670e-01 
  423.000  4.249817e-01 
  424.000  4.264790e-01 
  425.000  4.279425e-01 
  426.000  4.293922e-01 
  427.000  4.308296e-01 
  428.000  4.322419e-01 
  429.000  4.336348e-01 
  430.000  4.350120e-01 
  431.000  4.363794e-01 
  432.000  4.377328e-01 
  433.000  4.390739e-01 
  434.000  4.404040e-01 
  435.000  4.417215e-01 
  436.000  4.430246e-01 
  437.000  4.443139e-01 
  438.000  4.455889e-01 
  439.000  4.468545e-01 
  440.000  4.480999e-01 
  441.000  4.493299e-01 
  442.000  4.505408e-01 
  443.000  4.517337e-01 
  444.000  4.529081e-01 
  445.000  4.540575e-01 
  446.000  4.551753e-01 
  447.000  4.563479e-01 
  448.000  4.576054e-01 
  449.000  4.588786e-01 
  450.000  4.601276e-01 
  451.000  4.613281e-01 
  452.000  4.624869e-01 
  453.000  4.636222e-01 
  454.000  4.647372e-01 
  455.000  4.657878e-01 
  456.000  4.667537e-01 
  457.000  4.677201e-01 
  458.000  4.686737e-01 
  459.000  4.696072e-01 
  460.000  4.705335e-01 
  461.000  4.714501e-01 
  462.000  4.723494e-01 
  463.000  4.732450e-01 
  464.000  4.744112e-01 
  465.000  4.755602e-01 
  466.000  4.766891e-01 
  467.000  4.777921e-01 
  468.000  4.786908e-01 
  469.000  4.794649e-01 
  470.000  4.801769e-01 
  471.000  4.808179e-01 
  472.000  4.813623e-01 
  473.000  4.817438e-01 
  474.000  4.820572e-01 
  475.000  4.821377e-01 
  476.000  4.819825e-01 
  477.000  4.819793e-01 
  478.000  4.828860e-01 
  479.000  4.842666e-01 
  480.000  4.857571e-01 
  481.000  4.870945e-01 
  482.000  4.883492e-01 
  483.000  4.894402e-01 
  484.000  4.903780e-01 
  485.000  4.912169e-01 
  486.000  4.921116e-01 
  487.000  4.930536e-01 
  488.000  4.939655e-01 
  489.000  4.948608e-01 
  490.000  4.957457e-01 
  491.000  4.964387e-01 
  492.000  4.970722e-01 
  493.000  4.977026e-01 
  494.000  4.983153e-01 
  495.000  4.989280e-01 
  496.000  4.992438e-01 
  497.000  4.995476e-01 
  498.000  4.998469e-01 
  499.000  5.001302e-01 
  500.000  5.004089e-01 
  501.000  5.006567e-01 
  502.000  5.009046e-01 
  503.000  5.011493e-01 
  504.000  5.013828e-01 
  505.000  5.016035e-01 
  506.000  5.022502e-01 
  507.000  5.029157e-01 
  508.000  5.035802e-01 
  509.000  5.042371e-01 
  510.000  5.048801e-01 
  511.000  5.054566e-01 
  512.000  5.060135e-01 
  513.000  5.065671e-01 
  514.000  5.071139e-01 
  515.000  5.076559e-01 
  516.000  5.080432e-01 
  517.000  5.082914e-01 
  518.000  5.085329e-01 
  519.000  5.087698e-01 
  520.000  5.090043e-01 
  521.000  5.092145e-01 
  522.000  5.093660e-01 
  523.000  5.094754e-01 
  524.000  5.095883e-01 
  525.000  5.096773e-01 
  526.000  5.098022e-01 
  527.000  5.098223e-01 
  528.000  5.098000e-01 
  529.000  5.097764e-01 
  530.000  5.097581e-01 
  531.000  5.097430e-01 
  532.000  5.097768e-01 
  533.000  5.100813e-01 
  534.000  5.104659e-01 
  535.000  5.109000e-01 
  536.000  5.113197e-01 
  537.000  5.117037e-01 
  538.000  5.120470e-01 
  539.000  5.123652e-01 
  540.000  5.126636e-01 
  541.000  5.129533e-01 
  542.000  5.132304e-01 
  543.000  5.134977e-01 
  544.000  5.136998e-01 
  545.000  5.138487e-01 
  546.000  5.139908e-01 
  547.000  5.141369e-01 
  548.000  5.142756e-01 
  549.000  5.144121e-01 
  550.000  5.144784e-01 
  551.000  5.144749e-01 
  552.000  5.144741e-01 
  553.000  5.144589e-01 
  554.000  5.144371e-01 
  555.000  5.144114e-01 
  556.000  5.143594e-01 
  557.000  5.142616e-01 
  558.000  5.141559e-01 
  559.000  5.140379e-01 
  560.000  5.138903e-01 
  561.000  5.137155e-01 
  562.000  5.133972e-01 
  563.000  5.131855e-01 
  564.000  5.129130e-01 
  565.000  5.125135e-01 
  566.000  5.122021e-01 
  567.000  5.113962e-01 
  568.000  5.092990e-01 
  569.000  5.052629e-01 
  570.000  5.056373e-01 
  571.000  5.080734e-01 
  572.000  5.052140e-01 
  573.000  5.056615e-01 
  574.000  5.055342e-01 
  575.000  5.052419e-01 
  576.000  5.054105e-01 
  577.000  5.064873e-01 
  578.000  5.079904e-01 
  579.000  5.094736e-01 
  580.000  5.110639e-01 
  581.000  5.131935e-01 
  582.000  5.147401e-01 
  583.000  5.158257e-01 
  584.000  5.168087e-01 
  585.000  5.175764e-01 
  586.000  5.182992e-01 
  587.000  5.176120e-01 
  588.000  5.126519e-01 
  589.000  5.043149e-01 
  590.000  5.040378e-01 
  591.000  5.102015e-01 
  592.000  5.072914e-01 
  593.000  5.142534e-01 
  594.000  5.129808e-01 
  595.000  5.084409e-01 
  596.000  5.149789e-01 
  597.000  5.132169e-01 
  598.000  5.156869e-01 
  599.000  5.165240e-01 
  600.000  5.187178e-01 
  601.000  5.200015e-01 
  602.000  5.202592e-01 
  603.000  5.210253e-01 
  604.000  5.221331e-01 
  605.000  5.229477e-01 
  606.000  5.235729e-01 
  607.000  5.241781e-01 
  608.000  5.247679e-01 
  609.000  5.253330e-01 
  610.000  5.259197e-01 
  611.000  5.265715e-01 
  612.000  5.272100e-01 
  613.000  5.278288e-01 
  614.000  5.284293e-01 
  615.000  5.290283e-01 
  616.000  5.296054e-01 
  617.000  5.301507e-01 
  618.000  5.306078e-01 
  619.000  5.309945e-01 
  620.000  5.313526e-01 
  621.000  5.316603e-01 
  622.000  5.319175e-01 
  623.000  5.320895e-01 
  624.000  5.322727e-01 
  625.000  5.324261e-01 
  626.000  5.322667e-01 
  627.000  5.297934e-01 
  628.000  5.112026e-01 
  629.000  5.229434e-01 
  630.000  5.250119e-01 
  631.000  5.286558e-01 
  632.000  5.291188e-01 
  633.000  5.330881e-01 
  634.000  5.353964e-01 
  635.000  5.366098e-01 
  636.000  5.381898e-01 
  637.000  5.395352e-01 
  638.000  5.416294e-01 
  639.000  5.426831e-01 
  640.000  5.441714e-01 
  641.000  5.450975e-01 
  642.000  5.462478e-01 
  643.000  5.461683e-01 
  644.000  5.468334e-01 
  645.000  5.462733e-01 
  646.000  5.420591e-01 
  647.000  5.391928e-01 
  648.000  5.359032e-01 
  649.000  5.397327e-01 
  650.000  5.466103e-01 
  651.000  5.470459e-01 
  652.000  5.418133e-01 
  653.000  5.487672e-01 
  654.000  5.484836e-01 
  655.000  5.465412e-01 
  656.000  5.478038e-01 
  657.000  5.495015e-01 
  658.000  5.521510e-01 
  659.000  5.537423e-01 
  660.000  5.547566e-01 
  661.000  5.568330e-01 
  662.000  5.580175e-01 
  663.000  5.583179e-01 
  664.000  5.590070e-01 
  665.000  5.596508e-01 
  666.000  5.604311e-01 
  667.000  5.611151e-01 
  668.000  5.618765e-01 
  669.000  5.624679e-01 
  670.000  5.630096e-01 
  671.000  5.635710e-01 
  672.000  5.640894e-01 
  673.000  5.646006e-01 
  674.000  5.651080e-01 
  675.000  5.656156e-01 
  676.000  5.660948e-01 
  677.000  5.665348e-01 
  678.000  5.669753e-01 
  679.000  5.673579e-01 
  680.000  5.674916e-01 
  681.000  5.675314e-01 
  682.000  5.678238e-01 
  683.000  5.680463e-01 
  684.000  5.679702e-01 
  685.000  5.686648e-01 
  686.000  5.662970e-01 
  687.000  4.813169e-01 
  688.000  5.076801e-01 
  689.000  5.003371e-01 
  690.000  5.141132e-01 
  691.000  5.328448e-01 
  692.000  5.451249e-01 
  693.000  5.445324e-01 
  694.000  5.411770e-01 
  695.000  5.476326e-01 
  696.000  5.513058e-01 
  697.000  5.652056e-01 
  698.000  5.625978e-01 
  699.000  5.505246e-01 
  700.000  5.526996e-01 
  701.000  5.500963e-01 
  702.000  5.522360e-01 
  703.000  5.626093e-01 
  704.000  5.631798e-01 
  705.000  5.590709e-01 
  706.000  5.600041e-01 
  707.000  5.616248e-01 
  708.000  5.633667e-01 
  709.000  5.668162e-01 
  710.000  5.633677e-01 
  711.000  5.671090e-01 
  712.000  5.703086e-01 
  713.000  5.679385e-01 
  714.000  5.672166e-01 
  715.000  5.633070e-01 
  716.000  5.592603e-01 
  717.000  5.326307e-01 
  718.000  5.162057e-01 
  719.000  5.103526e-01 
  720.000  5.013447e-01 
  721.000  5.409705e-01 
  722.000  5.550153e-01 
  723.000  5.472381e-01 
  724.000  5.248523e-01 
  725.000  5.282955e-01 
  726.000  5.272931e-01 
  727.000  5.305436e-01 
  728.000  5.271100e-01 
  729.000  5.357955e-01 
  730.000  5.343331e-01 
  731.000  5.325546e-01 
  732.000  5.471497e-01 
  733.000  5.610570e-01 
  734.000  5.677559e-01 
  735.000  5.654603e-01 
  736.000  5.611233e-01 
  737.000  5.644733e-01 
  738.000  5.690570e-01 
  739.000  5.710518e-01 
  740.000  5.754203e-01 
  741.000  5.779602e-01 
  742.000  5.790520e-01 
  743.000  5.812541e-01 
  744.000  5.823351e-01 
  745.000  5.831831e-01 
  746.000  5.838678e-01 
  747.000  5.841002e-01 
  748.000  5.847843e-01 
  749.000  5.851727e-01 
  750.000  5.850449e-01 
  751.000  5.852291e-01 
  752.000  5.858735e-01 
  753.000  5.861732e-01 
  754.000  5.864220e-01 
  755.000  5.866046e-01 
  756.000  5.867929e-01 
  757.000  5.869247e-01 
  758.000  5.857638e-01 
  759.000  5.398508e-01 
  760.000  2.181688e-01 
  761.000  1.902798e-01 
  762.000  3.688018e-01 
  763.000  3.114491e-01 
  764.000  3.396779e-01 
  765.000  4.050612e-01 
  766.000  4.861171e-01 
  767.000  5.278378e-01 
  768.000  5.554054e-01 
  769.000  5.737222e-01 
  770.000  5.836200e-01 
  771.000  5.882654e-01 
  772.000  5.894366e-01 
  773.000  5.899652e-01 
  774.000  5.906610e-01 
  775.000  5.910786e-01 
  776.000  5.913735e-01 
  777.000  5.914823e-01 
  778.000  5.915069e-01 
  779.000  5.915170e-01 
  780.000  5.915226e-01 
  781.000  5.918094e-01 
  782.000  5.918069e-01 
  783.000  5.918129e-01 
  784.000  5.916353e-01 
  785.000  5.906500e-01 
  786.000  5.891979e-01 
  787.000  5.860860e-01 
  788.000  5.843835e-01 
  789.000  5.782020e-01 
  790.000  5.777023e-01 
  791.000  5.789102e-01 
  792.000  5.800263e-01 
  793.000  5.825862e-01 
  794.000  5.879796e-01 
  795.000  5.847340e-01 
  796.000  5.760257e-01 
  797.000  5.785565e-01 
  798.000  5.841063e-01 
  799.000  5.828760e-01 
  800.000  5.788868e-01 
  801.000  5.793950e-01 
  802.000  5.790173e-01 
  803.000  5.796333e-01 
  804.000  5.815490e-01 
  805.000  5.851942e-01 
  806.000  5.873786e-01 
  807.000  5.875021e-01 
  808.000  5.863076e-01 
  809.000  5.848337e-01 
  810.000  5.832181e-01 
  811.000  5.798691e-01 
  812.000  5.753524e-01 
  813.000  5.698074e-01 
  814.000  5.624737e-01 
  815.000  5.533392e-01 
  816.000  5.415492e-01 
  817.000  5.422487e-01 
  818.000  5.432392e-01 
  819.000  5.471463e-01 
  820.000  5.601622e-01 
  821.000  5.749942e-01 
  822.000  5.637570e-01 
  823.000  5.322302e-01 
  824.000  5.588466e-01 
  825.000  5.758981e-01 
  826.000  5.729974e-01 
  827.000  5.708693e-01 
  828.000  5.596712e-01 
  829.000  5.637390e-01 
  830.000  5.682847e-01 
  831.000  5.693631e-01 
  832.000  5.698354e-01 
  833.000  5.724586e-01 
  834.000  5.755404e-01 
  835.000  5.816359e-01 
  836.000  5.796965e-01 
  837.000  5.795042e-01 
  838.000  5.824850e-01 
  839.000  5.842989e-01 
  840.000  5.849720e-01 
  841.000  5.830439e-01 
  842.000  5.848128e-01 
  843.000  5.889844e-01 
  844.000  5.908845e-01 
  845.000  5.917816e-01 
  846.000  5.927237e-01 
  847.000  5.935991e-01 
  848.000  5.921056e-01 
  849.000  5.923427e-01 
  850.000  5.915354e-01 
  851.000  5.905682e-01 
  852.000  5.906879e-01 
  853.000  5.923421e-01 
  854.000  5.922731e-01 
  855.000  5.931141e-01 
  856.000  5.947067e-01 
  857.000  5.954290e-01 
  858.000  5.958496e-01 
  859.000  5.966388e-01 
  860.000  5.971416e-01 
  861.000  5.972340e-01 
  862.000  5.975100e-01 
  863.000  5.975633e-01 
  864.000  5.977589e-01 
  865.000  5.979224e-01 
  866.000  5.979803e-01 
  867.000  5.979726e-01 
  868.000  5.980145e-01 
  869.000  5.980819e-01 
  870.000  5.980650e-01 
  871.000  5.981295e-01 
  872.000  5.982606e-01 
  873.000  5.981668e-01 
  874.000  5.981243e-01 
  875.000  5.981286e-01 
  876.000  5.979509e-01 
  877.000  5.978696e-01 
  878.000  5.973559e-01 
  879.000  5.973362e-01 
  880.000  5.969066e-01 
  881.000  5.966481e-01 
  882.000  5.964004e-01 
  883.000  5.966818e-01 
  884.000  5.968055e-01 
  885.000  5.958925e-01 
  886.000  5.946230e-01 
  887.000  5.956169e-01 
  888.000  5.955728e-01 
  889.000  5.959231e-01 
  890.000  5.952154e-01 
  891.000  5.938015e-01 
  892.000  5.905177e-01 
  893.000  5.804695e-01 
  894.000  5.754775e-01 
  895.000  5.601263e-01 
  896.000  5.463528e-01 
  897.000  5.318074e-01 
  898.000  5.250005e-01 
  899.000  5.056335e-01 
  900.000  5.084686e-01 
  901.000  5.034228e-01 
  902.000  5.043381e-01 
  903.000  5.368944e-01 
  904.000  5.566689e-01 
  905.000  5.559472e-01 
  906.000  5.436043e-01 
  907.000  5.217074e-01 
  908.000  5.072371e-01 
  909.000  5.078773e-01 
  910.000  5.100784e-01 
  911.000  5.197130e-01 
  912.000  5.150642e-01 
  913.000  4.947897e-01 
  914.000  5.048337e-01 
  915.000  5.127261e-01 
  916.000  5.148612e-01 
  917.000  5.191350e-01 
  918.000  5.246570e-01 
  919.000  5.434082e-01 
  920.000  5.575216e-01 
  921.000  5.544132e-01 
  922.000  5.541556e-01 
  923.000  5.502286e-01 
  924.000  5.407661e-01 
  925.000  5.400159e-01 
  926.000  5.398646e-01 
  927.000  5.288533e-01 
  928.000  5.118630e-01 
  929.000  4.872293e-01 
  930.000  4.557176e-01 
  931.000  4.202372e-01 
  932.000  3.735836e-01 
  933.000  3.382363e-01 
  934.000  3.014651e-01 
  935.000  2.975847e-01 
  936.000  3.122933e-01 
  937.000  3.085062e-01 
  938.000  3.492585e-01 
  939.000  4.531719e-01 
  940.000  4.683605e-01 
  941.000  4.551698e-01 
  942.000  4.227282e-01 
  943.000  3.681677e-01 
  944.000  3.643695e-01 
  945.000  3.841665e-01 
  946.000  3.852226e-01 
  947.000  4.026599e-01 
  948.000  4.128571e-01 
  949.000  4.114670e-01 
  950.000  4.140601e-01 
  951.000  4.368133e-01 
  952.000  4.123877e-01 
  953.000  4.294213e-01 
  954.000  4.475914e-01 
  955.000  4.327433e-01 
  956.000  4.293052e-01 
  957.000  4.751865e-01 
  958.000  4.810230e-01 
  959.000  4.733801e-01 
  960.000  4.711319e-01 
  961.000  4.672898e-01 
  962.000  4.707322e-01 
  963.000  4.956955e-01 
  964.000  4.992460e-01 
  965.000  4.968399e-01 
  966.000  4.981603e-01 
  967.000  5.158439e-01 
  968.000  5.451863e-01 
  969.000  5.583548e-01 
  970.000  5.590537e-01 
  971.000  5.587428e-01 
  972.000  5.550137e-01 
  973.000  5.463707e-01 
  974.000  5.358046e-01 
  975.000  5.289985e-01 
  976.000  5.373292e-01 
  977.000  5.510429e-01 
  978.000  5.499222e-01 
  979.000  5.534548e-01 
  980.000  5.673698e-01 
  981.000  5.704412e-01 
  982.000  5.673390e-01 
  983.000  5.744579e-01 
  984.000  5.817750e-01 
  985.000  5.859255e-01 
  986.000  5.912749e-01 
  987.000  5.935889e-01 
  988.000  5.941188e-01 
  989.000  5.944594e-01 
  990.000  5.950270e-01 
  991.000  5.970181e-01 
  992.000  5.975876e-01 
  993.000  5.978040e-01 
  994.000  5.994164e-01 
  995.000  6.006530e-01 
  996.000  6.006476e-01 
  997.000  5.998966e-01 
  998.000  5.990235e-01 
  999.000  5.986865e-01 
 1000.000  5.989762e-01 
 1001.000  5.972234e-01 
 1002.000  5.941853e-01 
 1003.000  5.949165e-01 
 1004.000  5.966762e-01 
 1005.000  5.974839e-01 
 1006.000  5.977329e-01 
 1007.000  5.971582e-01 
 1008.000  5.946797e-01 
 1009.000  5.913582e-01 
 1010.000  5.928416e-01 
 1011.000  5.963689e-01 
 1012.000  5.977124e-01 
 1013.000  5.986025e-01 
 1014.000  5.990570e-01 
 1015.000  5.991384e-01 
 1016.000  5.996291e-01 
 1017.000  5.998492e-01 
 1018.000  5.992924e-01 
 1019.000  5.982036e-01 
 1020.000  5.984647e-01 
 1021.000  5.993766e-01 
 1022.000  5.980166e-01 
 1023.000  5.967643e-01 
 1024.000  5.960087e-01 
 1025.000  5.981031e-01 
 1026.000  5.991271e-01 
 1027.000  5.986722e-01 
 1028.000  5.990139e-01 
 1029.000  5.999751e-01 
 1030.000  6.008676e-01 
 1031.000  6.013079e-01 
 1032.000  6.016431e-01 
 1033.000  6.017339e-01 
 1034.000  6.019334e-01 
 1035.000  6.020135e-01 
 1036.000  6.018558e-01 
 1037.000  6.018047e-01 
 1038.000  6.018714e-01 
 1039.000  6.017020e-01 
 1040.000  6.015362e-01 
 1041.000  6.014031e-01 
 1042.000  6.013517e-01 
 1043.000  6.013178e-01 
 1044.000  6.011810e-01 
 1045.000  6.008418e-01 
 1046.000  6.005993e-01 
 1047.000  6.002975e-01 
 1048.000  5.998365e-01 
 1049.000  5.993283e-01 
 1050.000  5.989566e-01 
 1051.000  5.985285e-01 
 1052.000  5.981565e-01 
 1053.000  5.979936e-01 
 1054.000  5.974748e-01 
 1055.000  5.969414e-01 
 1056.000  5.964381e-01 
 1057.000  5.954816e-01 
 1058.000  5.937575e-01 
 1059.000  5.936971e-01 
 1060.000  5.943180e-01 
 1061.000  5.940199e-01 
 1062.000  5.928918e-01 
 1063.000  5.923136e-01 
 1064.000  5.913138e-01 
 1065.000  5.903517e-01 
 1066.000  5.904104e-01 
 1067.000  5.898080e-01 
 1068.000  5.881957e-01 
 1069.000  5.876939e-01 
 1070.000  5.882991e-01 
 1071.000  5.873638e-01 
 1072.000  5.863140e-01 
 1073.000  5.862843e-01 
 1074.000  5.866749e-01 
 1075.000  5.887262e-01 
 1076.000  5.877491e-01 
 1077.000  5.863608e-01 
 1078.000  5.846862e-01 
 1079.000  5.846034e-01 
 1080.000  5.798134e-01 
 1081.000  5.796522e-01 
 1082.000  5.819243e-01 
 1083.000  5.794369e-01 
 1084.000  5.766786e-01 
 1085.000  5.699419e-01 
 1086.000  5.716305e-01 
 1087.000  5.792187e-01 
 1088.000  5.795835e-01 
 1089.000  5.705286e-01 
 1090.000  5.688863e-01 
 1091.000  5.706972e-01 
 1092.000  5.662477e-01 
 1093.000  5.561494e-01 
 1094.000  5.517635e-01 
 1095.000  5.525315e-01 
 1096.000  5.532442e-01 
 1097.000  5.512900e-01 
 1098.000  5.265031e-01 
 1099.000  5.052711e-01 
 1100.000  5.067573e-01 
 1101.000  5.097458e-01 
 1102.000  5.083943e-01 
 1103.000  5.103993e-01 
 1104.000  5.068877e-01 
 1105.000  4.979823e-01 
 1106.000  4.889243e-01 
 1107.000  4.912676e-01 
 1108.000  4.930372e-01 
 1109.000  5.009317e-01 
 1110.000  5.001718e-01 
 1111.000  4.959815e-01 
 1112.000  4.770554e-01 
 1113.000  4.511474e-01 
 1114.000  4.444027e-01 
 1115.000  4.123850e-01 
 1116.000  3.924071e-01 
 1117.000  3.455113e-01 
 1118.000  3.024747e-01 
 1119.000  2.797363e-01 
 1120.000  2.511531e-01 
 1121.000  2.448541e-01 
 1122.000  2.147859e-01 
 1123.000  2.313928e-01 
 1124.000  2.425439e-01 
 1125.000  2.367534e-01 
 1126.000  2.343985e-01 
 1127.000  2.368595e-01 
 1128.000  2.416390e-01 
 1129.000  2.710923e-01 
 1130.000  3.395901e-01 
 1131.000  3.592682e-01 
 1132.000  3.324209e-01 
 1133.000  2.828692e-01 
 1134.000  1.925663e-01 
 1135.000  1.994087e-01 
 1136.000  2.898450e-01 
 1137.000  3.387295e-01 
 1138.000  3.854706e-01 
 1139.000  3.992414e-01 
 1140.000  3.903716e-01 
 1141.000  3.721403e-01 
 1142.000  3.657888e-01 
 1143.000  3.458038e-01 
 1144.000  3.231562e-01 
 1145.000  2.903064e-01 
 1146.000  2.980640e-01 
 1147.000  3.237061e-01 
 1148.000  3.463858e-01 
 1149.000  3.554452e-01 
 1150.000  3.557003e-01 
