  320.000  1.037843e-01 
  321.000  1.345568e-01 
  322.000  1.222683e-01 
  323.000  1.378848e-01 
  324.000  1.539496e-01 
  325.000  1.419428e-01 
  326.000  1.617638e-01 
  327.000  1.673984e-01 
  328.000  1.552846e-01 
  329.000  1.787165e-01 
  330.000  1.824980e-01 
  331.000  1.750331e-01 
  332.000  1.895097e-01 
  333.000  1.937796e-01 
  334.000  1.902722e-01 
  335.000  2.010609e-01 
  336.000  2.054685e-01 
  337.000  2.036084e-01 
  338.000  2.087901e-01 
  339.000  2.141687e-01 
  340.000  2.132827e-01 
  341.000  2.185300e-01 
  342.000  2.223855e-01 
  343.000  2.243278e-01 
  344.000  2.247251e-01 
  345.000  2.299870e-01 
  346.000  2.333233e-01 
  347.000  2.360512e-01 
  348.000  2.386127e-01 
  349.000  2.414970e-01 
  350.000  2.439683e-01 
  351.000  2.464350e-01 
  352.000  2.484625e-01 
  353.000  2.513515e-01 
  354.000  2.538165e-01 
  355.000  2.561148e-01 
  356.000  2.583584e-01 
  357.000  2.603585e-01 
  358.000  2.625142e-01 
  359.000  2.646712e-01 
  360.000  2.668841e-01 
  361.000  2.696848e-01 
  362.000  2.726074e-01 
  363.000  2.753046e-01 
  364.000  2.777914e-01 
  365.000  2.801281e-01 
  366.000  2.825213e-01 
  367.000  2.848037e-01 
  368.000  2.870689e-01 
  369.000  2.893179e-01 
  370.000  2.915470e-01 
  371.000  2.937619e-01 
  372.000  2.959618e-01 
  373.000  2.981461e-01 
  374.000  3.002982e-01 
  375.000  3.024116e-01 
  376.000  3.044558e-01 
  377.000  3.063903e-01 
  378.000  3.081892e-01 
  379.000  3.100190e-01 
  380.000  3.120338e-01 
  381.000  3.143303e-01 
  382.000  3.167134e-01 
  383.000  3.189699e-01 
  384.000  3.211130e-01 
  385.000  3.231805e-01 
  386.000  3.251972e-01 
  387.000  3.271834e-01 
  388.000  3.291463e-01 
  389.000  3.310950e-01 
  390.000  3.330299e-01 
  391.000  3.349468e-01 
  392.000  3.368513e-01 
  393.000  3.387419e-01 
  394.000  3.406165e-01 
  395.000  3.424737e-01 
  396.000  3.443205e-01 
  397.000  3.461474e-01 
  398.000  3.479590e-01 
  399.000  3.497568e-01 
  400.000  3.515311e-01 
  401.000  3.533000e-01 
  402.000  3.550560e-01 
  403.000  3.567984e-01 
  404.000  3.585265e-01 
  405.000  3.602370e-01 
  406.000  3.619374e-01 
  407.000  3.636257e-01 
  408.000  3.653004e-01 
  409.000  3.669599e-01 
  410.000  3.686047e-01 
  411.000  3.702343e-01 
  412.000  3.718476e-01 
  413.000  3.734527e-01 
  414.000  3.749435e-01 
  415.000  3.765573e-01 
  416.000  3.781518e-01 
  417.000  3.797206e-01 
  418.000  3.812543e-01 
  419.000  3.827721e-01 
  420.000  3.842770e-01 
  421.000  3.857738e-01 
  422.000  3.872623e-01 
  423.000  3.887405e-01 
  424.000  3.902022e-01 
  425.000  3.916312e-01 
  426.000  3.930470e-01 
  427.000  3.944511e-01 
  428.000  3.958310e-01 
  429.000  3.971924e-01 
  430.000  3.985386e-01 
  431.000  3.998755e-01 
  432.000  4.011990e-01 
  433.000  4.025107e-01 
  434.000  4.038120e-01 
  435.000  4.051012e-01 
  436.000  4.063766e-01 
  437.000  4.076387e-01 
  438.000  4.088870e-01 
  439.000  4.101264e-01 
  440.000  4.113462e-01 
  441.000  4.125512e-01 
  442.000  4.137376e-01 
  443.000  4.149066e-01 
  444.000  4.160577e-01 
  445.000  4.171846e-01 
  446.000  4.182806e-01 
  447.000  4.194304e-01 
  448.000  4.206639e-01 
  449.000  4.219129e-01 
  450.000  4.231384e-01 
  451.000  4.243166e-01 
  452.000  4.254540e-01 
  453.000  4.265685e-01 
  454.000  4.276633e-01 
  455.000  4.286950e-01 
  456.000  4.296437e-01 
  457.000  4.305930e-01 
  458.000  4.315298e-01 
  459.000  4.324470e-01 
  460.000  4.333573e-01 
  461.000  4.342582e-01 
  462.000  4.351422e-01 
  463.000  4.360226e-01 
  464.000  4.371693e-01 
  465.000  4.382991e-01 
  466.000  4.394095e-01 
  467.000  4.404946e-01 
  468.000  4.413787e-01 
  469.000  4.421404e-01 
  470.000  4.428410e-01 
  471.000  4.434718e-01 
  472.000  4.440076e-01 
  473.000  4.443832e-01 
  474.000  4.446917e-01 
  475.000  4.447709e-01 
  476.000  4.446182e-01 
  477.000  4.446150e-01 
  478.000  4.455076e-01 
  479.000  4.468669e-01 
  480.000  4.483347e-01 
  481.000  4.496520e-01 
  482.000  4.508880e-01 
  483.000  4.519629e-01 
  484.000  4.528871e-01 
  485.000  4.537138e-01 
  486.000  4.545957e-01 
  487.000  4.555244e-01 
  488.000  4.564234e-01 
  489.000  4.573062e-01 
  490.000  4.581788e-01 
  491.000  4.588622e-01 
  492.000  4.594871e-01 
  493.000  4.601090e-01 
  494.000  4.607135e-01 
  495.000  4.613180e-01 
  496.000  4.616295e-01 
  497.000  4.619293e-01 
  498.000  4.622246e-01 
  499.000  4.625041e-01 
  500.000  4.627792e-01 
  501.000  4.630238e-01 
  502.000  4.632683e-01 
  503.000  4.635099e-01 
  504.000  4.637403e-01 
  505.000  4.639582e-01 
  506.000  4.645965e-01 
  507.000  4.652534e-01 
  508.000  4.659094e-01 
  509.000  4.665579e-01 
  510.000  4.671929e-01 
  511.000  4.677621e-01 
  512.000  4.683120e-01 
  513.000  4.688587e-01 
  514.000  4.693988e-01 
  515.000  4.699342e-01 
  516.000  4.703167e-01 
  517.000  4.705620e-01 
  518.000  4.708005e-01 
  519.000  4.710345e-01 
  520.000  4.712663e-01 
  521.000  4.714739e-01 
  522.000  4.716237e-01 
  523.000  4.717317e-01 
  524.000  4.718432e-01 
  525.000  4.719312e-01 
  526.000  4.720546e-01 
  527.000  4.720744e-01 
  528.000  4.720524e-01 
  529.000  4.720291e-01 
  530.000  4.720110e-01 
  531.000  4.719961e-01 
  532.000  4.720294e-01 
  533.000  4.723304e-01 
  534.000  4.727104e-01 
  535.000  4.731394e-01 
  536.000  4.735541e-01 
  537.000  4.739336e-01 
  538.000  4.742729e-01 
  539.000  4.745874e-01 
  540.000  4.748823e-01 
  541.000  4.751687e-01 
  542.000  4.754426e-01 
  543.000  4.757068e-01 
  544.000  4.759066e-01 
  545.000  4.760539e-01 
  546.000  4.761943e-01 
  547.000  4.763387e-01 
  548.000  4.764759e-01 
  549.000  4.766109e-01 
  550.000  4.766763e-01 
  551.000  4.766729e-01 
  552.000  4.766721e-01 
  553.000  4.766571e-01 
  554.000  4.766355e-01 
  555.000  4.766102e-01 
  556.000  4.765587e-01 
  557.000  4.764620e-01 
  558.000  4.763575e-01 
  559.000  4.762409e-01 
  560.000  4.760948e-01 
  561.000  4.759216e-01 
  562.000  4.755601e-01 
  563.000  4.753469e-01 
  564.000  4.750659e-01 
  565.000  4.746376e-01 
  566.000  4.743513e-01 
  567.000  4.734059e-01 
  568.000  4.708434e-01 
  569.000  4.655823e-01 
  570.000  4.662412e-01 
  571.000  4.697106e-01 
  572.000  4.660477e-01 
  573.000  4.668288e-01 
  574.000  4.669464e-01 
  575.000  4.666452e-01 
  576.000  4.668182e-01 
  577.000  4.680467e-01 
  578.000  4.698544e-01 
  579.000  4.714705e-01 
  580.000  4.730281e-01 
  581.000  4.752117e-01 
  582.000  4.767338e-01 
  583.000  4.777274e-01 
  584.000  4.785872e-01 
  585.000  4.793109e-01 
  586.000  4.799657e-01 
  587.000  4.788595e-01 
  588.000  4.718414e-01 
  589.000  4.606325e-01 
  590.000  4.601313e-01 
  591.000  4.681430e-01 
  592.000  4.641838e-01 
  593.000  4.732919e-01 
  594.000  4.714986e-01 
  595.000  4.653972e-01 
  596.000  4.741262e-01 
  597.000  4.719096e-01 
  598.000  4.753102e-01 
  599.000  4.765477e-01 
  600.000  4.795972e-01 
  601.000  4.814778e-01 
  602.000  4.819440e-01 
  603.000  4.829334e-01 
  604.000  4.841184e-01 
  605.000  4.850065e-01 
  606.000  4.856471e-01 
  607.000  4.862658e-01 
  608.000  4.868534e-01 
  609.000  4.874152e-01 
  610.000  4.879963e-01 
  611.000  4.886417e-01 
  612.000  4.892741e-01 
  613.000  4.898868e-01 
  614.000  4.904816e-01 
  615.000  4.910749e-01 
  616.000  4.916466e-01 
  617.000  4.921867e-01 
  618.000  4.926396e-01 
  619.000  4.930227e-01 
  620.000  4.933775e-01 
  621.000  4.936824e-01 
  622.000  4.939371e-01 
  623.000  4.941076e-01 
  624.000  4.942889e-01 
  625.000  4.944400e-01 
  626.000  4.941594e-01 
  627.000  4.912024e-01 
  628.000  4.733768e-01 
  629.000  4.841552e-01 
  630.000  4.868777e-01 
  631.000  4.904066e-01 
  632.000  4.899222e-01 
  633.000  4.944332e-01 
  634.000  4.967936e-01 
  635.000  4.979066e-01 
  636.000  4.995283e-01 
  637.000  5.008682e-01 
  638.000  5.032450e-01 
  639.000  5.041871e-01 
  640.000  5.058317e-01 
  641.000  5.067015e-01 
  642.000  5.079182e-01 
  643.000  5.074889e-01 
  644.000  5.081077e-01 
  645.000  5.072713e-01 
  646.000  5.012562e-01 
  647.000  4.972112e-01 
  648.000  4.926317e-01 
  649.000  4.974851e-01 
  650.000  5.064287e-01 
  651.000  5.068240e-01 
  652.000  4.996915e-01 
  653.000  5.087519e-01 
  654.000  5.081956e-01 
  655.000  5.054308e-01 
  656.000  5.069317e-01 
  657.000  5.090295e-01 
  658.000  5.123907e-01 
  659.000  5.145177e-01 
  660.000  5.156707e-01 
  661.000  5.181587e-01 
  662.000  5.195529e-01 
  663.000  5.197235e-01 
  664.000  5.205272e-01 
  665.000  5.212024e-01 
  666.000  5.220285e-01 
  667.000  5.227738e-01 
  668.000  5.236216e-01 
  669.000  5.242370e-01 
  670.000  5.247852e-01 
  671.000  5.253611e-01 
  672.000  5.258788e-01 
  673.000  5.263874e-01 
  674.000  5.268916e-01 
  675.000  5.273966e-01 
  676.000  5.278708e-01 
  677.000  5.283070e-01 
  678.000  5.287443e-01 
  679.000  5.291045e-01 
  680.000  5.291312e-01 
  681.000  5.290840e-01 
  682.000  5.293938e-01 
  683.000  5.295061e-01 
  684.000  5.292036e-01 
  685.000  5.300445e-01 
  686.000  5.276658e-01 
  687.000  4.459787e-01 
  688.000  4.714657e-01 
  689.000  4.641942e-01 
  690.000  4.775563e-01 
  691.000  4.950887e-01 
  692.000  5.056534e-01 
  693.000  5.013303e-01 
  694.000  4.947874e-01 
  695.000  5.021402e-01 
  696.000  5.064294e-01 
  697.000  5.241638e-01 
  698.000  5.206254e-01 
  699.000  5.049065e-01 
  700.000  5.076034e-01 
  701.000  5.041641e-01 
  702.000  5.068352e-01 
  703.000  5.201628e-01 
  704.000  5.208240e-01 
  705.000  5.154350e-01 
  706.000  5.165769e-01 
  707.000  5.186092e-01 
  708.000  5.208016e-01 
  709.000  5.252121e-01 
  710.000  5.206662e-01 
  711.000  5.254529e-01 
  712.000  5.295434e-01 
  713.000  5.263814e-01 
  714.000  5.253559e-01 
  715.000  5.201660e-01 
  716.000  5.147591e-01 
  717.000  4.804930e-01 
  718.000  4.596204e-01 
  719.000  4.521694e-01 
  720.000  4.409768e-01 
  721.000  4.906683e-01 
  722.000  5.085973e-01 
  723.000  4.985491e-01 
  724.000  4.700640e-01 
  725.000  4.743031e-01 
  726.000  4.730098e-01 
  727.000  4.770771e-01 
  728.000  4.727238e-01 
  729.000  4.836726e-01 
  730.000  4.818210e-01 
  731.000  4.795776e-01 
  732.000  4.980948e-01 
  733.000  5.159554e-01 
  734.000  5.246139e-01 
  735.000  5.216106e-01 
  736.000  5.159767e-01 
  737.000  5.202762e-01 
  738.000  5.261831e-01 
  739.000  5.287455e-01 
  740.000  5.344027e-01 
  741.000  5.376862e-01 
  742.000  5.390815e-01 
  743.000  5.421182e-01 
  744.000  5.433582e-01 
  745.000  5.444286e-01 
  746.000  5.452825e-01 
  747.000  5.455317e-01 
  748.000  5.463104e-01 
  749.000  5.467668e-01 
  750.000  5.465297e-01 
  751.000  5.467122e-01 
  752.000  5.475141e-01 
  753.000  5.478526e-01 
  754.000  5.481229e-01 
  755.000  5.483045e-01 
  756.000  5.484940e-01 
  757.000  5.486255e-01 
  758.000  5.474811e-01 
  759.000  5.030718e-01 
  760.000  1.965885e-01 
  761.000  1.705925e-01 
  762.000  3.388626e-01 
  763.000  2.843811e-01 
  764.000  3.111576e-01 
  765.000  3.734881e-01 
  766.000  4.512731e-01 
  767.000  4.915074e-01 
  768.000  5.181601e-01 
  769.000  5.358986e-01 
  770.000  5.455342e-01 
  771.000  5.500160e-01 
  772.000  5.511546e-01 
  773.000  5.516633e-01 
  774.000  5.523300e-01 
  775.000  5.527486e-01 
  776.000  5.530490e-01 
  777.000  5.531385e-01 
  778.000  5.531296e-01 
  779.000  5.531095e-01 
  780.000  5.530865e-01 
  781.000  5.534378e-01 
  782.000  5.534042e-01 
  783.000  5.533820e-01 
  784.000  5.531148e-01 
  785.000  5.518842e-01 
  786.000  5.501310e-01 
  787.000  5.458735e-01 
  788.000  5.436452e-01 
  789.000  5.356648e-01 
  790.000  5.349929e-01 
  791.000  5.365164e-01 
  792.000  5.379282e-01 
  793.000  5.411996e-01 
  794.000  5.481285e-01 
  795.000  5.439163e-01 
  796.000  5.327049e-01 
  797.000  5.359244e-01 
  798.000  5.430343e-01 
  799.000  5.414289e-01 
  800.000  5.362790e-01 
  801.000  5.369076e-01 
  802.000  5.364002e-01 
  803.000  5.371697e-01 
  804.000  5.396128e-01 
  805.000  5.442831e-01 
  806.000  5.470801e-01 
  807.000  5.472175e-01 
  808.000  5.456522e-01 
  809.000  5.437250e-01 
  810.000  5.416110e-01 
  811.000  5.372673e-01 
  812.000  5.314233e-01 
  813.000  5.242787e-01 
  814.000  5.148772e-01 
  815.000  5.032189e-01 
  816.000  4.883782e-01 
  817.000  4.891921e-01 
  818.000  4.904053e-01 
  819.000  4.953147e-01 
  820.000  5.117288e-01 
  821.000  5.305773e-01 
  822.000  5.162487e-01 
  823.000  4.766922e-01 
  824.000  5.100109e-01 
  825.000  5.316874e-01 
  826.000  5.280120e-01 
  827.000  5.252783e-01 
  828.000  5.110338e-01 
  829.000  5.161652e-01 
  830.000  5.219324e-01 
  831.000  5.233027e-01 
  832.000  5.239262e-01 
  833.000  5.272700e-01 
  834.000  5.312116e-01 
  835.000  5.390282e-01 
  836.000  5.365343e-01 
  837.000  5.362865e-01 
  838.000  5.400981e-01 
  839.000  5.424199e-01 
  840.000  5.432701e-01 
  841.000  5.407780e-01 
  842.000  5.430374e-01 
  843.000  5.483950e-01 
  844.000  5.508354e-01 
  845.000  5.519787e-01 
  846.000  5.531810e-01 
  847.000  5.545055e-01 
  848.000  5.523472e-01 
  849.000  5.526345e-01 
  850.000  5.515728e-01 
  851.000  5.503065e-01 
  852.000  5.504437e-01 
  853.000  5.525631e-01 
  854.000  5.524600e-01 
  855.000  5.535312e-01 
  856.000  5.555495e-01 
  857.000  5.565440e-01 
  858.000  5.570006e-01 
  859.000  5.580604e-01 
  860.000  5.586482e-01 
  861.000  5.587528e-01 
  862.000  5.591020e-01 
  863.000  5.591546e-01 
  864.000  5.593968e-01 
  865.000  5.595964e-01 
  866.000  5.596553e-01 
  867.000  5.596280e-01 
  868.000  5.596660e-01 
  869.000  5.597377e-01 
  870.000  5.596983e-01 
  871.000  5.597665e-01 
  872.000  5.599222e-01 
  873.000  5.597818e-01 
  874.000  5.597093e-01 
  875.000  5.596980e-01 
  876.000  5.594475e-01 
  877.000  5.593239e-01 
  878.000  5.586505e-01 
  879.000  5.586799e-01 
  880.000  5.580463e-01 
  881.000  5.577794e-01 
  882.000  5.574551e-01 
  883.000  5.577945e-01 
  884.000  5.579358e-01 
  885.000  5.567577e-01 
  886.000  5.552572e-01 
  887.000  5.563813e-01 
  888.000  5.563102e-01 
  889.000  5.567273e-01 
  890.000  5.559126e-01 
  891.000  5.539041e-01 
  892.000  5.496638e-01 
  893.000  5.368167e-01 
  894.000  5.304187e-01 
  895.000  5.110524e-01 
  896.000  4.937681e-01 
  897.000  4.756457e-01 
  898.000  4.672130e-01 
  899.000  4.437138e-01 
  900.000  4.470580e-01 
  901.000  4.409996e-01 
  902.000  4.421761e-01 
  903.000  4.817531e-01 
  904.000  5.062470e-01 
  905.000  5.053977e-01 
  906.000  4.900847e-01 
  907.000  4.632318e-01 
  908.000  4.456930e-01 
  909.000  4.464148e-01 
  910.000  4.490429e-01 
  911.000  4.606795e-01 
  912.000  4.550512e-01 
  913.000  4.307390e-01 
  914.000  4.427432e-01 
  915.000  4.522690e-01 
  916.000  4.548806e-01 
  917.000  4.601012e-01 
  918.000  4.668545e-01 
  919.000  4.898797e-01 
  920.000  5.074494e-01 
  921.000  5.036134e-01 
  922.000  5.032983e-01 
  923.000  4.984090e-01 
  924.000  4.866818e-01 
  925.000  4.856534e-01 
  926.000  4.852094e-01 
  927.000  4.714542e-01 
  928.000  4.504586e-01 
  929.000  4.205111e-01 
  930.000  3.830909e-01 
  931.000  3.421997e-01 
  932.000  2.898020e-01 
  933.000  2.523487e-01 
  934.000  2.152417e-01 
  935.000  2.112543e-01 
  936.000  2.255585e-01 
  937.000  2.220204e-01 
  938.000  2.638555e-01 
  939.000  3.776882e-01 
  940.000  3.953678e-01 
  941.000  3.803242e-01 
  942.000  3.436966e-01 
  943.000  2.843536e-01 
  944.000  2.802089e-01 
  945.000  3.011380e-01 
  946.000  3.024202e-01 
  947.000  3.216245e-01 
  948.000  3.329695e-01 
  949.000  3.316162e-01 
  950.000  3.345660e-01 
  951.000  3.601317e-01 
  952.000  3.330614e-01 
  953.000  3.522554e-01 
  954.000  3.730813e-01 
  955.000  3.564716e-01 
  956.000  3.529826e-01 
  957.000  4.058591e-01 
  958.000  4.129373e-01 
  959.000  4.041776e-01 
  960.000  4.017017e-01 
  961.000  3.973414e-01 
  962.000  4.014625e-01 
  963.000  4.309685e-01 
  964.000  4.352918e-01 
  965.000  4.325343e-01 
  966.000  4.342215e-01 
  967.000  4.555510e-01 
  968.000  4.915144e-01 
  969.000  5.079306e-01 
  970.000  5.088476e-01 
  971.000  5.084675e-01 
  972.000  5.038044e-01 
  973.000  4.930703e-01 
  974.000  4.800620e-01 
  975.000  4.717387e-01 
  976.000  4.819295e-01 
  977.000  4.988480e-01 
  978.000  4.975037e-01 
  979.000  5.019364e-01 
  980.000  5.193226e-01 
  981.000  5.232073e-01 
  982.000  5.193608e-01 
  983.000  5.283348e-01 
  984.000  5.375910e-01 
  985.000  5.428653e-01 
  986.000  5.496783e-01 
  987.000  5.526407e-01 
  988.000  5.533259e-01 
  989.000  5.537651e-01 
  990.000  5.544891e-01 
  991.000  5.570291e-01 
  992.000  5.577519e-01 
  993.000  5.580232e-01 
  994.000  5.601419e-01 
  995.000  5.617073e-01 
  996.000  5.616940e-01 
  997.000  5.607262e-01 
  998.000  5.597222e-01 
  999.000  5.592986e-01 
 1000.000  5.596475e-01 
 1001.000  5.572200e-01 
 1002.000  5.533381e-01 
 1003.000  5.542618e-01 
 1004.000  5.564973e-01 
 1005.000  5.575201e-01 
 1006.000  5.578420e-01 
 1007.000  5.571005e-01 
 1008.000  5.539356e-01 
 1009.000  5.497064e-01 
 1010.000  5.515900e-01 
 1011.000  5.560836e-01 
 1012.000  5.577968e-01 
 1013.000  5.591421e-01 
 1014.000  5.597048e-01 
 1015.000  5.598091e-01 
 1016.000  5.602327e-01 
 1017.000  5.605996e-01 
 1018.000  5.600023e-01 
 1019.000  5.584376e-01 
 1020.000  5.589833e-01 
 1021.000  5.601082e-01 
 1022.000  5.582088e-01 
 1023.000  5.566189e-01 
 1024.000  5.556640e-01 
 1025.000  5.585631e-01 
 1026.000  5.598370e-01 
 1027.000  5.592849e-01 
 1028.000  5.597216e-01 
 1029.000  5.608430e-01 
 1030.000  5.619956e-01 
 1031.000  5.625759e-01 
 1032.000  5.630251e-01 
 1033.000  5.631560e-01 
 1034.000  5.633734e-01 
 1035.000  5.635276e-01 
 1036.000  5.634051e-01 
 1037.000  5.634090e-01 
 1038.000  5.635055e-01 
 1039.000  5.633045e-01 
 1040.000  5.631241e-01 
 1041.000  5.629807e-01 
 1042.000  5.629351e-01 
 1043.000  5.629193e-01 
 1044.000  5.627849e-01 
 1045.000  5.623970e-01 
 1046.000  5.621309e-01 
 1047.000  5.618102e-01 
 1048.000  5.613772e-01 
 1049.000  5.609487e-01 
 1050.000  5.605249e-01 
 1051.000  5.600019e-01 
 1052.000  5.596069e-01 
 1053.000  5.594804e-01 
 1054.000  5.589438e-01 
 1055.000  5.583528e-01 
 1056.000  5.578351e-01 
 1057.000  5.566690e-01 
 1058.000  5.546864e-01 
 1059.000  5.546490e-01 
 1060.000  5.555532e-01 
 1061.000  5.552506e-01 
 1062.000  5.540064e-01 
 1063.000  5.534516e-01 
 1064.000  5.523278e-01 
 1065.000  5.510638e-01 
 1066.000  5.511526e-01 
 1067.000  5.506557e-01 
 1068.000  5.482945e-01 
 1069.000  5.473167e-01 
 1070.000  5.478394e-01 
 1071.000  5.464314e-01 
 1072.000  5.449479e-01 
 1073.000  5.447519e-01 
 1074.000  5.450954e-01 
 1075.000  5.475508e-01 
 1076.000  5.461723e-01 
 1077.000  5.442845e-01 
 1078.000  5.420421e-01 
 1079.000  5.418189e-01 
 1080.000  5.356720e-01 
 1081.000  5.353804e-01 
 1082.000  5.381648e-01 
 1083.000  5.349282e-01 
 1084.000  5.313756e-01 
 1085.000  5.228546e-01 
 1086.000  5.248942e-01 
 1087.000  5.343531e-01 
 1088.000  5.347618e-01 
 1089.000  5.233248e-01 
 1090.000  5.212007e-01 
 1091.000  5.233999e-01 
 1092.000  5.177544e-01 
 1093.000  5.051345e-01 
 1094.000  4.996644e-01 
 1095.000  5.005580e-01 
 1096.000  5.013562e-01 
 1097.000  4.988424e-01 
 1098.000  4.684016e-01 
 1099.000  4.427243e-01 
 1100.000  4.444504e-01 
 1101.000  4.479726e-01 
 1102.000  4.462432e-01 
 1103.000  4.485602e-01 
 1104.000  4.442649e-01 
 1105.000  4.335298e-01 
 1106.000  4.227905e-01 
 1107.000  4.253870e-01 
 1108.000  4.272421e-01 
 1109.000  4.362951e-01 
 1110.000  4.349770e-01 
 1111.000  4.297773e-01 
 1112.000  4.072296e-01 
 1113.000  3.766440e-01 
 1114.000  3.680689e-01 
 1115.000  3.312750e-01 
 1116.000  3.089712e-01 
 1117.000  2.591982e-01 
 1118.000  2.152016e-01 
 1119.000  1.924514e-01 
 1120.000  1.653977e-01 
 1121.000  1.594826e-01 
 1122.000  1.331125e-01 
 1123.000  1.469870e-01 
 1124.000  1.565447e-01 
 1125.000  1.514286e-01 
 1126.000  1.494468e-01 
 1127.000  1.518082e-01 
 1128.000  1.563770e-01 
 1129.000  1.832960e-01 
 1130.000  2.492451e-01 
 1131.000  2.691648e-01 
 1132.000  2.418734e-01 
 1133.000  1.942887e-01 
 1134.000  1.151551e-01 
 1135.000  1.208456e-01 
 1136.000  2.013852e-01 
 1137.000  2.492860e-01 
 1138.000  2.981101e-01 
 1139.000  3.139134e-01 
 1140.000  3.044397e-01 
 1141.000  2.856215e-01 
 1142.000  2.789094e-01 
 1143.000  2.581584e-01 
 1144.000  2.353691e-01 
 1145.000  2.032832e-01 
 1146.000  2.107844e-01 
 1147.000  2.360206e-01 
 1148.000  2.589915e-01 
 1149.000  2.685518e-01 
 1150.000  2.693948e-01 
