  320.000  1.495177e-01 
  321.000  1.873461e-01 
  322.000  1.723928e-01 
  323.000  1.913643e-01 
  324.000  2.105875e-01 
  325.000  1.962466e-01 
  326.000  2.198413e-01 
  327.000  2.264774e-01 
  328.000  2.121727e-01 
  329.000  2.397198e-01 
  330.000  2.441193e-01 
  331.000  2.354226e-01 
  332.000  2.522457e-01 
  333.000  2.571749e-01 
  334.000  2.531269e-01 
  335.000  2.655478e-01 
  336.000  2.705967e-01 
  337.000  2.684677e-01 
  338.000  2.743922e-01 
  339.000  2.805215e-01 
  340.000  2.795132e-01 
  341.000  2.854766e-01 
  342.000  2.898463e-01 
  343.000  2.920437e-01 
  344.000  2.924930e-01 
  345.000  2.984324e-01 
  346.000  3.021891e-01 
  347.000  3.052555e-01 
  348.000  3.081306e-01 
  349.000  3.113631e-01 
  350.000  3.141288e-01 
  351.000  3.168855e-01 
  352.000  3.191488e-01 
  353.000  3.223696e-01 
  354.000  3.251137e-01 
  355.000  3.276692e-01 
  356.000  3.301609e-01 
  357.000  3.323799e-01 
  358.000  3.347688e-01 
  359.000  3.371568e-01 
  360.000  3.396038e-01 
  361.000  3.426972e-01 
  362.000  3.459206e-01 
  363.000  3.488914e-01 
  364.000  3.516271e-01 
  365.000  3.541947e-01 
  366.000  3.568216e-01 
  367.000  3.593240e-01 
  368.000  3.618050e-01 
  369.000  3.642657e-01 
  370.000  3.667022e-01 
  371.000  3.691208e-01 
  372.000  3.715205e-01 
  373.000  3.739009e-01 
  374.000  3.762439e-01 
  375.000  3.785428e-01 
  376.000  3.807644e-01 
  377.000  3.828649e-01 
  378.000  3.848166e-01 
  379.000  3.868003e-01 
  380.000  3.889828e-01 
  381.000  3.914681e-01 
  382.000  3.940446e-01 
  383.000  3.964820e-01 
  384.000  3.987949e-01 
  385.000  4.010240e-01 
  386.000  4.031967e-01 
  387.000  4.053348e-01 
  388.000  4.074461e-01 
  389.000  4.095405e-01 
  390.000  4.116185e-01 
  391.000  4.136756e-01 
  392.000  4.157179e-01 
  393.000  4.177437e-01 
  394.000  4.197510e-01 
  395.000  4.217381e-01 
  396.000  4.237128e-01 
  397.000  4.256648e-01 
  398.000  4.275991e-01 
  399.000  4.295173e-01 
  400.000  4.314092e-01 
  401.000  4.332941e-01 
  402.000  4.351641e-01 
  403.000  4.370183e-01 
  404.000  4.388562e-01 
  405.000  4.406742e-01 
  406.000  4.424804e-01 
  407.000  4.442725e-01 
  408.000  4.460492e-01 
  409.000  4.478086e-01 
  410.000  4.495515e-01 
  411.000  4.512773e-01 
  412.000  4.529848e-01 
  413.000  4.546827e-01 
  414.000  4.562588e-01 
  415.000  4.579640e-01 
  416.000  4.596478e-01 
  417.000  4.613037e-01 
  418.000  4.629216e-01 
  419.000  4.645218e-01 
  420.000  4.661077e-01 
  421.000  4.676843e-01 
  422.000  4.692512e-01 
  423.000  4.708067e-01 
  424.000  4.723439e-01 
  425.000  4.738459e-01 
  426.000  4.753335e-01 
  427.000  4.768081e-01 
  428.000  4.782565e-01 
  429.000  4.796849e-01 
  430.000  4.810967e-01 
  431.000  4.824981e-01 
  432.000  4.838849e-01 
  433.000  4.852587e-01 
  434.000  4.866211e-01 
  435.000  4.879701e-01 
  436.000  4.893042e-01 
  437.000  4.906239e-01 
  438.000  4.919286e-01 
  439.000  4.932234e-01 
  440.000  4.944974e-01 
  441.000  4.957553e-01 
  442.000  4.969934e-01 
  443.000  4.982129e-01 
  444.000  4.994132e-01 
  445.000  5.005878e-01 
  446.000  5.017299e-01 
  447.000  5.029277e-01 
  448.000  5.042120e-01 
  449.000  5.055122e-01 
  450.000  5.067873e-01 
  451.000  5.080127e-01 
  452.000  5.091951e-01 
  453.000  5.103536e-01 
  454.000  5.114911e-01 
  455.000  5.125626e-01 
  456.000  5.135477e-01 
  457.000  5.145332e-01 
  458.000  5.155053e-01 
  459.000  5.164569e-01 
  460.000  5.174010e-01 
  461.000  5.183351e-01 
  462.000  5.192515e-01 
  463.000  5.201639e-01 
  464.000  5.213518e-01 
  465.000  5.225220e-01 
  466.000  5.236715e-01 
  467.000  5.247945e-01 
  468.000  5.257093e-01 
  469.000  5.264972e-01 
  470.000  5.272217e-01 
  471.000  5.278740e-01 
  472.000  5.284279e-01 
  473.000  5.288161e-01 
  474.000  5.291349e-01 
  475.000  5.292168e-01 
  476.000  5.290590e-01 
  477.000  5.290558e-01 
  478.000  5.299781e-01 
  479.000  5.313823e-01 
  480.000  5.328979e-01 
  481.000  5.342577e-01 
  482.000  5.355331e-01 
  483.000  5.366418e-01 
  484.000  5.375948e-01 
  485.000  5.384470e-01 
  486.000  5.393559e-01 
  487.000  5.403128e-01 
  488.000  5.412390e-01 
  489.000  5.421481e-01 
  490.000  5.430465e-01 
  491.000  5.437500e-01 
  492.000  5.443931e-01 
  493.000  5.450330e-01 
  494.000  5.456549e-01 
  495.000  5.462767e-01 
  496.000  5.465971e-01 
  497.000  5.469053e-01 
  498.000  5.472091e-01 
  499.000  5.474964e-01 
  500.000  5.477793e-01 
  501.000  5.480307e-01 
  502.000  5.482821e-01 
  503.000  5.485305e-01 
  504.000  5.487673e-01 
  505.000  5.489912e-01 
  506.000  5.496472e-01 
  507.000  5.503221e-01 
  508.000  5.509960e-01 
  509.000  5.516621e-01 
  510.000  5.523142e-01 
  511.000  5.528986e-01 
  512.000  5.534632e-01 
  513.000  5.540243e-01 
  514.000  5.545786e-01 
  515.000  5.551279e-01 
  516.000  5.555204e-01 
  517.000  5.557720e-01 
  518.000  5.560167e-01 
  519.000  5.562567e-01 
  520.000  5.564944e-01 
  521.000  5.567074e-01 
  522.000  5.568610e-01 
  523.000  5.569717e-01 
  524.000  5.570862e-01 
  525.000  5.571764e-01 
  526.000  5.573029e-01 
  527.000  5.573233e-01 
  528.000  5.573006e-01 
  529.000  5.572767e-01 
  530.000  5.572582e-01 
  531.000  5.572429e-01 
  532.000  5.572771e-01 
  533.000  5.575857e-01 
  534.000  5.579753e-01 
  535.000  5.584151e-01 
  536.000  5.588402e-01 
  537.000  5.592291e-01 
  538.000  5.595769e-01 
  539.000  5.598992e-01 
  540.000  5.602014e-01 
  541.000  5.604948e-01 
  542.000  5.607755e-01 
  543.000  5.610461e-01 
  544.000  5.612508e-01 
  545.000  5.614016e-01 
  546.000  5.615454e-01 
  547.000  5.616933e-01 
  548.000  5.618338e-01 
  549.000  5.619721e-01 
  550.000  5.620391e-01 
  551.000  5.620356e-01 
  552.000  5.620348e-01 
  553.000  5.620194e-01 
  554.000  5.619974e-01 
  555.000  5.619714e-01 
  556.000  5.619186e-01 
  557.000  5.618196e-01 
  558.000  5.617126e-01 
  559.000  5.615931e-01 
  560.000  5.614433e-01 
  561.000  5.612656e-01 
  562.000  5.608534e-01 
  563.000  5.606314e-01 
  564.000  5.603331e-01 
  565.000  5.598644e-01 
  566.000  5.595902e-01 
  567.000  5.585226e-01 
  568.000  5.553280e-01 
  569.000  5.482948e-01 
  570.000  5.493150e-01 
  571.000  5.541444e-01 
  572.000  5.493819e-01 
  573.000  5.505880e-01 
  574.000  5.508721e-01 
  575.000  5.505457e-01 
  576.000  5.507312e-01 
  577.000  5.524378e-01 
  578.000  5.545636e-01 
  579.000  5.564032e-01 
  580.000  5.579845e-01 
  581.000  5.603294e-01 
  582.000  5.618811e-01 
  583.000  5.627900e-01 
  584.000  5.636390e-01 
  585.000  5.642326e-01 
  586.000  5.648775e-01 
  587.000  5.630609e-01 
  588.000  5.534989e-01 
  589.000  5.384896e-01 
  590.000  5.377080e-01 
  591.000  5.482041e-01 
  592.000  5.428610e-01 
  593.000  5.548353e-01 
  594.000  5.523658e-01 
  595.000  5.442005e-01 
  596.000  5.558268e-01 
  597.000  5.529918e-01 
  598.000  5.576082e-01 
  599.000  5.593586e-01 
  600.000  5.635213e-01 
  601.000  5.661715e-01 
  602.000  5.669027e-01 
  603.000  5.681506e-01 
  604.000  5.695370e-01 
  605.000  5.705175e-01 
  606.000  5.711915e-01 
  607.000  5.718412e-01 
  608.000  5.724446e-01 
  609.000  5.730205e-01 
  610.000  5.736139e-01 
  611.000  5.742729e-01 
  612.000  5.749184e-01 
  613.000  5.755437e-01 
  614.000  5.761507e-01 
  615.000  5.767559e-01 
  616.000  5.773391e-01 
  617.000  5.778900e-01 
  618.000  5.783517e-01 
  619.000  5.787424e-01 
  620.000  5.791041e-01 
  621.000  5.794149e-01 
  622.000  5.796746e-01 
  623.000  5.798483e-01 
  624.000  5.800328e-01 
  625.000  5.801861e-01 
  626.000  5.797909e-01 
  627.000  5.759383e-01 
  628.000  5.567036e-01 
  629.000  5.679373e-01 
  630.000  5.714835e-01 
  631.000  5.752776e-01 
  632.000  5.738785e-01 
  633.000  5.794504e-01 
  634.000  5.819533e-01 
  635.000  5.830259e-01 
  636.000  5.846264e-01 
  637.000  5.859980e-01 
  638.000  5.888236e-01 
  639.000  5.897275e-01 
  640.000  5.915526e-01 
  641.000  5.923105e-01 
  642.000  5.936946e-01 
  643.000  5.928908e-01 
  644.000  5.934783e-01 
  645.000  5.920424e-01 
  646.000  5.838951e-01 
  647.000  5.783653e-01 
  648.000  5.721527e-01 
  649.000  5.783395e-01 
  650.000  5.899333e-01 
  651.000  5.902910e-01 
  652.000  5.807524e-01 
  653.000  5.925071e-01 
  654.000  5.916174e-01 
  655.000  5.878227e-01 
  656.000  5.896394e-01 
  657.000  5.922548e-01 
  658.000  5.965261e-01 
  659.000  5.991713e-01 
  660.000  6.005316e-01 
  661.000  6.037444e-01 
  662.000  6.053672e-01 
  663.000  6.054991e-01 
  664.000  6.063427e-01 
  665.000  6.071368e-01 
  666.000  6.080513e-01 
  667.000  6.088290e-01 
  668.000  6.097663e-01 
  669.000  6.104128e-01 
  670.000  6.109756e-01 
  671.000  6.115733e-01 
  672.000  6.120984e-01 
  673.000  6.126126e-01 
  674.000  6.131217e-01 
  675.000  6.136321e-01 
  676.000  6.141092e-01 
  677.000  6.145483e-01 
  678.000  6.149893e-01 
  679.000  6.153353e-01 
  680.000  6.152705e-01 
  681.000  6.151479e-01 
  682.000  6.153656e-01 
  683.000  6.154485e-01 
  684.000  6.149352e-01 
  685.000  6.158413e-01 
  686.000  6.132218e-01 
  687.000  5.250458e-01 
  688.000  5.527945e-01 
  689.000  5.447047e-01 
  690.000  5.592358e-01 
  691.000  5.776866e-01 
  692.000  5.879197e-01 
  693.000  5.799670e-01 
  694.000  5.700367e-01 
  695.000  5.789048e-01 
  696.000  5.841385e-01 
  697.000  6.069163e-01 
  698.000  6.022027e-01 
  699.000  5.817596e-01 
  700.000  5.851544e-01 
  701.000  5.806296e-01 
  702.000  5.840015e-01 
  703.000  6.011670e-01 
  704.000  6.019466e-01 
  705.000  5.949042e-01 
  706.000  5.963189e-01 
  707.000  5.988856e-01 
  708.000  6.016614e-01 
  709.000  6.073111e-01 
  710.000  6.013566e-01 
  711.000  6.074917e-01 
  712.000  6.127277e-01 
  713.000  6.085577e-01 
  714.000  6.071531e-01 
  715.000  6.003377e-01 
  716.000  5.932192e-01 
  717.000  5.489851e-01 
  718.000  5.221750e-01 
  719.000  5.125808e-01 
  720.000  4.983331e-01 
  721.000  5.616873e-01 
  722.000  5.846965e-01 
  723.000  5.716919e-01 
  724.000  5.351156e-01 
  725.000  5.404539e-01 
  726.000  5.387673e-01 
  727.000  5.439306e-01 
  728.000  5.383378e-01 
  729.000  5.523095e-01 
  730.000  5.499229e-01 
  731.000  5.470394e-01 
  732.000  5.707424e-01 
  733.000  5.937216e-01 
  734.000  6.048808e-01 
  735.000  6.009651e-01 
  736.000  5.936617e-01 
  737.000  5.991809e-01 
  738.000  6.067817e-01 
  739.000  6.100662e-01 
  740.000  6.173597e-01 
  741.000  6.215835e-01 
  742.000  6.233611e-01 
  743.000  6.272659e-01 
  744.000  6.288947e-01 
  745.000  6.303042e-01 
  746.000  6.313218e-01 
  747.000  6.315928e-01 
  748.000  6.325465e-01 
  749.000  6.330651e-01 
  750.000  6.327720e-01 
  751.000  6.329550e-01 
  752.000  6.338585e-01 
  753.000  6.342330e-01 
  754.000  6.345239e-01 
  755.000  6.347060e-01 
  756.000  6.348981e-01 
  757.000  6.350303e-01 
  758.000  6.338476e-01 
  759.000  5.861259e-01 
  760.000  2.460012e-01 
  761.000  2.157818e-01 
  762.000  4.068229e-01 
  763.000  3.459891e-01 
  764.000  3.759762e-01 
  765.000  4.450625e-01 
  766.000  5.300629e-01 
  767.000  5.735741e-01 
  768.000  6.022419e-01 
  769.000  6.212548e-01 
  770.000  6.314676e-01 
  771.000  6.363078e-01 
  772.000  6.375165e-01 
  773.000  6.380562e-01 
  774.000  6.387334e-01 
  775.000  6.391553e-01 
  776.000  6.394624e-01 
  777.000  6.395360e-01 
  778.000  6.394986e-01 
  779.000  6.394528e-01 
  780.000  6.394053e-01 
  781.000  6.398134e-01 
  782.000  6.397530e-01 
  783.000  6.397066e-01 
  784.000  6.394001e-01 
  785.000  6.378065e-01 
  786.000  6.353989e-01 
  787.000  6.298839e-01 
  788.000  6.269857e-01 
  789.000  6.166937e-01 
  790.000  6.158031e-01 
  791.000  6.177363e-01 
  792.000  6.195291e-01 
  793.000  6.237153e-01 
  794.000  6.326125e-01 
  795.000  6.271645e-01 
  796.000  6.127294e-01 
  797.000  6.168408e-01 
  798.000  6.259595e-01 
  799.000  6.238726e-01 
  800.000  6.172298e-01 
  801.000  6.180151e-01 
  802.000  6.173415e-01 
  803.000  6.183091e-01 
  804.000  6.214302e-01 
  805.000  6.274162e-01 
  806.000  6.309963e-01 
  807.000  6.311519e-01 
  808.000  6.291137e-01 
  809.000  6.266092e-01 
  810.000  6.238621e-01 
  811.000  6.182483e-01 
  812.000  6.107064e-01 
  813.000  6.015047e-01 
  814.000  5.894251e-01 
  815.000  5.744762e-01 
  816.000  5.555613e-01 
  817.000  5.565530e-01 
  818.000  5.580721e-01 
  819.000  5.643138e-01 
  820.000  5.852298e-01 
  821.000  6.093260e-01 
  822.000  5.909691e-01 
  823.000  5.406467e-01 
  824.000  5.829790e-01 
  825.000  6.106941e-01 
  826.000  6.059933e-01 
  827.000  6.024742e-01 
  828.000  5.842450e-01 
  829.000  5.907791e-01 
  830.000  5.981417e-01 
  831.000  5.998864e-01 
  832.000  6.006898e-01 
  833.000  6.049638e-01 
  834.000  6.100101e-01 
  835.000  6.200354e-01 
  836.000  6.168236e-01 
  837.000  6.164978e-01 
  838.000  6.213765e-01 
  839.000  6.243463e-01 
  840.000  6.254228e-01 
  841.000  6.222066e-01 
  842.000  6.250941e-01 
  843.000  6.319662e-01 
  844.000  6.350925e-01 
  845.000  6.365485e-01 
  846.000  6.380807e-01 
  847.000  6.397695e-01 
  848.000  6.369736e-01 
  849.000  6.373258e-01 
  850.000  6.359418e-01 
  851.000  6.342957e-01 
  852.000  6.344557e-01 
  853.000  6.371667e-01 
  854.000  6.370195e-01 
  855.000  6.383828e-01 
  856.000  6.412224e-01 
  857.000  6.422840e-01 
  858.000  6.429293e-01 
  859.000  6.442840e-01 
  860.000  6.449462e-01 
  861.000  6.450616e-01 
  862.000  6.454744e-01 
  863.000  6.455268e-01 
  864.000  6.458094e-01 
  865.000  6.460402e-01 
  866.000  6.461002e-01 
  867.000  6.460564e-01 
  868.000  6.460912e-01 
  869.000  6.461667e-01 
  870.000  6.461083e-01 
  871.000  6.461797e-01 
  872.000  6.463565e-01 
  873.000  6.461765e-01 
  874.000  6.460782e-01 
  875.000  6.460537e-01 
  876.000  6.457410e-01 
  877.000  6.456254e-01 
  878.000  6.447682e-01 
  879.000  6.447080e-01 
  880.000  6.439683e-01 
  881.000  6.435288e-01 
  882.000  6.431684e-01 
  883.000  6.435208e-01 
  884.000  6.436853e-01 
  885.000  6.421565e-01 
  886.000  6.401650e-01 
  887.000  6.418083e-01 
  888.000  6.417070e-01 
  889.000  6.420537e-01 
  890.000  6.409341e-01 
  891.000  6.383367e-01 
  892.000  6.328704e-01 
  893.000  6.163918e-01 
  894.000  6.081737e-01 
  895.000  5.834774e-01 
  896.000  5.614827e-01 
  897.000  5.384912e-01 
  898.000  5.278156e-01 
  899.000  4.983397e-01 
  900.000  5.024762e-01 
  901.000  4.949054e-01 
  902.000  4.964121e-01 
  903.000  5.460753e-01 
  904.000  5.770498e-01 
  905.000  5.759953e-01 
  906.000  5.566113e-01 
  907.000  5.227849e-01 
  908.000  5.007974e-01 
  909.000  5.016684e-01 
  910.000  5.049365e-01 
  911.000  5.194943e-01 
  912.000  5.124399e-01 
  913.000  4.821025e-01 
  914.000  4.970549e-01 
  915.000  5.089687e-01 
  916.000  5.122506e-01 
  917.000  5.188116e-01 
  918.000  5.273033e-01 
  919.000  5.563125e-01 
  920.000  5.785726e-01 
  921.000  5.737236e-01 
  922.000  5.733207e-01 
  923.000  5.671169e-01 
  924.000  5.522751e-01 
  925.000  5.509107e-01 
  926.000  5.501984e-01 
  927.000  5.327331e-01 
  928.000  5.062025e-01 
  929.000  4.686270e-01 
  930.000  4.221462e-01 
  931.000  3.719989e-01 
  932.000  3.084534e-01 
  933.000  2.641572e-01 
  934.000  2.211720e-01 
  935.000  2.165128e-01 
  936.000  2.328067e-01 
  937.000  2.288440e-01 
  938.000  2.776407e-01 
  939.000  4.141152e-01 
  940.000  4.358514e-01 
  941.000  4.175175e-01 
  942.000  3.730548e-01 
  943.000  3.021147e-01 
  944.000  2.971522e-01 
  945.000  3.218681e-01 
  946.000  3.234693e-01 
  947.000  3.465544e-01 
  948.000  3.602507e-01 
  949.000  3.587212e-01 
  950.000  3.623178e-01 
  951.000  3.933107e-01 
  952.000  3.606921e-01 
  953.000  3.839966e-01 
  954.000  4.094661e-01 
  955.000  3.893711e-01 
  956.000  3.853428e-01 
  957.000  4.501711e-01 
  958.000  4.590375e-01 
  959.000  4.483280e-01 
  960.000  4.453552e-01 
  961.000  4.400457e-01 
  962.000  4.451810e-01 
  963.000  4.817496e-01 
  964.000  4.871747e-01 
  965.000  4.838038e-01 
  966.000  4.859628e-01 
  967.000  5.126259e-01 
  968.000  5.578845e-01 
  969.000  5.786905e-01 
  970.000  5.798761e-01 
  971.000  5.793968e-01 
  972.000  5.734770e-01 
  973.000  5.598921e-01 
  974.000  5.434898e-01 
  975.000  5.330237e-01 
  976.000  5.458357e-01 
  977.000  5.671823e-01 
  978.000  5.655054e-01 
  979.000  5.711383e-01 
  980.000  5.931920e-01 
  981.000  5.981436e-01 
  982.000  5.932788e-01 
  983.000  6.047034e-01 
  984.000  6.165044e-01 
  985.000  6.232401e-01 
  986.000  6.319495e-01 
  987.000  6.357433e-01 
  988.000  6.366222e-01 
  989.000  6.371840e-01 
  990.000  6.381074e-01 
  991.000  6.413547e-01 
  992.000  6.422743e-01 
  993.000  6.426159e-01 
  994.000  6.455456e-01 
  995.000  6.473819e-01 
  996.000  6.474189e-01 
  997.000  6.461033e-01 
  998.000  6.447556e-01 
  999.000  6.442052e-01 
 1000.000  6.446436e-01 
 1001.000  6.415287e-01 
 1002.000  6.365555e-01 
 1003.000  6.377292e-01 
 1004.000  6.405811e-01 
 1005.000  6.418824e-01 
 1006.000  6.422986e-01 
 1007.000  6.413429e-01 
 1008.000  6.372897e-01 
 1009.000  6.318821e-01 
 1010.000  6.342858e-01 
 1011.000  6.400315e-01 
 1012.000  6.422219e-01 
 1013.000  6.439468e-01 
 1014.000  6.446682e-01 
 1015.000  6.448053e-01 
 1016.000  6.455839e-01 
 1017.000  6.460347e-01 
 1018.000  6.450564e-01 
 1019.000  6.430536e-01 
 1020.000  6.437547e-01 
 1021.000  6.451961e-01 
 1022.000  6.427717e-01 
 1023.000  6.407453e-01 
 1024.000  6.395326e-01 
 1025.000  6.432481e-01 
 1026.000  6.448913e-01 
 1027.000  6.441941e-01 
 1028.000  6.447700e-01 
 1029.000  6.462708e-01 
 1030.000  6.477656e-01 
 1031.000  6.485313e-01 
 1032.000  6.491309e-01 
 1033.000  6.493108e-01 
 1034.000  6.496710e-01 
 1035.000  6.498458e-01 
 1036.000  6.497526e-01 
 1037.000  6.498026e-01 
 1038.000  6.499243e-01 
 1039.000  6.496963e-01 
 1040.000  6.495032e-01 
 1041.000  6.493508e-01 
 1042.000  6.493097e-01 
 1043.000  6.493089e-01 
 1044.000  6.491760e-01 
 1045.000  6.487461e-01 
 1046.000  6.484594e-01 
 1047.000  6.481218e-01 
 1048.000  6.477108e-01 
 1049.000  6.473265e-01 
 1050.000  6.468945e-01 
 1051.000  6.462733e-01 
 1052.000  6.458571e-01 
 1053.000  6.457850e-01 
 1054.000  6.451351e-01 
 1055.000  6.445218e-01 
 1056.000  6.439870e-01 
 1057.000  6.426293e-01 
 1058.000  6.401511e-01 
 1059.000  6.403069e-01 
 1060.000  6.415522e-01 
 1061.000  6.412428e-01 
 1062.000  6.396840e-01 
 1063.000  6.391180e-01 
 1064.000  6.377966e-01 
 1065.000  6.363460e-01 
 1066.000  6.364725e-01 
 1067.000  6.356078e-01 
 1068.000  6.325063e-01 
 1069.000  6.309765e-01 
 1070.000  6.314332e-01 
 1071.000  6.294376e-01 
 1072.000  6.273985e-01 
 1073.000  6.270000e-01 
 1074.000  6.272939e-01 
 1075.000  6.302940e-01 
 1076.000  6.284012e-01 
 1077.000  6.258675e-01 
 1078.000  6.228896e-01 
 1079.000  6.224924e-01 
 1080.000  6.145629e-01 
 1081.000  6.141065e-01 
 1082.000  6.175774e-01 
 1083.000  6.133635e-01 
 1084.000  6.087671e-01 
 1085.000  5.978703e-01 
 1086.000  6.003926e-01 
 1087.000  6.123567e-01 
 1088.000  6.128264e-01 
 1089.000  5.982283e-01 
 1090.000  5.954722e-01 
 1091.000  5.982060e-01 
 1092.000  5.909722e-01 
 1093.000  5.749483e-01 
 1094.000  5.680014e-01 
 1095.000  5.690863e-01 
 1096.000  5.700365e-01 
 1097.000  5.667901e-01 
 1098.000  5.284477e-01 
 1099.000  4.963074e-01 
 1100.000  4.984186e-01 
 1101.000  5.027667e-01 
 1102.000  5.005352e-01 
 1103.000  5.033674e-01 
 1104.000  4.979616e-01 
 1105.000  4.845394e-01 
 1106.000  4.712132e-01 
 1107.000  4.743235e-01 
 1108.000  4.764794e-01 
 1109.000  4.875267e-01 
 1110.000  4.856523e-01 
 1111.000  4.790721e-01 
 1112.000  4.510562e-01 
 1113.000  4.132058e-01 
 1114.000  4.022746e-01 
 1115.000  3.572849e-01 
 1116.000  3.303514e-01 
 1117.000  2.715364e-01 
 1118.000  2.203614e-01 
 1119.000  1.941549e-01 
 1120.000  1.637279e-01 
 1121.000  1.570989e-01 
 1122.000  1.284010e-01 
 1123.000  1.431671e-01 
 1124.000  1.534410e-01 
 1125.000  1.478540e-01 
 1126.000  1.457367e-01 
 1127.000  1.483973e-01 
 1128.000  1.535439e-01 
 1129.000  1.833309e-01 
 1130.000  2.579007e-01 
 1131.000  2.808929e-01 
 1132.000  2.493352e-01 
 1133.000  1.956118e-01 
 1134.000  1.095169e-01 
 1135.000  1.155784e-01 
 1136.000  2.038369e-01 
 1137.000  2.584305e-01 
 1138.000  3.155948e-01 
 1139.000  3.348460e-01 
 1140.000  3.236431e-01 
 1141.000  3.017232e-01 
 1142.000  2.938243e-01 
 1143.000  2.695717e-01 
 1144.000  2.432762e-01 
 1145.000  2.067135e-01 
 1146.000  2.152354e-01 
 1147.000  2.440992e-01 
 1148.000  2.706868e-01 
 1149.000  2.819509e-01 
 1150.000  2.832415e-01 
