  320.000  2.634442e-01 
  321.000  3.143219e-01 
  322.000  2.945048e-01 
  323.000  3.195878e-01 
  324.000  3.444580e-01 
  325.000  3.259538e-01 
  326.000  3.562528e-01 
  327.000  3.646446e-01 
  328.000  3.464864e-01 
  329.000  3.812333e-01 
  330.000  3.867002e-01 
  331.000  3.758726e-01 
  332.000  3.967422e-01 
  333.000  4.027991e-01 
  334.000  3.978270e-01 
  335.000  4.130301e-01 
  336.000  4.191657e-01 
  337.000  4.165815e-01 
  338.000  4.237617e-01 
  339.000  4.311546e-01 
  340.000  4.299409e-01 
  341.000  4.371057e-01 
  342.000  4.423351e-01 
  343.000  4.449584e-01 
  344.000  4.454941e-01 
  345.000  4.525610e-01 
  346.000  4.570150e-01 
  347.000  4.606417e-01 
  348.000  4.640348e-01 
  349.000  4.678417e-01 
  350.000  4.710920e-01 
  351.000  4.743256e-01 
  352.000  4.769758e-01 
  353.000  4.807402e-01 
  354.000  4.839410e-01 
  355.000  4.869166e-01 
  356.000  4.898130e-01 
  357.000  4.923884e-01 
  358.000  4.951569e-01 
  359.000  4.979200e-01 
  360.000  5.007470e-01 
  361.000  5.043144e-01 
  362.000  5.080243e-01 
  363.000  5.114369e-01 
  364.000  5.145739e-01 
  365.000  5.175132e-01 
  366.000  5.205157e-01 
  367.000  5.233714e-01 
  368.000  5.261983e-01 
  369.000  5.289981e-01 
  370.000  5.317663e-01 
  371.000  5.345101e-01 
  372.000  5.372287e-01 
  373.000  5.399216e-01 
  374.000  5.425687e-01 
  375.000  5.451624e-01 
  376.000  5.476656e-01 
  377.000  5.500295e-01 
  378.000  5.522234e-01 
  379.000  5.544508e-01 
  380.000  5.568985e-01 
  381.000  5.596823e-01 
  382.000  5.625642e-01 
  383.000  5.652866e-01 
  384.000  5.678666e-01 
  385.000  5.703503e-01 
  386.000  5.727680e-01 
  387.000  5.751445e-01 
  388.000  5.774886e-01 
  389.000  5.798113e-01 
  390.000  5.821133e-01 
  391.000  5.843897e-01 
  392.000  5.866472e-01 
  393.000  5.888841e-01 
  394.000  5.910982e-01 
  395.000  5.932879e-01 
  396.000  5.954615e-01 
  397.000  5.976081e-01 
  398.000  5.997332e-01 
  399.000  6.018385e-01 
  400.000  6.039128e-01 
  401.000  6.059777e-01 
  402.000  6.080242e-01 
  403.000  6.100515e-01 
  404.000  6.120592e-01 
  405.000  6.140434e-01 
  406.000  6.160128e-01 
  407.000  6.179652e-01 
  408.000  6.198992e-01 
  409.000  6.218126e-01 
  410.000  6.237066e-01 
  411.000  6.255803e-01 
  412.000  6.274327e-01 
  413.000  6.292731e-01 
  414.000  6.309802e-01 
  415.000  6.328257e-01 
  416.000  6.346465e-01 
  417.000  6.364357e-01 
  418.000  6.381826e-01 
  419.000  6.399091e-01 
  420.000  6.416188e-01 
  421.000  6.433173e-01 
  422.000  6.450041e-01 
  423.000  6.466773e-01 
  424.000  6.483297e-01 
  425.000  6.499433e-01 
  426.000  6.515402e-01 
  427.000  6.531220e-01 
  428.000  6.546748e-01 
  429.000  6.562051e-01 
  430.000  6.577166e-01 
  431.000  6.592160e-01 
  432.000  6.606990e-01 
  433.000  6.621671e-01 
  434.000  6.636221e-01 
  435.000  6.650620e-01 
  436.000  6.664851e-01 
  437.000  6.678920e-01 
  438.000  6.692821e-01 
  439.000  6.706609e-01 
  440.000  6.720167e-01 
  441.000  6.733546e-01 
  442.000  6.746708e-01 
  443.000  6.759666e-01 
  444.000  6.772412e-01 
  445.000  6.784880e-01 
  446.000  6.796995e-01 
  447.000  6.809696e-01 
  448.000  6.823307e-01 
  449.000  6.837077e-01 
  450.000  6.850575e-01 
  451.000  6.863540e-01 
  452.000  6.876044e-01 
  453.000  6.888288e-01 
  454.000  6.900305e-01 
  455.000  6.911620e-01 
  456.000  6.922017e-01 
  457.000  6.932414e-01 
  458.000  6.942666e-01 
  459.000  6.952698e-01 
  460.000  6.962646e-01 
  461.000  6.972485e-01 
  462.000  6.982133e-01 
  463.000  6.991737e-01 
  464.000  7.004235e-01 
  465.000  7.016540e-01 
  466.000  7.028621e-01 
  467.000  7.040419e-01 
  468.000  7.050025e-01 
  469.000  7.058296e-01 
  470.000  7.065899e-01 
  471.000  7.072743e-01 
  472.000  7.078552e-01 
  473.000  7.082623e-01 
  474.000  7.085966e-01 
  475.000  7.086824e-01 
  476.000  7.085170e-01 
  477.000  7.085136e-01 
  478.000  7.094805e-01 
  479.000  7.109517e-01 
  480.000  7.125388e-01 
  481.000  7.139618e-01 
  482.000  7.152957e-01 
  483.000  7.164549e-01 
  484.000  7.174508e-01 
  485.000  7.183411e-01 
  486.000  7.192902e-01 
  487.000  7.202891e-01 
  488.000  7.212555e-01 
  489.000  7.222038e-01 
  490.000  7.231405e-01 
  491.000  7.238739e-01 
  492.000  7.245441e-01 
  493.000  7.252108e-01 
  494.000  7.258585e-01 
  495.000  7.265060e-01 
  496.000  7.268395e-01 
  497.000  7.271605e-01 
  498.000  7.274766e-01 
  499.000  7.277757e-01 
  500.000  7.280700e-01 
  501.000  7.283316e-01 
  502.000  7.285932e-01 
  503.000  7.288515e-01 
  504.000  7.290979e-01 
  505.000  7.293308e-01 
  506.000  7.300129e-01 
  507.000  7.307146e-01 
  508.000  7.314151e-01 
  509.000  7.321073e-01 
  510.000  7.327846e-01 
  511.000  7.333917e-01 
  512.000  7.339778e-01 
  513.000  7.345604e-01 
  514.000  7.351357e-01 
  515.000  7.357057e-01 
  516.000  7.361129e-01 
  517.000  7.363739e-01 
  518.000  7.366277e-01 
  519.000  7.368767e-01 
  520.000  7.371232e-01 
  521.000  7.373440e-01 
  522.000  7.375032e-01 
  523.000  7.376181e-01 
  524.000  7.377367e-01 
  525.000  7.378302e-01 
  526.000  7.379614e-01 
  527.000  7.379825e-01 
  528.000  7.379590e-01 
  529.000  7.379343e-01 
  530.000  7.379150e-01 
  531.000  7.378992e-01 
  532.000  7.379347e-01 
  533.000  7.382545e-01 
  534.000  7.386584e-01 
  535.000  7.391142e-01 
  536.000  7.395547e-01 
  537.000  7.399576e-01 
  538.000  7.403178e-01 
  539.000  7.406515e-01 
  540.000  7.409646e-01 
  541.000  7.412684e-01 
  542.000  7.415589e-01 
  543.000  7.418391e-01 
  544.000  7.420509e-01 
  545.000  7.422071e-01 
  546.000  7.423559e-01 
  547.000  7.425090e-01 
  548.000  7.426544e-01 
  549.000  7.427975e-01 
  550.000  7.428669e-01 
  551.000  7.428632e-01 
  552.000  7.428624e-01 
  553.000  7.428465e-01 
  554.000  7.428237e-01 
  555.000  7.427967e-01 
  556.000  7.427422e-01 
  557.000  7.426397e-01 
  558.000  7.425290e-01 
  559.000  7.424054e-01 
  560.000  7.422509e-01 
  561.000  7.420683e-01 
  562.000  7.418221e-01 
  563.000  7.416077e-01 
  564.000  7.413439e-01 
  565.000  7.409873e-01 
  566.000  7.406199e-01 
  567.000  7.400521e-01 
  568.000  7.388852e-01 
  569.000  7.369853e-01 
  570.000  7.368226e-01 
  571.000  7.374363e-01 
  572.000  7.359325e-01 
  573.000  7.357555e-01 
  574.000  7.354569e-01 
  575.000  7.351788e-01 
  576.000  7.353442e-01 
  577.000  7.359744e-01 
  578.000  7.369278e-01 
  579.000  7.381966e-01 
  580.000  7.398977e-01 
  581.000  7.419534e-01 
  582.000  7.435893e-01 
  583.000  7.449054e-01 
  584.000  7.460362e-01 
  585.000  7.470149e-01 
  586.000  7.478938e-01 
  587.000  7.481564e-01 
  588.000  7.467279e-01 
  589.000  7.438790e-01 
  590.000  7.440369e-01 
  591.000  7.466782e-01 
  592.000  7.457765e-01 
  593.000  7.486367e-01 
  594.000  7.483915e-01 
  595.000  7.468249e-01 
  596.000  7.491800e-01 
  597.000  7.482665e-01 
  598.000  7.490014e-01 
  599.000  7.490801e-01 
  600.000  7.496861e-01 
  601.000  7.499794e-01 
  602.000  7.498595e-01 
  603.000  7.503082e-01 
  604.000  7.511109e-01 
  605.000  7.518089e-01 
  606.000  7.524207e-01 
  607.000  7.530150e-01 
  608.000  7.536231e-01 
  609.000  7.542076e-01 
  610.000  7.548182e-01 
  611.000  7.554969e-01 
  612.000  7.561613e-01 
  613.000  7.568051e-01 
  614.000  7.574298e-01 
  615.000  7.580528e-01 
  616.000  7.586527e-01 
  617.000  7.592194e-01 
  618.000  7.596943e-01 
  619.000  7.600961e-01 
  620.000  7.604679e-01 
  621.000  7.607874e-01 
  622.000  7.610545e-01 
  623.000  7.612331e-01 
  624.000  7.614237e-01 
  625.000  7.615841e-01 
  626.000  7.616459e-01 
  627.000  7.602652e-01 
  628.000  7.374935e-01 
  629.000  7.526799e-01 
  630.000  7.534986e-01 
  631.000  7.577006e-01 
  632.000  7.602272e-01 
  633.000  7.634482e-01 
  634.000  7.657402e-01 
  635.000  7.673076e-01 
  636.000  7.688180e-01 
  637.000  7.701992e-01 
  638.000  7.718238e-01 
  639.000  7.729792e-01 
  640.000  7.743033e-01 
  641.000  7.753696e-01 
  642.000  7.763859e-01 
  643.000  7.768577e-01 
  644.000  7.776155e-01 
  645.000  7.778760e-01 
  646.000  7.767049e-01 
  647.000  7.760905e-01 
  648.000  7.752502e-01 
  649.000  7.771437e-01 
  650.000  7.801115e-01 
  651.000  7.806308e-01 
  652.000  7.790206e-01 
  653.000  7.819919e-01 
  654.000  7.822217e-01 
  655.000  7.818292e-01 
  656.000  7.826577e-01 
  657.000  7.836070e-01 
  658.000  7.849423e-01 
  659.000  7.859460e-01 
  660.000  7.866523e-01 
  661.000  7.878057e-01 
  662.000  7.886032e-01 
  663.000  7.890359e-01 
  664.000  7.896392e-01 
  665.000  7.902197e-01 
  666.000  7.908309e-01 
  667.000  7.914119e-01 
  668.000  7.920257e-01 
  669.000  7.925806e-01 
  670.000  7.931174e-01 
  671.000  7.936593e-01 
  672.000  7.941853e-01 
  673.000  7.947075e-01 
  674.000  7.952269e-01 
  675.000  7.957450e-01 
  676.000  7.962389e-01 
  677.000  7.966912e-01 
  678.000  7.971424e-01 
  679.000  7.975715e-01 
  680.000  7.979093e-01 
  681.000  7.982118e-01 
  682.000  7.986045e-01 
  683.000  7.989519e-01 
  684.000  7.991487e-01 
  685.000  7.997063e-01 
  686.000  7.970508e-01 
  687.000  6.953168e-01 
  688.000  7.266545e-01 
  689.000  7.182968e-01 
  690.000  7.345099e-01 
  691.000  7.579373e-01 
  692.000  7.753115e-01 
  693.000  7.831428e-01 
  694.000  7.868413e-01 
  695.000  7.917399e-01 
  696.000  7.943208e-01 
  697.000  8.006883e-01 
  698.000  7.999714e-01 
  699.000  7.951420e-01 
  700.000  7.962557e-01 
  701.000  7.953376e-01 
  702.000  7.964151e-01 
  703.000  8.009295e-01 
  704.000  8.013377e-01 
  705.000  7.997706e-01 
  706.000  8.003007e-01 
  707.000  8.011172e-01 
  708.000  8.019814e-01 
  709.000  8.035539e-01 
  710.000  8.022625e-01 
  711.000  8.039565e-01 
  712.000  8.053707e-01 
  713.000  8.045859e-01 
  714.000  8.044374e-01 
  715.000  8.029971e-01 
  716.000  8.015344e-01 
  717.000  7.904501e-01 
  718.000  7.835155e-01 
  719.000  7.811324e-01 
  720.000  7.772087e-01 
  721.000  7.947646e-01 
  722.000  8.008699e-01 
  723.000  7.977346e-01 
  724.000  7.882442e-01 
  725.000  7.899116e-01 
  726.000  7.895669e-01 
  727.000  7.910773e-01 
  728.000  7.896678e-01 
  729.000  7.935290e-01 
  730.000  7.929654e-01 
  731.000  7.922585e-01 
  732.000  7.986273e-01 
  733.000  8.045698e-01 
  734.000  8.074372e-01 
  735.000  8.065706e-01 
  736.000  8.048348e-01 
  737.000  8.063056e-01 
  738.000  8.082844e-01 
  739.000  8.091801e-01 
  740.000  8.109972e-01 
  741.000  8.121043e-01 
  742.000  8.126312e-01 
  743.000  8.136710e-01 
  744.000  8.141732e-01 
  745.000  8.146136e-01 
  746.000  8.149766e-01 
  747.000  8.151732e-01 
  748.000  8.155596e-01 
  749.000  8.158227e-01 
  750.000  8.158998e-01 
  751.000  8.160883e-01 
  752.000  8.164415e-01 
  753.000  8.166704e-01 
  754.000  8.168803e-01 
  755.000  8.170660e-01 
  756.000  8.172532e-01 
  757.000  8.173864e-01 
  758.000  8.161374e-01 
  759.000  7.622055e-01 
  760.000  3.576627e-01 
  761.000  3.190459e-01 
  762.000  5.544177e-01 
  763.000  4.814159e-01 
  764.000  5.175741e-01 
  765.000  5.995104e-01 
  766.000  6.981288e-01 
  767.000  7.477923e-01 
  768.000  7.802401e-01 
  769.000  8.016403e-01 
  770.000  8.129323e-01 
  771.000  8.184497e-01 
  772.000  8.197925e-01 
  773.000  8.204141e-01 
  774.000  8.212029e-01 
  775.000  8.216204e-01 
  776.000  8.219059e-01 
  777.000  8.220521e-01 
  778.000  8.221407e-01 
  779.000  8.222083e-01 
  780.000  8.222685e-01 
  781.000  8.224331e-01 
  782.000  8.224897e-01 
  783.000  8.225492e-01 
  784.000  8.225405e-01 
  785.000  8.221698e-01 
  786.000  8.215931e-01 
  787.000  8.202536e-01 
  788.000  8.195663e-01 
  789.000  8.170170e-01 
  790.000  8.168547e-01 
  791.000  8.174277e-01 
  792.000  8.179567e-01 
  793.000  8.190576e-01 
  794.000  8.214104e-01 
  795.000  8.200640e-01 
  796.000  8.164153e-01 
  797.000  8.175601e-01 
  798.000  8.199322e-01 
  799.000  8.195168e-01 
  800.000  8.178430e-01 
  801.000  8.181095e-01 
  802.000  8.179921e-01 
  803.000  8.183029e-01 
  804.000  8.191716e-01 
  805.000  8.207192e-01 
  806.000  8.217137e-01 
  807.000  8.218111e-01 
  808.000  8.213362e-01 
  809.000  8.207660e-01 
  810.000  8.201673e-01 
  811.000  8.187795e-01 
  812.000  8.168898e-01 
  813.000  8.145450e-01 
  814.000  8.114055e-01 
  815.000  8.074584e-01 
  816.000  8.022184e-01 
  817.000  8.026068e-01 
  818.000  8.031003e-01 
  819.000  8.048770e-01 
  820.000  8.107032e-01 
  821.000  8.172507e-01 
  822.000  8.123702e-01 
  823.000  7.982147e-01 
  824.000  8.102646e-01 
  825.000  8.177817e-01 
  826.000  8.165231e-01 
  827.000  8.156332e-01 
  828.000  8.107477e-01 
  829.000  8.125871e-01 
  830.000  8.146174e-01 
  831.000  8.151169e-01 
  832.000  8.153333e-01 
  833.000  8.165052e-01 
  834.000  8.178688e-01 
  835.000  8.205295e-01 
  836.000  8.197197e-01 
  837.000  8.196617e-01 
  838.000  8.209831e-01 
  839.000  8.217954e-01 
  840.000  8.221197e-01 
  841.000  8.213225e-01 
  842.000  8.221180e-01 
  843.000  8.238870e-01 
  844.000  8.247223e-01 
  845.000  8.251485e-01 
  846.000  8.255716e-01 
  847.000  8.260648e-01 
  848.000  8.253917e-01 
  849.000  8.255307e-01 
  850.000  8.252119e-01 
  851.000  8.248467e-01 
  852.000  8.249325e-01 
  853.000  8.256658e-01 
  854.000  8.256667e-01 
  855.000  8.260666e-01 
  856.000  8.268198e-01 
  857.000  8.271673e-01 
  858.000  8.273779e-01 
  859.000  8.277930e-01 
  860.000  8.280149e-01 
  861.000  8.280846e-01 
  862.000  8.282222e-01 
  863.000  8.282771e-01 
  864.000  8.283845e-01 
  865.000  8.284799e-01 
  866.000  8.285359e-01 
  867.000  8.285664e-01 
  868.000  8.286159e-01 
  869.000  8.286751e-01 
  870.000  8.287015e-01 
  871.000  8.287592e-01 
  872.000  8.288424e-01 
  873.000  8.288386e-01 
  874.000  8.288546e-01 
  875.000  8.288884e-01 
  876.000  8.288518e-01 
  877.000  8.288522e-01 
  878.000  8.286360e-01 
  879.000  8.286571e-01 
  880.000  8.284746e-01 
  881.000  8.283888e-01 
  882.000  8.283265e-01 
  883.000  8.284605e-01 
  884.000  8.285435e-01 
  885.000  8.281799e-01 
  886.000  8.276379e-01 
  887.000  8.281161e-01 
  888.000  8.281258e-01 
  889.000  8.283136e-01 
  890.000  8.280030e-01 
  891.000  8.273545e-01 
  892.000  8.259371e-01 
  893.000  8.215622e-01 
  894.000  8.193764e-01 
  895.000  8.124064e-01 
  896.000  8.061012e-01 
  897.000  7.993603e-01 
  898.000  7.961841e-01 
  899.000  7.867398e-01 
  900.000  7.882168e-01 
  901.000  7.857166e-01 
  902.000  7.861217e-01 
  903.000  8.019909e-01 
  904.000  8.113080e-01 
  905.000  8.109492e-01 
  906.000  8.051735e-01 
  907.000  7.946948e-01 
  908.000  7.876255e-01 
  909.000  7.879987e-01 
  910.000  7.891225e-01 
  911.000  7.938868e-01 
  912.000  7.916199e-01 
  913.000  7.815052e-01 
  914.000  7.865679e-01 
  915.000  7.904754e-01 
  916.000  7.915150e-01 
  917.000  7.935889e-01 
  918.000  7.962603e-01 
  919.000  8.052415e-01 
  920.000  8.118322e-01 
  921.000  8.103693e-01 
  922.000  8.102574e-01 
  923.000  8.084383e-01 
  924.000  8.040010e-01 
  925.000  8.037363e-01 
  926.000  8.038766e-01 
  927.000  7.988143e-01 
  928.000  7.908456e-01 
  929.000  7.789488e-01 
  930.000  7.630815e-01 
  931.000  7.442384e-01 
  932.000  7.184849e-01 
  933.000  6.967726e-01 
  934.000  6.720704e-01 
  935.000  6.696018e-01 
  936.000  6.801880e-01 
  937.000  6.772572e-01 
  938.000  7.037506e-01 
  939.000  7.641349e-01 
  940.000  7.720196e-01 
  941.000  7.648993e-01 
  942.000  7.470550e-01 
  943.000  7.148924e-01 
  944.000  7.127042e-01 
  945.000  7.250157e-01 
  946.000  7.254961e-01 
  947.000  7.355235e-01 
  948.000  7.412950e-01 
  949.000  7.403198e-01 
  950.000  7.417344e-01 
  951.000  7.544068e-01 
  952.000  7.404414e-01 
  953.000  7.498841e-01 
  954.000  7.596515e-01 
  955.000  7.512840e-01 
  956.000  7.489997e-01 
  957.000  7.735249e-01 
  958.000  7.763507e-01 
  959.000  7.722184e-01 
  960.000  7.709193e-01 
  961.000  7.688071e-01 
  962.000  7.705271e-01 
  963.000  7.833124e-01 
  964.000  7.850358e-01 
  965.000  7.837391e-01 
  966.000  7.843198e-01 
  967.000  7.930566e-01 
  968.000  8.071327e-01 
  969.000  8.132605e-01 
  970.000  8.135629e-01 
  971.000  8.134244e-01 
  972.000  8.117135e-01 
  973.000  8.076789e-01 
  974.000  8.026631e-01 
  975.000  7.993951e-01 
  976.000  8.034185e-01 
  977.000  8.099310e-01 
  978.000  8.093811e-01 
  979.000  8.110108e-01 
  980.000  8.174671e-01 
  981.000  8.188668e-01 
  982.000  8.174172e-01 
  983.000  8.206713e-01 
  984.000  8.239951e-01 
  985.000  8.258692e-01 
  986.000  8.282137e-01 
  987.000  8.292603e-01 
  988.000  8.294774e-01 
  989.000  8.296385e-01 
  990.000  8.299065e-01 
  991.000  8.307967e-01 
  992.000  8.310704e-01 
  993.000  8.311827e-01 
  994.000  8.320001e-01 
  995.000  8.325662e-01 
  996.000  8.325793e-01 
  997.000  8.322564e-01 
  998.000  8.318542e-01 
  999.000  8.317446e-01 
 1000.000  8.318889e-01 
 1001.000  8.310615e-01 
 1002.000  8.297215e-01 
 1003.000  8.300428e-01 
 1004.000  8.308582e-01 
 1005.000  8.312157e-01 
 1006.000  8.313210e-01 
 1007.000  8.310966e-01 
 1008.000  8.299789e-01 
 1009.000  8.285028e-01 
 1010.000  8.291827e-01 
 1011.000  8.307593e-01 
 1012.000  8.313500e-01 
 1013.000  8.318260e-01 
 1014.000  8.320258e-01 
 1015.000  8.320552e-01 
 1016.000  8.322483e-01 
 1017.000  8.323777e-01 
 1018.000  8.320933e-01 
 1019.000  8.315550e-01 
 1020.000  8.317443e-01 
 1021.000  8.321223e-01 
 1022.000  8.314472e-01 
 1023.000  8.308845e-01 
 1024.000  8.305233e-01 
 1025.000  8.315211e-01 
 1026.000  8.319262e-01 
 1027.000  8.317289e-01 
 1028.000  8.318238e-01 
 1029.000  8.322542e-01 
 1030.000  8.326051e-01 
 1031.000  8.327907e-01 
 1032.000  8.329102e-01 
 1033.000  8.329014e-01 
 1034.000  8.329386e-01 
 1035.000  8.328757e-01 
 1036.000  8.326493e-01 
 1037.000  8.324915e-01 
 1038.000  8.325002e-01 
 1039.000  8.323917e-01 
 1040.000  8.322542e-01 
 1041.000  8.321405e-01 
 1042.000  8.320776e-01 
 1043.000  8.320081e-01 
 1044.000  8.318660e-01 
 1045.000  8.316208e-01 
 1046.000  8.314236e-01 
 1047.000  8.311577e-01 
 1048.000  8.306406e-01 
 1049.000  8.300156e-01 
 1050.000  8.296955e-01 
 1051.000  8.294442e-01 
 1052.000  8.291159e-01 
 1053.000  8.288898e-01 
 1054.000  8.285154e-01 
 1055.000  8.281218e-01 
 1056.000  8.276522e-01 
 1057.000  8.269352e-01 
 1058.000  8.258948e-01 
 1059.000  8.256038e-01 
 1060.000  8.256691e-01 
 1061.000  8.253759e-01 
 1062.000  8.246136e-01 
 1063.000  8.239600e-01 
 1064.000  8.231738e-01 
 1065.000  8.227003e-01 
 1066.000  8.226919e-01 
 1067.000  8.223198e-01 
 1068.000  8.216314e-01 
 1069.000  8.221511e-01 
 1070.000  8.229412e-01 
 1071.000  8.229836e-01 
 1072.000  8.228360e-01 
 1073.000  8.231444e-01 
 1074.000  8.236307e-01 
 1075.000  8.248441e-01 
 1076.000  8.246719e-01 
 1077.000  8.243576e-01 
 1078.000  8.238327e-01 
 1079.000  8.240232e-01 
 1080.000  8.220190e-01 
 1081.000  8.221181e-01 
 1082.000  8.233147e-01 
 1083.000  8.223529e-01 
 1084.000  8.212304e-01 
 1085.000  8.182474e-01 
 1086.000  8.191629e-01 
 1087.000  8.227814e-01 
 1088.000  8.230543e-01 
 1089.000  8.189865e-01 
 1090.000  8.183370e-01 
 1091.000  8.192827e-01 
 1092.000  8.173446e-01 
 1093.000  8.126901e-01 
 1094.000  8.106840e-01 
 1095.000  8.111266e-01 
 1096.000  8.115545e-01 
 1097.000  8.107501e-01 
 1098.000  7.988893e-01 
 1099.000  7.884530e-01 
 1100.000  7.892746e-01 
 1101.000  7.908466e-01 
 1102.000  7.903001e-01 
 1103.000  7.913865e-01 
 1104.000  7.897006e-01 
 1105.000  7.853149e-01 
 1106.000  7.807072e-01 
 1107.000  7.820861e-01 
 1108.000  7.832267e-01 
 1109.000  7.875342e-01 
 1110.000  7.875236e-01 
 1111.000  7.856103e-01 
 1112.000  7.761078e-01 
 1113.000  7.629067e-01 
 1114.000  7.601038e-01 
 1115.000  7.431226e-01 
 1116.000  7.319806e-01 
 1117.000  7.031425e-01 
 1118.000  6.750150e-01 
 1119.000  6.597735e-01 
 1120.000  6.385405e-01 
 1121.000  6.338598e-01 
 1122.000  6.081434e-01 
 1123.000  6.236763e-01 
 1124.000  6.335979e-01 
 1125.000  6.287398e-01 
 1126.000  6.265653e-01 
 1127.000  6.282739e-01 
 1128.000  6.316109e-01 
 1129.000  6.549516e-01 
 1130.000  7.044463e-01 
 1131.000  7.173859e-01 
 1132.000  6.999244e-01 
 1133.000  6.639956e-01 
 1134.000  5.859488e-01 
 1135.000  5.924410e-01 
 1136.000  6.684365e-01 
 1137.000  7.027249e-01 
 1138.000  7.318347e-01 
 1139.000  7.388645e-01 
 1140.000  7.335197e-01 
 1141.000  7.217770e-01 
 1142.000  7.178854e-01 
 1143.000  7.052019e-01 
 1144.000  6.899332e-01 
 1145.000  6.665438e-01 
 1146.000  6.721832e-01 
 1147.000  6.902093e-01 
 1148.000  7.053296e-01 
 1149.000  7.109036e-01 
 1150.000  7.103528e-01 
