  320.000  2.495604e-01 
  321.000  2.990853e-01 
  322.000  2.797691e-01 
  323.000  3.042233e-01 
  324.000  3.285180e-01 
  325.000  3.104375e-01 
  326.000  3.400554e-01 
  327.000  3.482701e-01 
  328.000  3.305014e-01 
  329.000  3.645224e-01 
  330.000  3.698825e-01 
  331.000  3.592684e-01 
  332.000  3.797331e-01 
  333.000  3.856776e-01 
  334.000  3.807975e-01 
  335.000  3.957239e-01 
  336.000  4.017517e-01 
  337.000  3.992126e-01 
  338.000  4.062684e-01 
  339.000  4.135364e-01 
  340.000  4.123430e-01 
  341.000  4.193892e-01 
  342.000  4.245339e-01 
  343.000  4.271153e-01 
  344.000  4.276426e-01 
  345.000  4.345987e-01 
  346.000  4.389842e-01 
  347.000  4.425560e-01 
  348.000  4.458984e-01 
  349.000  4.496491e-01 
  350.000  4.528520e-01 
  351.000  4.560391e-01 
  352.000  4.586515e-01 
  353.000  4.623629e-01 
  354.000  4.655193e-01 
  355.000  4.684539e-01 
  356.000  4.713110e-01 
  357.000  4.738518e-01 
  358.000  4.765834e-01 
  359.000  4.793101e-01 
  360.000  4.821002e-01 
  361.000  4.856217e-01 
  362.000  4.892845e-01 
  363.000  4.926544e-01 
  364.000  4.957525e-01 
  365.000  4.986560e-01 
  366.000  5.016222e-01 
  367.000  5.044438e-01 
  368.000  5.072374e-01 
  369.000  5.100046e-01 
  370.000  5.127408e-01 
  371.000  5.154533e-01 
  372.000  5.181412e-01 
  373.000  5.208041e-01 
  374.000  5.234221e-01 
  375.000  5.259874e-01 
  376.000  5.284636e-01 
  377.000  5.308022e-01 
  378.000  5.329729e-01 
  379.000  5.351770e-01 
  380.000  5.375993e-01 
  381.000  5.403545e-01 
  382.000  5.432072e-01 
  383.000  5.459024e-01 
  384.000  5.484570e-01 
  385.000  5.509163e-01 
  386.000  5.533106e-01 
  387.000  5.556644e-01 
  388.000  5.579864e-01 
  389.000  5.602873e-01 
  390.000  5.625679e-01 
  391.000  5.648234e-01 
  392.000  5.670605e-01 
  393.000  5.692773e-01 
  394.000  5.714718e-01 
  395.000  5.736423e-01 
  396.000  5.757970e-01 
  397.000  5.779251e-01 
  398.000  5.800321e-01 
  399.000  5.821196e-01 
  400.000  5.841768e-01 
  401.000  5.862245e-01 
  402.000  5.882543e-01 
  403.000  5.902652e-01 
  404.000  5.922569e-01 
  405.000  5.942253e-01 
  406.000  5.961793e-01 
  407.000  5.981166e-01 
  408.000  6.000357e-01 
  409.000  6.019347e-01 
  410.000  6.038143e-01 
  411.000  6.056741e-01 
  412.000  6.075128e-01 
  413.000  6.093398e-01 
  414.000  6.110345e-01 
  415.000  6.128668e-01 
  416.000  6.146747e-01 
  417.000  6.164514e-01 
  418.000  6.181862e-01 
  419.000  6.199008e-01 
  420.000  6.215988e-01 
  421.000  6.232858e-01 
  422.000  6.249614e-01 
  423.000  6.266236e-01 
  424.000  6.282651e-01 
  425.000  6.298683e-01 
  426.000  6.314548e-01 
  427.000  6.330266e-01 
  428.000  6.345696e-01 
  429.000  6.360903e-01 
  430.000  6.375926e-01 
  431.000  6.390828e-01 
  432.000  6.405568e-01 
  433.000  6.420160e-01 
  434.000  6.434623e-01 
  435.000  6.448937e-01 
  436.000  6.463084e-01 
  437.000  6.477072e-01 
  438.000  6.490893e-01 
  439.000  6.504602e-01 
  440.000  6.518084e-01 
  441.000  6.531389e-01 
  442.000  6.544477e-01 
  443.000  6.557363e-01 
  444.000  6.570041e-01 
  445.000  6.582441e-01 
  446.000  6.594492e-01 
  447.000  6.607125e-01 
  448.000  6.620664e-01 
  449.000  6.634362e-01 
  450.000  6.647791e-01 
  451.000  6.660690e-01 
  452.000  6.673131e-01 
  453.000  6.685313e-01 
  454.000  6.697270e-01 
  455.000  6.708529e-01 
  456.000  6.718875e-01 
  457.000  6.729221e-01 
  458.000  6.739424e-01 
  459.000  6.749408e-01 
  460.000  6.759309e-01 
  461.000  6.769102e-01 
  462.000  6.778705e-01 
  463.000  6.788264e-01 
  464.000  6.800704e-01 
  465.000  6.812953e-01 
  466.000  6.824980e-01 
  467.000  6.836725e-01 
  468.000  6.846289e-01 
  469.000  6.854523e-01 
  470.000  6.862093e-01 
  471.000  6.868907e-01 
  472.000  6.874691e-01 
  473.000  6.878744e-01 
  474.000  6.882073e-01 
  475.000  6.882927e-01 
  476.000  6.881280e-01 
  477.000  6.881246e-01 
  478.000  6.890873e-01 
  479.000  6.905524e-01 
  480.000  6.921328e-01 
  481.000  6.935499e-01 
  482.000  6.948785e-01 
  483.000  6.960329e-01 
  484.000  6.970249e-01 
  485.000  6.979116e-01 
  486.000  6.988571e-01 
  487.000  6.998520e-01 
  488.000  7.008147e-01 
  489.000  7.017593e-01 
  490.000  7.026926e-01 
  491.000  7.034231e-01 
  492.000  7.040908e-01 
  493.000  7.047551e-01 
  494.000  7.054004e-01 
  495.000  7.060454e-01 
  496.000  7.063779e-01 
  497.000  7.066976e-01 
  498.000  7.070126e-01 
  499.000  7.073106e-01 
  500.000  7.076039e-01 
  501.000  7.078645e-01 
  502.000  7.081252e-01 
  503.000  7.083825e-01 
  504.000  7.086281e-01 
  505.000  7.088601e-01 
  506.000  7.095398e-01 
  507.000  7.102390e-01 
  508.000  7.109370e-01 
  509.000  7.116268e-01 
  510.000  7.123018e-01 
  511.000  7.129068e-01 
  512.000  7.134909e-01 
  513.000  7.140715e-01 
  514.000  7.146448e-01 
  515.000  7.152129e-01 
  516.000  7.156188e-01 
  517.000  7.158789e-01 
  518.000  7.161319e-01 
  519.000  7.163800e-01 
  520.000  7.166257e-01 
  521.000  7.168458e-01 
  522.000  7.170045e-01 
  523.000  7.171190e-01 
  524.000  7.172372e-01 
  525.000  7.173305e-01 
  526.000  7.174612e-01 
  527.000  7.174823e-01 
  528.000  7.174588e-01 
  529.000  7.174342e-01 
  530.000  7.174150e-01 
  531.000  7.173992e-01 
  532.000  7.174346e-01 
  533.000  7.177534e-01 
  534.000  7.181559e-01 
  535.000  7.186102e-01 
  536.000  7.190493e-01 
  537.000  7.194510e-01 
  538.000  7.198099e-01 
  539.000  7.201427e-01 
  540.000  7.204547e-01 
  541.000  7.207575e-01 
  542.000  7.210472e-01 
  543.000  7.213265e-01 
  544.000  7.215377e-01 
  545.000  7.216933e-01 
  546.000  7.218417e-01 
  547.000  7.219943e-01 
  548.000  7.221392e-01 
  549.000  7.222819e-01 
  550.000  7.223510e-01 
  551.000  7.223474e-01 
  552.000  7.223465e-01 
  553.000  7.223307e-01 
  554.000  7.223079e-01 
  555.000  7.222811e-01 
  556.000  7.222267e-01 
  557.000  7.221246e-01 
  558.000  7.220142e-01 
  559.000  7.218909e-01 
  560.000  7.217366e-01 
  561.000  7.215537e-01 
  562.000  7.211848e-01 
  563.000  7.209606e-01 
  564.000  7.206668e-01 
  565.000  7.202233e-01 
  566.000  7.199144e-01 
  567.000  7.189563e-01 
  568.000  7.161238e-01 
  569.000  7.102087e-01 
  570.000  7.109662e-01 
  571.000  7.149295e-01 
  572.000  7.108017e-01 
  573.000  7.116997e-01 
  574.000  7.118510e-01 
  575.000  7.115272e-01 
  576.000  7.117111e-01 
  577.000  7.131521e-01 
  578.000  7.151240e-01 
  579.000  7.168449e-01 
  580.000  7.185151e-01 
  581.000  7.208294e-01 
  582.000  7.224389e-01 
  583.000  7.234844e-01 
  584.000  7.243975e-01 
  585.000  7.251272e-01 
  586.000  7.258183e-01 
  587.000  7.244691e-01 
  588.000  7.166746e-01 
  589.000  7.041876e-01 
  590.000  7.036116e-01 
  591.000  7.125220e-01 
  592.000  7.080953e-01 
  593.000  7.182023e-01 
  594.000  7.162000e-01 
  595.000  7.094017e-01 
  596.000  7.190984e-01 
  597.000  7.166516e-01 
  598.000  7.204331e-01 
  599.000  7.218131e-01 
  600.000  7.251973e-01 
  601.000  7.273668e-01 
  602.000  7.279025e-01 
  603.000  7.289510e-01 
  604.000  7.302315e-01 
  605.000  7.311418e-01 
  606.000  7.318087e-01 
  607.000  7.324530e-01 
  608.000  7.330689e-01 
  609.000  7.336578e-01 
  610.000  7.342674e-01 
  611.000  7.349443e-01 
  612.000  7.356071e-01 
  613.000  7.362493e-01 
  614.000  7.368724e-01 
  615.000  7.374936e-01 
  616.000  7.380921e-01 
  617.000  7.386573e-01 
  618.000  7.391310e-01 
  619.000  7.395318e-01 
  620.000  7.399027e-01 
  621.000  7.402213e-01 
  622.000  7.404877e-01 
  623.000  7.406658e-01 
  624.000  7.408553e-01 
  625.000  7.410135e-01 
  626.000  7.407548e-01 
  627.000  7.373049e-01 
  628.000  7.153290e-01 
  629.000  7.287685e-01 
  630.000  7.316968e-01 
  631.000  7.359154e-01 
  632.000  7.356160e-01 
  633.000  7.407753e-01 
  634.000  7.433907e-01 
  635.000  7.445635e-01 
  636.000  7.462646e-01 
  637.000  7.476389e-01 
  638.000  7.502126e-01 
  639.000  7.511950e-01 
  640.000  7.529258e-01 
  641.000  7.537995e-01 
  642.000  7.550843e-01 
  643.000  7.545820e-01 
  644.000  7.552243e-01 
  645.000  7.541685e-01 
  646.000  7.475787e-01 
  647.000  7.431284e-01 
  648.000  7.380793e-01 
  649.000  7.433668e-01 
  650.000  7.531005e-01 
  651.000  7.535017e-01 
  652.000  7.456864e-01 
  653.000  7.555413e-01 
  654.000  7.549047e-01 
  655.000  7.518655e-01 
  656.000  7.534724e-01 
  657.000  7.557262e-01 
  658.000  7.593489e-01 
  659.000  7.616271e-01 
  660.000  7.628468e-01 
  661.000  7.656087e-01 
  662.000  7.670757e-01 
  663.000  7.672567e-01 
  664.000  7.680784e-01 
  665.000  7.688028e-01 
  666.000  7.696586e-01 
  667.000  7.704064e-01 
  668.000  7.712520e-01 
  669.000  7.718763e-01 
  670.000  7.724363e-01 
  671.000  7.730224e-01 
  672.000  7.735527e-01 
  673.000  7.740742e-01 
  674.000  7.745912e-01 
  675.000  7.751087e-01 
  676.000  7.755952e-01 
  677.000  7.760423e-01 
  678.000  7.764904e-01 
  679.000  7.768648e-01 
  680.000  7.769212e-01 
  681.000  7.768767e-01 
  682.000  7.771403e-01 
  683.000  7.772791e-01 
  684.000  7.769198e-01 
  685.000  7.777878e-01 
  686.000  7.749243e-01 
  687.000  6.752433e-01 
  688.000  7.064868e-01 
  689.000  6.976017e-01 
  690.000  7.138631e-01 
  691.000  7.353448e-01 
  692.000  7.485859e-01 
  693.000  7.447764e-01 
  694.000  7.380962e-01 
  695.000  7.465131e-01 
  696.000  7.513447e-01 
  697.000  7.709584e-01 
  698.000  7.670521e-01 
  699.000  7.496498e-01 
  700.000  7.526330e-01 
  701.000  7.487935e-01 
  702.000  7.517327e-01 
  703.000  7.664408e-01 
  704.000  7.671382e-01 
  705.000  7.611644e-01 
  706.000  7.624016e-01 
  707.000  7.646214e-01 
  708.000  7.670146e-01 
  709.000  7.718480e-01 
  710.000  7.668247e-01 
  711.000  7.720742e-01 
  712.000  7.765501e-01 
  713.000  7.730670e-01 
  714.000  7.719381e-01 
  715.000  7.662411e-01 
  716.000  7.603381e-01 
  717.000  7.222568e-01 
  718.000  6.987721e-01 
  719.000  6.903436e-01 
  720.000  6.774691e-01 
  721.000  7.336888e-01 
  722.000  7.535930e-01 
  723.000  7.424101e-01 
  724.000  7.104623e-01 
  725.000  7.152613e-01 
  726.000  7.137724e-01 
  727.000  7.183271e-01 
  728.000  7.133856e-01 
  729.000  7.256663e-01 
  730.000  7.235293e-01 
  731.000  7.209451e-01 
  732.000  7.416322e-01 
  733.000  7.613701e-01 
  734.000  7.708519e-01 
  735.000  7.675156e-01 
  736.000  7.612840e-01 
  737.000  7.660052e-01 
  738.000  7.724847e-01 
  739.000  7.752773e-01 
  740.000  7.814535e-01 
  741.000  7.850243e-01 
  742.000  7.865309e-01 
  743.000  7.898294e-01 
  744.000  7.912806e-01 
  745.000  7.924396e-01 
  746.000  7.933522e-01 
  747.000  7.936038e-01 
  748.000  7.944326e-01 
  749.000  7.948765e-01 
  750.000  7.946658e-01 
  751.000  7.948511e-01 
  752.000  7.956206e-01 
  753.000  7.959527e-01 
  754.000  7.962204e-01 
  755.000  7.964045e-01 
  756.000  7.965959e-01 
  757.000  7.967291e-01 
  758.000  7.954854e-01 
  759.000  7.422134e-01 
  760.000  3.445848e-01 
  761.000  3.068872e-01 
  762.000  5.374595e-01 
  763.000  4.657660e-01 
  764.000  5.012568e-01 
  765.000  5.818232e-01 
  766.000  6.789894e-01 
  767.000  7.279997e-01 
  768.000  7.600452e-01 
  769.000  7.811924e-01 
  770.000  7.923699e-01 
  771.000  7.978135e-01 
  772.000  7.991406e-01 
  773.000  7.997434e-01 
  774.000  8.004819e-01 
  775.000  8.009042e-01 
  776.000  8.012061e-01 
  777.000  8.013015e-01 
  778.000  8.013015e-01 
  779.000  8.012893e-01 
  780.000  8.012738e-01 
  781.000  8.016111e-01 
  782.000  8.015855e-01 
  783.000  8.015707e-01 
  784.000  8.013251e-01 
  785.000  7.999773e-01 
  786.000  7.978647e-01 
  787.000  7.932425e-01 
  788.000  7.907920e-01 
  789.000  7.819952e-01 
  790.000  7.812518e-01 
  791.000  7.829286e-01 
  792.000  7.844764e-01 
  793.000  7.880707e-01 
  794.000  7.956815e-01 
  795.000  7.910470e-01 
  796.000  7.786765e-01 
  797.000  7.822279e-01 
  798.000  7.900574e-01 
  799.000  7.882817e-01 
  800.000  7.825983e-01 
  801.000  7.832858e-01 
  802.000  7.827191e-01 
  803.000  7.835600e-01 
  804.000  7.862424e-01 
  805.000  7.913748e-01 
  806.000  7.944388e-01 
  807.000  7.945824e-01 
  808.000  7.928585e-01 
  809.000  7.907386e-01 
  810.000  7.884175e-01 
  811.000  7.836416e-01 
  812.000  7.772126e-01 
  813.000  7.693304e-01 
  814.000  7.589216e-01 
  815.000  7.459699e-01 
  816.000  7.292947e-01 
  817.000  7.302467e-01 
  818.000  7.316159e-01 
  819.000  7.371082e-01 
  820.000  7.554676e-01 
  821.000  7.764093e-01 
  822.000  7.604937e-01 
  823.000  7.159773e-01 
  824.000  7.535055e-01 
  825.000  7.775838e-01 
  826.000  7.734627e-01 
  827.000  7.704266e-01 
  828.000  7.545748e-01 
  829.000  7.602949e-01 
  830.000  7.666949e-01 
  831.000  7.681960e-01 
  832.000  7.688449e-01 
  833.000  7.725306e-01 
  834.000  7.768664e-01 
  835.000  7.854666e-01 
  836.000  7.826995e-01 
  837.000  7.824048e-01 
  838.000  7.865967e-01 
  839.000  7.891390e-01 
  840.000  7.900664e-01 
  841.000  7.873142e-01 
  842.000  7.897923e-01 
  843.000  7.956706e-01 
  844.000  7.983360e-01 
  845.000  7.995813e-01 
  846.000  8.008905e-01 
  847.000  8.022801e-01 
  848.000  7.999665e-01 
  849.000  8.002775e-01 
  850.000  7.991104e-01 
  851.000  7.977175e-01 
  852.000  7.978629e-01 
  853.000  8.001801e-01 
  854.000  8.000594e-01 
  855.000  8.012261e-01 
  856.000  8.035750e-01 
  857.000  8.046169e-01 
  858.000  8.051379e-01 
  859.000  8.063018e-01 
  860.000  8.068950e-01 
  861.000  8.069969e-01 
  862.000  8.073288e-01 
  863.000  8.073819e-01 
  864.000  8.076131e-01 
  865.000  8.078042e-01 
  866.000  8.078632e-01 
  867.000  8.078411e-01 
  868.000  8.078803e-01 
  869.000  8.079513e-01 
  870.000  8.079177e-01 
  871.000  8.079853e-01 
  872.000  8.081353e-01 
  873.000  8.080066e-01 
  874.000  8.079416e-01 
  875.000  8.079344e-01 
  876.000  8.077018e-01 
  877.000  8.075888e-01 
  878.000  8.068477e-01 
  879.000  8.068060e-01 
  880.000  8.061728e-01 
  881.000  8.058385e-01 
  882.000  8.054931e-01 
  883.000  8.058506e-01 
  884.000  8.059984e-01 
  885.000  8.046886e-01 
  886.000  8.029143e-01 
  887.000  8.042801e-01 
  888.000  8.042026e-01 
  889.000  8.046566e-01 
  890.000  8.035730e-01 
  891.000  8.014361e-01 
  892.000  7.967757e-01 
  893.000  7.825707e-01 
  894.000  7.755020e-01 
  895.000  7.538478e-01 
  896.000  7.344286e-01 
  897.000  7.139383e-01 
  898.000  7.043484e-01 
  899.000  6.771707e-01 
  900.000  6.811160e-01 
  901.000  6.740344e-01 
  902.000  6.753163e-01 
  903.000  7.209684e-01 
  904.000  7.487557e-01 
  905.000  7.477341e-01 
  906.000  7.303635e-01 
  907.000  6.996049e-01 
  908.000  6.793033e-01 
  909.000  6.801785e-01 
  910.000  6.832446e-01 
  911.000  6.967321e-01 
  912.000  6.902030e-01 
  913.000  6.618072e-01 
  914.000  6.758498e-01 
  915.000  6.868955e-01 
  916.000  6.898803e-01 
  917.000  6.958656e-01 
  918.000  7.036029e-01 
  919.000  7.299166e-01 
  920.000  7.497520e-01 
  921.000  7.453721e-01 
  922.000  7.449962e-01 
  923.000  7.394587e-01 
  924.000  7.261443e-01 
  925.000  7.250574e-01 
  926.000  7.247845e-01 
  927.000  7.092714e-01 
  928.000  6.853759e-01 
  929.000  6.508082e-01 
  930.000  6.067234e-01 
  931.000  5.572749e-01 
  932.000  4.924343e-01 
  933.000  4.436837e-01 
  934.000  3.932887e-01 
  935.000  3.879427e-01 
  936.000  4.079833e-01 
  937.000  4.028430e-01 
  938.000  4.587977e-01 
  939.000  6.025920e-01 
  940.000  6.237648e-01 
  941.000  6.054190e-01 
  942.000  5.603582e-01 
  943.000  4.849255e-01 
  944.000  4.796616e-01 
  945.000  5.069208e-01 
  946.000  5.084003e-01 
  947.000  5.325483e-01 
  948.000  5.466831e-01 
  949.000  5.447870e-01 
  950.000  5.483891e-01 
  951.000  5.799663e-01 
  952.000  5.461269e-01 
  953.000  5.697769e-01 
  954.000  5.950592e-01 
  955.000  5.744663e-01 
  956.000  5.697603e-01 
  957.000  6.336324e-01 
  958.000  6.418089e-01 
  959.000  6.311749e-01 
  960.000  6.280591e-01 
  961.000  6.227167e-01 
  962.000  6.275269e-01 
  963.000  6.623788e-01 
  964.000  6.673493e-01 
  965.000  6.639972e-01 
  966.000  6.658544e-01 
  967.000  6.906022e-01 
  968.000  7.317519e-01 
  969.000  7.502540e-01 
  970.000  7.512348e-01 
  971.000  7.507895e-01 
  972.000  7.455371e-01 
  973.000  7.333842e-01 
  974.000  7.185491e-01 
  975.000  7.089979e-01 
  976.000  7.206692e-01 
  977.000  7.399079e-01 
  978.000  7.383330e-01 
  979.000  7.432935e-01 
  980.000  7.628461e-01 
  981.000  7.671617e-01 
  982.000  7.627971e-01 
  983.000  7.728064e-01 
  984.000  7.830985e-01 
  985.000  7.889356e-01 
  986.000  7.964635e-01 
  987.000  7.997165e-01 
  988.000  8.004551e-01 
  989.000  8.009260e-01 
  990.000  8.017162e-01 
  991.000  8.045122e-01 
  992.000  8.053044e-01 
  993.000  8.055989e-01 
  994.000  8.080617e-01 
  995.000  8.097850e-01 
  996.000  8.097693e-01 
  997.000  8.086831e-01 
  998.000  8.073854e-01 
  999.000  8.069906e-01 
 1000.000  8.073748e-01 
 1001.000  8.046944e-01 
 1002.000  8.004034e-01 
 1003.000  8.014229e-01 
 1004.000  8.038915e-01 
 1005.000  8.050190e-01 
 1006.000  8.053767e-01 
 1007.000  8.045577e-01 
 1008.000  8.010591e-01 
 1009.000  7.963779e-01 
 1010.000  7.984620e-01 
 1011.000  8.034298e-01 
 1012.000  8.053195e-01 
 1013.000  8.068027e-01 
 1014.000  8.074216e-01 
 1015.000  8.075364e-01 
 1016.000  8.081393e-01 
 1017.000  8.085330e-01 
 1018.000  8.076782e-01 
 1019.000  8.060245e-01 
 1020.000  8.066282e-01 
 1021.000  8.078005e-01 
 1022.000  8.057784e-01 
 1023.000  8.040255e-01 
 1024.000  8.029736e-01 
 1025.000  8.061765e-01 
 1026.000  8.075132e-01 
 1027.000  8.069780e-01 
 1028.000  8.073911e-01 
 1029.000  8.088130e-01 
 1030.000  8.100927e-01 
 1031.000  8.107486e-01 
 1032.000  8.112538e-01 
 1033.000  8.113614e-01 
 1034.000  8.116631e-01 
 1035.000  8.117982e-01 
 1036.000  8.116658e-01 
 1037.000  8.116550e-01 
 1038.000  8.117440e-01 
 1039.000  8.115507e-01 
 1040.000  8.113734e-01 
 1041.000  8.112321e-01 
 1042.000  8.111848e-01 
 1043.000  8.111641e-01 
 1044.000  8.110285e-01 
 1045.000  8.106519e-01 
 1046.000  8.103908e-01 
 1047.000  8.100736e-01 
 1048.000  8.096310e-01 
 1049.000  8.091714e-01 
 1050.000  8.087509e-01 
 1051.000  8.082097e-01 
 1052.000  8.078130e-01 
 1053.000  8.077148e-01 
 1054.000  8.071496e-01 
 1055.000  8.065556e-01 
 1056.000  8.060344e-01 
 1057.000  8.047997e-01 
 1058.000  8.026187e-01 
 1059.000  8.026581e-01 
 1060.000  8.036782e-01 
 1061.000  8.033708e-01 
 1062.000  8.019707e-01 
 1063.000  8.013242e-01 
 1064.000  8.000745e-01 
 1065.000  7.987083e-01 
 1066.000  7.988036e-01 
 1067.000  7.980089e-01 
 1068.000  7.954196e-01 
 1069.000  7.943296e-01 
 1070.000  7.948883e-01 
 1071.000  7.932964e-01 
 1072.000  7.916132e-01 
 1073.000  7.913617e-01 
 1074.000  7.917040e-01 
 1075.000  7.943998e-01 
 1076.000  7.928374e-01 
 1077.000  7.907091e-01 
 1078.000  7.881885e-01 
 1079.000  7.879153e-01 
 1080.000  7.810435e-01 
 1081.000  7.806966e-01 
 1082.000  7.837877e-01 
 1083.000  7.801684e-01 
 1084.000  7.761890e-01 
 1085.000  7.666240e-01 
 1086.000  7.689105e-01 
 1087.000  7.795045e-01 
 1088.000  7.799429e-01 
 1089.000  7.671393e-01 
 1090.000  7.647585e-01 
 1091.000  7.672372e-01 
 1092.000  7.609035e-01 
 1093.000  7.466745e-01 
 1094.000  7.404752e-01 
 1095.000  7.415084e-01 
 1096.000  7.424656e-01 
 1097.000  7.396611e-01 
 1098.000  7.048838e-01 
 1099.000  6.751392e-01 
 1100.000  6.771784e-01 
 1101.000  6.813219e-01 
 1102.000  6.793743e-01 
 1103.000  6.821476e-01 
 1104.000  6.772187e-01 
 1105.000  6.647394e-01 
 1106.000  6.520812e-01 
 1107.000  6.552933e-01 
 1108.000  6.576921e-01 
 1109.000  6.686338e-01 
 1110.000  6.674766e-01 
 1111.000  6.615691e-01 
 1112.000  6.351241e-01 
 1113.000  5.989783e-01 
 1114.000  5.894381e-01 
 1115.000  5.448993e-01 
 1116.000  5.172061e-01 
 1117.000  4.526688e-01 
 1118.000  3.936765e-01 
 1119.000  3.625716e-01 
 1120.000  3.237551e-01 
 1121.000  3.151991e-01 
 1122.000  2.747856e-01 
 1123.000  2.969437e-01 
 1124.000  3.118637e-01 
 1125.000  3.040634e-01 
 1126.000  3.009163e-01 
 1127.000  3.042606e-01 
 1128.000  3.107705e-01 
 1129.000  3.505427e-01 
 1130.000  4.436176e-01 
 1131.000  4.705227e-01 
 1132.000  4.337825e-01 
 1133.000  3.664812e-01 
 1134.000  2.452214e-01 
 1135.000  2.543544e-01 
 1136.000  3.760521e-01 
 1137.000  4.426279e-01 
 1138.000  5.068083e-01 
 1139.000  5.259791e-01 
 1140.000  5.137678e-01 
 1141.000  4.887955e-01 
 1142.000  4.800639e-01 
 1143.000  4.526494e-01 
 1144.000  4.217040e-01 
 1145.000  3.769895e-01 
 1146.000  3.875411e-01 
 1147.000  4.224849e-01 
 1148.000  4.535012e-01 
 1149.000  4.659634e-01 
 1150.000  4.664339e-01 
