  320.000  2.941420e-01 
  321.000  3.478377e-01 
  322.000  3.269793e-01 
  323.000  3.533689e-01 
  324.000  3.794315e-01 
  325.000  3.600495e-01 
  326.000  3.917582e-01 
  327.000  4.005159e-01 
  328.000  3.815529e-01 
  329.000  4.177983e-01 
  330.000  4.234855e-01 
  331.000  4.122176e-01 
  332.000  4.339215e-01 
  333.000  4.402095e-01 
  334.000  4.350480e-01 
  335.000  4.508203e-01 
  336.000  4.571772e-01 
  337.000  4.545003e-01 
  338.000  4.619358e-01 
  339.000  4.695851e-01 
  340.000  4.683298e-01 
  341.000  4.757377e-01 
  342.000  4.811407e-01 
  343.000  4.838499e-01 
  344.000  4.844030e-01 
  345.000  4.916968e-01 
  346.000  4.962908e-01 
  347.000  5.000299e-01 
  348.000  5.035268e-01 
  349.000  5.074486e-01 
  350.000  5.107957e-01 
  351.000  5.141245e-01 
  352.000  5.168518e-01 
  353.000  5.207244e-01 
  354.000  5.240162e-01 
  355.000  5.270752e-01 
  356.000  5.300520e-01 
  357.000  5.326981e-01 
  358.000  5.355418e-01 
  359.000  5.383792e-01 
  360.000  5.412813e-01 
  361.000  5.449424e-01 
  362.000  5.487484e-01 
  363.000  5.522481e-01 
  364.000  5.554641e-01 
  365.000  5.584766e-01 
  366.000  5.615529e-01 
  367.000  5.644780e-01 
  368.000  5.673729e-01 
  369.000  5.702392e-01 
  370.000  5.730723e-01 
  371.000  5.758798e-01 
  372.000  5.786608e-01 
  373.000  5.814148e-01 
  374.000  5.841213e-01 
  375.000  5.867724e-01 
  376.000  5.893306e-01 
  377.000  5.917458e-01 
  378.000  5.939869e-01 
  379.000  5.962617e-01 
  380.000  5.987610e-01 
  381.000  6.016028e-01 
  382.000  6.045440e-01 
  383.000  6.073217e-01 
  384.000  6.099535e-01 
  385.000  6.124864e-01 
  386.000  6.149516e-01 
  387.000  6.173742e-01 
  388.000  6.197633e-01 
  389.000  6.221302e-01 
  390.000  6.244754e-01 
  391.000  6.267940e-01 
  392.000  6.290930e-01 
  393.000  6.313706e-01 
  394.000  6.336246e-01 
  395.000  6.358533e-01 
  396.000  6.380652e-01 
  397.000  6.402492e-01 
  398.000  6.424109e-01 
  399.000  6.445521e-01 
  400.000  6.466615e-01 
  401.000  6.487608e-01 
  402.000  6.508412e-01 
  403.000  6.529016e-01 
  404.000  6.549419e-01 
  405.000  6.569578e-01 
  406.000  6.589585e-01 
  407.000  6.609416e-01 
  408.000  6.629056e-01 
  409.000  6.648485e-01 
  410.000  6.667712e-01 
  411.000  6.686733e-01 
  412.000  6.705533e-01 
  413.000  6.724208e-01 
  414.000  6.741529e-01 
  415.000  6.760251e-01 
  416.000  6.778721e-01 
  417.000  6.796866e-01 
  418.000  6.814581e-01 
  419.000  6.832085e-01 
  420.000  6.849418e-01 
  421.000  6.866634e-01 
  422.000  6.883730e-01 
  423.000  6.900685e-01 
  424.000  6.917428e-01 
  425.000  6.933775e-01 
  426.000  6.949951e-01 
  427.000  6.965973e-01 
  428.000  6.981698e-01 
  429.000  6.997194e-01 
  430.000  7.012498e-01 
  431.000  7.027678e-01 
  432.000  7.042689e-01 
  433.000  7.057549e-01 
  434.000  7.072273e-01 
  435.000  7.086844e-01 
  436.000  7.101243e-01 
  437.000  7.115477e-01 
  438.000  7.129539e-01 
  439.000  7.143485e-01 
  440.000  7.157198e-01 
  441.000  7.170728e-01 
  442.000  7.184037e-01 
  443.000  7.197138e-01 
  444.000  7.210025e-01 
  445.000  7.222628e-01 
  446.000  7.234874e-01 
  447.000  7.247711e-01 
  448.000  7.261466e-01 
  449.000  7.275381e-01 
  450.000  7.289020e-01 
  451.000  7.302119e-01 
  452.000  7.314751e-01 
  453.000  7.327119e-01 
  454.000  7.339256e-01 
  455.000  7.350683e-01 
  456.000  7.361183e-01 
  457.000  7.371681e-01 
  458.000  7.382033e-01 
  459.000  7.392161e-01 
  460.000  7.402204e-01 
  461.000  7.412137e-01 
  462.000  7.421876e-01 
  463.000  7.431570e-01 
  464.000  7.444183e-01 
  465.000  7.456601e-01 
  466.000  7.468793e-01 
  467.000  7.480697e-01 
  468.000  7.490389e-01 
  469.000  7.498733e-01 
  470.000  7.506403e-01 
  471.000  7.513306e-01 
  472.000  7.519166e-01 
  473.000  7.523273e-01 
  474.000  7.526644e-01 
  475.000  7.527510e-01 
  476.000  7.525841e-01 
  477.000  7.525807e-01 
  478.000  7.535559e-01 
  479.000  7.550396e-01 
  480.000  7.566401e-01 
  481.000  7.580749e-01 
  482.000  7.594198e-01 
  483.000  7.605883e-01 
  484.000  7.615923e-01 
  485.000  7.624897e-01 
  486.000  7.634463e-01 
  487.000  7.644530e-01 
  488.000  7.654269e-01 
  489.000  7.663825e-01 
  490.000  7.673265e-01 
  491.000  7.680653e-01 
  492.000  7.687406e-01 
  493.000  7.694122e-01 
  494.000  7.700648e-01 
  495.000  7.707170e-01 
  496.000  7.710531e-01 
  497.000  7.713763e-01 
  498.000  7.716948e-01 
  499.000  7.719961e-01 
  500.000  7.722926e-01 
  501.000  7.725560e-01 
  502.000  7.728195e-01 
  503.000  7.730797e-01 
  504.000  7.733278e-01 
  505.000  7.735624e-01 
  506.000  7.742494e-01 
  507.000  7.749560e-01 
  508.000  7.756615e-01 
  509.000  7.763585e-01 
  510.000  7.770405e-01 
  511.000  7.776518e-01 
  512.000  7.782420e-01 
  513.000  7.788286e-01 
  514.000  7.794077e-01 
  515.000  7.799816e-01 
  516.000  7.803915e-01 
  517.000  7.806543e-01 
  518.000  7.809098e-01 
  519.000  7.811604e-01 
  520.000  7.814085e-01 
  521.000  7.816308e-01 
  522.000  7.817911e-01 
  523.000  7.819067e-01 
  524.000  7.820261e-01 
  525.000  7.821202e-01 
  526.000  7.822523e-01 
  527.000  7.822735e-01 
  528.000  7.822499e-01 
  529.000  7.822250e-01 
  530.000  7.822056e-01 
  531.000  7.821897e-01 
  532.000  7.822254e-01 
  533.000  7.825474e-01 
  534.000  7.829539e-01 
  535.000  7.834126e-01 
  536.000  7.838559e-01 
  537.000  7.842615e-01 
  538.000  7.846240e-01 
  539.000  7.849599e-01 
  540.000  7.852749e-01 
  541.000  7.855806e-01 
  542.000  7.858730e-01 
  543.000  7.861550e-01 
  544.000  7.863681e-01 
  545.000  7.865252e-01 
  546.000  7.866750e-01 
  547.000  7.868291e-01 
  548.000  7.869754e-01 
  549.000  7.871193e-01 
  550.000  7.871892e-01 
  551.000  7.871855e-01 
  552.000  7.871847e-01 
  553.000  7.871687e-01 
  554.000  7.871457e-01 
  555.000  7.871186e-01 
  556.000  7.870637e-01 
  557.000  7.869606e-01 
  558.000  7.868492e-01 
  559.000  7.867248e-01 
  560.000  7.865692e-01 
  561.000  7.863852e-01 
  562.000  7.860923e-01 
  563.000  7.858727e-01 
  564.000  7.855960e-01 
  565.000  7.852049e-01 
  566.000  7.848563e-01 
  567.000  7.841418e-01 
  568.000  7.823307e-01 
  569.000  7.788883e-01 
  570.000  7.790747e-01 
  571.000  7.809674e-01 
  572.000  7.784334e-01 
  573.000  7.786552e-01 
  574.000  7.785388e-01 
  575.000  7.782405e-01 
  576.000  7.784138e-01 
  577.000  7.793729e-01 
  578.000  7.807143e-01 
  579.000  7.821710e-01 
  580.000  7.838659e-01 
  581.000  7.860468e-01 
  582.000  7.876852e-01 
  583.000  7.888965e-01 
  584.000  7.899522e-01 
  585.000  7.908454e-01 
  586.000  7.916600e-01 
  587.000  7.913063e-01 
  588.000  7.874513e-01 
  589.000  7.808251e-01 
  590.000  7.806998e-01 
  591.000  7.857979e-01 
  592.000  7.835200e-01 
  593.000  7.892350e-01 
  594.000  7.882835e-01 
  595.000  7.846766e-01 
  596.000  7.899134e-01 
  597.000  7.884024e-01 
  598.000  7.903079e-01 
  599.000  7.908921e-01 
  600.000  7.925397e-01 
  601.000  7.935629e-01 
  602.000  7.936841e-01 
  603.000  7.943693e-01 
  604.000  7.953587e-01 
  605.000  7.961388e-01 
  606.000  7.967747e-01 
  607.000  7.973912e-01 
  608.000  7.980061e-01 
  609.000  7.985960e-01 
  610.000  7.992101e-01 
  611.000  7.998924e-01 
  612.000  8.005605e-01 
  613.000  8.012078e-01 
  614.000  8.018358e-01 
  615.000  8.024619e-01 
  616.000  8.030651e-01 
  617.000  8.036346e-01 
  618.000  8.041120e-01 
  619.000  8.045157e-01 
  620.000  8.048895e-01 
  621.000  8.052106e-01 
  622.000  8.054790e-01 
  623.000  8.056585e-01 
  624.000  8.058499e-01 
  625.000  8.060105e-01 
  626.000  8.059555e-01 
  627.000  8.037632e-01 
  628.000  7.804990e-01 
  629.000  7.955317e-01 
  630.000  7.971557e-01 
  631.000  8.014864e-01 
  632.000  8.030472e-01 
  633.000  8.070573e-01 
  634.000  8.095121e-01 
  635.000  8.109359e-01 
  636.000  8.125353e-01 
  637.000  8.139295e-01 
  638.000  8.159079e-01 
  639.000  8.170025e-01 
  640.000  8.184962e-01 
  641.000  8.194870e-01 
  642.000  8.206177e-01 
  643.000  8.207283e-01 
  644.000  8.214474e-01 
  645.000  8.211874e-01 
  646.000  8.179517e-01 
  647.000  8.158308e-01 
  648.000  8.133544e-01 
  649.000  8.165762e-01 
  650.000  8.222005e-01 
  651.000  8.226767e-01 
  652.000  8.186303e-01 
  653.000  8.243010e-01 
  654.000  8.242003e-01 
  655.000  8.227812e-01 
  656.000  8.239115e-01 
  657.000  8.253745e-01 
  658.000  8.275637e-01 
  659.000  8.290458e-01 
  660.000  8.299637e-01 
  661.000  8.317412e-01 
  662.000  8.327951e-01 
  663.000  8.331327e-01 
  664.000  8.338218e-01 
  665.000  8.344665e-01 
  666.000  8.351762e-01 
  667.000  8.358203e-01 
  668.000  8.365209e-01 
  669.000  8.371030e-01 
  670.000  8.376502e-01 
  671.000  8.382100e-01 
  672.000  8.387394e-01 
  673.000  8.392631e-01 
  674.000  8.397833e-01 
  675.000  8.403029e-01 
  676.000  8.407956e-01 
  677.000  8.412474e-01 
  678.000  8.416989e-01 
  679.000  8.421088e-01 
  680.000  8.423421e-01 
  681.000  8.425082e-01 
  682.000  8.428525e-01 
  683.000  8.431098e-01 
  684.000  8.431052e-01 
  685.000  8.437719e-01 
  686.000  8.409626e-01 
  687.000  7.366812e-01 
  688.000  7.690451e-01 
  689.000  7.601927e-01 
  690.000  7.769585e-01 
  691.000  8.003867e-01 
  692.000  8.167074e-01 
  693.000  8.202437e-01 
  694.000  8.199741e-01 
  695.000  8.264102e-01 
  696.000  8.299408e-01 
  697.000  8.416949e-01 
  698.000  8.396757e-01 
  699.000  8.297653e-01 
  700.000  8.316458e-01 
  701.000  8.295404e-01 
  702.000  8.313743e-01 
  703.000  8.400104e-01 
  704.000  8.405312e-01 
  705.000  8.371826e-01 
  706.000  8.379960e-01 
  707.000  8.393772e-01 
  708.000  8.408553e-01 
  709.000  8.437384e-01 
  710.000  8.409454e-01 
  711.000  8.440696e-01 
  712.000  8.467430e-01 
  713.000  8.448496e-01 
  714.000  8.443156e-01 
  715.000  8.411795e-01 
  716.000  8.379641e-01 
  717.000  8.158623e-01 
  718.000  8.020490e-01 
  719.000  7.971395e-01 
  720.000  7.893614e-01 
  721.000  8.231834e-01 
  722.000  8.349316e-01 
  723.000  8.285057e-01 
  724.000  8.097057e-01 
  725.000  8.127029e-01 
  726.000  8.118708e-01 
  727.000  8.146471e-01 
  728.000  8.117489e-01 
  729.000  8.191121e-01 
  730.000  8.178714e-01 
  731.000  8.163570e-01 
  732.000  8.286446e-01 
  733.000  8.401937e-01 
  734.000  8.457139e-01 
  735.000  8.438415e-01 
  736.000  8.402810e-01 
  737.000  8.430634e-01 
  738.000  8.468544e-01 
  739.000  8.485083e-01 
  740.000  8.521011e-01 
  741.000  8.541928e-01 
  742.000  8.550727e-01 
  743.000  8.569937e-01 
  744.000  8.579027e-01 
  745.000  8.586168e-01 
  746.000  8.591943e-01 
  747.000  8.594126e-01 
  748.000  8.599840e-01 
  749.000  8.603153e-01 
  750.000  8.602845e-01 
  751.000  8.604721e-01 
  752.000  8.609820e-01 
  753.000  8.612499e-01 
  754.000  8.614818e-01 
  755.000  8.616672e-01 
  756.000  8.618563e-01 
  757.000  8.619897e-01 
  758.000  8.607248e-01 
  759.000  8.054009e-01 
  760.000  3.862230e-01 
  761.000  3.456524e-01 
  762.000  5.912010e-01 
  763.000  5.154376e-01 
  764.000  5.529961e-01 
  765.000  6.378442e-01 
  766.000  7.395259e-01 
  767.000  7.905702e-01 
  768.000  8.238652e-01 
  769.000  8.458010e-01 
  770.000  8.573341e-01 
  771.000  8.630025e-01 
  772.000  8.643742e-01 
  773.000  8.650060e-01 
  774.000  8.657878e-01 
  775.000  8.662077e-01 
  776.000  8.664998e-01 
  777.000  8.666270e-01 
  778.000  8.666820e-01 
  779.000  8.667194e-01 
  780.000  8.667509e-01 
  781.000  8.669814e-01 
  782.000  8.670070e-01 
  783.000  8.670384e-01 
  784.000  8.669401e-01 
  785.000  8.661839e-01 
  786.000  8.649715e-01 
  787.000  8.623246e-01 
  788.000  8.609314e-01 
  789.000  8.557987e-01 
  790.000  8.554015e-01 
  791.000  8.564276e-01 
  792.000  8.573722e-01 
  793.000  8.595179e-01 
  794.000  8.639836e-01 
  795.000  8.613356e-01 
  796.000  8.540848e-01 
  797.000  8.562174e-01 
  798.000  8.608594e-01 
  799.000  8.598485e-01 
  800.000  8.565363e-01 
  801.000  8.569756e-01 
  802.000  8.566743e-01 
  803.000  8.572016e-01 
  804.000  8.588098e-01 
  805.000  8.618568e-01 
  806.000  8.636827e-01 
  807.000  8.637985e-01 
  808.000  8.628224e-01 
  809.000  8.616155e-01 
  810.000  8.602945e-01 
  811.000  8.575305e-01 
  812.000  8.537945e-01 
  813.000  8.491869e-01 
  814.000  8.430595e-01 
  815.000  8.353911e-01 
  816.000  8.253350e-01 
  817.000  8.259832e-01 
  818.000  8.268519e-01 
  819.000  8.301854e-01 
  820.000  8.412592e-01 
  821.000  8.537709e-01 
  822.000  8.443245e-01 
  823.000  8.173344e-01 
  824.000  8.401747e-01 
  825.000  8.545520e-01 
  826.000  8.520914e-01 
  827.000  8.503157e-01 
  828.000  8.408778e-01 
  829.000  8.443365e-01 
  830.000  8.481759e-01 
  831.000  8.490828e-01 
  832.000  8.494596e-01 
  833.000  8.516619e-01 
  834.000  8.542395e-01 
  835.000  8.593258e-01 
  836.000  8.577088e-01 
  837.000  8.575460e-01 
  838.000  8.600405e-01 
  839.000  8.615559e-01 
  840.000  8.621252e-01 
  841.000  8.605274e-01 
  842.000  8.620087e-01 
  843.000  8.654836e-01 
  844.000  8.670650e-01 
  845.000  8.677861e-01 
  846.000  8.685653e-01 
  847.000  8.694276e-01 
  848.000  8.680680e-01 
  849.000  8.682781e-01 
  850.000  8.676330e-01 
  851.000  8.668768e-01 
  852.000  8.669866e-01 
  853.000  8.683189e-01 
  854.000  8.682868e-01 
  855.000  8.689814e-01 
  856.000  8.704216e-01 
  857.000  8.710366e-01 
  858.000  8.713788e-01 
  859.000  8.720852e-01 
  860.000  8.724568e-01 
  861.000  8.725386e-01 
  862.000  8.727501e-01 
  863.000  8.728043e-01 
  864.000  8.729590e-01 
  865.000  8.730907e-01 
  866.000  8.731480e-01 
  867.000  8.731582e-01 
  868.000  8.732038e-01 
  869.000  8.732677e-01 
  870.000  8.732709e-01 
  871.000  8.733326e-01 
  872.000  8.734416e-01 
  873.000  8.733898e-01 
  874.000  8.733745e-01 
  875.000  8.733927e-01 
  876.000  8.732806e-01 
  877.000  8.732374e-01 
  878.000  8.728048e-01 
  879.000  8.728011e-01 
  880.000  8.724429e-01 
  881.000  8.722470e-01 
  882.000  8.720772e-01 
  883.000  8.722954e-01 
  884.000  8.724052e-01 
  885.000  8.716421e-01 
  886.000  8.705708e-01 
  887.000  8.714567e-01 
  888.000  8.714324e-01 
  889.000  8.717160e-01 
  890.000  8.711140e-01 
  891.000  8.698316e-01 
  892.000  8.671291e-01 
  893.000  8.586558e-01 
  894.000  8.544596e-01 
  895.000  8.413170e-01 
  896.000  8.294592e-01 
  897.000  8.168393e-01 
  898.000  8.108963e-01 
  899.000  7.935700e-01 
  900.000  7.961872e-01 
  901.000  7.916142e-01 
  902.000  7.923690e-01 
  903.000  8.214291e-01 
  904.000  8.387024e-01 
  905.000  8.380311e-01 
  906.000  8.272630e-01 
  907.000  8.079089e-01 
  908.000  7.949468e-01 
  909.000  7.955668e-01 
  910.000  7.975703e-01 
  911.000  8.062328e-01 
  912.000  8.020614e-01 
  913.000  7.836736e-01 
  914.000  7.928139e-01 
  915.000  7.999134e-01 
  916.000  8.018019e-01 
  917.000  8.055909e-01 
  918.000  8.104821e-01 
  919.000  8.270267e-01 
  920.000  8.392810e-01 
  921.000  8.365481e-01 
  922.000  8.363158e-01 
  923.000  8.329004e-01 
  924.000  8.246340e-01 
  925.000  8.240589e-01 
  926.000  8.241428e-01 
  927.000  8.146319e-01 
  928.000  7.997818e-01 
  929.000  7.778594e-01 
  930.000  7.490761e-01 
  931.000  7.155701e-01 
  932.000  6.703606e-01 
  933.000  6.337643e-01 
  934.000  5.935198e-01 
  935.000  5.893857e-01 
  936.000  6.061651e-01 
  937.000  6.016358e-01 
  938.000  6.453280e-01 
  939.000  7.490820e-01 
  940.000  7.632129e-01 
  941.000  7.506263e-01 
  942.000  7.193186e-01 
  943.000  6.643555e-01 
  944.000  6.605605e-01 
  945.000  6.811575e-01 
  946.000  6.820654e-01 
  947.000  6.993595e-01 
  948.000  7.093635e-01 
  949.000  7.077910e-01 
  950.000  7.102692e-01 
  951.000  7.323689e-01 
  952.000  7.082441e-01 
  953.000  7.247391e-01 
  954.000  7.419999e-01 
  955.000  7.274703e-01 
  956.000  7.237347e-01 
  957.000  7.671424e-01 
  958.000  7.723328e-01 
  959.000  7.650441e-01 
  960.000  7.628016e-01 
  961.000  7.590939e-01 
  962.000  7.622072e-01 
  963.000  7.851833e-01 
  964.000  7.883353e-01 
  965.000  7.860379e-01 
  966.000  7.871365e-01 
  967.000  8.030454e-01 
  968.000  8.289682e-01 
  969.000  8.403765e-01 
  970.000  8.409431e-01 
  971.000  8.406663e-01 
  972.000  8.374456e-01 
  973.000  8.299209e-01 
  974.000  8.206306e-01 
  975.000  8.145989e-01 
  976.000  8.219774e-01 
  977.000  8.340058e-01 
  978.000  8.329890e-01 
  979.000  8.360236e-01 
  980.000  8.480535e-01 
  981.000  8.506694e-01 
  982.000  8.479606e-01 
  983.000  8.540515e-01 
  984.000  8.602874e-01 
  985.000  8.638055e-01 
  986.000  8.683292e-01 
  987.000  8.702731e-01 
  988.000  8.707119e-01 
  989.000  8.709940e-01 
  990.000  8.714721e-01 
  991.000  8.731122e-01 
  992.000  8.735984e-01 
  993.000  8.737847e-01 
  994.000  8.753044e-01 
  995.000  8.763293e-01 
  996.000  8.763474e-01 
  997.000  8.756917e-01 
  998.000  8.749439e-01 
  999.000  8.746721e-01 
 1000.000  8.749173e-01 
 1001.000  8.733268e-01 
 1002.000  8.708052e-01 
 1003.000  8.714284e-01 
 1004.000  8.728756e-01 
 1005.000  8.735675e-01 
 1006.000  8.737774e-01 
 1007.000  8.732934e-01 
 1008.000  8.712436e-01 
 1009.000  8.684328e-01 
 1010.000  8.696912e-01 
 1011.000  8.726741e-01 
 1012.000  8.737706e-01 
 1013.000  8.746436e-01 
 1014.000  8.750169e-01 
 1015.000  8.750813e-01 
 1016.000  8.754845e-01 
 1017.000  8.757207e-01 
 1018.000  8.752058e-01 
 1019.000  8.741794e-01 
 1020.000  8.745219e-01 
 1021.000  8.752733e-01 
 1022.000  8.740155e-01 
 1023.000  8.729453e-01 
 1024.000  8.723456e-01 
 1025.000  8.742228e-01 
 1026.000  8.750398e-01 
 1027.000  8.746579e-01 
 1028.000  8.749281e-01 
 1029.000  8.757433e-01 
 1030.000  8.764865e-01 
 1031.000  8.768546e-01 
 1032.000  8.771288e-01 
 1033.000  8.771774e-01 
 1034.000  8.773261e-01 
 1035.000  8.773394e-01 
 1036.000  8.771491e-01 
 1037.000  8.770479e-01 
 1038.000  8.770876e-01 
 1039.000  8.769464e-01 
 1040.000  8.767933e-01 
 1041.000  8.766690e-01 
 1042.000  8.766121e-01 
 1043.000  8.765615e-01 
 1044.000  8.764220e-01 
 1045.000  8.761259e-01 
 1046.000  8.759040e-01 
 1047.000  8.756181e-01 
 1048.000  8.751296e-01 
 1049.000  8.745653e-01 
 1050.000  8.742053e-01 
 1051.000  8.738389e-01 
 1052.000  8.734833e-01 
 1053.000  8.733085e-01 
 1054.000  8.728502e-01 
 1055.000  8.723748e-01 
 1056.000  8.718840e-01 
 1057.000  8.709731e-01 
 1058.000  8.694434e-01 
 1059.000  8.693107e-01 
 1060.000  8.697640e-01 
 1061.000  8.694651e-01 
 1062.000  8.684189e-01 
 1063.000  8.677708e-01 
 1064.000  8.667833e-01 
 1065.000  8.659247e-01 
 1066.000  8.659583e-01 
 1067.000  8.654021e-01 
 1068.000  8.639050e-01 
 1069.000  8.638203e-01 
 1070.000  8.645332e-01 
 1071.000  8.639059e-01 
 1072.000  8.631120e-01 
 1073.000  8.631929e-01 
 1074.000  8.636229e-01 
 1075.000  8.654688e-01 
 1076.000  8.647265e-01 
 1077.000  8.636224e-01 
 1078.000  8.622701e-01 
 1079.000  8.622732e-01 
 1080.000  8.582336e-01 
 1081.000  8.581496e-01 
 1082.000  8.601475e-01 
 1083.000  8.580794e-01 
 1084.000  8.557610e-01 
 1085.000  8.499954e-01 
 1086.000  8.515025e-01 
 1087.000  8.580816e-01 
 1088.000  8.584248e-01 
 1089.000  8.506725e-01 
 1090.000  8.492986e-01 
 1091.000  8.509088e-01 
 1092.000  8.471159e-01 
 1093.000  8.383706e-01 
 1094.000  8.345605e-01 
 1095.000  8.352739e-01 
 1096.000  8.359616e-01 
 1097.000  8.343243e-01 
 1098.000  8.124444e-01 
 1099.000  7.933681e-01 
 1100.000  7.947607e-01 
 1101.000  7.975221e-01 
 1102.000  7.963853e-01 
 1103.000  7.982775e-01 
 1104.000  7.951670e-01 
 1105.000  7.871427e-01 
 1106.000  7.788225e-01 
 1107.000  7.811364e-01 
 1108.000  7.829802e-01 
 1109.000  7.905016e-01 
 1110.000  7.901835e-01 
 1111.000  7.865542e-01 
 1112.000  7.693261e-01 
 1113.000  7.455410e-01 
 1114.000  7.399901e-01 
 1115.000  7.097924e-01 
 1116.000  6.903363e-01 
 1117.000  6.418956e-01 
 1118.000  5.956242e-01 
 1119.000  5.707237e-01 
 1120.000  5.373636e-01 
 1121.000  5.299827e-01 
 1122.000  4.917127e-01 
 1123.000  5.140406e-01 
 1124.000  5.285732e-01 
 1125.000  5.212759e-01 
 1126.000  5.181358e-01 
 1127.000  5.208985e-01 
 1128.000  5.263187e-01 
 1129.000  5.620506e-01 
 1130.000  6.404617e-01 
 1131.000  6.617080e-01 
 1132.000  6.328872e-01 
 1133.000  5.760247e-01 
 1134.000  4.605639e-01 
 1135.000  4.698402e-01 
 1136.000  5.834446e-01 
 1137.000  6.383635e-01 
 1138.000  6.871468e-01 
 1139.000  6.999239e-01 
 1140.000  6.908647e-01 
 1141.000  6.714811e-01 
 1142.000  6.649209e-01 
 1143.000  6.438406e-01 
 1144.000  6.190512e-01 
 1145.000  5.818517e-01 
 1146.000  5.907458e-01 
 1147.000  6.195452e-01 
 1148.000  6.441907e-01 
 1149.000  6.535663e-01 
 1150.000  6.531270e-01 
