  320.000  1.495177e-01 
  321.000  1.873461e-01 
  322.000  1.723928e-01 
  323.000  1.913643e-01 
  324.000  2.105875e-01 
  325.000  1.962466e-01 
  326.000  2.198413e-01 
  327.000  2.264774e-01 
  328.000  2.121727e-01 
  329.000  2.397198e-01 
  330.000  2.441193e-01 
  331.000  2.354226e-01 
  332.000  2.522457e-01 
  333.000  2.571749e-01 
  334.000  2.531269e-01 
  335.000  2.655478e-01 
  336.000  2.705967e-01 
  337.000  2.684677e-01 
  338.000  2.743922e-01 
  339.000  2.805215e-01 
  340.000  2.795132e-01 
  341.000  2.854766e-01 
  342.000  2.898463e-01 
  343.000  2.920437e-01 
  344.000  2.924930e-01 
  345.000  2.984324e-01 
  346.000  3.021891e-01 
  347.000  3.052555e-01 
  348.000  3.081306e-01 
  349.000  3.113631e-01 
  350.000  3.141288e-01 
  351.000  3.168855e-01 
  352.000  3.191488e-01 
  353.000  3.223696e-01 
  354.000  3.251137e-01 
  355.000  3.276692e-01 
  356.000  3.301609e-01 
  357.000  3.323799e-01 
  358.000  3.347688e-01 
  359.000  3.371568e-01 
  360.000  3.396038e-01 
  361.000  3.426972e-01 
  362.000  3.459206e-01 
  363.000  3.488914e-01 
  364.000  3.516271e-01 
  365.000  3.541947e-01 
  366.000  3.568216e-01 
  367.000  3.593240e-01 
  368.000  3.618050e-01 
  369.000  3.642657e-01 
  370.000  3.667022e-01 
  371.000  3.691208e-01 
  372.000  3.715205e-01 
  373.000  3.739009e-01 
  374.000  3.762439e-01 
  375.000  3.785428e-01 
  376.000  3.807644e-01 
  377.000  3.828649e-01 
  378.000  3.848166e-01 
  379.000  3.868003e-01 
  380.000  3.889828e-01 
  381.000  3.914681e-01 
  382.000  3.940446e-01 
  383.000  3.964820e-01 
  384.000  3.987949e-01 
  385.000  4.010240e-01 
  386.000  4.031967e-01 
  387.000  4.053348e-01 
  388.000  4.074461e-01 
  389.000  4.095405e-01 
  390.000  4.116185e-01 
  391.000  4.136756e-01 
  392.000  4.157179e-01 
  393.000  4.177437e-01 
  394.000  4.197510e-01 
  395.000  4.217381e-01 
  396.000  4.237128e-01 
  397.000  4.256648e-01 
  398.000  4.275991e-01 
  399.000  4.295173e-01 
  400.000  4.314092e-01 
  401.000  4.332941e-01 
  402.000  4.351641e-01 
  403.000  4.370183e-01 
  404.000  4.388562e-01 
  405.000  4.406742e-01 
  406.000  4.424804e-01 
  407.000  4.442725e-01 
  408.000  4.460492e-01 
  409.000  4.478086e-01 
  410.000  4.495515e-01 
  411.000  4.512773e-01 
  412.000  4.529848e-01 
  413.000  4.546827e-01 
  414.000  4.562588e-01 
  415.000  4.579640e-01 
  416.000  4.596478e-01 
  417.000  4.613037e-01 
  418.000  4.629216e-01 
  419.000  4.645218e-01 
  420.000  4.661077e-01 
  421.000  4.676843e-01 
  422.000  4.692512e-01 
  423.000  4.708067e-01 
  424.000  4.723439e-01 
  425.000  4.738459e-01 
  426.000  4.753335e-01 
  427.000  4.768081e-01 
  428.000  4.782565e-01 
  429.000  4.796849e-01 
  430.000  4.810967e-01 
  431.000  4.824981e-01 
  432.000  4.838849e-01 
  433.000  4.852587e-01 
  434.000  4.866211e-01 
  435.000  4.879701e-01 
  436.000  4.893042e-01 
  437.000  4.906239e-01 
  438.000  4.919286e-01 
  439.000  4.932234e-01 
  440.000  4.944974e-01 
  441.000  4.957553e-01 
  442.000  4.969934e-01 
  443.000  4.982129e-01 
  444.000  4.994132e-01 
  445.000  5.005878e-01 
  446.000  5.017299e-01 
  447.000  5.029277e-01 
  448.000  5.042120e-01 
  449.000  5.055122e-01 
  450.000  5.067873e-01 
  451.000  5.080127e-01 
  452.000  5.091951e-01 
  453.000  5.103536e-01 
  454.000  5.114911e-01 
  455.000  5.125626e-01 
  456.000  5.135477e-01 
  457.000  5.145332e-01 
  458.000  5.155053e-01 
  459.000  5.164569e-01 
  460.000  5.174010e-01 
  461.000  5.183351e-01 
  462.000  5.192515e-01 
  463.000  5.201639e-01 
  464.000  5.213518e-01 
  465.000  5.225220e-01 
  466.000  5.236715e-01 
  467.000  5.247945e-01 
  468.000  5.257093e-01 
  469.000  5.264972e-01 
  470.000  5.272217e-01 
  471.000  5.278740e-01 
  472.000  5.284279e-01 
  473.000  5.288161e-01 
  474.000  5.291349e-01 
  475.000  5.292168e-01 
  476.000  5.290590e-01 
  477.000  5.290558e-01 
  478.000  5.299781e-01 
  479.000  5.313823e-01 
  480.000  5.328979e-01 
  481.000  5.342577e-01 
  482.000  5.355331e-01 
  483.000  5.366418e-01 
  484.000  5.375948e-01 
  485.000  5.384470e-01 
  486.000  5.393559e-01 
  487.000  5.403128e-01 
  488.000  5.412390e-01 
  489.000  5.421481e-01 
  490.000  5.430465e-01 
  491.000  5.437500e-01 
  492.000  5.443931e-01 
  493.000  5.450330e-01 
  494.000  5.456549e-01 
  495.000  5.462767e-01 
  496.000  5.465971e-01 
  497.000  5.469053e-01 
  498.000  5.472091e-01 
  499.000  5.474964e-01 
  500.000  5.477793e-01 
  501.000  5.480307e-01 
  502.000  5.482821e-01 
  503.000  5.485305e-01 
  504.000  5.487673e-01 
  505.000  5.489912e-01 
  506.000  5.496472e-01 
  507.000  5.503221e-01 
  508.000  5.509960e-01 
  509.000  5.516621e-01 
  510.000  5.523142e-01 
  511.000  5.528986e-01 
  512.000  5.534632e-01 
  513.000  5.540243e-01 
  514.000  5.545786e-01 
  515.000  5.551279e-01 
  516.000  5.555204e-01 
  517.000  5.557720e-01 
  518.000  5.560167e-01 
  519.000  5.562567e-01 
  520.000  5.564944e-01 
  521.000  5.567074e-01 
  522.000  5.568610e-01 
  523.000  5.569717e-01 
  524.000  5.570862e-01 
  525.000  5.571764e-01 
  526.000  5.573029e-01 
  527.000  5.573233e-01 
  528.000  5.573006e-01 
  529.000  5.572767e-01 
  530.000  5.572582e-01 
  531.000  5.572429e-01 
  532.000  5.572771e-01 
  533.000  5.575857e-01 
  534.000  5.579753e-01 
  535.000  5.584151e-01 
  536.000  5.588403e-01 
  537.000  5.592291e-01 
  538.000  5.595769e-01 
  539.000  5.598992e-01 
  540.000  5.602014e-01 
  541.000  5.604948e-01 
  542.000  5.607755e-01 
  543.000  5.610461e-01 
  544.000  5.612508e-01 
  545.000  5.614016e-01 
  546.000  5.615454e-01 
  547.000  5.616933e-01 
  548.000  5.618338e-01 
  549.000  5.619721e-01 
  550.000  5.620391e-01 
  551.000  5.620356e-01 
  552.000  5.620348e-01 
  553.000  5.620195e-01 
  554.000  5.619974e-01 
  555.000  5.619714e-01 
  556.000  5.619186e-01 
  557.000  5.618197e-01 
  558.000  5.617126e-01 
  559.000  5.615932e-01 
  560.000  5.614438e-01 
  561.000  5.612670e-01 
  562.000  5.609769e-01 
  563.000  5.607653e-01 
  564.000  5.604975e-01 
  565.000  5.601158e-01 
  566.000  5.597855e-01 
  567.000  5.590716e-01 
  568.000  5.573326e-01 
  569.000  5.540824e-01 
  570.000  5.542603e-01 
  571.000  5.559941e-01 
  572.000  5.535725e-01 
  573.000  5.538139e-01 
  574.000  5.536677e-01 
  575.000  5.533814e-01 
  576.000  5.535479e-01 
  577.000  5.544990e-01 
  578.000  5.557545e-01 
  579.000  5.571617e-01 
  580.000  5.587831e-01 
  581.000  5.608978e-01 
  582.000  5.624695e-01 
  583.000  5.636109e-01 
  584.000  5.646399e-01 
  585.000  5.654752e-01 
  586.000  5.662892e-01 
  587.000  5.659152e-01 
  588.000  5.622876e-01 
  589.000  5.559323e-01 
  590.000  5.558118e-01 
  591.000  5.606964e-01 
  592.000  5.585139e-01 
  593.000  5.639971e-01 
  594.000  5.630829e-01 
  595.000  5.596232e-01 
  596.000  5.646519e-01 
  597.000  5.632024e-01 
  598.000  5.650339e-01 
  599.000  5.655974e-01 
  600.000  5.671196e-01 
  601.000  5.680885e-01 
  602.000  5.682039e-01 
  603.000  5.688846e-01 
  604.000  5.698743e-01 
  605.000  5.706421e-01 
  606.000  5.712594e-01 
  607.000  5.718578e-01 
  608.000  5.724517e-01 
  609.000  5.730215e-01 
  610.000  5.736143e-01 
  611.000  5.742732e-01 
  612.000  5.749185e-01 
  613.000  5.755438e-01 
  614.000  5.761507e-01 
  615.000  5.767560e-01 
  616.000  5.773392e-01 
  617.000  5.778900e-01 
  618.000  5.783518e-01 
  619.000  5.787425e-01 
  620.000  5.791042e-01 
  621.000  5.794150e-01 
  622.000  5.796747e-01 
  623.000  5.798485e-01 
  624.000  5.800338e-01 
  625.000  5.801892e-01 
  626.000  5.801124e-01 
  627.000  5.780598e-01 
  628.000  5.584676e-01 
  629.000  5.711151e-01 
  630.000  5.727332e-01 
  631.000  5.764061e-01 
  632.000  5.776706e-01 
  633.000  5.813037e-01 
  634.000  5.835601e-01 
  635.000  5.849293e-01 
  636.000  5.864420e-01 
  637.000  5.877962e-01 
  638.000  5.897143e-01 
  639.000  5.907994e-01 
  640.000  5.922523e-01 
  641.000  5.932008e-01 
  642.000  5.943242e-01 
  643.000  5.944218e-01 
  644.000  5.951179e-01 
  645.000  5.948554e-01 
  646.000  5.917966e-01 
  647.000  5.897397e-01 
  648.000  5.873418e-01 
  649.000  5.904650e-01 
  650.000  5.959263e-01 
  651.000  5.963913e-01 
  652.000  5.924655e-01 
  653.000  5.979751e-01 
  654.000  5.978801e-01 
  655.000  5.965026e-01 
  656.000  5.976034e-01 
  657.000  5.990294e-01 
  658.000  6.010799e-01 
  659.000  6.025614e-01 
  660.000  6.034221e-01 
  661.000  6.051923e-01 
  662.000  6.062016e-01 
  663.000  6.065455e-01 
  664.000  6.072047e-01 
  665.000  6.078490e-01 
  666.000  6.085641e-01 
  667.000  6.092079e-01 
  668.000  6.099122e-01 
  669.000  6.104884e-01 
  670.000  6.110269e-01 
  671.000  6.115797e-01 
  672.000  6.120996e-01 
  673.000  6.126137e-01 
  674.000  6.131245e-01 
  675.000  6.136348e-01 
  676.000  6.141184e-01 
  677.000  6.145620e-01 
  678.000  6.150056e-01 
  679.000  6.154044e-01 
  680.000  6.156127e-01 
  681.000  6.157489e-01 
  682.000  6.160775e-01 
  683.000  6.163126e-01 
  684.000  6.163383e-01 
  685.000  6.169738e-01 
  686.000  6.145774e-01 
  687.000  5.257536e-01 
  688.000  5.532169e-01 
  689.000  5.456927e-01 
  690.000  5.600021e-01 
  691.000  5.799218e-01 
  692.000  5.936588e-01 
  693.000  5.958446e-01 
  694.000  5.948500e-01 
  695.000  6.007033e-01 
  696.000  6.039613e-01 
  697.000  6.151755e-01 
  698.000  6.132235e-01 
  699.000  6.037258e-01 
  700.000  6.055271e-01 
  701.000  6.035194e-01 
  702.000  6.052823e-01 
  703.000  6.135706e-01 
  704.000  6.140806e-01 
  705.000  6.108757e-01 
  706.000  6.116636e-01 
  707.000  6.129963e-01 
  708.000  6.144233e-01 
  709.000  6.172006e-01 
  710.000  6.145226e-01 
  711.000  6.175312e-01 
  712.000  6.201085e-01 
  713.000  6.182900e-01 
  714.000  6.177768e-01 
  715.000  6.147569e-01 
  716.000  6.116483e-01 
  717.000  5.904937e-01 
  718.000  5.773458e-01 
  719.000  5.726830e-01 
  720.000  5.653666e-01 
  721.000  5.974608e-01 
  722.000  6.087140e-01 
  723.000  6.025687e-01 
  724.000  5.846530e-01 
  725.000  5.874948e-01 
  726.000  5.867140e-01 
  727.000  5.893632e-01 
  728.000  5.866193e-01 
  729.000  5.936383e-01 
  730.000  5.924761e-01 
  731.000  5.910550e-01 
  732.000  6.027893e-01 
  733.000  6.138793e-01 
  734.000  6.192049e-01 
  735.000  6.174141e-01 
  736.000  6.139988e-01 
  737.000  6.166790e-01 
  738.000  6.203322e-01 
  739.000  6.219316e-01 
  740.000  6.254022e-01 
  741.000  6.274269e-01 
  742.000  6.283100e-01 
  743.000  6.300870e-01 
  744.000  6.309642e-01 
  745.000  6.316566e-01 
  746.000  6.321871e-01 
  747.000  6.324075e-01 
  748.000  6.330100e-01 
  749.000  6.333516e-01 
  750.000  6.332996e-01 
  751.000  6.334851e-01 
  752.000  6.340213e-01 
  753.000  6.342945e-01 
  754.000  6.345286e-01 
  755.000  6.347122e-01 
  756.000  6.348998e-01 
  757.000  6.350320e-01 
  758.000  6.338510e-01 
  759.000  5.861290e-01 
  760.000  2.460030e-01 
  761.000  2.157824e-01 
  762.000  4.068271e-01 
  763.000  3.459905e-01 
  764.000  3.759821e-01 
  765.000  4.450633e-01 
  766.000  5.300653e-01 
  767.000  5.735758e-01 
  768.000  6.022443e-01 
  769.000  6.212566e-01 
  770.000  6.314695e-01 
  771.000  6.363115e-01 
  772.000  6.375216e-01 
  773.000  6.380723e-01 
  774.000  6.387941e-01 
  775.000  6.392112e-01 
  776.000  6.395025e-01 
  777.000  6.396249e-01 
  778.000  6.396729e-01 
  779.000  6.397040e-01 
  780.000  6.397296e-01 
  781.000  6.399715e-01 
  782.000  6.399907e-01 
  783.000  6.400163e-01 
  784.000  6.399009e-01 
  785.000  6.391463e-01 
  786.000  6.380088e-01 
  787.000  6.355319e-01 
  788.000  6.341969e-01 
  789.000  6.292831e-01 
  790.000  6.289040e-01 
  791.000  6.298878e-01 
  792.000  6.307955e-01 
  793.000  6.328544e-01 
  794.000  6.371689e-01 
  795.000  6.346015e-01 
  796.000  6.276629e-01 
  797.000  6.297047e-01 
  798.000  6.341525e-01 
  799.000  6.331871e-01 
  800.000  6.300180e-01 
  801.000  6.304408e-01 
  802.000  6.301551e-01 
  803.000  6.306628e-01 
  804.000  6.322068e-01 
  805.000  6.351299e-01 
  806.000  6.368847e-01 
  807.000  6.369986e-01 
  808.000  6.360641e-01 
  809.000  6.349075e-01 
  810.000  6.336401e-01 
  811.000  6.309894e-01 
  812.000  6.274070e-01 
  813.000  6.229946e-01 
  814.000  6.171368e-01 
  815.000  6.098169e-01 
  816.000  6.002759e-01 
  817.000  6.008788e-01 
  818.000  6.017016e-01 
  819.000  6.048735e-01 
  820.000  6.154058e-01 
  821.000  6.273441e-01 
  822.000  6.183304e-01 
  823.000  5.927464e-01 
  824.000  6.143894e-01 
  825.000  6.281099e-01 
  826.000  6.257757e-01 
  827.000  6.240817e-01 
  828.000  6.150841e-01 
  829.000  6.183790e-01 
  830.000  6.220455e-01 
  831.000  6.229181e-01 
  832.000  6.232924e-01 
  833.000  6.254034e-01 
  834.000  6.278767e-01 
  835.000  6.327552e-01 
  836.000  6.312124e-01 
  837.000  6.310639e-01 
  838.000  6.334569e-01 
  839.000  6.349142e-01 
  840.000  6.354630e-01 
  841.000  6.339347e-01 
  842.000  6.353580e-01 
  843.000  6.386951e-01 
  844.000  6.402177e-01 
  845.000  6.408350e-01 
  846.000  6.415626e-01 
  847.000  6.424335e-01 
  848.000  6.411318e-01 
  849.000  6.413373e-01 
  850.000  6.408091e-01 
  851.000  6.400516e-01 
  852.000  6.401591e-01 
  853.000  6.413811e-01 
  854.000  6.413340e-01 
  855.000  6.419771e-01 
  856.000  6.433719e-01 
  857.000  6.439567e-01 
  858.000  6.443071e-01 
  859.000  6.449924e-01 
  860.000  6.453919e-01 
  861.000  6.454757e-01 
  862.000  6.457008e-01 
  863.000  6.457546e-01 
  864.000  6.459178e-01 
  865.000  6.460563e-01 
  866.000  6.461135e-01 
  867.000  6.461197e-01 
  868.000  6.461642e-01 
  869.000  6.462287e-01 
  870.000  6.462275e-01 
  871.000  6.462895e-01 
  872.000  6.464032e-01 
  873.000  6.463421e-01 
  874.000  6.463209e-01 
  875.000  6.463358e-01 
  876.000  6.462095e-01 
  877.000  6.461579e-01 
  878.000  6.457136e-01 
  879.000  6.457065e-01 
  880.000  6.453703e-01 
  881.000  6.451682e-01 
  882.000  6.450358e-01 
  883.000  6.452696e-01 
  884.000  6.453254e-01 
  885.000  6.446547e-01 
  886.000  6.435845e-01 
  887.000  6.444565e-01 
  888.000  6.444324e-01 
  889.000  6.447260e-01 
  890.000  6.441146e-01 
  891.000  6.429008e-01 
  892.000  6.404111e-01 
  893.000  6.323401e-01 
  894.000  6.283399e-01 
  895.000  6.158925e-01 
  896.000  6.046858e-01 
  897.000  5.927941e-01 
  898.000  5.872100e-01 
  899.000  5.710768e-01 
  900.000  5.734887e-01 
  901.000  5.692559e-01 
  902.000  5.699873e-01 
  903.000  5.970805e-01 
  904.000  6.133240e-01 
  905.000  6.127127e-01 
  906.000  6.025884e-01 
  907.000  5.844812e-01 
  908.000  5.724183e-01 
  909.000  5.729821e-01 
  910.000  5.748395e-01 
  911.000  5.828960e-01 
  912.000  5.790191e-01 
  913.000  5.619886e-01 
  914.000  5.704489e-01 
  915.000  5.770513e-01 
  916.000  5.788223e-01 
  917.000  5.823684e-01 
  918.000  5.869462e-01 
  919.000  6.024444e-01 
  920.000  6.139979e-01 
  921.000  6.114393e-01 
  922.000  6.112279e-01 
  923.000  6.080153e-01 
  924.000  6.002475e-01 
  925.000  5.996807e-01 
  926.000  5.996821e-01 
  927.000  5.907010e-01 
  928.000  5.767399e-01 
  929.000  5.562716e-01 
  930.000  5.296666e-01 
  931.000  4.990939e-01 
  932.000  4.582344e-01 
  933.000  4.260068e-01 
  934.000  3.913288e-01 
  935.000  3.877275e-01 
  936.000  4.019571e-01 
  937.000  3.981907e-01 
  938.000  4.361564e-01 
  939.000  5.288223e-01 
  940.000  5.418024e-01 
  941.000  5.303639e-01 
  942.000  5.020314e-01 
  943.000  4.531212e-01 
  944.000  4.497330e-01 
  945.000  4.678349e-01 
  946.000  4.687017e-01 
  947.000  4.841924e-01 
  948.000  4.931917e-01 
  949.000  4.918554e-01 
  950.000  4.941101e-01 
  951.000  5.140623e-01 
  952.000  4.924331e-01 
  953.000  5.073431e-01 
  954.000  5.230627e-01 
  955.000  5.099919e-01 
  956.000  5.067664e-01 
  957.000  5.463464e-01 
  958.000  5.512005e-01 
  959.000  5.445802e-01 
  960.000  5.425807e-01 
  961.000  5.392300e-01 
  962.000  5.421227e-01 
  963.000  5.632981e-01 
  964.000  5.662478e-01 
  965.000  5.641642e-01 
  966.000  5.652220e-01 
  967.000  5.800164e-01 
  968.000  6.042932e-01 
  969.000  6.150613e-01 
  970.000  6.156136e-01 
  971.000  6.153582e-01 
  972.000  6.123183e-01 
  973.000  6.052344e-01 
  974.000  5.965220e-01 
  975.000  5.908841e-01 
  976.000  5.977890e-01 
  977.000  6.090864e-01 
  978.000  6.081471e-01 
  979.000  6.110232e-01 
  980.000  6.223872e-01 
  981.000  6.248752e-01 
  982.000  6.223302e-01 
  983.000  6.281089e-01 
  984.000  6.340340e-01 
  985.000  6.373853e-01 
  986.000  6.416976e-01 
  987.000  6.435572e-01 
  988.000  6.439816e-01 
  989.000  6.442555e-01 
  990.000  6.447145e-01 
  991.000  6.461802e-01 
  992.000  6.466551e-01 
  993.000  6.468378e-01 
  994.000  6.482863e-01 
  995.000  6.492843e-01 
  996.000  6.492856e-01 
  997.000  6.486852e-01 
  998.000  6.479319e-01 
  999.000  6.476638e-01 
 1000.000  6.479052e-01 
 1001.000  6.463956e-01 
 1002.000  6.440956e-01 
 1003.000  6.446901e-01 
 1004.000  6.461126e-01 
 1005.000  6.466312e-01 
 1006.000  6.468350e-01 
 1007.000  6.463637e-01 
 1008.000  6.445159e-01 
 1009.000  6.418396e-01 
 1010.000  6.430382e-01 
 1011.000  6.458802e-01 
 1012.000  6.468300e-01 
 1013.000  6.476980e-01 
 1014.000  6.480049e-01 
 1015.000  6.480686e-01 
 1016.000  6.484663e-01 
 1017.000  6.486993e-01 
 1018.000  6.481912e-01 
 1019.000  6.472290e-01 
 1020.000  6.475797e-01 
 1021.000  6.482572e-01 
 1022.000  6.470678e-01 
 1023.000  6.461780e-01 
 1024.000  6.455633e-01 
 1025.000  6.472681e-01 
 1026.000  6.480256e-01 
 1027.000  6.476491e-01 
 1028.000  6.479153e-01 
 1029.000  6.486799e-01 
 1030.000  6.493891e-01 
 1031.000  6.497836e-01 
 1032.000  6.500007e-01 
 1033.000  6.500605e-01 
 1034.000  6.502305e-01 
 1035.000  6.502587e-01 
 1036.000  6.500760e-01 
 1037.000  6.499862e-01 
 1038.000  6.500319e-01 
 1039.000  6.498847e-01 
 1040.000  6.497291e-01 
 1041.000  6.496031e-01 
 1042.000  6.495476e-01 
 1043.000  6.495009e-01 
 1044.000  6.493623e-01 
 1045.000  6.490573e-01 
 1046.000  6.488313e-01 
 1047.000  6.485426e-01 
 1048.000  6.480616e-01 
 1049.000  6.475114e-01 
 1050.000  6.471611e-01 
 1051.000  6.467739e-01 
 1052.000  6.464159e-01 
 1053.000  6.462346e-01 
 1054.000  6.457621e-01 
 1055.000  6.452730e-01 
 1056.000  6.447805e-01 
 1057.000  6.439115e-01 
 1058.000  6.424688e-01 
 1059.000  6.422861e-01 
 1060.000  6.427150e-01 
 1061.000  6.424186e-01 
 1062.000  6.414586e-01 
 1063.000  6.408521e-01 
 1064.000  6.399327e-01 
 1065.000  6.391070e-01 
 1066.000  6.391432e-01 
 1067.000  6.386595e-01 
 1068.000  6.372709e-01 
 1069.000  6.372516e-01 
 1070.000  6.379189e-01 
 1071.000  6.373217e-01 
 1072.000  6.365802e-01 
 1073.000  6.366683e-01 
 1074.000  6.370919e-01 
 1075.000  6.388551e-01 
 1076.000  6.381626e-01 
 1077.000  6.371282e-01 
 1078.000  6.358569e-01 
 1079.000  6.358715e-01 
 1080.000  6.320530e-01 
 1081.000  6.319839e-01 
 1082.000  6.338845e-01 
 1083.000  6.319311e-01 
 1084.000  6.297426e-01 
 1085.000  6.243008e-01 
 1086.000  6.257281e-01 
 1087.000  6.319516e-01 
 1088.000  6.322846e-01 
 1089.000  6.249543e-01 
 1090.000  6.236576e-01 
 1091.000  6.251774e-01 
 1092.000  6.215954e-01 
 1093.000  6.133543e-01 
 1094.000  6.097742e-01 
 1095.000  6.104393e-01 
 1096.000  6.110697e-01 
 1097.000  6.095174e-01 
 1098.000  5.890316e-01 
 1099.000  5.712979e-01 
 1100.000  5.725804e-01 
 1101.000  5.751272e-01 
 1102.000  5.740527e-01 
 1103.000  5.757827e-01 
 1104.000  5.728740e-01 
 1105.000  5.654235e-01 
 1106.000  5.577558e-01 
 1107.000  5.598376e-01 
 1108.000  5.614656e-01 
 1109.000  5.683088e-01 
 1110.000  5.678819e-01 
 1111.000  5.644586e-01 
 1112.000  5.485086e-01 
 1113.000  5.265484e-01 
 1114.000  5.211806e-01 
 1115.000  4.935805e-01 
 1116.000  4.760201e-01 
 1117.000  4.332967e-01 
 1118.000  3.931118e-01 
 1119.000  3.716204e-01 
 1120.000  3.435441e-01 
 1121.000  3.373387e-01 
 1122.000  3.062024e-01 
 1123.000  3.239822e-01 
 1124.000  3.357021e-01 
 1125.000  3.297430e-01 
 1126.000  3.272345e-01 
 1127.000  3.296075e-01 
 1128.000  3.342326e-01 
 1129.000  3.638635e-01 
 1130.000  4.303659e-01 
 1131.000  4.488071e-01 
 1132.000  4.237338e-01 
 1133.000  3.755534e-01 
 1134.000  2.818247e-01 
 1135.000  2.891861e-01 
 1136.000  3.820430e-01 
 1137.000  4.289575e-01 
 1138.000  4.718567e-01 
 1139.000  4.836430e-01 
 1140.000  4.756143e-01 
 1141.000  4.587054e-01 
 1142.000  4.529158e-01 
 1143.000  4.344653e-01 
 1144.000  4.130847e-01 
 1145.000  3.814242e-01 
 1146.000  3.889572e-01 
 1147.000  4.135474e-01 
 1148.000  4.348659e-01 
 1149.000  4.431358e-01 
 1150.000  4.430004e-01 
