  320.000  3.111306e-01 
  321.000  3.662933e-01 
  322.000  3.448940e-01 
  323.000  3.719622e-01 
  324.000  3.986424e-01 
  325.000  3.788059e-01 
  326.000  4.112439e-01 
  327.000  4.201906e-01 
  328.000  4.008118e-01 
  329.000  4.378306e-01 
  330.000  4.436311e-01 
  331.000  4.321366e-01 
  332.000  4.542699e-01 
  333.000  4.606768e-01 
  334.000  4.554178e-01 
  335.000  4.714827e-01 
  336.000  4.779533e-01 
  337.000  4.752288e-01 
  338.000  4.827954e-01 
  339.000  4.905761e-01 
  340.000  4.892995e-01 
  341.000  4.968320e-01 
  342.000  5.023240e-01 
  343.000  5.050771e-01 
  344.000  5.056393e-01 
  345.000  5.130492e-01 
  346.000  5.177149e-01 
  347.000  5.215113e-01 
  348.000  5.250614e-01 
  349.000  5.290419e-01 
  350.000  5.324385e-01 
  351.000  5.358159e-01 
  352.000  5.385826e-01 
  353.000  5.425106e-01 
  354.000  5.458487e-01 
  355.000  5.489503e-01 
  356.000  5.519682e-01 
  357.000  5.546503e-01 
  358.000  5.575324e-01 
  359.000  5.604076e-01 
  360.000  5.633482e-01 
  361.000  5.670570e-01 
  362.000  5.709119e-01 
  363.000  5.744560e-01 
  364.000  5.777123e-01 
  365.000  5.807621e-01 
  366.000  5.838760e-01 
  367.000  5.868364e-01 
  368.000  5.897658e-01 
  369.000  5.926660e-01 
  370.000  5.955322e-01 
  371.000  5.983720e-01 
  372.000  6.011847e-01 
  373.000  6.039698e-01 
  374.000  6.067065e-01 
  375.000  6.093869e-01 
  376.000  6.119729e-01 
  377.000  6.144142e-01 
  378.000  6.166793e-01 
  379.000  6.189782e-01 
  380.000  6.215037e-01 
  381.000  6.243749e-01 
  382.000  6.273462e-01 
  383.000  6.301520e-01 
  384.000  6.328101e-01 
  385.000  6.353680e-01 
  386.000  6.378572e-01 
  387.000  6.403033e-01 
  388.000  6.427152e-01 
  389.000  6.451043e-01 
  390.000  6.474715e-01 
  391.000  6.498116e-01 
  392.000  6.521317e-01 
  393.000  6.544299e-01 
  394.000  6.567040e-01 
  395.000  6.589525e-01 
  396.000  6.611838e-01 
  397.000  6.633867e-01 
  398.000  6.655670e-01 
  399.000  6.677264e-01 
  400.000  6.698536e-01 
  401.000  6.719703e-01 
  402.000  6.740678e-01 
  403.000  6.761451e-01 
  404.000  6.782017e-01 
  405.000  6.802338e-01 
  406.000  6.822503e-01 
  407.000  6.842489e-01 
  408.000  6.862281e-01 
  409.000  6.881859e-01 
  410.000  6.901232e-01 
  411.000  6.920395e-01 
  412.000  6.939334e-01 
  413.000  6.958147e-01 
  414.000  6.975594e-01 
  415.000  6.994451e-01 
  416.000  7.013053e-01 
  417.000  7.031326e-01 
  418.000  7.049165e-01 
  419.000  7.066790e-01 
  420.000  7.084242e-01 
  421.000  7.101575e-01 
  422.000  7.118786e-01 
  423.000  7.135854e-01 
  424.000  7.152708e-01 
  425.000  7.169161e-01 
  426.000  7.185442e-01 
  427.000  7.201567e-01 
  428.000  7.217392e-01 
  429.000  7.232984e-01 
  430.000  7.248384e-01 
  431.000  7.263658e-01 
  432.000  7.278761e-01 
  433.000  7.293710e-01 
  434.000  7.308523e-01 
  435.000  7.323180e-01 
  436.000  7.337664e-01 
  437.000  7.351981e-01 
  438.000  7.366124e-01 
  439.000  7.380151e-01 
  440.000  7.393941e-01 
  441.000  7.407547e-01 
  442.000  7.420930e-01 
  443.000  7.434103e-01 
  444.000  7.447061e-01 
  445.000  7.459733e-01 
  446.000  7.472045e-01 
  447.000  7.484950e-01 
  448.000  7.498778e-01 
  449.000  7.512766e-01 
  450.000  7.526476e-01 
  451.000  7.539641e-01 
  452.000  7.552338e-01 
  453.000  7.564768e-01 
  454.000  7.576966e-01 
  455.000  7.588450e-01 
  456.000  7.599002e-01 
  457.000  7.609551e-01 
  458.000  7.619953e-01 
  459.000  7.630130e-01 
  460.000  7.640221e-01 
  461.000  7.650201e-01 
  462.000  7.659986e-01 
  463.000  7.669725e-01 
  464.000  7.682396e-01 
  465.000  7.694871e-01 
  466.000  7.707118e-01 
  467.000  7.719076e-01 
  468.000  7.728811e-01 
  469.000  7.737192e-01 
  470.000  7.744896e-01 
  471.000  7.751829e-01 
  472.000  7.757714e-01 
  473.000  7.761838e-01 
  474.000  7.765225e-01 
  475.000  7.766094e-01 
  476.000  7.764418e-01 
  477.000  7.764384e-01 
  478.000  7.774178e-01 
  479.000  7.789078e-01 
  480.000  7.805150e-01 
  481.000  7.819557e-01 
  482.000  7.833062e-01 
  483.000  7.844794e-01 
  484.000  7.854874e-01 
  485.000  7.863883e-01 
  486.000  7.873487e-01 
  487.000  7.883593e-01 
  488.000  7.893371e-01 
  489.000  7.902964e-01 
  490.000  7.912439e-01 
  491.000  7.919856e-01 
  492.000  7.926633e-01 
  493.000  7.933375e-01 
  494.000  7.939925e-01 
  495.000  7.946472e-01 
  496.000  7.949844e-01 
  497.000  7.953088e-01 
  498.000  7.956285e-01 
  499.000  7.959308e-01 
  500.000  7.962284e-01 
  501.000  7.964928e-01 
  502.000  7.967573e-01 
  503.000  7.970183e-01 
  504.000  7.972674e-01 
  505.000  7.975028e-01 
  506.000  7.981923e-01 
  507.000  7.989014e-01 
  508.000  7.996094e-01 
  509.000  8.003088e-01 
  510.000  8.009932e-01 
  511.000  8.016066e-01 
  512.000  8.021988e-01 
  513.000  8.027873e-01 
  514.000  8.033684e-01 
  515.000  8.039443e-01 
  516.000  8.043556e-01 
  517.000  8.046192e-01 
  518.000  8.048756e-01 
  519.000  8.051270e-01 
  520.000  8.053759e-01 
  521.000  8.055990e-01 
  522.000  8.057598e-01 
  523.000  8.058758e-01 
  524.000  8.059956e-01 
  525.000  8.060900e-01 
  526.000  8.062225e-01 
  527.000  8.062438e-01 
  528.000  8.062201e-01 
  529.000  8.061951e-01 
  530.000  8.061756e-01 
  531.000  8.061597e-01 
  532.000  8.061956e-01 
  533.000  8.065185e-01 
  534.000  8.069264e-01 
  535.000  8.073866e-01 
  536.000  8.078313e-01 
  537.000  8.082382e-01 
  538.000  8.086019e-01 
  539.000  8.089388e-01 
  540.000  8.092548e-01 
  541.000  8.095616e-01 
  542.000  8.098549e-01 
  543.000  8.101377e-01 
  544.000  8.103516e-01 
  545.000  8.105091e-01 
  546.000  8.106595e-01 
  547.000  8.108140e-01 
  548.000  8.109607e-01 
  549.000  8.111051e-01 
  550.000  8.111752e-01 
  551.000  8.111715e-01 
  552.000  8.111706e-01 
  553.000  8.111546e-01 
  554.000  8.111315e-01 
  555.000  8.111044e-01 
  556.000  8.110493e-01 
  557.000  8.109459e-01 
  558.000  8.108341e-01 
  559.000  8.107092e-01 
  560.000  8.105530e-01 
  561.000  8.103677e-01 
  562.000  8.099874e-01 
  563.000  8.097597e-01 
  564.000  8.094605e-01 
  565.000  8.090065e-01 
  566.000  8.086967e-01 
  567.000  8.077044e-01 
  568.000  8.046482e-01 
  569.000  7.981986e-01 
  570.000  7.990651e-01 
  571.000  8.034623e-01 
  572.000  7.989733e-01 
  573.000  7.999995e-01 
  574.000  8.001994e-01 
  575.000  7.998659e-01 
  576.000  8.000543e-01 
  577.000  8.016291e-01 
  578.000  8.037357e-01 
  579.000  8.055498e-01 
  580.000  8.072190e-01 
  581.000  8.096005e-01 
  582.000  8.112292e-01 
  583.000  8.122495e-01 
  584.000  8.131565e-01 
  585.000  8.138625e-01 
  586.000  8.145454e-01 
  587.000  8.129795e-01 
  588.000  8.044140e-01 
  589.000  7.907446e-01 
  590.000  7.900839e-01 
  591.000  7.997803e-01 
  592.000  7.949207e-01 
  593.000  8.059244e-01 
  594.000  8.037153e-01 
  595.000  7.962734e-01 
  596.000  8.068686e-01 
  597.000  8.042260e-01 
  598.000  8.083791e-01 
  599.000  8.099120e-01 
  600.000  8.136325e-01 
  601.000  8.160509e-01 
  602.000  8.166656e-01 
  603.000  8.177989e-01 
  604.000  8.191311e-01 
  605.000  8.200637e-01 
  606.000  8.207412e-01 
  607.000  8.213956e-01 
  608.000  8.220188e-01 
  609.000  8.226146e-01 
  610.000  8.232308e-01 
  611.000  8.239151e-01 
  612.000  8.245851e-01 
  613.000  8.252341e-01 
  614.000  8.258637e-01 
  615.000  8.264915e-01 
  616.000  8.270962e-01 
  617.000  8.276672e-01 
  618.000  8.281458e-01 
  619.000  8.285506e-01 
  620.000  8.289253e-01 
  621.000  8.292472e-01 
  622.000  8.295162e-01 
  623.000  8.296961e-01 
  624.000  8.298875e-01 
  625.000  8.300471e-01 
  626.000  8.297682e-01 
  627.000  8.260363e-01 
  628.000  8.027645e-01 
  629.000  8.169020e-01 
  630.000  8.200673e-01 
  631.000  8.244991e-01 
  632.000  8.240233e-01 
  633.000  8.295485e-01 
  634.000  8.322660e-01 
  635.000  8.334193e-01 
  636.000  8.351564e-01 
  637.000  8.365682e-01 
  638.000  8.392497e-01 
  639.000  8.402268e-01 
  640.000  8.420158e-01 
  641.000  8.428711e-01 
  642.000  8.441976e-01 
  643.000  8.435872e-01 
  644.000  8.442245e-01 
  645.000  8.429856e-01 
  646.000  8.357645e-01 
  647.000  8.308717e-01 
  648.000  8.253291e-01 
  649.000  8.310276e-01 
  650.000  8.415612e-01 
  651.000  8.419530e-01 
  652.000  8.334153e-01 
  653.000  8.440819e-01 
  654.000  8.433469e-01 
  655.000  8.400019e-01 
  656.000  8.417054e-01 
  657.000  8.441143e-01 
  658.000  8.480079e-01 
  659.000  8.504398e-01 
  660.000  8.517215e-01 
  661.000  8.547052e-01 
  662.000  8.562512e-01 
  663.000  8.564131e-01 
  664.000  8.572578e-01 
  665.000  8.580090e-01 
  666.000  8.588939e-01 
  667.000  8.596555e-01 
  668.000  8.605191e-01 
  669.000  8.611509e-01 
  670.000  8.617155e-01 
  671.000  8.623074e-01 
  672.000  8.628411e-01 
  673.000  8.633655e-01 
  674.000  8.638853e-01 
  675.000  8.644058e-01 
  676.000  8.648946e-01 
  677.000  8.653439e-01 
  678.000  8.657942e-01 
  679.000  8.661677e-01 
  680.000  8.662096e-01 
  681.000  8.661365e-01 
  682.000  8.663928e-01 
  683.000  8.665028e-01 
  684.000  8.660783e-01 
  685.000  8.669796e-01 
  686.000  8.639477e-01 
  687.000  7.586824e-01 
  688.000  7.917585e-01 
  689.000  7.823149e-01 
  690.000  7.995053e-01 
  691.000  8.220897e-01 
  692.000  8.358486e-01 
  693.000  8.312733e-01 
  694.000  8.237342e-01 
  695.000  8.327600e-01 
  696.000  8.379415e-01 
  697.000  8.591990e-01 
  698.000  8.549249e-01 
  699.000  8.359956e-01 
  700.000  8.392134e-01 
  701.000  8.350183e-01 
  702.000  8.381878e-01 
  703.000  8.541383e-01 
  704.000  8.548711e-01 
  705.000  8.483632e-01 
  706.000  8.496870e-01 
  707.000  8.520778e-01 
  708.000  8.546566e-01 
  709.000  8.598844e-01 
  710.000  8.544121e-01 
  711.000  8.600916e-01 
  712.000  8.649306e-01 
  713.000  8.611318e-01 
  714.000  8.598890e-01 
  715.000  8.536864e-01 
  716.000  8.472621e-01 
  717.000  8.058773e-01 
  718.000  7.803251e-01 
  719.000  7.711389e-01 
  720.000  7.571011e-01 
  721.000  8.182260e-01 
  722.000  8.398231e-01 
  723.000  8.276576e-01 
  724.000  7.929183e-01 
  725.000  7.981211e-01 
  726.000  7.964875e-01 
  727.000  8.014245e-01 
  728.000  7.960376e-01 
  729.000  8.093709e-01 
  730.000  8.070320e-01 
  731.000  8.042065e-01 
  732.000  8.266674e-01 
  733.000  8.480791e-01 
  734.000  8.583511e-01 
  735.000  8.547159e-01 
  736.000  8.479416e-01 
  737.000  8.530540e-01 
  738.000  8.600732e-01 
  739.000  8.630916e-01 
  740.000  8.697795e-01 
  741.000  8.736409e-01 
  742.000  8.752638e-01 
  743.000  8.788297e-01 
  744.000  8.804244e-01 
  745.000  8.816718e-01 
  746.000  8.826492e-01 
  747.000  8.829062e-01 
  748.000  8.837878e-01 
  749.000  8.842425e-01 
  750.000  8.840162e-01 
  751.000  8.842019e-01 
  752.000  8.849955e-01 
  753.000  8.853341e-01 
  754.000  8.856056e-01 
  755.000  8.857901e-01 
  756.000  8.859823e-01 
  757.000  8.861158e-01 
  758.000  8.848415e-01 
  759.000  8.287823e-01 
  760.000  4.018476e-01 
  761.000  3.602360e-01 
  762.000  6.111905e-01 
  763.000  5.339652e-01 
  764.000  5.722633e-01 
  765.000  6.586565e-01 
  766.000  7.619572e-01 
  767.000  8.137317e-01 
  768.000  8.474739e-01 
  769.000  8.696930e-01 
  770.000  8.813535e-01 
  771.000  8.871006e-01 
  772.000  8.884868e-01 
  773.000  8.891181e-01 
  774.000  8.898751e-01 
  775.000  8.902987e-01 
  776.000  8.906021e-01 
  777.000  8.906952e-01 
  778.000  8.906906e-01 
  779.000  8.906742e-01 
  780.000  8.906547e-01 
  781.000  8.910017e-01 
  782.000  8.909718e-01 
  783.000  8.909531e-01 
  784.000  8.906947e-01 
  785.000  8.892280e-01 
  786.000  8.869522e-01 
  787.000  8.818755e-01 
  788.000  8.792120e-01 
  789.000  8.696651e-01 
  790.000  8.688523e-01 
  791.000  8.706643e-01 
  792.000  8.723359e-01 
  793.000  8.762267e-01 
  794.000  8.844721e-01 
  795.000  8.794405e-01 
  796.000  8.660181e-01 
  797.000  8.698636e-01 
  798.000  8.783477e-01 
  799.000  8.764156e-01 
  800.000  8.702456e-01 
  801.000  8.709849e-01 
  802.000  8.703638e-01 
  803.000  8.712693e-01 
  804.000  8.741715e-01 
  805.000  8.797300e-01 
  806.000  8.830452e-01 
  807.000  8.831946e-01 
  808.000  8.813195e-01 
  809.000  8.790154e-01 
  810.000  8.764936e-01 
  811.000  8.713101e-01 
  812.000  8.643340e-01 
  813.000  8.557808e-01 
  814.000  8.444846e-01 
  815.000  8.304267e-01 
  816.000  8.123133e-01 
  817.000  8.133448e-01 
  818.000  8.148270e-01 
  819.000  8.207850e-01 
  820.000  8.407087e-01 
  821.000  8.634242e-01 
  822.000  8.461522e-01 
  823.000  7.978027e-01 
  824.000  8.385561e-01 
  825.000  8.646737e-01 
  826.000  8.601948e-01 
  827.000  8.568963e-01 
  828.000  8.396916e-01 
  829.000  8.458943e-01 
  830.000  8.528323e-01 
  831.000  8.544544e-01 
  832.000  8.551504e-01 
  833.000  8.591418e-01 
  834.000  8.638375e-01 
  835.000  8.731560e-01 
  836.000  8.701497e-01 
  837.000  8.698238e-01 
  838.000  8.743632e-01 
  839.000  8.771136e-01 
  840.000  8.781136e-01 
  841.000  8.751248e-01 
  842.000  8.778058e-01 
  843.000  8.841721e-01 
  844.000  8.870552e-01 
  845.000  8.883996e-01 
  846.000  8.898131e-01 
  847.000  8.913730e-01 
  848.000  8.888019e-01 
  849.000  8.891340e-01 
  850.000  8.878646e-01 
  851.000  8.863503e-01 
  852.000  8.865032e-01 
  853.000  8.890094e-01 
  854.000  8.888736e-01 
  855.000  8.901330e-01 
  856.000  8.927144e-01 
  857.000  8.938276e-01 
  858.000  8.943951e-01 
  859.000  8.956544e-01 
  860.000  8.962801e-01 
  861.000  8.963839e-01 
  862.000  8.967263e-01 
  863.000  8.967794e-01 
  864.000  8.970174e-01 
  865.000  8.972136e-01 
  866.000  8.972729e-01 
  867.000  8.972480e-01 
  868.000  8.972868e-01 
  869.000  8.973585e-01 
  870.000  8.973217e-01 
  871.000  8.973899e-01 
  872.000  8.975435e-01 
  873.000  8.974083e-01 
  874.000  8.973392e-01 
  875.000  8.973299e-01 
  876.000  8.970870e-01 
  877.000  8.969681e-01 
  878.000  8.961623e-01 
  879.000  8.961152e-01 
  880.000  8.954225e-01 
  881.000  8.950459e-01 
  882.000  8.946719e-01 
  883.000  8.950518e-01 
  884.000  8.952069e-01 
  885.000  8.937810e-01 
  886.000  8.918215e-01 
  887.000  8.933340e-01 
  888.000  8.932469e-01 
  889.000  8.937324e-01 
  890.000  8.925626e-01 
  891.000  8.902016e-01 
  892.000  8.851465e-01 
  893.000  8.697394e-01 
  894.000  8.620710e-01 
  895.000  8.385667e-01 
  896.000  8.174796e-01 
  897.000  7.952192e-01 
  898.000  7.847946e-01 
  899.000  7.552204e-01 
  900.000  7.595162e-01 
  901.000  7.518014e-01 
  902.000  7.531874e-01 
  903.000  8.028457e-01 
  904.000  8.330312e-01 
  905.000  8.319138e-01 
  906.000  8.130395e-01 
  907.000  7.795954e-01 
  908.000  7.575024e-01 
  909.000  7.584550e-01 
  910.000  7.617903e-01 
  911.000  7.764645e-01 
  912.000  7.693565e-01 
  913.000  7.384363e-01 
  914.000  7.537253e-01 
  915.000  7.657430e-01 
  916.000  7.689848e-01 
  917.000  7.754900e-01 
  918.000  7.838996e-01 
  919.000  8.124996e-01 
  920.000  8.340372e-01 
  921.000  8.292738e-01 
  922.000  8.288609e-01 
  923.000  8.228427e-01 
  924.000  8.083743e-01 
  925.000  8.071960e-01 
  926.000  8.069137e-01 
  927.000  7.900645e-01 
  928.000  7.640949e-01 
  929.000  7.264884e-01 
  930.000  6.784554e-01 
  931.000  6.244724e-01 
  932.000  5.535612e-01 
  933.000  5.000462e-01 
  934.000  4.445494e-01 
  935.000  4.386649e-01 
  936.000  4.607804e-01 
  937.000  4.550907e-01 
  938.000  5.166337e-01 
  939.000  6.740996e-01 
  940.000  6.971892e-01 
  941.000  6.771536e-01 
  942.000  6.279089e-01 
  943.000  5.452634e-01 
  944.000  5.394950e-01 
  945.000  5.694129e-01 
  946.000  5.710209e-01 
  947.000  5.974565e-01 
  948.000  6.129187e-01 
  949.000  6.108275e-01 
  950.000  6.147614e-01 
  951.000  6.492817e-01 
  952.000  6.122547e-01 
  953.000  6.381053e-01 
  954.000  6.657092e-01 
  955.000  6.431902e-01 
  956.000  6.380141e-01 
  957.000  7.077256e-01 
  958.000  7.166189e-01 
  959.000  7.050080e-01 
  960.000  7.015966e-01 
  961.000  6.957587e-01 
  962.000  7.009940e-01 
  963.000  7.389666e-01 
  964.000  7.443699e-01 
  965.000  7.407087e-01 
  966.000  7.427201e-01 
  967.000  7.696469e-01 
  968.000  8.143727e-01 
  969.000  8.344586e-01 
  970.000  8.355175e-01 
  971.000  8.350309e-01 
  972.000  8.293259e-01 
  973.000  8.161263e-01 
  974.000  8.000041e-01 
  975.000  7.896188e-01 
  976.000  8.023036e-01 
  977.000  8.232027e-01 
  978.000  8.214861e-01 
  979.000  8.268676e-01 
  980.000  8.480895e-01 
  981.000  8.527677e-01 
  982.000  8.480254e-01 
  983.000  8.588815e-01 
  984.000  8.700417e-01 
  985.000  8.763680e-01 
  986.000  8.845263e-01 
  987.000  8.880489e-01 
  988.000  8.888461e-01 
  989.000  8.893533e-01 
  990.000  8.902072e-01 
  991.000  8.932352e-01 
  992.000  8.940914e-01 
  993.000  8.944082e-01 
  994.000  8.971114e-01 
  995.000  8.989771e-01 
  996.000  8.989584e-01 
  997.000  8.977742e-01 
  998.000  8.964131e-01 
  999.000  8.959033e-01 
 1000.000  8.963178e-01 
 1001.000  8.934105e-01 
 1002.000  8.887573e-01 
 1003.000  8.898603e-01 
 1004.000  8.925341e-01 
 1005.000  8.937541e-01 
 1006.000  8.941433e-01 
 1007.000  8.932540e-01 
 1008.000  8.894602e-01 
 1009.000  8.843849e-01 
 1010.000  8.866432e-01 
 1011.000  8.920281e-01 
 1012.000  8.940755e-01 
 1013.000  8.956835e-01 
 1014.000  8.963539e-01 
 1015.000  8.964791e-01 
 1016.000  8.971710e-01 
 1017.000  8.975945e-01 
 1018.000  8.966754e-01 
 1019.000  8.948417e-01 
 1020.000  8.954970e-01 
 1021.000  8.968086e-01 
 1022.000  8.945787e-01 
 1023.000  8.926811e-01 
 1024.000  8.915436e-01 
 1025.000  8.950169e-01 
 1026.000  8.965107e-01 
 1027.000  8.958916e-01 
 1028.000  8.964227e-01 
 1029.000  8.979193e-01 
 1030.000  8.993121e-01 
 1031.000  9.000308e-01 
 1032.000  9.005858e-01 
 1033.000  9.007173e-01 
 1034.000  9.010459e-01 
 1035.000  9.011911e-01 
 1036.000  9.010634e-01 
 1037.000  9.010600e-01 
 1038.000  9.011531e-01 
 1039.000  9.009553e-01 
 1040.000  9.007758e-01 
 1041.000  9.006330e-01 
 1042.000  9.005864e-01 
 1043.000  9.005681e-01 
 1044.000  9.004327e-01 
 1045.000  9.000490e-01 
 1046.000  8.997845e-01 
 1047.000  8.994643e-01 
 1048.000  8.990250e-01 
 1049.000  8.985687e-01 
 1050.000  8.981413e-01 
 1051.000  8.975706e-01 
 1052.000  8.971680e-01 
 1053.000  8.970894e-01 
 1054.000  8.964996e-01 
 1055.000  8.958884e-01 
 1056.000  8.953621e-01 
 1057.000  8.940633e-01 
 1058.000  8.917296e-01 
 1059.000  8.918186e-01 
 1060.000  8.929520e-01 
 1061.000  8.926420e-01 
 1062.000  8.911422e-01 
 1063.000  8.904983e-01 
 1064.000  8.891701e-01 
 1065.000  8.876739e-01 
 1066.000  8.877792e-01 
 1067.000  8.869118e-01 
 1068.000  8.840390e-01 
 1069.000  8.827867e-01 
 1070.000  8.833370e-01 
 1071.000  8.815579e-01 
 1072.000  8.796918e-01 
 1073.000  8.793778e-01 
 1074.000  8.797075e-01 
 1075.000  8.825929e-01 
 1076.000  8.808616e-01 
 1077.000  8.785191e-01 
 1078.000  8.757532e-01 
 1079.000  8.754262e-01 
 1080.000  8.679464e-01 
 1081.000  8.675463e-01 
 1082.000  8.708789e-01 
 1083.000  8.669302e-01 
 1084.000  8.625942e-01 
 1085.000  8.521962e-01 
 1086.000  8.546617e-01 
 1087.000  8.661436e-01 
 1088.000  8.666039e-01 
 1089.000  8.526985e-01 
 1090.000  8.501019e-01 
 1091.000  8.527812e-01 
 1092.000  8.458933e-01 
 1093.000  8.304377e-01 
 1094.000  8.236970e-01 
 1095.000  8.248133e-01 
 1096.000  8.258510e-01 
 1097.000  8.227983e-01 
 1098.000  7.849997e-01 
 1099.000  7.526340e-01 
 1100.000  7.548496e-01 
 1101.000  7.593572e-01 
 1102.000  7.572341e-01 
 1103.000  7.602548e-01 
 1104.000  7.548949e-01 
 1105.000  7.413104e-01 
 1106.000  7.275189e-01 
 1107.000  7.310236e-01 
 1108.000  7.336467e-01 
 1109.000  7.455806e-01 
 1110.000  7.443453e-01 
 1111.000  7.379239e-01 
 1112.000  7.091280e-01 
 1113.000  6.697501e-01 
 1114.000  6.594010e-01 
 1115.000  6.107920e-01 
 1116.000  5.805097e-01 
 1117.000  5.097168e-01 
 1118.000  4.448347e-01 
 1119.000  4.105744e-01 
 1120.000  3.676661e-01 
 1121.000  3.582014e-01 
 1122.000  3.133111e-01 
 1123.000  3.379928e-01 
 1124.000  3.545808e-01 
 1125.000  3.459180e-01 
 1126.000  3.424134e-01 
 1127.000  3.461038e-01 
 1128.000  3.532953e-01 
 1129.000  3.973439e-01 
 1130.000  5.000620e-01 
 1131.000  5.296535e-01 
 1132.000  4.892531e-01 
 1133.000  4.149705e-01 
 1134.000  2.802894e-01 
 1135.000  2.904708e-01 
 1136.000  4.255016e-01 
 1137.000  4.988942e-01 
 1138.000  5.693474e-01 
 1139.000  5.902678e-01 
 1140.000  5.768819e-01 
 1141.000  5.494517e-01 
 1142.000  5.398743e-01 
 1143.000  5.097669e-01 
 1144.000  4.757090e-01 
 1145.000  4.263997e-01 
 1146.000  4.380464e-01 
 1147.000  4.765643e-01 
 1148.000  5.106867e-01 
 1149.000  5.243620e-01 
 1150.000  5.248303e-01 
