  320.000  1.920062e-01 
  321.000  2.352887e-01 
  322.000  2.182934e-01 
  323.000  2.398324e-01 
  324.000  2.614430e-01 
  325.000  2.453406e-01 
  326.000  2.717757e-01 
  327.000  2.791590e-01 
  328.000  2.632162e-01 
  329.000  2.938294e-01 
  330.000  2.986855e-01 
  331.000  2.890778e-01 
  332.000  3.076325e-01 
  333.000  3.130456e-01 
  334.000  3.086011e-01 
  335.000  3.222171e-01 
  336.000  3.277339e-01 
  337.000  3.254088e-01 
  338.000  3.318743e-01 
  339.000  3.385487e-01 
  340.000  3.374517e-01 
  341.000  3.439339e-01 
  342.000  3.486753e-01 
  343.000  3.510570e-01 
  344.000  3.515437e-01 
  345.000  3.579714e-01 
  346.000  3.620304e-01 
  347.000  3.653398e-01 
  348.000  3.684398e-01 
  349.000  3.719217e-01 
  350.000  3.748980e-01 
  351.000  3.778622e-01 
  352.000  3.802937e-01 
  353.000  3.837511e-01 
  354.000  3.866942e-01 
  355.000  3.894327e-01 
  356.000  3.921009e-01 
  357.000  3.944753e-01 
  358.000  3.970298e-01 
  359.000  3.995815e-01 
  360.000  4.021945e-01 
  361.000  4.054950e-01 
  362.000  4.089310e-01 
  363.000  4.120951e-01 
  364.000  4.150064e-01 
  365.000  4.177368e-01 
  366.000  4.205282e-01 
  367.000  4.231854e-01 
  368.000  4.258181e-01 
  369.000  4.284275e-01 
  370.000  4.310095e-01 
  371.000  4.335708e-01 
  372.000  4.361106e-01 
  373.000  4.386283e-01 
  374.000  4.411049e-01 
  375.000  4.435334e-01 
  376.000  4.458788e-01 
  377.000  4.480952e-01 
  378.000  4.501535e-01 
  379.000  4.522445e-01 
  380.000  4.545438e-01 
  381.000  4.571606e-01 
  382.000  4.598716e-01 
  383.000  4.624347e-01 
  384.000  4.648654e-01 
  385.000  4.672068e-01 
  386.000  4.694876e-01 
  387.000  4.717309e-01 
  388.000  4.739451e-01 
  389.000  4.761403e-01 
  390.000  4.783173e-01 
  391.000  4.804713e-01 
  392.000  4.826087e-01 
  393.000  4.847279e-01 
  394.000  4.868267e-01 
  395.000  4.889035e-01 
  396.000  4.909663e-01 
  397.000  4.930044e-01 
  398.000  4.950232e-01 
  399.000  4.970243e-01 
  400.000  4.989971e-01 
  401.000  5.009617e-01 
  402.000  5.029100e-01 
  403.000  5.048409e-01 
  404.000  5.067542e-01 
  405.000  5.086459e-01 
  406.000  5.105245e-01 
  407.000  5.123878e-01 
  408.000  5.142344e-01 
  409.000  5.160622e-01 
  410.000  5.178722e-01 
  411.000  5.196638e-01 
  412.000  5.214356e-01 
  413.000  5.231968e-01 
  414.000  5.248312e-01 
  415.000  5.265988e-01 
  416.000  5.283436e-01 
  417.000  5.300587e-01 
  418.000  5.317341e-01 
  419.000  5.333905e-01 
  420.000  5.350316e-01 
  421.000  5.366624e-01 
  422.000  5.382828e-01 
  423.000  5.398906e-01 
  424.000  5.414792e-01 
  425.000  5.430310e-01 
  426.000  5.445672e-01 
  427.000  5.460896e-01 
  428.000  5.475847e-01 
  429.000  5.490584e-01 
  430.000  5.505148e-01 
  431.000  5.519599e-01 
  432.000  5.533896e-01 
  433.000  5.548055e-01 
  434.000  5.562091e-01 
  435.000  5.575988e-01 
  436.000  5.589727e-01 
  437.000  5.603313e-01 
  438.000  5.616741e-01 
  439.000  5.630065e-01 
  440.000  5.643170e-01 
  441.000  5.656106e-01 
  442.000  5.668837e-01 
  443.000  5.681372e-01 
  444.000  5.693708e-01 
  445.000  5.705777e-01 
  446.000  5.717508e-01 
  447.000  5.729809e-01 
  448.000  5.742996e-01 
  449.000  5.756342e-01 
  450.000  5.769427e-01 
  451.000  5.781999e-01 
  452.000  5.794128e-01 
  453.000  5.806008e-01 
  454.000  5.817670e-01 
  455.000  5.828654e-01 
  456.000  5.838749e-01 
  457.000  5.848846e-01 
  458.000  5.858806e-01 
  459.000  5.868553e-01 
  460.000  5.878221e-01 
  461.000  5.887786e-01 
  462.000  5.897166e-01 
  463.000  5.906506e-01 
  464.000  5.918662e-01 
  465.000  5.930634e-01 
  466.000  5.942392e-01 
  467.000  5.953877e-01 
  468.000  5.963231e-01 
  469.000  5.971285e-01 
  470.000  5.978691e-01 
  471.000  5.985358e-01 
  472.000  5.991018e-01 
  473.000  5.994985e-01 
  474.000  5.998242e-01 
  475.000  5.999079e-01 
  476.000  5.997466e-01 
  477.000  5.997433e-01 
  478.000  6.006857e-01 
  479.000  6.021199e-01 
  480.000  6.036677e-01 
  481.000  6.050558e-01 
  482.000  6.063575e-01 
  483.000  6.074888e-01 
  484.000  6.084611e-01 
  485.000  6.093304e-01 
  486.000  6.102574e-01 
  487.000  6.112331e-01 
  488.000  6.121774e-01 
  489.000  6.131041e-01 
  490.000  6.140198e-01 
  491.000  6.147367e-01 
  492.000  6.153920e-01 
  493.000  6.160439e-01 
  494.000  6.166774e-01 
  495.000  6.173107e-01 
  496.000  6.176370e-01 
  497.000  6.179510e-01 
  498.000  6.182603e-01 
  499.000  6.185529e-01 
  500.000  6.188410e-01 
  501.000  6.190969e-01 
  502.000  6.193529e-01 
  503.000  6.196057e-01 
  504.000  6.198469e-01 
  505.000  6.200749e-01 
  506.000  6.207426e-01 
  507.000  6.214295e-01 
  508.000  6.221154e-01 
  509.000  6.227933e-01 
  510.000  6.234567e-01 
  511.000  6.240513e-01 
  512.000  6.246255e-01 
  513.000  6.251963e-01 
  514.000  6.257600e-01 
  515.000  6.263187e-01 
  516.000  6.267178e-01 
  517.000  6.269736e-01 
  518.000  6.272224e-01 
  519.000  6.274664e-01 
  520.000  6.277081e-01 
  521.000  6.279246e-01 
  522.000  6.280808e-01 
  523.000  6.281934e-01 
  524.000  6.283097e-01 
  525.000  6.284013e-01 
  526.000  6.285300e-01 
  527.000  6.285507e-01 
  528.000  6.285277e-01 
  529.000  6.285034e-01 
  530.000  6.284845e-01 
  531.000  6.284690e-01 
  532.000  6.285038e-01 
  533.000  6.288174e-01 
  534.000  6.292135e-01 
  535.000  6.296604e-01 
  536.000  6.300925e-01 
  537.000  6.304877e-01 
  538.000  6.308411e-01 
  539.000  6.311685e-01 
  540.000  6.314756e-01 
  541.000  6.317737e-01 
  542.000  6.320588e-01 
  543.000  6.323338e-01 
  544.000  6.325417e-01 
  545.000  6.326948e-01 
  546.000  6.328410e-01 
  547.000  6.329912e-01 
  548.000  6.331339e-01 
  549.000  6.332743e-01 
  550.000  6.333424e-01 
  551.000  6.333389e-01 
  552.000  6.333380e-01 
  553.000  6.333224e-01 
  554.000  6.333000e-01 
  555.000  6.332736e-01 
  556.000  6.332200e-01 
  557.000  6.331195e-01 
  558.000  6.330107e-01 
  559.000  6.328894e-01 
  560.000  6.327373e-01 
  561.000  6.325570e-01 
  562.000  6.321620e-01 
  563.000  6.319385e-01 
  564.000  6.316414e-01 
  565.000  6.311821e-01 
  566.000  6.308926e-01 
  567.000  6.298722e-01 
  568.000  6.267287e-01 
  569.000  6.201547e-01 
  570.000  6.210795e-01 
  571.000  6.256067e-01 
  572.000  6.210583e-01 
  573.000  6.221524e-01 
  574.000  6.223871e-01 
  575.000  6.220603e-01 
  576.000  6.222457e-01 
  577.000  6.237933e-01 
  578.000  6.259413e-01 
  579.000  6.277497e-01 
  580.000  6.293641e-01 
  581.000  6.317114e-01 
  582.000  6.332914e-01 
  583.000  6.342501e-01 
  584.000  6.351319e-01 
  585.000  6.357745e-01 
  586.000  6.364130e-01 
  587.000  6.347882e-01 
  588.000  6.258642e-01 
  589.000  6.117432e-01 
  590.000  6.110361e-01 
  591.000  6.209832e-01 
  592.000  6.159620e-01 
  593.000  6.272817e-01 
  594.000  6.249796e-01 
  595.000  6.172953e-01 
  596.000  6.282393e-01 
  597.000  6.255388e-01 
  598.000  6.298561e-01 
  599.000  6.314712e-01 
  600.000  6.353520e-01 
  601.000  6.378353e-01 
  602.000  6.384947e-01 
  603.000  6.396762e-01 
  604.000  6.410183e-01 
  605.000  6.419715e-01 
  606.000  6.426439e-01 
  607.000  6.432928e-01 
  608.000  6.439027e-01 
  609.000  6.444852e-01 
  610.000  6.450867e-01 
  611.000  6.457546e-01 
  612.000  6.464087e-01 
  613.000  6.470424e-01 
  614.000  6.476573e-01 
  615.000  6.482706e-01 
  616.000  6.488613e-01 
  617.000  6.494193e-01 
  618.000  6.498870e-01 
  619.000  6.502827e-01 
  620.000  6.506490e-01 
  621.000  6.509637e-01 
  622.000  6.512267e-01 
  623.000  6.514026e-01 
  624.000  6.515896e-01 
  625.000  6.517453e-01 
  626.000  6.514067e-01 
  627.000  6.477066e-01 
  628.000  6.271893e-01 
  629.000  6.394023e-01 
  630.000  6.427219e-01 
  631.000  6.467136e-01 
  632.000  6.457468e-01 
  633.000  6.512091e-01 
  634.000  6.537287e-01 
  635.000  6.547967e-01 
  636.000  6.565152e-01 
  637.000  6.579000e-01 
  638.000  6.606030e-01 
  639.000  6.615714e-01 
  640.000  6.633644e-01 
  641.000  6.641635e-01 
  642.000  6.654873e-01 
  643.000  6.647928e-01 
  644.000  6.654386e-01 
  645.000  6.641305e-01 
  646.000  6.565567e-01 
  647.000  6.514220e-01 
  648.000  6.456306e-01 
  649.000  6.514976e-01 
  650.000  6.624173e-01 
  651.000  6.627923e-01 
  652.000  6.538812e-01 
  653.000  6.649462e-01 
  654.000  6.641500e-01 
  655.000  6.606329e-01 
  656.000  6.623746e-01 
  657.000  6.648582e-01 
  658.000  6.688917e-01 
  659.000  6.714022e-01 
  660.000  6.727113e-01 
  661.000  6.757381e-01 
  662.000  6.773322e-01 
  663.000  6.774889e-01 
  664.000  6.783201e-01 
  665.000  6.790945e-01 
  666.000  6.799628e-01 
  667.000  6.807484e-01 
  668.000  6.816481e-01 
  669.000  6.822860e-01 
  670.000  6.828482e-01 
  671.000  6.834416e-01 
  672.000  6.839695e-01 
  673.000  6.844873e-01 
  674.000  6.850003e-01 
  675.000  6.855143e-01 
  676.000  6.859958e-01 
  677.000  6.864388e-01 
  678.000  6.868832e-01 
  679.000  6.872415e-01 
  680.000  6.872276e-01 
  681.000  6.871078e-01 
  682.000  6.873786e-01 
  683.000  6.874451e-01 
  684.000  6.869856e-01 
  685.000  6.879117e-01 
  686.000  6.851699e-01 
  687.000  5.916957e-01 
  688.000  6.210682e-01 
  689.000  6.125936e-01 
  690.000  6.279320e-01 
  691.000  6.477398e-01 
  692.000  6.592595e-01 
  693.000  6.529089e-01 
  694.000  6.441960e-01 
  695.000  6.529582e-01 
  696.000  6.580698e-01 
  697.000  6.797484e-01 
  698.000  6.753225e-01 
  699.000  6.559376e-01 
  700.000  6.591952e-01 
  701.000  6.549065e-01 
  702.000  6.581300e-01 
  703.000  6.744415e-01 
  704.000  6.751907e-01 
  705.000  6.685210e-01 
  706.000  6.698730e-01 
  707.000  6.723178e-01 
  708.000  6.749585e-01 
  709.000  6.803195e-01 
  710.000  6.746941e-01 
  711.000  6.805166e-01 
  712.000  6.854827e-01 
  713.000  6.815594e-01 
  714.000  6.802568e-01 
  715.000  6.738448e-01 
  716.000  6.671708e-01 
  717.000  6.250166e-01 
  718.000  5.992547e-01 
  719.000  5.900182e-01 
  720.000  5.761271e-01 
  721.000  6.373464e-01 
  722.000  6.593133e-01 
  723.000  6.469225e-01 
  724.000  6.118301e-01 
  725.000  6.170143e-01 
  726.000  6.153846e-01 
  727.000  6.203567e-01 
  728.000  6.149594e-01 
  729.000  6.283973e-01 
  730.000  6.260782e-01 
  731.000  6.232757e-01 
  732.000  6.459994e-01 
  733.000  6.678656e-01 
  734.000  6.784290e-01 
  735.000  6.747126e-01 
  736.000  6.677802e-01 
  737.000  6.730198e-01 
  738.000  6.802248e-01 
  739.000  6.833327e-01 
  740.000  6.902248e-01 
  741.000  6.942117e-01 
  742.000  6.958898e-01 
  743.000  6.995738e-01 
  744.000  7.011493e-01 
  745.000  7.024341e-01 
  746.000  7.034461e-01 
  747.000  7.037094e-01 
  748.000  7.046171e-01 
  749.000  7.051045e-01 
  750.000  7.048231e-01 
  751.000  7.050070e-01 
  752.000  7.058775e-01 
  753.000  7.062344e-01 
  754.000  7.065157e-01 
  755.000  7.066987e-01 
  756.000  7.068906e-01 
  757.000  7.070233e-01 
  758.000  7.058122e-01 
  759.000  6.555278e-01 
  760.000  2.890098e-01 
  761.000  2.553947e-01 
  762.000  4.644951e-01 
  763.000  3.986767e-01 
  764.000  4.311882e-01 
  765.000  5.055527e-01 
  766.000  5.961604e-01 
  767.000  6.422094e-01 
  768.000  6.724368e-01 
  769.000  6.924352e-01 
  770.000  7.030942e-01 
  771.000  7.082124e-01 
  772.000  7.094758e-01 
  773.000  7.100443e-01 
  774.000  7.107491e-01 
  775.000  7.111714e-01 
  776.000  7.114765e-01 
  777.000  7.115593e-01 
  778.000  7.115377e-01 
  779.000  7.115059e-01 
  780.000  7.114719e-01 
  781.000  7.118504e-01 
  782.000  7.118046e-01 
  783.000  7.117715e-01 
  784.000  7.114682e-01 
  785.000  7.099522e-01 
  786.000  7.076930e-01 
  787.000  7.024785e-01 
  788.000  6.997407e-01 
  789.000  6.899749e-01 
  790.000  6.891370e-01 
  791.000  6.909815e-01 
  792.000  6.926884e-01 
  793.000  6.966661e-01 
  794.000  7.051078e-01 
  795.000  6.999488e-01 
  796.000  6.862362e-01 
  797.000  6.901538e-01 
  798.000  6.988208e-01 
  799.000  6.968433e-01 
  800.000  6.905367e-01 
  801.000  6.912882e-01 
  802.000  6.906520e-01 
  803.000  6.915752e-01 
  804.000  6.945419e-01 
  805.000  7.002270e-01 
  806.000  7.036235e-01 
  807.000  7.037748e-01 
  808.000  7.018489e-01 
  809.000  6.994818e-01 
  810.000  6.968877e-01 
  811.000  6.915717e-01 
  812.000  6.844235e-01 
  813.000  6.756829e-01 
  814.000  6.641777e-01 
  815.000  6.499024e-01 
  816.000  6.316956e-01 
  817.000  6.326874e-01 
  818.000  6.341630e-01 
  819.000  6.401643e-01 
  820.000  6.602533e-01 
  821.000  6.832896e-01 
  822.000  6.657568e-01 
  823.000  6.172459e-01 
  824.000  6.580926e-01 
  825.000  6.845841e-01 
  826.000  6.800707e-01 
  827.000  6.767161e-01 
  828.000  6.592817e-01 
  829.000  6.655485e-01 
  830.000  6.725863e-01 
  831.000  6.742455e-01 
  832.000  6.749874e-01 
  833.000  6.790574e-01 
  834.000  6.838552e-01 
  835.000  6.933807e-01 
  836.000  6.903211e-01 
  837.000  6.900024e-01 
  838.000  6.946405e-01 
  839.000  6.974584e-01 
  840.000  6.984820e-01 
  841.000  6.954280e-01 
  842.000  6.981708e-01 
  843.000  7.046908e-01 
  844.000  7.076517e-01 
  845.000  7.090319e-01 
  846.000  7.104836e-01 
  847.000  7.120847e-01 
  848.000  7.094421e-01 
  849.000  7.097798e-01 
  850.000  7.084737e-01 
  851.000  7.069181e-01 
  852.000  7.070730e-01 
  853.000  7.096433e-01 
  854.000  7.095049e-01 
  855.000  7.107976e-01 
  856.000  7.134048e-01 
  857.000  7.145262e-01 
  858.000  7.150915e-01 
  859.000  7.164196e-01 
  860.000  7.170488e-01 
  861.000  7.171586e-01 
  862.000  7.175375e-01 
  863.000  7.175902e-01 
  864.000  7.178512e-01 
  865.000  7.180654e-01 
  866.000  7.181250e-01 
  867.000  7.180902e-01 
  868.000  7.181269e-01 
  869.000  7.182006e-01 
  870.000  7.181525e-01 
  871.000  7.182224e-01 
  872.000  7.183881e-01 
  873.000  7.182295e-01 
  874.000  7.181453e-01 
  875.000  7.181280e-01 
  876.000  7.178489e-01 
  877.000  7.177396e-01 
  878.000  7.169251e-01 
  879.000  7.168726e-01 
  880.000  7.161698e-01 
  881.000  7.157604e-01 
  882.000  7.153670e-01 
  883.000  7.157602e-01 
  884.000  7.159188e-01 
  885.000  7.144668e-01 
  886.000  7.125395e-01 
  887.000  7.139975e-01 
  888.000  7.139031e-01 
  889.000  7.143937e-01 
  890.000  7.133015e-01 
  891.000  7.108441e-01 
  892.000  7.056669e-01 
  893.000  6.899825e-01 
  894.000  6.821670e-01 
  895.000  6.584750e-01 
  896.000  6.373049e-01 
  897.000  6.150780e-01 
  898.000  6.047184e-01 
  899.000  5.757717e-01 
  900.000  5.798972e-01 
  901.000  5.724123e-01 
  902.000  5.738397e-01 
  903.000  6.225392e-01 
  904.000  6.525711e-01 
  905.000  6.515109e-01 
  906.000  6.327249e-01 
  907.000  5.997210e-01 
  908.000  5.781147e-01 
  909.000  5.790042e-01 
  910.000  5.822386e-01 
  911.000  5.965652e-01 
  912.000  5.896251e-01 
  913.000  5.596258e-01 
  914.000  5.744337e-01 
  915.000  5.861623e-01 
  916.000  5.893645e-01 
  917.000  5.957752e-01 
  918.000  6.040677e-01 
  919.000  6.323373e-01 
  920.000  6.538521e-01 
  921.000  6.491354e-01 
  922.000  6.487372e-01 
  923.000  6.427361e-01 
  924.000  6.283463e-01 
  925.000  6.270906e-01 
  926.000  6.265796e-01 
  927.000  6.097189e-01 
  928.000  5.839391e-01 
  929.000  5.470632e-01 
  930.000  5.007918e-01 
  931.000  4.499537e-01 
  932.000  3.844651e-01 
  933.000  3.371782e-01 
  934.000  2.899211e-01 
  935.000  2.848445e-01 
  936.000  3.031620e-01 
  937.000  2.985950e-01 
  938.000  3.516972e-01 
  939.000  4.944226e-01 
  940.000  5.163441e-01 
  941.000  4.976255e-01 
  942.000  4.519607e-01 
  943.000  3.774628e-01 
  944.000  3.722537e-01 
  945.000  3.986535e-01 
  946.000  4.002351e-01 
  947.000  4.242983e-01 
  948.000  4.384839e-01 
  949.000  4.367542e-01 
  950.000  4.404279e-01 
  951.000  4.723311e-01 
  952.000  4.384761e-01 
  953.000  4.624195e-01 
  954.000  4.883192e-01 
  955.000  4.675853e-01 
  956.000  4.631613e-01 
  957.000  5.288329e-01 
  958.000  5.375468e-01 
  959.000  5.266604e-01 
  960.000  5.235606e-01 
  961.000  5.181303e-01 
  962.000  5.232121e-01 
  963.000  5.596806e-01 
  964.000  5.649936e-01 
  965.000  5.615647e-01 
  966.000  5.636204e-01 
  967.000  5.898838e-01 
  968.000  6.340381e-01 
  969.000  6.541289e-01 
  970.000  6.552362e-01 
  971.000  6.547635e-01 
  972.000  6.490517e-01 
  973.000  6.358978e-01 
  974.000  6.199347e-01 
  975.000  6.097065e-01 
  976.000  6.222156e-01 
  977.000  6.429548e-01 
  978.000  6.412934e-01 
  979.000  6.467079e-01 
  980.000  6.679714e-01 
  981.000  6.727077e-01 
  982.000  6.679911e-01 
  983.000  6.789455e-01 
  984.000  6.902366e-01 
  985.000  6.966621e-01 
  986.000  7.049603e-01 
  987.000  7.085615e-01 
  988.000  7.093877e-01 
  989.000  7.099150e-01 
  990.000  7.107902e-01 
  991.000  7.138782e-01 
  992.000  7.147525e-01 
  993.000  7.150769e-01 
  994.000  7.177513e-01 
  995.000  7.196528e-01 
  996.000  7.196323e-01 
  997.000  7.184347e-01 
  998.000  7.171181e-01 
  999.000  7.165968e-01 
 1000.000  7.170166e-01 
 1001.000  7.140542e-01 
 1002.000  7.093189e-01 
 1003.000  7.104391e-01 
 1004.000  7.131577e-01 
 1005.000  7.143984e-01 
 1006.000  7.147943e-01 
 1007.000  7.138869e-01 
 1008.000  7.100269e-01 
 1009.000  7.048706e-01 
 1010.000  7.071639e-01 
 1011.000  7.126393e-01 
 1012.000  7.147243e-01 
 1013.000  7.163640e-01 
 1014.000  7.170490e-01 
 1015.000  7.171779e-01 
 1016.000  7.179180e-01 
 1017.000  7.182373e-01 
 1018.000  7.174160e-01 
 1019.000  7.155104e-01 
 1020.000  7.161775e-01 
 1021.000  7.175493e-01 
 1022.000  7.152414e-01 
 1023.000  7.133105e-01 
 1024.000  7.121539e-01 
 1025.000  7.156902e-01 
 1026.000  7.172509e-01 
 1027.000  7.165849e-01 
 1028.000  7.171288e-01 
 1029.000  7.185879e-01 
 1030.000  7.200072e-01 
 1031.000  7.207353e-01 
 1032.000  7.213017e-01 
 1033.000  7.214625e-01 
 1034.000  7.217694e-01 
 1035.000  7.219518e-01 
 1036.000  7.218421e-01 
 1037.000  7.218666e-01 
 1038.000  7.219746e-01 
 1039.000  7.217611e-01 
 1040.000  7.215746e-01 
 1041.000  7.214268e-01 
 1042.000  7.213832e-01 
 1043.000  7.213740e-01 
 1044.000  7.212400e-01 
 1045.000  7.208324e-01 
 1046.000  7.205564e-01 
 1047.000  7.202273e-01 
 1048.000  7.198030e-01 
 1049.000  7.193864e-01 
 1050.000  7.189624e-01 
 1051.000  7.183486e-01 
 1052.000  7.179382e-01 
 1053.000  7.178839e-01 
 1054.000  7.172617e-01 
 1055.000  7.166271e-01 
 1056.000  7.160959e-01 
 1057.000  7.148183e-01 
 1058.000  7.124369e-01 
 1059.000  7.125595e-01 
 1060.000  7.136852e-01 
 1061.000  7.134147e-01 
 1062.000  7.119017e-01 
 1063.000  7.113083e-01 
 1064.000  7.100067e-01 
 1065.000  7.084820e-01 
 1066.000  7.085949e-01 
 1067.000  7.078641e-01 
 1068.000  7.049165e-01 
 1069.000  7.035481e-01 
 1070.000  7.040462e-01 
 1071.000  7.021946e-01 
 1072.000  7.002803e-01 
 1073.000  6.999356e-01 
 1074.000  7.002486e-01 
 1075.000  7.031477e-01 
 1076.000  7.013712e-01 
 1077.000  6.989791e-01 
 1078.000  6.961601e-01 
 1079.000  6.958088e-01 
 1080.000  6.882380e-01 
 1081.000  6.878209e-01 
 1082.000  6.911681e-01 
 1083.000  6.871586e-01 
 1084.000  6.827709e-01 
 1085.000  6.723101e-01 
 1086.000  6.747624e-01 
 1087.000  6.862853e-01 
 1088.000  6.867452e-01 
 1089.000  6.727390e-01 
 1090.000  6.701097e-01 
 1091.000  6.727698e-01 
 1092.000  6.658322e-01 
 1093.000  6.503710e-01 
 1094.000  6.436514e-01 
 1095.000  6.447308e-01 
 1096.000  6.457024e-01 
 1097.000  6.426064e-01 
 1098.000  6.052473e-01 
 1099.000  5.736368e-01 
 1100.000  5.757532e-01 
 1101.000  5.800864e-01 
 1102.000  5.779468e-01 
 1103.000  5.808059e-01 
 1104.000  5.755247e-01 
 1105.000  5.622931e-01 
 1106.000  5.490259e-01 
 1107.000  5.522448e-01 
 1108.000  5.545583e-01 
 1109.000  5.657719e-01 
 1110.000  5.642044e-01 
 1111.000  5.578157e-01 
 1112.000  5.299928e-01 
 1113.000  4.921916e-01 
 1114.000  4.816866e-01 
 1115.000  4.359696e-01 
 1116.000  4.081099e-01 
 1117.000  3.454186e-01 
 1118.000  2.895817e-01 
 1119.000  2.605702e-01 
 1120.000  2.257380e-01 
 1121.000  2.181020e-01 
 1122.000  1.837034e-01 
 1123.000  2.019344e-01 
 1124.000  2.144304e-01 
 1125.000  2.077575e-01 
 1126.000  2.051546e-01 
 1127.000  2.081885e-01 
 1128.000  2.140712e-01 
 1129.000  2.489061e-01 
 1130.000  3.334076e-01 
 1131.000  3.586978e-01 
 1132.000  3.240632e-01 
 1133.000  2.630760e-01 
 1134.000  1.599353e-01 
 1135.000  1.674296e-01 
 1136.000  2.721120e-01 
 1137.000  3.332984e-01 
 1138.000  3.949573e-01 
 1139.000  4.146240e-01 
 1140.000  4.027119e-01 
 1141.000  3.789252e-01 
 1142.000  3.704710e-01 
 1143.000  3.442451e-01 
 1144.000  3.152773e-01 
 1145.000  2.742740e-01 
 1146.000  2.838854e-01 
 1147.000  3.161014e-01 
 1148.000  3.452709e-01 
 1149.000  3.573316e-01 
 1150.000  3.582948e-01 
