  320.000  1.213442e-01 
  321.000  1.550061e-01 
  322.000  1.416229e-01 
  323.000  1.586183e-01 
  324.000  1.759869e-01 
  325.000  1.630160e-01 
  326.000  1.843972e-01 
  327.000  1.904472e-01 
  328.000  1.774254e-01 
  329.000  2.025649e-01 
  330.000  2.066037e-01 
  331.000  1.986263e-01 
  332.000  2.140800e-01 
  333.000  2.186249e-01 
  334.000  2.148920e-01 
  335.000  2.263621e-01 
  336.000  2.310379e-01 
  337.000  2.290653e-01 
  338.000  2.345578e-01 
  339.000  2.402508e-01 
  340.000  2.393135e-01 
  341.000  2.448609e-01 
  342.000  2.489322e-01 
  343.000  2.509815e-01 
  344.000  2.514006e-01 
  345.000  2.569470e-01 
  346.000  2.604600e-01 
  347.000  2.633303e-01 
  348.000  2.660236e-01 
  349.000  2.690545e-01 
  350.000  2.716497e-01 
  351.000  2.742386e-01 
  352.000  2.763654e-01 
  353.000  2.793942e-01 
  354.000  2.819769e-01 
  355.000  2.843837e-01 
  356.000  2.867320e-01 
  357.000  2.888245e-01 
  358.000  2.910786e-01 
  359.000  2.933332e-01 
  360.000  2.956449e-01 
  361.000  2.985694e-01 
  362.000  3.016191e-01 
  363.000  3.044320e-01 
  364.000  3.070242e-01 
  365.000  3.094586e-01 
  366.000  3.119507e-01 
  367.000  3.143263e-01 
  368.000  3.166829e-01 
  369.000  3.190216e-01 
  370.000  3.213387e-01 
  371.000  3.236399e-01 
  372.000  3.259245e-01 
  373.000  3.281920e-01 
  374.000  3.304251e-01 
  375.000  3.326173e-01 
  376.000  3.347368e-01 
  377.000  3.367418e-01 
  378.000  3.386056e-01 
  379.000  3.405008e-01 
  380.000  3.425869e-01 
  381.000  3.449636e-01 
  382.000  3.474289e-01 
  383.000  3.497624e-01 
  384.000  3.519778e-01 
  385.000  3.541140e-01 
  386.000  3.561971e-01 
  387.000  3.582479e-01 
  388.000  3.602741e-01 
  389.000  3.622848e-01 
  390.000  3.642807e-01 
  391.000  3.662574e-01 
  392.000  3.682206e-01 
  393.000  3.701688e-01 
  394.000  3.721000e-01 
  395.000  3.740126e-01 
  396.000  3.759139e-01 
  397.000  3.777942e-01 
  398.000  3.796582e-01 
  399.000  3.815074e-01 
  400.000  3.833319e-01 
  401.000  3.851503e-01 
  402.000  3.869550e-01 
  403.000  3.887451e-01 
  404.000  3.905202e-01 
  405.000  3.922766e-01 
  406.000  3.940222e-01 
  407.000  3.957549e-01 
  408.000  3.974732e-01 
  409.000  3.991754e-01 
  410.000  4.008622e-01 
  411.000  4.025329e-01 
  412.000  4.041865e-01 
  413.000  4.058313e-01 
  414.000  4.073586e-01 
  415.000  4.090116e-01 
  416.000  4.106443e-01 
  417.000  4.122503e-01 
  418.000  4.138201e-01 
  419.000  4.153732e-01 
  420.000  4.169128e-01 
  421.000  4.184438e-01 
  422.000  4.199659e-01 
  423.000  4.214772e-01 
  424.000  4.229713e-01 
  425.000  4.244316e-01 
  426.000  4.258782e-01 
  427.000  4.273125e-01 
  428.000  4.287218e-01 
  429.000  4.301119e-01 
  430.000  4.314862e-01 
  431.000  4.328508e-01 
  432.000  4.342015e-01 
  433.000  4.355398e-01 
  434.000  4.368673e-01 
  435.000  4.381822e-01 
  436.000  4.394828e-01 
  437.000  4.407696e-01 
  438.000  4.420422e-01 
  439.000  4.433053e-01 
  440.000  4.445484e-01 
  441.000  4.457761e-01 
  442.000  4.469847e-01 
  443.000  4.481754e-01 
  444.000  4.493477e-01 
  445.000  4.504951e-01 
  446.000  4.516109e-01 
  447.000  4.527813e-01 
  448.000  4.540367e-01 
  449.000  4.553076e-01 
  450.000  4.565545e-01 
  451.000  4.577529e-01 
  452.000  4.589097e-01 
  453.000  4.600431e-01 
  454.000  4.611563e-01 
  455.000  4.622051e-01 
  456.000  4.631695e-01 
  457.000  4.641343e-01 
  458.000  4.650864e-01 
  459.000  4.660184e-01 
  460.000  4.669432e-01 
  461.000  4.678584e-01 
  462.000  4.687563e-01 
  463.000  4.696505e-01 
  464.000  4.708149e-01 
  465.000  4.719621e-01 
  466.000  4.730893e-01 
  467.000  4.741907e-01 
  468.000  4.750881e-01 
  469.000  4.758611e-01 
  470.000  4.765720e-01 
  471.000  4.772120e-01 
  472.000  4.777556e-01 
  473.000  4.781367e-01 
  474.000  4.784496e-01 
  475.000  4.785299e-01 
  476.000  4.783750e-01 
  477.000  4.783718e-01 
  478.000  4.792773e-01 
  479.000  4.806558e-01 
  480.000  4.821443e-01 
  481.000  4.834799e-01 
  482.000  4.847328e-01 
  483.000  4.858223e-01 
  484.000  4.867589e-01 
  485.000  4.875967e-01 
  486.000  4.884902e-01 
  487.000  4.894310e-01 
  488.000  4.903418e-01 
  489.000  4.912359e-01 
  490.000  4.921196e-01 
  491.000  4.928117e-01 
  492.000  4.934445e-01 
  493.000  4.940741e-01 
  494.000  4.946861e-01 
  495.000  4.952980e-01 
  496.000  4.956134e-01 
  497.000  4.959168e-01 
  498.000  4.962158e-01 
  499.000  4.964987e-01 
  500.000  4.967771e-01 
  501.000  4.970247e-01 
  502.000  4.972722e-01 
  503.000  4.975166e-01 
  504.000  4.977499e-01 
  505.000  4.979703e-01 
  506.000  4.986162e-01 
  507.000  4.992809e-01 
  508.000  4.999446e-01 
  509.000  5.006008e-01 
  510.000  5.012431e-01 
  511.000  5.018189e-01 
  512.000  5.023751e-01 
  513.000  5.029281e-01 
  514.000  5.034743e-01 
  515.000  5.040157e-01 
  516.000  5.044025e-01 
  517.000  5.046505e-01 
  518.000  5.048917e-01 
  519.000  5.051283e-01 
  520.000  5.053626e-01 
  521.000  5.055726e-01 
  522.000  5.057240e-01 
  523.000  5.058331e-01 
  524.000  5.059459e-01 
  525.000  5.060349e-01 
  526.000  5.061596e-01 
  527.000  5.061797e-01 
  528.000  5.061574e-01 
  529.000  5.061338e-01 
  530.000  5.061156e-01 
  531.000  5.061005e-01 
  532.000  5.061342e-01 
  533.000  5.064384e-01 
  534.000  5.068226e-01 
  535.000  5.072562e-01 
  536.000  5.076755e-01 
  537.000  5.080590e-01 
  538.000  5.084020e-01 
  539.000  5.087198e-01 
  540.000  5.090179e-01 
  541.000  5.093073e-01 
  542.000  5.095841e-01 
  543.000  5.098512e-01 
  544.000  5.100530e-01 
  545.000  5.102018e-01 
  546.000  5.103437e-01 
  547.000  5.104896e-01 
  548.000  5.106282e-01 
  549.000  5.107647e-01 
  550.000  5.108308e-01 
  551.000  5.108274e-01 
  552.000  5.108265e-01 
  553.000  5.108114e-01 
  554.000  5.107896e-01 
  555.000  5.107639e-01 
  556.000  5.107119e-01 
  557.000  5.106143e-01 
  558.000  5.105087e-01 
  559.000  5.103908e-01 
  560.000  5.102432e-01 
  561.000  5.100684e-01 
  562.000  5.097224e-01 
  563.000  5.095086e-01 
  564.000  5.092295e-01 
  565.000  5.088104e-01 
  566.000  5.085122e-01 
  567.000  5.076181e-01 
  568.000  5.052230e-01 
  569.000  5.003467e-01 
  570.000  5.009069e-01 
  571.000  5.040463e-01 
  572.000  5.006284e-01 
  573.000  5.012939e-01 
  574.000  5.013622e-01 
  575.000  5.010627e-01 
  576.000  5.012349e-01 
  577.000  5.024024e-01 
  578.000  5.041074e-01 
  579.000  5.056425e-01 
  580.000  5.072209e-01 
  581.000  5.094086e-01 
  582.000  5.109487e-01 
  583.000  5.120175e-01 
  584.000  5.129160e-01 
  585.000  5.136725e-01 
  586.000  5.143591e-01 
  587.000  5.134142e-01 
  588.000  5.070612e-01 
  589.000  4.968146e-01 
  590.000  4.963908e-01 
  591.000  5.037926e-01 
  592.000  5.001841e-01 
  593.000  5.085784e-01 
  594.000  5.069621e-01 
  595.000  5.013829e-01 
  596.000  5.093772e-01 
  597.000  5.073099e-01 
  598.000  5.103946e-01 
  599.000  5.114936e-01 
  600.000  5.142505e-01 
  601.000  5.159472e-01 
  602.000  5.163404e-01 
  603.000  5.172220e-01 
  604.000  5.184005e-01 
  605.000  5.192633e-01 
  606.000  5.199009e-01 
  607.000  5.205173e-01 
  608.000  5.211087e-01 
  609.000  5.216748e-01 
  610.000  5.222610e-01 
  611.000  5.229123e-01 
  612.000  5.235502e-01 
  613.000  5.241684e-01 
  614.000  5.247684e-01 
  615.000  5.253669e-01 
  616.000  5.259436e-01 
  617.000  5.264883e-01 
  618.000  5.269451e-01 
  619.000  5.273315e-01 
  620.000  5.276892e-01 
  621.000  5.279966e-01 
  622.000  5.282536e-01 
  623.000  5.284255e-01 
  624.000  5.286084e-01 
  625.000  5.287611e-01 
  626.000  5.285287e-01 
  627.000  5.256314e-01 
  628.000  5.072206e-01 
  629.000  5.186028e-01 
  630.000  5.210977e-01 
  631.000  5.247327e-01 
  632.000  5.246232e-01 
  633.000  5.289891e-01 
  634.000  5.313541e-01 
  635.000  5.325292e-01 
  636.000  5.340905e-01 
  637.000  5.354392e-01 
  638.000  5.377766e-01 
  639.000  5.387492e-01 
  640.000  5.403559e-01 
  641.000  5.412509e-01 
  642.000  5.424082e-01 
  643.000  5.421308e-01 
  644.000  5.427698e-01 
  645.000  5.420604e-01 
  646.000  5.366316e-01 
  647.000  5.329946e-01 
  648.000  5.288578e-01 
  649.000  5.333666e-01 
  650.000  5.416040e-01 
  651.000  5.420153e-01 
  652.000  5.355367e-01 
  653.000  5.438758e-01 
  654.000  5.434154e-01 
  655.000  5.409360e-01 
  656.000  5.423570e-01 
  657.000  5.443181e-01 
  658.000  5.474345e-01 
  659.000  5.494232e-01 
  660.000  5.505233e-01 
  661.000  5.528551e-01 
  662.000  5.541260e-01 
  663.000  5.543799e-01 
  664.000  5.551078e-01 
  665.000  5.558231e-01 
  666.000  5.566218e-01 
  667.000  5.573442e-01 
  668.000  5.581591e-01 
  669.000  5.587664e-01 
  670.000  5.593135e-01 
  671.000  5.598850e-01 
  672.000  5.604043e-01 
  673.000  5.609153e-01 
  674.000  5.614221e-01 
  675.000  5.619295e-01 
  676.000  5.624069e-01 
  677.000  5.628457e-01 
  678.000  5.632854e-01 
  679.000  5.636556e-01 
  680.000  5.637257e-01 
  681.000  5.637248e-01 
  682.000  5.639948e-01 
  683.000  5.641868e-01 
  684.000  5.639453e-01 
  685.000  5.646955e-01 
  686.000  5.623148e-01 
  687.000  4.777704e-01 
  688.000  5.041044e-01 
  689.000  4.966612e-01 
  690.000  5.104402e-01 
  691.000  5.287794e-01 
  692.000  5.402310e-01 
  693.000  5.373522e-01 
  694.000  5.319858e-01 
  695.000  5.391030e-01 
  696.000  5.432114e-01 
  697.000  5.596825e-01 
  698.000  5.564592e-01 
  699.000  5.419487e-01 
  700.000  5.444783e-01 
  701.000  5.413138e-01 
  702.000  5.438115e-01 
  703.000  5.561614e-01 
  704.000  5.567915e-01 
  705.000  5.518277e-01 
  706.000  5.529000e-01 
  707.000  5.547953e-01 
  708.000  5.568371e-01 
  709.000  5.609261e-01 
  710.000  5.567477e-01 
  711.000  5.611851e-01 
  712.000  5.649766e-01 
  713.000  5.620829e-01 
  714.000  5.611628e-01 
  715.000  5.564083e-01 
  716.000  5.514693e-01 
  717.000  5.196913e-01 
  718.000  5.002136e-01 
  719.000  4.932578e-01 
  720.000  4.826976e-01 
  721.000  5.293123e-01 
  722.000  5.459806e-01 
  723.000  5.366719e-01 
  724.000  5.101162e-01 
  725.000  5.141173e-01 
  726.000  5.129117e-01 
  727.000  5.167236e-01 
  728.000  5.126521e-01 
  729.000  5.228910e-01 
  730.000  5.211539e-01 
  731.000  5.190472e-01 
  732.000  5.363156e-01 
  733.000  5.528758e-01 
  734.000  5.608748e-01 
  735.000  5.581047e-01 
  736.000  5.528998e-01 
  737.000  5.568829e-01 
  738.000  5.623466e-01 
  739.000  5.647168e-01 
  740.000  5.699372e-01 
  741.000  5.729669e-01 
  742.000  5.742577e-01 
  743.000  5.770591e-01 
  744.000  5.782245e-01 
  745.000  5.792183e-01 
  746.000  5.800115e-01 
  747.000  5.801983e-01 
  748.000  5.809842e-01 
  749.000  5.814136e-01 
  750.000  5.812204e-01 
  751.000  5.814039e-01 
  752.000  5.821431e-01 
  753.000  5.824663e-01 
  754.000  5.827282e-01 
  755.000  5.829104e-01 
  756.000  5.830997e-01 
  757.000  5.832316e-01 
  758.000  5.820717e-01 
  759.000  5.363013e-01 
  760.000  2.160644e-01 
  761.000  1.883567e-01 
  762.000  3.659007e-01 
  763.000  3.088215e-01 
  764.000  3.369113e-01 
  765.000  4.020056e-01 
  766.000  4.827511e-01 
  767.000  5.243312e-01 
  768.000  5.518119e-01 
  769.000  5.700740e-01 
  770.000  5.799470e-01 
  771.000  5.845765e-01 
  772.000  5.857444e-01 
  773.000  5.862690e-01 
  774.000  5.869533e-01 
  775.000  5.873718e-01 
  776.000  5.876704e-01 
  777.000  5.877678e-01 
  778.000  5.877724e-01 
  779.000  5.877645e-01 
  780.000  5.877530e-01 
  781.000  5.880787e-01 
  782.000  5.880576e-01 
  783.000  5.880468e-01 
  784.000  5.878156e-01 
  785.000  5.866887e-01 
  786.000  5.849366e-01 
  787.000  5.811332e-01 
  788.000  5.790823e-01 
  789.000  5.717011e-01 
  790.000  5.710874e-01 
  791.000  5.725071e-01 
  792.000  5.738206e-01 
  793.000  5.768549e-01 
  794.000  5.832703e-01 
  795.000  5.793823e-01 
  796.000  5.690014e-01 
  797.000  5.719941e-01 
  798.000  5.785859e-01 
  799.000  5.771054e-01 
  800.000  5.723410e-01 
  801.000  5.729301e-01 
  802.000  5.724658e-01 
  803.000  5.731844e-01 
  804.000  5.754518e-01 
  805.000  5.797803e-01 
  806.000  5.823718e-01 
  807.000  5.825045e-01 
  808.000  5.810640e-01 
  809.000  5.792894e-01 
  810.000  5.773439e-01 
  811.000  5.733339e-01 
  812.000  5.679339e-01 
  813.000  5.613200e-01 
  814.000  5.525972e-01 
  815.000  5.417582e-01 
  816.000  5.278724e-01 
  817.000  5.286595e-01 
  818.000  5.298058e-01 
  819.000  5.343989e-01 
  820.000  5.497369e-01 
  821.000  5.672849e-01 
  822.000  5.539600e-01 
  823.000  5.168996e-01 
  824.000  5.481440e-01 
  825.000  5.683224e-01 
  826.000  5.648922e-01 
  827.000  5.623562e-01 
  828.000  5.490951e-01 
  829.000  5.538865e-01 
  830.000  5.592578e-01 
  831.000  5.605308e-01 
  832.000  5.610982e-01 
  833.000  5.642043e-01 
  834.000  5.678604e-01 
  835.000  5.751047e-01 
  836.000  5.727924e-01 
  837.000  5.725601e-01 
  838.000  5.760957e-01 
  839.000  5.782471e-01 
  840.000  5.790378e-01 
  841.000  5.767329e-01 
  842.000  5.788285e-01 
  843.000  5.837891e-01 
  844.000  5.860469e-01 
  845.000  5.871070e-01 
  846.000  5.882211e-01 
  847.000  5.893248e-01 
  848.000  5.874601e-01 
  849.000  5.877308e-01 
  850.000  5.867551e-01 
  851.000  5.855895e-01 
  852.000  5.857210e-01 
  853.000  5.876837e-01 
  854.000  5.875916e-01 
  855.000  5.885850e-01 
  856.000  5.904741e-01 
  857.000  5.913270e-01 
  858.000  5.918193e-01 
  859.000  5.928030e-01 
  860.000  5.933429e-01 
  861.000  5.934426e-01 
  862.000  5.937624e-01 
  863.000  5.938154e-01 
  864.000  5.940389e-01 
  865.000  5.942240e-01 
  866.000  5.942826e-01 
  867.000  5.942632e-01 
  868.000  5.943028e-01 
  869.000  5.943729e-01 
  870.000  5.943424e-01 
  871.000  5.944092e-01 
  872.000  5.945551e-01 
  873.000  5.944334e-01 
  874.000  5.943729e-01 
  875.000  5.943679e-01 
  876.000  5.941466e-01 
  877.000  5.940400e-01 
  878.000  5.934204e-01 
  879.000  5.933871e-01 
  880.000  5.928679e-01 
  881.000  5.926191e-01 
  882.000  5.923247e-01 
  883.000  5.926417e-01 
  884.000  5.927762e-01 
  885.000  5.916868e-01 
  886.000  5.902818e-01 
  887.000  5.913483e-01 
  888.000  5.912875e-01 
  889.000  5.916812e-01 
  890.000  5.907542e-01 
  891.000  5.890625e-01 
  892.000  5.851439e-01 
  893.000  5.732209e-01 
  894.000  5.672883e-01 
  895.000  5.492026e-01 
  896.000  5.330198e-01 
  897.000  5.159943e-01 
  898.000  5.080494e-01 
  899.000  4.856973e-01 
  900.000  4.889186e-01 
  901.000  4.831262e-01 
  902.000  4.842147e-01 
  903.000  5.218204e-01 
  904.000  5.448890e-01 
  905.000  5.440676e-01 
  906.000  5.296535e-01 
  907.000  5.042408e-01 
  908.000  4.875500e-01 
  909.000  4.882590e-01 
  910.000  4.907757e-01 
  911.000  5.018651e-01 
  912.000  4.965051e-01 
  913.000  4.732528e-01 
  914.000  4.847493e-01 
  915.000  4.938299e-01 
  916.000  4.963029e-01 
  917.000  5.012509e-01 
  918.000  5.076483e-01 
  919.000  5.294212e-01 
  920.000  5.459283e-01 
  921.000  5.423079e-01 
  922.000  5.420077e-01 
  923.000  5.374121e-01 
  924.000  5.263687e-01 
  925.000  5.254419e-01 
  926.000  5.251339e-01 
  927.000  5.122265e-01 
  928.000  4.924242e-01 
  929.000  4.639597e-01 
  930.000  4.279944e-01 
  931.000  3.881317e-01 
  932.000  3.364075e-01 
  933.000  2.984048e-01 
  934.000  2.598765e-01 
  935.000  2.557681e-01 
  936.000  2.708803e-01 
  937.000  2.670701e-01 
  938.000  3.101587e-01 
  939.000  4.238314e-01 
  940.000  4.409888e-01 
  941.000  4.262488e-01 
  942.000  3.901907e-01 
  943.000  3.307340e-01 
  944.000  3.265850e-01 
  945.000  3.478361e-01 
  946.000  3.490582e-01 
  947.000  3.681876e-01 
  948.000  3.794331e-01 
  949.000  3.780018e-01 
  950.000  3.808950e-01 
  951.000  4.061167e-01 
  952.000  3.792382e-01 
  953.000  3.981475e-01 
  954.000  4.184999e-01 
  955.000  4.020823e-01 
  956.000  3.984685e-01 
  957.000  4.499990e-01 
  958.000  4.567344e-01 
  959.000  4.481757e-01 
  960.000  4.457097e-01 
  961.000  4.414292e-01 
  962.000  4.453734e-01 
  963.000  4.737826e-01 
  964.000  4.778869e-01 
  965.000  4.751921e-01 
  966.000  4.767584e-01 
  967.000  4.970983e-01 
  968.000  5.311353e-01 
  969.000  5.465477e-01 
  970.000  5.473874e-01 
  971.000  5.470258e-01 
  972.000  5.426530e-01 
  973.000  5.325548e-01 
  974.000  5.202684e-01 
  975.000  5.123816e-01 
  976.000  5.220338e-01 
  977.000  5.379950e-01 
  978.000  5.367086e-01 
  979.000  5.408564e-01 
  980.000  5.571612e-01 
  981.000  5.607824e-01 
  982.000  5.571610e-01 
  983.000  5.655409e-01 
  984.000  5.741699e-01 
  985.000  5.790758e-01 
  986.000  5.854065e-01 
  987.000  5.881519e-01 
  988.000  5.887830e-01 
  989.000  5.891874e-01 
  990.000  5.898586e-01 
  991.000  5.922160e-01 
  992.000  5.928876e-01 
  993.000  5.931402e-01 
  994.000  5.951267e-01 
  995.000  5.965807e-01 
  996.000  5.965705e-01 
  997.000  5.956723e-01 
  998.000  5.945594e-01 
  999.000  5.943356e-01 
 1000.000  5.944918e-01 
 1001.000  5.924112e-01 
 1002.000  5.888078e-01 
 1003.000  5.896682e-01 
 1004.000  5.917470e-01 
 1005.000  5.926989e-01 
 1006.000  5.929968e-01 
 1007.000  5.923108e-01 
 1008.000  5.893722e-01 
 1009.000  5.854410e-01 
 1010.000  5.871933e-01 
 1011.000  5.913689e-01 
 1012.000  5.929597e-01 
 1013.000  5.942070e-01 
 1014.000  5.945542e-01 
 1015.000  5.946533e-01 
 1016.000  5.952364e-01 
 1017.000  5.955755e-01 
 1018.000  5.948384e-01 
 1019.000  5.935500e-01 
 1020.000  5.940560e-01 
 1021.000  5.949407e-01 
 1022.000  5.933354e-01 
 1023.000  5.918570e-01 
 1024.000  5.909678e-01 
 1025.000  5.936580e-01 
 1026.000  5.946733e-01 
 1027.000  5.943215e-01 
 1028.000  5.945571e-01 
 1029.000  5.957053e-01 
 1030.000  5.967749e-01 
 1031.000  5.973753e-01 
 1032.000  5.977862e-01 
 1033.000  5.978437e-01 
 1034.000  5.980981e-01 
 1035.000  5.982225e-01 
 1036.000  5.980857e-01 
 1037.000  5.980675e-01 
 1038.000  5.981520e-01 
 1039.000  5.979637e-01 
 1040.000  5.977891e-01 
 1041.000  5.976498e-01 
 1042.000  5.976018e-01 
 1043.000  5.975787e-01 
 1044.000  5.974433e-01 
 1045.000  5.970749e-01 
 1046.000  5.968181e-01 
 1047.000  5.965049e-01 
 1048.000  5.960604e-01 
 1049.000  5.955872e-01 
 1050.000  5.951950e-01 
 1051.000  5.947061e-01 
 1052.000  5.943195e-01 
 1053.000  5.941820e-01 
 1054.000  5.936174e-01 
 1055.000  5.930985e-01 
 1056.000  5.925871e-01 
 1057.000  5.914736e-01 
 1058.000  5.895907e-01 
 1059.000  5.895306e-01 
 1060.000  5.903392e-01 
 1061.000  5.900379e-01 
 1062.000  5.888410e-01 
 1063.000  5.882200e-01 
 1064.000  5.871333e-01 
 1065.000  5.860018e-01 
 1066.000  5.860800e-01 
 1067.000  5.854381e-01 
 1068.000  5.834152e-01 
 1069.000  5.826053e-01 
 1070.000  5.831624e-01 
 1071.000  5.819147e-01 
 1072.000  5.805753e-01 
 1073.000  5.804368e-01 
 1074.000  5.807981e-01 
 1075.000  5.831250e-01 
 1076.000  5.818802e-01 
 1077.000  5.801575e-01 
 1078.000  5.781020e-01 
 1079.000  5.779273e-01 
 1080.000  5.722199e-01 
 1081.000  5.719723e-01 
 1082.000  5.745949e-01 
 1083.000  5.716030e-01 
 1084.000  5.683073e-01 
 1085.000  5.603521e-01 
 1086.000  5.622858e-01 
 1087.000  5.711566e-01 
 1088.000  5.715518e-01 
 1089.000  5.608737e-01 
 1090.000  5.589056e-01 
 1091.000  5.609885e-01 
 1092.000  5.557233e-01 
 1093.000  5.438859e-01 
 1094.000  5.387469e-01 
 1095.000  5.396090e-01 
 1096.000  5.403941e-01 
 1097.000  5.380624e-01 
 1098.000  5.092807e-01 
 1099.000  4.848248e-01 
 1100.000  4.864966e-01 
 1101.000  4.898887e-01 
 1102.000  4.882789e-01 
 1103.000  4.905316e-01 
 1104.000  4.864620e-01 
 1105.000  4.762202e-01 
 1106.000  4.658949e-01 
 1107.000  4.684691e-01 
 1108.000  4.703577e-01 
 1109.000  4.791955e-01 
 1110.000  4.781126e-01 
 1111.000  4.732149e-01 
 1112.000  4.515826e-01 
 1113.000  4.221107e-01 
 1114.000  4.141125e-01 
 1115.000  3.781905e-01 
 1116.000  3.561134e-01 
 1117.000  3.056663e-01 
 1118.000  2.602633e-01 
 1119.000  2.365321e-01 
 1120.000  2.075632e-01 
 1121.000  2.012019e-01 
 1122.000  1.719316e-01 
 1123.000  1.876883e-01 
 1124.000  1.984136e-01 
 1125.000  1.927526e-01 
 1126.000  1.905094e-01 
 1127.000  1.930255e-01 
 1128.000  1.979028e-01 
 1129.000  2.272065e-01 
 1130.000  2.972473e-01 
 1131.000  3.179106e-01 
 1132.000  2.896529e-01 
 1133.000  2.390517e-01 
 1134.000  1.512186e-01 
 1135.000  1.576934e-01 
 1136.000  2.464028e-01 
 1137.000  2.968487e-01 
 1138.000  3.467421e-01 
 1139.000  3.622051e-01 
 1140.000  3.526285e-01 
 1141.000  3.332992e-01 
 1142.000  3.264796e-01 
 1143.000  3.052219e-01 
 1144.000  2.815302e-01 
 1145.000  2.477025e-01 
 1146.000  2.556484e-01 
 1147.000  2.821589e-01 
 1148.000  3.059652e-01 
 1149.000  3.156850e-01 
 1150.000  3.162737e-01 
