  320.000  1.735002e-01 
  321.000  2.145123e-01 
  322.000  1.983653e-01 
  323.000  2.188381e-01 
  324.000  2.394600e-01 
  325.000  2.240868e-01 
  326.000  2.493468e-01 
  327.000  2.564217e-01 
  328.000  2.411555e-01 
  329.000  2.705032e-01 
  330.000  2.751713e-01 
  331.000  2.659389e-01 
  332.000  2.837805e-01 
  333.000  2.889946e-01 
  334.000  2.847132e-01 
  335.000  2.978379e-01 
  336.000  3.031626e-01 
  337.000  3.009180e-01 
  338.000  3.071614e-01 
  339.000  3.136121e-01 
  340.000  3.125516e-01 
  341.000  3.188210e-01 
  342.000  3.234101e-01 
  343.000  3.257163e-01 
  344.000  3.261876e-01 
  345.000  3.324154e-01 
  346.000  3.363506e-01 
  347.000  3.395607e-01 
  348.000  3.425686e-01 
  349.000  3.459486e-01 
  350.000  3.488387e-01 
  351.000  3.517181e-01 
  352.000  3.540809e-01 
  353.000  3.574417e-01 
  354.000  3.603035e-01 
  355.000  3.629673e-01 
  356.000  3.655634e-01 
  357.000  3.678744e-01 
  358.000  3.703613e-01 
  359.000  3.728462e-01 
  360.000  3.753915e-01 
  361.000  3.786075e-01 
  362.000  3.819569e-01 
  363.000  3.850422e-01 
  364.000  3.878820e-01 
  365.000  3.905460e-01 
  366.000  3.932704e-01 
  367.000  3.958646e-01 
  368.000  3.984355e-01 
  369.000  4.009844e-01 
  370.000  4.035072e-01 
  371.000  4.060104e-01 
  372.000  4.084932e-01 
  373.000  4.109550e-01 
  374.000  4.133774e-01 
  375.000  4.157531e-01 
  376.000  4.180482e-01 
  377.000  4.202175e-01 
  378.000  4.222325e-01 
  379.000  4.242799e-01 
  380.000  4.265317e-01 
  381.000  4.290951e-01 
  382.000  4.317515e-01 
  383.000  4.342636e-01 
  384.000  4.366464e-01 
  385.000  4.389423e-01 
  386.000  4.411792e-01 
  387.000  4.433798e-01 
  388.000  4.455522e-01 
  389.000  4.477066e-01 
  390.000  4.498434e-01 
  391.000  4.519581e-01 
  392.000  4.540570e-01 
  393.000  4.561383e-01 
  394.000  4.582000e-01 
  395.000  4.602405e-01 
  396.000  4.622675e-01 
  397.000  4.642707e-01 
  398.000  4.662553e-01 
  399.000  4.682228e-01 
  400.000  4.701628e-01 
  401.000  4.720952e-01 
  402.000  4.740118e-01 
  403.000  4.759116e-01 
  404.000  4.777944e-01 
  405.000  4.796563e-01 
  406.000  4.815055e-01 
  407.000  4.833401e-01 
  408.000  4.851584e-01 
  409.000  4.869585e-01 
  410.000  4.887414e-01 
  411.000  4.905063e-01 
  412.000  4.922522e-01 
  413.000  4.939877e-01 
  414.000  4.955986e-01 
  415.000  4.973409e-01 
  416.000  4.990611e-01 
  417.000  5.007523e-01 
  418.000  5.024045e-01 
  419.000  5.040381e-01 
  420.000  5.056569e-01 
  421.000  5.072658e-01 
  422.000  5.088646e-01 
  423.000  5.104513e-01 
  424.000  5.120190e-01 
  425.000  5.135508e-01 
  426.000  5.150673e-01 
  427.000  5.165704e-01 
  428.000  5.180466e-01 
  429.000  5.195020e-01 
  430.000  5.209404e-01 
  431.000  5.223679e-01 
  432.000  5.237803e-01 
  433.000  5.251792e-01 
  434.000  5.265662e-01 
  435.000  5.279395e-01 
  436.000  5.292973e-01 
  437.000  5.306402e-01 
  438.000  5.319677e-01 
  439.000  5.332848e-01 
  440.000  5.345806e-01 
  441.000  5.358599e-01 
  442.000  5.371188e-01 
  443.000  5.383586e-01 
  444.000  5.395788e-01 
  445.000  5.407727e-01 
  446.000  5.419333e-01 
  447.000  5.431504e-01 
  448.000  5.444552e-01 
  449.000  5.457758e-01 
  450.000  5.470709e-01 
  451.000  5.483153e-01 
  452.000  5.495160e-01 
  453.000  5.506920e-01 
  454.000  5.518467e-01 
  455.000  5.529342e-01 
  456.000  5.539340e-01 
  457.000  5.549338e-01 
  458.000  5.559202e-01 
  459.000  5.568856e-01 
  460.000  5.578433e-01 
  461.000  5.587907e-01 
  462.000  5.597200e-01 
  463.000  5.606453e-01 
  464.000  5.618498e-01 
  465.000  5.630361e-01 
  466.000  5.642014e-01 
  467.000  5.653396e-01 
  468.000  5.662667e-01 
  469.000  5.670650e-01 
  470.000  5.677992e-01 
  471.000  5.684600e-01 
  472.000  5.690212e-01 
  473.000  5.694144e-01 
  474.000  5.697374e-01 
  475.000  5.698203e-01 
  476.000  5.696605e-01 
  477.000  5.696571e-01 
  478.000  5.705914e-01 
  479.000  5.720136e-01 
  480.000  5.735484e-01 
  481.000  5.749251e-01 
  482.000  5.762162e-01 
  483.000  5.773385e-01 
  484.000  5.783030e-01 
  485.000  5.791655e-01 
  486.000  5.800852e-01 
  487.000  5.810533e-01 
  488.000  5.819903e-01 
  489.000  5.829099e-01 
  490.000  5.838186e-01 
  491.000  5.845302e-01 
  492.000  5.851805e-01 
  493.000  5.858276e-01 
  494.000  5.864565e-01 
  495.000  5.870851e-01 
  496.000  5.874091e-01 
  497.000  5.877208e-01 
  498.000  5.880278e-01 
  499.000  5.883183e-01 
  500.000  5.886043e-01 
  501.000  5.888584e-01 
  502.000  5.891126e-01 
  503.000  5.893636e-01 
  504.000  5.896030e-01 
  505.000  5.898293e-01 
  506.000  5.904923e-01 
  507.000  5.911744e-01 
  508.000  5.918555e-01 
  509.000  5.925287e-01 
  510.000  5.931875e-01 
  511.000  5.937781e-01 
  512.000  5.943484e-01 
  513.000  5.949153e-01 
  514.000  5.954752e-01 
  515.000  5.960301e-01 
  516.000  5.964265e-01 
  517.000  5.966807e-01 
  518.000  5.969278e-01 
  519.000  5.971702e-01 
  520.000  5.974103e-01 
  521.000  5.976254e-01 
  522.000  5.977805e-01 
  523.000  5.978923e-01 
  524.000  5.980079e-01 
  525.000  5.980990e-01 
  526.000  5.982268e-01 
  527.000  5.982473e-01 
  528.000  5.982245e-01 
  529.000  5.982004e-01 
  530.000  5.981817e-01 
  531.000  5.981663e-01 
  532.000  5.982008e-01 
  533.000  5.985124e-01 
  534.000  5.989059e-01 
  535.000  5.993499e-01 
  536.000  5.997792e-01 
  537.000  6.001719e-01 
  538.000  6.005230e-01 
  539.000  6.008483e-01 
  540.000  6.011535e-01 
  541.000  6.014497e-01 
  542.000  6.017330e-01 
  543.000  6.020063e-01 
  544.000  6.022128e-01 
  545.000  6.023651e-01 
  546.000  6.025103e-01 
  547.000  6.026596e-01 
  548.000  6.028014e-01 
  549.000  6.029409e-01 
  550.000  6.030086e-01 
  551.000  6.030051e-01 
  552.000  6.030042e-01 
  553.000  6.029887e-01 
  554.000  6.029664e-01 
  555.000  6.029402e-01 
  556.000  6.028870e-01 
  557.000  6.027871e-01 
  558.000  6.026791e-01 
  559.000  6.025586e-01 
  560.000  6.024079e-01 
  561.000  6.022298e-01 
  562.000  6.019897e-01 
  563.000  6.017807e-01 
  564.000  6.015233e-01 
  565.000  6.011757e-01 
  566.000  6.008175e-01 
  567.000  6.002640e-01 
  568.000  5.991268e-01 
  569.000  5.973649e-01 
  570.000  5.971934e-01 
  571.000  5.977153e-01 
  572.000  5.963001e-01 
  573.000  5.961162e-01 
  574.000  5.958047e-01 
  575.000  5.955343e-01 
  576.000  5.956952e-01 
  577.000  5.962918e-01 
  578.000  5.972201e-01 
  579.000  5.984559e-01 
  580.000  6.001135e-01 
  581.000  6.021177e-01 
  582.000  6.037134e-01 
  583.000  6.049976e-01 
  584.000  6.061014e-01 
  585.000  6.070571e-01 
  586.000  6.079154e-01 
  587.000  6.081889e-01 
  588.000  6.069342e-01 
  589.000  6.043956e-01 
  590.000  6.045650e-01 
  591.000  6.070099e-01 
  592.000  6.062047e-01 
  593.000  6.088038e-01 
  594.000  6.086419e-01 
  595.000  6.072230e-01 
  596.000  6.093293e-01 
  597.000  6.084632e-01 
  598.000  6.091302e-01 
  599.000  6.091695e-01 
  600.000  6.097082e-01 
  601.000  6.099532e-01 
  602.000  6.098360e-01 
  603.000  6.102745e-01 
  604.000  6.110591e-01 
  605.000  6.117416e-01 
  606.000  6.123399e-01 
  607.000  6.129212e-01 
  608.000  6.135160e-01 
  609.000  6.140878e-01 
  610.000  6.146852e-01 
  611.000  6.153495e-01 
  612.000  6.159999e-01 
  613.000  6.166302e-01 
  614.000  6.172419e-01 
  615.000  6.178520e-01 
  616.000  6.184397e-01 
  617.000  6.189948e-01 
  618.000  6.194601e-01 
  619.000  6.198538e-01 
  620.000  6.202182e-01 
  621.000  6.205314e-01 
  622.000  6.207931e-01 
  623.000  6.209682e-01 
  624.000  6.211551e-01 
  625.000  6.213123e-01 
  626.000  6.213728e-01 
  627.000  6.200756e-01 
  628.000  5.995945e-01 
  629.000  6.133211e-01 
  630.000  6.141114e-01 
  631.000  6.179010e-01 
  632.000  6.202356e-01 
  633.000  6.232316e-01 
  634.000  6.254163e-01 
  635.000  6.269405e-01 
  636.000  6.284108e-01 
  637.000  6.297677e-01 
  638.000  6.313643e-01 
  639.000  6.325002e-01 
  640.000  6.338024e-01 
  641.000  6.348515e-01 
  642.000  6.358515e-01 
  643.000  6.363159e-01 
  644.000  6.370618e-01 
  645.000  6.373358e-01 
  646.000  6.363125e-01 
  647.000  6.358280e-01 
  648.000  6.350935e-01 
  649.000  6.368820e-01 
  650.000  6.396132e-01 
  651.000  6.401266e-01 
  652.000  6.387212e-01 
  653.000  6.414579e-01 
  654.000  6.416975e-01 
  655.000  6.413739e-01 
  656.000  6.421769e-01 
  657.000  6.430721e-01 
  658.000  6.443366e-01 
  659.000  6.453125e-01 
  660.000  6.459867e-01 
  661.000  6.471071e-01 
  662.000  6.478943e-01 
  663.000  6.483216e-01 
  664.000  6.489173e-01 
  665.000  6.494906e-01 
  666.000  6.500942e-01 
  667.000  6.506683e-01 
  668.000  6.512747e-01 
  669.000  6.518231e-01 
  670.000  6.523536e-01 
  671.000  6.528893e-01 
  672.000  6.534093e-01 
  673.000  6.539256e-01 
  674.000  6.544392e-01 
  675.000  6.549516e-01 
  676.000  6.554402e-01 
  677.000  6.558876e-01 
  678.000  6.563340e-01 
  679.000  6.567585e-01 
  680.000  6.570928e-01 
  681.000  6.573921e-01 
  682.000  6.577808e-01 
  683.000  6.581247e-01 
  684.000  6.583195e-01 
  685.000  6.588716e-01 
  686.000  6.564506e-01 
  687.000  5.642961e-01 
  688.000  5.925919e-01 
  689.000  5.850630e-01 
  690.000  5.997513e-01 
  691.000  6.210203e-01 
  692.000  6.368401e-01 
  693.000  6.439690e-01 
  694.000  6.473378e-01 
  695.000  6.518447e-01 
  696.000  6.542326e-01 
  697.000  6.600686e-01 
  698.000  6.594740e-01 
  699.000  6.550455e-01 
  700.000  6.560916e-01 
  701.000  6.552668e-01 
  702.000  6.562801e-01 
  703.000  6.604611e-01 
  704.000  6.608585e-01 
  705.000  6.594320e-01 
  706.000  6.599376e-01 
  707.000  6.607072e-01 
  708.000  6.615209e-01 
  709.000  6.629879e-01 
  710.000  6.618134e-01 
  711.000  6.633922e-01 
  712.000  6.646605e-01 
  713.000  6.640052e-01 
  714.000  6.638839e-01 
  715.000  6.625723e-01 
  716.000  6.612392e-01 
  717.000  6.510391e-01 
  718.000  6.446705e-01 
  719.000  6.424940e-01 
  720.000  6.389072e-01 
  721.000  6.550838e-01 
  722.000  6.607320e-01 
  723.000  6.578596e-01 
  724.000  6.491336e-01 
  725.000  6.506837e-01 
  726.000  6.503793e-01 
  727.000  6.517833e-01 
  728.000  6.504984e-01 
  729.000  6.540685e-01 
  730.000  6.535633e-01 
  731.000  6.529261e-01 
  732.000  6.588094e-01 
  733.000  6.643060e-01 
  734.000  6.669669e-01 
  735.000  6.661796e-01 
  736.000  6.645875e-01 
  737.000  6.659546e-01 
  738.000  6.677912e-01 
  739.000  6.686277e-01 
  740.000  6.702583e-01 
  741.000  6.712835e-01 
  742.000  6.717892e-01 
  743.000  6.727654e-01 
  744.000  6.732205e-01 
  745.000  6.736582e-01 
  746.000  6.740190e-01 
  747.000  6.742144e-01 
  748.000  6.745985e-01 
  749.000  6.748599e-01 
  750.000  6.749365e-01 
  751.000  6.751240e-01 
  752.000  6.754751e-01 
  753.000  6.757026e-01 
  754.000  6.759114e-01 
  755.000  6.760960e-01 
  756.000  6.762822e-01 
  757.000  6.764147e-01 
  758.000  6.752177e-01 
  759.000  6.260030e-01 
  760.000  2.705388e-01 
  761.000  2.383523e-01 
  762.000  4.398744e-01 
  763.000  3.761400e-01 
  764.000  4.076000e-01 
  765.000  4.797485e-01 
  766.000  5.680148e-01 
  767.000  6.130029e-01 
  768.000  6.425800e-01 
  769.000  6.621662e-01 
  770.000  6.726393e-01 
  771.000  6.776436e-01 
  772.000  6.788862e-01 
  773.000  6.794578e-01 
  774.000  6.802116e-01 
  775.000  6.806273e-01 
  776.000  6.809115e-01 
  777.000  6.810570e-01 
  778.000  6.811452e-01 
  779.000  6.812125e-01 
  780.000  6.812725e-01 
  781.000  6.814364e-01 
  782.000  6.814927e-01 
  783.000  6.815519e-01 
  784.000  6.815433e-01 
  785.000  6.811742e-01 
  786.000  6.806460e-01 
  787.000  6.794209e-01 
  788.000  6.787797e-01 
  789.000  6.764984e-01 
  790.000  6.763549e-01 
  791.000  6.768892e-01 
  792.000  6.773832e-01 
  793.000  6.783543e-01 
  794.000  6.805211e-01 
  795.000  6.792803e-01 
  796.000  6.759870e-01 
  797.000  6.770483e-01 
  798.000  6.791701e-01 
  799.000  6.788643e-01 
  800.000  6.773270e-01 
  801.000  6.775784e-01 
  802.000  6.774760e-01 
  803.000  6.777685e-01 
  804.000  6.785755e-01 
  805.000  6.799412e-01 
  806.000  6.808805e-01 
  807.000  6.809765e-01 
  808.000  6.805342e-01 
  809.000  6.800286e-01 
  810.000  6.795272e-01 
  811.000  6.782521e-01 
  812.000  6.765140e-01 
  813.000  6.743565e-01 
  814.000  6.714671e-01 
  815.000  6.678337e-01 
  816.000  6.630151e-01 
  817.000  6.633760e-01 
  818.000  6.638350e-01 
  819.000  6.654767e-01 
  820.000  6.708478e-01 
  821.000  6.768871e-01 
  822.000  6.723939e-01 
  823.000  6.593701e-01 
  824.000  6.704650e-01 
  825.000  6.773984e-01 
  826.000  6.762449e-01 
  827.000  6.754294e-01 
  828.000  6.709319e-01 
  829.000  6.726314e-01 
  830.000  6.745077e-01 
  831.000  6.749736e-01 
  832.000  6.751795e-01 
  833.000  6.762654e-01 
  834.000  6.775284e-01 
  835.000  6.799881e-01 
  836.000  6.792464e-01 
  837.000  6.791983e-01 
  838.000  6.804221e-01 
  839.000  6.811765e-01 
  840.000  6.814805e-01 
  841.000  6.807498e-01 
  842.000  6.814885e-01 
  843.000  6.830673e-01 
  844.000  6.838338e-01 
  845.000  6.842415e-01 
  846.000  6.846237e-01 
  847.000  6.851006e-01 
  848.000  6.844812e-01 
  849.000  6.846160e-01 
  850.000  6.843160e-01 
  851.000  6.839974e-01 
  852.000  6.840814e-01 
  853.000  6.847554e-01 
  854.000  6.847590e-01 
  855.000  6.851417e-01 
  856.000  6.858258e-01 
  857.000  6.861528e-01 
  858.000  6.863626e-01 
  859.000  6.867765e-01 
  860.000  6.869978e-01 
  861.000  6.870672e-01 
  862.000  6.872044e-01 
  863.000  6.872591e-01 
  864.000  6.873663e-01 
  865.000  6.874614e-01 
  866.000  6.875172e-01 
  867.000  6.875476e-01 
  868.000  6.875970e-01 
  869.000  6.876560e-01 
  870.000  6.876824e-01 
  871.000  6.877399e-01 
  872.000  6.878229e-01 
  873.000  6.878191e-01 
  874.000  6.878350e-01 
  875.000  6.878687e-01 
  876.000  6.878322e-01 
  877.000  6.878327e-01 
  878.000  6.876171e-01 
  879.000  6.876381e-01 
  880.000  6.874561e-01 
  881.000  6.873706e-01 
  882.000  6.873266e-01 
  883.000  6.874421e-01 
  884.000  6.875249e-01 
  885.000  6.872095e-01 
  886.000  6.867154e-01 
  887.000  6.871516e-01 
  888.000  6.871626e-01 
  889.000  6.873448e-01 
  890.000  6.870475e-01 
  891.000  6.864573e-01 
  892.000  6.851515e-01 
  893.000  6.812034e-01 
  894.000  6.791950e-01 
  895.000  6.727929e-01 
  896.000  6.670038e-01 
  897.000  6.608177e-01 
  898.000  6.579062e-01 
  899.000  6.492605e-01 
  900.000  6.506130e-01 
  901.000  6.483294e-01 
  902.000  6.487072e-01 
  903.000  6.632469e-01 
  904.000  6.718002e-01 
  905.000  6.714766e-01 
  906.000  6.661796e-01 
  907.000  6.565768e-01 
  908.000  6.501064e-01 
  909.000  6.504493e-01 
  910.000  6.514804e-01 
  911.000  6.558455e-01 
  912.000  6.537732e-01 
  913.000  6.445233e-01 
  914.000  6.491569e-01 
  915.000  6.527377e-01 
  916.000  6.536943e-01 
  917.000  6.555988e-01 
  918.000  6.580511e-01 
  919.000  6.662899e-01 
  920.000  6.723452e-01 
  921.000  6.710068e-01 
  922.000  6.709079e-01 
  923.000  6.692412e-01 
  924.000  6.651722e-01 
  925.000  6.649287e-01 
  926.000  6.650504e-01 
  927.000  6.604014e-01 
  928.000  6.530882e-01 
  929.000  6.421837e-01 
  930.000  6.276683e-01 
  931.000  6.104763e-01 
  932.000  5.870138e-01 
  933.000  5.673430e-01 
  934.000  5.450656e-01 
  935.000  5.428337e-01 
  936.000  5.523511e-01 
  937.000  5.497308e-01 
  938.000  5.736737e-01 
  939.000  6.285375e-01 
  940.000  6.357467e-01 
  941.000  6.292577e-01 
  942.000  6.130047e-01 
  943.000  5.838106e-01 
  944.000  5.818235e-01 
  945.000  5.929723e-01 
  946.000  5.934193e-01 
  947.000  6.025388e-01 
  948.000  6.077930e-01 
  949.000  6.069189e-01 
  950.000  6.082117e-01 
  951.000  6.197520e-01 
  952.000  6.070598e-01 
  953.000  6.156625e-01 
  954.000  6.245748e-01 
  955.000  6.169665e-01 
  956.000  6.149093e-01 
  957.000  6.372849e-01 
  958.000  6.398802e-01 
  959.000  6.361171e-01 
  960.000  6.349409e-01 
  961.000  6.330202e-01 
  962.000  6.345984e-01 
  963.000  6.462887e-01 
  964.000  6.478721e-01 
  965.000  6.466933e-01 
  966.000  6.472321e-01 
  967.000  6.552367e-01 
  968.000  6.681502e-01 
  969.000  6.737827e-01 
  970.000  6.740649e-01 
  971.000  6.739405e-01 
  972.000  6.723707e-01 
  973.000  6.686680e-01 
  974.000  6.640682e-01 
  975.000  6.610740e-01 
  976.000  6.647659e-01 
  977.000  6.707453e-01 
  978.000  6.702446e-01 
  979.000  6.717455e-01 
  980.000  6.776806e-01 
  981.000  6.789709e-01 
  982.000  6.776426e-01 
  983.000  6.806378e-01 
  984.000  6.836980e-01 
  985.000  6.854253e-01 
  986.000  6.875244e-01 
  987.000  6.885030e-01 
  988.000  6.886813e-01 
  989.000  6.888346e-01 
  990.000  6.890882e-01 
  991.000  6.899011e-01 
  992.000  6.901624e-01 
  993.000  6.902704e-01 
  994.000  6.910275e-01 
  995.000  6.915554e-01 
  996.000  6.915687e-01 
  997.000  6.912771e-01 
  998.000  6.908909e-01 
  999.000  6.908116e-01 
 1000.000  6.909499e-01 
 1001.000  6.901911e-01 
 1002.000  6.889611e-01 
 1003.000  6.892368e-01 
 1004.000  6.900046e-01 
 1005.000  6.903171e-01 
 1006.000  6.904162e-01 
 1007.000  6.902303e-01 
 1008.000  6.891810e-01 
 1009.000  6.878315e-01 
 1010.000  6.884663e-01 
 1011.000  6.899157e-01 
 1012.000  6.904471e-01 
 1013.000  6.908988e-01 
 1014.000  6.910885e-01 
 1015.000  6.911160e-01 
 1016.000  6.912779e-01 
 1017.000  6.914025e-01 
 1018.000  6.911283e-01 
 1019.000  6.906404e-01 
 1020.000  6.908196e-01 
 1021.000  6.911556e-01 
 1022.000  6.905359e-01 
 1023.000  6.900280e-01 
 1024.000  6.896867e-01 
 1025.000  6.906021e-01 
 1026.000  6.909614e-01 
 1027.000  6.907959e-01 
 1028.000  6.908599e-01 
 1029.000  6.912726e-01 
 1030.000  6.915768e-01 
 1031.000  6.917621e-01 
 1032.000  6.918815e-01 
 1033.000  6.918725e-01 
 1034.000  6.919097e-01 
 1035.000  6.918469e-01 
 1036.000  6.916209e-01 
 1037.000  6.914634e-01 
 1038.000  6.914722e-01 
 1039.000  6.913639e-01 
 1040.000  6.912266e-01 
 1041.000  6.911131e-01 
 1042.000  6.910504e-01 
 1043.000  6.909810e-01 
 1044.000  6.908392e-01 
 1045.000  6.905945e-01 
 1046.000  6.903977e-01 
 1047.000  6.901324e-01 
 1048.000  6.896164e-01 
 1049.000  6.889930e-01 
 1050.000  6.886737e-01 
 1051.000  6.884230e-01 
 1052.000  6.880956e-01 
 1053.000  6.878702e-01 
 1054.000  6.874967e-01 
 1055.000  6.871044e-01 
 1056.000  6.866362e-01 
 1057.000  6.859214e-01 
 1058.000  6.849294e-01 
 1059.000  6.846142e-01 
 1060.000  6.846596e-01 
 1061.000  6.843674e-01 
 1062.000  6.836474e-01 
 1063.000  6.830363e-01 
 1064.000  6.822936e-01 
 1065.000  6.818653e-01 
 1066.000  6.818572e-01 
 1067.000  6.815307e-01 
 1068.000  6.809170e-01 
 1069.000  6.814384e-01 
 1070.000  6.821954e-01 
 1071.000  6.822767e-01 
 1072.000  6.821983e-01 
 1073.000  6.825193e-01 
 1074.000  6.830055e-01 
 1075.000  6.841392e-01 
 1076.000  6.840079e-01 
 1077.000  6.838207e-01 
 1078.000  6.833676e-01 
 1079.000  6.835716e-01 
 1080.000  6.817532e-01 
 1081.000  6.818672e-01 
 1082.000  6.829870e-01 
 1083.000  6.821246e-01 
 1084.000  6.811113e-01 
 1085.000  6.783882e-01 
 1086.000  6.792452e-01 
 1087.000  6.825836e-01 
 1088.000  6.828493e-01 
 1089.000  6.791240e-01 
 1090.000  6.785401e-01 
 1091.000  6.794201e-01 
 1092.000  6.776537e-01 
 1093.000  6.733878e-01 
 1094.000  6.715548e-01 
 1095.000  6.719676e-01 
 1096.000  6.723640e-01 
 1097.000  6.716338e-01 
 1098.000  6.607633e-01 
 1099.000  6.512152e-01 
 1100.000  6.519722e-01 
 1101.000  6.534139e-01 
 1102.000  6.529197e-01 
 1103.000  6.539133e-01 
 1104.000  6.523680e-01 
 1105.000  6.483575e-01 
 1106.000  6.441503e-01 
 1107.000  6.454093e-01 
 1108.000  6.464484e-01 
 1109.000  6.503778e-01 
 1110.000  6.503553e-01 
 1111.000  6.486002e-01 
 1112.000  6.399055e-01 
 1113.000  6.278242e-01 
 1114.000  6.252263e-01 
 1115.000  6.097149e-01 
 1116.000  5.995653e-01 
 1117.000  5.734215e-01 
 1118.000  5.480001e-01 
 1119.000  5.342302e-01 
 1120.000  5.151563e-01 
 1121.000  5.109511e-01 
 1122.000  4.880125e-01 
 1123.000  5.018015e-01 
 1124.000  5.106360e-01 
 1125.000  5.063010e-01 
 1126.000  5.043691e-01 
 1127.000  5.059191e-01 
 1128.000  5.089316e-01 
 1129.000  5.298392e-01 
 1130.000  5.743693e-01 
 1131.000  5.860691e-01 
 1132.000  5.702733e-01 
 1133.000  5.379581e-01 
 1134.000  4.683983e-01 
 1135.000  4.741595e-01 
 1136.000  5.419890e-01 
 1137.000  5.728824e-01 
 1138.000  5.992736e-01 
 1139.000  6.057225e-01 
 1140.000  6.008721e-01 
 1141.000  5.902525e-01 
 1142.000  5.867234e-01 
 1143.000  5.752407e-01 
 1144.000  5.614618e-01 
 1145.000  5.404119e-01 
 1146.000  5.454831e-01 
 1147.000  5.617185e-01 
 1148.000  5.753741e-01 
 1149.000  5.804312e-01 
 1150.000  5.799705e-01 
