  320.000  8.383815e-02 
  321.000  1.109781e-01 
  322.000  1.000733e-01 
  323.000  1.139455e-01 
  324.000  1.283477e-01 
  325.000  1.175714e-01 
  326.000  1.353977e-01 
  327.000  1.404982e-01 
  328.000  1.295502e-01 
  329.000  1.507846e-01 
  330.000  1.542333e-01 
  331.000  1.474311e-01 
  332.000  1.606429e-01 
  333.000  1.645554e-01 
  334.000  1.613410e-01 
  335.000  1.712431e-01 
  336.000  1.753010e-01 
  337.000  1.735876e-01 
  338.000  1.783635e-01 
  339.000  1.833310e-01 
  340.000  1.825120e-01 
  341.000  1.873662e-01 
  342.000  1.909389e-01 
  343.000  1.927405e-01 
  344.000  1.931092e-01 
  345.000  1.979971e-01 
  346.000  2.011009e-01 
  347.000  2.036414e-01 
  348.000  2.060290e-01 
  349.000  2.087200e-01 
  350.000  2.110277e-01 
  351.000  2.133329e-01 
  352.000  2.152291e-01 
  353.000  2.179332e-01 
  354.000  2.202423e-01 
  355.000  2.223970e-01 
  356.000  2.245018e-01 
  357.000  2.263794e-01 
  358.000  2.284043e-01 
  359.000  2.304319e-01 
  360.000  2.325133e-01 
  361.000  2.351497e-01 
  362.000  2.379030e-01 
  363.000  2.404461e-01 
  364.000  2.427927e-01 
  365.000  2.449991e-01 
  366.000  2.472605e-01 
  367.000  2.494185e-01 
  368.000  2.515616e-01 
  369.000  2.536908e-01 
  370.000  2.558024e-01 
  371.000  2.579019e-01 
  372.000  2.599883e-01 
  373.000  2.620612e-01 
  374.000  2.641048e-01 
  375.000  2.661127e-01 
  376.000  2.680560e-01 
  377.000  2.698960e-01 
  378.000  2.716078e-01 
  379.000  2.733498e-01 
  380.000  2.752689e-01 
  381.000  2.774575e-01 
  382.000  2.797300e-01 
  383.000  2.818831e-01 
  384.000  2.839291e-01 
  385.000  2.859039e-01 
  386.000  2.878312e-01 
  387.000  2.897303e-01 
  388.000  2.916080e-01 
  389.000  2.934730e-01 
  390.000  2.953257e-01 
  391.000  2.971620e-01 
  392.000  2.989872e-01 
  393.000  3.007999e-01 
  394.000  3.025982e-01 
  395.000  3.043805e-01 
  396.000  3.061535e-01 
  397.000  3.079082e-01 
  398.000  3.096490e-01 
  399.000  3.113772e-01 
  400.000  3.130835e-01 
  401.000  3.147853e-01 
  402.000  3.164754e-01 
  403.000  3.181530e-01 
  404.000  3.198176e-01 
  405.000  3.214658e-01 
  406.000  3.231049e-01 
  407.000  3.247329e-01 
  408.000  3.263484e-01 
  409.000  3.279498e-01 
  410.000  3.295377e-01 
  411.000  3.311114e-01 
  412.000  3.326699e-01 
  413.000  3.342210e-01 
  414.000  3.356622e-01 
  415.000  3.372228e-01 
  416.000  3.387652e-01 
  417.000  3.402833e-01 
  418.000  3.417679e-01 
  419.000  3.432375e-01 
  420.000  3.446952e-01 
  421.000  3.461455e-01 
  422.000  3.475882e-01 
  423.000  3.490213e-01 
  424.000  3.504389e-01 
  425.000  3.518251e-01 
  426.000  3.531989e-01 
  427.000  3.545619e-01 
  428.000  3.559016e-01 
  429.000  3.572237e-01 
  430.000  3.585316e-01 
  431.000  3.598306e-01 
  432.000  3.611171e-01 
  433.000  3.623923e-01 
  434.000  3.636578e-01 
  435.000  3.649119e-01 
  436.000  3.661527e-01 
  437.000  3.673811e-01 
  438.000  3.685963e-01 
  439.000  3.698030e-01 
  440.000  3.709911e-01 
  441.000  3.721649e-01 
  442.000  3.733209e-01 
  443.000  3.744603e-01 
  444.000  3.755824e-01 
  445.000  3.766811e-01 
  446.000  3.777500e-01 
  447.000  3.788716e-01 
  448.000  3.800751e-01 
  449.000  3.812940e-01 
  450.000  3.824903e-01 
  451.000  3.836406e-01 
  452.000  3.847513e-01 
  453.000  3.858400e-01 
  454.000  3.869096e-01 
  455.000  3.879177e-01 
  456.000  3.888449e-01 
  457.000  3.897729e-01 
  458.000  3.906888e-01 
  459.000  3.915858e-01 
  460.000  3.924761e-01 
  461.000  3.933573e-01 
  462.000  3.942221e-01 
  463.000  3.950837e-01 
  464.000  3.962059e-01 
  465.000  3.973119e-01 
  466.000  3.983991e-01 
  467.000  3.994617e-01 
  468.000  4.003277e-01 
  469.000  4.010738e-01 
  470.000  4.017603e-01 
  471.000  4.023784e-01 
  472.000  4.029035e-01 
  473.000  4.032716e-01 
  474.000  4.035739e-01 
  475.000  4.036515e-01 
  476.000  4.035018e-01 
  477.000  4.034988e-01 
  478.000  4.043737e-01 
  479.000  4.057063e-01 
  480.000  4.071457e-01 
  481.000  4.084378e-01 
  482.000  4.096505e-01 
  483.000  4.107054e-01 
  484.000  4.116124e-01 
  485.000  4.124240e-01 
  486.000  4.132898e-01 
  487.000  4.142017e-01 
  488.000  4.150847e-01 
  489.000  4.159518e-01 
  490.000  4.168090e-01 
  491.000  4.174806e-01 
  492.000  4.180946e-01 
  493.000  4.187058e-01 
  494.000  4.192999e-01 
  495.000  4.198941e-01 
  496.000  4.202003e-01 
  497.000  4.204950e-01 
  498.000  4.207854e-01 
  499.000  4.210602e-01 
  500.000  4.213307e-01 
  501.000  4.215711e-01 
  502.000  4.218116e-01 
  503.000  4.220492e-01 
  504.000  4.222758e-01 
  505.000  4.224901e-01 
  506.000  4.231178e-01 
  507.000  4.237639e-01 
  508.000  4.244093e-01 
  509.000  4.250474e-01 
  510.000  4.256721e-01 
  511.000  4.262323e-01 
  512.000  4.267735e-01 
  513.000  4.273116e-01 
  514.000  4.278432e-01 
  515.000  4.283703e-01 
  516.000  4.287469e-01 
  517.000  4.289884e-01 
  518.000  4.292232e-01 
  519.000  4.294536e-01 
  520.000  4.296818e-01 
  521.000  4.298863e-01 
  522.000  4.300338e-01 
  523.000  4.301401e-01 
  524.000  4.302500e-01 
  525.000  4.303366e-01 
  526.000  4.304581e-01 
  527.000  4.304777e-01 
  528.000  4.304560e-01 
  529.000  4.304330e-01 
  530.000  4.304152e-01 
  531.000  4.304006e-01 
  532.000  4.304334e-01 
  533.000  4.307297e-01 
  534.000  4.311040e-01 
  535.000  4.315266e-01 
  536.000  4.319351e-01 
  537.000  4.323089e-01 
  538.000  4.326432e-01 
  539.000  4.329530e-01 
  540.000  4.332437e-01 
  541.000  4.335259e-01 
  542.000  4.337958e-01 
  543.000  4.340561e-01 
  544.000  4.342530e-01 
  545.000  4.343981e-01 
  546.000  4.345365e-01 
  547.000  4.346788e-01 
  548.000  4.348140e-01 
  549.000  4.349470e-01 
  550.000  4.350116e-01 
  551.000  4.350082e-01 
  552.000  4.350074e-01 
  553.000  4.349926e-01 
  554.000  4.349714e-01 
  555.000  4.349464e-01 
  556.000  4.348956e-01 
  557.000  4.348004e-01 
  558.000  4.346974e-01 
  559.000  4.345824e-01 
  560.000  4.344386e-01 
  561.000  4.342682e-01 
  562.000  4.339510e-01 
  563.000  4.337442e-01 
  564.000  4.334771e-01 
  565.000  4.330829e-01 
  566.000  4.327829e-01 
  567.000  4.319757e-01 
  568.000  4.299116e-01 
  569.000  4.259960e-01 
  570.000  4.263666e-01 
  571.000  4.287255e-01 
  572.000  4.259610e-01 
  573.000  4.264036e-01 
  574.000  4.262487e-01 
  575.000  4.259639e-01 
  576.000  4.261284e-01 
  577.000  4.272354e-01 
  578.000  4.286512e-01 
  579.000  4.300997e-01 
  580.000  4.316453e-01 
  581.000  4.337246e-01 
  582.000  4.352302e-01 
  583.000  4.362828e-01 
  584.000  4.372457e-01 
  585.000  4.379853e-01 
  586.000  4.387408e-01 
  587.000  4.380051e-01 
  588.000  4.331553e-01 
  589.000  4.249729e-01 
  590.000  4.246979e-01 
  591.000  4.307354e-01 
  592.000  4.278799e-01 
  593.000  4.347086e-01 
  594.000  4.334558e-01 
  595.000  4.289999e-01 
  596.000  4.354205e-01 
  597.000  4.336944e-01 
  598.000  4.361246e-01 
  599.000  4.369520e-01 
  600.000  4.391134e-01 
  601.000  4.403450e-01 
  602.000  4.406006e-01 
  603.000  4.413927e-01 
  604.000  4.424593e-01 
  605.000  4.432674e-01 
  606.000  4.438816e-01 
  607.000  4.444759e-01 
  608.000  4.450529e-01 
  609.000  4.456056e-01 
  610.000  4.461791e-01 
  611.000  4.468165e-01 
  612.000  4.474410e-01 
  613.000  4.480461e-01 
  614.000  4.486337e-01 
  615.000  4.492198e-01 
  616.000  4.497847e-01 
  617.000  4.503184e-01 
  618.000  4.507658e-01 
  619.000  4.511445e-01 
  620.000  4.514951e-01 
  621.000  4.517964e-01 
  622.000  4.520482e-01 
  623.000  4.522168e-01 
  624.000  4.523962e-01 
  625.000  4.525463e-01 
  626.000  4.523715e-01 
  627.000  4.499590e-01 
  628.000  4.329644e-01 
  629.000  4.436726e-01 
  630.000  4.457309e-01 
  631.000  4.491183e-01 
  632.000  4.494205e-01 
  633.000  4.532141e-01 
  634.000  4.554359e-01 
  635.000  4.566568e-01 
  636.000  4.581487e-01 
  637.000  4.594692e-01 
  638.000  4.615250e-01 
  639.000  4.625683e-01 
  640.000  4.640237e-01 
  641.000  4.649350e-01 
  642.000  4.660697e-01 
  643.000  4.659927e-01 
  644.000  4.666434e-01 
  645.000  4.660788e-01 
  646.000  4.619368e-01 
  647.000  4.590963e-01 
  648.000  4.558419e-01 
  649.000  4.596197e-01 
  650.000  4.664198e-01 
  651.000  4.668478e-01 
  652.000  4.616677e-01 
  653.000  4.685464e-01 
  654.000  4.682629e-01 
  655.000  4.663358e-01 
  656.000  4.675829e-01 
  657.000  4.692627e-01 
  658.000  4.718869e-01 
  659.000  4.735947e-01 
  660.000  4.744297e-01 
  661.000  4.764819e-01 
  662.000  4.776615e-01 
  663.000  4.779620e-01 
  664.000  4.786364e-01 
  665.000  4.792684e-01 
  666.000  4.800544e-01 
  667.000  4.807397e-01 
  668.000  4.815055e-01 
  669.000  4.820937e-01 
  670.000  4.826303e-01 
  671.000  4.831876e-01 
  672.000  4.837001e-01 
  673.000  4.842053e-01 
  674.000  4.847068e-01 
  675.000  4.852086e-01 
  676.000  4.856819e-01 
  677.000  4.861167e-01 
  678.000  4.865522e-01 
  679.000  4.869274e-01 
  680.000  4.870432e-01 
  681.000  4.870613e-01 
  682.000  4.873956e-01 
  683.000  4.876319e-01 
  684.000  4.875064e-01 
  685.000  4.881853e-01 
  686.000  4.859980e-01 
  687.000  4.076281e-01 
  688.000  4.318974e-01 
  689.000  4.251217e-01 
  690.000  4.378452e-01 
  691.000  4.550758e-01 
  692.000  4.662476e-01 
  693.000  4.650878e-01 
  694.000  4.614402e-01 
  695.000  4.676270e-01 
  696.000  4.711764e-01 
  697.000  4.848233e-01 
  698.000  4.822465e-01 
  699.000  4.703723e-01 
  700.000  4.725052e-01 
  701.000  4.699501e-01 
  702.000  4.720533e-01 
  703.000  4.822584e-01 
  704.000  4.828242e-01 
  705.000  4.787831e-01 
  706.000  4.797040e-01 
  707.000  4.813018e-01 
  708.000  4.830196e-01 
  709.000  4.864209e-01 
  710.000  4.830241e-01 
  711.000  4.867122e-01 
  712.000  4.898687e-01 
  713.000  4.875298e-01 
  714.000  4.868141e-01 
  715.000  4.829517e-01 
  716.000  4.789439e-01 
  717.000  4.528004e-01 
  718.000  4.367560e-01 
  719.000  4.310481e-01 
  720.000  4.223296e-01 
  721.000  4.609300e-01 
  722.000  4.747175e-01 
  723.000  4.670837e-01 
  724.000  4.451897e-01 
  725.000  4.485392e-01 
  726.000  4.475672e-01 
  727.000  4.507448e-01 
  728.000  4.474016e-01 
  729.000  4.558916e-01 
  730.000  4.544765e-01 
  731.000  4.527547e-01 
  732.000  4.670469e-01 
  733.000  4.807283e-01 
  734.000  4.873421e-01 
  735.000  4.850856e-01 
  736.000  4.808175e-01 
  737.000  4.841203e-01 
  738.000  4.886423e-01 
  739.000  4.906142e-01 
  740.000  4.949324e-01 
  741.000  4.974463e-01 
  742.000  4.985287e-01 
  743.000  5.006620e-01 
  744.000  5.017294e-01 
  745.000  5.025694e-01 
  746.000  5.032520e-01 
  747.000  5.034855e-01 
  748.000  5.041796e-01 
  749.000  5.045762e-01 
  750.000  5.044322e-01 
  751.000  5.046151e-01 
  752.000  5.052803e-01 
  753.000  5.055843e-01 
  754.000  5.058349e-01 
  755.000  5.060164e-01 
  756.000  5.062038e-01 
  757.000  5.063350e-01 
  758.000  5.052110e-01 
  759.000  4.625360e-01 
  760.000  1.734163e-01 
  761.000  1.495482e-01 
  762.000  3.061906e-01 
  763.000  2.549867e-01 
  764.000  2.801093e-01 
  765.000  3.389403e-01 
  766.000  4.129656e-01 
  767.000  4.514868e-01 
  768.000  4.770853e-01 
  769.000  4.941560e-01 
  770.000  5.034888e-01 
  771.000  5.077835e-01 
  772.000  5.088856e-01 
  773.000  5.093794e-01 
  774.000  5.100478e-01 
  775.000  5.104636e-01 
  776.000  5.107581e-01 
  777.000  5.108634e-01 
  778.000  5.108827e-01 
  779.000  5.108880e-01 
  780.000  5.108891e-01 
  781.000  5.111848e-01 
  782.000  5.111775e-01 
  783.000  5.111790e-01 
  784.000  5.109884e-01 
  785.000  5.100716e-01 
  786.000  5.085685e-01 
  787.000  5.055500e-01 
  788.000  5.038705e-01 
  789.000  4.977827e-01 
  790.000  4.972900e-01 
  791.000  4.984786e-01 
  792.000  4.995787e-01 
  793.000  5.021013e-01 
  794.000  5.074182e-01 
  795.000  5.042186e-01 
  796.000  4.956465e-01 
  797.000  4.981363e-01 
  798.000  5.036017e-01 
  799.000  5.023907e-01 
  800.000  4.984635e-01 
  801.000  4.989641e-01 
  802.000  4.985932e-01 
  803.000  4.992005e-01 
  804.000  5.010886e-01 
  805.000  5.046811e-01 
  806.000  5.068364e-01 
  807.000  5.069590e-01 
  808.000  5.057812e-01 
  809.000  5.043274e-01 
  810.000  5.027325e-01 
  811.000  4.994299e-01 
  812.000  4.949773e-01 
  813.000  4.895177e-01 
  814.000  4.823082e-01 
  815.000  4.733410e-01 
  816.000  4.618242e-01 
  817.000  4.624950e-01 
  818.000  4.634596e-01 
  819.000  4.672818e-01 
  820.000  4.800189e-01 
  821.000  4.945741e-01 
  822.000  4.835434e-01 
  823.000  4.527693e-01 
  824.000  4.787396e-01 
  825.000  4.954743e-01 
  826.000  4.926378e-01 
  827.000  4.905477e-01 
  828.000  4.795641e-01 
  829.000  4.835496e-01 
  830.000  4.880121e-01 
  831.000  4.890758e-01 
  832.000  4.895513e-01 
  833.000  4.921336e-01 
  834.000  4.951699e-01 
  835.000  5.011759e-01 
  836.000  4.992706e-01 
  837.000  4.990866e-01 
  838.000  5.020236e-01 
  839.000  5.038138e-01 
  840.000  5.044784e-01 
  841.000  5.025804e-01 
  842.000  5.043250e-01 
  843.000  5.084397e-01 
  844.000  5.103170e-01 
  845.000  5.112039e-01 
  846.000  5.121353e-01 
  847.000  5.129480e-01 
  848.000  5.115262e-01 
  849.000  5.117604e-01 
  850.000  5.109635e-01 
  851.000  5.100092e-01 
  852.000  5.101278e-01 
  853.000  5.117614e-01 
  854.000  5.116947e-01 
  855.000  5.125260e-01 
  856.000  5.140565e-01 
  857.000  5.147660e-01 
  858.000  5.151910e-01 
  859.000  5.160107e-01 
  860.000  5.164789e-01 
  861.000  5.165728e-01 
  862.000  5.168595e-01 
  863.000  5.169125e-01 
  864.000  5.171148e-01 
  865.000  5.172835e-01 
  866.000  5.173414e-01 
  867.000  5.173307e-01 
  868.000  5.173718e-01 
  869.000  5.174398e-01 
  870.000  5.174193e-01 
  871.000  5.174843e-01 
  872.000  5.176189e-01 
  873.000  5.175180e-01 
  874.000  5.174710e-01 
  875.000  5.174727e-01 
  876.000  5.172842e-01 
  877.000  5.171965e-01 
  878.000  5.166897e-01 
  879.000  5.166683e-01 
  880.000  5.162486e-01 
  881.000  5.159871e-01 
  882.000  5.158207e-01 
  883.000  5.160196e-01 
  884.000  5.161436e-01 
  885.000  5.152465e-01 
  886.000  5.140028e-01 
  887.000  5.150566e-01 
  888.000  5.150138e-01 
  889.000  5.152725e-01 
  890.000  5.145856e-01 
  891.000  5.132350e-01 
  892.000  5.099982e-01 
  893.000  5.001206e-01 
  894.000  4.952109e-01 
  895.000  4.801919e-01 
  896.000  4.667434e-01 
  897.000  4.525784e-01 
  898.000  4.459653e-01 
  899.000  4.272866e-01 
  900.000  4.299971e-01 
  901.000  4.251525e-01 
  902.000  4.260584e-01 
  903.000  4.574908e-01 
  904.000  4.767182e-01 
  905.000  4.760337e-01 
  906.000  4.640303e-01 
  907.000  4.428259e-01 
  908.000  4.288750e-01 
  909.000  4.294797e-01 
  910.000  4.315941e-01 
  911.000  4.408768e-01 
  912.000  4.363987e-01 
  913.000  4.169268e-01 
  914.000  4.265660e-01 
  915.000  4.341687e-01 
  916.000  4.362380e-01 
  917.000  4.403749e-01 
  918.000  4.457214e-01 
  919.000  4.638966e-01 
  920.000  4.776479e-01 
  921.000  4.746335e-01 
  922.000  4.743881e-01 
  923.000  4.705666e-01 
  924.000  4.613687e-01 
  925.000  4.606150e-01 
  926.000  4.603980e-01 
  927.000  4.496615e-01 
  928.000  4.331589e-01 
  929.000  4.093736e-01 
  930.000  3.792076e-01 
  931.000  3.456137e-01 
  932.000  3.018532e-01 
  933.000  2.694000e-01 
  934.000  2.362417e-01 
  935.000  2.327207e-01 
  936.000  2.458106e-01 
  937.000  2.424917e-01 
  938.000  2.794817e-01 
  939.000  3.760863e-01 
  940.000  3.905315e-01 
  941.000  3.780843e-01 
  942.000  3.475852e-01 
  943.000  2.970000e-01 
  944.000  2.934752e-01 
  945.000  3.116411e-01 
  946.000  3.126640e-01 
  947.000  3.289073e-01 
  948.000  3.384424e-01 
  949.000  3.372034e-01 
  950.000  3.396492e-01 
  951.000  3.610011e-01 
  952.000  3.381982e-01 
  953.000  3.541986e-01 
  954.000  3.713740e-01 
  955.000  3.574659e-01 
  956.000  3.543556e-01 
  957.000  3.978070e-01 
  958.000  4.034419e-01 
  959.000  3.962199e-01 
  960.000  3.941272e-01 
  961.000  3.905109e-01 
  962.000  3.938188e-01 
  963.000  4.176822e-01 
  964.000  4.211156e-01 
  965.000  4.188433e-01 
  966.000  4.201449e-01 
  967.000  4.371771e-01 
  968.000  4.656060e-01 
  969.000  4.784469e-01 
  970.000  4.791433e-01 
  971.000  4.788451e-01 
  972.000  4.752072e-01 
  973.000  4.667945e-01 
  974.000  4.565432e-01 
  975.000  4.499569e-01 
  976.000  4.580244e-01 
  977.000  4.713452e-01 
  978.000  4.702701e-01 
  979.000  4.737249e-01 
  980.000  4.873053e-01 
  981.000  4.903182e-01 
  982.000  4.873019e-01 
  983.000  4.942737e-01 
  984.000  5.014490e-01 
  985.000  5.055271e-01 
  986.000  5.107868e-01 
  987.000  5.130678e-01 
  988.000  5.135940e-01 
  989.000  5.139327e-01 
  990.000  5.144935e-01 
  991.000  5.164539e-01 
  992.000  5.170154e-01 
  993.000  5.172293e-01 
  994.000  5.188453e-01 
  995.000  5.199753e-01 
  996.000  5.200515e-01 
  997.000  5.192364e-01 
  998.000  5.183864e-01 
  999.000  5.180507e-01 
 1000.000  5.183386e-01 
 1001.000  5.166602e-01 
 1002.000  5.136729e-01 
 1003.000  5.143918e-01 
 1004.000  5.161222e-01 
 1005.000  5.169168e-01 
 1006.000  5.171613e-01 
 1007.000  5.165958e-01 
 1008.000  5.141588e-01 
 1009.000  5.108953e-01 
 1010.000  5.123527e-01 
 1011.000  5.158203e-01 
 1012.000  5.171421e-01 
 1013.000  5.179664e-01 
 1014.000  5.184192e-01 
 1015.000  5.185005e-01 
 1016.000  5.189890e-01 
 1017.000  5.191873e-01 
 1018.000  5.186538e-01 
 1019.000  5.176265e-01 
 1020.000  5.178299e-01 
 1021.000  5.187370e-01 
 1022.000  5.174413e-01 
 1023.000  5.162092e-01 
 1024.000  5.154657e-01 
 1025.000  5.176954e-01 
 1026.000  5.184886e-01 
 1027.000  5.180362e-01 
 1028.000  5.183765e-01 
 1029.000  5.193152e-01 
 1030.000  5.201930e-01 
 1031.000  5.206220e-01 
 1032.000  5.209505e-01 
 1033.000  5.210474e-01 
 1034.000  5.212489e-01 
 1035.000  5.213405e-01 
 1036.000  5.211886e-01 
 1037.000  5.211462e-01 
 1038.000  5.212175e-01 
 1039.000  5.210435e-01 
 1040.000  5.208757e-01 
 1041.000  5.207412e-01 
 1042.000  5.206908e-01 
 1043.000  5.206599e-01 
 1044.000  5.205237e-01 
 1045.000  5.201776e-01 
 1046.000  5.199319e-01 
 1047.000  5.196277e-01 
 1048.000  5.191723e-01 
 1049.000  5.186745e-01 
 1050.000  5.183040e-01 
 1051.000  5.178741e-01 
 1052.000  5.175009e-01 
 1053.000  5.173326e-01 
 1054.000  5.168059e-01 
 1055.000  5.162650e-01 
 1056.000  5.157611e-01 
 1057.000  5.148287e-01 
 1058.000  5.131205e-01 
 1059.000  5.130623e-01 
 1060.000  5.136725e-01 
 1061.000  5.133760e-01 
 1062.000  5.122674e-01 
 1063.000  5.117176e-01 
 1064.000  5.107491e-01 
 1065.000  5.098135e-01 
 1066.000  5.098733e-01 
 1067.000  5.092901e-01 
 1068.000  5.077676e-01 
 1069.000  5.072531e-01 
 1070.000  5.078371e-01 
 1071.000  5.069142e-01 
 1072.000  5.058864e-01 
 1073.000  5.058583e-01 
 1074.000  5.062445e-01 
 1075.000  5.082576e-01 
 1076.000  5.073010e-01 
 1077.000  5.059418e-01 
 1078.000  5.043017e-01 
 1079.000  5.042218e-01 
 1080.000  4.995314e-01 
 1081.000  4.993756e-01 
 1082.000  5.016007e-01 
 1083.000  4.991633e-01 
 1084.000  4.964637e-01 
 1085.000  4.898815e-01 
 1086.000  4.915285e-01 
 1087.000  4.989434e-01 
 1088.000  4.993030e-01 
 1089.000  4.904472e-01 
 1090.000  4.888397e-01 
 1091.000  4.906031e-01 
 1092.000  4.862534e-01 
 1093.000  4.764080e-01 
 1094.000  4.721402e-01 
 1095.000  4.728796e-01 
 1096.000  4.735563e-01 
 1097.000  4.716403e-01 
 1098.000  4.476104e-01 
 1099.000  4.271472e-01 
 1100.000  4.285664e-01 
 1101.000  4.314270e-01 
 1102.000  4.301062e-01 
 1103.000  4.320116e-01 
 1104.000  4.286130e-01 
 1105.000  4.200417e-01 
 1106.000  4.113750e-01 
 1107.000  4.135711e-01 
 1108.000  4.152004e-01 
 1109.000  4.226732e-01 
 1110.000  4.218282e-01 
 1111.000  4.177524e-01 
 1112.000  3.996001e-01 
 1113.000  3.748279e-01 
 1114.000  3.681944e-01 
 1115.000  3.378772e-01 
 1116.000  3.191610e-01 
 1117.000  2.760338e-01 
 1118.000  2.370020e-01 
 1119.000  2.165355e-01 
 1120.000  1.913299e-01 
 1121.000  1.857909e-01 
 1122.000  1.600063e-01 
 1123.000  1.740011e-01 
 1124.000  1.834913e-01 
 1125.000  1.785134e-01 
 1126.000  1.765240e-01 
 1127.000  1.787107e-01 
 1128.000  1.829457e-01 
 1129.000  2.086000e-01 
 1130.000  2.694256e-01 
 1131.000  2.872306e-01 
 1132.000  2.629019e-01 
 1133.000  2.189379e-01 
 1134.000  1.415274e-01 
 1135.000  1.472796e-01 
 1136.000  2.252597e-01 
 1137.000  2.689453e-01 
 1138.000  3.117177e-01 
 1139.000  3.247692e-01 
 1140.000  3.165883e-01 
 1141.000  2.999808e-01 
 1142.000  2.941446e-01 
 1143.000  2.759030e-01 
 1144.000  2.554727e-01 
 1145.000  2.261639e-01 
 1146.000  2.330575e-01 
 1147.000  2.559969e-01 
 1148.000  2.765046e-01 
 1149.000  2.848213e-01 
 1150.000  2.852394e-01 
