  320.000  7.439962e-02 
  321.000  9.966018e-02 
  322.000  8.947492e-02 
  323.000  1.024393e-01 
  324.000  1.159700e-01 
  325.000  1.058393e-01 
  326.000  1.226173e-01 
  327.000  1.274356e-01 
  328.000  1.171027e-01 
  329.000  1.371754e-01 
  330.000  1.404471e-01 
  331.000  1.339969e-01 
  332.000  1.465361e-01 
  333.000  1.502581e-01 
  334.000  1.472000e-01 
  335.000  1.566286e-01 
  336.000  1.604992e-01 
  337.000  1.588644e-01 
  338.000  1.634229e-01 
  339.000  1.681697e-01 
  340.000  1.673867e-01 
  341.000  1.720296e-01 
  342.000  1.754501e-01 
  343.000  1.771760e-01 
  344.000  1.775293e-01 
  345.000  1.822155e-01 
  346.000  1.851939e-01 
  347.000  1.876331e-01 
  348.000  1.899267e-01 
  349.000  1.925130e-01 
  350.000  1.947322e-01 
  351.000  1.969499e-01 
  352.000  1.987750e-01 
  353.000  2.013787e-01 
  354.000  2.036033e-01 
  355.000  2.056798e-01 
  356.000  2.077092e-01 
  357.000  2.095203e-01 
  358.000  2.114741e-01 
  359.000  2.134312e-01 
  360.000  2.154410e-01 
  361.000  2.179878e-01 
  362.000  2.206489e-01 
  363.000  2.231080e-01 
  364.000  2.253780e-01 
  365.000  2.275132e-01 
  366.000  2.297025e-01 
  367.000  2.317925e-01 
  368.000  2.338689e-01 
  369.000  2.359325e-01 
  370.000  2.379798e-01 
  371.000  2.400160e-01 
  372.000  2.420403e-01 
  373.000  2.440521e-01 
  374.000  2.460361e-01 
  375.000  2.479862e-01 
  376.000  2.498740e-01 
  377.000  2.516620e-01 
  378.000  2.533260e-01 
  379.000  2.550198e-01 
  380.000  2.568862e-01 
  381.000  2.590155e-01 
  382.000  2.612271e-01 
  383.000  2.633232e-01 
  384.000  2.653157e-01 
  385.000  2.672395e-01 
  386.000  2.691174e-01 
  387.000  2.709684e-01 
  388.000  2.727992e-01 
  389.000  2.746180e-01 
  390.000  2.764252e-01 
  391.000  2.782170e-01 
  392.000  2.799985e-01 
  393.000  2.817681e-01 
  394.000  2.835241e-01 
  395.000  2.852650e-01 
  396.000  2.869973e-01 
  397.000  2.887120e-01 
  398.000  2.904135e-01 
  399.000  2.921031e-01 
  400.000  2.937718e-01 
  401.000  2.954364e-01 
  402.000  2.970900e-01 
  403.000  2.987316e-01 
  404.000  3.003609e-01 
  405.000  3.019746e-01 
  406.000  3.035796e-01 
  407.000  3.051741e-01 
  408.000  3.067568e-01 
  409.000  3.083259e-01 
  410.000  3.098821e-01 
  411.000  3.114248e-01 
  412.000  3.129529e-01 
  413.000  3.144740e-01 
  414.000  3.158875e-01 
  415.000  3.174185e-01 
  416.000  3.189319e-01 
  417.000  3.204217e-01 
  418.000  3.218791e-01 
  419.000  3.233218e-01 
  420.000  3.247532e-01 
  421.000  3.261776e-01 
  422.000  3.275946e-01 
  423.000  3.290027e-01 
  424.000  3.303956e-01 
  425.000  3.317579e-01 
  426.000  3.331084e-01 
  427.000  3.344483e-01 
  428.000  3.357657e-01 
  429.000  3.370659e-01 
  430.000  3.383522e-01 
  431.000  3.396302e-01 
  432.000  3.408959e-01 
  433.000  3.421508e-01 
  434.000  3.433962e-01 
  435.000  3.446306e-01 
  436.000  3.458523e-01 
  437.000  3.470617e-01 
  438.000  3.482583e-01 
  439.000  3.494468e-01 
  440.000  3.506171e-01 
  441.000  3.517735e-01 
  442.000  3.529125e-01 
  443.000  3.540352e-01 
  444.000  3.551411e-01 
  445.000  3.562241e-01 
  446.000  3.572778e-01 
  447.000  3.583836e-01 
  448.000  3.595702e-01 
  449.000  3.607723e-01 
  450.000  3.619522e-01 
  451.000  3.630869e-01 
  452.000  3.641826e-01 
  453.000  3.652568e-01 
  454.000  3.663122e-01 
  455.000  3.673072e-01 
  456.000  3.682223e-01 
  457.000  3.691383e-01 
  458.000  3.700425e-01 
  459.000  3.709281e-01 
  460.000  3.718071e-01 
  461.000  3.726773e-01 
  462.000  3.735314e-01 
  463.000  3.743823e-01 
  464.000  3.754908e-01 
  465.000  3.765835e-01 
  466.000  3.776576e-01 
  467.000  3.787076e-01 
  468.000  3.795634e-01 
  469.000  3.803008e-01 
  470.000  3.809792e-01 
  471.000  3.815902e-01 
  472.000  3.821093e-01 
  473.000  3.824731e-01 
  474.000  3.827720e-01 
  475.000  3.828488e-01 
  476.000  3.827008e-01 
  477.000  3.826978e-01 
  478.000  3.835627e-01 
  479.000  3.848804e-01 
  480.000  3.863038e-01 
  481.000  3.875817e-01 
  482.000  3.887813e-01 
  483.000  3.898248e-01 
  484.000  3.907223e-01 
  485.000  3.915252e-01 
  486.000  3.923820e-01 
  487.000  3.932845e-01 
  488.000  3.941584e-01 
  489.000  3.950167e-01 
  490.000  3.958653e-01 
  491.000  3.965301e-01 
  492.000  3.971380e-01 
  493.000  3.977432e-01 
  494.000  3.983314e-01 
  495.000  3.989198e-01 
  496.000  3.992231e-01 
  497.000  3.995149e-01 
  498.000  3.998025e-01 
  499.000  4.000747e-01 
  500.000  4.003426e-01 
  501.000  4.005807e-01 
  502.000  4.008189e-01 
  503.000  4.010542e-01 
  504.000  4.012787e-01 
  505.000  4.014909e-01 
  506.000  4.021127e-01 
  507.000  4.027528e-01 
  508.000  4.033921e-01 
  509.000  4.040243e-01 
  510.000  4.046433e-01 
  511.000  4.051984e-01 
  512.000  4.057346e-01 
  513.000  4.062679e-01 
  514.000  4.067947e-01 
  515.000  4.073171e-01 
  516.000  4.076903e-01 
  517.000  4.079297e-01 
  518.000  4.081624e-01 
  519.000  4.083908e-01 
  520.000  4.086170e-01 
  521.000  4.088197e-01 
  522.000  4.089659e-01 
  523.000  4.090713e-01 
  524.000  4.091802e-01 
  525.000  4.092661e-01 
  526.000  4.093865e-01 
  527.000  4.094059e-01 
  528.000  4.093844e-01 
  529.000  4.093617e-01 
  530.000  4.093440e-01 
  531.000  4.093295e-01 
  532.000  4.093620e-01 
  533.000  4.096558e-01 
  534.000  4.100269e-01 
  535.000  4.104457e-01 
  536.000  4.108508e-01 
  537.000  4.112214e-01 
  538.000  4.115528e-01 
  539.000  4.118600e-01 
  540.000  4.121483e-01 
  541.000  4.124281e-01 
  542.000  4.126957e-01 
  543.000  4.129539e-01 
  544.000  4.131491e-01 
  545.000  4.132930e-01 
  546.000  4.134303e-01 
  547.000  4.135714e-01 
  548.000  4.137054e-01 
  549.000  4.138374e-01 
  550.000  4.139014e-01 
  551.000  4.138981e-01 
  552.000  4.138973e-01 
  553.000  4.138826e-01 
  554.000  4.138615e-01 
  555.000  4.138367e-01 
  556.000  4.137864e-01 
  557.000  4.136919e-01 
  558.000  4.135898e-01 
  559.000  4.134759e-01 
  560.000  4.133334e-01 
  561.000  4.131649e-01 
  562.000  4.129155e-01 
  563.000  4.127160e-01 
  564.000  4.124673e-01 
  565.000  4.121229e-01 
  566.000  4.117952e-01 
  567.000  4.112015e-01 
  568.000  4.099205e-01 
  569.000  4.077289e-01 
  570.000  4.076916e-01 
  571.000  4.085700e-01 
  572.000  4.069162e-01 
  573.000  4.068953e-01 
  574.000  4.066939e-01 
  575.000  4.064333e-01 
  576.000  4.065872e-01 
  577.000  4.072394e-01 
  578.000  4.081855e-01 
  579.000  4.094444e-01 
  580.000  4.109993e-01 
  581.000  4.129478e-01 
  582.000  4.144526e-01 
  583.000  4.156113e-01 
  584.000  4.166155e-01 
  585.000  4.174697e-01 
  586.000  4.182479e-01 
  587.000  4.183870e-01 
  588.000  4.164983e-01 
  589.000  4.128087e-01 
  590.000  4.128756e-01 
  591.000  4.159817e-01 
  592.000  4.147738e-01 
  593.000  4.182247e-01 
  594.000  4.177759e-01 
  595.000  4.157701e-01 
  596.000  4.187654e-01 
  597.000  4.177628e-01 
  598.000  4.187558e-01 
  599.000  4.188227e-01 
  600.000  4.196854e-01 
  601.000  4.201327e-01 
  602.000  4.200942e-01 
  603.000  4.206338e-01 
  604.000  4.214708e-01 
  605.000  4.221589e-01 
  606.000  4.227382e-01 
  607.000  4.233007e-01 
  608.000  4.238684e-01 
  609.000  4.244139e-01 
  610.000  4.249829e-01 
  611.000  4.256157e-01 
  612.000  4.262356e-01 
  613.000  4.268366e-01 
  614.000  4.274200e-01 
  615.000  4.280021e-01 
  616.000  4.285630e-01 
  617.000  4.290930e-01 
  618.000  4.295375e-01 
  619.000  4.299136e-01 
  620.000  4.302619e-01 
  621.000  4.305612e-01 
  622.000  4.308113e-01 
  623.000  4.309787e-01 
  624.000  4.311573e-01 
  625.000  4.313074e-01 
  626.000  4.313057e-01 
  627.000  4.298535e-01 
  628.000  4.130854e-01 
  629.000  4.242276e-01 
  630.000  4.252960e-01 
  631.000  4.284348e-01 
  632.000  4.301726e-01 
  633.000  4.329407e-01 
  634.000  4.349626e-01 
  635.000  4.363749e-01 
  636.000  4.377733e-01 
  637.000  4.390792e-01 
  638.000  4.407495e-01 
  639.000  4.418087e-01 
  640.000  4.431472e-01 
  641.000  4.441169e-01 
  642.000  4.451382e-01 
  643.000  4.454351e-01 
  644.000  4.461358e-01 
  645.000  4.462195e-01 
  646.000  4.447002e-01 
  647.000  4.436730e-01 
  648.000  4.424237e-01 
  649.000  4.445842e-01 
  650.000  4.480158e-01 
  651.000  4.484955e-01 
  652.000  4.464157e-01 
  653.000  4.498778e-01 
  654.000  4.499883e-01 
  655.000  4.494876e-01 
  656.000  4.503583e-01 
  657.000  4.512396e-01 
  658.000  4.528185e-01 
  659.000  4.538825e-01 
  660.000  4.545772e-01 
  661.000  4.558487e-01 
  662.000  4.567522e-01 
  663.000  4.571169e-01 
  664.000  4.577397e-01 
  665.000  4.583296e-01 
  666.000  4.589671e-01 
  667.000  4.595577e-01 
  668.000  4.601924e-01 
  669.000  4.607397e-01 
  670.000  4.612610e-01 
  671.000  4.617915e-01 
  672.000  4.622992e-01 
  673.000  4.628025e-01 
  674.000  4.633030e-01 
  675.000  4.638028e-01 
  676.000  4.642781e-01 
  677.000  4.647139e-01 
  678.000  4.651493e-01 
  679.000  4.655530e-01 
  680.000  4.658234e-01 
  681.000  4.660428e-01 
  682.000  4.663962e-01 
  683.000  4.666838e-01 
  684.000  4.668084e-01 
  685.000  4.673570e-01 
  686.000  4.653343e-01 
  687.000  3.884810e-01 
  688.000  4.120133e-01 
  689.000  4.056910e-01 
  690.000  4.180017e-01 
  691.000  4.355797e-01 
  692.000  4.482873e-01 
  693.000  4.523839e-01 
  694.000  4.534909e-01 
  695.000  4.579683e-01 
  696.000  4.604246e-01 
  697.000  4.677837e-01 
  698.000  4.666994e-01 
  699.000  4.607904e-01 
  700.000  4.620433e-01 
  701.000  4.608704e-01 
  702.000  4.620931e-01 
  703.000  4.674584e-01 
  704.000  4.678835e-01 
  705.000  4.659359e-01 
  706.000  4.665191e-01 
  707.000  4.674481e-01 
  708.000  4.684363e-01 
  709.000  4.702815e-01 
  710.000  4.686636e-01 
  711.000  4.706556e-01 
  712.000  4.723731e-01 
  713.000  4.713015e-01 
  714.000  4.710589e-01 
  715.000  4.692378e-01 
  716.000  4.673694e-01 
  717.000  4.539812e-01 
  718.000  4.456598e-01 
  719.000  4.427627e-01 
  720.000  4.381300e-01 
  721.000  4.588221e-01 
  722.000  4.660940e-01 
  723.000  4.622641e-01 
  724.000  4.508848e-01 
  725.000  4.527920e-01 
  726.000  4.523488e-01 
  727.000  4.541065e-01 
  728.000  4.524020e-01 
  729.000  4.569605e-01 
  730.000  4.562679e-01 
  731.000  4.554081e-01 
  732.000  4.629808e-01 
  733.000  4.701152e-01 
  734.000  4.735630e-01 
  735.000  4.724793e-01 
  736.000  4.703494e-01 
  737.000  4.721018e-01 
  738.000  4.744732e-01 
  739.000  4.755346e-01 
  740.000  4.777862e-01 
  741.000  4.789078e-01 
  742.000  4.795435e-01 
  743.000  4.807937e-01 
  744.000  4.813914e-01 
  745.000  4.818767e-01 
  746.000  4.823001e-01 
  747.000  4.825042e-01 
  748.000  4.829826e-01 
  749.000  4.832772e-01 
  750.000  4.832944e-01 
  751.000  4.834787e-01 
  752.000  4.839096e-01 
  753.000  4.841551e-01 
  754.000  4.843729e-01 
  755.000  4.845549e-01 
  756.000  4.847395e-01 
  757.000  4.848703e-01 
  758.000  4.837579e-01 
  759.000  4.419958e-01 
  760.000  1.619413e-01 
  761.000  1.391682e-01 
  762.000  2.897791e-01 
  763.000  2.402852e-01 
  764.000  2.645467e-01 
  765.000  3.215453e-01 
  766.000  3.935974e-01 
  767.000  4.312170e-01 
  768.000  4.562605e-01 
  769.000  4.729798e-01 
  770.000  4.821528e-01 
  771.000  4.863498e-01 
  772.000  4.874331e-01 
  773.000  4.879234e-01 
  774.000  4.886112e-01 
  775.000  4.890236e-01 
  776.000  4.893084e-01 
  777.000  4.894420e-01 
  778.000  4.895109e-01 
  779.000  4.895610e-01 
  780.000  4.896047e-01 
  781.000  4.898029e-01 
  782.000  4.898417e-01 
  783.000  4.898850e-01 
  784.000  4.898276e-01 
  785.000  4.892955e-01 
  786.000  4.886008e-01 
  787.000  4.869969e-01 
  788.000  4.863234e-01 
  789.000  4.831926e-01 
  790.000  4.829790e-01 
  791.000  4.836422e-01 
  792.000  4.842555e-01 
  793.000  4.856090e-01 
  794.000  4.882200e-01 
  795.000  4.867910e-01 
  796.000  4.823526e-01 
  797.000  4.836966e-01 
  798.000  4.865882e-01 
  799.000  4.859948e-01 
  800.000  4.839824e-01 
  801.000  4.842826e-01 
  802.000  4.841261e-01 
  803.000  4.844803e-01 
  804.000  4.855011e-01 
  805.000  4.874095e-01 
  806.000  4.884054e-01 
  807.000  4.885065e-01 
  808.000  4.880910e-01 
  809.000  4.873741e-01 
  810.000  4.865862e-01 
  811.000  4.849075e-01 
  812.000  4.826288e-01 
  813.000  4.798126e-01 
  814.000  4.760602e-01 
  815.000  4.713591e-01 
  816.000  4.651964e-01 
  817.000  4.656182e-01 
  818.000  4.661776e-01 
  819.000  4.682559e-01 
  820.000  4.751018e-01 
  821.000  4.828416e-01 
  822.000  4.770417e-01 
  823.000  4.604557e-01 
  824.000  4.745356e-01 
  825.000  4.834272e-01 
  826.000  4.819369e-01 
  827.000  4.808662e-01 
  828.000  4.750704e-01 
  829.000  4.772266e-01 
  830.000  4.796194e-01 
  831.000  4.802040e-01 
  832.000  4.804628e-01 
  833.000  4.818469e-01 
  834.000  4.834634e-01 
  835.000  4.866300e-01 
  836.000  4.856555e-01 
  837.000  4.855796e-01 
  838.000  4.871445e-01 
  839.000  4.881049e-01 
  840.000  4.884802e-01 
  841.000  4.875161e-01 
  842.000  4.884549e-01 
  843.000  4.906265e-01 
  844.000  4.914075e-01 
  845.000  4.919271e-01 
  846.000  4.923894e-01 
  847.000  4.930061e-01 
  848.000  4.921845e-01 
  849.000  4.923425e-01 
  850.000  4.919254e-01 
  851.000  4.915112e-01 
  852.000  4.916025e-01 
  853.000  4.924479e-01 
  854.000  4.924343e-01 
  855.000  4.929219e-01 
  856.000  4.937723e-01 
  857.000  4.941596e-01 
  858.000  4.944303e-01 
  859.000  4.949556e-01 
  860.000  4.952573e-01 
  861.000  4.953330e-01 
  862.000  4.955098e-01 
  863.000  4.955637e-01 
  864.000  4.956960e-01 
  865.000  4.958105e-01 
  866.000  4.958666e-01 
  867.000  4.958856e-01 
  868.000  4.959325e-01 
  869.000  4.959937e-01 
  870.000  4.960071e-01 
  871.000  4.960664e-01 
  872.000  4.961631e-01 
  873.000  4.961329e-01 
  874.000  4.961314e-01 
  875.000  4.961562e-01 
  876.000  4.960783e-01 
  877.000  4.960547e-01 
  878.000  4.957142e-01 
  879.000  4.957211e-01 
  880.000  4.955021e-01 
  881.000  4.954486e-01 
  882.000  4.953299e-01 
  883.000  4.955110e-01 
  884.000  4.956028e-01 
  885.000  4.951478e-01 
  886.000  4.945099e-01 
  887.000  4.950398e-01 
  888.000  4.950380e-01 
  889.000  4.952586e-01 
  890.000  4.948501e-01 
  891.000  4.940884e-01 
  892.000  4.926347e-01 
  893.000  4.874155e-01 
  894.000  4.848385e-01 
  895.000  4.767467e-01 
  896.000  4.694518e-01 
  897.000  4.616936e-01 
  898.000  4.580511e-01 
  899.000  4.474300e-01 
  900.000  4.490471e-01 
  901.000  4.462597e-01 
  902.000  4.467433e-01 
  903.000  4.646065e-01 
  904.000  4.752588e-01 
  905.000  4.748645e-01 
  906.000  4.682484e-01 
  907.000  4.563622e-01 
  908.000  4.484181e-01 
  909.000  4.488104e-01 
  910.000  4.500534e-01 
  911.000  4.553854e-01 
  912.000  4.528392e-01 
  913.000  4.415782e-01 
  914.000  4.471954e-01 
  915.000  4.515678e-01 
  916.000  4.527440e-01 
  917.000  4.550883e-01 
  918.000  4.581114e-01 
  919.000  4.683059e-01 
  920.000  4.758759e-01 
  921.000  4.742085e-01 
  922.000  4.740808e-01 
  923.000  4.719902e-01 
  924.000  4.669116e-01 
  925.000  4.665662e-01 
  926.000  4.666169e-01 
  927.000  4.607624e-01 
  928.000  4.516254e-01 
  929.000  4.381579e-01 
  930.000  4.205239e-01 
  931.000  4.000733e-01 
  932.000  3.725542e-01 
  933.000  3.504505e-01 
  934.000  3.262994e-01 
  935.000  3.238191e-01 
  936.000  3.338555e-01 
  937.000  3.311739e-01 
  938.000  3.574835e-01 
  939.000  4.204710e-01 
  940.000  4.291328e-01 
  941.000  4.214625e-01 
  942.000  4.023916e-01 
  943.000  3.690728e-01 
  944.000  3.667788e-01 
  945.000  3.792320e-01 
  946.000  3.798040e-01 
  947.000  3.903213e-01 
  948.000  3.964173e-01 
  949.000  3.954857e-01 
  950.000  3.970081e-01 
  951.000  4.104793e-01 
  952.000  3.958236e-01 
  953.000  4.058843e-01 
  954.000  4.164357e-01 
  955.000  4.076033e-01 
  956.000  4.053662e-01 
  957.000  4.318985e-01 
  958.000  4.351044e-01 
  959.000  4.306656e-01 
  960.000  4.293142e-01 
  961.000  4.270644e-01 
  962.000  4.289875e-01 
  963.000  4.430835e-01 
  964.000  4.450350e-01 
  965.000  4.436432e-01 
  966.000  4.443358e-01 
  967.000  4.541267e-01 
  968.000  4.701081e-01 
  969.000  4.771642e-01 
  970.000  4.775282e-01 
  971.000  4.773690e-01 
  972.000  4.753904e-01 
  973.000  4.707570e-01 
  974.000  4.650401e-01 
  975.000  4.613356e-01 
  976.000  4.658915e-01 
  977.000  4.733206e-01 
  978.000  4.727066e-01 
  979.000  4.745935e-01 
  980.000  4.820368e-01 
  981.000  4.836667e-01 
  982.000  4.820058e-01 
  983.000  4.857846e-01 
  984.000  4.896550e-01 
  985.000  4.918448e-01 
  986.000  4.946582e-01 
  987.000  4.958743e-01 
  988.000  4.959293e-01 
  989.000  4.961227e-01 
  990.000  4.964436e-01 
  991.000  4.974580e-01 
  992.000  4.977900e-01 
  993.000  4.979227e-01 
  994.000  4.988778e-01 
  995.000  4.995446e-01 
  996.000  4.995531e-01 
  997.000  4.991799e-01 
  998.000  4.986634e-01 
  999.000  4.985765e-01 
 1000.000  4.986615e-01 
 1001.000  4.976892e-01 
 1002.000  4.963584e-01 
 1003.000  4.965344e-01 
 1004.000  4.975150e-01 
 1005.000  4.978834e-01 
 1006.000  4.980171e-01 
 1007.000  4.977956e-01 
 1008.000  4.964393e-01 
 1009.000  4.949282e-01 
 1010.000  4.957125e-01 
 1011.000  4.973788e-01 
 1012.000  4.980359e-01 
 1013.000  4.986255e-01 
 1014.000  4.988727e-01 
 1015.000  4.989119e-01 
 1016.000  4.991015e-01 
 1017.000  4.992645e-01 
 1018.000  4.989074e-01 
 1019.000  4.982978e-01 
 1020.000  4.985338e-01 
 1021.000  4.989484e-01 
 1022.000  4.981745e-01 
 1023.000  4.975523e-01 
 1024.000  4.971222e-01 
 1025.000  4.982856e-01 
 1026.000  4.987417e-01 
 1027.000  4.985610e-01 
 1028.000  4.986375e-01 
 1029.000  4.991946e-01 
 1030.000  4.996372e-01 
 1031.000  4.997766e-01 
 1032.000  4.999894e-01 
 1033.000  5.000124e-01 
 1034.000  5.001112e-01 
 1035.000  5.000908e-01 
 1036.000  4.998859e-01 
 1037.000  4.997604e-01 
 1038.000  4.997863e-01 
 1039.000  4.996603e-01 
 1040.000  4.995151e-01 
 1041.000  4.993963e-01 
 1042.000  4.993371e-01 
 1043.000  4.992786e-01 
 1044.000  4.991390e-01 
 1045.000  4.988672e-01 
 1046.000  4.986578e-01 
 1047.000  4.983828e-01 
 1048.000  4.978856e-01 
 1049.000  4.972993e-01 
 1050.000  4.969599e-01 
 1051.000  4.966433e-01 
 1052.000  4.963026e-01 
 1053.000  4.961113e-01 
 1054.000  4.956941e-01 
 1055.000  4.952593e-01 
 1056.000  4.947829e-01 
 1057.000  4.940124e-01 
 1058.000  4.929200e-01 
 1059.000  4.926243e-01 
 1060.000  4.927897e-01 
 1061.000  4.924982e-01 
 1062.000  4.917586e-01 
 1063.000  4.911806e-01 
 1064.000  4.904832e-01 
 1065.000  4.899219e-01 
 1066.000  4.899327e-01 
 1067.000  4.896093e-01 
 1068.000  4.887645e-01 
 1069.000  4.890605e-01 
 1070.000  4.897217e-01 
 1071.000  4.897867e-01 
 1072.000  4.894783e-01 
 1073.000  4.897164e-01 
 1074.000  4.901716e-01 
 1075.000  4.914891e-01 
 1076.000  4.911974e-01 
 1077.000  4.906711e-01 
 1078.000  4.899811e-01 
 1079.000  4.901253e-01 
 1080.000  4.877433e-01 
 1081.000  4.878018e-01 
 1082.000  4.891349e-01 
 1083.000  4.879617e-01 
 1084.000  4.866167e-01 
 1085.000  4.831364e-01 
 1086.000  4.841460e-01 
 1087.000  4.882812e-01 
 1088.000  4.885638e-01 
 1089.000  4.838315e-01 
 1090.000  4.830452e-01 
 1091.000  4.840970e-01 
 1092.000  4.818214e-01 
 1093.000  4.764580e-01 
 1094.000  4.741449e-01 
 1095.000  4.746203e-01 
 1096.000  4.750703e-01 
 1097.000  4.741046e-01 
 1098.000  4.606409e-01 
 1099.000  4.489397e-01 
 1100.000  4.498243e-01 
 1101.000  4.515429e-01 
 1102.000  4.508813e-01 
 1103.000  4.520522e-01 
 1104.000  4.501394e-01 
 1105.000  4.452255e-01 
 1106.000  4.401384e-01 
 1107.000  4.415747e-01 
 1108.000  4.427204e-01 
 1109.000  4.473387e-01 
 1110.000  4.471390e-01 
 1111.000  4.449155e-01 
 1112.000  4.343349e-01 
 1113.000  4.197117e-01 
 1114.000  4.162616e-01 
 1115.000  3.977607e-01 
 1116.000  3.858928e-01 
 1117.000  3.565137e-01 
 1118.000  3.286034e-01 
 1119.000  3.136037e-01 
 1120.000  2.936710e-01 
 1121.000  2.892679e-01 
 1122.000  2.666151e-01 
 1123.000  2.797498e-01 
 1124.000  2.883402e-01 
 1125.000  2.840245e-01 
 1126.000  2.821753e-01 
 1127.000  2.838524e-01 
 1128.000  2.871026e-01 
 1129.000  3.083935e-01 
 1130.000  3.554195e-01 
 1131.000  3.682542e-01 
 1132.000  3.508421e-01 
 1133.000  3.167584e-01 
 1134.000  2.484357e-01 
 1135.000  2.538899e-01 
 1136.000  3.212562e-01 
 1137.000  3.542622e-01 
 1138.000  3.838409e-01 
 1139.000  3.917019e-01 
 1140.000  3.862008e-01 
 1141.000  3.744799e-01 
 1142.000  3.705015e-01 
 1143.000  3.577426e-01 
 1144.000  3.428057e-01 
 1145.000  3.204775e-01 
 1146.000  3.258105e-01 
 1147.000  3.431177e-01 
 1148.000  3.579875e-01 
 1149.000  3.636790e-01 
 1150.000  3.634660e-01 
