  320.000  1.570543e-01 
  321.000  1.959154e-01 
  322.000  1.805744e-01 
  323.000  2.000337e-01 
  324.000  2.197122e-01 
  325.000  2.050352e-01 
  326.000  2.291724e-01 
  327.000  2.359516e-01 
  328.000  2.213334e-01 
  329.000  2.494680e-01 
  330.000  2.539553e-01 
  331.000  2.450836e-01 
  332.000  2.622396e-01 
  333.000  2.672620e-01 
  334.000  2.631376e-01 
  335.000  2.757888e-01 
  336.000  2.809280e-01 
  337.000  2.787611e-01 
  338.000  2.847901e-01 
  339.000  2.910247e-01 
  340.000  2.899993e-01 
  341.000  2.960630e-01 
  342.000  3.005047e-01 
  343.000  3.027378e-01 
  344.000  3.031942e-01 
  345.000  3.092283e-01 
  346.000  3.130436e-01 
  347.000  3.161571e-01 
  348.000  3.190758e-01 
  349.000  3.223568e-01 
  350.000  3.251633e-01 
  351.000  3.279604e-01 
  352.000  3.302563e-01 
  353.000  3.335231e-01 
  354.000  3.363059e-01 
  355.000  3.388970e-01 
  356.000  3.414231e-01 
  357.000  3.436723e-01 
  358.000  3.460934e-01 
  359.000  3.485133e-01 
  360.000  3.509926e-01 
  361.000  3.541264e-01 
  362.000  3.573912e-01 
  363.000  3.603997e-01 
  364.000  3.631697e-01 
  365.000  3.657691e-01 
  366.000  3.684281e-01 
  367.000  3.709607e-01 
  368.000  3.734713e-01 
  369.000  3.759611e-01 
  370.000  3.784260e-01 
  371.000  3.808724e-01 
  372.000  3.832995e-01 
  373.000  3.857068e-01 
  374.000  3.880760e-01 
  375.000  3.904002e-01 
  376.000  3.926460e-01 
  377.000  3.947692e-01 
  378.000  3.967417e-01 
  379.000  3.987465e-01 
  380.000  4.009518e-01 
  381.000  4.034629e-01 
  382.000  4.060658e-01 
  383.000  4.085278e-01 
  384.000  4.108638e-01 
  385.000  4.131150e-01 
  386.000  4.153088e-01 
  387.000  4.174675e-01 
  388.000  4.195991e-01 
  389.000  4.217132e-01 
  390.000  4.238107e-01 
  391.000  4.258868e-01 
  392.000  4.279478e-01 
  393.000  4.299919e-01 
  394.000  4.320171e-01 
  395.000  4.340219e-01 
  396.000  4.360139e-01 
  397.000  4.379828e-01 
  398.000  4.399337e-01 
  399.000  4.418682e-01 
  400.000  4.437761e-01 
  401.000  4.456767e-01 
  402.000  4.475621e-01 
  403.000  4.494313e-01 
  404.000  4.512841e-01 
  405.000  4.531166e-01 
  406.000  4.549370e-01 
  407.000  4.567432e-01 
  408.000  4.585336e-01 
  409.000  4.603065e-01 
  410.000  4.620626e-01 
  411.000  4.638014e-01 
  412.000  4.655216e-01 
  413.000  4.672319e-01 
  414.000  4.688195e-01 
  415.000  4.705370e-01 
  416.000  4.722328e-01 
  417.000  4.739004e-01 
  418.000  4.755297e-01 
  419.000  4.771410e-01 
  420.000  4.787377e-01 
  421.000  4.803250e-01 
  422.000  4.819025e-01 
  423.000  4.834683e-01 
  424.000  4.850156e-01 
  425.000  4.865275e-01 
  426.000  4.880247e-01 
  427.000  4.895087e-01 
  428.000  4.909663e-01 
  429.000  4.924037e-01 
  430.000  4.938243e-01 
  431.000  4.952343e-01 
  432.000  4.966296e-01 
  433.000  4.980117e-01 
  434.000  4.993822e-01 
  435.000  5.007393e-01 
  436.000  5.020813e-01 
  437.000  5.034087e-01 
  438.000  5.047209e-01 
  439.000  5.060232e-01 
  440.000  5.073044e-01 
  441.000  5.085693e-01 
  442.000  5.098143e-01 
  443.000  5.110406e-01 
  444.000  5.122474e-01 
  445.000  5.134284e-01 
  446.000  5.145767e-01 
  447.000  5.157809e-01 
  448.000  5.170720e-01 
  449.000  5.183789e-01 
  450.000  5.196607e-01 
  451.000  5.208924e-01 
  452.000  5.220809e-01 
  453.000  5.232452e-01 
  454.000  5.243883e-01 
  455.000  5.254652e-01 
  456.000  5.264551e-01 
  457.000  5.274454e-01 
  458.000  5.284222e-01 
  459.000  5.293784e-01 
  460.000  5.303270e-01 
  461.000  5.312656e-01 
  462.000  5.321862e-01 
  463.000  5.331029e-01 
  464.000  5.342963e-01 
  465.000  5.354718e-01 
  466.000  5.366266e-01 
  467.000  5.377546e-01 
  468.000  5.386735e-01 
  469.000  5.394648e-01 
  470.000  5.401926e-01 
  471.000  5.408477e-01 
  472.000  5.414040e-01 
  473.000  5.417939e-01 
  474.000  5.421141e-01 
  475.000  5.421963e-01 
  476.000  5.420378e-01 
  477.000  5.420346e-01 
  478.000  5.429609e-01 
  479.000  5.443710e-01 
  480.000  5.458931e-01 
  481.000  5.472584e-01 
  482.000  5.485390e-01 
  483.000  5.496522e-01 
  484.000  5.506091e-01 
  485.000  5.514647e-01 
  486.000  5.523772e-01 
  487.000  5.533378e-01 
  488.000  5.542675e-01 
  489.000  5.551801e-01 
  490.000  5.560820e-01 
  491.000  5.567881e-01 
  492.000  5.574337e-01 
  493.000  5.580760e-01 
  494.000  5.587001e-01 
  495.000  5.593242e-01 
  496.000  5.596458e-01 
  497.000  5.599552e-01 
  498.000  5.602601e-01 
  499.000  5.605485e-01 
  500.000  5.608323e-01 
  501.000  5.610847e-01 
  502.000  5.613370e-01 
  503.000  5.615862e-01 
  504.000  5.618239e-01 
  505.000  5.620486e-01 
  506.000  5.627069e-01 
  507.000  5.633842e-01 
  508.000  5.640605e-01 
  509.000  5.647290e-01 
  510.000  5.653833e-01 
  511.000  5.659698e-01 
  512.000  5.665362e-01 
  513.000  5.670993e-01 
  514.000  5.676554e-01 
  515.000  5.682066e-01 
  516.000  5.686004e-01 
  517.000  5.688528e-01 
  518.000  5.690984e-01 
  519.000  5.693392e-01 
  520.000  5.695777e-01 
  521.000  5.697913e-01 
  522.000  5.699455e-01 
  523.000  5.700566e-01 
  524.000  5.701714e-01 
  525.000  5.702618e-01 
  526.000  5.703888e-01 
  527.000  5.704092e-01 
  528.000  5.703865e-01 
  529.000  5.703625e-01 
  530.000  5.703439e-01 
  531.000  5.703287e-01 
  532.000  5.703629e-01 
  533.000  5.706725e-01 
  534.000  5.710634e-01 
  535.000  5.715046e-01 
  536.000  5.719311e-01 
  537.000  5.723213e-01 
  538.000  5.726702e-01 
  539.000  5.729935e-01 
  540.000  5.732967e-01 
  541.000  5.735910e-01 
  542.000  5.738725e-01 
  543.000  5.741441e-01 
  544.000  5.743493e-01 
  545.000  5.745006e-01 
  546.000  5.746449e-01 
  547.000  5.747933e-01 
  548.000  5.749342e-01 
  549.000  5.750729e-01 
  550.000  5.751402e-01 
  551.000  5.751367e-01 
  552.000  5.751358e-01 
  553.000  5.751204e-01 
  554.000  5.750983e-01 
  555.000  5.750722e-01 
  556.000  5.750193e-01 
  557.000  5.749200e-01 
  558.000  5.748127e-01 
  559.000  5.746928e-01 
  560.000  5.745427e-01 
  561.000  5.743648e-01 
  562.000  5.739997e-01 
  563.000  5.737811e-01 
  564.000  5.734940e-01 
  565.000  5.730583e-01 
  566.000  5.727611e-01 
  567.000  5.718094e-01 
  568.000  5.691293e-01 
  569.000  5.635853e-01 
  570.000  5.642851e-01 
  571.000  5.679654e-01 
  572.000  5.641006e-01 
  573.000  5.649302e-01 
  574.000  5.650609e-01 
  575.000  5.647492e-01 
  576.000  5.649273e-01 
  577.000  5.662486e-01 
  578.000  5.681286e-01 
  579.000  5.698012e-01 
  580.000  5.714042e-01 
  581.000  5.736284e-01 
  582.000  5.751920e-01 
  583.000  5.762342e-01 
  584.000  5.771204e-01 
  585.000  5.778497e-01 
  586.000  5.785229e-01 
  587.000  5.773147e-01 
  588.000  5.699667e-01 
  589.000  5.582101e-01 
  590.000  5.576779e-01 
  591.000  5.660777e-01 
  592.000  5.619183e-01 
  593.000  5.714567e-01 
  594.000  5.695748e-01 
  595.000  5.631745e-01 
  596.000  5.723186e-01 
  597.000  5.700021e-01 
  598.000  5.735648e-01 
  599.000  5.748621e-01 
  600.000  5.780535e-01 
  601.000  5.800571e-01 
  602.000  5.805519e-01 
  603.000  5.815387e-01 
  604.000  5.827943e-01 
  605.000  5.836932e-01 
  606.000  5.843466e-01 
  607.000  5.849777e-01 
  608.000  5.855790e-01 
  609.000  5.861540e-01 
  610.000  5.867488e-01 
  611.000  5.874096e-01 
  612.000  5.880567e-01 
  613.000  5.886837e-01 
  614.000  5.892922e-01 
  615.000  5.898991e-01 
  616.000  5.904837e-01 
  617.000  5.910360e-01 
  618.000  5.914990e-01 
  619.000  5.918906e-01 
  620.000  5.922533e-01 
  621.000  5.925648e-01 
  622.000  5.928252e-01 
  623.000  5.929994e-01 
  624.000  5.931847e-01 
  625.000  5.933392e-01 
  626.000  5.930691e-01 
  627.000  5.898175e-01 
  628.000  5.702882e-01 
  629.000  5.822150e-01 
  630.000  5.850258e-01 
  631.000  5.888533e-01 
  632.000  5.884529e-01 
  633.000  5.932430e-01 
  634.000  5.957168e-01 
  635.000  5.968594e-01 
  636.000  5.985182e-01 
  637.000  5.998854e-01 
  638.000  6.023391e-01 
  639.000  6.033015e-01 
  640.000  6.049851e-01 
  641.000  6.058589e-01 
  642.000  6.071064e-01 
  643.000  6.066487e-01 
  644.000  6.072794e-01 
  645.000  6.063507e-01 
  646.000  6.000960e-01 
  647.000  5.958821e-01 
  648.000  5.911058e-01 
  649.000  5.961446e-01 
  650.000  6.054221e-01 
  651.000  6.058212e-01 
  652.000  5.984027e-01 
  653.000  6.077983e-01 
  654.000  6.072096e-01 
  655.000  6.043309e-01 
  656.000  6.058775e-01 
  657.000  6.080417e-01 
  658.000  6.115133e-01 
  659.000  6.137043e-01 
  660.000  6.148862e-01 
  661.000  6.174915e-01 
  662.000  6.189167e-01 
  663.000  6.190934e-01 
  664.000  6.199050e-01 
  665.000  6.206022e-01 
  666.000  6.214414e-01 
  667.000  6.221879e-01 
  668.000  6.230346e-01 
  669.000  6.236543e-01 
  670.000  6.242083e-01 
  671.000  6.247891e-01 
  672.000  6.253130e-01 
  673.000  6.258278e-01 
  674.000  6.263382e-01 
  675.000  6.268494e-01 
  676.000  6.273296e-01 
  677.000  6.277711e-01 
  678.000  6.282137e-01 
  679.000  6.285807e-01 
  680.000  6.286220e-01 
  681.000  6.285776e-01 
  682.000  6.288347e-01 
  683.000  6.289931e-01 
  684.000  6.286678e-01 
  685.000  6.295201e-01 
  686.000  6.269319e-01 
  687.000  5.375261e-01 
  688.000  5.654803e-01 
  689.000  5.575187e-01 
  690.000  5.721246e-01 
  691.000  5.913540e-01 
  692.000  6.030746e-01 
  693.000  5.989893e-01 
  694.000  5.924009e-01 
  695.000  6.002085e-01 
  696.000  6.047283e-01 
  697.000  6.232517e-01 
  698.000  6.195605e-01 
  699.000  6.031357e-01 
  700.000  6.059545e-01 
  701.000  6.023471e-01 
  702.000  6.051317e-01 
  703.000  6.190386e-01 
  704.000  6.197152e-01 
  705.000  6.140816e-01 
  706.000  6.152637e-01 
  707.000  6.173747e-01 
  708.000  6.196511e-01 
  709.000  6.242384e-01 
  710.000  6.194937e-01 
  711.000  6.244738e-01 
  712.000  6.287250e-01 
  713.000  6.254301e-01 
  714.000  6.243625e-01 
  715.000  6.189628e-01 
  716.000  6.133518e-01 
  717.000  5.774765e-01 
  718.000  5.554902e-01 
  719.000  5.476213e-01 
  720.000  5.357044e-01 
  721.000  5.881912e-01 
  722.000  6.069546e-01 
  723.000  5.964285e-01 
  724.000  5.664716e-01 
  725.000  5.709512e-01 
  726.000  5.695744e-01 
  727.000  5.738499e-01 
  728.000  5.692455e-01 
  729.000  5.807618e-01 
  730.000  5.787882e-01 
  731.000  5.763987e-01 
  732.000  5.958367e-01 
  733.000  6.144860e-01 
  734.000  6.234871e-01 
  735.000  6.203444e-01 
  736.000  6.144605e-01 
  737.000  6.189362e-01 
  738.000  6.250816e-01 
  739.000  6.277395e-01 
  740.000  6.336116e-01 
  741.000  6.370136e-01 
  742.000  6.384546e-01 
  743.000  6.415989e-01 
  744.000  6.429292e-01 
  745.000  6.440362e-01 
  746.000  6.449140e-01 
  747.000  6.451642e-01 
  748.000  6.459635e-01 
  749.000  6.464137e-01 
  750.000  6.461896e-01 
  751.000  6.463735e-01 
  752.000  6.471595e-01 
  753.000  6.474949e-01 
  754.000  6.477638e-01 
  755.000  6.479467e-01 
  756.000  6.481371e-01 
  757.000  6.482694e-01 
  758.000  6.470819e-01 
  759.000  5.988765e-01 
  760.000  2.537937e-01 
  761.000  2.229411e-01 
  762.000  4.173637e-01 
  763.000  3.555925e-01 
  764.000  3.860552e-01 
  765.000  4.561324e-01 
  766.000  5.421900e-01 
  767.000  5.861797e-01 
  768.000  6.151420e-01 
  769.000  6.343407e-01 
  770.000  6.446376e-01 
  771.000  6.495310e-01 
  772.000  6.507505e-01 
  773.000  6.512995e-01 
  774.000  6.519976e-01 
  775.000  6.524179e-01 
  776.000  6.527191e-01 
  777.000  6.528115e-01 
  778.000  6.528070e-01 
  779.000  6.527908e-01 
  780.000  6.527714e-01 
  781.000  6.531159e-01 
  782.000  6.530862e-01 
  783.000  6.530676e-01 
  784.000  6.528111e-01 
  785.000  6.515327e-01 
  786.000  6.496503e-01 
  787.000  6.452208e-01 
  788.000  6.429012e-01 
  789.000  6.345834e-01 
  790.000  6.338822e-01 
  791.000  6.354694e-01 
  792.000  6.369376e-01 
  793.000  6.403425e-01 
  794.000  6.475527e-01 
  795.000  6.431666e-01 
  796.000  6.314754e-01 
  797.000  6.348327e-01 
  798.000  6.422405e-01 
  799.000  6.405647e-01 
  800.000  6.351941e-01 
  801.000  6.358473e-01 
  802.000  6.353154e-01 
  803.000  6.361145e-01 
  804.000  6.386566e-01 
  805.000  6.435178e-01 
  806.000  6.464248e-01 
  807.000  6.465648e-01 
  808.000  6.449343e-01 
  809.000  6.429279e-01 
  810.000  6.407290e-01 
  811.000  6.362073e-01 
  812.000  6.301219e-01 
  813.000  6.226718e-01 
  814.000  6.128510e-01 
  815.000  6.006519e-01 
  816.000  5.850369e-01 
  817.000  5.859105e-01 
  818.000  5.871901e-01 
  819.000  5.923454e-01 
  820.000  6.095786e-01 
  821.000  6.293020e-01 
  822.000  6.143106e-01 
  823.000  5.726582e-01 
  824.000  6.077577e-01 
  825.000  6.304380e-01 
  826.000  6.265754e-01 
  827.000  6.237158e-01 
  828.000  6.087989e-01 
  829.000  6.141773e-01 
  830.000  6.202091e-01 
  831.000  6.216336e-01 
  832.000  6.222664e-01 
  833.000  6.257522e-01 
  834.000  6.298570e-01 
  835.000  6.379977e-01 
  836.000  6.353902e-01 
  837.000  6.351224e-01 
  838.000  6.390914e-01 
  839.000  6.415039e-01 
  840.000  6.423859e-01 
  841.000  6.397863e-01 
  842.000  6.421360e-01 
  843.000  6.477081e-01 
  844.000  6.502407e-01 
  845.000  6.514258e-01 
  846.000  6.526718e-01 
  847.000  6.540455e-01 
  848.000  6.518011e-01 
  849.000  6.520982e-01 
  850.000  6.509934e-01 
  851.000  6.496752e-01 
  852.000  6.498159e-01 
  853.000  6.520164e-01 
  854.000  6.519060e-01 
  855.000  6.530163e-01 
  856.000  6.551746e-01 
  857.000  6.561872e-01 
  858.000  6.566711e-01 
  859.000  6.577737e-01 
  860.000  6.583623e-01 
  861.000  6.584656e-01 
  862.000  6.588063e-01 
  863.000  6.588591e-01 
  864.000  6.590959e-01 
  865.000  6.592913e-01 
  866.000  6.593503e-01 
  867.000  6.593255e-01 
  868.000  6.593641e-01 
  869.000  6.594355e-01 
  870.000  6.593989e-01 
  871.000  6.594668e-01 
  872.000  6.596197e-01 
  873.000  6.594851e-01 
  874.000  6.594163e-01 
  875.000  6.594070e-01 
  876.000  6.591653e-01 
  877.000  6.590469e-01 
  878.000  6.583459e-01 
  879.000  6.583047e-01 
  880.000  6.577128e-01 
  881.000  6.574172e-01 
  882.000  6.570848e-01 
  883.000  6.574313e-01 
  884.000  6.575752e-01 
  885.000  6.563429e-01 
  886.000  6.547267e-01 
  887.000  6.559539e-01 
  888.000  6.558804e-01 
  889.000  6.563128e-01 
  890.000  6.552726e-01 
  891.000  6.533241e-01 
  892.000  6.489124e-01 
  893.000  6.355059e-01 
  894.000  6.288317e-01 
  895.000  6.085111e-01 
  896.000  5.903317e-01 
  897.000  5.712113e-01 
  898.000  5.622888e-01 
  899.000  5.372201e-01 
  900.000  5.408226e-01 
  901.000  5.343262e-01 
  902.000  5.355467e-01 
  903.000  5.777127e-01 
  904.000  6.035976e-01 
  905.000  6.026739e-01 
  906.000  5.864926e-01 
  907.000  5.579816e-01 
  908.000  5.392640e-01 
  909.000  5.400521e-01 
  910.000  5.428678e-01 
  911.000  5.552948e-01 
  912.000  5.492821e-01 
  913.000  5.232219e-01 
  914.000  5.360994e-01 
  915.000  5.462746e-01 
  916.000  5.490449e-01 
  917.000  5.545909e-01 
  918.000  5.617625e-01 
  919.000  5.861821e-01 
  920.000  6.047055e-01 
  921.000  6.006398e-01 
  922.000  6.002989e-01 
  923.000  5.951361e-01 
  924.000  5.827391e-01 
  925.000  5.816883e-01 
  926.000  5.813230e-01 
  927.000  5.668270e-01 
  928.000  5.446012e-01 
  929.000  5.126781e-01 
  930.000  4.723866e-01 
  931.000  4.277885e-01 
  932.000  3.699777e-01 
  933.000  3.276193e-01 
  934.000  2.847704e-01 
  935.000  2.801927e-01 
  936.000  2.969641e-01 
  937.000  2.927415e-01 
  938.000  3.406927e-01 
  939.000  4.675405e-01 
  940.000  4.867357e-01 
  941.000  4.702594e-01 
  942.000  4.299705e-01 
  943.000  3.636434e-01 
  944.000  3.590114e-01 
  945.000  3.826845e-01 
  946.000  3.840544e-01 
  947.000  4.054078e-01 
  948.000  4.179651e-01 
  949.000  4.163775e-01 
  950.000  4.196110e-01 
  951.000  4.477857e-01 
  952.000  4.177800e-01 
  953.000  4.389074e-01 
  954.000  4.616648e-01 
  955.000  4.433299e-01 
  956.000  4.393146e-01 
  957.000  4.969441e-01 
  958.000  5.044938e-01 
  959.000  4.949249e-01 
  960.000  4.921722e-01 
  961.000  4.873877e-01 
  962.000  4.918050e-01 
  963.000  5.236095e-01 
  964.000  5.282091e-01 
  965.000  5.251952e-01 
  966.000  5.269537e-01 
  967.000  5.497440e-01 
  968.000  5.879087e-01 
  969.000  6.052018e-01 
  970.000  6.061441e-01 
  971.000  6.057361e-01 
  972.000  6.008254e-01 
  973.000  5.894937e-01 
  974.000  5.757121e-01 
  975.000  5.668674e-01 
  976.000  5.776865e-01 
  977.000  5.955858e-01 
  978.000  5.941428e-01 
  979.000  5.987964e-01 
  980.000  6.170909e-01 
  981.000  6.211545e-01 
  982.000  6.170899e-01 
  983.000  6.264948e-01 
  984.000  6.361807e-01 
  985.000  6.416872e-01 
  986.000  6.487946e-01 
  987.000  6.518758e-01 
  988.000  6.525823e-01 
  989.000  6.530340e-01 
  990.000  6.537850e-01 
  991.000  6.564299e-01 
  992.000  6.571811e-01 
  993.000  6.574618e-01 
  994.000  6.597254e-01 
  995.000  6.613557e-01 
  996.000  6.613414e-01 
  997.000  6.603246e-01 
  998.000  6.592269e-01 
  999.000  6.587850e-01 
 1000.000  6.591485e-01 
 1001.000  6.566172e-01 
 1002.000  6.525671e-01 
 1003.000  6.535303e-01 
 1004.000  6.558617e-01 
 1005.000  6.569275e-01 
 1006.000  6.572642e-01 
 1007.000  6.564910e-01 
 1008.000  6.531888e-01 
 1009.000  6.487734e-01 
 1010.000  6.507396e-01 
 1011.000  6.554284e-01 
 1012.000  6.572140e-01 
 1013.000  6.586159e-01 
 1014.000  6.592016e-01 
 1015.000  6.593100e-01 
 1016.000  6.598113e-01 
 1017.000  6.601889e-01 
 1018.000  6.593687e-01 
 1019.000  6.578810e-01 
 1020.000  6.584505e-01 
 1021.000  6.594846e-01 
 1022.000  6.576452e-01 
 1023.000  6.559883e-01 
 1024.000  6.549935e-01 
 1025.000  6.580174e-01 
 1026.000  6.592037e-01 
 1027.000  6.587718e-01 
 1028.000  6.592285e-01 
 1029.000  6.604465e-01 
 1030.000  6.616514e-01 
 1031.000  6.622629e-01 
 1032.000  6.627352e-01 
 1033.000  6.628174e-01 
 1034.000  6.631086e-01 
 1035.000  6.632534e-01 
 1036.000  6.631261e-01 
 1037.000  6.631227e-01 
 1038.000  6.632155e-01 
 1039.000  6.630183e-01 
 1040.000  6.628395e-01 
 1041.000  6.626971e-01 
 1042.000  6.626506e-01 
 1043.000  6.626325e-01 
 1044.000  6.624975e-01 
 1045.000  6.621151e-01 
 1046.000  6.618515e-01 
 1047.000  6.615325e-01 
 1048.000  6.610948e-01 
 1049.000  6.606517e-01 
 1050.000  6.602297e-01 
 1051.000  6.596999e-01 
 1052.000  6.593044e-01 
 1053.000  6.591898e-01 
 1054.000  6.586413e-01 
 1055.000  6.580497e-01 
 1056.000  6.575306e-01 
 1057.000  6.563364e-01 
 1058.000  6.542708e-01 
 1059.000  6.542658e-01 
 1060.000  6.552170e-01 
 1061.000  6.549122e-01 
 1062.000  6.536019e-01 
 1063.000  6.530163e-01 
 1064.000  6.518387e-01 
 1065.000  6.505246e-01 
 1066.000  6.506160e-01 
 1067.000  6.498926e-01 
 1068.000  6.475384e-01 
 1069.000  6.465164e-01 
 1070.000  6.470555e-01 
 1071.000  6.455728e-01 
 1072.000  6.440074e-01 
 1073.000  6.437894e-01 
 1074.000  6.441332e-01 
 1075.000  6.466888e-01 
 1076.000  6.452351e-01 
 1077.000  6.432485e-01 
 1078.000  6.408917e-01 
 1079.000  6.406487e-01 
 1080.000  6.342016e-01 
 1081.000  6.338877e-01 
 1082.000  6.368002e-01 
 1083.000  6.334056e-01 
 1084.000  6.296763e-01 
 1085.000  6.207203e-01 
 1086.000  6.228640e-01 
 1087.000  6.327971e-01 
 1088.000  6.332183e-01 
 1089.000  6.212127e-01 
 1090.000  6.189823e-01 
 1091.000  6.212994e-01 
 1092.000  6.153671e-01 
 1093.000  6.020736e-01 
 1094.000  5.962965e-01 
 1095.000  5.972500e-01 
 1096.000  5.981171e-01 
 1097.000  5.954828e-01 
 1098.000  5.632069e-01 
 1099.000  5.357966e-01 
 1100.000  5.376574e-01 
 1101.000  5.414460e-01 
 1102.000  5.396250e-01 
 1103.000  5.421385e-01 
 1104.000  5.375739e-01 
 1105.000  5.260938e-01 
 1106.000  5.145318e-01 
 1107.000  5.173946e-01 
 1108.000  5.194860e-01 
 1109.000  5.293535e-01 
 1110.000  5.281100e-01 
 1111.000  5.226092e-01 
 1112.000  4.983867e-01 
 1113.000  4.654025e-01 
 1114.000  4.564101e-01 
 1115.000  4.162512e-01 
 1116.000  3.916015e-01 
 1117.000  3.354189e-01 
 1118.000  2.849250e-01 
 1119.000  2.585530e-01 
 1120.000  2.264441e-01 
 1121.000  2.193933e-01 
 1122.000  1.870691e-01 
 1123.000  2.044226e-01 
 1124.000  2.162457e-01 
 1125.000  2.099892e-01 
 1126.000  2.075171e-01 
 1127.000  2.103063e-01 
 1128.000  2.157165e-01 
 1129.000  2.481290e-01 
 1130.000  3.257678e-01 
 1131.000  3.487218e-01 
 1132.000  3.173219e-01 
 1133.000  2.612425e-01 
 1134.000  1.642769e-01 
 1135.000  1.714106e-01 
 1136.000  2.694202e-01 
 1137.000  3.253853e-01 
 1138.000  3.808969e-01 
 1139.000  3.981844e-01 
 1140.000  3.875190e-01 
 1141.000  3.660321e-01 
 1142.000  3.584414e-01 
 1143.000  3.347971e-01 
 1144.000  3.084807e-01 
 1145.000  2.709555e-01 
 1146.000  2.797687e-01 
 1147.000  3.091902e-01 
 1148.000  3.356430e-01 
 1149.000  3.464661e-01 
 1150.000  3.471590e-01 
