  320.000  8.510968e-02 
  321.000  1.124942e-01 
  322.000  1.014960e-01 
  323.000  1.154860e-01 
  324.000  1.300010e-01 
  325.000  1.191412e-01 
  326.000  1.371030e-01 
  327.000  1.422399e-01 
  328.000  1.312125e-01 
  329.000  1.525968e-01 
  330.000  1.560683e-01 
  331.000  1.492208e-01 
  332.000  1.625191e-01 
  333.000  1.664561e-01 
  334.000  1.632217e-01 
  335.000  1.731846e-01 
  336.000  1.772665e-01 
  337.000  1.755430e-01 
  338.000  1.803468e-01 
  339.000  1.853426e-01 
  340.000  1.845190e-01 
  341.000  1.894003e-01 
  342.000  1.929925e-01 
  343.000  1.948038e-01 
  344.000  1.951745e-01 
  345.000  2.000882e-01 
  346.000  2.032080e-01 
  347.000  2.057615e-01 
  348.000  2.081611e-01 
  349.000  2.108654e-01 
  350.000  2.131845e-01 
  351.000  2.155009e-01 
  352.000  2.174062e-01 
  353.000  2.201231e-01 
  354.000  2.224430e-01 
  355.000  2.246076e-01 
  356.000  2.267220e-01 
  357.000  2.286081e-01 
  358.000  2.306421e-01 
  359.000  2.326787e-01 
  360.000  2.347692e-01 
  361.000  2.374170e-01 
  362.000  2.401821e-01 
  363.000  2.427359e-01 
  364.000  2.450922e-01 
  365.000  2.473077e-01 
  366.000  2.495782e-01 
  367.000  2.517449e-01 
  368.000  2.538965e-01 
  369.000  2.560340e-01 
  370.000  2.581539e-01 
  371.000  2.602614e-01 
  372.000  2.623557e-01 
  373.000  2.644364e-01 
  374.000  2.664875e-01 
  375.000  2.685028e-01 
  376.000  2.704532e-01 
  377.000  2.722997e-01 
  378.000  2.740176e-01 
  379.000  2.757657e-01 
  380.000  2.776915e-01 
  381.000  2.798876e-01 
  382.000  2.821679e-01 
  383.000  2.843281e-01 
  384.000  2.863810e-01 
  385.000  2.883623e-01 
  386.000  2.902957e-01 
  387.000  2.922010e-01 
  388.000  2.940846e-01 
  389.000  2.959555e-01 
  390.000  2.978139e-01 
  391.000  2.996559e-01 
  392.000  3.014867e-01 
  393.000  3.033049e-01 
  394.000  3.051085e-01 
  395.000  3.068960e-01 
  396.000  3.086742e-01 
  397.000  3.104340e-01 
  398.000  3.121797e-01 
  399.000  3.139128e-01 
  400.000  3.156238e-01 
  401.000  3.173304e-01 
  402.000  3.190251e-01 
  403.000  3.207072e-01 
  404.000  3.223763e-01 
  405.000  3.240288e-01 
  406.000  3.256722e-01 
  407.000  3.273045e-01 
  408.000  3.289242e-01 
  409.000  3.305297e-01 
  410.000  3.321215e-01 
  411.000  3.336992e-01 
  412.000  3.352616e-01 
  413.000  3.368165e-01 
  414.000  3.382611e-01 
  415.000  3.398255e-01 
  416.000  3.413715e-01 
  417.000  3.428932e-01 
  418.000  3.443813e-01 
  419.000  3.458543e-01 
  420.000  3.473153e-01 
  421.000  3.487689e-01 
  422.000  3.502147e-01 
  423.000  3.516510e-01 
  424.000  3.530717e-01 
  425.000  3.544609e-01 
  426.000  3.558377e-01 
  427.000  3.572036e-01 
  428.000  3.585462e-01 
  429.000  3.598711e-01 
  430.000  3.611816e-01 
  431.000  3.624833e-01 
  432.000  3.637724e-01 
  433.000  3.650502e-01 
  434.000  3.663182e-01 
  435.000  3.675747e-01 
  436.000  3.688180e-01 
  437.000  3.700487e-01 
  438.000  3.712663e-01 
  439.000  3.724753e-01 
  440.000  3.736656e-01 
  441.000  3.748416e-01 
  442.000  3.759998e-01 
  443.000  3.771412e-01 
  444.000  3.782654e-01 
  445.000  3.793661e-01 
  446.000  3.804369e-01 
  447.000  3.815606e-01 
  448.000  3.827661e-01 
  449.000  3.839872e-01 
  450.000  3.851855e-01 
  451.000  3.863378e-01 
  452.000  3.874504e-01 
  453.000  3.885409e-01 
  454.000  3.896123e-01 
  455.000  3.906220e-01 
  456.000  3.915508e-01 
  457.000  3.924803e-01 
  458.000  3.933977e-01 
  459.000  3.942961e-01 
  460.000  3.951877e-01 
  461.000  3.960704e-01 
  462.000  3.969366e-01 
  463.000  3.977995e-01 
  464.000  3.989234e-01 
  465.000  4.000311e-01 
  466.000  4.011199e-01 
  467.000  4.021841e-01 
  468.000  4.030514e-01 
  469.000  4.037987e-01 
  470.000  4.044861e-01 
  471.000  4.051051e-01 
  472.000  4.056309e-01 
  473.000  4.059995e-01 
  474.000  4.063023e-01 
  475.000  4.063801e-01 
  476.000  4.062302e-01 
  477.000  4.062271e-01 
  478.000  4.071032e-01 
  479.000  4.084378e-01 
  480.000  4.098791e-01 
  481.000  4.111731e-01 
  482.000  4.123874e-01 
  483.000  4.134437e-01 
  484.000  4.143520e-01 
  485.000  4.151646e-01 
  486.000  4.160315e-01 
  487.000  4.169446e-01 
  488.000  4.178287e-01 
  489.000  4.186970e-01 
  490.000  4.195553e-01 
  491.000  4.202277e-01 
  492.000  4.208425e-01 
  493.000  4.214544e-01 
  494.000  4.220493e-01 
  495.000  4.226442e-01 
  496.000  4.229508e-01 
  497.000  4.232458e-01 
  498.000  4.235366e-01 
  499.000  4.238117e-01 
  500.000  4.240825e-01 
  501.000  4.243233e-01 
  502.000  4.245641e-01 
  503.000  4.248019e-01 
  504.000  4.250288e-01 
  505.000  4.252433e-01 
  506.000  4.258718e-01 
  507.000  4.265187e-01 
  508.000  4.271648e-01 
  509.000  4.278037e-01 
  510.000  4.284291e-01 
  511.000  4.289899e-01 
  512.000  4.295317e-01 
  513.000  4.300705e-01 
  514.000  4.306027e-01 
  515.000  4.311303e-01 
  516.000  4.315073e-01 
  517.000  4.317491e-01 
  518.000  4.319842e-01 
  519.000  4.322149e-01 
  520.000  4.324433e-01 
  521.000  4.326480e-01 
  522.000  4.327956e-01 
  523.000  4.329021e-01 
  524.000  4.330121e-01 
  525.000  4.330988e-01 
  526.000  4.332205e-01 
  527.000  4.332401e-01 
  528.000  4.332183e-01 
  529.000  4.331953e-01 
  530.000  4.331775e-01 
  531.000  4.331628e-01 
  532.000  4.331957e-01 
  533.000  4.334924e-01 
  534.000  4.338671e-01 
  535.000  4.342901e-01 
  536.000  4.346991e-01 
  537.000  4.350733e-01 
  538.000  4.354079e-01 
  539.000  4.357181e-01 
  540.000  4.360090e-01 
  541.000  4.362915e-01 
  542.000  4.365617e-01 
  543.000  4.368223e-01 
  544.000  4.370194e-01 
  545.000  4.371646e-01 
  546.000  4.373032e-01 
  547.000  4.374457e-01 
  548.000  4.375810e-01 
  549.000  4.377142e-01 
  550.000  4.377788e-01 
  551.000  4.377754e-01 
  552.000  4.377746e-01 
  553.000  4.377598e-01 
  554.000  4.377385e-01 
  555.000  4.377135e-01 
  556.000  4.376627e-01 
  557.000  4.375673e-01 
  558.000  4.374642e-01 
  559.000  4.373492e-01 
  560.000  4.372053e-01 
  561.000  4.370350e-01 
  562.000  4.367473e-01 
  563.000  4.365429e-01 
  564.000  4.362829e-01 
  565.000  4.359097e-01 
  566.000  4.355955e-01 
  567.000  4.348825e-01 
  568.000  4.331813e-01 
  569.000  4.300624e-01 
  570.000  4.302422e-01 
  571.000  4.319375e-01 
  572.000  4.296884e-01 
  573.000  4.297870e-01 
  574.000  4.296950e-01 
  575.000  4.294199e-01 
  576.000  4.295802e-01 
  577.000  4.304569e-01 
  578.000  4.316603e-01 
  579.000  4.330269e-01 
  580.000  4.345830e-01 
  581.000  4.366387e-01 
  582.000  4.381512e-01 
  583.000  4.392306e-01 
  584.000  4.402249e-01 
  585.000  4.410718e-01 
  586.000  4.418145e-01 
  587.000  4.414808e-01 
  588.000  4.379172e-01 
  589.000  4.317042e-01 
  590.000  4.315803e-01 
  591.000  4.363399e-01 
  592.000  4.342056e-01 
  593.000  4.395572e-01 
  594.000  4.386587e-01 
  595.000  4.352756e-01 
  596.000  4.401944e-01 
  597.000  4.387833e-01 
  598.000  4.405806e-01 
  599.000  4.411387e-01 
  600.000  4.425867e-01 
  601.000  4.435885e-01 
  602.000  4.437047e-01 
  603.000  4.443269e-01 
  604.000  4.453168e-01 
  605.000  4.460733e-01 
  606.000  4.466741e-01 
  607.000  4.472564e-01 
  608.000  4.478316e-01 
  609.000  4.483834e-01 
  610.000  4.489572e-01 
  611.000  4.495952e-01 
  612.000  4.502201e-01 
  613.000  4.508258e-01 
  614.000  4.514139e-01 
  615.000  4.520006e-01 
  616.000  4.525659e-01 
  617.000  4.531000e-01 
  618.000  4.535479e-01 
  619.000  4.539269e-01 
  620.000  4.542778e-01 
  621.000  4.545793e-01 
  622.000  4.548314e-01 
  623.000  4.550000e-01 
  624.000  4.551798e-01 
  625.000  4.553305e-01 
  626.000  4.552343e-01 
  627.000  4.532583e-01 
  628.000  4.360879e-01 
  629.000  4.471572e-01 
  630.000  4.487767e-01 
  631.000  4.520188e-01 
  632.000  4.530627e-01 
  633.000  4.564466e-01 
  634.000  4.585653e-01 
  635.000  4.598757e-01 
  636.000  4.613880e-01 
  637.000  4.626468e-01 
  638.000  4.645216e-01 
  639.000  4.655861e-01 
  640.000  4.670140e-01 
  641.000  4.679245e-01 
  642.000  4.690415e-01 
  643.000  4.691180e-01 
  644.000  4.697928e-01 
  645.000  4.695790e-01 
  646.000  4.665452e-01 
  647.000  4.645046e-01 
  648.000  4.621314e-01 
  649.000  4.652029e-01 
  650.000  4.705911e-01 
  651.000  4.710447e-01 
  652.000  4.671597e-01 
  653.000  4.725993e-01 
  654.000  4.724998e-01 
  655.000  4.711307e-01 
  656.000  4.722136e-01 
  657.000  4.736202e-01 
  658.000  4.757601e-01 
  659.000  4.770608e-01 
  660.000  4.779576e-01 
  661.000  4.796586e-01 
  662.000  4.806474e-01 
  663.000  4.809854e-01 
  664.000  4.816291e-01 
  665.000  4.822730e-01 
  666.000  4.829932e-01 
  667.000  4.836369e-01 
  668.000  4.843446e-01 
  669.000  4.849155e-01 
  670.000  4.854463e-01 
  671.000  4.859927e-01 
  672.000  4.865041e-01 
  673.000  4.870096e-01 
  674.000  4.875117e-01 
  675.000  4.880137e-01 
  676.000  4.884889e-01 
  677.000  4.889250e-01 
  678.000  4.893613e-01 
  679.000  4.897502e-01 
  680.000  4.899358e-01 
  681.000  4.900446e-01 
  682.000  4.903589e-01 
  683.000  4.906265e-01 
  684.000  4.906157e-01 
  685.000  4.912949e-01 
  686.000  4.891133e-01 
  687.000  4.103492e-01 
  688.000  4.346301e-01 
  689.000  4.279633e-01 
  690.000  4.406744e-01 
  691.000  4.582998e-01 
  692.000  4.703264e-01 
  693.000  4.715597e-01 
  694.000  4.700301e-01 
  695.000  4.755176e-01 
  696.000  4.786091e-01 
  697.000  4.895495e-01 
  698.000  4.876203e-01 
  699.000  4.783157e-01 
  700.000  4.800736e-01 
  701.000  4.781117e-01 
  702.000  4.798374e-01 
  703.000  4.879587e-01 
  704.000  4.884628e-01 
  705.000  4.853236e-01 
  706.000  4.860985e-01 
  707.000  4.874075e-01 
  708.000  4.888100e-01 
  709.000  4.915384e-01 
  710.000  4.889105e-01 
  711.000  4.918658e-01 
  712.000  4.943995e-01 
  713.000  4.926109e-01 
  714.000  4.921028e-01 
  715.000  4.891280e-01 
  716.000  4.860553e-01 
  717.000  4.653658e-01 
  718.000  4.525785e-01 
  719.000  4.480508e-01 
  720.000  4.410113e-01 
  721.000  4.721238e-01 
  722.000  4.831292e-01 
  723.000  4.771204e-01 
  724.000  4.596722e-01 
  725.000  4.624227e-01 
  726.000  4.616702e-01 
  727.000  4.642493e-01 
  728.000  4.615909e-01 
  729.000  4.684235e-01 
  730.000  4.673058e-01 
  731.000  4.659394e-01 
  732.000  4.773841e-01 
  733.000  4.882577e-01 
  734.000  4.935014e-01 
  735.000  4.917478e-01 
  736.000  4.883983e-01 
  737.000  4.910327e-01 
  738.000  4.946261e-01 
  739.000  4.962030e-01 
  740.000  4.996245e-01 
  741.000  5.016235e-01 
  742.000  5.024972e-01 
  743.000  5.041978e-01 
  744.000  5.050607e-01 
  745.000  5.057449e-01 
  746.000  5.062557e-01 
  747.000  5.064782e-01 
  748.000  5.071096e-01 
  749.000  5.074608e-01 
  750.000  5.073891e-01 
  751.000  5.075728e-01 
  752.000  5.081334e-01 
  753.000  5.084115e-01 
  754.000  5.086477e-01 
  755.000  5.088295e-01 
  756.000  5.090159e-01 
  757.000  5.091470e-01 
  758.000  5.080221e-01 
  759.000  4.652291e-01 
  760.000  1.749345e-01 
  761.000  1.509235e-01 
  762.000  3.083503e-01 
  763.000  2.569241e-01 
  764.000  2.821595e-01 
  765.000  3.412263e-01 
  766.000  4.155072e-01 
  767.000  4.541445e-01 
  768.000  4.798149e-01 
  769.000  4.969309e-01 
  770.000  5.062842e-01 
  771.000  5.105922e-01 
  772.000  5.116971e-01 
  773.000  5.121949e-01 
  774.000  5.128760e-01 
  775.000  5.132906e-01 
  776.000  5.135811e-01 
  777.000  5.136991e-01 
  778.000  5.137405e-01 
  779.000  5.137658e-01 
  780.000  5.137860e-01 
  781.000  5.140384e-01 
  782.000  5.140517e-01 
  783.000  5.140719e-01 
  784.000  5.139407e-01 
  785.000  5.131752e-01 
  786.000  5.120649e-01 
  787.000  5.096921e-01 
  788.000  5.083809e-01 
  789.000  5.035639e-01 
  790.000  5.031918e-01 
  791.000  5.041556e-01 
  792.000  5.050466e-01 
  793.000  5.070668e-01 
  794.000  5.113018e-01 
  795.000  5.087821e-01 
  796.000  5.019835e-01 
  797.000  5.039831e-01 
  798.000  5.083438e-01 
  799.000  5.073981e-01 
  800.000  5.042927e-01 
  801.000  5.047076e-01 
  802.000  5.044286e-01 
  803.000  5.049273e-01 
  804.000  5.064427e-01 
  805.000  5.093113e-01 
  806.000  5.110358e-01 
  807.000  5.111486e-01 
  808.000  5.102313e-01 
  809.000  5.090954e-01 
  810.000  5.078493e-01 
  811.000  5.052463e-01 
  812.000  5.017292e-01 
  813.000  4.974035e-01 
  814.000  4.916707e-01 
  815.000  4.845184e-01 
  816.000  4.752498e-01 
  817.000  4.758230e-01 
  818.000  4.766195e-01 
  819.000  4.797073e-01 
  820.000  4.899605e-01 
  821.000  5.016198e-01 
  822.000  4.928140e-01 
  823.000  4.679816e-01 
  824.000  4.889792e-01 
  825.000  5.023810e-01 
  826.000  5.001117e-01 
  827.000  4.984559e-01 
  828.000  4.896739e-01 
  829.000  4.928858e-01 
  830.000  4.964685e-01 
  831.000  4.973261e-01 
  832.000  4.977036e-01 
  833.000  4.997731e-01 
  834.000  5.022002e-01 
  835.000  5.069876e-01 
  836.000  5.054793e-01 
  837.000  5.053391e-01 
  838.000  5.076874e-01 
  839.000  5.091202e-01 
  840.000  5.096602e-01 
  841.000  5.081625e-01 
  842.000  5.095606e-01 
  843.000  5.128393e-01 
  844.000  5.143383e-01 
  845.000  5.150528e-01 
  846.000  5.155833e-01 
  847.000  5.164600e-01 
  848.000  5.153446e-01 
  849.000  5.153862e-01 
  850.000  5.149245e-01 
  851.000  5.141802e-01 
  852.000  5.142865e-01 
  853.000  5.155934e-01 
  854.000  5.155514e-01 
  855.000  5.160782e-01 
  856.000  5.173740e-01 
  857.000  5.180190e-01 
  858.000  5.183042e-01 
  859.000  5.189825e-01 
  860.000  5.194079e-01 
  861.000  5.194938e-01 
  862.000  5.197315e-01 
  863.000  5.197850e-01 
  864.000  5.199562e-01 
  865.000  5.201008e-01 
  866.000  5.201579e-01 
  867.000  5.201604e-01 
  868.000  5.202041e-01 
  869.000  5.202692e-01 
  870.000  5.202637e-01 
  871.000  5.203262e-01 
  872.000  5.204441e-01 
  873.000  5.203744e-01 
  874.000  5.203476e-01 
  875.000  5.203596e-01 
  876.000  5.202200e-01 
  877.000  5.201606e-01 
  878.000  5.197002e-01 
  879.000  5.196899e-01 
  880.000  5.193644e-01 
  881.000  5.192366e-01 
  882.000  5.190469e-01 
  883.000  5.192831e-01 
  884.000  5.193923e-01 
  885.000  5.186864e-01 
  886.000  5.177025e-01 
  887.000  5.184861e-01 
  888.000  5.184610e-01 
  889.000  5.187526e-01 
  890.000  5.181370e-01 
  891.000  5.169559e-01 
  892.000  5.145875e-01 
  893.000  5.067017e-01 
  894.000  5.027906e-01 
  895.000  4.906955e-01 
  896.000  4.798297e-01 
  897.000  4.683333e-01 
  898.000  4.629490e-01 
  899.000  4.475293e-01 
  900.000  4.498112e-01 
  901.000  4.457872e-01 
  902.000  4.465101e-01 
  903.000  4.724377e-01 
  904.000  4.881109e-01 
  905.000  4.875379e-01 
  906.000  4.777691e-01 
  907.000  4.603808e-01 
  908.000  4.488562e-01 
  909.000  4.493824e-01 
  910.000  4.511496e-01 
  911.000  4.588408e-01 
  912.000  4.551410e-01 
  913.000  4.389435e-01 
  914.000  4.469836e-01 
  915.000  4.532861e-01 
  916.000  4.549891e-01 
  917.000  4.583937e-01 
  918.000  4.627898e-01 
  919.000  4.776890e-01 
  920.000  4.888640e-01 
  921.000  4.864041e-01 
  922.000  4.862054e-01 
  923.000  4.831036e-01 
  924.000  4.756122e-01 
  925.000  4.750416e-01 
  926.000  4.749736e-01 
  927.000  4.662755e-01 
  928.000  4.528134e-01 
  929.000  4.332089e-01 
  930.000  4.079749e-01 
  931.000  3.793390e-01 
  932.000  3.414467e-01 
  933.000  3.122917e-01 
  934.000  2.815672e-01 
  935.000  2.783476e-01 
  936.000  2.907641e-01 
  937.000  2.875370e-01 
  938.000  3.214390e-01 
  939.000  4.064488e-01 
  940.000  4.186787e-01 
  941.000  4.080049e-01 
  942.000  3.816777e-01 
  943.000  3.369576e-01 
  944.000  3.338527e-01 
  945.000  3.502071e-01 
  946.000  3.510478e-01 
  947.000  3.652948e-01 
  948.000  3.736067e-01 
  949.000  3.724378e-01 
  950.000  3.745417e-01 
  951.000  3.930397e-01 
  952.000  3.731135e-01 
  953.000  3.869522e-01 
  954.000  4.016484e-01 
  955.000  3.895640e-01 
  956.000  3.866971e-01 
  957.000  4.237606e-01 
  958.000  4.284133e-01 
  959.000  4.222331e-01 
  960.000  4.203987e-01 
  961.000  4.172856e-01 
  962.000  4.200417e-01 
  963.000  4.400803e-01 
  964.000  4.429108e-01 
  965.000  4.409677e-01 
  966.000  4.420082e-01 
  967.000  4.561299e-01 
  968.000  4.794613e-01 
  969.000  4.898875e-01 
  970.000  4.904374e-01 
  971.000  4.901946e-01 
  972.000  4.872503e-01 
  973.000  4.804069e-01 
  974.000  4.720207e-01 
  975.000  4.666104e-01 
  976.000  4.732420e-01 
  977.000  4.841313e-01 
  978.000  4.832394e-01 
  979.000  4.860343e-01 
  980.000  4.970473e-01 
  981.000  4.994734e-01 
  982.000  4.970184e-01 
  983.000  5.026415e-01 
  984.000  5.084158e-01 
  985.000  5.116892e-01 
  986.000  5.159045e-01 
  987.000  5.177280e-01 
  988.000  5.181480e-01 
  989.000  5.184196e-01 
  990.000  5.188709e-01 
  991.000  5.202271e-01 
  992.000  5.207000e-01 
  993.000  5.208824e-01 
  994.000  5.222981e-01 
  995.000  5.232776e-01 
  996.000  5.232784e-01 
  997.000  5.226980e-01 
  998.000  5.219415e-01 
  999.000  5.217616e-01 
 1000.000  5.219135e-01 
 1001.000  5.206597e-01 
 1002.000  5.182743e-01 
 1003.000  5.188555e-01 
 1004.000  5.202461e-01 
 1005.000  5.206758e-01 
 1006.000  5.208781e-01 
 1007.000  5.206325e-01 
 1008.000  5.186854e-01 
 1009.000  5.160716e-01 
 1010.000  5.172423e-01 
 1011.000  5.200196e-01 
 1012.000  5.208734e-01 
 1013.000  5.217370e-01 
 1014.000  5.220120e-01 
 1015.000  5.220762e-01 
 1016.000  5.224756e-01 
 1017.000  5.227095e-01 
 1018.000  5.221995e-01 
 1019.000  5.212714e-01 
 1020.000  5.216200e-01 
 1021.000  5.222654e-01 
 1022.000  5.211104e-01 
 1023.000  5.203103e-01 
 1024.000  5.197088e-01 
 1025.000  5.213096e-01 
 1026.000  5.220342e-01 
 1027.000  5.217466e-01 
 1028.000  5.219249e-01 
 1029.000  5.227477e-01 
 1030.000  5.234373e-01 
 1031.000  5.237681e-01 
 1032.000  5.239578e-01 
 1033.000  5.240280e-01 
 1034.000  5.242180e-01 
 1035.000  5.242601e-01 
 1036.000  5.240846e-01 
 1037.000  5.240054e-01 
 1038.000  5.240566e-01 
 1039.000  5.239038e-01 
 1040.000  5.237460e-01 
 1041.000  5.236183e-01 
 1042.000  5.235641e-01 
 1043.000  5.235210e-01 
 1044.000  5.233833e-01 
 1045.000  5.230700e-01 
 1046.000  5.228402e-01 
 1047.000  5.225489e-01 
 1048.000  5.220747e-01 
 1049.000  5.215377e-01 
 1050.000  5.211896e-01 
 1051.000  5.207868e-01 
 1052.000  5.204264e-01 
 1053.000  5.202422e-01 
 1054.000  5.197564e-01 
 1055.000  5.193061e-01 
 1056.000  5.188150e-01 
 1057.000  5.179171e-01 
 1058.000  5.165144e-01 
 1059.000  5.163099e-01 
 1060.000  5.167329e-01 
 1061.000  5.164382e-01 
 1062.000  5.155240e-01 
 1063.000  5.149566e-01 
 1064.000  5.140793e-01 
 1065.000  5.132673e-01 
 1066.000  5.133616e-01 
 1067.000  5.128672e-01 
 1068.000  5.115339e-01 
 1069.000  5.115443e-01 
 1070.000  5.121788e-01 
 1071.000  5.115880e-01 
 1072.000  5.108683e-01 
 1073.000  5.109554e-01 
 1074.000  5.113726e-01 
 1075.000  5.130919e-01 
 1076.000  5.124200e-01 
 1077.000  5.114166e-01 
 1078.000  5.101818e-01 
 1079.000  5.101992e-01 
 1080.000  5.064880e-01 
 1081.000  5.064241e-01 
 1082.000  5.082740e-01 
 1083.000  5.063744e-01 
 1084.000  5.042488e-01 
 1085.000  4.989721e-01 
 1086.000  5.003547e-01 
 1087.000  5.063933e-01 
 1088.000  5.067206e-01 
 1089.000  4.996029e-01 
 1090.000  4.983433e-01 
 1091.000  4.998126e-01 
 1092.000  4.963368e-01 
 1093.000  4.883627e-01 
 1094.000  4.849069e-01 
 1095.000  4.855420e-01 
 1096.000  4.861345e-01 
 1097.000  4.846222e-01 
 1098.000  4.649276e-01 
 1099.000  4.479943e-01 
 1100.000  4.492064e-01 
 1101.000  4.516191e-01 
 1102.000  4.505753e-01 
 1103.000  4.522008e-01 
 1104.000  4.494086e-01 
 1105.000  4.423037e-01 
 1106.000  4.350430e-01 
 1107.000  4.369685e-01 
 1108.000  4.384460e-01 
 1109.000  4.448464e-01 
 1110.000  4.443237e-01 
 1111.000  4.410134e-01 
 1112.000  4.258548e-01 
 1113.000  4.050483e-01 
 1114.000  3.997603e-01 
 1115.000  3.738804e-01 
 1116.000  3.576135e-01 
 1117.000  3.188917e-01 
 1118.000  2.830269e-01 
 1119.000  2.639842e-01 
 1120.000  2.396945e-01 
 1121.000  2.343367e-01 
 1122.000  2.082579e-01 
 1123.000  2.228502e-01 
 1124.000  2.325834e-01 
 1125.000  2.275758e-01 
 1126.000  2.255108e-01 
 1127.000  2.275937e-01 
 1128.000  2.316344e-01 
 1129.000  2.569081e-01 
 1130.000  3.148915e-01 
 1131.000  3.313285e-01 
 1132.000  3.089353e-01 
 1133.000  2.669654e-01 
 1134.000  1.885703e-01 
 1135.000  1.945922e-01 
 1136.000  2.727762e-01 
 1137.000  3.139717e-01 
 1138.000  3.526980e-01 
 1139.000  3.638095e-01 
 1140.000  3.565020e-01 
 1141.000  3.413383e-01 
 1142.000  3.360909e-01 
 1143.000  3.194991e-01 
 1144.000  3.005379e-01 
 1145.000  2.728163e-01 
 1146.000  2.793810e-01 
 1147.000  3.009782e-01 
 1148.000  3.199362e-01 
 1149.000  3.274248e-01 
 1150.000  3.275085e-01 
