  320.000  2.682791e-01 
  321.000  3.196160e-01 
  322.000  2.996290e-01 
  323.000  3.249252e-01 
  324.000  3.499903e-01 
  325.000  3.313425e-01 
  326.000  3.618721e-01 
  327.000  3.703238e-01 
  328.000  3.520339e-01 
  329.000  3.870262e-01 
  330.000  3.925292e-01 
  331.000  3.816294e-01 
  332.000  4.026358e-01 
  333.000  4.087307e-01 
  334.000  4.037274e-01 
  335.000  4.190240e-01 
  336.000  4.251960e-01 
  337.000  4.225965e-01 
  338.000  4.298186e-01 
  339.000  4.372537e-01 
  340.000  4.360331e-01 
  341.000  4.432378e-01 
  342.000  4.484958e-01 
  343.000  4.511332e-01 
  344.000  4.516718e-01 
  345.000  4.587761e-01 
  346.000  4.632531e-01 
  347.000  4.668982e-01 
  348.000  4.703085e-01 
  349.000  4.741342e-01 
  350.000  4.774004e-01 
  351.000  4.806497e-01 
  352.000  4.833126e-01 
  353.000  4.870948e-01 
  354.000  4.903107e-01 
  355.000  4.933000e-01 
  356.000  4.962097e-01 
  357.000  4.987967e-01 
  358.000  5.015776e-01 
  359.000  5.043529e-01 
  360.000  5.071923e-01 
  361.000  5.107751e-01 
  362.000  5.145009e-01 
  363.000  5.179279e-01 
  364.000  5.210779e-01 
  365.000  5.240293e-01 
  366.000  5.270439e-01 
  367.000  5.299111e-01 
  368.000  5.327493e-01 
  369.000  5.355601e-01 
  370.000  5.383389e-01 
  371.000  5.410932e-01 
  372.000  5.438222e-01 
  373.000  5.465252e-01 
  374.000  5.491821e-01 
  375.000  5.517852e-01 
  376.000  5.542975e-01 
  377.000  5.566699e-01 
  378.000  5.588716e-01 
  379.000  5.611069e-01 
  380.000  5.635631e-01 
  381.000  5.663564e-01 
  382.000  5.692481e-01 
  383.000  5.719797e-01 
  384.000  5.745683e-01 
  385.000  5.770600e-01 
  386.000  5.794856e-01 
  387.000  5.818697e-01 
  388.000  5.842213e-01 
  389.000  5.865513e-01 
  390.000  5.888604e-01 
  391.000  5.911438e-01 
  392.000  5.934081e-01 
  393.000  5.956517e-01 
  394.000  5.978725e-01 
  395.000  6.000686e-01 
  396.000  6.022486e-01 
  397.000  6.044014e-01 
  398.000  6.065325e-01 
  399.000  6.086437e-01 
  400.000  6.107239e-01 
  401.000  6.127944e-01 
  402.000  6.148465e-01 
  403.000  6.168793e-01 
  404.000  6.188924e-01 
  405.000  6.208819e-01 
  406.000  6.228564e-01 
  407.000  6.248140e-01 
  408.000  6.267529e-01 
  409.000  6.286713e-01 
  410.000  6.305700e-01 
  411.000  6.324484e-01 
  412.000  6.343054e-01 
  413.000  6.361502e-01 
  414.000  6.378615e-01 
  415.000  6.397114e-01 
  416.000  6.415366e-01 
  417.000  6.433300e-01 
  418.000  6.450810e-01 
  419.000  6.468114e-01 
  420.000  6.485251e-01 
  421.000  6.502273e-01 
  422.000  6.519179e-01 
  423.000  6.535949e-01 
  424.000  6.552509e-01 
  425.000  6.568679e-01 
  426.000  6.584682e-01 
  427.000  6.600535e-01 
  428.000  6.616095e-01 
  429.000  6.631430e-01 
  430.000  6.646577e-01 
  431.000  6.661602e-01 
  432.000  6.676462e-01 
  433.000  6.691172e-01 
  434.000  6.705751e-01 
  435.000  6.720179e-01 
  436.000  6.734437e-01 
  437.000  6.748533e-01 
  438.000  6.762461e-01 
  439.000  6.776275e-01 
  440.000  6.789859e-01 
  441.000  6.803263e-01 
  442.000  6.816450e-01 
  443.000  6.829430e-01 
  444.000  6.842201e-01 
  445.000  6.854691e-01 
  446.000  6.866828e-01 
  447.000  6.879551e-01 
  448.000  6.893186e-01 
  449.000  6.906980e-01 
  450.000  6.920502e-01 
  451.000  6.933489e-01 
  452.000  6.946015e-01 
  453.000  6.958279e-01 
  454.000  6.970316e-01 
  455.000  6.981649e-01 
  456.000  6.992064e-01 
  457.000  7.002477e-01 
  458.000  7.012746e-01 
  459.000  7.022793e-01 
  460.000  7.032757e-01 
  461.000  7.042612e-01 
  462.000  7.052276e-01 
  463.000  7.061894e-01 
  464.000  7.074411e-01 
  465.000  7.086735e-01 
  466.000  7.098835e-01 
  467.000  7.110651e-01 
  468.000  7.120271e-01 
  469.000  7.128553e-01 
  470.000  7.136168e-01 
  471.000  7.143021e-01 
  472.000  7.148839e-01 
  473.000  7.152916e-01 
  474.000  7.156264e-01 
  475.000  7.157123e-01 
  476.000  7.155466e-01 
  477.000  7.155432e-01 
  478.000  7.165115e-01 
  479.000  7.179848e-01 
  480.000  7.195741e-01 
  481.000  7.209991e-01 
  482.000  7.223348e-01 
  483.000  7.234955e-01 
  484.000  7.244928e-01 
  485.000  7.253842e-01 
  486.000  7.263346e-01 
  487.000  7.273348e-01 
  488.000  7.283025e-01 
  489.000  7.292520e-01 
  490.000  7.301899e-01 
  491.000  7.309242e-01 
  492.000  7.315952e-01 
  493.000  7.322627e-01 
  494.000  7.329112e-01 
  495.000  7.335595e-01 
  496.000  7.338935e-01 
  497.000  7.342148e-01 
  498.000  7.345313e-01 
  499.000  7.348308e-01 
  500.000  7.351255e-01 
  501.000  7.353874e-01 
  502.000  7.356493e-01 
  503.000  7.359079e-01 
  504.000  7.361546e-01 
  505.000  7.363878e-01 
  506.000  7.370707e-01 
  507.000  7.377732e-01 
  508.000  7.384745e-01 
  509.000  7.391675e-01 
  510.000  7.398456e-01 
  511.000  7.404534e-01 
  512.000  7.410402e-01 
  513.000  7.416235e-01 
  514.000  7.421994e-01 
  515.000  7.427700e-01 
  516.000  7.431777e-01 
  517.000  7.434390e-01 
  518.000  7.436931e-01 
  519.000  7.439423e-01 
  520.000  7.441891e-01 
  521.000  7.444102e-01 
  522.000  7.445695e-01 
  523.000  7.446845e-01 
  524.000  7.448033e-01 
  525.000  7.448969e-01 
  526.000  7.450282e-01 
  527.000  7.450494e-01 
  528.000  7.450259e-01 
  529.000  7.450011e-01 
  530.000  7.449818e-01 
  531.000  7.449660e-01 
  532.000  7.450015e-01 
  533.000  7.453217e-01 
  534.000  7.457260e-01 
  535.000  7.461822e-01 
  536.000  7.466232e-01 
  537.000  7.470266e-01 
  538.000  7.473871e-01 
  539.000  7.477213e-01 
  540.000  7.480346e-01 
  541.000  7.483388e-01 
  542.000  7.486296e-01 
  543.000  7.489101e-01 
  544.000  7.491221e-01 
  545.000  7.492784e-01 
  546.000  7.494274e-01 
  547.000  7.495807e-01 
  548.000  7.497262e-01 
  549.000  7.498695e-01 
  550.000  7.499389e-01 
  551.000  7.499353e-01 
  552.000  7.499344e-01 
  553.000  7.499185e-01 
  554.000  7.498956e-01 
  555.000  7.498687e-01 
  556.000  7.498141e-01 
  557.000  7.497115e-01 
  558.000  7.496006e-01 
  559.000  7.494769e-01 
  560.000  7.493221e-01 
  561.000  7.491387e-01 
  562.000  7.488126e-01 
  563.000  7.485911e-01 
  564.000  7.483071e-01 
  565.000  7.478933e-01 
  566.000  7.475627e-01 
  567.000  7.467414e-01 
  568.000  7.444746e-01 
  569.000  7.399398e-01 
  570.000  7.403803e-01 
  571.000  7.431886e-01 
  572.000  7.399682e-01 
  573.000  7.404515e-01 
  574.000  7.404569e-01 
  575.000  7.401472e-01 
  576.000  7.403249e-01 
  577.000  7.415135e-01 
  578.000  7.431341e-01 
  579.000  7.447016e-01 
  580.000  7.463872e-01 
  581.000  7.486300e-01 
  582.000  7.502539e-01 
  583.000  7.513852e-01 
  584.000  7.523754e-01 
  585.000  7.531977e-01 
  586.000  7.539566e-01 
  587.000  7.531457e-01 
  588.000  7.475628e-01 
  589.000  7.383242e-01 
  590.000  7.379974e-01 
  591.000  7.447980e-01 
  592.000  7.415603e-01 
  593.000  7.492331e-01 
  594.000  7.478138e-01 
  595.000  7.427828e-01 
  596.000  7.500065e-01 
  597.000  7.480783e-01 
  598.000  7.508180e-01 
  599.000  7.517551e-01 
  600.000  7.541871e-01 
  601.000  7.557006e-01 
  602.000  7.560056e-01 
  603.000  7.568469e-01 
  604.000  7.579724e-01 
  605.000  7.588093e-01 
  606.000  7.594583e-01 
  607.000  7.600865e-01 
  608.000  7.607012e-01 
  609.000  7.612901e-01 
  610.000  7.619016e-01 
  611.000  7.625809e-01 
  612.000  7.632461e-01 
  613.000  7.638905e-01 
  614.000  7.645158e-01 
  615.000  7.651392e-01 
  616.000  7.657397e-01 
  617.000  7.663069e-01 
  618.000  7.667822e-01 
  619.000  7.671843e-01 
  620.000  7.675565e-01 
  621.000  7.678762e-01 
  622.000  7.681435e-01 
  623.000  7.683222e-01 
  624.000  7.685127e-01 
  625.000  7.686720e-01 
  626.000  7.685270e-01 
  627.000  7.657852e-01 
  628.000  7.432095e-01 
  629.000  7.574543e-01 
  630.000  7.596591e-01 
  631.000  7.639406e-01 
  632.000  7.646411e-01 
  633.000  7.691562e-01 
  634.000  7.716781e-01 
  635.000  7.729791e-01 
  636.000  7.746228e-01 
  637.000  7.760170e-01 
  638.000  7.782465e-01 
  639.000  7.792894e-01 
  640.000  7.808862e-01 
  641.000  7.818267e-01 
  642.000  7.830236e-01 
  643.000  7.828572e-01 
  644.000  7.835414e-01 
  645.000  7.829202e-01 
  646.000  7.782152e-01 
  647.000  7.750576e-01 
  648.000  7.714331e-01 
  649.000  7.755771e-01 
  650.000  7.830306e-01 
  651.000  7.834730e-01 
  652.000  7.777473e-01 
  653.000  7.852808e-01 
  654.000  7.849408e-01 
  655.000  7.828006e-01 
  656.000  7.841426e-01 
  657.000  7.859564e-01 
  658.000  7.888001e-01 
  659.000  7.905926e-01 
  660.000  7.916469e-01 
  661.000  7.938774e-01 
  662.000  7.950996e-01 
  663.000  7.953796e-01 
  664.000  7.961283e-01 
  665.000  7.968053e-01 
  666.000  7.975876e-01 
  667.000  7.982771e-01 
  668.000  7.990416e-01 
  669.000  7.996420e-01 
  670.000  8.001946e-01 
  671.000  8.007658e-01 
  672.000  8.012953e-01 
  673.000  8.018177e-01 
  674.000  8.023363e-01 
  675.000  8.028547e-01 
  676.000  8.033444e-01 
  677.000  8.037940e-01 
  678.000  8.042438e-01 
  679.000  8.046376e-01 
  680.000  8.047916e-01 
  681.000  8.048552e-01 
  682.000  8.051617e-01 
  683.000  8.053685e-01 
  684.000  8.051981e-01 
  685.000  8.059642e-01 
  686.000  8.031443e-01 
  687.000  7.014268e-01 
  688.000  7.331303e-01 
  689.000  7.243055e-01 
  690.000  7.407665e-01 
  691.000  7.632074e-01 
  692.000  7.780614e-01 
  693.000  7.782350e-01 
  694.000  7.750303e-01 
  695.000  7.823550e-01 
  696.000  7.864671e-01 
  697.000  8.017665e-01 
  698.000  7.988951e-01 
  699.000  7.855959e-01 
  700.000  7.879781e-01 
  701.000  7.850857e-01 
  702.000  7.874204e-01 
  703.000  7.988024e-01 
  704.000  7.994012e-01 
  705.000  7.948651e-01 
  706.000  7.958691e-01 
  707.000  7.976282e-01 
  708.000  7.995185e-01 
  709.000  8.032807e-01 
  710.000  7.994811e-01 
  711.000  8.035639e-01 
  712.000  8.070492e-01 
  713.000  8.044407e-01 
  714.000  8.036411e-01 
  715.000  7.993547e-01 
  716.000  7.949367e-01 
  717.000  7.655669e-01 
  718.000  7.473090e-01 
  719.000  7.407767e-01 
  720.000  7.306120e-01 
  721.000  7.747895e-01 
  722.000  7.902515e-01 
  723.000  7.816592e-01 
  724.000  7.568279e-01 
  725.000  7.606621e-01 
  726.000  7.595234e-01 
  727.000  7.631170e-01 
  728.000  7.592727e-01 
  729.000  7.688958e-01 
  730.000  7.672354e-01 
  731.000  7.652205e-01 
  732.000  7.813547e-01 
  733.000  7.966204e-01 
  734.000  8.039263e-01 
  735.000  8.013888e-01 
  736.000  7.966169e-01 
  737.000  8.002757e-01 
  738.000  8.052807e-01 
  739.000  8.074468e-01 
  740.000  8.122019e-01 
  741.000  8.149574e-01 
  742.000  8.161337e-01 
  743.000  8.186299e-01 
  744.000  8.198040e-01 
  745.000  8.207174e-01 
  746.000  8.214434e-01 
  747.000  8.216769e-01 
  748.000  8.223695e-01 
  749.000  8.227510e-01 
  750.000  8.226398e-01 
  751.000  8.228263e-01 
  752.000  8.234521e-01 
  753.000  8.237486e-01 
  754.000  8.239965e-01 
  755.000  8.241812e-01 
  756.000  8.243712e-01 
  757.000  8.245046e-01 
  758.000  8.232518e-01 
  759.000  7.690949e-01 
  760.000  3.621904e-01 
  761.000  3.232602e-01 
  762.000  5.602698e-01 
  763.000  4.868241e-01 
  764.000  5.232052e-01 
  765.000  6.056155e-01 
  766.000  7.047278e-01 
  767.000  7.546151e-01 
  768.000  7.871995e-01 
  769.000  8.086867e-01 
  770.000  8.200176e-01 
  771.000  8.255583e-01 
  772.000  8.269048e-01 
  773.000  8.275209e-01 
  774.000  8.282815e-01 
  775.000  8.287024e-01 
  776.000  8.289989e-01 
  777.000  8.291118e-01 
  778.000  8.291420e-01 
  779.000  8.291571e-01 
  780.000  8.291675e-01 
  781.000  8.294460e-01 
  782.000  8.294486e-01 
  783.000  8.294592e-01 
  784.000  8.292950e-01 
  785.000  8.282585e-01 
  786.000  8.266487e-01 
  787.000  8.231149e-01 
  788.000  8.212446e-01 
  789.000  8.144519e-01 
  790.000  8.138984e-01 
  791.000  8.152202e-01 
  792.000  8.164381e-01 
  793.000  8.192399e-01 
  794.000  8.251459e-01 
  795.000  8.215823e-01 
  796.000  8.120092e-01 
  797.000  8.147865e-01 
  798.000  8.208739e-01 
  799.000  8.195162e-01 
  800.000  8.151286e-01 
  801.000  8.156807e-01 
  802.000  8.152589e-01 
  803.000  8.159283e-01 
  804.000  8.180231e-01 
  805.000  8.220146e-01 
  806.000  8.244003e-01 
  807.000  8.245286e-01 
  808.000  8.232145e-01 
  809.000  8.215952e-01 
  810.000  8.198229e-01 
  811.000  8.161491e-01 
  812.000  8.111942e-01 
  813.000  8.051009e-01 
  814.000  7.970248e-01 
  815.000  7.869447e-01 
  816.000  7.738379e-01 
  817.000  7.746335e-01 
  818.000  7.757342e-01 
  819.000  7.800604e-01 
  820.000  7.944822e-01 
  821.000  8.108459e-01 
  822.000  7.984454e-01 
  823.000  7.633612e-01 
  824.000  7.929913e-01 
  825.000  8.118010e-01 
  826.000  8.085766e-01 
  827.000  8.062261e-01 
  828.000  7.938542e-01 
  829.000  7.983499e-01 
  830.000  8.033589e-01 
  831.000  8.045347e-01 
  832.000  8.050297e-01 
  833.000  8.079062e-01 
  834.000  8.112813e-01 
  835.000  8.179613e-01 
  836.000  8.158200e-01 
  837.000  8.155947e-01 
  838.000  8.188593e-01 
  839.000  8.208392e-01 
  840.000  8.215704e-01 
  841.000  8.194484e-01 
  842.000  8.213812e-01 
  843.000  8.259442e-01 
  844.000  8.280149e-01 
  845.000  8.289894e-01 
  846.000  8.299670e-01 
  847.000  8.310861e-01 
  848.000  8.293266e-01 
  849.000  8.295814e-01 
  850.000  8.286943e-01 
  851.000  8.276315e-01 
  852.000  8.277575e-01 
  853.000  8.295612e-01 
  854.000  8.294794e-01 
  855.000  8.303929e-01 
  856.000  8.322281e-01 
  857.000  8.330233e-01 
  858.000  8.334365e-01 
  859.000  8.343533e-01 
  860.000  8.348347e-01 
  861.000  8.349255e-01 
  862.000  8.351911e-01 
  863.000  8.352448e-01 
  864.000  8.354338e-01 
  865.000  8.355923e-01 
  866.000  8.356503e-01 
  867.000  8.356459e-01 
  868.000  8.356887e-01 
  869.000  8.357558e-01 
  870.000  8.357424e-01 
  871.000  8.358067e-01 
  872.000  8.359343e-01 
  873.000  8.358477e-01 
  874.000  8.358099e-01 
  875.000  8.358167e-01 
  876.000  8.356502e-01 
  877.000  8.355754e-01 
  878.000  8.350097e-01 
  879.000  8.349892e-01 
  880.000  8.345064e-01 
  881.000  8.342355e-01 
  882.000  8.339759e-01 
  883.000  8.342676e-01 
  884.000  8.343950e-01 
  885.000  8.333838e-01 
  886.000  8.319716e-01 
  887.000  8.330873e-01 
  888.000  8.330389e-01 
  889.000  8.334122e-01 
  890.000  8.326067e-01 
  891.000  8.309501e-01 
  892.000  8.273430e-01 
  893.000  8.162657e-01 
  894.000  8.107656e-01 
  895.000  7.937191e-01 
  896.000  7.783791e-01 
  897.000  7.621155e-01 
  898.000  7.544757e-01 
  899.000  7.324930e-01 
  900.000  7.357518e-01 
  901.000  7.299821e-01 
  902.000  7.309740e-01 
  903.000  7.678604e-01 
  904.000  7.900191e-01 
  905.000  7.891765e-01 
  906.000  7.753413e-01 
  907.000  7.506429e-01 
  908.000  7.342082e-01 
  909.000  7.349560e-01 
  910.000  7.374670e-01 
  911.000  7.484164e-01 
  912.000  7.431273e-01 
  913.000  7.199638e-01 
  914.000  7.314479e-01 
  915.000  7.404186e-01 
  916.000  7.428201e-01 
  917.000  7.476400e-01 
  918.000  7.538661e-01 
  919.000  7.749813e-01 
  920.000  7.907451e-01 
  921.000  7.872431e-01 
  922.000  7.869422e-01 
  923.000  7.825429e-01 
  924.000  7.719299e-01 
  925.000  7.711310e-01 
  926.000  7.710872e-01 
  927.000  7.588021e-01 
  928.000  7.397370e-01 
  929.000  7.118456e-01 
  930.000  6.756971e-01 
  931.000  6.343073e-01 
  932.000  5.791364e-01 
  933.000  5.359330e-01 
  934.000  4.897240e-01 
  935.000  4.849007e-01 
  936.000  5.037612e-01 
  937.000  4.987853e-01 
  938.000  5.494673e-01 
  939.000  6.741009e-01 
  940.000  6.916825e-01 
  941.000  6.762167e-01 
  942.000  6.379657e-01 
  943.000  5.722374e-01 
  944.000  5.676717e-01 
  945.000  5.919016e-01 
  946.000  5.930799e-01 
  947.000  6.139245e-01 
  948.000  6.260440e-01 
  949.000  6.242651e-01 
  950.000  6.273049e-01 
  951.000  6.542093e-01 
  952.000  6.250839e-01 
  953.000  6.451948e-01 
  954.000  6.664414e-01 
  955.000  6.488218e-01 
  956.000  6.445199e-01 
  957.000  6.980434e-01 
  958.000  7.046451e-01 
  959.000  6.956927e-01 
  960.000  6.929966e-01 
  961.000  6.884675e-01 
  962.000  6.923906e-01 
  963.000  7.211024e-01 
  964.000  7.251102e-01 
  965.000  7.222875e-01 
  966.000  7.237300e-01 
  967.000  7.438348e-01 
  968.000  7.768942e-01 
  969.000  7.915832e-01 
  970.000  7.923332e-01 
  971.000  7.919760e-01 
  972.000  7.878158e-01 
  973.000  7.781428e-01 
  974.000  7.662610e-01 
  975.000  7.585755e-01 
  976.000  7.679681e-01 
  977.000  7.833579e-01 
  978.000  7.820736e-01 
  979.000  7.859936e-01 
  980.000  8.014968e-01 
  981.000  8.048893e-01 
  982.000  8.014102e-01 
  983.000  8.092977e-01 
  984.000  8.173886e-01 
  985.000  8.219632e-01 
  986.000  8.278537e-01 
  987.000  8.303903e-01 
  988.000  8.309630e-01 
  989.000  8.313291e-01 
  990.000  8.319480e-01 
  991.000  8.341344e-01 
  992.000  8.347573e-01 
  993.000  8.349293e-01 
  994.000  8.369046e-01 
  995.000  8.382573e-01 
  996.000  8.382507e-01 
  997.000  8.374088e-01 
  998.000  8.364252e-01 
  999.000  8.360621e-01 
 1000.000  8.363723e-01 
 1001.000  8.343338e-01 
 1002.000  8.309852e-01 
 1003.000  8.317890e-01 
 1004.000  8.337253e-01 
 1005.000  8.346124e-01 
 1006.000  8.348887e-01 
 1007.000  8.342548e-01 
 1008.000  8.315232e-01 
 1009.000  8.278602e-01 
 1010.000  8.294949e-01 
 1011.000  8.333814e-01 
 1012.000  8.348592e-01 
 1013.000  8.359600e-01 
 1014.000  8.364473e-01 
 1015.000  8.365350e-01 
 1016.000  8.370374e-01 
 1017.000  8.373465e-01 
 1018.000  8.367010e-01 
 1019.000  8.353384e-01 
 1020.000  8.358132e-01 
 1021.000  8.367936e-01 
 1022.000  8.351995e-01 
 1023.000  8.338234e-01 
 1024.000  8.329940e-01 
 1025.000  8.354330e-01 
 1026.000  8.365357e-01 
 1027.000  8.360485e-01 
 1028.000  8.364189e-01 
 1029.000  8.374960e-01 
 1030.000  8.384830e-01 
 1031.000  8.389813e-01 
 1032.000  8.393583e-01 
 1033.000  8.394298e-01 
 1034.000  8.396588e-01 
 1035.000  8.397272e-01 
 1036.000  8.395631e-01 
 1037.000  8.395028e-01 
 1038.000  8.395648e-01 
 1039.000  8.394000e-01 
 1040.000  8.392360e-01 
 1041.000  8.391041e-01 
 1042.000  8.390515e-01 
 1043.000  8.390145e-01 
 1044.000  8.388768e-01 
 1045.000  8.385443e-01 
 1046.000  8.383047e-01 
 1047.000  8.380047e-01 
 1048.000  8.375371e-01 
 1049.000  8.370169e-01 
 1050.000  8.366357e-01 
 1051.000  8.361917e-01 
 1052.000  8.358178e-01 
 1053.000  8.356667e-01 
 1054.000  8.351617e-01 
 1055.000  8.346313e-01 
 1056.000  8.341265e-01 
 1057.000  8.330612e-01 
 1058.000  8.312449e-01 
 1059.000  8.312032e-01 
 1060.000  8.318934e-01 
 1061.000  8.316105e-01 
 1062.000  8.303937e-01 
 1063.000  8.297516e-01 
 1064.000  8.286462e-01 
 1065.000  8.275635e-01 
 1066.000  8.276257e-01 
 1067.000  8.269476e-01 
 1068.000  8.249884e-01 
 1069.000  8.244206e-01 
 1070.000  8.250626e-01 
 1071.000  8.239954e-01 
 1072.000  8.227964e-01 
 1073.000  8.227265e-01 
 1074.000  8.231170e-01 
 1075.000  8.253511e-01 
 1076.000  8.242357e-01 
 1077.000  8.226655e-01 
 1078.000  8.207811e-01 
 1079.000  8.206598e-01 
 1080.000  8.153256e-01 
 1081.000  8.151222e-01 
 1082.000  8.176225e-01 
 1083.000  8.148468e-01 
 1084.000  8.117687e-01 
 1085.000  8.042566e-01 
 1086.000  8.061259e-01 
 1087.000  8.145542e-01 
 1088.000  8.149410e-01 
 1089.000  8.048695e-01 
 1090.000  8.030351e-01 
 1091.000  8.050498e-01 
 1092.000  8.000898e-01 
 1093.000  7.888095e-01 
 1094.000  7.838908e-01 
 1095.000  7.847578e-01 
 1096.000  7.855809e-01 
 1097.000  7.834106e-01 
 1098.000  7.554944e-01 
 1099.000  7.313619e-01 
 1100.000  7.330691e-01 
 1101.000  7.364972e-01 
 1102.000  7.349879e-01 
 1103.000  7.373136e-01 
 1104.000  7.333497e-01 
 1105.000  7.232076e-01 
 1106.000  7.127960e-01 
 1107.000  7.155707e-01 
 1108.000  7.177201e-01 
 1109.000  7.269392e-01 
 1110.000  7.262852e-01 
 1111.000  7.215953e-01 
 1112.000  6.999434e-01 
 1113.000  6.701809e-01 
 1114.000  6.628014e-01 
 1115.000  6.254914e-01 
 1116.000  6.018289e-01 
 1117.000  5.446595e-01 
 1118.000  4.910878e-01 
 1119.000  4.624908e-01 
 1120.000  4.253826e-01 
 1121.000  4.171776e-01 
 1122.000  3.764246e-01 
 1123.000  3.995480e-01 
 1124.000  4.148336e-01 
 1125.000  4.070175e-01 
 1126.000  4.037513e-01 
 1127.000  4.068905e-01 
 1128.000  4.130275e-01 
 1129.000  4.519901e-01 
 1130.000  5.399778e-01 
 1131.000  5.645267e-01 
 1132.000  5.311183e-01 
 1133.000  4.673862e-01 
 1134.000  3.448193e-01 
 1135.000  3.543865e-01 
 1136.000  4.760453e-01 
 1137.000  5.382438e-01 
 1138.000  5.955685e-01 
 1139.000  6.115276e-01 
 1140.000  6.007721e-01 
 1141.000  5.782276e-01 
 1142.000  5.704813e-01 
 1143.000  5.458536e-01 
 1144.000  5.174267e-01 
 1145.000  4.754865e-01 
 1146.000  4.854528e-01 
 1147.000  5.180555e-01 
 1148.000  5.464184e-01 
 1149.000  5.574800e-01 
 1150.000  5.573955e-01 
