  320.000  2.495604e-01 
  321.000  2.990853e-01 
  322.000  2.797691e-01 
  323.000  3.042233e-01 
  324.000  3.285180e-01 
  325.000  3.104375e-01 
  326.000  3.400554e-01 
  327.000  3.482701e-01 
  328.000  3.305014e-01 
  329.000  3.645224e-01 
  330.000  3.698825e-01 
  331.000  3.592684e-01 
  332.000  3.797331e-01 
  333.000  3.856776e-01 
  334.000  3.807975e-01 
  335.000  3.957239e-01 
  336.000  4.017517e-01 
  337.000  3.992126e-01 
  338.000  4.062684e-01 
  339.000  4.135364e-01 
  340.000  4.123430e-01 
  341.000  4.193892e-01 
  342.000  4.245339e-01 
  343.000  4.271153e-01 
  344.000  4.276426e-01 
  345.000  4.345987e-01 
  346.000  4.389842e-01 
  347.000  4.425560e-01 
  348.000  4.458984e-01 
  349.000  4.496491e-01 
  350.000  4.528520e-01 
  351.000  4.560391e-01 
  352.000  4.586515e-01 
  353.000  4.623629e-01 
  354.000  4.655193e-01 
  355.000  4.684539e-01 
  356.000  4.713110e-01 
  357.000  4.738518e-01 
  358.000  4.765834e-01 
  359.000  4.793101e-01 
  360.000  4.821002e-01 
  361.000  4.856217e-01 
  362.000  4.892845e-01 
  363.000  4.926544e-01 
  364.000  4.957525e-01 
  365.000  4.986560e-01 
  366.000  5.016222e-01 
  367.000  5.044438e-01 
  368.000  5.072374e-01 
  369.000  5.100046e-01 
  370.000  5.127408e-01 
  371.000  5.154533e-01 
  372.000  5.181412e-01 
  373.000  5.208041e-01 
  374.000  5.234221e-01 
  375.000  5.259874e-01 
  376.000  5.284636e-01 
  377.000  5.308022e-01 
  378.000  5.329729e-01 
  379.000  5.351770e-01 
  380.000  5.375993e-01 
  381.000  5.403545e-01 
  382.000  5.432072e-01 
  383.000  5.459024e-01 
  384.000  5.484570e-01 
  385.000  5.509163e-01 
  386.000  5.533106e-01 
  387.000  5.556644e-01 
  388.000  5.579864e-01 
  389.000  5.602873e-01 
  390.000  5.625679e-01 
  391.000  5.648234e-01 
  392.000  5.670605e-01 
  393.000  5.692773e-01 
  394.000  5.714718e-01 
  395.000  5.736423e-01 
  396.000  5.757970e-01 
  397.000  5.779251e-01 
  398.000  5.800321e-01 
  399.000  5.821196e-01 
  400.000  5.841768e-01 
  401.000  5.862245e-01 
  402.000  5.882543e-01 
  403.000  5.902652e-01 
  404.000  5.922569e-01 
  405.000  5.942253e-01 
  406.000  5.961793e-01 
  407.000  5.981166e-01 
  408.000  6.000357e-01 
  409.000  6.019347e-01 
  410.000  6.038143e-01 
  411.000  6.056741e-01 
  412.000  6.075128e-01 
  413.000  6.093398e-01 
  414.000  6.110345e-01 
  415.000  6.128668e-01 
  416.000  6.146747e-01 
  417.000  6.164514e-01 
  418.000  6.181862e-01 
  419.000  6.199008e-01 
  420.000  6.215988e-01 
  421.000  6.232858e-01 
  422.000  6.249614e-01 
  423.000  6.266236e-01 
  424.000  6.282651e-01 
  425.000  6.298683e-01 
  426.000  6.314548e-01 
  427.000  6.330266e-01 
  428.000  6.345696e-01 
  429.000  6.360903e-01 
  430.000  6.375926e-01 
  431.000  6.390828e-01 
  432.000  6.405568e-01 
  433.000  6.420160e-01 
  434.000  6.434623e-01 
  435.000  6.448937e-01 
  436.000  6.463084e-01 
  437.000  6.477072e-01 
  438.000  6.490893e-01 
  439.000  6.504602e-01 
  440.000  6.518084e-01 
  441.000  6.531389e-01 
  442.000  6.544477e-01 
  443.000  6.557363e-01 
  444.000  6.570041e-01 
  445.000  6.582441e-01 
  446.000  6.594492e-01 
  447.000  6.607125e-01 
  448.000  6.620664e-01 
  449.000  6.634362e-01 
  450.000  6.647791e-01 
  451.000  6.660690e-01 
  452.000  6.673131e-01 
  453.000  6.685313e-01 
  454.000  6.697270e-01 
  455.000  6.708529e-01 
  456.000  6.718875e-01 
  457.000  6.729221e-01 
  458.000  6.739424e-01 
  459.000  6.749408e-01 
  460.000  6.759309e-01 
  461.000  6.769102e-01 
  462.000  6.778705e-01 
  463.000  6.788264e-01 
  464.000  6.800704e-01 
  465.000  6.812953e-01 
  466.000  6.824980e-01 
  467.000  6.836725e-01 
  468.000  6.846289e-01 
  469.000  6.854523e-01 
  470.000  6.862093e-01 
  471.000  6.868907e-01 
  472.000  6.874691e-01 
  473.000  6.878744e-01 
  474.000  6.882073e-01 
  475.000  6.882927e-01 
  476.000  6.881280e-01 
  477.000  6.881246e-01 
  478.000  6.890873e-01 
  479.000  6.905524e-01 
  480.000  6.921328e-01 
  481.000  6.935499e-01 
  482.000  6.948785e-01 
  483.000  6.960329e-01 
  484.000  6.970249e-01 
  485.000  6.979116e-01 
  486.000  6.988571e-01 
  487.000  6.998520e-01 
  488.000  7.008147e-01 
  489.000  7.017593e-01 
  490.000  7.026926e-01 
  491.000  7.034231e-01 
  492.000  7.040908e-01 
  493.000  7.047551e-01 
  494.000  7.054004e-01 
  495.000  7.060454e-01 
  496.000  7.063779e-01 
  497.000  7.066976e-01 
  498.000  7.070126e-01 
  499.000  7.073106e-01 
  500.000  7.076039e-01 
  501.000  7.078645e-01 
  502.000  7.081252e-01 
  503.000  7.083825e-01 
  504.000  7.086281e-01 
  505.000  7.088601e-01 
  506.000  7.095398e-01 
  507.000  7.102390e-01 
  508.000  7.109370e-01 
  509.000  7.116268e-01 
  510.000  7.123018e-01 
  511.000  7.129068e-01 
  512.000  7.134909e-01 
  513.000  7.140715e-01 
  514.000  7.146448e-01 
  515.000  7.152129e-01 
  516.000  7.156188e-01 
  517.000  7.158789e-01 
  518.000  7.161319e-01 
  519.000  7.163800e-01 
  520.000  7.166257e-01 
  521.000  7.168458e-01 
  522.000  7.170045e-01 
  523.000  7.171190e-01 
  524.000  7.172372e-01 
  525.000  7.173305e-01 
  526.000  7.174612e-01 
  527.000  7.174823e-01 
  528.000  7.174588e-01 
  529.000  7.174342e-01 
  530.000  7.174150e-01 
  531.000  7.173992e-01 
  532.000  7.174346e-01 
  533.000  7.177534e-01 
  534.000  7.181559e-01 
  535.000  7.186102e-01 
  536.000  7.190493e-01 
  537.000  7.194509e-01 
  538.000  7.198099e-01 
  539.000  7.201427e-01 
  540.000  7.204547e-01 
  541.000  7.207575e-01 
  542.000  7.210472e-01 
  543.000  7.213265e-01 
  544.000  7.215377e-01 
  545.000  7.216933e-01 
  546.000  7.218417e-01 
  547.000  7.219943e-01 
  548.000  7.221392e-01 
  549.000  7.222819e-01 
  550.000  7.223510e-01 
  551.000  7.223474e-01 
  552.000  7.223465e-01 
  553.000  7.223307e-01 
  554.000  7.223079e-01 
  555.000  7.222811e-01 
  556.000  7.222267e-01 
  557.000  7.221246e-01 
  558.000  7.220141e-01 
  559.000  7.218908e-01 
  560.000  7.217363e-01 
  561.000  7.215528e-01 
  562.000  7.211217e-01 
  563.000  7.208921e-01 
  564.000  7.205828e-01 
  565.000  7.200948e-01 
  566.000  7.198143e-01 
  567.000  7.186755e-01 
  568.000  7.150190e-01 
  569.000  7.070212e-01 
  570.000  7.082415e-01 
  571.000  7.138916e-01 
  572.000  7.084351e-01 
  573.000  7.098770e-01 
  574.000  7.102484e-01 
  575.000  7.099016e-01 
  576.000  7.100966e-01 
  577.000  7.120155e-01 
  578.000  7.144521e-01 
  579.000  7.164381e-01 
  580.000  7.180670e-01 
  581.000  7.205393e-01 
  582.000  7.221389e-01 
  583.000  7.230245e-01 
  584.000  7.238522e-01 
  585.000  7.244285e-01 
  586.000  7.250457e-01 
  587.000  7.228393e-01 
  588.000  7.118511e-01 
  589.000  6.946322e-01 
  590.000  6.936964e-01 
  591.000  7.056714e-01 
  592.000  6.995202e-01 
  593.000  7.131745e-01 
  594.000  7.103222e-01 
  595.000  7.009555e-01 
  596.000  7.142577e-01 
  597.000  7.110540e-01 
  598.000  7.163593e-01 
  599.000  7.183902e-01 
  600.000  7.231736e-01 
  601.000  7.262959e-01 
  602.000  7.271715e-01 
  603.000  7.285588e-01 
  604.000  7.300594e-01 
  605.000  7.310782e-01 
  606.000  7.317740e-01 
  607.000  7.324445e-01 
  608.000  7.330652e-01 
  609.000  7.336573e-01 
  610.000  7.342671e-01 
  611.000  7.349442e-01 
  612.000  7.356071e-01 
  613.000  7.362492e-01 
  614.000  7.368723e-01 
  615.000  7.374936e-01 
  616.000  7.380921e-01 
  617.000  7.386572e-01 
  618.000  7.391310e-01 
  619.000  7.395317e-01 
  620.000  7.399026e-01 
  621.000  7.402213e-01 
  622.000  7.404876e-01 
  623.000  7.406657e-01 
  624.000  7.408548e-01 
  625.000  7.410118e-01 
  626.000  7.405916e-01 
  627.000  7.361527e-01 
  628.000  7.143607e-01 
  629.000  7.270301e-01 
  630.000  7.310124e-01 
  631.000  7.352377e-01 
  632.000  7.335455e-01 
  633.000  7.397624e-01 
  634.000  7.425101e-01 
  635.000  7.435238e-01 
  636.000  7.452564e-01 
  637.000  7.466638e-01 
  638.000  7.497162e-01 
  639.000  7.506168e-01 
  640.000  7.525553e-01 
  641.000  7.533273e-01 
  642.000  7.547510e-01 
  643.000  7.537534e-01 
  644.000  7.543365e-01 
  645.000  7.525772e-01 
  646.000  7.432882e-01 
  647.000  7.369565e-01 
  648.000  7.298450e-01 
  649.000  7.367900e-01 
  650.000  7.498444e-01 
  651.000  7.501884e-01 
  652.000  7.393380e-01 
  653.000  7.525724e-01 
  654.000  7.515067e-01 
  655.000  7.471608e-01 
  656.000  7.491558e-01 
  657.000  7.520546e-01 
  658.000  7.568178e-01 
  659.000  7.597428e-01 
  660.000  7.612168e-01 
  661.000  7.648277e-01 
  662.000  7.666148e-01 
  663.000  7.666951e-01 
  664.000  7.676025e-01 
  665.000  7.684278e-01 
  666.000  7.694017e-01 
  667.000  7.702163e-01 
  668.000  7.711788e-01 
  669.000  7.718384e-01 
  670.000  7.724106e-01 
  671.000  7.730191e-01 
  672.000  7.735521e-01 
  673.000  7.740736e-01 
  674.000  7.745897e-01 
  675.000  7.751073e-01 
  676.000  7.755905e-01 
  677.000  7.760355e-01 
  678.000  7.764823e-01 
  679.000  7.768306e-01 
  680.000  7.767525e-01 
  681.000  7.765641e-01 
  682.000  7.767699e-01 
  683.000  7.768017e-01 
  684.000  7.761707e-01 
  685.000  7.771612e-01 
  686.000  7.741951e-01 
  687.000  6.748561e-01 
  688.000  7.062564e-01 
  689.000  6.970634e-01 
  690.000  7.134461e-01 
  691.000  7.341350e-01 
  692.000  7.454923e-01 
  693.000  7.362589e-01 
  694.000  7.248258e-01 
  695.000  7.348510e-01 
  696.000  7.407407e-01 
  697.000  7.665243e-01 
  698.000  7.611454e-01 
  699.000  7.379144e-01 
  700.000  7.417432e-01 
  701.000  7.365674e-01 
  702.000  7.403637e-01 
  703.000  7.597998e-01 
  704.000  7.606435e-01 
  705.000  7.526282e-01 
  706.000  7.542011e-01 
  707.000  7.570797e-01 
  708.000  7.601932e-01 
  709.000  7.665589e-01 
  710.000  7.597902e-01 
  711.000  7.667063e-01 
  712.000  7.726001e-01 
  713.000  7.678616e-01 
  714.000  7.662545e-01 
  715.000  7.585291e-01 
  716.000  7.504770e-01 
  717.000  7.001603e-01 
  718.000  6.694791e-01 
  719.000  6.584592e-01 
  720.000  6.419864e-01 
  721.000  7.145971e-01 
  722.000  7.407278e-01 
  723.000  7.259151e-01 
  724.000  6.841393e-01 
  725.000  6.902438e-01 
  726.000  6.882850e-01 
  727.000  6.941652e-01 
  728.000  6.877350e-01 
  729.000  7.036760e-01 
  730.000  7.009069e-01 
  731.000  6.975663e-01 
  732.000  7.245646e-01 
  733.000  7.506074e-01 
  734.000  7.631969e-01 
  735.000  7.587364e-01 
  736.000  7.504441e-01 
  737.000  7.566747e-01 
  738.000  7.652535e-01 
  739.000  7.689448e-01 
  740.000  7.771584e-01 
  741.000  7.819027e-01 
  742.000  7.838878e-01 
  743.000  7.882706e-01 
  744.000  7.902058e-01 
  745.000  7.917202e-01 
  746.000  7.928779e-01 
  747.000  7.931574e-01 
  748.000  7.942049e-01 
  749.000  7.947356e-01 
  750.000  7.944079e-01 
  751.000  7.945921e-01 
  752.000  7.955405e-01 
  753.000  7.959223e-01 
  754.000  7.962179e-01 
  755.000  7.964013e-01 
  756.000  7.965949e-01 
  757.000  7.967281e-01 
  758.000  7.954835e-01 
  759.000  7.422116e-01 
  760.000  3.445836e-01 
  761.000  3.068868e-01 
  762.000  5.374570e-01 
  763.000  4.657651e-01 
  764.000  5.012535e-01 
  765.000  5.818228e-01 
  766.000  6.789880e-01 
  767.000  7.279988e-01 
  768.000  7.600439e-01 
  769.000  7.811913e-01 
  770.000  7.923688e-01 
  771.000  7.978114e-01 
  772.000  7.991378e-01 
  773.000  7.997351e-01 
  774.000  8.004523e-01 
  775.000  8.008769e-01 
  776.000  8.011864e-01 
  777.000  8.012583e-01 
  778.000  8.012168e-01 
  779.000  8.011673e-01 
  780.000  8.011163e-01 
  781.000  8.015341e-01 
  782.000  8.014698e-01 
  783.000  8.014199e-01 
  784.000  8.010822e-01 
  785.000  7.992687e-01 
  786.000  7.964762e-01 
  787.000  7.902445e-01 
  788.000  7.869649e-01 
  789.000  7.753218e-01 
  790.000  7.743070e-01 
  791.000  7.764852e-01 
  792.000  7.785016e-01 
  793.000  7.832220e-01 
  794.000  7.932596e-01 
  795.000  7.870992e-01 
  796.000  7.707657e-01 
  797.000  7.754101e-01 
  798.000  7.857095e-01 
  799.000  7.833409e-01 
  800.000  7.758210e-01 
  801.000  7.767001e-01 
  802.000  7.759285e-01 
  803.000  7.770129e-01 
  804.000  7.805299e-01 
  805.000  7.872829e-01 
  806.000  7.913136e-01 
  807.000  7.914795e-01 
  808.000  7.891707e-01 
  809.000  7.863364e-01 
  810.000  7.832304e-01 
  811.000  7.768851e-01 
  812.000  7.683595e-01 
  813.000  7.579455e-01 
  814.000  7.442536e-01 
  815.000  7.272826e-01 
  816.000  7.057033e-01 
  817.000  7.068498e-01 
  818.000  7.085810e-01 
  819.000  7.156829e-01 
  820.000  7.394862e-01 
  821.000  7.668223e-01 
  822.000  7.459915e-01 
  823.000  6.885540e-01 
  824.000  7.368831e-01 
  825.000  7.683223e-01 
  826.000  7.629639e-01 
  827.000  7.589673e-01 
  828.000  7.382644e-01 
  829.000  7.456846e-01 
  830.000  7.540298e-01 
  831.000  7.559935e-01 
  832.000  7.568765e-01 
  833.000  7.617044e-01 
  834.000  7.674004e-01 
  835.000  7.787207e-01 
  836.000  7.750752e-01 
  837.000  7.746904e-01 
  838.000  7.801954e-01 
  839.000  7.835385e-01 
  840.000  7.847455e-01 
  841.000  7.811027e-01 
  842.000  7.843550e-01 
  843.000  7.921026e-01 
  844.000  7.956178e-01 
  845.000  7.972504e-01 
  846.000  7.989686e-01 
  847.000  8.008639e-01 
  848.000  7.977059e-01 
  849.000  7.980964e-01 
  850.000  7.965298e-01 
  851.000  7.946669e-01 
  852.000  7.948402e-01 
  853.000  7.978892e-01 
  854.000  7.977145e-01 
  855.000  7.992432e-01 
  856.000  8.024346e-01 
  857.000  8.037065e-01 
  858.000  8.044108e-01 
  859.000  8.059378e-01 
  860.000  8.066782e-01 
  861.000  8.067955e-01 
  862.000  8.072183e-01 
  863.000  8.072707e-01 
  864.000  8.075597e-01 
  865.000  8.077955e-01 
  866.000  8.078558e-01 
  867.000  8.078097e-01 
  868.000  8.078441e-01 
  869.000  8.079204e-01 
  870.000  8.078592e-01 
  871.000  8.079313e-01 
  872.000  8.081115e-01 
  873.000  8.079256e-01 
  874.000  8.078236e-01 
  875.000  8.077973e-01 
  876.000  8.074752e-01 
  877.000  8.073326e-01 
  878.000  8.063517e-01 
  879.000  8.062820e-01 
  880.000  8.054342e-01 
  881.000  8.049449e-01 
  882.000  8.045061e-01 
  883.000  8.049267e-01 
  884.000  8.051035e-01 
  885.000  8.033658e-01 
  886.000  8.010216e-01 
  887.000  8.028744e-01 
  888.000  8.027552e-01 
  889.000  8.033121e-01 
  890.000  8.018801e-01 
  891.000  7.989464e-01 
  892.000  7.927768e-01 
  893.000  7.741356e-01 
  894.000  7.648388e-01 
  895.000  7.367613e-01 
  896.000  7.116961e-01 
  897.000  6.854166e-01 
  898.000  6.731797e-01 
  899.000  6.391479e-01 
  900.000  6.439620e-01 
  901.000  6.351773e-01 
  902.000  6.368731e-01 
  903.000  6.941329e-01 
  904.000  7.295751e-01 
  905.000  7.283340e-01 
  906.000  7.061520e-01 
  907.000  6.672731e-01 
  908.000  6.418788e-01 
  909.000  6.429033e-01 
  910.000  6.466879e-01 
  911.000  6.635067e-01 
  912.000  6.553504e-01 
  913.000  6.201734e-01 
  914.000  6.375208e-01 
  915.000  6.512882e-01 
  916.000  6.550554e-01 
  917.000  6.625984e-01 
  918.000  6.723576e-01 
  919.000  7.056591e-01 
  920.000  7.310713e-01 
  921.000  7.255057e-01 
  922.000  7.250316e-01 
  923.000  7.179359e-01 
  924.000  7.009453e-01 
  925.000  6.994230e-01 
  926.000  6.987281e-01 
  927.000  6.787834e-01 
  928.000  6.483600e-01 
  929.000  6.049903e-01 
  930.000  5.508348e-01 
  931.000  4.916994e-01 
  932.000  4.159076e-01 
  933.000  3.618500e-01 
  934.000  3.083704e-01 
  935.000  3.025948e-01 
  936.000  3.231489e-01 
  937.000  3.180664e-01 
  938.000  3.783621e-01 
  939.000  5.425436e-01 
  940.000  5.680713e-01 
  941.000  5.463731e-01 
  942.000  4.935326e-01 
  943.000  4.079600e-01 
  944.000  4.019695e-01 
  945.000  4.321131e-01 
  946.000  4.339732e-01 
  947.000  4.616958e-01 
  948.000  4.780717e-01 
  949.000  4.761408e-01 
  950.000  4.804038e-01 
  951.000  5.173008e-01 
  952.000  4.782706e-01 
  953.000  5.059851e-01 
  954.000  5.360691e-01 
  955.000  5.121219e-01 
  956.000  5.071312e-01 
  957.000  5.834889e-01 
  958.000  5.937313e-01 
  959.000  5.810955e-01 
  960.000  5.775301e-01 
  961.000  5.712397e-01 
  962.000  5.771967e-01 
  963.000  6.198180e-01 
  964.000  6.260664e-01 
  965.000  6.220873e-01 
  966.000  6.245300e-01 
  967.000  6.553520e-01 
  968.000  7.073371e-01 
  969.000  7.310720e-01 
  970.000  7.323941e-01 
  971.000  7.318366e-01 
  972.000  7.250834e-01 
  973.000  7.095544e-01 
  974.000  6.907434e-01 
  975.000  6.787064e-01 
  976.000  6.934256e-01 
  977.000  7.178717e-01 
  978.000  7.159246e-01 
  979.000  7.223297e-01 
  980.000  7.474586e-01 
  981.000  7.530693e-01 
  982.000  7.475035e-01 
  983.000  7.604719e-01 
  984.000  7.738481e-01 
  985.000  7.814661e-01 
  986.000  7.913093e-01 
  987.000  7.955843e-01 
  988.000  7.965655e-01 
  989.000  7.971905e-01 
  990.000  7.982269e-01 
  991.000  8.018894e-01 
  992.000  8.029233e-01 
  993.000  8.033043e-01 
  994.000  8.066090e-01 
  995.000  8.088098e-01 
  996.000  8.087819e-01 
  997.000  8.073174e-01 
  998.000  8.057036e-01 
  999.000  8.050795e-01 
 1000.000  8.055724e-01 
 1001.000  8.020512e-01 
 1002.000  7.964277e-01 
 1003.000  7.977517e-01 
 1004.000  8.009723e-01 
 1005.000  8.024397e-01 
 1006.000  8.029126e-01 
 1007.000  8.018309e-01 
 1008.000  7.972480e-01 
 1009.000  7.911310e-01 
 1010.000  7.938486e-01 
 1011.000  8.003437e-01 
 1012.000  8.028169e-01 
 1013.000  8.047649e-01 
 1014.000  8.055785e-01 
 1015.000  8.057339e-01 
 1016.000  8.066133e-01 
 1017.000  8.071220e-01 
 1018.000  8.060189e-01 
 1019.000  8.037573e-01 
 1020.000  8.045508e-01 
 1021.000  8.061799e-01 
 1022.000  8.034456e-01 
 1023.000  8.011595e-01 
 1024.000  7.997930e-01 
 1025.000  8.039934e-01 
 1026.000  8.058543e-01 
 1027.000  8.050701e-01 
 1028.000  8.057268e-01 
 1029.000  8.075112e-01 
 1030.000  8.092090e-01 
 1031.000  8.100892e-01 
 1032.000  8.108051e-01 
 1033.000  8.109756e-01 
 1034.000  8.113903e-01 
 1035.000  8.115944e-01 
 1036.000  8.115049e-01 
 1037.000  8.115611e-01 
 1038.000  8.116865e-01 
 1039.000  8.114544e-01 
 1040.000  8.112592e-01 
 1041.000  8.111052e-01 
 1042.000  8.110646e-01 
 1043.000  8.110657e-01 
 1044.000  8.109328e-01 
 1045.000  8.104963e-01 
 1046.000  8.102060e-01 
 1047.000  8.098653e-01 
 1048.000  8.094561e-01 
 1049.000  8.090684e-01 
 1050.000  8.086144e-01 
 1051.000  8.079415e-01 
 1052.000  8.075145e-01 
 1053.000  8.074784e-01 
 1054.000  8.068030e-01 
 1055.000  8.061402e-01 
 1056.000  8.055956e-01 
 1057.000  8.041206e-01 
 1058.000  8.013899e-01 
 1059.000  8.016087e-01 
 1060.000  8.030599e-01 
 1061.000  8.027449e-01 
 1062.000  8.010242e-01 
 1063.000  8.004155e-01 
 1064.000  7.989494e-01 
 1065.000  7.972283e-01 
 1066.000  7.973704e-01 
 1067.000  7.963752e-01 
 1068.000  7.928232e-01 
 1069.000  7.910085e-01 
 1070.000  7.914557e-01 
 1071.000  7.891266e-01 
 1072.000  7.867594e-01 
 1073.000  7.862510e-01 
 1074.000  7.865248e-01 
 1075.000  7.898708e-01 
 1076.000  7.876757e-01 
 1077.000  7.847573e-01 
 1078.000  7.813383e-01 
 1079.000  7.808468e-01 
 1080.000  7.718160e-01 
 1081.000  7.712652e-01 
 1082.000  7.751780e-01 
 1083.000  7.703697e-01 
 1084.000  7.651265e-01 
 1085.000  7.527082e-01 
 1086.000  7.555627e-01 
 1087.000  7.691533e-01 
 1088.000  7.696639e-01 
 1089.000  7.530563e-01 
 1090.000  7.499084e-01 
 1091.000  7.530152e-01 
 1092.000  7.447705e-01 
 1093.000  7.264857e-01 
 1094.000  7.185368e-01 
 1095.000  7.197812e-01 
 1096.000  7.208901e-01 
 1097.000  7.171933e-01 
 1098.000  6.731924e-01 
 1099.000  6.360731e-01 
 1100.000  6.385266e-01 
 1101.000  6.435768e-01 
 1102.000  6.410210e-01 
 1103.000  6.443356e-01 
 1104.000  6.381149e-01 
 1105.000  6.225825e-01 
 1106.000  6.070691e-01 
 1107.000  6.107629e-01 
 1108.000  6.133773e-01 
 1109.000  6.263737e-01 
 1110.000  6.243947e-01 
 1111.000  6.168457e-01 
 1112.000  5.842851e-01 
 1113.000  5.401263e-01 
 1114.000  5.276522e-01 
 1115.000  4.745441e-01 
 1116.000  4.423753e-01 
 1117.000  3.707636e-01 
 1118.000  3.074463e-01 
 1119.000  2.746854e-01 
 1120.000  2.358130e-01 
 1121.000  2.273019e-01 
 1122.000  1.895287e-01 
 1123.000  2.093210e-01 
 1124.000  2.229526e-01 
 1125.000  2.156098e-01 
 1126.000  2.127776e-01 
 1127.000  2.161703e-01 
 1128.000  2.227468e-01 
 1129.000  2.613032e-01 
 1130.000  3.557921e-01 
 1131.000  3.843549e-01 
 1132.000  3.452004e-01 
 1133.000  2.770612e-01 
 1134.000  1.638676e-01 
 1135.000  1.720123e-01 
 1136.000  2.873053e-01 
 1137.000  3.559877e-01 
 1138.000  4.261148e-01 
 1139.000  4.489418e-01 
 1140.000  4.353319e-01 
 1141.000  4.083627e-01 
 1142.000  3.987270e-01 
 1143.000  3.689318e-01 
 1144.000  3.362249e-01 
 1145.000  2.902086e-01 
 1146.000  3.009833e-01 
 1147.000  3.372080e-01 
 1148.000  3.701955e-01 
 1149.000  3.839594e-01 
 1150.000  3.852507e-01 
