  320.000  1.706240e-01 
  321.000  2.112695e-01 
  322.000  1.952598e-01 
  323.000  2.155600e-01 
  324.000  2.360216e-01 
  325.000  2.207667e-01 
  326.000  2.458360e-01 
  327.000  2.528607e-01 
  328.000  2.377045e-01 
  329.000  2.668464e-01 
  330.000  2.714839e-01 
  331.000  2.623126e-01 
  332.000  2.800381e-01 
  333.000  2.852198e-01 
  334.000  2.809649e-01 
  335.000  2.940095e-01 
  336.000  2.993028e-01 
  337.000  2.970713e-01 
  338.000  3.032785e-01 
  339.000  3.096927e-01 
  340.000  3.086381e-01 
  341.000  3.148728e-01 
  342.000  3.194369e-01 
  343.000  3.217308e-01 
  344.000  3.221996e-01 
  345.000  3.283947e-01 
  346.000  3.323097e-01 
  347.000  3.355034e-01 
  348.000  3.384963e-01 
  349.000  3.418595e-01 
  350.000  3.447356e-01 
  351.000  3.476011e-01 
  352.000  3.499526e-01 
  353.000  3.532975e-01 
  354.000  3.561460e-01 
  355.000  3.587976e-01 
  356.000  3.613819e-01 
  357.000  3.636824e-01 
  358.000  3.661583e-01 
  359.000  3.686322e-01 
  360.000  3.711664e-01 
  361.000  3.743685e-01 
  362.000  3.777037e-01 
  363.000  3.807760e-01 
  364.000  3.836041e-01 
  365.000  3.862572e-01 
  366.000  3.889706e-01 
  367.000  3.915544e-01 
  368.000  3.941152e-01 
  369.000  3.966541e-01 
  370.000  3.991672e-01 
  371.000  4.016609e-01 
  372.000  4.041342e-01 
  373.000  4.065869e-01 
  374.000  4.090003e-01 
  375.000  4.113674e-01 
  376.000  4.136542e-01 
  377.000  4.158157e-01 
  378.000  4.178236e-01 
  379.000  4.198638e-01 
  380.000  4.221078e-01 
  381.000  4.246624e-01 
  382.000  4.273099e-01 
  383.000  4.298135e-01 
  384.000  4.321885e-01 
  385.000  4.344768e-01 
  386.000  4.367065e-01 
  387.000  4.389001e-01 
  388.000  4.410656e-01 
  389.000  4.432132e-01 
  390.000  4.453434e-01 
  391.000  4.474517e-01 
  392.000  4.495442e-01 
  393.000  4.516192e-01 
  394.000  4.536748e-01 
  395.000  4.557093e-01 
  396.000  4.577304e-01 
  397.000  4.597279e-01 
  398.000  4.617068e-01 
  399.000  4.636688e-01 
  400.000  4.656034e-01 
  401.000  4.675304e-01 
  402.000  4.694418e-01 
  403.000  4.713365e-01 
  404.000  4.732143e-01 
  405.000  4.750712e-01 
  406.000  4.769156e-01 
  407.000  4.787454e-01 
  408.000  4.805590e-01 
  409.000  4.823546e-01 
  410.000  4.841330e-01 
  411.000  4.858935e-01 
  412.000  4.876351e-01 
  413.000  4.893664e-01 
  414.000  4.909734e-01 
  415.000  4.927116e-01 
  416.000  4.944276e-01 
  417.000  4.961148e-01 
  418.000  4.977632e-01 
  419.000  4.993931e-01 
  420.000  5.010082e-01 
  421.000  5.026135e-01 
  422.000  5.042087e-01 
  423.000  5.057918e-01 
  424.000  5.073562e-01 
  425.000  5.088846e-01 
  426.000  5.103980e-01 
  427.000  5.118979e-01 
  428.000  5.133709e-01 
  429.000  5.148233e-01 
  430.000  5.162587e-01 
  431.000  5.176833e-01 
  432.000  5.190928e-01 
  433.000  5.204889e-01 
  434.000  5.218731e-01 
  435.000  5.232437e-01 
  436.000  5.245988e-01 
  437.000  5.259392e-01 
  438.000  5.272641e-01 
  439.000  5.285788e-01 
  440.000  5.298721e-01 
  441.000  5.311490e-01 
  442.000  5.324056e-01 
  443.000  5.336431e-01 
  444.000  5.348610e-01 
  445.000  5.360528e-01 
  446.000  5.372113e-01 
  447.000  5.384262e-01 
  448.000  5.397288e-01 
  449.000  5.410471e-01 
  450.000  5.423400e-01 
  451.000  5.435822e-01 
  452.000  5.447809e-01 
  453.000  5.459549e-01 
  454.000  5.471076e-01 
  455.000  5.481935e-01 
  456.000  5.491915e-01 
  457.000  5.501898e-01 
  458.000  5.511746e-01 
  459.000  5.521384e-01 
  460.000  5.530946e-01 
  461.000  5.540405e-01 
  462.000  5.549684e-01 
  463.000  5.558922e-01 
  464.000  5.570948e-01 
  465.000  5.582793e-01 
  466.000  5.594429e-01 
  467.000  5.605794e-01 
  468.000  5.615051e-01 
  469.000  5.623023e-01 
  470.000  5.630354e-01 
  471.000  5.636953e-01 
  472.000  5.642555e-01 
  473.000  5.646483e-01 
  474.000  5.649708e-01 
  475.000  5.650536e-01 
  476.000  5.648940e-01 
  477.000  5.648907e-01 
  478.000  5.658236e-01 
  479.000  5.672438e-01 
  480.000  5.687765e-01 
  481.000  5.701513e-01 
  482.000  5.714406e-01 
  483.000  5.725614e-01 
  484.000  5.735246e-01 
  485.000  5.743859e-01 
  486.000  5.753044e-01 
  487.000  5.762713e-01 
  488.000  5.772070e-01 
  489.000  5.781255e-01 
  490.000  5.790331e-01 
  491.000  5.797437e-01 
  492.000  5.803933e-01 
  493.000  5.810395e-01 
  494.000  5.816676e-01 
  495.000  5.822955e-01 
  496.000  5.826191e-01 
  497.000  5.829304e-01 
  498.000  5.832371e-01 
  499.000  5.835272e-01 
  500.000  5.838128e-01 
  501.000  5.840667e-01 
  502.000  5.843205e-01 
  503.000  5.845712e-01 
  504.000  5.848104e-01 
  505.000  5.850364e-01 
  506.000  5.856986e-01 
  507.000  5.863799e-01 
  508.000  5.870602e-01 
  509.000  5.877326e-01 
  510.000  5.883906e-01 
  511.000  5.889805e-01 
  512.000  5.895501e-01 
  513.000  5.901165e-01 
  514.000  5.906757e-01 
  515.000  5.912300e-01 
  516.000  5.916260e-01 
  517.000  5.918798e-01 
  518.000  5.921267e-01 
  519.000  5.923689e-01 
  520.000  5.926087e-01 
  521.000  5.928236e-01 
  522.000  5.929785e-01 
  523.000  5.930902e-01 
  524.000  5.932056e-01 
  525.000  5.932966e-01 
  526.000  5.934243e-01 
  527.000  5.934448e-01 
  528.000  5.934220e-01 
  529.000  5.933979e-01 
  530.000  5.933792e-01 
  531.000  5.933638e-01 
  532.000  5.933983e-01 
  533.000  5.937095e-01 
  534.000  5.941026e-01 
  535.000  5.945462e-01 
  536.000  5.949750e-01 
  537.000  5.953673e-01 
  538.000  5.957180e-01 
  539.000  5.960430e-01 
  540.000  5.963479e-01 
  541.000  5.966437e-01 
  542.000  5.969267e-01 
  543.000  5.971997e-01 
  544.000  5.974061e-01 
  545.000  5.975581e-01 
  546.000  5.977032e-01 
  547.000  5.978523e-01 
  548.000  5.979940e-01 
  549.000  5.981334e-01 
  550.000  5.982010e-01 
  551.000  5.981975e-01 
  552.000  5.981966e-01 
  553.000  5.981811e-01 
  554.000  5.981589e-01 
  555.000  5.981327e-01 
  556.000  5.980795e-01 
  557.000  5.979797e-01 
  558.000  5.978717e-01 
  559.000  5.977512e-01 
  560.000  5.976002e-01 
  561.000  5.974211e-01 
  562.000  5.970111e-01 
  563.000  5.967878e-01 
  564.000  5.964884e-01 
  565.000  5.960198e-01 
  566.000  5.957406e-01 
  567.000  5.946772e-01 
  568.000  5.914634e-01 
  569.000  5.844191e-01 
  570.000  5.854370e-01 
  571.000  5.902810e-01 
  572.000  5.854946e-01 
  573.000  5.866980e-01 
  574.000  5.869788e-01 
  575.000  5.866498e-01 
  576.000  5.868365e-01 
  577.000  5.885473e-01 
  578.000  5.906936e-01 
  579.000  5.925424e-01 
  580.000  5.941388e-01 
  581.000  5.965001e-01 
  582.000  5.980657e-01 
  583.000  5.989859e-01 
  584.000  5.998417e-01 
  585.000  6.004469e-01 
  586.000  6.010956e-01 
  587.000  5.992771e-01 
  588.000  5.897200e-01 
  589.000  5.746896e-01 
  590.000  5.739105e-01 
  591.000  5.844331e-01 
  592.000  5.790814e-01 
  593.000  5.910776e-01 
  594.000  5.886083e-01 
  595.000  5.804309e-01 
  596.000  5.920708e-01 
  597.000  5.892285e-01 
  598.000  5.938451e-01 
  599.000  5.955918e-01 
  600.000  5.997513e-01 
  601.000  6.024114e-01 
  602.000  6.031401e-01 
  603.000  6.043865e-01 
  604.000  6.057745e-01 
  605.000  6.067525e-01 
  606.000  6.074288e-01 
  607.000  6.080810e-01 
  608.000  6.086884e-01 
  609.000  6.092681e-01 
  610.000  6.098658e-01 
  611.000  6.105296e-01 
  612.000  6.111797e-01 
  613.000  6.118095e-01 
  614.000  6.124206e-01 
  615.000  6.130302e-01 
  616.000  6.136174e-01 
  617.000  6.141720e-01 
  618.000  6.146370e-01 
  619.000  6.150303e-01 
  620.000  6.153944e-01 
  621.000  6.157073e-01 
  622.000  6.159688e-01 
  623.000  6.161436e-01 
  624.000  6.163294e-01 
  625.000  6.164838e-01 
  626.000  6.161010e-01 
  627.000  6.122213e-01 
  628.000  5.923493e-01 
  629.000  6.040100e-01 
  630.000  6.075465e-01 
  631.000  6.114433e-01 
  632.000  6.101259e-01 
  633.000  6.157435e-01 
  634.000  6.182880e-01 
  635.000  6.192624e-01 
  636.000  6.209926e-01 
  637.000  6.223723e-01 
  638.000  6.251999e-01 
  639.000  6.261130e-01 
  640.000  6.279430e-01 
  641.000  6.287115e-01 
  642.000  6.300946e-01 
  643.000  6.292994e-01 
  644.000  6.298929e-01 
  645.000  6.284541e-01 
  646.000  6.203281e-01 
  647.000  6.148111e-01 
  648.000  6.086071e-01 
  649.000  6.147966e-01 
  650.000  6.263800e-01 
  651.000  6.267409e-01 
  652.000  6.172178e-01 
  653.000  6.289601e-01 
  654.000  6.280751e-01 
  655.000  6.242909e-01 
  656.000  6.261084e-01 
  657.000  6.287215e-01 
  658.000  6.329862e-01 
  659.000  6.356279e-01 
  660.000  6.369877e-01 
  661.000  6.402057e-01 
  662.000  6.418312e-01 
  663.000  6.419639e-01 
  664.000  6.428117e-01 
  665.000  6.436043e-01 
  666.000  6.445196e-01 
  667.000  6.452975e-01 
  668.000  6.462277e-01 
  669.000  6.468736e-01 
  670.000  6.474374e-01 
  671.000  6.480353e-01 
  672.000  6.485622e-01 
  673.000  6.490784e-01 
  674.000  6.495894e-01 
  675.000  6.501018e-01 
  676.000  6.505808e-01 
  677.000  6.510217e-01 
  678.000  6.514644e-01 
  679.000  6.518141e-01 
  680.000  6.517615e-01 
  681.000  6.516410e-01 
  682.000  6.518628e-01 
  683.000  6.519450e-01 
  684.000  6.514334e-01 
  685.000  6.523445e-01 
  686.000  6.496522e-01 
  687.000  5.587802e-01 
  688.000  5.873815e-01 
  689.000  5.790624e-01 
  690.000  5.940217e-01 
  691.000  6.130918e-01 
  692.000  6.237974e-01 
  693.000  6.161230e-01 
  694.000  6.063419e-01 
  695.000  6.153162e-01 
  696.000  6.205937e-01 
  697.000  6.434270e-01 
  698.000  6.387131e-01 
  699.000  6.182284e-01 
  700.000  6.216372e-01 
  701.000  6.170995e-01 
  702.000  6.204819e-01 
  703.000  6.376831e-01 
  704.000  6.384620e-01 
  705.000  6.314061e-01 
  706.000  6.328224e-01 
  707.000  6.353928e-01 
  708.000  6.381716e-01 
  709.000  6.438273e-01 
  710.000  6.378663e-01 
  711.000  6.440084e-01 
  712.000  6.492486e-01 
  713.000  6.450789e-01 
  714.000  6.436784e-01 
  715.000  6.368657e-01 
  716.000  6.297584e-01 
  717.000  5.853682e-01 
  718.000  5.583810e-01 
  719.000  5.487134e-01 
  720.000  5.342954e-01 
  721.000  5.981768e-01 
  722.000  6.212733e-01 
  723.000  6.082211e-01 
  724.000  5.714284e-01 
  725.000  5.768165e-01 
  726.000  5.751128e-01 
  727.000  5.803097e-01 
  728.000  5.746698e-01 
  729.000  5.887315e-01 
  730.000  5.863174e-01 
  731.000  5.834011e-01 
  732.000  6.072302e-01 
  733.000  6.302693e-01 
  734.000  6.414354e-01 
  735.000  6.375095e-01 
  736.000  6.301898e-01 
  737.000  6.357172e-01 
  738.000  6.433257e-01 
  739.000  6.466101e-01 
  740.000  6.539027e-01 
  741.000  6.581232e-01 
  742.000  6.598980e-01 
  743.000  6.637989e-01 
  744.000  6.654456e-01 
  745.000  6.668468e-01 
  746.000  6.678693e-01 
  747.000  6.681392e-01 
  748.000  6.690914e-01 
  749.000  6.696030e-01 
  750.000  6.693165e-01 
  751.000  6.694999e-01 
  752.000  6.703923e-01 
  753.000  6.707630e-01 
  754.000  6.710517e-01 
  755.000  6.712343e-01 
  756.000  6.714265e-01 
  757.000  6.715590e-01 
  758.000  6.703615e-01 
  759.000  6.213194e-01 
  760.000  2.676318e-01 
  761.000  2.356758e-01 
  762.000  4.359776e-01 
  763.000  3.725823e-01 
  764.000  4.038661e-01 
  765.000  4.756671e-01 
  766.000  5.635543e-01 
  767.000  6.083729e-01 
  768.000  6.378443e-01 
  769.000  6.573650e-01 
  770.000  6.678081e-01 
  771.000  6.727910e-01 
  772.000  6.740278e-01 
  773.000  6.745818e-01 
  774.000  6.752710e-01 
  775.000  6.756935e-01 
  776.000  6.760003e-01 
  777.000  6.760762e-01 
  778.000  6.760426e-01 
  779.000  6.760001e-01 
  780.000  6.759559e-01 
  781.000  6.763572e-01 
  782.000  6.763002e-01 
  783.000  6.762571e-01 
  784.000  6.759550e-01 
  785.000  6.743604e-01 
  786.000  6.719375e-01 
  787.000  6.664202e-01 
  788.000  6.635210e-01 
  789.000  6.532134e-01 
  790.000  6.523227e-01 
  791.000  6.542605e-01 
  792.000  6.560562e-01 
  793.000  6.602485e-01 
  794.000  6.691555e-01 
  795.000  6.637027e-01 
  796.000  6.492410e-01 
  797.000  6.533624e-01 
  798.000  6.624970e-01 
  799.000  6.604067e-01 
  800.000  6.537524e-01 
  801.000  6.545395e-01 
  802.000  6.538644e-01 
  803.000  6.548338e-01 
  804.000  6.579593e-01 
  805.000  6.639536e-01 
  806.000  6.675366e-01 
  807.000  6.676922e-01 
  808.000  6.656529e-01 
  809.000  6.631471e-01 
  810.000  6.603996e-01 
  811.000  6.547810e-01 
  812.000  6.472307e-01 
  813.000  6.380118e-01 
  814.000  6.258984e-01 
  815.000  6.108938e-01 
  816.000  5.918553e-01 
  817.000  5.928657e-01 
  818.000  5.943983e-01 
  819.000  6.006766e-01 
  820.000  6.217099e-01 
  821.000  6.459006e-01 
  822.000  6.274755e-01 
  823.000  5.768011e-01 
  824.000  6.194417e-01 
  825.000  6.472639e-01 
  826.000  6.425363e-01 
  827.000  6.390055e-01 
  828.000  6.207001e-01 
  829.000  6.272660e-01 
  830.000  6.346564e-01 
  831.000  6.364039e-01 
  832.000  6.371997e-01 
  833.000  6.414834e-01 
  834.000  6.465386e-01 
  835.000  6.565801e-01 
  836.000  6.533586e-01 
  837.000  6.530277e-01 
  838.000  6.579145e-01 
  839.000  6.608868e-01 
  840.000  6.619642e-01 
  841.000  6.587420e-01 
  842.000  6.616330e-01 
  843.000  6.685120e-01 
  844.000  6.716388e-01 
  845.000  6.730949e-01 
  846.000  6.746269e-01 
  847.000  6.763161e-01 
  848.000  6.735195e-01 
  849.000  6.738722e-01 
  850.000  6.724881e-01 
  851.000  6.708412e-01 
  852.000  6.710014e-01 
  853.000  6.737137e-01 
  854.000  6.735656e-01 
  855.000  6.749290e-01 
  856.000  6.777689e-01 
  857.000  6.788489e-01 
  858.000  6.794907e-01 
  859.000  6.808470e-01 
  860.000  6.815094e-01 
  861.000  6.816235e-01 
  862.000  6.820283e-01 
  863.000  6.820807e-01 
  864.000  6.823583e-01 
  865.000  6.825852e-01 
  866.000  6.826451e-01 
  867.000  6.826035e-01 
  868.000  6.826388e-01 
  869.000  6.827139e-01 
  870.000  6.826580e-01 
  871.000  6.827290e-01 
  872.000  6.829032e-01 
  873.000  6.827284e-01 
  874.000  6.826334e-01 
  875.000  6.826107e-01 
  876.000  6.823059e-01 
  877.000  6.821889e-01 
  878.000  6.813288e-01 
  879.000  6.812697e-01 
  880.000  6.805274e-01 
  881.000  6.800902e-01 
  882.000  6.797236e-01 
  883.000  6.800832e-01 
  884.000  6.802475e-01 
  885.000  6.787153e-01 
  886.000  6.767002e-01 
  887.000  6.783476e-01 
  888.000  6.782469e-01 
  889.000  6.786178e-01 
  890.000  6.774781e-01 
  891.000  6.748797e-01 
  892.000  6.694100e-01 
  893.000  6.528944e-01 
  894.000  6.446596e-01 
  895.000  6.198390e-01 
  896.000  5.977058e-01 
  897.000  5.745331e-01 
  898.000  5.637583e-01 
  899.000  5.338839e-01 
  900.000  5.380983e-01 
  901.000  5.304062e-01 
  902.000  5.319138e-01 
  903.000  5.822188e-01 
  904.000  6.134663e-01 
  905.000  6.123878e-01 
  906.000  5.928351e-01 
  907.000  5.586324e-01 
  908.000  5.363430e-01 
  909.000  5.372373e-01 
  910.000  5.405579e-01 
  911.000  5.553221e-01 
  912.000  5.481676e-01 
  913.000  5.173452e-01 
  914.000  5.325439e-01 
  915.000  5.446280e-01 
  916.000  5.479460e-01 
  917.000  5.545830e-01 
  918.000  5.631711e-01 
  919.000  5.924886e-01 
  920.000  6.149187e-01 
  921.000  6.100209e-01 
  922.000  6.096108e-01 
  923.000  6.033568e-01 
  924.000  5.883836e-01 
  925.000  5.870305e-01 
  926.000  5.863762e-01 
  927.000  5.687819e-01 
  928.000  5.419927e-01 
  929.000  5.039157e-01 
  930.000  4.565721e-01 
  931.000  4.051586e-01 
  932.000  3.396139e-01 
  933.000  2.933448e-01 
  934.000  2.479700e-01 
  935.000  2.430653e-01 
  936.000  2.604016e-01 
  937.000  2.561475e-01 
  938.000  3.074694e-01 
  939.000  4.489567e-01 
  940.000  4.712006e-01 
  941.000  4.523573e-01 
  942.000  4.065613e-01 
  943.000  3.329077e-01 
  944.000  3.277549e-01 
  945.000  3.535723e-01 
  946.000  3.552002e-01 
  947.000  3.791064e-01 
  948.000  3.932569e-01 
  949.000  3.916259e-01 
  950.000  3.953235e-01 
  951.000  4.272717e-01 
  952.000  3.935503e-01 
  953.000  4.175570e-01 
  954.000  4.436972e-01 
  955.000  4.229678e-01 
  956.000  4.187182e-01 
  957.000  4.851561e-01 
  958.000  4.941459e-01 
  959.000  4.831579e-01 
  960.000  4.800798e-01 
  961.000  4.746206e-01 
  962.000  4.798394e-01 
  963.000  5.171039e-01 
  964.000  5.225967e-01 
  965.000  5.191373e-01 
  966.000  5.213018e-01 
  967.000  5.483518e-01 
  968.000  5.941090e-01 
  969.000  6.150666e-01 
  970.000  6.162468e-01 
  971.000  6.157598e-01 
  972.000  6.097982e-01 
  973.000  5.961004e-01 
  974.000  5.795318e-01 
  975.000  5.689438e-01 
  976.000  5.818998e-01 
  977.000  6.034486e-01 
  978.000  6.017436e-01 
  979.000  6.074082e-01 
  980.000  6.296103e-01 
  981.000  6.345805e-01 
  982.000  6.296732e-01 
  983.000  6.411512e-01 
  984.000  6.529986e-01 
  985.000  6.597533e-01 
  986.000  6.684836e-01 
  987.000  6.722811e-01 
  988.000  6.731575e-01 
  989.000  6.737172e-01 
  990.000  6.746407e-01 
  991.000  6.778930e-01 
  992.000  6.788137e-01 
  993.000  6.791552e-01 
  994.000  6.820901e-01 
  995.000  6.839522e-01 
  996.000  6.839290e-01 
  997.000  6.826686e-01 
  998.000  6.812984e-01 
  999.000  6.807473e-01 
 1000.000  6.811870e-01 
 1001.000  6.780661e-01 
 1002.000  6.730816e-01 
 1003.000  6.742583e-01 
 1004.000  6.771172e-01 
 1005.000  6.784213e-01 
 1006.000  6.788387e-01 
 1007.000  6.778813e-01 
 1008.000  6.738187e-01 
 1009.000  6.683964e-01 
 1010.000  6.708069e-01 
 1011.000  6.765667e-01 
 1012.000  6.787615e-01 
 1013.000  6.804893e-01 
 1014.000  6.812117e-01 
 1015.000  6.813486e-01 
 1016.000  6.821285e-01 
 1017.000  6.825801e-01 
 1018.000  6.816001e-01 
 1019.000  6.795935e-01 
 1020.000  6.802961e-01 
 1021.000  6.817405e-01 
 1022.000  6.793116e-01 
 1023.000  6.772808e-01 
 1024.000  6.760654e-01 
 1025.000  6.797889e-01 
 1026.000  6.814350e-01 
 1027.000  6.807362e-01 
 1028.000  6.813128e-01 
 1029.000  6.828352e-01 
 1030.000  6.843332e-01 
 1031.000  6.851020e-01 
 1032.000  6.857031e-01 
 1033.000  6.858798e-01 
 1034.000  6.862398e-01 
 1035.000  6.864122e-01 
 1036.000  6.863149e-01 
 1037.000  6.863587e-01 
 1038.000  6.864772e-01 
 1039.000  6.862526e-01 
 1040.000  6.860611e-01 
 1041.000  6.859097e-01 
 1042.000  6.858680e-01 
 1043.000  6.858652e-01 
 1044.000  6.857319e-01 
 1045.000  6.853073e-01 
 1046.000  6.850231e-01 
 1047.000  6.846874e-01 
 1048.000  6.842729e-01 
 1049.000  6.838796e-01 
 1050.000  6.834471e-01 
 1051.000  6.827993e-01 
 1052.000  6.824131e-01 
 1053.000  6.823429e-01 
 1054.000  6.816975e-01 
 1055.000  6.810403e-01 
 1056.000  6.805035e-01 
 1057.000  6.791880e-01 
 1058.000  6.767066e-01 
 1059.000  6.768607e-01 
 1060.000  6.781079e-01 
 1061.000  6.777982e-01 
 1062.000  6.762329e-01 
 1063.000  6.756546e-01 
 1064.000  6.743218e-01 
 1065.000  6.728503e-01 
 1066.000  6.729756e-01 
 1067.000  6.721011e-01 
 1068.000  6.689889e-01 
 1069.000  6.674694e-01 
 1070.000  6.679362e-01 
 1071.000  6.659407e-01 
 1072.000  6.638972e-01 
 1073.000  6.635005e-01 
 1074.000  6.637973e-01 
 1075.000  6.668105e-01 
 1076.000  6.649140e-01 
 1077.000  6.623739e-01 
 1078.000  6.593875e-01 
 1079.000  6.589920e-01 
 1080.000  6.510309e-01 
 1081.000  6.505742e-01 
 1082.000  6.540634e-01 
 1083.000  6.498355e-01 
 1084.000  6.452200e-01 
 1085.000  6.342629e-01 
 1086.000  6.368055e-01 
 1087.000  6.488411e-01 
 1088.000  6.493130e-01 
 1089.000  6.346397e-01 
 1090.000  6.318719e-01 
 1091.000  6.346301e-01 
 1092.000  6.273579e-01 
 1093.000  6.112204e-01 
 1094.000  6.042170e-01 
 1095.000  6.053194e-01 
 1096.000  6.062947e-01 
 1097.000  6.030363e-01 
 1098.000  5.642906e-01 
 1099.000  5.317023e-01 
 1100.000  5.338557e-01 
 1101.000  5.382836e-01 
 1102.000  5.360388e-01 
 1103.000  5.389361e-01 
 1104.000  5.334674e-01 
 1105.000  5.198457e-01 
 1106.000  5.062746e-01 
 1107.000  5.094843e-01 
 1108.000  5.117381e-01 
 1109.000  5.230638e-01 
 1110.000  5.212609e-01 
 1111.000  5.146171e-01 
 1112.000  4.861096e-01 
 1113.000  4.475155e-01 
 1114.000  4.365124e-01 
 1115.000  3.903466e-01 
 1116.000  3.625317e-01 
 1117.000  3.011409e-01 
 1118.000  2.472680e-01 
 1119.000  2.195295e-01 
 1120.000  1.869359e-01 
 1121.000  1.798174e-01 
 1122.000  1.485668e-01 
 1123.000  1.648156e-01 
 1124.000  1.760608e-01 
 1125.000  1.699835e-01 
 1126.000  1.676568e-01 
 1127.000  1.705045e-01 
 1128.000  1.760174e-01 
 1129.000  2.081677e-01 
 1130.000  2.877432e-01 
 1131.000  3.120188e-01 
 1132.000  2.787244e-01 
 1133.000  2.213589e-01 
 1134.000  1.276420e-01 
 1135.000  1.343161e-01 
 1136.000  2.300444e-01 
 1137.000  2.880713e-01 
 1138.000  3.480036e-01 
 1139.000  3.678064e-01 
 1140.000  3.561226e-01 
 1141.000  3.330970e-01 
 1142.000  3.248399e-01 
 1143.000  2.993933e-01 
 1144.000  2.716192e-01 
 1145.000  2.327534e-01 
 1146.000  2.418314e-01 
 1147.000  2.724621e-01 
 1148.000  3.005036e-01 
 1149.000  3.122823e-01 
 1150.000  3.134902e-01 
