  320.000  8.771834e-02 
  321.000  1.155986e-01 
  322.000  1.044111e-01 
  323.000  1.186399e-01 
  324.000  1.333832e-01 
  325.000  1.223543e-01 
  326.000  1.405904e-01 
  327.000  1.458009e-01 
  328.000  1.346129e-01 
  329.000  1.563002e-01 
  330.000  1.598176e-01 
  331.000  1.528786e-01 
  332.000  1.663517e-01 
  333.000  1.703382e-01 
  334.000  1.670632e-01 
  335.000  1.771490e-01 
  336.000  1.812793e-01 
  337.000  1.795355e-01 
  338.000  1.843956e-01 
  339.000  1.894484e-01 
  340.000  1.886155e-01 
  341.000  1.935514e-01 
  342.000  1.971829e-01 
  343.000  1.990138e-01 
  344.000  1.993884e-01 
  345.000  2.043542e-01 
  346.000  2.075064e-01 
  347.000  2.100860e-01 
  348.000  2.125098e-01 
  349.000  2.152411e-01 
  350.000  2.175829e-01 
  351.000  2.199218e-01 
  352.000  2.218454e-01 
  353.000  2.245881e-01 
  354.000  2.269298e-01 
  355.000  2.291144e-01 
  356.000  2.312482e-01 
  357.000  2.331515e-01 
  358.000  2.352037e-01 
  359.000  2.372584e-01 
  360.000  2.393672e-01 
  361.000  2.420380e-01 
  362.000  2.448267e-01 
  363.000  2.474021e-01 
  364.000  2.497781e-01 
  365.000  2.520118e-01 
  366.000  2.543008e-01 
  367.000  2.564848e-01 
  368.000  2.586535e-01 
  369.000  2.608078e-01 
  370.000  2.629441e-01 
  371.000  2.650678e-01 
  372.000  2.671781e-01 
  373.000  2.692744e-01 
  374.000  2.713407e-01 
  375.000  2.733708e-01 
  376.000  2.753353e-01 
  377.000  2.771951e-01 
  378.000  2.789252e-01 
  379.000  2.806857e-01 
  380.000  2.826249e-01 
  381.000  2.848362e-01 
  382.000  2.871319e-01 
  383.000  2.893068e-01 
  384.000  2.913733e-01 
  385.000  2.933675e-01 
  386.000  2.953136e-01 
  387.000  2.972310e-01 
  388.000  2.991267e-01 
  389.000  3.010093e-01 
  390.000  3.028793e-01 
  391.000  3.047327e-01 
  392.000  3.065746e-01 
  393.000  3.084037e-01 
  394.000  3.102180e-01 
  395.000  3.120161e-01 
  396.000  3.138047e-01 
  397.000  3.155747e-01 
  398.000  3.173304e-01 
  399.000  3.190732e-01 
  400.000  3.207939e-01 
  401.000  3.225099e-01 
  402.000  3.242139e-01 
  403.000  3.259051e-01 
  404.000  3.275831e-01 
  405.000  3.292445e-01 
  406.000  3.308965e-01 
  407.000  3.325373e-01 
  408.000  3.341653e-01 
  409.000  3.357790e-01 
  410.000  3.373789e-01 
  411.000  3.389644e-01 
  412.000  3.405345e-01 
  413.000  3.420970e-01 
  414.000  3.435487e-01 
  415.000  3.451206e-01 
  416.000  3.466740e-01 
  417.000  3.482028e-01 
  418.000  3.496978e-01 
  419.000  3.511776e-01 
  420.000  3.526453e-01 
  421.000  3.541054e-01 
  422.000  3.555578e-01 
  423.000  3.570005e-01 
  424.000  3.584273e-01 
  425.000  3.598226e-01 
  426.000  3.612054e-01 
  427.000  3.625770e-01 
  428.000  3.639253e-01 
  429.000  3.652557e-01 
  430.000  3.665717e-01 
  431.000  3.678787e-01 
  432.000  3.691731e-01 
  433.000  3.704561e-01 
  434.000  3.717291e-01 
  435.000  3.729906e-01 
  436.000  3.742388e-01 
  437.000  3.754743e-01 
  438.000  3.766965e-01 
  439.000  3.779102e-01 
  440.000  3.791050e-01 
  441.000  3.802854e-01 
  442.000  3.814479e-01 
  443.000  3.825935e-01 
  444.000  3.837218e-01 
  445.000  3.848265e-01 
  446.000  3.859011e-01 
  447.000  3.870288e-01 
  448.000  3.882385e-01 
  449.000  3.894639e-01 
  450.000  3.906664e-01 
  451.000  3.918226e-01 
  452.000  3.929389e-01 
  453.000  3.940331e-01 
  454.000  3.951081e-01 
  455.000  3.961212e-01 
  456.000  3.970530e-01 
  457.000  3.979855e-01 
  458.000  3.989059e-01 
  459.000  3.998071e-01 
  460.000  4.007016e-01 
  461.000  4.015870e-01 
  462.000  4.024560e-01 
  463.000  4.033215e-01 
  464.000  4.044489e-01 
  465.000  4.055600e-01 
  466.000  4.066521e-01 
  467.000  4.077195e-01 
  468.000  4.085893e-01 
  469.000  4.093388e-01 
  470.000  4.100282e-01 
  471.000  4.106491e-01 
  472.000  4.111764e-01 
  473.000  4.115461e-01 
  474.000  4.118497e-01 
  475.000  4.119277e-01 
  476.000  4.117774e-01 
  477.000  4.117743e-01 
  478.000  4.126529e-01 
  479.000  4.139912e-01 
  480.000  4.154367e-01 
  481.000  4.167342e-01 
  482.000  4.179518e-01 
  483.000  4.190109e-01 
  484.000  4.199216e-01 
  485.000  4.207364e-01 
  486.000  4.216056e-01 
  487.000  4.225211e-01 
  488.000  4.234075e-01 
  489.000  4.242779e-01 
  490.000  4.251384e-01 
  491.000  4.258125e-01 
  492.000  4.264289e-01 
  493.000  4.270423e-01 
  494.000  4.276386e-01 
  495.000  4.282350e-01 
  496.000  4.285424e-01 
  497.000  4.288382e-01 
  498.000  4.291296e-01 
  499.000  4.294054e-01 
  500.000  4.296769e-01 
  501.000  4.299182e-01 
  502.000  4.301596e-01 
  503.000  4.303980e-01 
  504.000  4.306254e-01 
  505.000  4.308404e-01 
  506.000  4.314704e-01 
  507.000  4.321188e-01 
  508.000  4.327665e-01 
  509.000  4.334068e-01 
  510.000  4.340337e-01 
  511.000  4.345958e-01 
  512.000  4.351389e-01 
  513.000  4.356788e-01 
  514.000  4.362122e-01 
  515.000  4.367411e-01 
  516.000  4.371189e-01 
  517.000  4.373612e-01 
  518.000  4.375968e-01 
  519.000  4.378280e-01 
  520.000  4.380570e-01 
  521.000  4.382621e-01 
  522.000  4.384101e-01 
  523.000  4.385168e-01 
  524.000  4.386270e-01 
  525.000  4.387139e-01 
  526.000  4.388358e-01 
  527.000  4.388555e-01 
  528.000  4.388337e-01 
  529.000  4.388106e-01 
  530.000  4.387927e-01 
  531.000  4.387781e-01 
  532.000  4.388110e-01 
  533.000  4.391083e-01 
  534.000  4.394839e-01 
  535.000  4.399077e-01 
  536.000  4.403176e-01 
  537.000  4.406926e-01 
  538.000  4.410280e-01 
  539.000  4.413388e-01 
  540.000  4.416304e-01 
  541.000  4.419134e-01 
  542.000  4.421842e-01 
  543.000  4.424454e-01 
  544.000  4.426429e-01 
  545.000  4.427884e-01 
  546.000  4.429273e-01 
  547.000  4.430700e-01 
  548.000  4.432056e-01 
  549.000  4.433391e-01 
  550.000  4.434038e-01 
  551.000  4.434004e-01 
  552.000  4.433997e-01 
  553.000  4.433848e-01 
  554.000  4.433635e-01 
  555.000  4.433384e-01 
  556.000  4.432875e-01 
  557.000  4.431919e-01 
  558.000  4.430887e-01 
  559.000  4.429734e-01 
  560.000  4.428294e-01 
  561.000  4.426593e-01 
  562.000  4.424694e-01 
  563.000  4.422729e-01 
  564.000  4.420367e-01 
  565.000  4.417326e-01 
  566.000  4.413718e-01 
  567.000  4.409675e-01 
  568.000  4.404678e-01 
  569.000  4.400159e-01 
  570.000  4.395562e-01 
  571.000  4.390326e-01 
  572.000  4.385108e-01 
  573.000  4.379817e-01 
  574.000  4.375743e-01 
  575.000  4.373329e-01 
  576.000  4.374811e-01 
  577.000  4.377880e-01 
  578.000  4.383175e-01 
  579.000  4.393314e-01 
  580.000  4.409295e-01 
  581.000  4.427470e-01 
  582.000  4.442801e-01 
  583.000  4.456084e-01 
  584.000  4.467376e-01 
  585.000  4.477433e-01 
  586.000  4.486276e-01 
  587.000  4.494319e-01 
  588.000  4.501660e-01 
  589.000  4.506546e-01 
  590.000  4.510478e-01 
  591.000  4.514159e-01 
  592.000  4.517556e-01 
  593.000  4.520705e-01 
  594.000  4.523692e-01 
  595.000  4.526533e-01 
  596.000  4.524697e-01 
  597.000  4.521368e-01 
  598.000  4.518020e-01 
  599.000  4.514666e-01 
  600.000  4.511192e-01 
  601.000  4.507729e-01 
  602.000  4.504289e-01 
  603.000  4.506344e-01 
  604.000  4.512276e-01 
  605.000  4.518144e-01 
  606.000  4.523710e-01 
  607.000  4.529131e-01 
  608.000  4.534819e-01 
  609.000  4.540297e-01 
  610.000  4.546041e-01 
  611.000  4.552432e-01 
  612.000  4.558691e-01 
  613.000  4.564759e-01 
  614.000  4.570650e-01 
  615.000  4.576527e-01 
  616.000  4.582190e-01 
  617.000  4.587540e-01 
  618.000  4.592026e-01 
  619.000  4.595823e-01 
  620.000  4.599338e-01 
  621.000  4.602358e-01 
  622.000  4.604883e-01 
  623.000  4.606573e-01 
  624.000  4.608378e-01 
  625.000  4.609899e-01 
  626.000  4.611534e-01 
  627.000  4.605397e-01 
  628.000  4.429595e-01 
  629.000  4.551919e-01 
  630.000  4.553349e-01 
  631.000  4.585637e-01 
  632.000  4.614255e-01 
  633.000  4.635418e-01 
  634.000  4.655278e-01 
  635.000  4.671718e-01 
  636.000  4.685551e-01 
  637.000  4.698637e-01 
  638.000  4.710679e-01 
  639.000  4.722302e-01 
  640.000  4.733449e-01 
  641.000  4.744368e-01 
  642.000  4.753077e-01 
  643.000  4.761152e-01 
  644.000  4.768789e-01 
  645.000  4.776070e-01 
  646.000  4.783114e-01 
  647.000  4.789859e-01 
  648.000  4.796377e-01 
  649.000  4.802729e-01 
  650.000  4.808500e-01 
  651.000  4.813913e-01 
  652.000  4.819293e-01 
  653.000  4.824628e-01 
  654.000  4.829929e-01 
  655.000  4.835207e-01 
  656.000  4.840452e-01 
  657.000  4.845304e-01 
  658.000  4.850370e-01 
  659.000  4.855516e-01 
  660.000  4.860754e-01 
  661.000  4.865992e-01 
  662.000  4.871235e-01 
  663.000  4.876306e-01 
  664.000  4.881359e-01 
  665.000  4.886393e-01 
  666.000  4.891407e-01 
  667.000  4.896461e-01 
  668.000  4.901612e-01 
  669.000  4.906745e-01 
  670.000  4.911859e-01 
  671.000  4.916955e-01 
  672.000  4.922032e-01 
  673.000  4.927091e-01 
  674.000  4.932132e-01 
  675.000  4.937155e-01 
  676.000  4.941971e-01 
  677.000  4.946377e-01 
  678.000  4.950766e-01 
  679.000  4.955138e-01 
  680.000  4.959493e-01 
  681.000  4.963831e-01 
  682.000  4.968152e-01 
  683.000  4.972457e-01 
  684.000  4.976745e-01 
  685.000  4.980882e-01 
  686.000  4.959386e-01 
  687.000  4.161364e-01 
  688.000  4.403360e-01 
  689.000  4.340957e-01 
  690.000  4.466943e-01 
  691.000  4.656508e-01 
  692.000  4.806851e-01 
  693.000  4.906986e-01 
  694.000  4.969115e-01 
  695.000  4.996823e-01 
  696.000  5.010566e-01 
  697.000  5.020493e-01 
  698.000  5.025797e-01 
  699.000  5.029440e-01 
  700.000  5.032579e-01 
  701.000  5.035554e-01 
  702.000  5.038515e-01 
  703.000  5.041463e-01 
  704.000  5.044397e-01 
  705.000  5.046921e-01 
  706.000  5.049316e-01 
  707.000  5.051699e-01 
  708.000  5.054070e-01 
  709.000  5.056430e-01 
  710.000  5.058778e-01 
  711.000  5.061114e-01 
  712.000  5.063438e-01 
  713.000  5.065752e-01 
  714.000  5.068053e-01 
  715.000  5.070679e-01 
  716.000  5.073429e-01 
  717.000  5.076166e-01 
  718.000  5.078890e-01 
  719.000  5.081604e-01 
  720.000  5.084305e-01 
  721.000  5.086995e-01 
  722.000  5.089673e-01 
  723.000  5.092339e-01 
  724.000  5.094994e-01 
  725.000  5.097337e-01 
  726.000  5.099142e-01 
  727.000  5.100937e-01 
  728.000  5.102723e-01 
  729.000  5.104498e-01 
  730.000  5.106265e-01 
  731.000  5.108022e-01 
  732.000  5.109769e-01 
  733.000  5.111508e-01 
  734.000  5.113236e-01 
  735.000  5.114956e-01 
  736.000  5.116372e-01 
  737.000  5.117655e-01 
  738.000  5.118931e-01 
  739.000  5.120199e-01 
  740.000  5.121459e-01 
  741.000  5.122710e-01 
  742.000  5.123954e-01 
  743.000  5.125191e-01 
  744.000  5.126419e-01 
  745.000  5.127640e-01 
  746.000  5.128853e-01 
  747.000  5.130569e-01 
  748.000  5.132464e-01 
  749.000  5.134350e-01 
  750.000  5.136227e-01 
  751.000  5.138096e-01 
  752.000  5.139955e-01 
  753.000  5.141807e-01 
  754.000  5.143649e-01 
  755.000  5.145483e-01 
  756.000  5.147309e-01 
  757.000  5.148621e-01 
  758.000  5.137359e-01 
  759.000  4.707041e-01 
  760.000  1.780308e-01 
  761.000  1.537293e-01 
  762.000  3.127468e-01 
  763.000  2.608694e-01 
  764.000  2.863349e-01 
  765.000  3.458771e-01 
  766.000  4.206755e-01 
  767.000  4.595476e-01 
  768.000  4.853631e-01 
  769.000  5.025708e-01 
  770.000  5.119659e-01 
  771.000  5.163011e-01 
  772.000  5.174125e-01 
  773.000  5.179229e-01 
  774.000  5.186498e-01 
  775.000  5.190600e-01 
  776.000  5.193349e-01 
  777.000  5.195004e-01 
  778.000  5.196247e-01 
  779.000  5.197246e-01 
  780.000  5.198157e-01 
  781.000  5.199061e-01 
  782.000  5.199960e-01 
  783.000  5.200853e-01 
  784.000  5.201741e-01 
  785.000  5.202623e-01 
  786.000  5.203499e-01 
  787.000  5.204371e-01 
  788.000  5.205236e-01 
  789.000  5.206096e-01 
  790.000  5.206951e-01 
  791.000  5.207800e-01 
  792.000  5.208645e-01 
  793.000  5.209484e-01 
  794.000  5.210317e-01 
  795.000  5.211146e-01 
  796.000  5.211970e-01 
  797.000  5.212788e-01 
  798.000  5.213602e-01 
  799.000  5.214410e-01 
  800.000  5.215213e-01 
  801.000  5.216012e-01 
  802.000  5.216805e-01 
  803.000  5.217594e-01 
  804.000  5.218378e-01 
  805.000  5.219157e-01 
  806.000  5.219932e-01 
  807.000  5.220701e-01 
  808.000  5.221466e-01 
  809.000  5.222226e-01 
  810.000  5.222982e-01 
  811.000  5.223733e-01 
  812.000  5.224479e-01 
  813.000  5.225221e-01 
  814.000  5.225958e-01 
  815.000  5.226691e-01 
  816.000  5.227420e-01 
  817.000  5.228144e-01 
  818.000  5.228864e-01 
  819.000  5.229579e-01 
  820.000  5.230290e-01 
  821.000  5.230997e-01 
  822.000  5.231700e-01 
  823.000  5.232398e-01 
  824.000  5.233092e-01 
  825.000  5.233783e-01 
  826.000  5.234469e-01 
  827.000  5.235150e-01 
  828.000  5.235828e-01 
  829.000  5.236502e-01 
  830.000  5.237172e-01 
  831.000  5.237837e-01 
  832.000  5.238499e-01 
  833.000  5.239157e-01 
  834.000  5.239811e-01 
  835.000  5.240461e-01 
  836.000  5.241107e-01 
  837.000  5.241750e-01 
  838.000  5.242388e-01 
  839.000  5.243023e-01 
  840.000  5.243654e-01 
  841.000  5.244282e-01 
  842.000  5.244905e-01 
  843.000  5.245526e-01 
  844.000  5.246142e-01 
  845.000  5.246755e-01 
  846.000  5.247365e-01 
  847.000  5.247970e-01 
  848.000  5.248572e-01 
  849.000  5.249171e-01 
  850.000  5.249766e-01 
  851.000  5.250358e-01 
  852.000  5.250946e-01 
  853.000  5.251531e-01 
  854.000  5.252113e-01 
  855.000  5.252691e-01 
  856.000  5.253266e-01 
  857.000  5.253837e-01 
  858.000  5.254406e-01 
  859.000  5.254970e-01 
  860.000  5.255532e-01 
  861.000  5.256091e-01 
  862.000  5.256646e-01 
  863.000  5.257198e-01 
  864.000  5.257747e-01 
  865.000  5.258293e-01 
  866.000  5.258835e-01 
  867.000  5.259374e-01 
  868.000  5.259911e-01 
  869.000  5.260444e-01 
  870.000  5.260975e-01 
  871.000  5.261502e-01 
  872.000  5.262027e-01 
  873.000  5.262548e-01 
  874.000  5.263066e-01 
  875.000  5.263582e-01 
  876.000  5.264094e-01 
  877.000  5.264604e-01 
  878.000  5.265111e-01 
  879.000  5.265615e-01 
  880.000  5.266116e-01 
  881.000  5.266615e-01 
  882.000  5.267110e-01 
  883.000  5.267603e-01 
  884.000  5.268093e-01 
  885.000  5.268580e-01 
  886.000  5.269064e-01 
  887.000  5.269546e-01 
  888.000  5.270025e-01 
  889.000  5.270501e-01 
  890.000  5.270975e-01 
  891.000  5.271447e-01 
  892.000  5.271915e-01 
  893.000  5.272381e-01 
  894.000  5.272844e-01 
  895.000  5.273305e-01 
  896.000  5.273763e-01 
  897.000  5.274219e-01 
  898.000  5.274672e-01 
  899.000  5.275123e-01 
  900.000  5.275571e-01 
  901.000  5.276017e-01 
  902.000  5.276460e-01 
  903.000  5.276901e-01 
  904.000  5.277339e-01 
  905.000  5.277775e-01 
  906.000  5.278209e-01 
  907.000  5.278640e-01 
  908.000  5.279069e-01 
  909.000  5.279495e-01 
  910.000  5.279920e-01 
  911.000  5.280342e-01 
  912.000  5.280761e-01 
  913.000  5.281178e-01 
  914.000  5.281593e-01 
  915.000  5.282006e-01 
  916.000  5.282417e-01 
  917.000  5.282825e-01 
  918.000  5.283231e-01 
  919.000  5.283635e-01 
  920.000  5.284037e-01 
  921.000  5.284436e-01 
  922.000  5.284834e-01 
  923.000  5.285229e-01 
  924.000  5.285622e-01 
  925.000  5.286013e-01 
  926.000  5.286403e-01 
  927.000  5.286790e-01 
  928.000  5.287175e-01 
  929.000  5.287557e-01 
  930.000  5.287938e-01 
  931.000  5.288317e-01 
  932.000  5.288693e-01 
  933.000  5.289068e-01 
  934.000  5.289441e-01 
  935.000  5.289811e-01 
  936.000  5.290180e-01 
  937.000  5.290547e-01 
  938.000  5.290912e-01 
  939.000  5.291274e-01 
  940.000  5.291635e-01 
  941.000  5.291995e-01 
  942.000  5.292352e-01 
  943.000  5.292707e-01 
  944.000  5.293061e-01 
  945.000  5.293412e-01 
  946.000  5.293761e-01 
  947.000  5.294110e-01 
  948.000  5.294456e-01 
  949.000  5.294800e-01 
  950.000  5.295143e-01 
  951.000  5.295483e-01 
  952.000  5.295822e-01 
  953.000  5.296159e-01 
  954.000  5.296494e-01 
  955.000  5.296828e-01 
  956.000  5.297160e-01 
  957.000  5.297490e-01 
  958.000  5.297819e-01 
  959.000  5.298145e-01 
  960.000  5.298470e-01 
  961.000  5.298794e-01 
  962.000  5.299115e-01 
  963.000  5.299435e-01 
  964.000  5.299754e-01 
  965.000  5.300071e-01 
  966.000  5.300385e-01 
  967.000  5.300699e-01 
  968.000  5.301011e-01 
  969.000  5.301321e-01 
  970.000  5.301630e-01 
  971.000  5.301937e-01 
  972.000  5.302243e-01 
  973.000  5.302547e-01 
  974.000  5.302849e-01 
  975.000  5.303150e-01 
  976.000  5.303449e-01 
  977.000  5.303747e-01 
  978.000  5.304043e-01 
  979.000  5.304338e-01 
  980.000  5.304632e-01 
  981.000  5.304923e-01 
  982.000  5.305213e-01 
  983.000  5.305502e-01 
  984.000  5.305790e-01 
  985.000  5.306076e-01 
  986.000  5.306360e-01 
  987.000  5.306643e-01 
  988.000  5.306925e-01 
  989.000  5.307205e-01 
  990.000  5.307484e-01 
  991.000  5.307761e-01 
  992.000  5.308037e-01 
  993.000  5.308312e-01 
  994.000  5.308585e-01 
  995.000  5.308857e-01 
  996.000  5.309128e-01 
  997.000  5.309397e-01 
  998.000  5.309665e-01 
  999.000  5.309931e-01 
 1000.000  5.310196e-01 
 1001.000  5.310460e-01 
 1002.000  5.310723e-01 
 1003.000  5.310984e-01 
 1004.000  5.311244e-01 
 1005.000  5.311503e-01 
 1006.000  5.311329e-01 
 1007.000  5.311552e-01 
 1008.000  5.311726e-01 
 1009.000  5.311804e-01 
 1010.000  5.311928e-01 
 1011.000  5.311953e-01 
 1012.000  5.312036e-01 
 1013.000  5.311973e-01 
 1014.000  5.311980e-01 
 1015.000  5.311878e-01 
 1016.000  5.311839e-01 
 1017.000  5.311862e-01 
 1018.000  5.311754e-01 
 1019.000  5.311744e-01 
 1020.000  5.311635e-01 
 1021.000  5.311573e-01 
 1022.000  5.311307e-01 
 1023.000  5.311022e-01 
 1024.000  5.310703e-01 
 1025.000  5.310497e-01 
 1026.000  5.310066e-01 
 1027.000  5.309749e-01 
 1028.000  5.309179e-01 
 1029.000  5.308738e-01 
 1030.000  5.308179e-01 
 1031.000  5.307603e-01 
 1032.000  5.306819e-01 
 1033.000  5.306061e-01 
 1034.000  5.305134e-01 
 1035.000  5.303621e-01 
 1036.000  5.300949e-01 
 1037.000  5.298718e-01 
 1038.000  5.298445e-01 
 1039.000  5.297746e-01 
 1040.000  5.296564e-01 
 1041.000  5.295557e-01 
 1042.000  5.294858e-01 
 1043.000  5.293943e-01 
 1044.000  5.292499e-01 
 1045.000  5.290655e-01 
 1046.000  5.288984e-01 
 1047.000  5.286571e-01 
 1048.000  5.281091e-01 
 1049.000  5.274165e-01 
 1050.000  5.271450e-01 
 1051.000  5.270385e-01 
 1052.000  5.267448e-01 
 1053.000  5.264507e-01 
 1054.000  5.261766e-01 
 1055.000  5.258814e-01 
 1056.000  5.254395e-01 
 1057.000  5.249932e-01 
 1058.000  5.244918e-01 
 1059.000  5.240609e-01 
 1060.000  5.236666e-01 
 1061.000  5.233830e-01 
 1062.000  5.229140e-01 
 1063.000  5.222338e-01 
 1064.000  5.217617e-01 
 1065.000  5.216981e-01 
 1066.000  5.216457e-01 
 1067.000  5.215544e-01 
 1068.000  5.217959e-01 
 1069.000  5.228972e-01 
 1070.000  5.237603e-01 
 1071.000  5.245759e-01 
 1072.000  5.251174e-01 
 1073.000  5.256823e-01 
 1074.000  5.262285e-01 
 1075.000  5.267586e-01 
 1076.000  5.272433e-01 
 1077.000  5.276780e-01 
 1078.000  5.280891e-01 
 1079.000  5.284860e-01 
 1080.000  5.288001e-01 
 1081.000  5.291036e-01 
 1082.000  5.293763e-01 
 1083.000  5.296686e-01 
 1084.000  5.299094e-01 
 1085.000  5.301334e-01 
 1086.000  5.303518e-01 
 1087.000  5.305434e-01 
 1088.000  5.307351e-01 
 1089.000  5.309032e-01 
 1090.000  5.310792e-01 
 1091.000  5.312383e-01 
 1092.000  5.314332e-01 
 1093.000  5.315464e-01 
 1094.000  5.316584e-01 
 1095.000  5.317615e-01 
 1096.000  5.318420e-01 
 1097.000  5.319793e-01 
 1098.000  5.320768e-01 
 1099.000  5.322050e-01 
 1100.000  5.322942e-01 
 1101.000  5.323620e-01 
 1102.000  5.324866e-01 
 1103.000  5.325201e-01 
 1104.000  5.325363e-01 
 1105.000  5.326135e-01 
 1106.000  5.326860e-01 
 1107.000  5.327615e-01 
 1108.000  5.328432e-01 
 1109.000  5.328862e-01 
 1110.000  5.329511e-01 
 1111.000  5.330170e-01 
 1112.000  5.330763e-01 
 1113.000  5.330707e-01 
 1114.000  5.331021e-01 
 1115.000  5.331260e-01 
 1116.000  5.331690e-01 
 1117.000  5.331585e-01 
 1118.000  5.332345e-01 
 1119.000  5.332422e-01 
 1120.000  5.333137e-01 
 1121.000  5.333563e-01 
 1122.000  5.333722e-01 
 1123.000  5.333595e-01 
 1124.000  5.333890e-01 
 1125.000  5.334284e-01 
 1126.000  5.334269e-01 
 1127.000  5.334962e-01 
 1128.000  5.334694e-01 
 1129.000  5.335224e-01 
 1130.000  5.335532e-01 
 1131.000  5.335706e-01 
 1132.000  5.335878e-01 
 1133.000  5.336210e-01 
 1134.000  5.336309e-01 
 1135.000  5.336493e-01 
 1136.000  5.336633e-01 
 1137.000  5.336677e-01 
 1138.000  5.336818e-01 
 1139.000  5.336958e-01 
 1140.000  5.337097e-01 
 1141.000  5.337236e-01 
 1142.000  5.337374e-01 
 1143.000  5.337512e-01 
 1144.000  5.337648e-01 
 1145.000  5.337785e-01 
 1146.000  5.337921e-01 
 1147.000  5.338056e-01 
 1148.000  5.338190e-01 
 1149.000  5.338324e-01 
 1150.000  5.338458e-01 
