  320.000  9.180205e-02 
  321.000  1.204430e-01 
  322.000  1.089653e-01 
  323.000  1.235599e-01 
  324.000  1.386524e-01 
  325.000  1.273650e-01 
  326.000  1.460203e-01 
  327.000  1.513432e-01 
  328.000  1.399100e-01 
  329.000  1.620597e-01 
  330.000  1.656473e-01 
  331.000  1.585686e-01 
  332.000  1.723084e-01 
  333.000  1.763702e-01 
  334.000  1.730334e-01 
  335.000  1.833062e-01 
  336.000  1.875104e-01 
  337.000  1.857356e-01 
  338.000  1.906814e-01 
  339.000  1.958210e-01 
  340.000  1.949740e-01 
  341.000  1.999929e-01 
  342.000  2.036842e-01 
  343.000  2.055448e-01 
  344.000  2.059255e-01 
  345.000  2.109703e-01 
  346.000  2.141717e-01 
  347.000  2.167909e-01 
  348.000  2.192515e-01 
  349.000  2.220237e-01 
  350.000  2.244002e-01 
  351.000  2.267733e-01 
  352.000  2.287246e-01 
  353.000  2.315065e-01 
  354.000  2.338812e-01 
  355.000  2.360962e-01 
  356.000  2.382594e-01 
  357.000  2.401887e-01 
  358.000  2.422686e-01 
  359.000  2.443507e-01 
  360.000  2.464874e-01 
  361.000  2.491930e-01 
  362.000  2.520176e-01 
  363.000  2.546257e-01 
  364.000  2.570314e-01 
  365.000  2.592927e-01 
  366.000  2.616097e-01 
  367.000  2.638201e-01 
  368.000  2.660147e-01 
  369.000  2.681945e-01 
  370.000  2.703557e-01 
  371.000  2.725039e-01 
  372.000  2.746382e-01 
  373.000  2.767581e-01 
  374.000  2.788475e-01 
  375.000  2.809000e-01 
  376.000  2.828859e-01 
  377.000  2.847658e-01 
  378.000  2.865144e-01 
  379.000  2.882935e-01 
  380.000  2.902531e-01 
  381.000  2.924873e-01 
  382.000  2.948065e-01 
  383.000  2.970033e-01 
  384.000  2.990904e-01 
  385.000  3.011044e-01 
  386.000  3.030695e-01 
  387.000  3.050054e-01 
  388.000  3.069192e-01 
  389.000  3.088196e-01 
  390.000  3.107071e-01 
  391.000  3.125776e-01 
  392.000  3.144364e-01 
  393.000  3.162820e-01 
  394.000  3.181126e-01 
  395.000  3.199266e-01 
  396.000  3.217309e-01 
  397.000  3.235162e-01 
  398.000  3.252870e-01 
  399.000  3.270447e-01 
  400.000  3.287798e-01 
  401.000  3.305100e-01 
  402.000  3.322281e-01 
  403.000  3.339331e-01 
  404.000  3.356247e-01 
  405.000  3.372993e-01 
  406.000  3.389644e-01 
  407.000  3.406180e-01 
  408.000  3.422586e-01 
  409.000  3.438846e-01 
  410.000  3.454966e-01 
  411.000  3.470941e-01 
  412.000  3.486759e-01 
  413.000  3.502499e-01 
  414.000  3.517121e-01 
  415.000  3.532953e-01 
  416.000  3.548598e-01 
  417.000  3.563994e-01 
  418.000  3.579049e-01 
  419.000  3.593949e-01 
  420.000  3.608727e-01 
  421.000  3.623428e-01 
  422.000  3.638049e-01 
  423.000  3.652572e-01 
  424.000  3.666935e-01 
  425.000  3.680978e-01 
  426.000  3.694896e-01 
  427.000  3.708700e-01 
  428.000  3.722268e-01 
  429.000  3.735656e-01 
  430.000  3.748897e-01 
  431.000  3.762048e-01 
  432.000  3.775071e-01 
  433.000  3.787978e-01 
  434.000  3.800785e-01 
  435.000  3.813475e-01 
  436.000  3.826031e-01 
  437.000  3.838458e-01 
  438.000  3.850751e-01 
  439.000  3.862956e-01 
  440.000  3.874972e-01 
  441.000  3.886843e-01 
  442.000  3.898533e-01 
  443.000  3.910052e-01 
  444.000  3.921397e-01 
  445.000  3.932504e-01 
  446.000  3.943308e-01 
  447.000  3.954645e-01 
  448.000  3.966807e-01 
  449.000  3.979124e-01 
  450.000  3.991211e-01 
  451.000  4.002833e-01 
  452.000  4.014053e-01 
  453.000  4.025050e-01 
  454.000  4.035854e-01 
  455.000  4.046035e-01 
  456.000  4.055399e-01 
  457.000  4.064769e-01 
  458.000  4.074018e-01 
  459.000  4.083074e-01 
  460.000  4.092061e-01 
  461.000  4.100958e-01 
  462.000  4.109688e-01 
  463.000  4.118384e-01 
  464.000  4.129710e-01 
  465.000  4.140871e-01 
  466.000  4.151842e-01 
  467.000  4.162564e-01 
  468.000  4.171301e-01 
  469.000  4.178829e-01 
  470.000  4.185753e-01 
  471.000  4.191989e-01 
  472.000  4.197285e-01 
  473.000  4.200998e-01 
  474.000  4.204047e-01 
  475.000  4.204831e-01 
  476.000  4.203321e-01 
  477.000  4.203290e-01 
  478.000  4.212114e-01 
  479.000  4.225554e-01 
  480.000  4.240068e-01 
  481.000  4.253097e-01 
  482.000  4.265324e-01 
  483.000  4.275958e-01 
  484.000  4.285101e-01 
  485.000  4.293281e-01 
  486.000  4.302008e-01 
  487.000  4.311199e-01 
  488.000  4.320097e-01 
  489.000  4.328835e-01 
  490.000  4.337473e-01 
  491.000  4.344239e-01 
  492.000  4.350426e-01 
  493.000  4.356583e-01 
  494.000  4.362568e-01 
  495.000  4.368554e-01 
  496.000  4.371639e-01 
  497.000  4.374608e-01 
  498.000  4.377533e-01 
  499.000  4.380301e-01 
  500.000  4.383025e-01 
  501.000  4.385448e-01 
  502.000  4.387870e-01 
  503.000  4.390262e-01 
  504.000  4.392545e-01 
  505.000  4.394703e-01 
  506.000  4.401025e-01 
  507.000  4.407532e-01 
  508.000  4.414031e-01 
  509.000  4.420457e-01 
  510.000  4.426748e-01 
  511.000  4.432389e-01 
  512.000  4.437837e-01 
  513.000  4.443255e-01 
  514.000  4.448608e-01 
  515.000  4.453914e-01 
  516.000  4.457705e-01 
  517.000  4.460136e-01 
  518.000  4.462500e-01 
  519.000  4.464819e-01 
  520.000  4.467117e-01 
  521.000  4.469175e-01 
  522.000  4.470659e-01 
  523.000  4.471730e-01 
  524.000  4.472836e-01 
  525.000  4.473708e-01 
  526.000  4.474931e-01 
  527.000  4.475128e-01 
  528.000  4.474909e-01 
  529.000  4.474678e-01 
  530.000  4.474499e-01 
  531.000  4.474351e-01 
  532.000  4.474682e-01 
  533.000  4.477665e-01 
  534.000  4.481432e-01 
  535.000  4.485685e-01 
  536.000  4.489797e-01 
  537.000  4.493559e-01 
  538.000  4.496923e-01 
  539.000  4.500042e-01 
  540.000  4.502966e-01 
  541.000  4.505806e-01 
  542.000  4.508522e-01 
  543.000  4.511142e-01 
  544.000  4.513124e-01 
  545.000  4.514584e-01 
  546.000  4.515977e-01 
  547.000  4.517408e-01 
  548.000  4.518768e-01 
  549.000  4.520108e-01 
  550.000  4.520757e-01 
  551.000  4.520723e-01 
  552.000  4.520715e-01 
  553.000  4.520566e-01 
  554.000  4.520352e-01 
  555.000  4.520101e-01 
  556.000  4.519590e-01 
  557.000  4.518631e-01 
  558.000  4.517595e-01 
  559.000  4.516439e-01 
  560.000  4.514994e-01 
  561.000  4.513287e-01 
  562.000  4.511130e-01 
  563.000  4.509138e-01 
  564.000  4.506706e-01 
  565.000  4.503477e-01 
  566.000  4.499976e-01 
  567.000  4.495129e-01 
  568.000  4.486388e-01 
  569.000  4.474256e-01 
  570.000  4.471497e-01 
  571.000  4.472552e-01 
  572.000  4.461941e-01 
  573.000  4.458533e-01 
  574.000  4.455402e-01 
  575.000  4.452873e-01 
  576.000  4.454392e-01 
  577.000  4.459344e-01 
  578.000  4.466920e-01 
  579.000  4.478141e-01 
  580.000  4.494074e-01 
  581.000  4.512928e-01 
  582.000  4.528262e-01 
  583.000  4.540955e-01 
  584.000  4.551821e-01 
  585.000  4.561336e-01 
  586.000  4.569815e-01 
  587.000  4.574230e-01 
  588.000  4.570213e-01 
  589.000  4.558805e-01 
  590.000  4.561393e-01 
  591.000  4.575527e-01 
  592.000  4.572107e-01 
  593.000  4.588636e-01 
  594.000  4.588273e-01 
  595.000  4.581589e-01 
  596.000  4.593278e-01 
  597.000  4.586883e-01 
  598.000  4.589494e-01 
  599.000  4.588126e-01 
  600.000  4.589806e-01 
  601.000  4.590118e-01 
  602.000  4.588141e-01 
  603.000  4.591570e-01 
  604.000  4.598536e-01 
  605.000  4.604858e-01 
  606.000  4.610555e-01 
  607.000  4.616096e-01 
  608.000  4.621818e-01 
  609.000  4.627325e-01 
  610.000  4.633086e-01 
  611.000  4.639493e-01 
  612.000  4.645770e-01 
  613.000  4.651854e-01 
  614.000  4.657760e-01 
  615.000  4.663652e-01 
  616.000  4.669330e-01 
  617.000  4.674694e-01 
  618.000  4.679192e-01 
  619.000  4.682998e-01 
  620.000  4.686522e-01 
  621.000  4.689550e-01 
  622.000  4.692081e-01 
  623.000  4.693775e-01 
  624.000  4.695583e-01 
  625.000  4.697106e-01 
  626.000  4.698075e-01 
  627.000  4.688498e-01 
  628.000  4.511502e-01 
  629.000  4.632164e-01 
  630.000  4.637446e-01 
  631.000  4.670154e-01 
  632.000  4.693954e-01 
  633.000  4.719011e-01 
  634.000  4.738595e-01 
  635.000  4.754169e-01 
  636.000  4.768450e-01 
  637.000  4.781601e-01 
  638.000  4.795863e-01 
  639.000  4.807124e-01 
  640.000  4.819246e-01 
  641.000  4.829720e-01 
  642.000  4.839090e-01 
  643.000  4.844908e-01 
  644.000  4.852316e-01 
  645.000  4.856449e-01 
  646.000  4.853574e-01 
  647.000  4.853284e-01 
  648.000  4.851412e-01 
  649.000  4.864567e-01 
  650.000  4.882859e-01 
  651.000  4.888022e-01 
  652.000  4.881972e-01 
  653.000  4.900167e-01 
  654.000  4.903614e-01 
  655.000  4.904024e-01 
  656.000  4.910863e-01 
  657.000  4.917772e-01 
  658.000  4.927085e-01 
  659.000  4.934643e-01 
  660.000  4.941030e-01 
  661.000  4.950141e-01 
  662.000  4.956954e-01 
  663.000  4.961462e-01 
  664.000  4.967014e-01 
  665.000  4.972421e-01 
  666.000  4.978011e-01 
  667.000  4.983431e-01 
  668.000  4.989090e-01 
  669.000  4.994381e-01 
  670.000  4.999554e-01 
  671.000  5.004753e-01 
  672.000  5.009848e-01 
  673.000  5.014915e-01 
  674.000  5.019959e-01 
  675.000  5.024989e-01 
  676.000  5.029795e-01 
  677.000  5.034195e-01 
  678.000  5.038584e-01 
  679.000  5.042826e-01 
  680.000  5.046480e-01 
  681.000  5.049904e-01 
  682.000  5.053899e-01 
  683.000  5.057599e-01 
  684.000  5.060331e-01 
  685.000  5.065318e-01 
  686.000  5.043902e-01 
  687.000  4.240002e-01 
  688.000  4.485019e-01 
  689.000  4.420656e-01 
  690.000  4.548374e-01 
  691.000  4.736190e-01 
  692.000  4.879516e-01 
  693.000  4.955280e-01 
  694.000  4.996894e-01 
  695.000  5.032933e-01 
  696.000  5.051801e-01 
  697.000  5.088154e-01 
  698.000  5.085832e-01 
  699.000  5.062780e-01 
  700.000  5.070182e-01 
  701.000  5.066515e-01 
  702.000  5.073669e-01 
  703.000  5.097726e-01 
  704.000  5.101272e-01 
  705.000  5.095590e-01 
  706.000  5.099527e-01 
  707.000  5.103763e-01 
  708.000  5.108934e-01 
  709.000  5.118937e-01 
  710.000  5.112482e-01 
  711.000  5.123177e-01 
  712.000  5.131984e-01 
  713.000  5.128707e-01 
  714.000  5.128809e-01 
  715.000  5.122395e-01 
  716.000  5.116947e-01 
  717.000  5.057847e-01 
  718.000  5.021254e-01 
  719.000  5.009443e-01 
  720.000  4.989153e-01 
  721.000  5.086139e-01 
  722.000  5.120572e-01 
  723.000  5.104665e-01 
  724.000  5.054057e-01 
  725.000  5.064194e-01 
  726.000  5.063092e-01 
  727.000  5.072119e-01 
  728.000  5.065191e-01 
  729.000  5.087047e-01 
  730.000  5.084726e-01 
  731.000  5.081615e-01 
  732.000  5.117151e-01 
  733.000  5.150319e-01 
  734.000  5.165462e-01 
  735.000  5.162734e-01 
  736.000  5.153890e-01 
  737.000  5.162477e-01 
  738.000  5.171907e-01 
  739.000  5.177591e-01 
  740.000  5.188285e-01 
  741.000  5.194748e-01 
  742.000  5.198408e-01 
  743.000  5.204339e-01 
  744.000  5.208289e-01 
  745.000  5.211551e-01 
  746.000  5.214310e-01 
  747.000  5.216169e-01 
  748.000  5.219316e-01 
  749.000  5.221664e-01 
  750.000  5.222808e-01 
  751.000  5.224668e-01 
  752.000  5.227590e-01 
  753.000  5.229705e-01 
  754.000  5.231696e-01 
  755.000  5.233527e-01 
  756.000  5.235364e-01 
  757.000  5.236678e-01 
  758.000  5.225369e-01 
  759.000  4.791409e-01 
  760.000  1.828266e-01 
  761.000  1.580807e-01 
  762.000  3.195322e-01 
  763.000  2.669682e-01 
  764.000  2.927796e-01 
  765.000  3.530567e-01 
  766.000  4.286442e-01 
  767.000  4.678763e-01 
  768.000  4.939133e-01 
  769.000  5.112613e-01 
  770.000  5.207201e-01 
  771.000  5.250943e-01 
  772.000  5.262130e-01 
  773.000  5.267243e-01 
  774.000  5.274410e-01 
  775.000  5.278528e-01 
  776.000  5.281325e-01 
  777.000  5.282841e-01 
  778.000  5.283839e-01 
  779.000  5.284617e-01 
  780.000  5.285318e-01 
  781.000  5.286704e-01 
  782.000  5.287377e-01 
  783.000  5.288067e-01 
  784.000  5.288307e-01 
  785.000  5.286160e-01 
  786.000  5.282342e-01 
  787.000  5.275875e-01 
  788.000  5.272126e-01 
  789.000  5.258628e-01 
  790.000  5.258055e-01 
  791.000  5.261702e-01 
  792.000  5.264360e-01 
  793.000  5.271449e-01 
  794.000  5.284674e-01 
  795.000  5.277438e-01 
  796.000  5.259294e-01 
  797.000  5.264541e-01 
  798.000  5.278372e-01 
  799.000  5.275857e-01 
  800.000  5.267178e-01 
  801.000  5.269042e-01 
  802.000  5.268698e-01 
  803.000  5.270813e-01 
  804.000  5.275429e-01 
  805.000  5.284513e-01 
  806.000  5.290751e-01 
  807.000  5.291637e-01 
  808.000  5.289108e-01 
  809.000  5.286618e-01 
  810.000  5.283152e-01 
  811.000  5.276124e-01 
  812.000  5.267429e-01 
  813.000  5.254806e-01 
  814.000  5.237785e-01 
  815.000  5.216289e-01 
  816.000  5.187590e-01 
  817.000  5.190068e-01 
  818.000  5.193115e-01 
  819.000  5.203259e-01 
  820.000  5.235818e-01 
  821.000  5.272345e-01 
  822.000  5.245658e-01 
  823.000  5.167522e-01 
  824.000  5.234605e-01 
  825.000  5.276495e-01 
  826.000  5.269820e-01 
  827.000  5.265196e-01 
  828.000  5.238455e-01 
  829.000  5.248933e-01 
  830.000  5.260460e-01 
  831.000  5.263511e-01 
  832.000  5.264986e-01 
  833.000  5.271754e-01 
  834.000  5.279577e-01 
  835.000  5.293180e-01 
  836.000  5.290374e-01 
  837.000  5.290331e-01 
  838.000  5.295799e-01 
  839.000  5.300835e-01 
  840.000  5.302999e-01 
  841.000  5.298554e-01 
  842.000  5.303491e-01 
  843.000  5.313873e-01 
  844.000  5.318577e-01 
  845.000  5.321441e-01 
  846.000  5.323766e-01 
  847.000  5.326663e-01 
  848.000  5.323626e-01 
  849.000  5.324712e-01 
  850.000  5.322964e-01 
  851.000  5.321519e-01 
  852.000  5.322266e-01 
  853.000  5.326436e-01 
  854.000  5.326657e-01 
  855.000  5.328667e-01 
  856.000  5.333601e-01 
  857.000  5.336218e-01 
  858.000  5.337799e-01 
  859.000  5.340734e-01 
  860.000  5.342388e-01 
  861.000  5.343035e-01 
  862.000  5.344130e-01 
  863.000  5.344677e-01 
  864.000  5.345571e-01 
  865.000  5.346384e-01 
  866.000  5.346935e-01 
  867.000  5.347314e-01 
  868.000  5.347821e-01 
  869.000  5.348390e-01 
  870.000  5.348739e-01 
  871.000  5.349298e-01 
  872.000  5.350026e-01 
  873.000  5.350169e-01 
  874.000  5.350443e-01 
  875.000  5.350837e-01 
  876.000  5.350757e-01 
  877.000  5.350924e-01 
  878.000  5.349634e-01 
  879.000  5.349939e-01 
  880.000  5.348874e-01 
  881.000  5.348458e-01 
  882.000  5.348073e-01 
  883.000  5.349260e-01 
  884.000  5.349977e-01 
  885.000  5.347363e-01 
  886.000  5.345069e-01 
  887.000  5.347791e-01 
  888.000  5.348018e-01 
  889.000  5.348883e-01 
  890.000  5.347546e-01 
  891.000  5.344191e-01 
  892.000  5.336353e-01 
  893.000  5.312012e-01 
  894.000  5.302108e-01 
  895.000  5.263430e-01 
  896.000  5.228441e-01 
  897.000  5.190992e-01 
  898.000  5.173436e-01 
  899.000  5.120701e-01 
  900.000  5.129194e-01 
  901.000  5.115347e-01 
  902.000  5.117775e-01 
  903.000  5.206878e-01 
  904.000  5.259152e-01 
  905.000  5.257316e-01 
  906.000  5.225210e-01 
  907.000  5.166728e-01 
  908.000  5.127276e-01 
  909.000  5.129563e-01 
  910.000  5.136051e-01 
  911.000  5.162950e-01 
  912.000  5.150412e-01 
  913.000  5.093794e-01 
  914.000  5.122401e-01 
  915.000  5.144491e-01 
  916.000  5.150481e-01 
  917.000  5.162266e-01 
  918.000  5.177398e-01 
  919.000  5.227856e-01 
  920.000  5.264867e-01 
  921.000  5.256844e-01 
  922.000  5.256384e-01 
  923.000  5.246379e-01 
  924.000  5.221722e-01 
  925.000  5.220436e-01 
  926.000  5.221467e-01 
  927.000  5.193357e-01 
  928.000  5.148960e-01 
  929.000  5.082475e-01 
  930.000  4.993507e-01 
  931.000  4.887471e-01 
  932.000  4.742205e-01 
  933.000  4.618874e-01 
  934.000  4.477705e-01 
  935.000  4.463785e-01 
  936.000  4.524754e-01 
  937.000  4.507950e-01 
  938.000  4.659294e-01 
  939.000  5.001758e-01 
  940.000  5.046265e-01 
  941.000  5.006218e-01 
  942.000  4.905531e-01 
  943.000  4.723118e-01 
  944.000  4.710858e-01 
  945.000  4.781117e-01 
  946.000  4.783911e-01 
  947.000  4.840848e-01 
  948.000  4.873648e-01 
  949.000  4.868176e-01 
  950.000  4.876291e-01 
  951.000  4.948095e-01 
  952.000  4.869079e-01 
  953.000  4.922600e-01 
  954.000  4.977849e-01 
  955.000  4.930587e-01 
  956.000  4.917630e-01 
  957.000  5.056169e-01 
  958.000  5.072132e-01 
  959.000  5.048909e-01 
  960.000  5.041661e-01 
  961.000  5.029837e-01 
  962.000  5.039625e-01 
  963.000  5.111728e-01 
  964.000  5.121520e-01 
  965.000  5.114316e-01 
  966.000  5.117671e-01 
  967.000  5.166873e-01 
  968.000  5.245922e-01 
  969.000  5.280339e-01 
  970.000  5.282148e-01 
  971.000  5.281501e-01 
  972.000  5.272060e-01 
  973.000  5.249599e-01 
  974.000  5.221613e-01 
  975.000  5.203406e-01 
  976.000  5.226102e-01 
  977.000  5.262724e-01 
  978.000  5.259755e-01 
  979.000  5.268990e-01 
  980.000  5.305243e-01 
  981.000  5.313187e-01 
  982.000  5.305188e-01 
  983.000  5.323501e-01 
  984.000  5.342198e-01 
  985.000  5.350945e-01 
  986.000  5.364356e-01 
  987.000  5.370644e-01 
  988.000  5.371410e-01 
  989.000  5.372490e-01 
  990.000  5.374221e-01 
  991.000  5.379136e-01 
  992.000  5.380958e-01 
  993.000  5.381764e-01 
  994.000  5.386537e-01 
  995.000  5.390097e-01 
  996.000  5.390271e-01 
  997.000  5.387970e-01 
  998.000  5.385938e-01 
  999.000  5.385894e-01 
 1000.000  5.386193e-01 
 1001.000  5.382386e-01 
 1002.000  5.375001e-01 
 1003.000  5.376406e-01 
 1004.000  5.381458e-01 
 1005.000  5.383148e-01 
 1006.000  5.383747e-01 
 1007.000  5.383028e-01 
 1008.000  5.376309e-01 
 1009.000  5.368236e-01 
 1010.000  5.372306e-01 
 1011.000  5.381135e-01 
 1012.000  5.384189e-01 
 1013.000  5.387160e-01 
 1014.000  5.388418e-01 
 1015.000  5.387856e-01 
 1016.000  5.389273e-01 
 1017.000  5.390135e-01 
 1018.000  5.388222e-01 
 1019.000  5.385368e-01 
 1020.000  5.386520e-01 
 1021.000  5.388354e-01 
 1022.000  5.384531e-01 
 1023.000  5.381531e-01 
 1024.000  5.379213e-01 
 1025.000  5.384698e-01 
 1026.000  5.386552e-01 
 1027.000  5.385730e-01 
 1028.000  5.385575e-01 
 1029.000  5.387760e-01 
 1030.000  5.390263e-01 
 1031.000  5.391328e-01 
 1032.000  5.391880e-01 
 1033.000  5.391575e-01 
 1034.000  5.391527e-01 
 1035.000  5.390615e-01 
 1036.000  5.388227e-01 
 1037.000  5.386443e-01 
 1038.000  5.386413e-01 
 1039.000  5.385457e-01 
 1040.000  5.384147e-01 
 1041.000  5.383056e-01 
 1042.000  5.382407e-01 
 1043.000  5.381644e-01 
 1044.000  5.380221e-01 
 1045.000  5.377973e-01 
 1046.000  5.376105e-01 
 1047.000  5.373535e-01 
 1048.000  5.368286e-01 
 1049.000  5.361847e-01 
 1050.000  5.358816e-01 
 1051.000  5.356779e-01 
 1052.000  5.353623e-01 
 1053.000  5.351155e-01 
 1054.000  5.347752e-01 
 1055.000  5.344152e-01 
 1056.000  5.339571e-01 
 1057.000  5.333309e-01 
 1058.000  5.324384e-01 
 1059.000  5.321218e-01 
 1060.000  5.320531e-01 
 1061.000  5.317649e-01 
 1062.000  5.311203e-01 
 1063.000  5.305471e-01 
 1064.000  5.299513e-01 
 1065.000  5.296459e-01 
 1066.000  5.296239e-01 
 1067.000  5.294027e-01 
 1068.000  5.291650e-01 
 1069.000  5.298965e-01 
 1070.000  5.306579e-01 
 1071.000  5.309951e-01 
 1072.000  5.311128e-01 
 1073.000  5.315173e-01 
 1074.000  5.320205e-01 
 1075.000  5.328807e-01 
 1076.000  5.329701e-01 
 1077.000  5.330020e-01 
 1078.000  5.328621e-01 
 1079.000  5.331351e-01 
 1080.000  5.323384e-01 
 1081.000  5.325251e-01 
 1082.000  5.330847e-01 
 1083.000  5.329003e-01 
 1084.000  5.323773e-01 
 1085.000  5.308050e-01 
 1086.000  5.314125e-01 
 1087.000  5.335217e-01 
 1088.000  5.337577e-01 
 1089.000  5.315535e-01 
 1090.000  5.312663e-01 
 1091.000  5.318656e-01 
 1092.000  5.308647e-01 
 1093.000  5.283040e-01 
 1094.000  5.272266e-01 
 1095.000  5.275201e-01 
 1096.000  5.277966e-01 
 1097.000  5.274059e-01 
 1098.000  5.207832e-01 
 1099.000  5.149620e-01 
 1100.000  5.154634e-01 
 1101.000  5.163792e-01 
 1102.000  5.161261e-01 
 1103.000  5.167550e-01 
 1104.000  5.158143e-01 
 1105.000  5.133767e-01 
 1106.000  5.108058e-01 
 1107.000  5.116212e-01 
 1108.000  5.123069e-01 
 1109.000  5.147663e-01 
 1110.000  5.148016e-01 
 1111.000  5.137573e-01 
 1112.000  5.084257e-01 
 1113.000  5.009792e-01 
 1114.000  4.994403e-01 
 1115.000  4.898536e-01 
 1116.000  4.835530e-01 
 1117.000  4.670899e-01 
 1118.000  4.510072e-01 
 1119.000  4.422753e-01 
 1120.000  4.300453e-01 
 1121.000  4.273603e-01 
 1122.000  4.123829e-01 
 1123.000  4.214847e-01 
 1124.000  4.272907e-01 
 1125.000  4.244772e-01 
 1126.000  4.232029e-01 
 1127.000  4.242036e-01 
 1128.000  4.261070e-01 
 1129.000  4.396566e-01 
 1130.000  4.682006e-01 
 1131.000  4.756203e-01 
 1132.000  4.656315e-01 
 1133.000  4.449245e-01 
 1134.000  3.993910e-01 
 1135.000  4.032062e-01 
 1136.000  4.474718e-01 
 1137.000  4.672058e-01 
 1138.000  4.838314e-01 
 1139.000  4.877895e-01 
 1140.000  4.847477e-01 
 1141.000  4.780269e-01 
 1142.000  4.758115e-01 
 1143.000  4.685622e-01 
 1144.000  4.597979e-01 
 1145.000  4.463220e-01 
 1146.000  4.495813e-01 
 1147.000  4.599670e-01 
 1148.000  4.686493e-01 
 1149.000  4.718348e-01 
 1150.000  4.714937e-01 
