  320.000  1.175763e-01 
  321.000  1.506393e-01 
  322.000  1.374826e-01 
  323.000  1.541928e-01 
  324.000  1.712925e-01 
  325.000  1.585204e-01 
  326.000  1.795800e-01 
  327.000  1.855446e-01 
  328.000  1.727097e-01 
  329.000  1.974979e-01 
  330.000  2.014839e-01 
  331.000  1.936117e-01 
  332.000  2.088649e-01 
  333.000  2.133534e-01 
  334.000  2.096667e-01 
  335.000  2.209972e-01 
  336.000  2.256181e-01 
  337.000  2.236685e-01 
  338.000  2.290974e-01 
  339.000  2.347261e-01 
  340.000  2.337993e-01 
  341.000  2.392853e-01 
  342.000  2.433125e-01 
  343.000  2.453399e-01 
  344.000  2.457546e-01 
  345.000  2.512429e-01 
  346.000  2.547198e-01 
  347.000  2.575610e-01 
  348.000  2.602275e-01 
  349.000  2.632284e-01 
  350.000  2.657984e-01 
  351.000  2.683623e-01 
  352.000  2.704689e-01 
  353.000  2.734693e-01 
  354.000  2.760280e-01 
  355.000  2.784127e-01 
  356.000  2.807396e-01 
  357.000  2.828133e-01 
  358.000  2.850474e-01 
  359.000  2.872821e-01 
  360.000  2.895737e-01 
  361.000  2.924730e-01 
  362.000  2.954969e-01 
  363.000  2.982862e-01 
  364.000  3.008570e-01 
  365.000  3.032715e-01 
  366.000  3.057436e-01 
  367.000  3.081002e-01 
  368.000  3.104382e-01 
  369.000  3.127587e-01 
  370.000  3.150579e-01 
  371.000  3.173416e-01 
  372.000  3.196090e-01 
  373.000  3.218596e-01 
  374.000  3.240763e-01 
  375.000  3.262525e-01 
  376.000  3.283567e-01 
  377.000  3.303474e-01 
  378.000  3.321981e-01 
  379.000  3.340800e-01 
  380.000  3.361516e-01 
  381.000  3.385121e-01 
  382.000  3.409607e-01 
  383.000  3.432786e-01 
  384.000  3.454793e-01 
  385.000  3.476016e-01 
  386.000  3.496712e-01 
  387.000  3.517090e-01 
  388.000  3.537223e-01 
  389.000  3.557205e-01 
  390.000  3.577040e-01 
  391.000  3.596686e-01 
  392.000  3.616199e-01 
  393.000  3.635565e-01 
  394.000  3.654763e-01 
  395.000  3.673777e-01 
  396.000  3.692679e-01 
  397.000  3.711374e-01 
  398.000  3.729908e-01 
  399.000  3.748296e-01 
  400.000  3.766439e-01 
  401.000  3.784523e-01 
  402.000  3.802472e-01 
  403.000  3.820277e-01 
  404.000  3.837932e-01 
  405.000  3.855404e-01 
  406.000  3.872768e-01 
  407.000  3.890005e-01 
  408.000  3.907101e-01 
  409.000  3.924036e-01 
  410.000  3.940819e-01 
  411.000  3.957444e-01 
  412.000  3.973898e-01 
  413.000  3.990266e-01 
  414.000  4.005466e-01 
  415.000  4.021916e-01 
  416.000  4.038166e-01 
  417.000  4.054151e-01 
  418.000  4.069777e-01 
  419.000  4.085236e-01 
  420.000  4.100562e-01 
  421.000  4.115803e-01 
  422.000  4.130956e-01 
  423.000  4.146002e-01 
  424.000  4.160877e-01 
  425.000  4.175417e-01 
  426.000  4.189821e-01 
  427.000  4.204103e-01 
  428.000  4.218137e-01 
  429.000  4.231980e-01 
  430.000  4.245667e-01 
  431.000  4.259256e-01 
  432.000  4.272709e-01 
  433.000  4.286039e-01 
  434.000  4.299261e-01 
  435.000  4.312358e-01 
  436.000  4.325313e-01 
  437.000  4.338131e-01 
  438.000  4.350808e-01 
  439.000  4.363391e-01 
  440.000  4.375775e-01 
  441.000  4.388007e-01 
  442.000  4.400048e-01 
  443.000  4.411911e-01 
  444.000  4.423591e-01 
  445.000  4.435024e-01 
  446.000  4.446142e-01 
  447.000  4.457805e-01 
  448.000  4.470314e-01 
  449.000  4.482980e-01 
  450.000  4.495406e-01 
  451.000  4.507349e-01 
  452.000  4.518878e-01 
  453.000  4.530174e-01 
  454.000  4.541269e-01 
  455.000  4.551722e-01 
  456.000  4.561335e-01 
  457.000  4.570951e-01 
  458.000  4.580441e-01 
  459.000  4.589732e-01 
  460.000  4.598950e-01 
  461.000  4.608074e-01 
  462.000  4.617025e-01 
  463.000  4.625939e-01 
  464.000  4.637547e-01 
  465.000  4.648985e-01 
  466.000  4.660223e-01 
  467.000  4.671204e-01 
  468.000  4.680151e-01 
  469.000  4.687858e-01 
  470.000  4.694946e-01 
  471.000  4.701329e-01 
  472.000  4.706749e-01 
  473.000  4.710548e-01 
  474.000  4.713668e-01 
  475.000  4.714470e-01 
  476.000  4.712925e-01 
  477.000  4.712893e-01 
  478.000  4.721921e-01 
  479.000  4.735669e-01 
  480.000  4.750511e-01 
  481.000  4.763830e-01 
  482.000  4.776326e-01 
  483.000  4.787192e-01 
  484.000  4.796533e-01 
  485.000  4.804888e-01 
  486.000  4.813800e-01 
  487.000  4.823183e-01 
  488.000  4.832267e-01 
  489.000  4.841186e-01 
  490.000  4.850001e-01 
  491.000  4.856904e-01 
  492.000  4.863216e-01 
  493.000  4.869497e-01 
  494.000  4.875602e-01 
  495.000  4.881706e-01 
  496.000  4.884852e-01 
  497.000  4.887879e-01 
  498.000  4.890862e-01 
  499.000  4.893684e-01 
  500.000  4.896461e-01 
  501.000  4.898930e-01 
  502.000  4.901400e-01 
  503.000  4.903839e-01 
  504.000  4.906165e-01 
  505.000  4.908365e-01 
  506.000  4.914808e-01 
  507.000  4.921439e-01 
  508.000  4.928061e-01 
  509.000  4.934608e-01 
  510.000  4.941016e-01 
  511.000  4.946761e-01 
  512.000  4.952310e-01 
  513.000  4.957827e-01 
  514.000  4.963277e-01 
  515.000  4.968679e-01 
  516.000  4.972539e-01 
  517.000  4.975013e-01 
  518.000  4.977419e-01 
  519.000  4.979780e-01 
  520.000  4.982118e-01 
  521.000  4.984213e-01 
  522.000  4.985724e-01 
  523.000  4.986813e-01 
  524.000  4.987939e-01 
  525.000  4.988826e-01 
  526.000  4.990071e-01 
  527.000  4.990271e-01 
  528.000  4.990049e-01 
  529.000  4.989814e-01 
  530.000  4.989631e-01 
  531.000  4.989481e-01 
  532.000  4.989817e-01 
  533.000  4.992853e-01 
  534.000  4.996686e-01 
  535.000  5.001013e-01 
  536.000  5.005197e-01 
  537.000  5.009024e-01 
  538.000  5.012446e-01 
  539.000  5.015618e-01 
  540.000  5.018592e-01 
  541.000  5.021481e-01 
  542.000  5.024243e-01 
  543.000  5.026907e-01 
  544.000  5.028922e-01 
  545.000  5.030407e-01 
  546.000  5.031823e-01 
  547.000  5.033279e-01 
  548.000  5.034662e-01 
  549.000  5.036023e-01 
  550.000  5.036684e-01 
  551.000  5.036649e-01 
  552.000  5.036641e-01 
  553.000  5.036489e-01 
  554.000  5.036272e-01 
  555.000  5.036016e-01 
  556.000  5.035497e-01 
  557.000  5.034522e-01 
  558.000  5.033469e-01 
  559.000  5.032291e-01 
  560.000  5.030817e-01 
  561.000  5.029068e-01 
  562.000  5.025010e-01 
  563.000  5.022825e-01 
  564.000  5.019889e-01 
  565.000  5.015275e-01 
  566.000  5.012577e-01 
  567.000  5.002142e-01 
  568.000  4.971781e-01 
  569.000  4.904684e-01 
  570.000  4.914244e-01 
  571.000  4.959809e-01 
  572.000  4.914551e-01 
  573.000  4.925855e-01 
  574.000  4.928427e-01 
  575.000  4.925246e-01 
  576.000  4.927062e-01 
  577.000  4.943404e-01 
  578.000  4.963572e-01 
  579.000  4.981428e-01 
  580.000  4.996995e-01 
  581.000  5.019926e-01 
  582.000  5.035205e-01 
  583.000  5.044302e-01 
  584.000  5.052812e-01 
  585.000  5.058748e-01 
  586.000  5.065250e-01 
  587.000  5.048349e-01 
  588.000  4.957407e-01 
  589.000  4.814654e-01 
  590.000  4.807338e-01 
  591.000  4.907328e-01 
  592.000  4.856581e-01 
  593.000  4.970702e-01 
  594.000  4.947264e-01 
  595.000  4.869607e-01 
  596.000  4.980299e-01 
  597.000  4.953196e-01 
  598.000  4.997094e-01 
  599.000  5.013691e-01 
  600.000  5.053287e-01 
  601.000  5.078220e-01 
  602.000  5.085073e-01 
  603.000  5.097088e-01 
  604.000  5.110554e-01 
  605.000  5.120222e-01 
  606.000  5.126868e-01 
  607.000  5.133276e-01 
  608.000  5.139227e-01 
  609.000  5.144907e-01 
  610.000  5.150762e-01 
  611.000  5.157264e-01 
  612.000  5.163633e-01 
  613.000  5.169804e-01 
  614.000  5.175794e-01 
  615.000  5.181768e-01 
  616.000  5.187525e-01 
  617.000  5.192963e-01 
  618.000  5.197522e-01 
  619.000  5.201380e-01 
  620.000  5.204952e-01 
  621.000  5.208020e-01 
  622.000  5.210585e-01 
  623.000  5.212301e-01 
  624.000  5.214123e-01 
  625.000  5.215637e-01 
  626.000  5.211734e-01 
  627.000  5.175214e-01 
  628.000  4.993318e-01 
  629.000  5.099556e-01 
  630.000  5.133604e-01 
  631.000  5.169784e-01 
  632.000  5.156482e-01 
  633.000  5.209913e-01 
  634.000  5.233989e-01 
  635.000  5.244852e-01 
  636.000  5.260333e-01 
  637.000  5.273881e-01 
  638.000  5.301361e-01 
  639.000  5.310363e-01 
  640.000  5.328205e-01 
  641.000  5.335760e-01 
  642.000  5.349386e-01 
  643.000  5.341944e-01 
  644.000  5.347801e-01 
  645.000  5.334494e-01 
  646.000  5.256692e-01 
  647.000  5.203975e-01 
  648.000  5.144761e-01 
  649.000  5.204120e-01 
  650.000  5.315287e-01 
  651.000  5.318892e-01 
  652.000  5.227752e-01 
  653.000  5.340475e-01 
  654.000  5.332131e-01 
  655.000  5.295953e-01 
  656.000  5.313523e-01 
  657.000  5.338748e-01 
  658.000  5.379859e-01 
  659.000  5.405398e-01 
  660.000  5.418622e-01 
  661.000  5.449429e-01 
  662.000  5.465104e-01 
  663.000  5.466580e-01 
  664.000  5.474789e-01 
  665.000  5.482625e-01 
  666.000  5.491566e-01 
  667.000  5.499214e-01 
  668.000  5.508516e-01 
  669.000  5.514934e-01 
  670.000  5.520520e-01 
  671.000  5.526454e-01 
  672.000  5.531668e-01 
  673.000  5.536774e-01 
  674.000  5.541829e-01 
  675.000  5.546898e-01 
  676.000  5.551636e-01 
  677.000  5.555997e-01 
  678.000  5.560378e-01 
  679.000  5.563815e-01 
  680.000  5.563172e-01 
  681.000  5.562148e-01 
  682.000  5.564346e-01 
  683.000  5.565339e-01 
  684.000  5.560577e-01 
  685.000  5.569346e-01 
  686.000  5.544508e-01 
  687.000  4.707863e-01 
  688.000  4.970700e-01 
  689.000  4.894129e-01 
  690.000  5.032020e-01 
  691.000  5.207214e-01 
  692.000  5.304330e-01 
  693.000  5.228035e-01 
  694.000  5.133112e-01 
  695.000  5.217680e-01 
  696.000  5.267745e-01 
  697.000  5.485580e-01 
  698.000  5.440599e-01 
  699.000  5.245352e-01 
  700.000  5.277834e-01 
  701.000  5.234740e-01 
  702.000  5.267046e-01 
  703.000  5.431212e-01 
  704.000  5.438799e-01 
  705.000  5.371572e-01 
  706.000  5.385197e-01 
  707.000  5.409838e-01 
  708.000  5.436488e-01 
  709.000  5.490640e-01 
  710.000  5.433754e-01 
  711.000  5.492545e-01 
  712.000  5.542758e-01 
  713.000  5.502899e-01 
  714.000  5.489495e-01 
  715.000  5.424283e-01 
  716.000  5.356090e-01 
  717.000  4.933981e-01 
  718.000  4.679004e-01 
  719.000  4.587919e-01 
  720.000  4.453181e-01 
  721.000  5.055032e-01 
  722.000  5.274720e-01 
  723.000  5.150682e-01 
  724.000  4.802465e-01 
  725.000  4.853205e-01 
  726.000  4.837272e-01 
  727.000  4.886471e-01 
  728.000  4.833401e-01 
  729.000  4.966444e-01 
  730.000  4.943900e-01 
  731.000  4.916644e-01 
  732.000  5.142587e-01 
  733.000  5.362242e-01 
  734.000  5.469181e-01 
  735.000  5.431820e-01 
  736.000  5.362035e-01 
  737.000  5.414898e-01 
  738.000  5.487713e-01 
  739.000  5.519238e-01 
  740.000  5.589194e-01 
  741.000  5.629755e-01 
  742.000  5.646867e-01 
  743.000  5.684378e-01 
  744.000  5.699712e-01 
  745.000  5.713401e-01 
  746.000  5.723108e-01 
  747.000  5.725792e-01 
  748.000  5.735029e-01 
  749.000  5.740196e-01 
  750.000  5.737355e-01 
  751.000  5.739179e-01 
  752.000  5.748100e-01 
  753.000  5.751832e-01 
  754.000  5.754730e-01 
  755.000  5.756544e-01 
  756.000  5.758458e-01 
  757.000  5.759776e-01 
  758.000  5.748202e-01 
  759.000  5.293312e-01 
  760.000  2.119455e-01 
  761.000  1.845948e-01 
  762.000  3.602108e-01 
  763.000  3.036712e-01 
  764.000  3.314868e-01 
  765.000  3.960109e-01 
  766.000  4.761434e-01 
  767.000  5.174456e-01 
  768.000  5.447550e-01 
  769.000  5.629091e-01 
  770.000  5.727330e-01 
  771.000  5.773312e-01 
  772.000  5.784923e-01 
  773.000  5.790088e-01 
  774.000  5.796688e-01 
  775.000  5.800896e-01 
  776.000  5.803958e-01 
  777.000  5.804691e-01 
  778.000  5.804319e-01 
  779.000  5.803862e-01 
  780.000  5.803388e-01 
  781.000  5.807458e-01 
  782.000  5.806855e-01 
  783.000  5.806393e-01 
  784.000  5.803414e-01 
  785.000  5.788190e-01 
  786.000  5.765399e-01 
  787.000  5.712566e-01 
  788.000  5.684815e-01 
  789.000  5.586298e-01 
  790.000  5.577792e-01 
  791.000  5.596318e-01 
  792.000  5.613517e-01 
  793.000  5.653637e-01 
  794.000  5.738902e-01 
  795.000  5.686734e-01 
  796.000  5.548584e-01 
  797.000  5.587949e-01 
  798.000  5.675279e-01 
  799.000  5.655328e-01 
  800.000  5.591763e-01 
  801.000  5.599307e-01 
  802.000  5.592889e-01 
  803.000  5.602185e-01 
  804.000  5.632104e-01 
  805.000  5.689467e-01 
  806.000  5.723807e-01 
  807.000  5.725329e-01 
  808.000  5.705823e-01 
  809.000  5.681843e-01 
  810.000  5.655529e-01 
  811.000  5.601763e-01 
  812.000  5.529540e-01 
  813.000  5.441486e-01 
  814.000  5.325995e-01 
  815.000  5.183203e-01 
  816.000  5.003034e-01 
  817.000  5.012395e-01 
  818.000  5.026858e-01 
  819.000  5.086384e-01 
  820.000  5.285865e-01 
  821.000  5.516083e-01 
  822.000  5.340698e-01 
  823.000  4.861523e-01 
  824.000  5.264543e-01 
  825.000  5.529350e-01 
  826.000  5.484546e-01 
  827.000  5.450929e-01 
  828.000  5.276849e-01 
  829.000  5.339227e-01 
  830.000  5.409598e-01 
  831.000  5.426339e-01 
  832.000  5.434141e-01 
  833.000  5.475059e-01 
  834.000  5.523400e-01 
  835.000  5.619429e-01 
  836.000  5.588738e-01 
  837.000  5.585685e-01 
  838.000  5.632429e-01 
  839.000  5.660916e-01 
  840.000  5.671259e-01 
  841.000  5.640489e-01 
  842.000  5.668178e-01 
  843.000  5.734057e-01 
  844.000  5.764067e-01 
  845.000  5.778058e-01 
  846.000  5.792780e-01 
  847.000  5.809003e-01 
  848.000  5.782211e-01 
  849.000  5.785608e-01 
  850.000  5.772356e-01 
  851.000  5.756595e-01 
  852.000  5.758152e-01 
  853.000  5.784170e-01 
  854.000  5.782787e-01 
  855.000  5.795887e-01 
  856.000  5.823151e-01 
  857.000  5.833035e-01 
  858.000  5.839309e-01 
  859.000  5.852296e-01 
  860.000  5.858665e-01 
  861.000  5.859817e-01 
  862.000  5.863937e-01 
  863.000  5.864459e-01 
  864.000  5.867280e-01 
  865.000  5.869585e-01 
  866.000  5.870184e-01 
  867.000  5.869746e-01 
  868.000  5.870094e-01 
  869.000  5.870848e-01 
  870.000  5.870264e-01 
  871.000  5.870977e-01 
  872.000  5.872743e-01 
  873.000  5.870945e-01 
  874.000  5.869964e-01 
  875.000  5.869720e-01 
  876.000  5.866598e-01 
  877.000  5.865533e-01 
  878.000  5.857366e-01 
  879.000  5.856792e-01 
  880.000  5.849750e-01 
  881.000  5.845507e-01 
  882.000  5.842173e-01 
  883.000  5.845456e-01 
  884.000  5.847061e-01 
  885.000  5.832455e-01 
  886.000  5.813742e-01 
  887.000  5.829489e-01 
  888.000  5.828532e-01 
  889.000  5.831493e-01 
  890.000  5.821117e-01 
  891.000  5.796226e-01 
  892.000  5.743830e-01 
  893.000  5.586100e-01 
  894.000  5.507434e-01 
  895.000  5.271720e-01 
  896.000  5.062071e-01 
  897.000  4.843291e-01 
  898.000  4.741865e-01 
  899.000  4.462973e-01 
  900.000  4.501925e-01 
  901.000  4.430488e-01 
  902.000  4.444938e-01 
  903.000  4.915178e-01 
  904.000  5.209716e-01 
  905.000  5.199844e-01 
  906.000  5.015517e-01 
  907.000  4.694653e-01 
  908.000  4.486653e-01 
  909.000  4.494799e-01 
  910.000  4.525660e-01 
  911.000  4.663338e-01 
  912.000  4.596642e-01 
  913.000  4.310299e-01 
  914.000  4.451375e-01 
  915.000  4.564031e-01 
  916.000  4.595178e-01 
  917.000  4.657397e-01 
  918.000  4.737940e-01 
  919.000  5.013288e-01 
  920.000  5.225231e-01 
  921.000  5.179193e-01 
  922.000  5.175413e-01 
  923.000  5.116396e-01 
  924.000  4.975287e-01 
  925.000  4.962117e-01 
  926.000  4.954768e-01 
  927.000  4.788496e-01 
  928.000  4.536520e-01 
  929.000  4.180965e-01 
  930.000  3.743493e-01 
  931.000  3.274729e-01 
  932.000  2.684585e-01 
  933.000  2.278531e-01 
  934.000  1.888773e-01 
  935.000  1.846439e-01 
  936.000  1.993010e-01 
  937.000  1.957696e-01 
  938.000  2.401841e-01 
  939.000  3.663039e-01 
  940.000  3.866643e-01 
  941.000  3.695647e-01 
  942.000  3.281919e-01 
  943.000  2.627321e-01 
  944.000  2.581552e-01 
  945.000  2.808195e-01 
  946.000  2.823274e-01 
  947.000  3.036827e-01 
  948.000  3.163844e-01 
  949.000  3.150108e-01 
  950.000  3.183625e-01 
  951.000  3.471755e-01 
  952.000  3.169379e-01 
  953.000  3.386172e-01 
  954.000  3.624021e-01 
  955.000  3.437299e-01 
  956.000  3.400713e-01 
  957.000  4.007126e-01 
  958.000  4.090974e-01 
  959.000  3.990889e-01 
  960.000  3.963369e-01 
  961.000  3.913864e-01 
  962.000  3.962315e-01 
  963.000  4.306440e-01 
  964.000  4.357831e-01 
  965.000  4.326338e-01 
  966.000  4.346990e-01 
  967.000  4.599069e-01 
  968.000  5.028502e-01 
  969.000  5.226680e-01 
  970.000  5.238113e-01 
  971.000  5.233595e-01 
  972.000  5.177203e-01 
  973.000  5.047948e-01 
  974.000  4.892176e-01 
  975.000  4.792936e-01 
  976.000  4.914486e-01 
  977.000  5.117371e-01 
  978.000  5.101555e-01 
  979.000  5.155305e-01 
  980.000  5.365509e-01 
  981.000  5.412850e-01 
  982.000  5.366585e-01 
  983.000  5.475704e-01 
  984.000  5.588516e-01 
  985.000  5.652984e-01 
  986.000  5.736376e-01 
  987.000  5.772759e-01 
  988.000  5.781229e-01 
  989.000  5.786650e-01 
  990.000  5.795522e-01 
  991.000  5.826648e-01 
  992.000  5.835475e-01 
  993.000  5.838763e-01 
  994.000  5.866843e-01 
  995.000  5.884056e-01 
  996.000  5.884562e-01 
  997.000  5.871873e-01 
  998.000  5.859318e-01 
  999.000  5.854052e-01 
 1000.000  5.858257e-01 
 1001.000  5.828429e-01 
 1002.000  5.780817e-01 
 1003.000  5.792062e-01 
 1004.000  5.819379e-01 
 1005.000  5.831850e-01 
 1006.000  5.835828e-01 
 1007.000  5.826677e-01 
 1008.000  5.787874e-01 
 1009.000  5.736117e-01 
 1010.000  5.759128e-01 
 1011.000  5.814137e-01 
 1012.000  5.835121e-01 
 1013.000  5.851646e-01 
 1014.000  5.858563e-01 
 1015.000  5.859874e-01 
 1016.000  5.867335e-01 
 1017.000  5.871654e-01 
 1018.000  5.862277e-01 
 1019.000  5.843090e-01 
 1020.000  5.849800e-01 
 1021.000  5.863602e-01 
 1022.000  5.840367e-01 
 1023.000  5.820948e-01 
 1024.000  5.809323e-01 
 1025.000  5.844899e-01 
 1026.000  5.860624e-01 
 1027.000  5.853936e-01 
 1028.000  5.859433e-01 
 1029.000  5.873467e-01 
 1030.000  5.887755e-01 
 1031.000  5.895036e-01 
 1032.000  5.900741e-01 
 1033.000  5.902492e-01 
 1034.000  5.905921e-01 
 1035.000  5.907583e-01 
 1036.000  5.906653e-01 
 1037.000  5.907152e-01 
 1038.000  5.908368e-01 
 1039.000  5.906090e-01 
 1040.000  5.904162e-01 
 1041.000  5.902640e-01 
 1042.000  5.902229e-01 
 1043.000  5.902221e-01 
 1044.000  5.900894e-01 
 1045.000  5.896601e-01 
 1046.000  5.893738e-01 
 1047.000  5.890366e-01 
 1048.000  5.886263e-01 
 1049.000  5.882462e-01 
 1050.000  5.878214e-01 
 1051.000  5.872162e-01 
 1052.000  5.868033e-01 
 1053.000  5.867190e-01 
 1054.000  5.860760e-01 
 1055.000  5.854794e-01 
 1056.000  5.849478e-01 
 1057.000  5.836284e-01 
 1058.000  5.812325e-01 
 1059.000  5.813688e-01 
 1060.000  5.825475e-01 
 1061.000  5.822402e-01 
 1062.000  5.807356e-01 
 1063.000  5.801876e-01 
 1064.000  5.789165e-01 
 1065.000  5.775592e-01 
 1066.000  5.776809e-01 
 1067.000  5.768613e-01 
 1068.000  5.739075e-01 
 1069.000  5.724652e-01 
 1070.000  5.729213e-01 
 1071.000  5.710323e-01 
 1072.000  5.690995e-01 
 1073.000  5.687354e-01 
 1074.000  5.690346e-01 
 1075.000  5.719194e-01 
 1076.000  5.701244e-01 
 1077.000  5.677159e-01 
 1078.000  5.648818e-01 
 1079.000  5.645142e-01 
 1080.000  5.569475e-01 
 1081.000  5.565214e-01 
 1082.000  5.598446e-01 
 1083.000  5.558256e-01 
 1084.000  5.514424e-01 
 1085.000  5.410526e-01 
 1086.000  5.434616e-01 
 1087.000  5.548816e-01 
 1088.000  5.553375e-01 
 1089.000  5.414074e-01 
 1090.000  5.387796e-01 
 1091.000  5.413870e-01 
 1092.000  5.344890e-01 
 1093.000  5.192254e-01 
 1094.000  5.126176e-01 
 1095.000  5.136458e-01 
 1096.000  5.145375e-01 
 1097.000  5.114393e-01 
 1098.000  4.750373e-01 
 1099.000  4.446321e-01 
 1100.000  4.466206e-01 
 1101.000  4.507191e-01 
 1102.000  4.485961e-01 
 1103.000  4.512540e-01 
 1104.000  4.461294e-01 
 1105.000  4.334460e-01 
 1106.000  4.208958e-01 
 1107.000  4.237897e-01 
 1108.000  4.257703e-01 
 1109.000  4.361090e-01 
 1110.000  4.342492e-01 
 1111.000  4.280012e-01 
 1112.000  4.015969e-01 
 1113.000  3.660033e-01 
 1114.000  3.555996e-01 
 1115.000  3.135784e-01 
 1116.000  2.885894e-01 
 1117.000  2.346118e-01 
 1118.000  1.880717e-01 
 1119.000  1.643820e-01 
 1120.000  1.372141e-01 
 1121.000  1.313124e-01 
 1122.000  1.061190e-01 
 1123.000  1.189469e-01 
 1124.000  1.279225e-01 
 1125.000  1.230138e-01 
 1126.000  1.211722e-01 
 1127.000  1.235482e-01 
 1128.000  1.281406e-01 
 1129.000  1.545359e-01 
 1130.000  2.214148e-01 
 1131.000  2.422655e-01 
 1132.000  2.136271e-01 
 1133.000  1.654733e-01 
 1134.000  8.983537e-02 
 1135.000  9.509593e-02 
 1136.000  1.729218e-01 
 1137.000  2.220876e-01 
 1138.000  2.743056e-01 
 1139.000  2.922294e-01 
 1140.000  2.819378e-01 
 1141.000  2.619452e-01 
 1142.000  2.547061e-01 
 1143.000  2.325663e-01 
 1144.000  2.087271e-01 
 1145.000  1.757992e-01 
 1146.000  1.834549e-01 
 1147.000  2.094919e-01 
 1148.000  2.336309e-01 
 1149.000  2.439462e-01 
 1150.000  2.452491e-01 
