  320.000  8.014979e-02 
  321.000  1.065691e-01 
  322.000  9.593989e-02 
  323.000  1.094645e-01 
  324.000  1.235334e-01 
  325.000  1.130039e-01 
  326.000  1.304296e-01 
  327.000  1.354224e-01 
  328.000  1.247092e-01 
  329.000  1.455003e-01 
  330.000  1.488816e-01 
  331.000  1.422136e-01 
  332.000  1.551690e-01 
  333.000  1.590090e-01 
  334.000  1.558541e-01 
  335.000  1.655760e-01 
  336.000  1.695625e-01 
  337.000  1.678790e-01 
  338.000  1.725722e-01 
  339.000  1.774557e-01 
  340.000  1.766504e-01 
  341.000  1.814243e-01 
  342.000  1.849392e-01 
  343.000  1.867120e-01 
  344.000  1.870749e-01 
  345.000  1.918861e-01 
  346.000  1.949423e-01 
  347.000  1.974443e-01 
  348.000  1.997962e-01 
  349.000  2.024475e-01 
  350.000  2.047216e-01 
  351.000  2.069936e-01 
  352.000  2.088628e-01 
  353.000  2.115288e-01 
  354.000  2.138058e-01 
  355.000  2.159309e-01 
  356.000  2.180071e-01 
  357.000  2.198595e-01 
  358.000  2.218574e-01 
  359.000  2.238583e-01 
  360.000  2.259125e-01 
  361.000  2.285149e-01 
  362.000  2.312333e-01 
  363.000  2.337446e-01 
  364.000  2.360622e-01 
  365.000  2.382416e-01 
  366.000  2.404757e-01 
  367.000  2.426079e-01 
  368.000  2.447257e-01 
  369.000  2.468301e-01 
  370.000  2.489174e-01 
  371.000  2.509929e-01 
  372.000  2.530558e-01 
  373.000  2.551056e-01 
  374.000  2.571266e-01 
  375.000  2.591126e-01 
  376.000  2.610350e-01 
  377.000  2.628553e-01 
  378.000  2.645490e-01 
  379.000  2.662728e-01 
  380.000  2.681719e-01 
  381.000  2.703381e-01 
  382.000  2.725876e-01 
  383.000  2.747191e-01 
  384.000  2.767449e-01 
  385.000  2.787004e-01 
  386.000  2.806090e-01 
  387.000  2.824899e-01 
  388.000  2.843499e-01 
  389.000  2.861974e-01 
  390.000  2.880329e-01 
  391.000  2.898525e-01 
  392.000  2.916611e-01 
  393.000  2.934576e-01 
  394.000  2.952399e-01 
  395.000  2.970065e-01 
  396.000  2.987641e-01 
  397.000  3.005038e-01 
  398.000  3.022297e-01 
  399.000  3.039433e-01 
  400.000  3.056354e-01 
  401.000  3.073232e-01 
  402.000  3.089995e-01 
  403.000  3.106635e-01 
  404.000  3.123148e-01 
  405.000  3.139499e-01 
  406.000  3.155762e-01 
  407.000  3.171915e-01 
  408.000  3.187947e-01 
  409.000  3.203839e-01 
  410.000  3.219598e-01 
  411.000  3.235219e-01 
  412.000  3.250689e-01 
  413.000  3.266086e-01 
  414.000  3.280394e-01 
  415.000  3.295888e-01 
  416.000  3.311203e-01 
  417.000  3.326277e-01 
  418.000  3.341020e-01 
  419.000  3.355615e-01 
  420.000  3.370093e-01 
  421.000  3.384498e-01 
  422.000  3.398828e-01 
  423.000  3.413065e-01 
  424.000  3.427147e-01 
  425.000  3.440920e-01 
  426.000  3.454570e-01 
  427.000  3.468112e-01 
  428.000  3.481426e-01 
  429.000  3.494564e-01 
  430.000  3.507562e-01 
  431.000  3.520472e-01 
  432.000  3.533259e-01 
  433.000  3.545935e-01 
  434.000  3.558514e-01 
  435.000  3.570980e-01 
  436.000  3.583317e-01 
  437.000  3.595529e-01 
  438.000  3.607611e-01 
  439.000  3.619609e-01 
  440.000  3.631423e-01 
  441.000  3.643095e-01 
  442.000  3.654592e-01 
  443.000  3.665923e-01 
  444.000  3.677083e-01 
  445.000  3.688011e-01 
  446.000  3.698642e-01 
  447.000  3.709799e-01 
  448.000  3.721770e-01 
  449.000  3.733896e-01 
  450.000  3.745797e-01 
  451.000  3.757241e-01 
  452.000  3.768292e-01 
  453.000  3.779124e-01 
  454.000  3.789767e-01 
  455.000  3.799798e-01 
  456.000  3.809025e-01 
  457.000  3.818260e-01 
  458.000  3.827375e-01 
  459.000  3.836302e-01 
  460.000  3.845162e-01 
  461.000  3.853933e-01 
  462.000  3.862541e-01 
  463.000  3.871116e-01 
  464.000  3.882287e-01 
  465.000  3.893297e-01 
  466.000  3.904119e-01 
  467.000  3.914698e-01 
  468.000  3.923320e-01 
  469.000  3.930748e-01 
  470.000  3.937582e-01 
  471.000  3.943737e-01 
  472.000  3.948964e-01 
  473.000  3.952630e-01 
  474.000  3.955640e-01 
  475.000  3.956413e-01 
  476.000  3.954923e-01 
  477.000  3.954892e-01 
  478.000  3.963604e-01 
  479.000  3.976873e-01 
  480.000  3.991207e-01 
  481.000  4.004075e-01 
  482.000  4.016153e-01 
  483.000  4.026659e-01 
  484.000  4.035693e-01 
  485.000  4.043776e-01 
  486.000  4.052401e-01 
  487.000  4.061484e-01 
  488.000  4.070280e-01 
  489.000  4.078918e-01 
  490.000  4.087458e-01 
  491.000  4.094148e-01 
  492.000  4.100265e-01 
  493.000  4.106354e-01 
  494.000  4.112273e-01 
  495.000  4.118193e-01 
  496.000  4.121245e-01 
  497.000  4.124181e-01 
  498.000  4.127074e-01 
  499.000  4.129812e-01 
  500.000  4.132507e-01 
  501.000  4.134903e-01 
  502.000  4.137299e-01 
  503.000  4.139666e-01 
  504.000  4.141925e-01 
  505.000  4.144059e-01 
  506.000  4.150314e-01 
  507.000  4.156753e-01 
  508.000  4.163184e-01 
  509.000  4.169543e-01 
  510.000  4.175768e-01 
  511.000  4.181351e-01 
  512.000  4.186744e-01 
  513.000  4.192108e-01 
  514.000  4.197406e-01 
  515.000  4.202658e-01 
  516.000  4.206412e-01 
  517.000  4.208818e-01 
  518.000  4.211159e-01 
  519.000  4.213456e-01 
  520.000  4.215730e-01 
  521.000  4.217768e-01 
  522.000  4.219238e-01 
  523.000  4.220298e-01 
  524.000  4.221393e-01 
  525.000  4.222257e-01 
  526.000  4.223468e-01 
  527.000  4.223663e-01 
  528.000  4.223446e-01 
  529.000  4.223217e-01 
  530.000  4.223040e-01 
  531.000  4.222894e-01 
  532.000  4.223221e-01 
  533.000  4.226175e-01 
  534.000  4.229906e-01 
  535.000  4.234118e-01 
  536.000  4.238190e-01 
  537.000  4.241916e-01 
  538.000  4.245248e-01 
  539.000  4.248336e-01 
  540.000  4.251234e-01 
  541.000  4.254046e-01 
  542.000  4.256737e-01 
  543.000  4.259332e-01 
  544.000  4.261295e-01 
  545.000  4.262742e-01 
  546.000  4.264121e-01 
  547.000  4.265540e-01 
  548.000  4.266887e-01 
  549.000  4.268214e-01 
  550.000  4.268857e-01 
  551.000  4.268824e-01 
  552.000  4.268816e-01 
  553.000  4.268668e-01 
  554.000  4.268456e-01 
  555.000  4.268207e-01 
  556.000  4.267701e-01 
  557.000  4.266752e-01 
  558.000  4.265725e-01 
  559.000  4.264580e-01 
  560.000  4.263148e-01 
  561.000  4.261456e-01 
  562.000  4.259175e-01 
  563.000  4.257189e-01 
  564.000  4.254745e-01 
  565.000  4.251444e-01 
  566.000  4.248044e-01 
  567.000  4.242790e-01 
  568.000  4.232002e-01 
  569.000  4.216547e-01 
  570.000  4.214737e-01 
  571.000  4.218620e-01 
  572.000  4.205903e-01 
  573.000  4.204001e-01 
  574.000  4.200760e-01 
  575.000  4.198204e-01 
  576.000  4.199726e-01 
  577.000  4.205136e-01 
  578.000  4.213928e-01 
  579.000  4.225639e-01 
  580.000  4.241362e-01 
  581.000  4.260392e-01 
  582.000  4.275557e-01 
  583.000  4.287773e-01 
  584.000  4.298280e-01 
  585.000  4.307382e-01 
  586.000  4.315561e-01 
  587.000  4.318407e-01 
  588.000  4.308434e-01 
  589.000  4.287679e-01 
  590.000  4.289509e-01 
  591.000  4.310909e-01 
  592.000  4.304299e-01 
  593.000  4.326330e-01 
  594.000  4.325882e-01 
  595.000  4.313924e-01 
  596.000  4.331269e-01 
  597.000  4.323381e-01 
  598.000  4.329021e-01 
  599.000  4.328865e-01 
  600.000  4.333249e-01 
  601.000  4.334995e-01 
  602.000  4.333877e-01 
  603.000  4.338062e-01 
  604.000  4.345552e-01 
  605.000  4.352070e-01 
  606.000  4.357786e-01 
  607.000  4.363341e-01 
  608.000  4.369027e-01 
  609.000  4.374496e-01 
  610.000  4.380211e-01 
  611.000  4.386567e-01 
  612.000  4.392793e-01 
  613.000  4.398829e-01 
  614.000  4.404689e-01 
  615.000  4.410535e-01 
  616.000  4.416169e-01 
  617.000  4.421492e-01 
  618.000  4.425956e-01 
  619.000  4.429733e-01 
  620.000  4.433230e-01 
  621.000  4.436235e-01 
  622.000  4.438748e-01 
  623.000  4.440429e-01 
  624.000  4.442223e-01 
  625.000  4.443733e-01 
  626.000  4.444314e-01 
  627.000  4.432649e-01 
  628.000  4.261620e-01 
  629.000  4.377281e-01 
  630.000  4.384683e-01 
  631.000  4.416492e-01 
  632.000  4.436937e-01 
  633.000  4.463453e-01 
  634.000  4.483574e-01 
  635.000  4.498048e-01 
  636.000  4.512033e-01 
  637.000  4.525118e-01 
  638.000  4.540528e-01 
  639.000  4.551500e-01 
  640.000  4.564086e-01 
  641.000  4.574232e-01 
  642.000  4.583909e-01 
  643.000  4.588404e-01 
  644.000  4.595627e-01 
  645.000  4.598531e-01 
  646.000  4.590478e-01 
  647.000  4.587507e-01 
  648.000  4.581720e-01 
  649.000  4.597964e-01 
  650.000  4.621693e-01 
  651.000  4.626700e-01 
  652.000  4.615662e-01 
  653.000  4.639479e-01 
  654.000  4.641995e-01 
  655.000  4.639762e-01 
  656.000  4.647365e-01 
  657.000  4.655474e-01 
  658.000  4.667015e-01 
  659.000  4.676305e-01 
  660.000  4.682537e-01 
  661.000  4.693184e-01 
  662.000  4.700852e-01 
  663.000  4.705014e-01 
  664.000  4.710820e-01 
  665.000  4.716409e-01 
  666.000  4.722295e-01 
  667.000  4.727895e-01 
  668.000  4.733813e-01 
  669.000  4.739165e-01 
  670.000  4.744344e-01 
  671.000  4.749576e-01 
  672.000  4.754656e-01 
  673.000  4.759700e-01 
  674.000  4.764721e-01 
  675.000  4.769730e-01 
  676.000  4.774508e-01 
  677.000  4.778885e-01 
  678.000  4.783252e-01 
  679.000  4.787407e-01 
  680.000  4.790678e-01 
  681.000  4.793609e-01 
  682.000  4.797415e-01 
  683.000  4.800783e-01 
  684.000  4.802690e-01 
  685.000  4.808099e-01 
  686.000  4.787337e-01 
  687.000  4.006066e-01 
  688.000  4.244525e-01 
  689.000  4.181338e-01 
  690.000  4.305867e-01 
  691.000  4.486934e-01 
  692.000  4.622341e-01 
  693.000  4.683375e-01 
  694.000  4.712266e-01 
  695.000  4.751547e-01 
  696.000  4.772562e-01 
  697.000  4.823054e-01 
  698.000  4.818881e-01 
  699.000  4.780537e-01 
  700.000  4.789979e-01 
  701.000  4.783102e-01 
  702.000  4.792267e-01 
  703.000  4.829111e-01 
  704.000  4.832908e-01 
  705.000  4.820720e-01 
  706.000  4.825402e-01 
  707.000  4.832391e-01 
  708.000  4.839768e-01 
  709.000  4.852858e-01 
  710.000  4.842841e-01 
  711.000  4.856908e-01 
  712.000  4.867448e-01 
  713.000  4.862774e-01 
  714.000  4.861953e-01 
  715.000  4.850737e-01 
  716.000  4.839318e-01 
  717.000  4.750427e-01 
  718.000  4.695128e-01 
  719.000  4.676415e-01 
  720.000  4.645529e-01 
  721.000  4.786823e-01 
  722.000  4.836515e-01 
  723.000  4.811677e-01 
  724.000  4.735739e-01 
  725.000  4.749489e-01 
  726.000  4.747035e-01 
  727.000  4.759490e-01 
  728.000  4.748477e-01 
  729.000  4.779854e-01 
  730.000  4.775658e-01 
  731.000  4.770312e-01 
  732.000  4.821940e-01 
  733.000  4.870292e-01 
  734.000  4.893835e-01 
  735.000  4.887129e-01 
  736.000  4.873331e-01 
  737.000  4.885462e-01 
  738.000  4.901714e-01 
  739.000  4.909200e-01 
  740.000  4.922769e-01 
  741.000  4.931807e-01 
  742.000  4.936539e-01 
  743.000  4.945352e-01 
  744.000  4.949212e-01 
  745.000  4.953533e-01 
  746.000  4.957095e-01 
  747.000  4.959024e-01 
  748.000  4.962818e-01 
  749.000  4.965401e-01 
  750.000  4.966158e-01 
  751.000  4.968010e-01 
  752.000  4.971479e-01 
  753.000  4.973728e-01 
  754.000  4.975791e-01 
  755.000  4.977616e-01 
  756.000  4.979456e-01 
  757.000  4.980766e-01 
  758.000  4.969579e-01 
  759.000  4.546312e-01 
  760.000  1.689780e-01 
  761.000  1.455296e-01 
  762.000  2.998635e-01 
  763.000  2.493124e-01 
  764.000  2.741077e-01 
  765.000  3.322357e-01 
  766.000  4.055080e-01 
  767.000  4.436845e-01 
  768.000  4.690716e-01 
  769.000  4.860078e-01 
  770.000  4.952797e-01 
  771.000  4.995380e-01 
  772.000  5.006337e-01 
  773.000  5.011321e-01 
  774.000  5.018341e-01 
  775.000  5.022458e-01 
  776.000  5.025275e-01 
  777.000  5.026717e-01 
  778.000  5.027591e-01 
  779.000  5.028258e-01 
  780.000  5.028852e-01 
  781.000  5.030476e-01 
  782.000  5.031036e-01 
  783.000  5.031622e-01 
  784.000  5.031537e-01 
  785.000  5.027878e-01 
  786.000  5.023306e-01 
  787.000  5.012732e-01 
  788.000  5.006998e-01 
  789.000  4.988090e-01 
  790.000  4.986928e-01 
  791.000  4.991702e-01 
  792.000  4.996126e-01 
  793.000  5.003949e-01 
  794.000  5.022892e-01 
  795.000  5.012032e-01 
  796.000  4.984284e-01 
  797.000  4.993669e-01 
  798.000  5.011243e-01 
  799.000  5.009763e-01 
  800.000  4.996387e-01 
  801.000  4.998681e-01 
  802.000  4.997875e-01 
  803.000  5.000528e-01 
  804.000  5.007691e-01 
  805.000  5.018705e-01 
  806.000  5.027282e-01 
  807.000  5.028217e-01 
  808.000  5.024275e-01 
  809.000  5.020158e-01 
  810.000  5.016552e-01 
  811.000  5.005452e-01 
  812.000  4.990290e-01 
  813.000  4.971459e-01 
  814.000  4.946226e-01 
  815.000  4.914490e-01 
  816.000  4.872478e-01 
  817.000  4.875683e-01 
  818.000  4.879766e-01 
  819.000  4.894201e-01 
  820.000  4.941241e-01 
  821.000  4.994186e-01 
  822.000  4.954927e-01 
  823.000  4.841268e-01 
  824.000  4.938222e-01 
  825.000  4.999002e-01 
  826.000  4.989004e-01 
  827.000  4.981939e-01 
  828.000  4.942646e-01 
  829.000  4.957590e-01 
  830.000  4.974097e-01 
  831.000  4.978262e-01 
  832.000  4.980164e-01 
  833.000  4.989760e-01 
  834.000  5.000916e-01 
  835.000  5.022570e-01 
  836.000  5.016147e-01 
  837.000  5.015809e-01 
  838.000  5.026618e-01 
  839.000  5.033314e-01 
  840.000  5.036055e-01 
  841.000  5.029718e-01 
  842.000  5.036273e-01 
  843.000  5.049293e-01 
  844.000  5.055951e-01 
  845.000  5.059755e-01 
  846.000  5.062979e-01 
  847.000  5.067502e-01 
  848.000  5.062095e-01 
  849.000  5.063381e-01 
  850.000  5.060655e-01 
  851.000  5.058149e-01 
  852.000  5.058962e-01 
  853.000  5.064833e-01 
  854.000  5.064908e-01 
  855.000  5.068480e-01 
  856.000  5.074311e-01 
  857.000  5.077280e-01 
  858.000  5.079365e-01 
  859.000  5.083477e-01 
  860.000  5.085677e-01 
  861.000  5.086367e-01 
  862.000  5.087731e-01 
  863.000  5.088274e-01 
  864.000  5.089340e-01 
  865.000  5.090285e-01 
  866.000  5.090840e-01 
  867.000  5.091143e-01 
  868.000  5.091634e-01 
  869.000  5.092220e-01 
  870.000  5.092483e-01 
  871.000  5.093055e-01 
  872.000  5.093879e-01 
  873.000  5.093842e-01 
  874.000  5.094000e-01 
  875.000  5.094335e-01 
  876.000  5.093972e-01 
  877.000  5.093976e-01 
  878.000  5.091833e-01 
  879.000  5.092042e-01 
  880.000  5.090232e-01 
  881.000  5.089383e-01 
  882.000  5.089207e-01 
  883.000  5.090093e-01 
  884.000  5.090916e-01 
  885.000  5.088462e-01 
  886.000  5.084217e-01 
  887.000  5.087968e-01 
  888.000  5.088095e-01 
  889.000  5.089833e-01 
  890.000  5.087058e-01 
  891.000  5.082002e-01 
  892.000  5.070567e-01 
  893.000  5.037270e-01 
  894.000  5.019765e-01 
  895.000  4.963999e-01 
  896.000  4.913611e-01 
  897.000  4.859817e-01 
  898.000  4.834550e-01 
  899.000  4.759704e-01 
  900.000  4.771419e-01 
  901.000  4.751730e-01 
  902.000  4.755108e-01 
  903.000  4.881176e-01 
  904.000  4.955605e-01 
  905.000  4.952878e-01 
  906.000  4.906866e-01 
  907.000  4.823568e-01 
  908.000  4.767568e-01 
  909.000  4.770557e-01 
  910.000  4.779520e-01 
  911.000  4.817365e-01 
  912.000  4.799471e-01 
  913.000  4.719539e-01 
  914.000  4.759638e-01 
  915.000  4.790694e-01 
  916.000  4.799052e-01 
  917.000  4.815633e-01 
  918.000  4.836970e-01 
  919.000  4.908568e-01 
  920.000  4.961335e-01 
  921.000  4.949763e-01 
  922.000  4.948959e-01 
  923.000  4.934506e-01 
  924.000  4.899167e-01 
  925.000  4.897041e-01 
  926.000  4.897991e-01 
  927.000  4.857509e-01 
  928.000  4.793907e-01 
  929.000  4.699298e-01 
  930.000  4.573810e-01 
  931.000  4.425898e-01 
  932.000  4.224621e-01 
  933.000  4.057575e-01 
  934.000  3.869968e-01 
  935.000  3.851092e-01 
  936.000  3.930788e-01 
  937.000  3.909067e-01 
  938.000  4.111465e-01 
  939.000  4.579874e-01 
  940.000  4.642138e-01 
  941.000  4.586422e-01 
  942.000  4.447020e-01 
  943.000  4.198194e-01 
  944.000  4.181249e-01 
  945.000  4.275861e-01 
  946.000  4.279835e-01 
  947.000  4.357832e-01 
  948.000  4.402851e-01 
  949.000  4.395569e-01 
  950.000  4.406723e-01 
  951.000  4.505681e-01 
  952.000  4.397237e-01 
  953.000  4.471052e-01 
  954.000  4.547743e-01 
  955.000  4.482678e-01 
  956.000  4.465391e-01 
  957.000  4.657912e-01 
  958.000  4.680506e-01 
  959.000  4.648233e-01 
  960.000  4.638239e-01 
  961.000  4.621820e-01 
  962.000  4.635533e-01 
  963.000  4.736535e-01 
  964.000  4.750330e-01 
  965.000  4.740252e-01 
  966.000  4.745028e-01 
  967.000  4.814434e-01 
  968.000  4.926683e-01 
  969.000  4.975811e-01 
  970.000  4.978338e-01 
  971.000  4.977299e-01 
  972.000  4.963649e-01 
  973.000  4.931443e-01 
  974.000  4.891485e-01 
  975.000  4.865518e-01 
  976.000  4.897622e-01 
  977.000  4.949672e-01 
  978.000  4.945380e-01 
  979.000  4.958519e-01 
  980.000  5.010298e-01 
  981.000  5.021613e-01 
  982.000  5.010092e-01 
  983.000  5.036284e-01 
  984.000  5.063059e-01 
  985.000  5.078201e-01 
  986.000  5.095640e-01 
  987.000  5.104436e-01 
  988.000  5.105659e-01 
  989.000  5.107079e-01 
  990.000  5.109405e-01 
  991.000  5.116413e-01 
  992.000  5.118843e-01 
  993.000  5.119859e-01 
  994.000  5.126554e-01 
  995.000  5.131280e-01 
  996.000  5.131416e-01 
  997.000  5.128951e-01 
  998.000  5.125323e-01 
  999.000  5.124970e-01 
 1000.000  5.126264e-01 
 1001.000  5.119671e-01 
 1002.000  5.108968e-01 
 1003.000  5.111067e-01 
 1004.000  5.118049e-01 
 1005.000  5.120523e-01 
 1006.000  5.121423e-01 
 1007.000  5.120121e-01 
 1008.000  5.110625e-01 
 1009.000  5.098965e-01 
 1010.000  5.104658e-01 
 1011.000  5.117306e-01 
 1012.000  5.121761e-01 
 1013.000  5.125923e-01 
 1014.000  5.127673e-01 
 1015.000  5.127919e-01 
 1016.000  5.129088e-01 
 1017.000  5.130264e-01 
 1018.000  5.127672e-01 
 1019.000  5.123524e-01 
 1020.000  5.125168e-01 
 1021.000  5.127919e-01 
 1022.000  5.122527e-01 
 1023.000  5.118242e-01 
 1024.000  5.115119e-01 
 1025.000  5.123078e-01 
 1026.000  5.126008e-01 
 1027.000  5.124810e-01 
 1028.000  5.125004e-01 
 1029.000  5.128872e-01 
 1030.000  5.131242e-01 
 1031.000  5.133088e-01 
 1032.000  5.134276e-01 
 1033.000  5.134187e-01 
 1034.000  5.134558e-01 
 1035.000  5.133932e-01 
 1036.000  5.131681e-01 
 1037.000  5.130112e-01 
 1038.000  5.130199e-01 
 1039.000  5.129120e-01 
 1040.000  5.127753e-01 
 1041.000  5.126623e-01 
 1042.000  5.125997e-01 
 1043.000  5.125306e-01 
 1044.000  5.123895e-01 
 1045.000  5.121458e-01 
 1046.000  5.119499e-01 
 1047.000  5.116857e-01 
 1048.000  5.111722e-01 
 1049.000  5.105518e-01 
 1050.000  5.102341e-01 
 1051.000  5.099848e-01 
 1052.000  5.096592e-01 
 1053.000  5.094349e-01 
 1054.000  5.090637e-01 
 1055.000  5.086737e-01 
 1056.000  5.082083e-01 
 1057.000  5.074981e-01 
 1058.000  5.065773e-01 
 1059.000  5.062283e-01 
 1060.000  5.062450e-01 
 1061.000  5.059549e-01 
 1062.000  5.052971e-01 
 1063.000  5.047483e-01 
 1064.000  5.040697e-01 
 1065.000  5.037072e-01 
 1066.000  5.036994e-01 
 1067.000  5.034388e-01 
 1068.000  5.029334e-01 
 1069.000  5.034556e-01 
 1070.000  5.041634e-01 
 1071.000  5.043001e-01 
 1072.000  5.043208e-01 
 1073.000  5.046591e-01 
 1074.000  5.051444e-01 
 1075.000  5.061615e-01 
 1076.000  5.060891e-01 
 1077.000  5.060837e-01 
 1078.000  5.057343e-01 
 1079.000  5.059574e-01 
 1080.000  5.044080e-01 
 1081.000  5.045431e-01 
 1082.000  5.055512e-01 
 1083.000  5.048323e-01 
 1084.000  5.039770e-01 
 1085.000  5.016306e-01 
 1086.000  5.024023e-01 
 1087.000  5.053345e-01 
 1088.000  5.055892e-01 
 1089.000  5.023603e-01 
 1090.000  5.018712e-01 
 1091.000  5.026557e-01 
 1092.000  5.011379e-01 
 1093.000  4.974353e-01 
 1094.000  4.958530e-01 
 1095.000  4.962225e-01 
 1096.000  4.965733e-01 
 1097.000  4.959504e-01 
 1098.000  4.865152e-01 
 1099.000  4.782546e-01 
 1100.000  4.789177e-01 
 1101.000  4.801705e-01 
 1102.000  4.797518e-01 
 1103.000  4.806109e-01 
 1104.000  4.792697e-01 
 1105.000  4.758028e-01 
 1106.000  4.721761e-01 
 1107.000  4.732618e-01 
 1108.000  4.741534e-01 
 1109.000  4.775352e-01 
 1110.000  4.774958e-01 
 1111.000  4.759705e-01 
 1112.000  4.684471e-01 
 1113.000  4.579915e-01 
 1114.000  4.556931e-01 
 1115.000  4.423164e-01 
 1116.000  4.336076e-01 
 1117.000  4.113696e-01 
 1118.000  3.898695e-01 
 1119.000  3.782352e-01 
 1120.000  3.622850e-01 
 1121.000  3.587684e-01 
 1122.000  3.398318e-01 
 1123.000  3.511172e-01 
 1124.000  3.583877e-01 
 1125.000  3.548063e-01 
 1126.000  3.532234e-01 
 1127.000  3.545410e-01 
 1128.000  3.570811e-01 
 1129.000  3.744747e-01 
 1130.000  4.118232e-01 
 1131.000  4.217257e-01 
 1132.000  4.083454e-01 
 1133.000  3.812563e-01 
 1134.000  3.239093e-01 
 1135.000  3.286210e-01 
 1136.000  3.846897e-01 
 1137.000  4.106694e-01 
 1138.000  4.331165e-01 
 1139.000  4.387178e-01 
 1140.000  4.345842e-01 
 1141.000  4.255905e-01 
 1142.000  4.225872e-01 
 1143.000  4.128445e-01 
 1144.000  4.012217e-01 
 1145.000  3.835545e-01 
 1146.000  3.878042e-01 
 1147.000  4.014495e-01 
 1148.000  4.129845e-01 
 1149.000  4.172914e-01 
 1150.000  4.169582e-01 
