  320.000  9.758511e-02 
  321.000  1.272726e-01 
  322.000  1.153965e-01 
  323.000  1.304934e-01 
  324.000  1.460644e-01 
  325.000  1.344229e-01 
  326.000  1.536522e-01 
  327.000  1.591287e-01 
  328.000  1.473601e-01 
  329.000  1.701419e-01 
  330.000  1.738252e-01 
  331.000  1.665560e-01 
  332.000  1.806594e-01 
  333.000  1.848239e-01 
  334.000  1.814029e-01 
  335.000  1.919305e-01 
  336.000  1.962352e-01 
  337.000  1.944182e-01 
  338.000  1.994805e-01 
  339.000  2.047383e-01 
  340.000  2.038720e-01 
  341.000  2.090039e-01 
  342.000  2.127764e-01 
  343.000  2.146774e-01 
  344.000  2.150663e-01 
  345.000  2.202185e-01 
  346.000  2.234867e-01 
  347.000  2.261597e-01 
  348.000  2.286702e-01 
  349.000  2.314979e-01 
  350.000  2.339213e-01 
  351.000  2.363407e-01 
  352.000  2.383298e-01 
  353.000  2.411648e-01 
  354.000  2.435842e-01 
  355.000  2.458405e-01 
  356.000  2.480435e-01 
  357.000  2.500079e-01 
  358.000  2.521253e-01 
  359.000  2.542446e-01 
  360.000  2.564190e-01 
  361.000  2.591718e-01 
  362.000  2.620449e-01 
  363.000  2.646972e-01 
  364.000  2.671431e-01 
  365.000  2.694418e-01 
  366.000  2.717966e-01 
  367.000  2.740427e-01 
  368.000  2.762723e-01 
  369.000  2.784864e-01 
  370.000  2.806813e-01 
  371.000  2.828627e-01 
  372.000  2.850295e-01 
  373.000  2.871813e-01 
  374.000  2.893018e-01 
  375.000  2.913846e-01 
  376.000  2.933995e-01 
  377.000  2.953065e-01 
  378.000  2.970800e-01 
  379.000  2.988843e-01 
  380.000  3.008713e-01 
  381.000  3.031364e-01 
  382.000  3.054874e-01 
  383.000  3.077138e-01 
  384.000  3.098288e-01 
  385.000  3.118693e-01 
  386.000  3.138600e-01 
  387.000  3.158209e-01 
  388.000  3.177591e-01 
  389.000  3.196835e-01 
  390.000  3.215946e-01 
  391.000  3.234881e-01 
  392.000  3.253696e-01 
  393.000  3.272376e-01 
  394.000  3.290901e-01 
  395.000  3.309256e-01 
  396.000  3.327510e-01 
  397.000  3.345570e-01 
  398.000  3.363481e-01 
  399.000  3.381256e-01 
  400.000  3.398803e-01 
  401.000  3.416297e-01 
  402.000  3.433667e-01 
  403.000  3.450903e-01 
  404.000  3.468000e-01 
  405.000  3.484925e-01 
  406.000  3.501751e-01 
  407.000  3.518459e-01 
  408.000  3.535036e-01 
  409.000  3.551462e-01 
  410.000  3.567745e-01 
  411.000  3.583880e-01 
  412.000  3.599855e-01 
  413.000  3.615749e-01 
  414.000  3.630514e-01 
  415.000  3.646498e-01 
  416.000  3.662292e-01 
  417.000  3.677833e-01 
  418.000  3.693029e-01 
  419.000  3.708067e-01 
  420.000  3.722980e-01 
  421.000  3.737814e-01 
  422.000  3.752566e-01 
  423.000  3.767219e-01 
  424.000  3.781708e-01 
  425.000  3.795874e-01 
  426.000  3.809911e-01 
  427.000  3.823833e-01 
  428.000  3.837517e-01 
  429.000  3.851017e-01 
  430.000  3.864368e-01 
  431.000  3.877628e-01 
  432.000  3.890756e-01 
  433.000  3.903768e-01 
  434.000  3.916678e-01 
  435.000  3.929468e-01 
  436.000  3.942122e-01 
  437.000  3.954646e-01 
  438.000  3.967034e-01 
  439.000  3.979333e-01 
  440.000  3.991440e-01 
  441.000  4.003399e-01 
  442.000  4.015176e-01 
  443.000  4.026781e-01 
  444.000  4.038208e-01 
  445.000  4.049396e-01 
  446.000  4.060277e-01 
  447.000  4.071695e-01 
  448.000  4.083943e-01 
  449.000  4.096346e-01 
  450.000  4.108517e-01 
  451.000  4.120219e-01 
  452.000  4.131515e-01 
  453.000  4.142587e-01 
  454.000  4.153462e-01 
  455.000  4.163711e-01 
  456.000  4.173136e-01 
  457.000  4.182568e-01 
  458.000  4.191876e-01 
  459.000  4.200990e-01 
  460.000  4.210035e-01 
  461.000  4.218987e-01 
  462.000  4.227771e-01 
  463.000  4.236522e-01 
  464.000  4.247918e-01 
  465.000  4.259148e-01 
  466.000  4.270185e-01 
  467.000  4.280971e-01 
  468.000  4.289760e-01 
  469.000  4.297332e-01 
  470.000  4.304297e-01 
  471.000  4.310569e-01 
  472.000  4.315896e-01 
  473.000  4.319630e-01 
  474.000  4.322697e-01 
  475.000  4.323485e-01 
  476.000  4.321966e-01 
  477.000  4.321935e-01 
  478.000  4.330810e-01 
  479.000  4.344326e-01 
  480.000  4.358922e-01 
  481.000  4.372023e-01 
  482.000  4.384316e-01 
  483.000  4.395007e-01 
  484.000  4.404200e-01 
  485.000  4.412424e-01 
  486.000  4.421196e-01 
  487.000  4.430434e-01 
  488.000  4.439379e-01 
  489.000  4.448162e-01 
  490.000  4.456843e-01 
  491.000  4.463644e-01 
  492.000  4.469861e-01 
  493.000  4.476050e-01 
  494.000  4.482065e-01 
  495.000  4.488080e-01 
  496.000  4.491180e-01 
  497.000  4.494163e-01 
  498.000  4.497102e-01 
  499.000  4.499884e-01 
  500.000  4.502622e-01 
  501.000  4.505055e-01 
  502.000  4.507489e-01 
  503.000  4.509893e-01 
  504.000  4.512187e-01 
  505.000  4.514355e-01 
  506.000  4.520707e-01 
  507.000  4.527245e-01 
  508.000  4.533775e-01 
  509.000  4.540231e-01 
  510.000  4.546551e-01 
  511.000  4.552217e-01 
  512.000  4.557691e-01 
  513.000  4.563133e-01 
  514.000  4.568510e-01 
  515.000  4.573840e-01 
  516.000  4.577648e-01 
  517.000  4.580089e-01 
  518.000  4.582464e-01 
  519.000  4.584794e-01 
  520.000  4.587101e-01 
  521.000  4.589169e-01 
  522.000  4.590660e-01 
  523.000  4.591735e-01 
  524.000  4.592846e-01 
  525.000  4.593721e-01 
  526.000  4.594950e-01 
  527.000  4.595148e-01 
  528.000  4.594928e-01 
  529.000  4.594696e-01 
  530.000  4.594516e-01 
  531.000  4.594368e-01 
  532.000  4.594700e-01 
  533.000  4.597696e-01 
  534.000  4.601480e-01 
  535.000  4.605751e-01 
  536.000  4.609881e-01 
  537.000  4.613659e-01 
  538.000  4.617037e-01 
  539.000  4.620169e-01 
  540.000  4.623106e-01 
  541.000  4.625958e-01 
  542.000  4.628686e-01 
  543.000  4.631317e-01 
  544.000  4.633306e-01 
  545.000  4.634773e-01 
  546.000  4.636171e-01 
  547.000  4.637609e-01 
  548.000  4.638975e-01 
  549.000  4.640319e-01 
  550.000  4.640971e-01 
  551.000  4.640937e-01 
  552.000  4.640929e-01 
  553.000  4.640780e-01 
  554.000  4.640565e-01 
  555.000  4.640312e-01 
  556.000  4.639800e-01 
  557.000  4.638837e-01 
  558.000  4.637796e-01 
  559.000  4.636634e-01 
  560.000  4.635178e-01 
  561.000  4.633450e-01 
  562.000  4.629443e-01 
  563.000  4.627286e-01 
  564.000  4.624386e-01 
  565.000  4.619831e-01 
  566.000  4.617167e-01 
  567.000  4.606916e-01 
  568.000  4.577705e-01 
  569.000  4.512962e-01 
  570.000  4.522061e-01 
  571.000  4.565655e-01 
  572.000  4.522115e-01 
  573.000  4.532875e-01 
  574.000  4.535257e-01 
  575.000  4.532138e-01 
  576.000  4.533924e-01 
  577.000  4.549737e-01 
  578.000  4.569114e-01 
  579.000  4.586567e-01 
  580.000  4.601940e-01 
  581.000  4.624476e-01 
  582.000  4.639566e-01 
  583.000  4.648656e-01 
  584.000  4.657167e-01 
  585.000  4.663095e-01 
  586.000  4.669627e-01 
  587.000  4.653632e-01 
  588.000  4.566079e-01 
  589.000  4.428655e-01 
  590.000  4.421695e-01 
  591.000  4.518071e-01 
  592.000  4.469272e-01 
  593.000  4.579309e-01 
  594.000  4.556780e-01 
  595.000  4.482022e-01 
  596.000  4.588671e-01 
  597.000  4.562476e-01 
  598.000  4.604730e-01 
  599.000  4.620671e-01 
  600.000  4.658796e-01 
  601.000  4.682599e-01 
  602.000  4.689121e-01 
  603.000  4.700798e-01 
  604.000  4.713968e-01 
  605.000  4.723527e-01 
  606.000  4.730099e-01 
  607.000  4.736436e-01 
  608.000  4.742322e-01 
  609.000  4.747940e-01 
  610.000  4.753731e-01 
  611.000  4.760163e-01 
  612.000  4.766465e-01 
  613.000  4.772571e-01 
  614.000  4.778498e-01 
  615.000  4.784410e-01 
  616.000  4.790108e-01 
  617.000  4.795491e-01 
  618.000  4.800003e-01 
  619.000  4.803822e-01 
  620.000  4.807358e-01 
  621.000  4.810396e-01 
  622.000  4.812935e-01 
  623.000  4.814634e-01 
  624.000  4.816438e-01 
  625.000  4.817937e-01 
  626.000  4.814073e-01 
  627.000  4.778998e-01 
  628.000  4.604596e-01 
  629.000  4.706464e-01 
  630.000  4.739482e-01 
  631.000  4.774393e-01 
  632.000  4.761592e-01 
  633.000  4.813362e-01 
  634.000  4.836746e-01 
  635.000  4.847694e-01 
  636.000  4.862790e-01 
  637.000  4.876207e-01 
  638.000  4.903115e-01 
  639.000  4.912081e-01 
  640.000  4.929619e-01 
  641.000  4.937150e-01 
  642.000  4.950611e-01 
  643.000  4.943596e-01 
  644.000  4.949437e-01 
  645.000  4.936881e-01 
  646.000  4.861733e-01 
  647.000  4.810882e-01 
  648.000  4.753773e-01 
  649.000  4.811312e-01 
  650.000  4.919019e-01 
  651.000  4.922639e-01 
  652.000  4.834570e-01 
  653.000  4.943798e-01 
  654.000  4.935850e-01 
  655.000  4.900948e-01 
  656.000  4.918084e-01 
  657.000  4.942632e-01 
  658.000  4.982582e-01 
  659.000  5.007456e-01 
  660.000  5.020402e-01 
  661.000  5.050252e-01 
  662.000  5.065526e-01 
  663.000  5.067113e-01 
  664.000  5.075155e-01 
  665.000  5.082911e-01 
  666.000  5.091702e-01 
  667.000  5.099253e-01 
  668.000  5.108500e-01 
  669.000  5.114879e-01 
  670.000  5.120432e-01 
  671.000  5.126331e-01 
  672.000  5.131516e-01 
  673.000  5.136593e-01 
  674.000  5.141620e-01 
  675.000  5.146661e-01 
  676.000  5.151373e-01 
  677.000  5.155712e-01 
  678.000  5.160068e-01 
  679.000  5.163488e-01 
  680.000  5.162847e-01 
  681.000  5.161967e-01 
  682.000  5.164179e-01 
  683.000  5.165286e-01 
  684.000  5.160790e-01 
  685.000  5.169347e-01 
  686.000  5.145481e-01 
  687.000  4.341084e-01 
  688.000  4.593453e-01 
  689.000  4.519972e-01 
  690.000  4.652553e-01 
  691.000  4.821095e-01 
  692.000  4.914489e-01 
  693.000  4.840532e-01 
  694.000  4.748767e-01 
  695.000  4.830382e-01 
  696.000  4.878809e-01 
  697.000  5.089501e-01 
  698.000  5.046068e-01 
  699.000  4.857414e-01 
  700.000  4.888848e-01 
  701.000  4.847299e-01 
  702.000  4.878589e-01 
  703.000  5.037372e-01 
  704.000  5.044806e-01 
  705.000  4.979874e-01 
  706.000  4.993123e-01 
  707.000  5.017024e-01 
  708.000  5.042877e-01 
  709.000  5.095344e-01 
  710.000  5.040366e-01 
  711.000  5.097319e-01 
  712.000  5.145986e-01 
  713.000  5.107449e-01 
  714.000  5.094506e-01 
  715.000  5.031406e-01 
  716.000  4.965371e-01 
  717.000  4.557790e-01 
  718.000  4.312234e-01 
  719.000  4.224634e-01 
  720.000  4.095441e-01 
  721.000  4.674551e-01 
  722.000  4.886757e-01 
  723.000  4.767038e-01 
  724.000  4.431418e-01 
  725.000  4.480260e-01 
  726.000  4.464995e-01 
  727.000  4.512444e-01 
  728.000  4.461424e-01 
  729.000  4.589674e-01 
  730.000  4.568075e-01 
  731.000  4.541949e-01 
  732.000  4.759933e-01 
  733.000  4.972311e-01 
  734.000  5.075904e-01 
  735.000  5.039830e-01 
  736.000  4.972379e-01 
  737.000  5.023569e-01 
  738.000  5.094088e-01 
  739.000  5.124667e-01 
  740.000  5.192482e-01 
  741.000  5.231839e-01 
  742.000  5.248473e-01 
  743.000  5.284882e-01 
  744.000  5.299534e-01 
  745.000  5.312930e-01 
  746.000  5.322301e-01 
  747.000  5.324966e-01 
  748.000  5.333986e-01 
  749.000  5.339137e-01 
  750.000  5.336362e-01 
  751.000  5.338181e-01 
  752.000  5.347018e-01 
  753.000  5.350738e-01 
  754.000  5.353628e-01 
  755.000  5.355438e-01 
  756.000  5.357346e-01 
  757.000  5.358660e-01 
  758.000  5.347269e-01 
  759.000  4.908325e-01 
  760.000  1.895214e-01 
  761.000  1.641637e-01 
  762.000  3.289595e-01 
  763.000  2.754554e-01 
  764.000  3.017373e-01 
  765.000  3.630283e-01 
  766.000  4.396956e-01 
  767.000  4.794217e-01 
  768.000  5.057611e-01 
  769.000  5.233018e-01 
  770.000  5.328475e-01 
  771.000  5.372731e-01 
  772.000  5.384003e-01 
  773.000  5.389000e-01 
  774.000  5.395478e-01 
  775.000  5.399676e-01 
  776.000  5.402731e-01 
  777.000  5.403463e-01 
  778.000  5.403091e-01 
  779.000  5.402635e-01 
  780.000  5.402163e-01 
  781.000  5.406224e-01 
  782.000  5.405622e-01 
  783.000  5.405161e-01 
  784.000  5.402244e-01 
  785.000  5.387528e-01 
  786.000  5.365655e-01 
  787.000  5.314478e-01 
  788.000  5.287609e-01 
  789.000  5.192240e-01 
  790.000  5.184021e-01 
  791.000  5.201970e-01 
  792.000  5.218647e-01 
  793.000  5.257521e-01 
  794.000  5.340136e-01 
  795.000  5.289618e-01 
  796.000  5.155904e-01 
  797.000  5.194017e-01 
  798.000  5.278591e-01 
  799.000  5.259295e-01 
  800.000  5.197777e-01 
  801.000  5.205100e-01 
  802.000  5.198910e-01 
  803.000  5.207932e-01 
  804.000  5.236928e-01 
  805.000  5.292505e-01 
  806.000  5.325800e-01 
  807.000  5.327297e-01 
  808.000  5.308416e-01 
  809.000  5.285199e-01 
  810.000  5.259712e-01 
  811.000  5.207643e-01 
  812.000  5.137706e-01 
  813.000  5.052490e-01 
  814.000  4.940791e-01 
  815.000  4.802790e-01 
  816.000  4.629045e-01 
  817.000  4.638008e-01 
  818.000  4.651951e-01 
  819.000  4.709408e-01 
  820.000  4.901966e-01 
  821.000  5.124499e-01 
  822.000  4.954971e-01 
  823.000  4.492984e-01 
  824.000  4.881490e-01 
  825.000  5.137469e-01 
  826.000  5.094239e-01 
  827.000  5.061753e-01 
  828.000  4.893541e-01 
  829.000  4.953802e-01 
  830.000  5.021844e-01 
  831.000  5.038073e-01 
  832.000  5.045706e-01 
  833.000  5.085328e-01 
  834.000  5.132151e-01 
  835.000  5.225158e-01 
  836.000  5.195487e-01 
  837.000  5.192580e-01 
  838.000  5.237862e-01 
  839.000  5.265484e-01 
  840.000  5.275525e-01 
  841.000  5.245750e-01 
  842.000  5.272590e-01 
  843.000  5.336438e-01 
  844.000  5.365552e-01 
  845.000  5.379135e-01 
  846.000  5.393430e-01 
  847.000  5.409176e-01 
  848.000  5.383219e-01 
  849.000  5.386525e-01 
  850.000  5.373694e-01 
  851.000  5.358434e-01 
  852.000  5.359959e-01 
  853.000  5.385197e-01 
  854.000  5.383878e-01 
  855.000  5.396598e-01 
  856.000  5.423051e-01 
  857.000  5.432413e-01 
  858.000  5.438559e-01 
  859.000  5.451146e-01 
  860.000  5.457333e-01 
  861.000  5.458484e-01 
  862.000  5.462598e-01 
  863.000  5.463120e-01 
  864.000  5.465937e-01 
  865.000  5.468237e-01 
  866.000  5.468836e-01 
  867.000  5.468399e-01 
  868.000  5.468745e-01 
  869.000  5.469499e-01 
  870.000  5.468916e-01 
  871.000  5.469627e-01 
  872.000  5.471390e-01 
  873.000  5.469596e-01 
  874.000  5.468616e-01 
  875.000  5.468372e-01 
  876.000  5.465255e-01 
  877.000  5.464254e-01 
  878.000  5.456376e-01 
  879.000  5.455822e-01 
  880.000  5.449033e-01 
  881.000  5.444899e-01 
  882.000  5.441757e-01 
  883.000  5.444868e-01 
  884.000  5.446445e-01 
  885.000  5.432324e-01 
  886.000  5.414467e-01 
  887.000  5.429726e-01 
  888.000  5.428808e-01 
  889.000  5.431409e-01 
  890.000  5.421618e-01 
  891.000  5.397498e-01 
  892.000  5.346719e-01 
  893.000  5.194022e-01 
  894.000  5.117865e-01 
  895.000  4.890175e-01 
  896.000  4.687872e-01 
  897.000  4.477036e-01 
  898.000  4.379412e-01 
  899.000  4.111824e-01 
  900.000  4.149060e-01 
  901.000  4.080662e-01 
  902.000  4.094668e-01 
  903.000  4.546106e-01 
  904.000  4.829800e-01 
  905.000  4.820405e-01 
  906.000  4.642862e-01 
  907.000  4.334398e-01 
  908.000  4.134854e-01 
  909.000  4.142602e-01 
  910.000  4.172167e-01 
  911.000  4.304220e-01 
  912.000  4.240263e-01 
  913.000  3.966037e-01 
  914.000  4.101104e-01 
  915.000  4.209144e-01 
  916.000  4.239098e-01 
  917.000  4.298899e-01 
  918.000  4.376325e-01 
  919.000  4.641164e-01 
  920.000  4.845507e-01 
  921.000  4.801216e-01 
  922.000  4.797613e-01 
  923.000  4.740749e-01 
  924.000  4.604850e-01 
  925.000  4.592021e-01 
  926.000  4.584520e-01 
  927.000  4.424229e-01 
  928.000  4.181768e-01 
  929.000  3.840620e-01 
  930.000  3.422613e-01 
  931.000  2.977073e-01 
  932.000  2.419032e-01 
  933.000  2.038912e-01 
  934.000  1.677115e-01 
  935.000  1.637760e-01 
  936.000  1.772983e-01 
  937.000  1.740639e-01 
  938.000  2.154134e-01 
  939.000  3.342242e-01 
  940.000  3.536047e-01 
  941.000  3.373814e-01 
  942.000  2.981985e-01 
  943.000  2.366025e-01 
  944.000  2.322977e-01 
  945.000  2.535215e-01 
  946.000  2.549621e-01 
  947.000  2.750951e-01 
  948.000  2.870931e-01 
  949.000  2.858277e-01 
  950.000  2.890057e-01 
  951.000  3.162751e-01 
  952.000  2.877197e-01 
  953.000  3.082479e-01 
  954.000  3.308372e-01 
  955.000  3.131712e-01 
  956.000  3.097709e-01 
  957.000  3.674414e-01 
  958.000  3.754817e-01 
  959.000  3.659706e-01 
  960.000  3.633743e-01 
  961.000  3.586780e-01 
  962.000  3.633162e-01 
  963.000  3.961957e-01 
  964.000  4.011308e-01 
  965.000  3.981384e-01 
  966.000  4.001363e-01 
  967.000  4.243081e-01 
  968.000  4.656015e-01 
  969.000  4.847146e-01 
  970.000  4.858276e-01 
  971.000  4.853953e-01 
  972.000  4.799561e-01 
  973.000  4.675007e-01 
  974.000  4.525113e-01 
  975.000  4.429734e-01 
  976.000  4.546604e-01 
  977.000  4.741948e-01 
  978.000  4.726810e-01 
  979.000  4.778719e-01 
  980.000  4.981553e-01 
  981.000  5.027343e-01 
  982.000  4.982772e-01 
  983.000  5.088243e-01 
  984.000  5.197349e-01 
  985.000  5.259756e-01 
  986.000  5.340510e-01 
  987.000  5.375785e-01 
  988.000  5.384026e-01 
  989.000  5.389308e-01 
  990.000  5.397921e-01 
  991.000  5.428087e-01 
  992.000  5.436651e-01 
  993.000  5.439849e-01 
  994.000  5.467061e-01 
  995.000  5.483456e-01 
  996.000  5.484058e-01 
  997.000  5.471703e-01 
  998.000  5.459803e-01 
  999.000  5.454707e-01 
 1000.000  5.458784e-01 
 1001.000  5.429898e-01 
 1002.000  5.383796e-01 
 1003.000  5.394690e-01 
 1004.000  5.421150e-01 
 1005.000  5.433235e-01 
 1006.000  5.437080e-01 
 1007.000  5.428222e-01 
 1008.000  5.390649e-01 
 1009.000  5.340545e-01 
 1010.000  5.362824e-01 
 1011.000  5.416090e-01 
 1012.000  5.436419e-01 
 1013.000  5.452427e-01 
 1014.000  5.459132e-01 
 1015.000  5.460401e-01 
 1016.000  5.467629e-01 
 1017.000  5.471814e-01 
 1018.000  5.462725e-01 
 1019.000  5.444139e-01 
 1020.000  5.450634e-01 
 1021.000  5.464001e-01 
 1022.000  5.441483e-01 
 1023.000  5.422667e-01 
 1024.000  5.411400e-01 
 1025.000  5.445850e-01 
 1026.000  5.461072e-01 
 1027.000  5.454587e-01 
 1028.000  5.459899e-01 
 1029.000  5.473238e-01 
 1030.000  5.487055e-01 
 1031.000  5.494068e-01 
 1032.000  5.499567e-01 
 1033.000  5.501285e-01 
 1034.000  5.504589e-01 
 1035.000  5.506191e-01 
 1036.000  5.505261e-01 
 1037.000  5.505759e-01 
 1038.000  5.506974e-01 
 1039.000  5.504699e-01 
 1040.000  5.502772e-01 
 1041.000  5.501251e-01 
 1042.000  5.500842e-01 
 1043.000  5.500833e-01 
 1044.000  5.499508e-01 
 1045.000  5.495220e-01 
 1046.000  5.492359e-01 
 1047.000  5.488992e-01 
 1048.000  5.484893e-01 
 1049.000  5.481123e-01 
 1050.000  5.476927e-01 
 1051.000  5.470990e-01 
 1052.000  5.466885e-01 
 1053.000  5.465955e-01 
 1054.000  5.459575e-01 
 1055.000  5.453729e-01 
 1056.000  5.448436e-01 
 1057.000  5.435516e-01 
 1058.000  5.412145e-01 
 1059.000  5.413370e-01 
 1060.000  5.424682e-01 
 1061.000  5.421624e-01 
 1062.000  5.406967e-01 
 1063.000  5.401615e-01 
 1064.000  5.389263e-01 
 1065.000  5.376353e-01 
 1066.000  5.377536e-01 
 1067.000  5.369662e-01 
 1068.000  5.341177e-01 
 1069.000  5.327376e-01 
 1070.000  5.331932e-01 
 1071.000  5.313801e-01 
 1072.000  5.295229e-01 
 1073.000  5.291832e-01 
 1074.000  5.294860e-01 
 1075.000  5.322886e-01 
 1076.000  5.305634e-01 
 1077.000  5.282440e-01 
 1078.000  5.255122e-01 
 1079.000  5.251657e-01 
 1080.000  5.178575e-01 
 1081.000  5.174528e-01 
 1082.000  5.206708e-01 
 1083.000  5.167906e-01 
 1084.000  5.125593e-01 
 1085.000  5.025302e-01 
 1086.000  5.048593e-01 
 1087.000  5.158912e-01 
 1088.000  5.163371e-01 
 1089.000  5.028825e-01 
 1090.000  5.003470e-01 
 1091.000  5.028635e-01 
 1092.000  4.962054e-01 
 1093.000  4.814834e-01 
 1094.000  4.751171e-01 
 1095.000  4.761049e-01 
 1096.000  4.769550e-01 
 1097.000  4.739626e-01 
 1098.000  4.389424e-01 
 1099.000  4.097718e-01 
 1100.000  4.116732e-01 
 1101.000  4.155944e-01 
 1102.000  4.135488e-01 
 1103.000  4.160830e-01 
 1104.000  4.111588e-01 
 1105.000  3.990010e-01 
 1106.000  3.870024e-01 
 1107.000  3.897432e-01 
 1108.000  3.916003e-01 
 1109.000  4.014369e-01 
 1110.000  3.995896e-01 
 1111.000  3.935790e-01 
 1112.000  3.683220e-01 
 1113.000  3.343349e-01 
 1114.000  3.243123e-01 
 1115.000  2.844006e-01 
 1116.000  2.607890e-01 
 1117.000  2.102119e-01 
 1118.000  1.669123e-01 
 1119.000  1.449773e-01 
 1120.000  1.200605e-01 
 1121.000  1.146606e-01 
 1122.000  9.185527e-02 
 1123.000  1.033737e-01 
 1124.000  1.114679e-01 
 1125.000  1.070220e-01 
 1126.000  1.053670e-01 
 1127.000  1.075456e-01 
 1128.000  1.117540e-01 
 1129.000  1.358204e-01 
 1130.000  1.973697e-01 
 1131.000  2.167231e-01 
 1132.000  1.901274e-01 
 1133.000  1.458318e-01 
 1134.000  7.731689e-02 
 1135.000  8.203702e-02 
 1136.000  1.527364e-01 
 1137.000  1.981304e-01 
 1138.000  2.468740e-01 
 1139.000  2.638502e-01 
 1140.000  2.542005e-01 
 1141.000  2.355579e-01 
 1142.000  2.287829e-01 
 1143.000  2.081244e-01 
 1144.000  1.859986e-01 
 1145.000  1.555936e-01 
 1146.000  1.626491e-01 
 1147.000  1.867216e-01 
 1148.000  2.091509e-01 
 1149.000  2.187991e-01 
 1150.000  2.201037e-01 
