  320.000  1.470995e-01 
  321.000  1.845898e-01 
  322.000  1.697637e-01 
  323.000  1.885753e-01 
  324.000  2.076490e-01 
  325.000  1.934185e-01 
  326.000  2.168351e-01 
  327.000  2.234241e-01 
  328.000  2.092225e-01 
  329.000  2.365764e-01 
  330.000  2.409471e-01 
  331.000  2.323079e-01 
  332.000  2.490215e-01 
  333.000  2.539200e-01 
  334.000  2.498972e-01 
  335.000  2.622422e-01 
  336.000  2.672614e-01 
  337.000  2.651448e-01 
  338.000  2.710350e-01 
  339.000  2.771295e-01 
  340.000  2.761269e-01 
  341.000  2.820572e-01 
  342.000  2.864032e-01 
  343.000  2.885889e-01 
  344.000  2.890357e-01 
  345.000  2.949440e-01 
  346.000  2.986813e-01 
  347.000  3.017322e-01 
  348.000  3.045928e-01 
  349.000  3.078094e-01 
  350.000  3.105615e-01 
  351.000  3.133050e-01 
  352.000  3.155575e-01 
  353.000  3.187630e-01 
  354.000  3.214945e-01 
  355.000  3.240382e-01 
  356.000  3.265186e-01 
  357.000  3.287275e-01 
  358.000  3.311058e-01 
  359.000  3.334832e-01 
  360.000  3.359196e-01 
  361.000  3.389996e-01 
  362.000  3.422093e-01 
  363.000  3.451677e-01 
  364.000  3.478921e-01 
  365.000  3.504492e-01 
  366.000  3.530654e-01 
  367.000  3.555579e-01 
  368.000  3.580290e-01 
  369.000  3.604802e-01 
  370.000  3.629073e-01 
  371.000  3.653166e-01 
  372.000  3.677072e-01 
  373.000  3.700787e-01 
  374.000  3.724132e-01 
  375.000  3.747036e-01 
  376.000  3.769172e-01 
  377.000  3.790102e-01 
  378.000  3.809550e-01 
  379.000  3.829317e-01 
  380.000  3.851067e-01 
  381.000  3.875835e-01 
  382.000  3.901513e-01 
  383.000  3.925804e-01 
  384.000  3.948857e-01 
  385.000  3.971076e-01 
  386.000  3.992732e-01 
  387.000  4.014044e-01 
  388.000  4.035091e-01 
  389.000  4.055969e-01 
  390.000  4.076685e-01 
  391.000  4.097193e-01 
  392.000  4.117554e-01 
  393.000  4.137751e-01 
  394.000  4.157764e-01 
  395.000  4.177578e-01 
  396.000  4.197266e-01 
  397.000  4.216730e-01 
  398.000  4.236019e-01 
  399.000  4.255146e-01 
  400.000  4.274013e-01 
  401.000  4.292810e-01 
  402.000  4.311459e-01 
  403.000  4.329951e-01 
  404.000  4.348281e-01 
  405.000  4.366413e-01 
  406.000  4.384427e-01 
  407.000  4.402302e-01 
  408.000  4.420023e-01 
  409.000  4.437573e-01 
  410.000  4.454958e-01 
  411.000  4.472173e-01 
  412.000  4.489206e-01 
  413.000  4.506143e-01 
  414.000  4.521866e-01 
  415.000  4.538877e-01 
  416.000  4.555676e-01 
  417.000  4.572195e-01 
  418.000  4.588337e-01 
  419.000  4.604303e-01 
  420.000  4.620126e-01 
  421.000  4.635856e-01 
  422.000  4.651490e-01 
  423.000  4.667010e-01 
  424.000  4.682348e-01 
  425.000  4.697337e-01 
  426.000  4.712180e-01 
  427.000  4.726894e-01 
  428.000  4.741349e-01 
  429.000  4.755602e-01 
  430.000  4.769691e-01 
  431.000  4.783676e-01 
  432.000  4.797516e-01 
  433.000  4.811227e-01 
  434.000  4.824823e-01 
  435.000  4.838288e-01 
  436.000  4.851602e-01 
  437.000  4.864773e-01 
  438.000  4.877796e-01 
  439.000  4.890719e-01 
  440.000  4.903435e-01 
  441.000  4.915990e-01 
  442.000  4.928348e-01 
  443.000  4.940521e-01 
  444.000  4.952502e-01 
  445.000  4.964227e-01 
  446.000  4.975628e-01 
  447.000  4.987584e-01 
  448.000  5.000405e-01 
  449.000  5.013384e-01 
  450.000  5.026113e-01 
  451.000  5.038346e-01 
  452.000  5.050151e-01 
  453.000  5.061716e-01 
  454.000  5.073072e-01 
  455.000  5.083770e-01 
  456.000  5.093604e-01 
  457.000  5.103443e-01 
  458.000  5.113149e-01 
  459.000  5.122650e-01 
  460.000  5.132076e-01 
  461.000  5.141402e-01 
  462.000  5.150551e-01 
  463.000  5.159661e-01 
  464.000  5.171522e-01 
  465.000  5.183206e-01 
  466.000  5.194684e-01 
  467.000  5.205897e-01 
  468.000  5.215032e-01 
  469.000  5.222899e-01 
  470.000  5.230134e-01 
  471.000  5.236647e-01 
  472.000  5.242178e-01 
  473.000  5.246055e-01 
  474.000  5.249238e-01 
  475.000  5.250056e-01 
  476.000  5.248480e-01 
  477.000  5.248447e-01 
  478.000  5.257658e-01 
  479.000  5.271680e-01 
  480.000  5.286815e-01 
  481.000  5.300394e-01 
  482.000  5.313130e-01 
  483.000  5.324203e-01 
  484.000  5.333720e-01 
  485.000  5.342231e-01 
  486.000  5.351308e-01 
  487.000  5.360864e-01 
  488.000  5.370114e-01 
  489.000  5.379193e-01 
  490.000  5.388166e-01 
  491.000  5.395193e-01 
  492.000  5.401616e-01 
  493.000  5.408007e-01 
  494.000  5.414218e-01 
  495.000  5.420428e-01 
  496.000  5.423628e-01 
  497.000  5.426707e-01 
  498.000  5.429741e-01 
  499.000  5.432611e-01 
  500.000  5.435436e-01 
  501.000  5.437947e-01 
  502.000  5.440459e-01 
  503.000  5.442938e-01 
  504.000  5.445305e-01 
  505.000  5.447541e-01 
  506.000  5.454092e-01 
  507.000  5.460833e-01 
  508.000  5.467565e-01 
  509.000  5.474219e-01 
  510.000  5.480731e-01 
  511.000  5.486569e-01 
  512.000  5.492208e-01 
  513.000  5.497814e-01 
  514.000  5.503350e-01 
  515.000  5.508837e-01 
  516.000  5.512757e-01 
  517.000  5.515271e-01 
  518.000  5.517715e-01 
  519.000  5.520113e-01 
  520.000  5.522487e-01 
  521.000  5.524614e-01 
  522.000  5.526149e-01 
  523.000  5.527255e-01 
  524.000  5.528398e-01 
  525.000  5.529299e-01 
  526.000  5.530562e-01 
  527.000  5.530766e-01 
  528.000  5.530540e-01 
  529.000  5.530301e-01 
  530.000  5.530116e-01 
  531.000  5.529964e-01 
  532.000  5.530306e-01 
  533.000  5.533387e-01 
  534.000  5.537280e-01 
  535.000  5.541673e-01 
  536.000  5.545920e-01 
  537.000  5.549805e-01 
  538.000  5.553278e-01 
  539.000  5.556498e-01 
  540.000  5.559517e-01 
  541.000  5.562448e-01 
  542.000  5.565251e-01 
  543.000  5.567955e-01 
  544.000  5.569999e-01 
  545.000  5.571506e-01 
  546.000  5.572943e-01 
  547.000  5.574420e-01 
  548.000  5.575823e-01 
  549.000  5.577205e-01 
  550.000  5.577875e-01 
  551.000  5.577840e-01 
  552.000  5.577831e-01 
  553.000  5.577678e-01 
  554.000  5.577458e-01 
  555.000  5.577198e-01 
  556.000  5.576671e-01 
  557.000  5.575682e-01 
  558.000  5.574613e-01 
  559.000  5.573419e-01 
  560.000  5.571924e-01 
  561.000  5.570153e-01 
  562.000  5.566518e-01 
  563.000  5.564341e-01 
  564.000  5.561482e-01 
  565.000  5.557143e-01 
  566.000  5.554184e-01 
  567.000  5.544707e-01 
  568.000  5.518228e-01 
  569.000  5.463552e-01 
  570.000  5.470412e-01 
  571.000  5.506617e-01 
  572.000  5.468496e-01 
  573.000  5.476630e-01 
  574.000  5.477881e-01 
  575.000  5.474785e-01 
  576.000  5.476556e-01 
  577.000  5.489557e-01 
  578.000  5.508161e-01 
  579.000  5.524759e-01 
  580.000  5.540722e-01 
  581.000  5.562819e-01 
  582.000  5.578392e-01 
  583.000  5.588821e-01 
  584.000  5.597659e-01 
  585.000  5.604964e-01 
  586.000  5.611683e-01 
  587.000  5.599893e-01 
  588.000  5.527439e-01 
  589.000  5.411485e-01 
  590.000  5.406269e-01 
  591.000  5.489171e-01 
  592.000  5.448166e-01 
  593.000  5.542310e-01 
  594.000  5.523764e-01 
  595.000  5.460640e-01 
  596.000  5.550857e-01 
  597.000  5.527968e-01 
  598.000  5.563099e-01 
  599.000  5.575875e-01 
  600.000  5.607344e-01 
  601.000  5.627035e-01 
  602.000  5.631884e-01 
  603.000  5.641629e-01 
  604.000  5.654113e-01 
  605.000  5.663068e-01 
  606.000  5.669578e-01 
  607.000  5.675866e-01 
  608.000  5.681857e-01 
  609.000  5.687585e-01 
  610.000  5.693512e-01 
  611.000  5.700096e-01 
  612.000  5.706544e-01 
  613.000  5.712792e-01 
  614.000  5.718856e-01 
  615.000  5.724903e-01 
  616.000  5.730730e-01 
  617.000  5.736234e-01 
  618.000  5.740848e-01 
  619.000  5.744751e-01 
  620.000  5.748366e-01 
  621.000  5.751470e-01 
  622.000  5.754066e-01 
  623.000  5.755802e-01 
  624.000  5.757648e-01 
  625.000  5.759189e-01 
  626.000  5.756497e-01 
  627.000  5.724384e-01 
  628.000  5.532171e-01 
  629.000  5.649620e-01 
  630.000  5.677425e-01 
  631.000  5.715197e-01 
  632.000  5.711260e-01 
  633.000  5.758545e-01 
  634.000  5.783074e-01 
  635.000  5.794485e-01 
  636.000  5.811000e-01 
  637.000  5.824628e-01 
  638.000  5.848968e-01 
  639.000  5.858574e-01 
  640.000  5.875316e-01 
  641.000  5.884064e-01 
  642.000  5.896469e-01 
  643.000  5.892016e-01 
  644.000  5.898314e-01 
  645.000  5.889280e-01 
  646.000  5.827543e-01 
  647.000  5.785971e-01 
  648.000  5.738848e-01 
  649.000  5.788679e-01 
  650.000  5.880398e-01 
  651.000  5.884392e-01 
  652.000  5.811144e-01 
  653.000  5.904031e-01 
  654.000  5.898264e-01 
  655.000  5.869867e-01 
  656.000  5.885199e-01 
  657.000  5.906634e-01 
  658.000  5.940993e-01 
  659.000  5.962700e-01 
  660.000  5.974432e-01 
  661.000  6.000170e-01 
  662.000  6.014318e-01 
  663.000  6.016095e-01 
  664.000  6.024181e-01 
  665.000  6.031107e-01 
  666.000  6.039457e-01 
  667.000  6.046907e-01 
  668.000  6.055357e-01 
  669.000  6.061543e-01 
  670.000  6.067072e-01 
  671.000  6.072868e-01 
  672.000  6.078097e-01 
  673.000  6.083236e-01 
  674.000  6.088331e-01 
  675.000  6.093433e-01 
  676.000  6.098226e-01 
  677.000  6.102633e-01 
  678.000  6.107051e-01 
  679.000  6.110715e-01 
  680.000  6.111127e-01 
  681.000  6.110706e-01 
  682.000  6.113276e-01 
  683.000  6.114899e-01 
  684.000  6.111727e-01 
  685.000  6.120207e-01 
  686.000  6.094689e-01 
  687.000  5.213618e-01 
  688.000  5.488968e-01 
  689.000  5.410565e-01 
  690.000  5.554506e-01 
  691.000  5.744053e-01 
  692.000  5.859592e-01 
  693.000  5.819157e-01 
  694.000  5.754068e-01 
  695.000  5.831138e-01 
  696.000  5.875789e-01 
  697.000  6.058760e-01 
  698.000  6.022329e-01 
  699.000  5.860152e-01 
  700.000  5.888008e-01 
  701.000  5.852421e-01 
  702.000  5.879947e-01 
  703.000  6.017326e-01 
  704.000  6.024042e-01 
  705.000  5.968430e-01 
  706.000  5.980133e-01 
  707.000  6.001010e-01 
  708.000  6.023524e-01 
  709.000  6.068866e-01 
  710.000  6.022019e-01 
  711.000  6.071242e-01 
  712.000  6.113267e-01 
  713.000  6.080734e-01 
  714.000  6.070203e-01 
  715.000  6.016869e-01 
  716.000  5.961432e-01 
  717.000  5.607233e-01 
  718.000  5.390317e-01 
  719.000  5.312716e-01 
  720.000  5.195296e-01 
  721.000  5.713027e-01 
  722.000  5.898319e-01 
  723.000  5.794414e-01 
  724.000  5.498792e-01 
  725.000  5.542991e-01 
  726.000  5.529433e-01 
  727.000  5.571641e-01 
  728.000  5.526242e-01 
  729.000  5.639904e-01 
  730.000  5.620466e-01 
  731.000  5.596931e-01 
  732.000  5.788813e-01 
  733.000  5.973024e-01 
  734.000  6.061984e-01 
  735.000  6.030963e-01 
  736.000  5.972858e-01 
  737.000  6.017089e-01 
  738.000  6.077822e-01 
  739.000  6.104103e-01 
  740.000  6.162149e-01 
  741.000  6.195790e-01 
  742.000  6.210049e-01 
  743.000  6.241146e-01 
  744.000  6.254231e-01 
  745.000  6.265185e-01 
  746.000  6.273881e-01 
  747.000  6.276376e-01 
  748.000  6.284301e-01 
  749.000  6.288799e-01 
  750.000  6.286560e-01 
  751.000  6.288397e-01 
  752.000  6.296248e-01 
  753.000  6.299599e-01 
  754.000  6.302287e-01 
  755.000  6.304113e-01 
  756.000  6.306015e-01 
  757.000  6.307338e-01 
  758.000  6.295535e-01 
  759.000  5.819899e-01 
  760.000  2.434845e-01 
  761.000  2.134708e-01 
  762.000  4.034102e-01 
  763.000  3.428812e-01 
  764.000  3.727152e-01 
  765.000  4.414750e-01 
  766.000  5.261304e-01 
  767.000  5.694848e-01 
  768.000  5.980566e-01 
  769.000  6.170084e-01 
  770.000  6.271936e-01 
  771.000  6.320174e-01 
  772.000  6.332233e-01 
  773.000  6.337656e-01 
  774.000  6.344587e-01 
  775.000  6.348788e-01 
  776.000  6.351797e-01 
  777.000  6.352721e-01 
  778.000  6.352675e-01 
  779.000  6.352513e-01 
  780.000  6.352320e-01 
  781.000  6.355762e-01 
  782.000  6.355465e-01 
  783.000  6.355280e-01 
  784.000  6.352716e-01 
  785.000  6.340087e-01 
  786.000  6.321584e-01 
  787.000  6.277819e-01 
  788.000  6.254905e-01 
  789.000  6.172734e-01 
  790.000  6.165813e-01 
  791.000  6.181502e-01 
  792.000  6.196016e-01 
  793.000  6.229667e-01 
  794.000  6.300921e-01 
  795.000  6.257588e-01 
  796.000  6.142094e-01 
  797.000  6.175268e-01 
  798.000  6.248463e-01 
  799.000  6.231916e-01 
  800.000  6.178864e-01 
  801.000  6.185325e-01 
  802.000  6.180080e-01 
  803.000  6.187983e-01 
  804.000  6.213109e-01 
  805.000  6.261149e-01 
  806.000  6.289884e-01 
  807.000  6.291277e-01 
  808.000  6.275172e-01 
  809.000  6.255352e-01 
  810.000  6.233628e-01 
  811.000  6.188954e-01 
  812.000  6.128829e-01 
  813.000  6.055232e-01 
  814.000  5.958233e-01 
  815.000  5.837768e-01 
  816.000  5.683665e-01 
  817.000  5.692272e-01 
  818.000  5.704902e-01 
  819.000  5.755796e-01 
  820.000  5.925921e-01 
  821.000  6.120703e-01 
  822.000  5.972659e-01 
  823.000  5.561623e-01 
  824.000  5.907984e-01 
  825.000  6.131970e-01 
  826.000  6.093849e-01 
  827.000  6.065612e-01 
  828.000  5.918317e-01 
  829.000  5.971426e-01 
  830.000  6.031001e-01 
  831.000  6.045084e-01 
  832.000  6.051359e-01 
  833.000  6.085802e-01 
  834.000  6.126367e-01 
  835.000  6.206808e-01 
  836.000  6.181060e-01 
  837.000  6.178429e-01 
  838.000  6.217651e-01 
  839.000  6.241500e-01 
  840.000  6.250224e-01 
  841.000  6.224546e-01 
  842.000  6.247771e-01 
  843.000  6.302841e-01 
  844.000  6.327881e-01 
  845.000  6.339601e-01 
  846.000  6.351925e-01 
  847.000  6.365508e-01 
  848.000  6.343333e-01 
  849.000  6.346275e-01 
  850.000  6.335361e-01 
  851.000  6.322339e-01 
  852.000  6.323736e-01 
  853.000  6.345491e-01 
  854.000  6.344408e-01 
  855.000  6.355389e-01 
  856.000  6.376626e-01 
  857.000  6.386670e-01 
  858.000  6.391440e-01 
  859.000  6.402339e-01 
  860.000  6.408194e-01 
  861.000  6.409225e-01 
  862.000  6.412631e-01 
  863.000  6.413159e-01 
  864.000  6.415526e-01 
  865.000  6.417479e-01 
  866.000  6.418068e-01 
  867.000  6.417821e-01 
  868.000  6.418207e-01 
  869.000  6.418920e-01 
  870.000  6.418554e-01 
  871.000  6.419233e-01 
  872.000  6.420762e-01 
  873.000  6.419416e-01 
  874.000  6.418728e-01 
  875.000  6.418635e-01 
  876.000  6.416219e-01 
  877.000  6.415036e-01 
  878.000  6.408112e-01 
  879.000  6.407704e-01 
  880.000  6.401867e-01 
  881.000  6.398977e-01 
  882.000  6.395687e-01 
  883.000  6.399125e-01 
  884.000  6.400555e-01 
  885.000  6.388389e-01 
  886.000  6.372507e-01 
  887.000  6.384547e-01 
  888.000  6.383823e-01 
  889.000  6.388103e-01 
  890.000  6.377807e-01 
  891.000  6.358657e-01 
  892.000  6.315064e-01 
  893.000  6.182630e-01 
  894.000  6.116698e-01 
  895.000  5.916088e-01 
  896.000  5.736666e-01 
  897.000  5.548023e-01 
  898.000  5.460024e-01 
  899.000  5.213007e-01 
  900.000  5.248468e-01 
  901.000  5.184494e-01 
  902.000  5.196563e-01 
  903.000  5.612120e-01 
  904.000  5.867462e-01 
  905.000  5.858384e-01 
  906.000  5.698766e-01 
  907.000  5.417674e-01 
  908.000  5.233247e-01 
  909.000  5.240995e-01 
  910.000  5.268729e-01 
  911.000  5.391169e-01 
  912.000  5.331933e-01 
  913.000  5.075285e-01 
  914.000  5.202099e-01 
  915.000  5.302351e-01 
  916.000  5.329669e-01 
  917.000  5.384346e-01 
  918.000  5.455053e-01 
  919.000  5.695844e-01 
  920.000  5.878619e-01 
  921.000  5.838526e-01 
  922.000  5.835174e-01 
  923.000  5.784249e-01 
  924.000  5.661966e-01 
  925.000  5.651564e-01 
  926.000  5.647846e-01 
  927.000  5.504808e-01 
  928.000  5.285606e-01 
  929.000  4.971014e-01 
  930.000  4.574406e-01 
  931.000  4.136052e-01 
  932.000  3.568573e-01 
  933.000  3.153950e-01 
  934.000  2.735526e-01 
  935.000  2.690795e-01 
  936.000  2.854289e-01 
  937.000  2.813210e-01 
  938.000  3.281866e-01 
  939.000  4.525626e-01 
  940.000  4.714405e-01 
  941.000  4.552530e-01 
  942.000  4.156903e-01 
  943.000  3.506783e-01 
  944.000  3.461382e-01 
  945.000  3.693104e-01 
  946.000  3.706604e-01 
  947.000  3.916029e-01 
  948.000  4.039250e-01 
  949.000  4.023773e-01 
  950.000  4.055538e-01 
  951.000  4.332145e-01 
  952.000  4.037760e-01 
  953.000  4.245206e-01 
  954.000  4.468848e-01 
  955.000  4.288876e-01 
  956.000  4.249647e-01 
  957.000  4.816139e-01 
  958.000  4.890538e-01 
  959.000  4.796501e-01 
  960.000  4.769504e-01 
  961.000  4.722511e-01 
  962.000  4.766017e-01 
  963.000  5.079047e-01 
  964.000  5.124388e-01 
  965.000  5.094772e-01 
  966.000  5.112149e-01 
  967.000  5.336684e-01 
  968.000  5.712987e-01 
  969.000  5.883641e-01 
  970.000  5.892968e-01 
  971.000  5.888953e-01 
  972.000  5.840492e-01 
  973.000  5.728697e-01 
  974.000  5.592787e-01 
  975.000  5.505593e-01 
  976.000  5.612267e-01 
  977.000  5.788816e-01 
  978.000  5.774608e-01 
  979.000  5.820550e-01 
  980.000  6.001111e-01 
  981.000  6.041245e-01 
  982.000  6.001151e-01 
  983.000  6.094017e-01 
  984.000  6.189676e-01 
  985.000  6.244074e-01 
  986.000  6.314291e-01 
  987.000  6.344744e-01 
  988.000  6.351735e-01 
  989.000  6.356207e-01 
  990.000  6.363633e-01 
  991.000  6.389770e-01 
  992.000  6.397196e-01 
  993.000  6.399974e-01 
  994.000  6.422253e-01 
  995.000  6.438364e-01 
  996.000  6.438226e-01 
  997.000  6.428193e-01 
  998.000  6.417430e-01 
  999.000  6.413066e-01 
 1000.000  6.416660e-01 
 1001.000  6.391653e-01 
 1002.000  6.351643e-01 
 1003.000  6.361160e-01 
 1004.000  6.384196e-01 
 1005.000  6.394729e-01 
 1006.000  6.398053e-01 
 1007.000  6.390415e-01 
 1008.000  6.357793e-01 
 1009.000  6.314176e-01 
 1010.000  6.333601e-01 
 1011.000  6.379922e-01 
 1012.000  6.397566e-01 
 1013.000  6.411416e-01 
 1014.000  6.417204e-01 
 1015.000  6.418275e-01 
 1016.000  6.423133e-01 
 1017.000  6.426871e-01 
 1018.000  6.418750e-01 
 1019.000  6.404154e-01 
 1020.000  6.409780e-01 
 1021.000  6.419895e-01 
 1022.000  6.401818e-01 
 1023.000  6.385445e-01 
 1024.000  6.375613e-01 
 1025.000  6.405486e-01 
 1026.000  6.417100e-01 
 1027.000  6.412933e-01 
 1028.000  6.417440e-01 
 1029.000  6.429394e-01 
 1030.000  6.441289e-01 
 1031.000  6.447318e-01 
 1032.000  6.451973e-01 
 1033.000  6.452755e-01 
 1034.000  6.455637e-01 
 1035.000  6.457084e-01 
 1036.000  6.455811e-01 
 1037.000  6.455778e-01 
 1038.000  6.456705e-01 
 1039.000  6.454734e-01 
 1040.000  6.452946e-01 
 1041.000  6.451523e-01 
 1042.000  6.451058e-01 
 1043.000  6.450877e-01 
 1044.000  6.449527e-01 
 1045.000  6.445705e-01 
 1046.000  6.443070e-01 
 1047.000  6.439881e-01 
 1048.000  6.435506e-01 
 1049.000  6.431085e-01 
 1050.000  6.426871e-01 
 1051.000  6.421607e-01 
 1052.000  6.417658e-01 
 1053.000  6.416482e-01 
 1054.000  6.411031e-01 
 1055.000  6.405132e-01 
 1056.000  6.399947e-01 
 1057.000  6.388090e-01 
 1058.000  6.367653e-01 
 1059.000  6.367528e-01 
 1060.000  6.376892e-01 
 1061.000  6.373849e-01 
 1062.000  6.360900e-01 
 1063.000  6.355091e-01 
 1064.000  6.343439e-01 
 1065.000  6.330447e-01 
 1066.000  6.331350e-01 
 1067.000  6.324233e-01 
 1068.000  6.301111e-01 
 1069.000  6.291078e-01 
 1070.000  6.296459e-01 
 1071.000  6.281872e-01 
 1072.000  6.266463e-01 
 1073.000  6.264361e-01 
 1074.000  6.267809e-01 
 1075.000  6.293096e-01 
 1076.000  6.278784e-01 
 1077.000  6.259208e-01 
 1078.000  6.235973e-01 
 1079.000  6.233610e-01 
 1080.000  6.169980e-01 
 1081.000  6.166910e-01 
 1082.000  6.195692e-01 
 1083.000  6.162198e-01 
 1084.000  6.125398e-01 
 1085.000  6.037011e-01 
 1086.000  6.058186e-01 
 1087.000  6.156256e-01 
 1088.000  6.160436e-01 
 1089.000  6.041926e-01 
 1090.000  6.019919e-01 
 1091.000  6.042796e-01 
 1092.000  5.984250e-01 
 1093.000  5.853069e-01 
 1094.000  5.796088e-01 
 1095.000  5.805489e-01 
 1096.000  5.814022e-01 
 1097.000  5.788020e-01 
 1098.000  5.469753e-01 
 1099.000  5.199678e-01 
 1100.000  5.217998e-01 
 1101.000  5.255300e-01 
 1102.000  5.237337e-01 
 1103.000  5.262061e-01 
 1104.000  5.217062e-01 
 1105.000  5.103974e-01 
 1106.000  4.990162e-01 
 1107.000  5.018273e-01 
 1108.000  5.038760e-01 
 1109.000  5.135763e-01 
 1110.000  5.123329e-01 
 1111.000  5.069074e-01 
 1112.000  4.830573e-01 
 1113.000  4.505937e-01 
 1114.000  4.417147e-01 
 1115.000  4.022430e-01 
 1116.000  3.780499e-01 
 1117.000  3.230410e-01 
 1118.000  2.736958e-01 
 1119.000  2.479526e-01 
 1120.000  2.166937e-01 
 1121.000  2.098328e-01 
 1122.000  1.784800e-01 
 1123.000  1.952738e-01 
 1124.000  2.067304e-01 
 1125.000  2.006603e-01 
 1126.000  1.982672e-01 
 1127.000  2.009845e-01 
 1128.000  2.062533e-01 
 1129.000  2.377569e-01 
 1130.000  3.134141e-01 
 1131.000  3.358376e-01 
 1132.000  3.051580e-01 
 1133.000  2.505163e-01 
 1134.000  1.564613e-01 
 1135.000  1.633627e-01 
 1136.000  2.585048e-01 
 1137.000  3.130883e-01 
 1138.000  3.673989e-01 
 1139.000  3.843877e-01 
 1140.000  3.739415e-01 
 1141.000  3.529299e-01 
 1142.000  3.454991e-01 
 1143.000  3.223725e-01 
 1144.000  2.966723e-01 
 1145.000  2.600788e-01 
 1146.000  2.686685e-01 
 1147.000  2.973696e-01 
 1148.000  3.232111e-01 
 1149.000  3.338049e-01 
 1150.000  3.345123e-01 
