  320.000  1.213442e-01 
  321.000  1.550061e-01 
  322.000  1.416229e-01 
  323.000  1.586183e-01 
  324.000  1.759869e-01 
  325.000  1.630160e-01 
  326.000  1.843972e-01 
  327.000  1.904472e-01 
  328.000  1.774254e-01 
  329.000  2.025649e-01 
  330.000  2.066037e-01 
  331.000  1.986263e-01 
  332.000  2.140800e-01 
  333.000  2.186249e-01 
  334.000  2.148920e-01 
  335.000  2.263621e-01 
  336.000  2.310379e-01 
  337.000  2.290653e-01 
  338.000  2.345578e-01 
  339.000  2.402508e-01 
  340.000  2.393135e-01 
  341.000  2.448609e-01 
  342.000  2.489322e-01 
  343.000  2.509815e-01 
  344.000  2.514006e-01 
  345.000  2.569470e-01 
  346.000  2.604600e-01 
  347.000  2.633303e-01 
  348.000  2.660236e-01 
  349.000  2.690545e-01 
  350.000  2.716497e-01 
  351.000  2.742386e-01 
  352.000  2.763654e-01 
  353.000  2.793942e-01 
  354.000  2.819769e-01 
  355.000  2.843837e-01 
  356.000  2.867320e-01 
  357.000  2.888245e-01 
  358.000  2.910786e-01 
  359.000  2.933332e-01 
  360.000  2.956449e-01 
  361.000  2.985694e-01 
  362.000  3.016191e-01 
  363.000  3.044320e-01 
  364.000  3.070242e-01 
  365.000  3.094586e-01 
  366.000  3.119507e-01 
  367.000  3.143263e-01 
  368.000  3.166829e-01 
  369.000  3.190216e-01 
  370.000  3.213387e-01 
  371.000  3.236399e-01 
  372.000  3.259245e-01 
  373.000  3.281920e-01 
  374.000  3.304251e-01 
  375.000  3.326173e-01 
  376.000  3.347368e-01 
  377.000  3.367418e-01 
  378.000  3.386056e-01 
  379.000  3.405008e-01 
  380.000  3.425869e-01 
  381.000  3.449636e-01 
  382.000  3.474289e-01 
  383.000  3.497624e-01 
  384.000  3.519778e-01 
  385.000  3.541140e-01 
  386.000  3.561971e-01 
  387.000  3.582479e-01 
  388.000  3.602741e-01 
  389.000  3.622848e-01 
  390.000  3.642807e-01 
  391.000  3.662574e-01 
  392.000  3.682206e-01 
  393.000  3.701688e-01 
  394.000  3.721000e-01 
  395.000  3.740126e-01 
  396.000  3.759139e-01 
  397.000  3.777942e-01 
  398.000  3.796582e-01 
  399.000  3.815074e-01 
  400.000  3.833319e-01 
  401.000  3.851503e-01 
  402.000  3.869550e-01 
  403.000  3.887451e-01 
  404.000  3.905202e-01 
  405.000  3.922766e-01 
  406.000  3.940222e-01 
  407.000  3.957549e-01 
  408.000  3.974732e-01 
  409.000  3.991754e-01 
  410.000  4.008622e-01 
  411.000  4.025329e-01 
  412.000  4.041865e-01 
  413.000  4.058313e-01 
  414.000  4.073586e-01 
  415.000  4.090116e-01 
  416.000  4.106443e-01 
  417.000  4.122503e-01 
  418.000  4.138201e-01 
  419.000  4.153732e-01 
  420.000  4.169128e-01 
  421.000  4.184438e-01 
  422.000  4.199659e-01 
  423.000  4.214772e-01 
  424.000  4.229713e-01 
  425.000  4.244316e-01 
  426.000  4.258782e-01 
  427.000  4.273125e-01 
  428.000  4.287218e-01 
  429.000  4.301119e-01 
  430.000  4.314862e-01 
  431.000  4.328508e-01 
  432.000  4.342015e-01 
  433.000  4.355398e-01 
  434.000  4.368673e-01 
  435.000  4.381822e-01 
  436.000  4.394828e-01 
  437.000  4.407696e-01 
  438.000  4.420422e-01 
  439.000  4.433053e-01 
  440.000  4.445484e-01 
  441.000  4.457761e-01 
  442.000  4.469847e-01 
  443.000  4.481754e-01 
  444.000  4.493477e-01 
  445.000  4.504951e-01 
  446.000  4.516109e-01 
  447.000  4.527813e-01 
  448.000  4.540367e-01 
  449.000  4.553076e-01 
  450.000  4.565545e-01 
  451.000  4.577529e-01 
  452.000  4.589097e-01 
  453.000  4.600431e-01 
  454.000  4.611563e-01 
  455.000  4.622051e-01 
  456.000  4.631695e-01 
  457.000  4.641343e-01 
  458.000  4.650864e-01 
  459.000  4.660184e-01 
  460.000  4.669432e-01 
  461.000  4.678584e-01 
  462.000  4.687563e-01 
  463.000  4.696505e-01 
  464.000  4.708149e-01 
  465.000  4.719621e-01 
  466.000  4.730893e-01 
  467.000  4.741907e-01 
  468.000  4.750881e-01 
  469.000  4.758611e-01 
  470.000  4.765720e-01 
  471.000  4.772120e-01 
  472.000  4.777556e-01 
  473.000  4.781367e-01 
  474.000  4.784496e-01 
  475.000  4.785299e-01 
  476.000  4.783750e-01 
  477.000  4.783718e-01 
  478.000  4.792773e-01 
  479.000  4.806558e-01 
  480.000  4.821443e-01 
  481.000  4.834799e-01 
  482.000  4.847328e-01 
  483.000  4.858223e-01 
  484.000  4.867589e-01 
  485.000  4.875967e-01 
  486.000  4.884902e-01 
  487.000  4.894310e-01 
  488.000  4.903418e-01 
  489.000  4.912359e-01 
  490.000  4.921196e-01 
  491.000  4.928117e-01 
  492.000  4.934445e-01 
  493.000  4.940741e-01 
  494.000  4.946861e-01 
  495.000  4.952980e-01 
  496.000  4.956134e-01 
  497.000  4.959168e-01 
  498.000  4.962158e-01 
  499.000  4.964987e-01 
  500.000  4.967771e-01 
  501.000  4.970247e-01 
  502.000  4.972722e-01 
  503.000  4.975166e-01 
  504.000  4.977499e-01 
  505.000  4.979703e-01 
  506.000  4.986162e-01 
  507.000  4.992809e-01 
  508.000  4.999446e-01 
  509.000  5.006008e-01 
  510.000  5.012431e-01 
  511.000  5.018189e-01 
  512.000  5.023751e-01 
  513.000  5.029281e-01 
  514.000  5.034743e-01 
  515.000  5.040157e-01 
  516.000  5.044025e-01 
  517.000  5.046505e-01 
  518.000  5.048917e-01 
  519.000  5.051283e-01 
  520.000  5.053626e-01 
  521.000  5.055726e-01 
  522.000  5.057240e-01 
  523.000  5.058331e-01 
  524.000  5.059459e-01 
  525.000  5.060349e-01 
  526.000  5.061596e-01 
  527.000  5.061797e-01 
  528.000  5.061574e-01 
  529.000  5.061338e-01 
  530.000  5.061155e-01 
  531.000  5.061005e-01 
  532.000  5.061342e-01 
  533.000  5.064384e-01 
  534.000  5.068226e-01 
  535.000  5.072562e-01 
  536.000  5.076755e-01 
  537.000  5.080590e-01 
  538.000  5.084020e-01 
  539.000  5.087198e-01 
  540.000  5.090179e-01 
  541.000  5.093073e-01 
  542.000  5.095841e-01 
  543.000  5.098512e-01 
  544.000  5.100530e-01 
  545.000  5.102018e-01 
  546.000  5.103437e-01 
  547.000  5.104896e-01 
  548.000  5.106282e-01 
  549.000  5.107647e-01 
  550.000  5.108308e-01 
  551.000  5.108274e-01 
  552.000  5.108265e-01 
  553.000  5.108114e-01 
  554.000  5.107896e-01 
  555.000  5.107639e-01 
  556.000  5.107119e-01 
  557.000  5.106142e-01 
  558.000  5.105087e-01 
  559.000  5.103907e-01 
  560.000  5.102429e-01 
  561.000  5.100674e-01 
  562.000  5.096444e-01 
  563.000  5.094240e-01 
  564.000  5.091256e-01 
  565.000  5.086516e-01 
  566.000  5.083886e-01 
  567.000  5.072927e-01 
  568.000  5.040392e-01 
  569.000  4.968078e-01 
  570.000  4.978807e-01 
  571.000  5.029902e-01 
  572.000  4.980007e-01 
  573.000  4.992687e-01 
  574.000  4.995813e-01 
  575.000  4.992568e-01 
  576.000  4.994418e-01 
  577.000  5.011875e-01 
  578.000  5.033329e-01 
  579.000  5.051840e-01 
  580.000  5.067384e-01 
  581.000  5.090724e-01 
  582.000  5.106466e-01 
  583.000  5.115229e-01 
  584.000  5.123031e-01 
  585.000  5.129127e-01 
  586.000  5.134923e-01 
  587.000  5.115896e-01 
  588.000  5.016801e-01 
  589.000  4.862103e-01 
  590.000  4.853887e-01 
  591.000  4.961581e-01 
  592.000  4.906506e-01 
  593.000  5.029587e-01 
  594.000  5.003996e-01 
  595.000  4.919869e-01 
  596.000  5.039679e-01 
  597.000  5.010660e-01 
  598.000  5.058429e-01 
  599.000  5.076688e-01 
  600.000  5.119860e-01 
  601.000  5.148522e-01 
  602.000  5.155439e-01 
  603.000  5.167772e-01 
  604.000  5.181869e-01 
  605.000  5.191843e-01 
  606.000  5.198578e-01 
  607.000  5.205067e-01 
  608.000  5.211042e-01 
  609.000  5.216740e-01 
  610.000  5.222607e-01 
  611.000  5.229121e-01 
  612.000  5.235502e-01 
  613.000  5.241683e-01 
  614.000  5.247684e-01 
  615.000  5.253668e-01 
  616.000  5.259435e-01 
  617.000  5.264882e-01 
  618.000  5.269450e-01 
  619.000  5.273314e-01 
  620.000  5.276892e-01 
  621.000  5.279965e-01 
  622.000  5.282534e-01 
  623.000  5.284253e-01 
  624.000  5.286077e-01 
  625.000  5.287590e-01 
  626.000  5.283250e-01 
  627.000  5.244023e-01 
  628.000  5.061391e-01 
  629.000  5.166559e-01 
  630.000  5.203291e-01 
  631.000  5.239709e-01 
  632.000  5.223001e-01 
  633.000  5.279112e-01 
  634.000  5.303677e-01 
  635.000  5.314103e-01 
  636.000  5.329780e-01 
  637.000  5.343376e-01 
  638.000  5.372127e-01 
  639.000  5.380924e-01 
  640.000  5.399321e-01 
  641.000  5.407138e-01 
  642.000  5.420631e-01 
  643.000  5.411913e-01 
  644.000  5.417619e-01 
  645.000  5.402582e-01 
  646.000  5.317852e-01 
  647.000  5.260333e-01 
  648.000  5.195889e-01 
  649.000  5.259452e-01 
  650.000  5.379104e-01 
  651.000  5.382569e-01 
  652.000  5.283691e-01 
  653.000  5.405052e-01 
  654.000  5.395617e-01 
  655.000  5.356100e-01 
  656.000  5.374669e-01 
  657.000  5.401556e-01 
  658.000  5.445607e-01 
  659.000  5.472820e-01 
  660.000  5.486708e-01 
  661.000  5.519645e-01 
  662.000  5.536193e-01 
  663.000  5.537372e-01 
  664.000  5.545849e-01 
  665.000  5.553911e-01 
  666.000  5.563177e-01 
  667.000  5.571038e-01 
  668.000  5.580664e-01 
  669.000  5.587184e-01 
  670.000  5.592808e-01 
  671.000  5.598808e-01 
  672.000  5.604034e-01 
  673.000  5.609145e-01 
  674.000  5.614203e-01 
  675.000  5.619277e-01 
  676.000  5.624010e-01 
  677.000  5.628370e-01 
  678.000  5.632750e-01 
  679.000  5.636122e-01 
  680.000  5.635117e-01 
  681.000  5.633681e-01 
  682.000  5.635722e-01 
  683.000  5.636453e-01 
  684.000  5.630995e-01 
  685.000  5.640128e-01 
  686.000  5.614945e-01 
  687.000  4.773445e-01 
  688.000  5.038487e-01 
  689.000  4.960652e-01 
  690.000  5.099750e-01 
  691.000  5.274236e-01 
  692.000  5.367525e-01 
  693.000  5.278139e-01 
  694.000  5.171716e-01 
  695.000  5.260406e-01 
  696.000  5.313192e-01 
  697.000  5.546601e-01 
  698.000  5.497913e-01 
  699.000  5.288047e-01 
  700.000  5.322627e-01 
  701.000  5.276208e-01 
  702.000  5.310658e-01 
  703.000  5.486683e-01 
  704.000  5.494654e-01 
  705.000  5.422305e-01 
  706.000  5.436783e-01 
  707.000  5.463088e-01 
  708.000  5.491562e-01 
  709.000  5.549591e-01 
  710.000  5.488300e-01 
  711.000  5.551304e-01 
  712.000  5.605111e-01 
  713.000  5.562059e-01 
  714.000  5.547422e-01 
  715.000  5.477043e-01 
  716.000  5.403347e-01 
  717.000  4.951000e-01 
  718.000  4.678712e-01 
  719.000  4.581461e-01 
  720.000  4.438446e-01 
  721.000  5.079182e-01 
  722.000  5.314204e-01 
  723.000  5.181224e-01 
  724.000  4.809225e-01 
  725.000  4.863037e-01 
  726.000  4.846006e-01 
  727.000  4.898396e-01 
  728.000  4.841798e-01 
  729.000  4.983659e-01 
  730.000  4.959652e-01 
  731.000  4.930645e-01 
  732.000  5.171941e-01 
  733.000  5.407270e-01 
  734.000  5.522064e-01 
  735.000  5.481906e-01 
  736.000  5.406978e-01 
  737.000  5.463635e-01 
  738.000  5.541740e-01 
  739.000  5.575551e-01 
  740.000  5.650688e-01 
  741.000  5.694250e-01 
  742.000  5.712595e-01 
  743.000  5.752885e-01 
  744.000  5.771170e-01 
  745.000  5.783991e-01 
  746.000  5.794968e-01 
  747.000  5.797129e-01 
  748.000  5.806931e-01 
  749.000  5.812334e-01 
  750.000  5.809146e-01 
  751.000  5.810967e-01 
  752.000  5.820407e-01 
  753.000  5.824274e-01 
  754.000  5.827249e-01 
  755.000  5.829063e-01 
  756.000  5.830984e-01 
  757.000  5.832303e-01 
  758.000  5.820694e-01 
  759.000  5.362992e-01 
  760.000  2.160633e-01 
  761.000  1.883563e-01 
  762.000  3.658981e-01 
  763.000  3.088205e-01 
  764.000  3.369077e-01 
  765.000  4.020050e-01 
  766.000  4.827495e-01 
  767.000  5.243300e-01 
  768.000  5.518103e-01 
  769.000  5.700727e-01 
  770.000  5.799457e-01 
  771.000  5.845741e-01 
  772.000  5.857410e-01 
  773.000  5.862590e-01 
  774.000  5.869154e-01 
  775.000  5.873369e-01 
  776.000  5.876453e-01 
  777.000  5.877123e-01 
  778.000  5.876638e-01 
  779.000  5.876081e-01 
  780.000  5.875512e-01 
  781.000  5.879800e-01 
  782.000  5.879092e-01 
  783.000  5.878535e-01 
  784.000  5.875274e-01 
  785.000  5.858840e-01 
  786.000  5.834257e-01 
  787.000  5.777459e-01 
  788.000  5.747596e-01 
  789.000  5.641884e-01 
  790.000  5.632687e-01 
  791.000  5.652472e-01 
  792.000  5.670854e-01 
  793.000  5.713822e-01 
  794.000  5.805241e-01 
  795.000  5.749199e-01 
  796.000  5.601060e-01 
  797.000  5.643167e-01 
  798.000  5.736730e-01 
  799.000  5.715281e-01 
  800.000  5.647085e-01 
  801.000  5.655110e-01 
  802.000  5.648177e-01 
  803.000  5.658087e-01 
  804.000  5.690116e-01 
  805.000  5.751578e-01 
  806.000  5.788374e-01 
  807.000  5.789952e-01 
  808.000  5.768958e-01 
  809.000  5.743162e-01 
  810.000  5.714846e-01 
  811.000  5.657099e-01 
  812.000  5.579571e-01 
  813.000  5.485150e-01 
  814.000  5.361460e-01 
  815.000  5.208712e-01 
  816.000  5.016660e-01 
  817.000  5.026433e-01 
  818.000  5.041756e-01 
  819.000  5.105198e-01 
  820.000  5.317965e-01 
  821.000  5.564008e-01 
  822.000  5.376440e-01 
  823.000  4.866067e-01 
  824.000  5.295103e-01 
  825.000  5.578135e-01 
  826.000  5.530308e-01 
  827.000  5.494307e-01 
  828.000  5.308244e-01 
  829.000  5.374796e-01 
  830.000  5.449988e-01 
  831.000  5.467895e-01 
  832.000  5.476329e-01 
  833.000  5.520114e-01 
  834.000  5.571879e-01 
  835.000  5.674762e-01 
  836.000  5.641880e-01 
  837.000  5.638624e-01 
  838.000  5.688676e-01 
  839.000  5.719194e-01 
  840.000  5.730247e-01 
  841.000  5.697237e-01 
  842.000  5.726883e-01 
  843.000  5.797498e-01 
  844.000  5.829675e-01 
  845.000  5.844653e-01 
  846.000  5.860422e-01 
  847.000  5.877795e-01 
  848.000  5.848991e-01 
  849.000  5.852589e-01 
  850.000  5.838320e-01 
  851.000  5.821364e-01 
  852.000  5.822992e-01 
  853.000  5.850871e-01 
  854.000  5.849355e-01 
  855.000  5.863379e-01 
  856.000  5.892609e-01 
  857.000  5.903235e-01 
  858.000  5.909926e-01 
  859.000  5.923840e-01 
  860.000  5.930642e-01 
  861.000  5.931837e-01 
  862.000  5.936203e-01 
  863.000  5.936724e-01 
  864.000  5.939702e-01 
  865.000  5.942127e-01 
  866.000  5.942730e-01 
  867.000  5.942227e-01 
  868.000  5.942562e-01 
  869.000  5.943330e-01 
  870.000  5.942672e-01 
  871.000  5.943397e-01 
  872.000  5.945243e-01 
  873.000  5.943293e-01 
  874.000  5.942212e-01 
  875.000  5.941916e-01 
  876.000  5.938553e-01 
  877.000  5.937370e-01 
  878.000  5.928576e-01 
  879.000  5.927925e-01 
  880.000  5.920339e-01 
  881.000  5.915762e-01 
  882.000  5.912136e-01 
  883.000  5.916331e-01 
  884.000  5.917307e-01 
  885.000  5.903374e-01 
  886.000  5.881481e-01 
  887.000  5.898303e-01 
  888.000  5.897231e-01 
  889.000  5.902206e-01 
  890.000  5.889139e-01 
  891.000  5.862386e-01 
  892.000  5.806123e-01 
  893.000  5.637165e-01 
  894.000  5.552856e-01 
  895.000  5.301237e-01 
  896.000  5.077752e-01 
  897.000  4.844978e-01 
  898.000  4.737233e-01 
  899.000  4.442528e-01 
  900.000  4.483385e-01 
  901.000  4.408098e-01 
  902.000  4.423579e-01 
  903.000  4.920735e-01 
  904.000  5.233634e-01 
  905.000  5.223302e-01 
  906.000  5.027418e-01 
  907.000  4.687431e-01 
  908.000  4.467700e-01 
  909.000  4.476141e-01 
  910.000  4.508621e-01 
  911.000  4.653940e-01 
  912.000  4.583510e-01 
  913.000  4.281851e-01 
  914.000  4.430357e-01 
  915.000  4.549246e-01 
  916.000  4.582233e-01 
  917.000  4.648101e-01 
  918.000  4.733393e-01 
  919.000  5.025266e-01 
  920.000  5.250714e-01 
  921.000  5.201851e-01 
  922.000  5.197845e-01 
  923.000  5.135058e-01 
  924.000  4.985115e-01 
  925.000  4.970784e-01 
  926.000  4.962126e-01 
  927.000  4.785135e-01 
  928.000  4.517697e-01 
  929.000  4.141972e-01 
  930.000  3.682567e-01 
  931.000  3.194203e-01 
  932.000  2.583873e-01 
  933.000  2.170366e-01 
  934.000  1.778494e-01 
  935.000  1.735762e-01 
  936.000  1.881645e-01 
  937.000  1.846874e-01 
  938.000  2.295332e-01 
  939.000  3.591033e-01 
  940.000  3.803464e-01 
  941.000  3.625998e-01 
  942.000  3.197651e-01 
  943.000  2.526304e-01 
  944.000  2.479358e-01 
  945.000  2.710080e-01 
  946.000  2.725931e-01 
  947.000  2.945664e-01 
  948.000  3.076722e-01 
  949.000  3.063142e-01 
  950.000  3.097938e-01 
  951.000  3.396044e-01 
  952.000  3.084328e-01 
  953.000  3.308842e-01 
  954.000  3.556269e-01 
  955.000  3.363269e-01 
  956.000  3.326559e-01 
  957.000  3.958540e-01 
  958.000  4.047058e-01 
  959.000  3.942925e-01 
  960.000  3.914622e-01 
  961.000  3.863246e-01 
  962.000  3.914254e-01 
  963.000  4.275365e-01 
  964.000  4.329711e-01 
  965.000  4.296954e-01 
  966.000  4.319048e-01 
  967.000  4.584995e-01 
  968.000  5.039932e-01 
  969.000  5.250808e-01 
  970.000  5.263138e-01 
  971.000  5.258370e-01 
  972.000  5.198331e-01 
  973.000  5.060949e-01 
  974.000  4.895745e-01 
  975.000  4.790680e-01 
  976.000  4.919401e-01 
  977.000  5.134714e-01 
  978.000  5.118068e-01 
  979.000  5.175370e-01 
  980.000  5.399182e-01 
  981.000  5.449756e-01 
  982.000  5.400603e-01 
  983.000  5.517067e-01 
  984.000  5.637575e-01 
  985.000  5.706525e-01 
  986.000  5.795764e-01 
  987.000  5.834755e-01 
  988.000  5.843861e-01 
  989.000  5.849689e-01 
  990.000  5.859194e-01 
  991.000  5.892523e-01 
  992.000  5.901967e-01 
  993.000  5.905479e-01 
  994.000  5.935536e-01 
  995.000  5.954757e-01 
  996.000  5.954517e-01 
  997.000  5.942718e-01 
  998.000  5.927406e-01 
  999.000  5.921744e-01 
 1000.000  5.926222e-01 
 1001.000  5.894263e-01 
 1002.000  5.843282e-01 
 1003.000  5.855294e-01 
 1004.000  5.884511e-01 
 1005.000  5.897841e-01 
 1006.000  5.902110e-01 
 1007.000  5.892293e-01 
 1008.000  5.850749e-01 
 1009.000  5.795375e-01 
 1010.000  5.819981e-01 
 1011.000  5.878846e-01 
 1012.000  5.901308e-01 
 1013.000  5.919012e-01 
 1014.000  5.926427e-01 
 1015.000  5.927843e-01 
 1016.000  5.935837e-01 
 1017.000  5.940461e-01 
 1018.000  5.930426e-01 
 1019.000  5.909881e-01 
 1020.000  5.917071e-01 
 1021.000  5.931852e-01 
 1022.000  5.906989e-01 
 1023.000  5.886221e-01 
 1024.000  5.873800e-01 
 1025.000  5.911902e-01 
 1026.000  5.928773e-01 
 1027.000  5.921639e-01 
 1028.000  5.927572e-01 
 1029.000  5.942682e-01 
 1030.000  5.958031e-01 
 1031.000  5.966553e-01 
 1032.000  5.972713e-01 
 1033.000  5.973977e-01 
 1034.000  5.977715e-01 
 1035.000  5.979598e-01 
 1036.000  5.978783e-01 
 1037.000  5.979462e-01 
 1038.000  5.980775e-01 
 1039.000  5.978393e-01 
 1040.000  5.976416e-01 
 1041.000  5.974859e-01 
 1042.000  5.974467e-01 
 1043.000  5.974517e-01 
 1044.000  5.973196e-01 
 1045.000  5.968742e-01 
 1046.000  5.965799e-01 
 1047.000  5.962364e-01 
 1048.000  5.958349e-01 
 1049.000  5.954738e-01 
 1050.000  5.950372e-01 
 1051.000  5.943974e-01 
 1052.000  5.939762e-01 
 1053.000  5.939074e-01 
 1054.000  5.932395e-01 
 1055.000  5.926207e-01 
 1056.000  5.920826e-01 
 1057.000  5.907010e-01 
 1058.000  5.881709e-01 
 1059.000  5.883460e-01 
 1060.000  5.896353e-01 
 1061.000  5.893256e-01 
 1062.000  5.877445e-01 
 1063.000  5.871999e-01 
 1064.000  5.858729e-01 
 1065.000  5.844114e-01 
 1066.000  5.845439e-01 
 1067.000  5.836725e-01 
 1068.000  5.804915e-01 
 1069.000  5.788692e-01 
 1070.000  5.792983e-01 
 1071.000  5.772241e-01 
 1072.000  5.751187e-01 
 1073.000  5.746894e-01 
 1074.000  5.749708e-01 
 1075.000  5.780187e-01 
 1076.000  5.760637e-01 
 1077.000  5.734555e-01 
 1078.000  5.703946e-01 
 1079.000  5.699707e-01 
 1080.000  5.618634e-01 
 1081.000  5.613854e-01 
 1082.000  5.649118e-01 
 1083.000  5.605939e-01 
 1084.000  5.558947e-01 
 1085.000  5.447991e-01 
 1086.000  5.473456e-01 
 1087.000  5.595024e-01 
 1088.000  5.599760e-01 
 1089.000  5.451031e-01 
 1090.000  5.422842e-01 
 1091.000  5.450413e-01 
 1092.000  5.376706e-01 
 1093.000  5.214178e-01 
 1094.000  5.143868e-01 
 1095.000  5.154616e-01 
 1096.000  5.163813e-01 
 1097.000  5.130602e-01 
 1098.000  4.744726e-01 
 1099.000  4.423694e-01 
 1100.000  4.444473e-01 
 1101.000  4.487455e-01 
 1102.000  4.464741e-01 
 1103.000  4.492444e-01 
 1104.000  4.438171e-01 
 1105.000  4.304379e-01 
 1106.000  4.172582e-01 
 1107.000  4.202390e-01 
 1108.000  4.222411e-01 
 1109.000  4.329974e-01 
 1110.000  4.309098e-01 
 1111.000  4.242774e-01 
 1112.000  3.965290e-01 
 1113.000  3.592196e-01 
 1114.000  3.481444e-01 
 1115.000  3.044430e-01 
 1116.000  2.786577e-01 
 1117.000  2.236826e-01 
 1118.000  1.767628e-01 
 1119.000  1.530396e-01 
 1120.000  1.262307e-01 
 1121.000  1.204241e-01 
 1122.000  9.605990e-02 
 1123.000  1.082995e-01 
 1124.000  1.169160e-01 
 1125.000  1.121617e-01 
 1126.000  1.104010e-01 
 1127.000  1.127447e-01 
 1128.000  1.172730e-01 
 1129.000  1.430649e-01 
 1130.000  2.093060e-01 
 1131.000  2.302198e-01 
 1132.000  2.014676e-01 
 1133.000  1.538177e-01 
 1134.000  8.063880e-02 
 1135.000  8.566081e-02 
 1136.000  1.612960e-01 
 1137.000  2.102380e-01 
 1138.000  2.630844e-01 
 1139.000  2.816498e-01 
 1140.000  2.711661e-01 
 1141.000  2.509823e-01 
 1142.000  2.436300e-01 
 1143.000  2.212381e-01 
 1144.000  1.973162e-01 
 1145.000  1.645265e-01 
 1146.000  1.721345e-01 
 1147.000  1.981202e-01 
 1148.000  2.223897e-01 
 1149.000  2.328713e-01 
 1150.000  2.343541e-01 
