  320.000  7.330581e-02 
  321.000  9.834082e-02 
  322.000  8.824208e-02 
  323.000  1.010973e-01 
  324.000  1.145228e-01 
  325.000  1.044700e-01 
  326.000  1.211214e-01 
  327.000  1.259056e-01 
  328.000  1.156470e-01 
  329.000  1.355790e-01 
  330.000  1.388293e-01 
  331.000  1.324218e-01 
  332.000  1.448794e-01 
  333.000  1.485782e-01 
  334.000  1.455391e-01 
  335.000  1.549102e-01 
  336.000  1.587579e-01 
  337.000  1.571327e-01 
  338.000  1.616647e-01 
  339.000  1.663846e-01 
  340.000  1.656060e-01 
  341.000  1.702233e-01 
  342.000  1.736252e-01 
  343.000  1.753418e-01 
  344.000  1.756932e-01 
  345.000  1.803548e-01 
  346.000  1.833178e-01 
  347.000  1.857447e-01 
  348.000  1.880268e-01 
  349.000  1.906004e-01 
  350.000  1.928087e-01 
  351.000  1.950158e-01 
  352.000  1.968321e-01 
  353.000  1.994235e-01 
  354.000  2.016377e-01 
  355.000  2.037047e-01 
  356.000  2.057249e-01 
  357.000  2.075278e-01 
  358.000  2.094729e-01 
  359.000  2.114214e-01 
  360.000  2.134224e-01 
  361.000  2.159582e-01 
  362.000  2.186080e-01 
  363.000  2.210568e-01 
  364.000  2.233174e-01 
  365.000  2.254439e-01 
  366.000  2.276244e-01 
  367.000  2.297060e-01 
  368.000  2.317741e-01 
  369.000  2.338297e-01 
  370.000  2.358691e-01 
  371.000  2.378975e-01 
  372.000  2.399142e-01 
  373.000  2.419185e-01 
  374.000  2.438952e-01 
  375.000  2.458381e-01 
  376.000  2.477192e-01 
  377.000  2.495008e-01 
  378.000  2.511589e-01 
  379.000  2.528467e-01 
  380.000  2.547067e-01 
  381.000  2.568286e-01 
  382.000  2.590328e-01 
  383.000  2.611218e-01 
  384.000  2.631078e-01 
  385.000  2.650252e-01 
  386.000  2.668971e-01 
  387.000  2.687422e-01 
  388.000  2.705671e-01 
  389.000  2.723803e-01 
  390.000  2.741819e-01 
  391.000  2.759683e-01 
  392.000  2.777443e-01 
  393.000  2.795087e-01 
  394.000  2.812594e-01 
  395.000  2.829952e-01 
  396.000  2.847224e-01 
  397.000  2.864322e-01 
  398.000  2.881289e-01 
  399.000  2.898138e-01 
  400.000  2.914777e-01 
  401.000  2.931378e-01 
  402.000  2.947868e-01 
  403.000  2.964241e-01 
  404.000  2.980490e-01 
  405.000  2.996584e-01 
  406.000  3.012592e-01 
  407.000  3.028496e-01 
  408.000  3.044282e-01 
  409.000  3.059934e-01 
  410.000  3.075456e-01 
  411.000  3.090845e-01 
  412.000  3.106088e-01 
  413.000  3.121261e-01 
  414.000  3.135363e-01 
  415.000  3.150636e-01 
  416.000  3.165734e-01 
  417.000  3.180597e-01 
  418.000  3.195137e-01 
  419.000  3.209532e-01 
  420.000  3.223813e-01 
  421.000  3.238024e-01 
  422.000  3.252163e-01 
  423.000  3.266212e-01 
  424.000  3.280111e-01 
  425.000  3.293705e-01 
  426.000  3.307181e-01 
  427.000  3.320551e-01 
  428.000  3.333697e-01 
  429.000  3.346672e-01 
  430.000  3.359509e-01 
  431.000  3.372262e-01 
  432.000  3.384894e-01 
  433.000  3.397418e-01 
  434.000  3.409848e-01 
  435.000  3.422167e-01 
  436.000  3.434359e-01 
  437.000  3.446430e-01 
  438.000  3.458374e-01 
  439.000  3.470236e-01 
  440.000  3.481917e-01 
  441.000  3.493459e-01 
  442.000  3.504828e-01 
  443.000  3.516035e-01 
  444.000  3.527074e-01 
  445.000  3.537883e-01 
  446.000  3.548401e-01 
  447.000  3.559440e-01 
  448.000  3.571286e-01 
  449.000  3.583286e-01 
  450.000  3.595064e-01 
  451.000  3.606392e-01 
  452.000  3.617330e-01 
  453.000  3.628054e-01 
  454.000  3.638591e-01 
  455.000  3.648524e-01 
  456.000  3.657661e-01 
  457.000  3.666806e-01 
  458.000  3.675833e-01 
  459.000  3.684675e-01 
  460.000  3.693451e-01 
  461.000  3.702140e-01 
  462.000  3.710667e-01 
  463.000  3.719163e-01 
  464.000  3.730231e-01 
  465.000  3.741141e-01 
  466.000  3.751866e-01 
  467.000  3.762350e-01 
  468.000  3.770895e-01 
  469.000  3.778259e-01 
  470.000  3.785033e-01 
  471.000  3.791134e-01 
  472.000  3.796317e-01 
  473.000  3.799950e-01 
  474.000  3.802935e-01 
  475.000  3.803701e-01 
  476.000  3.802224e-01 
  477.000  3.802194e-01 
  478.000  3.810831e-01 
  479.000  3.823988e-01 
  480.000  3.838203e-01 
  481.000  3.850965e-01 
  482.000  3.862944e-01 
  483.000  3.873366e-01 
  484.000  3.882328e-01 
  485.000  3.890347e-01 
  486.000  3.898904e-01 
  487.000  3.907917e-01 
  488.000  3.916644e-01 
  489.000  3.925216e-01 
  490.000  3.933691e-01 
  491.000  3.940331e-01 
  492.000  3.946403e-01 
  493.000  3.952447e-01 
  494.000  3.958322e-01 
  495.000  3.964199e-01 
  496.000  3.967228e-01 
  497.000  3.970143e-01 
  498.000  3.973015e-01 
  499.000  3.975733e-01 
  500.000  3.978409e-01 
  501.000  3.980788e-01 
  502.000  3.983167e-01 
  503.000  3.985517e-01 
  504.000  3.987759e-01 
  505.000  3.989878e-01 
  506.000  3.996089e-01 
  507.000  4.002482e-01 
  508.000  4.008868e-01 
  509.000  4.015183e-01 
  510.000  4.021366e-01 
  511.000  4.026910e-01 
  512.000  4.032266e-01 
  513.000  4.037593e-01 
  514.000  4.042856e-01 
  515.000  4.048073e-01 
  516.000  4.051802e-01 
  517.000  4.054192e-01 
  518.000  4.056517e-01 
  519.000  4.058799e-01 
  520.000  4.061058e-01 
  521.000  4.063083e-01 
  522.000  4.064543e-01 
  523.000  4.065596e-01 
  524.000  4.066684e-01 
  525.000  4.067542e-01 
  526.000  4.068745e-01 
  527.000  4.068939e-01 
  528.000  4.068724e-01 
  529.000  4.068496e-01 
  530.000  4.068320e-01 
  531.000  4.068175e-01 
  532.000  4.068500e-01 
  533.000  4.071435e-01 
  534.000  4.075141e-01 
  535.000  4.079325e-01 
  536.000  4.083372e-01 
  537.000  4.087074e-01 
  538.000  4.090385e-01 
  539.000  4.093454e-01 
  540.000  4.096332e-01 
  541.000  4.099128e-01 
  542.000  4.101801e-01 
  543.000  4.104380e-01 
  544.000  4.106331e-01 
  545.000  4.107768e-01 
  546.000  4.109139e-01 
  547.000  4.110549e-01 
  548.000  4.111888e-01 
  549.000  4.113206e-01 
  550.000  4.113846e-01 
  551.000  4.113812e-01 
  552.000  4.113804e-01 
  553.000  4.113658e-01 
  554.000  4.113447e-01 
  555.000  4.113200e-01 
  556.000  4.112697e-01 
  557.000  4.111753e-01 
  558.000  4.110733e-01 
  559.000  4.109595e-01 
  560.000  4.108173e-01 
  561.000  4.106493e-01 
  562.000  4.104617e-01 
  563.000  4.102677e-01 
  564.000  4.100345e-01 
  565.000  4.097342e-01 
  566.000  4.093779e-01 
  567.000  4.089787e-01 
  568.000  4.084854e-01 
  569.000  4.080393e-01 
  570.000  4.075856e-01 
  571.000  4.070687e-01 
  572.000  4.065537e-01 
  573.000  4.060315e-01 
  574.000  4.056295e-01 
  575.000  4.053913e-01 
  576.000  4.055375e-01 
  577.000  4.058404e-01 
  578.000  4.063630e-01 
  579.000  4.073636e-01 
  580.000  4.089412e-01 
  581.000  4.107359e-01 
  582.000  4.122501e-01 
  583.000  4.135623e-01 
  584.000  4.146779e-01 
  585.000  4.156717e-01 
  586.000  4.165458e-01 
  587.000  4.173408e-01 
  588.000  4.180665e-01 
  589.000  4.185496e-01 
  590.000  4.189383e-01 
  591.000  4.193022e-01 
  592.000  4.196381e-01 
  593.000  4.199496e-01 
  594.000  4.202449e-01 
  595.000  4.205258e-01 
  596.000  4.203443e-01 
  597.000  4.200151e-01 
  598.000  4.196840e-01 
  599.000  4.193523e-01 
  600.000  4.190088e-01 
  601.000  4.186665e-01 
  602.000  4.183264e-01 
  603.000  4.185296e-01 
  604.000  4.191160e-01 
  605.000  4.196963e-01 
  606.000  4.202467e-01 
  607.000  4.207828e-01 
  608.000  4.213453e-01 
  609.000  4.218873e-01 
  610.000  4.224555e-01 
  611.000  4.230876e-01 
  612.000  4.237069e-01 
  613.000  4.243073e-01 
  614.000  4.248902e-01 
  615.000  4.254718e-01 
  616.000  4.260323e-01 
  617.000  4.265619e-01 
  618.000  4.270059e-01 
  619.000  4.273817e-01 
  620.000  4.277297e-01 
  621.000  4.280287e-01 
  622.000  4.282787e-01 
  623.000  4.284460e-01 
  624.000  4.286247e-01 
  625.000  4.287753e-01 
  626.000  4.289372e-01 
  627.000  4.283296e-01 
  628.000  4.114350e-01 
  629.000  4.232171e-01 
  630.000  4.233681e-01 
  631.000  4.264736e-01 
  632.000  4.292499e-01 
  633.000  4.313135e-01 
  634.000  4.332698e-01 
  635.000  4.348988e-01 
  636.000  4.362697e-01 
  637.000  4.375669e-01 
  638.000  4.387608e-01 
  639.000  4.399133e-01 
  640.000  4.410188e-01 
  641.000  4.421018e-01 
  642.000  4.429658e-01 
  643.000  4.437669e-01 
  644.000  4.445247e-01 
  645.000  4.452472e-01 
  646.000  4.459463e-01 
  647.000  4.466158e-01 
  648.000  4.472628e-01 
  649.000  4.478933e-01 
  650.000  4.484663e-01 
  651.000  4.490038e-01 
  652.000  4.495380e-01 
  653.000  4.500677e-01 
  654.000  4.505942e-01 
  655.000  4.511183e-01 
  656.000  4.516392e-01 
  657.000  4.521213e-01 
  658.000  4.526244e-01 
  659.000  4.531356e-01 
  660.000  4.536560e-01 
  661.000  4.541764e-01 
  662.000  4.546974e-01 
  663.000  4.552013e-01 
  664.000  4.557034e-01 
  665.000  4.562037e-01 
  666.000  4.567021e-01 
  667.000  4.572044e-01 
  668.000  4.577165e-01 
  669.000  4.582267e-01 
  670.000  4.587351e-01 
  671.000  4.592417e-01 
  672.000  4.597466e-01 
  673.000  4.602496e-01 
  674.000  4.607509e-01 
  675.000  4.612504e-01 
  676.000  4.617294e-01 
  677.000  4.621676e-01 
  678.000  4.626042e-01 
  679.000  4.630390e-01 
  680.000  4.634722e-01 
  681.000  4.639038e-01 
  682.000  4.643337e-01 
  683.000  4.647620e-01 
  684.000  4.651887e-01 
  685.000  4.656004e-01 
  686.000  4.635079e-01 
  687.000  3.865266e-01 
  688.000  4.098379e-01 
  689.000  4.038329e-01 
  690.000  4.159861e-01 
  691.000  4.342914e-01 
  692.000  4.488308e-01 
  693.000  4.585271e-01 
  694.000  4.645269e-01 
  695.000  4.672183e-01 
  696.000  4.685568e-01 
  697.000  4.695430e-01 
  698.000  4.700711e-01 
  699.000  4.704338e-01 
  700.000  4.707464e-01 
  701.000  4.710426e-01 
  702.000  4.713374e-01 
  703.000  4.716310e-01 
  704.000  4.719233e-01 
  705.000  4.721746e-01 
  706.000  4.724131e-01 
  707.000  4.726505e-01 
  708.000  4.728867e-01 
  709.000  4.731217e-01 
  710.000  4.733555e-01 
  711.000  4.735882e-01 
  712.000  4.738198e-01 
  713.000  4.740502e-01 
  714.000  4.742795e-01 
  715.000  4.745411e-01 
  716.000  4.748150e-01 
  717.000  4.750877e-01 
  718.000  4.753592e-01 
  719.000  4.756295e-01 
  720.000  4.758987e-01 
  721.000  4.761667e-01 
  722.000  4.764335e-01 
  723.000  4.766992e-01 
  724.000  4.769638e-01 
  725.000  4.771973e-01 
  726.000  4.773772e-01 
  727.000  4.775561e-01 
  728.000  4.777340e-01 
  729.000  4.779110e-01 
  730.000  4.780871e-01 
  731.000  4.782622e-01 
  732.000  4.784364e-01 
  733.000  4.786096e-01 
  734.000  4.787819e-01 
  735.000  4.789534e-01 
  736.000  4.790944e-01 
  737.000  4.792224e-01 
  738.000  4.793496e-01 
  739.000  4.794759e-01 
  740.000  4.796015e-01 
  741.000  4.797263e-01 
  742.000  4.798503e-01 
  743.000  4.799736e-01 
  744.000  4.800960e-01 
  745.000  4.802177e-01 
  746.000  4.803387e-01 
  747.000  4.805098e-01 
  748.000  4.806987e-01 
  749.000  4.808868e-01 
  750.000  4.810739e-01 
  751.000  4.812602e-01 
  752.000  4.814457e-01 
  753.000  4.816302e-01 
  754.000  4.818140e-01 
  755.000  4.819968e-01 
  756.000  4.821789e-01 
  757.000  4.823097e-01 
  758.000  4.811995e-01 
  759.000  4.395478e-01 
  760.000  1.605863e-01 
  761.000  1.379441e-01 
  762.000  2.878307e-01 
  763.000  2.385420e-01 
  764.000  2.627015e-01 
  765.000  3.194767e-01 
  766.000  3.912909e-01 
  767.000  4.288010e-01 
  768.000  4.537777e-01 
  769.000  4.704541e-01 
  770.000  4.796078e-01 
  771.000  4.837939e-01 
  772.000  4.848757e-01 
  773.000  4.853714e-01 
  774.000  4.860878e-01 
  775.000  4.864970e-01 
  776.000  4.867713e-01 
  777.000  4.869365e-01 
  778.000  4.870605e-01 
  779.000  4.871602e-01 
  780.000  4.872510e-01 
  781.000  4.873413e-01 
  782.000  4.874310e-01 
  783.000  4.875201e-01 
  784.000  4.876087e-01 
  785.000  4.876967e-01 
  786.000  4.877841e-01 
  787.000  4.878711e-01 
  788.000  4.879574e-01 
  789.000  4.880433e-01 
  790.000  4.881286e-01 
  791.000  4.882134e-01 
  792.000  4.882976e-01 
  793.000  4.883814e-01 
  794.000  4.884646e-01 
  795.000  4.885473e-01 
  796.000  4.886295e-01 
  797.000  4.887111e-01 
  798.000  4.887923e-01 
  799.000  4.888730e-01 
  800.000  4.889532e-01 
  801.000  4.890329e-01 
  802.000  4.891121e-01 
  803.000  4.891908e-01 
  804.000  4.892690e-01 
  805.000  4.893468e-01 
  806.000  4.894240e-01 
  807.000  4.895009e-01 
  808.000  4.895772e-01 
  809.000  4.896531e-01 
  810.000  4.897285e-01 
  811.000  4.898035e-01 
  812.000  4.898780e-01 
  813.000  4.899520e-01 
  814.000  4.900256e-01 
  815.000  4.900988e-01 
  816.000  4.901715e-01 
  817.000  4.902438e-01 
  818.000  4.903156e-01 
  819.000  4.903871e-01 
  820.000  4.904580e-01 
  821.000  4.905286e-01 
  822.000  4.905987e-01 
  823.000  4.906684e-01 
  824.000  4.907378e-01 
  825.000  4.908066e-01 
  826.000  4.908751e-01 
  827.000  4.909432e-01 
  828.000  4.910108e-01 
  829.000  4.910781e-01 
  830.000  4.911450e-01 
  831.000  4.912114e-01 
  832.000  4.912775e-01 
  833.000  4.913432e-01 
  834.000  4.914085e-01 
  835.000  4.914734e-01 
  836.000  4.915379e-01 
  837.000  4.916020e-01 
  838.000  4.916658e-01 
  839.000  4.917292e-01 
  840.000  4.917922e-01 
  841.000  4.918548e-01 
  842.000  4.919171e-01 
  843.000  4.919790e-01 
  844.000  4.920406e-01 
  845.000  4.921018e-01 
  846.000  4.921626e-01 
  847.000  4.922231e-01 
  848.000  4.922832e-01 
  849.000  4.923430e-01 
  850.000  4.924024e-01 
  851.000  4.924615e-01 
  852.000  4.925202e-01 
  853.000  4.925787e-01 
  854.000  4.926367e-01 
  855.000  4.926944e-01 
  856.000  4.927518e-01 
  857.000  4.928089e-01 
  858.000  4.928657e-01 
  859.000  4.929220e-01 
  860.000  4.929781e-01 
  861.000  4.930339e-01 
  862.000  4.930893e-01 
  863.000  4.931445e-01 
  864.000  4.931993e-01 
  865.000  4.932538e-01 
  866.000  4.933080e-01 
  867.000  4.933618e-01 
  868.000  4.934154e-01 
  869.000  4.934687e-01 
  870.000  4.935216e-01 
  871.000  4.935743e-01 
  872.000  4.936267e-01 
  873.000  4.936787e-01 
  874.000  4.937305e-01 
  875.000  4.937820e-01 
  876.000  4.938332e-01 
  877.000  4.938841e-01 
  878.000  4.939347e-01 
  879.000  4.939850e-01 
  880.000  4.940351e-01 
  881.000  4.940848e-01 
  882.000  4.941343e-01 
  883.000  4.941835e-01 
  884.000  4.942324e-01 
  885.000  4.942811e-01 
  886.000  4.943295e-01 
  887.000  4.943776e-01 
  888.000  4.944254e-01 
  889.000  4.944730e-01 
  890.000  4.945203e-01 
  891.000  4.945674e-01 
  892.000  4.946142e-01 
  893.000  4.946607e-01 
  894.000  4.947070e-01 
  895.000  4.947530e-01 
  896.000  4.947988e-01 
  897.000  4.948443e-01 
  898.000  4.948896e-01 
  899.000  4.949346e-01 
  900.000  4.949793e-01 
  901.000  4.950238e-01 
  902.000  4.950681e-01 
  903.000  4.951122e-01 
  904.000  4.951559e-01 
  905.000  4.951995e-01 
  906.000  4.952428e-01 
  907.000  4.952859e-01 
  908.000  4.953287e-01 
  909.000  4.953713e-01 
  910.000  4.954137e-01 
  911.000  4.954558e-01 
  912.000  4.954977e-01 
  913.000  4.955394e-01 
  914.000  4.955809e-01 
  915.000  4.956221e-01 
  916.000  4.956631e-01 
  917.000  4.957039e-01 
  918.000  4.957445e-01 
  919.000  4.957848e-01 
  920.000  4.958249e-01 
  921.000  4.958649e-01 
  922.000  4.959046e-01 
  923.000  4.959441e-01 
  924.000  4.959833e-01 
  925.000  4.960224e-01 
  926.000  4.960612e-01 
  927.000  4.960999e-01 
  928.000  4.961383e-01 
  929.000  4.961766e-01 
  930.000  4.962146e-01 
  931.000  4.962524e-01 
  932.000  4.962901e-01 
  933.000  4.963275e-01 
  934.000  4.963647e-01 
  935.000  4.964018e-01 
  936.000  4.964386e-01 
  937.000  4.964752e-01 
  938.000  4.965117e-01 
  939.000  4.965479e-01 
  940.000  4.965840e-01 
  941.000  4.966199e-01 
  942.000  4.966555e-01 
  943.000  4.966910e-01 
  944.000  4.967263e-01 
  945.000  4.967614e-01 
  946.000  4.967964e-01 
  947.000  4.968311e-01 
  948.000  4.968657e-01 
  949.000  4.969001e-01 
  950.000  4.969343e-01 
  951.000  4.969684e-01 
  952.000  4.970022e-01 
  953.000  4.970359e-01 
  954.000  4.970694e-01 
  955.000  4.971027e-01 
  956.000  4.971359e-01 
  957.000  4.971689e-01 
  958.000  4.972017e-01 
  959.000  4.972343e-01 
  960.000  4.972668e-01 
  961.000  4.972991e-01 
  962.000  4.973312e-01 
  963.000  4.973632e-01 
  964.000  4.973950e-01 
  965.000  4.974267e-01 
  966.000  4.974581e-01 
  967.000  4.974895e-01 
  968.000  4.975206e-01 
  969.000  4.975516e-01 
  970.000  4.975825e-01 
  971.000  4.976131e-01 
  972.000  4.976437e-01 
  973.000  4.976740e-01 
  974.000  4.977043e-01 
  975.000  4.977343e-01 
  976.000  4.977642e-01 
  977.000  4.977940e-01 
  978.000  4.978236e-01 
  979.000  4.978530e-01 
  980.000  4.978823e-01 
  981.000  4.979115e-01 
  982.000  4.979405e-01 
  983.000  4.979694e-01 
  984.000  4.979981e-01 
  985.000  4.980266e-01 
  986.000  4.980551e-01 
  987.000  4.980834e-01 
  988.000  4.981115e-01 
  989.000  4.981395e-01 
  990.000  4.981674e-01 
  991.000  4.981951e-01 
  992.000  4.982226e-01 
  993.000  4.982501e-01 
  994.000  4.982774e-01 
  995.000  4.983046e-01 
  996.000  4.983316e-01 
  997.000  4.983585e-01 
  998.000  4.983853e-01 
  999.000  4.984119e-01 
 1000.000  4.984384e-01 
 1001.000  4.984648e-01 
 1002.000  4.984910e-01 
 1003.000  4.985171e-01 
 1004.000  4.985431e-01 
 1005.000  4.985689e-01 
 1006.000  4.985515e-01 
 1007.000  4.985738e-01 
 1008.000  4.985912e-01 
 1009.000  4.985991e-01 
 1010.000  4.986115e-01 
 1011.000  4.986139e-01 
 1012.000  4.986222e-01 
 1013.000  4.986159e-01 
 1014.000  4.986166e-01 
 1015.000  4.986064e-01 
 1016.000  4.986025e-01 
 1017.000  4.986048e-01 
 1018.000  4.985940e-01 
 1019.000  4.985930e-01 
 1020.000  4.985822e-01 
 1021.000  4.985760e-01 
 1022.000  4.985493e-01 
 1023.000  4.985209e-01 
 1024.000  4.984890e-01 
 1025.000  4.984684e-01 
 1026.000  4.984254e-01 
 1027.000  4.983937e-01 
 1028.000  4.983367e-01 
 1029.000  4.982927e-01 
 1030.000  4.982368e-01 
 1031.000  4.981792e-01 
 1032.000  4.981009e-01 
 1033.000  4.980251e-01 
 1034.000  4.979326e-01 
 1035.000  4.977814e-01 
 1036.000  4.975144e-01 
 1037.000  4.972916e-01 
 1038.000  4.972643e-01 
 1039.000  4.971944e-01 
 1040.000  4.970763e-01 
 1041.000  4.969757e-01 
 1042.000  4.969060e-01 
 1043.000  4.968145e-01 
 1044.000  4.966702e-01 
 1045.000  4.964860e-01 
 1046.000  4.963191e-01 
 1047.000  4.960780e-01 
 1048.000  4.955307e-01 
 1049.000  4.948390e-01 
 1050.000  4.945678e-01 
 1051.000  4.944613e-01 
 1052.000  4.941680e-01 
 1053.000  4.938743e-01 
 1054.000  4.936007e-01 
 1055.000  4.933058e-01 
 1056.000  4.928646e-01 
 1057.000  4.924190e-01 
 1058.000  4.919184e-01 
 1059.000  4.914881e-01 
 1060.000  4.910946e-01 
 1061.000  4.908113e-01 
 1062.000  4.903432e-01 
 1063.000  4.896662e-01 
 1064.000  4.892048e-01 
 1065.000  4.891416e-01 
 1066.000  4.890901e-01 
 1067.000  4.890083e-01 
 1068.000  4.892505e-01 
 1069.000  4.903317e-01 
 1070.000  4.911881e-01 
 1071.000  4.920023e-01 
 1072.000  4.925430e-01 
 1073.000  4.931071e-01 
 1074.000  4.936525e-01 
 1075.000  4.941819e-01 
 1076.000  4.946659e-01 
 1077.000  4.951000e-01 
 1078.000  4.955107e-01 
 1079.000  4.959072e-01 
 1080.000  4.962209e-01 
 1081.000  4.965241e-01 
 1082.000  4.967965e-01 
 1083.000  4.970886e-01 
 1084.000  4.973291e-01 
 1085.000  4.975529e-01 
 1086.000  4.977711e-01 
 1087.000  4.979626e-01 
 1088.000  4.981540e-01 
 1089.000  4.983220e-01 
 1090.000  4.984978e-01 
 1091.000  4.986568e-01 
 1092.000  4.988516e-01 
 1093.000  4.989648e-01 
 1094.000  4.990767e-01 
 1095.000  4.991796e-01 
 1096.000  4.992601e-01 
 1097.000  4.993973e-01 
 1098.000  4.994947e-01 
 1099.000  4.996229e-01 
 1100.000  4.997120e-01 
 1101.000  4.997798e-01 
 1102.000  4.999043e-01 
 1103.000  4.999378e-01 
 1104.000  4.999539e-01 
 1105.000  5.000311e-01 
 1106.000  5.001036e-01 
 1107.000  5.001791e-01 
 1108.000  5.002607e-01 
 1109.000  5.003036e-01 
 1110.000  5.003685e-01 
 1111.000  5.004344e-01 
 1112.000  5.004936e-01 
 1113.000  5.004880e-01 
 1114.000  5.005195e-01 
 1115.000  5.005434e-01 
 1116.000  5.005863e-01 
 1117.000  5.005758e-01 
 1118.000  5.006518e-01 
 1119.000  5.006594e-01 
 1120.000  5.007309e-01 
 1121.000  5.007735e-01 
 1122.000  5.007894e-01 
 1123.000  5.007766e-01 
 1124.000  5.008062e-01 
 1125.000  5.008456e-01 
 1126.000  5.008441e-01 
 1127.000  5.009134e-01 
 1128.000  5.008865e-01 
 1129.000  5.009395e-01 
 1130.000  5.009703e-01 
 1131.000  5.009877e-01 
 1132.000  5.010049e-01 
 1133.000  5.010381e-01 
 1134.000  5.010480e-01 
 1135.000  5.010663e-01 
 1136.000  5.010803e-01 
 1137.000  5.010848e-01 
 1138.000  5.010989e-01 
 1139.000  5.011128e-01 
 1140.000  5.011268e-01 
 1141.000  5.011407e-01 
 1142.000  5.011544e-01 
 1143.000  5.011682e-01 
 1144.000  5.011818e-01 
 1145.000  5.011955e-01 
 1146.000  5.012091e-01 
 1147.000  5.012226e-01 
 1148.000  5.012360e-01 
 1149.000  5.012494e-01 
 1150.000  5.012628e-01 
