  320.000  3.053367e-01 
  321.000  3.600061e-01 
  322.000  3.387886e-01 
  323.000  3.656287e-01 
  324.000  3.921014e-01 
  325.000  3.724176e-01 
  326.000  4.046107e-01 
  327.000  4.134939e-01 
  328.000  3.942547e-01 
  329.000  4.310139e-01 
  330.000  4.367764e-01 
  331.000  4.253579e-01 
  332.000  4.473471e-01 
  333.000  4.537142e-01 
  334.000  4.484879e-01 
  335.000  4.644546e-01 
  336.000  4.708871e-01 
  337.000  4.681786e-01 
  338.000  4.757012e-01 
  339.000  4.834379e-01 
  340.000  4.821684e-01 
  341.000  4.896592e-01 
  342.000  4.951213e-01 
  343.000  4.978597e-01 
  344.000  4.984188e-01 
  345.000  5.057898e-01 
  346.000  5.104315e-01 
  347.000  5.142087e-01 
  348.000  5.177410e-01 
  349.000  5.217018e-01 
  350.000  5.250818e-01 
  351.000  5.284430e-01 
  352.000  5.311965e-01 
  353.000  5.351059e-01 
  354.000  5.384285e-01 
  355.000  5.415159e-01 
  356.000  5.445200e-01 
  357.000  5.471901e-01 
  358.000  5.500593e-01 
  359.000  5.529219e-01 
  360.000  5.558496e-01 
  361.000  5.595424e-01 
  362.000  5.633810e-01 
  363.000  5.669101e-01 
  364.000  5.701530e-01 
  365.000  5.731903e-01 
  366.000  5.762916e-01 
  367.000  5.792402e-01 
  368.000  5.821581e-01 
  369.000  5.850469e-01 
  370.000  5.879020e-01 
  371.000  5.907310e-01 
  372.000  5.935331e-01 
  373.000  5.963078e-01 
  374.000  5.990344e-01 
  375.000  6.017050e-01 
  376.000  6.042817e-01 
  377.000  6.067143e-01 
  378.000  6.089713e-01 
  379.000  6.112621e-01 
  380.000  6.137789e-01 
  381.000  6.166403e-01 
  382.000  6.196015e-01 
  383.000  6.223979e-01 
  384.000  6.250472e-01 
  385.000  6.275967e-01 
  386.000  6.300779e-01 
  387.000  6.325161e-01 
  388.000  6.349205e-01 
  389.000  6.373022e-01 
  390.000  6.396620e-01 
  391.000  6.419949e-01 
  392.000  6.443079e-01 
  393.000  6.465992e-01 
  394.000  6.488666e-01 
  395.000  6.511084e-01 
  396.000  6.533333e-01 
  397.000  6.555299e-01 
  398.000  6.577039e-01 
  399.000  6.598573e-01 
  400.000  6.619785e-01 
  401.000  6.640894e-01 
  402.000  6.661811e-01 
  403.000  6.682528e-01 
  404.000  6.703040e-01 
  405.000  6.723307e-01 
  406.000  6.743419e-01 
  407.000  6.763353e-01 
  408.000  6.783094e-01 
  409.000  6.802623e-01 
  410.000  6.821947e-01 
  411.000  6.841062e-01 
  412.000  6.859955e-01 
  413.000  6.878722e-01 
  414.000  6.896127e-01 
  415.000  6.914939e-01 
  416.000  6.933496e-01 
  417.000  6.951727e-01 
  418.000  6.969524e-01 
  419.000  6.987109e-01 
  420.000  7.004521e-01 
  421.000  7.021815e-01 
  422.000  7.038988e-01 
  423.000  7.056019e-01 
  424.000  7.072835e-01 
  425.000  7.089253e-01 
  426.000  7.105498e-01 
  427.000  7.121589e-01 
  428.000  7.137381e-01 
  429.000  7.152941e-01 
  430.000  7.168309e-01 
  431.000  7.183551e-01 
  432.000  7.198623e-01 
  433.000  7.213542e-01 
  434.000  7.228326e-01 
  435.000  7.242955e-01 
  436.000  7.257410e-01 
  437.000  7.271699e-01 
  438.000  7.285815e-01 
  439.000  7.299814e-01 
  440.000  7.313579e-01 
  441.000  7.327160e-01 
  442.000  7.340518e-01 
  443.000  7.353668e-01 
  444.000  7.366601e-01 
  445.000  7.379250e-01 
  446.000  7.391540e-01 
  447.000  7.404423e-01 
  448.000  7.418227e-01 
  449.000  7.432190e-01 
  450.000  7.445875e-01 
  451.000  7.459019e-01 
  452.000  7.471694e-01 
  453.000  7.484103e-01 
  454.000  7.496281e-01 
  455.000  7.507746e-01 
  456.000  7.518281e-01 
  457.000  7.528813e-01 
  458.000  7.539198e-01 
  459.000  7.549359e-01 
  460.000  7.559434e-01 
  461.000  7.569398e-01 
  462.000  7.579168e-01 
  463.000  7.588891e-01 
  464.000  7.601544e-01 
  465.000  7.613999e-01 
  466.000  7.626228e-01 
  467.000  7.638168e-01 
  468.000  7.647889e-01 
  469.000  7.656257e-01 
  470.000  7.663950e-01 
  471.000  7.670873e-01 
  472.000  7.676750e-01 
  473.000  7.680868e-01 
  474.000  7.684249e-01 
  475.000  7.685118e-01 
  476.000  7.683444e-01 
  477.000  7.683409e-01 
  478.000  7.693189e-01 
  479.000  7.708069e-01 
  480.000  7.724118e-01 
  481.000  7.738506e-01 
  482.000  7.751992e-01 
  483.000  7.763709e-01 
  484.000  7.773775e-01 
  485.000  7.782772e-01 
  486.000  7.792364e-01 
  487.000  7.802457e-01 
  488.000  7.812222e-01 
  489.000  7.821802e-01 
  490.000  7.831265e-01 
  491.000  7.838673e-01 
  492.000  7.845442e-01 
  493.000  7.852175e-01 
  494.000  7.858717e-01 
  495.000  7.865255e-01 
  496.000  7.868624e-01 
  497.000  7.871864e-01 
  498.000  7.875057e-01 
  499.000  7.878077e-01 
  500.000  7.881049e-01 
  501.000  7.883690e-01 
  502.000  7.886331e-01 
  503.000  7.888939e-01 
  504.000  7.891427e-01 
  505.000  7.893778e-01 
  506.000  7.900664e-01 
  507.000  7.907748e-01 
  508.000  7.914819e-01 
  509.000  7.921805e-01 
  510.000  7.928641e-01 
  511.000  7.934768e-01 
  512.000  7.940683e-01 
  513.000  7.946562e-01 
  514.000  7.952366e-01 
  515.000  7.958118e-01 
  516.000  7.962227e-01 
  517.000  7.964860e-01 
  518.000  7.967420e-01 
  519.000  7.969932e-01 
  520.000  7.972419e-01 
  521.000  7.974647e-01 
  522.000  7.976254e-01 
  523.000  7.977412e-01 
  524.000  7.978609e-01 
  525.000  7.979552e-01 
  526.000  7.980875e-01 
  527.000  7.981088e-01 
  528.000  7.980852e-01 
  529.000  7.980602e-01 
  530.000  7.980407e-01 
  531.000  7.980248e-01 
  532.000  7.980606e-01 
  533.000  7.983832e-01 
  534.000  7.987906e-01 
  535.000  7.992503e-01 
  536.000  7.996947e-01 
  537.000  8.001010e-01 
  538.000  8.004643e-01 
  539.000  8.008009e-01 
  540.000  8.011166e-01 
  541.000  8.014230e-01 
  542.000  8.017160e-01 
  543.000  8.019986e-01 
  544.000  8.022122e-01 
  545.000  8.023696e-01 
  546.000  8.025197e-01 
  547.000  8.026741e-01 
  548.000  8.028207e-01 
  549.000  8.029649e-01 
  550.000  8.030349e-01 
  551.000  8.030313e-01 
  552.000  8.030304e-01 
  553.000  8.030144e-01 
  554.000  8.029913e-01 
  555.000  8.029642e-01 
  556.000  8.029092e-01 
  557.000  8.028059e-01 
  558.000  8.026942e-01 
  559.000  8.025696e-01 
  560.000  8.024138e-01 
  561.000  8.022293e-01 
  562.000  8.019458e-01 
  563.000  8.017266e-01 
  564.000  8.014517e-01 
  565.000  8.010670e-01 
  566.000  8.007129e-01 
  567.000  8.000285e-01 
  568.000  7.983529e-01 
  569.000  7.952155e-01 
  570.000  7.953029e-01 
  571.000  7.969658e-01 
  572.000  7.946374e-01 
  573.000  7.947752e-01 
  574.000  7.946230e-01 
  575.000  7.943280e-01 
  576.000  7.945002e-01 
  577.000  7.953946e-01 
  578.000  7.966475e-01 
  579.000  7.980761e-01 
  580.000  7.997785e-01 
  581.000  8.019393e-01 
  582.000  8.035828e-01 
  583.000  8.048214e-01 
  584.000  8.058974e-01 
  585.000  8.068122e-01 
  586.000  8.076437e-01 
  587.000  8.074205e-01 
  588.000  8.040525e-01 
  589.000  7.981748e-01 
  590.000  7.981076e-01 
  591.000  8.027170e-01 
  592.000  8.007149e-01 
  593.000  8.058690e-01 
  594.000  8.050514e-01 
  595.000  8.018530e-01 
  596.000  8.065208e-01 
  597.000  8.051293e-01 
  598.000  8.067963e-01 
  599.000  8.072799e-01 
  600.000  8.087059e-01 
  601.000  8.095928e-01 
  602.000  8.096614e-01 
  603.000  8.102967e-01 
  604.000  8.112478e-01 
  605.000  8.120122e-01 
  606.000  8.126448e-01 
  607.000  8.132582e-01 
  608.000  8.138735e-01 
  609.000  8.144640e-01 
  610.000  8.150792e-01 
  611.000  8.157627e-01 
  612.000  8.164320e-01 
  613.000  8.170804e-01 
  614.000  8.177095e-01 
  615.000  8.183368e-01 
  616.000  8.189409e-01 
  617.000  8.195114e-01 
  618.000  8.199896e-01 
  619.000  8.203941e-01 
  620.000  8.207685e-01 
  621.000  8.210901e-01 
  622.000  8.213589e-01 
  623.000  8.215387e-01 
  624.000  8.217305e-01 
  625.000  8.218915e-01 
  626.000  8.218621e-01 
  627.000  8.198301e-01 
  628.000  7.962908e-01 
  629.000  8.115970e-01 
  630.000  8.130540e-01 
  631.000  8.174251e-01 
  632.000  8.192254e-01 
  633.000  8.231021e-01 
  634.000  8.255405e-01 
  635.000  8.270024e-01 
  636.000  8.285892e-01 
  637.000  8.299839e-01 
  638.000  8.318897e-01 
  639.000  8.330003e-01 
  640.000  8.344601e-01 
  641.000  8.354698e-01 
  642.000  8.365778e-01 
  643.000  8.367576e-01 
  644.000  8.374863e-01 
  645.000  8.373463e-01 
  646.000  8.345243e-01 
  647.000  8.327002e-01 
  648.000  8.305534e-01 
  649.000  8.335107e-01 
  650.000  8.386115e-01 
  651.000  8.390976e-01 
  652.000  8.355324e-01 
  653.000  8.406411e-01 
  654.000  8.406379e-01 
  655.000  8.394254e-01 
  656.000  8.404953e-01 
  657.000  8.418583e-01 
  658.000  8.438780e-01 
  659.000  8.452618e-01 
  660.000  8.461401e-01 
  661.000  8.477888e-01 
  662.000  8.487883e-01 
  663.000  8.491474e-01 
  664.000  8.498189e-01 
  665.000  8.504506e-01 
  666.000  8.511397e-01 
  667.000  8.517711e-01 
  668.000  8.524538e-01 
  669.000  8.530309e-01 
  670.000  8.535766e-01 
  671.000  8.541334e-01 
  672.000  8.546629e-01 
  673.000  8.551870e-01 
  674.000  8.557079e-01 
  675.000  8.562279e-01 
  676.000  8.567216e-01 
  677.000  8.571743e-01 
  678.000  8.576264e-01 
  679.000  8.580410e-01 
  680.000  8.582972e-01 
  681.000  8.584930e-01 
  682.000  8.588482e-01 
  683.000  8.591254e-01 
  684.000  8.591523e-01 
  685.000  8.598082e-01 
  686.000  8.569898e-01 
  687.000  7.516629e-01 
  688.000  7.843137e-01 
  689.000  7.754279e-01 
  690.000  7.923295e-01 
  691.000  8.161131e-01 
  692.000  8.329104e-01 
  693.000  8.374573e-01 
  694.000  8.380657e-01 
  695.000  8.442488e-01 
  696.000  8.476135e-01 
  697.000  8.583366e-01 
  698.000  8.565661e-01 
  699.000  8.476450e-01 
  700.000  8.493783e-01 
  701.000  8.475034e-01 
  702.000  8.491909e-01 
  703.000  8.570256e-01 
  704.000  8.575242e-01 
  705.000  8.545223e-01 
  706.000  8.552806e-01 
  707.000  8.565518e-01 
  708.000  8.579102e-01 
  709.000  8.605375e-01 
  710.000  8.580377e-01 
  711.000  8.608831e-01 
  712.000  8.633205e-01 
  713.000  8.616346e-01 
  714.000  8.611772e-01 
  715.000  8.583745e-01 
  716.000  8.555059e-01 
  717.000  8.355377e-01 
  718.000  8.230423e-01 
  719.000  8.186166e-01 
  720.000  8.115604e-01 
  721.000  8.422907e-01 
  722.000  8.529477e-01 
  723.000  8.471586e-01 
  724.000  8.301446e-01 
  725.000  8.328910e-01 
  726.000  8.321510e-01 
  727.000  8.346852e-01 
  728.000  8.320697e-01 
  729.000  8.387625e-01 
  730.000  8.376487e-01 
  731.000  8.362857e-01 
  732.000  8.474361e-01 
  733.000  8.578964e-01 
  734.000  8.628975e-01 
  735.000  8.612201e-01 
  736.000  8.580141e-01 
  737.000  8.605409e-01 
  738.000  8.639782e-01 
  739.000  8.654834e-01 
  740.000  8.687388e-01 
  741.000  8.706383e-01 
  742.000  8.714343e-01 
  743.000  8.731948e-01 
  744.000  8.740271e-01 
  745.000  8.746833e-01 
  746.000  8.752152e-01 
  747.000  8.754290e-01 
  748.000  8.759609e-01 
  749.000  8.762778e-01 
  750.000  8.762702e-01 
  751.000  8.764582e-01 
  752.000  8.769347e-01 
  753.000  8.771944e-01 
  754.000  8.774218e-01 
  755.000  8.776073e-01 
  756.000  8.777961e-01 
  757.000  8.779296e-01 
  758.000  8.766596e-01 
  759.000  8.208484e-01 
  760.000  3.965333e-01 
  761.000  3.552729e-01 
  762.000  6.044027e-01 
  763.000  5.276694e-01 
  764.000  5.657206e-01 
  765.000  6.515886e-01 
  766.000  7.543436e-01 
  767.000  8.058711e-01 
  768.000  8.394628e-01 
  769.000  8.615859e-01 
  770.000  8.732035e-01 
  771.000  8.789251e-01 
  772.000  8.803073e-01 
  773.000  8.809452e-01 
  774.000  8.817343e-01 
  775.000  8.821540e-01 
  776.000  8.824449e-01 
  777.000  8.825762e-01 
  778.000  8.826383e-01 
  779.000  8.826822e-01 
  780.000  8.827199e-01 
  781.000  8.829365e-01 
  782.000  8.829687e-01 
  783.000  8.830062e-01 
  784.000  8.829270e-01 
  785.000  8.822404e-01 
  786.000  8.811641e-01 
  787.000  8.787678e-01 
  788.000  8.775138e-01 
  789.000  8.728674e-01 
  790.000  8.725157e-01 
  791.000  8.734549e-01 
  792.000  8.743196e-01 
  793.000  8.762732e-01 
  794.000  8.803198e-01 
  795.000  8.779372e-01 
  796.000  8.713676e-01 
  797.000  8.733107e-01 
  798.000  8.775289e-01 
  799.000  8.766196e-01 
  800.000  8.736228e-01 
  801.000  8.740290e-01 
  802.000  8.737631e-01 
  803.000  8.742487e-01 
  804.000  8.757144e-01 
  805.000  8.784848e-01 
  806.000  8.801472e-01 
  807.000  8.802594e-01 
  808.000  8.793820e-01 
  809.000  8.782955e-01 
  810.000  8.771061e-01 
  811.000  8.746081e-01 
  812.000  8.712288e-01 
  813.000  8.670570e-01 
  814.000  8.615030e-01 
  815.000  8.545465e-01 
  816.000  8.454002e-01 
  817.000  8.460023e-01 
  818.000  8.468010e-01 
  819.000  8.498393e-01 
  820.000  8.599181e-01 
  821.000  8.712914e-01 
  822.000  8.627173e-01 
  823.000  8.381459e-01 
  824.000  8.589551e-01 
  825.000  8.720228e-01 
  826.000  8.697897e-01 
  827.000  8.681834e-01 
  828.000  8.596135e-01 
  829.000  8.627645e-01 
  830.000  8.662585e-01 
  831.000  8.670866e-01 
  832.000  8.674305e-01 
  833.000  8.694347e-01 
  834.000  8.717785e-01 
  835.000  8.763976e-01 
  836.000  8.749350e-01 
  837.000  8.747913e-01 
  838.000  8.770601e-01 
  839.000  8.784395e-01 
  840.000  8.789615e-01 
  841.000  8.775178e-01 
  842.000  8.788667e-01 
  843.000  8.820232e-01 
  844.000  8.834341e-01 
  845.000  8.841112e-01 
  846.000  8.848380e-01 
  847.000  8.856260e-01 
  848.000  8.843997e-01 
  849.000  8.845956e-01 
  850.000  8.840152e-01 
  851.000  8.833308e-01 
  852.000  8.834360e-01 
  853.000  8.846555e-01 
  854.000  8.846153e-01 
  855.000  8.852656e-01 
  856.000  8.865755e-01 
  857.000  8.871383e-01 
  858.000  8.874403e-01 
  859.000  8.880976e-01 
  860.000  8.884374e-01 
  861.000  8.885167e-01 
  862.000  8.887125e-01 
  863.000  8.887668e-01 
  864.000  8.889114e-01 
  865.000  8.890355e-01 
  866.000  8.890925e-01 
  867.000  8.891070e-01 
  868.000  8.891535e-01 
  869.000  8.892164e-01 
  870.000  8.892245e-01 
  871.000  8.892853e-01 
  872.000  8.893890e-01 
  873.000  8.893473e-01 
  874.000  8.893387e-01 
  875.000  8.893601e-01 
  876.000  8.892640e-01 
  877.000  8.892300e-01 
  878.000  8.888333e-01 
  879.000  8.888343e-01 
  880.000  8.885229e-01 
  881.000  8.883501e-01 
  882.000  8.881853e-01 
  883.000  8.884036e-01 
  884.000  8.885078e-01 
  885.000  8.878180e-01 
  886.000  8.868472e-01 
  887.000  8.876428e-01 
  888.000  8.876251e-01 
  889.000  8.879048e-01 
  890.000  8.873612e-01 
  891.000  8.861995e-01 
  892.000  8.837427e-01 
  893.000  8.760356e-01 
  894.000  8.722224e-01 
  895.000  8.602399e-01 
  896.000  8.494210e-01 
  897.000  8.378944e-01 
  898.000  8.324630e-01 
  899.000  8.165635e-01 
  900.000  8.189802e-01 
  901.000  8.147780e-01 
  902.000  8.154642e-01 
  903.000  8.421301e-01 
  904.000  8.579318e-01 
  905.000  8.573146e-01 
  906.000  8.474702e-01 
  907.000  8.297401e-01 
  908.000  8.178436e-01 
  909.000  8.184223e-01 
  910.000  8.202684e-01 
  911.000  8.282278e-01 
  912.000  8.243998e-01 
  913.000  8.074915e-01 
  914.000  8.159044e-01 
  915.000  8.224283e-01 
  916.000  8.241608e-01 
  917.000  8.276365e-01 
  918.000  8.321217e-01 
  919.000  8.472796e-01 
  920.000  8.584812e-01 
  921.000  8.559812e-01 
  922.000  8.557702e-01 
  923.000  8.526505e-01 
  924.000  8.450915e-01 
  925.000  8.445795e-01 
  926.000  8.446897e-01 
  927.000  8.360093e-01 
  928.000  8.224316e-01 
  929.000  8.023350e-01 
  930.000  7.758499e-01 
  931.000  7.448719e-01 
  932.000  7.029356e-01 
  933.000  6.686589e-01 
  934.000  6.306592e-01 
  935.000  6.267765e-01 
  936.000  6.427194e-01 
  937.000  6.383874e-01 
  938.000  6.795192e-01 
  939.000  7.762238e-01 
  940.000  7.892604e-01 
  941.000  7.776060e-01 
  942.000  7.485686e-01 
  943.000  6.972715e-01 
  944.000  6.937380e-01 
  945.000  7.130545e-01 
  946.000  7.138807e-01 
  947.000  7.299837e-01 
  948.000  7.392858e-01 
  949.000  7.377952e-01 
  950.000  7.400916e-01 
  951.000  7.606124e-01 
  952.000  7.381565e-01 
  953.000  7.534665e-01 
  954.000  7.694430e-01 
  955.000  7.559351e-01 
  956.000  7.524105e-01 
  957.000  7.925727e-01 
  958.000  7.973314e-01 
  959.000  7.905799e-01 
  960.000  7.884902e-01 
  961.000  7.850505e-01 
  962.000  7.879133e-01 
  963.000  8.090911e-01 
  964.000  8.119825e-01 
  965.000  8.098544e-01 
  966.000  8.108533e-01 
  967.000  8.254690e-01 
  968.000  8.492230e-01 
  969.000  8.596481e-01 
  970.000  8.601623e-01 
  971.000  8.599104e-01 
  972.000  8.569710e-01 
  973.000  8.500929e-01 
  974.000  8.415877e-01 
  975.000  8.360602e-01 
  976.000  8.428258e-01 
  977.000  8.538381e-01 
  978.000  8.529044e-01 
  979.000  8.556753e-01 
  980.000  8.666660e-01 
  981.000  8.690519e-01 
  982.000  8.665755e-01 
  983.000  8.721327e-01 
  984.000  8.778191e-01 
  985.000  8.810254e-01 
  986.000  8.851463e-01 
  987.000  8.869165e-01 
  988.000  8.873165e-01 
  989.000  8.875746e-01 
  990.000  8.880115e-01 
  991.000  8.895118e-01 
  992.000  8.899400e-01 
  993.000  8.901122e-01 
  994.000  8.914990e-01 
  995.000  8.924506e-01 
  996.000  8.924543e-01 
  997.000  8.918748e-01 
  998.000  8.911958e-01 
  999.000  8.909515e-01 
 1000.000  8.911769e-01 
 1001.000  8.897313e-01 
 1002.000  8.874324e-01 
 1003.000  8.880023e-01 
 1004.000  8.893285e-01 
 1005.000  8.899602e-01 
 1006.000  8.901495e-01 
 1007.000  8.897116e-01 
 1008.000  8.878412e-01 
 1009.000  8.852819e-01 
 1010.000  8.864292e-01 
 1011.000  8.891092e-01 
 1012.000  8.901497e-01 
 1013.000  8.909450e-01 
 1014.000  8.912840e-01 
 1015.000  8.913414e-01 
 1016.000  8.916923e-01 
 1017.000  8.919083e-01 
 1018.000  8.914533e-01 
 1019.000  8.905029e-01 
 1020.000  8.908310e-01 
 1021.000  8.915133e-01 
 1022.000  8.903497e-01 
 1023.000  8.893896e-01 
 1024.000  8.887970e-01 
 1025.000  8.905317e-01 
 1026.000  8.912871e-01 
 1027.000  8.909370e-01 
 1028.000  8.911771e-01 
 1029.000  8.919156e-01 
 1030.000  8.925866e-01 
 1031.000  8.929166e-01 
 1032.000  8.931584e-01 
 1033.000  8.931949e-01 
 1034.000  8.933200e-01 
 1035.000  8.933172e-01 
 1036.000  8.931192e-01 
 1037.000  8.930059e-01 
 1038.000  8.930391e-01 
 1039.000  8.929048e-01 
 1040.000  8.927550e-01 
 1041.000  8.926328e-01 
 1042.000  8.925747e-01 
 1043.000  8.925201e-01 
 1044.000  8.923800e-01 
 1045.000  8.920946e-01 
 1046.000  8.918778e-01 
 1047.000  8.915961e-01 
 1048.000  8.911014e-01 
 1049.000  8.905241e-01 
 1050.000  8.901724e-01 
 1051.000  8.898303e-01 
 1052.000  8.894803e-01 
 1053.000  8.892946e-01 
 1054.000  8.888539e-01 
 1055.000  8.883956e-01 
 1056.000  8.879091e-01 
 1057.000  8.870257e-01 
 1058.000  8.856009e-01 
 1059.000  8.854403e-01 
 1060.000  8.858049e-01 
 1061.000  8.855191e-01 
 1062.000  8.845236e-01 
 1063.000  8.838568e-01 
 1064.000  8.829128e-01 
 1065.000  8.821251e-01 
 1066.000  8.821501e-01 
 1067.000  8.816239e-01 
 1068.000  8.802803e-01 
 1069.000  8.802859e-01 
 1070.000  8.810139e-01 
 1071.000  8.805581e-01 
 1072.000  8.798838e-01 
 1073.000  8.800093e-01 
 1074.000  8.804509e-01 
 1075.000  8.821820e-01 
 1076.000  8.815497e-01 
 1077.000  8.805830e-01 
 1078.000  8.793877e-01 
 1079.000  8.794273e-01 
 1080.000  8.757712e-01 
 1081.000  8.757223e-01 
 1082.000  8.775706e-01 
 1083.000  8.757117e-01 
 1084.000  8.736185e-01 
 1085.000  8.683733e-01 
 1086.000  8.697714e-01 
 1087.000  8.757984e-01 
 1088.000  8.761285e-01 
 1089.000  8.690665e-01 
 1090.000  8.678291e-01 
 1091.000  8.693171e-01 
 1092.000  8.658717e-01 
 1093.000  8.578863e-01 
 1094.000  8.544098e-01 
 1095.000  8.550752e-01 
 1096.000  8.557191e-01 
 1097.000  8.542393e-01 
 1098.000  8.341922e-01 
 1099.000  8.166716e-01 
 1100.000  8.179649e-01 
 1101.000  8.205171e-01 
 1102.000  8.194917e-01 
 1103.000  8.212454e-01 
 1104.000  8.183947e-01 
 1105.000  8.110245e-01 
 1106.000  8.033583e-01 
 1107.000  8.055190e-01 
 1108.000  8.072547e-01 
 1109.000  8.142291e-01 
 1110.000  8.139940e-01 
 1111.000  8.106844e-01 
 1112.000  7.948327e-01 
 1113.000  7.729213e-01 
 1114.000  7.679082e-01 
 1115.000  7.399936e-01 
 1116.000  7.219273e-01 
 1117.000  6.765439e-01 
 1118.000  6.329607e-01 
 1119.000  6.094612e-01 
 1120.000  5.776824e-01 
 1121.000  5.706531e-01 
 1122.000  5.337291e-01 
 1123.000  5.554483e-01 
 1124.000  5.695201e-01 
 1125.000  5.624925e-01 
 1126.000  5.594416e-01 
 1127.000  5.620541e-01 
 1128.000  5.671840e-01 
 1129.000  6.014225e-01 
 1130.000  6.759399e-01 
 1131.000  6.959590e-01 
 1132.000  6.688313e-01 
 1133.000  6.147757e-01 
 1134.000  5.032459e-01 
 1135.000  5.122812e-01 
 1136.000  6.217418e-01 
 1137.000  6.737961e-01 
 1138.000  7.195392e-01 
 1139.000  7.312992e-01 
 1140.000  7.228283e-01 
 1141.000  7.045920e-01 
 1142.000  6.984488e-01 
 1143.000  6.786451e-01 
 1144.000  6.552280e-01 
 1145.000  6.199146e-01 
 1146.000  6.283734e-01 
 1147.000  6.556811e-01 
 1148.000  6.789386e-01 
 1149.000  6.877209e-01 
 1150.000  6.872045e-01 
