  320.000  2.283312e-01 
  321.000  2.756810e-01 
  322.000  2.571716e-01 
  323.000  2.806127e-01 
  324.000  3.039775e-01 
  325.000  2.865820e-01 
  326.000  3.150985e-01 
  327.000  3.230261e-01 
  328.000  3.058882e-01 
  329.000  3.387331e-01 
  330.000  3.439196e-01 
  331.000  3.336521e-01 
  332.000  3.534593e-01 
  333.000  3.592211e-01 
  334.000  3.544908e-01 
  335.000  3.689669e-01 
  336.000  3.748193e-01 
  337.000  3.723536e-01 
  338.000  3.792069e-01 
  339.000  3.862714e-01 
  340.000  3.851110e-01 
  341.000  3.919640e-01 
  342.000  3.969706e-01 
  343.000  3.994837e-01 
  344.000  3.999970e-01 
  345.000  4.067723e-01 
  346.000  4.110462e-01 
  347.000  4.145283e-01 
  348.000  4.177878e-01 
  349.000  4.214468e-01 
  350.000  4.245723e-01 
  351.000  4.276832e-01 
  352.000  4.302339e-01 
  353.000  4.338586e-01 
  354.000  4.369422e-01 
  355.000  4.398100e-01 
  356.000  4.426027e-01 
  357.000  4.450867e-01 
  358.000  4.477580e-01 
  359.000  4.504251e-01 
  360.000  4.531548e-01 
  361.000  4.566010e-01 
  362.000  4.601867e-01 
  363.000  4.634865e-01 
  364.000  4.665211e-01 
  365.000  4.693656e-01 
  366.000  4.722724e-01 
  367.000  4.750381e-01 
  368.000  4.777770e-01 
  369.000  4.804905e-01 
  370.000  4.831744e-01 
  371.000  4.858355e-01 
  372.000  4.884731e-01 
  373.000  4.910867e-01 
  374.000  4.936567e-01 
  375.000  4.961755e-01 
  376.000  4.986074e-01 
  377.000  5.009045e-01 
  378.000  5.030371e-01 
  379.000  5.052028e-01 
  380.000  5.075834e-01 
  381.000  5.102917e-01 
  382.000  5.130964e-01 
  383.000  5.157468e-01 
  384.000  5.182593e-01 
  385.000  5.206787e-01 
  386.000  5.230346e-01 
  387.000  5.253509e-01 
  388.000  5.276364e-01 
  389.000  5.299016e-01 
  390.000  5.321471e-01 
  391.000  5.343683e-01 
  392.000  5.365716e-01 
  393.000  5.387554e-01 
  394.000  5.409175e-01 
  395.000  5.430563e-01 
  396.000  5.451799e-01 
  397.000  5.472776e-01 
  398.000  5.493547e-01 
  399.000  5.514131e-01 
  400.000  5.534417e-01 
  401.000  5.554613e-01 
  402.000  5.574636e-01 
  403.000  5.594475e-01 
  404.000  5.614127e-01 
  405.000  5.633552e-01 
  406.000  5.652837e-01 
  407.000  5.671961e-01 
  408.000  5.690907e-01 
  409.000  5.709656e-01 
  410.000  5.728217e-01 
  411.000  5.746585e-01 
  412.000  5.764747e-01 
  413.000  5.782794e-01 
  414.000  5.799538e-01 
  415.000  5.817643e-01 
  416.000  5.835509e-01 
  417.000  5.853068e-01 
  418.000  5.870216e-01 
  419.000  5.887166e-01 
  420.000  5.903954e-01 
  421.000  5.920635e-01 
  422.000  5.937204e-01 
  423.000  5.953643e-01 
  424.000  5.969880e-01 
  425.000  5.985738e-01 
  426.000  6.001434e-01 
  427.000  6.016986e-01 
  428.000  6.032254e-01 
  429.000  6.047303e-01 
  430.000  6.062171e-01 
  431.000  6.076921e-01 
  432.000  6.091512e-01 
  433.000  6.105958e-01 
  434.000  6.120278e-01 
  435.000  6.134452e-01 
  436.000  6.148461e-01 
  437.000  6.162313e-01 
  438.000  6.176003e-01 
  439.000  6.189582e-01 
  440.000  6.202937e-01 
  441.000  6.216118e-01 
  442.000  6.229086e-01 
  443.000  6.241854e-01 
  444.000  6.254417e-01 
  445.000  6.266705e-01 
  446.000  6.278648e-01 
  447.000  6.291170e-01 
  448.000  6.304591e-01 
  449.000  6.318170e-01 
  450.000  6.331484e-01 
  451.000  6.344272e-01 
  452.000  6.356609e-01 
  453.000  6.368689e-01 
  454.000  6.380547e-01 
  455.000  6.391714e-01 
  456.000  6.401976e-01 
  457.000  6.412238e-01 
  458.000  6.422359e-01 
  459.000  6.432263e-01 
  460.000  6.442086e-01 
  461.000  6.451802e-01 
  462.000  6.461331e-01 
  463.000  6.470816e-01 
  464.000  6.483160e-01 
  465.000  6.495316e-01 
  466.000  6.507254e-01 
  467.000  6.518911e-01 
  468.000  6.528404e-01 
  469.000  6.536578e-01 
  470.000  6.544093e-01 
  471.000  6.550857e-01 
  472.000  6.556600e-01 
  473.000  6.560624e-01 
  474.000  6.563929e-01 
  475.000  6.564777e-01 
  476.000  6.563141e-01 
  477.000  6.563108e-01 
  478.000  6.572667e-01 
  479.000  6.587214e-01 
  480.000  6.602909e-01 
  481.000  6.616983e-01 
  482.000  6.630177e-01 
  483.000  6.641645e-01 
  484.000  6.651498e-01 
  485.000  6.660307e-01 
  486.000  6.669700e-01 
  487.000  6.679584e-01 
  488.000  6.689150e-01 
  489.000  6.698536e-01 
  490.000  6.707810e-01 
  491.000  6.715069e-01 
  492.000  6.721705e-01 
  493.000  6.728306e-01 
  494.000  6.734719e-01 
  495.000  6.741130e-01 
  496.000  6.744434e-01 
  497.000  6.747612e-01 
  498.000  6.750743e-01 
  499.000  6.753705e-01 
  500.000  6.756620e-01 
  501.000  6.759211e-01 
  502.000  6.761802e-01 
  503.000  6.764360e-01 
  504.000  6.766801e-01 
  505.000  6.769108e-01 
  506.000  6.775864e-01 
  507.000  6.782815e-01 
  508.000  6.789755e-01 
  509.000  6.796613e-01 
  510.000  6.803324e-01 
  511.000  6.809339e-01 
  512.000  6.815147e-01 
  513.000  6.820920e-01 
  514.000  6.826621e-01 
  515.000  6.832271e-01 
  516.000  6.836306e-01 
  517.000  6.838893e-01 
  518.000  6.841409e-01 
  519.000  6.843876e-01 
  520.000  6.846320e-01 
  521.000  6.848509e-01 
  522.000  6.850088e-01 
  523.000  6.851226e-01 
  524.000  6.852402e-01 
  525.000  6.853329e-01 
  526.000  6.854630e-01 
  527.000  6.854839e-01 
  528.000  6.854606e-01 
  529.000  6.854360e-01 
  530.000  6.854169e-01 
  531.000  6.854013e-01 
  532.000  6.854364e-01 
  533.000  6.857535e-01 
  534.000  6.861539e-01 
  535.000  6.866057e-01 
  536.000  6.870425e-01 
  537.000  6.874419e-01 
  538.000  6.877990e-01 
  539.000  6.881300e-01 
  540.000  6.884404e-01 
  541.000  6.887416e-01 
  542.000  6.890298e-01 
  543.000  6.893076e-01 
  544.000  6.895177e-01 
  545.000  6.896725e-01 
  546.000  6.898201e-01 
  547.000  6.899719e-01 
  548.000  6.901161e-01 
  549.000  6.902580e-01 
  550.000  6.903268e-01 
  551.000  6.903232e-01 
  552.000  6.903224e-01 
  553.000  6.903066e-01 
  554.000  6.902840e-01 
  555.000  6.902573e-01 
  556.000  6.902031e-01 
  557.000  6.901016e-01 
  558.000  6.899917e-01 
  559.000  6.898690e-01 
  560.000  6.897154e-01 
  561.000  6.895331e-01 
  562.000  6.891278e-01 
  563.000  6.889014e-01 
  564.000  6.885996e-01 
  565.000  6.881311e-01 
  566.000  6.878414e-01 
  567.000  6.867853e-01 
  568.000  6.834561e-01 
  569.000  6.764291e-01 
  570.000  6.774468e-01 
  571.000  6.823421e-01 
  572.000  6.774883e-01 
  573.000  6.786919e-01 
  574.000  6.789681e-01 
  575.000  6.786332e-01 
  576.000  6.788224e-01 
  577.000  6.805473e-01 
  578.000  6.827447e-01 
  579.000  6.846160e-01 
  580.000  6.862448e-01 
  581.000  6.886430e-01 
  582.000  6.902383e-01 
  583.000  6.911811e-01 
  584.000  6.920502e-01 
  585.000  6.926789e-01 
  586.000  6.933096e-01 
  587.000  6.915015e-01 
  588.000  6.819198e-01 
  589.000  6.667946e-01 
  590.000  6.660154e-01 
  591.000  6.766284e-01 
  592.000  6.712404e-01 
  593.000  6.833209e-01 
  594.000  6.808428e-01 
  595.000  6.726120e-01 
  596.000  6.843199e-01 
  597.000  6.814535e-01 
  598.000  6.860873e-01 
  599.000  6.878330e-01 
  600.000  6.920008e-01 
  601.000  6.946946e-01 
  602.000  6.954216e-01 
  603.000  6.966681e-01 
  604.000  6.980623e-01 
  605.000  6.990352e-01 
  606.000  6.997167e-01 
  607.000  7.003742e-01 
  608.000  7.009903e-01 
  609.000  7.015784e-01 
  610.000  7.021854e-01 
  611.000  7.028594e-01 
  612.000  7.035193e-01 
  613.000  7.041587e-01 
  614.000  7.047790e-01 
  615.000  7.053976e-01 
  616.000  7.059935e-01 
  617.000  7.065563e-01 
  618.000  7.070280e-01 
  619.000  7.074270e-01 
  620.000  7.077964e-01 
  621.000  7.081137e-01 
  622.000  7.083789e-01 
  623.000  7.085563e-01 
  624.000  7.087448e-01 
  625.000  7.089016e-01 
  626.000  7.085444e-01 
  627.000  7.045882e-01 
  628.000  6.831926e-01 
  629.000  6.958662e-01 
  630.000  6.993911e-01 
  631.000  7.035331e-01 
  632.000  7.023929e-01 
  633.000  7.081306e-01 
  634.000  7.107735e-01 
  635.000  7.117982e-01 
  636.000  7.135468e-01 
  637.000  7.149442e-01 
  638.000  7.177572e-01 
  639.000  7.187134e-01 
  640.000  7.205564e-01 
  641.000  7.213465e-01 
  642.000  7.227055e-01 
  643.000  7.219461e-01 
  644.000  7.225521e-01 
  645.000  7.210976e-01 
  646.000  7.129864e-01 
  647.000  7.074755e-01 
  648.000  7.012655e-01 
  649.000  7.074805e-01 
  650.000  7.190792e-01 
  651.000  7.194462e-01 
  652.000  7.099221e-01 
  653.000  7.216761e-01 
  654.000  7.207963e-01 
  655.000  7.170195e-01 
  656.000  7.188430e-01 
  657.000  7.214587e-01 
  658.000  7.257227e-01 
  659.000  7.283641e-01 
  660.000  7.297259e-01 
  661.000  7.329396e-01 
  662.000  7.346013e-01 
  663.000  7.347341e-01 
  664.000  7.355924e-01 
  665.000  7.363822e-01 
  666.000  7.372824e-01 
  667.000  7.380803e-01 
  668.000  7.389960e-01 
  669.000  7.396405e-01 
  670.000  7.402067e-01 
  671.000  7.408052e-01 
  672.000  7.413359e-01 
  673.000  7.418562e-01 
  674.000  7.423715e-01 
  675.000  7.428879e-01 
  676.000  7.433712e-01 
  677.000  7.438160e-01 
  678.000  7.442623e-01 
  679.000  7.446196e-01 
  680.000  7.445924e-01 
  681.000  7.444478e-01 
  682.000  7.447042e-01 
  683.000  7.447549e-01 
  684.000  7.442713e-01 
  685.000  7.451952e-01 
  686.000  7.423301e-01 
  687.000  6.449799e-01 
  688.000  6.756345e-01 
  689.000  6.667591e-01 
  690.000  6.827492e-01 
  691.000  7.032969e-01 
  692.000  7.151112e-01 
  693.000  7.080367e-01 
  694.000  6.985591e-01 
  695.000  7.078037e-01 
  696.000  7.131970e-01 
  697.000  7.362376e-01 
  698.000  7.315042e-01 
  699.000  7.108513e-01 
  700.000  7.143026e-01 
  701.000  7.097187e-01 
  702.000  7.131339e-01 
  703.000  7.304769e-01 
  704.000  7.312561e-01 
  705.000  7.241433e-01 
  706.000  7.255676e-01 
  707.000  7.281548e-01 
  708.000  7.309500e-01 
  709.000  7.366393e-01 
  710.000  7.306404e-01 
  711.000  7.368208e-01 
  712.000  7.420892e-01 
  713.000  7.379026e-01 
  714.000  7.365043e-01 
  715.000  7.296697e-01 
  716.000  7.225581e-01 
  717.000  6.776724e-01 
  718.000  6.502140e-01 
  719.000  6.403571e-01 
  720.000  6.255262e-01 
  721.000  6.907491e-01 
  722.000  7.141140e-01 
  723.000  7.009117e-01 
  724.000  6.635277e-01 
  725.000  6.690402e-01 
  726.000  6.672934e-01 
  727.000  6.725792e-01 
  728.000  6.668189e-01 
  729.000  6.811205e-01 
  730.000  6.786385e-01 
  731.000  6.756415e-01 
  732.000  6.998234e-01 
  733.000  7.230757e-01 
  734.000  7.342975e-01 
  735.000  7.303341e-01 
  736.000  7.229524e-01 
  737.000  7.285169e-01 
  738.000  7.361706e-01 
  739.000  7.394669e-01 
  740.000  7.467855e-01 
  741.000  7.510152e-01 
  742.000  7.527908e-01 
  743.000  7.566984e-01 
  744.000  7.583919e-01 
  745.000  7.597505e-01 
  746.000  7.608169e-01 
  747.000  7.610848e-01 
  748.000  7.620368e-01 
  749.000  7.625340e-01 
  750.000  7.622601e-01 
  751.000  7.624445e-01 
  752.000  7.633150e-01 
  753.000  7.636776e-01 
  754.000  7.639622e-01 
  755.000  7.641456e-01 
  756.000  7.643382e-01 
  757.000  7.644712e-01 
  758.000  7.632385e-01 
  759.000  7.110171e-01 
  760.000  3.243662e-01 
  761.000  2.881185e-01 
  762.000  5.110927e-01 
  763.000  4.414731e-01 
  764.000  4.759109e-01 
  765.000  5.542925e-01 
  766.000  6.491498e-01 
  767.000  6.971192e-01 
  768.000  7.285248e-01 
  769.000  7.492682e-01 
  770.000  7.602634e-01 
  771.000  7.655922e-01 
  772.000  7.668965e-01 
  773.000  7.674848e-01 
  774.000  7.682022e-01 
  775.000  7.686256e-01 
  776.000  7.689319e-01 
  777.000  7.690126e-01 
  778.000  7.689868e-01 
  779.000  7.689514e-01 
  780.000  7.689138e-01 
  781.000  7.693009e-01 
  782.000  7.692512e-01 
  783.000  7.692146e-01 
  784.000  7.688996e-01 
  785.000  7.672851e-01 
  786.000  7.648484e-01 
  787.000  7.593026e-01 
  788.000  7.563884e-01 
  789.000  7.460043e-01 
  790.000  7.451090e-01 
  791.000  7.470647e-01 
  792.000  7.488736e-01 
  793.000  7.530959e-01 
  794.000  7.620612e-01 
  795.000  7.565745e-01 
  796.000  7.419955e-01 
  797.000  7.461550e-01 
  798.000  7.553611e-01 
  799.000  7.532547e-01 
  800.000  7.465475e-01 
  801.000  7.473415e-01 
  802.000  7.466605e-01 
  803.000  7.476370e-01 
  804.000  7.507849e-01 
  805.000  7.568215e-01 
  806.000  7.604255e-01 
  807.000  7.605816e-01 
  808.000  7.585307e-01 
  809.000  7.560114e-01 
  810.000  7.532510e-01 
  811.000  7.475983e-01 
  812.000  7.399985e-01 
  813.000  7.307049e-01 
  814.000  7.184705e-01 
  815.000  7.032871e-01 
  816.000  6.839107e-01 
  817.000  6.849646e-01 
  818.000  6.865315e-01 
  819.000  6.929119e-01 
  820.000  7.142773e-01 
  821.000  7.387661e-01 
  822.000  7.201219e-01 
  823.000  6.684986e-01 
  824.000  7.119622e-01 
  825.000  7.401240e-01 
  826.000  7.353197e-01 
  827.000  7.317498e-01 
  828.000  7.132085e-01 
  829.000  7.198688e-01 
  830.000  7.273480e-01 
  831.000  7.291072e-01 
  832.000  7.298899e-01 
  833.000  7.342116e-01 
  834.000  7.393059e-01 
  835.000  7.494233e-01 
  836.000  7.461678e-01 
  837.000  7.458243e-01 
  838.000  7.507485e-01 
  839.000  7.537383e-01 
  840.000  7.548218e-01 
  841.000  7.515731e-01 
  842.000  7.544834e-01 
  843.000  7.614059e-01 
  844.000  7.645469e-01 
  845.000  7.660090e-01 
  846.000  7.675471e-01 
  847.000  7.692438e-01 
  848.000  7.664335e-01 
  849.000  7.667888e-01 
  850.000  7.653981e-01 
  851.000  7.637422e-01 
  852.000  7.639032e-01 
  853.000  7.666296e-01 
  854.000  7.664790e-01 
  855.000  7.678483e-01 
  856.000  7.706355e-01 
  857.000  7.718264e-01 
  858.000  7.724625e-01 
  859.000  7.738283e-01 
  860.000  7.744937e-01 
  861.000  7.746052e-01 
  862.000  7.749934e-01 
  863.000  7.750461e-01 
  864.000  7.753131e-01 
  865.000  7.755319e-01 
  866.000  7.755918e-01 
  867.000  7.755547e-01 
  868.000  7.755909e-01 
  869.000  7.756652e-01 
  870.000  7.756144e-01 
  871.000  7.756847e-01 
  872.000  7.758536e-01 
  873.000  7.756892e-01 
  874.000  7.756012e-01 
  875.000  7.755821e-01 
  876.000  7.752938e-01 
  877.000  7.751728e-01 
  878.000  7.743024e-01 
  879.000  7.742450e-01 
  880.000  7.734934e-01 
  881.000  7.730594e-01 
  882.000  7.726423e-01 
  883.000  7.730541e-01 
  884.000  7.732185e-01 
  885.000  7.716714e-01 
  886.000  7.695941e-01 
  887.000  7.711701e-01 
  888.000  7.711573e-01 
  889.000  7.715837e-01 
  890.000  7.703932e-01 
  891.000  7.677802e-01 
  892.000  7.622784e-01 
  893.000  7.456096e-01 
  894.000  7.373026e-01 
  895.000  7.121075e-01 
  896.000  6.895858e-01 
  897.000  6.659299e-01 
  898.000  6.548988e-01 
  899.000  6.240489e-01 
  900.000  6.284479e-01 
  901.000  6.204639e-01 
  902.000  6.219780e-01 
  903.000  6.738632e-01 
  904.000  7.058240e-01 
  905.000  7.046894e-01 
  906.000  6.846943e-01 
  907.000  6.495448e-01 
  908.000  6.265173e-01 
  909.000  6.274658e-01 
  910.000  6.309122e-01 
  911.000  6.461790e-01 
  912.000  6.387804e-01 
  913.000  6.067913e-01 
  914.000  6.225805e-01 
  915.000  6.350790e-01 
  916.000  6.384871e-01 
  917.000  6.453132e-01 
  918.000  6.541427e-01 
  919.000  6.842412e-01 
  920.000  7.071288e-01 
  921.000  7.021054e-01 
  922.000  7.016780e-01 
  923.000  6.952896e-01 
  924.000  6.799723e-01 
  925.000  6.786379e-01 
  926.000  6.781057e-01 
  927.000  6.601638e-01 
  928.000  6.327161e-01 
  929.000  5.934195e-01 
  930.000  5.440458e-01 
  931.000  4.897073e-01 
  932.000  4.195945e-01 
  933.000  3.688081e-01 
  934.000  3.179168e-01 
  935.000  3.124504e-01 
  936.000  3.322108e-01 
  937.000  3.272721e-01 
  938.000  3.843999e-01 
  939.000  5.373566e-01 
  940.000  5.607681e-01 
  941.000  5.407556e-01 
  942.000  4.919042e-01 
  943.000  4.120346e-01 
  944.000  4.064482e-01 
  945.000  4.347941e-01 
  946.000  4.364805e-01 
  947.000  4.622638e-01 
  948.000  4.774536e-01 
  949.000  4.755890e-01 
  950.000  4.795181e-01 
  951.000  5.136582e-01 
  952.000  4.774048e-01 
  953.000  5.030245e-01 
  954.000  5.307107e-01 
  955.000  5.085208e-01 
  956.000  5.037633e-01 
  957.000  5.739363e-01 
  958.000  5.832222e-01 
  959.000  5.715875e-01 
  960.000  5.682671e-01 
  961.000  5.624598e-01 
  962.000  5.678780e-01 
  963.000  6.067876e-01 
  964.000  6.124464e-01 
  965.000  6.087812e-01 
  966.000  6.109650e-01 
  967.000  6.389535e-01 
  968.000  6.859653e-01 
  969.000  7.073348e-01 
  970.000  7.085082e-01 
  971.000  7.080030e-01 
  972.000  7.019266e-01 
  973.000  6.879300e-01 
  974.000  6.709368e-01 
  975.000  6.600438e-01 
  976.000  6.733618e-01 
  977.000  6.954327e-01 
  978.000  6.936604e-01 
  979.000  6.994163e-01 
  980.000  7.220289e-01 
  981.000  7.270610e-01 
  982.000  7.220414e-01 
  983.000  7.336839e-01 
  984.000  7.456819e-01 
  985.000  7.525070e-01 
  986.000  7.613207e-01 
  987.000  7.651432e-01 
  988.000  7.660182e-01 
  989.000  7.665759e-01 
  990.000  7.675036e-01 
  991.000  7.707816e-01 
  992.000  7.717084e-01 
  993.000  7.720513e-01 
  994.000  7.750103e-01 
  995.000  7.769386e-01 
  996.000  7.769156e-01 
  997.000  7.756380e-01 
  998.000  7.742110e-01 
  999.000  7.736559e-01 
 1000.000  7.741003e-01 
 1001.000  7.709523e-01 
 1002.000  7.659209e-01 
 1003.000  7.671095e-01 
 1004.000  7.699956e-01 
 1005.000  7.713119e-01 
 1006.000  7.717336e-01 
 1007.000  7.707684e-01 
 1008.000  7.666674e-01 
 1009.000  7.611893e-01 
 1010.000  7.636249e-01 
 1011.000  7.694409e-01 
 1012.000  7.716549e-01 
 1013.000  7.733967e-01 
 1014.000  7.741241e-01 
 1015.000  7.742616e-01 
 1016.000  7.750478e-01 
 1017.000  7.754163e-01 
 1018.000  7.745152e-01 
 1019.000  7.724913e-01 
 1020.000  7.732005e-01 
 1021.000  7.746579e-01 
 1022.000  7.722085e-01 
 1023.000  7.701593e-01 
 1024.000  7.689327e-01 
 1025.000  7.726900e-01 
 1026.000  7.743503e-01 
 1027.000  7.736447e-01 
 1028.000  7.742258e-01 
 1029.000  7.758039e-01 
 1030.000  7.773158e-01 
 1031.000  7.780951e-01 
 1032.000  7.787024e-01 
 1033.000  7.788731e-01 
 1034.000  7.792116e-01 
 1035.000  7.794030e-01 
 1036.000  7.792975e-01 
 1037.000  7.793286e-01 
 1038.000  7.794402e-01 
 1039.000  7.792227e-01 
 1040.000  7.790344e-01 
 1041.000  7.788852e-01 
 1042.000  7.788422e-01 
 1043.000  7.788352e-01 
 1044.000  7.787012e-01 
 1045.000  7.782874e-01 
 1046.000  7.780083e-01 
 1047.000  7.776766e-01 
 1048.000  7.772551e-01 
 1049.000  7.768422e-01 
 1050.000  7.764081e-01 
 1051.000  7.757739e-01 
 1052.000  7.753789e-01 
 1053.000  7.753143e-01 
 1054.000  7.746775e-01 
 1055.000  7.740284e-01 
 1056.000  7.734928e-01 
 1057.000  7.721540e-01 
 1058.000  7.696568e-01 
 1059.000  7.698097e-01 
 1060.000  7.710381e-01 
 1061.000  7.707573e-01 
 1062.000  7.691724e-01 
 1063.000  7.685658e-01 
 1064.000  7.672029e-01 
 1065.000  7.656753e-01 
 1066.000  7.657095e-01 
 1067.000  7.648977e-01 
 1068.000  7.617466e-01 
 1069.000  7.602413e-01 
 1070.000  7.607300e-01 
 1071.000  7.587238e-01 
 1072.000  7.566596e-01 
 1073.000  7.562630e-01 
 1074.000  7.565652e-01 
 1075.000  7.596180e-01 
 1076.000  7.577032e-01 
 1077.000  7.551360e-01 
 1078.000  7.521166e-01 
 1079.000  7.517207e-01 
 1080.000  7.436552e-01 
 1081.000  7.431944e-01 
 1082.000  7.467371e-01 
 1083.000  7.424591e-01 
 1084.000  7.377812e-01 
 1085.000  7.266457e-01 
 1086.000  7.292417e-01 
 1087.000  7.414823e-01 
 1088.000  7.419600e-01 
 1089.000  7.270604e-01 
 1090.000  7.242556e-01 
 1091.000  7.270762e-01 
 1092.000  7.196892e-01 
 1093.000  7.032387e-01 
 1094.000  6.960839e-01 
 1095.000  6.972282e-01 
 1096.000  6.982606e-01 
 1097.000  6.949621e-01 
 1098.000  6.551895e-01 
 1099.000  6.215045e-01 
 1100.000  6.237577e-01 
 1101.000  6.283751e-01 
 1102.000  6.260925e-01 
 1103.000  6.291417e-01 
 1104.000  6.235162e-01 
 1105.000  6.094109e-01 
 1106.000  5.952575e-01 
 1107.000  5.986959e-01 
 1108.000  6.011720e-01 
 1109.000  6.131452e-01 
 1110.000  6.114937e-01 
 1111.000  6.046901e-01 
 1112.000  5.750191e-01 
 1113.000  5.346863e-01 
 1114.000  5.235093e-01 
 1115.000  4.746501e-01 
 1116.000  4.448265e-01 
 1117.000  3.775407e-01 
 1118.000  3.174698e-01 
 1119.000  2.862123e-01 
 1120.000  2.485707e-01 
 1121.000  2.403123e-01 
 1122.000  2.029871e-01 
 1123.000  2.228140e-01 
 1124.000  2.363829e-01 
 1125.000  2.291427e-01 
 1126.000  2.263123e-01 
 1127.000  2.295888e-01 
 1128.000  2.359457e-01 
 1129.000  2.736501e-01 
 1130.000  3.648296e-01 
 1131.000  3.920401e-01 
 1132.000  3.547811e-01 
 1133.000  2.889689e-01 
 1134.000  1.770797e-01 
 1135.000  1.852362e-01 
 1136.000  2.986999e-01 
 1137.000  3.646581e-01 
 1138.000  4.308897e-01 
 1139.000  4.519177e-01 
 1140.000  4.391395e-01 
 1141.000  4.135814e-01 
 1142.000  4.045076e-01 
 1143.000  3.763299e-01 
 1144.000  3.451500e-01 
 1145.000  3.009419e-01 
 1146.000  3.113132e-01 
 1147.000  3.460359e-01 
 1148.000  3.774228e-01 
 1149.000  3.903743e-01 
 1150.000  3.913749e-01 
