  320.000  3.557389e-01 
  321.000  4.144830e-01 
  322.000  3.917663e-01 
  323.000  4.204865e-01 
  324.000  4.486651e-01 
  325.000  4.277265e-01 
  326.000  4.619322e-01 
  327.000  4.713356e-01 
  328.000  4.509509e-01 
  329.000  4.898391e-01 
  330.000  4.959132e-01 
  331.000  4.838716e-01 
  332.000  5.070405e-01 
  333.000  5.137336e-01 
  334.000  5.082402e-01 
  335.000  5.250088e-01 
  336.000  5.317525e-01 
  337.000  5.289138e-01 
  338.000  5.367953e-01 
  339.000  5.448917e-01 
  340.000  5.435637e-01 
  341.000  5.513954e-01 
  342.000  5.571006e-01 
  343.000  5.599591e-01 
  344.000  5.605426e-01 
  345.000  5.682309e-01 
  346.000  5.730681e-01 
  347.000  5.770022e-01 
  348.000  5.806792e-01 
  349.000  5.848002e-01 
  350.000  5.883151e-01 
  351.000  5.918089e-01 
  352.000  5.946698e-01 
  353.000  5.987298e-01 
  354.000  6.021788e-01 
  355.000  6.053821e-01 
  356.000  6.084979e-01 
  357.000  6.112661e-01 
  358.000  6.142398e-01 
  359.000  6.172054e-01 
  360.000  6.202374e-01 
  361.000  6.240601e-01 
  362.000  6.280317e-01 
  363.000  6.316816e-01 
  364.000  6.350338e-01 
  365.000  6.381723e-01 
  366.000  6.413757e-01 
  367.000  6.444203e-01 
  368.000  6.474320e-01 
  369.000  6.504126e-01 
  370.000  6.533574e-01 
  371.000  6.562743e-01 
  372.000  6.591625e-01 
  373.000  6.620214e-01 
  374.000  6.648298e-01 
  375.000  6.675797e-01 
  376.000  6.702321e-01 
  377.000  6.727353e-01 
  378.000  6.750572e-01 
  379.000  6.774134e-01 
  380.000  6.800011e-01 
  381.000  6.829422e-01 
  382.000  6.859849e-01 
  383.000  6.888573e-01 
  384.000  6.915777e-01 
  385.000  6.941950e-01 
  386.000  6.967413e-01 
  387.000  6.992428e-01 
  388.000  7.017089e-01 
  389.000  7.041510e-01 
  390.000  7.065701e-01 
  391.000  7.089611e-01 
  392.000  7.113310e-01 
  393.000  7.136780e-01 
  394.000  7.160000e-01 
  395.000  7.182952e-01 
  396.000  7.205724e-01 
  397.000  7.228202e-01 
  398.000  7.250444e-01 
  399.000  7.272468e-01 
  400.000  7.294160e-01 
  401.000  7.315740e-01 
  402.000  7.337120e-01 
  403.000  7.358291e-01 
  404.000  7.379246e-01 
  405.000  7.399947e-01 
  406.000  7.420486e-01 
  407.000  7.440838e-01 
  408.000  7.460989e-01 
  409.000  7.480919e-01 
  410.000  7.500637e-01 
  411.000  7.520137e-01 
  412.000  7.539406e-01 
  413.000  7.558544e-01 
  414.000  7.576289e-01 
  415.000  7.595465e-01 
  416.000  7.614377e-01 
  417.000  7.632954e-01 
  418.000  7.651085e-01 
  419.000  7.668997e-01 
  420.000  7.686729e-01 
  421.000  7.704338e-01 
  422.000  7.721820e-01 
  423.000  7.739155e-01 
  424.000  7.756269e-01 
  425.000  7.772974e-01 
  426.000  7.789502e-01 
  427.000  7.805868e-01 
  428.000  7.821928e-01 
  429.000  7.837751e-01 
  430.000  7.853375e-01 
  431.000  7.868869e-01 
  432.000  7.884189e-01 
  433.000  7.899350e-01 
  434.000  7.914371e-01 
  435.000  7.929233e-01 
  436.000  7.943916e-01 
  437.000  7.958428e-01 
  438.000  7.972763e-01 
  439.000  7.986977e-01 
  440.000  8.000951e-01 
  441.000  8.014737e-01 
  442.000  8.028295e-01 
  443.000  8.041639e-01 
  444.000  8.054762e-01 
  445.000  8.067595e-01 
  446.000  8.080063e-01 
  447.000  8.093129e-01 
  448.000  8.107129e-01 
  449.000  8.121288e-01 
  450.000  8.135164e-01 
  451.000  8.148488e-01 
  452.000  8.161336e-01 
  453.000  8.173913e-01 
  454.000  8.186254e-01 
  455.000  8.197871e-01 
  456.000  8.208544e-01 
  457.000  8.219214e-01 
  458.000  8.229735e-01 
  459.000  8.240026e-01 
  460.000  8.250230e-01 
  461.000  8.260320e-01 
  462.000  8.270213e-01 
  463.000  8.280058e-01 
  464.000  8.292866e-01 
  465.000  8.305475e-01 
  466.000  8.317852e-01 
  467.000  8.329935e-01 
  468.000  8.339772e-01 
  469.000  8.348240e-01 
  470.000  8.356023e-01 
  471.000  8.363027e-01 
  472.000  8.368972e-01 
  473.000  8.373138e-01 
  474.000  8.376558e-01 
  475.000  8.377436e-01 
  476.000  8.375744e-01 
  477.000  8.375709e-01 
  478.000  8.385601e-01 
  479.000  8.400650e-01 
  480.000  8.416880e-01 
  481.000  8.431427e-01 
  482.000  8.445060e-01 
  483.000  8.456904e-01 
  484.000  8.467078e-01 
  485.000  8.476171e-01 
  486.000  8.485864e-01 
  487.000  8.496063e-01 
  488.000  8.505929e-01 
  489.000  8.515608e-01 
  490.000  8.525167e-01 
  491.000  8.532650e-01 
  492.000  8.539487e-01 
  493.000  8.546288e-01 
  494.000  8.552894e-01 
  495.000  8.559497e-01 
  496.000  8.562899e-01 
  497.000  8.566171e-01 
  498.000  8.569394e-01 
  499.000  8.572444e-01 
  500.000  8.575445e-01 
  501.000  8.578112e-01 
  502.000  8.580778e-01 
  503.000  8.583411e-01 
  504.000  8.585923e-01 
  505.000  8.588296e-01 
  506.000  8.595248e-01 
  507.000  8.602399e-01 
  508.000  8.609536e-01 
  509.000  8.616588e-01 
  510.000  8.623487e-01 
  511.000  8.629671e-01 
  512.000  8.635640e-01 
  513.000  8.641573e-01 
  514.000  8.647430e-01 
  515.000  8.653233e-01 
  516.000  8.657379e-01 
  517.000  8.660035e-01 
  518.000  8.662619e-01 
  519.000  8.665153e-01 
  520.000  8.667662e-01 
  521.000  8.669909e-01 
  522.000  8.671530e-01 
  523.000  8.672699e-01 
  524.000  8.673906e-01 
  525.000  8.674858e-01 
  526.000  8.676192e-01 
  527.000  8.676407e-01 
  528.000  8.676168e-01 
  529.000  8.675916e-01 
  530.000  8.675721e-01 
  531.000  8.675560e-01 
  532.000  8.675920e-01 
  533.000  8.679175e-01 
  534.000  8.683285e-01 
  535.000  8.687922e-01 
  536.000  8.692403e-01 
  537.000  8.696502e-01 
  538.000  8.700166e-01 
  539.000  8.703561e-01 
  540.000  8.706745e-01 
  541.000  8.709835e-01 
  542.000  8.712789e-01 
  543.000  8.715639e-01 
  544.000  8.717793e-01 
  545.000  8.719380e-01 
  546.000  8.720894e-01 
  547.000  8.722451e-01 
  548.000  8.723929e-01 
  549.000  8.725384e-01 
  550.000  8.726089e-01 
  551.000  8.726052e-01 
  552.000  8.726044e-01 
  553.000  8.725882e-01 
  554.000  8.725650e-01 
  555.000  8.725376e-01 
  556.000  8.724821e-01 
  557.000  8.723780e-01 
  558.000  8.722653e-01 
  559.000  8.721397e-01 
  560.000  8.719823e-01 
  561.000  8.717960e-01 
  562.000  8.714488e-01 
  563.000  8.712226e-01 
  564.000  8.709301e-01 
  565.000  8.704984e-01 
  566.000  8.701698e-01 
  567.000  8.692849e-01 
  568.000  8.666731e-01 
  569.000  8.612773e-01 
  570.000  8.618964e-01 
  571.000  8.654081e-01 
  572.000  8.616077e-01 
  573.000  8.623436e-01 
  574.000  8.624167e-01 
  575.000  8.620932e-01 
  576.000  8.622772e-01 
  577.000  8.636529e-01 
  578.000  8.654844e-01 
  579.000  8.671782e-01 
  580.000  8.688726e-01 
  581.000  8.712011e-01 
  582.000  8.728479e-01 
  583.000  8.739465e-01 
  584.000  8.749241e-01 
  585.000  8.757008e-01 
  586.000  8.764449e-01 
  587.000  8.753059e-01 
  588.000  8.684359e-01 
  589.000  8.572776e-01 
  590.000  8.568111e-01 
  591.000  8.648823e-01 
  592.000  8.609412e-01 
  593.000  8.700668e-01 
  594.000  8.683097e-01 
  595.000  8.622330e-01 
  596.000  8.709164e-01 
  597.000  8.686727e-01 
  598.000  8.720182e-01 
  599.000  8.732061e-01 
  600.000  8.761870e-01 
  601.000  8.781065e-01 
  602.000  8.785408e-01 
  603.000  8.795162e-01 
  604.000  8.807192e-01 
  605.000  8.815955e-01 
  606.000  8.822609e-01 
  607.000  8.829045e-01 
  608.000  8.835289e-01 
  609.000  8.841267e-01 
  610.000  8.847467e-01 
  611.000  8.854353e-01 
  612.000  8.861094e-01 
  613.000  8.867624e-01 
  614.000  8.873959e-01 
  615.000  8.880275e-01 
  616.000  8.886359e-01 
  617.000  8.892103e-01 
  618.000  8.896918e-01 
  619.000  8.900990e-01 
  620.000  8.904759e-01 
  621.000  8.907997e-01 
  622.000  8.910703e-01 
  623.000  8.912513e-01 
  624.000  8.914440e-01 
  625.000  8.916052e-01 
  626.000  8.914175e-01 
  627.000  8.882234e-01 
  628.000  8.639385e-01 
  629.000  8.790596e-01 
  630.000  8.816563e-01 
  631.000  8.862225e-01 
  632.000  8.865856e-01 
  633.000  8.916605e-01 
  634.000  8.943259e-01 
  635.000  8.956002e-01 
  636.000  8.972930e-01 
  637.000  8.987070e-01 
  638.000  9.011438e-01 
  639.000  9.021770e-01 
  640.000  9.038582e-01 
  641.000  9.047692e-01 
  642.000  9.060280e-01 
  643.000  9.056882e-01 
  644.000  9.063616e-01 
  645.000  9.054650e-01 
  646.000  8.996854e-01 
  647.000  8.957956e-01 
  648.000  8.913558e-01 
  649.000  8.961731e-01 
  650.000  9.049435e-01 
  651.000  9.053684e-01 
  652.000  8.984488e-01 
  653.000  9.073201e-01 
  654.000  9.068158e-01 
  655.000  9.041683e-01 
  656.000  9.056679e-01 
  657.000  9.077367e-01 
  658.000  9.110272e-01 
  659.000  9.131186e-01 
  660.000  9.142599e-01 
  661.000  9.168229e-01 
  662.000  9.181881e-01 
  663.000  9.184239e-01 
  664.000  9.192069e-01 
  665.000  9.199221e-01 
  666.000  9.207439e-01 
  667.000  9.214600e-01 
  668.000  9.222596e-01 
  669.000  9.228734e-01 
  670.000  9.234331e-01 
  671.000  9.240141e-01 
  672.000  9.245481e-01 
  673.000  9.250742e-01 
  674.000  9.255962e-01 
  675.000  9.261183e-01 
  676.000  9.266105e-01 
  677.000  9.270626e-01 
  678.000  9.275150e-01 
  679.000  9.279048e-01 
  680.000  9.280250e-01 
  681.000  9.280437e-01 
  682.000  9.283388e-01 
  683.000  9.285035e-01 
  684.000  9.282258e-01 
  685.000  9.290427e-01 
  686.000  9.259840e-01 
  687.000  8.168188e-01 
  688.000  8.509870e-01 
  689.000  8.413914e-01 
  690.000  8.591049e-01 
  691.000  8.829619e-01 
  692.000  8.983641e-01 
  693.000  8.970876e-01 
  694.000  8.923522e-01 
  695.000  9.006191e-01 
  696.000  9.052820e-01 
  697.000  9.232700e-01 
  698.000  9.197893e-01 
  699.000  9.039811e-01 
  700.000  9.067454e-01 
  701.000  9.032691e-01 
  702.000  9.059801e-01 
  703.000  9.194021e-01 
  704.000  9.200590e-01 
  705.000  9.146444e-01 
  706.000  9.157904e-01 
  707.000  9.178304e-01 
  708.000  9.200258e-01 
  709.000  9.244372e-01 
  710.000  9.198974e-01 
  711.000  9.246881e-01 
  712.000  9.287718e-01 
  713.000  9.256417e-01 
  714.000  9.246524e-01 
  715.000  9.195294e-01 
  716.000  9.142464e-01 
  717.000  8.794607e-01 
  718.000  8.578358e-01 
  719.000  8.500715e-01 
  720.000  8.380331e-01 
  721.000  8.901656e-01 
  722.000  9.084008e-01 
  723.000  8.981956e-01 
  724.000  8.688093e-01 
  725.000  8.732951e-01 
  726.000  8.719220e-01 
  727.000  8.761374e-01 
  728.000  8.715687e-01 
  729.000  8.829063e-01 
  730.000  8.809188e-01 
  731.000  8.785136e-01 
  732.000  8.975453e-01 
  733.000  9.155630e-01 
  734.000  9.241743e-01 
  735.000  9.211448e-01 
  736.000  9.154788e-01 
  737.000  9.197826e-01 
  738.000  9.256785e-01 
  739.000  9.282180e-01 
  740.000  9.338199e-01 
  741.000  9.370573e-01 
  742.000  9.384267e-01 
  743.000  9.414062e-01 
  744.000  9.427766e-01 
  745.000  9.438356e-01 
  746.000  9.446686e-01 
  747.000  9.449109e-01 
  748.000  9.456795e-01 
  749.000  9.460848e-01 
  750.000  9.459377e-01 
  751.000  9.461246e-01 
  752.000  9.468040e-01 
  753.000  9.471145e-01 
  754.000  9.473704e-01 
  755.000  9.475555e-01 
  756.000  9.477468e-01 
  757.000  9.478806e-01 
  758.000  9.465869e-01 
  759.000  8.886963e-01 
  760.000  4.423786e-01 
  761.000  3.981453e-01 
  762.000  6.626548e-01 
  763.000  5.817707e-01 
  764.000  6.219280e-01 
  765.000  7.121650e-01 
  766.000  8.195036e-01 
  767.000  8.730947e-01 
  768.000  9.079519e-01 
  769.000  9.308750e-01 
  770.000  9.428526e-01 
  771.000  9.488000e-01 
  772.000  9.502255e-01 
  773.000  9.508794e-01 
  774.000  9.516621e-01 
  775.000  9.520849e-01 
  776.000  9.523842e-01 
  777.000  9.524912e-01 
  778.000  9.525108e-01 
  779.000  9.525162e-01 
  780.000  9.525173e-01 
  781.000  9.528177e-01 
  782.000  9.528102e-01 
  783.000  9.528118e-01 
  784.000  9.526181e-01 
  785.000  9.514038e-01 
  786.000  9.494776e-01 
  787.000  9.452381e-01 
  788.000  9.430150e-01 
  789.000  9.349853e-01 
  790.000  9.343168e-01 
  791.000  9.358608e-01 
  792.000  9.372829e-01 
  793.000  9.405738e-01 
  794.000  9.475276e-01 
  795.000  9.433078e-01 
  796.000  9.320004e-01 
  797.000  9.352617e-01 
  798.000  9.424284e-01 
  799.000  9.408125e-01 
  800.000  9.356227e-01 
  801.000  9.362597e-01 
  802.000  9.357482e-01 
  803.000  9.365240e-01 
  804.000  9.389814e-01 
  805.000  9.436762e-01 
  806.000  9.464772e-01 
  807.000  9.466148e-01 
  808.000  9.450508e-01 
  809.000  9.431267e-01 
  810.000  9.410219e-01 
  811.000  9.366742e-01 
  812.000  9.308156e-01 
  813.000  9.236155e-01 
  814.000  9.140794e-01 
  815.000  9.021825e-01 
  816.000  8.867304e-01 
  817.000  8.876519e-01 
  818.000  8.889365e-01 
  819.000  8.940212e-01 
  820.000  9.110009e-01 
  821.000  9.302760e-01 
  822.000  9.156474e-01 
  823.000  8.743179e-01 
  824.000  9.091984e-01 
  825.000  9.313559e-01 
  826.000  9.275464e-01 
  827.000  9.247640e-01 
  828.000  9.101725e-01 
  829.000  9.154580e-01 
  830.000  9.213501e-01 
  831.000  9.227256e-01 
  832.000  9.233006e-01 
  833.000  9.266807e-01 
  834.000  9.306495e-01 
  835.000  9.385152e-01 
  836.000  9.359802e-01 
  837.000  9.357046e-01 
  838.000  9.395427e-01 
  839.000  9.418666e-01 
  840.000  9.427179e-01 
  841.000  9.402052e-01 
  842.000  9.424734e-01 
  843.000  9.478433e-01 
  844.000  9.502746e-01 
  845.000  9.514132e-01 
  846.000  9.526096e-01 
  847.000  9.539185e-01 
  848.000  9.517788e-01 
  849.000  9.520686e-01 
  850.000  9.510118e-01 
  851.000  9.497479e-01 
  852.000  9.498860e-01 
  853.000  9.520027e-01 
  854.000  9.518961e-01 
  855.000  9.529631e-01 
  856.000  9.551618e-01 
  857.000  9.560952e-01 
  858.000  9.565879e-01 
  859.000  9.576554e-01 
  860.000  9.581828e-01 
  861.000  9.582778e-01 
  862.000  9.585675e-01 
  863.000  9.586211e-01 
  864.000  9.588256e-01 
  865.000  9.589960e-01 
  866.000  9.590545e-01 
  867.000  9.590437e-01 
  868.000  9.590853e-01 
  869.000  9.591540e-01 
  870.000  9.591332e-01 
  871.000  9.591989e-01 
  872.000  9.593349e-01 
  873.000  9.592329e-01 
  874.000  9.591854e-01 
  875.000  9.591872e-01 
  876.000  9.589967e-01 
  877.000  9.589081e-01 
  878.000  9.582347e-01 
  879.000  9.582042e-01 
  880.000  9.576243e-01 
  881.000  9.573043e-01 
  882.000  9.570019e-01 
  883.000  9.573261e-01 
  884.000  9.574653e-01 
  885.000  9.562647e-01 
  886.000  9.545888e-01 
  887.000  9.559091e-01 
  888.000  9.558451e-01 
  889.000  9.562647e-01 
  890.000  9.552955e-01 
  891.000  9.532899e-01 
  892.000  9.490310e-01 
  893.000  9.359758e-01 
  894.000  9.294887e-01 
  895.000  9.094185e-01 
  896.000  8.913615e-01 
  897.000  8.722250e-01 
  898.000  8.632343e-01 
  899.000  8.374130e-01 
  900.000  8.412263e-01 
  901.000  8.344486e-01 
  902.000  8.356126e-01 
  903.000  8.789248e-01 
  904.000  9.049693e-01 
  905.000  9.039754e-01 
  906.000  8.877029e-01 
  907.000  8.586777e-01 
  908.000  8.393747e-01 
  909.000  8.402427e-01 
  910.000  8.431822e-01 
  911.000  8.560293e-01 
  912.000  8.498141e-01 
  913.000  8.226290e-01 
  914.000  8.360958e-01 
  915.000  8.466201e-01 
  916.000  8.494359e-01 
  917.000  8.550920e-01 
  918.000  8.624001e-01 
  919.000  8.872029e-01 
  920.000  9.057326e-01 
  921.000  9.016112e-01 
  922.000  9.012517e-01 
  923.000  8.960726e-01 
  924.000  8.835914e-01 
  925.000  8.826385e-01 
  926.000  8.825617e-01 
  927.000  8.681040e-01 
  928.000  8.456852e-01 
  929.000  8.129207e-01 
  930.000  7.705140e-01 
  931.000  7.220407e-01 
  932.000  6.575046e-01 
  933.000  6.071407e-01 
  934.000  5.534262e-01 
  935.000  5.478056e-01 
  936.000  5.696734e-01 
  937.000  5.639138e-01 
  938.000  6.228793e-01 
  939.000  7.683886e-01 
  940.000  7.889839e-01 
  941.000  7.708852e-01 
  942.000  7.261503e-01 
  943.000  6.494446e-01 
  944.000  6.441098e-01 
  945.000  6.723342e-01 
  946.000  6.737181e-01 
  947.000  6.980616e-01 
  948.000  7.122211e-01 
  949.000  7.101563e-01 
  950.000  7.137104e-01 
  951.000  7.451608e-01 
  952.000  7.111399e-01 
  953.000  7.346528e-01 
  954.000  7.595176e-01 
  955.000  7.389266e-01 
  956.000  7.339268e-01 
  957.000  7.965773e-01 
  958.000  8.043269e-01 
  959.000  7.938498e-01 
  960.000  7.906997e-01 
  961.000  7.854007e-01 
  962.000  7.900002e-01 
  963.000  8.236507e-01 
  964.000  8.283535e-01 
  965.000  8.250479e-01 
  966.000  8.267440e-01 
  967.000  8.503323e-01 
  968.000  8.891568e-01 
  969.000  9.064218e-01 
  970.000  9.073024e-01 
  971.000  9.068787e-01 
  972.000  9.019827e-01 
  973.000  8.906093e-01 
  974.000  8.766477e-01 
  975.000  8.676186e-01 
  976.000  8.786439e-01 
  977.000  8.967202e-01 
  978.000  8.952100e-01 
  979.000  8.998163e-01 
  980.000  9.180391e-01 
  981.000  9.220265e-01 
  982.000  9.179343e-01 
  983.000  9.272079e-01 
  984.000  9.367225e-01 
  985.000  9.421016e-01 
  986.000  9.490300e-01 
  987.000  9.520121e-01 
  988.000  9.526824e-01 
  989.000  9.531093e-01 
  990.000  9.538335e-01 
  991.000  9.564025e-01 
  992.000  9.571310e-01 
  993.000  9.574022e-01 
  994.000  9.597164e-01 
  995.000  9.612970e-01 
  996.000  9.612898e-01 
  997.000  9.602839e-01 
  998.000  9.591122e-01 
  999.000  9.586841e-01 
 1000.000  9.590415e-01 
 1001.000  9.565902e-01 
 1002.000  9.526448e-01 
 1003.000  9.535860e-01 
 1004.000  9.558603e-01 
 1005.000  9.568998e-01 
 1006.000  9.572279e-01 
 1007.000  9.564778e-01 
 1008.000  9.532600e-01 
 1009.000  9.489484e-01 
 1010.000  9.508697e-01 
 1011.000  9.554430e-01 
 1012.000  9.571808e-01 
 1013.000  9.585311e-01 
 1014.000  9.590995e-01 
 1015.000  9.592035e-01 
 1016.000  9.598188e-01 
 1017.000  9.601721e-01 
 1018.000  9.593993e-01 
 1019.000  9.578227e-01 
 1020.000  9.583657e-01 
 1021.000  9.595101e-01 
 1022.000  9.575944e-01 
 1023.000  9.559799e-01 
 1024.000  9.550094e-01 
 1025.000  9.579531e-01 
 1026.000  9.592344e-01 
 1027.000  9.586715e-01 
 1028.000  9.591131e-01 
 1029.000  9.603958e-01 
 1030.000  9.615677e-01 
 1031.000  9.621686e-01 
 1032.000  9.626268e-01 
 1033.000  9.627345e-01 
 1034.000  9.629954e-01 
 1035.000  9.630877e-01 
 1036.000  9.629347e-01 
 1037.000  9.628921e-01 
 1038.000  9.629638e-01 
 1039.000  9.627886e-01 
 1040.000  9.626196e-01 
 1041.000  9.624841e-01 
 1042.000  9.624334e-01 
 1043.000  9.624022e-01 
 1044.000  9.622651e-01 
 1045.000  9.619163e-01 
 1046.000  9.616687e-01 
 1047.000  9.613621e-01 
 1048.000  9.609027e-01 
 1049.000  9.604006e-01 
 1050.000  9.600005e-01 
 1051.000  9.595041e-01 
 1052.000  9.591191e-01 
 1053.000  9.590092e-01 
 1054.000  9.584645e-01 
 1055.000  9.579046e-01 
 1056.000  9.573914e-01 
 1057.000  9.562259e-01 
 1058.000  9.541586e-01 
 1059.000  9.541780e-01 
 1060.000  9.550771e-01 
 1061.000  9.547707e-01 
 1062.000  9.534124e-01 
 1063.000  9.527471e-01 
 1064.000  9.515212e-01 
 1065.000  9.502451e-01 
 1066.000  9.503245e-01 
 1067.000  9.495452e-01 
 1068.000  9.471229e-01 
 1069.000  9.462774e-01 
 1070.000  9.468989e-01 
 1071.000  9.455197e-01 
 1072.000  9.440187e-01 
 1073.000  9.438437e-01 
 1074.000  9.442115e-01 
 1075.000  9.467543e-01 
 1076.000  9.453600e-01 
 1077.000  9.434370e-01 
 1078.000  9.411489e-01 
 1079.000  9.409375e-01 
 1080.000  9.346066e-01 
 1081.000  9.343149e-01 
 1082.000  9.372090e-01 
 1083.000  9.338922e-01 
 1084.000  9.302292e-01 
 1085.000  9.213567e-01 
 1086.000  9.235159e-01 
 1087.000  9.333925e-01 
 1088.000  9.338146e-01 
 1089.000  9.219418e-01 
 1090.000  9.197536e-01 
 1091.000  9.220930e-01 
 1092.000  9.162273e-01 
 1093.000  9.029506e-01 
 1094.000  8.971530e-01 
 1095.000  8.981520e-01 
 1096.000  8.991005e-01 
 1097.000  8.965236e-01 
 1098.000  8.637307e-01 
 1099.000  8.354018e-01 
 1100.000  8.373867e-01 
 1101.000  8.413919e-01 
 1102.000  8.395962e-01 
 1103.000  8.423112e-01 
 1104.000  8.376542e-01 
 1105.000  8.257466e-01 
 1106.000  8.135376e-01 
 1107.000  8.167639e-01 
 1108.000  8.192517e-01 
 1109.000  8.300232e-01 
 1110.000  8.292149e-01 
 1111.000  8.236924e-01 
 1112.000  7.983026e-01 
 1113.000  7.634255e-01 
 1114.000  7.547184e-01 
 1115.000  7.110502e-01 
 1116.000  6.833978e-01 
 1117.000  6.168083e-01 
 1118.000  5.545176e-01 
 1119.000  5.212931e-01 
 1120.000  4.783200e-01 
 1121.000  4.688163e-01 
 1122.000  4.218403e-01 
 1123.000  4.484105e-01 
 1124.000  4.659979e-01 
 1125.000  4.569787e-01 
 1126.000  4.532235e-01 
 1127.000  4.568614e-01 
 1128.000  4.639812e-01 
 1129.000  5.089913e-01 
 1130.000  6.109233e-01 
 1131.000  6.394441e-01 
 1132.000  6.006135e-01 
 1133.000  5.267925e-01 
 1134.000  3.855759e-01 
 1135.000  3.965684e-01 
 1136.000  5.368683e-01 
 1137.000  6.089945e-01 
 1138.000  6.757168e-01 
 1139.000  6.944116e-01 
 1140.000  6.818787e-01 
 1141.000  6.556689e-01 
 1142.000  6.466479e-01 
 1143.000  6.179982e-01 
 1144.000  5.849892e-01 
 1145.000  5.363729e-01 
 1146.000  5.479205e-01 
 1147.000  5.857306e-01 
 1148.000  6.186768e-01 
 1149.000  6.315600e-01 
 1150.000  6.315176e-01 
