  320.000  3.293453e-01 
  321.000  3.860154e-01 
  322.000  3.640611e-01 
  323.000  3.918253e-01 
  324.000  4.191376e-01 
  325.000  3.988361e-01 
  326.000  4.320202e-01 
  327.000  4.411598e-01 
  328.000  4.213562e-01 
  329.000  4.591649e-01 
  330.000  4.650811e-01 
  331.000  4.533553e-01 
  332.000  4.759266e-01 
  333.000  4.824547e-01 
  334.000  4.770964e-01 
  335.000  4.934592e-01 
  336.000  5.000455e-01 
  337.000  4.972726e-01 
  338.000  5.049726e-01 
  339.000  5.128871e-01 
  340.000  5.115887e-01 
  341.000  5.192479e-01 
  342.000  5.248303e-01 
  343.000  5.276282e-01 
  344.000  5.281994e-01 
  345.000  5.357273e-01 
  346.000  5.404658e-01 
  347.000  5.443206e-01 
  348.000  5.479245e-01 
  349.000  5.519646e-01 
  350.000  5.554114e-01 
  351.000  5.588382e-01 
  352.000  5.616449e-01 
  353.000  5.656290e-01 
  354.000  5.690142e-01 
  355.000  5.721590e-01 
  356.000  5.752184e-01 
  357.000  5.779371e-01 
  358.000  5.808581e-01 
  359.000  5.837718e-01 
  360.000  5.867511e-01 
  361.000  5.905083e-01 
  362.000  5.944129e-01 
  363.000  5.980019e-01 
  364.000  6.012989e-01 
  365.000  6.043864e-01 
  366.000  6.075383e-01 
  367.000  6.105345e-01 
  368.000  6.134990e-01 
  369.000  6.164333e-01 
  370.000  6.193330e-01 
  371.000  6.222056e-01 
  372.000  6.250504e-01 
  373.000  6.278669e-01 
  374.000  6.306341e-01 
  375.000  6.333441e-01 
  376.000  6.359583e-01 
  377.000  6.384259e-01 
  378.000  6.407152e-01 
  379.000  6.430385e-01 
  380.000  6.455905e-01 
  381.000  6.484914e-01 
  382.000  6.514931e-01 
  383.000  6.543273e-01 
  384.000  6.570119e-01 
  385.000  6.595951e-01 
  386.000  6.621086e-01 
  387.000  6.645783e-01 
  388.000  6.670132e-01 
  389.000  6.694250e-01 
  390.000  6.718143e-01 
  391.000  6.741760e-01 
  392.000  6.765172e-01 
  393.000  6.788363e-01 
  394.000  6.811308e-01 
  395.000  6.833992e-01 
  396.000  6.856501e-01 
  397.000  6.878721e-01 
  398.000  6.900711e-01 
  399.000  6.922488e-01 
  400.000  6.943939e-01 
  401.000  6.965283e-01 
  402.000  6.986430e-01 
  403.000  7.007372e-01 
  404.000  7.028105e-01 
  405.000  7.048588e-01 
  406.000  7.068912e-01 
  407.000  7.089054e-01 
  408.000  7.108999e-01 
  409.000  7.128727e-01 
  410.000  7.148247e-01 
  411.000  7.167554e-01 
  412.000  7.186634e-01 
  413.000  7.205585e-01 
  414.000  7.223159e-01 
  415.000  7.242153e-01 
  416.000  7.260886e-01 
  417.000  7.279289e-01 
  418.000  7.297253e-01 
  419.000  7.315001e-01 
  420.000  7.332572e-01 
  421.000  7.350023e-01 
  422.000  7.367349e-01 
  423.000  7.384531e-01 
  424.000  7.401496e-01 
  425.000  7.418057e-01 
  426.000  7.434443e-01 
  427.000  7.450671e-01 
  428.000  7.466596e-01 
  429.000  7.482287e-01 
  430.000  7.497783e-01 
  431.000  7.513151e-01 
  432.000  7.528346e-01 
  433.000  7.543386e-01 
  434.000  7.558287e-01 
  435.000  7.573032e-01 
  436.000  7.587600e-01 
  437.000  7.602001e-01 
  438.000  7.616226e-01 
  439.000  7.630332e-01 
  440.000  7.644201e-01 
  441.000  7.657884e-01 
  442.000  7.671342e-01 
  443.000  7.684588e-01 
  444.000  7.697617e-01 
  445.000  7.710357e-01 
  446.000  7.722736e-01 
  447.000  7.735710e-01 
  448.000  7.749611e-01 
  449.000  7.763672e-01 
  450.000  7.777452e-01 
  451.000  7.790686e-01 
  452.000  7.803447e-01 
  453.000  7.815940e-01 
  454.000  7.828199e-01 
  455.000  7.839740e-01 
  456.000  7.850344e-01 
  457.000  7.860944e-01 
  458.000  7.871397e-01 
  459.000  7.881623e-01 
  460.000  7.891762e-01 
  461.000  7.901789e-01 
  462.000  7.911620e-01 
  463.000  7.921404e-01 
  464.000  7.934135e-01 
  465.000  7.946666e-01 
  466.000  7.958969e-01 
  467.000  7.970980e-01 
  468.000  7.980759e-01 
  469.000  7.989177e-01 
  470.000  7.996915e-01 
  471.000  8.003878e-01 
  472.000  8.009789e-01 
  473.000  8.013931e-01 
  474.000  8.017332e-01 
  475.000  8.018205e-01 
  476.000  8.016522e-01 
  477.000  8.016487e-01 
  478.000  8.026323e-01 
  479.000  8.041287e-01 
  480.000  8.057426e-01 
  481.000  8.071893e-01 
  482.000  8.085453e-01 
  483.000  8.097233e-01 
  484.000  8.107353e-01 
  485.000  8.116398e-01 
  486.000  8.126041e-01 
  487.000  8.136186e-01 
  488.000  8.146001e-01 
  489.000  8.155631e-01 
  490.000  8.165142e-01 
  491.000  8.172587e-01 
  492.000  8.179390e-01 
  493.000  8.186157e-01 
  494.000  8.192731e-01 
  495.000  8.199302e-01 
  496.000  8.202687e-01 
  497.000  8.205943e-01 
  498.000  8.209151e-01 
  499.000  8.212186e-01 
  500.000  8.215172e-01 
  501.000  8.217826e-01 
  502.000  8.220479e-01 
  503.000  8.223100e-01 
  504.000  8.225600e-01 
  505.000  8.227962e-01 
  506.000  8.234881e-01 
  507.000  8.241998e-01 
  508.000  8.249102e-01 
  509.000  8.256121e-01 
  510.000  8.262989e-01 
  511.000  8.269144e-01 
  512.000  8.275086e-01 
  513.000  8.280991e-01 
  514.000  8.286822e-01 
  515.000  8.292600e-01 
  516.000  8.296727e-01 
  517.000  8.299372e-01 
  518.000  8.301944e-01 
  519.000  8.304467e-01 
  520.000  8.306965e-01 
  521.000  8.309202e-01 
  522.000  8.310816e-01 
  523.000  8.311979e-01 
  524.000  8.313181e-01 
  525.000  8.314129e-01 
  526.000  8.315458e-01 
  527.000  8.315672e-01 
  528.000  8.315434e-01 
  529.000  8.315183e-01 
  530.000  8.314988e-01 
  531.000  8.314828e-01 
  532.000  8.315187e-01 
  533.000  8.318428e-01 
  534.000  8.322520e-01 
  535.000  8.327137e-01 
  536.000  8.331599e-01 
  537.000  8.335680e-01 
  538.000  8.339329e-01 
  539.000  8.342709e-01 
  540.000  8.345879e-01 
  541.000  8.348956e-01 
  542.000  8.351899e-01 
  543.000  8.354736e-01 
  544.000  8.356881e-01 
  545.000  8.358462e-01 
  546.000  8.359970e-01 
  547.000  8.361520e-01 
  548.000  8.362991e-01 
  549.000  8.364440e-01 
  550.000  8.365143e-01 
  551.000  8.365106e-01 
  552.000  8.365098e-01 
  553.000  8.364937e-01 
  554.000  8.364705e-01 
  555.000  8.364433e-01 
  556.000  8.363881e-01 
  557.000  8.362843e-01 
  558.000  8.361722e-01 
  559.000  8.360471e-01 
  560.000  8.358905e-01 
  561.000  8.357053e-01 
  562.000  8.354105e-01 
  563.000  8.351896e-01 
  564.000  8.349110e-01 
  565.000  8.345175e-01 
  566.000  8.341667e-01 
  567.000  8.334476e-01 
  568.000  8.316088e-01 
  569.000  8.280715e-01 
  570.000  8.282720e-01 
  571.000  8.302383e-01 
  572.000  8.276494e-01 
  573.000  8.278907e-01 
  574.000  8.277776e-01 
  575.000  8.274769e-01 
  576.000  8.276514e-01 
  577.000  8.286308e-01 
  578.000  8.299929e-01 
  579.000  8.314639e-01 
  580.000  8.331699e-01 
  581.000  8.353648e-01 
  582.000  8.370134e-01 
  583.000  8.382322e-01 
  584.000  8.392943e-01 
  585.000  8.401881e-01 
  586.000  8.410068e-01 
  587.000  8.406267e-01 
  588.000  8.366460e-01 
  589.000  8.298433e-01 
  590.000  8.297071e-01 
  591.000  8.349265e-01 
  592.000  8.325844e-01 
  593.000  8.384365e-01 
  594.000  8.374552e-01 
  595.000  8.337520e-01 
  596.000  8.391234e-01 
  597.000  8.375812e-01 
  598.000  8.395408e-01 
  599.000  8.401462e-01 
  600.000  8.418533e-01 
  601.000  8.429118e-01 
  602.000  8.430433e-01 
  603.000  8.437374e-01 
  604.000  8.447325e-01 
  605.000  8.455170e-01 
  606.000  8.461565e-01 
  607.000  8.467764e-01 
  608.000  8.473946e-01 
  609.000  8.479878e-01 
  610.000  8.486052e-01 
  611.000  8.492913e-01 
  612.000  8.499630e-01 
  613.000  8.506137e-01 
  614.000  8.512450e-01 
  615.000  8.518744e-01 
  616.000  8.524806e-01 
  617.000  8.530532e-01 
  618.000  8.535330e-01 
  619.000  8.539388e-01 
  620.000  8.543144e-01 
  621.000  8.546371e-01 
  622.000  8.549069e-01 
  623.000  8.550873e-01 
  624.000  8.552796e-01 
  625.000  8.554410e-01 
  626.000  8.553857e-01 
  627.000  8.531457e-01 
  628.000  8.291630e-01 
  629.000  8.446419e-01 
  630.000  8.462935e-01 
  631.000  8.507532e-01 
  632.000  8.523339e-01 
  633.000  8.564488e-01 
  634.000  8.589385e-01 
  635.000  8.603739e-01 
  636.000  8.619825e-01 
  637.000  8.633832e-01 
  638.000  8.653845e-01 
  639.000  8.664837e-01 
  640.000  8.679838e-01 
  641.000  8.689786e-01 
  642.000  8.701138e-01 
  643.000  8.702130e-01 
  644.000  8.709342e-01 
  645.000  8.706557e-01 
  646.000  8.673156e-01 
  647.000  8.651319e-01 
  648.000  8.625844e-01 
  649.000  8.658692e-01 
  650.000  8.716127e-01 
  651.000  8.720891e-01 
  652.000  8.679379e-01 
  653.000  8.737292e-01 
  654.000  8.736154e-01 
  655.000  8.721530e-01 
  656.000  8.732988e-01 
  657.000  8.747855e-01 
  658.000  8.770297e-01 
  659.000  8.785378e-01 
  660.000  8.794636e-01 
  661.000  8.812724e-01 
  662.000  8.823354e-01 
  663.000  8.826741e-01 
  664.000  8.833655e-01 
  665.000  8.840121e-01 
  666.000  8.847240e-01 
  667.000  8.853700e-01 
  668.000  8.860728e-01 
  669.000  8.866566e-01 
  670.000  8.872054e-01 
  671.000  8.877669e-01 
  672.000  8.882978e-01 
  673.000  8.888229e-01 
  674.000  8.893446e-01 
  675.000  8.898656e-01 
  676.000  8.903597e-01 
  677.000  8.908128e-01 
  678.000  8.912655e-01 
  679.000  8.916765e-01 
  680.000  8.919103e-01 
  681.000  8.920769e-01 
  682.000  8.924220e-01 
  683.000  8.926800e-01 
  684.000  8.926620e-01 
  685.000  8.933384e-01 
  686.000  8.904468e-01 
  687.000  7.831321e-01 
  688.000  8.164652e-01 
  689.000  8.073427e-01 
  690.000  8.245953e-01 
  691.000  8.486919e-01 
  692.000  8.654687e-01 
  693.000  8.691176e-01 
  694.000  8.688532e-01 
  695.000  8.754507e-01 
  696.000  8.790647e-01 
  697.000  8.911008e-01 
  698.000  8.890263e-01 
  699.000  8.788670e-01 
  700.000  8.807877e-01 
  701.000  8.786240e-01 
  702.000  8.804963e-01 
  703.000  8.893365e-01 
  704.000  8.898631e-01 
  705.000  8.864273e-01 
  706.000  8.872550e-01 
  707.000  8.886642e-01 
  708.000  8.901727e-01 
  709.000  8.931200e-01 
  710.000  8.902543e-01 
  711.000  8.934487e-01 
  712.000  8.961810e-01 
  713.000  8.942374e-01 
  714.000  8.936862e-01 
  715.000  8.904701e-01 
  716.000  8.871740e-01 
  717.000  8.645256e-01 
  718.000  8.503612e-01 
  719.000  8.453221e-01 
  720.000  8.373343e-01 
  721.000  8.720101e-01 
  722.000  8.840397e-01 
  723.000  8.774509e-01 
  724.000  8.581774e-01 
  725.000  8.612465e-01 
  726.000  8.603889e-01 
  727.000  8.632308e-01 
  728.000  8.602549e-01 
  729.000  8.677979e-01 
  730.000  8.665207e-01 
  731.000  8.649626e-01 
  732.000  8.775502e-01 
  733.000  8.893740e-01 
  734.000  8.950211e-01 
  735.000  8.930994e-01 
  736.000  8.894500e-01 
  737.000  8.922960e-01 
  738.000  8.961744e-01 
  739.000  8.978643e-01 
  740.000  9.015389e-01 
  741.000  9.036767e-01 
  742.000  9.045877e-01 
  743.000  9.065569e-01 
  744.000  9.074852e-01 
  745.000  9.082130e-01 
  746.000  9.087979e-01 
  747.000  9.090165e-01 
  748.000  9.095888e-01 
  749.000  9.099206e-01 
  750.000  9.098898e-01 
  751.000  9.100776e-01 
  752.000  9.105883e-01 
  753.000  9.108566e-01 
  754.000  9.110889e-01 
  755.000  9.112744e-01 
  756.000  9.114638e-01 
  757.000  9.115974e-01 
  758.000  9.103162e-01 
  759.000  8.534926e-01 
  760.000  4.184801e-01 
  761.000  3.757780e-01 
  762.000  6.323769e-01 
  763.000  5.536250e-01 
  764.000  5.927009e-01 
  765.000  6.806930e-01 
  766.000  7.856791e-01 
  767.000  8.382111e-01 
  768.000  8.724191e-01 
  769.000  8.949316e-01 
  770.000  9.067245e-01 
  771.000  9.125564e-01 
  772.000  9.139599e-01 
  773.000  9.146075e-01 
  774.000  9.154003e-01 
  775.000  9.158208e-01 
  776.000  9.161132e-01 
  777.000  9.162405e-01 
  778.000  9.162956e-01 
  779.000  9.163330e-01 
  780.000  9.163646e-01 
  781.000  9.165953e-01 
  782.000  9.166209e-01 
  783.000  9.166524e-01 
  784.000  9.165540e-01 
  785.000  9.157832e-01 
  786.000  9.145453e-01 
  787.000  9.118112e-01 
  788.000  9.103825e-01 
  789.000  9.051230e-01 
  790.000  9.047142e-01 
  791.000  9.057635e-01 
  792.000  9.067292e-01 
  793.000  9.089251e-01 
  794.000  9.135118e-01 
  795.000  9.107831e-01 
  796.000  9.033536e-01 
  797.000  9.055366e-01 
  798.000  9.102898e-01 
  799.000  9.092523e-01 
  800.000  9.058577e-01 
  801.000  9.063059e-01 
  802.000  9.059954e-01 
  803.000  9.065337e-01 
  804.000  9.081790e-01 
  805.000  9.112982e-01 
  806.000  9.131663e-01 
  807.000  9.132831e-01 
  808.000  9.122817e-01 
  809.000  9.110441e-01 
  810.000  9.096897e-01 
  811.000  9.068574e-01 
  812.000  9.030297e-01 
  813.000  8.983087e-01 
  814.000  8.920297e-01 
  815.000  8.841709e-01 
  816.000  8.738589e-01 
  817.000  8.745236e-01 
  818.000  8.754131e-01 
  819.000  8.788286e-01 
  820.000  8.901784e-01 
  821.000  9.029977e-01 
  822.000  8.933167e-01 
  823.000  8.656398e-01 
  824.000  8.890596e-01 
  825.000  9.037904e-01 
  826.000  9.012662e-01 
  827.000  8.994454e-01 
  828.000  8.897722e-01 
  829.000  8.933156e-01 
  830.000  8.972481e-01 
  831.000  8.981753e-01 
  832.000  8.985585e-01 
  833.000  9.008128e-01 
  834.000  9.034513e-01 
  835.000  9.086590e-01 
  836.000  9.070007e-01 
  837.000  9.068319e-01 
  838.000  9.093853e-01 
  839.000  9.109355e-01 
  840.000  9.115170e-01 
  841.000  9.098791e-01 
  842.000  9.113947e-01 
  843.000  9.149517e-01 
  844.000  9.165693e-01 
  845.000  9.173205e-01 
  846.000  9.181212e-01 
  847.000  9.190057e-01 
  848.000  9.176126e-01 
  849.000  9.178255e-01 
  850.000  9.171583e-01 
  851.000  9.163668e-01 
  852.000  9.164779e-01 
  853.000  9.178630e-01 
  854.000  9.178209e-01 
  855.000  9.185355e-01 
  856.000  9.200072e-01 
  857.000  9.206371e-01 
  858.000  9.209828e-01 
  859.000  9.217038e-01 
  860.000  9.220757e-01 
  861.000  9.221576e-01 
  862.000  9.223693e-01 
  863.000  9.224235e-01 
  864.000  9.225783e-01 
  865.000  9.227102e-01 
  866.000  9.227674e-01 
  867.000  9.227777e-01 
  868.000  9.228233e-01 
  869.000  9.228872e-01 
  870.000  9.228905e-01 
  871.000  9.229521e-01 
  872.000  9.230613e-01 
  873.000  9.230094e-01 
  874.000  9.229941e-01 
  875.000  9.230123e-01 
  876.000  9.229001e-01 
  877.000  9.228569e-01 
  878.000  9.224185e-01 
  879.000  9.224145e-01 
  880.000  9.220456e-01 
  881.000  9.218469e-01 
  882.000  9.216666e-01 
  883.000  9.218948e-01 
  884.000  9.220053e-01 
  885.000  9.212223e-01 
  886.000  9.201223e-01 
  887.000  9.210243e-01 
  888.000  9.209987e-01 
  889.000  9.212947e-01 
  890.000  9.206730e-01 
  891.000  9.193560e-01 
  892.000  9.165691e-01 
  893.000  9.078834e-01 
  894.000  9.035819e-01 
  895.000  8.901022e-01 
  896.000  8.779376e-01 
  897.000  8.649874e-01 
  898.000  8.588865e-01 
  899.000  8.410841e-01 
  900.000  8.437756e-01 
  901.000  8.390744e-01 
  902.000  8.398455e-01 
  903.000  8.696965e-01 
  904.000  8.874238e-01 
  905.000  8.867316e-01 
  906.000  8.756790e-01 
  907.000  8.558038e-01 
  908.000  8.424847e-01 
  909.000  8.431225e-01 
  910.000  8.451813e-01 
  911.000  8.540815e-01 
  912.000  8.497947e-01 
  913.000  8.308915e-01 
  914.000  8.402879e-01 
  915.000  8.475816e-01 
  916.000  8.495197e-01 
  917.000  8.534093e-01 
  918.000  8.584310e-01 
  919.000  8.754172e-01 
  920.000  8.879899e-01 
  921.000  8.851830e-01 
  922.000  8.849429e-01 
  923.000  8.814369e-01 
  924.000  8.729516e-01 
  925.000  8.723637e-01 
  926.000  8.724582e-01 
  927.000  8.627008e-01 
  928.000  8.474594e-01 
  929.000  8.249431e-01 
  930.000  7.953496e-01 
  931.000  7.608545e-01 
  932.000  7.142661e-01 
  933.000  6.764509e-01 
  934.000  6.347713e-01 
  935.000  6.304947e-01 
  936.000  6.479011e-01 
  937.000  6.431918e-01 
  938.000  6.884006e-01 
  939.000  7.954525e-01 
  940.000  8.099889e-01 
  941.000  7.970251e-01 
  942.000  7.647658e-01 
  943.000  7.080327e-01 
  944.000  7.041166e-01 
  945.000  7.254038e-01 
  946.000  7.263331e-01 
  947.000  7.441708e-01 
  948.000  7.544845e-01 
  949.000  7.528531e-01 
  950.000  7.554045e-01 
  951.000  7.781807e-01 
  952.000  7.532978e-01 
  953.000  7.702954e-01 
  954.000  7.880682e-01 
  955.000  7.730868e-01 
  956.000  7.692183e-01 
  957.000  8.139099e-01 
  958.000  8.192390e-01 
  959.000  8.117307e-01 
  960.000  8.094159e-01 
  961.000  8.055942e-01 
  962.000  8.087927e-01 
  963.000  8.324218e-01 
  964.000  8.356577e-01 
  965.000  8.332903e-01 
  966.000  8.344143e-01 
  967.000  8.507603e-01 
  968.000  8.773751e-01 
  969.000  8.890781e-01 
  970.000  8.896568e-01 
  971.000  8.893716e-01 
  972.000  8.860669e-01 
  973.000  8.783448e-01 
  974.000  8.688069e-01 
  975.000  8.626122e-01 
  976.000  8.701881e-01 
  977.000  8.825337e-01 
  978.000  8.814876e-01 
  979.000  8.845988e-01 
  980.000  8.969386e-01 
  981.000  8.996194e-01 
  982.000  8.968385e-01 
  983.000  9.030833e-01 
  984.000  9.094756e-01 
  985.000  9.130807e-01 
  986.000  9.177161e-01 
  987.000  9.197069e-01 
  988.000  9.201554e-01 
  989.000  9.204434e-01 
  990.000  9.209324e-01 
  991.000  9.226308e-01 
  992.000  9.231267e-01 
  993.000  9.233162e-01 
  994.000  9.248733e-01 
  995.000  9.259301e-01 
  996.000  9.259405e-01 
  997.000  9.252739e-01 
  998.000  9.245041e-01 
  999.000  9.242267e-01 
 1000.000  9.244761e-01 
 1001.000  9.228444e-01 
 1002.000  9.202409e-01 
 1003.000  9.208790e-01 
 1004.000  9.223822e-01 
 1005.000  9.230883e-01 
 1006.000  9.233029e-01 
 1007.000  9.228083e-01 
 1008.000  9.206880e-01 
 1009.000  9.178068e-01 
 1010.000  9.190963e-01 
 1011.000  9.221534e-01 
 1012.000  9.232945e-01 
 1013.000  9.241941e-01 
 1014.000  9.245744e-01 
 1015.000  9.246401e-01 
 1016.000  9.250510e-01 
 1017.000  9.252916e-01 
 1018.000  9.247671e-01 
 1019.000  9.237123e-01 
 1020.000  9.240705e-01 
 1021.000  9.248363e-01 
 1022.000  9.235460e-01 
 1023.000  9.224538e-01 
 1024.000  9.218196e-01 
 1025.000  9.237593e-01 
 1026.000  9.246012e-01 
 1027.000  9.242126e-01 
 1028.000  9.244889e-01 
 1029.000  9.253275e-01 
 1030.000  9.260899e-01 
 1031.000  9.264697e-01 
 1032.000  9.267507e-01 
 1033.000  9.267993e-01 
 1034.000  9.269481e-01 
 1035.000  9.269613e-01 
 1036.000  9.267709e-01 
 1037.000  9.266697e-01 
 1038.000  9.267094e-01 
 1039.000  9.265681e-01 
 1040.000  9.264150e-01 
 1041.000  9.262906e-01 
 1042.000  9.262337e-01 
 1043.000  9.261831e-01 
 1044.000  9.260435e-01 
 1045.000  9.257472e-01 
 1046.000  9.255252e-01 
 1047.000  9.252391e-01 
 1048.000  9.247504e-01 
 1049.000  9.241857e-01 
 1050.000  9.238254e-01 
 1051.000  9.234557e-01 
 1052.000  9.230996e-01 
 1053.000  9.229282e-01 
 1054.000  9.224695e-01 
 1055.000  9.219937e-01 
 1056.000  9.215025e-01 
 1057.000  9.205766e-01 
 1058.000  9.190242e-01 
 1059.000  9.188957e-01 
 1060.000  9.193673e-01 
 1061.000  9.190679e-01 
 1062.000  9.180048e-01 
 1063.000  9.173409e-01 
 1064.000  9.163338e-01 
 1065.000  9.154563e-01 
 1066.000  9.154907e-01 
 1067.000  9.149146e-01 
 1068.000  9.133692e-01 
 1069.000  9.132497e-01 
 1070.000  9.139684e-01 
 1071.000  9.133127e-01 
 1072.000  9.124876e-01 
 1073.000  9.125594e-01 
 1074.000  9.129887e-01 
 1075.000  9.148708e-01 
 1076.000  9.140995e-01 
 1077.000  9.129577e-01 
 1078.000  9.115620e-01 
 1079.000  9.115564e-01 
 1080.000  9.074067e-01 
 1081.000  9.073136e-01 
 1082.000  9.093565e-01 
 1083.000  9.072293e-01 
 1084.000  9.048463e-01 
 1085.000  8.989268e-01 
 1086.000  9.004683e-01 
 1087.000  9.072128e-01 
 1088.000  9.075602e-01 
 1089.000  8.996052e-01 
 1090.000  8.981923e-01 
 1091.000  8.998412e-01 
 1092.000  8.959466e-01 
 1093.000  8.869711e-01 
 1094.000  8.830585e-01 
 1095.000  8.837894e-01 
 1096.000  8.844956e-01 
 1097.000  8.828141e-01 
 1098.000  8.603469e-01 
 1099.000  8.407434e-01 
 1100.000  8.421748e-01 
 1101.000  8.450122e-01 
 1102.000  8.438447e-01 
 1103.000  8.457912e-01 
 1104.000  8.425977e-01 
 1105.000  8.343498e-01 
 1106.000  8.257917e-01 
 1107.000  8.281760e-01 
 1108.000  8.300793e-01 
 1109.000  8.378243e-01 
 1110.000  8.375120e-01 
 1111.000  8.337876e-01 
 1112.000  8.160777e-01 
 1113.000  7.916226e-01 
 1114.000  7.859445e-01 
 1115.000  7.548640e-01 
 1116.000  7.348125e-01 
 1117.000  6.847695e-01 
 1118.000  6.368912e-01 
 1119.000  6.111112e-01 
 1120.000  5.764808e-01 
 1121.000  5.688181e-01 
 1122.000  5.289506e-01 
 1123.000  5.522631e-01 
 1124.000  5.674157e-01 
 1125.000  5.598164e-01 
 1126.000  5.565389e-01 
 1127.000  5.593989e-01 
 1128.000  5.650162e-01 
 1129.000  6.021645e-01 
 1130.000  6.834946e-01 
 1131.000  7.054781e-01 
 1132.000  6.756642e-01 
 1133.000  6.166785e-01 
 1134.000  4.963650e-01 
 1135.000  5.060538e-01 
 1136.000  6.243482e-01 
 1137.000  6.812694e-01 
 1138.000  7.316773e-01 
 1139.000  7.448118e-01 
 1140.000  7.354579e-01 
 1141.000  7.154102e-01 
 1142.000  7.086337e-01 
 1143.000  6.868395e-01 
 1144.000  6.611707e-01 
 1145.000  6.225982e-01 
 1146.000  6.318252e-01 
 1147.000  6.616772e-01 
 1148.000  6.871888e-01 
 1149.000  6.968737e-01 
 1150.000  6.963878e-01 
