  320.000  8.014979e-02 
  321.000  1.065691e-01 
  322.000  9.593989e-02 
  323.000  1.094645e-01 
  324.000  1.235334e-01 
  325.000  1.130039e-01 
  326.000  1.304296e-01 
  327.000  1.354224e-01 
  328.000  1.247092e-01 
  329.000  1.455003e-01 
  330.000  1.488816e-01 
  331.000  1.422136e-01 
  332.000  1.551690e-01 
  333.000  1.590090e-01 
  334.000  1.558541e-01 
  335.000  1.655760e-01 
  336.000  1.695625e-01 
  337.000  1.678790e-01 
  338.000  1.725722e-01 
  339.000  1.774557e-01 
  340.000  1.766504e-01 
  341.000  1.814243e-01 
  342.000  1.849392e-01 
  343.000  1.867120e-01 
  344.000  1.870749e-01 
  345.000  1.918861e-01 
  346.000  1.949423e-01 
  347.000  1.974443e-01 
  348.000  1.997962e-01 
  349.000  2.024475e-01 
  350.000  2.047216e-01 
  351.000  2.069936e-01 
  352.000  2.088628e-01 
  353.000  2.115288e-01 
  354.000  2.138058e-01 
  355.000  2.159309e-01 
  356.000  2.180071e-01 
  357.000  2.198595e-01 
  358.000  2.218574e-01 
  359.000  2.238583e-01 
  360.000  2.259125e-01 
  361.000  2.285149e-01 
  362.000  2.312333e-01 
  363.000  2.337446e-01 
  364.000  2.360622e-01 
  365.000  2.382416e-01 
  366.000  2.404757e-01 
  367.000  2.426079e-01 
  368.000  2.447257e-01 
  369.000  2.468301e-01 
  370.000  2.489174e-01 
  371.000  2.509929e-01 
  372.000  2.530558e-01 
  373.000  2.551056e-01 
  374.000  2.571266e-01 
  375.000  2.591126e-01 
  376.000  2.610350e-01 
  377.000  2.628553e-01 
  378.000  2.645490e-01 
  379.000  2.662728e-01 
  380.000  2.681719e-01 
  381.000  2.703381e-01 
  382.000  2.725876e-01 
  383.000  2.747191e-01 
  384.000  2.767449e-01 
  385.000  2.787004e-01 
  386.000  2.806090e-01 
  387.000  2.824899e-01 
  388.000  2.843499e-01 
  389.000  2.861974e-01 
  390.000  2.880329e-01 
  391.000  2.898525e-01 
  392.000  2.916611e-01 
  393.000  2.934576e-01 
  394.000  2.952399e-01 
  395.000  2.970065e-01 
  396.000  2.987641e-01 
  397.000  3.005038e-01 
  398.000  3.022297e-01 
  399.000  3.039433e-01 
  400.000  3.056354e-01 
  401.000  3.073232e-01 
  402.000  3.089995e-01 
  403.000  3.106635e-01 
  404.000  3.123148e-01 
  405.000  3.139499e-01 
  406.000  3.155762e-01 
  407.000  3.171915e-01 
  408.000  3.187947e-01 
  409.000  3.203839e-01 
  410.000  3.219598e-01 
  411.000  3.235219e-01 
  412.000  3.250689e-01 
  413.000  3.266086e-01 
  414.000  3.280394e-01 
  415.000  3.295888e-01 
  416.000  3.311203e-01 
  417.000  3.326277e-01 
  418.000  3.341020e-01 
  419.000  3.355615e-01 
  420.000  3.370093e-01 
  421.000  3.384498e-01 
  422.000  3.398828e-01 
  423.000  3.413065e-01 
  424.000  3.427147e-01 
  425.000  3.440920e-01 
  426.000  3.454570e-01 
  427.000  3.468112e-01 
  428.000  3.481426e-01 
  429.000  3.494564e-01 
  430.000  3.507562e-01 
  431.000  3.520472e-01 
  432.000  3.533259e-01 
  433.000  3.545935e-01 
  434.000  3.558514e-01 
  435.000  3.570980e-01 
  436.000  3.583317e-01 
  437.000  3.595529e-01 
  438.000  3.607611e-01 
  439.000  3.619609e-01 
  440.000  3.631423e-01 
  441.000  3.643095e-01 
  442.000  3.654592e-01 
  443.000  3.665923e-01 
  444.000  3.677083e-01 
  445.000  3.688011e-01 
  446.000  3.698642e-01 
  447.000  3.709799e-01 
  448.000  3.721770e-01 
  449.000  3.733896e-01 
  450.000  3.745797e-01 
  451.000  3.757241e-01 
  452.000  3.768292e-01 
  453.000  3.779124e-01 
  454.000  3.789767e-01 
  455.000  3.799798e-01 
  456.000  3.809025e-01 
  457.000  3.818260e-01 
  458.000  3.827375e-01 
  459.000  3.836302e-01 
  460.000  3.845162e-01 
  461.000  3.853933e-01 
  462.000  3.862541e-01 
  463.000  3.871116e-01 
  464.000  3.882287e-01 
  465.000  3.893297e-01 
  466.000  3.904119e-01 
  467.000  3.914698e-01 
  468.000  3.923320e-01 
  469.000  3.930748e-01 
  470.000  3.937582e-01 
  471.000  3.943737e-01 
  472.000  3.948964e-01 
  473.000  3.952630e-01 
  474.000  3.955640e-01 
  475.000  3.956413e-01 
  476.000  3.954923e-01 
  477.000  3.954892e-01 
  478.000  3.963604e-01 
  479.000  3.976873e-01 
  480.000  3.991207e-01 
  481.000  4.004075e-01 
  482.000  4.016153e-01 
  483.000  4.026659e-01 
  484.000  4.035693e-01 
  485.000  4.043776e-01 
  486.000  4.052401e-01 
  487.000  4.061484e-01 
  488.000  4.070280e-01 
  489.000  4.078918e-01 
  490.000  4.087458e-01 
  491.000  4.094148e-01 
  492.000  4.100265e-01 
  493.000  4.106354e-01 
  494.000  4.112273e-01 
  495.000  4.118193e-01 
  496.000  4.121245e-01 
  497.000  4.124181e-01 
  498.000  4.127074e-01 
  499.000  4.129812e-01 
  500.000  4.132507e-01 
  501.000  4.134903e-01 
  502.000  4.137299e-01 
  503.000  4.139666e-01 
  504.000  4.141925e-01 
  505.000  4.144059e-01 
  506.000  4.150314e-01 
  507.000  4.156753e-01 
  508.000  4.163184e-01 
  509.000  4.169543e-01 
  510.000  4.175768e-01 
  511.000  4.181351e-01 
  512.000  4.186744e-01 
  513.000  4.192108e-01 
  514.000  4.197406e-01 
  515.000  4.202658e-01 
  516.000  4.206412e-01 
  517.000  4.208818e-01 
  518.000  4.211159e-01 
  519.000  4.213456e-01 
  520.000  4.215730e-01 
  521.000  4.217768e-01 
  522.000  4.219238e-01 
  523.000  4.220298e-01 
  524.000  4.221393e-01 
  525.000  4.222257e-01 
  526.000  4.223468e-01 
  527.000  4.223663e-01 
  528.000  4.223446e-01 
  529.000  4.223217e-01 
  530.000  4.223040e-01 
  531.000  4.222894e-01 
  532.000  4.223221e-01 
  533.000  4.226175e-01 
  534.000  4.229906e-01 
  535.000  4.234117e-01 
  536.000  4.238190e-01 
  537.000  4.241916e-01 
  538.000  4.245248e-01 
  539.000  4.248336e-01 
  540.000  4.251234e-01 
  541.000  4.254046e-01 
  542.000  4.256737e-01 
  543.000  4.259332e-01 
  544.000  4.261295e-01 
  545.000  4.262742e-01 
  546.000  4.264121e-01 
  547.000  4.265540e-01 
  548.000  4.266887e-01 
  549.000  4.268214e-01 
  550.000  4.268857e-01 
  551.000  4.268824e-01 
  552.000  4.268816e-01 
  553.000  4.268668e-01 
  554.000  4.268456e-01 
  555.000  4.268207e-01 
  556.000  4.267701e-01 
  557.000  4.266751e-01 
  558.000  4.265725e-01 
  559.000  4.264578e-01 
  560.000  4.263143e-01 
  561.000  4.261441e-01 
  562.000  4.257770e-01 
  563.000  4.255665e-01 
  564.000  4.252876e-01 
  565.000  4.248584e-01 
  566.000  4.245827e-01 
  567.000  4.236597e-01 
  568.000  4.210275e-01 
  569.000  4.157117e-01 
  570.000  4.163988e-01 
  571.000  4.199298e-01 
  572.000  4.162417e-01 
  573.000  4.170557e-01 
  574.000  4.171907e-01 
  575.000  4.168936e-01 
  576.000  4.170646e-01 
  577.000  4.182807e-01 
  578.000  4.201044e-01 
  579.000  4.217132e-01 
  580.000  4.232391e-01 
  581.000  4.253962e-01 
  582.000  4.268897e-01 
  583.000  4.278532e-01 
  584.000  4.287406e-01 
  585.000  4.293877e-01 
  586.000  4.300189e-01 
  587.000  4.288812e-01 
  588.000  4.216971e-01 
  589.000  4.102843e-01 
  590.000  4.097603e-01 
  591.000  4.178818e-01 
  592.000  4.138484e-01 
  593.000  4.230973e-01 
  594.000  4.212606e-01 
  595.000  4.150486e-01 
  596.000  4.239361e-01 
  597.000  4.216946e-01 
  598.000  4.251710e-01 
  599.000  4.264473e-01 
  600.000  4.295715e-01 
  601.000  4.314845e-01 
  602.000  4.319725e-01 
  603.000  4.329787e-01 
  604.000  4.341702e-01 
  605.000  4.350650e-01 
  606.000  4.357011e-01 
  607.000  4.363153e-01 
  608.000  4.368947e-01 
  609.000  4.374485e-01 
  610.000  4.380207e-01 
  611.000  4.386564e-01 
  612.000  4.392793e-01 
  613.000  4.398829e-01 
  614.000  4.404689e-01 
  615.000  4.410535e-01 
  616.000  4.416169e-01 
  617.000  4.421492e-01 
  618.000  4.425955e-01 
  619.000  4.429732e-01 
  620.000  4.433230e-01 
  621.000  4.436235e-01 
  622.000  4.438747e-01 
  623.000  4.440427e-01 
  624.000  4.442214e-01 
  625.000  4.443702e-01 
  626.000  4.440621e-01 
  627.000  4.410958e-01 
  628.000  4.242984e-01 
  629.000  4.343562e-01 
  630.000  4.371448e-01 
  631.000  4.405079e-01 
  632.000  4.398218e-01 
  633.000  4.444419e-01 
  634.000  4.465970e-01 
  635.000  4.476676e-01 
  636.000  4.492773e-01 
  637.000  4.506008e-01 
  638.000  4.529851e-01 
  639.000  4.539681e-01 
  640.000  4.555484e-01 
  641.000  4.564039e-01 
  642.000  4.576173e-01 
  643.000  4.571458e-01 
  644.000  4.578165e-01 
  645.000  4.568932e-01 
  646.000  4.507062e-01 
  647.000  4.465436e-01 
  648.000  4.418434e-01 
  649.000  4.467755e-01 
  650.000  4.559036e-01 
  651.000  4.562895e-01 
  652.000  4.489753e-01 
  653.000  4.582269e-01 
  654.000  4.576398e-01 
  655.000  4.547902e-01 
  656.000  4.563084e-01 
  657.000  4.584413e-01 
  658.000  4.618694e-01 
  659.000  4.640336e-01 
  660.000  4.651988e-01 
  661.000  4.677091e-01 
  662.000  4.691256e-01 
  663.000  4.692764e-01 
  664.000  4.700889e-01 
  665.000  4.707587e-01 
  666.000  4.715919e-01 
  667.000  4.723474e-01 
  668.000  4.732112e-01 
  669.000  4.738285e-01 
  670.000  4.743746e-01 
  671.000  4.749503e-01 
  672.000  4.754643e-01 
  673.000  4.759688e-01 
  674.000  4.764688e-01 
  675.000  4.769700e-01 
  676.000  4.774399e-01 
  677.000  4.778722e-01 
  678.000  4.783060e-01 
  679.000  4.786583e-01 
  680.000  4.786578e-01 
  681.000  4.785872e-01 
  682.000  4.788971e-01 
  683.000  4.789928e-01 
  684.000  4.786710e-01 
  685.000  4.795237e-01 
  686.000  4.772551e-01 
  687.000  3.998496e-01 
  688.000  4.239986e-01 
  689.000  4.170719e-01 
  690.000  4.297633e-01 
  691.000  4.462731e-01 
  692.000  4.559883e-01 
  693.000  4.509269e-01 
  694.000  4.438822e-01 
  695.000  4.511567e-01 
  696.000  4.554344e-01 
  697.000  4.734212e-01 
  698.000  4.698015e-01 
  699.000  4.538232e-01 
  700.000  4.565454e-01 
  701.000  4.530508e-01 
  702.000  4.557533e-01 
  703.000  4.692865e-01 
  704.000  4.699557e-01 
  705.000  4.644739e-01 
  706.000  4.656311e-01 
  707.000  4.676934e-01 
  708.000  4.699201e-01 
  709.000  4.744053e-01 
  710.000  4.697725e-01 
  711.000  4.746398e-01 
  712.000  4.788016e-01 
  713.000  4.755701e-01 
  714.000  4.745123e-01 
  715.000  4.692073e-01 
  716.000  4.636668e-01 
  717.000  4.289501e-01 
  718.000  4.079323e-01 
  719.000  4.004419e-01 
  720.000  3.892902e-01 
  721.000  4.391376e-01 
  722.000  4.572845e-01 
  723.000  4.471031e-01 
  724.000  4.183812e-01 
  725.000  4.226210e-01 
  726.000  4.213250e-01 
  727.000  4.254170e-01 
  728.000  4.210469e-01 
  729.000  4.320697e-01 
  730.000  4.302209e-01 
  731.000  4.279807e-01 
  732.000  4.466675e-01 
  733.000  4.647903e-01 
  734.000  4.736102e-01 
  735.000  4.705586e-01 
  736.000  4.648329e-01 
  737.000  4.692042e-01 
  738.000  4.752159e-01 
  739.000  4.778278e-01 
  740.000  4.835986e-01 
  741.000  4.869513e-01 
  742.000  4.883767e-01 
  743.000  4.914787e-01 
  744.000  4.927148e-01 
  745.000  4.938060e-01 
  746.000  4.946784e-01 
  747.000  4.949305e-01 
  748.000  4.957233e-01 
  749.000  4.961954e-01 
  750.000  4.959314e-01 
  751.000  4.961129e-01 
  752.000  4.969519e-01 
  753.000  4.972992e-01 
  754.000  4.975740e-01 
  755.000  4.977547e-01 
  756.000  4.979439e-01 
  757.000  4.980749e-01 
  758.000  4.969544e-01 
  759.000  4.546281e-01 
  760.000  1.689763e-01 
  761.000  1.455291e-01 
  762.000  2.998593e-01 
  763.000  2.493110e-01 
  764.000  2.741017e-01 
  765.000  3.322350e-01 
  766.000  4.055057e-01 
  767.000  4.436829e-01 
  768.000  4.690692e-01 
  769.000  4.860061e-01 
  770.000  4.952778e-01 
  771.000  4.995341e-01 
  772.000  5.006282e-01 
  773.000  5.011140e-01 
  774.000  5.017601e-01 
  775.000  5.021778e-01 
  776.000  5.024789e-01 
  777.000  5.025632e-01 
  778.000  5.025458e-01 
  779.000  5.025182e-01 
  780.000  5.024880e-01 
  781.000  5.028547e-01 
  782.000  5.028132e-01 
  783.000  5.027840e-01 
  784.000  5.024948e-01 
  785.000  5.012351e-01 
  786.000  4.994792e-01 
  787.000  4.951372e-01 
  788.000  4.928636e-01 
  789.000  4.847449e-01 
  790.000  4.840578e-01 
  791.000  4.856028e-01 
  792.000  4.870368e-01 
  793.000  4.903629e-01 
  794.000  4.974145e-01 
  795.000  4.931232e-01 
  796.000  4.817258e-01 
  797.000  4.849926e-01 
  798.000  4.922193e-01 
  799.000  4.905850e-01 
  800.000  4.853478e-01 
  801.000  4.859844e-01 
  802.000  4.854673e-01 
  803.000  4.862480e-01 
  804.000  4.887317e-01 
  805.000  4.934818e-01 
  806.000  4.963292e-01 
  807.000  4.964677e-01 
  808.000  4.948709e-01 
  809.000  4.929051e-01 
  810.000  4.907474e-01 
  811.000  4.863218e-01 
  812.000  4.803714e-01 
  813.000  4.731082e-01 
  814.000  4.635693e-01 
  815.000  4.517628e-01 
  816.000  4.368194e-01 
  817.000  4.376182e-01 
  818.000  4.388327e-01 
  819.000  4.437810e-01 
  820.000  4.603368e-01 
  821.000  4.794138e-01 
  822.000  4.649027e-01 
  823.000  4.251119e-01 
  824.000  4.586064e-01 
  825.000  4.805482e-01 
  826.000  4.768402e-01 
  827.000  4.740682e-01 
  828.000  4.596563e-01 
  829.000  4.648382e-01 
  830.000  4.706765e-01 
  831.000  4.720691e-01 
  832.000  4.727161e-01 
  833.000  4.761105e-01 
  834.000  4.801164e-01 
  835.000  4.880639e-01 
  836.000  4.855337e-01 
  837.000  4.852877e-01 
  838.000  4.891622e-01 
  839.000  4.915257e-01 
  840.000  4.923903e-01 
  841.000  4.898561e-01 
  842.000  4.921544e-01 
  843.000  4.976081e-01 
  844.000  5.000958e-01 
  845.000  5.012611e-01 
  846.000  5.024865e-01 
  847.000  5.038362e-01 
  848.000  5.016340e-01 
  849.000  5.019249e-01 
  850.000  5.008408e-01 
  851.000  4.995489e-01 
  852.000  4.996873e-01 
  853.000  5.018464e-01 
  854.000  5.017412e-01 
  855.000  5.028327e-01 
  856.000  5.049413e-01 
  857.000  5.058765e-01 
  858.000  5.063344e-01 
  859.000  5.074887e-01 
  860.000  5.080225e-01 
  861.000  5.081300e-01 
  862.000  5.084972e-01 
  863.000  5.085496e-01 
  864.000  5.088031e-01 
  865.000  5.090114e-01 
  866.000  5.090705e-01 
  867.000  5.090384e-01 
  868.000  5.090753e-01 
  869.000  5.091480e-01 
  870.000  5.091030e-01 
  871.000  5.091719e-01 
  872.000  5.093336e-01 
  873.000  5.091817e-01 
  874.000  5.091016e-01 
  875.000  5.090865e-01 
  876.000  5.088181e-01 
  877.000  5.086840e-01 
  878.000  5.080779e-01 
  879.000  5.080369e-01 
  880.000  5.074659e-01 
  881.000  5.071169e-01 
  882.000  5.067816e-01 
  883.000  5.071287e-01 
  884.000  5.072720e-01 
  885.000  5.060747e-01 
  886.000  5.045784e-01 
  887.000  5.056854e-01 
  888.000  5.056102e-01 
  889.000  5.060315e-01 
  890.000  5.052289e-01 
  891.000  5.031807e-01 
  892.000  4.988594e-01 
  893.000  4.858119e-01 
  894.000  4.793108e-01 
  895.000  4.597544e-01 
  896.000  4.423435e-01 
  897.000  4.241476e-01 
  898.000  4.157044e-01 
  899.000  3.923762e-01 
  900.000  3.956605e-01 
  901.000  3.896760e-01 
  902.000  3.908743e-01 
  903.000  4.302086e-01 
  904.000  4.547545e-01 
  905.000  4.539262e-01 
  906.000  4.385758e-01 
  907.000  4.117898e-01 
  908.000  3.943858e-01 
  909.000  3.950832e-01 
  910.000  3.976783e-01 
  911.000  4.092140e-01 
  912.000  4.036338e-01 
  913.000  3.796176e-01 
  914.000  3.914631e-01 
  915.000  4.009036e-01 
  916.000  4.035088e-01 
  917.000  4.087111e-01 
  918.000  4.154435e-01 
  919.000  4.384332e-01 
  920.000  4.560819e-01 
  921.000  4.522468e-01 
  922.000  4.519362e-01 
  923.000  4.470290e-01 
  924.000  4.352771e-01 
  925.000  4.342089e-01 
  926.000  4.336611e-01 
  927.000  4.198361e-01 
  928.000  3.988338e-01 
  929.000  3.690928e-01 
  930.000  3.323160e-01 
  931.000  2.926587e-01 
  932.000  2.424598e-01 
  933.000  2.074841e-01 
  934.000  1.735656e-01 
  935.000  1.698997e-01 
  936.000  1.827673e-01 
  937.000  1.796416e-01 
  938.000  2.181676e-01 
  939.000  3.261071e-01 
  940.000  3.433205e-01 
  941.000  3.288002e-01 
  942.000  2.936034e-01 
  943.000  2.375009e-01 
  944.000  2.335823e-01 
  945.000  2.531259e-01 
  946.000  2.543912e-01 
  947.000  2.726414e-01 
  948.000  2.834737e-01 
  949.000  2.822597e-01 
  950.000  2.851039e-01 
  951.000  3.096272e-01 
  952.000  2.838115e-01 
  953.000  3.022469e-01 
  954.000  3.224009e-01 
  955.000  3.064910e-01 
  956.000  3.032948e-01 
  957.000  3.546159e-01 
  958.000  3.616365e-01 
  959.000  3.531534e-01 
  960.000  3.507990e-01 
  961.000  3.465948e-01 
  962.000  3.506625e-01 
  963.000  3.796316e-01 
  964.000  3.839318e-01 
  965.000  3.812623e-01 
  966.000  3.829741e-01 
  967.000  4.041054e-01 
  968.000  4.399861e-01 
  969.000  4.564877e-01 
  970.000  4.574313e-01 
  971.000  4.570552e-01 
  972.000  4.523647e-01 
  973.000  4.415959e-01 
  974.000  4.285938e-01 
  975.000  4.202995e-01 
  976.000  4.304617e-01 
  977.000  4.473936e-01 
  978.000  4.460669e-01 
  979.000  4.505374e-01 
  980.000  4.680342e-01 
  981.000  4.719663e-01 
  982.000  4.681106e-01 
  983.000  4.771783e-01 
  984.000  4.865460e-01 
  985.000  4.918955e-01 
  986.000  4.988118e-01 
  987.000  5.018274e-01 
  988.000  5.025299e-01 
  989.000  5.029808e-01 
  990.000  5.037187e-01 
  991.000  5.063011e-01 
  992.000  5.070363e-01 
  993.000  5.073126e-01 
  994.000  5.094320e-01 
  995.000  5.110229e-01 
  996.000  5.110086e-01 
  997.000  5.100286e-01 
  998.000  5.090376e-01 
  999.000  5.086059e-01 
 1000.000  5.089592e-01 
 1001.000  5.064918e-01 
 1002.000  5.025492e-01 
 1003.000  5.034860e-01 
 1004.000  5.057552e-01 
 1005.000  5.067933e-01 
 1006.000  5.071202e-01 
 1007.000  5.063660e-01 
 1008.000  5.031519e-01 
 1009.000  4.988608e-01 
 1010.000  5.007713e-01 
 1011.000  5.053328e-01 
 1012.000  5.070733e-01 
 1013.000  5.084412e-01 
 1014.000  5.090140e-01 
 1015.000  5.091206e-01 
 1016.000  5.097380e-01 
 1017.000  5.098916e-01 
 1018.000  5.093174e-01 
 1019.000  5.077273e-01 
 1020.000  5.082816e-01 
 1021.000  5.094246e-01 
 1022.000  5.074947e-01 
 1023.000  5.058802e-01 
 1024.000  5.049112e-01 
 1025.000  5.078564e-01 
 1026.000  5.091521e-01 
 1027.000  5.085922e-01 
 1028.000  5.090377e-01 
 1029.000  5.101502e-01 
 1030.000  5.113222e-01 
 1031.000  5.119107e-01 
 1032.000  5.123684e-01 
 1033.000  5.125081e-01 
 1034.000  5.127234e-01 
 1035.000  5.128960e-01 
 1036.000  5.127825e-01 
 1037.000  5.128002e-01 
 1038.000  5.129041e-01 
 1039.000  5.126954e-01 
 1040.000  5.125116e-01 
 1041.000  5.123658e-01 
 1042.000  5.123217e-01 
 1043.000  5.123104e-01 
 1044.000  5.121767e-01 
 1045.000  5.117771e-01 
 1046.000  5.115054e-01 
 1047.000  5.111803e-01 
 1048.000  5.107551e-01 
 1049.000  5.103456e-01 
 1050.000  5.099499e-01 
 1051.000  5.093780e-01 
 1052.000  5.089791e-01 
 1053.000  5.089037e-01 
 1054.000  5.083124e-01 
 1055.000  5.077094e-01 
 1056.000  5.071894e-01 
 1057.000  5.060102e-01 
 1058.000  5.040155e-01 
 1059.000  5.040627e-01 
 1060.000  5.049049e-01 
 1061.000  5.046025e-01 
 1062.000  5.033637e-01 
 1063.000  5.028298e-01 
 1064.000  5.017118e-01 
 1065.000  5.004278e-01 
 1066.000  5.005203e-01 
 1067.000  5.000570e-01 
 1068.000  4.976603e-01 
 1069.000  4.966236e-01 
 1070.000  4.971238e-01 
 1071.000  4.956722e-01 
 1072.000  4.941553e-01 
 1073.000  4.939413e-01 
 1074.000  4.942761e-01 
 1075.000  4.967493e-01 
 1076.000  4.953394e-01 
 1077.000  4.934151e-01 
 1078.000  4.911327e-01 
 1079.000  4.908944e-01 
 1080.000  4.846682e-01 
 1081.000  4.843650e-01 
 1082.000  4.871703e-01 
 1083.000  4.838851e-01 
 1084.000  4.802868e-01 
 1085.000  4.716870e-01 
 1086.000  4.737306e-01 
 1087.000  4.832608e-01 
 1088.000  4.836702e-01 
 1089.000  4.721208e-01 
 1090.000  4.699687e-01 
 1091.000  4.721701e-01 
 1092.000  4.664684e-01 
 1093.000  4.537759e-01 
 1094.000  4.482849e-01 
 1095.000  4.491659e-01 
 1096.000  4.499383e-01 
 1097.000  4.473904e-01 
 1098.000  4.169874e-01 
 1099.000  3.915173e-01 
 1100.000  3.932078e-01 
 1101.000  3.966700e-01 
 1102.000  3.949247e-01 
 1103.000  3.971822e-01 
 1104.000  3.929020e-01 
 1105.000  3.822730e-01 
 1106.000  3.717140e-01 
 1107.000  3.741992e-01 
 1108.000  3.759302e-01 
 1109.000  3.847116e-01 
 1110.000  3.832480e-01 
 1111.000  3.780443e-01 
 1112.000  3.558379e-01 
 1113.000  3.258423e-01 
 1114.000  3.172045e-01 
 1115.000  2.815787e-01 
 1116.000  2.602608e-01 
 1117.000  2.137095e-01 
 1118.000  1.732654e-01 
 1119.000  1.525795e-01 
 1120.000  1.285711e-01 
 1121.000  1.233471e-01 
 1122.000  1.007133e-01 
 1123.000  1.123736e-01 
 1124.000  1.204946e-01 
 1125.000  1.160932e-01 
 1126.000  1.144230e-01 
 1127.000  1.165228e-01 
 1128.000  1.205796e-01 
 1129.000  1.441071e-01 
 1130.000  2.031002e-01 
 1131.000  2.213102e-01 
 1132.000  1.963224e-01 
 1133.000  1.538087e-01 
 1134.000  8.583565e-02 
 1135.000  9.061062e-02 
 1136.000  1.602932e-01 
 1137.000  2.034862e-01 
 1138.000  2.487572e-01 
 1139.000  2.639910e-01 
 1140.000  2.551129e-01 
 1141.000  2.377324e-01 
 1142.000  2.314719e-01 
 1143.000  2.122637e-01 
 1144.000  1.914530e-01 
 1145.000  1.625316e-01 
 1146.000  1.692628e-01 
 1147.000  1.920860e-01 
 1148.000  2.131235e-01 
 1149.000  2.220327e-01 
 1150.000  2.230363e-01 
