  320.000  1.470995e-01 
  321.000  1.845898e-01 
  322.000  1.697637e-01 
  323.000  1.885753e-01 
  324.000  2.076490e-01 
  325.000  1.934185e-01 
  326.000  2.168351e-01 
  327.000  2.234241e-01 
  328.000  2.092225e-01 
  329.000  2.365764e-01 
  330.000  2.409471e-01 
  331.000  2.323079e-01 
  332.000  2.490215e-01 
  333.000  2.539200e-01 
  334.000  2.498972e-01 
  335.000  2.622422e-01 
  336.000  2.672614e-01 
  337.000  2.651448e-01 
  338.000  2.710350e-01 
  339.000  2.771295e-01 
  340.000  2.761269e-01 
  341.000  2.820572e-01 
  342.000  2.864032e-01 
  343.000  2.885889e-01 
  344.000  2.890357e-01 
  345.000  2.949440e-01 
  346.000  2.986813e-01 
  347.000  3.017322e-01 
  348.000  3.045928e-01 
  349.000  3.078094e-01 
  350.000  3.105615e-01 
  351.000  3.133050e-01 
  352.000  3.155575e-01 
  353.000  3.187630e-01 
  354.000  3.214945e-01 
  355.000  3.240382e-01 
  356.000  3.265186e-01 
  357.000  3.287275e-01 
  358.000  3.311058e-01 
  359.000  3.334832e-01 
  360.000  3.359196e-01 
  361.000  3.389996e-01 
  362.000  3.422093e-01 
  363.000  3.451677e-01 
  364.000  3.478921e-01 
  365.000  3.504492e-01 
  366.000  3.530654e-01 
  367.000  3.555579e-01 
  368.000  3.580290e-01 
  369.000  3.604802e-01 
  370.000  3.629073e-01 
  371.000  3.653166e-01 
  372.000  3.677072e-01 
  373.000  3.700787e-01 
  374.000  3.724132e-01 
  375.000  3.747036e-01 
  376.000  3.769172e-01 
  377.000  3.790102e-01 
  378.000  3.809550e-01 
  379.000  3.829317e-01 
  380.000  3.851067e-01 
  381.000  3.875835e-01 
  382.000  3.901513e-01 
  383.000  3.925804e-01 
  384.000  3.948857e-01 
  385.000  3.971076e-01 
  386.000  3.992732e-01 
  387.000  4.014044e-01 
  388.000  4.035091e-01 
  389.000  4.055969e-01 
  390.000  4.076685e-01 
  391.000  4.097193e-01 
  392.000  4.117554e-01 
  393.000  4.137751e-01 
  394.000  4.157764e-01 
  395.000  4.177578e-01 
  396.000  4.197266e-01 
  397.000  4.216730e-01 
  398.000  4.236019e-01 
  399.000  4.255146e-01 
  400.000  4.274013e-01 
  401.000  4.292810e-01 
  402.000  4.311459e-01 
  403.000  4.329951e-01 
  404.000  4.348281e-01 
  405.000  4.366413e-01 
  406.000  4.384427e-01 
  407.000  4.402302e-01 
  408.000  4.420023e-01 
  409.000  4.437573e-01 
  410.000  4.454958e-01 
  411.000  4.472173e-01 
  412.000  4.489206e-01 
  413.000  4.506143e-01 
  414.000  4.521866e-01 
  415.000  4.538877e-01 
  416.000  4.555676e-01 
  417.000  4.572195e-01 
  418.000  4.588337e-01 
  419.000  4.604303e-01 
  420.000  4.620126e-01 
  421.000  4.635856e-01 
  422.000  4.651490e-01 
  423.000  4.667010e-01 
  424.000  4.682348e-01 
  425.000  4.697337e-01 
  426.000  4.712180e-01 
  427.000  4.726894e-01 
  428.000  4.741349e-01 
  429.000  4.755602e-01 
  430.000  4.769691e-01 
  431.000  4.783676e-01 
  432.000  4.797516e-01 
  433.000  4.811227e-01 
  434.000  4.824823e-01 
  435.000  4.838288e-01 
  436.000  4.851602e-01 
  437.000  4.864773e-01 
  438.000  4.877796e-01 
  439.000  4.890719e-01 
  440.000  4.903435e-01 
  441.000  4.915990e-01 
  442.000  4.928348e-01 
  443.000  4.940521e-01 
  444.000  4.952502e-01 
  445.000  4.964227e-01 
  446.000  4.975628e-01 
  447.000  4.987584e-01 
  448.000  5.000405e-01 
  449.000  5.013384e-01 
  450.000  5.026113e-01 
  451.000  5.038346e-01 
  452.000  5.050151e-01 
  453.000  5.061716e-01 
  454.000  5.073072e-01 
  455.000  5.083770e-01 
  456.000  5.093604e-01 
  457.000  5.103443e-01 
  458.000  5.113149e-01 
  459.000  5.122650e-01 
  460.000  5.132076e-01 
  461.000  5.141402e-01 
  462.000  5.150551e-01 
  463.000  5.159661e-01 
  464.000  5.171522e-01 
  465.000  5.183206e-01 
  466.000  5.194684e-01 
  467.000  5.205897e-01 
  468.000  5.215032e-01 
  469.000  5.222899e-01 
  470.000  5.230134e-01 
  471.000  5.236647e-01 
  472.000  5.242178e-01 
  473.000  5.246055e-01 
  474.000  5.249238e-01 
  475.000  5.250056e-01 
  476.000  5.248480e-01 
  477.000  5.248447e-01 
  478.000  5.257658e-01 
  479.000  5.271680e-01 
  480.000  5.286815e-01 
  481.000  5.300394e-01 
  482.000  5.313130e-01 
  483.000  5.324203e-01 
  484.000  5.333720e-01 
  485.000  5.342231e-01 
  486.000  5.351308e-01 
  487.000  5.360864e-01 
  488.000  5.370114e-01 
  489.000  5.379193e-01 
  490.000  5.388166e-01 
  491.000  5.395193e-01 
  492.000  5.401616e-01 
  493.000  5.408007e-01 
  494.000  5.414218e-01 
  495.000  5.420428e-01 
  496.000  5.423628e-01 
  497.000  5.426707e-01 
  498.000  5.429741e-01 
  499.000  5.432611e-01 
  500.000  5.435436e-01 
  501.000  5.437947e-01 
  502.000  5.440459e-01 
  503.000  5.442938e-01 
  504.000  5.445305e-01 
  505.000  5.447541e-01 
  506.000  5.454092e-01 
  507.000  5.460833e-01 
  508.000  5.467565e-01 
  509.000  5.474219e-01 
  510.000  5.480731e-01 
  511.000  5.486569e-01 
  512.000  5.492208e-01 
  513.000  5.497814e-01 
  514.000  5.503350e-01 
  515.000  5.508837e-01 
  516.000  5.512757e-01 
  517.000  5.515271e-01 
  518.000  5.517715e-01 
  519.000  5.520113e-01 
  520.000  5.522487e-01 
  521.000  5.524614e-01 
  522.000  5.526149e-01 
  523.000  5.527255e-01 
  524.000  5.528398e-01 
  525.000  5.529299e-01 
  526.000  5.530562e-01 
  527.000  5.530766e-01 
  528.000  5.530540e-01 
  529.000  5.530301e-01 
  530.000  5.530116e-01 
  531.000  5.529964e-01 
  532.000  5.530306e-01 
  533.000  5.533387e-01 
  534.000  5.537280e-01 
  535.000  5.541673e-01 
  536.000  5.545920e-01 
  537.000  5.549805e-01 
  538.000  5.553278e-01 
  539.000  5.556497e-01 
  540.000  5.559517e-01 
  541.000  5.562448e-01 
  542.000  5.565251e-01 
  543.000  5.567955e-01 
  544.000  5.569999e-01 
  545.000  5.571506e-01 
  546.000  5.572943e-01 
  547.000  5.574420e-01 
  548.000  5.575823e-01 
  549.000  5.577205e-01 
  550.000  5.577875e-01 
  551.000  5.577840e-01 
  552.000  5.577831e-01 
  553.000  5.577678e-01 
  554.000  5.577457e-01 
  555.000  5.577198e-01 
  556.000  5.576671e-01 
  557.000  5.575682e-01 
  558.000  5.574613e-01 
  559.000  5.573418e-01 
  560.000  5.571921e-01 
  561.000  5.570145e-01 
  562.000  5.565861e-01 
  563.000  5.563629e-01 
  564.000  5.560608e-01 
  565.000  5.555807e-01 
  566.000  5.553143e-01 
  567.000  5.541980e-01 
  568.000  5.508079e-01 
  569.000  5.432971e-01 
  570.000  5.444260e-01 
  571.000  5.497561e-01 
  572.000  5.445786e-01 
  573.000  5.459126e-01 
  574.000  5.462489e-01 
  575.000  5.459176e-01 
  576.000  5.461058e-01 
  577.000  5.479137e-01 
  578.000  5.501528e-01 
  579.000  5.520495e-01 
  580.000  5.536234e-01 
  581.000  5.560003e-01 
  582.000  5.575876e-01 
  583.000  5.584618e-01 
  584.000  5.592452e-01 
  585.000  5.598474e-01 
  586.000  5.604279e-01 
  587.000  5.584151e-01 
  588.000  5.481001e-01 
  589.000  5.319940e-01 
  590.000  5.311291e-01 
  591.000  5.423288e-01 
  592.000  5.365881e-01 
  593.000  5.493826e-01 
  594.000  5.467146e-01 
  595.000  5.379555e-01 
  596.000  5.504191e-01 
  597.000  5.474096e-01 
  598.000  5.523829e-01 
  599.000  5.542877e-01 
  600.000  5.587810e-01 
  601.000  5.617660e-01 
  602.000  5.625083e-01 
  603.000  5.637881e-01 
  604.000  5.652317e-01 
  605.000  5.662404e-01 
  606.000  5.669215e-01 
  607.000  5.675777e-01 
  608.000  5.681818e-01 
  609.000  5.687580e-01 
  610.000  5.693510e-01 
  611.000  5.700094e-01 
  612.000  5.706543e-01 
  613.000  5.712791e-01 
  614.000  5.718855e-01 
  615.000  5.724903e-01 
  616.000  5.730729e-01 
  617.000  5.736233e-01 
  618.000  5.740847e-01 
  619.000  5.744750e-01 
  620.000  5.748364e-01 
  621.000  5.751469e-01 
  622.000  5.754064e-01 
  623.000  5.755800e-01 
  624.000  5.757642e-01 
  625.000  5.759170e-01 
  626.000  5.754787e-01 
  627.000  5.713848e-01 
  628.000  5.522840e-01 
  629.000  5.632837e-01 
  630.000  5.670801e-01 
  631.000  5.708634e-01 
  632.000  5.691249e-01 
  633.000  5.749286e-01 
  634.000  5.774640e-01 
  635.000  5.784931e-01 
  636.000  5.801049e-01 
  637.000  5.814782e-01 
  638.000  5.844194e-01 
  639.000  5.853015e-01 
  640.000  5.871758e-01 
  641.000  5.879519e-01 
  642.000  5.893262e-01 
  643.000  5.884024e-01 
  644.000  5.889740e-01 
  645.000  5.873790e-01 
  646.000  5.785881e-01 
  647.000  5.726124e-01 
  648.000  5.659154e-01 
  649.000  5.724885e-01 
  650.000  5.848660e-01 
  651.000  5.852100e-01 
  652.000  5.749546e-01 
  653.000  5.875075e-01 
  654.000  5.865160e-01 
  655.000  5.824111e-01 
  656.000  5.843193e-01 
  657.000  5.870882e-01 
  658.000  5.916313e-01 
  659.000  5.944313e-01 
  660.000  5.958526e-01 
  661.000  5.992604e-01 
  662.000  6.009626e-01 
  663.000  6.010666e-01 
  664.000  6.019338e-01 
  665.000  6.027489e-01 
  666.000  6.036928e-01 
  667.000  6.044897e-01 
  668.000  6.054583e-01 
  669.000  6.061141e-01 
  670.000  6.066798e-01 
  671.000  6.072834e-01 
  672.000  6.078089e-01 
  673.000  6.083229e-01 
  674.000  6.088315e-01 
  675.000  6.093418e-01 
  676.000  6.098177e-01 
  677.000  6.102561e-01 
  678.000  6.106964e-01 
  679.000  6.110353e-01 
  680.000  6.109344e-01 
  681.000  6.107731e-01 
  682.000  6.109752e-01 
  683.000  6.110342e-01 
  684.000  6.104562e-01 
  685.000  6.113945e-01 
  686.000  6.087646e-01 
  687.000  5.209938e-01 
  688.000  5.486762e-01 
  689.000  5.405423e-01 
  690.000  5.550494e-01 
  691.000  5.732391e-01 
  692.000  5.829710e-01 
  693.000  5.737246e-01 
  694.000  5.626869e-01 
  695.000  5.719022e-01 
  696.000  5.773739e-01 
  697.000  6.015689e-01 
  698.000  5.965140e-01 
  699.000  5.747370e-01 
  700.000  5.783200e-01 
  701.000  5.734927e-01 
  702.000  5.770591e-01 
  703.000  5.953066e-01 
  704.000  5.961217e-01 
  705.000  5.886115e-01 
  706.000  5.901042e-01 
  707.000  5.928231e-01 
  708.000  5.957659e-01 
  709.000  6.017706e-01 
  710.000  5.954124e-01 
  711.000  6.019331e-01 
  712.000  6.074986e-01 
  713.000  6.030349e-01 
  714.000  6.015158e-01 
  715.000  5.942245e-01 
  716.000  5.865963e-01 
  717.000  5.396178e-01 
  718.000  5.112571e-01 
  719.000  5.011128e-01 
  720.000  4.861449e-01 
  721.000  5.529497e-01 
  722.000  5.773492e-01 
  723.000  5.635330e-01 
  724.000  5.248203e-01 
  725.000  5.304291e-01 
  726.000  5.286456e-01 
  727.000  5.340946e-01 
  728.000  5.281885e-01 
  729.000  5.429500e-01 
  730.000  5.404357e-01 
  731.000  5.373991e-01 
  732.000  5.624843e-01 
  733.000  5.868904e-01 
  734.000  5.987711e-01 
  735.000  5.946007e-01 
  736.000  5.868277e-01 
  737.000  5.926942e-01 
  738.000  6.007800e-01 
  739.000  6.042746e-01 
  740.000  6.120448e-01 
  741.000  6.165454e-01 
  742.000  6.184369e-01 
  743.000  6.225982e-01 
  744.000  6.244841e-01 
  745.000  6.258257e-01 
  746.000  6.269556e-01 
  747.000  6.271820e-01 
  748.000  6.281880e-01 
  749.000  6.287299e-01 
  750.000  6.284032e-01 
  751.000  6.285859e-01 
  752.000  6.295397e-01 
  753.000  6.299276e-01 
  754.000  6.302258e-01 
  755.000  6.304078e-01 
  756.000  6.306004e-01 
  757.000  6.307327e-01 
  758.000  6.295515e-01 
  759.000  5.819881e-01 
  760.000  2.434835e-01 
  761.000  2.134705e-01 
  762.000  4.034079e-01 
  763.000  3.428803e-01 
  764.000  3.727121e-01 
  765.000  4.414744e-01 
  766.000  5.261291e-01 
  767.000  5.694838e-01 
  768.000  5.980552e-01 
  769.000  6.170073e-01 
  770.000  6.271925e-01 
  771.000  6.320153e-01 
  772.000  6.332204e-01 
  773.000  6.337571e-01 
  774.000  6.344272e-01 
  775.000  6.348497e-01 
  776.000  6.351588e-01 
  777.000  6.352260e-01 
  778.000  6.351774e-01 
  779.000  6.351215e-01 
  780.000  6.350645e-01 
  781.000  6.354942e-01 
  782.000  6.354233e-01 
  783.000  6.353675e-01 
  784.000  6.350340e-01 
  785.000  6.333296e-01 
  786.000  6.307609e-01 
  787.000  6.248823e-01 
  788.000  6.217901e-01 
  789.000  6.108409e-01 
  790.000  6.098868e-01 
  791.000  6.119344e-01 
  792.000  6.138354e-01 
  793.000  6.182817e-01 
  794.000  6.277417e-01 
  795.000  6.219391e-01 
  796.000  6.065927e-01 
  797.000  6.109537e-01 
  798.000  6.206411e-01 
  799.000  6.184173e-01 
  800.000  6.113520e-01 
  801.000  6.121809e-01 
  802.000  6.114603e-01 
  803.000  6.124840e-01 
  804.000  6.157978e-01 
  805.000  6.221584e-01 
  806.000  6.259634e-01 
  807.000  6.261241e-01 
  808.000  6.239496e-01 
  809.000  6.212784e-01 
  810.000  6.183475e-01 
  811.000  6.123691e-01 
  812.000  6.043416e-01 
  813.000  5.945588e-01 
  814.000  5.817340e-01 
  815.000  5.658833e-01 
  816.000  5.459061e-01 
  817.000  5.469311e-01 
  818.000  5.485258e-01 
  819.000  5.551186e-01 
  820.000  5.772273e-01 
  821.000  6.027550e-01 
  822.000  5.832945e-01 
  823.000  5.301911e-01 
  824.000  5.748393e-01 
  825.000  6.042032e-01 
  826.000  5.992314e-01 
  827.000  5.954956e-01 
  828.000  5.761839e-01 
  829.000  5.830934e-01 
  830.000  5.908923e-01 
  831.000  5.927445e-01 
  832.000  5.936081e-01 
  833.000  5.981426e-01 
  834.000  6.035014e-01 
  835.000  6.141527e-01 
  836.000  6.107419e-01 
  837.000  6.103986e-01 
  838.000  6.155794e-01 
  839.000  6.187352e-01 
  840.000  6.198767e-01 
  841.000  6.164562e-01 
  842.000  6.195227e-01 
  843.000  6.268281e-01 
  844.000  6.301534e-01 
  845.000  6.317002e-01 
  846.000  6.333283e-01 
  847.000  6.351228e-01 
  848.000  6.321424e-01 
  849.000  6.325127e-01 
  850.000  6.310354e-01 
  851.000  6.292797e-01 
  852.000  6.294462e-01 
  853.000  6.323279e-01 
  854.000  6.321685e-01 
  855.000  6.336167e-01 
  856.000  6.366369e-01 
  857.000  6.377623e-01 
  858.000  6.384468e-01 
  859.000  6.398861e-01 
  860.000  6.405882e-01 
  861.000  6.407078e-01 
  862.000  6.411451e-01 
  863.000  6.411973e-01 
  864.000  6.414954e-01 
  865.000  6.417383e-01 
  866.000  6.417987e-01 
  867.000  6.417484e-01 
  868.000  6.417819e-01 
  869.000  6.418588e-01 
  870.000  6.417930e-01 
  871.000  6.418655e-01 
  872.000  6.420504e-01 
  873.000  6.418551e-01 
  874.000  6.417468e-01 
  875.000  6.417171e-01 
  876.000  6.413804e-01 
  877.000  6.412543e-01 
  878.000  6.403402e-01 
  879.000  6.402728e-01 
  880.000  6.394838e-01 
  881.000  6.390129e-01 
  882.000  6.386273e-01 
  883.000  6.390579e-01 
  884.000  6.391684e-01 
  885.000  6.376929e-01 
  886.000  6.354245e-01 
  887.000  6.371654e-01 
  888.000  6.370534e-01 
  889.000  6.375695e-01 
  890.000  6.362174e-01 
  891.000  6.334494e-01 
  892.000  6.276289e-01 
  893.000  6.101285e-01 
  894.000  6.013963e-01 
  895.000  5.752701e-01 
  896.000  5.520386e-01 
  897.000  5.278059e-01 
  898.000  5.165742e-01 
  899.000  4.857449e-01 
  900.000  4.900365e-01 
  901.000  4.821425e-01 
  902.000  4.837442e-01 
  903.000  5.357199e-01 
  904.000  5.683134e-01 
  905.000  5.672228e-01 
  906.000  5.468190e-01 
  907.000  5.113297e-01 
  908.000  4.883400e-01 
  909.000  4.892319e-01 
  910.000  4.926355e-01 
  911.000  5.078436e-01 
  912.000  5.004714e-01 
  913.000  4.688489e-01 
  914.000  4.844218e-01 
  915.000  4.968655e-01 
  916.000  5.003077e-01 
  917.000  5.071852e-01 
  918.000  5.160891e-01 
  919.000  5.465397e-01 
  920.000  5.699981e-01 
  921.000  5.649019e-01 
  922.000  5.644799e-01 
  923.000  5.579423e-01 
  924.000  5.423217e-01 
  925.000  5.408474e-01 
  926.000  5.399995e-01 
  927.000  5.215809e-01 
  928.000  4.936923e-01 
  929.000  4.543863e-01 
  930.000  4.061042e-01 
  931.000  3.544758e-01 
  932.000  2.895846e-01 
  933.000  2.451261e-01 
  934.000  2.025978e-01 
  935.000  1.979674e-01 
  936.000  2.139084e-01 
  937.000  2.100782e-01 
  938.000  2.585904e-01 
  939.000  3.969295e-01 
  940.000  4.193510e-01 
  941.000  4.005519e-01 
  942.000  3.550869e-01 
  943.000  2.833187e-01 
  944.000  2.782975e-01 
  945.000  3.030948e-01 
  946.000  3.047614e-01 
  947.000  3.282018e-01 
  948.000  3.421527e-01 
  949.000  3.406657e-01 
  950.000  3.443543e-01 
  951.000  3.760187e-01 
  952.000  3.428287e-01 
  953.000  3.666627e-01 
  954.000  3.928425e-01 
  955.000  3.723351e-01 
  956.000  3.683558e-01 
  957.000  4.351236e-01 
  958.000  4.443897e-01 
  959.000  4.333797e-01 
  960.000  4.303627e-01 
  961.000  4.249202e-01 
  962.000  4.302699e-01 
  963.000  4.682238e-01 
  964.000  4.739037e-01 
  965.000  4.704398e-01 
  966.000  4.727304e-01 
  967.000  5.005709e-01 
  968.000  5.480486e-01 
  969.000  5.699836e-01 
  970.000  5.712531e-01 
  971.000  5.707528e-01 
  972.000  5.645084e-01 
  973.000  5.502049e-01 
  974.000  5.329777e-01 
  975.000  5.220070e-01 
  976.000  5.354418e-01 
  977.000  5.578798e-01 
  978.000  5.561339e-01 
  979.000  5.620853e-01 
  980.000  5.853528e-01 
  981.000  5.905963e-01 
  982.000  5.854772e-01 
  983.000  5.975625e-01 
  984.000  6.100588e-01 
  985.000  6.172014e-01 
  986.000  6.264424e-01 
  987.000  6.304746e-01 
  988.000  6.314126e-01 
  989.000  6.320122e-01 
  990.000  6.329938e-01 
  991.000  6.364419e-01 
  992.000  6.374180e-01 
  993.000  6.377801e-01 
  994.000  6.408901e-01 
  995.000  6.429004e-01 
  996.000  6.428750e-01 
  997.000  6.416306e-01 
  998.000  6.400449e-01 
  999.000  6.394584e-01 
 1000.000  6.399215e-01 
 1001.000  6.366125e-01 
 1002.000  6.313329e-01 
 1003.000  6.325763e-01 
 1004.000  6.356009e-01 
 1005.000  6.369803e-01 
 1006.000  6.374230e-01 
 1007.000  6.364064e-01 
 1008.000  6.321041e-01 
 1009.000  6.263679e-01 
 1010.000  6.289164e-01 
 1011.000  6.350126e-01 
 1012.000  6.373375e-01 
 1013.000  6.391699e-01 
 1014.000  6.399369e-01 
 1015.000  6.400835e-01 
 1016.000  6.409109e-01 
 1017.000  6.413894e-01 
 1018.000  6.403512e-01 
 1019.000  6.382247e-01 
 1020.000  6.389695e-01 
 1021.000  6.404998e-01 
 1022.000  6.379273e-01 
 1023.000  6.357781e-01 
 1024.000  6.344931e-01 
 1025.000  6.384383e-01 
 1026.000  6.401861e-01 
 1027.000  6.394483e-01 
 1028.000  6.400639e-01 
 1029.000  6.416584e-01 
 1030.000  6.432499e-01 
 1031.000  6.441251e-01 
 1032.000  6.447662e-01 
 1033.000  6.449056e-01 
 1034.000  6.452942e-01 
 1035.000  6.454900e-01 
 1036.000  6.454083e-01 
 1037.000  6.454763e-01 
 1038.000  6.456078e-01 
 1039.000  6.453694e-01 
 1040.000  6.451715e-01 
 1041.000  6.450156e-01 
 1042.000  6.449763e-01 
 1043.000  6.449813e-01 
 1044.000  6.448491e-01 
 1045.000  6.444032e-01 
 1046.000  6.441086e-01 
 1047.000  6.437647e-01 
 1048.000  6.433626e-01 
 1049.000  6.429982e-01 
 1050.000  6.425555e-01 
 1051.000  6.419020e-01 
 1052.000  6.414780e-01 
 1053.000  6.414196e-01 
 1054.000  6.407458e-01 
 1055.000  6.401127e-01 
 1056.000  6.395718e-01 
 1057.000  6.381575e-01 
 1058.000  6.355571e-01 
 1059.000  6.357490e-01 
 1060.000  6.370953e-01 
 1061.000  6.367839e-01 
 1062.000  6.351568e-01 
 1063.000  6.345974e-01 
 1064.000  6.332279e-01 
 1065.000  6.316877e-01 
 1066.000  6.318243e-01 
 1067.000  6.309151e-01 
 1068.000  6.276078e-01 
 1069.000  6.259091e-01 
 1070.000  6.263379e-01 
 1071.000  6.241717e-01 
 1072.000  6.219752e-01 
 1073.000  6.215161e-01 
 1074.000  6.217930e-01 
 1075.000  6.249393e-01 
 1076.000  6.229004e-01 
 1077.000  6.201849e-01 
 1078.000  6.170008e-01 
 1079.000  6.165515e-01 
 1080.000  6.081335e-01 
 1081.000  6.076295e-01 
 1082.000  6.112823e-01 
 1083.000  6.067975e-01 
 1084.000  6.019157e-01 
 1085.000  5.903863e-01 
 1086.000  5.930290e-01 
 1087.000  6.056519e-01 
 1088.000  6.061375e-01 
 1089.000  5.906927e-01 
 1090.000  5.877628e-01 
 1091.000  5.906291e-01 
 1092.000  5.829701e-01 
 1093.000  5.660660e-01 
 1094.000  5.587447e-01 
 1095.000  5.598679e-01 
 1096.000  5.608374e-01 
 1097.000  5.573890e-01 
 1098.000  5.171398e-01 
 1099.000  4.835519e-01 
 1100.000  4.857344e-01 
 1101.000  4.902457e-01 
 1102.000  4.878808e-01 
 1103.000  4.907995e-01 
 1104.000  4.851310e-01 
 1105.000  4.711195e-01 
 1106.000  4.572766e-01 
 1107.000  4.604409e-01 
 1108.000  4.625907e-01 
 1109.000  4.739498e-01 
 1110.000  4.718458e-01 
 1111.000  4.649271e-01 
 1112.000  4.357982e-01 
 1113.000  3.965552e-01 
 1114.000  3.850182e-01 
 1115.000  3.387782e-01 
 1116.000  3.113376e-01 
 1117.000  2.522875e-01 
 1118.000  2.014909e-01 
 1119.000  1.756695e-01 
 1120.000  1.461793e-01 
 1121.000  1.397750e-01 
 1122.000  1.125818e-01 
 1123.000  1.263660e-01 
 1124.000  1.360240e-01 
 1125.000  1.307210e-01 
 1126.000  1.287399e-01 
 1127.000  1.313193e-01 
 1128.000  1.363058e-01 
 1129.000  1.648640e-01 
 1130.000  2.374555e-01 
 1131.000  2.601591e-01 
 1132.000  2.289641e-01 
 1133.000  1.767184e-01 
 1134.000  9.510575e-02 
 1135.000  1.007657e-01 
 1136.000  1.848483e-01 
 1137.000  2.382901e-01 
 1138.000  2.952984e-01 
 1139.000  3.150071e-01 
 1140.000  3.037539e-01 
 1141.000  2.819556e-01 
 1142.000  2.740473e-01 
 1143.000  2.498824e-01 
 1144.000  2.239136e-01 
 1145.000  1.881157e-01 
 1146.000  1.964393e-01 
 1147.000  2.247689e-01 
 1148.000  2.510820e-01 
 1149.000  2.623633e-01 
 1150.000  2.638482e-01 
