  320.000  2.021301e-01 
  321.000  2.465946e-01 
  322.000  2.291586e-01 
  323.000  2.512514e-01 
  324.000  2.733739e-01 
  325.000  2.568940e-01 
  326.000  2.839371e-01 
  327.000  2.914796e-01 
  328.000  2.751873e-01 
  329.000  3.064536e-01 
  330.000  3.114065e-01 
  331.000  3.016055e-01 
  332.000  3.205274e-01 
  333.000  3.260428e-01 
  334.000  3.215144e-01 
  335.000  3.353830e-01 
  336.000  3.409984e-01 
  337.000  3.386319e-01 
  338.000  3.452114e-01 
  339.000  3.520005e-01 
  340.000  3.508849e-01 
  341.000  3.574762e-01 
  342.000  3.622957e-01 
  343.000  3.647160e-01 
  344.000  3.652105e-01 
  345.000  3.717406e-01 
  346.000  3.758629e-01 
  347.000  3.792232e-01 
  348.000  3.823702e-01 
  349.000  3.859044e-01 
  350.000  3.889246e-01 
  351.000  3.919321e-01 
  352.000  3.943988e-01 
  353.000  3.979055e-01 
  354.000  4.008901e-01 
  355.000  4.036668e-01 
  356.000  4.063717e-01 
  357.000  4.087785e-01 
  358.000  4.113674e-01 
  359.000  4.139532e-01 
  360.000  4.166007e-01 
  361.000  4.199443e-01 
  362.000  4.234245e-01 
  363.000  4.266287e-01 
  364.000  4.295765e-01 
  365.000  4.323406e-01 
  366.000  4.351661e-01 
  367.000  4.378555e-01 
  368.000  4.405195e-01 
  369.000  4.431598e-01 
  370.000  4.457719e-01 
  371.000  4.483628e-01 
  372.000  4.509315e-01 
  373.000  4.534776e-01 
  374.000  4.559819e-01 
  375.000  4.584371e-01 
  376.000  4.608082e-01 
  377.000  4.630485e-01 
  378.000  4.651287e-01 
  379.000  4.672419e-01 
  380.000  4.695653e-01 
  381.000  4.722092e-01 
  382.000  4.749480e-01 
  383.000  4.775370e-01 
  384.000  4.799919e-01 
  385.000  4.823565e-01 
  386.000  4.846595e-01 
  387.000  4.869245e-01 
  388.000  4.891598e-01 
  389.000  4.913758e-01 
  390.000  4.935731e-01 
  391.000  4.957471e-01 
  392.000  4.979041e-01 
  393.000  5.000424e-01 
  394.000  5.021600e-01 
  395.000  5.042552e-01 
  396.000  5.063360e-01 
  397.000  5.083919e-01 
  398.000  5.104280e-01 
  399.000  5.124461e-01 
  400.000  5.144355e-01 
  401.000  5.164164e-01 
  402.000  5.183808e-01 
  403.000  5.203274e-01 
  404.000  5.222561e-01 
  405.000  5.241629e-01 
  406.000  5.260564e-01 
  407.000  5.279343e-01 
  408.000  5.297951e-01 
  409.000  5.316370e-01 
  410.000  5.334607e-01 
  411.000  5.352657e-01 
  412.000  5.370507e-01 
  413.000  5.388249e-01 
  414.000  5.404711e-01 
  415.000  5.422515e-01 
  416.000  5.440087e-01 
  417.000  5.457360e-01 
  418.000  5.474231e-01 
  419.000  5.490910e-01 
  420.000  5.507433e-01 
  421.000  5.523852e-01 
  422.000  5.540165e-01 
  423.000  5.556350e-01 
  424.000  5.572341e-01 
  425.000  5.587960e-01 
  426.000  5.603422e-01 
  427.000  5.618743e-01 
  428.000  5.633788e-01 
  429.000  5.648618e-01 
  430.000  5.663273e-01 
  431.000  5.677813e-01 
  432.000  5.692198e-01 
  433.000  5.706442e-01 
  434.000  5.720563e-01 
  435.000  5.734542e-01 
  436.000  5.748361e-01 
  437.000  5.762027e-01 
  438.000  5.775533e-01 
  439.000  5.788932e-01 
  440.000  5.802112e-01 
  441.000  5.815122e-01 
  442.000  5.827923e-01 
  443.000  5.840528e-01 
  444.000  5.852931e-01 
  445.000  5.865065e-01 
  446.000  5.876860e-01 
  447.000  5.889227e-01 
  448.000  5.902483e-01 
  449.000  5.915899e-01 
  450.000  5.929052e-01 
  451.000  5.941689e-01 
  452.000  5.953880e-01 
  453.000  5.965819e-01 
  454.000  5.977540e-01 
  455.000  5.988578e-01 
  456.000  5.998724e-01 
  457.000  6.008870e-01 
  458.000  6.018878e-01 
  459.000  6.028671e-01 
  460.000  6.038386e-01 
  461.000  6.047995e-01 
  462.000  6.057420e-01 
  463.000  6.066803e-01 
  464.000  6.079015e-01 
  465.000  6.091042e-01 
  466.000  6.102854e-01 
  467.000  6.114390e-01 
  468.000  6.123785e-01 
  469.000  6.131876e-01 
  470.000  6.139314e-01 
  471.000  6.146010e-01 
  472.000  6.151695e-01 
  473.000  6.155679e-01 
  474.000  6.158950e-01 
  475.000  6.159790e-01 
  476.000  6.158171e-01 
  477.000  6.158138e-01 
  478.000  6.167601e-01 
  479.000  6.182005e-01 
  480.000  6.197547e-01 
  481.000  6.211486e-01 
  482.000  6.224556e-01 
  483.000  6.235916e-01 
  484.000  6.245677e-01 
  485.000  6.254405e-01 
  486.000  6.263712e-01 
  487.000  6.273507e-01 
  488.000  6.282986e-01 
  489.000  6.292289e-01 
  490.000  6.301481e-01 
  491.000  6.308677e-01 
  492.000  6.315254e-01 
  493.000  6.321798e-01 
  494.000  6.328157e-01 
  495.000  6.334513e-01 
  496.000  6.337788e-01 
  497.000  6.340939e-01 
  498.000  6.344044e-01 
  499.000  6.346981e-01 
  500.000  6.349871e-01 
  501.000  6.352441e-01 
  502.000  6.355010e-01 
  503.000  6.357547e-01 
  504.000  6.359967e-01 
  505.000  6.362255e-01 
  506.000  6.368955e-01 
  507.000  6.375849e-01 
  508.000  6.382732e-01 
  509.000  6.389535e-01 
  510.000  6.396192e-01 
  511.000  6.402159e-01 
  512.000  6.407921e-01 
  513.000  6.413648e-01 
  514.000  6.419304e-01 
  515.000  6.424910e-01 
  516.000  6.428914e-01 
  517.000  6.431481e-01 
  518.000  6.433977e-01 
  519.000  6.436425e-01 
  520.000  6.438850e-01 
  521.000  6.441023e-01 
  522.000  6.442589e-01 
  523.000  6.443719e-01 
  524.000  6.444886e-01 
  525.000  6.445805e-01 
  526.000  6.447096e-01 
  527.000  6.447304e-01 
  528.000  6.447073e-01 
  529.000  6.446829e-01 
  530.000  6.446640e-01 
  531.000  6.446484e-01 
  532.000  6.446833e-01 
  533.000  6.449980e-01 
  534.000  6.453953e-01 
  535.000  6.458437e-01 
  536.000  6.462772e-01 
  537.000  6.466737e-01 
  538.000  6.470281e-01 
  539.000  6.473566e-01 
  540.000  6.476647e-01 
  541.000  6.479638e-01 
  542.000  6.482497e-01 
  543.000  6.485256e-01 
  544.000  6.487342e-01 
  545.000  6.488878e-01 
  546.000  6.490344e-01 
  547.000  6.491851e-01 
  548.000  6.493282e-01 
  549.000  6.494691e-01 
  550.000  6.495374e-01 
  551.000  6.495338e-01 
  552.000  6.495330e-01 
  553.000  6.495174e-01 
  554.000  6.494948e-01 
  555.000  6.494684e-01 
  556.000  6.494147e-01 
  557.000  6.493137e-01 
  558.000  6.492047e-01 
  559.000  6.490829e-01 
  560.000  6.489303e-01 
  561.000  6.487493e-01 
  562.000  6.483351e-01 
  563.000  6.481094e-01 
  564.000  6.478068e-01 
  565.000  6.473332e-01 
  566.000  6.470510e-01 
  567.000  6.459704e-01 
  568.000  6.426352e-01 
  569.000  6.353447e-01 
  570.000  6.364122e-01 
  571.000  6.414664e-01 
  572.000  6.364989e-01 
  573.000  6.377608e-01 
  574.000  6.380626e-01 
  575.000  6.377277e-01 
  576.000  6.379171e-01 
  577.000  6.396827e-01 
  578.000  6.419127e-01 
  579.000  6.438013e-01 
  580.000  6.454142e-01 
  581.000  6.478127e-01 
  582.000  6.493945e-01 
  583.000  6.503122e-01 
  584.000  6.511649e-01 
  585.000  6.517690e-01 
  586.000  6.524121e-01 
  587.000  6.504954e-01 
  588.000  6.405801e-01 
  589.000  6.249876e-01 
  590.000  6.241700e-01 
  591.000  6.350727e-01 
  592.000  6.295153e-01 
  593.000  6.419407e-01 
  594.000  6.393750e-01 
  595.000  6.308918e-01 
  596.000  6.429576e-01 
  597.000  6.400203e-01 
  598.000  6.448105e-01 
  599.000  6.466268e-01 
  600.000  6.509418e-01 
  601.000  6.537234e-01 
  602.000  6.544877e-01 
  603.000  6.557689e-01 
  604.000  6.571864e-01 
  605.000  6.581737e-01 
  606.000  6.588563e-01 
  607.000  6.595146e-01 
  608.000  6.601276e-01 
  609.000  6.607126e-01 
  610.000  6.613158e-01 
  611.000  6.619856e-01 
  612.000  6.626415e-01 
  613.000  6.632768e-01 
  614.000  6.638933e-01 
  615.000  6.645082e-01 
  616.000  6.651005e-01 
  617.000  6.656599e-01 
  618.000  6.661288e-01 
  619.000  6.665255e-01 
  620.000  6.668927e-01 
  621.000  6.672082e-01 
  622.000  6.674718e-01 
  623.000  6.676482e-01 
  624.000  6.678355e-01 
  625.000  6.679912e-01 
  626.000  6.676052e-01 
  627.000  6.635697e-01 
  628.000  6.428588e-01 
  629.000  6.550115e-01 
  630.000  6.586552e-01 
  631.000  6.626920e-01 
  632.000  6.613253e-01 
  633.000  6.671197e-01 
  634.000  6.697381e-01 
  635.000  6.707191e-01 
  636.000  6.724703e-01 
  637.000  6.738616e-01 
  638.000  6.767473e-01 
  639.000  6.776622e-01 
  640.000  6.795224e-01 
  641.000  6.802920e-01 
  642.000  6.816906e-01 
  643.000  6.808488e-01 
  644.000  6.814430e-01 
  645.000  6.799220e-01 
  646.000  6.715136e-01 
  647.000  6.657978e-01 
  648.000  6.593689e-01 
  649.000  6.657509e-01 
  650.000  6.777003e-01 
  651.000  6.780587e-01 
  652.000  6.682088e-01 
  653.000  6.803213e-01 
  654.000  6.793933e-01 
  655.000  6.754728e-01 
  656.000  6.773356e-01 
  657.000  6.800197e-01 
  658.000  6.844071e-01 
  659.000  6.871185e-01 
  660.000  6.885070e-01 
  661.000  6.918267e-01 
  662.000  6.934946e-01 
  663.000  6.936145e-01 
  664.000  6.944796e-01 
  665.000  6.952797e-01 
  666.000  6.962104e-01 
  667.000  6.969978e-01 
  668.000  6.979327e-01 
  669.000  6.985818e-01 
  670.000  6.991484e-01 
  671.000  6.997492e-01 
  672.000  7.002786e-01 
  673.000  7.007972e-01 
  674.000  7.013106e-01 
  675.000  7.018253e-01 
  676.000  7.023066e-01 
  677.000  7.027495e-01 
  678.000  7.031941e-01 
  679.000  7.035454e-01 
  680.000  7.034926e-01 
  681.000  7.033560e-01 
  682.000  7.035760e-01 
  683.000  7.036451e-01 
  684.000  7.031043e-01 
  685.000  7.040379e-01 
  686.000  7.012370e-01 
  687.000  6.067287e-01 
  688.000  6.365104e-01 
  689.000  6.278434e-01 
  690.000  6.434001e-01 
  691.000  6.632231e-01 
  692.000  6.743555e-01 
  693.000  6.664424e-01 
  694.000  6.563279e-01 
  695.000  6.656258e-01 
  696.000  6.710817e-01 
  697.000  6.946899e-01 
  698.000  6.898080e-01 
  699.000  6.686081e-01 
  700.000  6.721302e-01 
  701.000  6.674247e-01 
  702.000  6.709166e-01 
  703.000  6.887013e-01 
  704.000  6.894963e-01 
  705.000  6.821910e-01 
  706.000  6.836477e-01 
  707.000  6.862979e-01 
  708.000  6.891630e-01 
  709.000  6.950012e-01 
  710.000  6.888326e-01 
  711.000  6.951742e-01 
  712.000  7.005818e-01 
  713.000  6.962684e-01 
  714.000  6.948177e-01 
  715.000  6.877756e-01 
  716.000  6.804354e-01 
  717.000  6.344685e-01 
  718.000  6.064584e-01 
  719.000  5.964124e-01 
  720.000  5.813887e-01 
  721.000  6.477429e-01 
  722.000  6.716505e-01 
  723.000  6.581290e-01 
  724.000  6.199676e-01 
  725.000  6.255621e-01 
  726.000  6.237853e-01 
  727.000  6.291718e-01 
  728.000  6.233084e-01 
  729.000  6.378903e-01 
  730.000  6.353725e-01 
  731.000  6.323323e-01 
  732.000  6.570262e-01 
  733.000  6.808551e-01 
  734.000  6.923842e-01 
  735.000  6.883180e-01 
  736.000  6.807443e-01 
  737.000  6.864535e-01 
  738.000  6.943112e-01 
  739.000  6.976984e-01 
  740.000  7.052234e-01 
  741.000  7.095748e-01 
  742.000  7.114013e-01 
  743.000  7.154221e-01 
  744.000  7.171438e-01 
  745.000  7.185766e-01 
  746.000  7.196357e-01 
  747.000  7.199075e-01 
  748.000  7.208831e-01 
  749.000  7.213960e-01 
  750.000  7.211024e-01 
  751.000  7.212862e-01 
  752.000  7.221872e-01 
  753.000  7.225587e-01 
  754.000  7.228482e-01 
  755.000  7.230312e-01 
  756.000  7.232239e-01 
  757.000  7.233567e-01 
  758.000  7.221391e-01 
  759.000  6.712949e-01 
  760.000  2.989736e-01 
  761.000  2.646035e-01 
  762.000  4.776943e-01 
  763.000  4.107805e-01 
  764.000  4.438465e-01 
  765.000  5.193706e-01 
  766.000  6.112053e-01 
  767.000  6.578092e-01 
  768.000  6.883772e-01 
  769.000  7.085910e-01 
  770.000  7.193471e-01 
  771.000  7.245259e-01 
  772.000  7.258010e-01 
  773.000  7.263738e-01 
  774.000  7.270767e-01 
  775.000  7.274999e-01 
  776.000  7.278073e-01 
  777.000  7.278833e-01 
  778.000  7.278497e-01 
  779.000  7.278072e-01 
  780.000  7.277629e-01 
  781.000  7.281649e-01 
  782.000  7.281078e-01 
  783.000  7.280646e-01 
  784.000  7.277558e-01 
  785.000  7.261052e-01 
  786.000  7.235809e-01 
  787.000  7.178816e-01 
  788.000  7.148855e-01 
  789.000  7.042319e-01 
  790.000  7.033097e-01 
  791.000  7.053108e-01 
  792.000  7.071639e-01 
  793.000  7.114929e-01 
  794.000  7.206912e-01 
  795.000  7.150568e-01 
  796.000  7.001076e-01 
  797.000  7.043665e-01 
  798.000  7.138041e-01 
  799.000  7.116417e-01 
  800.000  7.047622e-01 
  801.000  7.055736e-01 
  802.000  7.048735e-01 
  803.000  7.058728e-01 
  804.000  7.090998e-01 
  805.000  7.152903e-01 
  806.000  7.189882e-01 
  807.000  7.191464e-01 
  808.000  7.170382e-01 
  809.000  7.144487e-01 
  810.000  7.116101e-01 
  811.000  7.058051e-01 
  812.000  6.980037e-01 
  813.000  6.884736e-01 
  814.000  6.759434e-01 
  815.000  6.604131e-01 
  816.000  6.406689e-01 
  817.000  6.417234e-01 
  818.000  6.433130e-01 
  819.000  6.498183e-01 
  820.000  6.716124e-01 
  821.000  6.966469e-01 
  822.000  6.775785e-01 
  823.000  6.250135e-01 
  824.000  6.692503e-01 
  825.000  6.980424e-01 
  826.000  6.931413e-01 
  827.000  6.894869e-01 
  828.000  6.705359e-01 
  829.000  6.773344e-01 
  830.000  6.849806e-01 
  831.000  6.867840e-01 
  832.000  6.875979e-01 
  833.000  6.920243e-01 
  834.000  6.972461e-01 
  835.000  7.076196e-01 
  836.000  7.042859e-01 
  837.000  7.039387e-01 
  838.000  7.089862e-01 
  839.000  7.120537e-01 
  840.000  7.131643e-01 
  841.000  7.098325e-01 
  842.000  7.128168e-01 
  843.000  7.199193e-01 
  844.000  7.231448e-01 
  845.000  7.246456e-01 
  846.000  7.262247e-01 
  847.000  7.279662e-01 
  848.000  7.250777e-01 
  849.000  7.254403e-01 
  850.000  7.240099e-01 
  851.000  7.223079e-01 
  852.000  7.224714e-01 
  853.000  7.252697e-01 
  854.000  7.251145e-01 
  855.000  7.265198e-01 
  856.000  7.294489e-01 
  857.000  7.305868e-01 
  858.000  7.312425e-01 
  859.000  7.326429e-01 
  860.000  7.333251e-01 
  861.000  7.334394e-01 
  862.000  7.338447e-01 
  863.000  7.338973e-01 
  864.000  7.341751e-01 
  865.000  7.344023e-01 
  866.000  7.344624e-01 
  867.000  7.344207e-01 
  868.000  7.344559e-01 
  869.000  7.345312e-01 
  870.000  7.344751e-01 
  871.000  7.345463e-01 
  872.000  7.347207e-01 
  873.000  7.345456e-01 
  874.000  7.344506e-01 
  875.000  7.344278e-01 
  876.000  7.341227e-01 
  877.000  7.339985e-01 
  878.000  7.331064e-01 
  879.000  7.330450e-01 
  880.000  7.322747e-01 
  881.000  7.318255e-01 
  882.000  7.314374e-01 
  883.000  7.318162e-01 
  884.000  7.319836e-01 
  885.000  7.303975e-01 
  886.000  7.282870e-01 
  887.000  7.299886e-01 
  888.000  7.298835e-01 
  889.000  7.302948e-01 
  890.000  7.290899e-01 
  891.000  7.264059e-01 
  892.000  7.207571e-01 
  893.000  7.036839e-01 
  894.000  6.951714e-01 
  895.000  6.694617e-01 
  896.000  6.465158e-01 
  897.000  6.224642e-01 
  898.000  6.112688e-01 
  899.000  5.801382e-01 
  900.000  5.845445e-01 
  901.000  5.765138e-01 
  902.000  5.780692e-01 
  903.000  6.304629e-01 
  904.000  6.629120e-01 
  905.000  6.617799e-01 
  906.000  6.414754e-01 
  907.000  6.058964e-01 
  908.000  5.826665e-01 
  909.000  5.836059e-01 
  910.000  5.870707e-01 
  911.000  6.024607e-01 
  912.000  5.950013e-01 
  913.000  5.628282e-01 
  914.000  5.786970e-01 
  915.000  5.912945e-01 
  916.000  5.947445e-01 
  917.000  6.016495e-01 
  918.000  6.105833e-01 
  919.000  6.410671e-01 
  920.000  6.643393e-01 
  921.000  6.592473e-01 
  922.000  6.588174e-01 
  923.000  6.523245e-01 
  924.000  6.367733e-01 
  925.000  6.353834e-01 
  926.000  6.347489e-01 
  927.000  6.164939e-01 
  928.000  5.886534e-01 
  929.000  5.489818e-01 
  930.000  4.994743e-01 
  931.000  4.454581e-01 
  932.000  3.762947e-01 
  933.000  3.270311e-01 
  934.000  2.783540e-01 
  935.000  2.731014e-01 
  936.000  2.918017e-01 
  937.000  2.871830e-01 
  938.000  3.420933e-01 
  939.000  4.919123e-01 
  940.000  5.152459e-01 
  941.000  4.954188e-01 
  942.000  4.471549e-01 
  943.000  3.690813e-01 
  944.000  3.636186e-01 
  945.000  3.911034e-01 
  946.000  3.928029e-01 
  947.000  4.180981e-01 
  948.000  4.330454e-01 
  949.000  4.312851e-01 
  950.000  4.351775e-01 
  951.000  4.688694e-01 
  952.000  4.332351e-01 
  953.000  4.585411e-01 
  954.000  4.860230e-01 
  955.000  4.641519e-01 
  956.000  4.595990e-01 
  957.000  5.293738e-01 
  958.000  5.387430e-01 
  959.000  5.271944e-01 
  960.000  5.239385e-01 
  961.000  5.181912e-01 
  962.000  5.236396e-01 
  963.000  5.626165e-01 
  964.000  5.683349e-01 
  965.000  5.646983e-01 
  966.000  5.669358e-01 
  967.000  5.951384e-01 
  968.000  6.427271e-01 
  969.000  6.644653e-01 
  970.000  6.656787e-01 
  971.000  6.651700e-01 
  972.000  6.589865e-01 
  973.000  6.447672e-01 
  974.000  6.275459e-01 
  975.000  6.165286e-01 
  976.000  6.300047e-01 
  977.000  6.523904e-01 
  978.000  6.506097e-01 
  979.000  6.564779e-01 
  980.000  6.794968e-01 
  981.000  6.846390e-01 
  982.000  6.795430e-01 
  983.000  6.914262e-01 
  984.000  7.036845e-01 
  985.000  7.106677e-01 
  986.000  7.196907e-01 
  987.000  7.236112e-01 
  988.000  7.245129e-01 
  989.000  7.250881e-01 
  990.000  7.260402e-01 
  991.000  7.293992e-01 
  992.000  7.303491e-01 
  993.000  7.307005e-01 
  994.000  7.337318e-01 
  995.000  7.356851e-01 
  996.000  7.356607e-01 
  997.000  7.343538e-01 
  998.000  7.329105e-01 
  999.000  7.323405e-01 
 1000.000  7.327943e-01 
 1001.000  7.295689e-01 
 1002.000  7.244166e-01 
 1003.000  7.256322e-01 
 1004.000  7.285863e-01 
 1005.000  7.299333e-01 
 1006.000  7.303653e-01 
 1007.000  7.293756e-01 
 1008.000  7.251763e-01 
 1009.000  7.195704e-01 
 1010.000  7.220621e-01 
 1011.000  7.280157e-01 
 1012.000  7.302833e-01 
 1013.000  7.320683e-01 
 1014.000  7.328143e-01 
 1015.000  7.329558e-01 
 1016.000  7.337617e-01 
 1017.000  7.342281e-01 
 1018.000  7.332160e-01 
 1019.000  7.311428e-01 
 1020.000  7.318693e-01 
 1021.000  7.333621e-01 
 1022.000  7.308534e-01 
 1023.000  7.287557e-01 
 1024.000  7.275006e-01 
 1025.000  7.313490e-01 
 1026.000  7.330511e-01 
 1027.000  7.323298e-01 
 1028.000  7.329270e-01 
 1029.000  7.345268e-01 
 1030.000  7.360771e-01 
 1031.000  7.368757e-01 
 1032.000  7.374998e-01 
 1033.000  7.376801e-01 
 1034.000  7.380539e-01 
 1035.000  7.382331e-01 
 1036.000  7.381358e-01 
 1037.000  7.381797e-01 
 1038.000  7.382982e-01 
 1039.000  7.380734e-01 
 1040.000  7.378818e-01 
 1041.000  7.377303e-01 
 1042.000  7.376885e-01 
 1043.000  7.376857e-01 
 1044.000  7.375523e-01 
 1045.000  7.371274e-01 
 1046.000  7.368428e-01 
 1047.000  7.365068e-01 
 1048.000  7.360920e-01 
 1049.000  7.356954e-01 
 1050.000  7.352572e-01 
 1051.000  7.346022e-01 
 1052.000  7.342081e-01 
 1053.000  7.341476e-01 
 1054.000  7.334968e-01 
 1055.000  7.328342e-01 
 1056.000  7.322953e-01 
 1057.000  7.309416e-01 
 1058.000  7.283952e-01 
 1059.000  7.285649e-01 
 1060.000  7.298648e-01 
 1061.000  7.295535e-01 
 1062.000  7.279454e-01 
 1063.000  7.273529e-01 
 1064.000  7.259802e-01 
 1065.000  7.244341e-01 
 1066.000  7.245632e-01 
 1067.000  7.236527e-01 
 1068.000  7.204234e-01 
 1069.000  7.188351e-01 
 1070.000  7.193024e-01 
 1071.000  7.172227e-01 
 1072.000  7.150949e-01 
 1073.000  7.146710e-01 
 1074.000  7.149634e-01 
 1075.000  7.180678e-01 
 1076.000  7.160937e-01 
 1077.000  7.134545e-01 
 1078.000  7.103543e-01 
 1079.000  7.099352e-01 
 1080.000  7.016868e-01 
 1081.000  7.012061e-01 
 1082.000  7.048121e-01 
 1083.000  7.004300e-01 
 1084.000  6.956457e-01 
 1085.000  6.842874e-01 
 1086.000  6.869194e-01 
 1087.000  6.993858e-01 
 1088.000  6.998685e-01 
 1089.000  6.846665e-01 
 1090.000  6.817967e-01 
 1091.000  6.846555e-01 
 1092.000  6.771176e-01 
 1093.000  6.603778e-01 
 1094.000  6.531060e-01 
 1095.000  6.542535e-01 
 1096.000  6.552754e-01 
 1097.000  6.518999e-01 
 1098.000  6.116171e-01 
 1099.000  5.776523e-01 
 1100.000  5.799034e-01 
 1101.000  5.845298e-01 
 1102.000  5.821996e-01 
 1103.000  5.852361e-01 
 1104.000  5.795451e-01 
 1105.000  5.653377e-01 
 1106.000  5.511494e-01 
 1107.000  5.545330e-01 
 1108.000  5.569289e-01 
 1109.000  5.688210e-01 
 1110.000  5.670113e-01 
 1111.000  5.601065e-01 
 1112.000  5.303224e-01 
 1113.000  4.899410e-01 
 1114.000  4.785327e-01 
 1115.000  4.300100e-01 
 1116.000  4.006410e-01 
 1117.000  3.353274e-01 
 1118.000  2.776573e-01 
 1119.000  2.478475e-01 
 1120.000  2.125203e-01 
 1121.000  2.047908e-01 
 1122.000  1.705210e-01 
 1123.000  1.884690e-01 
 1124.000  2.008411e-01 
 1125.000  1.941813e-01 
 1126.000  1.916138e-01 
 1127.000  1.946973e-01 
 1128.000  2.006716e-01 
 1129.000  2.357000e-01 
 1130.000  3.216870e-01 
 1131.000  3.477168e-01 
 1132.000  3.120349e-01 
 1133.000  2.500229e-01 
 1134.000  1.472860e-01 
 1135.000  1.546640e-01 
 1136.000  2.593415e-01 
 1137.000  3.218686e-01 
 1138.000  3.858158e-01 
 1139.000  4.066613e-01 
 1140.000  3.942413e-01 
 1141.000  3.696415e-01 
 1142.000  3.608498e-01 
 1143.000  3.336817e-01 
 1144.000  3.038853e-01 
 1145.000  2.619976e-01 
 1146.000  2.717981e-01 
 1147.000  3.047731e-01 
 1148.000  3.348263e-01 
 1149.000  3.473738e-01 
 1150.000  3.485552e-01 
