  320.000  8.640296e-02 
  321.000  1.140343e-01 
  322.000  1.029418e-01 
  323.000  1.170507e-01 
  324.000  1.316794e-01 
  325.000  1.207354e-01 
  326.000  1.388338e-01 
  327.000  1.440074e-01 
  328.000  1.329000e-01 
  329.000  1.544352e-01 
  330.000  1.579296e-01 
  331.000  1.510365e-01 
  332.000  1.644219e-01 
  333.000  1.683836e-01 
  334.000  1.651289e-01 
  335.000  1.751531e-01 
  336.000  1.792592e-01 
  337.000  1.775255e-01 
  338.000  1.823574e-01 
  339.000  1.873816e-01 
  340.000  1.865534e-01 
  341.000  1.914619e-01 
  342.000  1.950737e-01 
  343.000  1.968948e-01 
  344.000  1.972674e-01 
  345.000  2.022071e-01 
  346.000  2.053431e-01 
  347.000  2.079096e-01 
  348.000  2.103212e-01 
  349.000  2.130390e-01 
  350.000  2.153694e-01 
  351.000  2.176971e-01 
  352.000  2.196115e-01 
  353.000  2.223412e-01 
  354.000  2.246720e-01 
  355.000  2.268466e-01 
  356.000  2.289707e-01 
  357.000  2.308654e-01 
  358.000  2.329084e-01 
  359.000  2.349541e-01 
  360.000  2.370537e-01 
  361.000  2.397130e-01 
  362.000  2.424899e-01 
  363.000  2.450545e-01 
  364.000  2.474206e-01 
  365.000  2.496451e-01 
  366.000  2.519249e-01 
  367.000  2.541002e-01 
  368.000  2.562604e-01 
  369.000  2.584063e-01 
  370.000  2.605343e-01 
  371.000  2.626499e-01 
  372.000  2.647522e-01 
  373.000  2.668406e-01 
  374.000  2.688993e-01 
  375.000  2.709220e-01 
  376.000  2.728795e-01 
  377.000  2.747326e-01 
  378.000  2.764566e-01 
  379.000  2.782109e-01 
  380.000  2.801434e-01 
  381.000  2.823471e-01 
  382.000  2.846350e-01 
  383.000  2.868026e-01 
  384.000  2.888623e-01 
  385.000  2.908500e-01 
  386.000  2.927898e-01 
  387.000  2.947011e-01 
  388.000  2.965908e-01 
  389.000  2.984675e-01 
  390.000  3.003317e-01 
  391.000  3.021794e-01 
  392.000  3.040157e-01 
  393.000  3.058393e-01 
  394.000  3.076483e-01 
  395.000  3.094411e-01 
  396.000  3.112245e-01 
  397.000  3.129894e-01 
  398.000  3.147401e-01 
  399.000  3.164780e-01 
  400.000  3.181939e-01 
  401.000  3.199051e-01 
  402.000  3.216045e-01 
  403.000  3.232912e-01 
  404.000  3.249647e-01 
  405.000  3.266217e-01 
  406.000  3.282694e-01 
  407.000  3.299058e-01 
  408.000  3.315297e-01 
  409.000  3.331393e-01 
  410.000  3.347351e-01 
  411.000  3.363168e-01 
  412.000  3.378830e-01 
  413.000  3.394417e-01 
  414.000  3.408898e-01 
  415.000  3.424580e-01 
  416.000  3.440076e-01 
  417.000  3.455329e-01 
  418.000  3.470245e-01 
  419.000  3.485008e-01 
  420.000  3.499652e-01 
  421.000  3.514221e-01 
  422.000  3.528711e-01 
  423.000  3.543107e-01 
  424.000  3.557344e-01 
  425.000  3.571267e-01 
  426.000  3.585064e-01 
  427.000  3.598752e-01 
  428.000  3.612206e-01 
  429.000  3.625483e-01 
  430.000  3.638615e-01 
  431.000  3.651659e-01 
  432.000  3.664576e-01 
  433.000  3.677380e-01 
  434.000  3.690085e-01 
  435.000  3.702675e-01 
  436.000  3.715133e-01 
  437.000  3.727464e-01 
  438.000  3.739662e-01 
  439.000  3.751776e-01 
  440.000  3.763701e-01 
  441.000  3.775483e-01 
  442.000  3.787087e-01 
  443.000  3.798522e-01 
  444.000  3.809784e-01 
  445.000  3.820811e-01 
  446.000  3.831538e-01 
  447.000  3.842795e-01 
  448.000  3.854872e-01 
  449.000  3.867104e-01 
  450.000  3.879108e-01 
  451.000  3.890650e-01 
  452.000  3.901795e-01 
  453.000  3.912718e-01 
  454.000  3.923450e-01 
  455.000  3.933564e-01 
  456.000  3.942867e-01 
  457.000  3.952177e-01 
  458.000  3.961366e-01 
  459.000  3.970364e-01 
  460.000  3.979295e-01 
  461.000  3.988135e-01 
  462.000  3.996811e-01 
  463.000  4.005453e-01 
  464.000  4.016710e-01 
  465.000  4.027804e-01 
  466.000  4.038708e-01 
  467.000  4.049366e-01 
  468.000  4.058052e-01 
  469.000  4.065535e-01 
  470.000  4.072420e-01 
  471.000  4.078619e-01 
  472.000  4.083885e-01 
  473.000  4.087576e-01 
  474.000  4.090608e-01 
  475.000  4.091387e-01 
  476.000  4.089886e-01 
  477.000  4.089855e-01 
  478.000  4.098629e-01 
  479.000  4.111993e-01 
  480.000  4.126427e-01 
  481.000  4.139384e-01 
  482.000  4.151544e-01 
  483.000  4.162121e-01 
  484.000  4.171216e-01 
  485.000  4.179353e-01 
  486.000  4.188034e-01 
  487.000  4.197176e-01 
  488.000  4.206029e-01 
  489.000  4.214723e-01 
  490.000  4.223317e-01 
  491.000  4.230049e-01 
  492.000  4.236205e-01 
  493.000  4.242332e-01 
  494.000  4.248287e-01 
  495.000  4.254244e-01 
  496.000  4.257314e-01 
  497.000  4.260268e-01 
  498.000  4.263179e-01 
  499.000  4.265934e-01 
  500.000  4.268645e-01 
  501.000  4.271055e-01 
  502.000  4.273466e-01 
  503.000  4.275847e-01 
  504.000  4.278119e-01 
  505.000  4.280266e-01 
  506.000  4.286559e-01 
  507.000  4.293036e-01 
  508.000  4.299504e-01 
  509.000  4.305900e-01 
  510.000  4.312162e-01 
  511.000  4.317777e-01 
  512.000  4.323201e-01 
  513.000  4.328595e-01 
  514.000  4.333923e-01 
  515.000  4.339205e-01 
  516.000  4.342979e-01 
  517.000  4.345399e-01 
  518.000  4.347753e-01 
  519.000  4.350062e-01 
  520.000  4.352349e-01 
  521.000  4.354399e-01 
  522.000  4.355876e-01 
  523.000  4.356942e-01 
  524.000  4.358043e-01 
  525.000  4.358912e-01 
  526.000  4.360130e-01 
  527.000  4.360326e-01 
  528.000  4.360107e-01 
  529.000  4.359878e-01 
  530.000  4.359699e-01 
  531.000  4.359553e-01 
  532.000  4.359882e-01 
  533.000  4.362851e-01 
  534.000  4.366603e-01 
  535.000  4.370837e-01 
  536.000  4.374931e-01 
  537.000  4.378677e-01 
  538.000  4.382027e-01 
  539.000  4.385132e-01 
  540.000  4.388045e-01 
  541.000  4.390872e-01 
  542.000  4.393577e-01 
  543.000  4.396186e-01 
  544.000  4.398159e-01 
  545.000  4.399613e-01 
  546.000  4.401000e-01 
  547.000  4.402426e-01 
  548.000  4.403781e-01 
  549.000  4.405114e-01 
  550.000  4.405761e-01 
  551.000  4.405727e-01 
  552.000  4.405719e-01 
  553.000  4.405571e-01 
  554.000  4.405358e-01 
  555.000  4.405107e-01 
  556.000  4.404599e-01 
  557.000  4.403644e-01 
  558.000  4.402612e-01 
  559.000  4.401461e-01 
  560.000  4.400020e-01 
  561.000  4.398316e-01 
  562.000  4.395519e-01 
  563.000  4.393480e-01 
  564.000  4.390898e-01 
  565.000  4.387220e-01 
  566.000  4.384037e-01 
  567.000  4.377160e-01 
  568.000  4.361125e-01 
  569.000  4.332079e-01 
  570.000  4.333358e-01 
  571.000  4.348004e-01 
  572.000  4.325979e-01 
  573.000  4.327895e-01 
  574.000  4.326157e-01 
  575.000  4.323421e-01 
  576.000  4.325017e-01 
  577.000  4.333890e-01 
  578.000  4.345385e-01 
  579.000  4.358771e-01 
  580.000  4.374381e-01 
  581.000  4.394757e-01 
  582.000  4.409912e-01 
  583.000  4.420924e-01 
  584.000  4.430986e-01 
  585.000  4.439083e-01 
  586.000  4.447143e-01 
  587.000  4.444176e-01 
  588.000  4.412585e-01 
  589.000  4.355814e-01 
  590.000  4.354991e-01 
  591.000  4.399105e-01 
  592.000  4.379730e-01 
  593.000  4.429230e-01 
  594.000  4.421208e-01 
  595.000  4.390301e-01 
  596.000  4.435405e-01 
  597.000  4.422149e-01 
  598.000  4.438402e-01 
  599.000  4.443254e-01 
  600.000  4.456287e-01 
  601.000  4.464662e-01 
  602.000  4.465457e-01 
  603.000  4.471870e-01 
  604.000  4.481444e-01 
  605.000  4.488872e-01 
  606.000  4.494848e-01 
  607.000  4.500641e-01 
  608.000  4.506392e-01 
  609.000  4.511910e-01 
  610.000  4.517654e-01 
  611.000  4.524039e-01 
  612.000  4.530294e-01 
  613.000  4.536357e-01 
  614.000  4.542242e-01 
  615.000  4.548114e-01 
  616.000  4.553772e-01 
  617.000  4.559118e-01 
  618.000  4.563600e-01 
  619.000  4.567393e-01 
  620.000  4.570906e-01 
  621.000  4.573923e-01 
  622.000  4.576446e-01 
  623.000  4.578134e-01 
  624.000  4.579934e-01 
  625.000  4.581443e-01 
  626.000  4.580698e-01 
  627.000  4.562109e-01 
  628.000  4.389500e-01 
  629.000  4.501454e-01 
  630.000  4.516456e-01 
  631.000  4.548956e-01 
  632.000  4.561054e-01 
  633.000  4.593821e-01 
  634.000  4.614914e-01 
  635.000  4.628278e-01 
  636.000  4.642754e-01 
  637.000  4.655938e-01 
  638.000  4.674152e-01 
  639.000  4.684881e-01 
  640.000  4.698912e-01 
  641.000  4.708172e-01 
  642.000  4.719145e-01 
  643.000  4.720508e-01 
  644.000  4.727335e-01 
  645.000  4.725374e-01 
  646.000  4.698629e-01 
  647.000  4.680403e-01 
  648.000  4.659078e-01 
  649.000  4.687868e-01 
  650.000  4.737909e-01 
  651.000  4.742516e-01 
  652.000  4.707197e-01 
  653.000  4.757676e-01 
  654.000  4.757186e-01 
  655.000  4.745016e-01 
  656.000  4.755400e-01 
  657.000  4.768726e-01 
  658.000  4.787182e-01 
  659.000  4.801196e-01 
  660.000  4.809253e-01 
  661.000  4.825922e-01 
  662.000  4.835437e-01 
  663.000  4.838955e-01 
  664.000  4.845283e-01 
  665.000  4.851608e-01 
  666.000  4.858631e-01 
  667.000  4.864955e-01 
  668.000  4.871875e-01 
  669.000  4.877538e-01 
  670.000  4.882832e-01 
  671.000  4.888268e-01 
  672.000  4.893381e-01 
  673.000  4.898438e-01 
  674.000  4.903463e-01 
  675.000  4.908484e-01 
  676.000  4.913243e-01 
  677.000  4.917610e-01 
  678.000  4.921977e-01 
  679.000  4.925905e-01 
  680.000  4.927956e-01 
  681.000  4.929297e-01 
  682.000  4.932534e-01 
  683.000  4.934849e-01 
  684.000  4.935561e-01 
  685.000  4.941550e-01 
  686.000  4.920307e-01 
  687.000  4.129818e-01 
  688.000  4.373217e-01 
  689.000  4.306698e-01 
  690.000  4.434054e-01 
  691.000  4.611794e-01 
  692.000  4.734707e-01 
  693.000  4.753822e-01 
  694.000  4.744510e-01 
  695.000  4.797490e-01 
  696.000  4.827164e-01 
  697.000  4.929115e-01 
  698.000  4.911611e-01 
  699.000  4.825670e-01 
  700.000  4.842207e-01 
  701.000  4.824234e-01 
  702.000  4.840447e-01 
  703.000  4.915901e-01 
  704.000  4.920776e-01 
  705.000  4.891878e-01 
  706.000  4.899226e-01 
  707.000  4.911521e-01 
  708.000  4.924678e-01 
  709.000  4.950109e-01 
  710.000  4.925952e-01 
  711.000  4.953485e-01 
  712.000  4.977108e-01 
  713.000  4.960736e-01 
  714.000  4.956222e-01 
  715.000  4.928913e-01 
  716.000  4.900746e-01 
  717.000  4.709028e-01 
  718.000  4.590318e-01 
  719.000  4.548375e-01 
  720.000  4.482796e-01 
  721.000  4.772728e-01 
  722.000  4.875036e-01 
  723.000  4.819475e-01 
  724.000  4.657475e-01 
  725.000  4.683278e-01 
  726.000  4.676379e-01 
  727.000  4.700488e-01 
  728.000  4.675845e-01 
  729.000  4.739505e-01 
  730.000  4.729186e-01 
  731.000  4.716542e-01 
  732.000  4.823007e-01 
  733.000  4.923946e-01 
  734.000  4.972604e-01 
  735.000  4.956466e-01 
  736.000  4.925519e-01 
  737.000  4.950016e-01 
  738.000  4.983384e-01 
  739.000  4.998067e-01 
  740.000  5.029814e-01 
  741.000  5.048391e-01 
  742.000  5.056556e-01 
  743.000  5.072384e-01 
  744.000  5.080454e-01 
  745.000  5.086870e-01 
  746.000  5.091686e-01 
  747.000  5.093870e-01 
  748.000  5.099841e-01 
  749.000  5.103227e-01 
  750.000  5.102712e-01 
  751.000  5.104551e-01 
  752.000  5.109867e-01 
  753.000  5.112575e-01 
  754.000  5.114897e-01 
  755.000  5.116717e-01 
  756.000  5.118579e-01 
  757.000  5.119890e-01 
  758.000  5.108628e-01 
  759.000  4.679510e-01 
  760.000  1.764722e-01 
  761.000  1.523170e-01 
  762.000  3.105345e-01 
  763.000  2.588845e-01 
  764.000  2.842331e-01 
  765.000  3.435384e-01 
  766.000  4.180765e-01 
  767.000  4.568310e-01 
  768.000  4.825733e-01 
  769.000  4.997354e-01 
  770.000  5.091095e-01 
  771.000  5.134304e-01 
  772.000  5.145379e-01 
  773.000  5.150378e-01 
  774.000  5.157230e-01 
  775.000  5.161375e-01 
  776.000  5.164267e-01 
  777.000  5.165484e-01 
  778.000  5.165960e-01 
  779.000  5.166270e-01 
  780.000  5.166524e-01 
  781.000  5.168928e-01 
  782.000  5.169119e-01 
  783.000  5.169373e-01 
  784.000  5.168227e-01 
  785.000  5.161202e-01 
  786.000  5.150970e-01 
  787.000  5.129015e-01 
  788.000  5.116918e-01 
  789.000  5.072267e-01 
  790.000  5.068880e-01 
  791.000  5.077894e-01 
  792.000  5.086225e-01 
  793.000  5.105035e-01 
  794.000  5.144395e-01 
  795.000  5.121077e-01 
  796.000  5.058008e-01 
  797.000  5.076642e-01 
  798.000  5.117187e-01 
  799.000  5.108466e-01 
  800.000  5.079690e-01 
  801.000  5.083601e-01 
  802.000  5.081066e-01 
  803.000  5.085752e-01 
  804.000  5.099875e-01 
  805.000  5.126557e-01 
  806.000  5.142611e-01 
  807.000  5.143713e-01 
  808.000  5.135258e-01 
  809.000  5.124778e-01 
  810.000  5.113279e-01 
  811.000  5.089183e-01 
  812.000  5.056602e-01 
  813.000  5.016491e-01 
  814.000  4.963273e-01 
  815.000  4.896818e-01 
  816.000  4.810466e-01 
  817.000  4.815912e-01 
  818.000  4.823401e-01 
  819.000  4.852212e-01 
  820.000  4.947764e-01 
  821.000  5.056266e-01 
  822.000  4.974420e-01 
  823.000  4.742877e-01 
  824.000  4.938796e-01 
  825.000  5.063502e-01 
  826.000  5.042403e-01 
  827.000  5.027058e-01 
  828.000  4.945394e-01 
  829.000  4.975346e-01 
  830.000  5.008715e-01 
  831.000  5.016721e-01 
  832.000  5.020235e-01 
  833.000  5.039504e-01 
  834.000  5.062085e-01 
  835.000  5.106579e-01 
  836.000  5.092602e-01 
  837.000  5.091327e-01 
  838.000  5.113178e-01 
  839.000  5.126517e-01 
  840.000  5.131572e-01 
  841.000  5.117708e-01 
  842.000  5.130730e-01 
  843.000  5.161203e-01 
  844.000  5.175147e-01 
  845.000  5.180278e-01 
  846.000  5.186799e-01 
  847.000  5.194969e-01 
  848.000  5.183154e-01 
  849.000  5.185097e-01 
  850.000  5.180844e-01 
  851.000  5.173984e-01 
  852.000  5.175012e-01 
  853.000  5.185663e-01 
  854.000  5.185270e-01 
  855.000  5.190995e-01 
  856.000  5.203831e-01 
  857.000  5.209152e-01 
  858.000  5.212534e-01 
  859.000  5.218863e-01 
  860.000  5.222840e-01 
  861.000  5.223675e-01 
  862.000  5.225917e-01 
  863.000  5.226452e-01 
  864.000  5.228077e-01 
  865.000  5.229456e-01 
  866.000  5.230025e-01 
  867.000  5.230087e-01 
  868.000  5.230531e-01 
  869.000  5.231173e-01 
  870.000  5.231161e-01 
  871.000  5.231779e-01 
  872.000  5.232911e-01 
  873.000  5.232303e-01 
  874.000  5.232091e-01 
  875.000  5.232241e-01 
  876.000  5.230982e-01 
  877.000  5.230469e-01 
  878.000  5.226229e-01 
  879.000  5.226169e-01 
  880.000  5.223177e-01 
  881.000  5.221259e-01 
  882.000  5.220293e-01 
  883.000  5.222523e-01 
  884.000  5.222819e-01 
  885.000  5.217043e-01 
  886.000  5.207098e-01 
  887.000  5.215254e-01 
  888.000  5.215057e-01 
  889.000  5.217813e-01 
  890.000  5.212134e-01 
  891.000  5.201194e-01 
  892.000  5.179210e-01 
  893.000  5.105879e-01 
  894.000  5.069537e-01 
  895.000  4.956777e-01 
  896.000  4.855386e-01 
  897.000  4.747972e-01 
  898.000  4.697624e-01 
  899.000  4.552838e-01 
  900.000  4.574394e-01 
  901.000  4.536545e-01 
  902.000  4.543270e-01 
  903.000  4.786682e-01 
  904.000  4.933324e-01 
  905.000  4.927929e-01 
  906.000  4.836578e-01 
  907.000  4.673623e-01 
  908.000  4.565390e-01 
  909.000  4.570412e-01 
  910.000  4.587071e-01 
  911.000  4.659375e-01 
  912.000  4.624631e-01 
  913.000  4.472203e-01 
  914.000  4.547932e-01 
  915.000  4.607189e-01 
  916.000  4.623172e-01 
  917.000  4.655117e-01 
  918.000  4.696355e-01 
  919.000  4.835983e-01 
  920.000  4.940448e-01 
  921.000  4.917431e-01 
  922.000  4.915580e-01 
  923.000  4.886599e-01 
  924.000  4.816531e-01 
  925.000  4.811316e-01 
  926.000  4.810986e-01 
  927.000  4.729767e-01 
  928.000  4.603813e-01 
  929.000  4.419845e-01 
  930.000  4.182048e-01 
  931.000  3.910734e-01 
  932.000  3.550171e-01 
  933.000  3.269792e-01 
  934.000  2.971675e-01 
  935.000  2.940570e-01 
  936.000  3.061864e-01 
  937.000  3.030114e-01 
  938.000  3.358016e-01 
  939.000  4.170789e-01 
  940.000  4.286418e-01 
  941.000  4.185125e-01 
  942.000  3.934805e-01 
  943.000  3.506656e-01 
  944.000  3.476974e-01 
  945.000  3.634378e-01 
  946.000  3.642249e-01 
  947.000  3.778334e-01 
  948.000  3.857592e-01 
  949.000  3.846200e-01 
  950.000  3.866189e-01 
  951.000  4.042272e-01 
  952.000  3.852117e-01 
  953.000  3.983790e-01 
  954.000  4.123189e-01 
  955.000  4.008050e-01 
  956.000  3.980279e-01 
  957.000  4.331564e-01 
  958.000  4.375245e-01 
  959.000  4.316615e-01 
  960.000  4.299095e-01 
  961.000  4.269511e-01 
  962.000  4.295460e-01 
  963.000  4.484546e-01 
  964.000  4.511115e-01 
  965.000  4.492686e-01 
  966.000  4.502365e-01 
  967.000  4.635137e-01 
  968.000  4.853849e-01 
  969.000  4.951290e-01 
  970.000  4.956389e-01 
  971.000  4.954124e-01 
  972.000  4.926639e-01 
  973.000  4.862654e-01 
  974.000  4.784119e-01 
  975.000  4.733393e-01 
  976.000  4.795594e-01 
  977.000  4.897560e-01 
  978.000  4.889178e-01 
  979.000  4.915273e-01 
  980.000  5.018160e-01 
  981.000  5.040783e-01 
  982.000  5.017828e-01 
  983.000  5.070280e-01 
  984.000  5.124109e-01 
  985.000  5.154604e-01 
  986.000  5.193855e-01 
  987.000  5.210823e-01 
  988.000  5.214734e-01 
  989.000  5.217267e-01 
  990.000  5.221478e-01 
  991.000  5.234129e-01 
  992.000  5.238545e-01 
  993.000  5.240257e-01 
  994.000  5.253447e-01 
  995.000  5.262576e-01 
  996.000  5.262603e-01 
  997.000  5.257221e-01 
  998.000  5.250207e-01 
  999.000  5.247720e-01 
 1000.000  5.249988e-01 
 1001.000  5.236316e-01 
 1002.000  5.216139e-01 
 1003.000  5.221568e-01 
 1004.000  5.234530e-01 
 1005.000  5.238566e-01 
 1006.000  5.240437e-01 
 1007.000  5.236092e-01 
 1008.000  5.220040e-01 
 1009.000  5.195710e-01 
 1010.000  5.206620e-01 
 1011.000  5.232474e-01 
 1012.000  5.240442e-01 
 1013.000  5.248468e-01 
 1014.000  5.251030e-01 
 1015.000  5.251619e-01 
 1016.000  5.255329e-01 
 1017.000  5.257505e-01 
 1018.000  5.252756e-01 
 1019.000  5.244117e-01 
 1020.000  5.247353e-01 
 1021.000  5.253358e-01 
 1022.000  5.242592e-01 
 1023.000  5.235109e-01 
 1024.000  5.229489e-01 
 1025.000  5.244387e-01 
 1026.000  5.251102e-01 
 1027.000  5.247570e-01 
 1028.000  5.250020e-01 
 1029.000  5.256858e-01 
 1030.000  5.263283e-01 
 1031.000  5.267048e-01 
 1032.000  5.268763e-01 
 1033.000  5.269359e-01 
 1034.000  5.271055e-01 
 1035.000  5.271336e-01 
 1036.000  5.269514e-01 
 1037.000  5.268619e-01 
 1038.000  5.269074e-01 
 1039.000  5.267606e-01 
 1040.000  5.266055e-01 
 1041.000  5.264798e-01 
 1042.000  5.264245e-01 
 1043.000  5.263779e-01 
 1044.000  5.262398e-01 
 1045.000  5.259356e-01 
 1046.000  5.257104e-01 
 1047.000  5.254226e-01 
 1048.000  5.249432e-01 
 1049.000  5.243950e-01 
 1050.000  5.240532e-01 
 1051.000  5.236712e-01 
 1052.000  5.233155e-01 
 1053.000  5.231231e-01 
 1054.000  5.226526e-01 
 1055.000  5.221657e-01 
 1056.000  5.216754e-01 
 1057.000  5.208594e-01 
 1058.000  5.195191e-01 
 1059.000  5.192994e-01 
 1060.000  5.196654e-01 
 1061.000  5.193717e-01 
 1062.000  5.184900e-01 
 1063.000  5.179170e-01 
 1064.000  5.170644e-01 
 1065.000  5.163045e-01 
 1066.000  5.163371e-01 
 1067.000  5.159199e-01 
 1068.000  5.146971e-01 
 1069.000  5.147949e-01 
 1070.000  5.154441e-01 
 1071.000  5.149460e-01 
 1072.000  5.143119e-01 
 1073.000  5.144311e-01 
 1074.000  5.148569e-01 
 1075.000  5.164944e-01 
 1076.000  5.159016e-01 
 1077.000  5.149972e-01 
 1078.000  5.138752e-01 
 1079.000  5.139195e-01 
 1080.000  5.104815e-01 
 1081.000  5.104433e-01 
 1082.000  5.121878e-01 
 1083.000  5.104381e-01 
 1084.000  5.084729e-01 
 1085.000  5.035625e-01 
 1086.000  5.048704e-01 
 1087.000  5.105219e-01 
 1088.000  5.108402e-01 
 1089.000  5.042099e-01 
 1090.000  5.030476e-01 
 1091.000  5.044333e-01 
 1092.000  5.012025e-01 
 1093.000  4.937569e-01 
 1094.000  4.905313e-01 
 1095.000  4.911358e-01 
 1096.000  4.917026e-01 
 1097.000  4.903029e-01 
 1098.000  4.718477e-01 
 1099.000  4.559366e-01 
 1100.000  4.570873e-01 
 1101.000  4.593679e-01 
 1102.000  4.584022e-01 
 1103.000  4.599436e-01 
 1104.000  4.573255e-01 
 1105.000  4.506470e-01 
 1106.000  4.438005e-01 
 1107.000  4.456410e-01 
 1108.000  4.470665e-01 
 1109.000  4.531413e-01 
 1110.000  4.527003e-01 
 1111.000  4.496087e-01 
 1112.000  4.353300e-01 
 1113.000  4.156996e-01 
 1114.000  4.107931e-01 
 1115.000  3.862679e-01 
 1116.000  3.707734e-01 
 1117.000  3.335392e-01 
 1118.000  2.988282e-01 
 1119.000  2.803382e-01 
 1120.000  2.565137e-01 
 1121.000  2.512547e-01 
 1122.000  2.253162e-01 
 1123.000  2.399575e-01 
 1124.000  2.496762e-01 
 1125.000  2.447041e-01 
 1126.000  2.426347e-01 
 1127.000  2.446690e-01 
 1128.000  2.486164e-01 
 1129.000  2.735637e-01 
 1130.000  3.302620e-01 
 1131.000  3.461855e-01 
 1132.000  3.245121e-01 
 1133.000  2.834571e-01 
 1134.000  2.054361e-01 
 1135.000  2.114867e-01 
 1136.000  2.890766e-01 
 1137.000  3.292364e-01 
 1138.000  3.665474e-01 
 1139.000  3.770584e-01 
 1140.000  3.700438e-01 
 1141.000  3.553946e-01 
 1142.000  3.503482e-01 
 1143.000  3.343382e-01 
 1144.000  3.159336e-01 
 1145.000  2.888785e-01 
 1146.000  2.952984e-01 
 1147.000  3.163491e-01 
 1148.000  3.347302e-01 
 1149.000  3.419352e-01 
 1150.000  3.419319e-01 
