  320.000  2.204513e-01 
  321.000  2.669581e-01 
  322.000  2.487620e-01 
  323.000  2.718096e-01 
  324.000  2.948126e-01 
  325.000  2.776837e-01 
  326.000  3.057712e-01 
  327.000  3.135869e-01 
  328.000  2.966949e-01 
  329.000  3.290808e-01 
  330.000  3.341995e-01 
  331.000  3.240675e-01 
  332.000  3.436176e-01 
  333.000  3.493079e-01 
  334.000  3.446361e-01 
  335.000  3.589360e-01 
  336.000  3.647197e-01 
  337.000  3.622828e-01 
  338.000  3.690567e-01 
  339.000  3.760414e-01 
  340.000  3.748940e-01 
  341.000  3.816712e-01 
  342.000  3.866236e-01 
  343.000  3.891098e-01 
  344.000  3.896177e-01 
  345.000  3.963220e-01 
  346.000  4.005520e-01 
  347.000  4.039989e-01 
  348.000  4.072259e-01 
  349.000  4.108487e-01 
  350.000  4.139437e-01 
  351.000  4.170248e-01 
  352.000  4.195512e-01 
  353.000  4.231418e-01 
  354.000  4.261968e-01 
  355.000  4.290382e-01 
  356.000  4.318055e-01 
  357.000  4.342672e-01 
  358.000  4.369147e-01 
  359.000  4.395583e-01 
  360.000  4.422643e-01 
  361.000  4.456809e-01 
  362.000  4.492361e-01 
  363.000  4.525083e-01 
  364.000  4.555178e-01 
  365.000  4.583392e-01 
  366.000  4.612225e-01 
  367.000  4.639661e-01 
  368.000  4.666834e-01 
  369.000  4.693758e-01 
  370.000  4.720390e-01 
  371.000  4.746799e-01 
  372.000  4.772976e-01 
  373.000  4.798917e-01 
  374.000  4.824427e-01 
  375.000  4.849433e-01 
  376.000  4.873576e-01 
  377.000  4.896383e-01 
  378.000  4.917558e-01 
  379.000  4.939064e-01 
  380.000  4.962705e-01 
  381.000  4.989603e-01 
  382.000  5.017459e-01 
  383.000  5.043787e-01 
  384.000  5.068746e-01 
  385.000  5.092782e-01 
  386.000  5.116189e-01 
  387.000  5.139204e-01 
  388.000  5.161914e-01 
  389.000  5.184425e-01 
  390.000  5.206741e-01 
  391.000  5.228817e-01 
  392.000  5.250716e-01 
  393.000  5.272424e-01 
  394.000  5.293916e-01 
  395.000  5.315179e-01 
  396.000  5.336292e-01 
  397.000  5.357149e-01 
  398.000  5.377802e-01 
  399.000  5.398269e-01 
  400.000  5.418442e-01 
  401.000  5.438528e-01 
  402.000  5.458441e-01 
  403.000  5.478173e-01 
  404.000  5.497720e-01 
  405.000  5.517043e-01 
  406.000  5.536227e-01 
  407.000  5.555251e-01 
  408.000  5.574101e-01 
  409.000  5.592754e-01 
  410.000  5.611223e-01 
  411.000  5.629499e-01 
  412.000  5.647571e-01 
  413.000  5.665531e-01 
  414.000  5.682194e-01 
  415.000  5.700212e-01 
  416.000  5.717994e-01 
  417.000  5.735471e-01 
  418.000  5.752539e-01 
  419.000  5.769411e-01 
  420.000  5.786123e-01 
  421.000  5.802729e-01 
  422.000  5.819224e-01 
  423.000  5.835590e-01 
  424.000  5.851756e-01 
  425.000  5.867546e-01 
  426.000  5.883175e-01 
  427.000  5.898660e-01 
  428.000  5.913864e-01 
  429.000  5.928850e-01 
  430.000  5.943657e-01 
  431.000  5.958347e-01 
  432.000  5.972878e-01 
  433.000  5.987267e-01 
  434.000  6.001529e-01 
  435.000  6.015647e-01 
  436.000  6.029602e-01 
  437.000  6.043401e-01 
  438.000  6.057038e-01 
  439.000  6.070565e-01 
  440.000  6.083870e-01 
  441.000  6.097001e-01 
  442.000  6.109922e-01 
  443.000  6.122643e-01 
  444.000  6.135160e-01 
  445.000  6.147404e-01 
  446.000  6.159305e-01 
  447.000  6.171782e-01 
  448.000  6.185156e-01 
  449.000  6.198688e-01 
  450.000  6.211955e-01 
  451.000  6.224700e-01 
  452.000  6.236995e-01 
  453.000  6.249035e-01 
  454.000  6.260854e-01 
  455.000  6.271983e-01 
  456.000  6.282212e-01 
  457.000  6.292441e-01 
  458.000  6.302530e-01 
  459.000  6.312402e-01 
  460.000  6.322194e-01 
  461.000  6.331879e-01 
  462.000  6.341378e-01 
  463.000  6.350834e-01 
  464.000  6.363141e-01 
  465.000  6.375259e-01 
  466.000  6.387161e-01 
  467.000  6.398783e-01 
  468.000  6.408249e-01 
  469.000  6.416398e-01 
  470.000  6.423892e-01 
  471.000  6.430636e-01 
  472.000  6.436362e-01 
  473.000  6.440375e-01 
  474.000  6.443670e-01 
  475.000  6.444516e-01 
  476.000  6.442885e-01 
  477.000  6.442851e-01 
  478.000  6.452383e-01 
  479.000  6.466889e-01 
  480.000  6.482540e-01 
  481.000  6.496575e-01 
  482.000  6.509734e-01 
  483.000  6.521171e-01 
  484.000  6.530998e-01 
  485.000  6.539783e-01 
  486.000  6.549152e-01 
  487.000  6.559011e-01 
  488.000  6.568551e-01 
  489.000  6.577914e-01 
  490.000  6.587163e-01 
  491.000  6.594405e-01 
  492.000  6.601024e-01 
  493.000  6.607608e-01 
  494.000  6.614006e-01 
  495.000  6.620402e-01 
  496.000  6.623697e-01 
  497.000  6.626868e-01 
  498.000  6.629991e-01 
  499.000  6.632946e-01 
  500.000  6.635854e-01 
  501.000  6.638439e-01 
  502.000  6.641023e-01 
  503.000  6.643575e-01 
  504.000  6.646010e-01 
  505.000  6.648312e-01 
  506.000  6.655052e-01 
  507.000  6.661987e-01 
  508.000  6.668910e-01 
  509.000  6.675752e-01 
  510.000  6.682448e-01 
  511.000  6.688449e-01 
  512.000  6.694244e-01 
  513.000  6.700004e-01 
  514.000  6.705692e-01 
  515.000  6.711329e-01 
  516.000  6.715356e-01 
  517.000  6.717937e-01 
  518.000  6.720447e-01 
  519.000  6.722909e-01 
  520.000  6.725347e-01 
  521.000  6.727532e-01 
  522.000  6.729106e-01 
  523.000  6.730242e-01 
  524.000  6.731416e-01 
  525.000  6.732340e-01 
  526.000  6.733638e-01 
  527.000  6.733847e-01 
  528.000  6.733615e-01 
  529.000  6.733370e-01 
  530.000  6.733180e-01 
  531.000  6.733024e-01 
  532.000  6.733374e-01 
  533.000  6.736538e-01 
  534.000  6.740533e-01 
  535.000  6.745041e-01 
  536.000  6.749399e-01 
  537.000  6.753386e-01 
  538.000  6.756949e-01 
  539.000  6.760252e-01 
  540.000  6.763349e-01 
  541.000  6.766355e-01 
  542.000  6.769230e-01 
  543.000  6.772003e-01 
  544.000  6.774099e-01 
  545.000  6.775644e-01 
  546.000  6.777117e-01 
  547.000  6.778632e-01 
  548.000  6.780071e-01 
  549.000  6.781487e-01 
  550.000  6.782174e-01 
  551.000  6.782138e-01 
  552.000  6.782129e-01 
  553.000  6.781972e-01 
  554.000  6.781746e-01 
  555.000  6.781480e-01 
  556.000  6.780940e-01 
  557.000  6.779926e-01 
  558.000  6.778829e-01 
  559.000  6.777605e-01 
  560.000  6.776071e-01 
  561.000  6.774251e-01 
  562.000  6.770028e-01 
  563.000  6.767755e-01 
  564.000  6.764698e-01 
  565.000  6.759895e-01 
  566.000  6.757085e-01 
  567.000  6.746009e-01 
  568.000  6.711227e-01 
  569.000  6.635138e-01 
  570.000  6.646503e-01 
  571.000  6.699716e-01 
  572.000  6.647857e-01 
  573.000  6.661290e-01 
  574.000  6.664624e-01 
  575.000  6.661222e-01 
  576.000  6.663141e-01 
  577.000  6.681486e-01 
  578.000  6.704698e-01 
  579.000  6.724018e-01 
  580.000  6.740211e-01 
  581.000  6.764519e-01 
  582.000  6.780410e-01 
  583.000  6.789436e-01 
  584.000  6.797848e-01 
  585.000  6.803755e-01 
  586.000  6.810070e-01 
  587.000  6.789601e-01 
  588.000  6.685603e-01 
  589.000  6.522360e-01 
  590.000  6.513650e-01 
  591.000  6.627491e-01 
  592.000  6.569247e-01 
  593.000  6.699027e-01 
  594.000  6.672077e-01 
  595.000  6.583270e-01 
  596.000  6.709495e-01 
  597.000  6.678925e-01 
  598.000  6.729152e-01 
  599.000  6.748286e-01 
  600.000  6.793552e-01 
  601.000  6.822892e-01 
  602.000  6.831039e-01 
  603.000  6.844332e-01 
  604.000  6.858883e-01 
  605.000  6.868904e-01 
  606.000  6.875790e-01 
  607.000  6.882427e-01 
  608.000  6.888590e-01 
  609.000  6.894470e-01 
  610.000  6.900529e-01 
  611.000  6.907257e-01 
  612.000  6.913846e-01 
  613.000  6.920227e-01 
  614.000  6.926420e-01 
  615.000  6.932595e-01 
  616.000  6.938543e-01 
  617.000  6.944162e-01 
  618.000  6.948870e-01 
  619.000  6.952854e-01 
  620.000  6.956542e-01 
  621.000  6.959710e-01 
  622.000  6.962357e-01 
  623.000  6.964128e-01 
  624.000  6.966009e-01 
  625.000  6.967571e-01 
  626.000  6.963543e-01 
  627.000  6.921396e-01 
  628.000  6.709988e-01 
  629.000  6.833459e-01 
  630.000  6.871434e-01 
  631.000  6.912561e-01 
  632.000  6.897352e-01 
  633.000  6.957163e-01 
  634.000  6.983894e-01 
  635.000  6.994323e-01 
  636.000  7.011256e-01 
  637.000  7.025236e-01 
  638.000  7.054847e-01 
  639.000  7.063926e-01 
  640.000  7.082879e-01 
  641.000  7.090480e-01 
  642.000  7.104681e-01 
  643.000  7.095553e-01 
  644.000  7.101441e-01 
  645.000  7.085163e-01 
  646.000  6.997085e-01 
  647.000  6.937138e-01 
  648.000  6.869762e-01 
  649.000  6.936121e-01 
  650.000  7.060612e-01 
  651.000  7.064129e-01 
  652.000  6.961102e-01 
  653.000  7.087302e-01 
  654.000  7.077398e-01 
  655.000  7.036264e-01 
  656.000  7.055489e-01 
  657.000  7.083302e-01 
  658.000  7.128878e-01 
  659.000  7.156960e-01 
  660.000  7.171233e-01 
  661.000  7.205738e-01 
  662.000  7.222953e-01 
  663.000  7.223974e-01 
  664.000  7.232811e-01 
  665.000  7.240930e-01 
  666.000  7.250432e-01 
  667.000  7.258429e-01 
  668.000  7.267912e-01 
  669.000  7.274452e-01 
  670.000  7.280143e-01 
  671.000  7.286187e-01 
  672.000  7.291496e-01 
  673.000  7.296695e-01 
  674.000  7.301840e-01 
  675.000  7.306999e-01 
  676.000  7.311819e-01 
  677.000  7.316257e-01 
  678.000  7.320712e-01 
  679.000  7.324207e-01 
  680.000  7.323552e-01 
  681.000  7.321951e-01 
  682.000  7.324084e-01 
  683.000  7.324609e-01 
  684.000  7.318793e-01 
  685.000  7.328382e-01 
  686.000  7.299697e-01 
  687.000  6.335303e-01 
  688.000  6.639641e-01 
  689.000  6.550806e-01 
  690.000  6.709704e-01 
  691.000  6.911274e-01 
  692.000  7.023181e-01 
  693.000  6.937847e-01 
  694.000  6.830625e-01 
  695.000  6.926783e-01 
  696.000  6.983257e-01 
  697.000  7.229092e-01 
  698.000  7.178033e-01 
  699.000  6.956920e-01 
  700.000  6.993511e-01 
  701.000  6.944349e-01 
  702.000  6.980631e-01 
  703.000  7.165887e-01 
  704.000  7.174057e-01 
  705.000  7.097818e-01 
  706.000  7.112907e-01 
  707.000  7.140435e-01 
  708.000  7.170203e-01 
  709.000  7.230958e-01 
  710.000  7.166573e-01 
  711.000  7.232572e-01 
  712.000  7.288836e-01 
  713.000  7.243785e-01 
  714.000  7.228569e-01 
  715.000  7.155067e-01 
  716.000  7.078446e-01 
  717.000  6.599324e-01 
  718.000  6.307359e-01 
  719.000  6.202582e-01 
  720.000  6.045982e-01 
  721.000  6.737204e-01 
  722.000  6.986215e-01 
  723.000  6.845228e-01 
  724.000  6.447536e-01 
  725.000  6.505731e-01 
  726.000  6.487159e-01 
  727.000  6.543217e-01 
  728.000  6.482074e-01 
  729.000  6.633931e-01 
  730.000  6.607648e-01 
  731.000  6.575925e-01 
  732.000  6.833126e-01 
  733.000  7.081335e-01 
  734.000  7.201399e-01 
  735.000  7.158970e-01 
  736.000  7.080011e-01 
  737.000  7.139444e-01 
  738.000  7.221264e-01 
  739.000  7.256507e-01 
  740.000  7.334862e-01 
  741.000  7.380150e-01 
  742.000  7.399133e-01 
  743.000  7.440976e-01 
  744.000  7.459009e-01 
  745.000  7.473840e-01 
  746.000  7.484869e-01 
  747.000  7.487624e-01 
  748.000  7.497705e-01 
  749.000  7.502922e-01 
  750.000  7.499826e-01 
  751.000  7.501666e-01 
  752.000  7.510902e-01 
  753.000  7.514668e-01 
  754.000  7.517592e-01 
  755.000  7.519424e-01 
  756.000  7.521355e-01 
  757.000  7.522685e-01 
  758.000  7.510400e-01 
  759.000  6.992227e-01 
  760.000  3.167844e-01 
  761.000  2.810905e-01 
  762.000  5.011548e-01 
  763.000  4.323309e-01 
  764.000  4.663649e-01 
  765.000  5.439076e-01 
  766.000  6.378773e-01 
  767.000  6.854462e-01 
  768.000  7.166058e-01 
  769.000  7.371938e-01 
  770.000  7.481189e-01 
  771.000  7.534034e-01 
  772.000  7.546990e-01 
  773.000  7.552815e-01 
  774.000  7.559897e-01 
  775.000  7.564136e-01 
  776.000  7.567220e-01 
  777.000  7.567959e-01 
  778.000  7.567583e-01 
  779.000  7.567123e-01 
  780.000  7.566646e-01 
  781.000  7.570745e-01 
  782.000  7.570138e-01 
  783.000  7.569672e-01 
  784.000  7.566449e-01 
  785.000  7.549211e-01 
  786.000  7.522777e-01 
  787.000  7.463388e-01 
  788.000  7.432151e-01 
  789.000  7.321173e-01 
  790.000  7.311533e-01 
  791.000  7.332338e-01 
  792.000  7.351602e-01 
  793.000  7.396649e-01 
  794.000  7.492403e-01 
  795.000  7.433695e-01 
  796.000  7.277992e-01 
  797.000  7.322308e-01 
  798.000  7.420551e-01 
  799.000  7.398001e-01 
  800.000  7.326334e-01 
  801.000  7.334750e-01 
  802.000  7.327429e-01 
  803.000  7.337804e-01 
  804.000  7.371375e-01 
  805.000  7.435806e-01 
  806.000  7.474282e-01 
  807.000  7.475898e-01 
  808.000  7.453914e-01 
  809.000  7.426918e-01 
  810.000  7.397329e-01 
  811.000  7.336849e-01 
  812.000  7.255580e-01 
  813.000  7.156315e-01 
  814.000  7.025813e-01 
  815.000  6.864076e-01 
  816.000  6.658489e-01 
  817.000  6.669430e-01 
  818.000  6.685951e-01 
  819.000  6.753656e-01 
  820.000  6.980532e-01 
  821.000  7.241152e-01 
  822.000  7.042595e-01 
  823.000  6.495345e-01 
  824.000  6.955842e-01 
  825.000  7.255582e-01 
  826.000  7.204538e-01 
  827.000  7.166463e-01 
  828.000  6.969137e-01 
  829.000  7.039891e-01 
  830.000  7.119474e-01 
  831.000  7.138227e-01 
  832.000  7.146686e-01 
  833.000  7.192749e-01 
  834.000  7.247095e-01 
  835.000  7.355078e-01 
  836.000  7.320346e-01 
  837.000  7.316710e-01 
  838.000  7.369238e-01 
  839.000  7.401152e-01 
  840.000  7.412691e-01 
  841.000  7.377979e-01 
  842.000  7.409025e-01 
  843.000  7.482949e-01 
  844.000  7.516508e-01 
  845.000  7.532110e-01 
  846.000  7.548528e-01 
  847.000  7.566636e-01 
  848.000  7.536537e-01 
  849.000  7.540289e-01 
  850.000  7.525371e-01 
  851.000  7.507626e-01 
  852.000  7.509307e-01 
  853.000  7.538417e-01 
  854.000  7.536778e-01 
  855.000  7.551386e-01 
  856.000  7.581859e-01 
  857.000  7.593821e-01 
  858.000  7.600601e-01 
  859.000  7.615174e-01 
  860.000  7.622258e-01 
  861.000  7.623416e-01 
  862.000  7.627556e-01 
  863.000  7.628081e-01 
  864.000  7.630916e-01 
  865.000  7.633230e-01 
  866.000  7.633832e-01 
  867.000  7.633393e-01 
  868.000  7.633741e-01 
  869.000  7.634499e-01 
  870.000  7.633913e-01 
  871.000  7.634628e-01 
  872.000  7.636402e-01 
  873.000  7.634597e-01 
  874.000  7.633612e-01 
  875.000  7.633366e-01 
  876.000  7.630230e-01 
  877.000  7.628906e-01 
  878.000  7.619588e-01 
  879.000  7.618936e-01 
  880.000  7.610887e-01 
  881.000  7.606211e-01 
  882.000  7.602109e-01 
  883.000  7.606077e-01 
  884.000  7.607794e-01 
  885.000  7.591254e-01 
  886.000  7.569122e-01 
  887.000  7.586815e-01 
  888.000  7.585700e-01 
  889.000  7.590106e-01 
  890.000  7.577393e-01 
  891.000  7.549430e-01 
  892.000  7.490600e-01 
  893.000  7.312845e-01 
  894.000  7.224205e-01 
  895.000  6.956570e-01 
  896.000  6.717705e-01 
  897.000  6.467337e-01 
  898.000  6.350791e-01 
  899.000  6.026819e-01 
  900.000  6.072641e-01 
  901.000  5.989060e-01 
  902.000  6.005245e-01 
  903.000  6.550455e-01 
  904.000  6.888152e-01 
  905.000  6.876365e-01 
  906.000  6.665033e-01 
  907.000  6.294758e-01 
  908.000  6.053016e-01 
  909.000  6.062768e-01 
  910.000  6.098804e-01 
  911.000  6.258932e-01 
  912.000  6.181301e-01 
  913.000  5.846529e-01 
  914.000  6.011628e-01 
  915.000  6.142700e-01 
  916.000  6.178593e-01 
  917.000  6.250440e-01 
  918.000  6.343399e-01 
  919.000  6.660618e-01 
  920.000  6.902807e-01 
  921.000  6.849803e-01 
  922.000  6.845312e-01 
  923.000  6.777720e-01 
  924.000  6.615857e-01 
  925.000  6.601351e-01 
  926.000  6.594677e-01 
  927.000  6.404646e-01 
  928.000  6.114867e-01 
  929.000  5.701997e-01 
  930.000  5.186855e-01 
  931.000  4.624917e-01 
  932.000  3.905461e-01 
  933.000  3.393267e-01 
  934.000  2.887363e-01 
  935.000  2.832737e-01 
  936.000  3.026991e-01 
  937.000  2.979026e-01 
  938.000  3.549758e-01 
  939.000  5.107518e-01 
  940.000  5.350227e-01 
  941.000  5.144041e-01 
  942.000  4.642139e-01 
  943.000  3.830407e-01 
  944.000  3.773596e-01 
  945.000  4.059283e-01 
  946.000  4.076976e-01 
  947.000  4.340023e-01 
  948.000  4.495468e-01 
  949.000  4.477202e-01 
  950.000  4.517693e-01 
  951.000  4.868076e-01 
  952.000  4.497563e-01 
  953.000  4.760757e-01 
  954.000  5.046617e-01 
  955.000  4.819201e-01 
  956.000  4.771928e-01 
  957.000  5.497695e-01 
  958.000  5.595196e-01 
  959.000  5.475096e-01 
  960.000  5.441250e-01 
  961.000  5.381483e-01 
  962.000  5.438173e-01 
  963.000  5.843654e-01 
  964.000  5.903157e-01 
  965.000  5.865338e-01 
  966.000  5.888633e-01 
  967.000  6.182066e-01 
  968.000  6.677252e-01 
  969.000  6.903474e-01 
  970.000  6.916103e-01 
  971.000  6.910803e-01 
  972.000  6.846445e-01 
  973.000  6.698467e-01 
  974.000  6.519262e-01 
  975.000  6.404619e-01 
  976.000  6.544833e-01 
  977.000  6.777767e-01 
  978.000  6.759238e-01 
  979.000  6.820306e-01 
  980.000  7.059848e-01 
  981.000  7.113361e-01 
  982.000  7.060328e-01 
  983.000  7.183993e-01 
  984.000  7.311564e-01 
  985.000  7.384235e-01 
  986.000  7.478137e-01 
  987.000  7.518935e-01 
  988.000  7.528312e-01 
  989.000  7.534291e-01 
  990.000  7.544191e-01 
  991.000  7.579141e-01 
  992.000  7.589018e-01 
  993.000  7.592666e-01 
  994.000  7.624205e-01 
  995.000  7.644688e-01 
  996.000  7.644806e-01 
  997.000  7.630791e-01 
  998.000  7.615615e-01 
  999.000  7.609671e-01 
 1000.000  7.614385e-01 
 1001.000  7.580805e-01 
 1002.000  7.527171e-01 
 1003.000  7.539812e-01 
 1004.000  7.570546e-01 
 1005.000  7.584556e-01 
 1006.000  7.589059e-01 
 1007.000  7.578749e-01 
 1008.000  7.535039e-01 
 1009.000  7.476692e-01 
 1010.000  7.502620e-01 
 1011.000  7.564580e-01 
 1012.000  7.588177e-01 
 1013.000  7.606758e-01 
 1014.000  7.614521e-01 
 1015.000  7.615999e-01 
 1016.000  7.624388e-01 
 1017.000  7.629241e-01 
 1018.000  7.618713e-01 
 1019.000  7.597136e-01 
 1020.000  7.604702e-01 
 1021.000  7.620240e-01 
 1022.000  7.594142e-01 
 1023.000  7.572321e-01 
 1024.000  7.559271e-01 
 1025.000  7.599332e-01 
 1026.000  7.617065e-01 
 1027.000  7.609571e-01 
 1028.000  7.615809e-01 
 1029.000  7.632616e-01 
 1030.000  7.648779e-01 
 1031.000  7.657129e-01 
 1032.000  7.663661e-01 
 1033.000  7.665545e-01 
 1034.000  7.669467e-01 
 1035.000  7.671374e-01 
 1036.000  7.670440e-01 
 1037.000  7.670941e-01 
 1038.000  7.672161e-01 
 1039.000  7.669876e-01 
 1040.000  7.667942e-01 
 1041.000  7.666414e-01 
 1042.000  7.666003e-01 
 1043.000  7.665995e-01 
 1044.000  7.664663e-01 
 1045.000  7.660356e-01 
 1046.000  7.657481e-01 
 1047.000  7.654098e-01 
 1048.000  7.649978e-01 
 1049.000  7.646062e-01 
 1050.000  7.641609e-01 
 1051.000  7.635106e-01 
 1052.000  7.630886e-01 
 1053.000  7.630389e-01 
 1054.000  7.623765e-01 
 1055.000  7.617326e-01 
 1056.000  7.611923e-01 
 1057.000  7.597643e-01 
 1058.000  7.571352e-01 
 1059.000  7.573271e-01 
 1060.000  7.586949e-01 
 1061.000  7.583821e-01 
 1062.000  7.567238e-01 
 1063.000  7.561253e-01 
 1064.000  7.547116e-01 
 1065.000  7.530888e-01 
 1066.000  7.532238e-01 
 1067.000  7.522761e-01 
 1068.000  7.489026e-01 
 1069.000  7.472115e-01 
 1070.000  7.476689e-01 
 1071.000  7.454769e-01 
 1072.000  7.432418e-01 
 1073.000  7.427797e-01 
 1074.000  7.430635e-01 
 1075.000  7.462754e-01 
 1076.000  7.442023e-01 
 1077.000  7.414380e-01 
 1078.000  7.381951e-01 
 1079.000  7.377433e-01 
 1080.000  7.291458e-01 
 1081.000  7.286336e-01 
 1082.000  7.323759e-01 
 1083.000  7.278034e-01 
 1084.000  7.228144e-01 
 1085.000  7.109848e-01 
 1086.000  7.137150e-01 
 1087.000  7.266805e-01 
 1088.000  7.271755e-01 
 1089.000  7.113482e-01 
 1090.000  7.083544e-01 
 1091.000  7.113224e-01 
 1092.000  7.034701e-01 
 1093.000  6.860460e-01 
 1094.000  6.784750e-01 
 1095.000  6.796644e-01 
 1096.000  6.807231e-01 
 1097.000  6.772041e-01 
 1098.000  6.352875e-01 
 1099.000  5.999472e-01 
 1100.000  6.022853e-01 
 1101.000  6.070946e-01 
 1102.000  6.046641e-01 
 1103.000  6.078193e-01 
 1104.000  6.018961e-01 
 1105.000  5.871122e-01 
 1106.000  5.723518e-01 
 1107.000  5.758651e-01 
 1108.000  5.783495e-01 
 1109.000  5.907108e-01 
 1110.000  5.888175e-01 
 1111.000  5.816290e-01 
 1112.000  5.506439e-01 
 1113.000  5.086359e-01 
 1114.000  4.967542e-01 
 1115.000  4.462849e-01 
 1116.000  4.157444e-01 
 1117.000  3.478594e-01 
 1118.000  2.879265e-01 
 1119.000  2.569476e-01 
 1120.000  2.202534e-01 
 1121.000  2.122239e-01 
 1122.000  1.766525e-01 
 1123.000  1.952689e-01 
 1124.000  2.081027e-01 
 1125.000  2.011884e-01 
 1126.000  1.985245e-01 
 1127.000  2.017277e-01 
 1128.000  2.079346e-01 
 1129.000  2.442994e-01 
 1130.000  3.335889e-01 
 1131.000  3.606267e-01 
 1132.000  3.235601e-01 
 1133.000  2.591719e-01 
 1134.000  1.525508e-01 
 1135.000  1.602067e-01 
 1136.000  2.688596e-01 
 1137.000  3.337993e-01 
 1138.000  4.002454e-01 
 1139.000  4.219286e-01 
 1140.000  4.090219e-01 
 1141.000  3.834691e-01 
 1142.000  3.743339e-01 
 1143.000  3.461059e-01 
 1144.000  3.151527e-01 
 1145.000  2.716477e-01 
 1146.000  2.818282e-01 
 1147.000  3.160813e-01 
 1148.000  3.473048e-01 
 1149.000  3.603471e-01 
 1150.000  3.615873e-01 
