  320.000  1.544940e-01 
  321.000  1.930077e-01 
  322.000  1.777971e-01 
  323.000  1.970924e-01 
  324.000  2.166179e-01 
  325.000  2.020538e-01 
  326.000  2.260088e-01 
  327.000  2.327400e-01 
  328.000  2.182270e-01 
  329.000  2.461644e-01 
  330.000  2.506223e-01 
  331.000  2.418093e-01 
  332.000  2.588536e-01 
  333.000  2.638447e-01 
  334.000  2.597460e-01 
  335.000  2.723199e-01 
  336.000  2.774289e-01 
  337.000  2.752747e-01 
  338.000  2.812686e-01 
  339.000  2.874679e-01 
  340.000  2.864483e-01 
  341.000  2.924784e-01 
  342.000  2.968959e-01 
  343.000  2.991170e-01 
  344.000  2.995711e-01 
  345.000  3.055735e-01 
  346.000  3.093691e-01 
  347.000  3.124669e-01 
  348.000  3.153709e-01 
  349.000  3.186356e-01 
  350.000  3.214285e-01 
  351.000  3.242120e-01 
  352.000  3.264970e-01 
  353.000  3.297484e-01 
  354.000  3.325183e-01 
  355.000  3.350975e-01 
  356.000  3.376121e-01 
  357.000  3.398511e-01 
  358.000  3.422615e-01 
  359.000  3.446707e-01 
  360.000  3.471392e-01 
  361.000  3.502594e-01 
  362.000  3.535104e-01 
  363.000  3.565063e-01 
  364.000  3.592648e-01 
  365.000  3.618535e-01 
  366.000  3.645018e-01 
  367.000  3.670243e-01 
  368.000  3.695250e-01 
  369.000  3.720050e-01 
  370.000  3.744604e-01 
  371.000  3.768975e-01 
  372.000  3.793155e-01 
  373.000  3.817137e-01 
  374.000  3.840742e-01 
  375.000  3.863899e-01 
  376.000  3.886276e-01 
  377.000  3.907432e-01 
  378.000  3.927088e-01 
  379.000  3.947065e-01 
  380.000  3.969042e-01 
  381.000  3.994067e-01 
  382.000  4.020008e-01 
  383.000  4.044545e-01 
  384.000  4.067827e-01 
  385.000  4.090266e-01 
  386.000  4.112133e-01 
  387.000  4.133652e-01 
  388.000  4.154899e-01 
  389.000  4.175975e-01 
  390.000  4.196884e-01 
  391.000  4.217582e-01 
  392.000  4.238129e-01 
  393.000  4.258509e-01 
  394.000  4.278702e-01 
  395.000  4.298691e-01 
  396.000  4.318552e-01 
  397.000  4.338185e-01 
  398.000  4.357639e-01 
  399.000  4.376929e-01 
  400.000  4.395954e-01 
  401.000  4.414908e-01 
  402.000  4.433710e-01 
  403.000  4.452353e-01 
  404.000  4.470831e-01 
  405.000  4.489107e-01 
  406.000  4.507264e-01 
  407.000  4.525279e-01 
  408.000  4.543137e-01 
  409.000  4.560821e-01 
  410.000  4.578338e-01 
  411.000  4.595682e-01 
  412.000  4.612842e-01 
  413.000  4.629903e-01 
  414.000  4.645741e-01 
  415.000  4.662875e-01 
  416.000  4.679793e-01 
  417.000  4.696429e-01 
  418.000  4.712684e-01 
  419.000  4.728760e-01 
  420.000  4.744692e-01 
  421.000  4.760529e-01 
  422.000  4.776269e-01 
  423.000  4.791892e-01 
  424.000  4.807331e-01 
  425.000  4.822417e-01 
  426.000  4.837357e-01 
  427.000  4.852165e-01 
  428.000  4.866711e-01 
  429.000  4.881054e-01 
  430.000  4.895231e-01 
  431.000  4.909302e-01 
  432.000  4.923227e-01 
  433.000  4.937021e-01 
  434.000  4.950698e-01 
  435.000  4.964243e-01 
  436.000  4.977636e-01 
  437.000  4.990884e-01 
  438.000  5.003982e-01 
  439.000  5.016979e-01 
  440.000  5.029767e-01 
  441.000  5.042393e-01 
  442.000  5.054820e-01 
  443.000  5.067059e-01 
  444.000  5.079107e-01 
  445.000  5.090895e-01 
  446.000  5.102357e-01 
  447.000  5.114378e-01 
  448.000  5.127266e-01 
  449.000  5.140313e-01 
  450.000  5.153108e-01 
  451.000  5.165404e-01 
  452.000  5.177269e-01 
  453.000  5.188892e-01 
  454.000  5.200305e-01 
  455.000  5.211056e-01 
  456.000  5.220939e-01 
  457.000  5.230826e-01 
  458.000  5.240579e-01 
  459.000  5.250125e-01 
  460.000  5.259596e-01 
  461.000  5.268967e-01 
  462.000  5.278158e-01 
  463.000  5.287311e-01 
  464.000  5.299227e-01 
  465.000  5.310964e-01 
  466.000  5.322495e-01 
  467.000  5.333758e-01 
  468.000  5.342933e-01 
  469.000  5.350835e-01 
  470.000  5.358102e-01 
  471.000  5.364643e-01 
  472.000  5.370198e-01 
  473.000  5.374092e-01 
  474.000  5.377289e-01 
  475.000  5.378110e-01 
  476.000  5.376527e-01 
  477.000  5.376495e-01 
  478.000  5.385745e-01 
  479.000  5.399827e-01 
  480.000  5.415026e-01 
  481.000  5.428661e-01 
  482.000  5.441449e-01 
  483.000  5.452566e-01 
  484.000  5.462121e-01 
  485.000  5.470667e-01 
  486.000  5.479780e-01 
  487.000  5.489373e-01 
  488.000  5.498658e-01 
  489.000  5.507773e-01 
  490.000  5.516780e-01 
  491.000  5.523833e-01 
  492.000  5.530280e-01 
  493.000  5.536695e-01 
  494.000  5.542929e-01 
  495.000  5.549162e-01 
  496.000  5.552374e-01 
  497.000  5.555465e-01 
  498.000  5.558509e-01 
  499.000  5.561390e-01 
  500.000  5.564225e-01 
  501.000  5.566745e-01 
  502.000  5.569265e-01 
  503.000  5.571755e-01 
  504.000  5.574129e-01 
  505.000  5.576373e-01 
  506.000  5.582948e-01 
  507.000  5.589713e-01 
  508.000  5.596468e-01 
  509.000  5.603145e-01 
  510.000  5.609680e-01 
  511.000  5.615539e-01 
  512.000  5.621197e-01 
  513.000  5.626822e-01 
  514.000  5.632377e-01 
  515.000  5.637882e-01 
  516.000  5.641816e-01 
  517.000  5.644338e-01 
  518.000  5.646790e-01 
  519.000  5.649195e-01 
  520.000  5.651578e-01 
  521.000  5.653712e-01 
  522.000  5.655251e-01 
  523.000  5.656361e-01 
  524.000  5.657508e-01 
  525.000  5.658411e-01 
  526.000  5.659680e-01 
  527.000  5.659884e-01 
  528.000  5.659657e-01 
  529.000  5.659418e-01 
  530.000  5.659232e-01 
  531.000  5.659079e-01 
  532.000  5.659422e-01 
  533.000  5.662514e-01 
  534.000  5.666419e-01 
  535.000  5.670826e-01 
  536.000  5.675087e-01 
  537.000  5.678985e-01 
  538.000  5.682469e-01 
  539.000  5.685698e-01 
  540.000  5.688727e-01 
  541.000  5.691668e-01 
  542.000  5.694480e-01 
  543.000  5.697193e-01 
  544.000  5.699244e-01 
  545.000  5.700755e-01 
  546.000  5.702196e-01 
  547.000  5.703678e-01 
  548.000  5.705085e-01 
  549.000  5.706471e-01 
  550.000  5.707144e-01 
  551.000  5.707108e-01 
  552.000  5.707100e-01 
  553.000  5.706946e-01 
  554.000  5.706725e-01 
  555.000  5.706464e-01 
  556.000  5.705936e-01 
  557.000  5.704944e-01 
  558.000  5.703871e-01 
  559.000  5.702674e-01 
  560.000  5.701177e-01 
  561.000  5.699403e-01 
  562.000  5.696172e-01 
  563.000  5.694025e-01 
  564.000  5.691260e-01 
  565.000  5.687205e-01 
  566.000  5.684044e-01 
  567.000  5.675864e-01 
  568.000  5.654132e-01 
  569.000  5.611764e-01 
  570.000  5.615834e-01 
  571.000  5.641736e-01 
  572.000  5.611734e-01 
  573.000  5.616595e-01 
  574.000  5.615609e-01 
  575.000  5.612627e-01 
  576.000  5.614343e-01 
  577.000  5.625558e-01 
  578.000  5.641093e-01 
  579.000  5.656283e-01 
  580.000  5.672426e-01 
  581.000  5.694106e-01 
  582.000  5.709799e-01 
  583.000  5.720748e-01 
  584.000  5.730624e-01 
  585.000  5.738373e-01 
  586.000  5.745676e-01 
  587.000  5.738204e-01 
  588.000  5.685890e-01 
  589.000  5.598500e-01 
  590.000  5.595478e-01 
  591.000  5.659878e-01 
  592.000  5.629314e-01 
  593.000  5.702053e-01 
  594.000  5.688648e-01 
  595.000  5.641061e-01 
  596.000  5.709503e-01 
  597.000  5.691175e-01 
  598.000  5.717108e-01 
  599.000  5.725960e-01 
  600.000  5.749001e-01 
  601.000  5.762752e-01 
  602.000  5.765564e-01 
  603.000  5.773534e-01 
  604.000  5.784760e-01 
  605.000  5.793014e-01 
  606.000  5.799348e-01 
  607.000  5.805479e-01 
  608.000  5.811454e-01 
  609.000  5.817178e-01 
  610.000  5.823119e-01 
  611.000  5.829719e-01 
  612.000  5.836185e-01 
  613.000  5.842449e-01 
  614.000  5.848529e-01 
  615.000  5.854592e-01 
  616.000  5.860434e-01 
  617.000  5.865952e-01 
  618.000  5.870577e-01 
  619.000  5.874491e-01 
  620.000  5.878114e-01 
  621.000  5.881227e-01 
  622.000  5.883829e-01 
  623.000  5.885569e-01 
  624.000  5.887423e-01 
  625.000  5.888975e-01 
  626.000  5.887362e-01 
  627.000  5.861563e-01 
  628.000  5.665389e-01 
  629.000  5.789046e-01 
  630.000  5.810460e-01 
  631.000  5.848570e-01 
  632.000  5.853345e-01 
  633.000  5.894814e-01 
  634.000  5.918530e-01 
  635.000  5.930838e-01 
  636.000  5.946856e-01 
  637.000  5.960460e-01 
  638.000  5.981936e-01 
  639.000  5.992480e-01 
  640.000  6.007684e-01 
  641.000  6.016964e-01 
  642.000  6.028648e-01 
  643.000  6.027513e-01 
  644.000  6.034205e-01 
  645.000  6.028165e-01 
  646.000  5.983831e-01 
  647.000  5.953762e-01 
  648.000  5.919277e-01 
  649.000  5.958984e-01 
  650.000  6.030427e-01 
  651.000  6.034787e-01 
  652.000  5.980123e-01 
  653.000  6.052356e-01 
  654.000  6.049230e-01 
  655.000  6.028841e-01 
  656.000  6.041816e-01 
  657.000  6.059324e-01 
  658.000  6.086725e-01 
  659.000  6.103377e-01 
  660.000  6.113718e-01 
  661.000  6.135176e-01 
  662.000  6.147280e-01 
  663.000  6.150203e-01 
  664.000  6.157246e-01 
  665.000  6.163802e-01 
  666.000  6.171662e-01 
  667.000  6.178551e-01 
  668.000  6.186219e-01 
  669.000  6.192173e-01 
  670.000  6.197628e-01 
  671.000  6.203280e-01 
  672.000  6.208498e-01 
  673.000  6.213645e-01 
  674.000  6.218752e-01 
  675.000  6.223860e-01 
  676.000  6.228683e-01 
  677.000  6.233111e-01 
  678.000  6.237544e-01 
  679.000  6.241393e-01 
  680.000  6.242738e-01 
  681.000  6.243140e-01 
  682.000  6.246080e-01 
  683.000  6.248233e-01 
  684.000  6.247189e-01 
  685.000  6.254324e-01 
  686.000  6.229442e-01 
  687.000  5.336452e-01 
  688.000  5.613949e-01 
  689.000  5.536584e-01 
  690.000  5.681341e-01 
  691.000  5.877982e-01 
  692.000  6.006795e-01 
  693.000  6.000937e-01 
  694.000  5.966065e-01 
  695.000  6.033465e-01 
  696.000  6.071714e-01 
  697.000  6.216542e-01 
  698.000  6.189260e-01 
  699.000  6.063265e-01 
  700.000  6.085863e-01 
  701.000  6.058599e-01 
  702.000  6.080813e-01 
  703.000  6.188856e-01 
  704.000  6.194687e-01 
  705.000  6.151761e-01 
  706.000  6.161397e-01 
  707.000  6.178199e-01 
  708.000  6.196258e-01 
  709.000  6.232109e-01 
  710.000  6.196096e-01 
  711.000  6.234986e-01 
  712.000  6.268225e-01 
  713.000  6.243468e-01 
  714.000  6.235884e-01 
  715.000  6.195104e-01 
  716.000  6.152931e-01 
  717.000  5.875074e-01 
  718.000  5.703363e-01 
  719.000  5.642086e-01 
  720.000  5.547572e-01 
  721.000  5.961928e-01 
  722.000  6.108328e-01 
  723.000  6.027118e-01 
  724.000  5.793244e-01 
  725.000  5.829198e-01 
  726.000  5.818640e-01 
  727.000  5.852534e-01 
  728.000  5.816563e-01 
  729.000  5.907227e-01 
  730.000  5.891840e-01 
  731.000  5.873144e-01 
  732.000  6.025431e-01 
  733.000  6.170307e-01 
  734.000  6.239968e-01 
  735.000  6.215980e-01 
  736.000  6.170743e-01 
  737.000  6.205581e-01 
  738.000  6.253257e-01 
  739.000  6.273965e-01 
  740.000  6.319367e-01 
  741.000  6.345735e-01 
  742.000  6.357038e-01 
  743.000  6.380187e-01 
  744.000  6.391402e-01 
  745.000  6.400176e-01 
  746.000  6.407225e-01 
  747.000  6.409563e-01 
  748.000  6.416506e-01 
  749.000  6.420403e-01 
  750.000  6.419121e-01 
  751.000  6.420969e-01 
  752.000  6.427436e-01 
  753.000  6.430444e-01 
  754.000  6.432939e-01 
  755.000  6.434771e-01 
  756.000  6.436660e-01 
  757.000  6.437984e-01 
  758.000  6.426132e-01 
  759.000  5.945704e-01 
  760.000  2.511563e-01 
  761.000  2.205165e-01 
  762.000  4.138018e-01 
  763.000  3.523449e-01 
  764.000  3.826495e-01 
  765.000  4.523908e-01 
  766.000  5.380933e-01 
  767.000  5.819217e-01 
  768.000  6.107853e-01 
  769.000  6.299212e-01 
  770.000  6.401899e-01 
  771.000  6.450663e-01 
  772.000  6.462828e-01 
  773.000  6.468338e-01 
  774.000  6.475458e-01 
  775.000  6.479645e-01 
  776.000  6.482602e-01 
  777.000  6.483693e-01 
  778.000  6.483939e-01 
  779.000  6.484040e-01 
  780.000  6.484096e-01 
  781.000  6.486972e-01 
  782.000  6.486947e-01 
  783.000  6.487007e-01 
  784.000  6.485227e-01 
  785.000  6.475072e-01 
  786.000  6.459892e-01 
  787.000  6.427149e-01 
  788.000  6.409400e-01 
  789.000  6.344996e-01 
  790.000  6.339765e-01 
  791.000  6.352318e-01 
  792.000  6.363909e-01 
  793.000  6.390533e-01 
  794.000  6.446649e-01 
  795.000  6.412833e-01 
  796.000  6.322104e-01 
  797.000  6.348442e-01 
  798.000  6.406208e-01 
  799.000  6.393366e-01 
  800.000  6.351791e-01 
  801.000  6.357055e-01 
  802.000  6.353092e-01 
  803.000  6.359476e-01 
  804.000  6.379392e-01 
  805.000  6.417313e-01 
  806.000  6.440018e-01 
  807.000  6.441274e-01 
  808.000  6.428815e-01 
  809.000  6.413449e-01 
  810.000  6.396614e-01 
  811.000  6.361731e-01 
  812.000  6.314691e-01 
  813.000  6.256922e-01 
  814.000  6.180485e-01 
  815.000  6.085231e-01 
  816.000  5.962094e-01 
  817.000  5.969422e-01 
  818.000  5.979754e-01 
  819.000  6.020507e-01 
  820.000  6.156321e-01 
  821.000  6.310930e-01 
  822.000  6.193765e-01 
  823.000  5.864437e-01 
  824.000  6.142471e-01 
  825.000  6.320210e-01 
  826.000  6.289907e-01 
  827.000  6.267704e-01 
  828.000  6.150917e-01 
  829.000  6.193327e-01 
  830.000  6.240689e-01 
  831.000  6.251889e-01 
  832.000  6.256745e-01 
  833.000  6.284041e-01 
  834.000  6.316102e-01 
  835.000  6.379534e-01 
  836.000  6.359302e-01 
  837.000  6.357257e-01 
  838.000  6.388265e-01 
  839.000  6.407116e-01 
  840.000  6.414096e-01 
  841.000  6.393996e-01 
  842.000  6.412383e-01 
  843.000  6.455771e-01 
  844.000  6.475511e-01 
  845.000  6.484817e-01 
  846.000  6.494591e-01 
  847.000  6.504004e-01 
  848.000  6.488116e-01 
  849.000  6.490561e-01 
  850.000  6.482142e-01 
  851.000  6.472057e-01 
  852.000  6.473281e-01 
  853.000  6.490466e-01 
  854.000  6.489725e-01 
  855.000  6.498448e-01 
  856.000  6.515262e-01 
  857.000  6.522783e-01 
  858.000  6.527080e-01 
  859.000  6.535372e-01 
  860.000  6.540410e-01 
  861.000  6.541334e-01 
  862.000  6.544099e-01 
  863.000  6.544634e-01 
  864.000  6.546593e-01 
  865.000  6.548231e-01 
  866.000  6.548811e-01 
  867.000  6.548734e-01 
  868.000  6.549153e-01 
  869.000  6.549829e-01 
  870.000  6.549659e-01 
  871.000  6.550306e-01 
  872.000  6.551619e-01 
  873.000  6.550679e-01 
  874.000  6.550254e-01 
  875.000  6.550296e-01 
  876.000  6.548517e-01 
  877.000  6.547703e-01 
  878.000  6.542343e-01 
  879.000  6.542134e-01 
  880.000  6.537626e-01 
  881.000  6.534963e-01 
  882.000  6.532412e-01 
  883.000  6.535286e-01 
  884.000  6.536543e-01 
  885.000  6.527009e-01 
  886.000  6.513740e-01 
  887.000  6.524143e-01 
  888.000  6.523677e-01 
  889.000  6.527282e-01 
  890.000  6.519830e-01 
  891.000  6.504822e-01 
  892.000  6.470624e-01 
  893.000  6.365918e-01 
  894.000  6.313900e-01 
  895.000  6.153672e-01 
  896.000  6.009812e-01 
  897.000  5.857745e-01 
  898.000  5.786516e-01 
  899.000  5.583352e-01 
  900.000  5.613168e-01 
  901.000  5.560143e-01 
  902.000  5.569639e-01 
  903.000  5.910993e-01 
  904.000  6.117801e-01 
  905.000  6.110175e-01 
  906.000  5.981065e-01 
  907.000  5.751705e-01 
  908.000  5.599890e-01 
  909.000  5.606642e-01 
  910.000  5.629749e-01 
  911.000  5.730834e-01 
  912.000  5.682037e-01 
  913.000  5.469043e-01 
  914.000  5.574570e-01 
  915.000  5.657376e-01 
  916.000  5.679720e-01 
  917.000  5.724478e-01 
  918.000  5.782306e-01 
  919.000  5.978628e-01 
  920.000  6.126114e-01 
  921.000  6.093558e-01 
  922.000  6.090831e-01 
  923.000  6.049755e-01 
  924.000  5.950767e-01 
  925.000  5.943000e-01 
  926.000  5.941672e-01 
  927.000  5.826613e-01 
  928.000  5.648845e-01 
  929.000  5.390571e-01 
  930.000  5.059187e-01 
  931.000  4.684617e-01 
  932.000  4.190485e-01 
  933.000  3.813258e-01 
  934.000  3.418321e-01 
  935.000  3.376735e-01 
  936.000  3.535434e-01 
  937.000  3.494341e-01 
  938.000  3.930986e-01 
  939.000  5.035027e-01 
  940.000  5.195087e-01 
  941.000  5.055674e-01 
  942.000  4.712353e-01 
  943.000  4.132091e-01 
  944.000  4.091707e-01 
  945.000  4.303014e-01 
  946.000  4.314057e-01 
  947.000  4.499183e-01 
  948.000  4.607295e-01 
  949.000  4.592299e-01 
  950.000  4.619705e-01 
  951.000  4.860646e-01 
  952.000  4.601502e-01 
  953.000  4.781814e-01 
  954.000  4.973729e-01 
  955.000  4.816379e-01 
  956.000  4.779495e-01 
  957.000  5.263805e-01 
  958.000  5.324982e-01 
  959.000  5.244233e-01 
  960.000  5.220349e-01 
  961.000  5.179695e-01 
  962.000  5.215836e-01 
  963.000  5.478470e-01 
  964.000  5.515662e-01 
  965.000  5.490230e-01 
  966.000  5.503959e-01 
  967.000  5.689507e-01 
  968.000  5.996745e-01 
  969.000  6.134309e-01 
  970.000  6.141543e-01 
  971.000  6.138267e-01 
  972.000  6.099305e-01 
  973.000  6.008936e-01 
  974.000  5.898349e-01 
  975.000  5.827043e-01 
  976.000  5.914279e-01 
  977.000  6.057735e-01 
  978.000  6.045954e-01 
  979.000  6.082804e-01 
  980.000  6.228127e-01 
  981.000  6.260135e-01 
  982.000  6.227685e-01 
  983.000  6.301932e-01 
  984.000  6.378211e-01 
  985.000  6.421446e-01 
  986.000  6.477157e-01 
  987.000  6.501229e-01 
  988.000  6.506721e-01 
  989.000  6.510242e-01 
  990.000  6.516137e-01 
  991.000  6.536856e-01 
  992.000  6.542773e-01 
  993.000  6.545014e-01 
  994.000  6.562176e-01 
  995.000  6.575028e-01 
  996.000  6.574967e-01 
  997.000  6.567100e-01 
  998.000  6.557941e-01 
  999.000  6.554449e-01 
 1000.000  6.557438e-01 
 1001.000  6.538885e-01 
 1002.000  6.507231e-01 
 1003.000  6.514839e-01 
 1004.000  6.533158e-01 
 1005.000  6.541561e-01 
 1006.000  6.544162e-01 
 1007.000  6.538170e-01 
 1008.000  6.512347e-01 
 1009.000  6.477741e-01 
 1010.000  6.493190e-01 
 1011.000  6.529932e-01 
 1012.000  6.543919e-01 
 1013.000  6.553518e-01 
 1014.000  6.558217e-01 
 1015.000  6.559061e-01 
 1016.000  6.564137e-01 
 1017.000  6.566543e-01 
 1018.000  6.560658e-01 
 1019.000  6.549041e-01 
 1020.000  6.552102e-01 
 1021.000  6.561536e-01 
 1022.000  6.547114e-01 
 1023.000  6.534083e-01 
 1024.000  6.526224e-01 
 1025.000  6.548400e-01 
 1026.000  6.559005e-01 
 1027.000  6.554308e-01 
 1028.000  6.557860e-01 
 1029.000  6.567929e-01 
 1030.000  6.577245e-01 
 1031.000  6.581877e-01 
 1032.000  6.585400e-01 
 1033.000  6.586323e-01 
 1034.000  6.588396e-01 
 1035.000  6.589199e-01 
 1036.000  6.587620e-01 
 1037.000  6.587108e-01 
 1038.000  6.587776e-01 
 1039.000  6.586080e-01 
 1040.000  6.584420e-01 
 1041.000  6.583087e-01 
 1042.000  6.582573e-01 
 1043.000  6.582233e-01 
 1044.000  6.580864e-01 
 1045.000  6.577468e-01 
 1046.000  6.575040e-01 
 1047.000  6.572018e-01 
 1048.000  6.567401e-01 
 1049.000  6.562312e-01 
 1050.000  6.558554e-01 
 1051.000  6.554183e-01 
 1052.000  6.550446e-01 
 1053.000  6.548895e-01 
 1054.000  6.543682e-01 
 1055.000  6.538321e-01 
 1056.000  6.533275e-01 
 1057.000  6.523399e-01 
 1058.000  6.505677e-01 
 1059.000  6.505176e-01 
 1060.000  6.511768e-01 
 1061.000  6.508773e-01 
 1062.000  6.497155e-01 
 1063.000  6.491214e-01 
 1064.000  6.480867e-01 
 1065.000  6.470791e-01 
 1066.000  6.471404e-01 
 1067.000  6.465115e-01 
 1068.000  6.447788e-01 
 1069.000  6.442345e-01 
 1070.000  6.448455e-01 
 1071.000  6.438502e-01 
 1072.000  6.427378e-01 
 1073.000  6.426890e-01 
 1074.000  6.430774e-01 
 1075.000  6.451994e-01 
 1076.000  6.441644e-01 
 1077.000  6.427013e-01 
 1078.000  6.409408e-01 
 1079.000  6.408406e-01 
 1080.000  6.358328e-01 
 1081.000  6.356537e-01 
 1082.000  6.380147e-01 
 1083.000  6.354106e-01 
 1084.000  6.325245e-01 
 1085.000  6.254835e-01 
 1086.000  6.272403e-01 
 1087.000  6.351556e-01 
 1088.000  6.355287e-01 
 1089.000  6.260731e-01 
 1090.000  6.243537e-01 
 1091.000  6.262413e-01 
 1092.000  6.215904e-01 
 1093.000  6.110364e-01 
 1094.000  6.064472e-01 
 1095.000  6.072497e-01 
 1096.000  6.079983e-01 
 1097.000  6.059568e-01 
 1098.000  5.800062e-01 
 1099.000  5.577299e-01 
 1100.000  5.592912e-01 
 1101.000  5.624318e-01 
 1102.000  5.610173e-01 
 1103.000  5.631297e-01 
 1104.000  5.594510e-01 
 1105.000  5.501027e-01 
 1106.000  5.405746e-01 
 1107.000  5.430545e-01 
 1108.000  5.449380e-01 
 1109.000  5.532702e-01 
 1110.000  5.525149e-01 
 1111.000  5.481324e-01 
 1112.000  5.282452e-01 
 1113.000  5.009953e-01 
 1114.000  4.939742e-01 
 1115.000  4.601833e-01 
 1116.000  4.390194e-01 
 1117.000  3.890130e-01 
 1118.000  3.428953e-01 
 1119.000  3.184668e-01 
 1120.000  2.875347e-01 
 1121.000  2.807116e-01 
 1122.000  2.478501e-01 
 1123.000  2.661111e-01 
 1124.000  2.783289e-01 
 1125.000  2.720056e-01 
 1126.000  2.694183e-01 
 1127.000  2.720719e-01 
 1128.000  2.772336e-01 
 1129.000  3.092429e-01 
 1130.000  3.831786e-01 
 1131.000  4.042768e-01 
 1132.000  3.755074e-01 
 1133.000  3.220061e-01 
 1134.000  2.232964e-01 
 1135.000  2.308277e-01 
 1136.000  3.294799e-01 
 1137.000  3.821287e-01 
 1138.000  4.320459e-01 
 1139.000  4.465671e-01 
 1140.000  4.371205e-01 
 1141.000  4.176168e-01 
 1142.000  4.108430e-01 
 1143.000  3.894786e-01 
 1144.000  3.651656e-01 
 1145.000  3.297617e-01 
 1146.000  3.381348e-01 
 1147.000  3.657444e-01 
 1148.000  3.900714e-01 
 1149.000  3.997363e-01 
 1150.000  3.999318e-01 
