  320.000  1.157428e-01 
  321.000  1.485103e-01 
  322.000  1.354654e-01 
  323.000  1.520348e-01 
  324.000  1.690015e-01 
  325.000  1.563277e-01 
  326.000  1.772284e-01 
  327.000  1.831506e-01 
  328.000  1.704082e-01 
  329.000  1.950227e-01 
  330.000  1.989826e-01 
  331.000  1.911625e-01 
  332.000  2.063163e-01 
  333.000  2.107770e-01 
  334.000  2.071131e-01 
  335.000  2.183744e-01 
  336.000  2.229681e-01 
  337.000  2.210299e-01 
  338.000  2.264273e-01 
  339.000  2.320241e-01 
  340.000  2.311025e-01 
  341.000  2.365581e-01 
  342.000  2.405634e-01 
  343.000  2.425800e-01 
  344.000  2.429924e-01 
  345.000  2.484519e-01 
  346.000  2.519110e-01 
  347.000  2.547378e-01 
  348.000  2.573909e-01 
  349.000  2.603770e-01 
  350.000  2.629344e-01 
  351.000  2.654860e-01 
  352.000  2.675825e-01 
  353.000  2.705687e-01 
  354.000  2.731155e-01 
  355.000  2.754892e-01 
  356.000  2.778056e-01 
  357.000  2.798699e-01 
  358.000  2.820940e-01 
  359.000  2.843189e-01 
  360.000  2.866005e-01 
  361.000  2.894873e-01 
  362.000  2.924983e-01 
  363.000  2.952760e-01 
  364.000  2.978361e-01 
  365.000  3.002408e-01 
  366.000  3.027028e-01 
  367.000  3.050500e-01 
  368.000  3.073788e-01 
  369.000  3.096903e-01 
  370.000  3.119806e-01 
  371.000  3.142556e-01 
  372.000  3.165144e-01 
  373.000  3.187566e-01 
  374.000  3.209651e-01 
  375.000  3.231333e-01 
  376.000  3.252300e-01 
  377.000  3.272136e-01 
  378.000  3.290577e-01 
  379.000  3.309330e-01 
  380.000  3.329974e-01 
  381.000  3.353498e-01 
  382.000  3.377902e-01 
  383.000  3.401003e-01 
  384.000  3.422937e-01 
  385.000  3.444091e-01 
  386.000  3.464720e-01 
  387.000  3.485033e-01 
  388.000  3.505102e-01 
  389.000  3.525021e-01 
  390.000  3.544795e-01 
  391.000  3.564381e-01 
  392.000  3.583835e-01 
  393.000  3.603142e-01 
  394.000  3.622283e-01 
  395.000  3.641241e-01 
  396.000  3.660089e-01 
  397.000  3.678730e-01 
  398.000  3.697211e-01 
  399.000  3.715547e-01 
  400.000  3.733640e-01 
  401.000  3.751674e-01 
  402.000  3.769574e-01 
  403.000  3.787331e-01 
  404.000  3.804939e-01 
  405.000  3.822365e-01 
  406.000  3.839683e-01 
  407.000  3.856876e-01 
  408.000  3.873927e-01 
  409.000  3.890820e-01 
  410.000  3.907560e-01 
  411.000  3.924144e-01 
  412.000  3.940558e-01 
  413.000  3.956885e-01 
  414.000  3.972048e-01 
  415.000  3.988459e-01 
  416.000  4.004670e-01 
  417.000  4.020618e-01 
  418.000  4.036207e-01 
  419.000  4.051631e-01 
  420.000  4.066922e-01 
  421.000  4.082129e-01 
  422.000  4.097248e-01 
  423.000  4.112262e-01 
  424.000  4.127104e-01 
  425.000  4.141612e-01 
  426.000  4.155985e-01 
  427.000  4.170237e-01 
  428.000  4.184242e-01 
  429.000  4.198055e-01 
  430.000  4.211714e-01 
  431.000  4.225276e-01 
  432.000  4.238701e-01 
  433.000  4.252004e-01 
  434.000  4.265200e-01 
  435.000  4.278271e-01 
  436.000  4.291200e-01 
  437.000  4.303994e-01 
  438.000  4.316646e-01 
  439.000  4.329206e-01 
  440.000  4.341567e-01 
  441.000  4.353775e-01 
  442.000  4.365794e-01 
  443.000  4.377636e-01 
  444.000  4.389295e-01 
  445.000  4.400706e-01 
  446.000  4.411804e-01 
  447.000  4.423447e-01 
  448.000  4.435934e-01 
  449.000  4.448578e-01 
  450.000  4.460982e-01 
  451.000  4.472905e-01 
  452.000  4.484414e-01 
  453.000  4.495692e-01 
  454.000  4.506768e-01 
  455.000  4.517204e-01 
  456.000  4.526801e-01 
  457.000  4.536402e-01 
  458.000  4.545877e-01 
  459.000  4.555152e-01 
  460.000  4.564357e-01 
  461.000  4.573465e-01 
  462.000  4.582402e-01 
  463.000  4.591303e-01 
  464.000  4.602893e-01 
  465.000  4.614313e-01 
  466.000  4.625535e-01 
  467.000  4.636500e-01 
  468.000  4.645433e-01 
  469.000  4.653129e-01 
  470.000  4.660207e-01 
  471.000  4.666580e-01 
  472.000  4.671992e-01 
  473.000  4.675786e-01 
  474.000  4.678901e-01 
  475.000  4.679702e-01 
  476.000  4.678159e-01 
  477.000  4.678127e-01 
  478.000  4.687143e-01 
  479.000  4.700871e-01 
  480.000  4.715693e-01 
  481.000  4.728993e-01 
  482.000  4.741472e-01 
  483.000  4.752323e-01 
  484.000  4.761652e-01 
  485.000  4.769996e-01 
  486.000  4.778896e-01 
  487.000  4.788267e-01 
  488.000  4.797340e-01 
  489.000  4.806247e-01 
  490.000  4.815051e-01 
  491.000  4.821946e-01 
  492.000  4.828249e-01 
  493.000  4.834523e-01 
  494.000  4.840620e-01 
  495.000  4.846717e-01 
  496.000  4.849859e-01 
  497.000  4.852882e-01 
  498.000  4.855861e-01 
  499.000  4.858679e-01 
  500.000  4.861454e-01 
  501.000  4.863920e-01 
  502.000  4.866386e-01 
  503.000  4.868822e-01 
  504.000  4.871146e-01 
  505.000  4.873343e-01 
  506.000  4.879779e-01 
  507.000  4.886402e-01 
  508.000  4.893016e-01 
  509.000  4.899555e-01 
  510.000  4.905955e-01 
  511.000  4.911694e-01 
  512.000  4.917237e-01 
  513.000  4.922748e-01 
  514.000  4.928192e-01 
  515.000  4.933587e-01 
  516.000  4.937443e-01 
  517.000  4.939914e-01 
  518.000  4.942318e-01 
  519.000  4.944676e-01 
  520.000  4.947012e-01 
  521.000  4.949104e-01 
  522.000  4.950614e-01 
  523.000  4.951702e-01 
  524.000  4.952826e-01 
  525.000  4.953713e-01 
  526.000  4.954956e-01 
  527.000  4.955156e-01 
  528.000  4.954934e-01 
  529.000  4.954699e-01 
  530.000  4.954517e-01 
  531.000  4.954367e-01 
  532.000  4.954703e-01 
  533.000  4.957735e-01 
  534.000  4.961564e-01 
  535.000  4.965886e-01 
  536.000  4.970066e-01 
  537.000  4.973889e-01 
  538.000  4.977307e-01 
  539.000  4.980475e-01 
  540.000  4.983447e-01 
  541.000  4.986332e-01 
  542.000  4.989091e-01 
  543.000  4.991753e-01 
  544.000  4.993766e-01 
  545.000  4.995249e-01 
  546.000  4.996664e-01 
  547.000  4.998118e-01 
  548.000  4.999500e-01 
  549.000  5.000859e-01 
  550.000  5.001519e-01 
  551.000  5.001485e-01 
  552.000  5.001476e-01 
  553.000  5.001326e-01 
  554.000  5.001108e-01 
  555.000  5.000852e-01 
  556.000  5.000334e-01 
  557.000  4.999360e-01 
  558.000  4.998308e-01 
  559.000  4.997133e-01 
  560.000  4.995664e-01 
  561.000  4.993926e-01 
  562.000  4.991162e-01 
  563.000  4.989089e-01 
  564.000  4.986477e-01 
  565.000  4.982787e-01 
  566.000  4.979498e-01 
  567.000  4.972761e-01 
  568.000  4.956695e-01 
  569.000  4.928846e-01 
  570.000  4.929782e-01 
  571.000  4.943745e-01 
  572.000  4.922302e-01 
  573.000  4.923252e-01 
  574.000  4.921898e-01 
  575.000  4.919126e-01 
  576.000  4.920746e-01 
  577.000  4.928899e-01 
  578.000  4.940771e-01 
  579.000  4.954190e-01 
  580.000  4.970160e-01 
  581.000  4.990732e-01 
  582.000  5.006205e-01 
  583.000  5.017655e-01 
  584.000  5.027642e-01 
  585.000  5.036401e-01 
  586.000  5.044154e-01 
  587.000  5.042357e-01 
  588.000  5.012358e-01 
  589.000  4.958306e-01 
  590.000  4.957766e-01 
  591.000  5.000268e-01 
  592.000  4.981915e-01 
  593.000  5.029501e-01 
  594.000  5.022017e-01 
  595.000  4.992598e-01 
  596.000  5.035642e-01 
  597.000  5.022742e-01 
  598.000  5.038071e-01 
  599.000  5.042486e-01 
  600.000  5.054935e-01 
  601.000  5.062768e-01 
  602.000  5.063312e-01 
  603.000  5.069494e-01 
  604.000  5.078883e-01 
  605.000  5.086291e-01 
  606.000  5.092333e-01 
  607.000  5.098192e-01 
  608.000  5.104038e-01 
  609.000  5.109648e-01 
  610.000  5.115491e-01 
  611.000  5.121986e-01 
  612.000  5.128347e-01 
  613.000  5.134513e-01 
  614.000  5.140497e-01 
  615.000  5.146466e-01 
  616.000  5.152218e-01 
  617.000  5.157652e-01 
  618.000  5.162207e-01 
  619.000  5.166062e-01 
  620.000  5.169630e-01 
  621.000  5.172697e-01 
  622.000  5.175260e-01 
  623.000  5.176975e-01 
  624.000  5.178803e-01 
  625.000  5.180337e-01 
  626.000  5.179812e-01 
  627.000  5.161204e-01 
  628.000  4.976784e-01 
  629.000  5.097121e-01 
  630.000  5.111368e-01 
  631.000  5.145991e-01 
  632.000  5.160202e-01 
  633.000  5.193140e-01 
  634.000  5.215183e-01 
  635.000  5.228517e-01 
  636.000  5.243734e-01 
  637.000  5.257097e-01 
  638.000  5.275193e-01 
  639.000  5.285718e-01 
  640.000  5.300093e-01 
  641.000  5.309634e-01 
  642.000  5.320529e-01 
  643.000  5.322366e-01 
  644.000  5.329348e-01 
  645.000  5.327975e-01 
  646.000  5.302683e-01 
  647.000  5.285749e-01 
  648.000  5.265825e-01 
  649.000  5.293651e-01 
  650.000  5.341635e-01 
  651.000  5.346345e-01 
  652.000  5.313050e-01 
  653.000  5.361412e-01 
  654.000  5.361263e-01 
  655.000  5.350008e-01 
  656.000  5.360202e-01 
  657.000  5.373161e-01 
  658.000  5.391294e-01 
  659.000  5.404301e-01 
  660.000  5.412889e-01 
  661.000  5.428475e-01 
  662.000  5.438334e-01 
  663.000  5.441611e-01 
  664.000  5.448305e-01 
  665.000  5.454568e-01 
  666.000  5.461466e-01 
  667.000  5.467730e-01 
  668.000  5.474545e-01 
  669.000  5.480210e-01 
  670.000  5.485536e-01 
  671.000  5.490988e-01 
  672.000  5.496145e-01 
  673.000  5.501247e-01 
  674.000  5.506318e-01 
  675.000  5.511383e-01 
  676.000  5.516189e-01 
  677.000  5.520597e-01 
  678.000  5.525002e-01 
  679.000  5.529003e-01 
  680.000  5.531279e-01 
  681.000  5.532902e-01 
  682.000  5.536263e-01 
  683.000  5.538777e-01 
  684.000  5.539602e-01 
  685.000  5.545600e-01 
  686.000  5.522994e-01 
  687.000  4.682445e-01 
  688.000  4.941477e-01 
  689.000  4.870946e-01 
  690.000  5.006120e-01 
  691.000  5.195814e-01 
  692.000  5.328613e-01 
  693.000  5.356627e-01 
  694.000  5.353723e-01 
  695.000  5.407225e-01 
  696.000  5.436902e-01 
  697.000  5.535396e-01 
  698.000  5.518927e-01 
  699.000  5.436617e-01 
  700.000  5.452688e-01 
  701.000  5.435557e-01 
  702.000  5.451276e-01 
  703.000  5.523840e-01 
  704.000  5.528640e-01 
  705.000  5.501027e-01 
  706.000  5.508184e-01 
  707.000  5.520086e-01 
  708.000  5.532807e-01 
  709.000  5.557292e-01 
  710.000  5.534250e-01 
  711.000  5.560750e-01 
  712.000  5.583492e-01 
  713.000  5.567937e-01 
  714.000  5.563757e-01 
  715.000  5.537778e-01 
  716.000  5.511054e-01 
  717.000  5.326909e-01 
  718.000  5.212489e-01 
  719.000  5.172099e-01 
  720.000  5.108447e-01 
  721.000  5.389042e-01 
  722.000  5.487525e-01 
  723.000  5.434238e-01 
  724.000  5.278164e-01 
  725.000  5.303271e-01 
  726.000  5.296654e-01 
  727.000  5.319996e-01 
  728.000  5.296229e-01 
  729.000  5.357725e-01 
  730.000  5.347768e-01 
  731.000  5.335542e-01 
  732.000  5.438192e-01 
  733.000  5.535151e-01 
  734.000  5.581799e-01 
  735.000  5.566381e-01 
  736.000  5.536756e-01 
  737.000  5.560290e-01 
  738.000  5.592310e-01 
  739.000  5.606411e-01 
  740.000  5.636829e-01 
  741.000  5.654635e-01 
  742.000  5.661366e-01 
  743.000  5.677331e-01 
  744.000  5.685116e-01 
  745.000  5.691329e-01 
  746.000  5.696601e-01 
  747.000  5.698753e-01 
  748.000  5.704387e-01 
  749.000  5.707654e-01 
  750.000  5.707350e-01 
  751.000  5.709201e-01 
  752.000  5.714231e-01 
  753.000  5.716875e-01 
  754.000  5.719164e-01 
  755.000  5.720994e-01 
  756.000  5.722860e-01 
  757.000  5.724177e-01 
  758.000  5.712637e-01 
  759.000  5.259132e-01 
  760.000  2.099319e-01 
  761.000  1.827554e-01 
  762.000  3.574260e-01 
  763.000  3.011491e-01 
  764.000  3.288349e-01 
  765.000  3.930715e-01 
  766.000  4.729033e-01 
  767.000  5.140675e-01 
  768.000  5.412931e-01 
  769.000  5.593933e-01 
  770.000  5.691930e-01 
  771.000  5.737780e-01 
  772.000  5.749378e-01 
  773.000  5.754642e-01 
  774.000  5.761715e-01 
  775.000  5.765871e-01 
  776.000  5.768762e-01 
  777.000  5.770020e-01 
  778.000  5.770565e-01 
  779.000  5.770935e-01 
  780.000  5.771247e-01 
  781.000  5.773529e-01 
  782.000  5.773782e-01 
  783.000  5.774093e-01 
  784.000  5.773121e-01 
  785.000  5.766537e-01 
  786.000  5.756119e-01 
  787.000  5.735437e-01 
  788.000  5.723875e-01 
  789.000  5.681016e-01 
  790.000  5.677806e-01 
  791.000  5.686514e-01 
  792.000  5.694554e-01 
  793.000  5.712659e-01 
  794.000  5.749264e-01 
  795.000  5.728140e-01 
  796.000  5.667559e-01 
  797.000  5.685519e-01 
  798.000  5.724516e-01 
  799.000  5.716172e-01 
  800.000  5.688553e-01 
  801.000  5.692350e-01 
  802.000  5.689947e-01 
  803.000  5.694483e-01 
  804.000  5.708081e-01 
  805.000  5.733740e-01 
  806.000  5.749180e-01 
  807.000  5.750270e-01 
  808.000  5.742192e-01 
  809.000  5.732173e-01 
  810.000  5.721185e-01 
  811.000  5.698098e-01 
  812.000  5.666860e-01 
  813.000  5.628355e-01 
  814.000  5.577192e-01 
  815.000  5.513220e-01 
  816.000  5.429738e-01 
  817.000  5.435120e-01 
  818.000  5.442415e-01 
  819.000  5.470275e-01 
  820.000  5.562590e-01 
  821.000  5.667175e-01 
  822.000  5.588362e-01 
  823.000  5.364299e-01 
  824.000  5.554014e-01 
  825.000  5.674200e-01 
  826.000  5.653836e-01 
  827.000  5.639091e-01 
  828.000  5.560400e-01 
  829.000  5.589333e-01 
  830.000  5.621509e-01 
  831.000  5.629221e-01 
  832.000  5.632562e-01 
  833.000  5.651112e-01 
  834.000  5.672830e-01 
  835.000  5.715592e-01 
  836.000  5.702165e-01 
  837.000  5.700938e-01 
  838.000  5.721954e-01 
  839.000  5.734779e-01 
  840.000  5.739657e-01 
  841.000  5.726359e-01 
  842.000  5.738887e-01 
  843.000  5.768159e-01 
  844.000  5.781553e-01 
  845.000  5.786776e-01 
  846.000  5.793138e-01 
  847.000  5.800285e-01 
  848.000  5.788920e-01 
  849.000  5.790827e-01 
  850.000  5.785843e-01 
  851.000  5.780616e-01 
  852.000  5.781629e-01 
  853.000  5.791456e-01 
  854.000  5.791796e-01 
  855.000  5.797406e-01 
  856.000  5.809705e-01 
  857.000  5.814859e-01 
  858.000  5.818056e-01 
  859.000  5.824131e-01 
  860.000  5.827821e-01 
  861.000  5.828635e-01 
  862.000  5.830735e-01 
  863.000  5.831274e-01 
  864.000  5.832809e-01 
  865.000  5.834119e-01 
  866.000  5.834687e-01 
  867.000  5.834789e-01 
  868.000  5.835242e-01 
  869.000  5.835876e-01 
  870.000  5.835909e-01 
  871.000  5.836521e-01 
  872.000  5.837605e-01 
  873.000  5.837089e-01 
  874.000  5.836938e-01 
  875.000  5.837119e-01 
  876.000  5.836005e-01 
  877.000  5.835575e-01 
  878.000  5.831635e-01 
  879.000  5.831618e-01 
  880.000  5.828744e-01 
  881.000  5.826979e-01 
  882.000  5.825968e-01 
  883.000  5.827496e-01 
  884.000  5.828540e-01 
  885.000  5.822229e-01 
  886.000  5.813419e-01 
  887.000  5.821205e-01 
  888.000  5.821047e-01 
  889.000  5.823061e-01 
  890.000  5.818347e-01 
  891.000  5.807811e-01 
  892.000  5.786364e-01 
  893.000  5.715708e-01 
  894.000  5.680722e-01 
  895.000  5.571632e-01 
  896.000  5.473393e-01 
  897.000  5.369104e-01 
  898.000  5.320134e-01 
  899.000  5.178390e-01 
  900.000  5.199672e-01 
  901.000  5.162490e-01 
  902.000  5.168934e-01 
  903.000  5.407081e-01 
  904.000  5.549717e-01 
  905.000  5.544380e-01 
  906.000  5.455558e-01 
  907.000  5.296551e-01 
  908.000  5.190560e-01 
  909.000  5.195581e-01 
  910.000  5.211966e-01 
  911.000  5.282843e-01 
  912.000  5.248804e-01 
  913.000  5.099039e-01 
  914.000  5.173514e-01 
  915.000  5.231611e-01 
  916.000  5.247209e-01 
  917.000  5.278407e-01 
  918.000  5.318673e-01 
  919.000  5.454847e-01 
  920.000  5.556290e-01 
  921.000  5.533864e-01 
  922.000  5.532048e-01 
  923.000  5.503893e-01 
  924.000  5.435738e-01 
  925.000  5.430842e-01 
  926.000  5.430997e-01 
  927.000  5.352240e-01 
  928.000  5.229709e-01 
  929.000  5.049872e-01 
  930.000  4.815783e-01 
  931.000  4.546298e-01 
  932.000  4.185659e-01 
  933.000  3.900197e-01 
  934.000  3.592113e-01 
  935.000  3.560196e-01 
  936.000  3.686942e-01 
  937.000  3.653342e-01 
  938.000  3.990331e-01 
  939.000  4.809766e-01 
  940.000  4.924148e-01 
  941.000  4.823270e-01 
  942.000  4.573209e-01 
  943.000  4.140523e-01 
  944.000  4.110593e-01 
  945.000  4.271049e-01 
  946.000  4.278678e-01 
  947.000  4.415635e-01 
  948.000  4.495169e-01 
  949.000  4.483299e-01 
  950.000  4.503218e-01 
  951.000  4.679431e-01 
  952.000  4.488286e-01 
  953.000  4.619954e-01 
  954.000  4.758629e-01 
  955.000  4.643181e-01 
  956.000  4.614549e-01 
  957.000  4.963618e-01 
  958.000  5.006311e-01 
  959.000  4.947930e-01 
  960.000  4.930274e-01 
  961.000  4.900723e-01 
  962.000  4.926200e-01 
  963.000  5.112705e-01 
  964.000  5.138662e-01 
  965.000  5.120306e-01 
  966.000  5.129601e-01 
  967.000  5.259759e-01 
  968.000  5.473121e-01 
  969.000  5.567680e-01 
  970.000  5.572543e-01 
  971.000  5.570330e-01 
  972.000  5.543681e-01 
  973.000  5.481511e-01 
  974.000  5.404997e-01 
  975.000  5.355474e-01 
  976.000  5.416191e-01 
  977.000  5.515471e-01 
  978.000  5.507236e-01 
  979.000  5.532504e-01 
  980.000  5.632288e-01 
  981.000  5.654141e-01 
  982.000  5.631820e-01 
  983.000  5.682549e-01 
  984.000  5.734555e-01 
  985.000  5.763974e-01 
  986.000  5.801816e-01 
  987.000  5.818147e-01 
  988.000  5.821897e-01 
  989.000  5.824327e-01 
  990.000  5.828382e-01 
  991.000  5.840937e-01 
  992.000  5.845164e-01 
  993.000  5.846808e-01 
  994.000  5.859532e-01 
  995.000  5.867676e-01 
  996.000  5.868364e-01 
  997.000  5.862525e-01 
  998.000  5.856508e-01 
  999.000  5.854160e-01 
 1000.000  5.856332e-01 
 1001.000  5.843149e-01 
 1002.000  5.823344e-01 
 1003.000  5.828589e-01 
 1004.000  5.839367e-01 
 1005.000  5.845354e-01 
 1006.000  5.847134e-01 
 1007.000  5.842996e-01 
 1008.000  5.827153e-01 
 1009.000  5.803693e-01 
 1010.000  5.814219e-01 
 1011.000  5.839143e-01 
 1012.000  5.847171e-01 
 1013.000  5.854147e-01 
 1014.000  5.857416e-01 
 1015.000  5.857970e-01 
 1016.000  5.861493e-01 
 1017.000  5.863562e-01 
 1018.000  5.859043e-01 
 1019.000  5.850660e-01 
 1020.000  5.853046e-01 
 1021.000  5.859609e-01 
 1022.000  5.849186e-01 
 1023.000  5.839941e-01 
 1024.000  5.836211e-01 
 1025.000  5.850862e-01 
 1026.000  5.857386e-01 
 1027.000  5.854010e-01 
 1028.000  5.856307e-01 
 1029.000  5.862918e-01 
 1030.000  5.869074e-01 
 1031.000  5.871984e-01 
 1032.000  5.874280e-01 
 1033.000  5.874764e-01 
 1034.000  5.876245e-01 
 1035.000  5.876377e-01 
 1036.000  5.874482e-01 
 1037.000  5.873474e-01 
 1038.000  5.873870e-01 
 1039.000  5.872464e-01 
 1040.000  5.870940e-01 
 1041.000  5.869702e-01 
 1042.000  5.869136e-01 
 1043.000  5.868633e-01 
 1044.000  5.867244e-01 
 1045.000  5.864297e-01 
 1046.000  5.862089e-01 
 1047.000  5.859244e-01 
 1048.000  5.854385e-01 
 1049.000  5.848774e-01 
 1050.000  5.845194e-01 
 1051.000  5.841762e-01 
 1052.000  5.838244e-01 
 1053.000  5.836282e-01 
 1054.000  5.831729e-01 
 1055.000  5.827008e-01 
 1056.000  5.822134e-01 
 1057.000  5.814033e-01 
 1058.000  5.800250e-01 
 1059.000  5.798647e-01 
 1060.000  5.801973e-01 
 1061.000  5.799033e-01 
 1062.000  5.789695e-01 
 1063.000  5.784267e-01 
 1064.000  5.775701e-01 
 1065.000  5.768370e-01 
 1066.000  5.768645e-01 
 1067.000  5.764401e-01 
 1068.000  5.752625e-01 
 1069.000  5.754034e-01 
 1070.000  5.760775e-01 
 1071.000  5.756362e-01 
 1072.000  5.750471e-01 
 1073.000  5.751874e-01 
 1074.000  5.756217e-01 
 1075.000  5.772270e-01 
 1076.000  5.766755e-01 
 1077.000  5.758201e-01 
 1078.000  5.747536e-01 
 1079.000  5.748136e-01 
 1080.000  5.715020e-01 
 1081.000  5.714777e-01 
 1082.000  5.731775e-01 
 1083.000  5.714992e-01 
 1084.000  5.696083e-01 
 1085.000  5.648593e-01 
 1086.000  5.661386e-01 
 1087.000  5.716240e-01 
 1088.000  5.719391e-01 
 1089.000  5.655261e-01 
 1090.000  5.644094e-01 
 1091.000  5.657634e-01 
 1092.000  5.626425e-01 
 1093.000  5.554187e-01 
 1094.000  5.522867e-01 
 1095.000  5.528842e-01 
 1096.000  5.534499e-01 
 1097.000  5.521042e-01 
 1098.000  5.341073e-01 
 1099.000  5.185166e-01 
 1100.000  5.196568e-01 
 1101.000  5.219081e-01 
 1102.000  5.209791e-01 
 1103.000  5.225090e-01 
 1104.000  5.199535e-01 
 1105.000  5.134045e-01 
 1106.000  5.066565e-01 
 1107.000  5.085056e-01 
 1108.000  5.099580e-01 
 1109.000  5.160040e-01 
 1110.000  5.156518e-01 
 1111.000  5.126523e-01 
 1112.000  4.986129e-01 
 1113.000  4.792665e-01 
 1114.000  4.745705e-01 
 1115.000  4.502247e-01 
 1116.000  4.347106e-01 
 1117.000  3.968351e-01 
 1118.000  3.611432e-01 
 1119.000  3.420359e-01 
 1120.000  3.169918e-01 
 1121.000  3.114576e-01 
 1122.000  2.835497e-01 
 1123.000  2.995346e-01 
 1124.000  3.100561e-01 
 1125.000  3.047205e-01 
 1126.000  3.024662e-01 
 1127.000  3.045825e-01 
 1128.000  3.087001e-01 
 1129.000  3.351965e-01 
 1130.000  3.944798e-01 
 1131.000  4.108687e-01 
 1132.000  3.885958e-01 
 1133.000  3.456424e-01 
 1134.000  2.615981e-01 
 1135.000  2.682198e-01 
 1136.000  3.514049e-01 
 1137.000  3.931847e-01 
 1138.000  4.312398e-01 
 1139.000  4.416279e-01 
 1140.000  4.345149e-01 
 1141.000  4.194999e-01 
 1142.000  4.143676e-01 
 1143.000  3.979917e-01 
 1144.000  3.789778e-01 
 1145.000  3.507703e-01 
 1146.000  3.574866e-01 
 1147.000  3.793863e-01 
 1148.000  3.983394e-01 
 1149.000  4.056726e-01 
 1150.000  4.055223e-01 
