  320.000  1.623250e-01 
  321.000  2.018902e-01 
  322.000  1.862852e-01 
  323.000  2.060765e-01 
  324.000  2.260646e-01 
  325.000  2.111591e-01 
  326.000  2.356649e-01 
  327.000  2.425413e-01 
  328.000  2.277102e-01 
  329.000  2.562435e-01 
  330.000  2.607903e-01 
  331.000  2.517999e-01 
  332.000  2.691815e-01 
  333.000  2.742670e-01 
  334.000  2.700909e-01 
  335.000  2.828980e-01 
  336.000  2.880983e-01 
  337.000  2.859058e-01 
  338.000  2.920054e-01 
  339.000  2.983113e-01 
  340.000  2.972743e-01 
  341.000  3.034058e-01 
  342.000  3.078961e-01 
  343.000  3.101533e-01 
  344.000  3.106147e-01 
  345.000  3.167126e-01 
  346.000  3.205675e-01 
  347.000  3.237129e-01 
  348.000  3.266610e-01 
  349.000  3.299746e-01 
  350.000  3.328088e-01 
  351.000  3.356330e-01 
  352.000  3.379510e-01 
  353.000  3.412488e-01 
  354.000  3.440577e-01 
  355.000  3.466728e-01 
  356.000  3.492220e-01 
  357.000  3.514917e-01 
  358.000  3.539346e-01 
  359.000  3.563759e-01 
  360.000  3.588770e-01 
  361.000  3.620380e-01 
  362.000  3.653308e-01 
  363.000  3.683646e-01 
  364.000  3.711577e-01 
  365.000  3.737784e-01 
  366.000  3.764590e-01 
  367.000  3.790120e-01 
  368.000  3.815425e-01 
  369.000  3.840519e-01 
  370.000  3.865359e-01 
  371.000  3.890012e-01 
  372.000  3.914467e-01 
  373.000  3.938720e-01 
  374.000  3.962588e-01 
  375.000  3.986000e-01 
  376.000  4.008622e-01 
  377.000  4.030006e-01 
  378.000  4.049872e-01 
  379.000  4.070061e-01 
  380.000  4.092268e-01 
  381.000  4.117552e-01 
  382.000  4.143758e-01 
  383.000  4.168544e-01 
  384.000  4.192058e-01 
  385.000  4.214719e-01 
  386.000  4.236799e-01 
  387.000  4.258526e-01 
  388.000  4.279976e-01 
  389.000  4.301251e-01 
  390.000  4.322356e-01 
  391.000  4.343246e-01 
  392.000  4.363980e-01 
  393.000  4.384545e-01 
  394.000  4.404918e-01 
  395.000  4.425084e-01 
  396.000  4.445120e-01 
  397.000  4.464923e-01 
  398.000  4.484544e-01 
  399.000  4.503998e-01 
  400.000  4.523183e-01 
  401.000  4.542294e-01 
  402.000  4.561252e-01 
  403.000  4.580046e-01 
  404.000  4.598673e-01 
  405.000  4.617096e-01 
  406.000  4.635395e-01 
  407.000  4.653551e-01 
  408.000  4.671548e-01 
  409.000  4.689367e-01 
  410.000  4.707017e-01 
  411.000  4.724492e-01 
  412.000  4.741778e-01 
  413.000  4.758965e-01 
  414.000  4.774919e-01 
  415.000  4.792176e-01 
  416.000  4.809215e-01 
  417.000  4.825969e-01 
  418.000  4.842338e-01 
  419.000  4.858525e-01 
  420.000  4.874566e-01 
  421.000  4.890510e-01 
  422.000  4.906356e-01 
  423.000  4.922083e-01 
  424.000  4.937624e-01 
  425.000  4.952809e-01 
  426.000  4.967845e-01 
  427.000  4.982748e-01 
  428.000  4.997386e-01 
  429.000  5.011820e-01 
  430.000  5.026085e-01 
  431.000  5.040243e-01 
  432.000  5.054253e-01 
  433.000  5.068130e-01 
  434.000  5.081890e-01 
  435.000  5.095514e-01 
  436.000  5.108986e-01 
  437.000  5.122312e-01 
  438.000  5.135485e-01 
  439.000  5.148557e-01 
  440.000  5.161417e-01 
  441.000  5.174114e-01 
  442.000  5.186610e-01 
  443.000  5.198918e-01 
  444.000  5.211031e-01 
  445.000  5.222884e-01 
  446.000  5.234407e-01 
  447.000  5.246492e-01 
  448.000  5.259449e-01 
  449.000  5.272564e-01 
  450.000  5.285425e-01 
  451.000  5.297784e-01 
  452.000  5.309710e-01 
  453.000  5.321392e-01 
  454.000  5.332862e-01 
  455.000  5.343666e-01 
  456.000  5.353598e-01 
  457.000  5.363532e-01 
  458.000  5.373333e-01 
  459.000  5.382925e-01 
  460.000  5.392441e-01 
  461.000  5.401856e-01 
  462.000  5.411091e-01 
  463.000  5.420287e-01 
  464.000  5.432257e-01 
  465.000  5.444049e-01 
  466.000  5.455631e-01 
  467.000  5.466945e-01 
  468.000  5.476161e-01 
  469.000  5.484098e-01 
  470.000  5.491397e-01 
  471.000  5.497967e-01 
  472.000  5.503546e-01 
  473.000  5.507456e-01 
  474.000  5.510668e-01 
  475.000  5.511492e-01 
  476.000  5.509902e-01 
  477.000  5.509870e-01 
  478.000  5.519159e-01 
  479.000  5.533301e-01 
  480.000  5.548564e-01 
  481.000  5.562255e-01 
  482.000  5.575096e-01 
  483.000  5.586258e-01 
  484.000  5.595852e-01 
  485.000  5.604431e-01 
  486.000  5.613580e-01 
  487.000  5.623211e-01 
  488.000  5.632532e-01 
  489.000  5.641682e-01 
  490.000  5.650723e-01 
  491.000  5.657803e-01 
  492.000  5.664274e-01 
  493.000  5.670713e-01 
  494.000  5.676970e-01 
  495.000  5.683227e-01 
  496.000  5.686450e-01 
  497.000  5.689552e-01 
  498.000  5.692607e-01 
  499.000  5.695499e-01 
  500.000  5.698344e-01 
  501.000  5.700874e-01 
  502.000  5.703403e-01 
  503.000  5.705901e-01 
  504.000  5.708284e-01 
  505.000  5.710536e-01 
  506.000  5.717134e-01 
  507.000  5.723923e-01 
  508.000  5.730702e-01 
  509.000  5.737403e-01 
  510.000  5.743961e-01 
  511.000  5.749839e-01 
  512.000  5.755516e-01 
  513.000  5.761160e-01 
  514.000  5.766734e-01 
  515.000  5.772259e-01 
  516.000  5.776205e-01 
  517.000  5.778735e-01 
  518.000  5.781196e-01 
  519.000  5.783609e-01 
  520.000  5.785999e-01 
  521.000  5.788141e-01 
  522.000  5.789685e-01 
  523.000  5.790799e-01 
  524.000  5.791949e-01 
  525.000  5.792856e-01 
  526.000  5.794128e-01 
  527.000  5.794333e-01 
  528.000  5.794106e-01 
  529.000  5.793865e-01 
  530.000  5.793679e-01 
  531.000  5.793526e-01 
  532.000  5.793869e-01 
  533.000  5.796971e-01 
  534.000  5.800889e-01 
  535.000  5.805311e-01 
  536.000  5.809585e-01 
  537.000  5.813496e-01 
  538.000  5.816991e-01 
  539.000  5.820231e-01 
  540.000  5.823269e-01 
  541.000  5.826219e-01 
  542.000  5.829040e-01 
  543.000  5.831761e-01 
  544.000  5.833819e-01 
  545.000  5.835335e-01 
  546.000  5.836781e-01 
  547.000  5.838267e-01 
  548.000  5.839679e-01 
  549.000  5.841069e-01 
  550.000  5.841743e-01 
  551.000  5.841708e-01 
  552.000  5.841700e-01 
  553.000  5.841545e-01 
  554.000  5.841323e-01 
  555.000  5.841062e-01 
  556.000  5.840532e-01 
  557.000  5.839537e-01 
  558.000  5.838462e-01 
  559.000  5.837260e-01 
  560.000  5.835758e-01 
  561.000  5.833979e-01 
  562.000  5.830815e-01 
  563.000  5.828667e-01 
  564.000  5.825913e-01 
  565.000  5.821900e-01 
  566.000  5.818694e-01 
  567.000  5.810730e-01 
  568.000  5.789842e-01 
  569.000  5.749316e-01 
  570.000  5.752924e-01 
  571.000  5.777264e-01 
  572.000  5.748442e-01 
  573.000  5.751833e-01 
  574.000  5.751641e-01 
  575.000  5.748674e-01 
  576.000  5.750385e-01 
  577.000  5.761210e-01 
  578.000  5.776245e-01 
  579.000  5.790964e-01 
  580.000  5.807453e-01 
  581.000  5.829045e-01 
  582.000  5.844800e-01 
  583.000  5.855941e-01 
  584.000  5.865595e-01 
  585.000  5.873865e-01 
  586.000  5.881301e-01 
  587.000  5.874663e-01 
  588.000  5.825384e-01 
  589.000  5.742634e-01 
  590.000  5.739980e-01 
  591.000  5.801391e-01 
  592.000  5.772528e-01 
  593.000  5.841807e-01 
  594.000  5.829244e-01 
  595.000  5.784184e-01 
  596.000  5.849090e-01 
  597.000  5.831492e-01 
  598.000  5.855927e-01 
  599.000  5.864134e-01 
  600.000  5.885803e-01 
  601.000  5.898700e-01 
  602.000  5.901175e-01 
  603.000  5.908855e-01 
  604.000  5.919802e-01 
  605.000  5.927947e-01 
  606.000  5.934263e-01 
  607.000  5.940379e-01 
  608.000  5.946364e-01 
  609.000  5.952100e-01 
  610.000  5.958056e-01 
  611.000  5.964675e-01 
  612.000  5.971158e-01 
  613.000  5.977438e-01 
  614.000  5.983534e-01 
  615.000  5.989614e-01 
  616.000  5.995470e-01 
  617.000  6.001002e-01 
  618.000  6.005640e-01 
  619.000  6.009563e-01 
  620.000  6.013196e-01 
  621.000  6.016316e-01 
  622.000  6.018925e-01 
  623.000  6.020670e-01 
  624.000  6.022528e-01 
  625.000  6.024085e-01 
  626.000  6.022668e-01 
  627.000  5.997851e-01 
  628.000  5.799001e-01 
  629.000  5.925000e-01 
  630.000  5.945352e-01 
  631.000  5.983838e-01 
  632.000  5.990274e-01 
  633.000  6.030984e-01 
  634.000  6.054662e-01 
  635.000  6.067268e-01 
  636.000  6.083222e-01 
  637.000  6.096846e-01 
  638.000  6.117889e-01 
  639.000  6.128137e-01 
  640.000  6.143564e-01 
  641.000  6.152961e-01 
  642.000  6.164520e-01 
  643.000  6.163501e-01 
  644.000  6.170249e-01 
  645.000  6.165326e-01 
  646.000  6.123604e-01 
  647.000  6.095433e-01 
  648.000  6.063035e-01 
  649.000  6.101092e-01 
  650.000  6.169218e-01 
  651.000  6.173648e-01 
  652.000  6.122043e-01 
  653.000  6.190895e-01 
  654.000  6.188211e-01 
  655.000  6.169147e-01 
  656.000  6.181743e-01 
  657.000  6.198614e-01 
  658.000  6.224880e-01 
  659.000  6.241006e-01 
  660.000  6.251087e-01 
  661.000  6.271726e-01 
  662.000  6.283180e-01 
  663.000  6.286148e-01 
  664.000  6.293480e-01 
  665.000  6.299975e-01 
  666.000  6.307681e-01 
  667.000  6.314476e-01 
  668.000  6.322010e-01 
  669.000  6.327928e-01 
  670.000  6.333376e-01 
  671.000  6.339008e-01 
  672.000  6.344231e-01 
  673.000  6.349384e-01 
  674.000  6.354500e-01 
  675.000  6.359615e-01 
  676.000  6.364448e-01 
  677.000  6.368886e-01 
  678.000  6.373326e-01 
  679.000  6.377214e-01 
  680.000  6.378735e-01 
  681.000  6.379362e-01 
  682.000  6.382388e-01 
  683.000  6.384649e-01 
  684.000  6.383423e-01 
  685.000  6.390858e-01 
  686.000  6.365778e-01 
  687.000  5.462390e-01 
  688.000  5.742907e-01 
  689.000  5.664997e-01 
  690.000  5.811225e-01 
  691.000  6.010966e-01 
  692.000  6.143423e-01 
  693.000  6.144164e-01 
  694.000  6.114843e-01 
  695.000  6.180903e-01 
  696.000  6.218213e-01 
  697.000  6.356844e-01 
  698.000  6.331082e-01 
  699.000  6.211030e-01 
  700.000  6.232771e-01 
  701.000  6.206879e-01 
  702.000  6.228225e-01 
  703.000  6.331457e-01 
  704.000  6.337146e-01 
  705.000  6.296306e-01 
  706.000  6.305605e-01 
  707.000  6.321741e-01 
  708.000  6.339071e-01 
  709.000  6.373366e-01 
  710.000  6.339135e-01 
  711.000  6.376331e-01 
  712.000  6.408129e-01 
  713.000  6.384650e-01 
  714.000  6.377554e-01 
  715.000  6.338838e-01 
  716.000  6.298850e-01 
  717.000  6.033577e-01 
  718.000  5.869326e-01 
  719.000  5.810753e-01 
  720.000  5.720026e-01 
  721.000  6.117324e-01 
  722.000  6.257312e-01 
  723.000  6.179848e-01 
  724.000  5.956171e-01 
  725.000  5.990769e-01 
  726.000  5.980709e-01 
  727.000  6.013234e-01 
  728.000  5.978823e-01 
  729.000  6.065695e-01 
  730.000  6.050978e-01 
  731.000  6.033083e-01 
  732.000  6.178835e-01 
  733.000  6.317227e-01 
  734.000  6.383710e-01 
  735.000  6.360883e-01 
  736.000  6.317767e-01 
  737.000  6.351061e-01 
  738.000  6.396586e-01 
  739.000  6.416377e-01 
  740.000  6.459699e-01 
  741.000  6.484870e-01 
  742.000  6.495687e-01 
  743.000  6.517853e-01 
  744.000  6.528594e-01 
  745.000  6.537006e-01 
  746.000  6.543772e-01 
  747.000  6.546077e-01 
  748.000  6.552759e-01 
  749.000  6.556546e-01 
  750.000  6.555442e-01 
  751.000  6.557294e-01 
  752.000  6.563507e-01 
  753.000  6.566452e-01 
  754.000  6.568913e-01 
  755.000  6.570747e-01 
  756.000  6.572635e-01 
  757.000  6.573959e-01 
  758.000  6.562054e-01 
  759.000  6.076699e-01 
  760.000  2.591973e-01 
  761.000  2.279103e-01 
  762.000  4.246486e-01 
  763.000  3.622362e-01 
  764.000  3.930247e-01 
  765.000  4.637781e-01 
  766.000  5.505578e-01 
  767.000  5.948738e-01 
  768.000  6.240373e-01 
  769.000  6.433626e-01 
  770.000  6.537170e-01 
  771.000  6.586469e-01 
  772.000  6.598741e-01 
  773.000  6.604310e-01 
  774.000  6.611496e-01 
  775.000  6.615682e-01 
  776.000  6.618630e-01 
  777.000  6.619753e-01 
  778.000  6.620054e-01 
  779.000  6.620204e-01 
  780.000  6.620307e-01 
  781.000  6.623078e-01 
  782.000  6.623104e-01 
  783.000  6.623210e-01 
  784.000  6.621575e-01 
  785.000  6.611955e-01 
  786.000  6.597501e-01 
  787.000  6.566219e-01 
  788.000  6.549318e-01 
  789.000  6.487831e-01 
  790.000  6.482880e-01 
  791.000  6.494918e-01 
  792.000  6.506029e-01 
  793.000  6.531500e-01 
  794.000  6.585131e-01 
  795.000  6.552878e-01 
  796.000  6.466218e-01 
  797.000  6.491433e-01 
  798.000  6.546665e-01 
  799.000  6.534432e-01 
  800.000  6.494743e-01 
  801.000  6.499811e-01 
  802.000  6.496059e-01 
  803.000  6.502194e-01 
  804.000  6.521255e-01 
  805.000  6.557514e-01 
  806.000  6.579229e-01 
  807.000  6.580462e-01 
  808.000  6.568603e-01 
  809.000  6.553969e-01 
  810.000  6.537938e-01 
  811.000  6.504664e-01 
  812.000  6.459777e-01 
  813.000  6.404611e-01 
  814.000  6.331558e-01 
  815.000  6.240456e-01 
  816.000  6.122419e-01 
  817.000  6.129538e-01 
  818.000  6.139492e-01 
  819.000  6.178576e-01 
  820.000  6.308740e-01 
  821.000  6.456737e-01 
  822.000  6.344656e-01 
  823.000  6.028780e-01 
  824.000  6.295565e-01 
  825.000  6.465693e-01 
  826.000  6.436678e-01 
  827.000  6.415468e-01 
  828.000  6.303705e-01 
  829.000  6.344354e-01 
  830.000  6.389707e-01 
  831.000  6.400433e-01 
  832.000  6.405056e-01 
  833.000  6.431175e-01 
  834.000  6.461837e-01 
  835.000  6.522471e-01 
  836.000  6.503147e-01 
  837.000  6.501199e-01 
  838.000  6.530856e-01 
  839.000  6.548885e-01 
  840.000  6.555578e-01 
  841.000  6.536398e-01 
  842.000  6.553989e-01 
  843.000  6.595455e-01 
  844.000  6.614324e-01 
  845.000  6.623234e-01 
  846.000  6.631573e-01 
  847.000  6.641670e-01 
  848.000  6.626462e-01 
  849.000  6.628826e-01 
  850.000  6.620817e-01 
  851.000  6.611216e-01 
  852.000  6.612411e-01 
  853.000  6.628845e-01 
  854.000  6.628159e-01 
  855.000  6.636512e-01 
  856.000  6.652644e-01 
  857.000  6.659852e-01 
  858.000  6.663509e-01 
  859.000  6.671928e-01 
  860.000  6.676723e-01 
  861.000  6.677629e-01 
  862.000  6.680275e-01 
  863.000  6.680810e-01 
  864.000  6.682693e-01 
  865.000  6.684273e-01 
  866.000  6.684851e-01 
  867.000  6.684806e-01 
  868.000  6.685233e-01 
  869.000  6.685901e-01 
  870.000  6.685768e-01 
  871.000  6.686409e-01 
  872.000  6.687681e-01 
  873.000  6.686817e-01 
  874.000  6.686442e-01 
  875.000  6.686509e-01 
  876.000  6.684849e-01 
  877.000  6.684104e-01 
  878.000  6.679003e-01 
  879.000  6.678829e-01 
  880.000  6.674535e-01 
  881.000  6.672021e-01 
  882.000  6.669612e-01 
  883.000  6.672377e-01 
  884.000  6.673600e-01 
  885.000  6.664501e-01 
  886.000  6.651822e-01 
  887.000  6.661814e-01 
  888.000  6.661394e-01 
  889.000  6.664871e-01 
  890.000  6.657760e-01 
  891.000  6.643382e-01 
  892.000  6.610720e-01 
  893.000  6.510546e-01 
  894.000  6.460803e-01 
  895.000  6.307175e-01 
  896.000  6.169127e-01 
  897.000  6.023043e-01 
  898.000  5.954558e-01 
  899.000  5.758537e-01 
  900.000  5.787441e-01 
  901.000  5.736192e-01 
  902.000  5.745263e-01 
  903.000  6.074531e-01 
  904.000  6.273403e-01 
  905.000  6.266011e-01 
  906.000  6.141891e-01 
  907.000  5.920969e-01 
  908.000  5.774465e-01 
  909.000  5.781060e-01 
  910.000  5.803418e-01 
  911.000  5.901026e-01 
  912.000  5.853930e-01 
  913.000  5.648025e-01 
  914.000  5.750098e-01 
  915.000  5.830065e-01 
  916.000  5.851597e-01 
  917.000  5.894736e-01 
  918.000  5.950462e-01 
  919.000  6.139526e-01 
  920.000  6.281241e-01 
  921.000  6.249915e-01 
  922.000  6.247287e-01 
  923.000  6.207820e-01 
  924.000  6.112637e-01 
  925.000  6.105306e-01 
  926.000  6.104378e-01 
  927.000  5.993903e-01 
  928.000  5.822924e-01 
  929.000  5.573868e-01 
  930.000  5.253116e-01 
  931.000  4.888831e-01 
  932.000  4.406413e-01 
  933.000  4.034657e-01 
  934.000  3.642371e-01 
  935.000  3.601211e-01 
  936.000  3.759782e-01 
  937.000  3.718454e-01 
  938.000  4.150938e-01 
  939.000  5.233312e-01 
  940.000  5.388681e-01 
  941.000  5.252889e-01 
  942.000  4.917938e-01 
  943.000  4.348371e-01 
  944.000  4.308770e-01 
  945.000  4.517138e-01 
  946.000  4.527760e-01 
  947.000  4.709090e-01 
  948.000  4.814819e-01 
  949.000  4.799852e-01 
  950.000  4.826558e-01 
  951.000  5.061837e-01 
  952.000  4.808202e-01 
  953.000  4.984201e-01 
  954.000  5.171014e-01 
  955.000  5.017223e-01 
  956.000  4.980628e-01 
  957.000  5.451736e-01 
  958.000  5.510740e-01 
  959.000  5.432115e-01 
  960.000  5.408712e-01 
  961.000  5.369064e-01 
  962.000  5.404002e-01 
  963.000  5.658467e-01 
  964.000  5.694327e-01 
  965.000  5.669563e-01 
  966.000  5.682688e-01 
  967.000  5.861883e-01 
  968.000  6.157838e-01 
  969.000  6.289985e-01 
  970.000  6.296876e-01 
  971.000  6.293721e-01 
  972.000  6.256315e-01 
  973.000  6.169454e-01 
  974.000  6.063005e-01 
  975.000  5.994294e-01 
  976.000  6.078358e-01 
  977.000  6.216404e-01 
  978.000  6.205015e-01 
  979.000  6.240379e-01 
  980.000  6.379936e-01 
  981.000  6.410615e-01 
  982.000  6.379414e-01 
  983.000  6.450614e-01 
  984.000  6.523721e-01 
  985.000  6.565127e-01 
  986.000  6.618465e-01 
  987.000  6.641492e-01 
  988.000  6.646738e-01 
  989.000  6.650105e-01 
  990.000  6.655749e-01 
  991.000  6.675581e-01 
  992.000  6.681252e-01 
  993.000  6.682025e-01 
  994.000  6.699919e-01 
  995.000  6.712223e-01 
  996.000  6.712177e-01 
  997.000  6.704655e-01 
  998.000  6.695892e-01 
  999.000  6.692569e-01 
 1000.000  6.695440e-01 
 1001.000  6.677637e-01 
 1002.000  6.647350e-01 
 1003.000  6.654645e-01 
 1004.000  6.672193e-01 
 1005.000  6.680247e-01 
 1006.000  6.682730e-01 
 1007.000  6.677007e-01 
 1008.000  6.652297e-01 
 1009.000  6.619166e-01 
 1010.000  6.633965e-01 
 1011.000  6.669139e-01 
 1012.000  6.682528e-01 
 1013.000  6.691778e-01 
 1014.000  6.696265e-01 
 1015.000  6.697065e-01 
 1016.000  6.701369e-01 
 1017.000  6.704240e-01 
 1018.000  6.698585e-01 
 1019.000  6.686047e-01 
 1020.000  6.690406e-01 
 1021.000  6.699418e-01 
 1022.000  6.685549e-01 
 1023.000  6.673065e-01 
 1024.000  6.665529e-01 
 1025.000  6.686819e-01 
 1026.000  6.696931e-01 
 1027.000  6.692427e-01 
 1028.000  6.695793e-01 
 1029.000  6.705416e-01 
 1030.000  6.714303e-01 
 1031.000  6.718713e-01 
 1032.000  6.722049e-01 
 1033.000  6.722536e-01 
 1034.000  6.724821e-01 
 1035.000  6.725503e-01 
 1036.000  6.723866e-01 
 1037.000  6.723264e-01 
 1038.000  6.723883e-01 
 1039.000  6.722239e-01 
 1040.000  6.720603e-01 
 1041.000  6.719286e-01 
 1042.000  6.718763e-01 
 1043.000  6.718394e-01 
 1044.000  6.717020e-01 
 1045.000  6.713703e-01 
 1046.000  6.711314e-01 
 1047.000  6.708322e-01 
 1048.000  6.703659e-01 
 1049.000  6.698472e-01 
 1050.000  6.694763e-01 
 1051.000  6.690545e-01 
 1052.000  6.686845e-01 
 1053.000  6.685014e-01 
 1054.000  6.680145e-01 
 1055.000  6.674903e-01 
 1056.000  6.669886e-01 
 1057.000  6.659760e-01 
 1058.000  6.643052e-01 
 1059.000  6.642377e-01 
 1060.000  6.648079e-01 
 1061.000  6.645520e-01 
 1062.000  6.634195e-01 
 1063.000  6.628184e-01 
 1064.000  6.618018e-01 
 1065.000  6.608337e-01 
 1066.000  6.608898e-01 
 1067.000  6.602793e-01 
 1068.000  6.586279e-01 
 1069.000  6.581638e-01 
 1070.000  6.587897e-01 
 1071.000  6.578723e-01 
 1072.000  6.568305e-01 
 1073.000  6.568089e-01 
 1074.000  6.572050e-01 
 1075.000  6.592615e-01 
 1076.000  6.582918e-01 
 1077.000  6.569098e-01 
 1078.000  6.552415e-01 
 1079.000  6.551639e-01 
 1080.000  6.503775e-01 
 1081.000  6.502195e-01 
 1082.000  6.524963e-01 
 1083.000  6.500142e-01 
 1084.000  6.472577e-01 
 1085.000  6.405104e-01 
 1086.000  6.422086e-01 
 1087.000  6.498150e-01 
 1088.000  6.501809e-01 
 1089.000  6.411169e-01 
 1090.000  6.394762e-01 
 1091.000  6.412985e-01 
 1092.000  6.368446e-01 
 1093.000  6.267095e-01 
 1094.000  6.223016e-01 
 1095.000  6.230817e-01 
 1096.000  6.238135e-01 
 1097.000  6.218636e-01 
 1098.000  5.968720e-01 
 1099.000  5.753657e-01 
 1100.000  5.768836e-01 
 1101.000  5.799288e-01 
 1102.000  5.785772e-01 
 1103.000  5.806317e-01 
 1104.000  5.770870e-01 
 1105.000  5.680580e-01 
 1106.000  5.588301e-01 
 1107.000  5.612583e-01 
 1108.000  5.631177e-01 
 1109.000  5.712310e-01 
 1110.000  5.705592e-01 
 1111.000  5.663490e-01 
 1112.000  5.471085e-01 
 1113.000  5.207095e-01 
 1114.000  5.140031e-01 
 1115.000  4.811358e-01 
 1116.000  4.604561e-01 
 1117.000  4.111864e-01 
 1118.000  3.654836e-01 
 1119.000  3.412036e-01 
 1120.000  3.101822e-01 
 1121.000  3.033339e-01 
 1122.000  2.699697e-01 
 1123.000  2.886551e-01 
 1124.000  3.011033e-01 
 1125.000  2.946921e-01 
 1126.000  2.920479e-01 
 1127.000  2.946983e-01 
 1128.000  2.998588e-01 
 1129.000  3.321397e-01 
 1130.000  4.060860e-01 
 1131.000  4.270145e-01 
 1132.000  3.984985e-01 
 1133.000  3.449699e-01 
 1134.000  2.447025e-01 
 1135.000  2.524170e-01 
 1136.000  3.523719e-01 
 1137.000  4.048851e-01 
 1138.000  4.541591e-01 
 1139.000  4.682644e-01 
 1140.000  4.589700e-01 
 1141.000  4.396722e-01 
 1142.000  4.329965e-01 
 1143.000  4.118797e-01 
 1144.000  3.877238e-01 
 1145.000  3.523788e-01 
 1146.000  3.607522e-01 
 1147.000  3.882833e-01 
 1148.000  4.124283e-01 
 1149.000  4.219559e-01 
 1150.000  4.220507e-01 
