  320.000  2.996751e-01 
  321.000  3.538554e-01 
  322.000  3.328183e-01 
  323.000  3.594322e-01 
  324.000  3.856991e-01 
  325.000  3.661667e-01 
  326.000  3.981167e-01 
  327.000  4.069370e-01 
  328.000  3.878363e-01 
  329.000  4.243377e-01 
  330.000  4.300624e-01 
  331.000  4.187195e-01 
  332.000  4.405656e-01 
  333.000  4.468930e-01 
  334.000  4.416992e-01 
  335.000  4.575684e-01 
  336.000  4.639630e-01 
  337.000  4.612704e-01 
  338.000  4.687493e-01 
  339.000  4.764422e-01 
  340.000  4.751797e-01 
  341.000  4.826290e-01 
  342.000  4.880615e-01 
  343.000  4.907852e-01 
  344.000  4.913414e-01 
  345.000  4.986736e-01 
  346.000  5.032914e-01 
  347.000  5.070495e-01 
  348.000  5.105640e-01 
  349.000  5.145053e-01 
  350.000  5.178688e-01 
  351.000  5.212138e-01 
  352.000  5.239542e-01 
  353.000  5.278451e-01 
  354.000  5.311523e-01 
  355.000  5.342255e-01 
  356.000  5.372158e-01 
  357.000  5.398739e-01 
  358.000  5.427303e-01 
  359.000  5.455803e-01 
  360.000  5.484952e-01 
  361.000  5.521721e-01 
  362.000  5.559944e-01 
  363.000  5.595088e-01 
  364.000  5.627382e-01 
  365.000  5.657631e-01 
  366.000  5.688518e-01 
  367.000  5.717887e-01 
  368.000  5.746951e-01 
  369.000  5.775725e-01 
  370.000  5.804166e-01 
  371.000  5.832349e-01 
  372.000  5.860264e-01 
  373.000  5.887907e-01 
  374.000  5.915073e-01 
  375.000  5.941681e-01 
  376.000  5.967355e-01 
  377.000  5.991594e-01 
  378.000  6.014084e-01 
  379.000  6.036913e-01 
  380.000  6.061993e-01 
  381.000  6.090508e-01 
  382.000  6.120020e-01 
  383.000  6.147891e-01 
  384.000  6.174296e-01 
  385.000  6.199708e-01 
  386.000  6.224440e-01 
  387.000  6.248744e-01 
  388.000  6.272711e-01 
  389.000  6.296453e-01 
  390.000  6.319978e-01 
  391.000  6.343237e-01 
  392.000  6.366296e-01 
  393.000  6.389140e-01 
  394.000  6.411747e-01 
  395.000  6.434100e-01 
  396.000  6.456284e-01 
  397.000  6.478186e-01 
  398.000  6.499865e-01 
  399.000  6.521338e-01 
  400.000  6.542491e-01 
  401.000  6.563542e-01 
  402.000  6.584402e-01 
  403.000  6.605063e-01 
  404.000  6.625520e-01 
  405.000  6.645733e-01 
  406.000  6.665792e-01 
  407.000  6.685675e-01 
  408.000  6.705366e-01 
  409.000  6.724844e-01 
  410.000  6.744120e-01 
  411.000  6.763188e-01 
  412.000  6.782034e-01 
  413.000  6.800755e-01 
  414.000  6.818117e-01 
  415.000  6.836885e-01 
  416.000  6.855398e-01 
  417.000  6.873586e-01 
  418.000  6.891342e-01 
  419.000  6.908887e-01 
  420.000  6.926259e-01 
  421.000  6.943514e-01 
  422.000  6.960648e-01 
  423.000  6.977642e-01 
  424.000  6.994421e-01 
  425.000  7.010803e-01 
  426.000  7.027014e-01 
  427.000  7.043070e-01 
  428.000  7.058829e-01 
  429.000  7.074357e-01 
  430.000  7.089693e-01 
  431.000  7.104904e-01 
  432.000  7.119946e-01 
  433.000  7.134835e-01 
  434.000  7.149588e-01 
  435.000  7.164189e-01 
  436.000  7.178615e-01 
  437.000  7.192876e-01 
  438.000  7.206966e-01 
  439.000  7.220939e-01 
  440.000  7.234677e-01 
  441.000  7.248233e-01 
  442.000  7.261567e-01 
  443.000  7.274691e-01 
  444.000  7.287602e-01 
  445.000  7.300228e-01 
  446.000  7.312496e-01 
  447.000  7.325355e-01 
  448.000  7.339135e-01 
  449.000  7.353075e-01 
  450.000  7.366737e-01 
  451.000  7.379857e-01 
  452.000  7.392511e-01 
  453.000  7.404900e-01 
  454.000  7.417057e-01 
  455.000  7.428503e-01 
  456.000  7.439020e-01 
  457.000  7.449536e-01 
  458.000  7.459905e-01 
  459.000  7.470049e-01 
  460.000  7.480108e-01 
  461.000  7.490056e-01 
  462.000  7.499811e-01 
  463.000  7.509519e-01 
  464.000  7.522152e-01 
  465.000  7.534589e-01 
  466.000  7.546799e-01 
  467.000  7.558721e-01 
  468.000  7.568427e-01 
  469.000  7.576783e-01 
  470.000  7.584465e-01 
  471.000  7.591378e-01 
  472.000  7.597247e-01 
  473.000  7.601359e-01 
  474.000  7.604735e-01 
  475.000  7.605602e-01 
  476.000  7.603931e-01 
  477.000  7.603897e-01 
  478.000  7.613662e-01 
  479.000  7.628521e-01 
  480.000  7.644548e-01 
  481.000  7.658916e-01 
  482.000  7.672383e-01 
  483.000  7.684085e-01 
  484.000  7.694137e-01 
  485.000  7.703122e-01 
  486.000  7.712702e-01 
  487.000  7.722782e-01 
  488.000  7.732534e-01 
  489.000  7.742102e-01 
  490.000  7.751553e-01 
  491.000  7.758951e-01 
  492.000  7.765712e-01 
  493.000  7.772437e-01 
  494.000  7.778971e-01 
  495.000  7.785501e-01 
  496.000  7.788866e-01 
  497.000  7.792102e-01 
  498.000  7.795291e-01 
  499.000  7.798307e-01 
  500.000  7.801275e-01 
  501.000  7.803913e-01 
  502.000  7.806551e-01 
  503.000  7.809156e-01 
  504.000  7.811641e-01 
  505.000  7.813989e-01 
  506.000  7.820867e-01 
  507.000  7.827942e-01 
  508.000  7.835005e-01 
  509.000  7.841983e-01 
  510.000  7.848812e-01 
  511.000  7.854931e-01 
  512.000  7.860839e-01 
  513.000  7.866712e-01 
  514.000  7.872510e-01 
  515.000  7.878255e-01 
  516.000  7.882359e-01 
  517.000  7.884989e-01 
  518.000  7.887547e-01 
  519.000  7.890056e-01 
  520.000  7.892540e-01 
  521.000  7.894766e-01 
  522.000  7.896370e-01 
  523.000  7.897528e-01 
  524.000  7.898723e-01 
  525.000  7.899665e-01 
  526.000  7.900987e-01 
  527.000  7.901200e-01 
  528.000  7.900963e-01 
  529.000  7.900714e-01 
  530.000  7.900520e-01 
  531.000  7.900361e-01 
  532.000  7.900718e-01 
  533.000  7.903941e-01 
  534.000  7.908010e-01 
  535.000  7.912602e-01 
  536.000  7.917041e-01 
  537.000  7.921101e-01 
  538.000  7.924730e-01 
  539.000  7.928092e-01 
  540.000  7.931246e-01 
  541.000  7.934306e-01 
  542.000  7.937233e-01 
  543.000  7.940056e-01 
  544.000  7.942190e-01 
  545.000  7.943763e-01 
  546.000  7.945262e-01 
  547.000  7.946804e-01 
  548.000  7.948268e-01 
  549.000  7.949710e-01 
  550.000  7.950408e-01 
  551.000  7.950372e-01 
  552.000  7.950363e-01 
  553.000  7.950203e-01 
  554.000  7.949973e-01 
  555.000  7.949702e-01 
  556.000  7.949153e-01 
  557.000  7.948121e-01 
  558.000  7.947005e-01 
  559.000  7.945759e-01 
  560.000  7.944198e-01 
  561.000  7.942346e-01 
  562.000  7.938167e-01 
  563.000  7.935863e-01 
  564.000  7.932781e-01 
  565.000  7.927977e-01 
  566.000  7.925061e-01 
  567.000  7.914034e-01 
  568.000  7.878434e-01 
  569.000  7.801293e-01 
  570.000  7.812791e-01 
  571.000  7.867058e-01 
  572.000  7.814081e-01 
  573.000  7.827671e-01 
  574.000  7.831022e-01 
  575.000  7.827552e-01 
  576.000  7.829500e-01 
  577.000  7.848110e-01 
  578.000  7.872039e-01 
  579.000  7.891654e-01 
  580.000  7.908174e-01 
  581.000  7.932897e-01 
  582.000  7.949088e-01 
  583.000  7.958303e-01 
  584.000  7.966810e-01 
  585.000  7.972931e-01 
  586.000  7.979276e-01 
  587.000  7.958394e-01 
  588.000  7.853251e-01 
  589.000  7.687657e-01 
  590.000  7.678842e-01 
  591.000  7.794520e-01 
  592.000  7.735384e-01 
  593.000  7.867075e-01 
  594.000  7.839791e-01 
  595.000  7.749678e-01 
  596.000  7.877647e-01 
  597.000  7.846607e-01 
  598.000  7.897443e-01 
  599.000  7.916747e-01 
  600.000  7.962489e-01 
  601.000  7.992485e-01 
  602.000  8.000711e-01 
  603.000  8.014085e-01 
  604.000  8.028754e-01 
  605.000  8.038728e-01 
  606.000  8.045669e-01 
  607.000  8.052361e-01 
  608.000  8.058611e-01 
  609.000  8.064577e-01 
  610.000  8.070730e-01 
  611.000  8.077561e-01 
  612.000  8.084250e-01 
  613.000  8.090728e-01 
  614.000  8.097014e-01 
  615.000  8.103281e-01 
  616.000  8.109317e-01 
  617.000  8.115017e-01 
  618.000  8.119795e-01 
  619.000  8.123837e-01 
  620.000  8.127577e-01 
  621.000  8.130791e-01 
  622.000  8.133476e-01 
  623.000  8.135272e-01 
  624.000  8.137181e-01 
  625.000  8.138767e-01 
  626.000  8.134992e-01 
  627.000  8.091661e-01 
  628.000  7.862459e-01 
  629.000  7.997584e-01 
  630.000  8.035696e-01 
  631.000  8.079683e-01 
  632.000  8.066154e-01 
  633.000  8.127624e-01 
  634.000  8.155528e-01 
  635.000  8.165685e-01 
  636.000  8.183604e-01 
  637.000  8.197768e-01 
  638.000  8.227478e-01 
  639.000  8.236852e-01 
  640.000  8.255994e-01 
  641.000  8.263797e-01 
  642.000  8.277894e-01 
  643.000  8.268877e-01 
  644.000  8.274879e-01 
  645.000  8.258215e-01 
  646.000  8.169542e-01 
  647.000  8.109131e-01 
  648.000  8.041108e-01 
  649.000  8.108204e-01 
  650.000  8.233789e-01 
  651.000  8.237351e-01 
  652.000  8.133453e-01 
  653.000  8.260725e-01 
  654.000  8.250751e-01 
  655.000  8.209327e-01 
  656.000  8.228722e-01 
  657.000  8.256737e-01 
  658.000  8.302618e-01 
  659.000  8.330874e-01 
  660.000  8.345232e-01 
  661.000  8.380088e-01 
  662.000  8.397639e-01 
  663.000  8.398620e-01 
  664.000  8.407602e-01 
  665.000  8.415706e-01 
  666.000  8.425182e-01 
  667.000  8.433304e-01 
  668.000  8.442645e-01 
  669.000  8.449173e-01 
  670.000  8.454888e-01 
  671.000  8.460939e-01 
  672.000  8.466287e-01 
  673.000  8.471527e-01 
  674.000  8.476715e-01 
  675.000  8.481914e-01 
  676.000  8.486778e-01 
  677.000  8.491254e-01 
  678.000  8.495746e-01 
  679.000  8.499317e-01 
  680.000  8.498912e-01 
  681.000  8.497152e-01 
  682.000  8.499489e-01 
  683.000  8.499936e-01 
  684.000  8.494033e-01 
  685.000  8.503809e-01 
  686.000  8.473069e-01 
  687.000  7.432516e-01 
  688.000  7.761069e-01 
  689.000  7.665601e-01 
  690.000  7.836663e-01 
  691.000  8.055382e-01 
  692.000  8.179764e-01 
  693.000  8.099863e-01 
  694.000  7.994796e-01 
  695.000  8.094595e-01 
  696.000  8.152738e-01 
  697.000  8.402848e-01 
  698.000  8.351114e-01 
  699.000  8.126277e-01 
  700.000  8.163616e-01 
  701.000  8.113508e-01 
  702.000  8.150430e-01 
  703.000  8.338758e-01 
  704.000  8.346972e-01 
  705.000  8.269447e-01 
  706.000  8.284729e-01 
  707.000  8.312648e-01 
  708.000  8.342823e-01 
  709.000  8.404432e-01 
  710.000  8.339073e-01 
  711.000  8.406020e-01 
  712.000  8.463044e-01 
  713.000  8.417412e-01 
  714.000  8.402073e-01 
  715.000  8.327697e-01 
  716.000  8.250371e-01 
  717.000  7.761796e-01 
  718.000  7.462196e-01 
  719.000  7.354443e-01 
  720.000  7.191949e-01 
  721.000  7.903688e-01 
  722.000  8.157694e-01 
  723.000  8.013867e-01 
  724.000  7.606326e-01 
  725.000  7.666358e-01 
  726.000  7.647138e-01 
  727.000  7.704623e-01 
  728.000  7.641627e-01 
  729.000  7.797371e-01 
  730.000  7.770100e-01 
  731.000  7.737200e-01 
  732.000  8.000411e-01 
  733.000  8.253013e-01 
  734.000  8.374670e-01 
  735.000  8.331459e-01 
  736.000  8.251144e-01 
  737.000  8.311471e-01 
  738.000  8.394457e-01 
  739.000  8.430113e-01 
  740.000  8.509396e-01 
  741.000  8.555152e-01 
  742.000  8.574289e-01 
  743.000  8.616545e-01 
  744.000  8.635261e-01 
  745.000  8.649901e-01 
  746.000  8.661330e-01 
  747.000  8.664069e-01 
  748.000  8.674214e-01 
  749.000  8.679289e-01 
  750.000  8.676298e-01 
  751.000  8.678147e-01 
  752.000  8.687187e-01 
  753.000  8.690875e-01 
  754.000  8.693759e-01 
  755.000  8.695599e-01 
  756.000  8.697533e-01 
  757.000  8.698868e-01 
  758.000  8.686173e-01 
  759.000  8.130516e-01 
  760.000  3.913231e-01 
  761.000  3.504118e-01 
  762.000  5.977342e-01 
  763.000  5.214925e-01 
  764.000  5.592901e-01 
  765.000  6.446513e-01 
  766.000  7.468644e-01 
  767.000  7.981498e-01 
  768.000  8.315913e-01 
  769.000  8.536209e-01 
  770.000  8.651959e-01 
  771.000  8.708887e-01 
  772.000  8.722639e-01 
  773.000  8.728866e-01 
  774.000  8.736270e-01 
  775.000  8.740518e-01 
  776.000  8.743598e-01 
  777.000  8.744383e-01 
  778.000  8.744085e-01 
  779.000  8.743694e-01 
  780.000  8.743283e-01 
  781.000  8.747243e-01 
  782.000  8.746707e-01 
  783.000  8.746306e-01 
  784.000  8.743039e-01 
  785.000  8.725643e-01 
  786.000  8.698452e-01 
  787.000  8.638231e-01 
  788.000  8.606554e-01 
  789.000  8.493773e-01 
  790.000  8.483995e-01 
  791.000  8.505166e-01 
  792.000  8.524733e-01 
  793.000  8.570490e-01 
  794.000  8.667700e-01 
  795.000  8.608107e-01 
  796.000  8.449770e-01 
  797.000  8.494877e-01 
  798.000  8.594745e-01 
  799.000  8.571816e-01 
  800.000  8.498943e-01 
  801.000  8.507501e-01 
  802.000  8.500044e-01 
  803.000  8.510580e-01 
  804.000  8.544679e-01 
  805.000  8.610121e-01 
  806.000  8.649151e-01 
  807.000  8.650779e-01 
  808.000  8.628473e-01 
  809.000  8.601089e-01 
  810.000  8.571098e-01 
  811.000  8.509719e-01 
  812.000  8.427204e-01 
  813.000  8.326259e-01 
  814.000  8.193297e-01 
  815.000  8.028212e-01 
  816.000  7.817131e-01 
  817.000  7.828643e-01 
  818.000  7.845679e-01 
  819.000  7.915080e-01 
  820.000  8.147552e-01 
  821.000  8.413683e-01 
  822.000  8.211004e-01 
  823.000  7.648587e-01 
  824.000  8.122107e-01 
  825.000  8.428151e-01 
  826.000  8.375814e-01 
  827.000  8.336976e-01 
  828.000  8.135354e-01 
  829.000  8.207748e-01 
  830.000  8.288984e-01 
  831.000  8.308021e-01 
  832.000  8.316398e-01 
  833.000  8.363267e-01 
  834.000  8.418503e-01 
  835.000  8.528242e-01 
  836.000  8.492830e-01 
  837.000  8.489018e-01 
  838.000  8.542402e-01 
  839.000  8.574776e-01 
  840.000  8.586476e-01 
  841.000  8.551167e-01 
  842.000  8.582688e-01 
  843.000  8.657720e-01 
  844.000  8.691716e-01 
  845.000  8.707513e-01 
  846.000  8.724133e-01 
  847.000  8.742475e-01 
  848.000  8.711962e-01 
  849.000  8.715767e-01 
  850.000  8.700644e-01 
  851.000  8.682644e-01 
  852.000  8.684342e-01 
  853.000  8.713852e-01 
  854.000  8.712166e-01 
  855.000  8.726959e-01 
  856.000  8.757823e-01 
  857.000  8.770416e-01 
  858.000  8.777184e-01 
  859.000  8.791983e-01 
  860.000  8.799157e-01 
  861.000  8.800288e-01 
  862.000  8.804266e-01 
  863.000  8.804793e-01 
  864.000  8.807525e-01 
  865.000  8.809760e-01 
  866.000  8.810361e-01 
  867.000  8.809966e-01 
  868.000  8.810324e-01 
  869.000  8.811074e-01 
  870.000  8.810538e-01 
  871.000  8.811247e-01 
  872.000  8.812968e-01 
  873.000  8.811266e-01 
  874.000  8.810349e-01 
  875.000  8.810138e-01 
  876.000  8.807164e-01 
  877.000  8.805779e-01 
  878.000  8.796258e-01 
  879.000  8.795616e-01 
  880.000  8.787387e-01 
  881.000  8.782706e-01 
  882.000  8.778206e-01 
  883.000  8.782581e-01 
  884.000  8.784308e-01 
  885.000  8.767454e-01 
  886.000  8.744408e-01 
  887.000  8.762429e-01 
  888.000  8.761305e-01 
  889.000  8.766387e-01 
  890.000  8.752969e-01 
  891.000  8.724597e-01 
  892.000  8.664891e-01 
  893.000  8.483885e-01 
  894.000  8.393670e-01 
  895.000  8.119553e-01 
  896.000  7.874305e-01 
  897.000  7.616408e-01 
  898.000  7.496009e-01 
  899.000  7.158380e-01 
  900.000  7.206655e-01 
  901.000  7.119094e-01 
  902.000  7.135480e-01 
  903.000  7.702979e-01 
  904.000  8.051515e-01 
  905.000  8.038993e-01 
  906.000  7.820915e-01 
  907.000  7.436907e-01 
  908.000  7.184856e-01 
  909.000  7.195296e-01 
  910.000  7.233043e-01 
  911.000  7.400146e-01 
  912.000  7.319121e-01 
  913.000  6.968449e-01 
  914.000  7.141553e-01 
  915.000  7.278367e-01 
  916.000  7.315566e-01 
  917.000  7.390132e-01 
  918.000  7.486573e-01 
  919.000  7.815216e-01 
  920.000  8.064577e-01 
  921.000  8.009721e-01 
  922.000  8.004987e-01 
  923.000  7.935312e-01 
  924.000  7.768219e-01 
  925.000  7.753797e-01 
  926.000  7.748434e-01 
  927.000  7.552913e-01 
  928.000  7.253339e-01 
  929.000  6.823384e-01 
  930.000  6.281230e-01 
  931.000  5.681806e-01 
  932.000  4.905080e-01 
  933.000  4.337497e-01 
  934.000  3.764501e-01 
  935.000  3.703043e-01 
  936.000  3.926685e-01 
  937.000  3.870427e-01 
  938.000  4.511892e-01 
  939.000  6.211925e-01 
  940.000  6.469696e-01 
  941.000  6.248673e-01 
  942.000  5.708275e-01 
  943.000  4.819610e-01 
  944.000  4.757437e-01 
  945.000  5.074155e-01 
  946.000  5.092621e-01 
  947.000  5.378992e-01 
  948.000  5.547419e-01 
  949.000  5.526332e-01 
  950.000  5.569749e-01 
  951.000  5.947694e-01 
  952.000  5.545552e-01 
  953.000  5.829067e-01 
  954.000  6.134651e-01 
  955.000  5.888881e-01 
  956.000  5.835434e-01 
  957.000  6.609201e-01 
  958.000  6.710811e-01 
  959.000  6.582429e-01 
  960.000  6.545562e-01 
  961.000  6.481375e-01 
  962.000  6.540761e-01 
  963.000  6.968084e-01 
  964.000  7.029937e-01 
  965.000  6.989483e-01 
  966.000  7.013175e-01 
  967.000  7.319587e-01 
  968.000  7.832997e-01 
  969.000  8.065743e-01 
  970.000  8.078402e-01 
  971.000  8.072848e-01 
  972.000  8.006659e-01 
  973.000  7.854077e-01 
  974.000  7.668597e-01 
  975.000  7.549567e-01 
  976.000  7.695018e-01 
  977.000  7.935768e-01 
  978.000  7.916327e-01 
  979.000  7.978932e-01 
  980.000  8.225113e-01 
  981.000  8.279771e-01 
  982.000  8.225026e-01 
  983.000  8.351586e-01 
  984.000  8.481937e-01 
  985.000  8.556020e-01 
  986.000  8.651663e-01 
  987.000  8.693091e-01 
  988.000  8.702533e-01 
  989.000  8.708538e-01 
  990.000  8.718569e-01 
  991.000  8.754107e-01 
  992.000  8.764136e-01 
  993.000  8.767829e-01 
  994.000  8.799909e-01 
  995.000  8.821332e-01 
  996.000  8.821068e-01 
  997.000  8.807118e-01 
  998.000  8.791150e-01 
  999.000  8.785108e-01 
 1000.000  8.789911e-01 
 1001.000  8.755735e-01 
 1002.000  8.701111e-01 
 1003.000  8.713991e-01 
 1004.000  8.745295e-01 
 1005.000  8.759558e-01 
 1006.000  8.764150e-01 
 1007.000  8.753662e-01 
 1008.000  8.709141e-01 
 1009.000  8.649666e-01 
 1010.000  8.676097e-01 
 1011.000  8.739221e-01 
 1012.000  8.763238e-01 
 1013.000  8.782138e-01 
 1014.000  8.790025e-01 
 1015.000  8.791523e-01 
 1016.000  8.800055e-01 
 1017.000  8.804558e-01 
 1018.000  8.794284e-01 
 1019.000  8.772327e-01 
 1020.000  8.780033e-01 
 1021.000  8.795853e-01 
 1022.000  8.769300e-01 
 1023.000  8.747087e-01 
 1024.000  8.733801e-01 
 1025.000  8.774590e-01 
 1026.000  8.792639e-01 
 1027.000  8.785008e-01 
 1028.000  8.791356e-01 
 1029.000  8.808955e-01 
 1030.000  8.825420e-01 
 1031.000  8.833968e-01 
 1032.000  8.840634e-01 
 1033.000  8.842471e-01 
 1034.000  8.846452e-01 
 1035.000  8.848340e-01 
 1036.000  8.847324e-01 
 1037.000  8.847700e-01 
 1038.000  8.848854e-01 
 1039.000  8.846638e-01 
 1040.000  8.844735e-01 
 1041.000  8.843229e-01 
 1042.000  8.842804e-01 
 1043.000  8.842756e-01 
 1044.000  8.841417e-01 
 1045.000  8.837215e-01 
 1046.000  8.834392e-01 
 1047.000  8.831047e-01 
 1048.000  8.826858e-01 
 1049.000  8.822742e-01 
 1050.000  8.818256e-01 
 1051.000  8.811654e-01 
 1052.000  8.807535e-01 
 1053.000  8.807124e-01 
 1054.000  8.800570e-01 
 1055.000  8.793890e-01 
 1056.000  8.788476e-01 
 1057.000  8.774170e-01 
 1058.000  8.747522e-01 
 1059.000  8.749479e-01 
 1060.000  8.763436e-01 
 1061.000  8.760292e-01 
 1062.000  8.743383e-01 
 1063.000  8.737073e-01 
 1064.000  8.722513e-01 
 1065.000  8.705491e-01 
 1066.000  8.706392e-01 
 1067.000  8.696977e-01 
 1068.000  8.662489e-01 
 1069.000  8.645505e-01 
 1070.000  8.650298e-01 
 1071.000  8.628008e-01 
 1072.000  8.605188e-01 
 1073.000  8.600481e-01 
 1074.000  8.603356e-01 
 1075.000  8.636153e-01 
 1076.000  8.614994e-01 
 1077.000  8.586771e-01 
 1078.000  8.553656e-01 
 1079.000  8.549060e-01 
 1080.000  8.461146e-01 
 1081.000  8.455907e-01 
 1082.000  8.494227e-01 
 1083.000  8.447520e-01 
 1084.000  8.396479e-01 
 1085.000  8.275149e-01 
 1086.000  8.303263e-01 
 1087.000  8.436310e-01 
 1088.000  8.441351e-01 
 1089.000  8.279169e-01 
 1090.000  8.248543e-01 
 1091.000  8.279161e-01 
 1092.000  8.198658e-01 
 1093.000  8.019416e-01 
 1094.000  7.941353e-01 
 1095.000  7.953808e-01 
 1096.000  7.965118e-01 
 1097.000  7.929168e-01 
 1098.000  7.494929e-01 
 1099.000  7.126233e-01 
 1100.000  7.150922e-01 
 1101.000  7.201543e-01 
 1102.000  7.176602e-01 
 1103.000  7.210126e-01 
 1104.000  7.148638e-01 
 1105.000  6.994128e-01 
 1106.000  6.838742e-01 
 1107.000  6.876742e-01 
 1108.000  6.904296e-01 
 1109.000  7.036226e-01 
 1110.000  7.018856e-01 
 1111.000  6.944588e-01 
 1112.000  6.619120e-01 
 1113.000  6.176094e-01 
 1114.000  6.054461e-01 
 1115.000  5.515441e-01 
 1116.000  5.184948e-01 
 1117.000  4.433763e-01 
 1118.000  3.759015e-01 
 1119.000  3.406606e-01 
 1120.000  2.978663e-01 
 1121.000  2.884610e-01 
 1122.000  2.455395e-01 
 1123.000  2.684953e-01 
 1124.000  2.841413e-01 
 1125.000  2.758207e-01 
 1126.000  2.725460e-01 
 1127.000  2.762639e-01 
 1128.000  2.834861e-01 
 1129.000  3.265601e-01 
 1130.000  4.298721e-01 
 1131.000  4.604653e-01 
 1132.000  4.185951e-01 
 1133.000  3.440026e-01 
 1134.000  2.153738e-01 
 1135.000  2.248298e-01 
 1136.000  3.549531e-01 
 1137.000  4.294887e-01 
 1138.000  5.036063e-01 
 1139.000  5.268241e-01 
 1140.000  5.125754e-01 
 1141.000  4.839372e-01 
 1142.000  4.738033e-01 
 1143.000  4.422460e-01 
 1144.000  4.071569e-01 
 1145.000  3.571782e-01 
 1146.000  3.689255e-01 
 1147.000  4.081399e-01 
 1148.000  4.434289e-01 
 1149.000  4.579048e-01 
 1150.000  4.589056e-01 
