  320.000  1.953126e-01 
  321.000  2.389855e-01 
  322.000  2.218446e-01 
  323.000  2.435666e-01 
  324.000  2.653465e-01 
  325.000  2.491192e-01 
  326.000  2.757555e-01 
  327.000  2.831915e-01 
  328.000  2.671330e-01 
  329.000  2.979624e-01 
  330.000  3.028505e-01 
  331.000  2.931788e-01 
  332.000  3.118552e-01 
  333.000  3.173022e-01 
  334.000  3.128298e-01 
  335.000  3.265295e-01 
  336.000  3.320789e-01 
  337.000  3.297402e-01 
  338.000  3.362434e-01 
  339.000  3.429558e-01 
  340.000  3.418527e-01 
  341.000  3.483711e-01 
  342.000  3.531384e-01 
  343.000  3.555329e-01 
  344.000  3.560221e-01 
  345.000  3.624838e-01 
  346.000  3.665638e-01 
  347.000  3.698901e-01 
  348.000  3.730056e-01 
  349.000  3.765049e-01 
  350.000  3.794958e-01 
  351.000  3.824743e-01 
  352.000  3.849175e-01 
  353.000  3.883913e-01 
  354.000  3.913481e-01 
  355.000  3.940993e-01 
  356.000  3.967797e-01 
  357.000  3.991648e-01 
  358.000  4.017308e-01 
  359.000  4.042938e-01 
  360.000  4.069182e-01 
  361.000  4.102330e-01 
  362.000  4.136837e-01 
  363.000  4.168611e-01 
  364.000  4.197845e-01 
  365.000  4.225261e-01 
  366.000  4.253288e-01 
  367.000  4.279967e-01 
  368.000  4.306398e-01 
  369.000  4.332595e-01 
  370.000  4.358515e-01 
  371.000  4.384226e-01 
  372.000  4.409720e-01 
  373.000  4.434991e-01 
  374.000  4.459849e-01 
  375.000  4.484223e-01 
  376.000  4.507762e-01 
  377.000  4.530005e-01 
  378.000  4.550661e-01 
  379.000  4.571645e-01 
  380.000  4.594718e-01 
  381.000  4.620976e-01 
  382.000  4.648179e-01 
  383.000  4.673896e-01 
  384.000  4.698283e-01 
  385.000  4.721774e-01 
  386.000  4.744656e-01 
  387.000  4.767161e-01 
  388.000  4.789373e-01 
  389.000  4.811395e-01 
  390.000  4.833232e-01 
  391.000  4.854839e-01 
  392.000  4.876277e-01 
  393.000  4.897533e-01 
  394.000  4.918583e-01 
  395.000  4.939412e-01 
  396.000  4.960100e-01 
  397.000  4.980540e-01 
  398.000  5.000786e-01 
  399.000  5.020853e-01 
  400.000  5.040636e-01 
  401.000  5.060337e-01 
  402.000  5.079873e-01 
  403.000  5.099235e-01 
  404.000  5.118418e-01 
  405.000  5.137386e-01 
  406.000  5.156221e-01 
  407.000  5.174903e-01 
  408.000  5.193416e-01 
  409.000  5.211741e-01 
  410.000  5.229886e-01 
  411.000  5.247847e-01 
  412.000  5.265609e-01 
  413.000  5.283265e-01 
  414.000  5.299647e-01 
  415.000  5.317366e-01 
  416.000  5.334855e-01 
  417.000  5.352047e-01 
  418.000  5.368840e-01 
  419.000  5.385442e-01 
  420.000  5.401890e-01 
  421.000  5.418235e-01 
  422.000  5.434475e-01 
  423.000  5.450590e-01 
  424.000  5.466509e-01 
  425.000  5.482061e-01 
  426.000  5.497457e-01 
  427.000  5.512713e-01 
  428.000  5.527695e-01 
  429.000  5.542463e-01 
  430.000  5.557057e-01 
  431.000  5.571538e-01 
  432.000  5.585864e-01 
  433.000  5.600052e-01 
  434.000  5.614116e-01 
  435.000  5.628040e-01 
  436.000  5.641806e-01 
  437.000  5.655418e-01 
  438.000  5.668873e-01 
  439.000  5.682221e-01 
  440.000  5.695351e-01 
  441.000  5.708312e-01 
  442.000  5.721066e-01 
  443.000  5.733625e-01 
  444.000  5.745983e-01 
  445.000  5.758073e-01 
  446.000  5.769826e-01 
  447.000  5.782149e-01 
  448.000  5.795359e-01 
  449.000  5.808727e-01 
  450.000  5.821835e-01 
  451.000  5.834429e-01 
  452.000  5.846579e-01 
  453.000  5.858479e-01 
  454.000  5.870160e-01 
  455.000  5.881162e-01 
  456.000  5.891274e-01 
  457.000  5.901387e-01 
  458.000  5.911363e-01 
  459.000  5.921126e-01 
  460.000  5.930809e-01 
  461.000  5.940388e-01 
  462.000  5.949784e-01 
  463.000  5.959138e-01 
  464.000  5.971313e-01 
  465.000  5.983303e-01 
  466.000  5.995079e-01 
  467.000  6.006581e-01 
  468.000  6.015949e-01 
  469.000  6.024015e-01 
  470.000  6.031432e-01 
  471.000  6.038108e-01 
  472.000  6.043776e-01 
  473.000  6.047749e-01 
  474.000  6.051011e-01 
  475.000  6.051849e-01 
  476.000  6.050234e-01 
  477.000  6.050201e-01 
  478.000  6.059638e-01 
  479.000  6.074001e-01 
  480.000  6.089500e-01 
  481.000  6.103400e-01 
  482.000  6.116434e-01 
  483.000  6.127763e-01 
  484.000  6.137499e-01 
  485.000  6.146204e-01 
  486.000  6.155486e-01 
  487.000  6.165256e-01 
  488.000  6.174710e-01 
  489.000  6.183990e-01 
  490.000  6.193158e-01 
  491.000  6.200336e-01 
  492.000  6.206897e-01 
  493.000  6.213425e-01 
  494.000  6.219767e-01 
  495.000  6.226109e-01 
  496.000  6.229376e-01 
  497.000  6.232519e-01 
  498.000  6.235616e-01 
  499.000  6.238546e-01 
  500.000  6.241429e-01 
  501.000  6.243992e-01 
  502.000  6.246555e-01 
  503.000  6.249086e-01 
  504.000  6.251501e-01 
  505.000  6.253783e-01 
  506.000  6.260468e-01 
  507.000  6.267346e-01 
  508.000  6.274213e-01 
  509.000  6.280999e-01 
  510.000  6.287641e-01 
  511.000  6.293594e-01 
  512.000  6.299343e-01 
  513.000  6.305057e-01 
  514.000  6.310701e-01 
  515.000  6.316293e-01 
  516.000  6.320289e-01 
  517.000  6.322851e-01 
  518.000  6.325341e-01 
  519.000  6.327784e-01 
  520.000  6.330203e-01 
  521.000  6.332371e-01 
  522.000  6.333934e-01 
  523.000  6.335061e-01 
  524.000  6.336225e-01 
  525.000  6.337143e-01 
  526.000  6.338431e-01 
  527.000  6.338638e-01 
  528.000  6.338408e-01 
  529.000  6.338165e-01 
  530.000  6.337976e-01 
  531.000  6.337821e-01 
  532.000  6.338169e-01 
  533.000  6.341308e-01 
  534.000  6.345273e-01 
  535.000  6.349748e-01 
  536.000  6.354073e-01 
  537.000  6.358030e-01 
  538.000  6.361567e-01 
  539.000  6.364844e-01 
  540.000  6.367919e-01 
  541.000  6.370903e-01 
  542.000  6.373757e-01 
  543.000  6.376510e-01 
  544.000  6.378590e-01 
  545.000  6.380124e-01 
  546.000  6.381587e-01 
  547.000  6.383091e-01 
  548.000  6.384519e-01 
  549.000  6.385925e-01 
  550.000  6.386607e-01 
  551.000  6.386571e-01 
  552.000  6.386563e-01 
  553.000  6.386406e-01 
  554.000  6.386182e-01 
  555.000  6.385918e-01 
  556.000  6.385381e-01 
  557.000  6.384375e-01 
  558.000  6.383287e-01 
  559.000  6.382072e-01 
  560.000  6.380550e-01 
  561.000  6.378747e-01 
  562.000  6.375046e-01 
  563.000  6.372831e-01 
  564.000  6.369919e-01 
  565.000  6.365502e-01 
  566.000  6.362489e-01 
  567.000  6.352839e-01 
  568.000  6.324923e-01 
  569.000  6.266816e-01 
  570.000  6.274298e-01 
  571.000  6.313198e-01 
  572.000  6.272710e-01 
  573.000  6.281577e-01 
  574.000  6.283082e-01 
  575.000  6.279898e-01 
  576.000  6.281712e-01 
  577.000  6.295666e-01 
  578.000  6.315144e-01 
  579.000  6.332303e-01 
  580.000  6.348552e-01 
  581.000  6.371282e-01 
  582.000  6.387132e-01 
  583.000  6.397512e-01 
  584.000  6.406450e-01 
  585.000  6.413690e-01 
  586.000  6.420462e-01 
  587.000  6.407346e-01 
  588.000  6.330290e-01 
  589.000  6.207102e-01 
  590.000  6.201406e-01 
  591.000  6.289223e-01 
  592.000  6.245573e-01 
  593.000  6.345276e-01 
  594.000  6.325497e-01 
  595.000  6.258432e-01 
  596.000  6.354142e-01 
  597.000  6.330014e-01 
  598.000  6.367375e-01 
  599.000  6.381038e-01 
  600.000  6.414505e-01 
  601.000  6.435750e-01 
  602.000  6.441046e-01 
  603.000  6.451347e-01 
  604.000  6.464141e-01 
  605.000  6.473241e-01 
  606.000  6.479854e-01 
  607.000  6.486242e-01 
  608.000  6.492327e-01 
  609.000  6.498145e-01 
  610.000  6.504164e-01 
  611.000  6.510849e-01 
  612.000  6.517396e-01 
  613.000  6.523738e-01 
  614.000  6.529893e-01 
  615.000  6.536031e-01 
  616.000  6.541943e-01 
  617.000  6.547528e-01 
  618.000  6.552209e-01 
  619.000  6.556169e-01 
  620.000  6.559835e-01 
  621.000  6.562985e-01 
  622.000  6.565617e-01 
  623.000  6.567377e-01 
  624.000  6.569251e-01 
  625.000  6.570813e-01 
  626.000  6.568083e-01 
  627.000  6.534157e-01 
  628.000  6.328030e-01 
  629.000  6.453698e-01 
  630.000  6.482856e-01 
  631.000  6.522892e-01 
  632.000  6.518658e-01 
  633.000  6.568711e-01 
  634.000  6.594175e-01 
  635.000  6.605646e-01 
  636.000  6.622479e-01 
  637.000  6.636297e-01 
  638.000  6.661515e-01 
  639.000  6.671193e-01 
  640.000  6.688349e-01 
  641.000  6.697046e-01 
  642.000  6.709762e-01 
  643.000  6.704744e-01 
  644.000  6.711076e-01 
  645.000  6.700895e-01 
  646.000  6.635520e-01 
  647.000  6.591396e-01 
  648.000  6.541391e-01 
  649.000  6.593720e-01 
  650.000  6.690185e-01 
  651.000  6.694160e-01 
  652.000  6.616699e-01 
  653.000  6.714387e-01 
  654.000  6.708075e-01 
  655.000  6.677927e-01 
  656.000  6.693857e-01 
  657.000  6.716221e-01 
  658.000  6.752178e-01 
  659.000  6.774799e-01 
  660.000  6.786915e-01 
  661.000  6.814076e-01 
  662.000  6.828687e-01 
  663.000  6.830413e-01 
  664.000  6.838631e-01 
  665.000  6.845764e-01 
  666.000  6.854295e-01 
  667.000  6.861809e-01 
  668.000  6.870332e-01 
  669.000  6.876569e-01 
  670.000  6.882145e-01 
  671.000  6.887990e-01 
  672.000  6.893261e-01 
  673.000  6.898441e-01 
  674.000  6.903577e-01 
  675.000  6.908719e-01 
  676.000  6.913549e-01 
  677.000  6.917990e-01 
  678.000  6.922442e-01 
  679.000  6.926134e-01 
  680.000  6.926548e-01 
  681.000  6.926022e-01 
  682.000  6.928592e-01 
  683.000  6.930040e-01 
  684.000  6.926501e-01 
  685.000  6.935170e-01 
  686.000  6.908007e-01 
  687.000  5.968177e-01 
  688.000  6.262497e-01 
  689.000  6.178606e-01 
  690.000  6.332127e-01 
  691.000  6.534105e-01 
  692.000  6.657185e-01 
  693.000  6.614880e-01 
  694.000  6.546217e-01 
  695.000  6.627827e-01 
  696.000  6.674947e-01 
  697.000  6.868125e-01 
  698.000  6.829520e-01 
  699.000  6.658000e-01 
  700.000  6.687348e-01 
  701.000  6.649570e-01 
  702.000  6.678537e-01 
  703.000  6.823544e-01 
  704.000  6.830474e-01 
  705.000  6.771603e-01 
  706.000  6.783837e-01 
  707.000  6.805761e-01 
  708.000  6.829405e-01 
  709.000  6.877139e-01 
  710.000  6.827581e-01 
  711.000  6.879414e-01 
  712.000  6.923634e-01 
  713.000  6.889223e-01 
  714.000  6.878040e-01 
  715.000  6.821713e-01 
  716.000  6.763241e-01 
  717.000  6.388490e-01 
  718.000  6.158271e-01 
  719.000  6.075758e-01 
  720.000  5.950440e-01 
  721.000  6.500384e-01 
  722.000  6.696249e-01 
  723.000  6.586226e-01 
  724.000  6.272781e-01 
  725.000  6.319677e-01 
  726.000  6.305166e-01 
  727.000  6.349843e-01 
  728.000  6.301531e-01 
  729.000  6.421970e-01 
  730.000  6.401177e-01 
  731.000  6.376021e-01 
  732.000  6.579179e-01 
  733.000  6.773688e-01 
  734.000  6.867388e-01 
  735.000  6.834535e-01 
  736.000  6.773114e-01 
  737.000  6.819719e-01 
  738.000  6.883709e-01 
  739.000  6.911336e-01 
  740.000  6.972423e-01 
  741.000  7.007776e-01 
  742.000  7.022715e-01 
  743.000  7.055382e-01 
  744.000  7.069448e-01 
  745.000  7.080926e-01 
  746.000  7.089993e-01 
  747.000  7.092516e-01 
  748.000  7.100748e-01 
  749.000  7.105266e-01 
  750.000  7.103018e-01 
  751.000  7.104862e-01 
  752.000  7.112747e-01 
  753.000  7.116112e-01 
  754.000  7.118810e-01 
  755.000  7.120643e-01 
  756.000  7.122554e-01 
  757.000  7.123882e-01 
  758.000  7.111753e-01 
  759.000  6.607062e-01 
  760.000  2.922747e-01 
  761.000  2.584107e-01 
  762.000  4.688268e-01 
  763.000  4.026465e-01 
  764.000  4.353420e-01 
  765.000  5.100875e-01 
  766.000  6.011004e-01 
  767.000  6.473323e-01 
  768.000  6.776721e-01 
  769.000  6.977415e-01 
  770.000  7.084325e-01 
  771.000  7.135711e-01 
  772.000  7.148387e-01 
  773.000  7.154115e-01 
  774.000  7.161266e-01 
  775.000  7.165480e-01 
  776.000  7.168499e-01 
  777.000  7.169426e-01 
  778.000  7.169380e-01 
  779.000  7.169218e-01 
  780.000  7.169024e-01 
  781.000  7.172477e-01 
  782.000  7.172179e-01 
  783.000  7.171993e-01 
  784.000  7.169421e-01 
  785.000  7.156094e-01 
  786.000  7.136137e-01 
  787.000  7.089973e-01 
  788.000  7.065784e-01 
  789.000  6.979057e-01 
  790.000  6.971723e-01 
  791.000  6.988244e-01 
  792.000  7.003514e-01 
  793.000  7.038967e-01 
  794.000  7.114059e-01 
  795.000  7.068334e-01 
  796.000  6.946422e-01 
  797.000  6.981406e-01 
  798.000  7.058592e-01 
  799.000  7.041095e-01 
  800.000  6.985081e-01 
  801.000  6.991861e-01 
  802.000  6.986285e-01 
  803.000  6.994584e-01 
  804.000  7.021045e-01 
  805.000  7.071671e-01 
  806.000  7.101920e-01 
  807.000  7.103347e-01 
  808.000  7.086336e-01 
  809.000  7.065413e-01 
  810.000  7.042491e-01 
  811.000  6.995364e-01 
  812.000  6.931938e-01 
  813.000  6.854250e-01 
  814.000  6.751781e-01 
  815.000  6.624420e-01 
  816.000  6.461052e-01 
  817.000  6.470245e-01 
  818.000  6.483626e-01 
  819.000  6.537496e-01 
  820.000  6.717600e-01 
  821.000  6.923478e-01 
  822.000  6.766978e-01 
  823.000  6.331116e-01 
  824.000  6.698442e-01 
  825.000  6.935168e-01 
  826.000  6.894763e-01 
  827.000  6.864900e-01 
  828.000  6.709131e-01 
  829.000  6.765290e-01 
  830.000  6.828225e-01 
  831.000  6.843041e-01 
  832.000  6.849552e-01 
  833.000  6.885871e-01 
  834.000  6.928626e-01 
  835.000  7.013434e-01 
  836.000  6.986209e-01 
  837.000  6.983363e-01 
  838.000  7.024699e-01 
  839.000  7.049801e-01 
  840.000  7.058961e-01 
  841.000  7.031842e-01 
  842.000  7.056296e-01 
  843.000  7.114308e-01 
  844.000  7.140647e-01 
  845.000  7.152958e-01 
  846.000  7.165902e-01 
  847.000  7.180176e-01 
  848.000  7.156789e-01 
  849.000  7.159862e-01 
  850.000  7.148339e-01 
  851.000  7.134591e-01 
  852.000  7.136033e-01 
  853.000  7.158921e-01 
  854.000  7.157744e-01 
  855.000  7.169277e-01 
  856.000  7.192078e-01 
  857.000  7.202495e-01 
  858.000  7.207575e-01 
  859.000  7.219054e-01 
  860.000  7.225047e-01 
  861.000  7.226082e-01 
  862.000  7.229494e-01 
  863.000  7.230024e-01 
  864.000  7.232396e-01 
  865.000  7.234353e-01 
  866.000  7.234944e-01 
  867.000  7.234695e-01 
  868.000  7.235082e-01 
  869.000  7.235797e-01 
  870.000  7.235430e-01 
  871.000  7.236111e-01 
  872.000  7.237642e-01 
  873.000  7.236294e-01 
  874.000  7.235604e-01 
  875.000  7.235511e-01 
  876.000  7.233091e-01 
  877.000  7.231905e-01 
  878.000  7.224593e-01 
  879.000  7.224164e-01 
  880.000  7.217956e-01 
  881.000  7.214767e-01 
  882.000  7.211323e-01 
  883.000  7.214885e-01 
  884.000  7.216356e-01 
  885.000  7.203476e-01 
  886.000  7.186328e-01 
  887.000  7.199419e-01 
  888.000  7.198645e-01 
  889.000  7.203122e-01 
  890.000  7.192346e-01 
  891.000  7.171677e-01 
  892.000  7.125708e-01 
  893.000  6.985887e-01 
  894.000  6.916284e-01 
  895.000  6.703915e-01 
  896.000  6.513750e-01 
  897.000  6.313505e-01 
  898.000  6.219954e-01 
  899.000  5.956308e-01 
  900.000  5.994323e-01 
  901.000  5.925857e-01 
  902.000  5.938542e-01 
  903.000  6.381755e-01 
  904.000  6.652981e-01 
  905.000  6.643195e-01 
  906.000  6.473628e-01 
  907.000  6.174325e-01 
  908.000  5.977441e-01 
  909.000  5.985794e-01 
  910.000  6.015444e-01 
  911.000  6.146177e-01 
  912.000  6.082901e-01 
  913.000  5.808330e-01 
  914.000  5.944037e-01 
  915.000  6.051088e-01 
  916.000  6.080149e-01 
  917.000  6.138369e-01 
  918.000  6.213648e-01 
  919.000  6.469871e-01 
  920.000  6.663786e-01 
  921.000  6.621114e-01 
  922.000  6.617498e-01 
  923.000  6.563413e-01 
  924.000  6.433483e-01 
  925.000  6.422606e-01 
  926.000  6.419184e-01 
  927.000  6.267445e-01 
  928.000  6.034402e-01 
  929.000  5.698804e-01 
  930.000  5.273611e-01 
  931.000  4.800671e-01 
  932.000  4.184963e-01 
  933.000  3.729555e-01 
  934.000  3.265209e-01 
  935.000  3.215712e-01 
  936.000  3.398505e-01 
  937.000  3.352165e-01 
  938.000  3.870308e-01 
  939.000  5.226381e-01 
  940.000  5.429544e-01 
  941.000  5.254563e-01 
  942.000  4.825982e-01 
  943.000  4.116074e-01 
  944.000  4.066501e-01 
  945.000  4.321025e-01 
  946.000  4.335421e-01 
  947.000  4.563508e-01 
  948.000  4.697406e-01 
  949.000  4.680107e-01 
  950.000  4.714455e-01 
  951.000  5.014399e-01 
  952.000  4.694247e-01 
  953.000  4.919064e-01 
  954.000  5.160555e-01 
  955.000  4.965229e-01 
  956.000  4.921783e-01 
  957.000  5.532753e-01 
  958.000  5.612125e-01 
  959.000  5.510584e-01 
  960.000  5.481175e-01 
  961.000  5.430314e-01 
  962.000  5.476843e-01 
  963.000  5.812610e-01 
  964.000  5.860922e-01 
  965.000  5.828928e-01 
  966.000  5.847247e-01 
  967.000  6.087044e-01 
  968.000  6.487566e-01 
  969.000  6.668538e-01 
  970.000  6.678299e-01 
  971.000  6.673993e-01 
  972.000  6.622596e-01 
  973.000  6.503906e-01 
  974.000  6.359358e-01 
  975.000  6.266481e-01 
  976.000  6.380038e-01 
  977.000  6.567659e-01 
  978.000  6.552444e-01 
  979.000  6.601081e-01 
  980.000  6.792442e-01 
  981.000  6.834847e-01 
  982.000  6.792252e-01 
  983.000  6.890476e-01 
  984.000  6.991575e-01 
  985.000  7.048999e-01 
  986.000  7.123095e-01 
  987.000  7.155176e-01 
  988.000  7.162502e-01 
  989.000  7.167180e-01 
  990.000  7.174985e-01 
  991.000  7.202535e-01 
  992.000  7.210349e-01 
  993.000  7.213261e-01 
  994.000  7.237159e-01 
  995.000  7.254138e-01 
  996.000  7.253983e-01 
  997.000  7.243333e-01 
  998.000  7.231601e-01 
  999.000  7.226987e-01 
 1000.000  7.230768e-01 
 1001.000  7.204375e-01 
 1002.000  7.162140e-01 
 1003.000  7.172174e-01 
 1004.000  7.196472e-01 
 1005.000  7.207573e-01 
 1006.000  7.211091e-01 
 1007.000  7.203025e-01 
 1008.000  7.168590e-01 
 1009.000  7.122539e-01 
 1010.000  7.143041e-01 
 1011.000  7.191930e-01 
 1012.000  7.210540e-01 
 1013.000  7.225150e-01 
 1014.000  7.231250e-01 
 1015.000  7.232383e-01 
 1016.000  7.237942e-01 
 1017.000  7.241850e-01 
 1018.000  7.233364e-01 
 1019.000  7.217494e-01 
 1020.000  7.223436e-01 
 1021.000  7.234572e-01 
 1022.000  7.215058e-01 
 1023.000  7.197797e-01 
 1024.000  7.187438e-01 
 1025.000  7.218969e-01 
 1026.000  7.231715e-01 
 1027.000  7.226859e-01 
 1028.000  7.231640e-01 
 1029.000  7.244620e-01 
 1030.000  7.257208e-01 
 1031.000  7.263632e-01 
 1032.000  7.268592e-01 
 1033.000  7.269556e-01 
 1034.000  7.272576e-01 
 1035.000  7.274025e-01 
 1036.000  7.272750e-01 
 1037.000  7.272717e-01 
 1038.000  7.273645e-01 
 1039.000  7.271671e-01 
 1040.000  7.269881e-01 
 1041.000  7.268456e-01 
 1042.000  7.267991e-01 
 1043.000  7.267808e-01 
 1044.000  7.266457e-01 
 1045.000  7.262629e-01 
 1046.000  7.259990e-01 
 1047.000  7.256796e-01 
 1048.000  7.252414e-01 
 1049.000  7.247943e-01 
 1050.000  7.243708e-01 
 1051.000  7.238291e-01 
 1052.000  7.234315e-01 
 1053.000  7.233272e-01 
 1054.000  7.227668e-01 
 1055.000  7.221695e-01 
 1056.000  7.216482e-01 
 1057.000  7.204237e-01 
 1058.000  7.182809e-01 
 1059.000  7.183028e-01 
 1060.000  7.193063e-01 
 1061.000  7.190000e-01 
 1062.000  7.176352e-01 
 1063.000  7.170326e-01 
 1064.000  7.158116e-01 
 1065.000  7.144450e-01 
 1066.000  7.145404e-01 
 1067.000  7.137756e-01 
 1068.000  7.112727e-01 
 1069.000  7.101847e-01 
 1070.000  7.107272e-01 
 1071.000  7.091594e-01 
 1072.000  7.075076e-01 
 1073.000  7.072622e-01 
 1074.000  7.076021e-01 
 1075.000  7.102526e-01 
 1076.000  7.087192e-01 
 1077.000  7.066303e-01 
 1078.000  7.041561e-01 
 1079.000  7.038890e-01 
 1080.000  6.971451e-01 
 1081.000  6.968066e-01 
 1082.000  6.998399e-01 
 1083.000  6.962861e-01 
 1084.000  6.923824e-01 
 1085.000  6.830120e-01 
 1086.000  6.852482e-01 
 1087.000  6.956266e-01 
 1088.000  6.960590e-01 
 1089.000  6.835074e-01 
 1090.000  6.811717e-01 
 1091.000  6.835930e-01 
 1092.000  6.773860e-01 
 1093.000  6.634707e-01 
 1094.000  6.574171e-01 
 1095.000  6.584173e-01 
 1096.000  6.593333e-01 
 1097.000  6.565787e-01 
 1098.000  6.227155e-01 
 1099.000  5.938819e-01 
 1100.000  5.958444e-01 
 1101.000  5.998394e-01 
 1102.000  5.979315e-01 
 1103.000  6.005903e-01 
 1104.000  5.957969e-01 
 1105.000  5.837122e-01 
 1106.000  5.715102e-01 
 1107.000  5.745566e-01 
 1108.000  5.767996e-01 
 1109.000  5.872590e-01 
 1110.000  5.860159e-01 
 1111.000  5.802495e-01 
 1112.000  5.547122e-01 
 1113.000  5.198889e-01 
 1114.000  5.105006e-01 
 1115.000  4.679121e-01 
 1116.000  4.416467e-01 
 1117.000  3.812973e-01 
 1118.000  3.267151e-01 
 1119.000  2.981039e-01 
 1120.000  2.629537e-01 
 1121.000  2.552231e-01 
 1122.000  2.194003e-01 
 1123.000  2.387786e-01 
 1124.000  2.519244e-01 
 1125.000  2.449969e-01 
 1126.000  2.422392e-01 
 1127.000  2.452844e-01 
 1128.000  2.511990e-01 
 1129.000  2.868725e-01 
 1130.000  3.715909e-01 
 1131.000  3.964323e-01 
 1132.000  3.624710e-01 
 1133.000  3.012545e-01 
 1134.000  1.937997e-01 
 1135.000  2.017743e-01 
 1136.000  3.101040e-01 
 1137.000  3.709990e-01 
 1138.000  4.307740e-01 
 1139.000  4.491128e-01 
 1140.000  4.376702e-01 
 1141.000  4.144928e-01 
 1142.000  4.063351e-01 
 1143.000  3.808504e-01 
 1144.000  3.523392e-01 
 1145.000  3.114858e-01 
 1146.000  3.210980e-01 
 1147.000  3.530914e-01 
 1148.000  3.817204e-01 
 1149.000  3.933577e-01 
 1150.000  3.939943e-01 
