  320.000  2.634442e-01 
  321.000  3.143219e-01 
  322.000  2.945048e-01 
  323.000  3.195878e-01 
  324.000  3.444580e-01 
  325.000  3.259538e-01 
  326.000  3.562528e-01 
  327.000  3.646446e-01 
  328.000  3.464864e-01 
  329.000  3.812333e-01 
  330.000  3.867002e-01 
  331.000  3.758726e-01 
  332.000  3.967422e-01 
  333.000  4.027991e-01 
  334.000  3.978270e-01 
  335.000  4.130301e-01 
  336.000  4.191657e-01 
  337.000  4.165815e-01 
  338.000  4.237617e-01 
  339.000  4.311546e-01 
  340.000  4.299409e-01 
  341.000  4.371057e-01 
  342.000  4.423351e-01 
  343.000  4.449584e-01 
  344.000  4.454941e-01 
  345.000  4.525610e-01 
  346.000  4.570150e-01 
  347.000  4.606417e-01 
  348.000  4.640348e-01 
  349.000  4.678417e-01 
  350.000  4.710920e-01 
  351.000  4.743256e-01 
  352.000  4.769758e-01 
  353.000  4.807402e-01 
  354.000  4.839410e-01 
  355.000  4.869166e-01 
  356.000  4.898130e-01 
  357.000  4.923884e-01 
  358.000  4.951569e-01 
  359.000  4.979200e-01 
  360.000  5.007470e-01 
  361.000  5.043144e-01 
  362.000  5.080243e-01 
  363.000  5.114369e-01 
  364.000  5.145739e-01 
  365.000  5.175132e-01 
  366.000  5.205157e-01 
  367.000  5.233714e-01 
  368.000  5.261983e-01 
  369.000  5.289981e-01 
  370.000  5.317663e-01 
  371.000  5.345101e-01 
  372.000  5.372287e-01 
  373.000  5.399216e-01 
  374.000  5.425687e-01 
  375.000  5.451624e-01 
  376.000  5.476656e-01 
  377.000  5.500295e-01 
  378.000  5.522234e-01 
  379.000  5.544508e-01 
  380.000  5.568985e-01 
  381.000  5.596823e-01 
  382.000  5.625642e-01 
  383.000  5.652866e-01 
  384.000  5.678666e-01 
  385.000  5.703503e-01 
  386.000  5.727680e-01 
  387.000  5.751445e-01 
  388.000  5.774886e-01 
  389.000  5.798113e-01 
  390.000  5.821133e-01 
  391.000  5.843897e-01 
  392.000  5.866472e-01 
  393.000  5.888841e-01 
  394.000  5.910982e-01 
  395.000  5.932879e-01 
  396.000  5.954615e-01 
  397.000  5.976081e-01 
  398.000  5.997332e-01 
  399.000  6.018385e-01 
  400.000  6.039128e-01 
  401.000  6.059777e-01 
  402.000  6.080242e-01 
  403.000  6.100515e-01 
  404.000  6.120592e-01 
  405.000  6.140434e-01 
  406.000  6.160128e-01 
  407.000  6.179652e-01 
  408.000  6.198992e-01 
  409.000  6.218126e-01 
  410.000  6.237066e-01 
  411.000  6.255803e-01 
  412.000  6.274327e-01 
  413.000  6.292731e-01 
  414.000  6.309802e-01 
  415.000  6.328257e-01 
  416.000  6.346465e-01 
  417.000  6.364357e-01 
  418.000  6.381826e-01 
  419.000  6.399091e-01 
  420.000  6.416188e-01 
  421.000  6.433173e-01 
  422.000  6.450041e-01 
  423.000  6.466773e-01 
  424.000  6.483297e-01 
  425.000  6.499433e-01 
  426.000  6.515402e-01 
  427.000  6.531220e-01 
  428.000  6.546748e-01 
  429.000  6.562051e-01 
  430.000  6.577166e-01 
  431.000  6.592160e-01 
  432.000  6.606990e-01 
  433.000  6.621671e-01 
  434.000  6.636221e-01 
  435.000  6.650620e-01 
  436.000  6.664851e-01 
  437.000  6.678920e-01 
  438.000  6.692821e-01 
  439.000  6.706609e-01 
  440.000  6.720167e-01 
  441.000  6.733546e-01 
  442.000  6.746708e-01 
  443.000  6.759666e-01 
  444.000  6.772412e-01 
  445.000  6.784880e-01 
  446.000  6.796995e-01 
  447.000  6.809696e-01 
  448.000  6.823307e-01 
  449.000  6.837077e-01 
  450.000  6.850575e-01 
  451.000  6.863540e-01 
  452.000  6.876044e-01 
  453.000  6.888288e-01 
  454.000  6.900305e-01 
  455.000  6.911620e-01 
  456.000  6.922017e-01 
  457.000  6.932414e-01 
  458.000  6.942666e-01 
  459.000  6.952698e-01 
  460.000  6.962646e-01 
  461.000  6.972485e-01 
  462.000  6.982133e-01 
  463.000  6.991737e-01 
  464.000  7.004235e-01 
  465.000  7.016540e-01 
  466.000  7.028621e-01 
  467.000  7.040419e-01 
  468.000  7.050025e-01 
  469.000  7.058296e-01 
  470.000  7.065899e-01 
  471.000  7.072743e-01 
  472.000  7.078552e-01 
  473.000  7.082623e-01 
  474.000  7.085966e-01 
  475.000  7.086824e-01 
  476.000  7.085170e-01 
  477.000  7.085136e-01 
  478.000  7.094805e-01 
  479.000  7.109517e-01 
  480.000  7.125388e-01 
  481.000  7.139618e-01 
  482.000  7.152957e-01 
  483.000  7.164549e-01 
  484.000  7.174508e-01 
  485.000  7.183411e-01 
  486.000  7.192902e-01 
  487.000  7.202891e-01 
  488.000  7.212555e-01 
  489.000  7.222038e-01 
  490.000  7.231405e-01 
  491.000  7.238739e-01 
  492.000  7.245441e-01 
  493.000  7.252108e-01 
  494.000  7.258585e-01 
  495.000  7.265060e-01 
  496.000  7.268395e-01 
  497.000  7.271605e-01 
  498.000  7.274766e-01 
  499.000  7.277757e-01 
  500.000  7.280700e-01 
  501.000  7.283316e-01 
  502.000  7.285932e-01 
  503.000  7.288515e-01 
  504.000  7.290979e-01 
  505.000  7.293308e-01 
  506.000  7.300129e-01 
  507.000  7.307146e-01 
  508.000  7.314151e-01 
  509.000  7.321073e-01 
  510.000  7.327846e-01 
  511.000  7.333917e-01 
  512.000  7.339778e-01 
  513.000  7.345604e-01 
  514.000  7.351357e-01 
  515.000  7.357057e-01 
  516.000  7.361129e-01 
  517.000  7.363739e-01 
  518.000  7.366277e-01 
  519.000  7.368767e-01 
  520.000  7.371232e-01 
  521.000  7.373440e-01 
  522.000  7.375032e-01 
  523.000  7.376181e-01 
  524.000  7.377367e-01 
  525.000  7.378302e-01 
  526.000  7.379614e-01 
  527.000  7.379825e-01 
  528.000  7.379590e-01 
  529.000  7.379343e-01 
  530.000  7.379150e-01 
  531.000  7.378992e-01 
  532.000  7.379347e-01 
  533.000  7.382545e-01 
  534.000  7.386584e-01 
  535.000  7.391142e-01 
  536.000  7.395547e-01 
  537.000  7.399576e-01 
  538.000  7.403178e-01 
  539.000  7.406515e-01 
  540.000  7.409645e-01 
  541.000  7.412684e-01 
  542.000  7.415589e-01 
  543.000  7.418391e-01 
  544.000  7.420509e-01 
  545.000  7.422071e-01 
  546.000  7.423559e-01 
  547.000  7.425090e-01 
  548.000  7.426544e-01 
  549.000  7.427975e-01 
  550.000  7.428669e-01 
  551.000  7.428632e-01 
  552.000  7.428624e-01 
  553.000  7.428465e-01 
  554.000  7.428237e-01 
  555.000  7.427967e-01 
  556.000  7.427422e-01 
  557.000  7.426397e-01 
  558.000  7.425290e-01 
  559.000  7.424053e-01 
  560.000  7.422504e-01 
  561.000  7.420669e-01 
  562.000  7.416902e-01 
  563.000  7.414646e-01 
  564.000  7.411682e-01 
  565.000  7.407185e-01 
  566.000  7.404117e-01 
  567.000  7.394289e-01 
  568.000  7.364718e-01 
  569.000  7.302622e-01 
  570.000  7.310839e-01 
  571.000  7.352898e-01 
  572.000  7.309662e-01 
  573.000  7.319396e-01 
  574.000  7.321206e-01 
  575.000  7.317925e-01 
  576.000  7.319784e-01 
  577.000  7.334856e-01 
  578.000  7.355331e-01 
  579.000  7.373111e-01 
  580.000  7.389649e-01 
  581.000  7.413069e-01 
  582.000  7.429204e-01 
  583.000  7.439485e-01 
  584.000  7.448512e-01 
  585.000  7.455648e-01 
  586.000  7.462462e-01 
  587.000  7.447768e-01 
  588.000  7.365350e-01 
  589.000  7.233731e-01 
  590.000  7.227470e-01 
  591.000  7.321001e-01 
  592.000  7.274266e-01 
  593.000  7.380422e-01 
  594.000  7.359203e-01 
  595.000  7.287549e-01 
  596.000  7.389651e-01 
  597.000  7.364086e-01 
  598.000  7.404048e-01 
  599.000  7.418749e-01 
  600.000  7.454547e-01 
  601.000  7.477620e-01 
  602.000  7.483445e-01 
  603.000  7.494391e-01 
  604.000  7.507522e-01 
  605.000  7.516768e-01 
  606.000  7.523487e-01 
  607.000  7.529976e-01 
  608.000  7.536157e-01 
  609.000  7.542067e-01 
  610.000  7.548178e-01 
  611.000  7.554966e-01 
  612.000  7.561613e-01 
  613.000  7.568051e-01 
  614.000  7.574298e-01 
  615.000  7.580527e-01 
  616.000  7.586527e-01 
  617.000  7.592193e-01 
  618.000  7.596943e-01 
  619.000  7.600960e-01 
  620.000  7.604679e-01 
  621.000  7.607874e-01 
  622.000  7.610544e-01 
  623.000  7.612330e-01 
  624.000  7.614229e-01 
  625.000  7.615814e-01 
  626.000  7.613045e-01 
  627.000  7.577003e-01 
  628.000  7.354379e-01 
  629.000  7.489793e-01 
  630.000  7.520512e-01 
  631.000  7.563210e-01 
  632.000  7.558644e-01 
  633.000  7.611936e-01 
  634.000  7.638471e-01 
  635.000  7.649988e-01 
  636.000  7.667164e-01 
  637.000  7.681177e-01 
  638.000  7.707396e-01 
  639.000  7.717138e-01 
  640.000  7.734758e-01 
  641.000  7.743372e-01 
  642.000  7.756435e-01 
  643.000  7.750743e-01 
  644.000  7.757105e-01 
  645.000  7.745554e-01 
  646.000  7.675921e-01 
  647.000  7.628806e-01 
  648.000  7.575426e-01 
  649.000  7.630660e-01 
  650.000  7.732657e-01 
  651.000  7.736599e-01 
  652.000  7.654207e-01 
  653.000  7.757494e-01 
  654.000  7.750537e-01 
  655.000  7.718334e-01 
  656.000  7.734956e-01 
  657.000  7.758397e-01 
  658.000  7.796212e-01 
  659.000  7.819895e-01 
  660.000  7.832449e-01 
  661.000  7.861277e-01 
  662.000  7.876419e-01 
  663.000  7.878080e-01 
  664.000  7.886444e-01 
  665.000  7.893814e-01 
  666.000  7.902546e-01 
  667.000  7.910126e-01 
  668.000  7.918723e-01 
  669.000  7.925013e-01 
  670.000  7.930635e-01 
  671.000  7.936527e-01 
  672.000  7.941841e-01 
  673.000  7.947064e-01 
  674.000  7.952240e-01 
  675.000  7.957423e-01 
  676.000  7.962291e-01 
  677.000  7.966766e-01 
  678.000  7.971251e-01 
  679.000  7.974971e-01 
  680.000  7.975389e-01 
  681.000  7.974735e-01 
  682.000  7.977303e-01 
  683.000  7.978536e-01 
  684.000  7.974560e-01 
  685.000  7.983445e-01 
  686.000  7.954325e-01 
  687.000  6.944578e-01 
  688.000  7.261483e-01 
  689.000  7.171052e-01 
  690.000  7.335969e-01 
  691.000  7.552737e-01 
  692.000  7.684804e-01 
  693.000  7.640340e-01 
  694.000  7.567489e-01 
  695.000  7.654468e-01 
  696.000  7.704504e-01 
  697.000  7.909731e-01 
  698.000  7.868558e-01 
  699.000  7.685999e-01 
  700.000  7.717106e-01 
  701.000  7.676737e-01 
  702.000  7.707400e-01 
  703.000  7.861413e-01 
  704.000  7.868592e-01 
  705.000  7.805866e-01 
  706.000  7.818725e-01 
  707.000  7.841882e-01 
  708.000  7.866858e-01 
  709.000  7.917415e-01 
  710.000  7.864650e-01 
  711.000  7.919566e-01 
  712.000  7.966376e-01 
  713.000  7.929745e-01 
  714.000  7.917789e-01 
  715.000  7.857923e-01 
  716.000  7.795866e-01 
  717.000  7.396833e-01 
  718.000  7.150897e-01 
  719.000  7.062578e-01 
  720.000  6.927912e-01 
  721.000  7.515935e-01 
  722.000  7.724282e-01 
  723.000  7.607034e-01 
  724.000  7.272510e-01 
  725.000  7.322593e-01 
  726.000  7.306950e-01 
  727.000  7.354543e-01 
  728.000  7.302781e-01 
  729.000  7.431229e-01 
  730.000  7.408826e-01 
  731.000  7.381747e-01 
  732.000  7.598224e-01 
  733.000  7.804912e-01 
  734.000  7.904215e-01 
  735.000  7.869191e-01 
  736.000  7.803844e-01 
  737.000  7.853256e-01 
  738.000  7.921097e-01 
  739.000  7.950312e-01 
  740.000  8.014996e-01 
  741.000  8.052374e-01 
  742.000  8.068113e-01 
  743.000  8.102638e-01 
  744.000  8.117871e-01 
  745.000  8.129967e-01 
  746.000  8.139474e-01 
  747.000  8.142026e-01 
  748.000  8.150621e-01 
  749.000  8.155158e-01 
  750.000  8.152900e-01 
  751.000  8.154753e-01 
  752.000  8.162671e-01 
  753.000  8.166050e-01 
  754.000  8.168759e-01 
  755.000  8.170600e-01 
  756.000  8.172517e-01 
  757.000  8.173850e-01 
  758.000  8.161340e-01 
  759.000  7.622023e-01 
  760.000  3.576604e-01 
  761.000  3.190453e-01 
  762.000  5.544127e-01 
  763.000  4.814143e-01 
  764.000  5.175670e-01 
  765.000  5.995097e-01 
  766.000  6.981263e-01 
  767.000  7.477908e-01 
  768.000  7.802378e-01 
  769.000  8.016387e-01 
  770.000  8.129306e-01 
  771.000  8.184459e-01 
  772.000  8.197870e-01 
  773.000  8.203960e-01 
  774.000  8.211371e-01 
  775.000  8.215599e-01 
  776.000  8.218628e-01 
  777.000  8.219557e-01 
  778.000  8.219512e-01 
  779.000  8.219349e-01 
  780.000  8.219154e-01 
  781.000  8.222618e-01 
  782.000  8.222319e-01 
  783.000  8.222132e-01 
  784.000  8.219553e-01 
  785.000  8.205395e-01 
  786.000  8.183703e-01 
  787.000  8.134686e-01 
  788.000  8.108981e-01 
  789.000  8.016837e-01 
  790.000  8.009010e-01 
  791.000  8.026522e-01 
  792.000  8.042689e-01 
  793.000  8.080284e-01 
  794.000  8.159939e-01 
  795.000  8.111368e-01 
  796.000  7.981825e-01 
  797.000  8.018961e-01 
  798.000  8.100892e-01 
  799.000  8.082264e-01 
  800.000  8.022726e-01 
  801.000  8.029886e-01 
  802.000  8.023917e-01 
  803.000  8.032685e-01 
  804.000  8.060733e-01 
  805.000  8.114433e-01 
  806.000  8.146482e-01 
  807.000  8.147950e-01 
  808.000  8.129861e-01 
  809.000  8.107626e-01 
  810.000  8.083280e-01 
  811.000  8.033235e-01 
  812.000  7.965882e-01 
  813.000  7.883332e-01 
  814.000  7.774358e-01 
  815.000  7.638800e-01 
  816.000  7.464421e-01 
  817.000  7.474310e-01 
  818.000  7.488585e-01 
  819.000  7.545990e-01 
  820.000  7.737960e-01 
  821.000  7.957026e-01 
  822.000  7.790473e-01 
  823.000  7.325085e-01 
  824.000  7.717333e-01 
  825.000  7.969216e-01 
  826.000  7.926095e-01 
  827.000  7.894297e-01 
  828.000  7.728436e-01 
  829.000  7.788234e-01 
  830.000  7.855164e-01 
  831.000  7.870852e-01 
  832.000  7.877641e-01 
  833.000  7.916190e-01 
  834.000  7.961549e-01 
  835.000  8.051549e-01 
  836.000  8.022566e-01 
  837.000  8.019464e-01 
  838.000  8.063315e-01 
  839.000  8.089906e-01 
  840.000  8.099587e-01 
  841.000  8.070751e-01 
  842.000  8.096666e-01 
  843.000  8.158181e-01 
  844.000  8.186064e-01 
  845.000  8.199077e-01 
  846.000  8.212758e-01 
  847.000  8.227854e-01 
  848.000  8.203027e-01 
  849.000  8.206254e-01 
  850.000  8.194005e-01 
  851.000  8.179393e-01 
  852.000  8.180889e-01 
  853.000  8.205124e-01 
  854.000  8.203835e-01 
  855.000  8.216025e-01 
  856.000  8.240693e-01 
  857.000  8.251553e-01 
  858.000  8.257002e-01 
  859.000  8.269171e-01 
  860.000  8.275328e-01 
  861.000  8.276365e-01 
  862.000  8.279784e-01 
  863.000  8.280315e-01 
  864.000  8.282692e-01 
  865.000  8.284653e-01 
  866.000  8.285245e-01 
  867.000  8.284996e-01 
  868.000  8.285384e-01 
  869.000  8.286100e-01 
  870.000  8.285732e-01 
  871.000  8.286414e-01 
  872.000  8.287949e-01 
  873.000  8.286598e-01 
  874.000  8.285906e-01 
  875.000  8.285813e-01 
  876.000  8.283389e-01 
  877.000  8.282200e-01 
  878.000  8.274426e-01 
  879.000  8.273971e-01 
  880.000  8.267318e-01 
  881.000  8.263773e-01 
  882.000  8.260145e-01 
  883.000  8.263854e-01 
  884.000  8.265374e-01 
  885.000  8.251641e-01 
  886.000  8.232979e-01 
  887.000  8.247328e-01 
  888.000  8.246495e-01 
  889.000  8.251206e-01 
  890.000  8.239859e-01 
  891.000  8.217371e-01 
  892.000  8.168565e-01 
  893.000  8.019923e-01 
  894.000  7.945936e-01 
  895.000  7.719529e-01 
  896.000  7.516543e-01 
  897.000  7.302455e-01 
  898.000  7.202282e-01 
  899.000  6.918768e-01 
  900.000  6.959841e-01 
  901.000  6.886004e-01 
  902.000  6.899418e-01 
  903.000  7.375666e-01 
  904.000  7.665855e-01 
  905.000  7.655209e-01 
  906.000  7.473772e-01 
  907.000  7.152718e-01 
  908.000  6.940951e-01 
  909.000  6.950029e-01 
  910.000  6.981971e-01 
  911.000  7.122613e-01 
  912.000  7.054507e-01 
  913.000  6.758505e-01 
  914.000  6.904845e-01 
  915.000  7.020020e-01 
  916.000  7.051161e-01 
  917.000  7.113611e-01 
  918.000  7.194348e-01 
  919.000  7.469004e-01 
  920.000  7.676203e-01 
  921.000  7.630468e-01 
  922.000  7.626535e-01 
  923.000  7.568670e-01 
  924.000  7.429607e-01 
  925.000  7.418168e-01 
  926.000  7.415112e-01 
  927.000  7.252998e-01 
  928.000  7.003449e-01 
  929.000  6.642792e-01 
  930.000  6.183463e-01 
  931.000  5.669135e-01 
  932.000  4.995649e-01 
  933.000  4.491019e-01 
  934.000  3.970853e-01 
  935.000  3.915587e-01 
  936.000  4.121974e-01 
  937.000  4.069154e-01 
  938.000  4.647276e-01 
  939.000  6.138411e-01 
  940.000  6.358745e-01 
  941.000  6.168068e-01 
  942.000  5.699989e-01 
  943.000  4.918093e-01 
  944.000  4.863507e-01 
  945.000  5.145584e-01 
  946.000  5.161030e-01 
  947.000  5.411534e-01 
  948.000  5.558245e-01 
  949.000  5.538723e-01 
  950.000  5.576159e-01 
  951.000  5.904087e-01 
  952.000  5.552967e-01 
  953.000  5.798618e-01 
  954.000  6.061481e-01 
  955.000  5.847700e-01 
  956.000  5.799133e-01 
  957.000  6.463386e-01 
  958.000  6.548681e-01 
  959.000  6.438134e-01 
  960.000  6.405819e-01 
  961.000  6.350312e-01 
  962.000  6.400448e-01 
  963.000  6.763415e-01 
  964.000  6.815270e-01 
  965.000  6.780422e-01 
  966.000  6.799855e-01 
  967.000  7.057893e-01 
  968.000  7.487344e-01 
  969.000  7.680626e-01 
  970.000  7.690899e-01 
  971.000  7.686247e-01 
  972.000  7.631357e-01 
  973.000  7.504427e-01 
  974.000  7.349558e-01 
  975.000  7.249888e-01 
  976.000  7.371671e-01 
  977.000  7.572522e-01 
  978.000  7.556104e-01 
  979.000  7.607936e-01 
  980.000  7.812213e-01 
  981.000  7.857327e-01 
  982.000  7.811745e-01 
  983.000  7.916368e-01 
  984.000  8.023968e-01 
  985.000  8.085005e-01 
  986.000  8.163735e-01 
  987.000  8.197763e-01 
  988.000  8.205489e-01 
  989.000  8.210410e-01 
  990.000  8.218669e-01 
  991.000  8.247910e-01 
  992.000  8.256187e-01 
  993.000  8.259256e-01 
  994.000  8.285093e-01 
  995.000  8.303111e-01 
  996.000  8.302937e-01 
  997.000  8.291548e-01 
  998.000  8.278654e-01 
  999.000  8.273741e-01 
 1000.000  8.277747e-01 
 1001.000  8.249696e-01 
 1002.000  8.204802e-01 
 1003.000  8.215452e-01 
 1004.000  8.241260e-01 
 1005.000  8.253041e-01 
 1006.000  8.256791e-01 
 1007.000  8.248213e-01 
 1008.000  8.211610e-01 
 1009.000  8.162649e-01 
 1010.000  8.184439e-01 
 1011.000  8.236398e-01 
 1012.000  8.256161e-01 
 1013.000  8.271680e-01 
 1014.000  8.278155e-01 
 1015.000  8.279361e-01 
 1016.000  8.285761e-01 
 1017.000  8.289871e-01 
 1018.000  8.280949e-01 
 1019.000  8.263552e-01 
 1020.000  8.269873e-01 
 1021.000  8.282233e-01 
 1022.000  8.260998e-01 
 1023.000  8.242674e-01 
 1024.000  8.231687e-01 
 1025.000  8.265199e-01 
 1026.000  8.279301e-01 
 1027.000  8.273619e-01 
 1028.000  8.278729e-01 
 1029.000  8.292937e-01 
 1030.000  8.306354e-01 
 1031.000  8.313250e-01 
 1032.000  8.318576e-01 
 1033.000  8.319756e-01 
 1034.000  8.322941e-01 
 1035.000  8.324392e-01 
 1036.000  8.323115e-01 
 1037.000  8.323082e-01 
 1038.000  8.324012e-01 
 1039.000  8.322035e-01 
 1040.000  8.320243e-01 
 1041.000  8.318816e-01 
 1042.000  8.318349e-01 
 1043.000  8.318167e-01 
 1044.000  8.316814e-01 
 1045.000  8.312980e-01 
 1046.000  8.310336e-01 
 1047.000  8.307137e-01 
 1048.000  8.302748e-01 
 1049.000  8.298221e-01 
 1050.000  8.293960e-01 
 1051.000  8.288363e-01 
 1052.000  8.284355e-01 
 1053.000  8.283472e-01 
 1054.000  8.277686e-01 
 1055.000  8.271626e-01 
 1056.000  8.266382e-01 
 1057.000  8.253676e-01 
 1058.000  8.231066e-01 
 1059.000  8.231700e-01 
 1060.000  8.242539e-01 
 1061.000  8.239452e-01 
 1062.000  8.224968e-01 
 1063.000  8.218685e-01 
 1064.000  8.205811e-01 
 1065.000  8.191343e-01 
 1066.000  8.192359e-01 
 1067.000  8.184076e-01 
 1068.000  8.156760e-01 
 1069.000  8.144863e-01 
 1070.000  8.150337e-01 
 1071.000  8.133352e-01 
 1072.000  8.115509e-01 
 1073.000  8.112631e-01 
 1074.000  8.115968e-01 
 1075.000  8.143927e-01 
 1076.000  8.127369e-01 
 1077.000  8.104911e-01 
 1078.000  8.078365e-01 
 1079.000  8.075324e-01 
 1080.000  8.003331e-01 
 1081.000  7.999564e-01 
 1082.000  8.031751e-01 
 1083.000  7.993770e-01 
 1084.000  7.952058e-01 
 1085.000  7.851995e-01 
 1086.000  7.875776e-01 
 1087.000  7.986389e-01 
 1088.000  7.990885e-01 
 1089.000  7.856993e-01 
 1090.000  7.832021e-01 
 1091.000  7.857831e-01 
 1092.000  7.791548e-01 
 1093.000  7.642869e-01 
 1094.000  7.578077e-01 
 1095.000  7.588795e-01 
 1096.000  7.598706e-01 
 1097.000  7.569319e-01 
 1098.000  7.206333e-01 
 1099.000  6.896145e-01 
 1100.000  6.917335e-01 
 1101.000  6.960455e-01 
 1102.000  6.940044e-01 
 1103.000  6.968870e-01 
 1104.000  6.917429e-01 
 1105.000  6.787302e-01 
 1106.000  6.655450e-01 
 1107.000  6.688746e-01 
 1108.000  6.713520e-01 
 1109.000  6.827229e-01 
 1110.000  6.814836e-01 
 1111.000  6.753114e-01 
 1112.000  6.477574e-01 
 1113.000  6.101147e-01 
 1114.000  6.001287e-01 
 1115.000  5.538138e-01 
 1116.000  5.250641e-01 
 1117.000  4.582688e-01 
 1118.000  3.973372e-01 
 1119.000  3.652445e-01 
 1120.000  3.253264e-01 
 1121.000  3.165300e-01 
 1122.000  2.751567e-01 
 1123.000  2.977727e-01 
 1124.000  3.130234e-01 
 1125.000  3.050331e-01 
 1126.000  3.018191e-01 
 1127.000  3.052622e-01 
 1128.000  3.119632e-01 
 1129.000  3.527752e-01 
 1130.000  4.485646e-01 
 1131.000  4.763350e-01 
 1132.000  4.384021e-01 
 1133.000  3.691497e-01 
 1134.000  2.450356e-01 
 1135.000  2.543567e-01 
 1136.000  3.790379e-01 
 1137.000  4.476252e-01 
 1138.000  5.139924e-01 
 1139.000  5.339329e-01 
 1140.000  5.212901e-01 
 1141.000  4.954902e-01 
 1142.000  4.864560e-01 
 1143.000  4.581195e-01 
 1144.000  4.261914e-01 
 1145.000  3.801366e-01 
 1146.000  3.909997e-01 
 1147.000  4.270079e-01 
 1148.000  4.590219e-01 
 1149.000  4.719176e-01 
 1150.000  4.724545e-01 
