  320.000  1.887659e-01 
  321.000  2.316614e-01 
  322.000  2.148105e-01 
  323.000  2.361681e-01 
  324.000  2.576106e-01 
  325.000  2.416321e-01 
  326.000  2.678676e-01 
  327.000  2.751986e-01 
  328.000  2.593706e-01 
  329.000  2.897691e-01 
  330.000  2.945934e-01 
  331.000  2.850493e-01 
  332.000  3.034832e-01 
  333.000  3.088627e-01 
  334.000  3.044457e-01 
  335.000  3.179786e-01 
  336.000  3.234629e-01 
  337.000  3.211514e-01 
  338.000  3.275793e-01 
  339.000  3.342159e-01 
  340.000  3.331251e-01 
  341.000  3.395714e-01 
  342.000  3.442870e-01 
  343.000  3.466560e-01 
  344.000  3.471401e-01 
  345.000  3.535340e-01 
  346.000  3.575721e-01 
  347.000  3.608648e-01 
  348.000  3.639492e-01 
  349.000  3.674140e-01 
  350.000  3.703757e-01 
  351.000  3.733255e-01 
  352.000  3.757455e-01 
  353.000  3.791866e-01 
  354.000  3.821160e-01 
  355.000  3.848419e-01 
  356.000  3.874979e-01 
  357.000  3.898616e-01 
  358.000  3.924048e-01 
  359.000  3.949452e-01 
  360.000  3.975468e-01 
  361.000  4.008330e-01 
  362.000  4.042545e-01 
  363.000  4.074053e-01 
  364.000  4.103046e-01 
  365.000  4.130238e-01 
  366.000  4.158038e-01 
  367.000  4.184505e-01 
  368.000  4.210728e-01 
  369.000  4.236720e-01 
  370.000  4.262441e-01 
  371.000  4.287956e-01 
  372.000  4.313257e-01 
  373.000  4.338340e-01 
  374.000  4.363016e-01 
  375.000  4.387212e-01 
  376.000  4.410581e-01 
  377.000  4.432666e-01 
  378.000  4.453176e-01 
  379.000  4.474013e-01 
  380.000  4.496926e-01 
  381.000  4.523004e-01 
  382.000  4.550023e-01 
  383.000  4.575568e-01 
  384.000  4.599794e-01 
  385.000  4.623132e-01 
  386.000  4.645866e-01 
  387.000  4.668228e-01 
  388.000  4.690299e-01 
  389.000  4.712183e-01 
  390.000  4.733885e-01 
  391.000  4.755360e-01 
  392.000  4.776669e-01 
  393.000  4.797797e-01 
  394.000  4.818723e-01 
  395.000  4.839430e-01 
  396.000  4.859997e-01 
  397.000  4.880320e-01 
  398.000  4.900450e-01 
  399.000  4.920405e-01 
  400.000  4.940078e-01 
  401.000  4.959670e-01 
  402.000  4.979099e-01 
  403.000  4.998357e-01 
  404.000  5.017438e-01 
  405.000  5.036305e-01 
  406.000  5.055042e-01 
  407.000  5.073627e-01 
  408.000  5.092045e-01 
  409.000  5.110277e-01 
  410.000  5.128331e-01 
  411.000  5.146202e-01 
  412.000  5.163878e-01 
  413.000  5.181447e-01 
  414.000  5.197751e-01 
  415.000  5.215384e-01 
  416.000  5.232791e-01 
  417.000  5.249903e-01 
  418.000  5.266618e-01 
  419.000  5.283143e-01 
  420.000  5.299516e-01 
  421.000  5.315788e-01 
  422.000  5.331955e-01 
  423.000  5.347999e-01 
  424.000  5.363849e-01 
  425.000  5.379333e-01 
  426.000  5.394663e-01 
  427.000  5.409855e-01 
  428.000  5.424773e-01 
  429.000  5.439480e-01 
  430.000  5.454013e-01 
  431.000  5.468435e-01 
  432.000  5.482703e-01 
  433.000  5.496834e-01 
  434.000  5.510843e-01 
  435.000  5.524712e-01 
  436.000  5.538423e-01 
  437.000  5.551983e-01 
  438.000  5.565386e-01 
  439.000  5.578684e-01 
  440.000  5.591764e-01 
  441.000  5.604677e-01 
  442.000  5.617384e-01 
  443.000  5.629896e-01 
  444.000  5.642210e-01 
  445.000  5.654256e-01 
  446.000  5.665967e-01 
  447.000  5.678246e-01 
  448.000  5.691410e-01 
  449.000  5.704732e-01 
  450.000  5.717795e-01 
  451.000  5.730345e-01 
  452.000  5.742454e-01 
  453.000  5.754314e-01 
  454.000  5.765957e-01 
  455.000  5.776923e-01 
  456.000  5.787002e-01 
  457.000  5.797082e-01 
  458.000  5.807026e-01 
  459.000  5.816757e-01 
  460.000  5.826410e-01 
  461.000  5.835959e-01 
  462.000  5.845326e-01 
  463.000  5.854650e-01 
  464.000  5.866787e-01 
  465.000  5.878742e-01 
  466.000  5.890482e-01 
  467.000  5.901950e-01 
  468.000  5.911289e-01 
  469.000  5.919332e-01 
  470.000  5.926728e-01 
  471.000  5.933384e-01 
  472.000  5.939036e-01 
  473.000  5.942997e-01 
  474.000  5.946250e-01 
  475.000  5.947086e-01 
  476.000  5.945476e-01 
  477.000  5.945442e-01 
  478.000  5.954852e-01 
  479.000  5.969175e-01 
  480.000  5.984631e-01 
  481.000  5.998493e-01 
  482.000  6.011491e-01 
  483.000  6.022790e-01 
  484.000  6.032500e-01 
  485.000  6.041182e-01 
  486.000  6.050439e-01 
  487.000  6.060184e-01 
  488.000  6.069614e-01 
  489.000  6.078870e-01 
  490.000  6.088014e-01 
  491.000  6.095175e-01 
  492.000  6.101719e-01 
  493.000  6.108230e-01 
  494.000  6.114558e-01 
  495.000  6.120883e-01 
  496.000  6.124142e-01 
  497.000  6.127278e-01 
  498.000  6.130368e-01 
  499.000  6.133291e-01 
  500.000  6.136167e-01 
  501.000  6.138724e-01 
  502.000  6.141281e-01 
  503.000  6.143806e-01 
  504.000  6.146215e-01 
  505.000  6.148491e-01 
  506.000  6.155160e-01 
  507.000  6.162022e-01 
  508.000  6.168873e-01 
  509.000  6.175644e-01 
  510.000  6.182269e-01 
  511.000  6.188209e-01 
  512.000  6.193945e-01 
  513.000  6.199647e-01 
  514.000  6.205277e-01 
  515.000  6.210858e-01 
  516.000  6.214845e-01 
  517.000  6.217400e-01 
  518.000  6.219885e-01 
  519.000  6.222323e-01 
  520.000  6.224737e-01 
  521.000  6.226899e-01 
  522.000  6.228459e-01 
  523.000  6.229584e-01 
  524.000  6.230745e-01 
  525.000  6.231661e-01 
  526.000  6.232947e-01 
  527.000  6.233153e-01 
  528.000  6.232923e-01 
  529.000  6.232681e-01 
  530.000  6.232492e-01 
  531.000  6.232337e-01 
  532.000  6.232685e-01 
  533.000  6.235818e-01 
  534.000  6.239774e-01 
  535.000  6.244239e-01 
  536.000  6.248555e-01 
  537.000  6.252502e-01 
  538.000  6.256032e-01 
  539.000  6.259303e-01 
  540.000  6.262371e-01 
  541.000  6.265349e-01 
  542.000  6.268197e-01 
  543.000  6.270943e-01 
  544.000  6.273020e-01 
  545.000  6.274551e-01 
  546.000  6.276010e-01 
  547.000  6.277511e-01 
  548.000  6.278936e-01 
  549.000  6.280339e-01 
  550.000  6.281019e-01 
  551.000  6.280984e-01 
  552.000  6.280975e-01 
  553.000  6.280819e-01 
  554.000  6.280595e-01 
  555.000  6.280332e-01 
  556.000  6.279796e-01 
  557.000  6.278792e-01 
  558.000  6.277706e-01 
  559.000  6.276493e-01 
  560.000  6.274974e-01 
  561.000  6.273172e-01 
  562.000  6.269106e-01 
  563.000  6.266863e-01 
  564.000  6.263865e-01 
  565.000  6.259190e-01 
  566.000  6.256354e-01 
  567.000  6.245798e-01 
  568.000  6.213707e-01 
  569.000  6.143647e-01 
  570.000  6.153702e-01 
  571.000  6.201870e-01 
  572.000  6.154125e-01 
  573.000  6.166014e-01 
  574.000  6.168748e-01 
  575.000  6.165442e-01 
  576.000  6.167315e-01 
  577.000  6.184357e-01 
  578.000  6.205863e-01 
  579.000  6.224364e-01 
  580.000  6.240448e-01 
  581.000  6.264152e-01 
  582.000  6.279915e-01 
  583.000  6.289235e-01 
  584.000  6.297867e-01 
  585.000  6.304039e-01 
  586.000  6.310574e-01 
  587.000  6.292565e-01 
  588.000  6.197761e-01 
  589.000  6.048379e-01 
  590.000  6.040683e-01 
  591.000  6.145417e-01 
  592.000  6.092229e-01 
  593.000  6.211546e-01 
  594.000  6.187049e-01 
  595.000  6.105770e-01 
  596.000  6.221448e-01 
  597.000  6.193141e-01 
  598.000  6.238961e-01 
  599.000  6.256250e-01 
  600.000  6.297500e-01 
  601.000  6.323964e-01 
  602.000  6.331153e-01 
  603.000  6.343532e-01 
  604.000  6.357369e-01 
  605.000  6.367102e-01 
  606.000  6.373876e-01 
  607.000  6.380409e-01 
  608.000  6.386512e-01 
  609.000  6.392338e-01 
  610.000  6.398348e-01 
  611.000  6.405022e-01 
  612.000  6.411557e-01 
  613.000  6.417888e-01 
  614.000  6.424032e-01 
  615.000  6.430159e-01 
  616.000  6.436062e-01 
  617.000  6.441637e-01 
  618.000  6.446310e-01 
  619.000  6.450263e-01 
  620.000  6.453923e-01 
  621.000  6.457067e-01 
  622.000  6.459695e-01 
  623.000  6.461453e-01 
  624.000  6.463320e-01 
  625.000  6.464873e-01 
  626.000  6.461178e-01 
  627.000  6.422403e-01 
  628.000  6.218529e-01 
  629.000  6.338727e-01 
  630.000  6.373773e-01 
  631.000  6.413559e-01 
  632.000  6.401352e-01 
  633.000  6.457663e-01 
  634.000  6.483397e-01 
  635.000  6.493371e-01 
  636.000  6.510712e-01 
  637.000  6.524568e-01 
  638.000  6.552420e-01 
  639.000  6.561968e-01 
  640.000  6.580257e-01 
  641.000  6.588047e-01 
  642.000  6.601519e-01 
  643.000  6.594062e-01 
  644.000  6.600058e-01 
  645.000  6.585799e-01 
  646.000  6.505318e-01 
  647.000  6.450675e-01 
  648.000  6.389162e-01 
  649.000  6.450708e-01 
  650.000  6.565704e-01 
  651.000  6.569350e-01 
  652.000  6.474931e-01 
  653.000  6.591488e-01 
  654.000  6.582771e-01 
  655.000  6.545306e-01 
  656.000  6.563399e-01 
  657.000  6.589365e-01 
  658.000  6.631702e-01 
  659.000  6.657944e-01 
  660.000  6.671480e-01 
  661.000  6.703158e-01 
  662.000  6.719711e-01 
  663.000  6.721070e-01 
  664.000  6.729556e-01 
  665.000  6.737450e-01 
  666.000  6.746330e-01 
  667.000  6.754345e-01 
  668.000  6.763564e-01 
  669.000  6.770008e-01 
  670.000  6.775652e-01 
  671.000  6.781626e-01 
  672.000  6.786909e-01 
  673.000  6.792085e-01 
  674.000  6.797210e-01 
  675.000  6.802347e-01 
  676.000  6.807154e-01 
  677.000  6.811578e-01 
  678.000  6.816017e-01 
  679.000  6.819548e-01 
  680.000  6.819148e-01 
  681.000  6.817638e-01 
  682.000  6.820259e-01 
  683.000  6.821097e-01 
  684.000  6.816056e-01 
  685.000  6.825172e-01 
  686.000  6.797693e-01 
  687.000  5.867280e-01 
  688.000  6.160095e-01 
  689.000  6.075134e-01 
  690.000  6.228133e-01 
  691.000  6.423976e-01 
  692.000  6.535238e-01 
  693.000  6.461941e-01 
  694.000  6.366392e-01 
  695.000  6.456625e-01 
  696.000  6.509509e-01 
  697.000  6.736900e-01 
  698.000  6.690089e-01 
  699.000  6.486223e-01 
  700.000  6.520230e-01 
  701.000  6.475050e-01 
  702.000  6.508756e-01 
  703.000  6.679996e-01 
  704.000  6.687746e-01 
  705.000  6.617537e-01 
  706.000  6.631637e-01 
  707.000  6.657222e-01 
  708.000  6.684874e-01 
  709.000  6.741134e-01 
  710.000  6.681862e-01 
  711.000  6.742968e-01 
  712.000  6.795085e-01 
  713.000  6.753669e-01 
  714.000  6.739802e-01 
  715.000  6.672149e-01 
  716.000  6.601645e-01 
  717.000  6.159265e-01 
  718.000  5.889627e-01 
  719.000  5.792962e-01 
  720.000  5.648258e-01 
  721.000  6.287507e-01 
  722.000  6.517762e-01 
  723.000  6.387676e-01 
  724.000  6.020263e-01 
  725.000  6.074242e-01 
  726.000  6.057176e-01 
  727.000  6.109110e-01 
  728.000  6.052677e-01 
  729.000  6.193174e-01 
  730.000  6.168958e-01 
  731.000  6.139707e-01 
  732.000  6.377569e-01 
  733.000  6.607020e-01 
  734.000  6.718038e-01 
  735.000  6.678950e-01 
  736.000  6.606088e-01 
  737.000  6.661086e-01 
  738.000  6.736763e-01 
  739.000  6.769405e-01 
  740.000  6.841869e-01 
  741.000  6.883787e-01 
  742.000  6.901407e-01 
  743.000  6.940144e-01 
  744.000  6.956651e-01 
  745.000  6.970121e-01 
  746.000  6.980721e-01 
  747.000  6.983405e-01 
  748.000  6.992867e-01 
  749.000  6.997909e-01 
  750.000  6.995124e-01 
  751.000  6.996962e-01 
  752.000  7.005755e-01 
  753.000  7.009420e-01 
  754.000  7.012286e-01 
  755.000  7.014115e-01 
  756.000  7.016037e-01 
  757.000  7.017365e-01 
  758.000  7.005272e-01 
  759.000  6.504257e-01 
  760.000  2.858002e-01 
  761.000  2.524309e-01 
  762.000  4.602310e-01 
  763.000  3.947702e-01 
  764.000  4.271002e-01 
  765.000  5.010872e-01 
  766.000  5.912942e-01 
  767.000  6.371622e-01 
  768.000  6.672782e-01 
  769.000  6.872064e-01 
  770.000  6.978335e-01 
  771.000  7.029317e-01 
  772.000  7.041910e-01 
  773.000  7.047566e-01 
  774.000  7.054559e-01 
  775.000  7.058786e-01 
  776.000  7.061850e-01 
  777.000  7.062632e-01 
  778.000  7.062336e-01 
  779.000  7.061946e-01 
  780.000  7.061537e-01 
  781.000  7.065477e-01 
  782.000  7.064945e-01 
  783.000  7.064546e-01 
  784.000  7.061294e-01 
  785.000  7.045734e-01 
  786.000  7.021540e-01 
  787.000  6.966693e-01 
  788.000  6.937876e-01 
  789.000  6.835307e-01 
  790.000  6.826457e-01 
  791.000  6.845762e-01 
  792.000  6.863639e-01 
  793.000  6.905359e-01 
  794.000  6.993972e-01 
  795.000  6.939741e-01 
  796.000  6.795791e-01 
  797.000  6.836842e-01 
  798.000  6.927767e-01 
  799.000  6.906969e-01 
  800.000  6.840740e-01 
  801.000  6.848583e-01 
  802.000  6.841868e-01 
  803.000  6.851521e-01 
  804.000  6.882627e-01 
  805.000  6.942276e-01 
  806.000  6.977916e-01 
  807.000  6.979467e-01 
  808.000  6.959193e-01 
  809.000  6.934283e-01 
  810.000  6.906978e-01 
  811.000  6.851101e-01 
  812.000  6.775995e-01 
  813.000  6.684232e-01 
  814.000  6.563557e-01 
  815.000  6.413969e-01 
  816.000  6.223704e-01 
  817.000  6.233911e-01 
  818.000  6.249261e-01 
  819.000  6.311974e-01 
  820.000  6.522021e-01 
  821.000  6.763250e-01 
  822.000  6.579556e-01 
  823.000  6.072915e-01 
  824.000  6.499342e-01 
  825.000  6.776774e-01 
  826.000  6.729559e-01 
  827.000  6.694374e-01 
  828.000  6.511797e-01 
  829.000  6.577332e-01 
  830.000  6.651023e-01 
  831.000  6.668413e-01 
  832.000  6.676260e-01 
  833.000  6.718920e-01 
  834.000  6.769240e-01 
  835.000  6.869182e-01 
  836.000  6.837085e-01 
  837.000  6.833755e-01 
  838.000  6.882398e-01 
  839.000  6.911964e-01 
  840.000  6.922683e-01 
  841.000  6.890610e-01 
  842.000  6.919376e-01 
  843.000  6.987809e-01 
  844.000  7.018895e-01 
  845.000  7.033370e-01 
  846.000  7.048600e-01 
  847.000  7.065394e-01 
  848.000  7.037597e-01 
  849.000  7.041111e-01 
  850.000  7.027355e-01 
  851.000  7.010984e-01 
  852.000  7.012581e-01 
  853.000  7.039554e-01 
  854.000  7.038078e-01 
  855.000  7.051634e-01 
  856.000  7.079864e-01 
  857.000  7.090743e-01 
  858.000  7.097096e-01 
  859.000  7.110594e-01 
  860.000  7.117181e-01 
  861.000  7.118309e-01 
  862.000  7.122273e-01 
  863.000  7.122799e-01 
  864.000  7.125522e-01 
  865.000  7.127750e-01 
  866.000  7.128349e-01 
  867.000  7.127955e-01 
  868.000  7.128312e-01 
  869.000  7.129059e-01 
  870.000  7.128525e-01 
  871.000  7.129232e-01 
  872.000  7.130947e-01 
  873.000  7.129251e-01 
  874.000  7.128336e-01 
  875.000  7.128127e-01 
  876.000  7.125162e-01 
  877.000  7.123990e-01 
  878.000  7.115422e-01 
  879.000  7.114844e-01 
  880.000  7.107448e-01 
  881.000  7.103123e-01 
  882.000  7.098966e-01 
  883.000  7.103068e-01 
  884.000  7.104703e-01 
  885.000  7.089446e-01 
  886.000  7.069235e-01 
  887.000  7.085648e-01 
  888.000  7.084655e-01 
  889.000  7.088534e-01 
  890.000  7.077054e-01 
  891.000  7.051220e-01 
  892.000  6.996828e-01 
  893.000  6.832352e-01 
  894.000  6.750361e-01 
  895.000  6.502581e-01 
  896.000  6.281413e-01 
  897.000  6.049541e-01 
  898.000  5.941599e-01 
  899.000  5.641236e-01 
  900.000  5.683802e-01 
  901.000  5.606303e-01 
  902.000  5.621292e-01 
  903.000  6.126825e-01 
  904.000  6.439756e-01 
  905.000  6.428830e-01 
  906.000  6.233039e-01 
  907.000  5.889844e-01 
  908.000  5.665701e-01 
  909.000  5.674796e-01 
  910.000  5.708256e-01 
  911.000  5.856786e-01 
  912.000  5.784812e-01 
  913.000  5.474269e-01 
  914.000  5.627465e-01 
  915.000  5.749046e-01 
  916.000  5.782335e-01 
  917.000  5.848956e-01 
  918.000  5.935148e-01 
  919.000  6.229206e-01 
  920.000  6.453615e-01 
  921.000  6.404513e-01 
  922.000  6.400378e-01 
  923.000  6.337785e-01 
  924.000  6.187830e-01 
  925.000  6.174486e-01 
  926.000  6.168495e-01 
  927.000  5.992517e-01 
  928.000  5.724043e-01 
  929.000  5.341288e-01 
  930.000  4.863308e-01 
  931.000  4.341343e-01 
  932.000  3.672550e-01 
  933.000  3.195341e-01 
  934.000  2.723136e-01 
  935.000  2.672228e-01 
  936.000  2.853866e-01 
  937.000  2.808953e-01 
  938.000  3.341385e-01 
  939.000  4.791459e-01 
  940.000  5.016916e-01 
  941.000  4.825212e-01 
  942.000  4.358452e-01 
  943.000  3.602633e-01 
  944.000  3.549764e-01 
  945.000  3.816067e-01 
  946.000  3.832464e-01 
  947.000  4.077232e-01 
  948.000  4.221831e-01 
  949.000  4.204714e-01 
  950.000  4.242340e-01 
  951.000  4.568190e-01 
  952.000  4.223391e-01 
  953.000  4.468104e-01 
  954.000  4.733727e-01 
  955.000  4.522154e-01 
  956.000  4.477953e-01 
  957.000  5.152267e-01 
  958.000  5.242672e-01 
  959.000  5.131033e-01 
  960.000  5.099516e-01 
  961.000  5.043942e-01 
  962.000  5.096536e-01 
  963.000  5.472945e-01 
  964.000  5.528120e-01 
  965.000  5.492965e-01 
  966.000  5.514523e-01 
  967.000  5.786723e-01 
  968.000  6.245824e-01 
  969.000  6.455438e-01 
  970.000  6.467122e-01 
  971.000  6.462218e-01 
  972.000  6.402603e-01 
  973.000  6.265481e-01 
  974.000  6.099364e-01 
  975.000  5.993072e-01 
  976.000  6.123094e-01 
  977.000  6.339023e-01 
  978.000  6.321834e-01 
  979.000  6.378410e-01 
  980.000  6.600366e-01 
  981.000  6.649934e-01 
  982.000  6.600788e-01 
  983.000  6.715343e-01 
  984.000  6.833504e-01 
  985.000  6.900811e-01 
  986.000  6.987771e-01 
  987.000  7.025552e-01 
  988.000  7.034243e-01 
  989.000  7.039790e-01 
  990.000  7.048971e-01 
  991.000  7.081347e-01 
  992.000  7.090508e-01 
  993.000  7.093903e-01 
  994.000  7.123123e-01 
  995.000  7.141835e-01 
  996.000  7.141607e-01 
  997.000  7.129039e-01 
  998.000  7.115245e-01 
  999.000  7.109762e-01 
 1000.000  7.114146e-01 
 1001.000  7.083074e-01 
 1002.000  7.033430e-01 
 1003.000  7.045155e-01 
 1004.000  7.073633e-01 
 1005.000  7.086624e-01 
 1006.000  7.090781e-01 
 1007.000  7.081253e-01 
 1008.000  7.040790e-01 
 1009.000  6.986765e-01 
 1010.000  7.010784e-01 
 1011.000  7.068160e-01 
 1012.000  7.090015e-01 
 1013.000  7.107214e-01 
 1014.000  7.114401e-01 
 1015.000  7.115761e-01 
 1016.000  7.123525e-01 
 1017.000  7.126843e-01 
 1018.000  7.118264e-01 
 1019.000  7.098285e-01 
 1020.000  7.105283e-01 
 1021.000  7.119666e-01 
 1022.000  7.095481e-01 
 1023.000  7.075256e-01 
 1024.000  7.063148e-01 
 1025.000  7.100227e-01 
 1026.000  7.116614e-01 
 1027.000  7.109650e-01 
 1028.000  7.115385e-01 
 1029.000  7.130684e-01 
 1030.000  7.145598e-01 
 1031.000  7.153261e-01 
 1032.000  7.159243e-01 
 1033.000  7.160971e-01 
 1034.000  7.164543e-01 
 1035.000  7.166229e-01 
 1036.000  7.165216e-01 
 1037.000  7.165591e-01 
 1038.000  7.166741e-01 
 1039.000  7.164531e-01 
 1040.000  7.162632e-01 
 1041.000  7.161130e-01 
 1042.000  7.160706e-01 
 1043.000  7.160657e-01 
 1044.000  7.159322e-01 
 1045.000  7.155130e-01 
 1046.000  7.152313e-01 
 1047.000  7.148977e-01 
 1048.000  7.144799e-01 
 1049.000  7.140777e-01 
 1050.000  7.136459e-01 
 1051.000  7.130067e-01 
 1052.000  7.126181e-01 
 1053.000  7.125482e-01 
 1054.000  7.119085e-01 
 1055.000  7.112566e-01 
 1056.000  7.107209e-01 
 1057.000  7.094038e-01 
 1058.000  7.069314e-01 
 1059.000  7.070809e-01 
 1060.000  7.083200e-01 
 1061.000  7.080101e-01 
 1062.000  7.064463e-01 
 1063.000  7.058579e-01 
 1064.000  7.045208e-01 
 1065.000  7.030413e-01 
 1066.000  7.030459e-01 
 1067.000  7.022868e-01 
 1068.000  6.991857e-01 
 1069.000  6.976904e-01 
 1070.000  6.981676e-01 
 1071.000  6.961884e-01 
 1072.000  6.941563e-01 
 1073.000  6.937667e-01 
 1074.000  6.940672e-01 
 1075.000  6.970765e-01 
 1076.000  6.951909e-01 
 1077.000  6.926630e-01 
 1078.000  6.896898e-01 
 1079.000  6.893001e-01 
 1080.000  6.813614e-01 
 1081.000  6.809090e-01 
 1082.000  6.843946e-01 
 1083.000  6.801817e-01 
 1084.000  6.755789e-01 
 1085.000  6.646368e-01 
 1086.000  6.671829e-01 
 1087.000  6.792091e-01 
 1088.000  6.796811e-01 
 1089.000  6.650319e-01 
 1090.000  6.622720e-01 
 1091.000  6.650353e-01 
 1092.000  6.577754e-01 
 1093.000  6.416370e-01 
 1094.000  6.346276e-01 
 1095.000  6.357393e-01 
 1096.000  6.367308e-01 
 1097.000  6.334827e-01 
 1098.000  5.946227e-01 
 1099.000  5.618442e-01 
 1100.000  5.640219e-01 
 1101.000  5.684927e-01 
 1102.000  5.662509e-01 
 1103.000  5.691876e-01 
 1104.000  5.636980e-01 
 1105.000  5.499868e-01 
 1106.000  5.362856e-01 
 1107.000  5.395634e-01 
 1108.000  5.418902e-01 
 1109.000  5.533905e-01 
 1110.000  5.516631e-01 
 1111.000  5.450061e-01 
 1112.000  5.162477e-01 
 1113.000  4.772472e-01 
 1114.000  4.662564e-01 
 1115.000  4.193562e-01 
 1116.000  3.909449e-01 
 1117.000  3.276627e-01 
 1118.000  2.717303e-01 
 1119.000  2.428028e-01 
 1120.000  2.084628e-01 
 1121.000  2.009485e-01 
 1122.000  1.675588e-01 
 1123.000  1.850760e-01 
 1124.000  1.971435e-01 
 1125.000  1.906570e-01 
 1126.000  1.881519e-01 
 1127.000  1.911485e-01 
 1128.000  1.969544e-01 
 1129.000  2.310465e-01 
 1130.000  3.146178e-01 
 1131.000  3.398813e-01 
 1132.000  3.052554e-01 
 1133.000  2.449771e-01 
 1134.000  1.448660e-01 
 1135.000  1.520648e-01 
 1136.000  2.540143e-01 
 1137.000  3.147506e-01 
 1138.000  3.767515e-01 
 1139.000  3.969023e-01 
 1140.000  3.848681e-01 
 1141.000  3.610050e-01 
 1142.000  3.524832e-01 
 1143.000  3.261379e-01 
 1144.000  2.972193e-01 
 1145.000  2.565307e-01 
 1146.000  2.660514e-01 
 1147.000  2.980728e-01 
 1148.000  3.272336e-01 
 1149.000  3.393923e-01 
 1150.000  3.405114e-01 
