  320.000  1.706240e-01 
  321.000  2.112695e-01 
  322.000  1.952598e-01 
  323.000  2.155600e-01 
  324.000  2.360216e-01 
  325.000  2.207667e-01 
  326.000  2.458360e-01 
  327.000  2.528607e-01 
  328.000  2.377045e-01 
  329.000  2.668464e-01 
  330.000  2.714839e-01 
  331.000  2.623126e-01 
  332.000  2.800381e-01 
  333.000  2.852198e-01 
  334.000  2.809649e-01 
  335.000  2.940095e-01 
  336.000  2.993028e-01 
  337.000  2.970713e-01 
  338.000  3.032785e-01 
  339.000  3.096927e-01 
  340.000  3.086381e-01 
  341.000  3.148728e-01 
  342.000  3.194369e-01 
  343.000  3.217308e-01 
  344.000  3.221996e-01 
  345.000  3.283947e-01 
  346.000  3.323097e-01 
  347.000  3.355034e-01 
  348.000  3.384963e-01 
  349.000  3.418595e-01 
  350.000  3.447356e-01 
  351.000  3.476011e-01 
  352.000  3.499526e-01 
  353.000  3.532975e-01 
  354.000  3.561460e-01 
  355.000  3.587976e-01 
  356.000  3.613819e-01 
  357.000  3.636824e-01 
  358.000  3.661583e-01 
  359.000  3.686322e-01 
  360.000  3.711664e-01 
  361.000  3.743685e-01 
  362.000  3.777037e-01 
  363.000  3.807760e-01 
  364.000  3.836041e-01 
  365.000  3.862572e-01 
  366.000  3.889706e-01 
  367.000  3.915544e-01 
  368.000  3.941152e-01 
  369.000  3.966541e-01 
  370.000  3.991672e-01 
  371.000  4.016609e-01 
  372.000  4.041342e-01 
  373.000  4.065869e-01 
  374.000  4.090003e-01 
  375.000  4.113674e-01 
  376.000  4.136542e-01 
  377.000  4.158157e-01 
  378.000  4.178236e-01 
  379.000  4.198638e-01 
  380.000  4.221078e-01 
  381.000  4.246624e-01 
  382.000  4.273099e-01 
  383.000  4.298135e-01 
  384.000  4.321885e-01 
  385.000  4.344768e-01 
  386.000  4.367065e-01 
  387.000  4.389001e-01 
  388.000  4.410656e-01 
  389.000  4.432132e-01 
  390.000  4.453434e-01 
  391.000  4.474517e-01 
  392.000  4.495442e-01 
  393.000  4.516192e-01 
  394.000  4.536748e-01 
  395.000  4.557093e-01 
  396.000  4.577304e-01 
  397.000  4.597279e-01 
  398.000  4.617068e-01 
  399.000  4.636688e-01 
  400.000  4.656034e-01 
  401.000  4.675304e-01 
  402.000  4.694418e-01 
  403.000  4.713365e-01 
  404.000  4.732143e-01 
  405.000  4.750712e-01 
  406.000  4.769156e-01 
  407.000  4.787454e-01 
  408.000  4.805590e-01 
  409.000  4.823546e-01 
  410.000  4.841330e-01 
  411.000  4.858935e-01 
  412.000  4.876351e-01 
  413.000  4.893664e-01 
  414.000  4.909734e-01 
  415.000  4.927116e-01 
  416.000  4.944276e-01 
  417.000  4.961148e-01 
  418.000  4.977632e-01 
  419.000  4.993931e-01 
  420.000  5.010082e-01 
  421.000  5.026135e-01 
  422.000  5.042087e-01 
  423.000  5.057918e-01 
  424.000  5.073562e-01 
  425.000  5.088846e-01 
  426.000  5.103980e-01 
  427.000  5.118979e-01 
  428.000  5.133709e-01 
  429.000  5.148233e-01 
  430.000  5.162587e-01 
  431.000  5.176833e-01 
  432.000  5.190928e-01 
  433.000  5.204889e-01 
  434.000  5.218731e-01 
  435.000  5.232437e-01 
  436.000  5.245988e-01 
  437.000  5.259392e-01 
  438.000  5.272641e-01 
  439.000  5.285788e-01 
  440.000  5.298721e-01 
  441.000  5.311490e-01 
  442.000  5.324056e-01 
  443.000  5.336431e-01 
  444.000  5.348610e-01 
  445.000  5.360528e-01 
  446.000  5.372113e-01 
  447.000  5.384262e-01 
  448.000  5.397288e-01 
  449.000  5.410471e-01 
  450.000  5.423400e-01 
  451.000  5.435822e-01 
  452.000  5.447809e-01 
  453.000  5.459549e-01 
  454.000  5.471076e-01 
  455.000  5.481935e-01 
  456.000  5.491915e-01 
  457.000  5.501898e-01 
  458.000  5.511746e-01 
  459.000  5.521384e-01 
  460.000  5.530946e-01 
  461.000  5.540405e-01 
  462.000  5.549684e-01 
  463.000  5.558922e-01 
  464.000  5.570948e-01 
  465.000  5.582793e-01 
  466.000  5.594429e-01 
  467.000  5.605794e-01 
  468.000  5.615051e-01 
  469.000  5.623023e-01 
  470.000  5.630354e-01 
  471.000  5.636953e-01 
  472.000  5.642555e-01 
  473.000  5.646483e-01 
  474.000  5.649708e-01 
  475.000  5.650536e-01 
  476.000  5.648940e-01 
  477.000  5.648907e-01 
  478.000  5.658236e-01 
  479.000  5.672438e-01 
  480.000  5.687765e-01 
  481.000  5.701513e-01 
  482.000  5.714406e-01 
  483.000  5.725614e-01 
  484.000  5.735246e-01 
  485.000  5.743859e-01 
  486.000  5.753044e-01 
  487.000  5.762713e-01 
  488.000  5.772070e-01 
  489.000  5.781255e-01 
  490.000  5.790331e-01 
  491.000  5.797437e-01 
  492.000  5.803933e-01 
  493.000  5.810395e-01 
  494.000  5.816676e-01 
  495.000  5.822955e-01 
  496.000  5.826191e-01 
  497.000  5.829304e-01 
  498.000  5.832371e-01 
  499.000  5.835272e-01 
  500.000  5.838128e-01 
  501.000  5.840667e-01 
  502.000  5.843205e-01 
  503.000  5.845712e-01 
  504.000  5.848104e-01 
  505.000  5.850364e-01 
  506.000  5.856986e-01 
  507.000  5.863799e-01 
  508.000  5.870602e-01 
  509.000  5.877326e-01 
  510.000  5.883906e-01 
  511.000  5.889805e-01 
  512.000  5.895501e-01 
  513.000  5.901165e-01 
  514.000  5.906757e-01 
  515.000  5.912300e-01 
  516.000  5.916260e-01 
  517.000  5.918798e-01 
  518.000  5.921267e-01 
  519.000  5.923689e-01 
  520.000  5.926087e-01 
  521.000  5.928236e-01 
  522.000  5.929785e-01 
  523.000  5.930902e-01 
  524.000  5.932056e-01 
  525.000  5.932966e-01 
  526.000  5.934243e-01 
  527.000  5.934448e-01 
  528.000  5.934220e-01 
  529.000  5.933979e-01 
  530.000  5.933792e-01 
  531.000  5.933638e-01 
  532.000  5.933983e-01 
  533.000  5.937095e-01 
  534.000  5.941026e-01 
  535.000  5.945462e-01 
  536.000  5.949750e-01 
  537.000  5.953673e-01 
  538.000  5.957180e-01 
  539.000  5.960430e-01 
  540.000  5.963479e-01 
  541.000  5.966437e-01 
  542.000  5.969267e-01 
  543.000  5.971997e-01 
  544.000  5.974061e-01 
  545.000  5.975581e-01 
  546.000  5.977032e-01 
  547.000  5.978523e-01 
  548.000  5.979940e-01 
  549.000  5.981334e-01 
  550.000  5.982010e-01 
  551.000  5.981975e-01 
  552.000  5.981966e-01 
  553.000  5.981811e-01 
  554.000  5.981589e-01 
  555.000  5.981327e-01 
  556.000  5.980795e-01 
  557.000  5.979797e-01 
  558.000  5.978718e-01 
  559.000  5.977513e-01 
  560.000  5.976003e-01 
  561.000  5.974213e-01 
  562.000  5.970353e-01 
  563.000  5.968140e-01 
  564.000  5.965206e-01 
  565.000  5.960690e-01 
  566.000  5.957790e-01 
  567.000  5.947884e-01 
  568.000  5.917917e-01 
  569.000  5.855706e-01 
  570.000  5.864215e-01 
  571.000  5.906613e-01 
  572.000  5.863496e-01 
  573.000  5.873569e-01 
  574.000  5.875582e-01 
  575.000  5.872374e-01 
  576.000  5.874200e-01 
  577.000  5.888841e-01 
  578.000  5.909414e-01 
  579.000  5.927011e-01 
  580.000  5.943058e-01 
  581.000  5.966151e-01 
  582.000  5.981846e-01 
  583.000  5.991575e-01 
  584.000  6.000497e-01 
  585.000  6.007052e-01 
  586.000  6.013514e-01 
  587.000  5.998688e-01 
  588.000  5.914667e-01 
  589.000  5.781373e-01 
  590.000  5.774873e-01 
  591.000  5.869120e-01 
  592.000  5.821796e-01 
  593.000  5.929005e-01 
  594.000  5.907376e-01 
  595.000  5.834836e-01 
  596.000  5.938255e-01 
  597.000  5.912549e-01 
  598.000  5.953217e-01 
  599.000  5.968325e-01 
  600.000  6.004854e-01 
  601.000  6.028050e-01 
  602.000  6.034106e-01 
  603.000  6.045399e-01 
  604.000  6.058407e-01 
  605.000  6.067770e-01 
  606.000  6.074421e-01 
  607.000  6.080843e-01 
  608.000  6.086898e-01 
  609.000  6.092683e-01 
  610.000  6.098660e-01 
  611.000  6.105297e-01 
  612.000  6.111797e-01 
  613.000  6.118095e-01 
  614.000  6.124207e-01 
  615.000  6.130302e-01 
  616.000  6.136174e-01 
  617.000  6.141720e-01 
  618.000  6.146370e-01 
  619.000  6.150303e-01 
  620.000  6.153945e-01 
  621.000  6.157073e-01 
  622.000  6.159688e-01 
  623.000  6.161436e-01 
  624.000  6.163296e-01 
  625.000  6.164845e-01 
  626.000  6.161638e-01 
  627.000  6.126601e-01 
  628.000  5.927002e-01 
  629.000  6.046407e-01 
  630.000  6.077952e-01 
  631.000  6.116898e-01 
  632.000  6.108776e-01 
  633.000  6.161309e-01 
  634.000  6.185827e-01 
  635.000  6.196686e-01 
  636.000  6.213642e-01 
  637.000  6.227401e-01 
  638.000  6.253570e-01 
  639.000  6.263351e-01 
  640.000  6.280525e-01 
  641.000  6.288970e-01 
  642.000  6.301935e-01 
  643.000  6.295741e-01 
  644.000  6.302285e-01 
  645.000  6.290348e-01 
  646.000  6.218911e-01 
  647.000  6.170572e-01 
  648.000  6.115990e-01 
  649.000  6.171905e-01 
  650.000  6.275694e-01 
  651.000  6.279511e-01 
  652.000  6.195292e-01 
  653.000  6.300451e-01 
  654.000  6.293159e-01 
  655.000  6.260067e-01 
  656.000  6.276833e-01 
  657.000  6.300617e-01 
  658.000  6.339111e-01 
  659.000  6.363168e-01 
  660.000  6.375836e-01 
  661.000  6.404655e-01 
  662.000  6.420050e-01 
  663.000  6.421422e-01 
  664.000  6.429911e-01 
  665.000  6.437154e-01 
  666.000  6.445969e-01 
  667.000  6.453713e-01 
  668.000  6.462561e-01 
  669.000  6.468883e-01 
  670.000  6.474474e-01 
  671.000  6.480366e-01 
  672.000  6.485625e-01 
  673.000  6.490786e-01 
  674.000  6.495900e-01 
  675.000  6.501023e-01 
  676.000  6.505826e-01 
  677.000  6.510244e-01 
  678.000  6.514676e-01 
  679.000  6.518273e-01 
  680.000  6.518269e-01 
  681.000  6.517287e-01 
  682.000  6.520101e-01 
  683.000  6.520905e-01 
  684.000  6.516746e-01 
  685.000  6.525774e-01 
  686.000  6.499166e-01 
  687.000  5.589190e-01 
  688.000  5.874645e-01 
  689.000  5.792560e-01 
  690.000  5.941725e-01 
  691.000  6.135299e-01 
  692.000  6.249194e-01 
  693.000  6.192019e-01 
  694.000  6.111270e-01 
  695.000  6.195307e-01 
  696.000  6.244287e-01 
  697.000  6.450417e-01 
  698.000  6.408589e-01 
  699.000  6.224683e-01 
  700.000  6.255758e-01 
  701.000  6.215171e-01 
  702.000  6.245916e-01 
  703.000  6.400945e-01 
  704.000  6.408197e-01 
  705.000  6.344978e-01 
  706.000  6.357929e-01 
  707.000  6.381257e-01 
  708.000  6.406446e-01 
  709.000  6.457472e-01 
  710.000  6.404157e-01 
  711.000  6.459567e-01 
  712.000  6.506845e-01 
  713.000  6.469693e-01 
  714.000  6.457434e-01 
  715.000  6.396659e-01 
  716.000  6.333405e-01 
  717.000  5.933151e-01 
  718.000  5.688591e-01 
  719.000  5.600982e-01 
  720.000  5.469149e-01 
  721.000  6.050758e-01 
  722.000  6.259544e-01 
  723.000  6.141958e-01 
  724.000  5.808719e-01 
  725.000  5.858068e-01 
  726.000  5.842662e-01 
  727.000  5.889969e-01 
  728.000  5.838768e-01 
  729.000  5.966502e-01 
  730.000  5.944540e-01 
  731.000  5.917987e-01 
  732.000  6.133946e-01 
  733.000  6.341765e-01 
  734.000  6.442204e-01 
  735.000  6.406972e-01 
  736.000  6.341170e-01 
  737.000  6.391011e-01 
  738.000  6.459527e-01 
  739.000  6.489115e-01 
  740.000  6.554660e-01 
  741.000  6.592602e-01 
  742.000  6.608605e-01 
  743.000  6.643670e-01 
  744.000  6.658539e-01 
  745.000  6.670799e-01 
  746.000  6.680484e-01 
  747.000  6.683077e-01 
  748.000  6.691800e-01 
  749.000  6.696579e-01 
  750.000  6.693907e-01 
  751.000  6.695744e-01 
  752.000  6.704234e-01 
  753.000  6.707748e-01 
  754.000  6.710528e-01 
  755.000  6.712356e-01 
  756.000  6.714269e-01 
  757.000  6.715594e-01 
  758.000  6.703622e-01 
  759.000  6.213201e-01 
  760.000  2.676322e-01 
  761.000  2.356759e-01 
  762.000  4.359785e-01 
  763.000  3.725827e-01 
  764.000  4.038673e-01 
  765.000  4.756673e-01 
  766.000  5.635548e-01 
  767.000  6.083733e-01 
  768.000  6.378447e-01 
  769.000  6.573654e-01 
  770.000  6.678085e-01 
  771.000  6.727918e-01 
  772.000  6.740289e-01 
  773.000  6.745850e-01 
  774.000  6.752825e-01 
  775.000  6.757041e-01 
  776.000  6.760079e-01 
  777.000  6.760930e-01 
  778.000  6.760755e-01 
  779.000  6.760476e-01 
  780.000  6.760172e-01 
  781.000  6.763871e-01 
  782.000  6.763453e-01 
  783.000  6.763157e-01 
  784.000  6.760239e-01 
  785.000  6.745862e-01 
  786.000  6.724615e-01 
  787.000  6.675080e-01 
  788.000  6.649093e-01 
  789.000  6.556287e-01 
  790.000  6.548362e-01 
  791.000  6.565939e-01 
  792.000  6.582206e-01 
  793.000  6.620064e-01 
  794.000  6.700365e-01 
  795.000  6.651354e-01 
  796.000  6.521017e-01 
  797.000  6.558303e-01 
  798.000  6.640745e-01 
  799.000  6.621982e-01 
  800.000  6.562057e-01 
  801.000  6.569239e-01 
  802.000  6.563227e-01 
  803.000  6.572043e-01 
  804.000  6.600287e-01 
  805.000  6.654380e-01 
  806.000  6.686713e-01 
  807.000  6.688187e-01 
  808.000  6.669911e-01 
  809.000  6.647441e-01 
  810.000  6.622812e-01 
  811.000  6.572301e-01 
  812.000  6.504370e-01 
  813.000  6.421297e-01 
  814.000  6.311938e-01 
  815.000  6.176242e-01 
  816.000  6.003159e-01 
  817.000  6.012625e-01 
  818.000  6.026688e-01 
  819.000  6.083780e-01 
  820.000  6.274830e-01 
  821.000  6.493912e-01 
  822.000  6.327223e-01 
  823.000  5.865971e-01 
  824.000  6.254405e-01 
  825.000  6.506345e-01 
  826.000  6.463454e-01 
  827.000  6.431586e-01 
  828.000  6.265829e-01 
  829.000  6.325450e-01 
  830.000  6.392403e-01 
  831.000  6.408209e-01 
  832.000  6.415291e-01 
  833.000  6.454023e-01 
  834.000  6.499676e-01 
  835.000  6.590287e-01 
  836.000  6.561221e-01 
  837.000  6.558219e-01 
  838.000  6.602355e-01 
  839.000  6.629183e-01 
  840.000  6.638946e-01 
  841.000  6.609931e-01 
  842.000  6.636045e-01 
  843.000  6.698080e-01 
  844.000  6.726267e-01 
  845.000  6.739421e-01 
  846.000  6.753258e-01 
  847.000  6.768513e-01 
  848.000  6.743409e-01 
  849.000  6.746650e-01 
  850.000  6.734257e-01 
  851.000  6.719490e-01 
  852.000  6.720991e-01 
  853.000  6.745464e-01 
  854.000  6.744176e-01 
  855.000  6.756497e-01 
  856.000  6.781189e-01 
  857.000  6.791858e-01 
  858.000  6.797222e-01 
  859.000  6.809932e-01 
  860.000  6.815938e-01 
  861.000  6.817020e-01 
  862.000  6.820714e-01 
  863.000  6.821241e-01 
  864.000  6.823791e-01 
  865.000  6.825886e-01 
  866.000  6.826481e-01 
  867.000  6.826158e-01 
  868.000  6.826529e-01 
  869.000  6.827260e-01 
  870.000  6.826807e-01 
  871.000  6.827501e-01 
  872.000  6.829126e-01 
  873.000  6.827599e-01 
  874.000  6.826794e-01 
  875.000  6.826642e-01 
  876.000  6.823942e-01 
  877.000  6.822594e-01 
  878.000  6.815226e-01 
  879.000  6.814744e-01 
  880.000  6.808094e-01 
  881.000  6.804199e-01 
  882.000  6.800458e-01 
  883.000  6.804242e-01 
  884.000  6.805780e-01 
  885.000  6.792002e-01 
  886.000  6.773855e-01 
  887.000  6.787567e-01 
  888.000  6.786689e-01 
  889.000  6.791398e-01 
  890.000  6.781200e-01 
  891.000  6.757851e-01 
  892.000  6.708633e-01 
  893.000  6.559476e-01 
  894.000  6.485166e-01 
  895.000  6.259845e-01 
  896.000  6.058519e-01 
  897.000  5.847149e-01 
  898.000  5.748645e-01 
  899.000  5.473353e-01 
  900.000  5.512614e-01 
  901.000  5.441446e-01 
  902.000  5.455033e-01 
  903.000  5.918245e-01 
  904.000  6.203916e-01 
  905.000  6.193847e-01 
  906.000  6.015177e-01 
  907.000  5.701277e-01 
  908.000  5.495790e-01 
  909.000  5.504271e-01 
  910.000  5.535051e-01 
  911.000  5.671336e-01 
  912.000  5.605341e-01 
  913.000  5.320019e-01 
  914.000  5.460879e-01 
  915.000  5.572450e-01 
  916.000  5.602921e-01 
  917.000  5.663912e-01 
  918.000  5.742801e-01 
  919.000  6.011714e-01 
  920.000  6.216384e-01 
  921.000  6.171536e-01 
  922.000  6.167768e-01 
  923.000  6.110706e-01 
  924.000  5.973852e-01 
  925.000  5.961938e-01 
  926.000  5.957121e-01 
  927.000  5.796776e-01 
  928.000  5.551603e-01 
  929.000  5.200898e-01 
  930.000  4.760842e-01 
  931.000  4.277368e-01 
  932.000  3.654650e-01 
  933.000  3.204991e-01 
  934.000  2.755620e-01 
  935.000  2.707373e-01 
  936.000  2.881595e-01 
  937.000  2.838165e-01 
  938.000  3.343151e-01 
  939.000  4.700655e-01 
  940.000  4.909180e-01 
  941.000  4.731115e-01 
  942.000  4.296746e-01 
  943.000  3.588175e-01 
  944.000  3.538644e-01 
  945.000  3.789752e-01 
  946.000  3.804790e-01 
  947.000  4.033644e-01 
  948.000  4.168564e-01 
  949.000  4.152099e-01 
  950.000  4.187040e-01 
  951.000  4.490489e-01 
  952.000  4.168455e-01 
  953.000  4.396185e-01 
  954.000  4.642524e-01 
  955.000  4.445291e-01 
  956.000  4.403185e-01 
  957.000  5.027845e-01 
  958.000  5.110728e-01 
  959.000  5.007167e-01 
  960.000  4.977679e-01 
  961.000  4.926024e-01 
  962.000  4.974364e-01 
  963.000  5.321273e-01 
  964.000  5.371816e-01 
  965.000  5.339200e-01 
  966.000  5.358757e-01 
  967.000  5.608597e-01 
  968.000  6.028639e-01 
  969.000  6.219773e-01 
  970.000  6.230316e-01 
  971.000  6.225827e-01 
  972.000  6.171502e-01 
  973.000  6.046375e-01 
  974.000  5.894524e-01 
  975.000  5.797231e-01 
  976.000  5.916242e-01 
  977.000  6.113552e-01 
  978.000  6.097754e-01 
  979.000  6.149271e-01 
  980.000  6.351571e-01 
  981.000  6.396639e-01 
  982.000  6.351775e-01 
  983.000  6.456001e-01 
  984.000  6.563433e-01 
  985.000  6.624575e-01 
  986.000  6.703536e-01 
  987.000  6.737808e-01 
  988.000  6.745681e-01 
  989.000  6.750709e-01 
  990.000  6.759048e-01 
  991.000  6.788439e-01 
  992.000  6.796770e-01 
  993.000  6.799869e-01 
  994.000  6.825141e-01 
  995.000  6.843244e-01 
  996.000  6.843059e-01 
  997.000  6.831703e-01 
  998.000  6.819352e-01 
  999.000  6.814405e-01 
 1000.000  6.818411e-01 
 1001.000  6.790238e-01 
 1002.000  6.745198e-01 
 1003.000  6.755868e-01 
 1004.000  6.781747e-01 
 1005.000  6.793563e-01 
 1006.000  6.797322e-01 
 1007.000  6.788698e-01 
 1008.000  6.751981e-01 
 1009.000  6.702926e-01 
 1010.000  6.724752e-01 
 1011.000  6.776847e-01 
 1012.000  6.796689e-01 
 1013.000  6.812286e-01 
 1014.000  6.818804e-01 
 1015.000  6.820025e-01 
 1016.000  6.827065e-01 
 1017.000  6.829925e-01 
 1018.000  6.822284e-01 
 1019.000  6.804153e-01 
 1020.000  6.810495e-01 
 1021.000  6.823543e-01 
 1022.000  6.801574e-01 
 1023.000  6.783189e-01 
 1024.000  6.772169e-01 
 1025.000  6.805804e-01 
 1026.000  6.820633e-01 
 1027.000  6.814281e-01 
 1028.000  6.819428e-01 
 1029.000  6.833134e-01 
 1030.000  6.846604e-01 
 1031.000  6.853485e-01 
 1032.000  6.858832e-01 
 1033.000  6.860352e-01 
 1034.000  6.863187e-01 
 1035.000  6.864919e-01 
 1036.000  6.863780e-01 
 1037.000  6.863958e-01 
 1038.000  6.865000e-01 
 1039.000  6.862905e-01 
 1040.000  6.861060e-01 
 1041.000  6.859596e-01 
 1042.000  6.859152e-01 
 1043.000  6.859039e-01 
 1044.000  6.857697e-01 
 1045.000  6.853684e-01 
 1046.000  6.850954e-01 
 1047.000  6.847689e-01 
 1048.000  6.843415e-01 
 1049.000  6.839199e-01 
 1050.000  6.835039e-01 
 1051.000  6.829079e-01 
 1052.000  6.825019e-01 
 1053.000  6.824389e-01 
 1054.000  6.818293e-01 
 1055.000  6.812072e-01 
 1056.000  6.806798e-01 
 1057.000  6.794025e-01 
 1058.000  6.771577e-01 
 1059.000  6.772560e-01 
 1060.000  6.783029e-01 
 1061.000  6.779952e-01 
 1062.000  6.765811e-01 
 1063.000  6.759953e-01 
 1064.000  6.747395e-01 
 1065.000  6.732855e-01 
 1066.000  6.733916e-01 
 1067.000  6.727179e-01 
 1068.000  6.699285e-01 
 1069.000  6.686704e-01 
 1070.000  6.691780e-01 
 1071.000  6.674483e-01 
 1072.000  6.656512e-01 
 1073.000  6.653478e-01 
 1074.000  6.656700e-01 
 1075.000  6.684504e-01 
 1076.000  6.667822e-01 
 1077.000  6.645269e-01 
 1078.000  6.618642e-01 
 1079.000  6.615483e-01 
 1080.000  6.543611e-01 
 1081.000  6.539782e-01 
 1082.000  6.571751e-01 
 1083.000  6.533744e-01 
 1084.000  6.492116e-01 
 1085.000  6.392701e-01 
 1086.000  6.416134e-01 
 1087.000  6.525851e-01 
 1088.000  6.530314e-01 
 1089.000  6.397140e-01 
 1090.000  6.372209e-01 
 1091.000  6.397594e-01 
 1092.000  6.331680e-01 
 1093.000  6.184633e-01 
 1094.000  6.120753e-01 
 1095.000  6.131071e-01 
 1096.000  6.140360e-01 
 1097.000  6.110971e-01 
 1098.000  5.755569e-01 
 1099.000  5.454879e-01 
 1100.000  5.475054e-01 
 1101.000  5.516315e-01 
 1102.000  5.496019e-01 
 1103.000  5.523248e-01 
 1104.000  5.473020e-01 
 1105.000  5.347173e-01 
 1106.000  5.220969e-01 
 1107.000  5.251642e-01 
 1108.000  5.273708e-01 
 1109.000  5.380448e-01 
 1110.000  5.365596e-01 
 1111.000  5.304853e-01 
 1112.000  5.040171e-01 
 1113.000  4.680565e-01 
 1114.000  4.580700e-01 
 1115.000  4.145826e-01 
 1116.000  3.880822e-01 
 1117.000  3.284430e-01 
 1118.000  2.753345e-01 
 1119.000  2.477453e-01 
 1120.000  2.146189e-01 
 1121.000  2.073584e-01 
 1122.000  1.746417e-01 
 1123.000  1.919868e-01 
 1124.000  2.038772e-01 
 1125.000  1.975320e-01 
 1126.000  1.950560e-01 
 1127.000  1.979415e-01 
 1128.000  2.035349e-01 
 1129.000  2.366723e-01 
 1130.000  3.170693e-01 
 1131.000  3.411334e-01 
 1132.000  3.081798e-01 
 1133.000  2.501517e-01 
 1134.000  1.520365e-01 
 1135.000  1.591637e-01 
 1136.000  2.587425e-01 
 1137.000  3.169558e-01 
 1138.000  3.756206e-01 
 1139.000  3.943259e-01 
 1140.000  3.829915e-01 
 1141.000  3.603546e-01 
 1142.000  3.523100e-01 
 1143.000  3.273573e-01 
 1144.000  2.997969e-01 
 1145.000  2.607873e-01 
 1146.000  2.699293e-01 
 1147.000  3.005765e-01 
 1148.000  3.283273e-01 
 1149.000  3.397996e-01 
 1150.000  3.407104e-01 
