  320.000  9.321062e-02 
  321.000  1.221097e-01 
  322.000  1.105337e-01 
  323.000  1.252522e-01 
  324.000  1.404630e-01 
  325.000  1.290881e-01 
  326.000  1.478852e-01 
  327.000  1.532461e-01 
  328.000  1.417300e-01 
  329.000  1.640361e-01 
  330.000  1.676473e-01 
  331.000  1.605215e-01 
  332.000  1.743513e-01 
  333.000  1.784386e-01 
  334.000  1.750809e-01 
  335.000  1.854168e-01 
  336.000  1.896459e-01 
  337.000  1.878606e-01 
  338.000  1.928353e-01 
  339.000  1.980042e-01 
  340.000  1.971524e-01 
  341.000  2.021993e-01 
  342.000  2.059108e-01 
  343.000  2.077814e-01 
  344.000  2.081641e-01 
  345.000  2.132356e-01 
  346.000  2.164535e-01 
  347.000  2.190861e-01 
  348.000  2.215591e-01 
  349.000  2.243450e-01 
  350.000  2.267332e-01 
  351.000  2.291178e-01 
  352.000  2.310785e-01 
  353.000  2.338735e-01 
  354.000  2.362593e-01 
  355.000  2.384846e-01 
  356.000  2.406577e-01 
  357.000  2.425956e-01 
  358.000  2.446849e-01 
  359.000  2.467762e-01 
  360.000  2.489223e-01 
  361.000  2.516396e-01 
  362.000  2.544763e-01 
  363.000  2.570953e-01 
  364.000  2.595110e-01 
  365.000  2.617816e-01 
  366.000  2.641080e-01 
  367.000  2.663273e-01 
  368.000  2.685306e-01 
  369.000  2.707189e-01 
  370.000  2.728885e-01 
  371.000  2.750449e-01 
  372.000  2.771873e-01 
  373.000  2.793152e-01 
  374.000  2.814123e-01 
  375.000  2.834723e-01 
  376.000  2.854654e-01 
  377.000  2.873521e-01 
  378.000  2.891069e-01 
  379.000  2.908923e-01 
  380.000  2.928586e-01 
  381.000  2.951005e-01 
  382.000  2.974276e-01 
  383.000  2.996318e-01 
  384.000  3.017259e-01 
  385.000  3.037465e-01 
  386.000  3.057179e-01 
  387.000  3.076600e-01 
  388.000  3.095799e-01 
  389.000  3.114863e-01 
  390.000  3.133796e-01 
  391.000  3.152559e-01 
  392.000  3.171203e-01 
  393.000  3.189715e-01 
  394.000  3.208076e-01 
  395.000  3.226269e-01 
  396.000  3.244365e-01 
  397.000  3.262269e-01 
  398.000  3.280028e-01 
  399.000  3.297654e-01 
  400.000  3.315053e-01 
  401.000  3.332404e-01 
  402.000  3.349631e-01 
  403.000  3.366728e-01 
  404.000  3.383689e-01 
  405.000  3.400479e-01 
  406.000  3.417174e-01 
  407.000  3.433752e-01 
  408.000  3.450201e-01 
  409.000  3.466503e-01 
  410.000  3.482664e-01 
  411.000  3.498678e-01 
  412.000  3.514535e-01 
  413.000  3.530313e-01 
  414.000  3.544971e-01 
  415.000  3.560841e-01 
  416.000  3.576523e-01 
  417.000  3.591955e-01 
  418.000  3.607046e-01 
  419.000  3.621980e-01 
  420.000  3.636791e-01 
  421.000  3.651525e-01 
  422.000  3.666179e-01 
  423.000  3.680734e-01 
  424.000  3.695129e-01 
  425.000  3.709203e-01 
  426.000  3.723150e-01 
  427.000  3.736984e-01 
  428.000  3.750581e-01 
  429.000  3.763997e-01 
  430.000  3.777265e-01 
  431.000  3.790444e-01 
  432.000  3.803492e-01 
  433.000  3.816426e-01 
  434.000  3.829258e-01 
  435.000  3.841973e-01 
  436.000  3.854553e-01 
  437.000  3.867005e-01 
  438.000  3.879321e-01 
  439.000  3.891550e-01 
  440.000  3.903589e-01 
  441.000  3.915482e-01 
  442.000  3.927193e-01 
  443.000  3.938734e-01 
  444.000  3.950099e-01 
  445.000  3.961226e-01 
  446.000  3.972049e-01 
  447.000  3.983406e-01 
  448.000  3.995590e-01 
  449.000  4.007929e-01 
  450.000  4.020037e-01 
  451.000  4.031678e-01 
  452.000  4.042918e-01 
  453.000  4.053933e-01 
  454.000  4.064755e-01 
  455.000  4.074953e-01 
  456.000  4.084332e-01 
  457.000  4.093718e-01 
  458.000  4.102981e-01 
  459.000  4.112051e-01 
  460.000  4.121053e-01 
  461.000  4.129963e-01 
  462.000  4.138707e-01 
  463.000  4.147416e-01 
  464.000  4.158760e-01 
  465.000  4.169939e-01 
  466.000  4.180926e-01 
  467.000  4.191664e-01 
  468.000  4.200414e-01 
  469.000  4.207953e-01 
  470.000  4.214888e-01 
  471.000  4.221132e-01 
  472.000  4.226436e-01 
  473.000  4.230154e-01 
  474.000  4.233208e-01 
  475.000  4.233992e-01 
  476.000  4.232481e-01 
  477.000  4.232449e-01 
  478.000  4.241286e-01 
  479.000  4.254745e-01 
  480.000  4.269280e-01 
  481.000  4.282327e-01 
  482.000  4.294570e-01 
  483.000  4.305218e-01 
  484.000  4.314374e-01 
  485.000  4.322565e-01 
  486.000  4.331303e-01 
  487.000  4.340505e-01 
  488.000  4.349415e-01 
  489.000  4.358164e-01 
  490.000  4.366813e-01 
  491.000  4.373588e-01 
  492.000  4.379782e-01 
  493.000  4.385948e-01 
  494.000  4.391940e-01 
  495.000  4.397933e-01 
  496.000  4.401022e-01 
  497.000  4.403994e-01 
  498.000  4.406923e-01 
  499.000  4.409694e-01 
  500.000  4.412422e-01 
  501.000  4.414847e-01 
  502.000  4.417272e-01 
  503.000  4.419668e-01 
  504.000  4.421953e-01 
  505.000  4.424113e-01 
  506.000  4.430443e-01 
  507.000  4.436958e-01 
  508.000  4.443465e-01 
  509.000  4.449898e-01 
  510.000  4.456196e-01 
  511.000  4.461843e-01 
  512.000  4.467298e-01 
  513.000  4.472722e-01 
  514.000  4.478081e-01 
  515.000  4.483393e-01 
  516.000  4.487188e-01 
  517.000  4.489622e-01 
  518.000  4.491988e-01 
  519.000  4.494311e-01 
  520.000  4.496610e-01 
  521.000  4.498671e-01 
  522.000  4.500157e-01 
  523.000  4.501229e-01 
  524.000  4.502336e-01 
  525.000  4.503208e-01 
  526.000  4.504433e-01 
  527.000  4.504630e-01 
  528.000  4.504411e-01 
  529.000  4.504180e-01 
  530.000  4.504000e-01 
  531.000  4.503853e-01 
  532.000  4.504184e-01 
  533.000  4.507170e-01 
  534.000  4.510942e-01 
  535.000  4.515199e-01 
  536.000  4.519315e-01 
  537.000  4.523081e-01 
  538.000  4.526449e-01 
  539.000  4.529571e-01 
  540.000  4.532499e-01 
  541.000  4.535342e-01 
  542.000  4.538060e-01 
  543.000  4.540683e-01 
  544.000  4.542667e-01 
  545.000  4.544128e-01 
  546.000  4.545523e-01 
  547.000  4.546956e-01 
  548.000  4.548317e-01 
  549.000  4.549658e-01 
  550.000  4.550308e-01 
  551.000  4.550274e-01 
  552.000  4.550266e-01 
  553.000  4.550117e-01 
  554.000  4.549903e-01 
  555.000  4.549651e-01 
  556.000  4.549140e-01 
  557.000  4.548180e-01 
  558.000  4.547142e-01 
  559.000  4.545984e-01 
  560.000  4.544532e-01 
  561.000  4.542809e-01 
  562.000  4.538760e-01 
  563.000  4.536605e-01 
  564.000  4.533701e-01 
  565.000  4.529122e-01 
  566.000  4.526490e-01 
  567.000  4.516122e-01 
  568.000  4.486559e-01 
  569.000  4.420838e-01 
  570.000  4.430176e-01 
  571.000  4.474553e-01 
  572.000  4.430444e-01 
  573.000  4.441485e-01 
  574.000  4.443989e-01 
  575.000  4.440868e-01 
  576.000  4.442656e-01 
  577.000  4.458670e-01 
  578.000  4.478220e-01 
  579.000  4.495764e-01 
  580.000  4.511070e-01 
  581.000  4.533619e-01 
  582.000  4.548652e-01 
  583.000  4.557629e-01 
  584.000  4.566064e-01 
  585.000  4.571879e-01 
  586.000  4.578353e-01 
  587.000  4.561945e-01 
  588.000  4.472773e-01 
  589.000  4.333088e-01 
  590.000  4.325944e-01 
  591.000  4.423722e-01 
  592.000  4.374106e-01 
  593.000  4.485815e-01 
  594.000  4.462863e-01 
  595.000  4.386885e-01 
  596.000  4.495267e-01 
  597.000  4.468725e-01 
  598.000  4.511738e-01 
  599.000  4.528021e-01 
  600.000  4.566861e-01 
  601.000  4.591101e-01 
  602.000  4.597804e-01 
  603.000  4.609649e-01 
  604.000  4.622935e-01 
  605.000  4.632563e-01 
  606.000  4.639142e-01 
  607.000  4.645485e-01 
  608.000  4.651359e-01 
  609.000  4.656964e-01 
  610.000  4.662740e-01 
  611.000  4.669155e-01 
  612.000  4.675440e-01 
  613.000  4.681529e-01 
  614.000  4.687441e-01 
  615.000  4.693338e-01 
  616.000  4.699021e-01 
  617.000  4.704390e-01 
  618.000  4.708892e-01 
  619.000  4.712700e-01 
  620.000  4.716227e-01 
  621.000  4.719258e-01 
  622.000  4.721791e-01 
  623.000  4.723485e-01 
  624.000  4.725285e-01 
  625.000  4.726778e-01 
  626.000  4.722780e-01 
  627.000  4.687264e-01 
  628.000  4.514820e-01 
  629.000  4.615065e-01 
  630.000  4.648640e-01 
  631.000  4.683256e-01 
  632.000  4.669508e-01 
  633.000  4.721651e-01 
  634.000  4.744985e-01 
  635.000  4.755819e-01 
  636.000  4.770859e-01 
  637.000  4.784251e-01 
  638.000  4.811400e-01 
  639.000  4.820288e-01 
  640.000  4.837915e-01 
  641.000  4.845935e-01 
  642.000  4.858892e-01 
  643.000  4.851590e-01 
  644.000  4.857376e-01 
  645.000  4.844487e-01 
  646.000  4.767885e-01 
  647.000  4.716033e-01 
  648.000  4.657858e-01 
  649.000  4.716214e-01 
  650.000  4.825639e-01 
  651.000  4.829217e-01 
  652.000  4.739556e-01 
  653.000  4.850540e-01 
  654.000  4.842357e-01 
  655.000  4.806752e-01 
  656.000  4.824081e-01 
  657.000  4.848967e-01 
  658.000  4.889523e-01 
  659.000  4.914743e-01 
  660.000  4.927822e-01 
  661.000  4.958075e-01 
  662.000  4.973510e-01 
  663.000  4.975034e-01 
  664.000  4.983113e-01 
  665.000  4.990920e-01 
  666.000  4.999770e-01 
  667.000  5.007362e-01 
  668.000  5.016700e-01 
  669.000  5.023102e-01 
  670.000  5.028658e-01 
  671.000  5.034569e-01 
  672.000  5.039749e-01 
  673.000  5.044819e-01 
  674.000  5.049837e-01 
  675.000  5.054872e-01 
  676.000  5.059574e-01 
  677.000  5.063905e-01 
  678.000  5.068254e-01 
  679.000  5.071646e-01 
  680.000  5.070885e-01 
  681.000  5.069914e-01 
  682.000  5.072078e-01 
  683.000  5.073135e-01 
  684.000  5.068491e-01 
  685.000  5.077102e-01 
  686.000  5.053416e-01 
  687.000  4.256891e-01 
  688.000  4.506907e-01 
  689.000  4.433924e-01 
  690.000  4.565340e-01 
  691.000  4.731707e-01 
  692.000  4.822776e-01 
  693.000  4.745283e-01 
  694.000  4.650738e-01 
  695.000  4.732814e-01 
  696.000  4.781635e-01 
  697.000  4.995252e-01 
  698.000  4.951077e-01 
  699.000  4.759646e-01 
  700.000  4.791446e-01 
  701.000  4.749278e-01 
  702.000  4.780956e-01 
  703.000  4.941985e-01 
  704.000  4.949499e-01 
  705.000  4.883589e-01 
  706.000  4.897002e-01 
  707.000  4.921224e-01 
  708.000  4.947430e-01 
  709.000  5.000654e-01 
  710.000  4.944815e-01 
  711.000  5.002588e-01 
  712.000  5.051963e-01 
  713.000  5.012782e-01 
  714.000  4.999575e-01 
  715.000  4.935424e-01 
  716.000  4.868236e-01 
  717.000  4.455195e-01 
  718.000  4.206862e-01 
  719.000  4.118316e-01 
  720.000  3.988116e-01 
  721.000  4.572976e-01 
  722.000  4.787921e-01 
  723.000  4.666590e-01 
  724.000  4.327039e-01 
  725.000  4.376304e-01 
  726.000  4.360884e-01 
  727.000  4.408841e-01 
  728.000  4.357294e-01 
  729.000  4.486963e-01 
  730.000  4.465173e-01 
  731.000  4.438819e-01 
  732.000  4.659396e-01 
  733.000  4.874688e-01 
  734.000  4.979836e-01 
  735.000  4.943238e-01 
  736.000  4.874813e-01 
  737.000  4.926739e-01 
  738.000  4.998290e-01 
  739.000  5.029329e-01 
  740.000  5.098193e-01 
  741.000  5.138168e-01 
  742.000  5.155061e-01 
  743.000  5.192047e-01 
  744.000  5.207629e-01 
  745.000  5.220479e-01 
  746.000  5.229966e-01 
  747.000  5.232649e-01 
  748.000  5.241790e-01 
  749.000  5.247015e-01 
  750.000  5.244145e-01 
  751.000  5.245961e-01 
  752.000  5.254946e-01 
  753.000  5.258709e-01 
  754.000  5.261621e-01 
  755.000  5.263430e-01 
  756.000  5.265338e-01 
  757.000  5.266652e-01 
  758.000  5.255304e-01 
  759.000  4.820116e-01 
  760.000  1.844653e-01 
  761.000  1.595699e-01 
  762.000  3.218423e-01 
  763.000  2.690493e-01 
  764.000  2.949720e-01 
  765.000  3.555050e-01 
  766.000  4.313575e-01 
  767.000  4.707125e-01 
  768.000  4.968235e-01 
  769.000  5.142197e-01 
  770.000  5.236999e-01 
  771.000  5.280846e-01 
  772.000  5.292038e-01 
  773.000  5.296991e-01 
  774.000  5.303420e-01 
  775.000  5.307618e-01 
  776.000  5.310678e-01 
  777.000  5.311388e-01 
  778.000  5.310979e-01 
  779.000  5.310489e-01 
  780.000  5.309985e-01 
  781.000  5.314116e-01 
  782.000  5.313480e-01 
  783.000  5.312988e-01 
  784.000  5.309995e-01 
  785.000  5.295038e-01 
  786.000  5.272858e-01 
  787.000  5.220882e-01 
  788.000  5.193587e-01 
  789.000  5.096814e-01 
  790.000  5.088454e-01 
  791.000  5.106641e-01 
  792.000  5.123547e-01 
  793.000  5.162978e-01 
  794.000  5.246807e-01 
  795.000  5.195521e-01 
  796.000  5.059875e-01 
  797.000  5.098508e-01 
  798.000  5.184289e-01 
  799.000  5.164700e-01 
  800.000  5.102285e-01 
  801.000  5.109698e-01 
  802.000  5.103409e-01 
  803.000  5.112550e-01 
  804.000  5.141957e-01 
  805.000  5.198337e-01 
  806.000  5.232120e-01 
  807.000  5.233629e-01 
  808.000  5.214450e-01 
  809.000  5.190867e-01 
  810.000  5.164975e-01 
  811.000  5.112113e-01 
  812.000  5.041130e-01 
  813.000  4.954684e-01 
  814.000  4.841454e-01 
  815.000  4.701649e-01 
  816.000  4.525967e-01 
  817.000  4.534945e-01 
  818.000  4.549011e-01 
  819.000  4.607120e-01 
  820.000  4.801921e-01 
  821.000  5.027305e-01 
  822.000  4.855563e-01 
  823.000  4.388597e-01 
  824.000  4.781198e-01 
  825.000  5.040467e-01 
  826.000  4.996724e-01 
  827.000  4.963795e-01 
  828.000  4.793445e-01 
  829.000  4.854430e-01 
  830.000  4.923345e-01 
  831.000  4.939801e-01 
  832.000  4.947590e-01 
  833.000  4.987756e-01 
  834.000  5.035241e-01 
  835.000  5.129581e-01 
  836.000  5.099500e-01 
  837.000  5.096571e-01 
  838.000  5.142495e-01 
  839.000  5.170521e-01 
  840.000  5.180703e-01 
  841.000  5.150495e-01 
  842.000  5.177720e-01 
  843.000  5.242506e-01 
  844.000  5.272059e-01 
  845.000  5.285844e-01 
  846.000  5.300352e-01 
  847.000  5.316331e-01 
  848.000  5.289967e-01 
  849.000  5.293312e-01 
  850.000  5.280275e-01 
  851.000  5.264773e-01 
  852.000  5.266312e-01 
  853.000  5.291924e-01 
  854.000  5.290581e-01 
  855.000  5.303489e-01 
  856.000  5.330343e-01 
  857.000  5.339785e-01 
  858.000  5.346029e-01 
  859.000  5.358799e-01 
  860.000  5.365074e-01 
  861.000  5.366239e-01 
  862.000  5.370433e-01 
  863.000  5.370954e-01 
  864.000  5.373823e-01 
  865.000  5.376164e-01 
  866.000  5.376763e-01 
  867.000  5.376304e-01 
  868.000  5.376647e-01 
  869.000  5.377404e-01 
  870.000  5.376797e-01 
  871.000  5.377512e-01 
  872.000  5.379302e-01 
  873.000  5.377456e-01 
  874.000  5.376443e-01 
  875.000  5.376182e-01 
  876.000  5.372984e-01 
  877.000  5.371965e-01 
  878.000  5.363969e-01 
  879.000  5.363395e-01 
  880.000  5.356504e-01 
  881.000  5.352292e-01 
  882.000  5.349115e-01 
  883.000  5.352241e-01 
  884.000  5.353834e-01 
  885.000  5.339503e-01 
  886.000  5.321444e-01 
  887.000  5.336908e-01 
  888.000  5.335965e-01 
  889.000  5.340564e-01 
  890.000  5.328618e-01 
  891.000  5.304121e-01 
  892.000  5.252562e-01 
  893.000  5.097705e-01 
  894.000  5.020455e-01 
  895.000  4.789986e-01 
  896.000  4.585382e-01 
  897.000  4.372382e-01 
  898.000  4.273847e-01 
  899.000  4.004534e-01 
  900.000  4.041868e-01 
  901.000  3.973140e-01 
  902.000  3.987346e-01 
  903.000  4.441861e-01 
  904.000  4.728267e-01 
  905.000  4.718868e-01 
  906.000  4.539603e-01 
  907.000  4.228655e-01 
  908.000  4.027852e-01 
  909.000  4.035575e-01 
  910.000  4.065274e-01 
  911.000  4.198111e-01 
  912.000  4.133768e-01 
  913.000  3.858229e-01 
  914.000  3.993891e-01 
  915.000  4.102563e-01 
  916.000  4.132755e-01 
  917.000  4.193012e-01 
  918.000  4.271043e-01 
  919.000  4.538093e-01 
  920.000  4.744550e-01 
  921.000  4.699865e-01 
  922.000  4.696242e-01 
  923.000  4.638797e-01 
  924.000  4.501590e-01 
  925.000  4.488485e-01 
  926.000  4.480508e-01 
  927.000  4.318529e-01 
  928.000  4.073910e-01 
  929.000  3.730573e-01 
  930.000  3.311356e-01 
  931.000  2.866529e-01 
  932.000  2.311739e-01 
  933.000  1.937075e-01 
  934.000  1.583015e-01 
  935.000  1.544434e-01 
  936.000  1.676041e-01 
  937.000  1.644753e-01 
  938.000  2.050385e-01 
  939.000  3.227452e-01 
  940.000  3.421134e-01 
  941.000  3.259468e-01 
  942.000  2.869563e-01 
  943.000  2.259911e-01 
  944.000  2.217310e-01 
  945.000  2.426505e-01 
  946.000  2.440952e-01 
  947.000  2.640566e-01 
  948.000  2.759710e-01 
  949.000  2.747431e-01 
  950.000  2.779094e-01 
  951.000  3.050325e-01 
  952.000  2.766853e-01 
  953.000  2.971134e-01 
  954.000  3.196492e-01 
  955.000  3.020851e-01 
  956.000  2.987585e-01 
  957.000  3.563559e-01 
  958.000  3.644435e-01 
  959.000  3.549515e-01 
  960.000  3.523770e-01 
  961.000  3.476970e-01 
  962.000  3.523553e-01 
  963.000  3.853219e-01 
  964.000  3.902913e-01 
  965.000  3.873054e-01 
  966.000  3.893298e-01 
  967.000  4.136391e-01 
  968.000  4.552648e-01 
  969.000  4.745796e-01 
  970.000  4.757129e-01 
  971.000  4.752783e-01 
  972.000  4.697803e-01 
  973.000  4.572016e-01 
  974.000  4.420823e-01 
  975.000  4.324712e-01 
  976.000  4.442504e-01 
  977.000  4.639625e-01 
  978.000  4.624421e-01 
  979.000  4.676934e-01 
  980.000  4.881990e-01 
  981.000  4.928371e-01 
  982.000  4.883369e-01 
  983.000  4.990139e-01 
  984.000  5.100645e-01 
  985.000  5.163900e-01 
  986.000  5.245774e-01 
  987.000  5.281571e-01 
  988.000  5.289952e-01 
  989.000  5.295324e-01 
  990.000  5.304068e-01 
  991.000  5.334666e-01 
  992.000  5.343353e-01 
  993.000  5.346597e-01 
  994.000  5.374196e-01 
  995.000  5.391588e-01 
  996.000  5.391385e-01 
  997.000  5.378832e-01 
  998.000  5.366820e-01 
  999.000  5.361645e-01 
 1000.000  5.365774e-01 
 1001.000  5.336472e-01 
 1002.000  5.289721e-01 
 1003.000  5.300762e-01 
 1004.000  5.327585e-01 
 1005.000  5.339835e-01 
 1006.000  5.343737e-01 
 1007.000  5.334747e-01 
 1008.000  5.296648e-01 
 1009.000  5.245857e-01 
 1010.000  5.268437e-01 
 1011.000  5.322441e-01 
 1012.000  5.343057e-01 
 1013.000  5.359297e-01 
 1014.000  5.366101e-01 
 1015.000  5.367392e-01 
 1016.000  5.374724e-01 
 1017.000  5.378968e-01 
 1018.000  5.369751e-01 
 1019.000  5.350900e-01 
 1020.000  5.357488e-01 
 1021.000  5.371044e-01 
 1022.000  5.348210e-01 
 1023.000  5.329134e-01 
 1024.000  5.317713e-01 
 1025.000  5.352653e-01 
 1026.000  5.368098e-01 
 1027.000  5.361528e-01 
 1028.000  5.366926e-01 
 1029.000  5.380405e-01 
 1030.000  5.394427e-01 
 1031.000  5.401546e-01 
 1032.000  5.407874e-01 
 1033.000  5.408900e-01 
 1034.000  5.412269e-01 
 1035.000  5.413925e-01 
 1036.000  5.413035e-01 
 1037.000  5.413594e-01 
 1038.000  5.414841e-01 
 1039.000  5.412531e-01 
 1040.000  5.410589e-01 
 1041.000  5.409057e-01 
 1042.000  5.408653e-01 
 1043.000  5.408665e-01 
 1044.000  5.407342e-01 
 1045.000  5.403000e-01 
 1046.000  5.400114e-01 
 1047.000  5.396727e-01 
 1048.000  5.392659e-01 
 1049.000  5.388963e-01 
 1050.000  5.384744e-01 
 1051.000  5.378727e-01 
 1052.000  5.374601e-01 
 1053.000  5.373696e-01 
 1054.000  5.367248e-01 
 1055.000  5.361366e-01 
 1056.000  5.356058e-01 
 1057.000  5.343016e-01 
 1058.000  5.319383e-01 
 1059.000  5.320693e-01 
 1060.000  5.332226e-01 
 1061.000  5.329165e-01 
 1062.000  5.314373e-01 
 1063.000  5.309072e-01 
 1064.000  5.296646e-01 
 1065.000  5.283595e-01 
 1066.000  5.284804e-01 
 1067.000  5.276855e-01 
 1068.000  5.247943e-01 
 1069.000  5.233741e-01 
 1070.000  5.238208e-01 
 1071.000  5.219699e-01 
 1072.000  5.200790e-01 
 1073.000  5.197253e-01 
 1074.000  5.200234e-01 
 1075.000  5.228545e-01 
 1076.000  5.210978e-01 
 1077.000  5.187398e-01 
 1078.000  5.159647e-01 
 1079.000  5.156060e-01 
 1080.000  5.081988e-01 
 1081.000  5.077836e-01 
 1082.000  5.110363e-01 
 1083.000  5.071000e-01 
 1084.000  5.028111e-01 
 1085.000  4.926601e-01 
 1086.000  4.950094e-01 
 1087.000  5.061656e-01 
 1088.000  5.066144e-01 
 1089.000  4.929950e-01 
 1090.000  4.904242e-01 
 1091.000  4.929626e-01 
 1092.000  4.862221e-01 
 1093.000  4.713404e-01 
 1094.000  4.649086e-01 
 1095.000  4.658995e-01 
 1096.000  4.667461e-01 
 1097.000  4.637127e-01 
 1098.000  4.283971e-01 
 1099.000  3.990471e-01 
 1100.000  4.009511e-01 
 1101.000  4.048836e-01 
 1102.000  4.028131e-01 
 1103.000  4.053465e-01 
 1104.000  4.003844e-01 
 1105.000  3.881594e-01 
 1106.000  3.761230e-01 
 1107.000  3.788458e-01 
 1108.000  3.806725e-01 
 1109.000  3.904927e-01 
 1110.000  3.885750e-01 
 1111.000  3.825114e-01 
 1112.000  3.571659e-01 
 1113.000  3.231106e-01 
 1114.000  3.129874e-01 
 1115.000  2.731751e-01 
 1116.000  2.497254e-01 
 1117.000  1.998575e-01 
 1118.000  1.574145e-01 
 1119.000  1.359984e-01 
 1120.000  1.118691e-01 
 1121.000  1.066496e-01 
 1122.000  8.481158e-02 
 1123.000  9.576153e-02 
 1124.000  1.034832e-01 
 1125.000  9.922307e-02 
 1126.000  9.764820e-02 
 1127.000  9.975690e-02 
 1128.000  1.038295e-01 
 1129.000  1.270118e-01 
 1130.000  1.867603e-01 
 1131.000  2.056815e-01 
 1132.000  1.796672e-01 
 1133.000  1.366879e-01 
 1134.000  7.105144e-02 
 1135.000  7.553845e-02 
 1136.000  1.434370e-01 
 1137.000  1.876263e-01 
 1138.000  2.355182e-01 
 1139.000  2.524094e-01 
 1140.000  2.428928e-01 
 1141.000  2.245963e-01 
 1142.000  2.179255e-01 
 1143.000  1.976341e-01 
 1144.000  1.759977e-01 
 1145.000  1.463931e-01 
 1146.000  1.532536e-01 
 1147.000  1.767201e-01 
 1148.000  1.986757e-01 
 1149.000  2.081750e-01 
 1150.000  2.095357e-01 
