  320.000  8.510968e-02 
  321.000  1.124942e-01 
  322.000  1.014960e-01 
  323.000  1.154860e-01 
  324.000  1.300010e-01 
  325.000  1.191412e-01 
  326.000  1.371030e-01 
  327.000  1.422399e-01 
  328.000  1.312125e-01 
  329.000  1.525968e-01 
  330.000  1.560683e-01 
  331.000  1.492208e-01 
  332.000  1.625191e-01 
  333.000  1.664561e-01 
  334.000  1.632217e-01 
  335.000  1.731846e-01 
  336.000  1.772665e-01 
  337.000  1.755430e-01 
  338.000  1.803468e-01 
  339.000  1.853426e-01 
  340.000  1.845190e-01 
  341.000  1.894003e-01 
  342.000  1.929925e-01 
  343.000  1.948038e-01 
  344.000  1.951745e-01 
  345.000  2.000882e-01 
  346.000  2.032080e-01 
  347.000  2.057615e-01 
  348.000  2.081611e-01 
  349.000  2.108654e-01 
  350.000  2.131845e-01 
  351.000  2.155009e-01 
  352.000  2.174062e-01 
  353.000  2.201231e-01 
  354.000  2.224430e-01 
  355.000  2.246076e-01 
  356.000  2.267220e-01 
  357.000  2.286081e-01 
  358.000  2.306421e-01 
  359.000  2.326787e-01 
  360.000  2.347692e-01 
  361.000  2.374170e-01 
  362.000  2.401821e-01 
  363.000  2.427359e-01 
  364.000  2.450922e-01 
  365.000  2.473077e-01 
  366.000  2.495782e-01 
  367.000  2.517449e-01 
  368.000  2.538965e-01 
  369.000  2.560340e-01 
  370.000  2.581539e-01 
  371.000  2.602614e-01 
  372.000  2.623557e-01 
  373.000  2.644364e-01 
  374.000  2.664875e-01 
  375.000  2.685028e-01 
  376.000  2.704532e-01 
  377.000  2.722997e-01 
  378.000  2.740176e-01 
  379.000  2.757657e-01 
  380.000  2.776915e-01 
  381.000  2.798876e-01 
  382.000  2.821679e-01 
  383.000  2.843281e-01 
  384.000  2.863810e-01 
  385.000  2.883623e-01 
  386.000  2.902957e-01 
  387.000  2.922010e-01 
  388.000  2.940846e-01 
  389.000  2.959555e-01 
  390.000  2.978139e-01 
  391.000  2.996559e-01 
  392.000  3.014867e-01 
  393.000  3.033049e-01 
  394.000  3.051085e-01 
  395.000  3.068960e-01 
  396.000  3.086742e-01 
  397.000  3.104340e-01 
  398.000  3.121797e-01 
  399.000  3.139128e-01 
  400.000  3.156238e-01 
  401.000  3.173304e-01 
  402.000  3.190251e-01 
  403.000  3.207072e-01 
  404.000  3.223763e-01 
  405.000  3.240288e-01 
  406.000  3.256722e-01 
  407.000  3.273045e-01 
  408.000  3.289242e-01 
  409.000  3.305297e-01 
  410.000  3.321215e-01 
  411.000  3.336992e-01 
  412.000  3.352616e-01 
  413.000  3.368165e-01 
  414.000  3.382611e-01 
  415.000  3.398255e-01 
  416.000  3.413715e-01 
  417.000  3.428932e-01 
  418.000  3.443813e-01 
  419.000  3.458543e-01 
  420.000  3.473153e-01 
  421.000  3.487689e-01 
  422.000  3.502147e-01 
  423.000  3.516510e-01 
  424.000  3.530717e-01 
  425.000  3.544609e-01 
  426.000  3.558377e-01 
  427.000  3.572036e-01 
  428.000  3.585462e-01 
  429.000  3.598711e-01 
  430.000  3.611816e-01 
  431.000  3.624833e-01 
  432.000  3.637724e-01 
  433.000  3.650502e-01 
  434.000  3.663182e-01 
  435.000  3.675747e-01 
  436.000  3.688180e-01 
  437.000  3.700487e-01 
  438.000  3.712663e-01 
  439.000  3.724753e-01 
  440.000  3.736656e-01 
  441.000  3.748416e-01 
  442.000  3.759998e-01 
  443.000  3.771412e-01 
  444.000  3.782654e-01 
  445.000  3.793661e-01 
  446.000  3.804369e-01 
  447.000  3.815606e-01 
  448.000  3.827661e-01 
  449.000  3.839872e-01 
  450.000  3.851855e-01 
  451.000  3.863378e-01 
  452.000  3.874504e-01 
  453.000  3.885409e-01 
  454.000  3.896123e-01 
  455.000  3.906220e-01 
  456.000  3.915508e-01 
  457.000  3.924803e-01 
  458.000  3.933977e-01 
  459.000  3.942961e-01 
  460.000  3.951877e-01 
  461.000  3.960704e-01 
  462.000  3.969366e-01 
  463.000  3.977995e-01 
  464.000  3.989234e-01 
  465.000  4.000311e-01 
  466.000  4.011199e-01 
  467.000  4.021841e-01 
  468.000  4.030514e-01 
  469.000  4.037987e-01 
  470.000  4.044861e-01 
  471.000  4.051051e-01 
  472.000  4.056309e-01 
  473.000  4.059995e-01 
  474.000  4.063023e-01 
  475.000  4.063801e-01 
  476.000  4.062302e-01 
  477.000  4.062271e-01 
  478.000  4.071032e-01 
  479.000  4.084378e-01 
  480.000  4.098791e-01 
  481.000  4.111731e-01 
  482.000  4.123874e-01 
  483.000  4.134437e-01 
  484.000  4.143520e-01 
  485.000  4.151646e-01 
  486.000  4.160315e-01 
  487.000  4.169446e-01 
  488.000  4.178287e-01 
  489.000  4.186970e-01 
  490.000  4.195553e-01 
  491.000  4.202277e-01 
  492.000  4.208425e-01 
  493.000  4.214544e-01 
  494.000  4.220493e-01 
  495.000  4.226442e-01 
  496.000  4.229508e-01 
  497.000  4.232458e-01 
  498.000  4.235366e-01 
  499.000  4.238117e-01 
  500.000  4.240825e-01 
  501.000  4.243233e-01 
  502.000  4.245641e-01 
  503.000  4.248019e-01 
  504.000  4.250288e-01 
  505.000  4.252433e-01 
  506.000  4.258718e-01 
  507.000  4.265187e-01 
  508.000  4.271648e-01 
  509.000  4.278037e-01 
  510.000  4.284291e-01 
  511.000  4.289899e-01 
  512.000  4.295317e-01 
  513.000  4.300705e-01 
  514.000  4.306027e-01 
  515.000  4.311303e-01 
  516.000  4.315073e-01 
  517.000  4.317491e-01 
  518.000  4.319842e-01 
  519.000  4.322149e-01 
  520.000  4.324433e-01 
  521.000  4.326480e-01 
  522.000  4.327956e-01 
  523.000  4.329021e-01 
  524.000  4.330121e-01 
  525.000  4.330988e-01 
  526.000  4.332205e-01 
  527.000  4.332401e-01 
  528.000  4.332183e-01 
  529.000  4.331953e-01 
  530.000  4.331775e-01 
  531.000  4.331628e-01 
  532.000  4.331957e-01 
  533.000  4.334924e-01 
  534.000  4.338671e-01 
  535.000  4.342901e-01 
  536.000  4.346991e-01 
  537.000  4.350733e-01 
  538.000  4.354079e-01 
  539.000  4.357181e-01 
  540.000  4.360090e-01 
  541.000  4.362915e-01 
  542.000  4.365617e-01 
  543.000  4.368223e-01 
  544.000  4.370194e-01 
  545.000  4.371646e-01 
  546.000  4.373032e-01 
  547.000  4.374457e-01 
  548.000  4.375810e-01 
  549.000  4.377142e-01 
  550.000  4.377788e-01 
  551.000  4.377754e-01 
  552.000  4.377746e-01 
  553.000  4.377598e-01 
  554.000  4.377385e-01 
  555.000  4.377135e-01 
  556.000  4.376627e-01 
  557.000  4.375673e-01 
  558.000  4.374642e-01 
  559.000  4.373492e-01 
  560.000  4.372053e-01 
  561.000  4.370349e-01 
  562.000  4.367394e-01 
  563.000  4.365343e-01 
  564.000  4.362723e-01 
  565.000  4.358935e-01 
  566.000  4.355830e-01 
  567.000  4.348449e-01 
  568.000  4.330468e-01 
  569.000  4.297144e-01 
  570.000  4.299452e-01 
  571.000  4.318180e-01 
  572.000  4.294306e-01 
  573.000  4.295792e-01 
  574.000  4.295124e-01 
  575.000  4.292346e-01 
  576.000  4.293961e-01 
  577.000  4.303186e-01 
  578.000  4.316336e-01 
  579.000  4.329714e-01 
  580.000  4.345245e-01 
  581.000  4.365997e-01 
  582.000  4.381107e-01 
  583.000  4.391703e-01 
  584.000  4.401540e-01 
  585.000  4.409882e-01 
  586.000  4.417193e-01 
  587.000  4.412939e-01 
  588.000  4.373865e-01 
  589.000  4.306455e-01 
  590.000  4.304811e-01 
  591.000  4.355841e-01 
  592.000  4.332563e-01 
  593.000  4.390042e-01 
  594.000  4.380108e-01 
  595.000  4.343400e-01 
  596.000  4.396612e-01 
  597.000  4.381655e-01 
  598.000  4.401321e-01 
  599.000  4.407620e-01 
  600.000  4.423538e-01 
  601.000  4.434638e-01 
  602.000  4.436171e-01 
  603.000  4.442730e-01 
  604.000  4.452950e-01 
  605.000  4.460653e-01 
  606.000  4.466698e-01 
  607.000  4.472553e-01 
  608.000  4.478312e-01 
  609.000  4.483833e-01 
  610.000  4.489572e-01 
  611.000  4.495951e-01 
  612.000  4.502201e-01 
  613.000  4.508258e-01 
  614.000  4.514139e-01 
  615.000  4.520006e-01 
  616.000  4.525659e-01 
  617.000  4.531000e-01 
  618.000  4.535479e-01 
  619.000  4.539269e-01 
  620.000  4.542778e-01 
  621.000  4.545793e-01 
  622.000  4.548314e-01 
  623.000  4.550000e-01 
  624.000  4.551798e-01 
  625.000  4.553303e-01 
  626.000  4.552134e-01 
  627.000  4.531205e-01 
  628.000  4.359814e-01 
  629.000  4.469645e-01 
  630.000  4.487011e-01 
  631.000  4.520962e-01 
  632.000  4.528322e-01 
  633.000  4.563271e-01 
  634.000  4.584585e-01 
  635.000  4.597450e-01 
  636.000  4.612683e-01 
  637.000  4.625867e-01 
  638.000  4.644998e-01 
  639.000  4.655088e-01 
  640.000  4.669618e-01 
  641.000  4.679038e-01 
  642.000  4.689945e-01 
  643.000  4.690129e-01 
  644.000  4.696804e-01 
  645.000  4.693915e-01 
  646.000  4.660615e-01 
  647.000  4.638071e-01 
  648.000  4.611979e-01 
  649.000  4.644589e-01 
  650.000  4.702251e-01 
  651.000  4.706719e-01 
  652.000  4.664403e-01 
  653.000  4.722650e-01 
  654.000  4.721165e-01 
  655.000  4.705982e-01 
  656.000  4.717250e-01 
  657.000  4.732047e-01 
  658.000  4.754740e-01 
  659.000  4.768373e-01 
  660.000  4.777641e-01 
  661.000  4.795589e-01 
  662.000  4.805848e-01 
  663.000  4.809095e-01 
  664.000  4.815643e-01 
  665.000  4.822195e-01 
  666.000  4.829571e-01 
  667.000  4.836118e-01 
  668.000  4.843350e-01 
  669.000  4.849105e-01 
  670.000  4.854429e-01 
  671.000  4.859923e-01 
  672.000  4.865041e-01 
  673.000  4.870095e-01 
  674.000  4.875115e-01 
  675.000  4.880135e-01 
  676.000  4.884883e-01 
  677.000  4.889241e-01 
  678.000  4.893603e-01 
  679.000  4.897455e-01 
  680.000  4.899126e-01 
  681.000  4.899973e-01 
  682.000  4.903029e-01 
  683.000  4.905584e-01 
  684.000  4.905151e-01 
  685.000  4.912139e-01 
  686.000  4.890290e-01 
  687.000  4.103060e-01 
  688.000  4.346042e-01 
  689.000  4.279028e-01 
  690.000  4.406275e-01 
  691.000  4.581619e-01 
  692.000  4.699703e-01 
  693.000  4.705659e-01 
  694.000  4.684677e-01 
  695.000  4.741471e-01 
  696.000  4.773632e-01 
  697.000  4.890351e-01 
  698.000  4.869312e-01 
  699.000  4.769319e-01 
  700.000  4.787917e-01 
  701.000  4.766690e-01 
  702.000  4.784970e-01 
  703.000  4.871818e-01 
  704.000  4.877023e-01 
  705.000  4.843193e-01 
  706.000  4.851336e-01 
  707.000  4.865205e-01 
  708.000  4.880080e-01 
  709.000  4.909179e-01 
  710.000  4.880826e-01 
  711.000  4.912356e-01 
  712.000  4.939372e-01 
  713.000  4.920005e-01 
  714.000  4.914367e-01 
  715.000  4.882232e-01 
  716.000  4.848996e-01 
  717.000  4.627292e-01 
  718.000  4.490504e-01 
  719.000  4.441987e-01 
  720.000  4.366931e-01 
  721.000  4.698644e-01 
  722.000  4.816261e-01 
  723.000  4.751757e-01 
  724.000  4.565126e-01 
  725.000  4.594283e-01 
  726.000  4.586152e-01 
  727.000  4.613581e-01 
  728.000  4.585113e-01 
  729.000  4.657972e-01 
  730.000  4.645974e-01 
  731.000  4.631325e-01 
  732.000  4.753547e-01 
  733.000  4.869891e-01 
  734.000  4.926022e-01 
  735.000  4.907123e-01 
  736.000  4.871140e-01 
  737.000  4.899291e-01 
  738.000  4.937733e-01 
  739.000  4.954565e-01 
  740.000  4.991194e-01 
  741.000  5.012568e-01 
  742.000  5.021865e-01 
  743.000  5.040038e-01 
  744.000  5.049217e-01 
  745.000  5.056477e-01 
  746.000  5.062411e-01 
  747.000  5.064138e-01 
  748.000  5.070781e-01 
  749.000  5.074414e-01 
  750.000  5.073504e-01 
  751.000  5.075339e-01 
  752.000  5.081224e-01 
  753.000  5.084074e-01 
  754.000  5.086474e-01 
  755.000  5.088291e-01 
  756.000  5.090158e-01 
  757.000  5.091469e-01 
  758.000  5.080220e-01 
  759.000  4.652289e-01 
  760.000  1.749344e-01 
  761.000  1.509235e-01 
  762.000  3.083501e-01 
  763.000  2.569240e-01 
  764.000  2.821592e-01 
  765.000  3.412263e-01 
  766.000  4.155071e-01 
  767.000  4.541444e-01 
  768.000  4.798148e-01 
  769.000  4.969308e-01 
  770.000  5.062842e-01 
  771.000  5.105919e-01 
  772.000  5.116968e-01 
  773.000  5.121939e-01 
  774.000  5.128718e-01 
  775.000  5.132868e-01 
  776.000  5.135784e-01 
  777.000  5.136930e-01 
  778.000  5.137285e-01 
  779.000  5.137485e-01 
  780.000  5.137635e-01 
  781.000  5.140275e-01 
  782.000  5.140353e-01 
  783.000  5.140506e-01 
  784.000  5.139035e-01 
  785.000  5.130769e-01 
  786.000  5.118812e-01 
  787.000  5.093337e-01 
  788.000  5.079232e-01 
  789.000  5.027624e-01 
  790.000  5.023578e-01 
  791.000  5.033826e-01 
  792.000  5.043302e-01 
  793.000  5.064862e-01 
  794.000  5.110136e-01 
  795.000  5.083103e-01 
  796.000  5.010315e-01 
  797.000  5.031641e-01 
  798.000  5.078237e-01 
  799.000  5.068063e-01 
  800.000  5.034784e-01 
  801.000  5.039166e-01 
  802.000  5.036126e-01 
  803.000  5.041407e-01 
  804.000  5.057570e-01 
  805.000  5.088213e-01 
  806.000  5.106621e-01 
  807.000  5.107777e-01 
  808.000  5.097899e-01 
  809.000  5.085682e-01 
  810.000  5.072281e-01 
  811.000  5.044361e-01 
  812.000  5.006661e-01 
  813.000  4.960333e-01 
  814.000  4.898996e-01 
  815.000  4.822535e-01 
  816.000  4.723684e-01 
  817.000  4.729696e-01 
  818.000  4.738125e-01 
  819.000  4.771013e-01 
  820.000  4.880337e-01 
  821.000  5.004814e-01 
  822.000  4.910703e-01 
  823.000  4.646071e-01 
  824.000  4.869705e-01 
  825.000  5.012797e-01 
  826.000  4.988552e-01 
  827.000  4.970815e-01 
  828.000  4.876995e-01 
  829.000  4.911227e-01 
  830.000  4.949448e-01 
  831.000  4.958582e-01 
  832.000  4.962615e-01 
  833.000  4.984699e-01 
  834.000  5.010621e-01 
  835.000  5.061793e-01 
  836.000  5.045632e-01 
  837.000  5.044108e-01 
  838.000  5.069185e-01 
  839.000  5.084478e-01 
  840.000  5.090215e-01 
  841.000  5.074154e-01 
  842.000  5.089072e-01 
  843.000  5.124118e-01 
  844.000  5.140129e-01 
  845.000  5.147738e-01 
  846.000  5.154245e-01 
  847.000  5.162725e-01 
  848.000  5.150738e-01 
  849.000  5.152820e-01 
  850.000  5.146153e-01 
  851.000  5.138144e-01 
  852.000  5.139239e-01 
  853.000  5.153190e-01 
  854.000  5.152703e-01 
  855.000  5.158305e-01 
  856.000  5.172916e-01 
  857.000  5.179011e-01 
  858.000  5.182027e-01 
  859.000  5.189254e-01 
  860.000  5.193772e-01 
  861.000  5.194652e-01 
  862.000  5.197160e-01 
  863.000  5.197694e-01 
  864.000  5.199488e-01 
  865.000  5.200999e-01 
  866.000  5.201572e-01 
  867.000  5.201561e-01 
  868.000  5.201992e-01 
  869.000  5.202650e-01 
  870.000  5.202555e-01 
  871.000  5.203187e-01 
  872.000  5.204411e-01 
  873.000  5.203631e-01 
  874.000  5.203308e-01 
  875.000  5.203401e-01 
  876.000  5.201874e-01 
  877.000  5.201204e-01 
  878.000  5.196251e-01 
  879.000  5.196853e-01 
  880.000  5.192594e-01 
  881.000  5.191193e-01 
  882.000  5.189133e-01 
  883.000  5.191621e-01 
  884.000  5.192753e-01 
  885.000  5.185177e-01 
  886.000  5.174634e-01 
  887.000  5.182968e-01 
  888.000  5.182664e-01 
  889.000  5.185735e-01 
  890.000  5.179116e-01 
  891.000  5.166450e-01 
  892.000  5.141085e-01 
  893.000  5.056828e-01 
  894.000  5.015012e-01 
  895.000  4.886080e-01 
  896.000  4.770350e-01 
  897.000  4.648045e-01 
  898.000  4.590809e-01 
  899.000  4.427505e-01 
  900.000  4.451542e-01 
  901.000  4.408992e-01 
  902.000  4.416715e-01 
  903.000  4.691349e-01 
  904.000  4.857881e-01 
  905.000  4.851830e-01 
  906.000  4.747983e-01 
  907.000  4.563509e-01 
  908.000  4.441477e-01 
  909.000  4.446970e-01 
  910.000  4.465620e-01 
  911.000  4.546989e-01 
  912.000  4.507811e-01 
  913.000  4.336617e-01 
  914.000  4.421527e-01 
  915.000  4.488195e-01 
  916.000  4.506242e-01 
  917.000  4.542323e-01 
  918.000  4.588924e-01 
  919.000  4.746999e-01 
  920.000  4.865829e-01 
  921.000  4.839697e-01 
  922.000  4.837578e-01 
  923.000  4.804583e-01 
  924.000  4.724957e-01 
  925.000  4.718766e-01 
  926.000  4.717732e-01 
  927.000  4.625152e-01 
  928.000  4.482124e-01 
  929.000  4.274401e-01 
  930.000  4.008062e-01 
  931.000  3.707305e-01 
  932.000  3.310926e-01 
  933.000  3.008882e-01 
  934.000  2.693158e-01 
  935.000  2.659949e-01 
  936.000  2.786756e-01 
  937.000  2.754011e-01 
  938.000  3.103395e-01 
  939.000  3.988835e-01 
  940.000  4.117522e-01 
  941.000  4.005586e-01 
  942.000  3.729977e-01 
  943.000  3.264757e-01 
  944.000  3.232420e-01 
  945.000  3.401738e-01 
  946.000  3.410659e-01 
  947.000  3.559179e-01 
  948.000  3.645965e-01 
  949.000  3.634008e-01 
  950.000  3.656048e-01 
  951.000  3.849499e-01 
  952.000  3.641585e-01 
  953.000  3.786371e-01 
  954.000  3.940563e-01 
  955.000  3.814285e-01 
  956.000  3.784782e-01 
  957.000  4.173948e-01 
  958.000  4.223224e-01 
  959.000  4.158387e-01 
  960.000  4.139261e-01 
  961.000  4.106650e-01 
  962.000  4.135767e-01 
  963.000  4.347030e-01 
  964.000  4.377016e-01 
  965.000  4.356625e-01 
  966.000  4.367739e-01 
  967.000  4.517117e-01 
  968.000  4.764581e-01 
  969.000  4.875475e-01 
  970.000  4.881366e-01 
  971.000  4.878781e-01 
  972.000  4.847435e-01 
  973.000  4.774677e-01 
  974.000  4.685651e-01 
  975.000  4.628278e-01 
  976.000  4.698582e-01 
  977.000  4.814199e-01 
  978.000  4.804761e-01 
  979.000  4.834513e-01 
  980.000  4.951686e-01 
  981.000  4.977545e-01 
  982.000  4.951447e-01 
  983.000  5.011358e-01 
  984.000  5.072916e-01 
  985.000  5.107836e-01 
  986.000  5.152822e-01 
  987.000  5.172294e-01 
  988.000  5.176778e-01 
  989.000  5.179673e-01 
  990.000  5.184481e-01 
  991.000  5.201247e-01 
  992.000  5.203987e-01 
  993.000  5.205918e-01 
  994.000  5.221021e-01 
  995.000  5.231465e-01 
  996.000  5.231456e-01 
  997.000  5.225237e-01 
  998.000  5.218019e-01 
  999.000  5.215198e-01 
 1000.000  5.217699e-01 
 1001.000  5.203393e-01 
 1002.000  5.177906e-01 
 1003.000  5.184091e-01 
 1004.000  5.198919e-01 
 1005.000  5.205747e-01 
 1006.000  5.205660e-01 
 1007.000  5.203020e-01 
 1008.000  5.182220e-01 
 1009.000  5.154318e-01 
 1010.000  5.166804e-01 
 1011.000  5.196450e-01 
 1012.000  5.207750e-01 
 1013.000  5.214791e-01 
 1014.000  5.218650e-01 
 1015.000  5.219325e-01 
 1016.000  5.222692e-01 
 1017.000  5.225189e-01 
 1018.000  5.220614e-01 
 1019.000  5.209838e-01 
 1020.000  5.213568e-01 
 1021.000  5.220462e-01 
 1022.000  5.208146e-01 
 1023.000  5.199622e-01 
 1024.000  5.193222e-01 
 1025.000  5.210329e-01 
 1026.000  5.218097e-01 
 1027.000  5.215048e-01 
 1028.000  5.217864e-01 
 1029.000  5.225812e-01 
 1030.000  5.233217e-01 
 1031.000  5.236791e-01 
 1032.000  5.239477e-01 
 1033.000  5.239674e-01 
 1034.000  5.241768e-01 
 1035.000  5.242321e-01 
 1036.000  5.240629e-01 
 1037.000  5.239936e-01 
 1038.000  5.240502e-01 
 1039.000  5.238917e-01 
 1040.000  5.237312e-01 
 1041.000  5.236018e-01 
 1042.000  5.235485e-01 
 1043.000  5.235087e-01 
 1044.000  5.233714e-01 
 1045.000  5.230493e-01 
 1046.000  5.228153e-01 
 1047.000  5.225205e-01 
 1048.000  5.220513e-01 
 1049.000  5.215248e-01 
 1050.000  5.211707e-01 
 1051.000  5.207480e-01 
 1052.000  5.203831e-01 
 1053.000  5.202067e-01 
 1054.000  5.197501e-01 
 1055.000  5.192455e-01 
 1056.000  5.187510e-01 
 1057.000  5.178222e-01 
 1058.000  5.163581e-01 
 1059.000  5.162461e-01 
 1060.000  5.166471e-01 
 1061.000  5.163515e-01 
 1062.000  5.154048e-01 
 1063.000  5.148418e-01 
 1064.000  5.139396e-01 
 1065.000  5.131345e-01 
 1066.000  5.131790e-01 
 1067.000  5.126604e-01 
 1068.000  5.114196e-01 
 1069.000  5.111437e-01 
 1070.000  5.117649e-01 
 1071.000  5.110843e-01 
 1072.000  5.102810e-01 
 1073.000  5.103371e-01 
 1074.000  5.107460e-01 
 1075.000  5.125453e-01 
 1076.000  5.117963e-01 
 1077.000  5.106964e-01 
 1078.000  5.093517e-01 
 1079.000  5.093428e-01 
 1080.000  5.053651e-01 
 1081.000  5.052763e-01 
 1082.000  5.072287e-01 
 1083.000  5.051830e-01 
 1084.000  5.029011e-01 
 1085.000  4.972675e-01 
 1086.000  4.987230e-01 
 1087.000  5.051384e-01 
 1088.000  5.054745e-01 
 1089.000  4.978821e-01 
 1090.000  4.965278e-01 
 1091.000  4.980783e-01 
 1092.000  4.943636e-01 
 1093.000  4.858757e-01 
 1094.000  4.821968e-01 
 1095.000  4.828610e-01 
 1096.000  4.834781e-01 
 1097.000  4.818564e-01 
 1098.000  4.609596e-01 
 1099.000  4.430380e-01 
 1100.000  4.443094e-01 
 1101.000  4.468492e-01 
 1102.000  4.457296e-01 
 1103.000  4.474359e-01 
 1104.000  4.444750e-01 
 1105.000  4.369585e-01 
 1106.000  4.292987e-01 
 1107.000  4.313051e-01 
 1108.000  4.328315e-01 
 1109.000  4.395436e-01 
 1110.000  4.389398e-01 
 1111.000  4.354178e-01 
 1112.000  4.194117e-01 
 1113.000  3.974750e-01 
 1114.000  3.918179e-01 
 1115.000  3.646449e-01 
 1116.000  3.476450e-01 
 1117.000  3.075258e-01 
 1118.000  2.705882e-01 
 1119.000  2.510368e-01 
 1120.000  2.263274e-01 
 1121.000  2.208815e-01 
 1122.000  1.946876e-01 
 1123.000  2.092275e-01 
 1124.000  2.189684e-01 
 1125.000  2.139311e-01 
 1126.000  2.118711e-01 
 1127.000  2.139976e-01 
 1128.000  2.181211e-01 
 1129.000  2.436829e-01 
 1130.000  3.028349e-01 
 1131.000  3.197460e-01 
 1132.000  2.966880e-01 
 1133.000  2.538876e-01 
 1134.000  1.751828e-01 
 1135.000  1.811761e-01 
 1136.000  2.598742e-01 
 1137.000  3.020182e-01 
 1138.000  3.420632e-01 
 1139.000  3.537449e-01 
 1140.000  3.461620e-01 
 1141.000  3.305189e-01 
 1142.000  3.250831e-01 
 1143.000  3.079489e-01 
 1144.000  2.884721e-01 
 1145.000  2.601387e-01 
 1146.000  2.668358e-01 
 1147.000  2.889363e-01 
 1148.000  3.084297e-01 
 1149.000  3.161837e-01 
 1150.000  3.163517e-01 
