  320.000  7.330581e-02 
  321.000  9.834082e-02 
  322.000  8.824208e-02 
  323.000  1.010973e-01 
  324.000  1.145228e-01 
  325.000  1.044700e-01 
  326.000  1.211214e-01 
  327.000  1.259056e-01 
  328.000  1.156470e-01 
  329.000  1.355790e-01 
  330.000  1.388293e-01 
  331.000  1.324218e-01 
  332.000  1.448794e-01 
  333.000  1.485782e-01 
  334.000  1.455391e-01 
  335.000  1.549102e-01 
  336.000  1.587579e-01 
  337.000  1.571327e-01 
  338.000  1.616647e-01 
  339.000  1.663846e-01 
  340.000  1.656060e-01 
  341.000  1.702233e-01 
  342.000  1.736252e-01 
  343.000  1.753418e-01 
  344.000  1.756932e-01 
  345.000  1.803548e-01 
  346.000  1.833178e-01 
  347.000  1.857447e-01 
  348.000  1.880268e-01 
  349.000  1.906004e-01 
  350.000  1.928087e-01 
  351.000  1.950158e-01 
  352.000  1.968321e-01 
  353.000  1.994235e-01 
  354.000  2.016377e-01 
  355.000  2.037047e-01 
  356.000  2.057249e-01 
  357.000  2.075278e-01 
  358.000  2.094729e-01 
  359.000  2.114214e-01 
  360.000  2.134224e-01 
  361.000  2.159582e-01 
  362.000  2.186080e-01 
  363.000  2.210568e-01 
  364.000  2.233174e-01 
  365.000  2.254439e-01 
  366.000  2.276244e-01 
  367.000  2.297060e-01 
  368.000  2.317741e-01 
  369.000  2.338297e-01 
  370.000  2.358691e-01 
  371.000  2.378975e-01 
  372.000  2.399142e-01 
  373.000  2.419185e-01 
  374.000  2.438952e-01 
  375.000  2.458381e-01 
  376.000  2.477192e-01 
  377.000  2.495008e-01 
  378.000  2.511589e-01 
  379.000  2.528467e-01 
  380.000  2.547067e-01 
  381.000  2.568286e-01 
  382.000  2.590328e-01 
  383.000  2.611218e-01 
  384.000  2.631078e-01 
  385.000  2.650252e-01 
  386.000  2.668971e-01 
  387.000  2.687422e-01 
  388.000  2.705671e-01 
  389.000  2.723803e-01 
  390.000  2.741819e-01 
  391.000  2.759683e-01 
  392.000  2.777443e-01 
  393.000  2.795087e-01 
  394.000  2.812594e-01 
  395.000  2.829952e-01 
  396.000  2.847224e-01 
  397.000  2.864322e-01 
  398.000  2.881289e-01 
  399.000  2.898138e-01 
  400.000  2.914777e-01 
  401.000  2.931378e-01 
  402.000  2.947868e-01 
  403.000  2.964241e-01 
  404.000  2.980490e-01 
  405.000  2.996584e-01 
  406.000  3.012592e-01 
  407.000  3.028496e-01 
  408.000  3.044282e-01 
  409.000  3.059934e-01 
  410.000  3.075456e-01 
  411.000  3.090845e-01 
  412.000  3.106088e-01 
  413.000  3.121261e-01 
  414.000  3.135363e-01 
  415.000  3.150636e-01 
  416.000  3.165734e-01 
  417.000  3.180597e-01 
  418.000  3.195137e-01 
  419.000  3.209532e-01 
  420.000  3.223813e-01 
  421.000  3.238024e-01 
  422.000  3.252163e-01 
  423.000  3.266212e-01 
  424.000  3.280111e-01 
  425.000  3.293705e-01 
  426.000  3.307181e-01 
  427.000  3.320551e-01 
  428.000  3.333697e-01 
  429.000  3.346672e-01 
  430.000  3.359509e-01 
  431.000  3.372262e-01 
  432.000  3.384894e-01 
  433.000  3.397418e-01 
  434.000  3.409848e-01 
  435.000  3.422167e-01 
  436.000  3.434359e-01 
  437.000  3.446430e-01 
  438.000  3.458374e-01 
  439.000  3.470236e-01 
  440.000  3.481917e-01 
  441.000  3.493459e-01 
  442.000  3.504828e-01 
  443.000  3.516035e-01 
  444.000  3.527074e-01 
  445.000  3.537883e-01 
  446.000  3.548401e-01 
  447.000  3.559440e-01 
  448.000  3.571286e-01 
  449.000  3.583286e-01 
  450.000  3.595064e-01 
  451.000  3.606392e-01 
  452.000  3.617330e-01 
  453.000  3.628054e-01 
  454.000  3.638591e-01 
  455.000  3.648524e-01 
  456.000  3.657661e-01 
  457.000  3.666806e-01 
  458.000  3.675833e-01 
  459.000  3.684675e-01 
  460.000  3.693451e-01 
  461.000  3.702140e-01 
  462.000  3.710667e-01 
  463.000  3.719163e-01 
  464.000  3.730231e-01 
  465.000  3.741141e-01 
  466.000  3.751866e-01 
  467.000  3.762350e-01 
  468.000  3.770895e-01 
  469.000  3.778259e-01 
  470.000  3.785033e-01 
  471.000  3.791134e-01 
  472.000  3.796317e-01 
  473.000  3.799950e-01 
  474.000  3.802935e-01 
  475.000  3.803701e-01 
  476.000  3.802224e-01 
  477.000  3.802194e-01 
  478.000  3.810831e-01 
  479.000  3.823988e-01 
  480.000  3.838203e-01 
  481.000  3.850965e-01 
  482.000  3.862944e-01 
  483.000  3.873366e-01 
  484.000  3.882328e-01 
  485.000  3.890347e-01 
  486.000  3.898904e-01 
  487.000  3.907917e-01 
  488.000  3.916644e-01 
  489.000  3.925216e-01 
  490.000  3.933691e-01 
  491.000  3.940331e-01 
  492.000  3.946403e-01 
  493.000  3.952447e-01 
  494.000  3.958322e-01 
  495.000  3.964199e-01 
  496.000  3.967228e-01 
  497.000  3.970143e-01 
  498.000  3.973015e-01 
  499.000  3.975733e-01 
  500.000  3.978409e-01 
  501.000  3.980788e-01 
  502.000  3.983167e-01 
  503.000  3.985517e-01 
  504.000  3.987759e-01 
  505.000  3.989878e-01 
  506.000  3.996089e-01 
  507.000  4.002482e-01 
  508.000  4.008868e-01 
  509.000  4.015183e-01 
  510.000  4.021366e-01 
  511.000  4.026910e-01 
  512.000  4.032266e-01 
  513.000  4.037593e-01 
  514.000  4.042856e-01 
  515.000  4.048073e-01 
  516.000  4.051802e-01 
  517.000  4.054192e-01 
  518.000  4.056517e-01 
  519.000  4.058799e-01 
  520.000  4.061058e-01 
  521.000  4.063083e-01 
  522.000  4.064543e-01 
  523.000  4.065596e-01 
  524.000  4.066684e-01 
  525.000  4.067542e-01 
  526.000  4.068745e-01 
  527.000  4.068939e-01 
  528.000  4.068724e-01 
  529.000  4.068496e-01 
  530.000  4.068320e-01 
  531.000  4.068175e-01 
  532.000  4.068500e-01 
  533.000  4.071435e-01 
  534.000  4.075141e-01 
  535.000  4.079325e-01 
  536.000  4.083372e-01 
  537.000  4.087074e-01 
  538.000  4.090385e-01 
  539.000  4.093454e-01 
  540.000  4.096332e-01 
  541.000  4.099128e-01 
  542.000  4.101801e-01 
  543.000  4.104380e-01 
  544.000  4.106331e-01 
  545.000  4.107768e-01 
  546.000  4.109139e-01 
  547.000  4.110549e-01 
  548.000  4.111888e-01 
  549.000  4.113206e-01 
  550.000  4.113846e-01 
  551.000  4.113812e-01 
  552.000  4.113804e-01 
  553.000  4.113658e-01 
  554.000  4.113447e-01 
  555.000  4.113199e-01 
  556.000  4.112697e-01 
  557.000  4.111753e-01 
  558.000  4.110733e-01 
  559.000  4.109593e-01 
  560.000  4.108166e-01 
  561.000  4.106473e-01 
  562.000  4.102655e-01 
  563.000  4.100549e-01 
  564.000  4.097734e-01 
  565.000  4.093348e-01 
  566.000  4.090687e-01 
  567.000  4.081033e-01 
  568.000  4.054676e-01 
  569.000  3.996314e-01 
  570.000  4.004080e-01 
  571.000  4.042447e-01 
  572.000  4.003259e-01 
  573.000  4.012449e-01 
  574.000  4.014240e-01 
  575.000  4.011246e-01 
  576.000  4.012969e-01 
  577.000  4.027381e-01 
  578.000  4.044937e-01 
  579.000  4.061429e-01 
  580.000  4.076534e-01 
  581.000  4.098262e-01 
  582.000  4.113076e-01 
  583.000  4.122352e-01 
  584.000  4.130988e-01 
  585.000  4.137107e-01 
  586.000  4.143785e-01 
  587.000  4.130283e-01 
  588.000  4.052311e-01 
  589.000  3.929382e-01 
  590.000  3.923450e-01 
  591.000  4.010240e-01 
  592.000  3.966714e-01 
  593.000  4.065751e-01 
  594.000  4.045766e-01 
  595.000  3.978877e-01 
  596.000  4.074485e-01 
  597.000  4.050692e-01 
  598.000  4.088355e-01 
  599.000  4.102391e-01 
  600.000  4.136333e-01 
  601.000  4.157172e-01 
  602.000  4.162721e-01 
  603.000  4.173416e-01 
  604.000  4.185784e-01 
  605.000  4.194981e-01 
  606.000  4.201386e-01 
  607.000  4.207566e-01 
  608.000  4.213341e-01 
  609.000  4.218857e-01 
  610.000  4.224550e-01 
  611.000  4.230873e-01 
  612.000  4.237068e-01 
  613.000  4.243073e-01 
  614.000  4.248902e-01 
  615.000  4.254718e-01 
  616.000  4.260322e-01 
  617.000  4.265618e-01 
  618.000  4.270059e-01 
  619.000  4.273817e-01 
  620.000  4.277296e-01 
  621.000  4.280286e-01 
  622.000  4.282786e-01 
  623.000  4.284458e-01 
  624.000  4.286235e-01 
  625.000  4.287712e-01 
  626.000  4.284197e-01 
  627.000  4.252703e-01 
  628.000  4.088514e-01 
  629.000  4.185375e-01 
  630.000  4.215333e-01 
  631.000  4.248434e-01 
  632.000  4.238445e-01 
  633.000  4.286334e-01 
  634.000  4.308504e-01 
  635.000  4.318064e-01 
  636.000  4.334289e-01 
  637.000  4.347486e-01 
  638.000  4.372188e-01 
  639.000  4.381855e-01 
  640.000  4.398628e-01 
  641.000  4.406290e-01 
  642.000  4.418654e-01 
  643.000  4.413610e-01 
  644.000  4.419518e-01 
  645.000  4.409011e-01 
  646.000  4.341737e-01 
  647.000  4.296372e-01 
  648.000  4.245331e-01 
  649.000  4.297814e-01 
  650.000  4.395598e-01 
  651.000  4.399320e-01 
  652.000  4.320184e-01 
  653.000  4.419340e-01 
  654.000  4.412599e-01 
  655.000  4.381486e-01 
  656.000  4.397413e-01 
  657.000  4.420014e-01 
  658.000  4.456565e-01 
  659.000  4.479498e-01 
  660.000  4.491652e-01 
  661.000  4.518228e-01 
  662.000  4.533105e-01 
  663.000  4.535016e-01 
  664.000  4.542670e-01 
  665.000  4.550167e-01 
  666.000  4.558060e-01 
  667.000  4.565831e-01 
  668.000  4.574776e-01 
  669.000  4.581031e-01 
  670.000  4.586510e-01 
  671.000  4.592315e-01 
  672.000  4.597447e-01 
  673.000  4.602479e-01 
  674.000  4.607463e-01 
  675.000  4.612460e-01 
  676.000  4.617137e-01 
  677.000  4.621443e-01 
  678.000  4.625765e-01 
  679.000  4.629204e-01 
  680.000  4.628814e-01 
  681.000  4.627693e-01 
  682.000  4.630713e-01 
  683.000  4.632127e-01 
  684.000  4.628418e-01 
  685.000  4.636470e-01 
  686.000  4.614053e-01 
  687.000  3.854525e-01 
  688.000  4.091939e-01 
  689.000  4.023257e-01 
  690.000  4.148195e-01 
  691.000  4.308559e-01 
  692.000  4.399570e-01 
  693.000  4.336988e-01 
  694.000  4.256640e-01 
  695.000  4.331822e-01 
  696.000  4.376394e-01 
  697.000  4.567892e-01 
  698.000  4.528831e-01 
  699.000  4.358039e-01 
  700.000  4.386780e-01 
  701.000  4.349346e-01 
  702.000  4.377955e-01 
  703.000  4.522197e-01 
  704.000  4.529186e-01 
  705.000  4.470494e-01 
  706.000  4.482709e-01 
  707.000  4.504588e-01 
  708.000  4.528240e-01 
  709.000  4.576045e-01 
  710.000  4.526353e-01 
  711.000  4.578230e-01 
  712.000  4.622597e-01 
  713.000  4.587813e-01 
  714.000  4.576256e-01 
  715.000  4.519199e-01 
  716.000  4.459477e-01 
  717.000  4.089947e-01 
  718.000  3.867529e-01 
  719.000  3.788329e-01 
  720.000  3.671480e-01 
  721.000  4.196652e-01 
  722.000  4.389420e-01 
  723.000  4.280981e-01 
  724.000  3.976732e-01 
  725.000  4.021186e-01 
  726.000  4.007476e-01 
  727.000  4.050642e-01 
  728.000  4.004498e-01 
  729.000  4.120968e-01 
  730.000  4.101509e-01 
  731.000  4.077943e-01 
  732.000  4.275887e-01 
  733.000  4.468852e-01 
  734.000  4.563088e-01 
  735.000  4.530464e-01 
  736.000  4.469317e-01 
  737.000  4.515916e-01 
  738.000  4.580080e-01 
  739.000  4.607967e-01 
  740.000  4.669693e-01 
  741.000  4.705565e-01 
  742.000  4.720789e-01 
  743.000  4.753986e-01 
  744.000  4.767062e-01 
  745.000  4.778686e-01 
  746.000  4.787972e-01 
  747.000  4.790560e-01 
  748.000  4.798936e-01 
  749.000  4.803901e-01 
  750.000  4.801443e-01 
  751.000  4.803255e-01 
  752.000  4.811631e-01 
  753.000  4.815243e-01 
  754.000  4.818068e-01 
  755.000  4.819871e-01 
  756.000  4.821766e-01 
  757.000  4.823075e-01 
  758.000  4.811946e-01 
  759.000  4.395435e-01 
  760.000  1.605840e-01 
  761.000  1.379435e-01 
  762.000  2.878248e-01 
  763.000  2.385401e-01 
  764.000  2.626933e-01 
  765.000  3.194757e-01 
  766.000  3.912876e-01 
  767.000  4.287989e-01 
  768.000  4.537745e-01 
  769.000  4.704517e-01 
  770.000  4.796053e-01 
  771.000  4.837885e-01 
  772.000  4.848680e-01 
  773.000  4.853452e-01 
  774.000  4.859796e-01 
  775.000  4.863975e-01 
  776.000  4.867005e-01 
  777.000  4.867778e-01 
  778.000  4.867484e-01 
  779.000  4.867099e-01 
  780.000  4.866695e-01 
  781.000  4.870592e-01 
  782.000  4.870065e-01 
  783.000  4.869670e-01 
  784.000  4.866455e-01 
  785.000  4.853735e-01 
  786.000  4.834171e-01 
  787.000  4.787676e-01 
  788.000  4.763300e-01 
  789.000  4.676604e-01 
  790.000  4.669197e-01 
  791.000  4.685597e-01 
  792.000  4.700840e-01 
  793.000  4.736281e-01 
  794.000  4.811530e-01 
  795.000  4.765629e-01 
  796.000  4.644035e-01 
  797.000  4.678777e-01 
  798.000  4.755801e-01 
  799.000  4.738310e-01 
  800.000  4.682400e-01 
  801.000  4.689129e-01 
  802.000  4.683564e-01 
  803.000  4.691839e-01 
  804.000  4.718291e-01 
  805.000  4.768936e-01 
  806.000  4.799306e-01 
  807.000  4.800735e-01 
  808.000  4.783615e-01 
  809.000  4.762548e-01 
  810.000  4.739413e-01 
  811.000  4.692085e-01 
  812.000  4.628498e-01 
  813.000  4.551015e-01 
  814.000  4.449452e-01 
  815.000  4.323985e-01 
  816.000  4.166069e-01 
  817.000  4.174266e-01 
  818.000  4.186996e-01 
  819.000  4.239295e-01 
  820.000  4.414469e-01 
  821.000  4.616988e-01 
  822.000  4.462794e-01 
  823.000  4.042775e-01 
  824.000  4.396062e-01 
  825.000  4.629020e-01 
  826.000  4.589745e-01 
  827.000  4.560237e-01 
  828.000  4.407245e-01 
  829.000  4.462117e-01 
  830.000  4.524078e-01 
  831.000  4.538901e-01 
  832.000  4.545906e-01 
  833.000  4.582019e-01 
  834.000  4.624691e-01 
  835.000  4.709410e-01 
  836.000  4.682455e-01 
  837.000  4.679866e-01 
  838.000  4.721141e-01 
  839.000  4.746344e-01 
  840.000  4.755538e-01 
  841.000  4.728484e-01 
  842.000  4.752973e-01 
  843.000  4.811162e-01 
  844.000  4.837728e-01 
  845.000  4.850151e-01 
  846.000  4.863222e-01 
  847.000  4.877616e-01 
  848.000  4.854026e-01 
  849.000  4.857088e-01 
  850.000  4.845453e-01 
  851.000  4.831604e-01 
  852.000  4.833043e-01 
  853.000  4.856079e-01 
  854.000  4.854928e-01 
  855.000  4.866563e-01 
  856.000  4.890708e-01 
  857.000  4.898950e-01 
  858.000  4.904657e-01 
  859.000  4.916136e-01 
  860.000  4.921811e-01 
  861.000  4.922930e-01 
  862.000  4.926865e-01 
  863.000  4.927387e-01 
  864.000  4.930089e-01 
  865.000  4.932302e-01 
  866.000  4.932896e-01 
  867.000  4.932505e-01 
  868.000  4.932860e-01 
  869.000  4.933601e-01 
  870.000  4.933071e-01 
  871.000  4.933773e-01 
  872.000  4.935476e-01 
  873.000  4.933792e-01 
  874.000  4.932883e-01 
  875.000  4.932676e-01 
  876.000  4.929732e-01 
  877.000  4.928887e-01 
  878.000  4.921781e-01 
  879.000  4.921303e-01 
  880.000  4.915187e-01 
  881.000  4.911412e-01 
  882.000  4.907786e-01 
  883.000  4.911461e-01 
  884.000  4.912954e-01 
  885.000  4.900154e-01 
  886.000  4.884278e-01 
  887.000  4.898219e-01 
  888.000  4.897425e-01 
  889.000  4.899478e-01 
  890.000  4.890958e-01 
  891.000  4.869028e-01 
  892.000  4.822814e-01 
  893.000  4.683793e-01 
  894.000  4.614480e-01 
  895.000  4.407267e-01 
  896.000  4.223222e-01 
  897.000  4.031483e-01 
  898.000  3.942745e-01 
  899.000  3.699605e-01 
  900.000  3.733457e-01 
  901.000  3.671364e-01 
  902.000  3.684137e-01 
  903.000  4.094497e-01 
  904.000  4.352602e-01 
  905.000  4.344103e-01 
  906.000  4.182614e-01 
  907.000  3.902158e-01 
  908.000  3.720839e-01 
  909.000  3.727899e-01 
  910.000  3.754790e-01 
  911.000  3.874827e-01 
  912.000  3.816729e-01 
  913.000  3.567623e-01 
  914.000  3.690343e-01 
  915.000  3.788550e-01 
  916.000  3.815810e-01 
  917.000  3.870204e-01 
  918.000  3.940631e-01 
  919.000  4.181521e-01 
  920.000  4.367507e-01 
  921.000  4.327249e-01 
  922.000  4.324014e-01 
  923.000  4.272311e-01 
  924.000  4.148710e-01 
  925.000  4.137067e-01 
  926.000  4.130239e-01 
  927.000  3.984444e-01 
  928.000  3.763987e-01 
  929.000  3.454000e-01 
  930.000  3.074542e-01 
  931.000  2.670604e-01 
  932.000  2.165415e-01 
  933.000  1.822052e-01 
  934.000  1.495874e-01 
  935.000  1.460426e-01 
  936.000  1.582230e-01 
  937.000  1.553150e-01 
  938.000  1.926241e-01 
  939.000  3.001576e-01 
  940.000  3.177438e-01 
  941.000  3.030309e-01 
  942.000  2.675164e-01 
  943.000  2.117816e-01 
  944.000  2.078892e-01 
  945.000  2.270735e-01 
  946.000  2.283802e-01 
  947.000  2.466013e-01 
  948.000  2.574658e-01 
  949.000  2.563236e-01 
  950.000  2.592032e-01 
  951.000  2.839111e-01 
  952.000  2.580461e-01 
  953.000  2.766458e-01 
  954.000  2.971276e-01 
  955.000  2.811176e-01 
  956.000  2.780437e-01 
  957.000  3.303580e-01 
  958.000  3.376642e-01 
  959.000  3.290350e-01 
  960.000  3.266829e-01 
  961.000  3.224241e-01 
  962.000  3.266378e-01 
  963.000  3.564997e-01 
  964.000  3.609873e-01 
  965.000  3.582726e-01 
  966.000  3.600919e-01 
  967.000  3.820649e-01 
  968.000  4.196281e-01 
  969.000  4.370278e-01 
  970.000  4.380441e-01 
  971.000  4.376526e-01 
  972.000  4.327027e-01 
  973.000  4.213678e-01 
  974.000  4.077308e-01 
  975.000  3.990564e-01 
  976.000  4.096895e-01 
  977.000  4.274676e-01 
  978.000  4.260927e-01 
  979.000  4.308205e-01 
  980.000  4.492900e-01 
  981.000  4.534629e-01 
  982.000  4.494071e-01 
  983.000  4.590156e-01 
  984.000  4.689571e-01 
  985.000  4.746456e-01 
  986.000  4.820068e-01 
  987.000  4.852242e-01 
  988.000  4.859778e-01 
  989.000  4.864617e-01 
  990.000  4.872491e-01 
  991.000  4.900008e-01 
  992.000  4.907837e-01 
  993.000  4.910775e-01 
  994.000  4.935601e-01 
  995.000  4.950167e-01 
  996.000  4.949995e-01 
  997.000  4.939547e-01 
  998.000  4.929075e-01 
  999.000  4.924452e-01 
 1000.000  4.928190e-01 
 1001.000  4.901883e-01 
 1002.000  4.859886e-01 
 1003.000  4.869837e-01 
 1004.000  4.893975e-01 
 1005.000  4.905011e-01 
 1006.000  4.908502e-01 
 1007.000  4.900446e-01 
 1008.000  4.866214e-01 
 1009.000  4.820557e-01 
 1010.000  4.840871e-01 
 1011.000  4.889422e-01 
 1012.000  4.907958e-01 
 1013.000  4.922545e-01 
 1014.000  4.928658e-01 
 1015.000  4.929806e-01 
 1016.000  4.936391e-01 
 1017.000  4.937907e-01 
 1018.000  4.931913e-01 
 1019.000  4.914970e-01 
 1020.000  4.920881e-01 
 1021.000  4.933059e-01 
 1022.000  4.912511e-01 
 1023.000  4.895336e-01 
 1024.000  4.885039e-01 
 1025.000  4.916422e-01 
 1026.000  4.930259e-01 
 1027.000  4.924321e-01 
 1028.000  4.929114e-01 
 1029.000  4.940900e-01 
 1030.000  4.953430e-01 
 1031.000  4.959736e-01 
 1032.000  4.964669e-01 
 1033.000  4.966229e-01 
 1034.000  4.969174e-01 
 1035.000  4.970550e-01 
 1036.000  4.969542e-01 
 1037.000  4.969915e-01 
 1038.000  4.971060e-01 
 1039.000  4.968861e-01 
 1040.000  4.966971e-01 
 1041.000  4.965476e-01 
 1042.000  4.965054e-01 
 1043.000  4.965006e-01 
 1044.000  4.963678e-01 
 1045.000  4.959508e-01 
 1046.000  4.956707e-01 
 1047.000  4.953390e-01 
 1048.000  4.949237e-01 
 1049.000  4.945372e-01 
 1050.000  4.941323e-01 
 1051.000  4.935262e-01 
 1052.000  4.931743e-01 
 1053.000  4.930604e-01 
 1054.000  4.924456e-01 
 1055.000  4.918197e-01 
 1056.000  4.912938e-01 
 1057.000  4.901519e-01 
 1058.000  4.879772e-01 
 1059.000  4.880566e-01 
 1060.000  4.890557e-01 
 1061.000  4.887535e-01 
 1062.000  4.873869e-01 
 1063.000  4.868653e-01 
 1064.000  4.857121e-01 
 1065.000  4.845721e-01 
 1066.000  4.844489e-01 
 1067.000  4.839662e-01 
 1068.000  4.813986e-01 
 1069.000  4.802137e-01 
 1070.000  4.806858e-01 
 1071.000  4.790888e-01 
 1072.000  4.774394e-01 
 1073.000  4.771729e-01 
 1074.000  4.774917e-01 
 1075.000  4.800840e-01 
 1076.000  4.785509e-01 
 1077.000  4.764741e-01 
 1078.000  4.740193e-01 
 1079.000  4.737359e-01 
 1080.000  4.671060e-01 
 1081.000  4.667622e-01 
 1082.000  4.697151e-01 
 1083.000  4.662046e-01 
 1084.000  4.623707e-01 
 1085.000  4.532559e-01 
 1086.000  4.553944e-01 
 1087.000  4.654576e-01 
 1088.000  4.658794e-01 
 1089.000  4.536385e-01 
 1090.000  4.513436e-01 
 1091.000  4.536481e-01 
 1092.000  4.475999e-01 
 1093.000  4.342036e-01 
 1094.000  4.284163e-01 
 1095.000  4.293233e-01 
 1096.000  4.301030e-01 
 1097.000  4.273888e-01 
 1098.000  3.955256e-01 
 1099.000  3.690054e-01 
 1100.000  3.707398e-01 
 1101.000  3.743094e-01 
 1102.000  3.724574e-01 
 1103.000  3.747640e-01 
 1104.000  3.702876e-01 
 1105.000  3.592395e-01 
 1106.000  3.483392e-01 
 1107.000  3.508330e-01 
 1108.000  3.525228e-01 
 1109.000  3.614621e-01 
 1110.000  3.597806e-01 
 1111.000  3.543178e-01 
 1112.000  3.313676e-01 
 1113.000  3.004989e-01 
 1114.000  2.913908e-01 
 1115.000  2.551911e-01 
 1116.000  2.338013e-01 
 1117.000  1.880604e-01 
 1118.000  1.489806e-01 
 1119.000  1.292127e-01 
 1120.000  1.068031e-01 
 1121.000  1.019514e-01 
 1122.000  8.149792e-02 
 1123.000  9.181757e-02 
 1124.000  9.907860e-02 
 1125.000  9.509257e-02 
 1126.000  9.361022e-02 
 1127.000  9.556946e-02 
 1128.000  9.935219e-02 
 1129.000  1.209811e-01 
 1130.000  1.764368e-01 
 1131.000  1.939118e-01 
 1132.000  1.698974e-01 
 1133.000  1.299857e-01 
 1134.000  6.849976e-02 
 1135.000  7.272360e-02 
 1136.000  1.362064e-01 
 1137.000  1.771335e-01 
 1138.000  2.211940e-01 
 1139.000  2.365779e-01 
 1140.000  2.278449e-01 
 1141.000  2.109879e-01 
 1142.000  2.048584e-01 
 1143.000  1.861853e-01 
 1144.000  1.662134e-01 
 1145.000  1.388019e-01 
 1146.000  1.451564e-01 
 1147.000  1.668606e-01 
 1148.000  1.871089e-01 
 1149.000  1.958289e-01 
 1150.000  1.970160e-01 
