  320.000  2.634442e-01 
  321.000  3.143219e-01 
  322.000  2.945048e-01 
  323.000  3.195878e-01 
  324.000  3.444580e-01 
  325.000  3.259538e-01 
  326.000  3.562528e-01 
  327.000  3.646446e-01 
  328.000  3.464864e-01 
  329.000  3.812333e-01 
  330.000  3.867002e-01 
  331.000  3.758726e-01 
  332.000  3.967422e-01 
  333.000  4.027991e-01 
  334.000  3.978270e-01 
  335.000  4.130301e-01 
  336.000  4.191657e-01 
  337.000  4.165815e-01 
  338.000  4.237617e-01 
  339.000  4.311546e-01 
  340.000  4.299409e-01 
  341.000  4.371057e-01 
  342.000  4.423351e-01 
  343.000  4.449584e-01 
  344.000  4.454941e-01 
  345.000  4.525610e-01 
  346.000  4.570150e-01 
  347.000  4.606417e-01 
  348.000  4.640348e-01 
  349.000  4.678417e-01 
  350.000  4.710920e-01 
  351.000  4.743256e-01 
  352.000  4.769758e-01 
  353.000  4.807402e-01 
  354.000  4.839410e-01 
  355.000  4.869166e-01 
  356.000  4.898130e-01 
  357.000  4.923884e-01 
  358.000  4.951569e-01 
  359.000  4.979200e-01 
  360.000  5.007470e-01 
  361.000  5.043144e-01 
  362.000  5.080243e-01 
  363.000  5.114369e-01 
  364.000  5.145739e-01 
  365.000  5.175132e-01 
  366.000  5.205157e-01 
  367.000  5.233714e-01 
  368.000  5.261983e-01 
  369.000  5.289981e-01 
  370.000  5.317663e-01 
  371.000  5.345101e-01 
  372.000  5.372287e-01 
  373.000  5.399216e-01 
  374.000  5.425687e-01 
  375.000  5.451624e-01 
  376.000  5.476656e-01 
  377.000  5.500295e-01 
  378.000  5.522234e-01 
  379.000  5.544508e-01 
  380.000  5.568985e-01 
  381.000  5.596823e-01 
  382.000  5.625642e-01 
  383.000  5.652866e-01 
  384.000  5.678666e-01 
  385.000  5.703503e-01 
  386.000  5.727680e-01 
  387.000  5.751445e-01 
  388.000  5.774886e-01 
  389.000  5.798113e-01 
  390.000  5.821133e-01 
  391.000  5.843897e-01 
  392.000  5.866472e-01 
  393.000  5.888841e-01 
  394.000  5.910982e-01 
  395.000  5.932879e-01 
  396.000  5.954615e-01 
  397.000  5.976081e-01 
  398.000  5.997332e-01 
  399.000  6.018385e-01 
  400.000  6.039128e-01 
  401.000  6.059777e-01 
  402.000  6.080242e-01 
  403.000  6.100515e-01 
  404.000  6.120592e-01 
  405.000  6.140434e-01 
  406.000  6.160128e-01 
  407.000  6.179652e-01 
  408.000  6.198992e-01 
  409.000  6.218126e-01 
  410.000  6.237066e-01 
  411.000  6.255803e-01 
  412.000  6.274327e-01 
  413.000  6.292731e-01 
  414.000  6.309802e-01 
  415.000  6.328257e-01 
  416.000  6.346465e-01 
  417.000  6.364357e-01 
  418.000  6.381826e-01 
  419.000  6.399091e-01 
  420.000  6.416188e-01 
  421.000  6.433173e-01 
  422.000  6.450041e-01 
  423.000  6.466773e-01 
  424.000  6.483297e-01 
  425.000  6.499433e-01 
  426.000  6.515402e-01 
  427.000  6.531220e-01 
  428.000  6.546748e-01 
  429.000  6.562051e-01 
  430.000  6.577166e-01 
  431.000  6.592160e-01 
  432.000  6.606990e-01 
  433.000  6.621671e-01 
  434.000  6.636221e-01 
  435.000  6.650620e-01 
  436.000  6.664851e-01 
  437.000  6.678920e-01 
  438.000  6.692821e-01 
  439.000  6.706609e-01 
  440.000  6.720167e-01 
  441.000  6.733546e-01 
  442.000  6.746708e-01 
  443.000  6.759666e-01 
  444.000  6.772412e-01 
  445.000  6.784880e-01 
  446.000  6.796995e-01 
  447.000  6.809696e-01 
  448.000  6.823307e-01 
  449.000  6.837077e-01 
  450.000  6.850575e-01 
  451.000  6.863540e-01 
  452.000  6.876044e-01 
  453.000  6.888288e-01 
  454.000  6.900305e-01 
  455.000  6.911620e-01 
  456.000  6.922017e-01 
  457.000  6.932414e-01 
  458.000  6.942666e-01 
  459.000  6.952698e-01 
  460.000  6.962646e-01 
  461.000  6.972485e-01 
  462.000  6.982133e-01 
  463.000  6.991737e-01 
  464.000  7.004235e-01 
  465.000  7.016540e-01 
  466.000  7.028621e-01 
  467.000  7.040419e-01 
  468.000  7.050025e-01 
  469.000  7.058296e-01 
  470.000  7.065899e-01 
  471.000  7.072743e-01 
  472.000  7.078552e-01 
  473.000  7.082623e-01 
  474.000  7.085966e-01 
  475.000  7.086824e-01 
  476.000  7.085170e-01 
  477.000  7.085136e-01 
  478.000  7.094805e-01 
  479.000  7.109517e-01 
  480.000  7.125388e-01 
  481.000  7.139618e-01 
  482.000  7.152957e-01 
  483.000  7.164549e-01 
  484.000  7.174508e-01 
  485.000  7.183411e-01 
  486.000  7.192902e-01 
  487.000  7.202891e-01 
  488.000  7.212555e-01 
  489.000  7.222038e-01 
  490.000  7.231405e-01 
  491.000  7.238739e-01 
  492.000  7.245441e-01 
  493.000  7.252108e-01 
  494.000  7.258585e-01 
  495.000  7.265060e-01 
  496.000  7.268395e-01 
  497.000  7.271605e-01 
  498.000  7.274766e-01 
  499.000  7.277757e-01 
  500.000  7.280700e-01 
  501.000  7.283316e-01 
  502.000  7.285932e-01 
  503.000  7.288515e-01 
  504.000  7.290979e-01 
  505.000  7.293308e-01 
  506.000  7.300129e-01 
  507.000  7.307146e-01 
  508.000  7.314151e-01 
  509.000  7.321073e-01 
  510.000  7.327846e-01 
  511.000  7.333917e-01 
  512.000  7.339778e-01 
  513.000  7.345604e-01 
  514.000  7.351357e-01 
  515.000  7.357057e-01 
  516.000  7.361129e-01 
  517.000  7.363739e-01 
  518.000  7.366277e-01 
  519.000  7.368767e-01 
  520.000  7.371232e-01 
  521.000  7.373440e-01 
  522.000  7.375032e-01 
  523.000  7.376181e-01 
  524.000  7.377367e-01 
  525.000  7.378302e-01 
  526.000  7.379614e-01 
  527.000  7.379825e-01 
  528.000  7.379590e-01 
  529.000  7.379343e-01 
  530.000  7.379150e-01 
  531.000  7.378992e-01 
  532.000  7.379347e-01 
  533.000  7.382545e-01 
  534.000  7.386584e-01 
  535.000  7.391142e-01 
  536.000  7.395547e-01 
  537.000  7.399576e-01 
  538.000  7.403178e-01 
  539.000  7.406515e-01 
  540.000  7.409646e-01 
  541.000  7.412684e-01 
  542.000  7.415589e-01 
  543.000  7.418391e-01 
  544.000  7.420509e-01 
  545.000  7.422071e-01 
  546.000  7.423559e-01 
  547.000  7.425090e-01 
  548.000  7.426544e-01 
  549.000  7.427975e-01 
  550.000  7.428669e-01 
  551.000  7.428632e-01 
  552.000  7.428624e-01 
  553.000  7.428465e-01 
  554.000  7.428237e-01 
  555.000  7.427967e-01 
  556.000  7.427422e-01 
  557.000  7.426397e-01 
  558.000  7.425290e-01 
  559.000  7.424054e-01 
  560.000  7.422510e-01 
  561.000  7.420686e-01 
  562.000  7.418649e-01 
  563.000  7.416541e-01 
  564.000  7.414007e-01 
  565.000  7.410743e-01 
  566.000  7.406870e-01 
  567.000  7.402528e-01 
  568.000  7.397161e-01 
  569.000  7.392304e-01 
  570.000  7.387362e-01 
  571.000  7.381731e-01 
  572.000  7.376116e-01 
  573.000  7.370421e-01 
  574.000  7.366034e-01 
  575.000  7.363434e-01 
  576.000  7.365031e-01 
  577.000  7.368335e-01 
  578.000  7.374036e-01 
  579.000  7.384944e-01 
  580.000  7.402120e-01 
  581.000  7.421626e-01 
  582.000  7.438058e-01 
  583.000  7.452278e-01 
  584.000  7.464354e-01 
  585.000  7.475101e-01 
  586.000  7.484543e-01 
  587.000  7.493125e-01 
  588.000  7.500954e-01 
  589.000  7.506161e-01 
  590.000  7.510350e-01 
  591.000  7.514271e-01 
  592.000  7.517888e-01 
  593.000  7.521241e-01 
  594.000  7.524419e-01 
  595.000  7.527442e-01 
  596.000  7.525489e-01 
  597.000  7.521946e-01 
  598.000  7.518382e-01 
  599.000  7.514811e-01 
  600.000  7.511110e-01 
  601.000  7.507421e-01 
  602.000  7.503756e-01 
  603.000  7.505946e-01 
  604.000  7.512265e-01 
  605.000  7.518514e-01 
  606.000  7.524439e-01 
  607.000  7.530206e-01 
  608.000  7.536255e-01 
  609.000  7.542079e-01 
  610.000  7.548183e-01 
  611.000  7.554969e-01 
  612.000  7.561613e-01 
  613.000  7.568051e-01 
  614.000  7.574298e-01 
  615.000  7.580528e-01 
  616.000  7.586527e-01 
  617.000  7.592194e-01 
  618.000  7.596943e-01 
  619.000  7.600961e-01 
  620.000  7.604680e-01 
  621.000  7.607874e-01 
  622.000  7.610545e-01 
  623.000  7.612332e-01 
  624.000  7.614239e-01 
  625.000  7.615847e-01 
  626.000  7.617575e-01 
  627.000  7.611088e-01 
  628.000  7.381700e-01 
  629.000  7.539028e-01 
  630.000  7.539731e-01 
  631.000  7.581666e-01 
  632.000  7.616775e-01 
  633.000  7.641858e-01 
  634.000  7.663727e-01 
  635.000  7.681030e-01 
  636.000  7.695574e-01 
  637.000  7.709318e-01 
  638.000  7.721953e-01 
  639.000  7.734137e-01 
  640.000  7.745813e-01 
  641.000  7.757239e-01 
  642.000  7.766346e-01 
  643.000  7.774785e-01 
  644.000  7.782761e-01 
  645.000  7.790362e-01 
  646.000  7.797711e-01 
  647.000  7.804745e-01 
  648.000  7.811538e-01 
  649.000  7.818154e-01 
  650.000  7.824163e-01 
  651.000  7.829798e-01 
  652.000  7.835395e-01 
  653.000  7.840943e-01 
  654.000  7.846454e-01 
  655.000  7.851939e-01 
  656.000  7.857387e-01 
  657.000  7.862425e-01 
  658.000  7.867684e-01 
  659.000  7.873023e-01 
  660.000  7.878456e-01 
  661.000  7.883886e-01 
  662.000  7.889320e-01 
  663.000  7.894574e-01 
  664.000  7.899806e-01 
  665.000  7.905017e-01 
  666.000  7.910206e-01 
  667.000  7.915435e-01 
  668.000  7.920761e-01 
  669.000  7.926067e-01 
  670.000  7.931351e-01 
  671.000  7.936614e-01 
  672.000  7.941856e-01 
  673.000  7.947078e-01 
  674.000  7.952279e-01 
  675.000  7.957460e-01 
  676.000  7.962425e-01 
  677.000  7.966966e-01 
  678.000  7.971488e-01 
  679.000  7.975991e-01 
  680.000  7.980475e-01 
  681.000  7.984940e-01 
  682.000  7.989386e-01 
  683.000  7.993815e-01 
  684.000  7.998224e-01 
  685.000  8.002478e-01 
  686.000  7.976550e-01 
  687.000  6.956371e-01 
  688.000  7.268423e-01 
  689.000  7.187405e-01 
  690.000  7.348459e-01 
  691.000  7.589224e-01 
  692.000  7.778435e-01 
  693.000  7.903439e-01 
  694.000  7.982364e-01 
  695.000  8.016275e-01 
  696.000  8.032789e-01 
  697.000  8.043135e-01 
  698.000  8.048572e-01 
  699.000  8.052304e-01 
  700.000  8.055519e-01 
  701.000  8.058565e-01 
  702.000  8.061596e-01 
  703.000  8.064613e-01 
  704.000  8.067616e-01 
  705.000  8.070198e-01 
  706.000  8.072648e-01 
  707.000  8.075086e-01 
  708.000  8.077511e-01 
  709.000  8.079923e-01 
  710.000  8.082323e-01 
  711.000  8.084711e-01 
  712.000  8.087087e-01 
  713.000  8.089450e-01 
  714.000  8.091801e-01 
  715.000  8.094484e-01 
  716.000  8.097291e-01 
  717.000  8.100086e-01 
  718.000  8.102868e-01 
  719.000  8.105636e-01 
  720.000  8.108393e-01 
  721.000  8.111137e-01 
  722.000  8.113869e-01 
  723.000  8.116588e-01 
  724.000  8.119295e-01 
  725.000  8.121684e-01 
  726.000  8.123524e-01 
  727.000  8.125353e-01 
  728.000  8.127173e-01 
  729.000  8.128982e-01 
  730.000  8.130782e-01 
  731.000  8.132572e-01 
  732.000  8.134351e-01 
  733.000  8.136122e-01 
  734.000  8.137882e-01 
  735.000  8.139633e-01 
  736.000  8.141074e-01 
  737.000  8.142381e-01 
  738.000  8.143679e-01 
  739.000  8.144970e-01 
  740.000  8.146252e-01 
  741.000  8.147526e-01 
  742.000  8.148791e-01 
  743.000  8.150049e-01 
  744.000  8.151299e-01 
  745.000  8.152540e-01 
  746.000  8.153774e-01 
  747.000  8.155520e-01 
  748.000  8.157447e-01 
  749.000  8.159365e-01 
  750.000  8.161274e-01 
  751.000  8.163173e-01 
  752.000  8.165063e-01 
  753.000  8.166944e-01 
  754.000  8.168817e-01 
  755.000  8.170680e-01 
  756.000  8.172534e-01 
  757.000  8.173867e-01 
  758.000  8.161385e-01 
  759.000  7.622064e-01 
  760.000  3.576634e-01 
  761.000  3.190460e-01 
  762.000  5.544194e-01 
  763.000  4.814163e-01 
  764.000  5.175766e-01 
  765.000  5.995105e-01 
  766.000  6.981295e-01 
  767.000  7.477926e-01 
  768.000  7.802407e-01 
  769.000  8.016407e-01 
  770.000  8.129326e-01 
  771.000  8.184510e-01 
  772.000  8.197945e-01 
  773.000  8.204210e-01 
  774.000  8.212289e-01 
  775.000  8.216443e-01 
  776.000  8.219227e-01 
  777.000  8.220903e-01 
  778.000  8.222162e-01 
  779.000  8.223173e-01 
  780.000  8.224095e-01 
  781.000  8.225010e-01 
  782.000  8.225920e-01 
  783.000  8.226824e-01 
  784.000  8.227722e-01 
  785.000  8.228614e-01 
  786.000  8.229501e-01 
  787.000  8.230383e-01 
  788.000  8.231258e-01 
  789.000  8.232129e-01 
  790.000  8.232993e-01 
  791.000  8.233853e-01 
  792.000  8.234707e-01 
  793.000  8.235555e-01 
  794.000  8.236399e-01 
  795.000  8.237237e-01 
  796.000  8.238069e-01 
  797.000  8.238897e-01 
  798.000  8.239720e-01 
  799.000  8.240537e-01 
  800.000  8.241349e-01 
  801.000  8.242157e-01 
  802.000  8.242959e-01 
  803.000  8.243756e-01 
  804.000  8.244548e-01 
  805.000  8.245336e-01 
  806.000  8.246118e-01 
  807.000  8.246896e-01 
  808.000  8.247669e-01 
  809.000  8.248438e-01 
  810.000  8.249201e-01 
  811.000  8.249960e-01 
  812.000  8.250714e-01 
  813.000  8.251464e-01 
  814.000  8.252209e-01 
  815.000  8.252949e-01 
  816.000  8.253685e-01 
  817.000  8.254417e-01 
  818.000  8.255144e-01 
  819.000  8.255866e-01 
  820.000  8.256584e-01 
  821.000  8.257298e-01 
  822.000  8.258008e-01 
  823.000  8.258713e-01 
  824.000  8.259414e-01 
  825.000  8.260111e-01 
  826.000  8.260804e-01 
  827.000  8.261492e-01 
  828.000  8.262177e-01 
  829.000  8.262857e-01 
  830.000  8.263533e-01 
  831.000  8.264205e-01 
  832.000  8.264872e-01 
  833.000  8.265536e-01 
  834.000  8.266197e-01 
  835.000  8.266853e-01 
  836.000  8.267505e-01 
  837.000  8.268154e-01 
  838.000  8.268798e-01 
  839.000  8.269439e-01 
  840.000  8.270075e-01 
  841.000  8.270709e-01 
  842.000  8.271338e-01 
  843.000  8.271964e-01 
  844.000  8.272586e-01 
  845.000  8.273204e-01 
  846.000  8.273818e-01 
  847.000  8.274429e-01 
  848.000  8.275037e-01 
  849.000  8.275641e-01 
  850.000  8.276241e-01 
  851.000  8.276838e-01 
  852.000  8.277432e-01 
  853.000  8.278021e-01 
  854.000  8.278608e-01 
  855.000  8.279191e-01 
  856.000  8.279771e-01 
  857.000  8.280347e-01 
  858.000  8.280920e-01 
  859.000  8.281490e-01 
  860.000  8.282056e-01 
  861.000  8.282619e-01 
  862.000  8.283179e-01 
  863.000  8.283735e-01 
  864.000  8.284289e-01 
  865.000  8.284839e-01 
  866.000  8.285385e-01 
  867.000  8.285930e-01 
  868.000  8.286470e-01 
  869.000  8.287008e-01 
  870.000  8.287542e-01 
  871.000  8.288074e-01 
  872.000  8.288602e-01 
  873.000  8.289128e-01 
  874.000  8.289650e-01 
  875.000  8.290170e-01 
  876.000  8.290686e-01 
  877.000  8.291200e-01 
  878.000  8.291710e-01 
  879.000  8.292218e-01 
  880.000  8.292723e-01 
  881.000  8.293225e-01 
  882.000  8.293724e-01 
  883.000  8.294221e-01 
  884.000  8.294714e-01 
  885.000  8.295205e-01 
  886.000  8.295693e-01 
  887.000  8.296178e-01 
  888.000  8.296661e-01 
  889.000  8.297141e-01 
  890.000  8.297618e-01 
  891.000  8.298092e-01 
  892.000  8.298564e-01 
  893.000  8.299033e-01 
  894.000  8.299500e-01 
  895.000  8.299964e-01 
  896.000  8.300425e-01 
  897.000  8.300884e-01 
  898.000  8.301340e-01 
  899.000  8.301794e-01 
  900.000  8.302245e-01 
  901.000  8.302694e-01 
  902.000  8.303140e-01 
  903.000  8.303584e-01 
  904.000  8.304026e-01 
  905.000  8.304464e-01 
  906.000  8.304901e-01 
  907.000  8.305335e-01 
  908.000  8.305767e-01 
  909.000  8.306196e-01 
  910.000  8.306623e-01 
  911.000  8.307048e-01 
  912.000  8.307470e-01 
  913.000  8.307890e-01 
  914.000  8.308308e-01 
  915.000  8.308724e-01 
  916.000  8.309137e-01 
  917.000  8.309547e-01 
  918.000  8.309956e-01 
  919.000  8.310363e-01 
  920.000  8.310767e-01 
  921.000  8.311169e-01 
  922.000  8.311569e-01 
  923.000  8.311967e-01 
  924.000  8.312362e-01 
  925.000  8.312756e-01 
  926.000  8.313147e-01 
  927.000  8.313537e-01 
  928.000  8.313923e-01 
  929.000  8.314309e-01 
  930.000  8.314692e-01 
  931.000  8.315073e-01 
  932.000  8.315452e-01 
  933.000  8.315828e-01 
  934.000  8.316203e-01 
  935.000  8.316576e-01 
  936.000  8.316947e-01 
  937.000  8.317316e-01 
  938.000  8.317683e-01 
  939.000  8.318048e-01 
  940.000  8.318411e-01 
  941.000  8.318772e-01 
  942.000  8.319131e-01 
  943.000  8.319489e-01 
  944.000  8.319844e-01 
  945.000  8.320197e-01 
  946.000  8.320549e-01 
  947.000  8.320899e-01 
  948.000  8.321247e-01 
  949.000  8.321593e-01 
  950.000  8.321938e-01 
  951.000  8.322280e-01 
  952.000  8.322621e-01 
  953.000  8.322960e-01 
  954.000  8.323297e-01 
  955.000  8.323632e-01 
  956.000  8.323966e-01 
  957.000  8.324298e-01 
  958.000  8.324628e-01 
  959.000  8.324957e-01 
  960.000  8.325284e-01 
  961.000  8.325608e-01 
  962.000  8.325932e-01 
  963.000  8.326254e-01 
  964.000  8.326573e-01 
  965.000  8.326892e-01 
  966.000  8.327209e-01 
  967.000  8.327524e-01 
  968.000  8.327838e-01 
  969.000  8.328149e-01 
  970.000  8.328459e-01 
  971.000  8.328768e-01 
  972.000  8.329075e-01 
  973.000  8.329381e-01 
  974.000  8.329685e-01 
  975.000  8.329987e-01 
  976.000  8.330288e-01 
  977.000  8.330587e-01 
  978.000  8.330885e-01 
  979.000  8.331181e-01 
  980.000  8.331476e-01 
  981.000  8.331769e-01 
  982.000  8.332061e-01 
  983.000  8.332351e-01 
  984.000  8.332640e-01 
  985.000  8.332927e-01 
  986.000  8.333213e-01 
  987.000  8.333497e-01 
  988.000  8.333780e-01 
  989.000  8.334062e-01 
  990.000  8.334342e-01 
  991.000  8.334621e-01 
  992.000  8.334898e-01 
  993.000  8.335174e-01 
  994.000  8.335449e-01 
  995.000  8.335721e-01 
  996.000  8.335993e-01 
  997.000  8.336264e-01 
  998.000  8.336533e-01 
  999.000  8.336800e-01 
 1000.000  8.337067e-01 
 1001.000  8.337332e-01 
 1002.000  8.337595e-01 
 1003.000  8.337858e-01 
 1004.000  8.338119e-01 
 1005.000  8.338379e-01 
 1006.000  8.338204e-01 
 1007.000  8.338428e-01 
 1008.000  8.338603e-01 
 1009.000  8.338682e-01 
 1010.000  8.338807e-01 
 1011.000  8.338831e-01 
 1012.000  8.338915e-01 
 1013.000  8.338851e-01 
 1014.000  8.338858e-01 
 1015.000  8.338756e-01 
 1016.000  8.338717e-01 
 1017.000  8.338740e-01 
 1018.000  8.338631e-01 
 1019.000  8.338621e-01 
 1020.000  8.338512e-01 
 1021.000  8.338450e-01 
 1022.000  8.338182e-01 
 1023.000  8.337896e-01 
 1024.000  8.337575e-01 
 1025.000  8.337368e-01 
 1026.000  8.336936e-01 
 1027.000  8.336618e-01 
 1028.000  8.336045e-01 
 1029.000  8.335602e-01 
 1030.000  8.335040e-01 
 1031.000  8.334461e-01 
 1032.000  8.333673e-01 
 1033.000  8.332912e-01 
 1034.000  8.331981e-01 
 1035.000  8.330460e-01 
 1036.000  8.327774e-01 
 1037.000  8.325533e-01 
 1038.000  8.325258e-01 
 1039.000  8.324555e-01 
 1040.000  8.323367e-01 
 1041.000  8.322355e-01 
 1042.000  8.321652e-01 
 1043.000  8.320732e-01 
 1044.000  8.319280e-01 
 1045.000  8.317425e-01 
 1046.000  8.315743e-01 
 1047.000  8.313317e-01 
 1048.000  8.307803e-01 
 1049.000  8.300830e-01 
 1050.000  8.298096e-01 
 1051.000  8.297023e-01 
 1052.000  8.294064e-01 
 1053.000  8.291101e-01 
 1054.000  8.288340e-01 
 1055.000  8.285364e-01 
 1056.000  8.280910e-01 
 1057.000  8.276409e-01 
 1058.000  8.271350e-01 
 1059.000  8.267002e-01 
 1060.000  8.263023e-01 
 1061.000  8.260158e-01 
 1062.000  8.255423e-01 
 1063.000  8.248394e-01 
 1064.000  8.242837e-01 
 1065.000  8.242168e-01 
 1066.000  8.241577e-01 
 1067.000  8.239894e-01 
 1068.000  8.242252e-01 
 1069.000  8.254822e-01 
 1070.000  8.263968e-01 
 1071.000  8.272199e-01 
 1072.000  8.277661e-01 
 1073.000  8.283358e-01 
 1074.000  8.288863e-01 
 1075.000  8.294204e-01 
 1076.000  8.299085e-01 
 1077.000  8.303462e-01 
 1078.000  8.307601e-01 
 1079.000  8.311595e-01 
 1080.000  8.314756e-01 
 1081.000  8.317808e-01 
 1082.000  8.320550e-01 
 1083.000  8.323490e-01 
 1084.000  8.325910e-01 
 1085.000  8.328162e-01 
 1086.000  8.330357e-01 
 1087.000  8.332283e-01 
 1088.000  8.334208e-01 
 1089.000  8.335897e-01 
 1090.000  8.337665e-01 
 1091.000  8.339263e-01 
 1092.000  8.341220e-01 
 1093.000  8.342357e-01 
 1094.000  8.343482e-01 
 1095.000  8.344516e-01 
 1096.000  8.345325e-01 
 1097.000  8.346703e-01 
 1098.000  8.347682e-01 
 1099.000  8.348969e-01 
 1100.000  8.349863e-01 
 1101.000  8.350544e-01 
 1102.000  8.351794e-01 
 1103.000  8.352131e-01 
 1104.000  8.352293e-01 
 1105.000  8.353068e-01 
 1106.000  8.353795e-01 
 1107.000  8.354553e-01 
 1108.000  8.355373e-01 
 1109.000  8.355803e-01 
 1110.000  8.356455e-01 
 1111.000  8.357116e-01 
 1112.000  8.357711e-01 
 1113.000  8.357655e-01 
 1114.000  8.357970e-01 
 1115.000  8.358210e-01 
 1116.000  8.358640e-01 
 1117.000  8.358535e-01 
 1118.000  8.359298e-01 
 1119.000  8.359374e-01 
 1120.000  8.360091e-01 
 1121.000  8.360519e-01 
 1122.000  8.360679e-01 
 1123.000  8.360550e-01 
 1124.000  8.360847e-01 
 1125.000  8.361242e-01 
 1126.000  8.361228e-01 
 1127.000  8.361923e-01 
 1128.000  8.361653e-01 
 1129.000  8.362185e-01 
 1130.000  8.362494e-01 
 1131.000  8.362668e-01 
 1132.000  8.362840e-01 
 1133.000  8.363174e-01 
 1134.000  8.363273e-01 
 1135.000  8.363457e-01 
 1136.000  8.363597e-01 
 1137.000  8.363642e-01 
 1138.000  8.363783e-01 
 1139.000  8.363923e-01 
 1140.000  8.364064e-01 
 1141.000  8.364202e-01 
 1142.000  8.364341e-01 
 1143.000  8.364479e-01 
 1144.000  8.364616e-01 
 1145.000  8.364753e-01 
 1146.000  8.364889e-01 
 1147.000  8.365024e-01 
 1148.000  8.365159e-01 
 1149.000  8.365294e-01 
 1150.000  8.365427e-01 
