  320.000  1.104351e-01 
  321.000  1.423322e-01 
  322.000  1.296170e-01 
  323.000  1.457712e-01 
  324.000  1.623453e-01 
  325.000  1.499617e-01 
  326.000  1.703927e-01 
  327.000  1.761899e-01 
  328.000  1.637207e-01 
  329.000  1.878213e-01 
  330.000  1.917037e-01 
  331.000  1.840378e-01 
  332.000  1.988977e-01 
  333.000  2.032755e-01 
  334.000  1.996796e-01 
  335.000  2.107359e-01 
  336.000  2.152489e-01 
  337.000  2.133445e-01 
  338.000  2.186484e-01 
  339.000  2.241506e-01 
  340.000  2.232444e-01 
  341.000  2.286098e-01 
  342.000  2.325502e-01 
  343.000  2.345346e-01 
  344.000  2.349405e-01 
  345.000  2.403144e-01 
  346.000  2.437203e-01 
  347.000  2.465043e-01 
  348.000  2.491177e-01 
  349.000  2.520598e-01 
  350.000  2.545799e-01 
  351.000  2.570947e-01 
  352.000  2.591614e-01 
  353.000  2.621056e-01 
  354.000  2.646170e-01 
  355.000  2.669581e-01 
  356.000  2.692430e-01 
  357.000  2.712796e-01 
  358.000  2.734740e-01 
  359.000  2.756696e-01 
  360.000  2.779215e-01 
  361.000  2.807710e-01 
  362.000  2.837438e-01 
  363.000  2.864867e-01 
  364.000  2.890152e-01 
  365.000  2.913905e-01 
  366.000  2.938228e-01 
  367.000  2.961420e-01 
  368.000  2.984433e-01 
  369.000  3.007278e-01 
  370.000  3.029917e-01 
  371.000  3.052408e-01 
  372.000  3.074741e-01 
  373.000  3.096913e-01 
  374.000  3.118755e-01 
  375.000  3.140200e-01 
  376.000  3.160940e-01 
  377.000  3.180564e-01 
  378.000  3.198811e-01 
  379.000  3.217367e-01 
  380.000  3.237797e-01 
  381.000  3.261080e-01 
  382.000  3.285236e-01 
  383.000  3.308106e-01 
  384.000  3.329824e-01 
  385.000  3.350770e-01 
  386.000  3.371200e-01 
  387.000  3.391318e-01 
  388.000  3.411198e-01 
  389.000  3.430931e-01 
  390.000  3.450521e-01 
  391.000  3.469928e-01 
  392.000  3.489205e-01 
  393.000  3.508340e-01 
  394.000  3.527310e-01 
  395.000  3.546102e-01 
  396.000  3.564786e-01 
  397.000  3.583267e-01 
  398.000  3.601591e-01 
  399.000  3.619772e-01 
  400.000  3.637714e-01 
  401.000  3.655599e-01 
  402.000  3.673353e-01 
  403.000  3.690966e-01 
  404.000  3.708434e-01 
  405.000  3.725721e-01 
  406.000  3.742904e-01 
  407.000  3.759963e-01 
  408.000  3.776883e-01 
  409.000  3.793648e-01 
  410.000  3.810262e-01 
  411.000  3.826722e-01 
  412.000  3.843015e-01 
  413.000  3.859223e-01 
  414.000  3.874277e-01 
  415.000  3.890570e-01 
  416.000  3.906666e-01 
  417.000  3.922502e-01 
  418.000  3.937984e-01 
  419.000  3.953301e-01 
  420.000  3.968488e-01 
  421.000  3.983592e-01 
  422.000  3.998610e-01 
  423.000  4.013524e-01 
  424.000  4.028270e-01 
  425.000  4.042684e-01 
  426.000  4.056964e-01 
  427.000  4.071126e-01 
  428.000  4.085042e-01 
  429.000  4.098769e-01 
  430.000  4.112343e-01 
  431.000  4.125822e-01 
  432.000  4.139166e-01 
  433.000  4.152389e-01 
  434.000  4.165505e-01 
  435.000  4.178500e-01 
  436.000  4.191354e-01 
  437.000  4.204073e-01 
  438.000  4.216653e-01 
  439.000  4.229141e-01 
  440.000  4.241432e-01 
  441.000  4.253572e-01 
  442.000  4.265524e-01 
  443.000  4.277301e-01 
  444.000  4.288896e-01 
  445.000  4.300246e-01 
  446.000  4.311285e-01 
  447.000  4.322866e-01 
  448.000  4.335287e-01 
  449.000  4.347865e-01 
  450.000  4.360205e-01 
  451.000  4.372067e-01 
  452.000  4.383518e-01 
  453.000  4.394739e-01 
  454.000  4.405760e-01 
  455.000  4.416144e-01 
  456.000  4.425694e-01 
  457.000  4.435249e-01 
  458.000  4.444678e-01 
  459.000  4.453909e-01 
  460.000  4.463069e-01 
  461.000  4.472135e-01 
  462.000  4.481030e-01 
  463.000  4.489890e-01 
  464.000  4.501427e-01 
  465.000  4.512795e-01 
  466.000  4.523965e-01 
  467.000  4.534881e-01 
  468.000  4.543775e-01 
  469.000  4.551437e-01 
  470.000  4.558484e-01 
  471.000  4.564829e-01 
  472.000  4.570218e-01 
  473.000  4.573995e-01 
  474.000  4.577098e-01 
  475.000  4.577895e-01 
  476.000  4.576359e-01 
  477.000  4.576327e-01 
  478.000  4.585304e-01 
  479.000  4.598974e-01 
  480.000  4.613734e-01 
  481.000  4.626980e-01 
  482.000  4.639407e-01 
  483.000  4.650215e-01 
  484.000  4.659506e-01 
  485.000  4.667817e-01 
  486.000  4.676682e-01 
  487.000  4.686017e-01 
  488.000  4.695055e-01 
  489.000  4.703928e-01 
  490.000  4.712698e-01 
  491.000  4.719567e-01 
  492.000  4.725847e-01 
  493.000  4.732097e-01 
  494.000  4.738171e-01 
  495.000  4.744246e-01 
  496.000  4.747377e-01 
  497.000  4.750389e-01 
  498.000  4.753357e-01 
  499.000  4.756165e-01 
  500.000  4.758930e-01 
  501.000  4.761387e-01 
  502.000  4.763845e-01 
  503.000  4.766272e-01 
  504.000  4.768587e-01 
  505.000  4.770776e-01 
  506.000  4.777189e-01 
  507.000  4.783789e-01 
  508.000  4.790380e-01 
  509.000  4.796896e-01 
  510.000  4.803275e-01 
  511.000  4.808994e-01 
  512.000  4.814517e-01 
  513.000  4.820010e-01 
  514.000  4.825435e-01 
  515.000  4.830813e-01 
  516.000  4.834655e-01 
  517.000  4.837118e-01 
  518.000  4.839514e-01 
  519.000  4.841865e-01 
  520.000  4.844193e-01 
  521.000  4.846278e-01 
  522.000  4.847782e-01 
  523.000  4.848867e-01 
  524.000  4.849988e-01 
  525.000  4.850871e-01 
  526.000  4.852110e-01 
  527.000  4.852310e-01 
  528.000  4.852088e-01 
  529.000  4.851854e-01 
  530.000  4.851672e-01 
  531.000  4.851523e-01 
  532.000  4.851858e-01 
  533.000  4.854880e-01 
  534.000  4.858697e-01 
  535.000  4.863005e-01 
  536.000  4.867171e-01 
  537.000  4.870982e-01 
  538.000  4.874389e-01 
  539.000  4.877547e-01 
  540.000  4.880510e-01 
  541.000  4.883386e-01 
  542.000  4.886136e-01 
  543.000  4.888789e-01 
  544.000  4.890796e-01 
  545.000  4.892274e-01 
  546.000  4.893685e-01 
  547.000  4.895135e-01 
  548.000  4.896512e-01 
  549.000  4.897867e-01 
  550.000  4.898525e-01 
  551.000  4.898491e-01 
  552.000  4.898483e-01 
  553.000  4.898332e-01 
  554.000  4.898115e-01 
  555.000  4.897860e-01 
  556.000  4.897344e-01 
  557.000  4.896373e-01 
  558.000  4.895323e-01 
  559.000  4.894151e-01 
  560.000  4.892683e-01 
  561.000  4.890941e-01 
  562.000  4.886900e-01 
  563.000  4.884724e-01 
  564.000  4.881801e-01 
  565.000  4.877207e-01 
  566.000  4.874519e-01 
  567.000  4.864147e-01 
  568.000  4.834180e-01 
  569.000  4.767888e-01 
  570.000  4.777290e-01 
  571.000  4.822178e-01 
  572.000  4.777510e-01 
  573.000  4.788626e-01 
  574.000  4.791133e-01 
  575.000  4.787973e-01 
  576.000  4.789779e-01 
  577.000  4.805940e-01 
  578.000  4.825837e-01 
  579.000  4.843556e-01 
  580.000  4.859058e-01 
  581.000  4.881856e-01 
  582.000  4.897072e-01 
  583.000  4.906168e-01 
  584.000  4.914679e-01 
  585.000  4.920613e-01 
  586.000  4.927126e-01 
  587.000  4.910537e-01 
  588.000  4.820756e-01 
  589.000  4.679829e-01 
  590.000  4.672636e-01 
  591.000  4.771388e-01 
  592.000  4.721309e-01 
  593.000  4.834031e-01 
  594.000  4.810904e-01 
  595.000  4.734240e-01 
  596.000  4.843548e-01 
  597.000  4.816756e-01 
  598.000  4.860090e-01 
  599.000  4.876462e-01 
  600.000  4.915554e-01 
  601.000  4.940099e-01 
  602.000  4.946838e-01 
  603.000  4.958738e-01 
  604.000  4.972103e-01 
  605.000  4.981735e-01 
  606.000  4.988356e-01 
  607.000  4.994740e-01 
  608.000  5.000669e-01 
  609.000  5.006328e-01 
  610.000  5.012162e-01 
  611.000  5.018641e-01 
  612.000  5.024987e-01 
  613.000  5.031136e-01 
  614.000  5.037105e-01 
  615.000  5.043059e-01 
  616.000  5.048796e-01 
  617.000  5.054215e-01 
  618.000  5.058759e-01 
  619.000  5.062604e-01 
  620.000  5.066164e-01 
  621.000  5.069222e-01 
  622.000  5.071778e-01 
  623.000  5.073488e-01 
  624.000  5.075305e-01 
  625.000  5.076813e-01 
  626.000  5.072923e-01 
  627.000  5.036899e-01 
  628.000  4.857580e-01 
  629.000  4.962315e-01 
  630.000  4.996011e-01 
  631.000  5.031756e-01 
  632.000  5.018625e-01 
  633.000  5.071486e-01 
  634.000  5.095326e-01 
  635.000  5.106219e-01 
  636.000  5.121568e-01 
  637.000  5.135073e-01 
  638.000  5.162358e-01 
  639.000  5.171348e-01 
  640.000  5.189087e-01 
  641.000  5.196635e-01 
  642.000  5.210204e-01 
  643.000  5.202909e-01 
  644.000  5.208761e-01 
  645.000  5.195712e-01 
  646.000  5.118820e-01 
  647.000  5.066743e-01 
  648.000  5.008252e-01 
  649.000  5.066988e-01 
  650.000  5.176969e-01 
  651.000  5.180579e-01 
  652.000  5.090493e-01 
  653.000  5.202018e-01 
  654.000  5.193809e-01 
  655.000  5.158069e-01 
  656.000  5.175491e-01 
  657.000  5.200484e-01 
  658.000  5.241198e-01 
  659.000  5.266509e-01 
  660.000  5.279638e-01 
  661.000  5.310116e-01 
  662.000  5.325655e-01 
  663.000  5.327169e-01 
  664.000  5.335321e-01 
  665.000  5.343130e-01 
  666.000  5.352020e-01 
  667.000  5.359635e-01 
  668.000  5.368918e-01 
  669.000  5.375323e-01 
  670.000  5.380898e-01 
  671.000  5.386820e-01 
  672.000  5.392025e-01 
  673.000  5.397121e-01 
  674.000  5.402166e-01 
  675.000  5.407227e-01 
  676.000  5.411955e-01 
  677.000  5.416310e-01 
  678.000  5.420682e-01 
  679.000  5.424114e-01 
  680.000  5.423471e-01 
  681.000  5.422497e-01 
  682.000  5.424700e-01 
  683.000  5.425732e-01 
  684.000  5.421062e-01 
  685.000  5.429758e-01 
  686.000  5.405254e-01 
  687.000  4.579705e-01 
  688.000  4.838940e-01 
  689.000  4.763432e-01 
  690.000  4.899498e-01 
  691.000  5.072402e-01 
  692.000  5.168236e-01 
  693.000  5.092742e-01 
  694.000  4.998904e-01 
  695.000  5.082456e-01 
  696.000  5.131959e-01 
  697.000  5.347341e-01 
  698.000  5.302892e-01 
  699.000  5.109912e-01 
  700.000  5.142032e-01 
  701.000  5.099469e-01 
  702.000  5.131426e-01 
  703.000  5.293743e-01 
  704.000  5.301278e-01 
  705.000  5.234839e-01 
  706.000  5.248335e-01 
  707.000  5.272722e-01 
  708.000  5.299098e-01 
  709.000  5.352671e-01 
  710.000  5.296441e-01 
  711.000  5.354601e-01 
  712.000  5.404282e-01 
  713.000  5.364878e-01 
  714.000  5.351632e-01 
  715.000  5.287146e-01 
  716.000  5.219693e-01 
  717.000  4.802577e-01 
  718.000  4.550837e-01 
  719.000  4.460950e-01 
  720.000  4.328118e-01 
  721.000  4.922154e-01 
  722.000  5.139268e-01 
  723.000  5.016717e-01 
  724.000  4.672830e-01 
  725.000  4.722917e-01 
  726.000  4.707215e-01 
  727.000  4.755812e-01 
  728.000  4.703446e-01 
  729.000  4.834842e-01 
  730.000  4.812624e-01 
  731.000  4.785756e-01 
  732.000  5.008964e-01 
  733.000  5.226119e-01 
  734.000  5.331908e-01 
  735.000  5.294989e-01 
  736.000  5.226007e-01 
  737.000  5.278296e-01 
  738.000  5.350321e-01 
  739.000  5.381521e-01 
  740.000  5.450742e-01 
  741.000  5.490889e-01 
  742.000  5.507836e-01 
  743.000  5.544969e-01 
  744.000  5.560068e-01 
  745.000  5.573657e-01 
  746.000  5.583249e-01 
  747.000  5.585926e-01 
  748.000  5.595089e-01 
  749.000  5.600250e-01 
  750.000  5.597432e-01 
  751.000  5.599254e-01 
  752.000  5.608146e-01 
  753.000  5.611874e-01 
  754.000  5.614769e-01 
  755.000  5.616583e-01 
  756.000  5.618494e-01 
  757.000  5.619811e-01 
  758.000  5.608300e-01 
  759.000  5.158898e-01 
  760.000  2.040522e-01 
  761.000  1.773928e-01 
  762.000  3.492659e-01 
  763.000  2.937741e-01 
  764.000  3.210601e-01 
  765.000  3.844692e-01 
  766.000  4.634079e-01 
  767.000  5.041676e-01 
  768.000  5.311432e-01 
  769.000  5.490862e-01 
  770.000  5.588145e-01 
  771.000  5.633532e-01 
  772.000  5.645027e-01 
  773.000  5.650133e-01 
  774.000  5.656692e-01 
  775.000  5.660896e-01 
  776.000  5.663956e-01 
  777.000  5.664689e-01 
  778.000  5.664316e-01 
  779.000  5.663860e-01 
  780.000  5.663387e-01 
  781.000  5.667454e-01 
  782.000  5.666851e-01 
  783.000  5.666389e-01 
  784.000  5.663432e-01 
  785.000  5.648382e-01 
  786.000  5.625908e-01 
  787.000  5.573643e-01 
  788.000  5.546197e-01 
  789.000  5.448762e-01 
  790.000  5.440355e-01 
  791.000  5.458682e-01 
  792.000  5.475701e-01 
  793.000  5.515393e-01 
  794.000  5.599747e-01 
  795.000  5.548146e-01 
  796.000  5.411522e-01 
  797.000  5.450457e-01 
  798.000  5.536839e-01 
  799.000  5.517113e-01 
  800.000  5.454253e-01 
  801.000  5.461720e-01 
  802.000  5.455381e-01 
  803.000  5.464582e-01 
  804.000  5.494184e-01 
  805.000  5.550933e-01 
  806.000  5.584913e-01 
  807.000  5.586427e-01 
  808.000  5.567135e-01 
  809.000  5.543419e-01 
  810.000  5.517389e-01 
  811.000  5.464206e-01 
  812.000  5.392770e-01 
  813.000  5.305690e-01 
  814.000  5.191505e-01 
  815.000  5.050361e-01 
  816.000  4.872403e-01 
  817.000  4.881626e-01 
  818.000  4.895911e-01 
  819.000  4.954725e-01 
  820.000  5.151824e-01 
  821.000  5.379398e-01 
  822.000  5.206029e-01 
  823.000  4.732767e-01 
  824.000  5.130793e-01 
  825.000  5.392564e-01 
  826.000  5.348301e-01 
  827.000  5.315071e-01 
  828.000  5.143012e-01 
  829.000  5.204661e-01 
  830.000  5.274231e-01 
  831.000  5.290796e-01 
  832.000  5.298540e-01 
  833.000  5.339013e-01 
  834.000  5.386832e-01 
  835.000  5.481821e-01 
  836.000  5.451481e-01 
  837.000  5.448478e-01 
  838.000  5.494719e-01 
  839.000  5.522909e-01 
  840.000  5.533147e-01 
  841.000  5.502720e-01 
  842.000  5.530117e-01 
  843.000  5.595297e-01 
  844.000  5.624999e-01 
  845.000  5.638849e-01 
  846.000  5.653425e-01 
  847.000  5.669484e-01 
  848.000  5.642979e-01 
  849.000  5.646344e-01 
  850.000  5.633238e-01 
  851.000  5.617649e-01 
  852.000  5.619195e-01 
  853.000  5.644945e-01 
  854.000  5.643584e-01 
  855.000  5.656553e-01 
  856.000  5.683538e-01 
  857.000  5.693242e-01 
  858.000  5.699472e-01 
  859.000  5.712321e-01 
  860.000  5.718628e-01 
  861.000  5.719780e-01 
  862.000  5.723898e-01 
  863.000  5.724420e-01 
  864.000  5.727239e-01 
  865.000  5.729542e-01 
  866.000  5.730141e-01 
  867.000  5.729704e-01 
  868.000  5.730051e-01 
  869.000  5.730805e-01 
  870.000  5.730222e-01 
  871.000  5.730934e-01 
  872.000  5.732698e-01 
  873.000  5.730903e-01 
  874.000  5.729922e-01 
  875.000  5.729678e-01 
  876.000  5.726557e-01 
  877.000  5.725514e-01 
  878.000  5.717447e-01 
  879.000  5.716879e-01 
  880.000  5.709925e-01 
  881.000  5.705720e-01 
  882.000  5.702452e-01 
  883.000  5.705675e-01 
  884.000  5.707271e-01 
  885.000  5.692831e-01 
  886.000  5.674413e-01 
  887.000  5.689993e-01 
  888.000  5.689049e-01 
  889.000  5.691886e-01 
  890.000  5.681711e-01 
  891.000  5.657086e-01 
  892.000  5.605246e-01 
  893.000  5.449249e-01 
  894.000  5.371447e-01 
  895.000  5.138496e-01 
  896.000  4.931375e-01 
  897.000  4.715329e-01 
  898.000  4.615212e-01 
  899.000  4.340214e-01 
  900.000  4.378574e-01 
  901.000  4.308184e-01 
  902.000  4.322481e-01 
  903.000  4.786247e-01 
  904.000  5.077051e-01 
  905.000  5.067343e-01 
  906.000  4.885352e-01 
  907.000  4.568758e-01 
  908.000  4.363670e-01 
  909.000  4.371679e-01 
  910.000  4.402094e-01 
  911.000  4.537835e-01 
  912.000  4.472082e-01 
  913.000  4.189913e-01 
  914.000  4.328919e-01 
  915.000  4.439985e-01 
  916.000  4.470721e-01 
  917.000  4.532107e-01 
  918.000  4.611578e-01 
  919.000  4.883307e-01 
  920.000  5.092633e-01 
  921.000  5.047197e-01 
  922.000  5.043478e-01 
  923.000  4.985203e-01 
  924.000  4.845887e-01 
  925.000  4.832835e-01 
  926.000  4.825432e-01 
  927.000  4.661218e-01 
  928.000  4.412518e-01 
  929.000  4.061923e-01 
  930.000  3.631155e-01 
  931.000  3.170398e-01 
  932.000  2.591327e-01 
  933.000  2.194240e-01 
  934.000  1.814171e-01 
  935.000  1.772868e-01 
  936.000  1.915500e-01 
  937.000  1.881219e-01 
  938.000  2.314752e-01 
  939.000  3.550712e-01 
  940.000  3.750938e-01 
  941.000  3.582966e-01 
  942.000  3.176791e-01 
  943.000  2.535540e-01 
  944.000  2.490710e-01 
  945.000  2.712371e-01 
  946.000  2.727219e-01 
  947.000  2.936553e-01 
  948.000  3.061142e-01 
  949.000  3.047781e-01 
  950.000  3.080699e-01 
  951.000  3.363504e-01 
  952.000  3.066935e-01 
  953.000  3.279757e-01 
  954.000  3.513483e-01 
  955.000  3.330235e-01 
  956.000  3.294542e-01 
  957.000  3.890713e-01 
  958.000  3.973373e-01 
  959.000  3.875006e-01 
  960.000  3.848024e-01 
  961.000  3.799396e-01 
  962.000  3.847134e-01 
  963.000  4.185977e-01 
  964.000  4.236665e-01 
  965.000  4.205714e-01 
  966.000  4.226135e-01 
  967.000  4.474645e-01 
  968.000  4.898396e-01 
  969.000  5.094148e-01 
  970.000  5.105478e-01 
  971.000  5.101027e-01 
  972.000  5.045322e-01 
  973.000  4.917687e-01 
  974.000  4.763938e-01 
  975.000  4.666028e-01 
  976.000  4.785966e-01 
  977.000  4.986255e-01 
  978.000  4.970672e-01 
  979.000  5.023788e-01 
  980.000  5.231458e-01 
  981.000  5.278262e-01 
  982.000  5.232578e-01 
  983.000  5.340444e-01 
  984.000  5.451979e-01 
  985.000  5.515738e-01 
  986.000  5.598222e-01 
  987.000  5.634224e-01 
  988.000  5.642614e-01 
  989.000  5.647988e-01 
  990.000  5.656770e-01 
  991.000  5.687566e-01 
  992.000  5.696303e-01 
  993.000  5.699559e-01 
  994.000  5.727341e-01 
  995.000  5.744272e-01 
  996.000  5.744811e-01 
  997.000  5.732237e-01 
  998.000  5.719908e-01 
  999.000  5.714700e-01 
 1000.000  5.718861e-01 
 1001.000  5.689358e-01 
 1002.000  5.642265e-01 
 1003.000  5.653390e-01 
 1004.000  5.680411e-01 
 1005.000  5.692749e-01 
 1006.000  5.696682e-01 
 1007.000  5.687632e-01 
 1008.000  5.649251e-01 
 1009.000  5.598064e-01 
 1010.000  5.620823e-01 
 1011.000  5.675232e-01 
 1012.000  5.695991e-01 
 1013.000  5.712337e-01 
 1014.000  5.719182e-01 
 1015.000  5.720478e-01 
 1016.000  5.727859e-01 
 1017.000  5.732131e-01 
 1018.000  5.722854e-01 
 1019.000  5.703874e-01 
 1020.000  5.710509e-01 
 1021.000  5.724162e-01 
 1022.000  5.701174e-01 
 1023.000  5.681962e-01 
 1024.000  5.670460e-01 
 1025.000  5.705649e-01 
 1026.000  5.721201e-01 
 1027.000  5.714583e-01 
 1028.000  5.720016e-01 
 1029.000  5.733811e-01 
 1030.000  5.747936e-01 
 1031.000  5.755125e-01 
 1032.000  5.760759e-01 
 1033.000  5.762499e-01 
 1034.000  5.765885e-01 
 1035.000  5.767526e-01 
 1036.000  5.766596e-01 
 1037.000  5.767094e-01 
 1038.000  5.768310e-01 
 1039.000  5.766033e-01 
 1040.000  5.764106e-01 
 1041.000  5.762584e-01 
 1042.000  5.762174e-01 
 1043.000  5.762166e-01 
 1044.000  5.760839e-01 
 1045.000  5.756547e-01 
 1046.000  5.753685e-01 
 1047.000  5.750315e-01 
 1048.000  5.746213e-01 
 1049.000  5.742422e-01 
 1050.000  5.738193e-01 
 1051.000  5.732180e-01 
 1052.000  5.728059e-01 
 1053.000  5.727186e-01 
 1054.000  5.720774e-01 
 1055.000  5.714849e-01 
 1056.000  5.709541e-01 
 1057.000  5.696441e-01 
 1058.000  5.672684e-01 
 1059.000  5.674000e-01 
 1060.000  5.685623e-01 
 1061.000  5.682555e-01 
 1062.000  5.667644e-01 
 1063.000  5.662207e-01 
 1064.000  5.649620e-01 
 1065.000  5.636275e-01 
 1066.000  5.637481e-01 
 1067.000  5.629395e-01 
 1068.000  5.600220e-01 
 1069.000  5.586011e-01 
 1070.000  5.590571e-01 
 1071.000  5.571942e-01 
 1072.000  5.552874e-01 
 1073.000  5.549318e-01 
 1074.000  5.552322e-01 
 1075.000  5.580887e-01 
 1076.000  5.563177e-01 
 1077.000  5.539399e-01 
 1078.000  5.511411e-01 
 1079.000  5.507808e-01 
 1080.000  5.433031e-01 
 1081.000  5.428843e-01 
 1082.000  5.461714e-01 
 1083.000  5.422001e-01 
 1084.000  5.378692e-01 
 1085.000  5.276036e-01 
 1086.000  5.299851e-01 
 1087.000  5.412714e-01 
 1088.000  5.417239e-01 
 1089.000  5.279576e-01 
 1090.000  5.253615e-01 
 1091.000  5.279377e-01 
 1092.000  5.211223e-01 
 1093.000  5.060452e-01 
 1094.000  4.995206e-01 
 1095.000  5.005349e-01 
 1096.000  5.014122e-01 
 1097.000  4.983504e-01 
 1098.000  4.624244e-01 
 1099.000  4.324445e-01 
 1100.000  4.344030e-01 
 1101.000  4.384404e-01 
 1102.000  4.363440e-01 
 1103.000  4.389593e-01 
 1104.000  4.339037e-01 
 1105.000  4.214013e-01 
 1106.000  4.090413e-01 
 1107.000  4.118823e-01 
 1108.000  4.138202e-01 
 1109.000  4.239858e-01 
 1110.000  4.221300e-01 
 1111.000  4.159637e-01 
 1112.000  3.899550e-01 
 1113.000  3.549144e-01 
 1114.000  3.446414e-01 
 1115.000  3.033473e-01 
 1116.000  2.788334e-01 
 1117.000  2.260315e-01 
 1118.000  1.806134e-01 
 1119.000  1.575317e-01 
 1120.000  1.311460e-01 
 1121.000  1.254188e-01 
 1122.000  1.010583e-01 
 1123.000  1.134284e-01 
 1124.000  1.220963e-01 
 1125.000  1.173489e-01 
 1126.000  1.155725e-01 
 1127.000  1.178800e-01 
 1128.000  1.223391e-01 
 1129.000  1.479239e-01 
 1130.000  2.129526e-01 
 1131.000  2.332847e-01 
 1132.000  2.053536e-01 
 1133.000  1.585392e-01 
 1134.000  8.538603e-02 
 1135.000  9.045757e-02 
 1136.000  1.657995e-01 
 1137.000  2.136570e-01 
 1138.000  2.646735e-01 
 1139.000  2.822712e-01 
 1140.000  2.722013e-01 
 1141.000  2.526760e-01 
 1142.000  2.455973e-01 
 1143.000  2.239699e-01 
 1144.000  2.007244e-01 
 1145.000  1.686719e-01 
 1146.000  1.761193e-01 
 1147.000  2.014749e-01 
 1148.000  2.250217e-01 
 1149.000  2.351064e-01 
 1150.000  2.364105e-01 
