  320.000  1.087280e-01 
  321.000  1.403401e-01 
  322.000  1.277330e-01 
  323.000  1.437510e-01 
  324.000  1.601963e-01 
  325.000  1.479080e-01 
  326.000  1.681847e-01 
  327.000  1.739409e-01 
  328.000  1.615615e-01 
  329.000  1.854931e-01 
  330.000  1.893501e-01 
  331.000  1.817349e-01 
  332.000  1.964981e-01 
  333.000  2.008487e-01 
  334.000  1.972751e-01 
  335.000  2.082638e-01 
  336.000  2.127503e-01 
  337.000  2.108570e-01 
  338.000  2.161301e-01 
  339.000  2.216011e-01 
  340.000  2.207001e-01 
  341.000  2.260356e-01 
  342.000  2.299547e-01 
  343.000  2.319284e-01 
  344.000  2.323322e-01 
  345.000  2.376779e-01 
  346.000  2.410662e-01 
  347.000  2.438361e-01 
  348.000  2.464364e-01 
  349.000  2.493639e-01 
  350.000  2.518718e-01 
  351.000  2.543745e-01 
  352.000  2.564313e-01 
  353.000  2.593616e-01 
  354.000  2.618613e-01 
  355.000  2.641917e-01 
  356.000  2.664661e-01 
  357.000  2.684936e-01 
  358.000  2.706783e-01 
  359.000  2.728641e-01 
  360.000  2.751062e-01 
  361.000  2.779435e-01 
  362.000  2.809036e-01 
  363.000  2.836350e-01 
  364.000  2.861530e-01 
  365.000  2.885186e-01 
  366.000  2.909411e-01 
  367.000  2.932510e-01 
  368.000  2.955432e-01 
  369.000  2.978188e-01 
  370.000  3.000740e-01 
  371.000  3.023144e-01 
  372.000  3.045394e-01 
  373.000  3.067483e-01 
  374.000  3.089244e-01 
  375.000  3.110611e-01 
  376.000  3.131277e-01 
  377.000  3.150830e-01 
  378.000  3.169012e-01 
  379.000  3.187504e-01 
  380.000  3.207863e-01 
  381.000  3.231065e-01 
  382.000  3.255140e-01 
  383.000  3.277933e-01 
  384.000  3.299579e-01 
  385.000  3.320457e-01 
  386.000  3.340821e-01 
  387.000  3.360875e-01 
  388.000  3.380691e-01 
  389.000  3.400362e-01 
  390.000  3.419892e-01 
  391.000  3.439239e-01 
  392.000  3.458458e-01 
  393.000  3.477535e-01 
  394.000  3.496450e-01 
  395.000  3.515186e-01 
  396.000  3.533816e-01 
  397.000  3.552243e-01 
  398.000  3.570515e-01 
  399.000  3.588645e-01 
  400.000  3.606538e-01 
  401.000  3.624374e-01 
  402.000  3.642079e-01 
  403.000  3.659644e-01 
  404.000  3.677065e-01 
  405.000  3.694307e-01 
  406.000  3.711445e-01 
  407.000  3.728459e-01 
  408.000  3.745337e-01 
  409.000  3.762058e-01 
  410.000  3.778631e-01 
  411.000  3.795050e-01 
  412.000  3.811302e-01 
  413.000  3.827471e-01 
  414.000  3.842488e-01 
  415.000  3.858743e-01 
  416.000  3.874801e-01 
  417.000  3.890600e-01 
  418.000  3.906045e-01 
  419.000  3.921327e-01 
  420.000  3.936480e-01 
  421.000  3.951550e-01 
  422.000  3.966534e-01 
  423.000  3.981415e-01 
  424.000  3.996128e-01 
  425.000  4.010511e-01 
  426.000  4.024761e-01 
  427.000  4.038893e-01 
  428.000  4.052779e-01 
  429.000  4.066478e-01 
  430.000  4.080024e-01 
  431.000  4.093475e-01 
  432.000  4.106792e-01 
  433.000  4.119988e-01 
  434.000  4.133079e-01 
  435.000  4.146048e-01 
  436.000  4.158876e-01 
  437.000  4.171571e-01 
  438.000  4.184127e-01 
  439.000  4.196591e-01 
  440.000  4.208859e-01 
  441.000  4.220976e-01 
  442.000  4.232906e-01 
  443.000  4.244661e-01 
  444.000  4.256235e-01 
  445.000  4.267565e-01 
  446.000  4.278584e-01 
  447.000  4.290144e-01 
  448.000  4.302544e-01 
  449.000  4.315100e-01 
  450.000  4.327419e-01 
  451.000  4.339261e-01 
  452.000  4.350692e-01 
  453.000  4.361894e-01 
  454.000  4.372897e-01 
  455.000  4.383264e-01 
  456.000  4.392798e-01 
  457.000  4.402338e-01 
  458.000  4.411751e-01 
  459.000  4.420968e-01 
  460.000  4.430114e-01 
  461.000  4.439165e-01 
  462.000  4.448047e-01 
  463.000  4.456892e-01 
  464.000  4.468412e-01 
  465.000  4.479762e-01 
  466.000  4.490916e-01 
  467.000  4.501815e-01 
  468.000  4.510696e-01 
  469.000  4.518347e-01 
  470.000  4.525384e-01 
  471.000  4.531720e-01 
  472.000  4.537100e-01 
  473.000  4.540873e-01 
  474.000  4.543971e-01 
  475.000  4.544766e-01 
  476.000  4.543233e-01 
  477.000  4.543201e-01 
  478.000  4.552165e-01 
  479.000  4.565815e-01 
  480.000  4.580555e-01 
  481.000  4.593782e-01 
  482.000  4.606193e-01 
  483.000  4.616986e-01 
  484.000  4.626265e-01 
  485.000  4.634565e-01 
  486.000  4.643419e-01 
  487.000  4.652742e-01 
  488.000  4.661767e-01 
  489.000  4.670629e-01 
  490.000  4.679388e-01 
  491.000  4.686249e-01 
  492.000  4.692521e-01 
  493.000  4.698763e-01 
  494.000  4.704830e-01 
  495.000  4.710897e-01 
  496.000  4.714024e-01 
  497.000  4.717032e-01 
  498.000  4.719997e-01 
  499.000  4.722802e-01 
  500.000  4.725563e-01 
  501.000  4.728017e-01 
  502.000  4.730472e-01 
  503.000  4.732896e-01 
  504.000  4.735209e-01 
  505.000  4.737395e-01 
  506.000  4.743800e-01 
  507.000  4.750392e-01 
  508.000  4.756976e-01 
  509.000  4.763484e-01 
  510.000  4.769855e-01 
  511.000  4.775568e-01 
  512.000  4.781086e-01 
  513.000  4.786572e-01 
  514.000  4.791991e-01 
  515.000  4.797362e-01 
  516.000  4.801200e-01 
  517.000  4.803661e-01 
  518.000  4.806054e-01 
  519.000  4.808402e-01 
  520.000  4.810728e-01 
  521.000  4.812811e-01 
  522.000  4.814313e-01 
  523.000  4.815397e-01 
  524.000  4.816516e-01 
  525.000  4.817398e-01 
  526.000  4.818636e-01 
  527.000  4.818836e-01 
  528.000  4.818614e-01 
  529.000  4.818380e-01 
  530.000  4.818199e-01 
  531.000  4.818050e-01 
  532.000  4.818384e-01 
  533.000  4.821403e-01 
  534.000  4.825216e-01 
  535.000  4.829520e-01 
  536.000  4.833681e-01 
  537.000  4.837488e-01 
  538.000  4.840891e-01 
  539.000  4.844046e-01 
  540.000  4.847006e-01 
  541.000  4.849878e-01 
  542.000  4.852626e-01 
  543.000  4.855277e-01 
  544.000  4.857281e-01 
  545.000  4.858758e-01 
  546.000  4.860167e-01 
  547.000  4.861615e-01 
  548.000  4.862991e-01 
  549.000  4.864345e-01 
  550.000  4.865002e-01 
  551.000  4.864967e-01 
  552.000  4.864959e-01 
  553.000  4.864809e-01 
  554.000  4.864593e-01 
  555.000  4.864338e-01 
  556.000  4.863822e-01 
  557.000  4.862852e-01 
  558.000  4.861804e-01 
  559.000  4.860634e-01 
  560.000  4.859169e-01 
  561.000  4.857433e-01 
  562.000  4.853998e-01 
  563.000  4.851876e-01 
  564.000  4.849105e-01 
  565.000  4.844946e-01 
  566.000  4.841986e-01 
  567.000  4.833111e-01 
  568.000  4.809621e-01 
  569.000  4.761942e-01 
  570.000  4.767357e-01 
  571.000  4.797913e-01 
  572.000  4.764484e-01 
  573.000  4.770917e-01 
  574.000  4.771526e-01 
  575.000  4.768563e-01 
  576.000  4.770270e-01 
  577.000  4.781645e-01 
  578.000  4.798409e-01 
  579.000  4.813537e-01 
  580.000  4.829203e-01 
  581.000  4.850883e-01 
  582.000  4.866172e-01 
  583.000  4.876854e-01 
  584.000  4.885791e-01 
  585.000  4.893359e-01 
  586.000  4.900197e-01 
  587.000  4.891148e-01 
  588.000  4.829059e-01 
  589.000  4.728866e-01 
  590.000  4.724774e-01 
  591.000  4.797237e-01 
  592.000  4.761981e-01 
  593.000  4.844167e-01 
  594.000  4.828388e-01 
  595.000  4.773834e-01 
  596.000  4.852048e-01 
  597.000  4.831771e-01 
  598.000  4.861919e-01 
  599.000  4.872634e-01 
  600.000  4.899577e-01 
  601.000  4.916065e-01 
  602.000  4.919861e-01 
  603.000  4.928500e-01 
  604.000  4.940176e-01 
  605.000  4.948746e-01 
  606.000  4.955081e-01 
  607.000  4.961205e-01 
  608.000  4.967082e-01 
  609.000  4.972706e-01 
  610.000  4.978531e-01 
  611.000  4.985003e-01 
  612.000  4.991343e-01 
  613.000  4.997487e-01 
  614.000  5.003451e-01 
  615.000  5.009399e-01 
  616.000  5.015131e-01 
  617.000  5.020546e-01 
  618.000  5.025086e-01 
  619.000  5.028927e-01 
  620.000  5.032484e-01 
  621.000  5.035540e-01 
  622.000  5.038095e-01 
  623.000  5.039803e-01 
  624.000  5.041622e-01 
  625.000  5.043141e-01 
  626.000  5.040830e-01 
  627.000  5.012434e-01 
  628.000  4.832979e-01 
  629.000  4.944024e-01 
  630.000  4.968546e-01 
  631.000  5.004133e-01 
  632.000  5.003089e-01 
  633.000  5.045848e-01 
  634.000  5.069181e-01 
  635.000  5.080895e-01 
  636.000  5.096356e-01 
  637.000  5.109768e-01 
  638.000  5.132889e-01 
  639.000  5.142580e-01 
  640.000  5.158504e-01 
  641.000  5.167457e-01 
  642.000  5.178897e-01 
  643.000  5.176318e-01 
  644.000  5.182691e-01 
  645.000  5.175944e-01 
  646.000  5.122790e-01 
  647.000  5.087215e-01 
  648.000  5.046745e-01 
  649.000  5.091043e-01 
  650.000  5.171921e-01 
  651.000  5.176035e-01 
  652.000  5.112565e-01 
  653.000  5.194446e-01 
  654.000  5.190006e-01 
  655.000  5.165757e-01 
  656.000  5.179775e-01 
  657.000  5.199090e-01 
  658.000  5.229747e-01 
  659.000  5.249342e-01 
  660.000  5.260218e-01 
  661.000  5.283090e-01 
  662.000  5.295615e-01 
  663.000  5.298201e-01 
  664.000  5.305398e-01 
  665.000  5.312517e-01 
  666.000  5.320444e-01 
  667.000  5.327642e-01 
  668.000  5.335763e-01 
  669.000  5.341814e-01 
  670.000  5.347266e-01 
  671.000  5.352962e-01 
  672.000  5.358138e-01 
  673.000  5.363231e-01 
  674.000  5.368283e-01 
  675.000  5.373340e-01 
  676.000  5.378098e-01 
  677.000  5.382473e-01 
  678.000  5.386856e-01 
  679.000  5.390546e-01 
  680.000  5.391246e-01 
  681.000  5.391268e-01 
  682.000  5.393965e-01 
  683.000  5.395936e-01 
  684.000  5.393633e-01 
  685.000  5.401033e-01 
  686.000  5.377802e-01 
  687.000  4.551907e-01 
  688.000  4.808950e-01 
  689.000  4.736328e-01 
  690.000  4.870935e-01 
  691.000  5.050164e-01 
  692.000  5.162109e-01 
  693.000  5.133755e-01 
  694.000  5.081110e-01 
  695.000  5.150833e-01 
  696.000  5.191131e-01 
  697.000  5.352657e-01 
  698.000  5.321096e-01 
  699.000  5.178893e-01 
  700.000  5.203723e-01 
  701.000  5.172757e-01 
  702.000  5.197284e-01 
  703.000  5.318410e-01 
  704.000  5.324643e-01 
  705.000  5.276015e-01 
  706.000  5.286572e-01 
  707.000  5.305198e-01 
  708.000  5.325263e-01 
  709.000  5.365408e-01 
  710.000  5.324466e-01 
  711.000  5.368026e-01 
  712.000  5.405257e-01 
  713.000  5.376904e-01 
  714.000  5.367904e-01 
  715.000  5.321287e-01 
  716.000  5.272840e-01 
  717.000  4.961438e-01 
  718.000  4.770786e-01 
  719.000  4.702748e-01 
  720.000  4.599591e-01 
  721.000  5.055749e-01 
  722.000  5.219149e-01 
  723.000  5.127959e-01 
  724.000  4.867927e-01 
  725.000  4.907100e-01 
  726.000  4.895338e-01 
  727.000  4.932690e-01 
  728.000  4.892877e-01 
  729.000  4.993164e-01 
  730.000  4.976210e-01 
  731.000  4.955644e-01 
  732.000  5.124831e-01 
  733.000  5.287235e-01 
  734.000  5.365753e-01 
  735.000  5.338620e-01 
  736.000  5.287600e-01 
  737.000  5.326692e-01 
  738.000  5.380319e-01 
  739.000  5.403602e-01 
  740.000  5.454862e-01 
  741.000  5.484626e-01 
  742.000  5.497323e-01 
  743.000  5.524849e-01 
  744.000  5.536200e-01 
  745.000  5.545976e-01 
  746.000  5.553791e-01 
  747.000  5.555610e-01 
  748.000  5.563412e-01 
  749.000  5.567698e-01 
  750.000  5.565771e-01 
  751.000  5.567602e-01 
  752.000  5.574981e-01 
  753.000  5.578207e-01 
  754.000  5.580822e-01 
  755.000  5.582641e-01 
  756.000  5.584531e-01 
  757.000  5.585847e-01 
  758.000  5.574359e-01 
  759.000  5.126299e-01 
  760.000  2.021480e-01 
  761.000  1.756565e-01 
  762.000  3.466176e-01 
  763.000  2.913806e-01 
  764.000  3.185392e-01 
  765.000  3.816733e-01 
  766.000  4.603206e-01 
  767.000  5.009471e-01 
  768.000  5.278412e-01 
  769.000  5.457323e-01 
  770.000  5.554371e-01 
  771.000  5.599622e-01 
  772.000  5.611095e-01 
  773.000  5.616240e-01 
  774.000  5.623009e-01 
  775.000  5.627189e-01 
  776.000  5.630171e-01 
  777.000  5.631143e-01 
  778.000  5.631189e-01 
  779.000  5.631110e-01 
  780.000  5.630996e-01 
  781.000  5.634248e-01 
  782.000  5.634037e-01 
  783.000  5.633929e-01 
  784.000  5.631621e-01 
  785.000  5.620568e-01 
  786.000  5.603406e-01 
  787.000  5.566202e-01 
  788.000  5.546087e-01 
  789.000  5.473683e-01 
  790.000  5.467674e-01 
  791.000  5.481612e-01 
  792.000  5.494514e-01 
  793.000  5.524300e-01 
  794.000  5.587267e-01 
  795.000  5.549126e-01 
  796.000  5.447301e-01 
  797.000  5.476668e-01 
  798.000  5.541352e-01 
  799.000  5.526840e-01 
  800.000  5.480112e-01 
  801.000  5.485904e-01 
  802.000  5.481362e-01 
  803.000  5.488425e-01 
  804.000  5.510687e-01 
  805.000  5.553172e-01 
  806.000  5.578620e-01 
  807.000  5.579936e-01 
  808.000  5.565810e-01 
  809.000  5.548406e-01 
  810.000  5.529320e-01 
  811.000  5.489978e-01 
  812.000  5.436999e-01 
  813.000  5.372123e-01 
  814.000  5.286586e-01 
  815.000  5.180326e-01 
  816.000  5.044329e-01 
  817.000  5.052019e-01 
  818.000  5.063249e-01 
  819.000  5.108261e-01 
  820.000  5.258555e-01 
  821.000  5.430611e-01 
  822.000  5.299972e-01 
  823.000  4.937035e-01 
  824.000  5.243006e-01 
  825.000  5.440853e-01 
  826.000  5.407256e-01 
  827.000  5.382398e-01 
  828.000  5.252405e-01 
  829.000  5.299376e-01 
  830.000  5.352051e-01 
  831.000  5.364554e-01 
  832.000  5.370155e-01 
  833.000  5.400636e-01 
  834.000  5.436520e-01 
  835.000  5.507613e-01 
  836.000  5.484946e-01 
  837.000  5.482689e-01 
  838.000  5.517392e-01 
  839.000  5.538519e-01 
  840.000  5.546291e-01 
  841.000  5.523687e-01 
  842.000  5.544264e-01 
  843.000  5.592960e-01 
  844.000  5.615137e-01 
  845.000  5.625556e-01 
  846.000  5.636505e-01 
  847.000  5.647238e-01 
  848.000  5.629056e-01 
  849.000  5.631722e-01 
  850.000  5.622153e-01 
  851.000  5.610721e-01 
  852.000  5.612021e-01 
  853.000  5.631299e-01 
  854.000  5.630407e-01 
  855.000  5.640170e-01 
  856.000  5.658579e-01 
  857.000  5.666946e-01 
  858.000  5.671820e-01 
  859.000  5.681477e-01 
  860.000  5.686833e-01 
  861.000  5.687829e-01 
  862.000  5.691025e-01 
  863.000  5.691554e-01 
  864.000  5.693787e-01 
  865.000  5.695636e-01 
  866.000  5.696222e-01 
  867.000  5.696028e-01 
  868.000  5.696424e-01 
  869.000  5.697123e-01 
  870.000  5.696819e-01 
  871.000  5.697487e-01 
  872.000  5.698945e-01 
  873.000  5.697729e-01 
  874.000  5.697125e-01 
  875.000  5.697075e-01 
  876.000  5.694863e-01 
  877.000  5.693798e-01 
  878.000  5.687721e-01 
  879.000  5.687395e-01 
  880.000  5.682318e-01 
  881.000  5.679921e-01 
  882.000  5.677025e-01 
  883.000  5.680156e-01 
  884.000  5.681489e-01 
  885.000  5.670815e-01 
  886.000  5.657154e-01 
  887.000  5.667496e-01 
  888.000  5.666903e-01 
  889.000  5.670779e-01 
  890.000  5.661656e-01 
  891.000  5.645207e-01 
  892.000  5.606753e-01 
  893.000  5.489801e-01 
  894.000  5.431608e-01 
  895.000  5.254375e-01 
  896.000  5.095859e-01 
  897.000  4.929179e-01 
  898.000  4.851441e-01 
  899.000  4.633041e-01 
  900.000  4.664467e-01 
  901.000  4.607927e-01 
  902.000  4.618620e-01 
  903.000  4.986160e-01 
  904.000  5.211949e-01 
  905.000  5.203955e-01 
  906.000  5.062879e-01 
  907.000  4.814362e-01 
  908.000  4.651289e-01 
  909.000  4.658193e-01 
  910.000  4.682770e-01 
  911.000  4.791110e-01 
  912.000  4.738754e-01 
  913.000  4.511748e-01 
  914.000  4.623975e-01 
  915.000  4.712687e-01 
  916.000  4.736880e-01 
  917.000  4.785269e-01 
  918.000  4.847834e-01 
  919.000  5.060810e-01 
  920.000  5.222449e-01 
  921.000  5.187041e-01 
  922.000  5.184115e-01 
  923.000  5.139135e-01 
  924.000  5.031056e-01 
  925.000  5.021934e-01 
  926.000  5.018765e-01 
  927.000  4.892371e-01 
  928.000  4.698613e-01 
  929.000  4.420436e-01 
  930.000  4.069582e-01 
  931.000  3.681589e-01 
  932.000  3.179167e-01 
  933.000  2.811645e-01 
  934.000  2.440414e-01 
  935.000  2.400788e-01 
  936.000  2.546013e-01 
  937.000  2.509516e-01 
  938.000  2.925246e-01 
  939.000  4.027492e-01 
  940.000  4.194639e-01 
  941.000  4.051269e-01 
  942.000  3.700816e-01 
  943.000  3.124599e-01 
  944.000  3.084389e-01 
  945.000  3.289909e-01 
  946.000  3.301853e-01 
  947.000  3.487417e-01 
  948.000  3.596592e-01 
  949.000  3.582836e-01 
  950.000  3.610974e-01 
  951.000  3.856018e-01 
  952.000  3.595147e-01 
  953.000  3.778902e-01 
  954.000  3.976938e-01 
  955.000  3.817479e-01 
  956.000  3.782632e-01 
  957.000  4.284263e-01 
  958.000  4.350085e-01 
  959.000  4.266804e-01 
  960.000  4.242884e-01 
  961.000  4.201268e-01 
  962.000  4.239779e-01 
  963.000  4.516876e-01 
  964.000  4.557004e-01 
  965.000  4.530787e-01 
  966.000  4.546159e-01 
  967.000  4.744860e-01 
  968.000  5.077772e-01 
  969.000  5.228717e-01 
  970.000  5.236982e-01 
  971.000  5.233455e-01 
  972.000  5.190626e-01 
  973.000  5.091773e-01 
  974.000  4.971568e-01 
  975.000  4.894450e-01 
  976.000  4.988852e-01 
  977.000  5.145054e-01 
  978.000  5.132501e-01 
  979.000  5.173151e-01 
  980.000  5.332869e-01 
  981.000  5.368382e-01 
  982.000  5.332938e-01 
  983.000  5.415086e-01 
  984.000  5.499701e-01 
  985.000  5.547827e-01 
  986.000  5.609940e-01 
  987.000  5.636891e-01 
  988.000  5.643099e-01 
  989.000  5.647080e-01 
  990.000  5.653675e-01 
  991.000  5.676814e-01 
  992.000  5.683410e-01 
  993.000  5.685896e-01 
  994.000  5.705262e-01 
  995.000  5.719535e-01 
  996.000  5.719438e-01 
  997.000  5.710646e-01 
  998.000  5.699694e-01 
  999.000  5.697653e-01 
 1000.000  5.699034e-01 
 1001.000  5.678779e-01 
 1002.000  5.643430e-01 
 1003.000  5.651875e-01 
 1004.000  5.672274e-01 
 1005.000  5.681617e-01 
 1006.000  5.684537e-01 
 1007.000  5.677809e-01 
 1008.000  5.648981e-01 
 1009.000  5.610419e-01 
 1010.000  5.627610e-01 
 1011.000  5.668575e-01 
 1012.000  5.684186e-01 
 1013.000  5.696425e-01 
 1014.000  5.699674e-01 
 1015.000  5.700648e-01 
 1016.000  5.706388e-01 
 1017.000  5.709726e-01 
 1018.000  5.702469e-01 
 1019.000  5.689976e-01 
 1020.000  5.694938e-01 
 1021.000  5.703472e-01 
 1022.000  5.687861e-01 
 1023.000  5.673351e-01 
 1024.000  5.664621e-01 
 1025.000  5.691013e-01 
 1026.000  5.700819e-01 
 1027.000  5.697511e-01 
 1028.000  5.699663e-01 
 1029.000  5.710899e-01 
 1030.000  5.721385e-01 
 1031.000  5.727314e-01 
 1032.000  5.731330e-01 
 1033.000  5.731848e-01 
 1034.000  5.734350e-01 
 1035.000  5.735593e-01 
 1036.000  5.734227e-01 
 1037.000  5.734044e-01 
 1038.000  5.734889e-01 
 1039.000  5.733007e-01 
 1040.000  5.731262e-01 
 1041.000  5.729870e-01 
 1042.000  5.729390e-01 
 1043.000  5.729160e-01 
 1044.000  5.727806e-01 
 1045.000  5.724124e-01 
 1046.000  5.721558e-01 
 1047.000  5.718428e-01 
 1048.000  5.713986e-01 
 1049.000  5.709258e-01 
 1050.000  5.705357e-01 
 1051.000  5.700515e-01 
 1052.000  5.696658e-01 
 1053.000  5.695242e-01 
 1054.000  5.689610e-01 
 1055.000  5.684478e-01 
 1056.000  5.679374e-01 
 1057.000  5.668359e-01 
 1058.000  5.649838e-01 
 1059.000  5.649133e-01 
 1060.000  5.657012e-01 
 1061.000  5.654006e-01 
 1062.000  5.642255e-01 
 1063.000  5.636082e-01 
 1064.000  5.625393e-01 
 1065.000  5.614319e-01 
 1066.000  5.615086e-01 
 1067.000  5.608834e-01 
 1068.000  5.589197e-01 
 1069.000  5.581350e-01 
 1070.000  5.586902e-01 
 1071.000  5.574756e-01 
 1072.000  5.561702e-01 
 1073.000  5.560423e-01 
 1074.000  5.564050e-01 
 1075.000  5.586941e-01 
 1076.000  5.574806e-01 
 1077.000  5.557982e-01 
 1078.000  5.537891e-01 
 1079.000  5.536237e-01 
 1080.000  5.480336e-01 
 1081.000  5.477957e-01 
 1082.000  5.503703e-01 
 1083.000  5.474414e-01 
 1084.000  5.442145e-01 
 1085.000  5.364231e-01 
 1086.000  5.383201e-01 
 1087.000  5.470150e-01 
 1088.000  5.474056e-01 
 1089.000  5.369433e-01 
 1090.000  5.350166e-01 
 1091.000  5.370584e-01 
 1092.000  5.319016e-01 
 1093.000  5.203093e-01 
 1094.000  5.152799e-01 
 1095.000  5.161236e-01 
 1096.000  5.168893e-01 
 1097.000  5.146051e-01 
 1098.000  4.864500e-01 
 1099.000  4.625559e-01 
 1100.000  4.641874e-01 
 1101.000  4.674981e-01 
 1102.000  4.659226e-01 
 1103.000  4.681180e-01 
 1104.000  4.641387e-01 
 1105.000  4.541354e-01 
 1106.000  4.440625e-01 
 1107.000  4.465643e-01 
 1108.000  4.483933e-01 
 1109.000  4.569978e-01 
 1110.000  4.559150e-01 
 1111.000  4.511222e-01 
 1112.000  4.300089e-01 
 1113.000  4.012626e-01 
 1114.000  3.934215e-01 
 1115.000  3.584575e-01 
 1116.000  3.370170e-01 
 1117.000  2.882071e-01 
 1118.000  2.444072e-01 
 1119.000  2.215534e-01 
 1120.000  1.937720e-01 
 1121.000  1.876761e-01 
 1122.000  1.597655e-01 
 1123.000  1.747374e-01 
 1124.000  1.849490e-01 
 1125.000  1.795488e-01 
 1126.000  1.774164e-01 
 1127.000  1.798322e-01 
 1128.000  1.845122e-01 
 1129.000  2.125447e-01 
 1130.000  2.798167e-01 
 1131.000  2.997395e-01 
 1132.000  2.724869e-01 
 1133.000  2.238947e-01 
 1134.000  1.401378e-01 
 1135.000  1.462869e-01 
 1136.000  2.309823e-01 
 1137.000  2.794983e-01 
 1138.000  3.277165e-01 
 1139.000  3.427640e-01 
 1140.000  3.334930e-01 
 1141.000  3.148274e-01 
 1142.000  3.082306e-01 
 1143.000  2.876956e-01 
 1144.000  2.648641e-01 
 1145.000  2.323382e-01 
 1146.000  2.399718e-01 
 1147.000  2.654760e-01 
 1148.000  2.884290e-01 
 1149.000  2.978289e-01 
 1150.000  2.984385e-01 
