  320.000  8.135861e-02 
  321.000  1.080160e-01 
  322.000  9.729569e-02 
  323.000  1.109351e-01 
  324.000  1.251143e-01 
  325.000  1.145032e-01 
  326.000  1.320614e-01 
  327.000  1.370898e-01 
  328.000  1.262989e-01 
  329.000  1.472368e-01 
  330.000  1.506404e-01 
  331.000  1.439279e-01 
  332.000  1.569683e-01 
  333.000  1.608323e-01 
  334.000  1.576577e-01 
  335.000  1.674393e-01 
  336.000  1.714494e-01 
  337.000  1.697560e-01 
  338.000  1.744766e-01 
  339.000  1.793880e-01 
  340.000  1.785782e-01 
  341.000  1.833787e-01 
  342.000  1.869127e-01 
  343.000  1.886951e-01 
  344.000  1.890599e-01 
  345.000  1.938965e-01 
  346.000  1.969685e-01 
  347.000  1.994833e-01 
  348.000  2.018470e-01 
  349.000  2.045114e-01 
  350.000  2.067967e-01 
  351.000  2.090797e-01 
  352.000  2.109579e-01 
  353.000  2.136365e-01 
  354.000  2.159242e-01 
  355.000  2.180590e-01 
  356.000  2.201447e-01 
  357.000  2.220055e-01 
  358.000  2.240124e-01 
  359.000  2.260222e-01 
  360.000  2.280854e-01 
  361.000  2.306991e-01 
  362.000  2.334291e-01 
  363.000  2.359509e-01 
  364.000  2.382781e-01 
  365.000  2.404665e-01 
  366.000  2.427096e-01 
  367.000  2.448504e-01 
  368.000  2.469767e-01 
  369.000  2.490892e-01 
  370.000  2.511846e-01 
  371.000  2.532681e-01 
  372.000  2.553388e-01 
  373.000  2.573963e-01 
  374.000  2.594248e-01 
  375.000  2.614181e-01 
  376.000  2.633474e-01 
  377.000  2.651742e-01 
  378.000  2.668739e-01 
  379.000  2.686038e-01 
  380.000  2.705096e-01 
  381.000  2.726832e-01 
  382.000  2.749403e-01 
  383.000  2.770790e-01 
  384.000  2.791115e-01 
  385.000  2.810734e-01 
  386.000  2.829882e-01 
  387.000  2.848752e-01 
  388.000  2.867410e-01 
  389.000  2.885944e-01 
  390.000  2.904356e-01 
  391.000  2.922607e-01 
  392.000  2.940749e-01 
  393.000  2.958767e-01 
  394.000  2.976643e-01 
  395.000  2.994362e-01 
  396.000  3.011990e-01 
  397.000  3.029436e-01 
  398.000  3.046745e-01 
  399.000  3.063929e-01 
  400.000  3.080897e-01 
  401.000  3.097821e-01 
  402.000  3.114631e-01 
  403.000  3.131316e-01 
  404.000  3.147873e-01 
  405.000  3.164268e-01 
  406.000  3.180573e-01 
  407.000  3.196768e-01 
  408.000  3.212841e-01 
  409.000  3.228774e-01 
  410.000  3.244573e-01 
  411.000  3.260232e-01 
  412.000  3.275740e-01 
  413.000  3.291176e-01 
  414.000  3.305518e-01 
  415.000  3.321049e-01 
  416.000  3.336400e-01 
  417.000  3.351510e-01 
  418.000  3.366288e-01 
  419.000  3.380916e-01 
  420.000  3.395427e-01 
  421.000  3.409865e-01 
  422.000  3.424227e-01 
  423.000  3.438495e-01 
  424.000  3.452608e-01 
  425.000  3.466410e-01 
  426.000  3.480090e-01 
  427.000  3.493662e-01 
  428.000  3.507003e-01 
  429.000  3.520169e-01 
  430.000  3.533193e-01 
  431.000  3.546130e-01 
  432.000  3.558943e-01 
  433.000  3.571644e-01 
  434.000  3.584249e-01 
  435.000  3.596740e-01 
  436.000  3.609100e-01 
  437.000  3.621336e-01 
  438.000  3.633441e-01 
  439.000  3.645463e-01 
  440.000  3.657299e-01 
  441.000  3.668993e-01 
  442.000  3.680511e-01 
  443.000  3.691862e-01 
  444.000  3.703043e-01 
  445.000  3.713990e-01 
  446.000  3.724641e-01 
  447.000  3.735817e-01 
  448.000  3.747810e-01 
  449.000  3.759957e-01 
  450.000  3.771878e-01 
  451.000  3.783342e-01 
  452.000  3.794412e-01 
  453.000  3.805262e-01 
  454.000  3.815922e-01 
  455.000  3.825971e-01 
  456.000  3.835212e-01 
  457.000  3.844462e-01 
  458.000  3.853592e-01 
  459.000  3.862533e-01 
  460.000  3.871407e-01 
  461.000  3.880192e-01 
  462.000  3.888814e-01 
  463.000  3.897402e-01 
  464.000  3.908590e-01 
  465.000  3.919617e-01 
  466.000  3.930455e-01 
  467.000  3.941050e-01 
  468.000  3.949684e-01 
  469.000  3.957124e-01 
  470.000  3.963968e-01 
  471.000  3.970131e-01 
  472.000  3.975367e-01 
  473.000  3.979037e-01 
  474.000  3.982052e-01 
  475.000  3.982826e-01 
  476.000  3.981333e-01 
  477.000  3.981303e-01 
  478.000  3.990027e-01 
  479.000  4.003315e-01 
  480.000  4.017669e-01 
  481.000  4.030555e-01 
  482.000  4.042649e-01 
  483.000  4.053169e-01 
  484.000  4.062215e-01 
  485.000  4.070309e-01 
  486.000  4.078945e-01 
  487.000  4.088040e-01 
  488.000  4.096847e-01 
  489.000  4.105496e-01 
  490.000  4.114047e-01 
  491.000  4.120745e-01 
  492.000  4.126870e-01 
  493.000  4.132967e-01 
  494.000  4.138893e-01 
  495.000  4.144821e-01 
  496.000  4.147876e-01 
  497.000  4.150816e-01 
  498.000  4.153712e-01 
  499.000  4.156454e-01 
  500.000  4.159152e-01 
  501.000  4.161551e-01 
  502.000  4.163950e-01 
  503.000  4.166320e-01 
  504.000  4.168581e-01 
  505.000  4.170718e-01 
  506.000  4.176981e-01 
  507.000  4.183427e-01 
  508.000  4.189865e-01 
  509.000  4.196232e-01 
  510.000  4.202465e-01 
  511.000  4.208054e-01 
  512.000  4.213453e-01 
  513.000  4.218822e-01 
  514.000  4.224126e-01 
  515.000  4.229385e-01 
  516.000  4.233143e-01 
  517.000  4.235552e-01 
  518.000  4.237895e-01 
  519.000  4.240194e-01 
  520.000  4.242471e-01 
  521.000  4.244511e-01 
  522.000  4.245983e-01 
  523.000  4.247044e-01 
  524.000  4.248140e-01 
  525.000  4.249005e-01 
  526.000  4.250217e-01 
  527.000  4.250413e-01 
  528.000  4.250196e-01 
  529.000  4.249967e-01 
  530.000  4.249789e-01 
  531.000  4.249643e-01 
  532.000  4.249971e-01 
  533.000  4.252927e-01 
  534.000  4.256662e-01 
  535.000  4.260879e-01 
  536.000  4.264956e-01 
  537.000  4.268685e-01 
  538.000  4.272021e-01 
  539.000  4.275113e-01 
  540.000  4.278013e-01 
  541.000  4.280829e-01 
  542.000  4.283522e-01 
  543.000  4.286120e-01 
  544.000  4.288085e-01 
  545.000  4.289533e-01 
  546.000  4.290914e-01 
  547.000  4.292334e-01 
  548.000  4.293683e-01 
  549.000  4.295011e-01 
  550.000  4.295655e-01 
  551.000  4.295621e-01 
  552.000  4.295613e-01 
  553.000  4.295466e-01 
  554.000  4.295254e-01 
  555.000  4.295004e-01 
  556.000  4.294498e-01 
  557.000  4.293547e-01 
  558.000  4.292519e-01 
  559.000  4.291372e-01 
  560.000  4.289937e-01 
  561.000  4.288236e-01 
  562.000  4.285001e-01 
  563.000  4.282932e-01 
  564.000  4.280249e-01 
  565.000  4.276267e-01 
  566.000  4.273306e-01 
  567.000  4.265031e-01 
  568.000  4.244256e-01 
  569.000  4.202882e-01 
  570.000  4.206989e-01 
  571.000  4.231930e-01 
  572.000  4.203261e-01 
  573.000  4.208156e-01 
  574.000  4.206710e-01 
  575.000  4.205350e-01 
  576.000  4.205498e-01 
  577.000  4.216950e-01 
  578.000  4.231513e-01 
  579.000  4.246187e-01 
  580.000  4.261585e-01 
  581.000  4.282471e-01 
  582.000  4.297483e-01 
  583.000  4.307849e-01 
  584.000  4.317381e-01 
  585.000  4.324625e-01 
  586.000  4.332106e-01 
  587.000  4.323982e-01 
  588.000  4.272835e-01 
  589.000  4.186969e-01 
  590.000  4.183897e-01 
  591.000  4.246874e-01 
  592.000  4.216840e-01 
  593.000  4.288146e-01 
  594.000  4.274884e-01 
  595.000  4.228123e-01 
  596.000  4.295416e-01 
  597.000  4.277516e-01 
  598.000  4.303130e-01 
  599.000  4.311968e-01 
  600.000  4.334787e-01 
  601.000  4.347842e-01 
  602.000  4.350692e-01 
  603.000  4.358898e-01 
  604.000  4.369794e-01 
  605.000  4.377980e-01 
  606.000  4.384142e-01 
  607.000  4.390104e-01 
  608.000  4.395868e-01 
  609.000  4.401389e-01 
  610.000  4.407114e-01 
  611.000  4.413477e-01 
  612.000  4.419710e-01 
  613.000  4.425752e-01 
  614.000  4.431617e-01 
  615.000  4.437468e-01 
  616.000  4.443106e-01 
  617.000  4.448434e-01 
  618.000  4.452901e-01 
  619.000  4.456681e-01 
  620.000  4.460182e-01 
  621.000  4.463190e-01 
  622.000  4.465704e-01 
  623.000  4.467386e-01 
  624.000  4.469177e-01 
  625.000  4.470674e-01 
  626.000  4.468748e-01 
  627.000  4.443736e-01 
  628.000  4.275195e-01 
  629.000  4.380845e-01 
  630.000  4.402350e-01 
  631.000  4.436042e-01 
  632.000  4.437712e-01 
  633.000  4.476399e-01 
  634.000  4.498677e-01 
  635.000  4.510669e-01 
  636.000  4.525616e-01 
  637.000  4.538810e-01 
  638.000  4.560356e-01 
  639.000  4.570124e-01 
  640.000  4.585285e-01 
  641.000  4.593833e-01 
  642.000  4.605298e-01 
  643.000  4.604097e-01 
  644.000  4.610536e-01 
  645.000  4.604254e-01 
  646.000  4.560534e-01 
  647.000  4.530456e-01 
  648.000  4.496079e-01 
  649.000  4.535307e-01 
  650.000  4.606237e-01 
  651.000  4.610459e-01 
  652.000  4.555959e-01 
  653.000  4.627734e-01 
  654.000  4.624510e-01 
  655.000  4.604069e-01 
  656.000  4.616877e-01 
  657.000  4.634241e-01 
  658.000  4.661492e-01 
  659.000  4.679141e-01 
  660.000  4.687609e-01 
  661.000  4.709518e-01 
  662.000  4.720975e-01 
  663.000  4.723879e-01 
  664.000  4.730695e-01 
  665.000  4.737549e-01 
  666.000  4.745074e-01 
  667.000  4.752016e-01 
  668.000  4.759801e-01 
  669.000  4.765718e-01 
  670.000  4.771093e-01 
  671.000  4.776686e-01 
  672.000  4.781810e-01 
  673.000  4.786857e-01 
  674.000  4.791866e-01 
  675.000  4.796879e-01 
  676.000  4.801604e-01 
  677.000  4.805946e-01 
  678.000  4.810296e-01 
  679.000  4.814014e-01 
  680.000  4.815012e-01 
  681.000  4.814985e-01 
  682.000  4.818286e-01 
  683.000  4.820562e-01 
  684.000  4.819055e-01 
  685.000  4.825953e-01 
  686.000  4.804187e-01 
  687.000  4.025577e-01 
  688.000  4.266897e-01 
  689.000  4.199277e-01 
  690.000  4.325857e-01 
  691.000  4.496365e-01 
  692.000  4.605570e-01 
  693.000  4.588604e-01 
  694.000  4.547541e-01 
  695.000  4.610676e-01 
  696.000  4.647042e-01 
  697.000  4.788987e-01 
  698.000  4.761887e-01 
  699.000  4.637932e-01 
  700.000  4.660007e-01 
  701.000  4.633258e-01 
  702.000  4.655049e-01 
  703.000  4.761323e-01 
  704.000  4.767109e-01 
  705.000  4.724867e-01 
  706.000  4.734373e-01 
  707.000  4.750938e-01 
  708.000  4.768761e-01 
  709.000  4.804146e-01 
  710.000  4.768609e-01 
  711.000  4.806984e-01 
  712.000  4.839823e-01 
  713.000  4.815301e-01 
  714.000  4.807710e-01 
  715.000  4.767255e-01 
  716.000  4.725233e-01 
  717.000  4.452859e-01 
  718.000  4.286034e-01 
  719.000  4.226660e-01 
  720.000  4.136330e-01 
  721.000  4.536787e-01 
  722.000  4.680228e-01 
  723.000  4.600635e-01 
  724.000  4.372940e-01 
  725.000  4.407577e-01 
  726.000  4.397437e-01 
  727.000  4.430385e-01 
  728.000  4.395629e-01 
  729.000  4.483776e-01 
  730.000  4.469063e-01 
  731.000  4.451174e-01 
  732.000  4.599721e-01 
  733.000  4.742202e-01 
  734.000  4.811145e-01 
  735.000  4.787565e-01 
  736.000  4.743024e-01 
  737.000  4.777412e-01 
  738.000  4.824527e-01 
  739.000  4.845059e-01 
  740.000  4.890086e-01 
  741.000  4.916288e-01 
  742.000  4.927547e-01 
  743.000  4.949740e-01 
  744.000  4.961615e-01 
  745.000  4.970307e-01 
  746.000  4.976639e-01 
  747.000  4.979005e-01 
  748.000  4.986185e-01 
  749.000  4.990252e-01 
  750.000  4.988649e-01 
  751.000  4.990474e-01 
  752.000  4.997362e-01 
  753.000  5.000460e-01 
  754.000  5.002999e-01 
  755.000  5.004811e-01 
  756.000  5.006688e-01 
  757.000  5.007998e-01 
  758.000  4.996785e-01 
  759.000  4.572367e-01 
  760.000  1.704379e-01 
  761.000  1.468515e-01 
  762.000  3.019465e-01 
  763.000  2.511809e-01 
  764.000  2.760822e-01 
  765.000  3.344452e-01 
  766.000  4.079659e-01 
  767.000  4.462568e-01 
  768.000  4.717135e-01 
  769.000  4.886945e-01 
  770.000  4.979865e-01 
  771.000  5.022559e-01 
  772.000  5.033529e-01 
  773.000  5.038437e-01 
  774.000  5.045076e-01 
  775.000  5.049235e-01 
  776.000  5.052189e-01 
  777.000  5.053213e-01 
  778.000  5.053355e-01 
  779.000  5.053362e-01 
  780.000  5.053331e-01 
  781.000  5.056384e-01 
  782.000  5.056264e-01 
  783.000  5.056238e-01 
  784.000  5.054196e-01 
  785.000  5.044593e-01 
  786.000  5.028868e-01 
  787.000  4.997398e-01 
  788.000  4.979849e-01 
  789.000  4.916388e-01 
  790.000  4.911214e-01 
  791.000  4.923553e-01 
  792.000  4.934978e-01 
  793.000  4.961226e-01 
  794.000  5.016599e-01 
  795.000  4.983217e-01 
  796.000  4.893900e-01 
  797.000  4.919787e-01 
  798.000  4.976681e-01 
  799.000  4.964033e-01 
  800.000  4.923093e-01 
  801.000  4.928271e-01 
  802.000  4.924376e-01 
  803.000  4.930669e-01 
  804.000  4.950308e-01 
  805.000  4.987705e-01 
  806.000  5.010138e-01 
  807.000  5.011383e-01 
  808.000  4.999073e-01 
  809.000  4.983883e-01 
  810.000  4.967220e-01 
  811.000  4.932765e-01 
  812.000  4.886333e-01 
  813.000  4.829439e-01 
  814.000  4.754371e-01 
  815.000  4.661070e-01 
  816.000  4.541509e-01 
  817.000  4.548383e-01 
  818.000  4.558350e-01 
  819.000  4.598015e-01 
  820.000  4.730281e-01 
  821.000  4.881608e-01 
  822.000  4.766853e-01 
  823.000  4.447543e-01 
  824.000  4.716899e-01 
  825.000  4.890903e-01 
  826.000  4.861422e-01 
  827.000  4.839650e-01 
  828.000  4.725431e-01 
  829.000  4.766814e-01 
  830.000  4.813197e-01 
  831.000  4.824252e-01 
  832.000  4.829224e-01 
  833.000  4.856081e-01 
  834.000  4.887681e-01 
  835.000  4.950214e-01 
  836.000  4.930363e-01 
  837.000  4.928443e-01 
  838.000  4.959007e-01 
  839.000  4.977638e-01 
  840.000  4.984538e-01 
  841.000  4.964747e-01 
  842.000  4.982897e-01 
  843.000  5.025749e-01 
  844.000  5.045299e-01 
  845.000  5.054521e-01 
  846.000  5.064209e-01 
  847.000  5.072615e-01 
  848.000  5.057808e-01 
  849.000  5.060222e-01 
  850.000  5.051887e-01 
  851.000  5.041915e-01 
  852.000  5.043126e-01 
  853.000  5.060130e-01 
  854.000  5.059413e-01 
  855.000  5.068057e-01 
  856.000  5.083957e-01 
  857.000  5.091330e-01 
  858.000  5.095745e-01 
  859.000  5.104269e-01 
  860.000  5.109139e-01 
  861.000  5.110097e-01 
  862.000  5.113073e-01 
  863.000  5.113603e-01 
  864.000  5.115696e-01 
  865.000  5.117437e-01 
  866.000  5.118017e-01 
  867.000  5.117881e-01 
  868.000  5.118287e-01 
  869.000  5.118973e-01 
  870.000  5.118734e-01 
  871.000  5.119389e-01 
  872.000  5.120772e-01 
  873.000  5.119693e-01 
  874.000  5.119177e-01 
  875.000  5.119172e-01 
  876.000  5.117176e-01 
  877.000  5.116235e-01 
  878.000  5.110937e-01 
  879.000  5.110691e-01 
  880.000  5.106304e-01 
  881.000  5.103554e-01 
  882.000  5.101812e-01 
  883.000  5.103849e-01 
  884.000  5.105118e-01 
  885.000  5.095761e-01 
  886.000  5.082800e-01 
  887.000  5.093752e-01 
  888.000  5.093282e-01 
  889.000  5.095928e-01 
  890.000  5.088757e-01 
  891.000  5.074696e-01 
  892.000  5.040954e-01 
  893.000  4.938153e-01 
  894.000  4.887034e-01 
  895.000  4.731064e-01 
  896.000  4.591520e-01 
  897.000  4.444714e-01 
  898.000  4.376237e-01 
  899.000  4.183474e-01 
  900.000  4.211319e-01 
  901.000  4.161406e-01 
  902.000  4.170839e-01 
  903.000  4.495316e-01 
  904.000  4.694402e-01 
  905.000  4.687365e-01 
  906.000  4.563048e-01 
  907.000  4.343843e-01 
  908.000  4.199895e-01 
  909.000  4.206062e-01 
  910.000  4.227824e-01 
  911.000  4.323547e-01 
  912.000  4.277348e-01 
  913.000  4.076780e-01 
  914.000  4.176012e-01 
  915.000  4.254403e-01 
  916.000  4.275784e-01 
  917.000  4.318520e-01 
  918.000  4.373764e-01 
  919.000  4.561689e-01 
  920.000  4.704188e-01 
  921.000  4.672996e-01 
  922.000  4.670459e-01 
  923.000  4.630854e-01 
  924.000  4.535607e-01 
  925.000  4.527673e-01 
  926.000  4.525091e-01 
  927.000  4.413771e-01 
  928.000  4.242963e-01 
  929.000  3.997425e-01 
  930.000  3.687192e-01 
  931.000  3.343368e-01 
  932.000  2.897351e-01 
  933.000  2.569665e-01 
  934.000  2.237477e-01 
  935.000  2.202101e-01 
  936.000  2.332462e-01 
  937.000  2.299623e-01 
  938.000  2.671221e-01 
  939.000  3.651922e-01 
  940.000  3.800007e-01 
  941.000  3.672818e-01 
  942.000  3.361685e-01 
  943.000  2.848749e-01 
  944.000  2.812987e-01 
  945.000  2.996348e-01 
  946.000  3.006905e-01 
  947.000  3.171939e-01 
  948.000  3.268975e-01 
  949.000  3.256629e-01 
  950.000  3.281606e-01 
  951.000  3.499251e-01 
  952.000  3.267323e-01 
  953.000  3.430489e-01 
  954.000  3.606118e-01 
  955.000  3.464447e-01 
  956.000  3.433252e-01 
  957.000  3.877963e-01 
  958.000  3.936107e-01 
  959.000  3.862253e-01 
  960.000  3.840988e-01 
  961.000  3.804065e-01 
  962.000  3.838127e-01 
  963.000  4.083355e-01 
  964.000  4.118807e-01 
  965.000  4.095569e-01 
  966.000  4.109111e-01 
  967.000  4.284712e-01 
  968.000  4.578571e-01 
  969.000  4.711661e-01 
  970.000  4.718942e-01 
  971.000  4.715853e-01 
  972.000  4.678135e-01 
  973.000  4.590985e-01 
  974.000  4.484942e-01 
  975.000  4.416883e-01 
  976.000  4.500247e-01 
  977.000  4.638085e-01 
  978.000  4.627008e-01 
  979.000  4.662850e-01 
  980.000  4.803663e-01 
  981.000  4.834964e-01 
  982.000  4.803725e-01 
  983.000  4.876116e-01 
  984.000  4.950663e-01 
  985.000  4.993061e-01 
  986.000  5.047765e-01 
  987.000  5.071508e-01 
  988.000  5.076993e-01 
  989.000  5.080521e-01 
  990.000  5.086353e-01 
  991.000  5.106747e-01 
  992.000  5.112583e-01 
  993.000  5.114802e-01 
  994.000  5.131577e-01 
  995.000  5.144168e-01 
  996.000  5.144109e-01 
  997.000  5.135602e-01 
  998.000  5.126753e-01 
  999.000  5.123244e-01 
 1000.000  5.126228e-01 
 1001.000  5.108788e-01 
 1002.000  5.077701e-01 
 1003.000  5.085167e-01 
 1004.000  5.103156e-01 
 1005.000  5.111411e-01 
 1006.000  5.113961e-01 
 1007.000  5.108066e-01 
 1008.000  5.082709e-01 
 1009.000  5.048765e-01 
 1010.000  5.063916e-01 
 1011.000  5.099983e-01 
 1012.000  5.113734e-01 
 1013.000  5.124499e-01 
 1014.000  5.126992e-01 
 1015.000  5.127845e-01 
 1016.000  5.132935e-01 
 1017.000  5.135900e-01 
 1018.000  5.129447e-01 
 1019.000  5.118793e-01 
 1020.000  5.123148e-01 
 1021.000  5.130319e-01 
 1022.000  5.116881e-01 
 1023.000  5.104074e-01 
 1024.000  5.096352e-01 
 1025.000  5.119559e-01 
 1026.000  5.127796e-01 
 1027.000  5.123099e-01 
 1028.000  5.126669e-01 
 1029.000  5.136452e-01 
 1030.000  5.145611e-01 
 1031.000  5.150098e-01 
 1032.000  5.153551e-01 
 1033.000  5.154597e-01 
 1034.000  5.156738e-01 
 1035.000  5.157766e-01 
 1036.000  5.156300e-01 
 1037.000  5.155960e-01 
 1038.000  5.156717e-01 
 1039.000  5.154929e-01 
 1040.000  5.153229e-01 
 1041.000  5.151869e-01 
 1042.000  5.151374e-01 
 1043.000  5.151092e-01 
 1044.000  5.149735e-01 
 1045.000  5.146199e-01 
 1046.000  5.143707e-01 
 1047.000  5.140637e-01 
 1048.000  5.136124e-01 
 1049.000  5.131237e-01 
 1050.000  5.127485e-01 
 1051.000  5.123047e-01 
 1052.000  5.119281e-01 
 1053.000  5.117650e-01 
 1054.000  5.112271e-01 
 1055.000  5.107440e-01 
 1056.000  5.102413e-01 
 1057.000  5.092177e-01 
 1058.000  5.074602e-01 
 1059.000  5.074174e-01 
 1060.000  5.080686e-01 
 1061.000  5.077714e-01 
 1062.000  5.066364e-01 
 1063.000  5.060921e-01 
 1064.000  5.051068e-01 
 1065.000  5.041357e-01 
 1066.000  5.041999e-01 
 1067.000  5.036519e-01 
 1068.000  5.020024e-01 
 1069.000  5.014192e-01 
 1070.000  5.019912e-01 
 1071.000  5.010002e-01 
 1072.000  4.999101e-01 
 1073.000  4.998579e-01 
 1074.000  5.002373e-01 
 1075.000  5.023084e-01 
 1076.000  5.012940e-01 
 1077.000  4.998630e-01 
 1078.000  4.981411e-01 
 1079.000  4.980410e-01 
 1080.000  4.931552e-01 
 1081.000  4.929805e-01 
 1082.000  4.952794e-01 
 1083.000  4.927342e-01 
 1084.000  4.899202e-01 
 1085.000  4.830807e-01 
 1086.000  4.847783e-01 
 1087.000  4.924631e-01 
 1088.000  4.928289e-01 
 1089.000  4.836298e-01 
 1090.000  4.819528e-01 
 1091.000  4.837723e-01 
 1092.000  4.792501e-01 
 1093.000  4.690412e-01 
 1094.000  4.646166e-01 
 1095.000  4.653743e-01 
 1096.000  4.660632e-01 
 1097.000  4.640670e-01 
 1098.000  4.392196e-01 
 1099.000  4.181125e-01 
 1100.000  4.195667e-01 
 1101.000  4.225048e-01 
 1102.000  4.211295e-01 
 1103.000  4.230806e-01 
 1104.000  4.195688e-01 
 1105.000  4.107324e-01 
 1106.000  4.018213e-01 
 1107.000  4.040549e-01 
 1108.000  4.056976e-01 
 1109.000  4.133401e-01 
 1110.000  4.124158e-01 
 1111.000  4.081940e-01 
 1112.000  3.895157e-01 
 1113.000  3.640636e-01 
 1114.000  3.571661e-01 
 1115.000  3.261511e-01 
 1116.000  3.070927e-01 
 1117.000  2.635335e-01 
 1118.000  2.243481e-01 
 1119.000  2.038723e-01 
 1120.000  1.788790e-01 
 1121.000  1.733936e-01 
 1122.000  1.481378e-01 
 1123.000  1.617398e-01 
 1124.000  1.710019e-01 
 1125.000  1.661203e-01 
 1126.000  1.641845e-01 
 1127.000  1.663576e-01 
 1128.000  1.705638e-01 
 1129.000  1.958601e-01 
 1130.000  2.563432e-01 
 1131.000  2.741919e-01 
 1132.000  2.497869e-01 
 1133.000  2.060879e-01 
 1134.000  1.302742e-01 
 1135.000  1.358601e-01 
 1136.000  2.124294e-01 
 1137.000  2.559916e-01 
 1138.000  2.990847e-01 
 1139.000  3.124345e-01 
 1140.000  3.041626e-01 
 1141.000  2.874622e-01 
 1142.000  2.815712e-01 
 1143.000  2.632108e-01 
 1144.000  2.427514e-01 
 1145.000  2.135414e-01 
 1146.000  2.204002e-01 
 1147.000  2.432897e-01 
 1148.000  2.638478e-01 
 1149.000  2.722400e-01 
 1150.000  2.727425e-01 
