  320.000  2.283312e-01 
  321.000  2.756810e-01 
  322.000  2.571716e-01 
  323.000  2.806127e-01 
  324.000  3.039775e-01 
  325.000  2.865820e-01 
  326.000  3.150985e-01 
  327.000  3.230261e-01 
  328.000  3.058882e-01 
  329.000  3.387331e-01 
  330.000  3.439196e-01 
  331.000  3.336521e-01 
  332.000  3.534593e-01 
  333.000  3.592211e-01 
  334.000  3.544908e-01 
  335.000  3.689669e-01 
  336.000  3.748193e-01 
  337.000  3.723536e-01 
  338.000  3.792069e-01 
  339.000  3.862714e-01 
  340.000  3.851110e-01 
  341.000  3.919640e-01 
  342.000  3.969706e-01 
  343.000  3.994837e-01 
  344.000  3.999970e-01 
  345.000  4.067723e-01 
  346.000  4.110462e-01 
  347.000  4.145283e-01 
  348.000  4.177878e-01 
  349.000  4.214468e-01 
  350.000  4.245723e-01 
  351.000  4.276832e-01 
  352.000  4.302339e-01 
  353.000  4.338586e-01 
  354.000  4.369422e-01 
  355.000  4.398100e-01 
  356.000  4.426027e-01 
  357.000  4.450867e-01 
  358.000  4.477580e-01 
  359.000  4.504251e-01 
  360.000  4.531548e-01 
  361.000  4.566010e-01 
  362.000  4.601867e-01 
  363.000  4.634865e-01 
  364.000  4.665211e-01 
  365.000  4.693656e-01 
  366.000  4.722724e-01 
  367.000  4.750381e-01 
  368.000  4.777770e-01 
  369.000  4.804905e-01 
  370.000  4.831744e-01 
  371.000  4.858355e-01 
  372.000  4.884731e-01 
  373.000  4.910867e-01 
  374.000  4.936567e-01 
  375.000  4.961755e-01 
  376.000  4.986074e-01 
  377.000  5.009045e-01 
  378.000  5.030371e-01 
  379.000  5.052028e-01 
  380.000  5.075834e-01 
  381.000  5.102917e-01 
  382.000  5.130964e-01 
  383.000  5.157468e-01 
  384.000  5.182593e-01 
  385.000  5.206787e-01 
  386.000  5.230346e-01 
  387.000  5.253509e-01 
  388.000  5.276364e-01 
  389.000  5.299016e-01 
  390.000  5.321471e-01 
  391.000  5.343683e-01 
  392.000  5.365716e-01 
  393.000  5.387554e-01 
  394.000  5.409175e-01 
  395.000  5.430563e-01 
  396.000  5.451799e-01 
  397.000  5.472776e-01 
  398.000  5.493547e-01 
  399.000  5.514131e-01 
  400.000  5.534417e-01 
  401.000  5.554613e-01 
  402.000  5.574636e-01 
  403.000  5.594475e-01 
  404.000  5.614127e-01 
  405.000  5.633552e-01 
  406.000  5.652837e-01 
  407.000  5.671961e-01 
  408.000  5.690907e-01 
  409.000  5.709656e-01 
  410.000  5.728217e-01 
  411.000  5.746585e-01 
  412.000  5.764747e-01 
  413.000  5.782794e-01 
  414.000  5.799538e-01 
  415.000  5.817643e-01 
  416.000  5.835509e-01 
  417.000  5.853068e-01 
  418.000  5.870216e-01 
  419.000  5.887166e-01 
  420.000  5.903954e-01 
  421.000  5.920635e-01 
  422.000  5.937204e-01 
  423.000  5.953643e-01 
  424.000  5.969880e-01 
  425.000  5.985738e-01 
  426.000  6.001434e-01 
  427.000  6.016986e-01 
  428.000  6.032254e-01 
  429.000  6.047303e-01 
  430.000  6.062171e-01 
  431.000  6.076921e-01 
  432.000  6.091512e-01 
  433.000  6.105958e-01 
  434.000  6.120278e-01 
  435.000  6.134452e-01 
  436.000  6.148461e-01 
  437.000  6.162313e-01 
  438.000  6.176003e-01 
  439.000  6.189582e-01 
  440.000  6.202937e-01 
  441.000  6.216118e-01 
  442.000  6.229086e-01 
  443.000  6.241854e-01 
  444.000  6.254417e-01 
  445.000  6.266705e-01 
  446.000  6.278648e-01 
  447.000  6.291170e-01 
  448.000  6.304591e-01 
  449.000  6.318170e-01 
  450.000  6.331484e-01 
  451.000  6.344272e-01 
  452.000  6.356609e-01 
  453.000  6.368689e-01 
  454.000  6.380547e-01 
  455.000  6.391714e-01 
  456.000  6.401976e-01 
  457.000  6.412238e-01 
  458.000  6.422359e-01 
  459.000  6.432263e-01 
  460.000  6.442086e-01 
  461.000  6.451802e-01 
  462.000  6.461331e-01 
  463.000  6.470816e-01 
  464.000  6.483160e-01 
  465.000  6.495316e-01 
  466.000  6.507254e-01 
  467.000  6.518911e-01 
  468.000  6.528404e-01 
  469.000  6.536578e-01 
  470.000  6.544093e-01 
  471.000  6.550857e-01 
  472.000  6.556600e-01 
  473.000  6.560624e-01 
  474.000  6.563929e-01 
  475.000  6.564777e-01 
  476.000  6.563141e-01 
  477.000  6.563108e-01 
  478.000  6.572667e-01 
  479.000  6.587214e-01 
  480.000  6.602909e-01 
  481.000  6.616983e-01 
  482.000  6.630177e-01 
  483.000  6.641645e-01 
  484.000  6.651498e-01 
  485.000  6.660307e-01 
  486.000  6.669700e-01 
  487.000  6.679584e-01 
  488.000  6.689150e-01 
  489.000  6.698536e-01 
  490.000  6.707810e-01 
  491.000  6.715069e-01 
  492.000  6.721705e-01 
  493.000  6.728306e-01 
  494.000  6.734719e-01 
  495.000  6.741130e-01 
  496.000  6.744434e-01 
  497.000  6.747612e-01 
  498.000  6.750743e-01 
  499.000  6.753705e-01 
  500.000  6.756620e-01 
  501.000  6.759211e-01 
  502.000  6.761802e-01 
  503.000  6.764360e-01 
  504.000  6.766801e-01 
  505.000  6.769108e-01 
  506.000  6.775864e-01 
  507.000  6.782815e-01 
  508.000  6.789755e-01 
  509.000  6.796613e-01 
  510.000  6.803324e-01 
  511.000  6.809339e-01 
  512.000  6.815147e-01 
  513.000  6.820920e-01 
  514.000  6.826621e-01 
  515.000  6.832271e-01 
  516.000  6.836306e-01 
  517.000  6.838893e-01 
  518.000  6.841409e-01 
  519.000  6.843876e-01 
  520.000  6.846320e-01 
  521.000  6.848509e-01 
  522.000  6.850088e-01 
  523.000  6.851226e-01 
  524.000  6.852402e-01 
  525.000  6.853329e-01 
  526.000  6.854630e-01 
  527.000  6.854839e-01 
  528.000  6.854606e-01 
  529.000  6.854360e-01 
  530.000  6.854169e-01 
  531.000  6.854013e-01 
  532.000  6.854364e-01 
  533.000  6.857535e-01 
  534.000  6.861539e-01 
  535.000  6.866057e-01 
  536.000  6.870425e-01 
  537.000  6.874419e-01 
  538.000  6.877990e-01 
  539.000  6.881300e-01 
  540.000  6.884404e-01 
  541.000  6.887416e-01 
  542.000  6.890298e-01 
  543.000  6.893076e-01 
  544.000  6.895177e-01 
  545.000  6.896725e-01 
  546.000  6.898201e-01 
  547.000  6.899719e-01 
  548.000  6.901161e-01 
  549.000  6.902580e-01 
  550.000  6.903268e-01 
  551.000  6.903232e-01 
  552.000  6.903224e-01 
  553.000  6.903066e-01 
  554.000  6.902840e-01 
  555.000  6.902573e-01 
  556.000  6.902031e-01 
  557.000  6.901016e-01 
  558.000  6.899917e-01 
  559.000  6.898690e-01 
  560.000  6.897153e-01 
  561.000  6.895328e-01 
  562.000  6.891039e-01 
  563.000  6.888755e-01 
  564.000  6.885678e-01 
  565.000  6.880824e-01 
  566.000  6.878034e-01 
  567.000  6.866742e-01 
  568.000  6.830906e-01 
  569.000  6.752402e-01 
  570.000  6.764302e-01 
  571.000  6.819529e-01 
  572.000  6.766052e-01 
  573.000  6.780114e-01 
  574.000  6.783697e-01 
  575.000  6.780263e-01 
  576.000  6.782197e-01 
  577.000  6.801061e-01 
  578.000  6.824926e-01 
  579.000  6.844558e-01 
  580.000  6.860763e-01 
  581.000  6.885282e-01 
  582.000  6.901196e-01 
  583.000  6.910080e-01 
  584.000  6.918387e-01 
  585.000  6.924165e-01 
  586.000  6.930382e-01 
  587.000  6.908920e-01 
  588.000  6.801198e-01 
  589.000  6.632396e-01 
  590.000  6.623272e-01 
  591.000  6.740739e-01 
  592.000  6.680469e-01 
  593.000  6.814432e-01 
  594.000  6.786492e-01 
  595.000  6.694668e-01 
  596.000  6.825125e-01 
  597.000  6.793657e-01 
  598.000  6.845663e-01 
  599.000  6.865550e-01 
  600.000  6.912446e-01 
  601.000  6.942930e-01 
  602.000  6.951470e-01 
  603.000  6.965135e-01 
  604.000  6.979970e-01 
  605.000  6.990110e-01 
  606.000  6.997036e-01 
  607.000  7.003710e-01 
  608.000  7.009888e-01 
  609.000  7.015783e-01 
  610.000  7.021853e-01 
  611.000  7.028593e-01 
  612.000  7.035193e-01 
  613.000  7.041586e-01 
  614.000  7.047790e-01 
  615.000  7.053975e-01 
  616.000  7.059935e-01 
  617.000  7.065562e-01 
  618.000  7.070279e-01 
  619.000  7.074270e-01 
  620.000  7.077963e-01 
  621.000  7.081137e-01 
  622.000  7.083789e-01 
  623.000  7.085562e-01 
  624.000  7.087446e-01 
  625.000  7.089009e-01 
  626.000  7.084825e-01 
  627.000  7.041371e-01 
  628.000  6.828310e-01 
  629.000  6.952174e-01 
  630.000  6.991352e-01 
  631.000  7.032797e-01 
  632.000  7.016201e-01 
  633.000  7.077324e-01 
  634.000  7.104371e-01 
  635.000  7.114598e-01 
  636.000  7.131689e-01 
  637.000  7.145704e-01 
  638.000  7.175887e-01 
  639.000  7.184890e-01 
  640.000  7.204101e-01 
  641.000  7.211862e-01 
  642.000  7.225972e-01 
  643.000  7.216282e-01 
  644.000  7.222114e-01 
  645.000  7.205025e-01 
  646.000  7.113842e-01 
  647.000  7.051731e-01 
  648.000  6.981976e-01 
  649.000  7.050269e-01 
  650.000  7.178608e-01 
  651.000  7.182066e-01 
  652.000  7.075540e-01 
  653.000  7.205651e-01 
  654.000  7.195258e-01 
  655.000  7.152625e-01 
  656.000  7.172306e-01 
  657.000  7.200867e-01 
  658.000  7.247761e-01 
  659.000  7.276593e-01 
  660.000  7.291162e-01 
  661.000  7.326657e-01 
  662.000  7.344275e-01 
  663.000  7.345159e-01 
  664.000  7.354130e-01 
  665.000  7.362341e-01 
  666.000  7.371990e-01 
  667.000  7.380081e-01 
  668.000  7.389682e-01 
  669.000  7.396261e-01 
  670.000  7.401969e-01 
  671.000  7.408040e-01 
  672.000  7.413356e-01 
  673.000  7.418560e-01 
  674.000  7.423709e-01 
  675.000  7.428873e-01 
  676.000  7.433695e-01 
  677.000  7.438134e-01 
  678.000  7.442592e-01 
  679.000  7.446067e-01 
  680.000  7.445288e-01 
  681.000  7.443503e-01 
  682.000  7.445574e-01 
  683.000  7.445974e-01 
  684.000  7.439843e-01 
  685.000  7.449613e-01 
  686.000  7.420594e-01 
  687.000  6.448364e-01 
  688.000  6.755490e-01 
  689.000  6.665595e-01 
  690.000  6.825940e-01 
  691.000  7.028472e-01 
  692.000  7.139617e-01 
  693.000  7.048838e-01 
  694.000  6.936603e-01 
  695.000  7.034914e-01 
  696.000  7.092740e-01 
  697.000  7.345874e-01 
  698.000  7.293110e-01 
  699.000  7.065147e-01 
  700.000  7.102749e-01 
  701.000  7.052012e-01 
  702.000  7.089316e-01 
  703.000  7.280127e-01 
  704.000  7.288468e-01 
  705.000  7.209832e-01 
  706.000  7.225317e-01 
  707.000  7.253619e-01 
  708.000  7.284231e-01 
  709.000  7.346779e-01 
  710.000  7.280354e-01 
  711.000  7.348305e-01 
  712.000  7.406226e-01 
  713.000  7.359715e-01 
  714.000  7.343949e-01 
  715.000  7.268090e-01 
  716.000  7.188987e-01 
  717.000  6.695410e-01 
  718.000  6.394823e-01 
  719.000  6.286930e-01 
  720.000  6.125892e-01 
  721.000  6.836948e-01 
  722.000  7.093322e-01 
  723.000  6.948051e-01 
  724.000  6.538624e-01 
  725.000  6.598414e-01 
  726.000  6.579272e-01 
  727.000  6.636921e-01 
  728.000  6.573981e-01 
  729.000  6.730224e-01 
  730.000  6.703167e-01 
  731.000  6.670517e-01 
  732.000  6.935238e-01 
  733.000  7.190862e-01 
  734.000  7.314548e-01 
  735.000  7.270799e-01 
  736.000  7.189422e-01 
  737.000  7.250623e-01 
  738.000  7.334895e-01 
  739.000  7.371183e-01 
  740.000  7.451906e-01 
  741.000  7.498553e-01 
  742.000  7.518090e-01 
  743.000  7.561188e-01 
  744.000  7.580136e-01 
  745.000  7.595036e-01 
  746.000  7.606390e-01 
  747.000  7.609174e-01 
  748.000  7.619507e-01 
  749.000  7.624807e-01 
  750.000  7.621574e-01 
  751.000  7.623413e-01 
  752.000  7.632847e-01 
  753.000  7.636660e-01 
  754.000  7.639612e-01 
  755.000  7.641444e-01 
  756.000  7.643377e-01 
  757.000  7.644708e-01 
  758.000  7.632378e-01 
  759.000  7.110164e-01 
  760.000  3.243658e-01 
  761.000  2.881184e-01 
  762.000  5.110917e-01 
  763.000  4.414727e-01 
  764.000  4.759096e-01 
  765.000  5.542923e-01 
  766.000  6.491492e-01 
  767.000  6.971188e-01 
  768.000  7.285243e-01 
  769.000  7.492678e-01 
  770.000  7.602630e-01 
  771.000  7.655914e-01 
  772.000  7.668955e-01 
  773.000  7.674817e-01 
  774.000  7.681910e-01 
  775.000  7.686152e-01 
  776.000  7.689245e-01 
  777.000  7.689962e-01 
  778.000  7.689549e-01 
  779.000  7.689054e-01 
  780.000  7.688545e-01 
  781.000  7.692719e-01 
  782.000  7.692075e-01 
  783.000  7.691578e-01 
  784.000  7.688241e-01 
  785.000  7.670448e-01 
  786.000  7.643142e-01 
  787.000  7.581936e-01 
  788.000  7.549730e-01 
  789.000  7.435410e-01 
  790.000  7.425454e-01 
  791.000  7.446851e-01 
  792.000  7.466666e-01 
  793.000  7.513035e-01 
  794.000  7.611634e-01 
  795.000  7.551139e-01 
  796.000  7.390777e-01 
  797.000  7.436382e-01 
  798.000  7.537528e-01 
  799.000  7.514282e-01 
  800.000  7.440457e-01 
  801.000  7.449099e-01 
  802.000  7.441538e-01 
  803.000  7.452199e-01 
  804.000  7.486750e-01 
  805.000  7.553083e-01 
  806.000  7.592690e-01 
  807.000  7.594333e-01 
  808.000  7.571665e-01 
  809.000  7.543834e-01 
  810.000  7.513329e-01 
  811.000  7.451013e-01 
  812.000  7.367290e-01 
  813.000  7.265048e-01 
  814.000  7.130671e-01 
  815.000  6.964169e-01 
  816.000  6.752682e-01 
  817.000  6.763879e-01 
  818.000  6.780843e-01 
  819.000  6.850477e-01 
  820.000  7.083874e-01 
  821.000  7.352080e-01 
  822.000  7.147697e-01 
  823.000  6.584862e-01 
  824.000  7.058411e-01 
  825.000  7.366886e-01 
  826.000  7.314360e-01 
  827.000  7.275150e-01 
  828.000  7.072060e-01 
  829.000  7.144842e-01 
  830.000  7.226734e-01 
  831.000  7.246030e-01 
  832.000  7.254750e-01 
  833.000  7.302158e-01 
  834.000  7.358102e-01 
  835.000  7.469279e-01 
  836.000  7.433509e-01 
  837.000  7.429761e-01 
  838.000  7.483830e-01 
  839.000  7.516681e-01 
  840.000  7.528548e-01 
  841.000  7.492789e-01 
  842.000  7.524743e-01 
  843.000  7.600856e-01 
  844.000  7.635406e-01 
  845.000  7.651459e-01 
  846.000  7.668353e-01 
  847.000  7.686987e-01 
  848.000  7.655968e-01 
  849.000  7.659813e-01 
  850.000  7.644429e-01 
  851.000  7.626137e-01 
  852.000  7.627850e-01 
  853.000  7.657814e-01 
  854.000  7.656111e-01 
  855.000  7.671142e-01 
  856.000  7.702513e-01 
  857.000  7.714877e-01 
  858.000  7.721835e-01 
  859.000  7.736836e-01 
  860.000  7.744119e-01 
  861.000  7.745292e-01 
  862.000  7.749516e-01 
  863.000  7.750040e-01 
  864.000  7.752929e-01 
  865.000  7.755285e-01 
  866.000  7.755888e-01 
  867.000  7.755426e-01 
  868.000  7.755771e-01 
  869.000  7.756534e-01 
  870.000  7.755922e-01 
  871.000  7.756642e-01 
  872.000  7.758443e-01 
  873.000  7.756585e-01 
  874.000  7.755566e-01 
  875.000  7.755303e-01 
  876.000  7.752084e-01 
  877.000  7.750703e-01 
  878.000  7.741089e-01 
  879.000  7.740405e-01 
  880.000  7.732099e-01 
  881.000  7.727279e-01 
  882.000  7.723023e-01 
  883.000  7.727112e-01 
  884.000  7.728862e-01 
  885.000  7.711813e-01 
  886.000  7.688954e-01 
  887.000  7.707151e-01 
  888.000  7.705987e-01 
  889.000  7.711450e-01 
  890.000  7.697387e-01 
  891.000  7.668573e-01 
  892.000  7.607971e-01 
  893.000  7.424968e-01 
  894.000  7.333696e-01 
  895.000  7.058353e-01 
  896.000  6.812668e-01 
  897.000  6.555245e-01 
  898.000  6.435448e-01 
  899.000  6.102812e-01 
  900.000  6.149780e-01 
  901.000  6.064005e-01 
  902.000  6.080671e-01 
  903.000  6.640496e-01 
  904.000  6.987572e-01 
  905.000  6.975489e-01 
  906.000  6.758267e-01 
  907.000  6.377893e-01 
  908.000  6.129702e-01 
  909.000  6.139671e-01 
  910.000  6.176634e-01 
  911.000  6.340995e-01 
  912.000  6.261297e-01 
  913.000  5.917792e-01 
  914.000  6.087165e-01 
  915.000  6.221700e-01 
  916.000  6.258565e-01 
  917.000  6.332356e-01 
  918.000  6.427834e-01 
  919.000  6.753718e-01 
  920.000  7.002693e-01 
  921.000  6.948224e-01 
  922.000  6.943604e-01 
  923.000  6.874108e-01 
  924.000  6.707736e-01 
  925.000  6.692739e-01 
  926.000  6.685667e-01 
  927.000  6.490257e-01 
  928.000  6.192449e-01 
  929.000  5.768504e-01 
  930.000  5.240189e-01 
  931.000  4.664775e-01 
  932.000  3.929038e-01 
  933.000  3.406863e-01 
  934.000  2.892406e-01 
  935.000  2.836792e-01 
  936.000  3.033919e-01 
  937.000  2.985348e-01 
  938.000  3.566222e-01 
  939.000  5.156921e-01 
  940.000  5.405529e-01 
  941.000  5.194574e-01 
  942.000  4.681289e-01 
  943.000  3.852695e-01 
  944.000  3.794687e-01 
  945.000  4.085879e-01 
  946.000  4.104043e-01 
  947.000  4.372750e-01 
  948.000  4.531622e-01 
  949.000  4.513110e-01 
  950.000  4.554547e-01 
  951.000  4.912829e-01 
  952.000  4.534259e-01 
  953.000  4.803440e-01 
  954.000  5.096061e-01 
  955.000  4.863590e-01 
  956.000  4.815548e-01 
  957.000  5.558686e-01 
  958.000  5.658790e-01 
  959.000  5.535867e-01 
  960.000  5.501304e-01 
  961.000  5.440165e-01 
  962.000  5.498331e-01 
  963.000  5.914062e-01 
  964.000  5.975167e-01 
  965.000  5.936462e-01 
  966.000  5.960444e-01 
  967.000  6.261612e-01 
  968.000  6.770262e-01 
  969.000  7.002838e-01 
  970.000  7.015857e-01 
  971.000  7.010416e-01 
  972.000  6.944240e-01 
  973.000  6.792138e-01 
  974.000  6.608022e-01 
  975.000  6.490277e-01 
  976.000  6.634288e-01 
  977.000  6.873631e-01 
  978.000  6.854623e-01 
  979.000  6.917429e-01 
  980.000  7.163723e-01 
  981.000  7.218779e-01 
  982.000  7.164281e-01 
  983.000  7.291483e-01 
  984.000  7.422732e-01 
  985.000  7.497516e-01 
  986.000  7.594157e-01 
  987.000  7.636155e-01 
  988.000  7.645814e-01 
  989.000  7.651969e-01 
  990.000  7.662157e-01 
  991.000  7.698130e-01 
  992.000  7.708290e-01 
  993.000  7.712040e-01 
  994.000  7.744498e-01 
  995.000  7.766005e-01 
  996.000  7.765734e-01 
  997.000  7.751316e-01 
  998.000  7.735626e-01 
  999.000  7.729499e-01 
 1000.000  7.734342e-01 
 1001.000  7.699770e-01 
 1002.000  7.644560e-01 
 1003.000  7.657562e-01 
 1004.000  7.689186e-01 
 1005.000  7.703598e-01 
 1006.000  7.708237e-01 
 1007.000  7.697619e-01 
 1008.000  7.652625e-01 
 1009.000  7.592578e-01 
 1010.000  7.619256e-01 
 1011.000  7.683024e-01 
 1012.000  7.707310e-01 
 1013.000  7.726440e-01 
 1014.000  7.734432e-01 
 1015.000  7.735958e-01 
 1016.000  7.744594e-01 
 1017.000  7.749589e-01 
 1018.000  7.738755e-01 
 1019.000  7.716545e-01 
 1020.000  7.724336e-01 
 1021.000  7.740331e-01 
 1022.000  7.713475e-01 
 1023.000  7.691023e-01 
 1024.000  7.677601e-01 
 1025.000  7.718841e-01 
 1026.000  7.737107e-01 
 1027.000  7.729403e-01 
 1028.000  7.735843e-01 
 1029.000  7.753214e-01 
 1030.000  7.769873e-01 
 1031.000  7.778492e-01 
 1032.000  7.785561e-01 
 1033.000  7.787193e-01 
 1034.000  7.791256e-01 
 1035.000  7.793255e-01 
 1036.000  7.792360e-01 
 1037.000  7.792922e-01 
 1038.000  7.794176e-01 
 1039.000  7.791855e-01 
 1040.000  7.789904e-01 
 1041.000  7.788364e-01 
 1042.000  7.787959e-01 
 1043.000  7.787970e-01 
 1044.000  7.786641e-01 
 1045.000  7.782278e-01 
 1046.000  7.779377e-01 
 1047.000  7.775971e-01 
 1048.000  7.771881e-01 
 1049.000  7.768023e-01 
 1050.000  7.763517e-01 
 1051.000  7.756864e-01 
 1052.000  7.752610e-01 
 1053.000  7.752190e-01 
 1054.000  7.745468e-01 
 1055.000  7.738920e-01 
 1056.000  7.733489e-01 
 1057.000  7.718922e-01 
 1058.000  7.692010e-01 
 1059.000  7.694103e-01 
 1060.000  7.708292e-01 
 1061.000  7.705152e-01 
 1062.000  7.688204e-01 
 1063.000  7.682201e-01 
 1064.000  7.667781e-01 
 1065.000  7.651022e-01 
 1066.000  7.652420e-01 
 1067.000  7.642685e-01 
 1068.000  7.607880e-01 
 1069.000  7.590161e-01 
 1070.000  7.594634e-01 
 1071.000  7.571861e-01 
 1072.000  7.548705e-01 
 1073.000  7.543790e-01 
 1074.000  7.546555e-01 
 1075.000  7.579459e-01 
 1076.000  7.557983e-01 
 1077.000  7.529407e-01 
 1078.000  7.495914e-01 
 1079.000  7.491143e-01 
 1080.000  7.402592e-01 
 1081.000  7.397231e-01 
 1082.000  7.435645e-01 
 1083.000  7.388507e-01 
 1084.000  7.337107e-01 
 1085.000  7.215378e-01 
 1086.000  7.243376e-01 
 1087.000  7.376649e-01 
 1088.000  7.381688e-01 
 1089.000  7.218845e-01 
 1090.000  7.187992e-01 
 1091.000  7.218444e-01 
 1092.000  7.137622e-01 
 1093.000  6.958458e-01 
 1094.000  6.880612e-01 
 1095.000  6.892782e-01 
 1096.000  6.903585e-01 
 1097.000  6.867332e-01 
 1098.000  6.436729e-01 
 1099.000  6.073961e-01 
 1100.000  6.097898e-01 
 1101.000  6.147185e-01 
 1102.000  6.122149e-01 
 1103.000  6.154444e-01 
 1104.000  6.093597e-01 
 1105.000  5.941859e-01 
 1106.000  5.790505e-01 
 1107.000  5.826376e-01 
 1108.000  5.851649e-01 
 1109.000  5.978143e-01 
 1110.000  5.958390e-01 
 1111.000  5.884497e-01 
 1112.000  5.566705e-01 
 1113.000  5.136058e-01 
 1114.000  5.013788e-01 
 1115.000  4.497143e-01 
 1116.000  4.184984e-01 
 1117.000  3.492967e-01 
 1118.000  2.883168e-01 
 1119.000  2.568321e-01 
 1120.000  2.196486e-01 
 1121.000  2.115150e-01 
 1122.000  1.756142e-01 
 1123.000  1.943505e-01 
 1124.000  2.072828e-01 
 1125.000  2.003014e-01 
 1126.000  1.976188e-01 
 1127.000  2.008661e-01 
 1128.000  2.071578e-01 
 1129.000  2.439335e-01 
 1130.000  3.344672e-01 
 1131.000  3.619505e-01 
 1132.000  3.242646e-01 
 1133.000  2.589921e-01 
 1134.000  1.513923e-01 
 1135.000  1.590990e-01 
 1136.000  2.688466e-01 
 1137.000  3.347549e-01 
 1138.000  4.024148e-01 
 1139.000  4.246039e-01 
 1140.000  4.114459e-01 
 1141.000  3.854447e-01 
 1142.000  3.761374e-01 
 1143.000  3.474009e-01 
 1144.000  3.159389e-01 
 1145.000  2.717864e-01 
 1146.000  2.821151e-01 
 1147.000  3.168945e-01 
 1148.000  3.486437e-01 
 1149.000  3.619349e-01 
 1150.000  3.632435e-01 
