  320.000  1.596643e-01 
  321.000  1.988758e-01 
  322.000  1.834034e-01 
  323.000  2.030280e-01 
  324.000  2.228607e-01 
  325.000  2.080699e-01 
  326.000  2.323907e-01 
  327.000  2.392183e-01 
  328.000  2.244940e-01 
  329.000  2.528273e-01 
  330.000  2.573442e-01 
  331.000  2.484134e-01 
  332.000  2.656818e-01 
  333.000  2.707356e-01 
  334.000  2.665855e-01 
  335.000  2.793144e-01 
  336.000  2.844841e-01 
  337.000  2.823044e-01 
  338.000  2.883686e-01 
  339.000  2.946388e-01 
  340.000  2.936076e-01 
  341.000  2.997051e-01 
  342.000  3.041710e-01 
  343.000  3.064161e-01 
  344.000  3.068750e-01 
  345.000  3.129410e-01 
  346.000  3.167760e-01 
  347.000  3.199054e-01 
  348.000  3.228388e-01 
  349.000  3.261360e-01 
  350.000  3.289563e-01 
  351.000  3.317669e-01 
  352.000  3.340739e-01 
  353.000  3.373562e-01 
  354.000  3.401520e-01 
  355.000  3.427550e-01 
  356.000  3.452927e-01 
  357.000  3.475521e-01 
  358.000  3.499840e-01 
  359.000  3.524146e-01 
  360.000  3.549048e-01 
  361.000  3.580521e-01 
  362.000  3.613309e-01 
  363.000  3.643521e-01 
  364.000  3.671336e-01 
  365.000  3.697436e-01 
  366.000  3.724134e-01 
  367.000  3.749562e-01 
  368.000  3.774767e-01 
  369.000  3.799763e-01 
  370.000  3.824507e-01 
  371.000  3.849066e-01 
  372.000  3.873428e-01 
  373.000  3.897591e-01 
  374.000  3.921371e-01 
  375.000  3.944698e-01 
  376.000  3.967237e-01 
  377.000  3.988546e-01 
  378.000  4.008341e-01 
  379.000  4.028459e-01 
  380.000  4.050590e-01 
  381.000  4.075787e-01 
  382.000  4.101904e-01 
  383.000  4.126607e-01 
  384.000  4.150044e-01 
  385.000  4.172630e-01 
  386.000  4.194639e-01 
  387.000  4.216296e-01 
  388.000  4.237679e-01 
  389.000  4.258887e-01 
  390.000  4.279926e-01 
  391.000  4.300752e-01 
  392.000  4.321424e-01 
  393.000  4.341927e-01 
  394.000  4.362240e-01 
  395.000  4.382347e-01 
  396.000  4.402324e-01 
  397.000  4.422070e-01 
  398.000  4.441635e-01 
  399.000  4.461035e-01 
  400.000  4.480166e-01 
  401.000  4.499224e-01 
  402.000  4.518130e-01 
  403.000  4.536874e-01 
  404.000  4.555451e-01 
  405.000  4.573825e-01 
  406.000  4.592077e-01 
  407.000  4.610185e-01 
  408.000  4.628136e-01 
  409.000  4.645910e-01 
  410.000  4.663515e-01 
  411.000  4.680946e-01 
  412.000  4.698190e-01 
  413.000  4.715336e-01 
  414.000  4.731250e-01 
  415.000  4.748467e-01 
  416.000  4.765465e-01 
  417.000  4.782180e-01 
  418.000  4.798510e-01 
  419.000  4.814661e-01 
  420.000  4.830665e-01 
  421.000  4.846573e-01 
  422.000  4.862383e-01 
  423.000  4.878076e-01 
  424.000  4.893583e-01 
  425.000  4.908735e-01 
  426.000  4.923739e-01 
  427.000  4.938610e-01 
  428.000  4.953218e-01 
  429.000  4.967621e-01 
  430.000  4.981856e-01 
  431.000  4.995986e-01 
  432.000  5.009967e-01 
  433.000  5.023816e-01 
  434.000  5.037549e-01 
  435.000  5.051147e-01 
  436.000  5.064592e-01 
  437.000  5.077891e-01 
  438.000  5.091040e-01 
  439.000  5.104086e-01 
  440.000  5.116923e-01 
  441.000  5.129596e-01 
  442.000  5.142069e-01 
  443.000  5.154354e-01 
  444.000  5.166445e-01 
  445.000  5.178276e-01 
  446.000  5.189779e-01 
  447.000  5.201843e-01 
  448.000  5.214777e-01 
  449.000  5.227869e-01 
  450.000  5.240708e-01 
  451.000  5.253046e-01 
  452.000  5.264952e-01 
  453.000  5.276614e-01 
  454.000  5.288064e-01 
  455.000  5.298851e-01 
  456.000  5.308767e-01 
  457.000  5.318685e-01 
  458.000  5.328470e-01 
  459.000  5.338047e-01 
  460.000  5.347548e-01 
  461.000  5.356948e-01 
  462.000  5.366169e-01 
  463.000  5.375350e-01 
  464.000  5.387302e-01 
  465.000  5.399075e-01 
  466.000  5.410640e-01 
  467.000  5.421938e-01 
  468.000  5.431140e-01 
  469.000  5.439065e-01 
  470.000  5.446354e-01 
  471.000  5.452914e-01 
  472.000  5.458485e-01 
  473.000  5.462390e-01 
  474.000  5.465596e-01 
  475.000  5.466419e-01 
  476.000  5.464832e-01 
  477.000  5.464799e-01 
  478.000  5.474076e-01 
  479.000  5.488198e-01 
  480.000  5.503439e-01 
  481.000  5.517111e-01 
  482.000  5.529935e-01 
  483.000  5.541082e-01 
  484.000  5.550663e-01 
  485.000  5.559230e-01 
  486.000  5.568368e-01 
  487.000  5.577986e-01 
  488.000  5.587296e-01 
  489.000  5.596433e-01 
  490.000  5.605463e-01 
  491.000  5.612534e-01 
  492.000  5.618997e-01 
  493.000  5.625429e-01 
  494.000  5.631678e-01 
  495.000  5.637926e-01 
  496.000  5.641146e-01 
  497.000  5.644244e-01 
  498.000  5.647296e-01 
  499.000  5.650184e-01 
  500.000  5.653026e-01 
  501.000  5.655552e-01 
  502.000  5.658078e-01 
  503.000  5.660573e-01 
  504.000  5.662953e-01 
  505.000  5.665203e-01 
  506.000  5.671793e-01 
  507.000  5.678574e-01 
  508.000  5.685346e-01 
  509.000  5.692038e-01 
  510.000  5.698588e-01 
  511.000  5.704460e-01 
  512.000  5.710131e-01 
  513.000  5.715768e-01 
  514.000  5.721336e-01 
  515.000  5.726854e-01 
  516.000  5.730796e-01 
  517.000  5.733324e-01 
  518.000  5.735781e-01 
  519.000  5.738192e-01 
  520.000  5.740580e-01 
  521.000  5.742719e-01 
  522.000  5.744261e-01 
  523.000  5.745374e-01 
  524.000  5.746523e-01 
  525.000  5.747429e-01 
  526.000  5.748700e-01 
  527.000  5.748904e-01 
  528.000  5.748677e-01 
  529.000  5.748437e-01 
  530.000  5.748250e-01 
  531.000  5.748098e-01 
  532.000  5.748441e-01 
  533.000  5.751540e-01 
  534.000  5.755454e-01 
  535.000  5.759870e-01 
  536.000  5.764140e-01 
  537.000  5.768046e-01 
  538.000  5.771538e-01 
  539.000  5.774775e-01 
  540.000  5.777810e-01 
  541.000  5.780756e-01 
  542.000  5.783575e-01 
  543.000  5.786293e-01 
  544.000  5.788348e-01 
  545.000  5.789862e-01 
  546.000  5.791307e-01 
  547.000  5.792792e-01 
  548.000  5.794202e-01 
  549.000  5.795591e-01 
  550.000  5.796264e-01 
  551.000  5.796229e-01 
  552.000  5.796221e-01 
  553.000  5.796067e-01 
  554.000  5.795845e-01 
  555.000  5.795584e-01 
  556.000  5.795054e-01 
  557.000  5.794060e-01 
  558.000  5.792986e-01 
  559.000  5.791786e-01 
  560.000  5.790285e-01 
  561.000  5.788507e-01 
  562.000  5.785270e-01 
  563.000  5.783118e-01 
  564.000  5.780347e-01 
  565.000  5.776284e-01 
  566.000  5.773116e-01 
  567.000  5.764918e-01 
  568.000  5.743073e-01 
  569.000  5.700400e-01 
  570.000  5.704520e-01 
  571.000  5.730657e-01 
  572.000  5.700442e-01 
  573.000  5.705361e-01 
  574.000  5.704421e-01 
  575.000  5.701430e-01 
  576.000  5.703151e-01 
  577.000  5.714433e-01 
  578.000  5.730043e-01 
  579.000  5.745287e-01 
  580.000  5.761464e-01 
  581.000  5.783200e-01 
  582.000  5.798926e-01 
  583.000  5.809886e-01 
  584.000  5.819770e-01 
  585.000  5.827527e-01 
  586.000  5.834842e-01 
  587.000  5.827277e-01 
  588.000  5.774550e-01 
  589.000  5.686548e-01 
  590.000  5.683488e-01 
  591.000  5.748307e-01 
  592.000  5.717520e-01 
  593.000  5.790733e-01 
  594.000  5.777225e-01 
  595.000  5.729305e-01 
  596.000  5.798212e-01 
  597.000  5.779777e-01 
  598.000  5.805897e-01 
  599.000  5.814822e-01 
  600.000  5.838031e-01 
  601.000  5.851923e-01 
  602.000  5.854771e-01 
  603.000  5.862787e-01 
  604.000  5.874035e-01 
  605.000  5.882304e-01 
  606.000  5.888651e-01 
  607.000  5.894793e-01 
  608.000  5.900779e-01 
  609.000  5.906513e-01 
  610.000  5.912464e-01 
  611.000  5.919077e-01 
  612.000  5.925554e-01 
  613.000  5.931829e-01 
  614.000  5.937920e-01 
  615.000  5.943993e-01 
  616.000  5.949845e-01 
  617.000  5.955373e-01 
  618.000  5.960006e-01 
  619.000  5.963926e-01 
  620.000  5.967556e-01 
  621.000  5.970674e-01 
  622.000  5.973280e-01 
  623.000  5.975024e-01 
  624.000  5.976881e-01 
  625.000  5.978435e-01 
  626.000  5.976820e-01 
  627.000  5.950858e-01 
  628.000  5.753112e-01 
  629.000  5.877725e-01 
  630.000  5.899250e-01 
  631.000  5.937614e-01 
  632.000  5.942411e-01 
  633.000  5.984151e-01 
  634.000  6.007963e-01 
  635.000  6.020297e-01 
  636.000  6.036347e-01 
  637.000  6.049972e-01 
  638.000  6.071528e-01 
  639.000  6.082072e-01 
  640.000  6.097325e-01 
  641.000  6.106606e-01 
  642.000  6.118317e-01 
  643.000  6.117129e-01 
  644.000  6.123827e-01 
  645.000  6.117721e-01 
  646.000  6.073051e-01 
  647.000  6.042768e-01 
  648.000  6.008040e-01 
  649.000  6.047962e-01 
  650.000  6.119810e-01 
  651.000  6.124170e-01 
  652.000  6.069149e-01 
  653.000  6.141793e-01 
  654.000  6.138622e-01 
  655.000  6.118087e-01 
  656.000  6.131114e-01 
  657.000  6.148702e-01 
  658.000  6.176241e-01 
  659.000  6.193005e-01 
  660.000  6.203376e-01 
  661.000  6.224940e-01 
  662.000  6.237082e-01 
  663.000  6.239994e-01 
  664.000  6.247059e-01 
  665.000  6.253632e-01 
  666.000  6.261500e-01 
  667.000  6.268396e-01 
  668.000  6.276072e-01 
  669.000  6.282032e-01 
  670.000  6.287493e-01 
  671.000  6.293150e-01 
  672.000  6.298373e-01 
  673.000  6.303524e-01 
  674.000  6.308637e-01 
  675.000  6.313750e-01 
  676.000  6.318576e-01 
  677.000  6.323009e-01 
  678.000  6.327446e-01 
  679.000  6.331298e-01 
  680.000  6.332645e-01 
  681.000  6.333046e-01 
  682.000  6.335990e-01 
  683.000  6.338130e-01 
  684.000  6.337043e-01 
  685.000  6.344206e-01 
  686.000  6.319140e-01 
  687.000  5.419526e-01 
  688.000  5.699149e-01 
  689.000  5.621181e-01 
  690.000  5.767010e-01 
  691.000  5.965082e-01 
  692.000  6.094818e-01 
  693.000  6.088971e-01 
  694.000  6.053899e-01 
  695.000  6.121734e-01 
  696.000  6.160216e-01 
  697.000  6.305934e-01 
  698.000  6.278468e-01 
  699.000  6.151668e-01 
  700.000  6.174396e-01 
  701.000  6.146944e-01 
  702.000  6.169283e-01 
  703.000  6.277985e-01 
  704.000  6.283834e-01 
  705.000  6.240628e-01 
  706.000  6.250309e-01 
  707.000  6.267202e-01 
  708.000  6.285360e-01 
  709.000  6.321417e-01 
  710.000  6.285170e-01 
  711.000  6.324287e-01 
  712.000  6.357716e-01 
  713.000  6.332796e-01 
  714.000  6.325157e-01 
  715.000  6.284118e-01 
  716.000  6.241685e-01 
  717.000  5.962061e-01 
  718.000  5.789208e-01 
  719.000  5.727510e-01 
  720.000  5.632318e-01 
  721.000  6.049442e-01 
  722.000  6.196751e-01 
  723.000  6.115016e-01 
  724.000  5.879610e-01 
  725.000  5.915797e-01 
  726.000  5.905157e-01 
  727.000  5.939264e-01 
  728.000  5.903042e-01 
  729.000  5.994288e-01 
  730.000  5.978785e-01 
  731.000  5.959948e-01 
  732.000  6.113205e-01 
  733.000  6.258968e-01 
  734.000  6.329039e-01 
  735.000  6.304892e-01 
  736.000  6.259369e-01 
  737.000  6.294413e-01 
  738.000  6.342370e-01 
  739.000  6.363193e-01 
  740.000  6.408859e-01 
  741.000  6.435375e-01 
  742.000  6.446736e-01 
  743.000  6.470059e-01 
  744.000  6.481336e-01 
  745.000  6.490154e-01 
  746.000  6.497235e-01 
  747.000  6.499574e-01 
  748.000  6.506533e-01 
  749.000  6.510432e-01 
  750.000  6.509149e-01 
  751.000  6.510998e-01 
  752.000  6.517469e-01 
  753.000  6.520477e-01 
  754.000  6.522974e-01 
  755.000  6.524807e-01 
  756.000  6.526697e-01 
  757.000  6.528021e-01 
  758.000  6.516133e-01 
  759.000  6.032436e-01 
  760.000  2.564743e-01 
  761.000  2.254056e-01 
  762.000  4.209803e-01 
  763.000  3.588898e-01 
  764.000  3.895151e-01 
  765.000  4.599281e-01 
  766.000  5.463452e-01 
  767.000  5.904972e-01 
  768.000  6.195596e-01 
  769.000  6.388213e-01 
  770.000  6.491469e-01 
  771.000  6.540587e-01 
  772.000  6.552822e-01 
  773.000  6.558366e-01 
  774.000  6.565511e-01 
  775.000  6.569700e-01 
  776.000  6.572658e-01 
  777.000  6.573749e-01 
  778.000  6.573995e-01 
  779.000  6.574096e-01 
  780.000  6.574153e-01 
  781.000  6.577029e-01 
  782.000  6.577004e-01 
  783.000  6.577064e-01 
  784.000  6.575284e-01 
  785.000  6.565083e-01 
  786.000  6.549801e-01 
  787.000  6.516809e-01 
  788.000  6.498949e-01 
  789.000  6.434148e-01 
  790.000  6.428881e-01 
  791.000  6.441507e-01 
  792.000  6.453164e-01 
  793.000  6.479945e-01 
  794.000  6.536396e-01 
  795.000  6.502371e-01 
  796.000  6.411083e-01 
  797.000  6.437579e-01 
  798.000  6.495692e-01 
  799.000  6.482767e-01 
  800.000  6.440935e-01 
  801.000  6.446227e-01 
  802.000  6.442235e-01 
  803.000  6.448654e-01 
  804.000  6.468686e-01 
  805.000  6.506833e-01 
  806.000  6.529670e-01 
  807.000  6.530928e-01 
  808.000  6.518390e-01 
  809.000  6.502929e-01 
  810.000  6.485989e-01 
  811.000  6.450893e-01 
  812.000  6.403566e-01 
  813.000  6.345441e-01 
  814.000  6.268528e-01 
  815.000  6.172676e-01 
  816.000  6.048734e-01 
  817.000  6.056115e-01 
  818.000  6.066517e-01 
  819.000  6.107522e-01 
  820.000  6.244203e-01 
  821.000  6.399776e-01 
  822.000  6.281877e-01 
  823.000  5.950391e-01 
  824.000  6.230246e-01 
  825.000  6.409094e-01 
  826.000  6.378592e-01 
  827.000  6.356247e-01 
  828.000  6.238724e-01 
  829.000  6.281399e-01 
  830.000  6.329053e-01 
  831.000  6.340317e-01 
  832.000  6.345193e-01 
  833.000  6.372652e-01 
  834.000  6.404903e-01 
  835.000  6.468716e-01 
  836.000  6.448355e-01 
  837.000  6.446291e-01 
  838.000  6.477484e-01 
  839.000  6.496444e-01 
  840.000  6.503461e-01 
  841.000  6.483237e-01 
  842.000  6.501731e-01 
  843.000  6.545375e-01 
  844.000  6.565228e-01 
  845.000  6.574585e-01 
  846.000  6.584414e-01 
  847.000  6.593928e-01 
  848.000  6.577893e-01 
  849.000  6.580350e-01 
  850.000  6.571878e-01 
  851.000  6.561730e-01 
  852.000  6.562957e-01 
  853.000  6.580241e-01 
  854.000  6.579491e-01 
  855.000  6.588262e-01 
  856.000  6.605213e-01 
  857.000  6.612780e-01 
  858.000  6.617091e-01 
  859.000  6.625445e-01 
  860.000  6.630484e-01 
  861.000  6.631409e-01 
  862.000  6.634175e-01 
  863.000  6.634709e-01 
  864.000  6.636668e-01 
  865.000  6.638306e-01 
  866.000  6.638886e-01 
  867.000  6.638810e-01 
  868.000  6.639230e-01 
  869.000  6.639906e-01 
  870.000  6.639735e-01 
  871.000  6.640382e-01 
  872.000  6.641695e-01 
  873.000  6.640756e-01 
  874.000  6.640330e-01 
  875.000  6.640372e-01 
  876.000  6.638593e-01 
  877.000  6.637778e-01 
  878.000  6.632385e-01 
  879.000  6.632174e-01 
  880.000  6.627633e-01 
  881.000  6.624958e-01 
  882.000  6.622396e-01 
  883.000  6.625279e-01 
  884.000  6.626539e-01 
  885.000  6.616943e-01 
  886.000  6.603587e-01 
  887.000  6.614060e-01 
  888.000  6.613590e-01 
  889.000  6.617211e-01 
  890.000  6.609701e-01 
  891.000  6.594559e-01 
  892.000  6.560153e-01 
  893.000  6.454798e-01 
  894.000  6.402457e-01 
  895.000  6.241198e-01 
  896.000  6.096397e-01 
  897.000  5.943314e-01 
  898.000  5.871601e-01 
  899.000  5.666978e-01 
  900.000  5.697019e-01 
  901.000  5.643599e-01 
  902.000  5.653148e-01 
  903.000  5.996928e-01 
  904.000  6.205128e-01 
  905.000  6.197438e-01 
  906.000  6.067457e-01 
  907.000  5.836501e-01 
  908.000  5.683592e-01 
  909.000  5.690398e-01 
  910.000  5.713674e-01 
  911.000  5.815486e-01 
  912.000  5.766335e-01 
  913.000  5.551766e-01 
  914.000  5.658073e-01 
  915.000  5.741477e-01 
  916.000  5.763974e-01 
  917.000  5.809042e-01 
  918.000  5.867270e-01 
  919.000  6.064945e-01 
  920.000  6.213406e-01 
  921.000  6.180625e-01 
  922.000  6.177874e-01 
  923.000  6.136522e-01 
  924.000  6.036863e-01 
  925.000  6.029056e-01 
  926.000  6.027756e-01 
  927.000  5.911937e-01 
  928.000  5.732962e-01 
  929.000  5.472856e-01 
  930.000  5.138972e-01 
  931.000  4.761363e-01 
  932.000  4.262990e-01 
  933.000  3.882102e-01 
  934.000  3.482961e-01 
  935.000  3.440947e-01 
  936.000  3.601441e-01 
  937.000  3.559848e-01 
  938.000  4.000987e-01 
  939.000  5.115018e-01 
  940.000  5.276334e-01 
  941.000  5.135767e-01 
  942.000  4.789539e-01 
  943.000  4.203940e-01 
  944.000  4.163186e-01 
  945.000  4.376549e-01 
  946.000  4.387666e-01 
  947.000  4.574449e-01 
  948.000  4.683503e-01 
  949.000  4.668338e-01 
  950.000  4.695971e-01 
  951.000  4.938974e-01 
  952.000  4.677539e-01 
  953.000  4.859385e-01 
  954.000  5.052869e-01 
  955.000  4.894155e-01 
  956.000  4.856885e-01 
  957.000  5.345116e-01 
  958.000  5.406723e-01 
  959.000  5.325310e-01 
  960.000  5.301209e-01 
  961.000  5.260212e-01 
  962.000  5.296616e-01 
  963.000  5.561249e-01 
  964.000  5.598700e-01 
  965.000  5.573057e-01 
  966.000  5.586866e-01 
  967.000  5.773752e-01 
  968.000  6.083113e-01 
  969.000  6.221581e-01 
  970.000  6.228853e-01 
  971.000  6.225551e-01 
  972.000  6.186331e-01 
  973.000  6.095358e-01 
  974.000  5.984014e-01 
  975.000  5.912209e-01 
  976.000  6.000050e-01 
  977.000  6.144476e-01 
  978.000  6.132607e-01 
  979.000  6.169691e-01 
  980.000  6.315963e-01 
  981.000  6.348169e-01 
  982.000  6.315500e-01 
  983.000  6.390217e-01 
  984.000  6.466974e-01 
  985.000  6.510473e-01 
  986.000  6.566527e-01 
  987.000  6.590741e-01 
  988.000  6.596262e-01 
  989.000  6.599802e-01 
  990.000  6.605730e-01 
  991.000  6.626573e-01 
  992.000  6.632525e-01 
  993.000  6.634777e-01 
  994.000  6.652099e-01 
  995.000  6.665025e-01 
  996.000  6.664963e-01 
  997.000  6.657041e-01 
  998.000  6.647817e-01 
  999.000  6.644306e-01 
 1000.000  6.647309e-01 
 1001.000  6.628599e-01 
 1002.000  6.596748e-01 
 1003.000  6.604401e-01 
 1004.000  6.622832e-01 
 1005.000  6.631284e-01 
 1006.000  6.633903e-01 
 1007.000  6.627873e-01 
 1008.000  6.601891e-01 
 1009.000  6.567070e-01 
 1010.000  6.582614e-01 
 1011.000  6.619583e-01 
 1012.000  6.633655e-01 
 1013.000  6.643361e-01 
 1014.000  6.648083e-01 
 1015.000  6.648933e-01 
 1016.000  6.654034e-01 
 1017.000  6.656471e-01 
 1018.000  6.650537e-01 
 1019.000  6.638808e-01 
 1020.000  6.641939e-01 
 1021.000  6.651421e-01 
 1022.000  6.636873e-01 
 1023.000  6.623763e-01 
 1024.000  6.615858e-01 
 1025.000  6.638224e-01 
 1026.000  6.648884e-01 
 1027.000  6.644165e-01 
 1028.000  6.647738e-01 
 1029.000  6.657877e-01 
 1030.000  6.667253e-01 
 1031.000  6.671920e-01 
 1032.000  6.675470e-01 
 1033.000  6.676395e-01 
 1034.000  6.678480e-01 
 1035.000  6.679283e-01 
 1036.000  6.677703e-01 
 1037.000  6.677192e-01 
 1038.000  6.677859e-01 
 1039.000  6.676164e-01 
 1040.000  6.674504e-01 
 1041.000  6.673170e-01 
 1042.000  6.672656e-01 
 1043.000  6.672316e-01 
 1044.000  6.670946e-01 
 1045.000  6.667550e-01 
 1046.000  6.665121e-01 
 1047.000  6.662098e-01 
 1048.000  6.657481e-01 
 1049.000  6.652391e-01 
 1050.000  6.648627e-01 
 1051.000  6.644242e-01 
 1052.000  6.640503e-01 
 1053.000  6.638964e-01 
 1054.000  6.633747e-01 
 1055.000  6.628382e-01 
 1056.000  6.623334e-01 
 1057.000  6.613410e-01 
 1058.000  6.595615e-01 
 1059.000  6.595129e-01 
 1060.000  6.601779e-01 
 1061.000  6.598783e-01 
 1062.000  6.587114e-01 
 1063.000  6.581148e-01 
 1064.000  6.570747e-01 
 1065.000  6.560602e-01 
 1066.000  6.561219e-01 
 1067.000  6.554889e-01 
 1068.000  6.537376e-01 
 1069.000  6.531868e-01 
 1070.000  6.537987e-01 
 1071.000  6.527942e-01 
 1072.000  6.516722e-01 
 1073.000  6.516203e-01 
 1074.000  6.520084e-01 
 1075.000  6.541412e-01 
 1076.000  6.530974e-01 
 1077.000  6.516228e-01 
 1078.000  6.498491e-01 
 1079.000  6.497462e-01 
 1080.000  6.447049e-01 
 1081.000  6.445231e-01 
 1082.000  6.468978e-01 
 1083.000  6.442757e-01 
 1084.000  6.413699e-01 
 1085.000  6.342821e-01 
 1086.000  6.360494e-01 
 1087.000  6.440150e-01 
 1088.000  6.443894e-01 
 1089.000  6.348722e-01 
 1090.000  6.331409e-01 
 1091.000  6.350403e-01 
 1092.000  6.303585e-01 
 1093.000  6.197344e-01 
 1094.000  6.151140e-01 
 1095.000  6.159217e-01 
 1096.000  6.166760e-01 
 1097.000  6.146210e-01 
 1098.000  5.884914e-01 
 1099.000  5.660546e-01 
 1100.000  5.676275e-01 
 1101.000  5.707915e-01 
 1102.000  5.693672e-01 
 1103.000  5.714962e-01 
 1104.000  5.677918e-01 
 1105.000  5.583754e-01 
 1106.000  5.487749e-01 
 1107.000  5.512759e-01 
 1108.000  5.531770e-01 
 1109.000  5.615766e-01 
 1110.000  5.608220e-01 
 1111.000  5.564101e-01 
 1112.000  5.363752e-01 
 1113.000  5.089191e-01 
 1114.000  5.018557e-01 
 1115.000  4.677924e-01 
 1116.000  4.464461e-01 
 1117.000  3.959603e-01 
 1118.000  3.493672e-01 
 1119.000  3.246779e-01 
 1120.000  2.933822e-01 
 1121.000  2.864779e-01 
 1122.000  2.531823e-01 
 1123.000  2.717011e-01 
 1124.000  2.840849e-01 
 1125.000  2.776788e-01 
 1126.000  2.750553e-01 
 1127.000  2.777386e-01 
 1128.000  2.829593e-01 
 1129.000  3.153650e-01 
 1130.000  3.901417e-01 
 1131.000  4.114589e-01 
 1132.000  3.823931e-01 
 1133.000  3.282809e-01 
 1134.000  2.282637e-01 
 1135.000  2.359025e-01 
 1136.000  3.358314e-01 
 1137.000  3.890619e-01 
 1138.000  4.394685e-01 
 1139.000  4.541047e-01 
 1140.000  4.445692e-01 
 1141.000  4.248693e-01 
 1142.000  4.180304e-01 
 1143.000  3.964533e-01 
 1144.000  3.718831e-01 
 1145.000  3.360842e-01 
 1146.000  3.445525e-01 
 1147.000  3.724662e-01 
 1148.000  3.970476e-01 
 1149.000  4.068058e-01 
 1150.000  4.069918e-01 
