  320.000  3.772841e-01 
  321.000  4.376336e-01 
  322.000  4.143277e-01 
  323.000  4.437865e-01 
  324.000  4.726327e-01 
  325.000  4.512032e-01 
  326.000  4.861957e-01 
  327.000  4.958019e-01 
  328.000  4.749704e-01 
  329.000  5.146884e-01 
  330.000  5.208836e-01 
  331.000  5.085997e-01 
  332.000  5.322270e-01 
  333.000  5.390468e-01 
  334.000  5.334496e-01 
  335.000  5.505293e-01 
  336.000  5.573936e-01 
  337.000  5.545044e-01 
  338.000  5.625248e-01 
  339.000  5.707603e-01 
  340.000  5.694098e-01 
  341.000  5.773732e-01 
  342.000  5.831723e-01 
  343.000  5.860773e-01 
  344.000  5.866703e-01 
  345.000  5.944809e-01 
  346.000  5.993936e-01 
  347.000  6.033882e-01 
  348.000  6.071210e-01 
  349.000  6.113037e-01 
  350.000  6.148706e-01 
  351.000  6.184154e-01 
  352.000  6.213176e-01 
  353.000  6.254357e-01 
  354.000  6.289333e-01 
  355.000  6.321812e-01 
  356.000  6.353399e-01 
  357.000  6.381459e-01 
  358.000  6.411597e-01 
  359.000  6.441649e-01 
  360.000  6.472369e-01 
  361.000  6.511095e-01 
  362.000  6.551322e-01 
  363.000  6.588283e-01 
  364.000  6.622225e-01 
  365.000  6.653998e-01 
  366.000  6.686424e-01 
  367.000  6.717237e-01 
  368.000  6.747714e-01 
  369.000  6.777872e-01 
  370.000  6.807664e-01 
  371.000  6.837170e-01 
  372.000  6.866381e-01 
  373.000  6.895292e-01 
  374.000  6.923689e-01 
  375.000  6.951492e-01 
  376.000  6.978305e-01 
  377.000  7.003608e-01 
  378.000  7.027075e-01 
  379.000  7.050886e-01 
  380.000  7.077034e-01 
  381.000  7.106750e-01 
  382.000  7.137488e-01 
  383.000  7.166503e-01 
  384.000  7.193979e-01 
  385.000  7.220410e-01 
  386.000  7.246122e-01 
  387.000  7.271378e-01 
  388.000  7.296274e-01 
  389.000  7.320927e-01 
  390.000  7.345344e-01 
  391.000  7.369475e-01 
  392.000  7.393390e-01 
  393.000  7.417073e-01 
  394.000  7.440501e-01 
  395.000  7.463656e-01 
  396.000  7.486628e-01 
  397.000  7.509301e-01 
  398.000  7.531734e-01 
  399.000  7.553946e-01 
  400.000  7.575819e-01 
  401.000  7.597579e-01 
  402.000  7.619136e-01 
  403.000  7.640478e-01 
  404.000  7.661603e-01 
  405.000  7.682469e-01 
  406.000  7.703170e-01 
  407.000  7.723681e-01 
  408.000  7.743989e-01 
  409.000  7.764071e-01 
  410.000  7.783938e-01 
  411.000  7.803585e-01 
  412.000  7.822998e-01 
  413.000  7.842276e-01 
  414.000  7.860150e-01 
  415.000  7.879464e-01 
  416.000  7.898512e-01 
  417.000  7.917219e-01 
  418.000  7.935477e-01 
  419.000  7.953514e-01 
  420.000  7.971368e-01 
  421.000  7.989096e-01 
  422.000  8.006696e-01 
  423.000  8.024146e-01 
  424.000  8.041372e-01 
  425.000  8.058187e-01 
  426.000  8.074821e-01 
  427.000  8.091292e-01 
  428.000  8.107455e-01 
  429.000  8.123376e-01 
  430.000  8.139098e-01 
  431.000  8.154688e-01 
  432.000  8.170101e-01 
  433.000  8.185354e-01 
  434.000  8.200465e-01 
  435.000  8.215415e-01 
  436.000  8.230184e-01 
  437.000  8.244781e-01 
  438.000  8.259199e-01 
  439.000  8.273495e-01 
  440.000  8.287548e-01 
  441.000  8.301411e-01 
  442.000  8.315045e-01 
  443.000  8.328462e-01 
  444.000  8.341658e-01 
  445.000  8.354561e-01 
  446.000  8.367096e-01 
  447.000  8.380232e-01 
  448.000  8.394305e-01 
  449.000  8.408539e-01 
  450.000  8.422487e-01 
  451.000  8.435879e-01 
  452.000  8.448793e-01 
  453.000  8.461433e-01 
  454.000  8.473836e-01 
  455.000  8.485511e-01 
  456.000  8.496236e-01 
  457.000  8.506958e-01 
  458.000  8.517530e-01 
  459.000  8.527870e-01 
  460.000  8.538123e-01 
  461.000  8.548261e-01 
  462.000  8.558200e-01 
  463.000  8.568091e-01 
  464.000  8.580959e-01 
  465.000  8.593625e-01 
  466.000  8.606059e-01 
  467.000  8.618196e-01 
  468.000  8.628076e-01 
  469.000  8.636581e-01 
  470.000  8.644399e-01 
  471.000  8.651434e-01 
  472.000  8.657405e-01 
  473.000  8.661588e-01 
  474.000  8.665023e-01 
  475.000  8.665906e-01 
  476.000  8.664206e-01 
  477.000  8.664171e-01 
  478.000  8.674105e-01 
  479.000  8.689218e-01 
  480.000  8.705516e-01 
  481.000  8.720123e-01 
  482.000  8.733813e-01 
  483.000  8.745704e-01 
  484.000  8.755919e-01 
  485.000  8.765048e-01 
  486.000  8.774780e-01 
  487.000  8.785018e-01 
  488.000  8.794922e-01 
  489.000  8.804638e-01 
  490.000  8.814235e-01 
  491.000  8.821746e-01 
  492.000  8.828608e-01 
  493.000  8.835434e-01 
  494.000  8.842065e-01 
  495.000  8.848693e-01 
  496.000  8.852107e-01 
  497.000  8.855391e-01 
  498.000  8.858626e-01 
  499.000  8.861687e-01 
  500.000  8.864698e-01 
  501.000  8.867375e-01 
  502.000  8.870051e-01 
  503.000  8.872693e-01 
  504.000  8.875214e-01 
  505.000  8.877596e-01 
  506.000  8.884573e-01 
  507.000  8.891749e-01 
  508.000  8.898911e-01 
  509.000  8.905988e-01 
  510.000  8.912911e-01 
  511.000  8.919116e-01 
  512.000  8.925105e-01 
  513.000  8.931058e-01 
  514.000  8.936935e-01 
  515.000  8.942758e-01 
  516.000  8.946918e-01 
  517.000  8.949583e-01 
  518.000  8.952175e-01 
  519.000  8.954718e-01 
  520.000  8.957235e-01 
  521.000  8.959490e-01 
  522.000  8.961116e-01 
  523.000  8.962288e-01 
  524.000  8.963500e-01 
  525.000  8.964455e-01 
  526.000  8.965794e-01 
  527.000  8.966009e-01 
  528.000  8.965769e-01 
  529.000  8.965517e-01 
  530.000  8.965321e-01 
  531.000  8.965159e-01 
  532.000  8.965521e-01 
  533.000  8.968787e-01 
  534.000  8.972909e-01 
  535.000  8.977561e-01 
  536.000  8.982058e-01 
  537.000  8.986170e-01 
  538.000  8.989846e-01 
  539.000  8.993251e-01 
  540.000  8.996445e-01 
  541.000  8.999544e-01 
  542.000  9.002509e-01 
  543.000  9.005367e-01 
  544.000  9.007528e-01 
  545.000  9.009120e-01 
  546.000  9.010639e-01 
  547.000  9.012200e-01 
  548.000  9.013683e-01 
  549.000  9.015142e-01 
  550.000  9.015850e-01 
  551.000  9.015813e-01 
  552.000  9.015805e-01 
  553.000  9.015642e-01 
  554.000  9.015409e-01 
  555.000  9.015135e-01 
  556.000  9.014578e-01 
  557.000  9.013534e-01 
  558.000  9.012403e-01 
  559.000  9.011142e-01 
  560.000  9.009563e-01 
  561.000  9.007690e-01 
  562.000  9.003779e-01 
  563.000  9.001473e-01 
  564.000  8.998432e-01 
  565.000  8.993795e-01 
  566.000  8.990695e-01 
  567.000  8.980451e-01 
  568.000  8.947662e-01 
  569.000  8.877825e-01 
  570.000  8.887588e-01 
  571.000  8.935915e-01 
  572.000  8.887420e-01 
  573.000  8.898974e-01 
  574.000  8.901467e-01 
  575.000  8.898041e-01 
  576.000  8.899965e-01 
  577.000  8.917056e-01 
  578.000  8.939455e-01 
  579.000  8.958313e-01 
  580.000  8.975152e-01 
  581.000  8.999602e-01 
  582.000  9.016050e-01 
  583.000  9.025971e-01 
  584.000  9.034959e-01 
  585.000  9.041759e-01 
  586.000  9.048490e-01 
  587.000  9.030638e-01 
  588.000  8.937267e-01 
  589.000  8.788750e-01 
  590.000  8.781289e-01 
  591.000  8.886098e-01 
  592.000  8.833172e-01 
  593.000  8.952162e-01 
  594.000  8.927999e-01 
  595.000  8.847144e-01 
  596.000  8.962075e-01 
  597.000  8.933701e-01 
  598.000  8.978952e-01 
  599.000  8.995815e-01 
  600.000  9.036385e-01 
  601.000  9.063072e-01 
  602.000  9.070016e-01 
  603.000  9.082195e-01 
  604.000  9.096016e-01 
  605.000  9.105547e-01 
  606.000  9.112418e-01 
  607.000  9.119051e-01 
  608.000  9.125345e-01 
  609.000  9.131361e-01 
  610.000  9.137580e-01 
  611.000  9.144484e-01 
  612.000  9.151245e-01 
  613.000  9.157792e-01 
  614.000  9.164144e-01 
  615.000  9.170477e-01 
  616.000  9.176576e-01 
  617.000  9.182335e-01 
  618.000  9.187162e-01 
  619.000  9.191244e-01 
  620.000  9.195023e-01 
  621.000  9.198269e-01 
  622.000  9.200981e-01 
  623.000  9.202796e-01 
  624.000  9.204725e-01 
  625.000  9.206333e-01 
  626.000  9.203346e-01 
  627.000  9.163222e-01 
  628.000  8.918154e-01 
  629.000  9.066096e-01 
  630.000  9.100121e-01 
  631.000  9.146467e-01 
  632.000  9.139861e-01 
  633.000  9.198712e-01 
  634.000  9.226875e-01 
  635.000  9.238191e-01 
  636.000  9.255898e-01 
  637.000  9.270150e-01 
  638.000  9.298249e-01 
  639.000  9.307953e-01 
  640.000  9.326409e-01 
  641.000  9.334760e-01 
  642.000  9.348431e-01 
  643.000  9.341236e-01 
  644.000  9.347550e-01 
  645.000  9.333308e-01 
  646.000  9.254776e-01 
  647.000  9.201413e-01 
  648.000  9.141044e-01 
  649.000  9.202130e-01 
  650.000  9.315459e-01 
  651.000  9.319277e-01 
  652.000  9.226668e-01 
  653.000  9.341446e-01 
  654.000  9.333104e-01 
  655.000  9.296592e-01 
  656.000  9.314586e-01 
  657.000  9.340219e-01 
  658.000  9.381858e-01 
  659.000  9.407711e-01 
  660.000  9.421141e-01 
  661.000  9.453202e-01 
  662.000  9.469445e-01 
  663.000  9.470869e-01 
  664.000  9.479539e-01 
  665.000  9.487316e-01 
  666.000  9.496450e-01 
  667.000  9.504196e-01 
  668.000  9.513000e-01 
  669.000  9.519387e-01 
  670.000  9.525075e-01 
  671.000  9.531046e-01 
  672.000  9.536412e-01 
  673.000  9.541681e-01 
  674.000  9.546902e-01 
  675.000  9.552131e-01 
  676.000  9.557037e-01 
  677.000  9.561549e-01 
  678.000  9.566071e-01 
  679.000  9.569794e-01 
  680.000  9.570070e-01 
  681.000  9.569051e-01 
  682.000  9.571540e-01 
  683.000  9.572346e-01 
  684.000  9.567444e-01 
  685.000  9.576786e-01 
  686.000  9.544822e-01 
  687.000  8.438766e-01 
  688.000  8.787091e-01 
  689.000  8.687255e-01 
  690.000  8.868075e-01 
  691.000  9.104375e-01 
  692.000  9.246702e-01 
  693.000  9.192988e-01 
  694.000  9.108817e-01 
  695.000  9.205105e-01 
  696.000  9.260392e-01 
  697.000  9.489416e-01 
  698.000  9.442983e-01 
  699.000  9.238388e-01 
  700.000  9.272915e-01 
  701.000  9.227397e-01 
  702.000  9.261398e-01 
  703.000  9.433348e-01 
  704.000  9.441028e-01 
  705.000  9.370597e-01 
  706.000  9.384702e-01 
  707.000  9.410321e-01 
  708.000  9.437966e-01 
  709.000  9.494193e-01 
  710.000  9.434969e-01 
  711.000  9.496071e-01 
  712.000  9.548096e-01 
  713.000  9.506946e-01 
  714.000  9.493373e-01 
  715.000  9.426280e-01 
  716.000  9.356811e-01 
  717.000  8.909858e-01 
  718.000  8.633610e-01 
  719.000  8.534153e-01 
  720.000  8.382108e-01 
  721.000  9.042525e-01 
  722.000  9.275457e-01 
  723.000  9.143941e-01 
  724.000  8.768581e-01 
  725.000  8.824654e-01 
  726.000  8.806867e-01 
  727.000  8.860067e-01 
  728.000  8.801731e-01 
  729.000  8.945616e-01 
  730.000  8.920200e-01 
  731.000  8.889523e-01 
  732.000  9.131912e-01 
  733.000  9.362800e-01 
  734.000  9.473438e-01 
  735.000  9.434091e-01 
  736.000  9.360908e-01 
  737.000  9.415952e-01 
  738.000  9.491552e-01 
  739.000  9.523999e-01 
  740.000  9.596003e-01 
  741.000  9.637528e-01 
  742.000  9.654922e-01 
  743.000  9.693259e-01 
  744.000  9.710654e-01 
  745.000  9.724013e-01 
  746.000  9.734435e-01 
  747.000  9.737057e-01 
  748.000  9.746401e-01 
  749.000  9.751053e-01 
  750.000  9.748637e-01 
  751.000  9.750498e-01 
  752.000  9.758667e-01 
  753.000  9.762115e-01 
  754.000  9.764866e-01 
  755.000  9.766715e-01 
  756.000  9.768643e-01 
  757.000  9.769982e-01 
  758.000  9.756948e-01 
  759.000  9.169650e-01 
  760.000  4.617340e-01 
  761.000  4.162879e-01 
  762.000  6.870466e-01 
  763.000  6.044818e-01 
  764.000  6.454917e-01 
  765.000  7.374973e-01 
  766.000  8.466874e-01 
  767.000  9.011115e-01 
  768.000  9.364793e-01 
  769.000  9.597254e-01 
  770.000  9.718482e-01 
  771.000  9.778864e-01 
  772.000  9.793292e-01 
  773.000  9.799879e-01 
  774.000  9.807625e-01 
  775.000  9.811870e-01 
  776.000  9.814919e-01 
  777.000  9.815826e-01 
  778.000  9.815735e-01 
  779.000  9.815531e-01 
  780.000  9.815298e-01 
  781.000  9.818861e-01 
  782.000  9.818519e-01 
  783.000  9.818295e-01 
  784.000  9.815585e-01 
  785.000  9.799727e-01 
  786.000  9.774780e-01 
  787.000  9.719997e-01 
  788.000  9.691224e-01 
  789.000  9.588234e-01 
  790.000  9.579409e-01 
  791.000  9.598883e-01 
  792.000  9.616842e-01 
  793.000  9.658724e-01 
  794.000  9.747541e-01 
  795.000  9.693243e-01 
  796.000  9.548467e-01 
  797.000  9.589872e-01 
  798.000  9.681278e-01 
  799.000  9.660387e-01 
  800.000  9.593809e-01 
  801.000  9.601720e-01 
  802.000  9.594964e-01 
  803.000  9.604666e-01 
  804.000  9.635892e-01 
  805.000  9.695750e-01 
  806.000  9.731422e-01 
  807.000  9.732972e-01 
  808.000  9.712706e-01 
  809.000  9.687817e-01 
  810.000  9.660584e-01 
  811.000  9.604661e-01 
  812.000  9.529414e-01 
  813.000  9.437150e-01 
  814.000  9.315287e-01 
  815.000  9.163612e-01 
  816.000  8.968047e-01 
  817.000  8.979161e-01 
  818.000  8.995116e-01 
  819.000  9.059356e-01 
  820.000  9.274297e-01 
  821.000  9.519244e-01 
  822.000  9.332918e-01 
  823.000  8.810968e-01 
  824.000  9.250857e-01 
  825.000  9.532490e-01 
  826.000  9.484113e-01 
  827.000  9.448493e-01 
  828.000  9.262877e-01 
  829.000  9.329743e-01 
  830.000  9.404520e-01 
  831.000  9.421956e-01 
  832.000  9.429387e-01 
  833.000  9.472368e-01 
  834.000  9.522934e-01 
  835.000  9.623325e-01 
  836.000  9.590862e-01 
  837.000  9.587290e-01 
  838.000  9.636170e-01 
  839.000  9.665760e-01 
  840.000  9.676489e-01 
  841.000  9.644225e-01 
  842.000  9.673072e-01 
  843.000  9.741629e-01 
  844.000  9.772644e-01 
  845.000  9.787080e-01 
  846.000  9.802262e-01 
  847.000  9.819022e-01 
  848.000  9.791275e-01 
  849.000  9.794809e-01 
  850.000  9.781088e-01 
  851.000  9.764729e-01 
  852.000  9.766331e-01 
  853.000  9.793288e-01 
  854.000  9.791779e-01 
  855.000  9.805301e-01 
  856.000  9.833459e-01 
  857.000  9.845302e-01 
  858.000  9.851446e-01 
  859.000  9.864996e-01 
  860.000  9.871578e-01 
  861.000  9.872633e-01 
  862.000  9.876159e-01 
  863.000  9.876691e-01 
  864.000  9.879134e-01 
  865.000  9.881148e-01 
  866.000  9.881743e-01 
  867.000  9.881468e-01 
  868.000  9.881850e-01 
  869.000  9.882575e-01 
  870.000  9.882177e-01 
  871.000  9.882864e-01 
  872.000  9.884436e-01 
  873.000  9.883019e-01 
  874.000  9.882287e-01 
  875.000  9.882174e-01 
  876.000  9.879646e-01 
  877.000  9.878399e-01 
  878.000  9.869691e-01 
  879.000  9.869167e-01 
  880.000  9.861641e-01 
  881.000  9.857450e-01 
  882.000  9.853424e-01 
  883.000  9.857446e-01 
  884.000  9.859069e-01 
  885.000  9.843646e-01 
  886.000  9.822183e-01 
  887.000  9.838789e-01 
  888.000  9.837823e-01 
  889.000  9.842993e-01 
  890.000  9.830431e-01 
  891.000  9.804561e-01 
  892.000  9.750049e-01 
  893.000  9.583914e-01 
  894.000  9.501212e-01 
  895.000  9.247598e-01 
  896.000  9.019985e-01 
  897.000  8.779610e-01 
  898.000  8.666983e-01 
  899.000  8.347176e-01 
  900.000  8.393654e-01 
  901.000  8.310148e-01 
  902.000  8.325049e-01 
  903.000  8.861858e-01 
  904.000  9.187792e-01 
  905.000  9.175653e-01 
  906.000  8.971822e-01 
  907.000  8.610410e-01 
  908.000  8.371493e-01 
  909.000  8.381796e-01 
  910.000  8.417853e-01 
  911.000  8.576509e-01 
  912.000  8.499617e-01 
  913.000  8.165061e-01 
  914.000  8.330469e-01 
  915.000  8.460405e-01 
  916.000  8.495407e-01 
  917.000  8.565679e-01 
  918.000  8.656523e-01 
  919.000  8.965479e-01 
  920.000  9.197943e-01 
  921.000  9.146458e-01 
  922.000  9.141957e-01 
  923.000  9.076950e-01 
  924.000  8.920677e-01 
  925.000  8.907976e-01 
  926.000  8.905059e-01 
  927.000  8.723152e-01 
  928.000  8.442631e-01 
  929.000  8.036049e-01 
  930.000  7.516058e-01 
  931.000  6.930657e-01 
  932.000  6.160507e-01 
  933.000  5.577403e-01 
  934.000  4.971035e-01 
  935.000  4.906762e-01 
  936.000  5.148835e-01 
  937.000  5.086395e-01 
  938.000  5.758103e-01 
  939.000  7.470254e-01 
  940.000  7.720405e-01 
  941.000  7.503072e-01 
  942.000  6.968575e-01 
  943.000  6.069571e-01 
  944.000  6.006811e-01 
  945.000  6.332749e-01 
  946.000  6.350117e-01 
  947.000  6.637480e-01 
  948.000  6.805452e-01 
  949.000  6.782579e-01 
  950.000  6.825248e-01 
  951.000  7.200040e-01 
  952.000  6.797718e-01 
  953.000  7.078350e-01 
  954.000  7.377721e-01 
  955.000  7.133169e-01 
  956.000  7.076678e-01 
  957.000  7.832478e-01 
  958.000  7.928607e-01 
  959.000  7.802684e-01 
  960.000  7.765596e-01 
  961.000  7.702237e-01 
  962.000  7.758861e-01 
  963.000  8.169939e-01 
  964.000  8.228319e-01 
  965.000  8.188601e-01 
  966.000  8.210263e-01 
  967.000  8.501416e-01 
  968.000  8.984582e-01 
  969.000  9.201341e-01 
  970.000  9.212714e-01 
  971.000  9.207433e-01 
  972.000  9.145848e-01 
  973.000  9.003344e-01 
  974.000  8.829191e-01 
  975.000  8.716963e-01 
  976.000  8.853987e-01 
  977.000  9.079651e-01 
  978.000  9.061063e-01 
  979.000  9.119104e-01 
  980.000  9.348078e-01 
  981.000  9.398503e-01 
  982.000  9.347286e-01 
  983.000  9.464349e-01 
  984.000  9.584664e-01 
  985.000  9.652838e-01 
  986.000  9.740748e-01 
  987.000  9.778681e-01 
  988.000  9.787241e-01 
  989.000  9.792679e-01 
  990.000  9.801855e-01 
  991.000  9.834464e-01 
  992.000  9.843668e-01 
  993.000  9.847060e-01 
  994.000  9.876515e-01 
  995.000  9.896600e-01 
  996.000  9.896383e-01 
  997.000  9.883556e-01 
  998.000  9.868563e-01 
  999.000  9.863051e-01 
 1000.000  9.867497e-01 
 1001.000  9.836148e-01 
 1002.000  9.785980e-01 
 1003.000  9.797849e-01 
 1004.000  9.826645e-01 
 1005.000  9.839774e-01 
 1006.000  9.843982e-01 
 1007.000  9.834383e-01 
 1008.000  9.793484e-01 
 1009.000  9.738774e-01 
 1010.000  9.763107e-01 
 1011.000  9.821141e-01 
 1012.000  9.843199e-01 
 1013.000  9.860529e-01 
 1014.000  9.867752e-01 
 1015.000  9.869108e-01 
 1016.000  9.876930e-01 
 1017.000  9.881463e-01 
 1018.000  9.871629e-01 
 1019.000  9.851474e-01 
 1020.000  9.858544e-01 
 1021.000  9.873068e-01 
 1022.000  9.848676e-01 
 1023.000  9.828247e-01 
 1024.000  9.816012e-01 
 1025.000  9.853459e-01 
 1026.000  9.869984e-01 
 1027.000  9.862941e-01 
 1028.000  9.868707e-01 
 1029.000  9.885159e-01 
 1030.000  9.900222e-01 
 1031.000  9.908041e-01 
 1032.000  9.914092e-01 
 1033.000  9.915648e-01 
 1034.000  9.919204e-01 
 1035.000  9.920755e-01 
 1036.000  9.919522e-01 
 1037.000  9.919561e-01 
 1038.000  9.920532e-01 
 1039.000  9.918510e-01 
 1040.000  9.916695e-01 
 1041.000  9.915252e-01 
 1042.000  9.914793e-01 
 1043.000  9.914634e-01 
 1044.000  9.913281e-01 
 1045.000  9.909377e-01 
 1046.000  9.906697e-01 
 1047.000  9.903467e-01 
 1048.000  9.899105e-01 
 1049.000  9.894577e-01 
 1050.000  9.890234e-01 
 1051.000  9.884235e-01 
 1052.000  9.880151e-01 
 1053.000  9.879562e-01 
 1054.000  9.873418e-01 
 1055.000  9.867136e-01 
 1056.000  9.861821e-01 
 1057.000  9.848194e-01 
 1058.000  9.823323e-01 
 1059.000  9.824716e-01 
 1060.000  9.837187e-01 
 1061.000  9.834061e-01 
 1062.000  9.818065e-01 
 1063.000  9.811444e-01 
 1064.000  9.797393e-01 
 1065.000  9.781328e-01 
 1066.000  9.782482e-01 
 1067.000  9.773085e-01 
 1068.000  9.741520e-01 
 1069.000  9.727350e-01 
 1070.000  9.732758e-01 
 1071.000  9.713082e-01 
 1072.000  9.692582e-01 
 1073.000  9.688811e-01 
 1074.000  9.691979e-01 
 1075.000  9.722733e-01 
 1076.000  9.703723e-01 
 1077.000  9.678145e-01 
 1078.000  9.648024e-01 
 1079.000  9.644212e-01 
 1080.000  9.563311e-01 
 1081.000  9.558774e-01 
 1082.000  9.594523e-01 
 1083.000  9.551730e-01 
 1084.000  9.504787e-01 
 1085.000  9.392444e-01 
 1086.000  9.418895e-01 
 1087.000  9.542627e-01 
 1088.000  9.547449e-01 
 1089.000  9.397333e-01 
 1090.000  9.369200e-01 
 1091.000  9.398006e-01 
 1092.000  9.323564e-01 
 1093.000  9.156688e-01 
 1094.000  9.083847e-01 
 1095.000  9.095846e-01 
 1096.000  9.107029e-01 
 1097.000  9.074008e-01 
 1098.000  8.665679e-01 
 1099.000  8.315695e-01 
 1100.000  8.339620e-01 
 1101.000  8.388352e-01 
 1102.000  8.365359e-01 
 1103.000  8.398050e-01 
 1104.000  8.340121e-01 
 1105.000  8.193173e-01 
 1106.000  8.043870e-01 
 1107.000  8.081858e-01 
 1108.000  8.110342e-01 
 1109.000  8.239650e-01 
 1110.000  8.226514e-01 
 1111.000  8.157138e-01 
 1112.000  7.845561e-01 
 1113.000  7.419304e-01 
 1114.000  7.307691e-01 
 1115.000  6.780689e-01 
 1116.000  6.451830e-01 
 1117.000  5.680941e-01 
 1118.000  4.972791e-01 
 1119.000  4.598385e-01 
 1120.000  4.128008e-01 
 1121.000  4.024186e-01 
 1122.000  3.530017e-01 
 1123.000  3.802377e-01 
 1124.000  3.985123e-01 
 1125.000  3.889774e-01 
 1126.000  3.851110e-01 
 1127.000  3.891503e-01 
 1128.000  3.970293e-01 
 1129.000  4.453962e-01 
 1130.000  5.578372e-01 
 1131.000  5.901335e-01 
 1132.000  5.460480e-01 
 1133.000  4.647269e-01 
 1134.000  3.164752e-01 
 1135.000  3.277183e-01 
 1136.000  4.762256e-01 
 1137.000  5.564885e-01 
 1138.000  6.332549e-01 
 1139.000  6.559333e-01 
 1140.000  6.413660e-01 
 1141.000  6.114618e-01 
 1142.000  6.010332e-01 
 1143.000  5.682151e-01 
 1144.000  5.310215e-01 
 1145.000  4.770802e-01 
 1146.000  4.898309e-01 
 1147.000  5.319523e-01 
 1148.000  5.692036e-01 
 1149.000  5.841001e-01 
 1150.000  5.845652e-01 
