  320.000  1.544940e-01 
  321.000  1.930077e-01 
  322.000  1.777971e-01 
  323.000  1.970924e-01 
  324.000  2.166179e-01 
  325.000  2.020538e-01 
  326.000  2.260088e-01 
  327.000  2.327400e-01 
  328.000  2.182270e-01 
  329.000  2.461644e-01 
  330.000  2.506223e-01 
  331.000  2.418093e-01 
  332.000  2.588536e-01 
  333.000  2.638447e-01 
  334.000  2.597460e-01 
  335.000  2.723199e-01 
  336.000  2.774289e-01 
  337.000  2.752747e-01 
  338.000  2.812686e-01 
  339.000  2.874679e-01 
  340.000  2.864483e-01 
  341.000  2.924784e-01 
  342.000  2.968959e-01 
  343.000  2.991170e-01 
  344.000  2.995711e-01 
  345.000  3.055735e-01 
  346.000  3.093691e-01 
  347.000  3.124669e-01 
  348.000  3.153709e-01 
  349.000  3.186356e-01 
  350.000  3.214285e-01 
  351.000  3.242120e-01 
  352.000  3.264970e-01 
  353.000  3.297484e-01 
  354.000  3.325183e-01 
  355.000  3.350975e-01 
  356.000  3.376121e-01 
  357.000  3.398511e-01 
  358.000  3.422615e-01 
  359.000  3.446707e-01 
  360.000  3.471392e-01 
  361.000  3.502594e-01 
  362.000  3.535104e-01 
  363.000  3.565063e-01 
  364.000  3.592648e-01 
  365.000  3.618535e-01 
  366.000  3.645018e-01 
  367.000  3.670243e-01 
  368.000  3.695250e-01 
  369.000  3.720050e-01 
  370.000  3.744604e-01 
  371.000  3.768975e-01 
  372.000  3.793155e-01 
  373.000  3.817137e-01 
  374.000  3.840742e-01 
  375.000  3.863899e-01 
  376.000  3.886276e-01 
  377.000  3.907432e-01 
  378.000  3.927088e-01 
  379.000  3.947065e-01 
  380.000  3.969042e-01 
  381.000  3.994067e-01 
  382.000  4.020008e-01 
  383.000  4.044545e-01 
  384.000  4.067827e-01 
  385.000  4.090266e-01 
  386.000  4.112133e-01 
  387.000  4.133652e-01 
  388.000  4.154899e-01 
  389.000  4.175975e-01 
  390.000  4.196884e-01 
  391.000  4.217582e-01 
  392.000  4.238129e-01 
  393.000  4.258509e-01 
  394.000  4.278702e-01 
  395.000  4.298691e-01 
  396.000  4.318552e-01 
  397.000  4.338185e-01 
  398.000  4.357639e-01 
  399.000  4.376929e-01 
  400.000  4.395954e-01 
  401.000  4.414908e-01 
  402.000  4.433710e-01 
  403.000  4.452353e-01 
  404.000  4.470831e-01 
  405.000  4.489107e-01 
  406.000  4.507264e-01 
  407.000  4.525279e-01 
  408.000  4.543137e-01 
  409.000  4.560821e-01 
  410.000  4.578338e-01 
  411.000  4.595682e-01 
  412.000  4.612842e-01 
  413.000  4.629903e-01 
  414.000  4.645741e-01 
  415.000  4.662875e-01 
  416.000  4.679793e-01 
  417.000  4.696429e-01 
  418.000  4.712684e-01 
  419.000  4.728760e-01 
  420.000  4.744692e-01 
  421.000  4.760529e-01 
  422.000  4.776269e-01 
  423.000  4.791892e-01 
  424.000  4.807331e-01 
  425.000  4.822417e-01 
  426.000  4.837357e-01 
  427.000  4.852165e-01 
  428.000  4.866711e-01 
  429.000  4.881054e-01 
  430.000  4.895231e-01 
  431.000  4.909302e-01 
  432.000  4.923227e-01 
  433.000  4.937021e-01 
  434.000  4.950698e-01 
  435.000  4.964243e-01 
  436.000  4.977636e-01 
  437.000  4.990884e-01 
  438.000  5.003982e-01 
  439.000  5.016979e-01 
  440.000  5.029767e-01 
  441.000  5.042393e-01 
  442.000  5.054820e-01 
  443.000  5.067059e-01 
  444.000  5.079107e-01 
  445.000  5.090895e-01 
  446.000  5.102357e-01 
  447.000  5.114378e-01 
  448.000  5.127266e-01 
  449.000  5.140313e-01 
  450.000  5.153108e-01 
  451.000  5.165404e-01 
  452.000  5.177269e-01 
  453.000  5.188892e-01 
  454.000  5.200305e-01 
  455.000  5.211056e-01 
  456.000  5.220939e-01 
  457.000  5.230826e-01 
  458.000  5.240579e-01 
  459.000  5.250125e-01 
  460.000  5.259596e-01 
  461.000  5.268967e-01 
  462.000  5.278158e-01 
  463.000  5.287311e-01 
  464.000  5.299227e-01 
  465.000  5.310964e-01 
  466.000  5.322495e-01 
  467.000  5.333758e-01 
  468.000  5.342933e-01 
  469.000  5.350835e-01 
  470.000  5.358102e-01 
  471.000  5.364643e-01 
  472.000  5.370198e-01 
  473.000  5.374092e-01 
  474.000  5.377289e-01 
  475.000  5.378110e-01 
  476.000  5.376527e-01 
  477.000  5.376495e-01 
  478.000  5.385745e-01 
  479.000  5.399827e-01 
  480.000  5.415026e-01 
  481.000  5.428661e-01 
  482.000  5.441449e-01 
  483.000  5.452566e-01 
  484.000  5.462121e-01 
  485.000  5.470667e-01 
  486.000  5.479780e-01 
  487.000  5.489373e-01 
  488.000  5.498658e-01 
  489.000  5.507773e-01 
  490.000  5.516780e-01 
  491.000  5.523833e-01 
  492.000  5.530280e-01 
  493.000  5.536695e-01 
  494.000  5.542929e-01 
  495.000  5.549162e-01 
  496.000  5.552374e-01 
  497.000  5.555465e-01 
  498.000  5.558509e-01 
  499.000  5.561390e-01 
  500.000  5.564225e-01 
  501.000  5.566745e-01 
  502.000  5.569265e-01 
  503.000  5.571755e-01 
  504.000  5.574129e-01 
  505.000  5.576373e-01 
  506.000  5.582948e-01 
  507.000  5.589713e-01 
  508.000  5.596468e-01 
  509.000  5.603145e-01 
  510.000  5.609680e-01 
  511.000  5.615539e-01 
  512.000  5.621197e-01 
  513.000  5.626822e-01 
  514.000  5.632377e-01 
  515.000  5.637882e-01 
  516.000  5.641816e-01 
  517.000  5.644338e-01 
  518.000  5.646790e-01 
  519.000  5.649195e-01 
  520.000  5.651578e-01 
  521.000  5.653712e-01 
  522.000  5.655251e-01 
  523.000  5.656361e-01 
  524.000  5.657508e-01 
  525.000  5.658411e-01 
  526.000  5.659680e-01 
  527.000  5.659884e-01 
  528.000  5.659657e-01 
  529.000  5.659418e-01 
  530.000  5.659232e-01 
  531.000  5.659079e-01 
  532.000  5.659422e-01 
  533.000  5.662514e-01 
  534.000  5.666419e-01 
  535.000  5.670826e-01 
  536.000  5.675087e-01 
  537.000  5.678985e-01 
  538.000  5.682469e-01 
  539.000  5.685698e-01 
  540.000  5.688727e-01 
  541.000  5.691668e-01 
  542.000  5.694480e-01 
  543.000  5.697193e-01 
  544.000  5.699244e-01 
  545.000  5.700755e-01 
  546.000  5.702196e-01 
  547.000  5.703678e-01 
  548.000  5.705085e-01 
  549.000  5.706471e-01 
  550.000  5.707144e-01 
  551.000  5.707108e-01 
  552.000  5.707100e-01 
  553.000  5.706946e-01 
  554.000  5.706725e-01 
  555.000  5.706464e-01 
  556.000  5.705936e-01 
  557.000  5.704944e-01 
  558.000  5.703871e-01 
  559.000  5.702674e-01 
  560.000  5.701174e-01 
  561.000  5.699396e-01 
  562.000  5.695622e-01 
  563.000  5.693428e-01 
  564.000  5.690528e-01 
  565.000  5.686085e-01 
  566.000  5.683174e-01 
  567.000  5.673262e-01 
  568.000  5.644908e-01 
  569.000  5.585859e-01 
  570.000  5.593701e-01 
  571.000  5.633520e-01 
  572.000  5.592517e-01 
  573.000  5.601804e-01 
  574.000  5.603514e-01 
  575.000  5.600359e-01 
  576.000  5.602160e-01 
  577.000  5.616071e-01 
  578.000  5.635824e-01 
  579.000  5.652984e-01 
  580.000  5.668953e-01 
  581.000  5.691708e-01 
  582.000  5.707318e-01 
  583.000  5.717178e-01 
  584.000  5.725818e-01 
  585.000  5.732876e-01 
  586.000  5.739415e-01 
  587.000  5.725856e-01 
  588.000  5.646561e-01 
  589.000  5.520412e-01 
  590.000  5.514432e-01 
  591.000  5.603970e-01 
  592.000  5.559253e-01 
  593.000  5.661059e-01 
  594.000  5.640692e-01 
  595.000  5.572034e-01 
  596.000  5.670014e-01 
  597.000  5.645481e-01 
  598.000  5.683882e-01 
  599.000  5.698044e-01 
  600.000  5.732509e-01 
  601.000  5.754240e-01 
  602.000  5.759808e-01 
  603.000  5.770627e-01 
  604.000  5.783257e-01 
  605.000  5.792460e-01 
  606.000  5.799046e-01 
  607.000  5.805405e-01 
  608.000  5.811422e-01 
  609.000  5.817173e-01 
  610.000  5.823117e-01 
  611.000  5.829719e-01 
  612.000  5.836184e-01 
  613.000  5.842448e-01 
  614.000  5.848528e-01 
  615.000  5.854592e-01 
  616.000  5.860434e-01 
  617.000  5.865951e-01 
  618.000  5.870577e-01 
  619.000  5.874491e-01 
  620.000  5.878114e-01 
  621.000  5.881227e-01 
  622.000  5.883828e-01 
  623.000  5.885568e-01 
  624.000  5.887419e-01 
  625.000  5.888961e-01 
  626.000  5.885931e-01 
  627.000  5.852642e-01 
  628.000  5.657496e-01 
  629.000  5.774830e-01 
  630.000  5.804872e-01 
  631.000  5.843031e-01 
  632.000  5.836383e-01 
  633.000  5.887064e-01 
  634.000  5.911013e-01 
  635.000  5.922047e-01 
  636.000  5.938799e-01 
  637.000  5.952480e-01 
  638.000  5.977877e-01 
  639.000  5.987742e-01 
  640.000  6.004540e-01 
  641.000  6.013098e-01 
  642.000  6.025819e-01 
  643.000  6.020312e-01 
  644.000  6.026497e-01 
  645.000  6.016020e-01 
  646.000  5.948498e-01 
  647.000  5.902892e-01 
  648.000  5.851336e-01 
  649.000  5.904756e-01 
  650.000  6.003634e-01 
  651.000  6.007515e-01 
  652.000  5.927740e-01 
  653.000  6.027913e-01 
  654.000  6.021231e-01 
  655.000  5.990031e-01 
  656.000  6.006207e-01 
  657.000  6.029035e-01 
  658.000  6.065852e-01 
  659.000  6.088955e-01 
  660.000  6.101241e-01 
  661.000  6.128763e-01 
  662.000  6.143657e-01 
  663.000  6.145173e-01 
  664.000  6.153504e-01 
  665.000  6.160603e-01 
  666.000  6.169230e-01 
  667.000  6.176865e-01 
  668.000  6.185570e-01 
  669.000  6.191837e-01 
  670.000  6.197399e-01 
  671.000  6.203251e-01 
  672.000  6.208493e-01 
  673.000  6.213639e-01 
  674.000  6.218740e-01 
  675.000  6.223848e-01 
  676.000  6.228642e-01 
  677.000  6.233050e-01 
  678.000  6.237471e-01 
  679.000  6.241086e-01 
  680.000  6.241217e-01 
  681.000  6.240441e-01 
  682.000  6.243347e-01 
  683.000  6.244283e-01 
  684.000  6.240521e-01 
  685.000  6.249333e-01 
  686.000  6.223385e-01 
  687.000  5.333287e-01 
  688.000  5.612061e-01 
  689.000  5.532168e-01 
  690.000  5.677918e-01 
  691.000  5.867994e-01 
  692.000  5.981153e-01 
  693.000  5.929974e-01 
  694.000  5.855146e-01 
  695.000  5.936038e-01 
  696.000  5.983126e-01 
  697.000  6.179653e-01 
  698.000  6.140027e-01 
  699.000  5.965090e-01 
  700.000  5.994816e-01 
  701.000  5.956296e-01 
  702.000  5.985706e-01 
  703.000  6.133443e-01 
  704.000  6.140477e-01 
  705.000  6.080394e-01 
  706.000  6.092831e-01 
  707.000  6.115149e-01 
  708.000  6.139238e-01 
  709.000  6.187928e-01 
  710.000  6.137269e-01 
  711.000  6.190135e-01 
  712.000  6.235257e-01 
  713.000  6.199992e-01 
  714.000  6.188429e-01 
  715.000  6.130688e-01 
  716.000  6.070601e-01 
  717.000  5.689492e-01 
  718.000  5.456600e-01 
  719.000  5.373234e-01 
  720.000  5.247658e-01 
  721.000  5.802038e-01 
  722.000  6.001043e-01 
  723.000  5.889142e-01 
  724.000  5.571729e-01 
  725.000  5.618865e-01 
  726.000  5.604250e-01 
  727.000  5.649402e-01 
  728.000  5.600670e-01 
  729.000  5.722464e-01 
  730.000  5.701592e-01 
  731.000  5.676340e-01 
  732.000  5.882198e-01 
  733.000  6.080247e-01 
  734.000  6.175985e-01 
  735.000  6.142495e-01 
  736.000  6.079869e-01 
  737.000  6.127402e-01 
  738.000  6.192724e-01 
  739.000  6.220961e-01 
  740.000  6.283446e-01 
  741.000  6.319638e-01 
  742.000  6.334935e-01 
  743.000  6.368387e-01 
  744.000  6.382475e-01 
  745.000  6.394204e-01 
  746.000  6.403491e-01 
  747.000  6.406047e-01 
  748.000  6.414447e-01 
  749.000  6.419131e-01 
  750.000  6.416602e-01 
  751.000  6.418437e-01 
  752.000  6.426713e-01 
  753.000  6.430171e-01 
  754.000  6.432918e-01 
  755.000  6.434744e-01 
  756.000  6.436653e-01 
  757.000  6.437976e-01 
  758.000  6.426117e-01 
  759.000  5.945691e-01 
  760.000  2.511555e-01 
  761.000  2.205163e-01 
  762.000  4.137999e-01 
  763.000  3.523442e-01 
  764.000  3.826469e-01 
  765.000  4.523904e-01 
  766.000  5.380923e-01 
  767.000  5.819210e-01 
  768.000  6.107842e-01 
  769.000  6.299204e-01 
  770.000  6.401890e-01 
  771.000  6.450646e-01 
  772.000  6.462805e-01 
  773.000  6.468267e-01 
  774.000  6.475189e-01 
  775.000  6.479397e-01 
  776.000  6.482424e-01 
  777.000  6.483298e-01 
  778.000  6.483166e-01 
  779.000  6.482925e-01 
  780.000  6.482657e-01 
  781.000  6.486270e-01 
  782.000  6.485892e-01 
  783.000  6.485633e-01 
  784.000  6.482832e-01 
  785.000  6.469166e-01 
  786.000  6.449105e-01 
  787.000  6.401933e-01 
  788.000  6.377205e-01 
  789.000  6.288779e-01 
  790.000  6.281266e-01 
  791.000  6.298059e-01 
  792.000  6.313604e-01 
  793.000  6.349729e-01 
  794.000  6.426311e-01 
  795.000  6.379632e-01 
  796.000  6.255418e-01 
  797.000  6.291001e-01 
  798.000  6.369630e-01 
  799.000  6.351779e-01 
  800.000  6.294689e-01 
  801.000  6.301572e-01 
  802.000  6.295876e-01 
  803.000  6.304315e-01 
  804.000  6.331275e-01 
  805.000  6.382876e-01 
  806.000  6.413732e-01 
  807.000  6.415173e-01 
  808.000  6.397787e-01 
  809.000  6.376402e-01 
  810.000  6.352961e-01 
  811.000  6.304845e-01 
  812.000  6.240122e-01 
  813.000  6.160958e-01 
  814.000  6.056725e-01 
  815.000  5.927369e-01 
  816.000  5.762310e-01 
  817.000  5.771384e-01 
  818.000  5.784832e-01 
  819.000  5.839312e-01 
  820.000  6.021557e-01 
  821.000  6.230507e-01 
  822.000  6.071582e-01 
  823.000  5.631616e-01 
  824.000  6.002187e-01 
  825.000  6.242473e-01 
  826.000  6.201589e-01 
  827.000  6.171229e-01 
  828.000  6.013179e-01 
  829.000  6.070073e-01 
  830.000  6.133948e-01 
  831.000  6.149045e-01 
  832.000  6.155814e-01 
  833.000  6.192772e-01 
  834.000  6.236327e-01 
  835.000  6.322748e-01 
  836.000  6.295059e-01 
  837.000  6.292219e-01 
  838.000  6.334330e-01 
  839.000  6.359935e-01 
  840.000  6.369271e-01 
  841.000  6.341633e-01 
  842.000  6.366559e-01 
  843.000  6.425733e-01 
  844.000  6.452633e-01 
  845.000  6.465201e-01 
  846.000  6.478419e-01 
  847.000  6.492991e-01 
  848.000  6.469085e-01 
  849.000  6.472203e-01 
  850.000  6.460415e-01 
  851.000  6.446362e-01 
  852.000  6.447820e-01 
  853.000  6.471180e-01 
  854.000  6.469977e-01 
  855.000  6.481751e-01 
  856.000  6.505212e-01 
  857.000  6.515391e-01 
  858.000  6.520500e-01 
  859.000  6.532683e-01 
  860.000  6.538432e-01 
  861.000  6.539497e-01 
  862.000  6.543095e-01 
  863.000  6.543622e-01 
  864.000  6.546112e-01 
  865.000  6.548160e-01 
  866.000  6.548752e-01 
  867.000  6.548454e-01 
  868.000  6.548830e-01 
  869.000  6.549555e-01 
  870.000  6.549131e-01 
  871.000  6.549819e-01 
  872.000  6.551412e-01 
  873.000  6.549945e-01 
  874.000  6.549178e-01 
  875.000  6.549045e-01 
  876.000  6.546440e-01 
  877.000  6.545145e-01 
  878.000  6.538192e-01 
  879.000  6.537749e-01 
  880.000  6.531438e-01 
  881.000  6.527727e-01 
  882.000  6.524164e-01 
  883.000  6.527811e-01 
  884.000  6.529306e-01 
  885.000  6.516196e-01 
  886.000  6.499039e-01 
  887.000  6.511997e-01 
  888.000  6.511179e-01 
  889.000  6.515710e-01 
  890.000  6.506143e-01 
  891.000  6.483901e-01 
  892.000  6.436992e-01 
  893.000  6.294760e-01 
  894.000  6.223914e-01 
  895.000  6.008980e-01 
  896.000  5.816918e-01 
  897.000  5.615245e-01 
  898.000  5.521258e-01 
  899.000  5.258425e-01 
  900.000  5.295955e-01 
  901.000  5.228005e-01 
  902.000  5.240971e-01 
  903.000  5.683252e-01 
  904.000  5.955912e-01 
  905.000  5.946304e-01 
  906.000  5.775800e-01 
  907.000  5.476159e-01 
  908.000  5.279965e-01 
  909.000  5.288091e-01 
  910.000  5.317507e-01 
  911.000  5.447665e-01 
  912.000  5.384659e-01 
  913.000  5.112162e-01 
  914.000  5.246719e-01 
  915.000  5.353276e-01 
  916.000  5.382378e-01 
  917.000  5.440616e-01 
  918.000  5.515943e-01 
  919.000  5.772666e-01 
  920.000  5.968005e-01 
  921.000  5.925211e-01 
  922.000  5.921630e-01 
  923.000  5.867190e-01 
  924.000  5.736589e-01 
  925.000  5.725269e-01 
  926.000  5.720769e-01 
  927.000  5.567786e-01 
  928.000  5.333802e-01 
  929.000  4.998975e-01 
  930.000  4.578622e-01 
  931.000  4.116491e-01 
  932.000  3.520971e-01 
  933.000  3.090369e-01 
  934.000  2.659573e-01 
  935.000  2.613361e-01 
  936.000  2.780555e-01 
  937.000  2.738843e-01 
  938.000  3.222798e-01 
  939.000  4.522025e-01 
  940.000  4.721343e-01 
  941.000  4.551057e-01 
  942.000  4.135589e-01 
  943.000  3.457330e-01 
  944.000  3.409933e-01 
  945.000  3.650461e-01 
  946.000  3.664820e-01 
  947.000  3.883808e-01 
  948.000  4.012887e-01 
  949.000  3.997076e-01 
  950.000  4.030486e-01 
  951.000  4.320748e-01 
  952.000  4.012599e-01 
  953.000  4.230408e-01 
  954.000  4.465929e-01 
  955.000  4.277235e-01 
  956.000  4.236842e-01 
  957.000  4.834019e-01 
  958.000  4.913162e-01 
  959.000  4.814138e-01 
  960.000  4.785915e-01 
  961.000  4.736515e-01 
  962.000  4.782690e-01 
  963.000  5.114163e-01 
  964.000  5.162428e-01 
  965.000  5.131243e-01 
  966.000  5.149899e-01 
  967.000  5.388520e-01 
  968.000  5.789562e-01 
  969.000  5.971987e-01 
  970.000  5.982043e-01 
  971.000  5.977765e-01 
  972.000  5.925929e-01 
  973.000  5.806504e-01 
  974.000  5.661542e-01 
  975.000  5.568652e-01 
  976.000  5.682294e-01 
  977.000  5.870664e-01 
  978.000  5.855578e-01 
  979.000  5.904745e-01 
  980.000  6.097826e-01 
  981.000  6.140835e-01 
  982.000  6.098016e-01 
  983.000  6.197478e-01 
  984.000  6.299992e-01 
  985.000  6.358333e-01 
  986.000  6.433671e-01 
  987.000  6.466373e-01 
  988.000  6.473891e-01 
  989.000  6.478695e-01 
  990.000  6.486661e-01 
  991.000  6.514710e-01 
  992.000  6.522668e-01 
  993.000  6.525635e-01 
  994.000  6.549609e-01 
  995.000  6.566889e-01 
  996.000  6.566722e-01 
  997.000  6.555920e-01 
  998.000  6.544281e-01 
  999.000  6.539574e-01 
 1000.000  6.543409e-01 
 1001.000  6.516544e-01 
 1002.000  6.473586e-01 
 1003.000  6.483778e-01 
 1004.000  6.508479e-01 
 1005.000  6.519763e-01 
 1006.000  6.523342e-01 
 1007.000  6.515125e-01 
 1008.000  6.480104e-01 
 1009.000  6.433305e-01 
 1010.000  6.454133e-01 
 1011.000  6.503836e-01 
 1012.000  6.522769e-01 
 1013.000  6.537646e-01 
 1014.000  6.543863e-01 
 1015.000  6.545023e-01 
 1016.000  6.550318e-01 
 1017.000  6.554324e-01 
 1018.000  6.547171e-01 
 1019.000  6.529874e-01 
 1020.000  6.535919e-01 
 1021.000  6.548365e-01 
 1022.000  6.527395e-01 
 1023.000  6.509842e-01 
 1024.000  6.499314e-01 
 1025.000  6.531394e-01 
 1026.000  6.545520e-01 
 1027.000  6.539446e-01 
 1028.000  6.544330e-01 
 1029.000  6.557259e-01 
 1030.000  6.570078e-01 
 1031.000  6.576602e-01 
 1032.000  6.581663e-01 
 1033.000  6.583100e-01 
 1034.000  6.585729e-01 
 1035.000  6.587368e-01 
 1036.000  6.586185e-01 
 1037.000  6.586294e-01 
 1038.000  6.587299e-01 
 1039.000  6.585245e-01 
 1040.000  6.583419e-01 
 1041.000  6.581969e-01 
 1042.000  6.581518e-01 
 1043.000  6.581383e-01 
 1044.000  6.580039e-01 
 1045.000  6.576089e-01 
 1046.000  6.573391e-01 
 1047.000  6.570151e-01 
 1048.000  6.565846e-01 
 1049.000  6.561572e-01 
 1050.000  6.557484e-01 
 1051.000  6.551696e-01 
 1052.000  6.547677e-01 
 1053.000  6.546640e-01 
 1054.000  6.540988e-01 
 1055.000  6.534887e-01 
 1056.000  6.529647e-01 
 1057.000  6.517250e-01 
 1058.000  6.495654e-01 
 1059.000  6.496415e-01 
 1060.000  6.506183e-01 
 1061.000  6.503120e-01 
 1062.000  6.489506e-01 
 1063.000  6.483704e-01 
 1064.000  6.471549e-01 
 1065.000  6.457648e-01 
 1066.000  6.458647e-01 
 1067.000  6.452396e-01 
 1068.000  6.425923e-01 
 1069.000  6.414349e-01 
 1070.000  6.419520e-01 
 1071.000  6.403328e-01 
 1072.000  6.386414e-01 
 1073.000  6.383755e-01 
 1074.000  6.387061e-01 
 1075.000  6.413804e-01 
 1076.000  6.398099e-01 
 1077.000  6.376778e-01 
 1078.000  6.351556e-01 
 1079.000  6.348719e-01 
 1080.000  6.280289e-01 
 1081.000  6.276772e-01 
 1082.000  6.307395e-01 
 1083.000  6.271265e-01 
 1084.000  6.231655e-01 
 1085.000  6.136886e-01 
 1086.000  6.159350e-01 
 1087.000  6.264144e-01 
 1088.000  6.268486e-01 
 1089.000  6.141478e-01 
 1090.000  6.117768e-01 
 1091.000  6.142074e-01 
 1092.000  6.079259e-01 
 1093.000  5.938955e-01 
 1094.000  5.878022e-01 
 1095.000  5.887927e-01 
 1096.000  5.896850e-01 
 1097.000  5.868873e-01 
 1098.000  5.529562e-01 
 1099.000  5.242405e-01 
 1100.000  5.261724e-01 
 1101.000  5.301185e-01 
 1102.000  5.281872e-01 
 1103.000  5.307928e-01 
 1104.000  5.259980e-01 
 1105.000  5.139800e-01 
 1106.000  5.019220e-01 
 1107.000  5.048615e-01 
 1108.000  5.069806e-01 
 1109.000  5.171925e-01 
 1110.000  5.157888e-01 
 1111.000  5.099933e-01 
 1112.000  4.847055e-01 
 1113.000  4.503413e-01 
 1114.000  4.408186e-01 
 1115.000  3.992386e-01 
 1116.000  3.738843e-01 
 1117.000  3.167542e-01 
 1118.000  2.658441e-01 
 1119.000  2.393870e-01 
 1120.000  2.075788e-01 
 1121.000  2.006071e-01 
 1122.000  1.691357e-01 
 1123.000  1.858435e-01 
 1124.000  1.972916e-01 
 1125.000  1.911900e-01 
 1126.000  1.888058e-01 
 1127.000  1.915762e-01 
 1128.000  1.969452e-01 
 1129.000  2.287965e-01 
 1130.000  3.059924e-01 
 1131.000  3.290744e-01 
 1132.000  2.974701e-01 
 1133.000  2.417463e-01 
 1134.000  1.473516e-01 
 1135.000  1.542151e-01 
 1136.000  2.499803e-01 
 1137.000  3.058521e-01 
 1138.000  3.620780e-01 
 1139.000  3.799632e-01 
 1140.000  3.691051e-01 
 1141.000  3.473998e-01 
 1142.000  3.396910e-01 
 1143.000  3.157722e-01 
 1144.000  2.893372e-01 
 1145.000  2.518958e-01 
 1146.000  2.606706e-01 
 1147.000  2.900788e-01 
 1148.000  3.166914e-01 
 1149.000  3.276820e-01 
 1150.000  3.285357e-01 
