  320.000  1.920062e-01 
  321.000  2.352887e-01 
  322.000  2.182934e-01 
  323.000  2.398324e-01 
  324.000  2.614430e-01 
  325.000  2.453406e-01 
  326.000  2.717757e-01 
  327.000  2.791590e-01 
  328.000  2.632162e-01 
  329.000  2.938294e-01 
  330.000  2.986855e-01 
  331.000  2.890778e-01 
  332.000  3.076325e-01 
  333.000  3.130456e-01 
  334.000  3.086011e-01 
  335.000  3.222171e-01 
  336.000  3.277339e-01 
  337.000  3.254088e-01 
  338.000  3.318743e-01 
  339.000  3.385487e-01 
  340.000  3.374517e-01 
  341.000  3.439339e-01 
  342.000  3.486753e-01 
  343.000  3.510570e-01 
  344.000  3.515437e-01 
  345.000  3.579714e-01 
  346.000  3.620304e-01 
  347.000  3.653398e-01 
  348.000  3.684398e-01 
  349.000  3.719217e-01 
  350.000  3.748980e-01 
  351.000  3.778622e-01 
  352.000  3.802937e-01 
  353.000  3.837511e-01 
  354.000  3.866942e-01 
  355.000  3.894327e-01 
  356.000  3.921009e-01 
  357.000  3.944753e-01 
  358.000  3.970298e-01 
  359.000  3.995815e-01 
  360.000  4.021945e-01 
  361.000  4.054950e-01 
  362.000  4.089310e-01 
  363.000  4.120951e-01 
  364.000  4.150064e-01 
  365.000  4.177368e-01 
  366.000  4.205282e-01 
  367.000  4.231854e-01 
  368.000  4.258181e-01 
  369.000  4.284275e-01 
  370.000  4.310095e-01 
  371.000  4.335708e-01 
  372.000  4.361106e-01 
  373.000  4.386283e-01 
  374.000  4.411049e-01 
  375.000  4.435334e-01 
  376.000  4.458788e-01 
  377.000  4.480952e-01 
  378.000  4.501535e-01 
  379.000  4.522445e-01 
  380.000  4.545438e-01 
  381.000  4.571606e-01 
  382.000  4.598716e-01 
  383.000  4.624347e-01 
  384.000  4.648654e-01 
  385.000  4.672068e-01 
  386.000  4.694876e-01 
  387.000  4.717309e-01 
  388.000  4.739451e-01 
  389.000  4.761403e-01 
  390.000  4.783173e-01 
  391.000  4.804713e-01 
  392.000  4.826087e-01 
  393.000  4.847279e-01 
  394.000  4.868267e-01 
  395.000  4.889035e-01 
  396.000  4.909663e-01 
  397.000  4.930044e-01 
  398.000  4.950232e-01 
  399.000  4.970243e-01 
  400.000  4.989971e-01 
  401.000  5.009617e-01 
  402.000  5.029100e-01 
  403.000  5.048409e-01 
  404.000  5.067542e-01 
  405.000  5.086459e-01 
  406.000  5.105245e-01 
  407.000  5.123878e-01 
  408.000  5.142344e-01 
  409.000  5.160622e-01 
  410.000  5.178722e-01 
  411.000  5.196638e-01 
  412.000  5.214356e-01 
  413.000  5.231968e-01 
  414.000  5.248312e-01 
  415.000  5.265988e-01 
  416.000  5.283436e-01 
  417.000  5.300587e-01 
  418.000  5.317341e-01 
  419.000  5.333905e-01 
  420.000  5.350316e-01 
  421.000  5.366624e-01 
  422.000  5.382828e-01 
  423.000  5.398906e-01 
  424.000  5.414792e-01 
  425.000  5.430310e-01 
  426.000  5.445672e-01 
  427.000  5.460896e-01 
  428.000  5.475847e-01 
  429.000  5.490584e-01 
  430.000  5.505148e-01 
  431.000  5.519599e-01 
  432.000  5.533896e-01 
  433.000  5.548055e-01 
  434.000  5.562091e-01 
  435.000  5.575988e-01 
  436.000  5.589727e-01 
  437.000  5.603313e-01 
  438.000  5.616741e-01 
  439.000  5.630065e-01 
  440.000  5.643170e-01 
  441.000  5.656106e-01 
  442.000  5.668837e-01 
  443.000  5.681372e-01 
  444.000  5.693708e-01 
  445.000  5.705777e-01 
  446.000  5.717508e-01 
  447.000  5.729809e-01 
  448.000  5.742996e-01 
  449.000  5.756342e-01 
  450.000  5.769427e-01 
  451.000  5.781999e-01 
  452.000  5.794128e-01 
  453.000  5.806008e-01 
  454.000  5.817670e-01 
  455.000  5.828654e-01 
  456.000  5.838749e-01 
  457.000  5.848846e-01 
  458.000  5.858806e-01 
  459.000  5.868553e-01 
  460.000  5.878221e-01 
  461.000  5.887786e-01 
  462.000  5.897166e-01 
  463.000  5.906506e-01 
  464.000  5.918662e-01 
  465.000  5.930634e-01 
  466.000  5.942392e-01 
  467.000  5.953877e-01 
  468.000  5.963231e-01 
  469.000  5.971285e-01 
  470.000  5.978691e-01 
  471.000  5.985358e-01 
  472.000  5.991018e-01 
  473.000  5.994985e-01 
  474.000  5.998242e-01 
  475.000  5.999079e-01 
  476.000  5.997466e-01 
  477.000  5.997433e-01 
  478.000  6.006857e-01 
  479.000  6.021199e-01 
  480.000  6.036677e-01 
  481.000  6.050558e-01 
  482.000  6.063575e-01 
  483.000  6.074888e-01 
  484.000  6.084611e-01 
  485.000  6.093304e-01 
  486.000  6.102574e-01 
  487.000  6.112331e-01 
  488.000  6.121774e-01 
  489.000  6.131041e-01 
  490.000  6.140198e-01 
  491.000  6.147367e-01 
  492.000  6.153920e-01 
  493.000  6.160439e-01 
  494.000  6.166774e-01 
  495.000  6.173107e-01 
  496.000  6.176370e-01 
  497.000  6.179510e-01 
  498.000  6.182603e-01 
  499.000  6.185529e-01 
  500.000  6.188410e-01 
  501.000  6.190969e-01 
  502.000  6.193529e-01 
  503.000  6.196057e-01 
  504.000  6.198469e-01 
  505.000  6.200749e-01 
  506.000  6.207426e-01 
  507.000  6.214295e-01 
  508.000  6.221154e-01 
  509.000  6.227933e-01 
  510.000  6.234567e-01 
  511.000  6.240513e-01 
  512.000  6.246255e-01 
  513.000  6.251963e-01 
  514.000  6.257600e-01 
  515.000  6.263187e-01 
  516.000  6.267178e-01 
  517.000  6.269736e-01 
  518.000  6.272224e-01 
  519.000  6.274664e-01 
  520.000  6.277081e-01 
  521.000  6.279246e-01 
  522.000  6.280808e-01 
  523.000  6.281934e-01 
  524.000  6.283097e-01 
  525.000  6.284013e-01 
  526.000  6.285300e-01 
  527.000  6.285507e-01 
  528.000  6.285277e-01 
  529.000  6.285034e-01 
  530.000  6.284845e-01 
  531.000  6.284690e-01 
  532.000  6.285038e-01 
  533.000  6.288174e-01 
  534.000  6.292135e-01 
  535.000  6.296604e-01 
  536.000  6.300925e-01 
  537.000  6.304877e-01 
  538.000  6.308411e-01 
  539.000  6.311685e-01 
  540.000  6.314756e-01 
  541.000  6.317737e-01 
  542.000  6.320588e-01 
  543.000  6.323338e-01 
  544.000  6.325417e-01 
  545.000  6.326948e-01 
  546.000  6.328410e-01 
  547.000  6.329912e-01 
  548.000  6.331339e-01 
  549.000  6.332743e-01 
  550.000  6.333424e-01 
  551.000  6.333389e-01 
  552.000  6.333380e-01 
  553.000  6.333224e-01 
  554.000  6.333000e-01 
  555.000  6.332736e-01 
  556.000  6.332200e-01 
  557.000  6.331195e-01 
  558.000  6.330108e-01 
  559.000  6.328894e-01 
  560.000  6.327376e-01 
  561.000  6.325576e-01 
  562.000  6.322154e-01 
  563.000  6.319964e-01 
  564.000  6.317124e-01 
  565.000  6.312907e-01 
  566.000  6.309771e-01 
  567.000  6.301005e-01 
  568.000  6.276832e-01 
  569.000  6.227475e-01 
  570.000  6.232952e-01 
  571.000  6.264273e-01 
  572.000  6.229824e-01 
  573.000  6.236337e-01 
  574.000  6.236085e-01 
  575.000  6.233812e-01 
  576.000  6.234760e-01 
  577.000  6.247755e-01 
  578.000  6.264666e-01 
  579.000  6.280775e-01 
  580.000  6.297089e-01 
  581.000  6.319475e-01 
  582.000  6.335357e-01 
  583.000  6.346043e-01 
  584.000  6.355726e-01 
  585.000  6.363216e-01 
  586.000  6.370692e-01 
  587.000  6.360329e-01 
  588.000  6.297948e-01 
  589.000  6.195421e-01 
  590.000  6.191298e-01 
  591.000  6.265689e-01 
  592.000  6.229590e-01 
  593.000  6.313782e-01 
  594.000  6.297709e-01 
  595.000  6.241882e-01 
  596.000  6.321847e-01 
  597.000  6.301033e-01 
  598.000  6.331760e-01 
  599.000  6.342605e-01 
  600.000  6.370002e-01 
  601.000  6.386839e-01 
  602.000  6.390673e-01 
  603.000  6.399927e-01 
  604.000  6.411639e-01 
  605.000  6.420252e-01 
  606.000  6.426733e-01 
  607.000  6.432999e-01 
  608.000  6.439058e-01 
  609.000  6.444857e-01 
  610.000  6.450869e-01 
  611.000  6.457548e-01 
  612.000  6.464088e-01 
  613.000  6.470425e-01 
  614.000  6.476574e-01 
  615.000  6.482707e-01 
  616.000  6.488614e-01 
  617.000  6.494194e-01 
  618.000  6.498871e-01 
  619.000  6.502827e-01 
  620.000  6.506491e-01 
  621.000  6.509637e-01 
  622.000  6.512268e-01 
  623.000  6.514027e-01 
  624.000  6.515900e-01 
  625.000  6.517466e-01 
  626.000  6.515452e-01 
  627.000  6.486124e-01 
  628.000  6.279781e-01 
  629.000  6.408212e-01 
  630.000  6.432799e-01 
  631.000  6.472664e-01 
  632.000  6.474383e-01 
  633.000  6.520004e-01 
  634.000  6.544730e-01 
  635.000  6.557057e-01 
  636.000  6.573161e-01 
  637.000  6.586930e-01 
  638.000  6.610362e-01 
  639.000  6.620411e-01 
  640.000  6.636646e-01 
  641.000  6.645454e-01 
  642.000  6.657646e-01 
  643.000  6.655018e-01 
  644.000  6.661609e-01 
  645.000  6.653497e-01 
  646.000  6.600720e-01 
  647.000  6.564817e-01 
  648.000  6.523860e-01 
  649.000  6.568904e-01 
  650.000  6.650831e-01 
  651.000  6.655055e-01 
  652.000  6.590889e-01 
  653.000  6.673778e-01 
  654.000  6.669345e-01 
  655.000  6.644912e-01 
  656.000  6.659144e-01 
  657.000  6.678691e-01 
  658.000  6.709667e-01 
  659.000  6.729469e-01 
  660.000  6.739620e-01 
  661.000  6.764073e-01 
  662.000  6.776895e-01 
  663.000  6.779461e-01 
  664.000  6.786890e-01 
  665.000  6.793992e-01 
  666.000  6.801969e-01 
  667.000  6.809106e-01 
  668.000  6.817105e-01 
  669.000  6.823183e-01 
  670.000  6.828701e-01 
  671.000  6.834443e-01 
  672.000  6.839700e-01 
  673.000  6.844878e-01 
  674.000  6.850015e-01 
  675.000  6.855155e-01 
  676.000  6.859997e-01 
  677.000  6.864446e-01 
  678.000  6.868901e-01 
  679.000  6.872709e-01 
  680.000  6.873731e-01 
  681.000  6.873704e-01 
  682.000  6.876805e-01 
  683.000  6.878705e-01 
  684.000  6.876376e-01 
  685.000  6.884035e-01 
  686.000  6.857705e-01 
  687.000  5.920119e-01 
  688.000  6.212564e-01 
  689.000  6.130340e-01 
  690.000  6.282731e-01 
  691.000  6.487326e-01 
  692.000  6.618044e-01 
  693.000  6.599389e-01 
  694.000  6.551721e-01 
  695.000  6.625997e-01 
  696.000  6.668361e-01 
  697.000  6.834030e-01 
  698.000  6.801973e-01 
  699.000  6.656481e-01 
  700.000  6.682020e-01 
  701.000  6.650237e-01 
  702.000  6.675367e-01 
  703.000  6.799261e-01 
  704.000  6.805556e-01 
  705.000  6.755804e-01 
  706.000  6.766551e-01 
  707.000  6.785544e-01 
  708.000  6.805987e-01 
  709.000  6.846907e-01 
  710.000  6.805122e-01 
  711.000  6.849536e-01 
  712.000  6.887451e-01 
  713.000  6.858608e-01 
  714.000  6.849524e-01 
  715.000  6.802176e-01 
  716.000  6.753170e-01 
  717.000  6.433483e-01 
  718.000  6.236092e-01 
  719.000  6.165454e-01 
  720.000  6.056985e-01 
  721.000  6.531523e-01 
  722.000  6.699319e-01 
  723.000  6.605663e-01 
  724.000  6.336972e-01 
  725.000  6.377829e-01 
  726.000  6.365505e-01 
  727.000  6.404140e-01 
  728.000  6.362694e-01 
  729.000  6.466434e-01 
  730.000  6.448607e-01 
  731.000  6.426997e-01 
  732.000  6.601486e-01 
  733.000  6.767690e-01 
  734.000  6.847563e-01 
  735.000  6.819766e-01 
  736.000  6.767589e-01 
  737.000  6.807454e-01 
  738.000  6.862081e-01 
  739.000  6.885719e-01 
  740.000  6.937763e-01 
  741.000  6.967921e-01 
  742.000  6.980750e-01 
  743.000  7.007543e-01 
  744.000  7.020704e-01 
  745.000  7.030609e-01 
  746.000  7.038122e-01 
  747.000  7.040541e-01 
  748.000  7.048138e-01 
  749.000  7.052261e-01 
  750.000  7.050636e-01 
  751.000  7.052487e-01 
  752.000  7.059466e-01 
  753.000  7.062605e-01 
  754.000  7.065178e-01 
  755.000  7.067013e-01 
  756.000  7.068914e-01 
  757.000  7.070240e-01 
  758.000  7.058137e-01 
  759.000  6.555292e-01 
  760.000  2.890106e-01 
  761.000  2.553950e-01 
  762.000  4.644970e-01 
  763.000  3.986773e-01 
  764.000  4.311909e-01 
  765.000  5.055531e-01 
  766.000  5.961615e-01 
  767.000  6.422102e-01 
  768.000  6.724379e-01 
  769.000  6.924361e-01 
  770.000  7.030950e-01 
  771.000  7.082140e-01 
  772.000  7.094780e-01 
  773.000  7.100513e-01 
  774.000  7.107748e-01 
  775.000  7.111951e-01 
  776.000  7.114934e-01 
  777.000  7.115968e-01 
  778.000  7.116112e-01 
  779.000  7.116120e-01 
  780.000  7.116088e-01 
  781.000  7.119172e-01 
  782.000  7.119051e-01 
  783.000  7.119024e-01 
  784.000  7.116961e-01 
  785.000  7.105746e-01 
  786.000  7.087727e-01 
  787.000  7.049662e-01 
  788.000  7.029169e-01 
  789.000  6.955188e-01 
  790.000  6.949062e-01 
  791.000  6.963329e-01 
  792.000  6.976500e-01 
  793.000  7.006912e-01 
  794.000  7.071153e-01 
  795.000  7.032245e-01 
  796.000  6.928112e-01 
  797.000  6.958181e-01 
  798.000  7.024292e-01 
  799.000  7.009452e-01 
  800.000  6.961674e-01 
  801.000  6.967593e-01 
  802.000  6.962937e-01 
  803.000  6.970145e-01 
  804.000  6.992869e-01 
  805.000  7.036238e-01 
  806.000  7.062168e-01 
  807.000  7.063497e-01 
  808.000  7.049096e-01 
  809.000  7.031360e-01 
  810.000  7.011935e-01 
  811.000  6.971820e-01 
  812.000  6.917770e-01 
  813.000  6.851443e-01 
  814.000  6.763762e-01 
  815.000  6.654571e-01 
  816.000  6.513672e-01 
  817.000  6.521899e-01 
  818.000  6.533601e-01 
  819.000  6.580124e-01 
  820.000  6.735388e-01 
  821.000  6.912298e-01 
  822.000  6.778048e-01 
  823.000  6.401533e-01 
  824.000  6.719186e-01 
  825.000  6.922576e-01 
  826.000  6.887830e-01 
  827.000  6.862308e-01 
  828.000  6.728539e-01 
  829.000  6.776971e-01 
  830.000  6.831101e-01 
  831.000  6.843850e-01 
  832.000  6.849366e-01 
  833.000  6.880549e-01 
  834.000  6.917202e-01 
  835.000  6.989810e-01 
  836.000  6.966551e-01 
  837.000  6.964138e-01 
  838.000  6.999581e-01 
  839.000  7.021104e-01 
  840.000  7.029015e-01 
  841.000  7.005898e-01 
  842.000  7.026884e-01 
  843.000  7.076530e-01 
  844.000  7.099079e-01 
  845.000  7.109665e-01 
  846.000  7.120786e-01 
  847.000  7.131864e-01 
  848.000  7.113187e-01 
  849.000  7.115903e-01 
  850.000  7.106162e-01 
  851.000  7.094516e-01 
  852.000  7.095833e-01 
  853.000  7.115452e-01 
  854.000  7.114521e-01 
  855.000  7.124440e-01 
  856.000  7.143944e-01 
  857.000  7.152528e-01 
  858.000  7.157313e-01 
  859.000  7.167176e-01 
  860.000  7.172371e-01 
  861.000  7.173335e-01 
  862.000  7.176331e-01 
  863.000  7.176865e-01 
  864.000  7.178972e-01 
  865.000  7.180724e-01 
  866.000  7.181308e-01 
  867.000  7.181171e-01 
  868.000  7.181579e-01 
  869.000  7.182270e-01 
  870.000  7.182029e-01 
  871.000  7.182689e-01 
  872.000  7.184080e-01 
  873.000  7.182994e-01 
  874.000  7.182475e-01 
  875.000  7.182470e-01 
  876.000  7.180461e-01 
  877.000  7.179515e-01 
  878.000  7.173321e-01 
  879.000  7.173026e-01 
  880.000  7.167777e-01 
  881.000  7.164712e-01 
  882.000  7.162241e-01 
  883.000  7.164949e-01 
  884.000  7.166302e-01 
  885.000  7.155312e-01 
  886.000  7.140028e-01 
  887.000  7.152417e-01 
  888.000  7.151833e-01 
  889.000  7.155341e-01 
  890.000  7.146653e-01 
  891.000  7.129081e-01 
  892.000  7.089843e-01 
  893.000  6.969948e-01 
  894.000  6.910339e-01 
  895.000  6.727183e-01 
  896.000  6.562821e-01 
  897.000  6.389227e-01 
  898.000  6.307941e-01 
  899.000  6.076754e-01 
  900.000  6.110517e-01 
  901.000  6.050218e-01 
  902.000  6.061063e-01 
  903.000  6.449446e-01 
  904.000  6.685230e-01 
  905.000  6.676540e-01 
  906.000  6.529252e-01 
  907.000  6.267964e-01 
  908.000  6.095234e-01 
  909.000  6.102808e-01 
  910.000  6.129004e-01 
  911.000  6.243894e-01 
  912.000  6.188358e-01 
  913.000  5.946351e-01 
  914.000  6.066148e-01 
  915.000  6.160251e-01 
  916.000  6.185656e-01 
  917.000  6.236574e-01 
  918.000  6.302378e-01 
  919.000  6.525962e-01 
  920.000  6.694182e-01 
  921.000  6.657038e-01 
  922.000  6.653891e-01 
  923.000  6.606989e-01 
  924.000  6.494071e-01 
  925.000  6.485053e-01 
  926.000  6.483184e-01 
  927.000  6.351801e-01 
  928.000  6.149085e-01 
  929.000  5.855126e-01 
  930.000  5.478964e-01 
  931.000  5.055221e-01 
  932.000  4.497711e-01 
  933.000  4.074949e-01 
  934.000  3.634815e-01 
  935.000  3.588319e-01 
  936.000  3.764372e-01 
  937.000  3.718971e-01 
  938.000  4.206501e-01 
  939.000  5.448084e-01 
  940.000  5.629321e-01 
  941.000  5.471815e-01 
  942.000  5.084398e-01 
  943.000  4.432388e-01 
  944.000  4.386955e-01 
  945.000  4.623582e-01 
  946.000  4.636154e-01 
  947.000  4.844474e-01 
  948.000  4.966253e-01 
  949.000  4.949602e-01 
  950.000  4.980539e-01 
  951.000  5.252235e-01 
  952.000  4.960473e-01 
  953.000  5.163865e-01 
  954.000  5.380766e-01 
  955.000  5.203433e-01 
  956.000  5.162318e-01 
  957.000  5.709958e-01 
  958.000  5.779538e-01 
  959.000  5.688282e-01 
  960.000  5.661398e-01 
  961.000  5.615495e-01 
  962.000  5.656523e-01 
  963.000  5.954310e-01 
  964.000  5.996608e-01 
  965.000  5.967852e-01 
  966.000  5.983548e-01 
  967.000  6.194401e-01 
  968.000  6.544188e-01 
  969.000  6.701092e-01 
  970.000  6.709368e-01 
  971.000  6.705610e-01 
  972.000  6.661117e-01 
  973.000  6.558049e-01 
  974.000  6.432049e-01 
  975.000  6.350860e-01 
  976.000  6.450128e-01 
  977.000  6.613544e-01 
  978.000  6.600134e-01 
  979.000  6.642180e-01 
  980.000  6.807961e-01 
  981.000  6.844506e-01 
  982.000  6.807488e-01 
  983.000  6.892259e-01 
  984.000  6.979383e-01 
  985.000  7.028776e-01 
  986.000  7.092448e-01 
  987.000  7.119959e-01 
  988.000  7.126219e-01 
  989.000  7.130222e-01 
  990.000  7.136933e-01 
  991.000  7.160597e-01 
  992.000  7.167329e-01 
  993.000  7.169855e-01 
  994.000  7.190375e-01 
  995.000  7.204976e-01 
  996.000  7.204880e-01 
  997.000  7.195346e-01 
  998.000  7.184770e-01 
  999.000  7.180763e-01 
 1000.000  7.184122e-01 
 1001.000  7.162540e-01 
 1002.000  7.126307e-01 
 1003.000  7.134967e-01 
 1004.000  7.155877e-01 
 1005.000  7.165448e-01 
 1006.000  7.168447e-01 
 1007.000  7.161561e-01 
 1008.000  7.132010e-01 
 1009.000  7.092436e-01 
 1010.000  7.110080e-01 
 1011.000  7.152085e-01 
 1012.000  7.168071e-01 
 1013.000  7.180594e-01 
 1014.000  7.184766e-01 
 1015.000  7.185741e-01 
 1016.000  7.191513e-01 
 1017.000  7.194872e-01 
 1018.000  7.187572e-01 
 1019.000  7.173975e-01 
 1020.000  7.179062e-01 
 1021.000  7.188591e-01 
 1022.000  7.171831e-01 
 1023.000  7.156970e-01 
 1024.000  7.148029e-01 
 1025.000  7.175070e-01 
 1026.000  7.185920e-01 
 1027.000  7.180629e-01 
 1028.000  7.184743e-01 
 1029.000  7.196373e-01 
 1030.000  7.207113e-01 
 1031.000  7.212523e-01 
 1032.000  7.216671e-01 
 1033.000  7.217777e-01 
 1034.000  7.220236e-01 
 1035.000  7.221269e-01 
 1036.000  7.219797e-01 
 1037.000  7.219455e-01 
 1038.000  7.220216e-01 
 1039.000  7.218420e-01 
 1040.000  7.216713e-01 
 1041.000  7.215346e-01 
 1042.000  7.214849e-01 
 1043.000  7.214565e-01 
 1044.000  7.213202e-01 
 1045.000  7.209650e-01 
 1046.000  7.207145e-01 
 1047.000  7.204059e-01 
 1048.000  7.199523e-01 
 1049.000  7.194608e-01 
 1050.000  7.190696e-01 
 1051.000  7.185897e-01 
 1052.000  7.182064e-01 
 1053.000  7.180744e-01 
 1054.000  7.175263e-01 
 1055.000  7.169998e-01 
 1056.000  7.164897e-01 
 1057.000  7.153752e-01 
 1058.000  7.134241e-01 
 1059.000  7.134228e-01 
 1060.000  7.142289e-01 
 1061.000  7.139262e-01 
 1062.000  7.126570e-01 
 1063.000  7.120518e-01 
 1064.000  7.109294e-01 
 1065.000  7.097759e-01 
 1066.000  7.098510e-01 
 1067.000  7.091740e-01 
 1068.000  7.070727e-01 
 1069.000  7.063081e-01 
 1070.000  7.068986e-01 
 1071.000  7.056614e-01 
 1072.000  7.043170e-01 
 1073.000  7.041860e-01 
 1074.000  7.045559e-01 
 1075.000  7.069117e-01 
 1076.000  7.056624e-01 
 1077.000  7.039287e-01 
 1078.000  7.018591e-01 
 1079.000  7.016887e-01 
 1080.000  6.959222e-01 
 1081.000  6.956749e-01 
 1082.000  6.983334e-01 
 1083.000  6.953161e-01 
 1084.000  6.919851e-01 
 1085.000  6.839160e-01 
 1086.000  6.858889e-01 
 1087.000  6.948957e-01 
 1088.000  6.952954e-01 
 1089.000  6.844763e-01 
 1090.000  6.824877e-01 
 1091.000  6.846166e-01 
 1092.000  6.792803e-01 
 1093.000  6.672286e-01 
 1094.000  6.619831e-01 
 1095.000  6.628802e-01 
 1096.000  6.637151e-01 
 1097.000  6.613627e-01 
 1098.000  6.318097e-01 
 1099.000  6.064818e-01 
 1100.000  6.082390e-01 
 1101.000  6.117902e-01 
 1102.000  6.101589e-01 
 1103.000  6.125426e-01 
 1104.000  6.083539e-01 
 1105.000  5.977260e-01 
 1106.000  5.869167e-01 
 1107.000  5.896984e-01 
 1108.000  5.917956e-01 
 1109.000  6.011997e-01 
 1110.000  6.002848e-01 
 1111.000  5.952808e-01 
 1112.000  5.727109e-01 
 1113.000  5.418202e-01 
 1114.000  5.337754e-01 
 1115.000  4.955764e-01 
 1116.000  4.717273e-01 
 1117.000  4.157197e-01 
 1118.000  3.642696e-01 
 1119.000  3.370722e-01 
 1120.000  3.028534e-01 
 1121.000  2.953077e-01 
 1122.000  2.592768e-01 
 1123.000  2.791822e-01 
 1124.000  2.925380e-01 
 1125.000  2.855954e-01 
 1126.000  2.827723e-01 
 1127.000  2.857132e-01 
 1128.000  2.914364e-01 
 1129.000  3.266933e-01 
 1130.000  4.086039e-01 
 1131.000  4.321120e-01 
 1132.000  4.000359e-01 
 1133.000  3.407815e-01 
 1134.000  2.326040e-01 
 1135.000  2.408103e-01 
 1136.000  3.491235e-01 
 1137.000  4.075657e-01 
 1138.000  4.633846e-01 
 1139.000  4.798130e-01 
 1140.000  4.692242e-01 
 1141.000  4.474540e-01 
 1142.000  4.398706e-01 
 1143.000  4.160016e-01 
 1144.000  3.889360e-01 
 1145.000  3.496587e-01 
 1146.000  3.589382e-01 
 1147.000  3.895960e-01 
 1148.000  4.166969e-01 
 1149.000  4.275172e-01 
 1150.000  4.278189e-01 
