  320.000  1.855900e-01 
  321.000  2.281020e-01 
  322.000  2.113943e-01 
  323.000  2.325719e-01 
  324.000  2.538477e-01 
  325.000  2.379921e-01 
  326.000  2.640296e-01 
  327.000  2.713086e-01 
  328.000  2.555946e-01 
  329.000  2.857800e-01 
  330.000  2.905726e-01 
  331.000  2.810917e-01 
  332.000  2.994057e-01 
  333.000  3.047516e-01 
  334.000  3.003621e-01 
  335.000  3.138123e-01 
  336.000  3.192643e-01 
  337.000  3.169663e-01 
  338.000  3.233569e-01 
  339.000  3.299559e-01 
  340.000  3.288713e-01 
  341.000  3.352818e-01 
  342.000  3.399718e-01 
  343.000  3.423281e-01 
  344.000  3.428096e-01 
  345.000  3.491700e-01 
  346.000  3.531873e-01 
  347.000  3.564633e-01 
  348.000  3.595322e-01 
  349.000  3.629799e-01 
  350.000  3.659271e-01 
  351.000  3.688627e-01 
  352.000  3.712712e-01 
  353.000  3.746960e-01 
  354.000  3.776118e-01 
  355.000  3.803252e-01 
  356.000  3.829691e-01 
  357.000  3.853222e-01 
  358.000  3.878540e-01 
  359.000  3.903832e-01 
  360.000  3.929734e-01 
  361.000  3.962455e-01 
  362.000  3.996525e-01 
  363.000  4.027900e-01 
  364.000  4.056773e-01 
  365.000  4.083854e-01 
  366.000  4.111542e-01 
  367.000  4.137903e-01 
  368.000  4.164022e-01 
  369.000  4.189913e-01 
  370.000  4.215534e-01 
  371.000  4.240952e-01 
  372.000  4.266158e-01 
  373.000  4.291148e-01 
  374.000  4.315732e-01 
  375.000  4.339839e-01 
  376.000  4.363125e-01 
  377.000  4.385130e-01 
  378.000  4.405568e-01 
  379.000  4.426332e-01 
  380.000  4.449165e-01 
  381.000  4.475154e-01 
  382.000  4.502082e-01 
  383.000  4.527541e-01 
  384.000  4.551687e-01 
  385.000  4.574948e-01 
  386.000  4.597609e-01 
  387.000  4.619899e-01 
  388.000  4.641901e-01 
  389.000  4.663716e-01 
  390.000  4.685351e-01 
  391.000  4.706760e-01 
  392.000  4.728004e-01 
  393.000  4.749069e-01 
  394.000  4.769933e-01 
  395.000  4.790579e-01 
  396.000  4.811086e-01 
  397.000  4.831351e-01 
  398.000  4.851424e-01 
  399.000  4.871322e-01 
  400.000  4.890940e-01 
  401.000  4.910479e-01 
  402.000  4.929855e-01 
  403.000  4.949060e-01 
  404.000  4.968091e-01 
  405.000  4.986908e-01 
  406.000  5.005596e-01 
  407.000  5.024133e-01 
  408.000  5.042503e-01 
  409.000  5.060689e-01 
  410.000  5.078698e-01 
  411.000  5.096524e-01 
  412.000  5.114156e-01 
  413.000  5.131682e-01 
  414.000  5.147947e-01 
  415.000  5.165539e-01 
  416.000  5.182904e-01 
  417.000  5.199975e-01 
  418.000  5.216651e-01 
  419.000  5.233139e-01 
  420.000  5.249475e-01 
  421.000  5.265710e-01 
  422.000  5.281841e-01 
  423.000  5.297849e-01 
  424.000  5.313665e-01 
  425.000  5.329115e-01 
  426.000  5.344412e-01 
  427.000  5.359572e-01 
  428.000  5.374458e-01 
  429.000  5.389135e-01 
  430.000  5.403638e-01 
  431.000  5.418031e-01 
  432.000  5.432270e-01 
  433.000  5.446372e-01 
  434.000  5.460353e-01 
  435.000  5.474194e-01 
  436.000  5.487879e-01 
  437.000  5.501413e-01 
  438.000  5.514790e-01 
  439.000  5.528063e-01 
  440.000  5.541118e-01 
  441.000  5.554007e-01 
  442.000  5.566690e-01 
  443.000  5.579180e-01 
  444.000  5.591471e-01 
  445.000  5.603496e-01 
  446.000  5.615185e-01 
  447.000  5.627443e-01 
  448.000  5.640583e-01 
  449.000  5.653882e-01 
  450.000  5.666922e-01 
  451.000  5.679452e-01 
  452.000  5.691540e-01 
  453.000  5.703380e-01 
  454.000  5.715003e-01 
  455.000  5.725951e-01 
  456.000  5.736014e-01 
  457.000  5.746078e-01 
  458.000  5.756006e-01 
  459.000  5.765721e-01 
  460.000  5.775359e-01 
  461.000  5.784893e-01 
  462.000  5.794244e-01 
  463.000  5.803555e-01 
  464.000  5.815673e-01 
  465.000  5.827609e-01 
  466.000  5.839332e-01 
  467.000  5.850783e-01 
  468.000  5.860109e-01 
  469.000  5.868139e-01 
  470.000  5.875524e-01 
  471.000  5.882171e-01 
  472.000  5.887815e-01 
  473.000  5.891770e-01 
  474.000  5.895019e-01 
  475.000  5.895852e-01 
  476.000  5.894245e-01 
  477.000  5.894212e-01 
  478.000  5.903608e-01 
  479.000  5.917910e-01 
  480.000  5.933345e-01 
  481.000  5.947188e-01 
  482.000  5.960169e-01 
  483.000  5.971453e-01 
  484.000  5.981149e-01 
  485.000  5.989820e-01 
  486.000  5.999065e-01 
  487.000  6.008797e-01 
  488.000  6.018215e-01 
  489.000  6.027459e-01 
  490.000  6.036592e-01 
  491.000  6.043743e-01 
  492.000  6.050280e-01 
  493.000  6.056783e-01 
  494.000  6.063102e-01 
  495.000  6.069420e-01 
  496.000  6.072675e-01 
  497.000  6.075807e-01 
  498.000  6.078893e-01 
  499.000  6.081812e-01 
  500.000  6.084685e-01 
  501.000  6.087239e-01 
  502.000  6.089793e-01 
  503.000  6.092315e-01 
  504.000  6.094721e-01 
  505.000  6.096994e-01 
  506.000  6.103656e-01 
  507.000  6.110509e-01 
  508.000  6.117352e-01 
  509.000  6.124115e-01 
  510.000  6.130733e-01 
  511.000  6.136667e-01 
  512.000  6.142396e-01 
  513.000  6.148091e-01 
  514.000  6.153715e-01 
  515.000  6.159289e-01 
  516.000  6.163272e-01 
  517.000  6.165824e-01 
  518.000  6.168306e-01 
  519.000  6.170741e-01 
  520.000  6.173153e-01 
  521.000  6.175313e-01 
  522.000  6.176871e-01 
  523.000  6.177995e-01 
  524.000  6.179155e-01 
  525.000  6.180070e-01 
  526.000  6.181353e-01 
  527.000  6.181560e-01 
  528.000  6.181330e-01 
  529.000  6.181088e-01 
  530.000  6.180900e-01 
  531.000  6.180745e-01 
  532.000  6.181092e-01 
  533.000  6.184222e-01 
  534.000  6.188173e-01 
  535.000  6.192634e-01 
  536.000  6.196945e-01 
  537.000  6.200888e-01 
  538.000  6.204414e-01 
  539.000  6.207682e-01 
  540.000  6.210746e-01 
  541.000  6.213721e-01 
  542.000  6.216566e-01 
  543.000  6.219310e-01 
  544.000  6.221384e-01 
  545.000  6.222913e-01 
  546.000  6.224371e-01 
  547.000  6.225870e-01 
  548.000  6.227294e-01 
  549.000  6.228696e-01 
  550.000  6.229376e-01 
  551.000  6.229340e-01 
  552.000  6.229331e-01 
  553.000  6.229176e-01 
  554.000  6.228952e-01 
  555.000  6.228688e-01 
  556.000  6.228154e-01 
  557.000  6.227151e-01 
  558.000  6.226066e-01 
  559.000  6.224856e-01 
  560.000  6.223343e-01 
  561.000  6.221555e-01 
  562.000  6.219296e-01 
  563.000  6.217210e-01 
  564.000  6.214664e-01 
  565.000  6.211281e-01 
  566.000  6.207613e-01 
  567.000  6.202534e-01 
  568.000  6.193371e-01 
  569.000  6.180053e-01 
  570.000  6.177245e-01 
  571.000  6.178858e-01 
  572.000  6.167496e-01 
  573.000  6.164141e-01 
  574.000  6.160853e-01 
  575.000  6.158196e-01 
  576.000  6.159793e-01 
  577.000  6.164992e-01 
  578.000  6.172946e-01 
  579.000  6.184722e-01 
  580.000  6.201428e-01 
  581.000  6.221179e-01 
  582.000  6.237229e-01 
  583.000  6.250504e-01 
  584.000  6.261862e-01 
  585.000  6.271802e-01 
  586.000  6.280655e-01 
  587.000  6.285263e-01 
  588.000  6.279872e-01 
  589.000  6.265581e-01 
  590.000  6.268146e-01 
  591.000  6.284611e-01 
  592.000  6.280505e-01 
  593.000  6.299055e-01 
  594.000  6.298457e-01 
  595.000  6.290439e-01 
  596.000  6.303935e-01 
  597.000  6.297065e-01 
  598.000  6.300178e-01 
  599.000  6.299127e-01 
  600.000  6.301323e-01 
  601.000  6.301839e-01 
  602.000  6.299776e-01 
  603.000  6.303353e-01 
  604.000  6.310616e-01 
  605.000  6.317204e-01 
  606.000  6.323139e-01 
  607.000  6.328910e-01 
  608.000  6.334869e-01 
  609.000  6.340600e-01 
  610.000  6.346595e-01 
  611.000  6.353261e-01 
  612.000  6.359789e-01 
  613.000  6.366114e-01 
  614.000  6.372253e-01 
  615.000  6.378374e-01 
  616.000  6.384271e-01 
  617.000  6.389842e-01 
  618.000  6.394511e-01 
  619.000  6.398461e-01 
  620.000  6.402118e-01 
  621.000  6.405260e-01 
  622.000  6.407886e-01 
  623.000  6.409643e-01 
  624.000  6.411518e-01 
  625.000  6.413097e-01 
  626.000  6.414102e-01 
  627.000  6.403575e-01 
  628.000  6.194636e-01 
  629.000  6.335944e-01 
  630.000  6.341367e-01 
  631.000  6.379844e-01 
  632.000  6.406803e-01 
  633.000  6.434752e-01 
  634.000  6.456078e-01 
  635.000  6.472189e-01 
  636.000  6.486951e-01 
  637.000  6.500535e-01 
  638.000  6.515257e-01 
  639.000  6.526873e-01 
  640.000  6.539372e-01 
  641.000  6.550164e-01 
  642.000  6.559814e-01 
  643.000  6.565803e-01 
  644.000  6.573427e-01 
  645.000  6.577680e-01 
  646.000  6.573601e-01 
  647.000  6.572520e-01 
  648.000  6.569933e-01 
  649.000  6.584001e-01 
  650.000  6.604210e-01 
  651.000  6.609501e-01 
  652.000  6.601955e-01 
  653.000  6.622039e-01 
  654.000  6.625490e-01 
  655.000  6.625335e-01 
  656.000  6.632457e-01 
  657.000  6.639957e-01 
  658.000  6.649972e-01 
  659.000  6.657969e-01 
  660.000  6.664513e-01 
  661.000  6.673845e-01 
  662.000  6.680821e-01 
  663.000  6.685435e-01 
  664.000  6.691117e-01 
  665.000  6.696649e-01 
  666.000  6.702366e-01 
  667.000  6.707909e-01 
  668.000  6.713694e-01 
  669.000  6.719101e-01 
  670.000  6.724386e-01 
  671.000  6.729698e-01 
  672.000  6.734901e-01 
  673.000  6.740074e-01 
  674.000  6.745222e-01 
  675.000  6.750355e-01 
  676.000  6.755258e-01 
  677.000  6.759747e-01 
  678.000  6.764222e-01 
  679.000  6.768548e-01 
  680.000  6.772273e-01 
  681.000  6.775763e-01 
  682.000  6.779833e-01 
  683.000  6.783603e-01 
  684.000  6.786387e-01 
  685.000  6.791466e-01 
  686.000  6.766992e-01 
  687.000  5.830173e-01 
  688.000  6.117273e-01 
  689.000  6.041555e-01 
  690.000  6.190386e-01 
  691.000  6.408394e-01 
  692.000  6.573893e-01 
  693.000  6.661162e-01 
  694.000  6.708931e-01 
  695.000  6.749833e-01 
  696.000  6.771041e-01 
  697.000  6.812816e-01 
  698.000  6.809923e-01 
  699.000  6.782553e-01 
  700.000  6.790606e-01 
  701.000  6.786106e-01 
  702.000  6.793873e-01 
  703.000  6.821742e-01 
  704.000  6.825398e-01 
  705.000  6.817731e-01 
  706.000  6.821910e-01 
  707.000  6.827115e-01 
  708.000  6.833007e-01 
  709.000  6.843824e-01 
  710.000  6.836512e-01 
  711.000  6.848091e-01 
  712.000  6.857885e-01 
  713.000  6.853786e-01 
  714.000  6.853704e-01 
  715.000  6.846027e-01 
  716.000  6.838883e-01 
  717.000  6.771689e-01 
  718.000  6.729930e-01 
  719.000  6.716249e-01 
  720.000  6.692896e-01 
  721.000  6.802531e-01 
  722.000  6.841175e-01 
  723.000  6.822875e-01 
  724.000  6.765281e-01 
  725.000  6.776509e-01 
  726.000  6.775049e-01 
  727.000  6.785061e-01 
  728.000  6.777006e-01 
  729.000  6.801538e-01 
  730.000  6.798694e-01 
  731.000  6.794955e-01 
  732.000  6.834951e-01 
  733.000  6.872218e-01 
  734.000  6.889783e-01 
  735.000  6.885820e-01 
  736.000  6.875667e-01 
  737.000  6.885213e-01 
  738.000  6.896760e-01 
  739.000  6.902894e-01 
  740.000  6.914847e-01 
  741.000  6.922078e-01 
  742.000  6.925902e-01 
  743.000  6.932584e-01 
  744.000  6.936580e-01 
  745.000  6.939879e-01 
  746.000  6.942671e-01 
  747.000  6.944550e-01 
  748.000  6.947733e-01 
  749.000  6.950106e-01 
  750.000  6.951262e-01 
  751.000  6.953143e-01 
  752.000  6.956096e-01 
  753.000  6.958234e-01 
  754.000  6.960246e-01 
  755.000  6.962096e-01 
  756.000  6.963953e-01 
  757.000  6.965280e-01 
  758.000  6.953234e-01 
  759.000  6.454024e-01 
  760.000  2.826474e-01 
  761.000  2.495187e-01 
  762.000  4.560394e-01 
  763.000  3.909277e-01 
  764.000  4.230858e-01 
  765.000  4.966907e-01 
  766.000  5.865035e-01 
  767.000  6.321909e-01 
  768.000  6.621979e-01 
  769.000  6.820556e-01 
  770.000  6.926514e-01 
  771.000  6.977327e-01 
  772.000  6.989905e-01 
  773.000  6.995712e-01 
  774.000  7.003367e-01 
  775.000  7.007520e-01 
  776.000  7.010340e-01 
  777.000  7.011868e-01 
  778.000  7.012874e-01 
  779.000  7.013659e-01 
  780.000  7.014365e-01 
  781.000  7.015763e-01 
  782.000  7.016441e-01 
  783.000  7.017137e-01 
  784.000  7.017379e-01 
  785.000  7.015214e-01 
  786.000  7.011365e-01 
  787.000  7.003646e-01 
  788.000  6.999531e-01 
  789.000  6.983879e-01 
  790.000  6.983159e-01 
  791.000  6.987121e-01 
  792.000  6.990371e-01 
  793.000  6.998074e-01 
  794.000  7.013015e-01 
  795.000  7.004846e-01 
  796.000  6.983145e-01 
  797.000  6.989769e-01 
  798.000  7.005305e-01 
  799.000  7.002475e-01 
  800.000  6.992450e-01 
  801.000  6.994439e-01 
  802.000  6.993978e-01 
  803.000  6.996244e-01 
  804.000  7.001654e-01 
  805.000  7.011912e-01 
  806.000  7.018594e-01 
  807.000  7.019495e-01 
  808.000  7.016708e-01 
  809.000  7.013584e-01 
  810.000  7.009720e-01 
  811.000  7.001525e-01 
  812.000  6.990842e-01 
  813.000  6.976492e-01 
  814.000  6.957166e-01 
  815.000  6.932777e-01 
  816.000  6.900193e-01 
  817.000  6.902928e-01 
  818.000  6.906297e-01 
  819.000  6.917688e-01 
  820.000  6.954448e-01 
  821.000  6.995670e-01 
  822.000  6.965408e-01 
  823.000  6.876838e-01 
  824.000  6.952731e-01 
  825.000  7.000011e-01 
  826.000  6.992368e-01 
  827.000  6.987059e-01 
  828.000  6.956739e-01 
  829.000  6.968511e-01 
  830.000  6.981460e-01 
  831.000  6.984824e-01 
  832.000  6.986399e-01 
  833.000  6.993962e-01 
  834.000  7.002717e-01 
  835.000  7.018760e-01 
  836.000  7.014744e-01 
  837.000  7.014611e-01 
  838.000  7.021872e-01 
  839.000  7.027333e-01 
  840.000  7.029647e-01 
  841.000  7.024722e-01 
  842.000  7.030074e-01 
  843.000  7.041707e-01 
  844.000  7.047067e-01 
  845.000  7.050065e-01 
  846.000  7.052806e-01 
  847.000  7.056004e-01 
  848.000  7.052282e-01 
  849.000  7.053400e-01 
  850.000  7.051521e-01 
  851.000  7.049605e-01 
  852.000  7.050368e-01 
  853.000  7.055101e-01 
  854.000  7.055305e-01 
  855.000  7.057726e-01 
  856.000  7.062984e-01 
  857.000  7.065617e-01 
  858.000  7.067207e-01 
  859.000  7.070158e-01 
  860.000  7.071821e-01 
  861.000  7.072471e-01 
  862.000  7.073572e-01 
  863.000  7.074122e-01 
  864.000  7.075021e-01 
  865.000  7.075838e-01 
  866.000  7.076392e-01 
  867.000  7.076773e-01 
  868.000  7.077282e-01 
  869.000  7.077855e-01 
  870.000  7.078205e-01 
  871.000  7.078767e-01 
  872.000  7.079499e-01 
  873.000  7.079643e-01 
  874.000  7.079918e-01 
  875.000  7.080314e-01 
  876.000  7.080234e-01 
  877.000  7.080402e-01 
  878.000  7.079105e-01 
  879.000  7.079412e-01 
  880.000  7.078341e-01 
  881.000  7.077923e-01 
  882.000  7.077537e-01 
  883.000  7.078729e-01 
  884.000  7.079450e-01 
  885.000  7.076823e-01 
  886.000  7.073873e-01 
  887.000  7.077006e-01 
  888.000  7.077227e-01 
  889.000  7.078350e-01 
  890.000  7.076718e-01 
  891.000  7.072823e-01 
  892.000  7.063984e-01 
  893.000  7.036211e-01 
  894.000  7.023790e-01 
  895.000  6.979821e-01 
  896.000  6.940028e-01 
  897.000  6.897416e-01 
  898.000  6.877399e-01 
  899.000  6.817237e-01 
  900.000  6.826890e-01 
  901.000  6.811028e-01 
  902.000  6.813710e-01 
  903.000  6.915185e-01 
  904.000  6.974571e-01 
  905.000  6.972409e-01 
  906.000  6.935846e-01 
  907.000  6.869214e-01 
  908.000  6.824192e-01 
  909.000  6.826763e-01 
  910.000  6.834114e-01 
  911.000  6.864728e-01 
  912.000  6.850380e-01 
  913.000  6.785722e-01 
  914.000  6.818319e-01 
  915.000  6.843449e-01 
  916.000  6.850212e-01 
  917.000  6.863574e-01 
  918.000  6.880744e-01 
  919.000  6.938111e-01 
  920.000  6.980110e-01 
  921.000  6.970927e-01 
  922.000  6.970347e-01 
  923.000  6.958925e-01 
  924.000  6.930839e-01 
  925.000  6.929358e-01 
  926.000  6.930565e-01 
  927.000  6.898613e-01 
  928.000  6.848125e-01 
  929.000  6.772425e-01 
  930.000  6.670909e-01 
  931.000  6.549567e-01 
  932.000  6.383103e-01 
  933.000  6.240857e-01 
  934.000  6.077188e-01 
  935.000  6.061084e-01 
  936.000  6.131997e-01 
  937.000  6.112294e-01 
  938.000  6.287281e-01 
  939.000  6.680937e-01 
  940.000  6.731709e-01 
  941.000  6.685801e-01 
  942.000  6.570354e-01 
  943.000  6.360406e-01 
  944.000  6.346288e-01 
  945.000  6.427341e-01 
  946.000  6.430442e-01 
  947.000  6.495790e-01 
  948.000  6.533391e-01 
  949.000  6.526977e-01 
  950.000  6.536216e-01 
  951.000  6.618514e-01 
  952.000  6.527690e-01 
  953.000  6.588995e-01 
  954.000  6.652174e-01 
  955.000  6.597862e-01 
  956.000  6.582789e-01 
  957.000  6.741279e-01 
  958.000  6.759380e-01 
  959.000  6.732726e-01 
  960.000  6.724339e-01 
  961.000  6.710731e-01 
  962.000  6.721837e-01 
  963.000  6.804107e-01 
  964.000  6.815200e-01 
  965.000  6.806901e-01 
  966.000  6.810644e-01 
  967.000  6.866651e-01 
  968.000  6.956509e-01 
  969.000  6.995536e-01 
  970.000  6.997533e-01 
  971.000  6.996755e-01 
  972.000  6.986002e-01 
  973.000  6.960454e-01 
  974.000  6.928599e-01 
  975.000  6.907847e-01 
  976.000  6.933626e-01 
  977.000  6.975208e-01 
  978.000  6.971780e-01 
  979.000  6.982214e-01 
  980.000  7.023319e-01 
  981.000  7.032282e-01 
  982.000  7.023153e-01 
  983.000  7.043878e-01 
  984.000  7.065030e-01 
  985.000  7.075917e-01 
  986.000  7.091140e-01 
  987.000  7.098002e-01 
  988.000  7.099213e-01 
  989.000  7.100355e-01 
  990.000  7.102201e-01 
  991.000  7.107852e-01 
  992.000  7.109762e-01 
  993.000  7.110599e-01 
  994.000  7.115912e-01 
  995.000  7.119738e-01 
  996.000  7.119913e-01 
  997.000  7.117604e-01 
  998.000  7.115269e-01 
  999.000  7.114878e-01 
 1000.000  7.115518e-01 
 1001.000  7.110785e-01 
 1002.000  7.102393e-01 
 1003.000  7.104294e-01 
 1004.000  7.109727e-01 
 1005.000  7.111893e-01 
 1006.000  7.112536e-01 
 1007.000  7.111397e-01 
 1008.000  7.104135e-01 
 1009.000  7.094879e-01 
 1010.000  7.099329e-01 
 1011.000  7.109325e-01 
 1012.000  7.112966e-01 
 1013.000  7.116108e-01 
 1014.000  7.117437e-01 
 1015.000  7.117186e-01 
 1016.000  7.118645e-01 
 1017.000  7.119530e-01 
 1018.000  7.117565e-01 
 1019.000  7.114227e-01 
 1020.000  7.115449e-01 
 1021.000  7.117707e-01 
 1022.000  7.113366e-01 
 1023.000  7.109820e-01 
 1024.000  7.107344e-01 
 1025.000  7.113585e-01 
 1026.000  7.115890e-01 
 1027.000  7.114715e-01 
 1028.000  7.114908e-01 
 1029.000  7.117393e-01 
 1030.000  7.119905e-01 
 1031.000  7.120973e-01 
 1032.000  7.121527e-01 
 1033.000  7.121221e-01 
 1034.000  7.121174e-01 
 1035.000  7.120258e-01 
 1036.000  7.117862e-01 
 1037.000  7.116072e-01 
 1038.000  7.116042e-01 
 1039.000  7.115083e-01 
 1040.000  7.113768e-01 
 1041.000  7.112673e-01 
 1042.000  7.112021e-01 
 1043.000  7.111256e-01 
 1044.000  7.109828e-01 
 1045.000  7.107571e-01 
 1046.000  7.105696e-01 
 1047.000  7.103116e-01 
 1048.000  7.097845e-01 
 1049.000  7.091377e-01 
 1050.000  7.088332e-01 
 1051.000  7.086285e-01 
 1052.000  7.083114e-01 
 1053.000  7.080634e-01 
 1054.000  7.077213e-01 
 1055.000  7.073595e-01 
 1056.000  7.068989e-01 
 1057.000  7.062691e-01 
 1058.000  7.053711e-01 
 1059.000  7.050525e-01 
 1060.000  7.049834e-01 
 1061.000  7.046933e-01 
 1062.000  7.040248e-01 
 1063.000  7.033968e-01 
 1064.000  7.027335e-01 
 1065.000  7.023985e-01 
 1066.000  7.023750e-01 
 1067.000  7.020996e-01 
 1068.000  7.017744e-01 
 1069.000  7.025259e-01 
 1070.000  7.033299e-01 
 1071.000  7.036377e-01 
 1072.000  7.037172e-01 
 1073.000  7.041135e-01 
 1074.000  7.046192e-01 
 1075.000  7.055612e-01 
 1076.000  7.056178e-01 
 1077.000  7.055683e-01 
 1078.000  7.053717e-01 
 1079.000  7.056349e-01 
 1080.000  7.045869e-01 
 1081.000  7.047605e-01 
 1082.000  7.054875e-01 
 1083.000  7.051162e-01 
 1084.000  7.044917e-01 
 1085.000  7.026773e-01 
 1086.000  7.033399e-01 
 1087.000  7.057107e-01 
 1088.000  7.059538e-01 
 1089.000  7.034304e-01 
 1090.000  7.030824e-01 
 1091.000  7.037432e-01 
 1092.000  7.025825e-01 
 1093.000  6.996598e-01 
 1094.000  6.984213e-01 
 1095.000  6.987427e-01 
 1096.000  6.990488e-01 
 1097.000  6.985892e-01 
 1098.000  6.910444e-01 
 1099.000  6.843965e-01 
 1100.000  6.849583e-01 
 1101.000  6.859955e-01 
 1102.000  6.856942e-01 
 1103.000  6.864097e-01 
 1104.000  6.853381e-01 
 1105.000  6.825517e-01 
 1106.000  6.796086e-01 
 1107.000  6.805357e-01 
 1108.000  6.813166e-01 
 1109.000  6.841280e-01 
 1110.000  6.841751e-01 
 1111.000  6.829841e-01 
 1112.000  6.769022e-01 
 1113.000  6.684163e-01 
 1114.000  6.666893e-01 
 1115.000  6.557408e-01 
 1116.000  6.485211e-01 
 1117.000  6.295578e-01 
 1118.000  6.109664e-01 
 1119.000  6.008735e-01 
 1120.000  5.866401e-01 
 1121.000  5.835152e-01 
 1122.000  5.659459e-01 
 1123.000  5.766835e-01 
 1124.000  5.835065e-01 
 1125.000  5.802058e-01 
 1126.000  5.787038e-01 
 1127.000  5.798500e-01 
 1128.000  5.820512e-01 
 1129.000  5.978653e-01 
 1130.000  6.310230e-01 
 1131.000  6.395925e-01 
 1132.000  6.280605e-01 
 1133.000  6.039946e-01 
 1134.000  5.505262e-01 
 1135.000  5.550267e-01 
 1136.000  6.069189e-01 
 1137.000  6.298059e-01 
 1138.000  6.489499e-01 
 1139.000  6.534426e-01 
 1140.000  6.499419e-01 
 1141.000  6.421773e-01 
 1142.000  6.396260e-01 
 1143.000  6.312630e-01 
 1144.000  6.211148e-01 
 1145.000  6.054634e-01 
 1146.000  6.092514e-01 
 1147.000  6.213017e-01 
 1148.000  6.313440e-01 
 1149.000  6.350080e-01 
 1150.000  6.345803e-01 
