  320.000  7.330581e-02 
  321.000  9.834082e-02 
  322.000  8.824208e-02 
  323.000  1.010973e-01 
  324.000  1.145228e-01 
  325.000  1.044700e-01 
  326.000  1.211214e-01 
  327.000  1.259056e-01 
  328.000  1.156470e-01 
  329.000  1.355790e-01 
  330.000  1.388293e-01 
  331.000  1.324218e-01 
  332.000  1.448794e-01 
  333.000  1.485782e-01 
  334.000  1.455391e-01 
  335.000  1.549102e-01 
  336.000  1.587579e-01 
  337.000  1.571327e-01 
  338.000  1.616647e-01 
  339.000  1.663846e-01 
  340.000  1.656060e-01 
  341.000  1.702233e-01 
  342.000  1.736252e-01 
  343.000  1.753418e-01 
  344.000  1.756932e-01 
  345.000  1.803548e-01 
  346.000  1.833178e-01 
  347.000  1.857447e-01 
  348.000  1.880268e-01 
  349.000  1.906004e-01 
  350.000  1.928087e-01 
  351.000  1.950158e-01 
  352.000  1.968321e-01 
  353.000  1.994235e-01 
  354.000  2.016377e-01 
  355.000  2.037047e-01 
  356.000  2.057249e-01 
  357.000  2.075278e-01 
  358.000  2.094729e-01 
  359.000  2.114214e-01 
  360.000  2.134224e-01 
  361.000  2.159582e-01 
  362.000  2.186080e-01 
  363.000  2.210568e-01 
  364.000  2.233174e-01 
  365.000  2.254439e-01 
  366.000  2.276244e-01 
  367.000  2.297060e-01 
  368.000  2.317741e-01 
  369.000  2.338297e-01 
  370.000  2.358691e-01 
  371.000  2.378975e-01 
  372.000  2.399142e-01 
  373.000  2.419185e-01 
  374.000  2.438952e-01 
  375.000  2.458381e-01 
  376.000  2.477192e-01 
  377.000  2.495008e-01 
  378.000  2.511589e-01 
  379.000  2.528467e-01 
  380.000  2.547067e-01 
  381.000  2.568286e-01 
  382.000  2.590328e-01 
  383.000  2.611218e-01 
  384.000  2.631078e-01 
  385.000  2.650252e-01 
  386.000  2.668971e-01 
  387.000  2.687422e-01 
  388.000  2.705671e-01 
  389.000  2.723803e-01 
  390.000  2.741819e-01 
  391.000  2.759683e-01 
  392.000  2.777443e-01 
  393.000  2.795087e-01 
  394.000  2.812594e-01 
  395.000  2.829952e-01 
  396.000  2.847224e-01 
  397.000  2.864322e-01 
  398.000  2.881289e-01 
  399.000  2.898138e-01 
  400.000  2.914777e-01 
  401.000  2.931378e-01 
  402.000  2.947868e-01 
  403.000  2.964241e-01 
  404.000  2.980490e-01 
  405.000  2.996584e-01 
  406.000  3.012592e-01 
  407.000  3.028496e-01 
  408.000  3.044282e-01 
  409.000  3.059934e-01 
  410.000  3.075456e-01 
  411.000  3.090845e-01 
  412.000  3.106088e-01 
  413.000  3.121261e-01 
  414.000  3.135363e-01 
  415.000  3.150636e-01 
  416.000  3.165734e-01 
  417.000  3.180597e-01 
  418.000  3.195137e-01 
  419.000  3.209532e-01 
  420.000  3.223813e-01 
  421.000  3.238024e-01 
  422.000  3.252163e-01 
  423.000  3.266212e-01 
  424.000  3.280111e-01 
  425.000  3.293705e-01 
  426.000  3.307181e-01 
  427.000  3.320551e-01 
  428.000  3.333697e-01 
  429.000  3.346672e-01 
  430.000  3.359509e-01 
  431.000  3.372262e-01 
  432.000  3.384894e-01 
  433.000  3.397418e-01 
  434.000  3.409848e-01 
  435.000  3.422167e-01 
  436.000  3.434359e-01 
  437.000  3.446430e-01 
  438.000  3.458374e-01 
  439.000  3.470236e-01 
  440.000  3.481917e-01 
  441.000  3.493459e-01 
  442.000  3.504828e-01 
  443.000  3.516035e-01 
  444.000  3.527074e-01 
  445.000  3.537883e-01 
  446.000  3.548401e-01 
  447.000  3.559440e-01 
  448.000  3.571286e-01 
  449.000  3.583286e-01 
  450.000  3.595064e-01 
  451.000  3.606392e-01 
  452.000  3.617330e-01 
  453.000  3.628054e-01 
  454.000  3.638591e-01 
  455.000  3.648524e-01 
  456.000  3.657661e-01 
  457.000  3.666806e-01 
  458.000  3.675833e-01 
  459.000  3.684675e-01 
  460.000  3.693451e-01 
  461.000  3.702140e-01 
  462.000  3.710667e-01 
  463.000  3.719163e-01 
  464.000  3.730231e-01 
  465.000  3.741141e-01 
  466.000  3.751866e-01 
  467.000  3.762350e-01 
  468.000  3.770895e-01 
  469.000  3.778259e-01 
  470.000  3.785033e-01 
  471.000  3.791134e-01 
  472.000  3.796317e-01 
  473.000  3.799950e-01 
  474.000  3.802935e-01 
  475.000  3.803701e-01 
  476.000  3.802224e-01 
  477.000  3.802194e-01 
  478.000  3.810831e-01 
  479.000  3.823988e-01 
  480.000  3.838203e-01 
  481.000  3.850965e-01 
  482.000  3.862944e-01 
  483.000  3.873366e-01 
  484.000  3.882328e-01 
  485.000  3.890347e-01 
  486.000  3.898904e-01 
  487.000  3.907917e-01 
  488.000  3.916644e-01 
  489.000  3.925216e-01 
  490.000  3.933691e-01 
  491.000  3.940331e-01 
  492.000  3.946403e-01 
  493.000  3.952447e-01 
  494.000  3.958322e-01 
  495.000  3.964199e-01 
  496.000  3.967228e-01 
  497.000  3.970143e-01 
  498.000  3.973015e-01 
  499.000  3.975733e-01 
  500.000  3.978409e-01 
  501.000  3.980788e-01 
  502.000  3.983167e-01 
  503.000  3.985517e-01 
  504.000  3.987759e-01 
  505.000  3.989878e-01 
  506.000  3.996089e-01 
  507.000  4.002482e-01 
  508.000  4.008868e-01 
  509.000  4.015183e-01 
  510.000  4.021366e-01 
  511.000  4.026910e-01 
  512.000  4.032266e-01 
  513.000  4.037593e-01 
  514.000  4.042856e-01 
  515.000  4.048073e-01 
  516.000  4.051802e-01 
  517.000  4.054192e-01 
  518.000  4.056517e-01 
  519.000  4.058799e-01 
  520.000  4.061058e-01 
  521.000  4.063083e-01 
  522.000  4.064543e-01 
  523.000  4.065596e-01 
  524.000  4.066684e-01 
  525.000  4.067542e-01 
  526.000  4.068745e-01 
  527.000  4.068939e-01 
  528.000  4.068724e-01 
  529.000  4.068496e-01 
  530.000  4.068320e-01 
  531.000  4.068175e-01 
  532.000  4.068500e-01 
  533.000  4.071435e-01 
  534.000  4.075141e-01 
  535.000  4.079325e-01 
  536.000  4.083372e-01 
  537.000  4.087074e-01 
  538.000  4.090385e-01 
  539.000  4.093454e-01 
  540.000  4.096332e-01 
  541.000  4.099128e-01 
  542.000  4.101801e-01 
  543.000  4.104380e-01 
  544.000  4.106331e-01 
  545.000  4.107768e-01 
  546.000  4.109139e-01 
  547.000  4.110549e-01 
  548.000  4.111888e-01 
  549.000  4.113206e-01 
  550.000  4.113846e-01 
  551.000  4.113812e-01 
  552.000  4.113804e-01 
  553.000  4.113658e-01 
  554.000  4.113447e-01 
  555.000  4.113199e-01 
  556.000  4.112697e-01 
  557.000  4.111753e-01 
  558.000  4.110733e-01 
  559.000  4.109594e-01 
  560.000  4.108169e-01 
  561.000  4.106481e-01 
  562.000  4.103270e-01 
  563.000  4.101216e-01 
  564.000  4.098552e-01 
  565.000  4.094599e-01 
  566.000  4.091660e-01 
  567.000  4.083447e-01 
  568.000  4.063033e-01 
  569.000  4.022495e-01 
  570.000  4.026465e-01 
  571.000  4.050752e-01 
  572.000  4.022686e-01 
  573.000  4.027419e-01 
  574.000  4.025862e-01 
  575.000  4.024591e-01 
  576.000  4.024663e-01 
  577.000  4.035947e-01 
  578.000  4.050260e-01 
  579.000  4.064769e-01 
  580.000  4.080052e-01 
  581.000  4.100758e-01 
  582.000  4.115660e-01 
  583.000  4.125977e-01 
  584.000  4.135480e-01 
  585.000  4.142688e-01 
  586.000  4.150158e-01 
  587.000  4.142261e-01 
  588.000  4.092275e-01 
  589.000  4.008147e-01 
  590.000  4.005181e-01 
  591.000  4.066959e-01 
  592.000  4.037556e-01 
  593.000  4.107510e-01 
  594.000  4.094539e-01 
  595.000  4.048724e-01 
  596.000  4.114692e-01 
  597.000  4.097101e-01 
  598.000  4.122182e-01 
  599.000  4.130814e-01 
  600.000  4.153157e-01 
  601.000  4.165829e-01 
  602.000  4.168579e-01 
  603.000  4.176671e-01 
  604.000  4.187472e-01 
  605.000  4.195605e-01 
  606.000  4.201726e-01 
  607.000  4.207649e-01 
  608.000  4.213377e-01 
  609.000  4.218863e-01 
  610.000  4.224552e-01 
  611.000  4.230874e-01 
  612.000  4.237069e-01 
  613.000  4.243073e-01 
  614.000  4.248902e-01 
  615.000  4.254718e-01 
  616.000  4.260323e-01 
  617.000  4.265618e-01 
  618.000  4.270059e-01 
  619.000  4.273817e-01 
  620.000  4.277297e-01 
  621.000  4.280287e-01 
  622.000  4.282787e-01 
  623.000  4.284459e-01 
  624.000  4.286240e-01 
  625.000  4.287728e-01 
  626.000  4.285813e-01 
  627.000  4.261251e-01 
  628.000  4.096549e-01 
  629.000  4.199882e-01 
  630.000  4.221060e-01 
  631.000  4.254115e-01 
  632.000  4.255784e-01 
  633.000  4.293752e-01 
  634.000  4.315765e-01 
  635.000  4.327710e-01 
  636.000  4.342526e-01 
  637.000  4.355648e-01 
  638.000  4.376985e-01 
  639.000  4.386714e-01 
  640.000  4.401754e-01 
  641.000  4.410267e-01 
  642.000  4.421648e-01 
  643.000  4.420588e-01 
  644.000  4.427005e-01 
  645.000  4.420908e-01 
  646.000  4.378120e-01 
  647.000  4.348643e-01 
  648.000  4.314945e-01 
  649.000  4.353563e-01 
  650.000  4.423344e-01 
  651.000  4.427561e-01 
  652.000  4.374062e-01 
  653.000  4.444677e-01 
  654.000  4.441575e-01 
  655.000  4.421545e-01 
  656.000  4.434201e-01 
  657.000  4.451334e-01 
  658.000  4.478194e-01 
  659.000  4.495616e-01 
  660.000  4.503911e-01 
  661.000  4.525550e-01 
  662.000  4.536862e-01 
  663.000  4.539798e-01 
  664.000  4.546548e-01 
  665.000  4.553371e-01 
  666.000  4.560845e-01 
  667.000  4.567763e-01 
  668.000  4.575520e-01 
  669.000  4.581416e-01 
  670.000  4.586773e-01 
  671.000  4.592348e-01 
  672.000  4.597454e-01 
  673.000  4.602485e-01 
  674.000  4.607477e-01 
  675.000  4.612474e-01 
  676.000  4.617184e-01 
  677.000  4.621513e-01 
  678.000  4.625849e-01 
  679.000  4.629555e-01 
  680.000  4.630550e-01 
  681.000  4.630523e-01 
  682.000  4.633841e-01 
  683.000  4.636153e-01 
  684.000  4.634729e-01 
  685.000  4.641546e-01 
  686.000  4.620242e-01 
  687.000  3.857686e-01 
  688.000  4.093847e-01 
  689.000  4.027699e-01 
  690.000  4.151672e-01 
  691.000  4.318737e-01 
  692.000  4.425771e-01 
  693.000  4.408995e-01 
  694.000  4.368617e-01 
  695.000  4.430616e-01 
  696.000  4.466369e-01 
  697.000  4.605886e-01 
  698.000  4.579292e-01 
  699.000  4.457536e-01 
  700.000  4.479257e-01 
  701.000  4.453020e-01 
  702.000  4.474468e-01 
  703.000  4.578939e-01 
  704.000  4.584671e-01 
  705.000  4.543195e-01 
  706.000  4.552573e-01 
  707.000  4.568889e-01 
  708.000  4.586442e-01 
  709.000  4.621260e-01 
  710.000  4.586360e-01 
  711.000  4.624117e-01 
  712.000  4.656436e-01 
  713.000  4.632354e-01 
  714.000  4.624915e-01 
  715.000  4.585164e-01 
  716.000  4.543855e-01 
  717.000  4.276313e-01 
  718.000  4.112607e-01 
  719.000  4.054382e-01 
  720.000  3.965896e-01 
  721.000  4.358795e-01 
  722.000  4.499748e-01 
  723.000  4.421590e-01 
  724.000  4.198075e-01 
  725.000  4.232077e-01 
  726.000  4.222159e-01 
  727.000  4.254524e-01 
  728.000  4.220449e-01 
  729.000  4.307004e-01 
  730.000  4.292606e-01 
  731.000  4.275094e-01 
  732.000  4.420995e-01 
  733.000  4.561054e-01 
  734.000  4.628879e-01 
  735.000  4.605729e-01 
  736.000  4.561966e-01 
  737.000  4.595794e-01 
  738.000  4.642142e-01 
  739.000  4.662357e-01 
  740.000  4.706667e-01 
  741.000  4.732466e-01 
  742.000  4.743564e-01 
  743.000  4.765291e-01 
  744.000  4.777033e-01 
  745.000  4.785601e-01 
  746.000  4.791813e-01 
  747.000  4.794173e-01 
  748.000  4.801308e-01 
  749.000  4.805369e-01 
  750.000  4.803768e-01 
  751.000  4.805591e-01 
  752.000  4.812466e-01 
  753.000  4.815559e-01 
  754.000  4.818093e-01 
  755.000  4.819903e-01 
  756.000  4.821776e-01 
  757.000  4.823084e-01 
  758.000  4.811963e-01 
  759.000  4.395450e-01 
  760.000  1.605848e-01 
  761.000  1.379437e-01 
  762.000  2.878267e-01 
  763.000  2.385408e-01 
  764.000  2.626958e-01 
  765.000  3.194762e-01 
  766.000  3.912888e-01 
  767.000  4.287997e-01 
  768.000  4.537756e-01 
  769.000  4.704527e-01 
  770.000  4.796063e-01 
  771.000  4.837903e-01 
  772.000  4.848705e-01 
  773.000  4.853529e-01 
  774.000  4.860107e-01 
  775.000  4.864261e-01 
  776.000  4.867210e-01 
  777.000  4.868233e-01 
  778.000  4.868375e-01 
  779.000  4.868383e-01 
  780.000  4.868351e-01 
  781.000  4.871401e-01 
  782.000  4.871280e-01 
  783.000  4.871254e-01 
  784.000  4.869215e-01 
  785.000  4.859775e-01 
  786.000  4.844283e-01 
  787.000  4.813477e-01 
  788.000  4.796225e-01 
  789.000  4.733827e-01 
  790.000  4.728750e-01 
  791.000  4.740894e-01 
  792.000  4.752142e-01 
  793.000  4.777968e-01 
  794.000  4.832444e-01 
  795.000  4.799620e-01 
  796.000  4.711801e-01 
  797.000  4.737265e-01 
  798.000  4.793227e-01 
  799.000  4.780800e-01 
  800.000  4.740551e-01 
  801.000  4.745656e-01 
  802.000  4.741836e-01 
  803.000  4.748037e-01 
  804.000  4.767363e-01 
  805.000  4.804156e-01 
  806.000  4.826235e-01 
  807.000  4.827473e-01 
  808.000  4.815373e-01 
  809.000  4.800440e-01 
  810.000  4.784056e-01 
  811.000  4.750173e-01 
  812.000  4.704512e-01 
  813.000  4.648571e-01 
  814.000  4.574779e-01 
  815.000  4.483085e-01 
  816.000  4.365681e-01 
  817.000  4.372419e-01 
  818.000  4.382210e-01 
  819.000  4.421181e-01 
  820.000  4.551120e-01 
  821.000  4.699861e-01 
  822.000  4.587077e-01 
  823.000  4.273548e-01 
  824.000  4.538023e-01 
  825.000  4.709057e-01 
  826.000  4.680107e-01 
  827.000  4.658713e-01 
  828.000  4.546469e-01 
  829.000  4.587141e-01 
  830.000  4.632740e-01 
  831.000  4.643624e-01 
  832.000  4.648539e-01 
  833.000  4.674959e-01 
  834.000  4.706048e-01 
  835.000  4.767563e-01 
  836.000  4.748056e-01 
  837.000  4.746185e-01 
  838.000  4.776256e-01 
  839.000  4.794594e-01 
  840.000  4.801393e-01 
  841.000  4.781937e-01 
  842.000  4.799801e-01 
  843.000  4.841966e-01 
  844.000  4.861213e-01 
  845.000  4.870297e-01 
  846.000  4.879840e-01 
  847.000  4.887979e-01 
  848.000  4.873559e-01 
  849.000  4.875943e-01 
  850.000  4.867750e-01 
  851.000  4.857947e-01 
  852.000  4.859147e-01 
  853.000  4.875887e-01 
  854.000  4.875192e-01 
  855.000  4.883706e-01 
  856.000  4.899245e-01 
  857.000  4.906495e-01 
  858.000  4.910873e-01 
  859.000  4.919261e-01 
  860.000  4.924098e-01 
  861.000  4.925055e-01 
  862.000  4.928029e-01 
  863.000  4.928558e-01 
  864.000  4.930649e-01 
  865.000  4.932389e-01 
  866.000  4.932969e-01 
  867.000  4.932832e-01 
  868.000  4.933237e-01 
  869.000  4.933923e-01 
  870.000  4.933684e-01 
  871.000  4.934339e-01 
  872.000  4.935721e-01 
  873.000  4.934643e-01 
  874.000  4.934127e-01 
  875.000  4.934122e-01 
  876.000  4.932128e-01 
  877.000  4.931188e-01 
  878.000  4.925980e-01 
  879.000  4.925739e-01 
  880.000  4.921438e-01 
  881.000  4.918720e-01 
  882.000  4.917050e-01 
  883.000  4.919020e-01 
  884.000  4.920281e-01 
  885.000  4.911088e-01 
  886.000  4.898360e-01 
  887.000  4.909167e-01 
  888.000  4.908709e-01 
  889.000  4.911269e-01 
  890.000  4.904249e-01 
  891.000  4.890539e-01 
  892.000  4.857349e-01 
  893.000  4.756265e-01 
  894.000  4.706000e-01 
  895.000  4.552760e-01 
  896.000  4.415711e-01 
  897.000  4.271596e-01 
  898.000  4.204408e-01 
  899.000  4.015499e-01 
  900.000  4.042751e-01 
  901.000  3.993879e-01 
  902.000  4.003168e-01 
  903.000  4.321233e-01 
  904.000  4.516631e-01 
  905.000  4.509760e-01 
  906.000  4.387751e-01 
  907.000  4.172769e-01 
  908.000  4.031706e-01 
  909.000  4.037733e-01 
  910.000  4.059050e-01 
  911.000  4.152852e-01 
  912.000  4.107589e-01 
  913.000  3.911172e-01 
  914.000  4.008344e-01 
  915.000  4.085158e-01 
  916.000  4.106135e-01 
  917.000  4.148049e-01 
  918.000  4.202233e-01 
  919.000  4.386580e-01 
  920.000  4.526496e-01 
  921.000  4.495902e-01 
  922.000  4.493421e-01 
  923.000  4.454551e-01 
  924.000  4.361077e-01 
  925.000  4.353254e-01 
  926.000  4.350604e-01 
  927.000  4.241302e-01 
  928.000  4.073703e-01 
  929.000  3.833031e-01 
  930.000  3.529415e-01 
  931.000  3.193584e-01 
  932.000  2.758699e-01 
  933.000  2.440403e-01 
  934.000  2.118762e-01 
  935.000  2.084480e-01 
  936.000  2.210413e-01 
  937.000  2.178777e-01 
  938.000  2.538998e-01 
  939.000  3.493795e-01 
  940.000  3.638552e-01 
  941.000  3.514392e-01 
  942.000  3.210871e-01 
  943.000  2.711720e-01 
  944.000  2.676919e-01 
  945.000  2.855029e-01 
  946.000  2.865377e-01 
  947.000  3.026106e-01 
  948.000  3.120678e-01 
  949.000  3.108751e-01 
  950.000  3.133130e-01 
  951.000  3.345385e-01 
  952.000  3.119405e-01 
  953.000  3.278559e-01 
  954.000  3.450063e-01 
  955.000  3.311938e-01 
  956.000  3.281713e-01 
  957.000  3.716144e-01 
  958.000  3.773136e-01 
  959.000  3.701017e-01 
  960.000  3.680308e-01 
  961.000  3.644278e-01 
  962.000  3.677640e-01 
  963.000  3.917609e-01 
  964.000  3.952372e-01 
  965.000  3.929683e-01 
  966.000  3.943006e-01 
  967.000  4.115073e-01 
  968.000  4.403321e-01 
  969.000  4.534020e-01 
  970.000  4.541200e-01 
  971.000  4.538178e-01 
  972.000  4.501136e-01 
  973.000  4.415588e-01 
  974.000  4.311546e-01 
  975.000  4.244803e-01 
  976.000  4.326572e-01 
  977.000  4.461845e-01 
  978.000  4.451001e-01 
  979.000  4.486220e-01 
  980.000  4.624527e-01 
  981.000  4.655301e-01 
  982.000  4.624641e-01 
  983.000  4.695790e-01 
  984.000  4.769075e-01 
  985.000  4.810771e-01 
  986.000  4.864576e-01 
  987.000  4.887940e-01 
  988.000  4.893347e-01 
  989.000  4.896828e-01 
  990.000  4.902571e-01 
  991.000  4.922638e-01 
  992.000  4.928384e-01 
  993.000  4.930571e-01 
  994.000  4.946973e-01 
  995.000  4.959361e-01 
  996.000  4.959307e-01 
  997.000  4.950903e-01 
  998.000  4.942227e-01 
  999.000  4.938768e-01 
 1000.000  4.941714e-01 
 1001.000  4.924688e-01 
 1002.000  4.894117e-01 
 1003.000  4.901463e-01 
 1004.000  4.919159e-01 
 1005.000  4.927282e-01 
 1006.000  4.929787e-01 
 1007.000  4.923992e-01 
 1008.000  4.899054e-01 
 1009.000  4.865676e-01 
 1010.000  4.880576e-01 
 1011.000  4.916048e-01 
 1012.000  4.929575e-01 
 1013.000  4.940164e-01 
 1014.000  4.942490e-01 
 1015.000  4.943331e-01 
 1016.000  4.948352e-01 
 1017.000  4.951278e-01 
 1018.000  4.944910e-01 
 1019.000  4.934549e-01 
 1020.000  4.938831e-01 
 1021.000  4.945767e-01 
 1022.000  4.932661e-01 
 1023.000  4.920060e-01 
 1024.000  4.912460e-01 
 1025.000  4.935283e-01 
 1026.000  4.943259e-01 
 1027.000  4.938622e-01 
 1028.000  4.942137e-01 
 1029.000  4.951735e-01 
 1030.000  4.960736e-01 
 1031.000  4.965130e-01 
 1032.000  4.968513e-01 
 1033.000  4.969554e-01 
 1034.000  4.971662e-01 
 1035.000  4.972690e-01 
 1036.000  4.971225e-01 
 1037.000  4.970884e-01 
 1038.000  4.971641e-01 
 1039.000  4.969855e-01 
 1040.000  4.968156e-01 
 1041.000  4.966796e-01 
 1042.000  4.966302e-01 
 1043.000  4.966020e-01 
 1044.000  4.964663e-01 
 1045.000  4.961130e-01 
 1046.000  4.958639e-01 
 1047.000  4.955571e-01 
 1048.000  4.951062e-01 
 1049.000  4.946178e-01 
 1050.000  4.942443e-01 
 1051.000  4.938041e-01 
 1052.000  4.934283e-01 
 1053.000  4.932621e-01 
 1054.000  4.927253e-01 
 1055.000  4.922466e-01 
 1056.000  4.917447e-01 
 1057.000  4.907303e-01 
 1058.000  4.889925e-01 
 1059.000  4.889456e-01 
 1060.000  4.895813e-01 
 1061.000  4.892848e-01 
 1062.000  4.881633e-01 
 1063.000  4.876252e-01 
 1064.000  4.866537e-01 
 1065.000  4.857010e-01 
 1066.000  4.857641e-01 
 1067.000  4.852290e-01 
 1068.000  4.836245e-01 
 1069.000  4.830594e-01 
 1070.000  4.836293e-01 
 1071.000  4.826630e-01 
 1072.000  4.815982e-01 
 1073.000  4.815539e-01 
 1074.000  4.819341e-01 
 1075.000  4.839765e-01 
 1076.000  4.829856e-01 
 1077.000  4.815848e-01 
 1078.000  4.798977e-01 
 1079.000  4.798046e-01 
 1080.000  4.750071e-01 
 1081.000  4.748395e-01 
 1082.000  4.771023e-01 
 1083.000  4.746044e-01 
 1084.000  4.718421e-01 
 1085.000  4.651259e-01 
 1086.000  4.667958e-01 
 1087.000  4.743481e-01 
 1088.000  4.747105e-01 
 1089.000  4.656736e-01 
 1090.000  4.640279e-01 
 1091.000  4.658163e-01 
 1092.000  4.613757e-01 
 1093.000  4.513511e-01 
 1094.000  4.470091e-01 
 1095.000  4.477527e-01 
 1096.000  4.484271e-01 
 1097.000  4.464666e-01 
 1098.000  4.220905e-01 
 1099.000  4.014056e-01 
 1100.000  4.028295e-01 
 1101.000  4.057063e-01 
 1102.000  4.043568e-01 
 1103.000  4.062648e-01 
 1104.000  4.028209e-01 
 1105.000  3.941637e-01 
 1106.000  3.854423e-01 
 1107.000  3.876215e-01 
 1108.000  3.892193e-01 
 1109.000  3.966864e-01 
 1110.000  3.957621e-01 
 1111.000  3.916191e-01 
 1112.000  3.733307e-01 
 1113.000  3.484239e-01 
 1114.000  3.416442e-01 
 1115.000  3.113488e-01 
 1116.000  2.927683e-01 
 1117.000  2.504382e-01 
 1118.000  2.124558e-01 
 1119.000  1.926382e-01 
 1120.000  1.685357e-01 
 1121.000  1.632493e-01 
 1122.000  1.390136e-01 
 1123.000  1.520266e-01 
 1124.000  1.609031e-01 
 1125.000  1.562170e-01 
 1126.000  1.543644e-01 
 1127.000  1.564622e-01 
 1128.000  1.605205e-01 
 1129.000  1.848630e-01 
 1130.000  2.432679e-01 
 1131.000  2.605605e-01 
 1132.000  2.369102e-01 
 1133.000  1.947192e-01 
 1134.000  1.219641e-01 
 1135.000  1.273058e-01 
 1136.000  2.008630e-01 
 1137.000  2.429767e-01 
 1138.000  2.848122e-01 
 1139.000  2.978502e-01 
 1140.000  2.898078e-01 
 1141.000  2.736057e-01 
 1142.000  2.678821e-01 
 1143.000  2.500641e-01 
 1144.000  2.302506e-01 
 1145.000  2.020176e-01 
 1146.000  2.086420e-01 
 1147.000  2.307763e-01 
 1148.000  2.506938e-01 
 1149.000  2.588459e-01 
 1150.000  2.593643e-01 
