  320.000  1.824769e-01 
  321.000  2.246088e-01 
  322.000  2.080431e-01 
  323.000  2.290423e-01 
  324.000  2.501527e-01 
  325.000  2.344191e-01 
  326.000  2.602600e-01 
  327.000  2.674874e-01 
  328.000  2.518866e-01 
  329.000  2.818604e-01 
  330.000  2.866215e-01 
  331.000  2.772034e-01 
  332.000  2.953981e-01 
  333.000  3.007107e-01 
  334.000  2.963485e-01 
  335.000  3.097166e-01 
  336.000  3.151365e-01 
  337.000  3.128520e-01 
  338.000  3.192054e-01 
  339.000  3.257671e-01 
  340.000  3.246885e-01 
  341.000  3.310634e-01 
  342.000  3.357280e-01 
  343.000  3.380717e-01 
  344.000  3.385506e-01 
  345.000  3.448776e-01 
  346.000  3.488742e-01 
  347.000  3.521336e-01 
  348.000  3.551871e-01 
  349.000  3.586178e-01 
  350.000  3.615507e-01 
  351.000  3.644721e-01 
  352.000  3.668690e-01 
  353.000  3.702778e-01 
  354.000  3.731799e-01 
  355.000  3.758808e-01 
  356.000  3.785127e-01 
  357.000  3.808552e-01 
  358.000  3.833757e-01 
  359.000  3.858938e-01 
  360.000  3.884727e-01 
  361.000  3.917307e-01 
  362.000  3.951231e-01 
  363.000  3.982475e-01 
  364.000  4.011229e-01 
  365.000  4.038199e-01 
  366.000  4.065776e-01 
  367.000  4.092031e-01 
  368.000  4.118047e-01 
  369.000  4.143837e-01 
  370.000  4.169359e-01 
  371.000  4.194680e-01 
  372.000  4.219791e-01 
  373.000  4.244687e-01 
  374.000  4.269181e-01 
  375.000  4.293200e-01 
  376.000  4.316401e-01 
  377.000  4.338329e-01 
  378.000  4.358694e-01 
  379.000  4.379385e-01 
  380.000  4.402139e-01 
  381.000  4.428039e-01 
  382.000  4.454875e-01 
  383.000  4.480249e-01 
  384.000  4.504315e-01 
  385.000  4.527501e-01 
  386.000  4.550088e-01 
  387.000  4.572307e-01 
  388.000  4.594239e-01 
  389.000  4.615986e-01 
  390.000  4.637554e-01 
  391.000  4.658897e-01 
  392.000  4.680077e-01 
  393.000  4.701079e-01 
  394.000  4.721880e-01 
  395.000  4.742466e-01 
  396.000  4.762914e-01 
  397.000  4.783120e-01 
  398.000  4.803136e-01 
  399.000  4.822978e-01 
  400.000  4.842542e-01 
  401.000  4.862026e-01 
  402.000  4.881350e-01 
  403.000  4.900503e-01 
  404.000  4.919483e-01 
  405.000  4.938250e-01 
  406.000  4.956889e-01 
  407.000  4.975378e-01 
  408.000  4.993701e-01 
  409.000  5.011840e-01 
  410.000  5.029804e-01 
  411.000  5.047586e-01 
  412.000  5.065174e-01 
  413.000  5.082658e-01 
  414.000  5.098884e-01 
  415.000  5.116433e-01 
  416.000  5.133757e-01 
  417.000  5.150788e-01 
  418.000  5.167426e-01 
  419.000  5.183876e-01 
  420.000  5.200174e-01 
  421.000  5.216373e-01 
  422.000  5.232468e-01 
  423.000  5.248441e-01 
  424.000  5.264222e-01 
  425.000  5.279639e-01 
  426.000  5.294903e-01 
  427.000  5.310030e-01 
  428.000  5.324886e-01 
  429.000  5.339531e-01 
  430.000  5.354005e-01 
  431.000  5.368367e-01 
  432.000  5.382578e-01 
  433.000  5.396652e-01 
  434.000  5.410604e-01 
  435.000  5.424419e-01 
  436.000  5.438077e-01 
  437.000  5.451584e-01 
  438.000  5.464936e-01 
  439.000  5.478183e-01 
  440.000  5.491214e-01 
  441.000  5.504079e-01 
  442.000  5.516738e-01 
  443.000  5.529205e-01 
  444.000  5.541474e-01 
  445.000  5.553477e-01 
  446.000  5.565146e-01 
  447.000  5.577382e-01 
  448.000  5.590499e-01 
  449.000  5.603775e-01 
  450.000  5.616792e-01 
  451.000  5.629300e-01 
  452.000  5.641368e-01 
  453.000  5.653188e-01 
  454.000  5.664793e-01 
  455.000  5.675722e-01 
  456.000  5.685768e-01 
  457.000  5.695816e-01 
  458.000  5.705728e-01 
  459.000  5.715428e-01 
  460.000  5.725050e-01 
  461.000  5.734569e-01 
  462.000  5.743906e-01 
  463.000  5.753202e-01 
  464.000  5.765303e-01 
  465.000  5.777220e-01 
  466.000  5.788925e-01 
  467.000  5.800359e-01 
  468.000  5.809671e-01 
  469.000  5.817690e-01 
  470.000  5.825064e-01 
  471.000  5.831701e-01 
  472.000  5.837337e-01 
  473.000  5.841286e-01 
  474.000  5.844530e-01 
  475.000  5.845363e-01 
  476.000  5.843757e-01 
  477.000  5.843725e-01 
  478.000  5.853108e-01 
  479.000  5.867389e-01 
  480.000  5.882802e-01 
  481.000  5.896626e-01 
  482.000  5.909590e-01 
  483.000  5.920858e-01 
  484.000  5.930542e-01 
  485.000  5.939201e-01 
  486.000  5.948434e-01 
  487.000  5.958153e-01 
  488.000  5.967559e-01 
  489.000  5.976791e-01 
  490.000  5.985913e-01 
  491.000  5.993055e-01 
  492.000  5.999583e-01 
  493.000  6.006079e-01 
  494.000  6.012390e-01 
  495.000  6.018700e-01 
  496.000  6.021951e-01 
  497.000  6.025079e-01 
  498.000  6.028161e-01 
  499.000  6.031077e-01 
  500.000  6.033947e-01 
  501.000  6.036497e-01 
  502.000  6.039048e-01 
  503.000  6.041567e-01 
  504.000  6.043970e-01 
  505.000  6.046242e-01 
  506.000  6.052895e-01 
  507.000  6.059740e-01 
  508.000  6.066574e-01 
  509.000  6.073330e-01 
  510.000  6.079941e-01 
  511.000  6.085867e-01 
  512.000  6.091589e-01 
  513.000  6.097279e-01 
  514.000  6.102896e-01 
  515.000  6.108464e-01 
  516.000  6.112442e-01 
  517.000  6.114991e-01 
  518.000  6.117471e-01 
  519.000  6.119903e-01 
  520.000  6.122313e-01 
  521.000  6.124470e-01 
  522.000  6.126027e-01 
  523.000  6.127149e-01 
  524.000  6.128308e-01 
  525.000  6.129222e-01 
  526.000  6.130504e-01 
  527.000  6.130710e-01 
  528.000  6.130481e-01 
  529.000  6.130239e-01 
  530.000  6.130051e-01 
  531.000  6.129897e-01 
  532.000  6.130243e-01 
  533.000  6.133369e-01 
  534.000  6.137317e-01 
  535.000  6.141772e-01 
  536.000  6.146079e-01 
  537.000  6.150018e-01 
  538.000  6.153540e-01 
  539.000  6.156804e-01 
  540.000  6.159865e-01 
  541.000  6.162837e-01 
  542.000  6.165679e-01 
  543.000  6.168420e-01 
  544.000  6.170492e-01 
  545.000  6.172019e-01 
  546.000  6.173476e-01 
  547.000  6.174973e-01 
  548.000  6.176396e-01 
  549.000  6.177796e-01 
  550.000  6.178475e-01 
  551.000  6.178439e-01 
  552.000  6.178431e-01 
  553.000  6.178275e-01 
  554.000  6.178052e-01 
  555.000  6.177788e-01 
  556.000  6.177255e-01 
  557.000  6.176252e-01 
  558.000  6.175169e-01 
  559.000  6.173959e-01 
  560.000  6.172443e-01 
  561.000  6.170646e-01 
  562.000  6.166769e-01 
  563.000  6.164547e-01 
  564.000  6.161600e-01 
  565.000  6.157066e-01 
  566.000  6.154153e-01 
  567.000  6.144184e-01 
  568.000  6.113856e-01 
  569.000  6.050730e-01 
  570.000  6.059409e-01 
  571.000  6.102530e-01 
  572.000  6.058784e-01 
  573.000  6.069055e-01 
  574.000  6.071138e-01 
  575.000  6.067908e-01 
  576.000  6.069744e-01 
  577.000  6.084639e-01 
  578.000  6.105442e-01 
  579.000  6.123183e-01 
  580.000  6.139297e-01 
  581.000  6.162528e-01 
  582.000  6.178290e-01 
  583.000  6.188017e-01 
  584.000  6.196935e-01 
  585.000  6.203492e-01 
  586.000  6.209964e-01 
  587.000  6.194777e-01 
  588.000  6.109523e-01 
  589.000  5.974293e-01 
  590.000  5.967664e-01 
  591.000  6.063222e-01 
  592.000  6.015190e-01 
  593.000  6.123882e-01 
  594.000  6.101922e-01 
  595.000  6.028322e-01 
  596.000  6.133215e-01 
  597.000  6.107181e-01 
  598.000  6.148446e-01 
  599.000  6.163793e-01 
  600.000  6.200858e-01 
  601.000  6.224471e-01 
  602.000  6.230648e-01 
  603.000  6.242063e-01 
  604.000  6.255175e-01 
  605.000  6.264573e-01 
  606.000  6.271250e-01 
  607.000  6.277695e-01 
  608.000  6.283773e-01 
  609.000  6.289579e-01 
  610.000  6.295577e-01 
  611.000  6.302238e-01 
  612.000  6.308762e-01 
  613.000  6.315082e-01 
  614.000  6.321215e-01 
  615.000  6.327332e-01 
  616.000  6.333224e-01 
  617.000  6.338789e-01 
  618.000  6.343455e-01 
  619.000  6.347401e-01 
  620.000  6.351055e-01 
  621.000  6.354194e-01 
  622.000  6.356817e-01 
  623.000  6.358572e-01 
  624.000  6.360438e-01 
  625.000  6.361991e-01 
  626.000  6.358774e-01 
  627.000  6.323187e-01 
  628.000  6.120319e-01 
  629.000  6.241671e-01 
  630.000  6.273584e-01 
  631.000  6.313073e-01 
  632.000  6.304827e-01 
  633.000  6.357999e-01 
  634.000  6.382817e-01 
  635.000  6.393684e-01 
  636.000  6.410719e-01 
  637.000  6.424522e-01 
  638.000  6.450921e-01 
  639.000  6.460689e-01 
  640.000  6.477998e-01 
  641.000  6.486424e-01 
  642.000  6.499469e-01 
  643.000  6.493121e-01 
  644.000  6.499644e-01 
  645.000  6.487426e-01 
  646.000  6.415015e-01 
  647.000  6.365992e-01 
  648.000  6.310637e-01 
  649.000  6.367218e-01 
  650.000  6.472273e-01 
  651.000  6.476083e-01 
  652.000  6.390737e-01 
  653.000  6.497177e-01 
  654.000  6.489738e-01 
  655.000  6.456176e-01 
  656.000  6.473100e-01 
  657.000  6.497132e-01 
  658.000  6.536050e-01 
  659.000  6.560349e-01 
  660.000  6.573119e-01 
  661.000  6.602316e-01 
  662.000  6.617833e-01 
  663.000  6.619190e-01 
  664.000  6.627713e-01 
  665.000  6.635010e-01 
  666.000  6.643871e-01 
  667.000  6.651630e-01 
  668.000  6.660498e-01 
  669.000  6.666832e-01 
  670.000  6.672434e-01 
  671.000  6.678337e-01 
  672.000  6.683606e-01 
  673.000  6.688777e-01 
  674.000  6.693900e-01 
  675.000  6.699033e-01 
  676.000  6.703844e-01 
  677.000  6.708270e-01 
  678.000  6.712710e-01 
  679.000  6.716315e-01 
  680.000  6.716310e-01 
  681.000  6.715298e-01 
  682.000  6.718082e-01 
  683.000  6.718869e-01 
  684.000  6.714611e-01 
  685.000  6.723689e-01 
  686.000  6.696674e-01 
  687.000  5.772570e-01 
  688.000  6.062598e-01 
  689.000  5.979179e-01 
  690.000  6.130655e-01 
  691.000  6.327189e-01 
  692.000  6.442828e-01 
  693.000  6.384991e-01 
  694.000  6.303189e-01 
  695.000  6.388391e-01 
  696.000  6.438009e-01 
  697.000  6.646841e-01 
  698.000  6.604432e-01 
  699.000  6.418042e-01 
  700.000  6.449512e-01 
  701.000  6.408337e-01 
  702.000  6.439471e-01 
  703.000  6.596525e-01 
  704.000  6.603833e-01 
  705.000  6.539748e-01 
  706.000  6.552840e-01 
  707.000  6.576446e-01 
  708.000  6.601934e-01 
  709.000  6.653596e-01 
  710.000  6.599559e-01 
  711.000  6.655663e-01 
  712.000  6.703523e-01 
  713.000  6.665873e-01 
  714.000  6.653439e-01 
  715.000  6.591869e-01 
  716.000  6.527807e-01 
  717.000  6.122085e-01 
  718.000  5.873983e-01 
  719.000  5.785065e-01 
  720.000  5.651131e-01 
  721.000  6.241312e-01 
  722.000  6.452910e-01 
  723.000  6.333699e-01 
  724.000  5.995715e-01 
  725.000  6.045781e-01 
  726.000  6.030120e-01 
  727.000  6.078085e-01 
  728.000  6.026108e-01 
  729.000  6.155646e-01 
  730.000  6.133324e-01 
  731.000  6.106340e-01 
  732.000  6.325299e-01 
  733.000  6.535857e-01 
  734.000  6.637557e-01 
  735.000  6.601837e-01 
  736.000  6.535154e-01 
  737.000  6.585625e-01 
  738.000  6.655007e-01 
  739.000  6.684953e-01 
  740.000  6.751305e-01 
  741.000  6.789701e-01 
  742.000  6.805885e-01 
  743.000  6.841367e-01 
  744.000  6.856496e-01 
  745.000  6.868895e-01 
  746.000  6.878678e-01 
  747.000  6.881278e-01 
  748.000  6.890082e-01 
  749.000  6.894866e-01 
  750.000  6.892191e-01 
  751.000  6.894031e-01 
  752.000  6.902530e-01 
  753.000  6.906046e-01 
  754.000  6.908829e-01 
  755.000  6.910658e-01 
  756.000  6.912574e-01 
  757.000  6.913900e-01 
  758.000  6.901850e-01 
  759.000  6.404436e-01 
  760.000  2.795419e-01 
  761.000  2.466548e-01 
  762.000  4.518997e-01 
  763.000  3.871417e-01 
  764.000  4.191162e-01 
  765.000  4.923584e-01 
  766.000  5.817766e-01 
  767.000  6.272877e-01 
  768.000  6.571847e-01 
  769.000  6.769742e-01 
  770.000  6.875388e-01 
  771.000  6.925981e-01 
  772.000  6.938500e-01 
  773.000  6.944135e-01 
  774.000  6.951163e-01 
  775.000  6.955382e-01 
  776.000  6.958423e-01 
  777.000  6.959274e-01 
  778.000  6.959099e-01 
  779.000  6.958820e-01 
  780.000  6.958515e-01 
  781.000  6.962218e-01 
  782.000  6.961799e-01 
  783.000  6.961503e-01 
  784.000  6.958582e-01 
  785.000  6.944021e-01 
  786.000  6.922388e-01 
  787.000  6.872219e-01 
  788.000  6.845894e-01 
  789.000  6.751882e-01 
  790.000  6.743848e-01 
  791.000  6.761645e-01 
  792.000  6.778112e-01 
  793.000  6.816447e-01 
  794.000  6.897764e-01 
  795.000  6.848120e-01 
  796.000  6.716083e-01 
  797.000  6.753848e-01 
  798.000  6.837348e-01 
  799.000  6.818332e-01 
  800.000  6.757623e-01 
  801.000  6.764890e-01 
  802.000  6.758790e-01 
  803.000  6.767710e-01 
  804.000  6.796308e-01 
  805.000  6.851085e-01 
  806.000  6.883818e-01 
  807.000  6.885302e-01 
  808.000  6.866786e-01 
  809.000  6.844024e-01 
  810.000  6.819078e-01 
  811.000  6.767917e-01 
  812.000  6.699111e-01 
  813.000  6.614954e-01 
  814.000  6.504147e-01 
  815.000  6.366619e-01 
  816.000  6.191081e-01 
  817.000  6.200700e-01 
  818.000  6.214963e-01 
  819.000  6.272844e-01 
  820.000  6.466542e-01 
  821.000  6.688563e-01 
  822.000  6.519634e-01 
  823.000  6.051801e-01 
  824.000  6.445789e-01 
  825.000  6.701108e-01 
  826.000  6.657613e-01 
  827.000  6.625313e-01 
  828.000  6.457308e-01 
  829.000  6.517735e-01 
  830.000  6.585583e-01 
  831.000  6.601584e-01 
  832.000  6.608728e-01 
  833.000  6.647958e-01 
  834.000  6.694191e-01 
  835.000  6.785959e-01 
  836.000  6.756502e-01 
  837.000  6.753443e-01 
  838.000  6.798139e-01 
  839.000  6.825298e-01 
  840.000  6.835177e-01 
  841.000  6.805781e-01 
  842.000  6.832219e-01 
  843.000  6.895033e-01 
  844.000  6.923564e-01 
  845.000  6.936875e-01 
  846.000  6.950875e-01 
  847.000  6.966313e-01 
  848.000  6.940889e-01 
  849.000  6.944164e-01 
  850.000  6.931610e-01 
  851.000  6.916651e-01 
  852.000  6.918164e-01 
  853.000  6.942937e-01 
  854.000  6.941623e-01 
  855.000  6.954091e-01 
  856.000  6.979159e-01 
  857.000  6.989965e-01 
  858.000  6.995411e-01 
  859.000  7.008241e-01 
  860.000  7.014317e-01 
  861.000  7.015399e-01 
  862.000  7.019095e-01 
  863.000  7.019622e-01 
  864.000  7.022174e-01 
  865.000  7.024270e-01 
  866.000  7.024865e-01 
  867.000  7.024541e-01 
  868.000  7.024913e-01 
  869.000  7.025644e-01 
  870.000  7.025192e-01 
  871.000  7.025885e-01 
  872.000  7.027511e-01 
  873.000  7.025984e-01 
  874.000  7.025178e-01 
  875.000  7.025025e-01 
  876.000  7.022325e-01 
  877.000  7.020976e-01 
  878.000  7.013472e-01 
  879.000  7.012982e-01 
  880.000  7.006233e-01 
  881.000  7.002296e-01 
  882.000  6.998515e-01 
  883.000  7.002331e-01 
  884.000  7.003880e-01 
  885.000  6.989914e-01 
  886.000  6.971433e-01 
  887.000  6.985422e-01 
  888.000  6.984531e-01 
  889.000  6.989292e-01 
  890.000  6.978865e-01 
  891.000  6.955217e-01 
  892.000  6.905373e-01 
  893.000  6.754265e-01 
  894.000  6.678985e-01 
  895.000  6.450561e-01 
  896.000  6.246395e-01 
  897.000  6.031956e-01 
  898.000  5.931983e-01 
  899.000  5.652300e-01 
  900.000  5.692234e-01 
  901.000  5.619881e-01 
  902.000  5.633633e-01 
  903.000  6.104147e-01 
  904.000  6.394015e-01 
  905.000  6.383756e-01 
  906.000  6.202462e-01 
  907.000  5.883751e-01 
  908.000  5.674976e-01 
  909.000  5.683615e-01 
  910.000  5.714901e-01 
  911.000  5.853375e-01 
  912.000  5.786313e-01 
  913.000  5.496263e-01 
  914.000  5.639469e-01 
  915.000  5.752835e-01 
  916.000  5.783767e-01 
  917.000  5.845693e-01 
  918.000  5.925791e-01 
  919.000  6.198781e-01 
  920.000  6.406391e-01 
  921.000  6.360865e-01 
  922.000  6.357027e-01 
  923.000  6.299130e-01 
  924.000  6.160256e-01 
  925.000  6.148216e-01 
  926.000  6.143472e-01 
  927.000  5.980825e-01 
  928.000  5.731988e-01 
  929.000  5.375723e-01 
  930.000  4.928110e-01 
  931.000  4.435516e-01 
  932.000  3.800094e-01 
  933.000  3.339792e-01 
  934.000  2.878551e-01 
  935.000  2.829064e-01 
  936.000  3.008237e-01 
  937.000  2.963469e-01 
  938.000  3.481297e-01 
  939.000  4.868233e-01 
  940.000  5.080563e-01 
  941.000  4.899045e-01 
  942.000  4.456005e-01 
  943.000  3.731789e-01 
  944.000  3.681163e-01 
  945.000  3.938209e-01 
  946.000  3.953491e-01 
  947.000  4.187243e-01 
  948.000  4.324968e-01 
  949.000  4.308036e-01 
  950.000  4.343657e-01 
  951.000  4.653242e-01 
  952.000  4.324453e-01 
  953.000  4.556752e-01 
  954.000  4.807796e-01 
  955.000  4.606535e-01 
  956.000  4.563339e-01 
  957.000  5.199712e-01 
  958.000  5.283914e-01 
  959.000  5.178381e-01 
  960.000  5.148262e-01 
  961.000  5.095593e-01 
  962.000  5.144733e-01 
  963.000  5.497638e-01 
  964.000  5.548969e-01 
  965.000  5.515728e-01 
  966.000  5.535536e-01 
  967.000  5.789406e-01 
  968.000  6.215848e-01 
  969.000  6.409706e-01 
  970.000  6.420364e-01 
  971.000  6.415799e-01 
  972.000  6.360700e-01 
  973.000  6.233752e-01 
  974.000  6.079620e-01 
  975.000  5.980825e-01 
  976.000  6.101655e-01 
  977.000  6.301889e-01 
  978.000  6.285826e-01 
  979.000  6.338053e-01 
  980.000  6.543208e-01 
  981.000  6.588877e-01 
  982.000  6.543353e-01 
  983.000  6.648993e-01 
  984.000  6.757863e-01 
  985.000  6.819804e-01 
  986.000  6.899788e-01 
  987.000  6.934490e-01 
  988.000  6.942451e-01 
  989.000  6.947533e-01 
  990.000  6.955972e-01 
  991.000  6.985736e-01 
  992.000  6.994170e-01 
  993.000  6.997304e-01 
  994.000  7.023004e-01 
  995.000  7.041336e-01 
  996.000  7.041146e-01 
  997.000  7.029626e-01 
  998.000  7.017020e-01 
  999.000  7.012007e-01 
 1000.000  7.016063e-01 
 1001.000  6.987524e-01 
 1002.000  6.941897e-01 
 1003.000  6.952704e-01 
 1004.000  6.978915e-01 
 1005.000  6.990881e-01 
 1006.000  6.994691e-01 
 1007.000  6.985955e-01 
 1008.000  6.948760e-01 
 1009.000  6.899062e-01 
 1010.000  6.921172e-01 
 1011.000  6.973944e-01 
 1012.000  6.994041e-01 
 1013.000  7.009839e-01 
 1014.000  7.016439e-01 
 1015.000  7.017677e-01 
 1016.000  7.024807e-01 
 1017.000  7.027807e-01 
 1018.000  7.019966e-01 
 1019.000  7.001601e-01 
 1020.000  7.008027e-01 
 1021.000  7.021245e-01 
 1022.000  6.998996e-01 
 1023.000  6.980376e-01 
 1024.000  6.969218e-01 
 1025.000  7.003291e-01 
 1026.000  7.018315e-01 
 1027.000  7.011884e-01 
 1028.000  7.017104e-01 
 1029.000  7.031080e-01 
 1030.000  7.044733e-01 
 1031.000  7.051719e-01 
 1032.000  7.057146e-01 
 1033.000  7.058679e-01 
 1034.000  7.061585e-01 
 1035.000  7.063318e-01 
 1036.000  7.062179e-01 
 1037.000  7.062356e-01 
 1038.000  7.063400e-01 
 1039.000  7.061304e-01 
 1040.000  7.059458e-01 
 1041.000  7.057993e-01 
 1042.000  7.057549e-01 
 1043.000  7.057436e-01 
 1044.000  7.056094e-01 
 1045.000  7.052079e-01 
 1046.000  7.049349e-01 
 1047.000  7.046083e-01 
 1048.000  7.041807e-01 
 1049.000  7.037578e-01 
 1050.000  7.033397e-01 
 1051.000  7.027413e-01 
 1052.000  7.023346e-01 
 1053.000  7.022729e-01 
 1054.000  7.016614e-01 
 1055.000  7.010375e-01 
 1056.000  7.005093e-01 
 1057.000  6.992218e-01 
 1058.000  6.969509e-01 
 1059.000  6.970546e-01 
 1060.000  6.981230e-01 
 1061.000  6.978148e-01 
 1062.000  6.963824e-01 
 1063.000  6.957912e-01 
 1064.000  6.945211e-01 
 1065.000  6.930494e-01 
 1066.000  6.931569e-01 
 1067.000  6.924610e-01 
 1068.000  6.896306e-01 
 1069.000  6.883492e-01 
 1070.000  6.888575e-01 
 1071.000  6.870987e-01 
 1072.000  6.852723e-01 
 1073.000  6.849594e-01 
 1074.000  6.852801e-01 
 1075.000  6.880926e-01 
 1076.000  6.863974e-01 
 1077.000  6.841075e-01 
 1078.000  6.814049e-01 
 1079.000  6.810808e-01 
 1080.000  6.737931e-01 
 1081.000  6.734019e-01 
 1082.000  6.766396e-01 
 1083.000  6.727849e-01 
 1084.000  6.685631e-01 
 1085.000  6.584814e-01 
 1086.000  6.608559e-01 
 1087.000  6.719784e-01 
 1088.000  6.724285e-01 
 1089.000  6.589262e-01 
 1090.000  6.563975e-01 
 1091.000  6.589711e-01 
 1092.000  6.522868e-01 
 1093.000  6.373716e-01 
 1094.000  6.308897e-01 
 1095.000  6.319373e-01 
 1096.000  6.328826e-01 
 1097.000  6.299030e-01 
 1098.000  5.938252e-01 
 1099.000  5.632744e-01 
 1100.000  5.653262e-01 
 1101.000  5.695220e-01 
 1102.000  5.674627e-01 
 1103.000  5.702346e-01 
 1104.000  5.651342e-01 
 1105.000  5.523447e-01 
 1106.000  5.395079e-01 
 1107.000  5.426368e-01 
 1108.000  5.448940e-01 
 1109.000  5.557674e-01 
 1110.000  5.542812e-01 
 1111.000  5.481163e-01 
 1112.000  5.212022e-01 
 1113.000  4.846177e-01 
 1114.000  4.744935e-01 
 1115.000  4.301822e-01 
 1116.000  4.031361e-01 
 1117.000  3.421036e-01 
 1118.000  2.876360e-01 
 1119.000  2.593038e-01 
 1120.000  2.251817e-01 
 1121.000  2.176986e-01 
 1122.000  1.838581e-01 
 1123.000  2.018451e-01 
 1124.000  2.141579e-01 
 1125.000  2.075966e-01 
 1126.000  2.050298e-01 
 1127.000  2.080002e-01 
 1128.000  2.137602e-01 
 1129.000  2.479563e-01 
 1130.000  3.306794e-01 
 1131.000  3.553712e-01 
 1132.000  3.215647e-01 
 1133.000  2.618496e-01 
 1134.000  1.603709e-01 
 1135.000  1.677643e-01 
 1136.000  2.706653e-01 
 1137.000  3.305040e-01 
 1138.000  3.905955e-01 
 1139.000  4.096611e-01 
 1140.000  3.980660e-01 
 1141.000  3.748666e-01 
 1142.000  3.666322e-01 
 1143.000  3.410654e-01 
 1144.000  3.127785e-01 
 1145.000  2.726743e-01 
 1146.000  2.820787e-01 
 1147.000  3.135732e-01 
 1148.000  3.420454e-01 
 1149.000  3.537907e-01 
 1150.000  3.546872e-01 
