  320.000  1.335075e-01 
  321.000  1.690319e-01 
  322.000  1.549458e-01 
  323.000  1.728262e-01 
  324.000  1.910274e-01 
  325.000  1.774413e-01 
  326.000  1.998170e-01 
  327.000  2.061308e-01 
  328.000  1.925319e-01 
  329.000  2.187552e-01 
  330.000  2.229567e-01 
  331.000  2.146549e-01 
  332.000  2.307263e-01 
  333.000  2.354447e-01 
  334.000  2.315695e-01 
  335.000  2.434690e-01 
  336.000  2.483135e-01 
  337.000  2.462701e-01 
  338.000  2.519580e-01 
  339.000  2.578484e-01 
  340.000  2.568790e-01 
  341.000  2.626146e-01 
  342.000  2.668210e-01 
  343.000  2.689374e-01 
  344.000  2.693701e-01 
  345.000  2.750946e-01 
  346.000  2.787181e-01 
  347.000  2.816772e-01 
  348.000  2.844530e-01 
  349.000  2.875753e-01 
  350.000  2.902478e-01 
  351.000  2.929129e-01 
  352.000  2.951016e-01 
  353.000  2.982176e-01 
  354.000  3.008736e-01 
  355.000  3.033479e-01 
  356.000  3.057613e-01 
  357.000  3.079113e-01 
  358.000  3.102266e-01 
  359.000  3.125419e-01 
  360.000  3.149151e-01 
  361.000  3.179163e-01 
  362.000  3.210450e-01 
  363.000  3.239297e-01 
  364.000  3.265872e-01 
  365.000  3.290822e-01 
  366.000  3.316356e-01 
  367.000  3.340689e-01 
  368.000  3.364821e-01 
  369.000  3.388764e-01 
  370.000  3.412478e-01 
  371.000  3.436025e-01 
  372.000  3.459395e-01 
  373.000  3.482584e-01 
  374.000  3.505417e-01 
  375.000  3.527824e-01 
  376.000  3.549484e-01 
  377.000  3.569970e-01 
  378.000  3.589008e-01 
  379.000  3.608364e-01 
  380.000  3.629664e-01 
  381.000  3.653927e-01 
  382.000  3.679087e-01 
  383.000  3.702895e-01 
  384.000  3.725494e-01 
  385.000  3.747281e-01 
  386.000  3.768520e-01 
  387.000  3.789426e-01 
  388.000  3.810077e-01 
  389.000  3.830566e-01 
  390.000  3.850900e-01 
  391.000  3.871034e-01 
  392.000  3.891027e-01 
  393.000  3.910863e-01 
  394.000  3.930523e-01 
  395.000  3.949990e-01 
  396.000  3.969338e-01 
  397.000  3.988468e-01 
  398.000  4.007429e-01 
  399.000  4.026237e-01 
  400.000  4.044790e-01 
  401.000  4.063278e-01 
  402.000  4.081624e-01 
  403.000  4.099817e-01 
  404.000  4.117855e-01 
  405.000  4.135701e-01 
  406.000  4.153434e-01 
  407.000  4.171033e-01 
  408.000  4.188483e-01 
  409.000  4.205767e-01 
  410.000  4.222891e-01 
  411.000  4.239851e-01 
  412.000  4.256633e-01 
  413.000  4.273324e-01 
  414.000  4.288820e-01 
  415.000  4.305589e-01 
  416.000  4.322150e-01 
  417.000  4.338439e-01 
  418.000  4.354357e-01 
  419.000  4.370103e-01 
  420.000  4.385712e-01 
  421.000  4.401231e-01 
  422.000  4.416656e-01 
  423.000  4.431972e-01 
  424.000  4.447110e-01 
  425.000  4.461904e-01 
  426.000  4.476558e-01 
  427.000  4.491085e-01 
  428.000  4.505358e-01 
  429.000  4.519434e-01 
  430.000  4.533349e-01 
  431.000  4.547163e-01 
  432.000  4.560836e-01 
  433.000  4.574382e-01 
  434.000  4.587817e-01 
  435.000  4.601122e-01 
  436.000  4.614282e-01 
  437.000  4.627301e-01 
  438.000  4.640173e-01 
  439.000  4.652950e-01 
  440.000  4.665523e-01 
  441.000  4.677938e-01 
  442.000  4.690159e-01 
  443.000  4.702199e-01 
  444.000  4.714050e-01 
  445.000  4.725648e-01 
  446.000  4.736927e-01 
  447.000  4.748757e-01 
  448.000  4.761443e-01 
  449.000  4.774287e-01 
  450.000  4.786885e-01 
  451.000  4.798993e-01 
  452.000  4.810679e-01 
  453.000  4.822128e-01 
  454.000  4.833371e-01 
  455.000  4.843964e-01 
  456.000  4.853702e-01 
  457.000  4.863445e-01 
  458.000  4.873058e-01 
  459.000  4.882468e-01 
  460.000  4.891804e-01 
  461.000  4.901043e-01 
  462.000  4.910107e-01 
  463.000  4.919133e-01 
  464.000  4.930885e-01 
  465.000  4.942462e-01 
  466.000  4.953837e-01 
  467.000  4.964950e-01 
  468.000  4.974004e-01 
  469.000  4.981802e-01 
  470.000  4.988974e-01 
  471.000  4.995430e-01 
  472.000  5.000914e-01 
  473.000  5.004756e-01 
  474.000  5.007913e-01 
  475.000  5.008724e-01 
  476.000  5.007161e-01 
  477.000  5.007129e-01 
  478.000  5.016261e-01 
  479.000  5.030165e-01 
  480.000  5.045174e-01 
  481.000  5.058641e-01 
  482.000  5.071273e-01 
  483.000  5.082257e-01 
  484.000  5.091698e-01 
  485.000  5.100142e-01 
  486.000  5.109148e-01 
  487.000  5.118630e-01 
  488.000  5.127808e-01 
  489.000  5.136818e-01 
  490.000  5.145723e-01 
  491.000  5.152696e-01 
  492.000  5.159072e-01 
  493.000  5.165415e-01 
  494.000  5.171580e-01 
  495.000  5.177745e-01 
  496.000  5.180922e-01 
  497.000  5.183978e-01 
  498.000  5.186990e-01 
  499.000  5.189840e-01 
  500.000  5.192644e-01 
  501.000  5.195137e-01 
  502.000  5.197631e-01 
  503.000  5.200093e-01 
  504.000  5.202442e-01 
  505.000  5.204662e-01 
  506.000  5.211167e-01 
  507.000  5.217861e-01 
  508.000  5.224545e-01 
  509.000  5.231153e-01 
  510.000  5.237620e-01 
  511.000  5.243418e-01 
  512.000  5.249019e-01 
  513.000  5.254586e-01 
  514.000  5.260085e-01 
  515.000  5.265536e-01 
  516.000  5.269430e-01 
  517.000  5.271927e-01 
  518.000  5.274354e-01 
  519.000  5.276736e-01 
  520.000  5.279095e-01 
  521.000  5.281208e-01 
  522.000  5.282732e-01 
  523.000  5.283831e-01 
  524.000  5.284967e-01 
  525.000  5.285861e-01 
  526.000  5.287117e-01 
  527.000  5.287319e-01 
  528.000  5.287095e-01 
  529.000  5.286858e-01 
  530.000  5.286674e-01 
  531.000  5.286523e-01 
  532.000  5.286862e-01 
  533.000  5.289924e-01 
  534.000  5.293791e-01 
  535.000  5.298156e-01 
  536.000  5.302375e-01 
  537.000  5.306235e-01 
  538.000  5.309687e-01 
  539.000  5.312885e-01 
  540.000  5.315886e-01 
  541.000  5.318798e-01 
  542.000  5.321584e-01 
  543.000  5.324271e-01 
  544.000  5.326302e-01 
  545.000  5.327799e-01 
  546.000  5.329227e-01 
  547.000  5.330696e-01 
  548.000  5.332090e-01 
  549.000  5.333463e-01 
  550.000  5.334129e-01 
  551.000  5.334094e-01 
  552.000  5.334086e-01 
  553.000  5.333933e-01 
  554.000  5.333714e-01 
  555.000  5.333456e-01 
  556.000  5.332932e-01 
  557.000  5.331950e-01 
  558.000  5.330887e-01 
  559.000  5.329701e-01 
  560.000  5.328218e-01 
  561.000  5.326461e-01 
  562.000  5.323336e-01 
  563.000  5.321215e-01 
  564.000  5.318495e-01 
  565.000  5.314533e-01 
  566.000  5.311368e-01 
  567.000  5.303506e-01 
  568.000  5.283248e-01 
  569.000  5.244392e-01 
  570.000  5.247732e-01 
  571.000  5.270794e-01 
  572.000  5.243145e-01 
  573.000  5.246059e-01 
  574.000  5.245788e-01 
  575.000  5.242870e-01 
  576.000  5.244556e-01 
  577.000  5.255008e-01 
  578.000  5.269623e-01 
  579.000  5.283995e-01 
  580.000  5.300322e-01 
  581.000  5.321588e-01 
  582.000  5.337148e-01 
  583.000  5.348206e-01 
  584.000  5.357755e-01 
  585.000  5.366023e-01 
  586.000  5.373391e-01 
  587.000  5.367248e-01 
  588.000  5.320218e-01 
  589.000  5.240802e-01 
  590.000  5.238354e-01 
  591.000  5.297472e-01 
  592.000  5.269821e-01 
  593.000  5.336512e-01 
  594.000  5.324509e-01 
  595.000  5.281264e-01 
  596.000  5.343631e-01 
  597.000  5.326622e-01 
  598.000  5.350035e-01 
  599.000  5.357845e-01 
  600.000  5.378600e-01 
  601.000  5.390737e-01 
  602.000  5.393018e-01 
  603.000  5.400441e-01 
  604.000  5.411265e-01 
  605.000  5.419317e-01 
  606.000  5.425564e-01 
  607.000  5.431612e-01 
  608.000  5.437532e-01 
  609.000  5.443205e-01 
  610.000  5.449097e-01 
  611.000  5.455645e-01 
  612.000  5.462059e-01 
  613.000  5.468273e-01 
  614.000  5.474305e-01 
  615.000  5.480321e-01 
  616.000  5.486118e-01 
  617.000  5.491593e-01 
  618.000  5.496184e-01 
  619.000  5.500067e-01 
  620.000  5.503663e-01 
  621.000  5.506753e-01 
  622.000  5.509335e-01 
  623.000  5.511063e-01 
  624.000  5.512904e-01 
  625.000  5.514445e-01 
  626.000  5.513042e-01 
  627.000  5.489123e-01 
  628.000  5.299386e-01 
  629.000  5.419809e-01 
  630.000  5.439564e-01 
  631.000  5.476571e-01 
  632.000  5.482818e-01 
  633.000  5.522001e-01 
  634.000  5.545134e-01 
  635.000  5.557585e-01 
  636.000  5.573352e-01 
  637.000  5.586848e-01 
  638.000  5.607443e-01 
  639.000  5.617614e-01 
  640.000  5.632839e-01 
  641.000  5.642219e-01 
  642.000  5.653624e-01 
  643.000  5.652819e-01 
  644.000  5.659527e-01 
  645.000  5.655038e-01 
  646.000  5.615137e-01 
  647.000  5.588132e-01 
  648.000  5.557052e-01 
  649.000  5.593935e-01 
  650.000  5.659844e-01 
  651.000  5.664269e-01 
  652.000  5.614607e-01 
  653.000  5.681218e-01 
  654.000  5.678774e-01 
  655.000  5.660509e-01 
  656.000  5.672815e-01 
  657.000  5.689244e-01 
  658.000  5.714756e-01 
  659.000  5.730266e-01 
  660.000  5.740181e-01 
  661.000  5.760242e-01 
  662.000  5.771425e-01 
  663.000  5.774447e-01 
  664.000  5.781718e-01 
  665.000  5.788114e-01 
  666.000  5.795773e-01 
  667.000  5.802526e-01 
  668.000  5.810014e-01 
  669.000  5.815898e-01 
  670.000  5.821314e-01 
  671.000  5.826913e-01 
  672.000  5.832106e-01 
  673.000  5.837230e-01 
  674.000  5.842317e-01 
  675.000  5.847405e-01 
  676.000  5.852211e-01 
  677.000  5.856625e-01 
  678.000  5.861041e-01 
  679.000  5.864909e-01 
  680.000  5.866421e-01 
  681.000  5.867046e-01 
  682.000  5.870056e-01 
  683.000  5.872378e-01 
  684.000  5.871311e-01 
  685.000  5.878665e-01 
  686.000  5.854638e-01 
  687.000  4.989613e-01 
  688.000  5.257825e-01 
  689.000  5.183396e-01 
  690.000  5.323423e-01 
  691.000  5.514845e-01 
  692.000  5.641882e-01 
  693.000  5.642318e-01 
  694.000  5.613943e-01 
  695.000  5.677565e-01 
  696.000  5.713578e-01 
  697.000  5.847319e-01 
  698.000  5.822560e-01 
  699.000  5.706909e-01 
  700.000  5.727940e-01 
  701.000  5.703076e-01 
  702.000  5.723739e-01 
  703.000  5.823366e-01 
  704.000  5.828950e-01 
  705.000  5.789647e-01 
  706.000  5.798691e-01 
  707.000  5.814330e-01 
  708.000  5.831123e-01 
  709.000  5.864285e-01 
  710.000  5.831331e-01 
  711.000  5.867291e-01 
  712.000  5.898049e-01 
  713.000  5.875455e-01 
  714.000  5.868663e-01 
  715.000  5.831355e-01 
  716.000  5.792792e-01 
  717.000  5.537176e-01 
  718.000  5.379164e-01 
  719.000  5.322884e-01 
  720.000  5.235865e-01 
  721.000  5.618036e-01 
  722.000  5.753051e-01 
  723.000  5.678461e-01 
  724.000  5.463156e-01 
  725.000  5.496480e-01 
  726.000  5.486867e-01 
  727.000  5.518232e-01 
  728.000  5.485188e-01 
  729.000  5.568874e-01 
  730.000  5.554798e-01 
  731.000  5.537665e-01 
  732.000  5.678120e-01 
  733.000  5.811662e-01 
  734.000  5.875910e-01 
  735.000  5.853946e-01 
  736.000  5.812393e-01 
  737.000  5.844566e-01 
  738.000  5.888554e-01 
  739.000  5.907709e-01 
  740.000  5.949594e-01 
  741.000  5.973955e-01 
  742.000  5.984449e-01 
  743.000  6.005670e-01 
  744.000  6.016072e-01 
  745.000  6.024238e-01 
  746.000  6.030834e-01 
  747.000  6.033128e-01 
  748.000  6.039725e-01 
  749.000  6.043501e-01 
  750.000  6.042400e-01 
  751.000  6.044246e-01 
  752.000  6.050441e-01 
  753.000  6.053377e-01 
  754.000  6.055832e-01 
  755.000  6.057661e-01 
  756.000  6.059543e-01 
  757.000  6.060863e-01 
  758.000  6.049171e-01 
  759.000  5.582736e-01 
  760.000  2.291623e-01 
  761.000  2.003387e-01 
  762.000  3.838942e-01 
  763.000  3.251383e-01 
  764.000  3.540765e-01 
  765.000  4.209508e-01 
  766.000  5.035991e-01 
  767.000  5.460426e-01 
  768.000  5.740547e-01 
  769.000  5.926525e-01 
  770.000  6.026776e-01 
  771.000  6.074023e-01 
  772.000  6.085891e-01 
  773.000  6.091262e-01 
  774.000  6.098304e-01 
  775.000  6.102480e-01 
  776.000  6.105422e-01 
  777.000  6.106542e-01 
  778.000  6.106843e-01 
  779.000  6.106992e-01 
  780.000  6.107095e-01 
  781.000  6.109860e-01 
  782.000  6.109886e-01 
  783.000  6.109992e-01 
  784.000  6.108361e-01 
  785.000  6.098993e-01 
  786.000  6.085093e-01 
  787.000  6.055176e-01 
  788.000  6.038883e-01 
  789.000  5.979569e-01 
  790.000  5.974813e-01 
  791.000  5.986453e-01 
  792.000  5.997204e-01 
  793.000  6.021815e-01 
  794.000  6.073613e-01 
  795.000  6.042502e-01 
  796.000  5.958902e-01 
  797.000  5.983254e-01 
  798.000  6.036581e-01 
  799.000  6.024801e-01 
  800.000  5.986524e-01 
  801.000  5.991439e-01 
  802.000  5.987844e-01 
  803.000  5.993791e-01 
  804.000  6.012214e-01 
  805.000  6.047240e-01 
  806.000  6.068232e-01 
  807.000  6.069447e-01 
  808.000  6.058020e-01 
  809.000  6.043913e-01 
  810.000  6.028451e-01 
  811.000  5.996346e-01 
  812.000  5.953031e-01 
  813.000  5.899811e-01 
  814.000  5.829359e-01 
  815.000  5.741531e-01 
  816.000  5.627890e-01 
  817.000  5.634730e-01 
  818.000  5.644330e-01 
  819.000  5.681996e-01 
  820.000  5.807421e-01 
  821.000  5.950140e-01 
  822.000  5.842081e-01 
  823.000  5.538001e-01 
  824.000  5.794830e-01 
  825.000  5.958894e-01 
  826.000  5.930967e-01 
  827.000  5.910531e-01 
  828.000  5.802801e-01 
  829.000  5.841996e-01 
  830.000  5.885751e-01 
  831.000  5.896128e-01 
  832.000  5.900639e-01 
  833.000  5.925867e-01 
  834.000  5.955486e-01 
  835.000  6.014040e-01 
  836.000  5.995420e-01 
  837.000  5.993574e-01 
  838.000  6.022223e-01 
  839.000  6.039655e-01 
  840.000  6.046139e-01 
  841.000  6.027646e-01 
  842.000  6.044651e-01 
  843.000  6.084714e-01 
  844.000  6.102962e-01 
  845.000  6.111590e-01 
  846.000  6.119449e-01 
  847.000  6.129177e-01 
  848.000  6.114770e-01 
  849.000  6.117071e-01 
  850.000  6.109353e-01 
  851.000  6.100098e-01 
  852.000  6.101271e-01 
  853.000  6.117164e-01 
  854.000  6.116523e-01 
  855.000  6.124611e-01 
  856.000  6.139997e-01 
  857.000  6.146955e-01 
  858.000  6.150452e-01 
  859.000  6.158618e-01 
  860.000  6.163406e-01 
  861.000  6.164310e-01 
  862.000  6.166952e-01 
  863.000  6.167487e-01 
  864.000  6.169367e-01 
  865.000  6.170945e-01 
  866.000  6.171522e-01 
  867.000  6.171477e-01 
  868.000  6.171903e-01 
  869.000  6.172571e-01 
  870.000  6.172437e-01 
  871.000  6.173077e-01 
  872.000  6.174348e-01 
  873.000  6.173486e-01 
  874.000  6.173110e-01 
  875.000  6.173177e-01 
  876.000  6.171520e-01 
  877.000  6.170776e-01 
  878.000  6.165861e-01 
  879.000  6.165697e-01 
  880.000  6.161583e-01 
  881.000  6.159134e-01 
  882.000  6.156788e-01 
  883.000  6.159502e-01 
  884.000  6.160708e-01 
  885.000  6.151949e-01 
  886.000  6.139753e-01 
  887.000  6.149355e-01 
  888.000  6.148956e-01 
  889.000  6.152347e-01 
  890.000  6.145552e-01 
  891.000  6.131907e-01 
  892.000  6.100390e-01 
  893.000  6.003773e-01 
  894.000  5.955796e-01 
  895.000  5.807821e-01 
  896.000  5.674933e-01 
  897.000  5.534405e-01 
  898.000  5.468578e-01 
  899.000  5.280548e-01 
  900.000  5.308216e-01 
  901.000  5.259130e-01 
  902.000  5.267913e-01 
  903.000  5.583886e-01 
  904.000  5.775136e-01 
  905.000  5.768089e-01 
  906.000  5.648743e-01 
  907.000  5.436574e-01 
  908.000  5.296056e-01 
  909.000  5.302356e-01 
  910.000  5.323790e-01 
  911.000  5.417410e-01 
  912.000  5.372257e-01 
  913.000  5.174984e-01 
  914.000  5.272772e-01 
  915.000  5.349472e-01 
  916.000  5.370169e-01 
  917.000  5.411608e-01 
  918.000  5.465140e-01 
  919.000  5.646788e-01 
  920.000  5.783158e-01 
  921.000  5.753071e-01 
  922.000  5.750571e-01 
  923.000  5.712622e-01 
  924.000  5.621113e-01 
  925.000  5.614002e-01 
  926.000  5.612916e-01 
  927.000  5.506600e-01 
  928.000  5.342233e-01 
  929.000  5.103211e-01 
  930.000  4.796139e-01 
  931.000  4.448496e-01 
  932.000  3.989315e-01 
  933.000  3.637660e-01 
  934.000  3.268524e-01 
  935.000  3.229721e-01 
  936.000  3.378376e-01 
  937.000  3.339815e-01 
  938.000  3.747585e-01 
  939.000  4.775149e-01 
  940.000  4.923648e-01 
  941.000  4.794179e-01 
  942.000  4.475160e-01 
  943.000  3.934885e-01 
  944.000  3.897310e-01 
  945.000  4.094379e-01 
  946.000  4.104601e-01 
  947.000  4.276859e-01 
  948.000  4.377410e-01 
  949.000  4.363375e-01 
  950.000  4.388843e-01 
  951.000  4.612815e-01 
  952.000  4.371753e-01 
  953.000  4.539343e-01 
  954.000  4.717554e-01 
  955.000  4.571253e-01 
  956.000  4.536787e-01 
  957.000  4.986408e-01 
  958.000  5.043051e-01 
  959.000  4.968072e-01 
  960.000  4.945856e-01 
  961.000  4.908094e-01 
  962.000  4.941589e-01 
  963.000  5.185105e-01 
  964.000  5.219546e-01 
  965.000  5.195940e-01 
  966.000  5.208625e-01 
  967.000  5.380488e-01 
  968.000  5.664816e-01 
  969.000  5.792016e-01 
  970.000  5.798702e-01 
  971.000  5.795687e-01 
  972.000  5.759688e-01 
  973.000  5.676137e-01 
  974.000  5.573840e-01 
  975.000  5.507861e-01 
  976.000  5.588617e-01 
  977.000  5.721344e-01 
  978.000  5.710447e-01 
  979.000  5.744518e-01 
  980.000  5.878883e-01 
  981.000  5.908471e-01 
  982.000  5.878474e-01 
  983.000  5.947099e-01 
  984.000  6.017588e-01 
  985.000  6.057539e-01 
  986.000  6.109009e-01 
  987.000  6.131251e-01 
  988.000  6.136336e-01 
  989.000  6.139604e-01 
  990.000  6.145065e-01 
  991.000  6.164216e-01 
  992.000  6.169700e-01 
  993.000  6.170158e-01 
  994.000  6.187427e-01 
  995.000  6.199322e-01 
  996.000  6.199282e-01 
  997.000  6.192060e-01 
  998.000  6.183658e-01 
  999.000  6.180438e-01 
 1000.000  6.183231e-01 
 1001.000  6.166292e-01 
 1002.000  6.137078e-01 
 1003.000  6.144124e-01 
 1004.000  6.161063e-01 
 1005.000  6.168842e-01 
 1006.000  6.171232e-01 
 1007.000  6.165716e-01 
 1008.000  6.141881e-01 
 1009.000  6.109922e-01 
 1010.000  6.124201e-01 
 1011.000  6.158138e-01 
 1012.000  6.171061e-01 
 1013.000  6.179723e-01 
 1014.000  6.184081e-01 
 1015.000  6.184856e-01 
 1016.000  6.188919e-01 
 1017.000  6.191715e-01 
 1018.000  6.186327e-01 
 1019.000  6.174156e-01 
 1020.000  6.178383e-01 
 1021.000  6.187130e-01 
 1022.000  6.173955e-01 
 1023.000  6.161898e-01 
 1024.000  6.154616e-01 
 1025.000  6.174869e-01 
 1026.000  6.184674e-01 
 1027.000  6.180294e-01 
 1028.000  6.183546e-01 
 1029.000  6.192785e-01 
 1030.000  6.201343e-01 
 1031.000  6.205561e-01 
 1032.000  6.208752e-01 
 1033.000  6.209162e-01 
 1034.000  6.211445e-01 
 1035.000  6.212126e-01 
 1036.000  6.210490e-01 
 1037.000  6.209890e-01 
 1038.000  6.210507e-01 
 1039.000  6.208865e-01 
 1040.000  6.207231e-01 
 1041.000  6.205915e-01 
 1042.000  6.205392e-01 
 1043.000  6.205024e-01 
 1044.000  6.203651e-01 
 1045.000  6.200338e-01 
 1046.000  6.197951e-01 
 1047.000  6.194962e-01 
 1048.000  6.190305e-01 
 1049.000  6.185125e-01 
 1050.000  6.181450e-01 
 1051.000  6.177309e-01 
 1052.000  6.173623e-01 
 1053.000  6.171684e-01 
 1054.000  6.166877e-01 
 1055.000  6.161658e-01 
 1056.000  6.156653e-01 
 1057.000  6.146706e-01 
 1058.000  6.130486e-01 
 1059.000  6.129726e-01 
 1060.000  6.135027e-01 
 1061.000  6.132559e-01 
 1062.000  6.121519e-01 
 1063.000  6.115646e-01 
 1064.000  6.105778e-01 
 1065.000  6.096483e-01 
 1066.000  6.097023e-01 
 1067.000  6.091146e-01 
 1068.000  6.075659e-01 
 1069.000  6.071364e-01 
 1070.000  6.077567e-01 
 1071.000  6.068893e-01 
 1072.000  6.059002e-01 
 1073.000  6.058944e-01 
 1074.000  6.062924e-01 
 1075.000  6.082892e-01 
 1076.000  6.073682e-01 
 1077.000  6.060490e-01 
 1078.000  6.044531e-01 
 1079.000  6.043901e-01 
 1080.000  5.997872e-01 
 1081.000  5.996444e-01 
 1082.000  6.018462e-01 
 1083.000  5.994623e-01 
 1084.000  5.968137e-01 
 1085.000  5.903227e-01 
 1086.000  5.919634e-01 
 1087.000  5.992942e-01 
 1088.000  5.996531e-01 
 1089.000  5.909266e-01 
 1090.000  5.893508e-01 
 1091.000  5.911087e-01 
 1092.000  5.868242e-01 
 1093.000  5.770731e-01 
 1094.000  5.728363e-01 
 1095.000  5.735872e-01 
 1096.000  5.742885e-01 
 1097.000  5.724125e-01 
 1098.000  5.484011e-01 
 1099.000  5.277745e-01 
 1100.000  5.292290e-01 
 1101.000  5.321460e-01 
 1102.000  5.308473e-01 
 1103.000  5.328112e-01 
 1104.000  5.294071e-01 
 1105.000  5.207511e-01 
 1106.000  5.119195e-01 
 1107.000  5.142320e-01 
 1108.000  5.159949e-01 
 1109.000  5.237386e-01 
 1110.000  5.230619e-01 
 1111.000  5.190130e-01 
 1112.000  5.005813e-01 
 1113.000  4.753110e-01 
 1114.000  4.688339e-01 
 1115.000  4.374578e-01 
 1116.000  4.177772e-01 
 1117.000  3.711403e-01 
 1118.000  3.280523e-01 
 1119.000  3.052070e-01 
 1120.000  2.761927e-01 
 1121.000  2.697920e-01 
 1122.000  2.388382e-01 
 1123.000  2.560866e-01 
 1124.000  2.676117e-01 
 1125.000  2.616597e-01 
 1126.000  2.592170e-01 
 1127.000  2.617044e-01 
 1128.000  2.665405e-01 
 1129.000  2.966279e-01 
 1130.000  3.659347e-01 
 1131.000  3.856589e-01 
 1132.000  3.587717e-01 
 1133.000  3.086135e-01 
 1134.000  2.156100e-01 
 1135.000  2.227253e-01 
 1136.000  3.155950e-01 
 1137.000  3.649023e-01 
 1138.000  4.114906e-01 
 1139.000  4.249685e-01 
 1140.000  4.161620e-01 
 1141.000  3.979435e-01 
 1142.000  3.916249e-01 
 1143.000  3.716770e-01 
 1144.000  3.489373e-01 
 1145.000  3.157711e-01 
 1146.000  3.236189e-01 
 1147.000  3.494729e-01 
 1148.000  3.722183e-01 
 1149.000  3.812338e-01 
 1150.000  3.813836e-01 
