  320.000  3.699251e-01 
  321.000  4.297346e-01 
  322.000  4.066268e-01 
  323.000  4.358374e-01 
  324.000  4.644593e-01 
  325.000  4.431947e-01 
  326.000  4.779229e-01 
  327.000  4.874610e-01 
  328.000  4.667796e-01 
  329.000  5.062190e-01 
  330.000  5.123735e-01 
  331.000  5.001710e-01 
  332.000  5.236445e-01 
  333.000  5.304217e-01 
  334.000  5.248594e-01 
  335.000  5.418348e-01 
  336.000  5.486586e-01 
  337.000  5.457863e-01 
  338.000  5.537602e-01 
  339.000  5.619490e-01 
  340.000  5.606061e-01 
  341.000  5.685253e-01 
  342.000  5.742930e-01 
  343.000  5.771824e-01 
  344.000  5.777722e-01 
  345.000  5.855418e-01 
  346.000  5.904292e-01 
  347.000  5.944036e-01 
  348.000  5.981176e-01 
  349.000  6.022797e-01 
  350.000  6.058292e-01 
  351.000  6.093568e-01 
  352.000  6.122453e-01 
  353.000  6.163439e-01 
  354.000  6.198252e-01 
  355.000  6.230583e-01 
  356.000  6.262025e-01 
  357.000  6.289959e-01 
  358.000  6.319962e-01 
  359.000  6.349882e-01 
  360.000  6.380468e-01 
  361.000  6.419027e-01 
  362.000  6.459083e-01 
  363.000  6.495889e-01 
  364.000  6.529691e-01 
  365.000  6.561334e-01 
  366.000  6.593629e-01 
  367.000  6.624319e-01 
  368.000  6.654675e-01 
  369.000  6.684715e-01 
  370.000  6.714392e-01 
  371.000  6.743786e-01 
  372.000  6.772886e-01 
  373.000  6.801690e-01 
  374.000  6.829982e-01 
  375.000  6.857683e-01 
  376.000  6.884400e-01 
  377.000  6.909612e-01 
  378.000  6.932997e-01 
  379.000  6.956724e-01 
  380.000  6.982781e-01 
  381.000  7.012395e-01 
  382.000  7.043029e-01 
  383.000  7.071947e-01 
  384.000  7.099332e-01 
  385.000  7.125676e-01 
  386.000  7.151305e-01 
  387.000  7.176481e-01 
  388.000  7.201298e-01 
  389.000  7.225874e-01 
  390.000  7.250215e-01 
  391.000  7.274272e-01 
  392.000  7.298115e-01 
  393.000  7.321727e-01 
  394.000  7.345085e-01 
  395.000  7.368172e-01 
  396.000  7.391078e-01 
  397.000  7.413685e-01 
  398.000  7.436054e-01 
  399.000  7.458203e-01 
  400.000  7.480016e-01 
  401.000  7.501716e-01 
  402.000  7.523214e-01 
  403.000  7.544498e-01 
  404.000  7.565567e-01 
  405.000  7.586378e-01 
  406.000  7.607024e-01 
  407.000  7.627483e-01 
  408.000  7.647738e-01 
  409.000  7.667769e-01 
  410.000  7.687587e-01 
  411.000  7.707184e-01 
  412.000  7.726549e-01 
  413.000  7.745780e-01 
  414.000  7.763610e-01 
  415.000  7.782879e-01 
  416.000  7.801881e-01 
  417.000  7.820545e-01 
  418.000  7.838761e-01 
  419.000  7.856756e-01 
  420.000  7.874569e-01 
  421.000  7.892258e-01 
  422.000  7.909818e-01 
  423.000  7.927229e-01 
  424.000  7.944418e-01 
  425.000  7.961196e-01 
  426.000  7.977795e-01 
  427.000  7.994231e-01 
  428.000  8.010359e-01 
  429.000  8.026248e-01 
  430.000  8.041937e-01 
  431.000  8.057495e-01 
  432.000  8.072877e-01 
  433.000  8.088099e-01 
  434.000  8.103180e-01 
  435.000  8.118101e-01 
  436.000  8.132841e-01 
  437.000  8.147410e-01 
  438.000  8.161801e-01 
  439.000  8.176069e-01 
  440.000  8.190095e-01 
  441.000  8.203933e-01 
  442.000  8.217541e-01 
  443.000  8.230934e-01 
  444.000  8.244106e-01 
  445.000  8.256984e-01 
  446.000  8.269497e-01 
  447.000  8.282610e-01 
  448.000  8.296658e-01 
  449.000  8.310868e-01 
  450.000  8.324791e-01 
  451.000  8.338161e-01 
  452.000  8.351053e-01 
  453.000  8.363672e-01 
  454.000  8.376054e-01 
  455.000  8.387710e-01 
  456.000  8.398418e-01 
  457.000  8.409122e-01 
  458.000  8.419677e-01 
  459.000  8.430001e-01 
  460.000  8.440237e-01 
  461.000  8.450359e-01 
  462.000  8.460283e-01 
  463.000  8.470159e-01 
  464.000  8.483007e-01 
  465.000  8.495654e-01 
  466.000  8.508068e-01 
  467.000  8.520188e-01 
  468.000  8.530053e-01 
  469.000  8.538546e-01 
  470.000  8.546352e-01 
  471.000  8.553376e-01 
  472.000  8.559339e-01 
  473.000  8.563517e-01 
  474.000  8.566947e-01 
  475.000  8.567828e-01 
  476.000  8.566130e-01 
  477.000  8.566095e-01 
  478.000  8.576016e-01 
  479.000  8.591107e-01 
  480.000  8.607382e-01 
  481.000  8.621969e-01 
  482.000  8.635640e-01 
  483.000  8.647516e-01 
  484.000  8.657717e-01 
  485.000  8.666834e-01 
  486.000  8.676553e-01 
  487.000  8.686778e-01 
  488.000  8.696669e-01 
  489.000  8.706373e-01 
  490.000  8.715957e-01 
  491.000  8.723459e-01 
  492.000  8.730313e-01 
  493.000  8.737130e-01 
  494.000  8.743753e-01 
  495.000  8.750373e-01 
  496.000  8.753783e-01 
  497.000  8.757063e-01 
  498.000  8.760294e-01 
  499.000  8.763350e-01 
  500.000  8.766358e-01 
  501.000  8.769032e-01 
  502.000  8.771705e-01 
  503.000  8.774344e-01 
  504.000  8.776862e-01 
  505.000  8.779241e-01 
  506.000  8.786209e-01 
  507.000  8.793377e-01 
  508.000  8.800531e-01 
  509.000  8.807600e-01 
  510.000  8.814515e-01 
  511.000  8.820712e-01 
  512.000  8.826695e-01 
  513.000  8.832641e-01 
  514.000  8.838511e-01 
  515.000  8.844328e-01 
  516.000  8.848482e-01 
  517.000  8.851145e-01 
  518.000  8.853734e-01 
  519.000  8.856274e-01 
  520.000  8.858789e-01 
  521.000  8.861041e-01 
  522.000  8.862665e-01 
  523.000  8.863837e-01 
  524.000  8.865047e-01 
  525.000  8.866000e-01 
  526.000  8.867338e-01 
  527.000  8.867553e-01 
  528.000  8.867314e-01 
  529.000  8.867061e-01 
  530.000  8.866865e-01 
  531.000  8.866704e-01 
  532.000  8.867065e-01 
  533.000  8.870327e-01 
  534.000  8.874446e-01 
  535.000  8.879093e-01 
  536.000  8.883584e-01 
  537.000  8.887691e-01 
  538.000  8.891364e-01 
  539.000  8.894765e-01 
  540.000  8.897956e-01 
  541.000  8.901052e-01 
  542.000  8.904014e-01 
  543.000  8.906869e-01 
  544.000  8.909028e-01 
  545.000  8.910618e-01 
  546.000  8.912135e-01 
  547.000  8.913695e-01 
  548.000  8.915176e-01 
  549.000  8.916634e-01 
  550.000  8.917341e-01 
  551.000  8.917304e-01 
  552.000  8.917295e-01 
  553.000  8.917133e-01 
  554.000  8.916901e-01 
  555.000  8.916627e-01 
  556.000  8.916070e-01 
  557.000  8.915027e-01 
  558.000  8.913898e-01 
  559.000  8.912639e-01 
  560.000  8.911062e-01 
  561.000  8.909196e-01 
  562.000  8.905795e-01 
  563.000  8.903534e-01 
  564.000  8.900622e-01 
  565.000  8.896352e-01 
  566.000  8.893023e-01 
  567.000  8.884403e-01 
  568.000  8.859264e-01 
  569.000  8.807535e-01 
  570.000  8.813191e-01 
  571.000  8.846431e-01 
  572.000  8.809875e-01 
  573.000  8.816608e-01 
  574.000  8.817134e-01 
  575.000  8.813921e-01 
  576.000  8.815752e-01 
  577.000  8.829005e-01 
  578.000  8.846768e-01 
  579.000  8.863451e-01 
  580.000  8.880460e-01 
  581.000  8.903620e-01 
  582.000  8.920135e-01 
  583.000  8.931320e-01 
  584.000  8.941230e-01 
  585.000  8.949178e-01 
  586.000  8.956719e-01 
  587.000  8.946326e-01 
  588.000  8.881204e-01 
  589.000  8.775042e-01 
  590.000  8.770799e-01 
  591.000  8.847998e-01 
  592.000  8.810576e-01 
  593.000  8.897777e-01 
  594.000  8.881182e-01 
  595.000  8.823366e-01 
  596.000  8.906075e-01 
  597.000  8.884497e-01 
  598.000  8.916212e-01 
  599.000  8.927348e-01 
  600.000  8.955567e-01 
  601.000  8.973719e-01 
  602.000  8.977673e-01 
  603.000  8.987057e-01 
  604.000  8.998819e-01 
  605.000  9.007463e-01 
  606.000  9.014094e-01 
  607.000  9.020509e-01 
  608.000  9.026759e-01 
  609.000  9.032744e-01 
  610.000  9.038954e-01 
  611.000  9.045852e-01 
  612.000  9.052606e-01 
  613.000  9.059147e-01 
  614.000  9.065493e-01 
  615.000  9.071821e-01 
  616.000  9.077915e-01 
  617.000  9.083669e-01 
  618.000  9.088492e-01 
  619.000  9.092571e-01 
  620.000  9.096346e-01 
  621.000  9.099590e-01 
  622.000  9.102300e-01 
  623.000  9.104113e-01 
  624.000  9.106044e-01 
  625.000  9.107659e-01 
  626.000  9.105980e-01 
  627.000  9.075180e-01 
  628.000  8.829380e-01 
  629.000  8.983213e-01 
  630.000  9.007946e-01 
  631.000  9.054017e-01 
  632.000  9.059542e-01 
  633.000  9.109390e-01 
  634.000  9.135958e-01 
  635.000  9.148963e-01 
  636.000  9.165840e-01 
  637.000  9.179989e-01 
  638.000  9.203839e-01 
  639.000  9.214269e-01 
  640.000  9.230875e-01 
  641.000  9.240112e-01 
  642.000  9.252551e-01 
  643.000  9.249718e-01 
  644.000  9.256531e-01 
  645.000  9.248371e-01 
  646.000  9.193607e-01 
  647.000  9.156873e-01 
  648.000  9.114861e-01 
  649.000  9.161128e-01 
  650.000  9.245032e-01 
  651.000  9.249355e-01 
  652.000  9.183652e-01 
  653.000  9.268494e-01 
  654.000  9.263951e-01 
  655.000  9.238981e-01 
  656.000  9.253539e-01 
  657.000  9.273497e-01 
  658.000  9.305106e-01 
  659.000  9.325259e-01 
  660.000  9.336476e-01 
  661.000  9.361163e-01 
  662.000  9.374422e-01 
  663.000  9.376917e-01 
  664.000  9.384640e-01 
  665.000  9.391714e-01 
  666.000  9.399775e-01 
  667.000  9.406840e-01 
  668.000  9.414698e-01 
  669.000  9.420799e-01 
  670.000  9.426386e-01 
  671.000  9.432174e-01 
  672.000  9.437516e-01 
  673.000  9.442782e-01 
  674.000  9.448008e-01 
  675.000  9.453233e-01 
  676.000  9.458164e-01 
  677.000  9.462692e-01 
  678.000  9.467222e-01 
  679.000  9.471155e-01 
  680.000  9.472530e-01 
  681.000  9.472940e-01 
  682.000  9.475945e-01 
  683.000  9.477708e-01 
  684.000  9.475260e-01 
  685.000  9.483276e-01 
  686.000  9.452535e-01 
  687.000  8.349217e-01 
  688.000  8.694280e-01 
  689.000  8.597721e-01 
  690.000  8.776499e-01 
  691.000  9.018562e-01 
  692.000  9.176697e-01 
  693.000  9.171448e-01 
  694.000  9.130427e-01 
  695.000  9.211521e-01 
  696.000  9.257060e-01 
  697.000  9.429847e-01 
  698.000  9.396771e-01 
  699.000  9.245493e-01 
  700.000  9.272144e-01 
  701.000  9.238952e-01 
  702.000  9.265063e-01 
  703.000  9.393772e-01 
  704.000  9.400179e-01 
  705.000  9.348417e-01 
  706.000  9.359491e-01 
  707.000  9.379129e-01 
  708.000  9.400252e-01 
  709.000  9.442592e-01 
  710.000  9.399223e-01 
  711.000  9.445198e-01 
  712.000  9.484395e-01 
  713.000  9.454544e-01 
  714.000  9.445197e-01 
  715.000  9.396308e-01 
  716.000  9.345942e-01 
  717.000  9.012554e-01 
  718.000  8.804996e-01 
  719.000  8.730513e-01 
  720.000  8.614637e-01 
  721.000  9.115939e-01 
  722.000  9.290915e-01 
  723.000  9.193166e-01 
  724.000  8.911132e-01 
  725.000  8.954389e-01 
  726.000  8.941244e-01 
  727.000  8.981792e-01 
  728.000  8.937942e-01 
  729.000  9.046899e-01 
  730.000  9.027814e-01 
  731.000  9.004702e-01 
  732.000  9.187458e-01 
  733.000  9.360209e-01 
  734.000  9.442713e-01 
  735.000  9.413744e-01 
  736.000  9.359506e-01 
  737.000  9.400783e-01 
  738.000  9.457296e-01 
  739.000  9.481653e-01 
  740.000  9.535316e-01 
  741.000  9.566339e-01 
  742.000  9.579486e-01 
  743.000  9.608106e-01 
  744.000  9.621270e-01 
  745.000  9.631452e-01 
  746.000  9.639467e-01 
  747.000  9.641857e-01 
  748.000  9.649270e-01 
  749.000  9.653215e-01 
  750.000  9.651918e-01 
  751.000  9.653789e-01 
  752.000  9.660335e-01 
  753.000  9.663377e-01 
  754.000  9.665903e-01 
  755.000  9.667757e-01 
  756.000  9.669667e-01 
  757.000  9.671006e-01 
  758.000  9.658010e-01 
  759.000  9.073548e-01 
  760.000  4.551380e-01 
  761.000  4.101021e-01 
  762.000  6.787474e-01 
  763.000  5.967500e-01 
  764.000  6.374732e-01 
  765.000  7.288789e-01 
  766.000  8.374436e-01 
  767.000  8.915859e-01 
  768.000  9.267814e-01 
  769.000  9.499182e-01 
  770.000  9.619919e-01 
  771.000  9.680001e-01 
  772.000  9.694374e-01 
  773.000  9.700979e-01 
  774.000  9.708874e-01 
  775.000  9.713100e-01 
  776.000  9.716085e-01 
  777.000  9.717185e-01 
  778.000  9.717434e-01 
  779.000  9.717536e-01 
  780.000  9.717593e-01 
  781.000  9.720495e-01 
  782.000  9.720469e-01 
  783.000  9.720530e-01 
  784.000  9.718734e-01 
  785.000  9.707124e-01 
  786.000  9.688729e-01 
  787.000  9.648052e-01 
  788.000  9.626778e-01 
  789.000  9.549783e-01 
  790.000  9.543411e-01 
  791.000  9.558268e-01 
  792.000  9.571944e-01 
  793.000  9.603547e-01 
  794.000  9.670276e-01 
  795.000  9.629843e-01 
  796.000  9.521380e-01 
  797.000  9.552718e-01 
  798.000  9.621513e-01 
  799.000  9.606044e-01 
  800.000  9.556282e-01 
  801.000  9.562429e-01 
  802.000  9.557554e-01 
  803.000  9.565028e-01 
  804.000  9.588633e-01 
  805.000  9.633702e-01 
  806.000  9.660593e-01 
  807.000  9.661945e-01 
  808.000  9.646980e-01 
  809.000  9.628564e-01 
  810.000  9.608421e-01 
  811.000  9.566762e-01 
  812.000  9.510608e-01 
  813.000  9.441559e-01 
  814.000  9.350048e-01 
  815.000  9.235821e-01 
  816.000  9.087187e-01 
  817.000  9.096144e-01 
  818.000  9.108547e-01 
  819.000  9.157474e-01 
  820.000  9.320772e-01 
  821.000  9.505969e-01 
  822.000  9.365484e-01 
  823.000  8.967761e-01 
  824.000  9.303526e-01 
  825.000  9.516407e-01 
  826.000  9.479791e-01 
  827.000  9.453098e-01 
  828.000  9.312925e-01 
  829.000  9.363760e-01 
  830.000  9.420386e-01 
  831.000  9.433604e-01 
  832.000  9.439099e-01 
  833.000  9.471565e-01 
  834.000  9.509668e-01 
  835.000  9.585158e-01 
  836.000  9.560839e-01 
  837.000  9.558198e-01 
  838.000  9.595049e-01 
  839.000  9.617361e-01 
  840.000  9.625550e-01 
  841.000  9.601462e-01 
  842.000  9.623245e-01 
  843.000  9.674774e-01 
  844.000  9.698108e-01 
  845.000  9.709048e-01 
  846.000  9.720541e-01 
  847.000  9.733186e-01 
  848.000  9.712625e-01 
  849.000  9.715431e-01 
  850.000  9.705324e-01 
  851.000  9.693230e-01 
  852.000  9.694579e-01 
  853.000  9.714899e-01 
  854.000  9.713898e-01 
  855.000  9.724150e-01 
  856.000  9.745312e-01 
  857.000  9.754286e-01 
  858.000  9.759020e-01 
  859.000  9.769270e-01 
  860.000  9.774339e-01 
  861.000  9.775270e-01 
  862.000  9.778052e-01 
  863.000  9.778589e-01 
  864.000  9.780560e-01 
  865.000  9.782208e-01 
  866.000  9.782791e-01 
  867.000  9.782714e-01 
  868.000  9.783136e-01 
  869.000  9.783816e-01 
  870.000  9.783644e-01 
  871.000  9.784295e-01 
  872.000  9.785615e-01 
  873.000  9.784670e-01 
  874.000  9.784243e-01 
  875.000  9.784285e-01 
  876.000  9.782495e-01 
  877.000  9.781676e-01 
  878.000  9.775230e-01 
  879.000  9.774961e-01 
  880.000  9.769406e-01 
  881.000  9.766364e-01 
  882.000  9.763446e-01 
  883.000  9.766616e-01 
  884.000  9.767973e-01 
  885.000  9.756458e-01 
  886.000  9.740369e-01 
  887.000  9.753049e-01 
  888.000  9.752457e-01 
  889.000  9.756561e-01 
  890.000  9.747264e-01 
  891.000  9.727972e-01 
  892.000  9.687108e-01 
  893.000  9.561678e-01 
  894.000  9.499378e-01 
  895.000  9.306219e-01 
  896.000  9.132330e-01 
  897.000  8.947884e-01 
  898.000  8.861175e-01 
  899.000  8.611439e-01 
  900.000  8.648462e-01 
  901.000  8.582820e-01 
  902.000  8.593977e-01 
  903.000  9.012788e-01 
  904.000  9.264026e-01 
  905.000  9.254377e-01 
  906.000  9.097434e-01 
  907.000  8.817085e-01 
  908.000  8.630365e-01 
  909.000  8.638842e-01 
  910.000  8.667334e-01 
  911.000  8.791665e-01 
  912.000  8.731536e-01 
  913.000  8.468203e-01 
  914.000  8.598707e-01 
  915.000  8.700566e-01 
  916.000  8.727769e-01 
  917.000  8.782425e-01 
  918.000  8.853036e-01 
  919.000  9.092566e-01 
  920.000  9.271199e-01 
  921.000  9.231419e-01 
  922.000  9.227943e-01 
  923.000  9.178015e-01 
  924.000  9.057612e-01 
  925.000  9.048561e-01 
  926.000  9.048184e-01 
  927.000  8.908913e-01 
  928.000  8.692645e-01 
  929.000  8.375940e-01 
  930.000  7.964838e-01 
  931.000  7.493177e-01 
  932.000  6.863433e-01 
  933.000  6.368325e-01 
  934.000  5.836993e-01 
  935.000  5.781573e-01 
  936.000  5.998906e-01 
  937.000  5.941365e-01 
  938.000  6.523314e-01 
  939.000  7.948081e-01 
  940.000  8.148163e-01 
  941.000  7.971833e-01 
  942.000  7.535458e-01 
  943.000  6.783640e-01 
  944.000  6.731402e-01 
  945.000  7.009042e-01 
  946.000  7.022367e-01 
  947.000  7.260543e-01 
  948.000  7.398913e-01 
  949.000  7.378408e-01 
  950.000  7.413036e-01 
  951.000  7.720040e-01 
  952.000  7.387313e-01 
  953.000  7.616756e-01 
  954.000  7.858871e-01 
  955.000  7.657694e-01 
  956.000  7.608263e-01 
  957.000  8.218043e-01 
  958.000  8.292949e-01 
  959.000  8.190880e-01 
  960.000  8.160037e-01 
  961.000  8.108346e-01 
  962.000  8.152889e-01 
  963.000  8.479413e-01 
  964.000  8.524863e-01 
  965.000  8.492656e-01 
  966.000  8.508930e-01 
  967.000  8.737236e-01 
  968.000  9.112253e-01 
  969.000  9.278658e-01 
  970.000  9.287084e-01 
  971.000  9.282990e-01 
  972.000  9.235820e-01 
  973.000  9.126144e-01 
  974.000  8.991356e-01 
  975.000  8.904114e-01 
  976.000  9.010647e-01 
  977.000  9.185113e-01 
  978.000  9.170485e-01 
  979.000  9.214842e-01 
  980.000  9.390440e-01 
  981.000  9.428800e-01 
  982.000  9.389326e-01 
  983.000  9.478588e-01 
  984.000  9.570128e-01 
  985.000  9.621851e-01 
  986.000  9.688454e-01 
  987.000  9.717100e-01 
  988.000  9.723531e-01 
  989.000  9.727628e-01 
  990.000  9.734589e-01 
  991.000  9.759281e-01 
  992.000  9.766289e-01 
  993.000  9.768903e-01 
  994.000  9.791187e-01 
  995.000  9.806427e-01 
  996.000  9.806328e-01 
  997.000  9.796708e-01 
  998.000  9.785448e-01 
  999.000  9.781353e-01 
 1000.000  9.784796e-01 
 1001.000  9.761188e-01 
 1002.000  9.723277e-01 
 1003.000  9.732336e-01 
 1004.000  9.754207e-01 
 1005.000  9.764208e-01 
 1006.000  9.767356e-01 
 1007.000  9.760159e-01 
 1008.000  9.729237e-01 
 1009.000  9.687787e-01 
 1010.000  9.706265e-01 
 1011.000  9.750227e-01 
 1012.000  9.766930e-01 
 1013.000  9.779974e-01 
 1014.000  9.785426e-01 
 1015.000  9.786419e-01 
 1016.000  9.792321e-01 
 1017.000  9.795741e-01 
 1018.000  9.788293e-01 
 1019.000  9.773081e-01 
 1020.000  9.778368e-01 
 1021.000  9.789350e-01 
 1022.000  9.770872e-01 
 1023.000  9.755344e-01 
 1024.000  9.746004e-01 
 1025.000  9.774248e-01 
 1026.000  9.786641e-01 
 1027.000  9.781225e-01 
 1028.000  9.785437e-01 
 1029.000  9.797753e-01 
 1030.000  9.808990e-01 
 1031.000  9.814745e-01 
 1032.000  9.819115e-01 
 1033.000  9.820108e-01 
 1034.000  9.822568e-01 
 1035.000  9.823374e-01 
 1036.000  9.821789e-01 
 1037.000  9.821275e-01 
 1038.000  9.821945e-01 
 1039.000  9.820244e-01 
 1040.000  9.818577e-01 
 1041.000  9.817238e-01 
 1042.000  9.816722e-01 
 1043.000  9.816381e-01 
 1044.000  9.815006e-01 
 1045.000  9.811595e-01 
 1046.000  9.809156e-01 
 1047.000  9.806120e-01 
 1048.000  9.801481e-01 
 1049.000  9.796367e-01 
 1050.000  9.792416e-01 
 1051.000  9.787614e-01 
 1052.000  9.783803e-01 
 1053.000  9.782637e-01 
 1054.000  9.777312e-01 
 1055.000  9.771832e-01 
 1056.000  9.766729e-01 
 1057.000  9.755332e-01 
 1058.000  9.735272e-01 
 1059.000  9.735280e-01 
 1060.000  9.743760e-01 
 1061.000  9.740702e-01 
 1062.000  9.727451e-01 
 1063.000  9.720739e-01 
 1064.000  9.708692e-01 
 1065.000  9.696385e-01 
 1066.000  9.697121e-01 
 1067.000  9.689533e-01 
 1068.000  9.666248e-01 
 1069.000  9.658699e-01 
 1070.000  9.665079e-01 
 1071.000  9.652165e-01 
 1072.000  9.637954e-01 
 1073.000  9.636508e-01 
 1074.000  9.640270e-01 
 1075.000  9.664950e-01 
 1076.000  9.651743e-01 
 1077.000  9.633427e-01 
 1078.000  9.611589e-01 
 1079.000  9.609725e-01 
 1080.000  9.548931e-01 
 1081.000  9.546249e-01 
 1082.000  9.574226e-01 
 1083.000  9.542440e-01 
 1084.000  9.507284e-01 
 1085.000  9.421913e-01 
 1086.000  9.442825e-01 
 1087.000  9.538053e-01 
 1088.000  9.542191e-01 
 1089.000  9.427928e-01 
 1090.000  9.406940e-01 
 1091.000  9.429578e-01 
 1092.000  9.373167e-01 
 1093.000  9.245219e-01 
 1094.000  9.189334e-01 
 1095.000  9.199055e-01 
 1096.000  9.208326e-01 
 1097.000  9.183596e-01 
 1098.000  8.866864e-01 
 1099.000  8.592712e-01 
 1100.000  8.612027e-01 
 1101.000  8.650920e-01 
 1102.000  8.633685e-01 
 1103.000  8.660114e-01 
 1104.000  8.615122e-01 
 1105.000  8.499853e-01 
 1106.000  8.381407e-01 
 1107.000  8.412980e-01 
 1108.000  8.437482e-01 
 1109.000  8.542434e-01 
 1110.000  8.535216e-01 
 1111.000  8.481997e-01 
 1112.000  8.235921e-01 
 1113.000  7.897574e-01 
 1114.000  7.814147e-01 
 1115.000  7.389249e-01 
 1116.000  7.119222e-01 
 1117.000  6.464654e-01 
 1118.000  5.849634e-01 
 1119.000  5.520941e-01 
 1120.000  5.092757e-01 
 1121.000  4.998024e-01 
 1122.000  4.525387e-01 
 1123.000  4.794392e-01 
 1124.000  4.971837e-01 
 1125.000  4.881204e-01 
 1126.000  4.843223e-01 
 1127.000  4.879315e-01 
 1128.000  4.950025e-01 
 1129.000  5.400491e-01 
 1130.000  6.414089e-01 
 1131.000  6.695853e-01 
 1132.000  6.312488e-01 
 1133.000  5.578203e-01 
 1134.000  4.156564e-01 
 1135.000  4.267943e-01 
 1136.000  5.677550e-01 
 1137.000  6.393257e-01 
 1138.000  7.049922e-01 
 1139.000  7.231488e-01 
 1140.000  7.108437e-01 
 1141.000  6.849930e-01 
 1142.000  6.761248e-01 
 1143.000  6.478946e-01 
 1144.000  6.152350e-01 
 1145.000  5.669503e-01 
 1146.000  5.784339e-01 
 1147.000  6.159505e-01 
 1148.000  6.485211e-01 
 1149.000  6.611874e-01 
 1150.000  6.610373e-01 
