  320.000  2.540877e-01 
  321.000  3.040594e-01 
  322.000  2.845777e-01 
  323.000  3.092397e-01 
  324.000  3.337247e-01 
  325.000  3.155041e-01 
  326.000  3.453473e-01 
  327.000  3.536206e-01 
  328.000  3.357230e-01 
  329.000  3.699843e-01 
  330.000  3.753797e-01 
  331.000  3.646950e-01 
  332.000  3.852938e-01 
  333.000  3.912755e-01 
  334.000  3.863649e-01 
  335.000  4.013830e-01 
  336.000  4.074465e-01 
  337.000  4.048924e-01 
  338.000  4.119895e-01 
  339.000  4.192989e-01 
  340.000  4.180987e-01 
  341.000  4.251842e-01 
  342.000  4.303570e-01 
  343.000  4.329523e-01 
  344.000  4.334824e-01 
  345.000  4.404753e-01 
  346.000  4.448835e-01 
  347.000  4.484735e-01 
  348.000  4.518327e-01 
  349.000  4.556020e-01 
  350.000  4.588206e-01 
  351.000  4.620232e-01 
  352.000  4.646481e-01 
  353.000  4.683771e-01 
  354.000  4.715483e-01 
  355.000  4.744965e-01 
  356.000  4.773666e-01 
  357.000  4.799188e-01 
  358.000  4.826627e-01 
  359.000  4.854015e-01 
  360.000  4.882038e-01 
  361.000  4.917406e-01 
  362.000  4.954190e-01 
  363.000  4.988030e-01 
  364.000  5.019141e-01 
  365.000  5.048295e-01 
  366.000  5.078077e-01 
  367.000  5.106406e-01 
  368.000  5.134453e-01 
  369.000  5.162233e-01 
  370.000  5.189701e-01 
  371.000  5.216931e-01 
  372.000  5.243912e-01 
  373.000  5.270640e-01 
  374.000  5.296916e-01 
  375.000  5.322664e-01 
  376.000  5.347516e-01 
  377.000  5.370986e-01 
  378.000  5.392770e-01 
  379.000  5.414888e-01 
  380.000  5.439196e-01 
  381.000  5.466843e-01 
  382.000  5.495467e-01 
  383.000  5.522509e-01 
  384.000  5.548139e-01 
  385.000  5.572813e-01 
  386.000  5.596834e-01 
  387.000  5.620447e-01 
  388.000  5.643741e-01 
  389.000  5.666822e-01 
  390.000  5.689700e-01 
  391.000  5.712324e-01 
  392.000  5.734763e-01 
  393.000  5.756997e-01 
  394.000  5.779008e-01 
  395.000  5.800776e-01 
  396.000  5.822387e-01 
  397.000  5.843729e-01 
  398.000  5.864859e-01 
  399.000  5.885793e-01 
  400.000  5.906422e-01 
  401.000  5.926956e-01 
  402.000  5.947310e-01 
  403.000  5.967473e-01 
  404.000  5.987443e-01 
  405.000  6.007180e-01 
  406.000  6.026771e-01 
  407.000  6.046194e-01 
  408.000  6.065435e-01 
  409.000  6.084473e-01 
  410.000  6.103317e-01 
  411.000  6.121961e-01 
  412.000  6.140394e-01 
  413.000  6.158708e-01 
  414.000  6.175696e-01 
  415.000  6.194063e-01 
  416.000  6.212186e-01 
  417.000  6.229994e-01 
  418.000  6.247382e-01 
  419.000  6.264567e-01 
  420.000  6.281587e-01 
  421.000  6.298495e-01 
  422.000  6.315288e-01 
  423.000  6.331946e-01 
  424.000  6.348398e-01 
  425.000  6.364464e-01 
  426.000  6.380364e-01 
  427.000  6.396115e-01 
  428.000  6.411578e-01 
  429.000  6.426817e-01 
  430.000  6.441870e-01 
  431.000  6.456803e-01 
  432.000  6.471573e-01 
  433.000  6.486195e-01 
  434.000  6.500686e-01 
  435.000  6.515028e-01 
  436.000  6.529204e-01 
  437.000  6.543218e-01 
  438.000  6.557066e-01 
  439.000  6.570801e-01 
  440.000  6.584308e-01 
  441.000  6.597638e-01 
  442.000  6.610751e-01 
  443.000  6.623661e-01 
  444.000  6.636361e-01 
  445.000  6.648784e-01 
  446.000  6.660856e-01 
  447.000  6.673512e-01 
  448.000  6.687075e-01 
  449.000  6.700797e-01 
  450.000  6.714249e-01 
  451.000  6.727169e-01 
  452.000  6.739632e-01 
  453.000  6.751835e-01 
  454.000  6.763812e-01 
  455.000  6.775089e-01 
  456.000  6.785452e-01 
  457.000  6.795815e-01 
  458.000  6.806035e-01 
  459.000  6.816034e-01 
  460.000  6.825951e-01 
  461.000  6.835759e-01 
  462.000  6.845377e-01 
  463.000  6.854951e-01 
  464.000  6.867411e-01 
  465.000  6.879678e-01 
  466.000  6.891723e-01 
  467.000  6.903486e-01 
  468.000  6.913064e-01 
  469.000  6.921310e-01 
  470.000  6.928892e-01 
  471.000  6.935714e-01 
  472.000  6.941507e-01 
  473.000  6.945567e-01 
  474.000  6.948900e-01 
  475.000  6.949756e-01 
  476.000  6.948106e-01 
  477.000  6.948072e-01 
  478.000  6.957713e-01 
  479.000  6.972384e-01 
  480.000  6.988211e-01 
  481.000  7.002401e-01 
  482.000  7.015705e-01 
  483.000  7.027265e-01 
  484.000  7.037197e-01 
  485.000  7.046077e-01 
  486.000  7.055544e-01 
  487.000  7.065506e-01 
  488.000  7.075145e-01 
  489.000  7.084604e-01 
  490.000  7.093948e-01 
  491.000  7.101263e-01 
  492.000  7.107948e-01 
  493.000  7.114599e-01 
  494.000  7.121060e-01 
  495.000  7.127519e-01 
  496.000  7.130846e-01 
  497.000  7.134048e-01 
  498.000  7.137201e-01 
  499.000  7.140185e-01 
  500.000  7.143121e-01 
  501.000  7.145731e-01 
  502.000  7.148341e-01 
  503.000  7.150918e-01 
  504.000  7.153376e-01 
  505.000  7.155699e-01 
  506.000  7.162504e-01 
  507.000  7.169504e-01 
  508.000  7.176493e-01 
  509.000  7.183399e-01 
  510.000  7.190157e-01 
  511.000  7.196213e-01 
  512.000  7.202061e-01 
  513.000  7.207874e-01 
  514.000  7.213613e-01 
  515.000  7.219301e-01 
  516.000  7.223364e-01 
  517.000  7.225968e-01 
  518.000  7.228500e-01 
  519.000  7.230985e-01 
  520.000  7.233444e-01 
  521.000  7.235647e-01 
  522.000  7.237236e-01 
  523.000  7.238382e-01 
  524.000  7.239566e-01 
  525.000  7.240499e-01 
  526.000  7.241808e-01 
  527.000  7.242019e-01 
  528.000  7.241784e-01 
  529.000  7.241538e-01 
  530.000  7.241346e-01 
  531.000  7.241188e-01 
  532.000  7.241542e-01 
  533.000  7.244733e-01 
  534.000  7.248763e-01 
  535.000  7.253311e-01 
  536.000  7.257707e-01 
  537.000  7.261727e-01 
  538.000  7.265321e-01 
  539.000  7.268652e-01 
  540.000  7.271775e-01 
  541.000  7.274807e-01 
  542.000  7.277706e-01 
  543.000  7.280502e-01 
  544.000  7.282616e-01 
  545.000  7.284174e-01 
  546.000  7.285660e-01 
  547.000  7.287188e-01 
  548.000  7.288638e-01 
  549.000  7.290066e-01 
  550.000  7.290758e-01 
  551.000  7.290722e-01 
  552.000  7.290714e-01 
  553.000  7.290555e-01 
  554.000  7.290327e-01 
  555.000  7.290059e-01 
  556.000  7.289514e-01 
  557.000  7.288492e-01 
  558.000  7.287386e-01 
  559.000  7.286152e-01 
  560.000  7.284605e-01 
  561.000  7.282769e-01 
  562.000  7.278512e-01 
  563.000  7.276218e-01 
  564.000  7.273136e-01 
  565.000  7.268292e-01 
  566.000  7.265458e-01 
  567.000  7.254232e-01 
  568.000  7.218316e-01 
  569.000  7.139937e-01 
  570.000  7.151772e-01 
  571.000  7.206961e-01 
  572.000  7.153412e-01 
  573.000  7.167398e-01 
  574.000  7.170933e-01 
  575.000  7.167480e-01 
  576.000  7.169422e-01 
  577.000  7.188274e-01 
  578.000  7.212267e-01 
  579.000  7.231942e-01 
  580.000  7.248269e-01 
  581.000  7.272898e-01 
  582.000  7.288921e-01 
  583.000  7.297907e-01 
  584.000  7.306273e-01 
  585.000  7.312160e-01 
  586.000  7.318409e-01 
  587.000  7.297007e-01 
  588.000  7.189659e-01 
  589.000  7.021163e-01 
  590.000  7.012088e-01 
  591.000  7.129473e-01 
  592.000  7.069304e-01 
  593.000  7.203087e-01 
  594.000  7.175234e-01 
  595.000  7.083569e-01 
  596.000  7.213771e-01 
  597.000  7.182317e-01 
  598.000  7.234169e-01 
  599.000  7.253957e-01 
  600.000  7.300679e-01 
  601.000  7.331163e-01 
  602.000  7.339647e-01 
  603.000  7.353262e-01 
  604.000  7.368079e-01 
  605.000  7.378176e-01 
  606.000  7.385113e-01 
  607.000  7.391800e-01 
  608.000  7.398008e-01 
  609.000  7.403932e-01 
  610.000  7.410035e-01 
  611.000  7.416812e-01 
  612.000  7.423447e-01 
  613.000  7.429873e-01 
  614.000  7.436110e-01 
  615.000  7.442328e-01 
  616.000  7.448318e-01 
  617.000  7.453974e-01 
  618.000  7.458716e-01 
  619.000  7.462726e-01 
  620.000  7.466439e-01 
  621.000  7.469628e-01 
  622.000  7.472293e-01 
  623.000  7.474076e-01 
  624.000  7.475970e-01 
  625.000  7.477542e-01 
  626.000  7.473487e-01 
  627.000  7.429880e-01 
  628.000  7.210733e-01 
  629.000  7.338730e-01 
  630.000  7.377704e-01 
  631.000  7.420117e-01 
  632.000  7.404427e-01 
  633.000  7.465873e-01 
  634.000  7.493283e-01 
  635.000  7.503577e-01 
  636.000  7.520877e-01 
  637.000  7.534953e-01 
  638.000  7.565095e-01 
  639.000  7.574180e-01 
  640.000  7.593406e-01 
  641.000  7.601007e-01 
  642.000  7.615343e-01 
  643.000  7.605774e-01 
  644.000  7.611662e-01 
  645.000  7.594604e-01 
  646.000  7.503874e-01 
  647.000  7.442059e-01 
  648.000  7.372575e-01 
  649.000  7.440728e-01 
  650.000  7.568644e-01 
  651.000  7.572132e-01 
  652.000  7.466037e-01 
  653.000  7.595702e-01 
  654.000  7.585390e-01 
  655.000  7.542974e-01 
  656.000  7.562619e-01 
  657.000  7.591094e-01 
  658.000  7.637815e-01 
  659.000  7.666548e-01 
  660.000  7.681085e-01 
  661.000  7.716544e-01 
  662.000  7.734153e-01 
  663.000  7.735051e-01 
  664.000  7.744048e-01 
  665.000  7.752233e-01 
  666.000  7.761875e-01 
  667.000  7.769957e-01 
  668.000  7.779478e-01 
  669.000  7.786044e-01 
  670.000  7.791758e-01 
  671.000  7.797825e-01 
  672.000  7.803155e-01 
  673.000  7.808372e-01 
  674.000  7.813537e-01 
  675.000  7.818716e-01 
  676.000  7.823553e-01 
  677.000  7.828007e-01 
  678.000  7.832477e-01 
  679.000  7.835985e-01 
  680.000  7.835329e-01 
  681.000  7.833574e-01 
  682.000  7.835686e-01 
  683.000  7.836084e-01 
  684.000  7.829990e-01 
  685.000  7.839791e-01 
  686.000  7.810093e-01 
  687.000  6.812009e-01 
  688.000  7.127290e-01 
  689.000  7.035224e-01 
  690.000  7.199659e-01 
  691.000  7.408186e-01 
  692.000  7.524006e-01 
  693.000  7.436344e-01 
  694.000  7.325929e-01 
  695.000  7.425119e-01 
  696.000  7.483267e-01 
  697.000  7.736411e-01 
  698.000  7.683764e-01 
  699.000  7.455888e-01 
  700.000  7.493555e-01 
  701.000  7.442808e-01 
  702.000  7.480122e-01 
  703.000  7.670884e-01 
  704.000  7.679204e-01 
  705.000  7.600607e-01 
  706.000  7.616077e-01 
  707.000  7.644358e-01 
  708.000  7.674938e-01 
  709.000  7.737415e-01 
  710.000  7.671070e-01 
  711.000  7.738950e-01 
  712.000  7.796794e-01 
  713.000  7.750385e-01 
  714.000  7.734695e-01 
  715.000  7.659026e-01 
  716.000  7.580203e-01 
  717.000  7.086184e-01 
  718.000  6.784551e-01 
  719.000  6.676194e-01 
  720.000  6.513860e-01 
  721.000  7.228462e-01 
  722.000  7.485138e-01 
  723.000  7.339712e-01 
  724.000  6.929079e-01 
  725.000  6.989226e-01 
  726.000  6.969960e-01 
  727.000  7.027808e-01 
  728.000  6.964550e-01 
  729.000  7.121325e-01 
  730.000  7.094058e-01 
  731.000  7.061158e-01 
  732.000  7.326535e-01 
  733.000  7.582208e-01 
  734.000  7.705702e-01 
  735.000  7.661945e-01 
  736.000  7.580582e-01 
  737.000  7.641734e-01 
  738.000  7.725909e-01 
  739.000  7.762123e-01 
  740.000  7.842675e-01 
  741.000  7.889199e-01 
  742.000  7.908671e-01 
  743.000  7.951647e-01 
  744.000  7.970391e-01 
  745.000  7.985518e-01 
  746.000  7.996895e-01 
  747.000  7.999667e-01 
  748.000  8.009969e-01 
  749.000  8.015196e-01 
  750.000  8.012033e-01 
  751.000  8.013876e-01 
  752.000  8.023192e-01 
  753.000  8.026965e-01 
  754.000  8.029895e-01 
  755.000  8.031730e-01 
  756.000  8.033665e-01 
  757.000  8.034997e-01 
  758.000  8.022528e-01 
  759.000  7.487636e-01 
  760.000  3.488594e-01 
  761.000  3.108608e-01 
  762.000  5.430091e-01 
  763.000  4.708873e-01 
  764.000  5.065939e-01 
  765.000  5.876160e-01 
  766.000  6.852592e-01 
  767.000  7.344854e-01 
  768.000  7.666628e-01 
  769.000  7.878939e-01 
  770.000  7.991090e-01 
  771.000  8.045754e-01 
  772.000  8.059065e-01 
  773.000  8.065065e-01 
  774.000  8.072274e-01 
  775.000  8.076519e-01 
  776.000  8.079607e-01 
  777.000  8.080347e-01 
  778.000  8.079971e-01 
  779.000  8.079510e-01 
  780.000  8.079033e-01 
  781.000  8.083138e-01 
  782.000  8.082529e-01 
  783.000  8.082063e-01 
  784.000  8.078776e-01 
  785.000  8.061007e-01 
  786.000  8.033609e-01 
  787.000  7.972494e-01 
  788.000  7.940338e-01 
  789.000  7.826077e-01 
  790.000  7.816139e-01 
  791.000  7.837543e-01 
  792.000  7.857350e-01 
  793.000  7.903695e-01 
  794.000  8.002212e-01 
  795.000  7.941779e-01 
  796.000  7.781454e-01 
  797.000  7.827073e-01 
  798.000  7.928191e-01 
  799.000  7.904956e-01 
  800.000  7.831153e-01 
  801.000  7.839799e-01 
  802.000  7.832239e-01 
  803.000  7.842898e-01 
  804.000  7.877431e-01 
  805.000  7.943724e-01 
  806.000  7.983290e-01 
  807.000  7.984931e-01 
  808.000  7.962294e-01 
  809.000  7.934501e-01 
  810.000  7.904049e-01 
  811.000  7.841800e-01 
  812.000  7.758150e-01 
  813.000  7.655931e-01 
  814.000  7.521479e-01 
  815.000  7.354753e-01 
  816.000  7.142470e-01 
  817.000  7.153829e-01 
  818.000  7.170892e-01 
  819.000  7.240749e-01 
  820.000  7.474836e-01 
  821.000  7.743468e-01 
  822.000  7.538810e-01 
  823.000  6.973615e-01 
  824.000  7.449267e-01 
  825.000  7.758203e-01 
  826.000  7.705511e-01 
  827.000  7.666262e-01 
  828.000  7.462816e-01 
  829.000  7.535773e-01 
  830.000  7.617781e-01 
  831.000  7.637064e-01 
  832.000  7.645693e-01 
  833.000  7.693110e-01 
  834.000  7.749038e-01 
  835.000  7.860171e-01 
  836.000  7.824373e-01 
  837.000  7.820582e-01 
  838.000  7.874634e-01 
  839.000  7.907451e-01 
  840.000  7.919305e-01 
  841.000  7.883552e-01 
  842.000  7.915485e-01 
  843.000  7.991530e-01 
  844.000  8.026024e-01 
  845.000  8.042051e-01 
  846.000  8.058915e-01 
  847.000  8.077520e-01 
  848.000  8.046550e-01 
  849.000  8.050393e-01 
  850.000  8.035037e-01 
  851.000  8.016769e-01 
  852.000  8.018481e-01 
  853.000  8.048407e-01 
  854.000  8.046700e-01 
  855.000  8.061707e-01 
  856.000  8.093025e-01 
  857.000  8.105538e-01 
  858.000  8.112452e-01 
  859.000  8.127443e-01 
  860.000  8.134715e-01 
  861.000  8.135874e-01 
  862.000  8.140019e-01 
  863.000  8.140544e-01 
  864.000  8.143381e-01 
  865.000  8.145698e-01 
  866.000  8.146301e-01 
  867.000  8.145861e-01 
  868.000  8.146210e-01 
  869.000  8.146968e-01 
  870.000  8.146381e-01 
  871.000  8.147098e-01 
  872.000  8.148873e-01 
  873.000  8.147066e-01 
  874.000  8.146080e-01 
  875.000  8.145834e-01 
  876.000  8.142695e-01 
  877.000  8.141303e-01 
  878.000  8.131679e-01 
  879.000  8.131007e-01 
  880.000  8.122690e-01 
  881.000  8.117900e-01 
  882.000  8.113593e-01 
  883.000  8.117744e-01 
  884.000  8.119491e-01 
  885.000  8.102438e-01 
  886.000  8.079398e-01 
  887.000  8.097606e-01 
  888.000  8.096449e-01 
  889.000  8.101240e-01 
  890.000  8.087906e-01 
  891.000  8.059129e-01 
  892.000  7.998595e-01 
  893.000  7.815536e-01 
  894.000  7.724257e-01 
  895.000  7.448169e-01 
  896.000  7.201574e-01 
  897.000  6.942849e-01 
  898.000  6.822302e-01 
  899.000  6.486374e-01 
  900.000  6.534024e-01 
  901.000  6.447216e-01 
  902.000  6.463855e-01 
  903.000  7.028944e-01 
  904.000  7.378076e-01 
  905.000  7.365772e-01 
  906.000  7.147287e-01 
  907.000  6.763916e-01 
  908.000  6.513221e-01 
  909.000  6.523403e-01 
  910.000  6.560814e-01 
  911.000  6.726898e-01 
  912.000  6.646364e-01 
  913.000  6.298727e-01 
  914.000  6.470208e-01 
  915.000  6.606166e-01 
  916.000  6.643316e-01 
  917.000  6.717713e-01 
  918.000  6.813961e-01 
  919.000  7.142278e-01 
  920.000  7.392477e-01 
  921.000  7.337625e-01 
  922.000  7.332944e-01 
  923.000  7.263079e-01 
  924.000  7.095717e-01 
  925.000  7.080863e-01 
  926.000  7.074382e-01 
  927.000  6.878071e-01 
  928.000  6.578297e-01 
  929.000  6.150261e-01 
  930.000  5.614518e-01 
  931.000  5.027757e-01 
  932.000  4.273746e-01 
  933.000  3.732807e-01 
  934.000  3.195046e-01 
  935.000  3.137070e-01 
  936.000  3.344531e-01 
  937.000  3.293020e-01 
  938.000  3.898304e-01 
  939.000  5.535813e-01 
  940.000  5.788898e-01 
  941.000  5.573325e-01 
  942.000  5.047861e-01 
  943.000  4.193787e-01 
  944.000  4.134005e-01 
  945.000  4.435710e-01 
  946.000  4.454078e-01 
  947.000  4.730411e-01 
  948.000  4.893473e-01 
  949.000  4.873957e-01 
  950.000  4.916305e-01 
  951.000  5.283347e-01 
  952.000  4.894533e-01 
  953.000  5.170138e-01 
  954.000  5.468798e-01 
  955.000  5.230464e-01 
  956.000  5.180268e-01 
  957.000  5.937876e-01 
  958.000  6.038983e-01 
  959.000  5.913529e-01 
  960.000  5.877979e-01 
  961.000  5.815462e-01 
  962.000  5.874335e-01 
  963.000  6.296135e-01 
  964.000  6.357784e-01 
  965.000  6.318272e-01 
  966.000  6.342257e-01 
  967.000  6.646665e-01 
  968.000  7.159281e-01 
  969.000  7.392930e-01 
  970.000  7.405873e-01 
  971.000  7.400365e-01 
  972.000  7.333896e-01 
  973.000  7.180957e-01 
  974.000  6.995538e-01 
  975.000  6.876808e-01 
  976.000  7.021973e-01 
  977.000  7.262872e-01 
  978.000  7.243622e-01 
  979.000  7.306626e-01 
  980.000  7.553943e-01 
  981.000  7.609090e-01 
  982.000  7.554261e-01 
  983.000  7.681779e-01 
  984.000  7.813261e-01 
  985.000  7.888106e-01 
  986.000  7.984793e-01 
  987.000  8.026760e-01 
  988.000  8.036379e-01 
  989.000  8.042504e-01 
  990.000  8.052677e-01 
  991.000  8.088642e-01 
  992.000  8.098797e-01 
  993.000  8.102540e-01 
  994.000  8.134996e-01 
  995.000  8.156348e-01 
  996.000  8.156363e-01 
  997.000  8.141997e-01 
  998.000  8.126123e-01 
  999.000  8.120000e-01 
 1000.000  8.124849e-01 
 1001.000  8.090273e-01 
 1002.000  8.035042e-01 
 1003.000  8.048055e-01 
 1004.000  8.079695e-01 
 1005.000  8.094112e-01 
 1006.000  8.098754e-01 
 1007.000  8.088138e-01 
 1008.000  8.043125e-01 
 1009.000  7.983031e-01 
 1010.000  8.009732e-01 
 1011.000  8.073535e-01 
 1012.000  8.097826e-01 
 1013.000  8.116953e-01 
 1014.000  8.124940e-01 
 1015.000  8.126462e-01 
 1016.000  8.135097e-01 
 1017.000  8.140092e-01 
 1018.000  8.129259e-01 
 1019.000  8.107048e-01 
 1020.000  8.114840e-01 
 1021.000  8.130839e-01 
 1022.000  8.103982e-01 
 1023.000  8.081523e-01 
 1024.000  8.068095e-01 
 1025.000  8.109347e-01 
 1026.000  8.127612e-01 
 1027.000  8.119903e-01 
 1028.000  8.126339e-01 
 1029.000  8.143883e-01 
 1030.000  8.160544e-01 
 1031.000  8.169178e-01 
 1032.000  8.175929e-01 
 1033.000  8.177848e-01 
 1034.000  8.181901e-01 
 1035.000  8.183873e-01 
 1036.000  8.182939e-01 
 1037.000  8.183439e-01 
 1038.000  8.184660e-01 
 1039.000  8.182374e-01 
 1040.000  8.180438e-01 
 1041.000  8.178910e-01 
 1042.000  8.178498e-01 
 1043.000  8.178490e-01 
 1044.000  8.177157e-01 
 1045.000  8.172846e-01 
 1046.000  8.169971e-01 
 1047.000  8.166584e-01 
 1048.000  8.162462e-01 
 1049.000  8.158515e-01 
 1050.000  8.154010e-01 
 1051.000  8.147388e-01 
 1052.000  8.143144e-01 
 1053.000  8.142739e-01 
 1054.000  8.136065e-01 
 1055.000  8.129501e-01 
 1056.000  8.124075e-01 
 1057.000  8.109510e-01 
 1058.000  8.082602e-01 
 1059.000  8.084670e-01 
 1060.000  8.098851e-01 
 1061.000  8.095707e-01 
 1062.000  8.078719e-01 
 1063.000  8.072601e-01 
 1064.000  8.058088e-01 
 1065.000  8.041153e-01 
 1066.000  8.042539e-01 
 1067.000  8.032722e-01 
 1068.000  7.997873e-01 
 1069.000  7.980301e-01 
 1070.000  7.984875e-01 
 1071.000  7.962151e-01 
 1072.000  7.938998e-01 
 1073.000  7.934115e-01 
 1074.000  7.936910e-01 
 1075.000  7.969896e-01 
 1076.000  7.948424e-01 
 1077.000  7.919837e-01 
 1078.000  7.886323e-01 
 1079.000  7.881581e-01 
 1080.000  7.792871e-01 
 1081.000  7.787520e-01 
 1082.000  7.826053e-01 
 1083.000  7.778859e-01 
 1084.000  7.727361e-01 
 1085.000  7.605246e-01 
 1086.000  7.633399e-01 
 1087.000  7.767153e-01 
 1088.000  7.772207e-01 
 1089.000  7.608901e-01 
 1090.000  7.577991e-01 
 1091.000  7.608629e-01 
 1092.000  7.527567e-01 
 1093.000  7.347600e-01 
 1094.000  7.269335e-01 
 1095.000  7.281657e-01 
 1096.000  7.292690e-01 
 1097.000  7.256386e-01 
 1098.000  6.822581e-01 
 1099.000  6.456062e-01 
 1100.000  6.480373e-01 
 1101.000  6.530359e-01 
 1102.000  6.505243e-01 
 1103.000  6.538123e-01 
 1104.000  6.476775e-01 
 1105.000  6.323355e-01 
 1106.000  6.169865e-01 
 1107.000  6.206662e-01 
 1108.000  6.232869e-01 
 1109.000  6.361891e-01 
 1110.000  6.342907e-01 
 1111.000  6.268542e-01 
 1112.000  5.946532e-01 
 1113.000  5.509430e-01 
 1114.000  5.386792e-01 
 1115.000  4.859631e-01 
 1116.000  4.539381e-01 
 1117.000  3.822881e-01 
 1118.000  3.186980e-01 
 1119.000  2.857212e-01 
 1120.000  2.463737e-01 
 1121.000  2.377507e-01 
 1122.000  1.992232e-01 
 1123.000  2.195125e-01 
 1124.000  2.334521e-01 
 1125.000  2.259680e-01 
 1126.000  2.230668e-01 
 1127.000  2.264980e-01 
 1128.000  2.331516e-01 
 1129.000  2.723204e-01 
 1130.000  3.678187e-01 
 1131.000  3.965452e-01 
 1132.000  3.571813e-01 
 1133.000  2.882927e-01 
 1134.000  1.728360e-01 
 1135.000  1.811858e-01 
 1136.000  2.985891e-01 
 1137.000  3.678786e-01 
 1138.000  4.381793e-01 
 1139.000  4.608529e-01 
 1140.000  4.472405e-01 
 1141.000  4.201736e-01 
 1142.000  4.105255e-01 
 1143.000  3.806427e-01 
 1144.000  3.477390e-01 
 1145.000  3.013097e-01 
 1146.000  3.121903e-01 
 1147.000  3.487101e-01 
 1148.000  3.818726e-01 
 1149.000  3.956526e-01 
 1150.000  3.968627e-01 
