  320.000  2.365515e-01 
  321.000  2.847596e-01 
  322.000  2.659316e-01 
  323.000  2.897728e-01 
  324.000  3.135052e-01 
  325.000  2.958389e-01 
  326.000  3.247909e-01 
  327.000  3.328321e-01 
  328.000  3.154446e-01 
  329.000  3.487550e-01 
  330.000  3.540102e-01 
  331.000  3.436055e-01 
  332.000  3.636731e-01 
  333.000  3.695073e-01 
  334.000  3.647176e-01 
  335.000  3.793722e-01 
  336.000  3.852942e-01 
  337.000  3.827994e-01 
  338.000  3.897329e-01 
  339.000  3.968782e-01 
  340.000  3.957047e-01 
  341.000  4.026343e-01 
  342.000  4.076957e-01 
  343.000  4.102359e-01 
  344.000  4.107547e-01 
  345.000  4.176018e-01 
  346.000  4.219200e-01 
  347.000  4.254377e-01 
  348.000  4.287302e-01 
  349.000  4.324255e-01 
  350.000  4.355817e-01 
  351.000  4.387229e-01 
  352.000  4.412981e-01 
  353.000  4.449573e-01 
  354.000  4.480698e-01 
  355.000  4.509641e-01 
  356.000  4.537824e-01 
  357.000  4.562890e-01 
  358.000  4.589842e-01 
  359.000  4.616750e-01 
  360.000  4.644287e-01 
  361.000  4.679048e-01 
  362.000  4.715212e-01 
  363.000  4.748488e-01 
  364.000  4.779087e-01 
  365.000  4.807767e-01 
  366.000  4.837070e-01 
  367.000  4.864950e-01 
  368.000  4.892556e-01 
  369.000  4.919905e-01 
  370.000  4.946951e-01 
  371.000  4.973767e-01 
  372.000  5.000343e-01 
  373.000  5.026675e-01 
  374.000  5.052566e-01 
  375.000  5.077939e-01 
  376.000  5.102434e-01 
  377.000  5.125571e-01 
  378.000  5.147048e-01 
  379.000  5.168858e-01 
  380.000  5.192830e-01 
  381.000  5.220100e-01 
  382.000  5.248337e-01 
  383.000  5.275020e-01 
  384.000  5.300313e-01 
  385.000  5.324665e-01 
  386.000  5.348377e-01 
  387.000  5.371690e-01 
  388.000  5.394689e-01 
  389.000  5.417483e-01 
  390.000  5.440079e-01 
  391.000  5.462427e-01 
  392.000  5.484595e-01 
  393.000  5.506564e-01 
  394.000  5.528314e-01 
  395.000  5.549828e-01 
  396.000  5.571188e-01 
  397.000  5.592287e-01 
  398.000  5.613177e-01 
  399.000  5.633876e-01 
  400.000  5.654276e-01 
  401.000  5.674585e-01 
  402.000  5.694717e-01 
  403.000  5.714663e-01 
  404.000  5.734420e-01 
  405.000  5.753949e-01 
  406.000  5.773336e-01 
  407.000  5.792559e-01 
  408.000  5.811602e-01 
  409.000  5.830448e-01 
  410.000  5.849103e-01 
  411.000  5.867562e-01 
  412.000  5.885813e-01 
  413.000  5.903949e-01 
  414.000  5.920774e-01 
  415.000  5.938966e-01 
  416.000  5.956917e-01 
  417.000  5.974559e-01 
  418.000  5.991787e-01 
  419.000  6.008815e-01 
  420.000  6.025680e-01 
  421.000  6.042436e-01 
  422.000  6.059079e-01 
  423.000  6.075591e-01 
  424.000  6.091899e-01 
  425.000  6.107826e-01 
  426.000  6.123590e-01 
  427.000  6.139208e-01 
  428.000  6.154541e-01 
  429.000  6.169653e-01 
  430.000  6.184582e-01 
  431.000  6.199393e-01 
  432.000  6.214043e-01 
  433.000  6.228548e-01 
  434.000  6.242924e-01 
  435.000  6.257154e-01 
  436.000  6.271219e-01 
  437.000  6.285125e-01 
  438.000  6.298867e-01 
  439.000  6.312498e-01 
  440.000  6.325904e-01 
  441.000  6.339134e-01 
  442.000  6.352150e-01 
  443.000  6.364965e-01 
  444.000  6.377574e-01 
  445.000  6.389906e-01 
  446.000  6.401893e-01 
  447.000  6.414459e-01 
  448.000  6.427927e-01 
  449.000  6.441554e-01 
  450.000  6.454913e-01 
  451.000  6.467746e-01 
  452.000  6.480124e-01 
  453.000  6.492245e-01 
  454.000  6.504142e-01 
  455.000  6.515346e-01 
  456.000  6.525642e-01 
  457.000  6.535937e-01 
  458.000  6.546091e-01 
  459.000  6.556027e-01 
  460.000  6.565881e-01 
  461.000  6.575628e-01 
  462.000  6.585186e-01 
  463.000  6.594701e-01 
  464.000  6.607083e-01 
  465.000  6.619276e-01 
  466.000  6.631250e-01 
  467.000  6.642942e-01 
  468.000  6.652463e-01 
  469.000  6.660661e-01 
  470.000  6.668198e-01 
  471.000  6.674982e-01 
  472.000  6.680741e-01 
  473.000  6.684777e-01 
  474.000  6.688091e-01 
  475.000  6.688942e-01 
  476.000  6.687302e-01 
  477.000  6.687268e-01 
  478.000  6.696854e-01 
  479.000  6.711442e-01 
  480.000  6.727181e-01 
  481.000  6.741294e-01 
  482.000  6.754525e-01 
  483.000  6.766023e-01 
  484.000  6.775903e-01 
  485.000  6.784735e-01 
  486.000  6.794152e-01 
  487.000  6.804063e-01 
  488.000  6.813653e-01 
  489.000  6.823063e-01 
  490.000  6.832360e-01 
  491.000  6.839638e-01 
  492.000  6.846290e-01 
  493.000  6.852908e-01 
  494.000  6.859337e-01 
  495.000  6.865764e-01 
  496.000  6.869076e-01 
  497.000  6.872261e-01 
  498.000  6.875400e-01 
  499.000  6.878369e-01 
  500.000  6.881291e-01 
  501.000  6.883888e-01 
  502.000  6.886486e-01 
  503.000  6.889050e-01 
  504.000  6.891497e-01 
  505.000  6.893809e-01 
  506.000  6.900582e-01 
  507.000  6.907549e-01 
  508.000  6.914505e-01 
  509.000  6.921379e-01 
  510.000  6.928105e-01 
  511.000  6.934134e-01 
  512.000  6.939955e-01 
  513.000  6.945742e-01 
  514.000  6.951455e-01 
  515.000  6.957118e-01 
  516.000  6.961163e-01 
  517.000  6.963755e-01 
  518.000  6.966277e-01 
  519.000  6.968750e-01 
  520.000  6.971198e-01 
  521.000  6.973392e-01 
  522.000  6.974974e-01 
  523.000  6.976115e-01 
  524.000  6.977293e-01 
  525.000  6.978223e-01 
  526.000  6.979526e-01 
  527.000  6.979735e-01 
  528.000  6.979502e-01 
  529.000  6.979256e-01 
  530.000  6.979066e-01 
  531.000  6.978908e-01 
  532.000  6.979260e-01 
  533.000  6.982438e-01 
  534.000  6.986451e-01 
  535.000  6.990979e-01 
  536.000  6.995355e-01 
  537.000  6.999359e-01 
  538.000  7.002938e-01 
  539.000  7.006254e-01 
  540.000  7.009364e-01 
  541.000  7.012383e-01 
  542.000  7.015271e-01 
  543.000  7.018055e-01 
  544.000  7.020161e-01 
  545.000  7.021711e-01 
  546.000  7.023191e-01 
  547.000  7.024712e-01 
  548.000  7.026157e-01 
  549.000  7.027579e-01 
  550.000  7.028269e-01 
  551.000  7.028232e-01 
  552.000  7.028224e-01 
  553.000  7.028066e-01 
  554.000  7.027839e-01 
  555.000  7.027572e-01 
  556.000  7.027029e-01 
  557.000  7.026011e-01 
  558.000  7.024910e-01 
  559.000  7.023683e-01 
  560.000  7.022147e-01 
  561.000  7.020332e-01 
  562.000  7.017757e-01 
  563.000  7.015615e-01 
  564.000  7.012961e-01 
  565.000  7.009326e-01 
  566.000  7.005736e-01 
  567.000  6.999687e-01 
  568.000  6.986384e-01 
  569.000  6.963609e-01 
  570.000  6.962685e-01 
  571.000  6.972249e-01 
  572.000  6.954742e-01 
  573.000  6.953844e-01 
  574.000  6.951503e-01 
  575.000  6.948693e-01 
  576.000  6.950353e-01 
  577.000  6.957392e-01 
  578.000  6.967812e-01 
  579.000  6.980957e-01 
  580.000  6.997809e-01 
  581.000  7.018555e-01 
  582.000  7.034791e-01 
  583.000  7.047549e-01 
  584.000  7.058555e-01 
  585.000  7.067994e-01 
  586.000  7.076529e-01 
  587.000  7.077666e-01 
  588.000  7.057676e-01 
  589.000  7.019403e-01 
  590.000  7.020240e-01 
  591.000  7.052765e-01 
  592.000  7.040280e-01 
  593.000  7.076312e-01 
  594.000  7.071751e-01 
  595.000  7.050961e-01 
  596.000  7.082040e-01 
  597.000  7.071490e-01 
  598.000  7.081112e-01 
  599.000  7.083364e-01 
  600.000  7.092114e-01 
  601.000  7.096837e-01 
  602.000  7.096208e-01 
  603.000  7.101368e-01 
  604.000  7.109868e-01 
  605.000  7.117032e-01 
  606.000  7.123175e-01 
  607.000  7.129139e-01 
  608.000  7.135196e-01 
  609.000  7.141016e-01 
  610.000  7.147089e-01 
  611.000  7.153839e-01 
  612.000  7.160448e-01 
  613.000  7.166852e-01 
  614.000  7.173067e-01 
  615.000  7.179264e-01 
  616.000  7.185233e-01 
  617.000  7.190870e-01 
  618.000  7.195595e-01 
  619.000  7.199593e-01 
  620.000  7.203292e-01 
  621.000  7.206471e-01 
  622.000  7.209128e-01 
  623.000  7.210906e-01 
  624.000  7.212802e-01 
  625.000  7.214396e-01 
  626.000  7.214676e-01 
  627.000  7.199047e-01 
  628.000  6.977995e-01 
  629.000  7.124249e-01 
  630.000  7.134566e-01 
  631.000  7.175483e-01 
  632.000  7.197318e-01 
  633.000  7.230989e-01 
  634.000  7.253923e-01 
  635.000  7.269009e-01 
  636.000  7.284360e-01 
  637.000  7.298127e-01 
  638.000  7.315204e-01 
  639.000  7.326519e-01 
  640.000  7.340176e-01 
  641.000  7.350566e-01 
  642.000  7.361005e-01 
  643.000  7.364585e-01 
  644.000  7.372010e-01 
  645.000  7.373447e-01 
  646.000  7.356238e-01 
  647.000  7.346600e-01 
  648.000  7.334024e-01 
  649.000  7.356285e-01 
  650.000  7.392517e-01 
  651.000  7.397571e-01 
  652.000  7.375416e-01 
  653.000  7.411560e-01 
  654.000  7.413226e-01 
  655.000  7.407136e-01 
  656.000  7.415494e-01 
  657.000  7.426459e-01 
  658.000  7.442009e-01 
  659.000  7.453061e-01 
  660.000  7.460805e-01 
  661.000  7.473783e-01 
  662.000  7.482497e-01 
  663.000  7.486533e-01 
  664.000  7.492788e-01 
  665.000  7.498754e-01 
  666.000  7.505124e-01 
  667.000  7.511094e-01 
  668.000  7.517457e-01 
  669.000  7.523063e-01 
  670.000  7.528440e-01 
  671.000  7.533891e-01 
  672.000  7.539141e-01 
  673.000  7.544348e-01 
  674.000  7.549526e-01 
  675.000  7.554693e-01 
  676.000  7.559611e-01 
  677.000  7.564117e-01 
  678.000  7.568614e-01 
  679.000  7.572834e-01 
  680.000  7.575894e-01 
  681.000  7.578510e-01 
  682.000  7.582282e-01 
  683.000  7.585481e-01 
  684.000  7.586764e-01 
  685.000  7.592695e-01 
  686.000  7.566640e-01 
  687.000  6.576397e-01 
  688.000  6.881776e-01 
  689.000  6.799780e-01 
  690.000  6.958011e-01 
  691.000  7.184576e-01 
  692.000  7.349803e-01 
  693.000  7.413486e-01 
  694.000  7.438054e-01 
  695.000  7.489994e-01 
  696.000  7.517794e-01 
  697.000  7.595264e-01 
  698.000  7.584382e-01 
  699.000  7.523144e-01 
  700.000  7.536216e-01 
  701.000  7.524003e-01 
  702.000  7.536691e-01 
  703.000  7.592307e-01 
  704.000  7.596665e-01 
  705.000  7.576454e-01 
  706.000  7.582466e-01 
  707.000  7.592059e-01 
  708.000  7.602255e-01 
  709.000  7.621307e-01 
  710.000  7.604565e-01 
  711.000  7.625136e-01 
  712.000  7.642343e-01 
  713.000  7.631800e-01 
  714.000  7.629329e-01 
  715.000  7.610604e-01 
  716.000  7.591512e-01 
  717.000  7.452558e-01 
  718.000  7.365612e-01 
  719.000  7.335303e-01 
  720.000  7.286166e-01 
  721.000  7.503346e-01 
  722.000  7.578793e-01 
  723.000  7.539031e-01 
  724.000  7.420313e-01 
  725.000  7.440383e-01 
  726.000  7.435677e-01 
  727.000  7.454013e-01 
  728.000  7.436096e-01 
  729.000  7.483661e-01 
  730.000  7.476281e-01 
  731.000  7.467133e-01 
  732.000  7.545953e-01 
  733.000  7.619689e-01 
  734.000  7.655122e-01 
  735.000  7.643883e-01 
  736.000  7.621862e-01 
  737.000  7.639914e-01 
  738.000  7.664322e-01 
  739.000  7.675209e-01 
  740.000  7.698312e-01 
  741.000  7.711295e-01 
  742.000  7.717563e-01 
  743.000  7.729992e-01 
  744.000  7.736158e-01 
  745.000  7.741184e-01 
  746.000  7.745479e-01 
  747.000  7.747504e-01 
  748.000  7.751904e-01 
  749.000  7.754729e-01 
  750.000  7.755182e-01 
  751.000  7.757061e-01 
  752.000  7.761046e-01 
  753.000  7.763444e-01 
  754.000  7.765605e-01 
  755.000  7.767457e-01 
  756.000  7.769331e-01 
  757.000  7.770661e-01 
  758.000  7.758312e-01 
  759.000  7.231963e-01 
  760.000  3.322317e-01 
  761.000  2.954140e-01 
  762.000  5.213748e-01 
  763.000  4.509369e-01 
  764.000  4.857941e-01 
  765.000  5.650279e-01 
  766.000  6.607947e-01 
  767.000  7.091725e-01 
  768.000  7.408306e-01 
  769.000  7.617322e-01 
  770.000  7.727991e-01 
  771.000  7.781752e-01 
  772.000  7.794902e-01 
  773.000  7.800968e-01 
  774.000  7.808708e-01 
  775.000  7.812884e-01 
  776.000  7.815755e-01 
  777.000  7.817159e-01 
  778.000  7.817944e-01 
  779.000  7.818529e-01 
  780.000  7.819046e-01 
  781.000  7.820885e-01 
  782.000  7.821358e-01 
  783.000  7.821869e-01 
  784.000  7.821518e-01 
  785.000  7.816582e-01 
  786.000  7.809204e-01 
  787.000  7.792392e-01 
  788.000  7.783962e-01 
  789.000  7.752042e-01 
  790.000  7.749818e-01 
  791.000  7.756702e-01 
  792.000  7.763051e-01 
  793.000  7.777080e-01 
  794.000  7.805542e-01 
  795.000  7.789310e-01 
  796.000  7.743176e-01 
  797.000  7.757143e-01 
  798.000  7.787157e-01 
  799.000  7.780977e-01 
  800.000  7.760059e-01 
  801.000  7.763163e-01 
  802.000  7.761518e-01 
  803.000  7.765177e-01 
  804.000  7.775749e-01 
  805.000  7.795527e-01 
  806.000  7.806693e-01 
  807.000  7.807716e-01 
  808.000  7.801949e-01 
  809.000  7.795102e-01 
  810.000  7.786947e-01 
  811.000  7.769557e-01 
  812.000  7.745947e-01 
  813.000  7.716721e-01 
  814.000  7.677692e-01 
  815.000  7.628706e-01 
  816.000  7.563974e-01 
  817.000  7.568523e-01 
  818.000  7.574418e-01 
  819.000  7.596168e-01 
  820.000  7.667856e-01 
  821.000  7.748577e-01 
  822.000  7.688099e-01 
  823.000  7.513670e-01 
  824.000  7.661809e-01 
  825.000  7.754518e-01 
  826.000  7.738855e-01 
  827.000  7.727690e-01 
  828.000  7.667190e-01 
  829.000  7.689726e-01 
  830.000  7.714653e-01 
  831.000  7.720687e-01 
  832.000  7.723257e-01 
  833.000  7.737607e-01 
  834.000  7.754343e-01 
  835.000  7.787145e-01 
  836.000  7.776983e-01 
  837.000  7.776133e-01 
  838.000  7.792342e-01 
  839.000  7.802259e-01 
  840.000  7.806126e-01 
  841.000  7.796108e-01 
  842.000  7.805814e-01 
  843.000  7.827710e-01 
  844.000  7.837917e-01 
  845.000  7.843037e-01 
  846.000  7.848145e-01 
  847.000  7.853818e-01 
  848.000  7.845317e-01 
  849.000  7.846900e-01 
  850.000  7.843105e-01 
  851.000  7.838144e-01 
  852.000  7.839068e-01 
  853.000  7.848291e-01 
  854.000  7.848167e-01 
  855.000  7.852712e-01 
  856.000  7.862175e-01 
  857.000  7.866276e-01 
  858.000  7.868555e-01 
  859.000  7.873661e-01 
  860.000  7.876322e-01 
  861.000  7.877053e-01 
  862.000  7.878647e-01 
  863.000  7.879193e-01 
  864.000  7.880406e-01 
  865.000  7.881467e-01 
  866.000  7.882031e-01 
  867.000  7.882274e-01 
  868.000  7.882758e-01 
  869.000  7.883363e-01 
  870.000  7.883558e-01 
  871.000  7.884146e-01 
  872.000  7.885054e-01 
  873.000  7.884873e-01 
  874.000  7.884939e-01 
  875.000  7.885230e-01 
  876.000  7.884639e-01 
  877.000  7.884513e-01 
  878.000  7.881668e-01 
  879.000  7.881803e-01 
  880.000  7.879606e-01 
  881.000  7.878439e-01 
  882.000  7.877626e-01 
  883.000  7.879090e-01 
  884.000  7.879995e-01 
  885.000  7.875210e-01 
  886.000  7.868446e-01 
  887.000  7.874485e-01 
  888.000  7.874492e-01 
  889.000  7.876382e-01 
  890.000  7.872753e-01 
  891.000  7.864673e-01 
  892.000  7.847154e-01 
  893.000  7.793164e-01 
  894.000  7.766190e-01 
  895.000  7.680764e-01 
  896.000  7.603553e-01 
  897.000  7.521139e-01 
  898.000  7.482309e-01 
  899.000  7.367702e-01 
  900.000  7.385392e-01 
  901.000  7.355081e-01 
  902.000  7.360023e-01 
  903.000  7.552446e-01 
  904.000  7.665925e-01 
  905.000  7.661535e-01 
  906.000  7.591033e-01 
  907.000  7.463564e-01 
  908.000  7.377792e-01 
  909.000  7.382155e-01 
  910.000  7.395644e-01 
  911.000  7.453260e-01 
  912.000  7.425716e-01 
  913.000  7.303382e-01 
  914.000  7.364451e-01 
  915.000  7.411695e-01 
  916.000  7.424259e-01 
  917.000  7.449383e-01 
  918.000  7.481771e-01 
  919.000  7.590910e-01 
  920.000  7.671273e-01 
  921.000  7.653399e-01 
  922.000  7.651971e-01 
  923.000  7.629704e-01 
  924.000  7.575553e-01 
  925.000  7.572117e-01 
  926.000  7.573388e-01 
  927.000  7.511404e-01 
  928.000  7.414122e-01 
  929.000  7.269475e-01 
  930.000  7.077641e-01 
  931.000  6.851476e-01 
  932.000  6.543704e-01 
  933.000  6.288055e-01 
  934.000  6.000777e-01 
  935.000  5.971753e-01 
  936.000  6.093630e-01 
  937.000  6.060203e-01 
  938.000  6.369701e-01 
  939.000  7.085533e-01 
  940.000  7.180449e-01 
  941.000  7.095170e-01 
  942.000  6.882028e-01 
  943.000  6.501518e-01 
  944.000  6.475471e-01 
  945.000  6.619995e-01 
  946.000  6.625903e-01 
  947.000  6.744942e-01 
  948.000  6.813577e-01 
  949.000  6.802279e-01 
  950.000  6.819164e-01 
  951.000  6.970184e-01 
  952.000  6.804337e-01 
  953.000  6.916941e-01 
  954.000  7.033907e-01 
  955.000  6.934357e-01 
  956.000  6.907767e-01 
  957.000  7.201592e-01 
  958.000  7.235912e-01 
  959.000  7.186480e-01 
  960.000  7.171051e-01 
  961.000  7.145823e-01 
  962.000  7.166598e-01 
  963.000  7.320606e-01 
  964.000  7.341499e-01 
  965.000  7.325958e-01 
  966.000  7.333087e-01 
  967.000  7.438831e-01 
  968.000  7.609900e-01 
  969.000  7.684665e-01 
  970.000  7.688360e-01 
  971.000  7.686620e-01 
  972.000  7.665653e-01 
  973.000  7.616388e-01 
  974.000  7.555298e-01 
  975.000  7.515543e-01 
  976.000  7.564361e-01 
  977.000  7.643588e-01 
  978.000  7.636891e-01 
  979.000  7.656774e-01 
  980.000  7.735569e-01 
  981.000  7.752668e-01 
  982.000  7.734954e-01 
  983.000  7.774732e-01 
  984.000  7.815397e-01 
  985.000  7.838328e-01 
  986.000  7.867763e-01 
  987.000  7.879679e-01 
  988.000  7.882624e-01 
  989.000  7.884549e-01 
  990.000  7.887775e-01 
  991.000  7.898637e-01 
  992.000  7.901926e-01 
  993.000  7.903241e-01 
  994.000  7.913198e-01 
  995.000  7.919788e-01 
  996.000  7.919883e-01 
  997.000  7.915868e-01 
  998.000  7.911173e-01 
  999.000  7.909464e-01 
 1000.000  7.911184e-01 
 1001.000  7.900968e-01 
 1002.000  7.884467e-01 
 1003.000  7.888664e-01 
 1004.000  7.898271e-01 
 1005.000  7.902918e-01 
 1006.000  7.904243e-01 
 1007.000  7.901136e-01 
 1008.000  7.887710e-01 
 1009.000  7.870195e-01 
 1010.000  7.878411e-01 
 1011.000  7.896881e-01 
 1012.000  7.904440e-01 
 1013.000  7.909976e-01 
 1014.000  7.912449e-01 
 1015.000  7.912839e-01 
 1016.000  7.915498e-01 
 1017.000  7.917073e-01 
 1018.000  7.913622e-01 
 1019.000  7.907019e-01 
 1020.000  7.909048e-01 
 1021.000  7.914014e-01 
 1022.000  7.905796e-01 
 1023.000  7.898649e-01 
 1024.000  7.894606e-01 
 1025.000  7.906882e-01 
 1026.000  7.911955e-01 
 1027.000  7.909312e-01 
 1028.000  7.910907e-01 
 1029.000  7.915999e-01 
 1030.000  7.920638e-01 
 1031.000  7.922868e-01 
 1032.000  7.924570e-01 
 1033.000  7.924653e-01 
 1034.000  7.925359e-01 
 1035.000  7.924958e-01 
 1036.000  7.922804e-01 
 1037.000  7.921395e-01 
 1038.000  7.921576e-01 
 1039.000  7.920394e-01 
 1040.000  7.918972e-01 
 1041.000  7.917805e-01 
 1042.000  7.917194e-01 
 1043.000  7.916556e-01 
 1044.000  7.915145e-01 
 1045.000  7.912541e-01 
 1046.000  7.910497e-01 
 1047.000  7.907779e-01 
 1048.000  7.902698e-01 
 1049.000  7.896636e-01 
 1050.000  7.893317e-01 
 1051.000  7.890441e-01 
 1052.000  7.887077e-01 
 1053.000  7.884995e-01 
 1054.000  7.881003e-01 
 1055.000  7.876827e-01 
 1056.000  7.872072e-01 
 1057.000  7.864231e-01 
 1058.000  7.852632e-01 
 1059.000  7.850323e-01 
 1060.000  7.851762e-01 
 1061.000  7.849008e-01 
 1062.000  7.840815e-01 
 1063.000  7.834262e-01 
 1064.000  7.825983e-01 
 1065.000  7.820347e-01 
 1066.000  7.820385e-01 
 1067.000  7.816307e-01 
 1068.000  7.807336e-01 
 1069.000  7.810648e-01 
 1070.000  7.818459e-01 
 1071.000  7.817118e-01 
 1072.000  7.814497e-01 
 1073.000  7.816961e-01 
 1074.000  7.821649e-01 
 1075.000  7.834892e-01 
 1076.000  7.832327e-01 
 1077.000  7.826667e-01 
 1078.000  7.819301e-01 
 1079.000  7.820719e-01 
 1080.000  7.795491e-01 
 1081.000  7.796010e-01 
 1082.000  7.810012e-01 
 1083.000  7.797571e-01 
 1084.000  7.783297e-01 
 1085.000  7.746373e-01 
 1086.000  7.757032e-01 
 1087.000  7.800761e-01 
 1088.000  7.803666e-01 
 1089.000  7.753594e-01 
 1090.000  7.745249e-01 
 1091.000  7.756400e-01 
 1092.000  7.732285e-01 
 1093.000  7.675298e-01 
 1094.000  7.650627e-01 
 1095.000  7.655744e-01 
 1096.000  7.660689e-01 
 1097.000  7.650517e-01 
 1098.000  7.506291e-01 
 1099.000  7.379800e-01 
 1100.000  7.389477e-01 
 1101.000  7.408241e-01 
 1102.000  7.401264e-01 
 1103.000  7.414194e-01 
 1104.000  7.393689e-01 
 1105.000  7.340503e-01 
 1106.000  7.284904e-01 
 1107.000  7.301089e-01 
 1108.000  7.314304e-01 
 1109.000  7.365634e-01 
 1110.000  7.364751e-01 
 1111.000  7.341219e-01 
 1112.000  7.226359e-01 
 1113.000  7.067140e-01 
 1114.000  7.032048e-01 
 1115.000  6.828151e-01 
 1116.000  6.695241e-01 
 1117.000  6.356134e-01 
 1118.000  6.027784e-01 
 1119.000  5.850217e-01 
 1120.000  5.606369e-01 
 1121.000  5.552512e-01 
 1122.000  5.262979e-01 
 1123.000  5.435644e-01 
 1124.000  5.546700e-01 
 1125.000  5.491815e-01 
 1126.000  5.467604e-01 
 1127.000  5.487461e-01 
 1128.000  5.526319e-01 
 1129.000  5.791824e-01 
 1130.000  6.361814e-01 
 1131.000  6.512785e-01 
 1132.000  6.308642e-01 
 1133.000  5.895020e-01 
 1134.000  5.018429e-01 
 1135.000  5.090440e-01 
 1136.000  5.947217e-01 
 1137.000  6.343651e-01 
 1138.000  6.685818e-01 
 1139.000  6.771020e-01 
 1140.000  6.707954e-01 
 1141.000  6.570742e-01 
 1142.000  6.524905e-01 
 1143.000  6.376295e-01 
 1144.000  6.198933e-01 
 1145.000  5.929256e-01 
 1146.000  5.994074e-01 
 1147.000  6.202247e-01 
 1148.000  6.378139e-01 
 1149.000  6.443740e-01 
 1150.000  6.438544e-01 
