  320.000  1.378700e-01 
  321.000  1.740379e-01 
  322.000  1.597093e-01 
  323.000  1.778949e-01 
  324.000  1.963824e-01 
  325.000  1.825848e-01 
  326.000  2.053023e-01 
  327.000  2.117065e-01 
  328.000  1.979095e-01 
  329.000  2.245044e-01 
  330.000  2.287616e-01 
  331.000  2.203488e-01 
  332.000  2.366315e-01 
  333.000  2.414092e-01 
  334.000  2.374854e-01 
  335.000  2.495316e-01 
  336.000  2.544337e-01 
  337.000  2.523662e-01 
  338.000  2.581207e-01 
  339.000  2.640783e-01 
  340.000  2.630979e-01 
  341.000  2.688978e-01 
  342.000  2.731501e-01 
  343.000  2.752894e-01 
  344.000  2.757268e-01 
  345.000  2.815119e-01 
  346.000  2.851729e-01 
  347.000  2.881624e-01 
  348.000  2.909661e-01 
  349.000  2.941195e-01 
  350.000  2.968183e-01 
  351.000  2.995093e-01 
  352.000  3.017191e-01 
  353.000  3.048646e-01 
  354.000  3.075455e-01 
  355.000  3.100428e-01 
  356.000  3.124783e-01 
  357.000  3.146478e-01 
  358.000  3.169839e-01 
  359.000  3.193197e-01 
  360.000  3.217137e-01 
  361.000  3.247410e-01 
  362.000  3.278965e-01 
  363.000  3.308055e-01 
  364.000  3.334851e-01 
  365.000  3.360007e-01 
  366.000  3.385749e-01 
  367.000  3.410277e-01 
  368.000  3.434601e-01 
  369.000  3.458732e-01 
  370.000  3.482630e-01 
  371.000  3.506357e-01 
  372.000  3.529905e-01 
  373.000  3.553268e-01 
  374.000  3.576270e-01 
  375.000  3.598842e-01 
  376.000  3.620660e-01 
  377.000  3.641292e-01 
  378.000  3.660466e-01 
  379.000  3.679958e-01 
  380.000  3.701407e-01 
  381.000  3.725837e-01 
  382.000  3.751169e-01 
  383.000  3.775137e-01 
  384.000  3.797886e-01 
  385.000  3.819816e-01 
  386.000  3.841193e-01 
  387.000  3.862234e-01 
  388.000  3.883016e-01 
  389.000  3.903634e-01 
  390.000  3.924094e-01 
  391.000  3.944352e-01 
  392.000  3.964467e-01 
  393.000  3.984423e-01 
  394.000  4.004200e-01 
  395.000  4.023781e-01 
  396.000  4.043242e-01 
  397.000  4.062483e-01 
  398.000  4.081553e-01 
  399.000  4.100466e-01 
  400.000  4.119123e-01 
  401.000  4.137714e-01 
  402.000  4.156160e-01 
  403.000  4.174453e-01 
  404.000  4.192587e-01 
  405.000  4.210528e-01 
  406.000  4.228354e-01 
  407.000  4.246044e-01 
  408.000  4.263585e-01 
  409.000  4.280957e-01 
  410.000  4.298168e-01 
  411.000  4.315212e-01 
  412.000  4.332078e-01 
  413.000  4.348850e-01 
  414.000  4.364421e-01 
  415.000  4.381271e-01 
  416.000  4.397910e-01 
  417.000  4.414275e-01 
  418.000  4.430268e-01 
  419.000  4.446087e-01 
  420.000  4.461766e-01 
  421.000  4.477355e-01 
  422.000  4.492851e-01 
  423.000  4.508234e-01 
  424.000  4.523439e-01 
  425.000  4.538297e-01 
  426.000  4.553014e-01 
  427.000  4.567603e-01 
  428.000  4.581936e-01 
  429.000  4.596071e-01 
  430.000  4.610044e-01 
  431.000  4.623915e-01 
  432.000  4.637643e-01 
  433.000  4.651244e-01 
  434.000  4.664732e-01 
  435.000  4.678091e-01 
  436.000  4.691301e-01 
  437.000  4.704371e-01 
  438.000  4.717293e-01 
  439.000  4.730119e-01 
  440.000  4.742739e-01 
  441.000  4.755201e-01 
  442.000  4.767467e-01 
  443.000  4.779551e-01 
  444.000  4.791445e-01 
  445.000  4.803086e-01 
  446.000  4.814405e-01 
  447.000  4.826277e-01 
  448.000  4.839008e-01 
  449.000  4.851896e-01 
  450.000  4.864538e-01 
  451.000  4.876688e-01 
  452.000  4.888413e-01 
  453.000  4.899901e-01 
  454.000  4.911181e-01 
  455.000  4.921809e-01 
  456.000  4.931580e-01 
  457.000  4.941354e-01 
  458.000  4.950998e-01 
  459.000  4.960438e-01 
  460.000  4.969804e-01 
  461.000  4.979072e-01 
  462.000  4.988164e-01 
  463.000  4.997218e-01 
  464.000  5.009006e-01 
  465.000  5.020619e-01 
  466.000  5.032028e-01 
  467.000  5.043175e-01 
  468.000  5.052255e-01 
  469.000  5.060076e-01 
  470.000  5.067269e-01 
  471.000  5.073745e-01 
  472.000  5.079243e-01 
  473.000  5.083098e-01 
  474.000  5.086263e-01 
  475.000  5.087076e-01 
  476.000  5.085509e-01 
  477.000  5.085477e-01 
  478.000  5.094635e-01 
  479.000  5.108578e-01 
  480.000  5.123629e-01 
  481.000  5.137133e-01 
  482.000  5.149800e-01 
  483.000  5.160813e-01 
  484.000  5.170280e-01 
  485.000  5.178746e-01 
  486.000  5.187775e-01 
  487.000  5.197282e-01 
  488.000  5.206484e-01 
  489.000  5.215517e-01 
  490.000  5.224445e-01 
  491.000  5.231436e-01 
  492.000  5.237827e-01 
  493.000  5.244187e-01 
  494.000  5.250367e-01 
  495.000  5.256547e-01 
  496.000  5.259731e-01 
  497.000  5.262795e-01 
  498.000  5.265814e-01 
  499.000  5.268670e-01 
  500.000  5.271482e-01 
  501.000  5.273981e-01 
  502.000  5.276480e-01 
  503.000  5.278949e-01 
  504.000  5.281303e-01 
  505.000  5.283529e-01 
  506.000  5.290049e-01 
  507.000  5.296759e-01 
  508.000  5.303459e-01 
  509.000  5.310082e-01 
  510.000  5.316564e-01 
  511.000  5.322376e-01 
  512.000  5.327988e-01 
  513.000  5.333568e-01 
  514.000  5.339080e-01 
  515.000  5.344543e-01 
  516.000  5.348446e-01 
  517.000  5.350948e-01 
  518.000  5.353381e-01 
  519.000  5.355768e-01 
  520.000  5.358132e-01 
  521.000  5.360250e-01 
  522.000  5.361778e-01 
  523.000  5.362879e-01 
  524.000  5.364017e-01 
  525.000  5.364914e-01 
  526.000  5.366173e-01 
  527.000  5.366375e-01 
  528.000  5.366150e-01 
  529.000  5.365912e-01 
  530.000  5.365728e-01 
  531.000  5.365576e-01 
  532.000  5.365916e-01 
  533.000  5.368985e-01 
  534.000  5.372860e-01 
  535.000  5.377234e-01 
  536.000  5.381463e-01 
  537.000  5.385332e-01 
  538.000  5.388790e-01 
  539.000  5.391996e-01 
  540.000  5.395002e-01 
  541.000  5.397921e-01 
  542.000  5.400712e-01 
  543.000  5.403405e-01 
  544.000  5.405441e-01 
  545.000  5.406941e-01 
  546.000  5.408372e-01 
  547.000  5.409844e-01 
  548.000  5.411241e-01 
  549.000  5.412617e-01 
  550.000  5.413284e-01 
  551.000  5.413249e-01 
  552.000  5.413241e-01 
  553.000  5.413088e-01 
  554.000  5.412868e-01 
  555.000  5.412610e-01 
  556.000  5.412085e-01 
  557.000  5.411100e-01 
  558.000  5.410035e-01 
  559.000  5.408847e-01 
  560.000  5.407359e-01 
  561.000  5.405596e-01 
  562.000  5.402175e-01 
  563.000  5.400025e-01 
  564.000  5.397227e-01 
  565.000  5.393049e-01 
  566.000  5.390011e-01 
  567.000  5.381209e-01 
  568.000  5.357563e-01 
  569.000  5.309489e-01 
  570.000  5.314859e-01 
  571.000  5.345175e-01 
  572.000  5.311823e-01 
  573.000  5.318205e-01 
  574.000  5.318758e-01 
  575.000  5.315750e-01 
  576.000  5.317479e-01 
  577.000  5.329125e-01 
  578.000  5.345587e-01 
  579.000  5.361376e-01 
  580.000  5.377321e-01 
  581.000  5.399278e-01 
  582.000  5.414820e-01 
  583.000  5.425247e-01 
  584.000  5.434796e-01 
  585.000  5.442055e-01 
  586.000  5.449476e-01 
  587.000  5.440349e-01 
  588.000  5.378283e-01 
  589.000  5.277831e-01 
  590.000  5.273787e-01 
  591.000  5.346588e-01 
  592.000  5.311243e-01 
  593.000  5.393730e-01 
  594.000  5.377958e-01 
  595.000  5.323263e-01 
  596.000  5.401661e-01 
  597.000  5.381274e-01 
  598.000  5.411432e-01 
  599.000  5.422102e-01 
  600.000  5.449021e-01 
  601.000  5.465192e-01 
  602.000  5.469394e-01 
  603.000  5.478115e-01 
  604.000  5.489771e-01 
  605.000  5.498345e-01 
  606.000  5.504738e-01 
  607.000  5.510919e-01 
  608.000  5.516872e-01 
  609.000  5.522570e-01 
  610.000  5.528474e-01 
  611.000  5.535035e-01 
  612.000  5.541459e-01 
  613.000  5.547685e-01 
  614.000  5.553728e-01 
  615.000  5.559754e-01 
  616.000  5.565561e-01 
  617.000  5.571046e-01 
  618.000  5.575644e-01 
  619.000  5.579535e-01 
  620.000  5.583137e-01 
  621.000  5.586231e-01 
  622.000  5.588818e-01 
  623.000  5.590549e-01 
  624.000  5.592390e-01 
  625.000  5.593929e-01 
  626.000  5.591766e-01 
  627.000  5.563157e-01 
  628.000  5.373125e-01 
  629.000  5.491099e-01 
  630.000  5.515500e-01 
  631.000  5.552769e-01 
  632.000  5.553018e-01 
  633.000  5.596761e-01 
  634.000  5.620636e-01 
  635.000  5.632635e-01 
  636.000  5.648353e-01 
  637.000  5.661914e-01 
  638.000  5.685093e-01 
  639.000  5.694948e-01 
  640.000  5.710972e-01 
  641.000  5.720011e-01 
  642.000  5.731617e-01 
  643.000  5.729097e-01 
  644.000  5.735571e-01 
  645.000  5.727505e-01 
  646.000  5.675790e-01 
  647.000  5.640373e-01 
  648.000  5.600023e-01 
  649.000  5.644375e-01 
  650.000  5.725173e-01 
  651.000  5.729343e-01 
  652.000  5.666060e-01 
  653.000  5.747833e-01 
  654.000  5.743465e-01 
  655.000  5.719345e-01 
  656.000  5.733393e-01 
  657.000  5.752705e-01 
  658.000  5.783318e-01 
  659.000  5.802898e-01 
  660.000  5.812545e-01 
  661.000  5.836835e-01 
  662.000  5.849432e-01 
  663.000  5.852029e-01 
  664.000  5.859307e-01 
  665.000  5.866407e-01 
  666.000  5.874336e-01 
  667.000  5.881497e-01 
  668.000  5.889548e-01 
  669.000  5.895606e-01 
  670.000  5.901085e-01 
  671.000  5.906797e-01 
  672.000  5.912007e-01 
  673.000  5.917136e-01 
  674.000  5.922225e-01 
  675.000  5.927317e-01 
  676.000  5.932112e-01 
  677.000  5.936518e-01 
  678.000  5.940933e-01 
  679.000  5.944676e-01 
  680.000  5.945533e-01 
  681.000  5.945302e-01 
  682.000  5.948439e-01 
  683.000  5.950398e-01 
  684.000  5.948131e-01 
  685.000  5.955616e-01 
  686.000  5.931166e-01 
  687.000  5.061575e-01 
  688.000  5.332423e-01 
  689.000  5.256098e-01 
  690.000  5.397642e-01 
  691.000  5.586904e-01 
  692.000  5.706482e-01 
  693.000  5.682754e-01 
  694.000  5.632778e-01 
  695.000  5.704052e-01 
  696.000  5.745002e-01 
  697.000  5.907209e-01 
  698.000  5.875682e-01 
  699.000  5.733082e-01 
  700.000  5.758066e-01 
  701.000  5.726983e-01 
  702.000  5.751619e-01 
  703.000  5.873109e-01 
  704.000  5.879344e-01 
  705.000  5.830591e-01 
  706.000  5.841172e-01 
  707.000  5.859841e-01 
  708.000  5.879944e-01 
  709.000  5.920155e-01 
  710.000  5.879155e-01 
  711.000  5.922793e-01 
  712.000  5.960072e-01 
  713.000  5.931725e-01 
  714.000  5.922770e-01 
  715.000  5.876187e-01 
  716.000  5.827864e-01 
  717.000  5.515051e-01 
  718.000  5.322788e-01 
  719.000  5.254096e-01 
  720.000  5.149335e-01 
  721.000  5.610410e-01 
  722.000  5.774603e-01 
  723.000  5.682992e-01 
  724.000  5.420999e-01 
  725.000  5.460654e-01 
  726.000  5.448739e-01 
  727.000  5.486405e-01 
  728.000  5.446163e-01 
  729.000  5.547279e-01 
  730.000  5.530071e-01 
  731.000  5.509200e-01 
  732.000  5.679540e-01 
  733.000  5.842473e-01 
  734.000  5.921036e-01 
  735.000  5.893816e-01 
  736.000  5.842662e-01 
  737.000  5.881823e-01 
  738.000  5.935513e-01 
  739.000  5.958794e-01 
  740.000  6.010038e-01 
  741.000  6.039770e-01 
  742.000  6.052441e-01 
  743.000  6.078957e-01 
  744.000  6.091508e-01 
  745.000  6.101277e-01 
  746.000  6.109068e-01 
  747.000  6.110986e-01 
  748.000  6.118665e-01 
  749.000  6.122869e-01 
  750.000  6.121091e-01 
  751.000  6.122931e-01 
  752.000  6.130109e-01 
  753.000  6.133292e-01 
  754.000  6.135884e-01 
  755.000  6.137710e-01 
  756.000  6.139604e-01 
  757.000  6.140925e-01 
  758.000  6.129195e-01 
  759.000  5.659747e-01 
  760.000  2.337925e-01 
  761.000  2.045809e-01 
  762.000  3.902207e-01 
  763.000  3.308854e-01 
  764.000  3.601160e-01 
  765.000  4.276074e-01 
  766.000  5.109124e-01 
  767.000  5.536541e-01 
  768.000  5.818495e-01 
  769.000  6.005632e-01 
  770.000  6.106408e-01 
  771.000  6.153977e-01 
  772.000  6.165906e-01 
  773.000  6.171282e-01 
  774.000  6.178239e-01 
  775.000  6.182429e-01 
  776.000  6.185410e-01 
  777.000  6.186412e-01 
  778.000  6.186506e-01 
  779.000  6.186470e-01 
  780.000  6.186396e-01 
  781.000  6.189564e-01 
  782.000  6.189398e-01 
  783.000  6.189330e-01 
  784.000  6.187143e-01 
  785.000  6.176105e-01 
  786.000  6.158891e-01 
  787.000  6.121418e-01 
  788.000  6.101290e-01 
  789.000  6.028726e-01 
  790.000  6.022714e-01 
  791.000  6.036702e-01 
  792.000  6.049635e-01 
  793.000  6.079485e-01 
  794.000  6.142560e-01 
  795.000  6.104366e-01 
  796.000  6.002271e-01 
  797.000  6.031740e-01 
  798.000  6.096587e-01 
  799.000  6.082042e-01 
  800.000  6.035197e-01 
  801.000  6.041009e-01 
  802.000  6.036456e-01 
  803.000  6.043537e-01 
  804.000  6.065845e-01 
  805.000  6.108416e-01 
  806.000  6.133896e-01 
  807.000  6.135213e-01 
  808.000  6.121075e-01 
  809.000  6.103657e-01 
  810.000  6.084567e-01 
  811.000  6.045176e-01 
  812.000  5.992116e-01 
  813.000  5.927076e-01 
  814.000  5.841216e-01 
  815.000  5.734434e-01 
  816.000  5.597253e-01 
  817.000  5.605130e-01 
  818.000  5.616493e-01 
  819.000  5.661853e-01 
  820.000  5.813267e-01 
  821.000  5.986228e-01 
  822.000  5.854945e-01 
  823.000  5.488620e-01 
  824.000  5.797561e-01 
  825.000  5.996431e-01 
  826.000  5.962574e-01 
  827.000  5.937608e-01 
  828.000  5.806891e-01 
  829.000  5.854173e-01 
  830.000  5.907115e-01 
  831.000  5.919639e-01 
  832.000  5.925167e-01 
  833.000  5.955741e-01 
  834.000  5.991709e-01 
  835.000  6.062959e-01 
  836.000  6.040200e-01 
  837.000  6.037894e-01 
  838.000  6.072676e-01 
  839.000  6.093829e-01 
  840.000  6.101610e-01 
  841.000  6.078948e-01 
  842.000  6.099560e-01 
  843.000  6.148325e-01 
  844.000  6.170509e-01 
  845.000  6.180930e-01 
  846.000  6.191879e-01 
  847.000  6.202862e-01 
  848.000  6.184427e-01 
  849.000  6.187100e-01 
  850.000  6.177529e-01 
  851.000  6.166090e-01 
  852.000  6.167393e-01 
  853.000  6.186684e-01 
  854.000  6.185786e-01 
  855.000  6.195551e-01 
  856.000  6.214284e-01 
  857.000  6.222686e-01 
  858.000  6.227495e-01 
  859.000  6.237175e-01 
  860.000  6.242433e-01 
  861.000  6.243412e-01 
  862.000  6.246510e-01 
  863.000  6.247041e-01 
  864.000  6.249211e-01 
  865.000  6.251013e-01 
  866.000  6.251597e-01 
  867.000  6.251431e-01 
  868.000  6.251833e-01 
  869.000  6.252528e-01 
  870.000  6.252255e-01 
  871.000  6.252919e-01 
  872.000  6.254343e-01 
  873.000  6.253192e-01 
  874.000  6.252629e-01 
  875.000  6.252601e-01 
  876.000  6.250491e-01 
  877.000  6.249483e-01 
  878.000  6.243402e-01 
  879.000  6.243095e-01 
  880.000  6.237985e-01 
  881.000  6.234908e-01 
  882.000  6.232635e-01 
  883.000  6.235750e-01 
  884.000  6.236488e-01 
  885.000  6.225735e-01 
  886.000  6.210817e-01 
  887.000  6.223067e-01 
  888.000  6.222486e-01 
  889.000  6.226375e-01 
  890.000  6.217312e-01 
  891.000  6.200523e-01 
  892.000  6.162012e-01 
  893.000  6.044633e-01 
  894.000  5.986249e-01 
  895.000  5.807710e-01 
  896.000  5.647779e-01 
  897.000  5.479266e-01 
  898.000  5.400530e-01 
  899.000  5.178080e-01 
  900.000  5.210310e-01 
  901.000  5.152526e-01 
  902.000  5.163215e-01 
  903.000  5.537279e-01 
  904.000  5.765834e-01 
  905.000  5.757595e-01 
  906.000  5.614809e-01 
  907.000  5.362473e-01 
  908.000  5.196328e-01 
  909.000  5.203480e-01 
  910.000  5.228594e-01 
  911.000  5.339038e-01 
  912.000  5.285662e-01 
  913.000  5.053696e-01 
  914.000  5.168447e-01 
  915.000  5.258896e-01 
  916.000  5.283450e-01 
  917.000  5.332607e-01 
  918.000  5.396150e-01 
  919.000  5.612257e-01 
  920.000  5.775622e-01 
  921.000  5.739708e-01 
  922.000  5.736712e-01 
  923.000  5.691215e-01 
  924.000  5.581795e-01 
  925.000  5.572788e-01 
  926.000  5.570217e-01 
  927.000  5.442539e-01 
  928.000  5.246228e-01 
  929.000  4.963084e-01 
  930.000  4.603578e-01 
  931.000  4.202620e-01 
  932.000  3.679541e-01 
  933.000  3.290537e-01 
  934.000  2.892122e-01 
  935.000  2.849787e-01 
  936.000  3.007250e-01 
  937.000  2.967211e-01 
  938.000  3.411167e-01 
  939.000  4.566590e-01 
  940.000  4.738777e-01 
  941.000  4.590208e-01 
  942.000  4.226001e-01 
  943.000  3.620744e-01 
  944.000  3.578530e-01 
  945.000  3.796136e-01 
  946.000  3.808289e-01 
  947.000  4.002512e-01 
  948.000  4.116443e-01 
  949.000  4.101534e-01 
  950.000  4.130707e-01 
  951.000  4.385709e-01 
  952.000  4.113169e-01 
  953.000  4.304245e-01 
  954.000  4.509167e-01 
  955.000  4.343018e-01 
  956.000  4.305701e-01 
  957.000  4.823969e-01 
  958.000  4.890988e-01 
  959.000  4.804805e-01 
  960.000  4.779762e-01 
  961.000  4.736567e-01 
  962.000  4.775916e-01 
  963.000  5.060132e-01 
  964.000  5.100932e-01 
  965.000  5.073791e-01 
  966.000  5.089200e-01 
  967.000  5.291825e-01 
  968.000  5.629769e-01 
  969.000  5.782247e-01 
  970.000  5.790457e-01 
  971.000  5.786856e-01 
  972.000  5.743607e-01 
  973.000  5.643615e-01 
  974.000  5.521730e-01 
  975.000  5.443378e-01 
  976.000  5.539243e-01 
  977.000  5.697492e-01 
  978.000  5.684655e-01 
  979.000  5.725628e-01 
  980.000  5.886855e-01 
  981.000  5.922564e-01 
  982.000  5.886687e-01 
  983.000  5.969392e-01 
  984.000  6.054493e-01 
  985.000  6.102825e-01 
  986.000  6.165170e-01 
  987.000  6.192170e-01 
  988.000  6.198357e-01 
  989.000  6.202320e-01 
  990.000  6.208919e-01 
  991.000  6.232120e-01 
  992.000  6.238729e-01 
  993.000  6.241217e-01 
  994.000  6.260924e-01 
  995.000  6.275238e-01 
  996.000  6.275144e-01 
  997.000  6.265652e-01 
  998.000  6.255385e-01 
  999.000  6.251418e-01 
 1000.000  6.254738e-01 
 1001.000  6.234081e-01 
 1002.000  6.198604e-01 
 1003.000  6.207084e-01 
 1004.000  6.227560e-01 
 1005.000  6.236936e-01 
 1006.000  6.239868e-01 
 1007.000  6.233122e-01 
 1008.000  6.204189e-01 
 1009.000  6.165466e-01 
 1010.000  6.182731e-01 
 1011.000  6.223852e-01 
 1012.000  6.239513e-01 
 1013.000  6.251787e-01 
 1014.000  6.255388e-01 
 1015.000  6.256355e-01 
 1016.000  6.262070e-01 
 1017.000  6.265395e-01 
 1018.000  6.258167e-01 
 1019.000  6.245309e-01 
 1020.000  6.250288e-01 
 1021.000  6.259170e-01 
 1022.000  6.243194e-01 
 1023.000  6.228634e-01 
 1024.000  6.219873e-01 
 1025.000  6.246355e-01 
 1026.000  6.256516e-01 
 1027.000  6.251281e-01 
 1028.000  6.255352e-01 
 1029.000  6.266671e-01 
 1030.000  6.277187e-01 
 1031.000  6.283027e-01 
 1032.000  6.287060e-01 
 1033.000  6.287649e-01 
 1034.000  6.290110e-01 
 1035.000  6.291250e-01 
 1036.000  6.289832e-01 
 1037.000  6.289571e-01 
 1038.000  6.290374e-01 
 1039.000  6.288535e-01 
 1040.000  6.286809e-01 
 1041.000  6.285430e-01 
 1042.000  6.284941e-01 
 1043.000  6.284685e-01 
 1044.000  6.283327e-01 
 1045.000  6.279709e-01 
 1046.000  6.277174e-01 
 1047.000  6.274066e-01 
 1048.000  6.269579e-01 
 1049.000  6.264760e-01 
 1050.000  6.260863e-01 
 1051.000  6.256064e-01 
 1052.000  6.252223e-01 
 1053.000  6.250834e-01 
 1054.000  6.245282e-01 
 1055.000  6.240110e-01 
 1056.000  6.235011e-01 
 1057.000  6.223987e-01 
 1058.000  6.204723e-01 
 1059.000  6.204703e-01 
 1060.000  6.212580e-01 
 1061.000  6.209566e-01 
 1062.000  6.197122e-01 
 1063.000  6.191360e-01 
 1064.000  6.180494e-01 
 1065.000  6.169304e-01 
 1066.000  6.170058e-01 
 1067.000  6.163633e-01 
 1068.000  6.143603e-01 
 1069.000  6.135953e-01 
 1070.000  6.141663e-01 
 1071.000  6.129549e-01 
 1072.000  6.116456e-01 
 1073.000  6.115208e-01 
 1074.000  6.118876e-01 
 1075.000  6.141925e-01 
 1076.000  6.129755e-01 
 1077.000  6.112860e-01 
 1078.000  6.092680e-01 
 1079.000  6.091045e-01 
 1080.000  6.034802e-01 
 1081.000  6.032420e-01 
 1082.000  6.058366e-01 
 1083.000  6.028925e-01 
 1084.000  5.996451e-01 
 1085.000  5.917904e-01 
 1086.000  5.937085e-01 
 1087.000  6.024783e-01 
 1088.000  6.028714e-01 
 1089.000  5.923300e-01 
 1090.000  5.903915e-01 
 1091.000  5.924578e-01 
 1092.000  5.872612e-01 
 1093.000  5.755521e-01 
 1094.000  5.704648e-01 
 1095.000  5.713270e-01 
 1096.000  5.721179e-01 
 1097.000  5.698212e-01 
 1098.000  5.412555e-01 
 1099.000  5.169038e-01 
 1100.000  5.185794e-01 
 1101.000  5.219724e-01 
 1102.000  5.203843e-01 
 1103.000  5.226470e-01 
 1104.000  5.186041e-01 
 1105.000  5.083984e-01 
 1106.000  4.980745e-01 
 1107.000  5.006814e-01 
 1108.000  5.026150e-01 
 1109.000  5.115091e-01 
 1110.000  5.105071e-01 
 1111.000  5.056553e-01 
 1112.000  4.840509e-01 
 1113.000  4.545628e-01 
 1114.000  4.466819e-01 
 1115.000  4.105376e-01 
 1116.000  3.881894e-01 
 1117.000  3.365844e-01 
 1118.000  2.897717e-01 
 1119.000  2.651938e-01 
 1120.000  2.348423e-01 
 1121.000  2.281661e-01 
 1122.000  1.970090e-01 
 1123.000  2.139498e-01 
 1124.000  2.254186e-01 
 1125.000  2.194014e-01 
 1126.000  2.169931e-01 
 1127.000  2.196206e-01 
 1128.000  2.247198e-01 
 1129.000  2.556420e-01 
 1130.000  3.287505e-01 
 1131.000  3.500933e-01 
 1132.000  3.209311e-01 
 1133.000  2.680862e-01 
 1134.000  1.745795e-01 
 1135.000  1.815487e-01 
 1136.000  2.756727e-01 
 1137.000  3.281364e-01 
 1138.000  3.793373e-01 
 1139.000  3.948976e-01 
 1140.000  3.851153e-01 
 1141.000  3.652307e-01 
 1142.000  3.582491e-01 
 1143.000  3.364063e-01 
 1144.000  3.119017e-01 
 1145.000  2.766952e-01 
 1146.000  2.849829e-01 
 1147.000  3.125311e-01 
 1148.000  3.371210e-01 
 1149.000  3.470754e-01 
 1150.000  3.475547e-01 
