  320.000  2.782771e-01 
  321.000  3.305448e-01 
  322.000  3.102137e-01 
  323.000  3.359417e-01 
  324.000  3.614012e-01 
  325.000  3.424631e-01 
  326.000  3.734590e-01 
  327.000  3.820318e-01 
  328.000  3.634755e-01 
  329.000  3.989637e-01 
  330.000  4.045397e-01 
  331.000  3.934942e-01 
  332.000  4.147768e-01 
  333.000  4.209482e-01 
  334.000  4.158822e-01 
  335.000  4.313674e-01 
  336.000  4.376127e-01 
  337.000  4.349825e-01 
  338.000  4.422892e-01 
  339.000  4.498092e-01 
  340.000  4.485749e-01 
  341.000  4.558602e-01 
  342.000  4.611757e-01 
  343.000  4.638416e-01 
  344.000  4.643860e-01 
  345.000  4.715654e-01 
  346.000  4.760889e-01 
  347.000  4.797713e-01 
  348.000  4.832160e-01 
  349.000  4.870799e-01 
  350.000  4.903782e-01 
  351.000  4.936590e-01 
  352.000  4.963475e-01 
  353.000  5.001656e-01 
  354.000  5.034117e-01 
  355.000  5.064287e-01 
  356.000  5.093650e-01 
  357.000  5.119755e-01 
  358.000  5.147813e-01 
  359.000  5.175813e-01 
  360.000  5.204456e-01 
  361.000  5.240596e-01 
  362.000  5.278172e-01 
  363.000  5.312731e-01 
  364.000  5.344493e-01 
  365.000  5.374251e-01 
  366.000  5.404642e-01 
  367.000  5.433544e-01 
  368.000  5.462152e-01 
  369.000  5.490480e-01 
  370.000  5.518484e-01 
  371.000  5.546239e-01 
  372.000  5.573735e-01 
  373.000  5.600968e-01 
  374.000  5.627735e-01 
  375.000  5.653957e-01 
  376.000  5.679262e-01 
  377.000  5.703157e-01 
  378.000  5.725330e-01 
  379.000  5.747840e-01 
  380.000  5.772574e-01 
  381.000  5.800700e-01 
  382.000  5.829814e-01 
  383.000  5.857313e-01 
  384.000  5.883371e-01 
  385.000  5.908452e-01 
  386.000  5.932866e-01 
  387.000  5.956860e-01 
  388.000  5.980526e-01 
  389.000  6.003972e-01 
  390.000  6.027207e-01 
  391.000  6.050181e-01 
  392.000  6.072962e-01 
  393.000  6.095534e-01 
  394.000  6.117874e-01 
  395.000  6.139965e-01 
  396.000  6.161892e-01 
  397.000  6.183544e-01 
  398.000  6.204977e-01 
  399.000  6.226209e-01 
  400.000  6.247127e-01 
  401.000  6.267946e-01 
  402.000  6.288580e-01 
  403.000  6.309019e-01 
  404.000  6.329258e-01 
  405.000  6.349258e-01 
  406.000  6.369107e-01 
  407.000  6.388785e-01 
  408.000  6.408274e-01 
  409.000  6.427556e-01 
  410.000  6.446638e-01 
  411.000  6.465517e-01 
  412.000  6.484178e-01 
  413.000  6.502717e-01 
  414.000  6.519912e-01 
  415.000  6.538500e-01 
  416.000  6.556839e-01 
  417.000  6.574857e-01 
  418.000  6.592449e-01 
  419.000  6.609833e-01 
  420.000  6.627048e-01 
  421.000  6.644148e-01 
  422.000  6.661129e-01 
  423.000  6.677973e-01 
  424.000  6.694606e-01 
  425.000  6.710846e-01 
  426.000  6.726919e-01 
  427.000  6.742839e-01 
  428.000  6.758465e-01 
  429.000  6.773863e-01 
  430.000  6.789073e-01 
  431.000  6.804160e-01 
  432.000  6.819080e-01 
  433.000  6.833850e-01 
  434.000  6.848487e-01 
  435.000  6.862972e-01 
  436.000  6.877286e-01 
  437.000  6.891437e-01 
  438.000  6.905419e-01 
  439.000  6.919286e-01 
  440.000  6.932921e-01 
  441.000  6.946375e-01 
  442.000  6.959611e-01 
  443.000  6.972640e-01 
  444.000  6.985456e-01 
  445.000  6.997991e-01 
  446.000  7.010172e-01 
  447.000  7.022941e-01 
  448.000  7.036623e-01 
  449.000  7.050466e-01 
  450.000  7.064034e-01 
  451.000  7.077066e-01 
  452.000  7.089634e-01 
  453.000  7.101939e-01 
  454.000  7.114016e-01 
  455.000  7.125387e-01 
  456.000  7.135836e-01 
  457.000  7.146283e-01 
  458.000  7.156585e-01 
  459.000  7.166665e-01 
  460.000  7.176660e-01 
  461.000  7.186546e-01 
  462.000  7.196240e-01 
  463.000  7.205888e-01 
  464.000  7.218444e-01 
  465.000  7.230805e-01 
  466.000  7.242942e-01 
  467.000  7.254792e-01 
  468.000  7.264441e-01 
  469.000  7.272749e-01 
  470.000  7.280385e-01 
  471.000  7.287259e-01 
  472.000  7.293093e-01 
  473.000  7.297181e-01 
  474.000  7.300539e-01 
  475.000  7.301401e-01 
  476.000  7.299739e-01 
  477.000  7.299705e-01 
  478.000  7.309415e-01 
  479.000  7.324190e-01 
  480.000  7.340128e-01 
  481.000  7.354417e-01 
  482.000  7.367811e-01 
  483.000  7.379450e-01 
  484.000  7.389448e-01 
  485.000  7.398387e-01 
  486.000  7.407916e-01 
  487.000  7.417943e-01 
  488.000  7.427645e-01 
  489.000  7.437164e-01 
  490.000  7.446568e-01 
  491.000  7.453929e-01 
  492.000  7.460656e-01 
  493.000  7.467347e-01 
  494.000  7.473849e-01 
  495.000  7.480348e-01 
  496.000  7.483696e-01 
  497.000  7.486916e-01 
  498.000  7.490090e-01 
  499.000  7.493091e-01 
  500.000  7.496045e-01 
  501.000  7.498671e-01 
  502.000  7.501296e-01 
  503.000  7.503888e-01 
  504.000  7.506361e-01 
  505.000  7.508698e-01 
  506.000  7.515544e-01 
  507.000  7.522585e-01 
  508.000  7.529615e-01 
  509.000  7.536561e-01 
  510.000  7.543358e-01 
  511.000  7.549450e-01 
  512.000  7.555331e-01 
  513.000  7.561177e-01 
  514.000  7.566949e-01 
  515.000  7.572668e-01 
  516.000  7.576754e-01 
  517.000  7.579373e-01 
  518.000  7.581919e-01 
  519.000  7.584417e-01 
  520.000  7.586890e-01 
  521.000  7.589106e-01 
  522.000  7.590703e-01 
  523.000  7.591856e-01 
  524.000  7.593046e-01 
  525.000  7.593984e-01 
  526.000  7.595300e-01 
  527.000  7.595512e-01 
  528.000  7.595276e-01 
  529.000  7.595028e-01 
  530.000  7.594835e-01 
  531.000  7.594677e-01 
  532.000  7.595032e-01 
  533.000  7.598241e-01 
  534.000  7.602293e-01 
  535.000  7.606865e-01 
  536.000  7.611285e-01 
  537.000  7.615327e-01 
  538.000  7.618940e-01 
  539.000  7.622288e-01 
  540.000  7.625429e-01 
  541.000  7.628477e-01 
  542.000  7.631391e-01 
  543.000  7.634202e-01 
  544.000  7.636327e-01 
  545.000  7.637893e-01 
  546.000  7.639387e-01 
  547.000  7.640922e-01 
  548.000  7.642380e-01 
  549.000  7.643815e-01 
  550.000  7.644511e-01 
  551.000  7.644475e-01 
  552.000  7.644467e-01 
  553.000  7.644307e-01 
  554.000  7.644078e-01 
  555.000  7.643808e-01 
  556.000  7.643261e-01 
  557.000  7.642233e-01 
  558.000  7.641122e-01 
  559.000  7.639882e-01 
  560.000  7.638329e-01 
  561.000  7.636490e-01 
  562.000  7.632992e-01 
  563.000  7.630753e-01 
  564.000  7.627850e-01 
  565.000  7.623538e-01 
  566.000  7.620332e-01 
  567.000  7.611367e-01 
  568.000  7.585442e-01 
  569.000  7.531896e-01 
  570.000  7.538124e-01 
  571.000  7.572880e-01 
  572.000  7.535385e-01 
  573.000  7.542785e-01 
  574.000  7.543243e-01 
  575.000  7.540455e-01 
  576.000  7.541866e-01 
  577.000  7.555632e-01 
  578.000  7.573746e-01 
  579.000  7.590531e-01 
  580.000  7.607215e-01 
  581.000  7.630253e-01 
  582.000  7.646487e-01 
  583.000  7.657256e-01 
  584.000  7.666932e-01 
  585.000  7.674494e-01 
  586.000  7.681896e-01 
  587.000  7.670321e-01 
  588.000  7.601944e-01 
  589.000  7.490633e-01 
  590.000  7.485932e-01 
  591.000  7.566298e-01 
  592.000  7.526988e-01 
  593.000  7.617934e-01 
  594.000  7.600363e-01 
  595.000  7.539751e-01 
  596.000  7.626388e-01 
  597.000  7.604061e-01 
  598.000  7.637497e-01 
  599.000  7.649416e-01 
  600.000  7.679239e-01 
  601.000  7.698134e-01 
  602.000  7.702507e-01 
  603.000  7.712290e-01 
  604.000  7.724372e-01 
  605.000  7.733157e-01 
  606.000  7.739765e-01 
  607.000  7.746155e-01 
  608.000  7.752331e-01 
  609.000  7.758243e-01 
  610.000  7.764370e-01 
  611.000  7.771176e-01 
  612.000  7.777840e-01 
  613.000  7.784295e-01 
  614.000  7.790559e-01 
  615.000  7.796804e-01 
  616.000  7.802820e-01 
  617.000  7.808501e-01 
  618.000  7.813262e-01 
  619.000  7.817290e-01 
  620.000  7.821018e-01 
  621.000  7.824221e-01 
  622.000  7.826898e-01 
  623.000  7.828688e-01 
  624.000  7.830594e-01 
  625.000  7.832187e-01 
  626.000  7.830138e-01 
  627.000  7.798526e-01 
  628.000  7.571522e-01 
  629.000  7.712390e-01 
  630.000  7.738564e-01 
  631.000  7.781753e-01 
  632.000  7.783529e-01 
  633.000  7.832839e-01 
  634.000  7.858811e-01 
  635.000  7.871246e-01 
  636.000  7.887903e-01 
  637.000  7.901907e-01 
  638.000  7.926267e-01 
  639.000  7.936410e-01 
  640.000  7.953156e-01 
  641.000  7.962057e-01 
  642.000  7.974589e-01 
  643.000  7.971161e-01 
  644.000  7.977798e-01 
  645.000  7.968688e-01 
  646.000  7.911043e-01 
  647.000  7.872023e-01 
  648.000  7.827546e-01 
  649.000  7.875643e-01 
  650.000  7.963375e-01 
  651.000  7.967576e-01 
  652.000  7.898256e-01 
  653.000  7.987018e-01 
  654.000  7.981919e-01 
  655.000  7.955346e-01 
  656.000  7.970309e-01 
  657.000  7.990994e-01 
  658.000  8.023927e-01 
  659.000  8.044849e-01 
  660.000  8.055906e-01 
  661.000  8.081681e-01 
  662.000  8.095214e-01 
  663.000  8.097575e-01 
  664.000  8.105316e-01 
  665.000  8.112524e-01 
  666.000  8.120722e-01 
  667.000  8.127936e-01 
  668.000  8.136020e-01 
  669.000  8.142161e-01 
  670.000  8.147736e-01 
  671.000  8.153536e-01 
  672.000  8.158847e-01 
  673.000  8.164076e-01 
  674.000  8.169264e-01 
  675.000  8.174453e-01 
  676.000  8.179342e-01 
  677.000  8.183833e-01 
  678.000  8.188331e-01 
  679.000  8.192174e-01 
  680.000  8.193205e-01 
  681.000  8.193178e-01 
  682.000  8.196152e-01 
  683.000  8.197832e-01 
  684.000  8.195043e-01 
  685.000  8.203107e-01 
  686.000  8.174263e-01 
  687.000  7.149144e-01 
  688.000  7.469766e-01 
  689.000  7.379481e-01 
  690.000  7.546071e-01 
  691.000  7.769433e-01 
  692.000  7.912017e-01 
  693.000  7.892569e-01 
  694.000  7.841391e-01 
  695.000  7.921729e-01 
  696.000  7.967346e-01 
  697.000  8.145874e-01 
  698.000  8.111120e-01 
  699.000  7.953938e-01 
  700.000  7.981347e-01 
  701.000  7.946822e-01 
  702.000  7.973751e-01 
  703.000  8.107194e-01 
  704.000  8.113754e-01 
  705.000  8.059919e-01 
  706.000  8.071330e-01 
  707.000  8.091632e-01 
  708.000  8.113490e-01 
  709.000  8.157405e-01 
  710.000  8.112221e-01 
  711.000  8.159906e-01 
  712.000  8.200572e-01 
  713.000  8.169375e-01 
  714.000  8.159475e-01 
  715.000  8.108379e-01 
  716.000  8.055583e-01 
  717.000  7.710207e-01 
  718.000  7.496218e-01 
  719.000  7.419459e-01 
  720.000  7.301105e-01 
  721.000  7.815890e-01 
  722.000  7.996898e-01 
  723.000  7.895593e-01 
  724.000  7.604618e-01 
  725.000  7.648851e-01 
  726.000  7.635330e-01 
  727.000  7.677046e-01 
  728.000  7.631952e-01 
  729.000  7.744164e-01 
  730.000  7.724624e-01 
  731.000  7.700975e-01 
  732.000  7.889555e-01 
  733.000  8.068650e-01 
  734.000  8.154458e-01 
  735.000  8.124360e-01 
  736.000  8.068025e-01 
  737.000  8.110863e-01 
  738.000  8.169574e-01 
  739.000  8.194897e-01 
  740.000  8.250754e-01 
  741.000  8.283061e-01 
  742.000  8.296742e-01 
  743.000  8.326058e-01 
  744.000  8.339908e-01 
  745.000  8.350471e-01 
  746.000  8.358631e-01 
  747.000  8.361072e-01 
  748.000  8.368886e-01 
  749.000  8.373032e-01 
  750.000  8.371397e-01 
  751.000  8.373258e-01 
  752.000  8.380274e-01 
  753.000  8.383429e-01 
  754.000  8.386014e-01 
  755.000  8.387859e-01 
  756.000  8.389769e-01 
  757.000  8.391103e-01 
  758.000  8.378521e-01 
  759.000  7.832370e-01 
  760.000  3.715177e-01 
  761.000  3.319457e-01 
  762.000  5.723011e-01 
  763.000  4.979471e-01 
  764.000  5.347884e-01 
  765.000  6.181576e-01 
  766.000  7.182779e-01 
  767.000  7.686199e-01 
  768.000  8.014831e-01 
  769.000  8.231467e-01 
  770.000  8.345570e-01 
  771.000  8.401473e-01 
  772.000  8.415031e-01 
  773.000  8.421220e-01 
  774.000  8.428778e-01 
  775.000  8.432998e-01 
  776.000  8.435993e-01 
  777.000  8.437032e-01 
  778.000  8.437176e-01 
  779.000  8.437183e-01 
  780.000  8.437151e-01 
  781.000  8.440248e-01 
  782.000  8.440126e-01 
  783.000  8.440099e-01 
  784.000  8.438029e-01 
  785.000  8.425927e-01 
  786.000  8.406648e-01 
  787.000  8.364941e-01 
  788.000  8.342828e-01 
  789.000  8.263062e-01 
  790.000  8.256412e-01 
  791.000  8.271737e-01 
  792.000  8.285866e-01 
  793.000  8.318565e-01 
  794.000  8.387681e-01 
  795.000  8.345734e-01 
  796.000  8.233451e-01 
  797.000  8.265818e-01 
  798.000  8.336996e-01 
  799.000  8.320950e-01 
  800.000  8.269410e-01 
  801.000  8.275734e-01 
  802.000  8.270659e-01 
  803.000  8.278368e-01 
  804.000  8.302787e-01 
  805.000  8.349440e-01 
  806.000  8.377292e-01 
  807.000  8.378665e-01 
  808.000  8.363113e-01 
  809.000  8.343976e-01 
  810.000  8.323030e-01 
  811.000  8.279802e-01 
  812.000  8.221561e-01 
  813.000  8.150048e-01 
  814.000  8.055434e-01 
  815.000  7.937513e-01 
  816.000  7.784888e-01 
  817.000  7.793859e-01 
  818.000  7.806512e-01 
  819.000  7.856796e-01 
  820.000  8.024705e-01 
  821.000  8.215680e-01 
  822.000  8.070707e-01 
  823.000  7.662726e-01 
  824.000  8.006941e-01 
  825.000  8.226491e-01 
  826.000  8.188844e-01 
  827.000  8.161258e-01 
  828.000  8.016735e-01 
  829.000  8.069040e-01 
  830.000  8.127431e-01 
  831.000  8.141108e-01 
  832.000  8.146919e-01 
  833.000  8.180479e-01 
  834.000  8.219910e-01 
  835.000  8.298060e-01 
  836.000  8.272924e-01 
  837.000  8.270236e-01 
  838.000  8.308365e-01 
  839.000  8.331478e-01 
  840.000  8.339944e-01 
  841.000  8.314995e-01 
  842.000  8.337541e-01 
  843.000  8.390927e-01 
  844.000  8.415127e-01 
  845.000  8.426462e-01 
  846.000  8.438373e-01 
  847.000  8.450934e-01 
  848.000  8.430113e-01 
  849.000  8.432994e-01 
  850.000  8.422478e-01 
  851.000  8.409908e-01 
  852.000  8.411283e-01 
  853.000  8.432342e-01 
  854.000  8.431291e-01 
  855.000  8.441913e-01 
  856.000  8.463412e-01 
  857.000  8.472663e-01 
  858.000  8.477648e-01 
  859.000  8.488250e-01 
  860.000  8.493620e-01 
  861.000  8.494586e-01 
  862.000  8.497591e-01 
  863.000  8.498126e-01 
  864.000  8.500238e-01 
  865.000  8.501995e-01 
  866.000  8.502581e-01 
  867.000  8.502443e-01 
  868.000  8.502852e-01 
  869.000  8.503544e-01 
  870.000  8.503304e-01 
  871.000  8.503965e-01 
  872.000  8.505360e-01 
  873.000  8.504272e-01 
  874.000  8.503751e-01 
  875.000  8.503745e-01 
  876.000  8.501732e-01 
  877.000  8.500782e-01 
  878.000  8.494092e-01 
  879.000  8.493769e-01 
  880.000  8.488042e-01 
  881.000  8.484803e-01 
  882.000  8.481926e-01 
  883.000  8.485008e-01 
  884.000  8.486406e-01 
  885.000  8.474511e-01 
  886.000  8.457938e-01 
  887.000  8.471120e-01 
  888.000  8.470472e-01 
  889.000  8.474461e-01 
  890.000  8.464930e-01 
  891.000  8.445402e-01 
  892.000  8.403113e-01 
  893.000  8.273742e-01 
  894.000  8.209427e-01 
  895.000  8.011202e-01 
  896.000  7.833090e-01 
  897.000  7.644661e-01 
  898.000  7.556280e-01 
  899.000  7.303773e-01 
  900.000  7.340828e-01 
  901.000  7.274758e-01 
  902.000  7.286371e-01 
  903.000  7.710211e-01 
  904.000  7.966338e-01 
  905.000  7.956725e-01 
  906.000  7.796693e-01 
  907.000  7.512066e-01 
  908.000  7.323359e-01 
  909.000  7.331718e-01 
  910.000  7.360377e-01 
  911.000  7.485907e-01 
  912.000  7.425185e-01 
  913.000  7.160147e-01 
  914.000  7.291372e-01 
  915.000  7.394196e-01 
  916.000  7.421829e-01 
  917.000  7.477280e-01 
  918.000  7.548939e-01 
  919.000  7.792304e-01 
  920.000  7.974781e-01 
  921.000  7.934334e-01 
  922.000  7.930845e-01 
  923.000  7.879889e-01 
  924.000  7.757176e-01 
  925.000  7.747565e-01 
  926.000  7.746115e-01 
  927.000  7.603627e-01 
  928.000  7.383255e-01 
  929.000  7.062493e-01 
  930.000  6.649780e-01 
  931.000  6.181582e-01 
  932.000  5.561975e-01 
  933.000  5.085617e-01 
  934.000  4.583907e-01 
  935.000  4.531121e-01 
  936.000  4.733483e-01 
  937.000  4.680761e-01 
  938.000  5.234092e-01 
  939.000  6.621913e-01 
  940.000  6.821516e-01 
  941.000  6.647124e-01 
  942.000  6.217164e-01 
  943.000  5.487034e-01 
  944.000  5.436186e-01 
  945.000  5.702911e-01 
  946.000  5.716558e-01 
  947.000  5.949098e-01 
  948.000  6.084700e-01 
  949.000  6.065573e-01 
  950.000  6.099823e-01 
  951.000  6.401702e-01 
  952.000  6.076397e-01 
  953.000  6.302246e-01 
  954.000  6.542123e-01 
  955.000  6.344811e-01 
  956.000  6.298040e-01 
  957.000  6.903043e-01 
  958.000  6.978936e-01 
  959.000  6.877952e-01 
  960.000  6.847906e-01 
  961.000  6.796974e-01 
  962.000  6.841857e-01 
  963.000  7.168875e-01 
  964.000  7.214963e-01 
  965.000  7.183119e-01 
  966.000  7.199991e-01 
  967.000  7.430419e-01 
  968.000  7.811241e-01 
  969.000  7.981350e-01 
  970.000  7.990174e-01 
  971.000  7.986042e-01 
  972.000  7.937792e-01 
  973.000  7.825885e-01 
  974.000  7.688808e-01 
  975.000  7.600327e-01 
  976.000  7.708425e-01 
  977.000  7.886036e-01 
  978.000  7.871328e-01 
  979.000  7.916811e-01 
  980.000  8.096448e-01 
  981.000  8.135900e-01 
  982.000  8.095670e-01 
  983.000  8.187311e-01 
  984.000  8.281416e-01 
  985.000  8.334692e-01 
  986.000  8.403345e-01 
  987.000  8.432947e-01 
  988.000  8.439637e-01 
  989.000  8.443903e-01 
  990.000  8.451101e-01 
  991.000  8.476582e-01 
  992.000  8.483812e-01 
  993.000  8.486510e-01 
  994.000  8.509114e-01 
  995.000  8.524832e-01 
  996.000  8.524715e-01 
  997.000  8.514613e-01 
  998.000  8.503076e-01 
  999.000  8.498794e-01 
 1000.000  8.502360e-01 
 1001.000  8.478469e-01 
 1002.000  8.439375e-01 
 1003.000  8.448699e-01 
 1004.000  8.471231e-01 
 1005.000  8.481534e-01 
 1006.000  8.484783e-01 
 1007.000  8.477346e-01 
 1008.000  8.445464e-01 
 1009.000  8.402762e-01 
 1010.000  8.421790e-01 
 1011.000  8.467096e-01 
 1012.000  8.484322e-01 
 1013.000  8.497823e-01 
 1014.000  8.502936e-01 
 1015.000  8.503979e-01 
 1016.000  8.510129e-01 
 1017.000  8.513705e-01 
 1018.000  8.505936e-01 
 1019.000  8.490698e-01 
 1020.000  8.496192e-01 
 1021.000  8.507038e-01 
 1022.000  8.488425e-01 
 1023.000  8.472422e-01 
 1024.000  8.462805e-01 
 1025.000  8.491977e-01 
 1026.000  8.504286e-01 
 1027.000  8.498666e-01 
 1028.000  8.503082e-01 
 1029.000  8.515739e-01 
 1030.000  8.527356e-01 
 1031.000  8.533280e-01 
 1032.000  8.537815e-01 
 1033.000  8.538953e-01 
 1034.000  8.541590e-01 
 1035.000  8.542625e-01 
 1036.000  8.541149e-01 
 1037.000  8.540807e-01 
 1038.000  8.541569e-01 
 1039.000  8.539771e-01 
 1040.000  8.538060e-01 
 1041.000  8.536692e-01 
 1042.000  8.536193e-01 
 1043.000  8.535909e-01 
 1044.000  8.534543e-01 
 1045.000  8.530985e-01 
 1046.000  8.528475e-01 
 1047.000  8.525383e-01 
 1048.000  8.520837e-01 
 1049.000  8.515912e-01 
 1050.000  8.511915e-01 
 1051.000  8.506920e-01 
 1052.000  8.503054e-01 
 1053.000  8.501908e-01 
 1054.000  8.496375e-01 
 1055.000  8.490872e-01 
 1056.000  8.485735e-01 
 1057.000  8.474092e-01 
 1058.000  8.453514e-01 
 1059.000  8.453735e-01 
 1060.000  8.462660e-01 
 1061.000  8.459606e-01 
 1062.000  8.446175e-01 
 1063.000  8.439792e-01 
 1064.000  8.427812e-01 
 1065.000  8.415266e-01 
 1066.000  8.416076e-01 
 1067.000  8.408590e-01 
 1068.000  8.385050e-01 
 1069.000  8.376386e-01 
 1070.000  8.382387e-01 
 1071.000  8.368639e-01 
 1072.000  8.353778e-01 
 1073.000  8.352024e-01 
 1074.000  8.355663e-01 
 1075.000  8.380795e-01 
 1076.000  8.366992e-01 
 1077.000  8.347969e-01 
 1078.000  8.325337e-01 
 1079.000  8.323237e-01 
 1080.000  8.260674e-01 
 1081.000  8.257794e-01 
 1082.000  8.286374e-01 
 1083.000  8.253575e-01 
 1084.000  8.217387e-01 
 1085.000  8.129858e-01 
 1086.000  8.151115e-01 
 1087.000  8.248529e-01 
 1088.000  8.252712e-01 
 1089.000  8.135514e-01 
 1090.000  8.113893e-01 
 1091.000  8.136901e-01 
 1092.000  8.079011e-01 
 1093.000  7.948248e-01 
 1094.000  7.891222e-01 
 1095.000  7.900966e-01 
 1096.000  7.910124e-01 
 1097.000  7.884630e-01 
 1098.000  7.562932e-01 
 1099.000  7.286159e-01 
 1100.000  7.305419e-01 
 1101.000  7.344351e-01 
 1102.000  7.326617e-01 
 1103.000  7.352873e-01 
 1104.000  7.307228e-01 
 1105.000  7.190983e-01 
 1106.000  7.072304e-01 
 1107.000  7.103200e-01 
 1108.000  7.126738e-01 
 1109.000  7.230637e-01 
 1110.000  7.221602e-01 
 1111.000  7.167242e-01 
 1112.000  6.919923e-01 
 1113.000  6.580828e-01 
 1114.000  6.494197e-01 
 1115.000  6.072305e-01 
 1116.000  5.807102e-01 
 1117.000  5.176812e-01 
 1118.000  4.592652e-01 
 1119.000  4.282451e-01 
 1120.000  3.886974e-01 
 1121.000  3.799620e-01 
 1122.000  3.375674e-01 
 1123.000  3.612511e-01 
 1124.000  3.770386e-01 
 1125.000  3.688824e-01 
 1126.000  3.655287e-01 
 1127.000  3.689046e-01 
 1128.000  3.754930e-01 
 1129.000  4.165578e-01 
 1130.000  5.107901e-01 
 1131.000  5.375067e-01 
 1132.000  5.010887e-01 
 1133.000  4.328844e-01 
 1134.000  3.055470e-01 
 1135.000  3.153284e-01 
 1136.000  4.423504e-01 
 1137.000  5.093155e-01 
 1138.000  5.723023e-01 
 1139.000  5.904158e-01 
 1140.000  5.785258e-01 
 1141.000  5.538806e-01 
 1142.000  5.453442e-01 
 1143.000  5.183595e-01 
 1144.000  4.875261e-01 
 1145.000  4.424620e-01 
 1146.000  4.531368e-01 
 1147.000  4.882510e-01 
 1148.000  5.190774e-01 
 1149.000  5.312644e-01 
 1150.000  5.314268e-01 
