  320.000  1.953126e-01 
  321.000  2.389855e-01 
  322.000  2.218446e-01 
  323.000  2.435666e-01 
  324.000  2.653465e-01 
  325.000  2.491192e-01 
  326.000  2.757555e-01 
  327.000  2.831915e-01 
  328.000  2.671330e-01 
  329.000  2.979624e-01 
  330.000  3.028505e-01 
  331.000  2.931788e-01 
  332.000  3.118552e-01 
  333.000  3.173022e-01 
  334.000  3.128298e-01 
  335.000  3.265295e-01 
  336.000  3.320789e-01 
  337.000  3.297402e-01 
  338.000  3.362434e-01 
  339.000  3.429558e-01 
  340.000  3.418527e-01 
  341.000  3.483711e-01 
  342.000  3.531384e-01 
  343.000  3.555329e-01 
  344.000  3.560221e-01 
  345.000  3.624838e-01 
  346.000  3.665638e-01 
  347.000  3.698901e-01 
  348.000  3.730056e-01 
  349.000  3.765049e-01 
  350.000  3.794958e-01 
  351.000  3.824743e-01 
  352.000  3.849175e-01 
  353.000  3.883913e-01 
  354.000  3.913481e-01 
  355.000  3.940993e-01 
  356.000  3.967797e-01 
  357.000  3.991648e-01 
  358.000  4.017308e-01 
  359.000  4.042938e-01 
  360.000  4.069182e-01 
  361.000  4.102330e-01 
  362.000  4.136837e-01 
  363.000  4.168611e-01 
  364.000  4.197845e-01 
  365.000  4.225261e-01 
  366.000  4.253288e-01 
  367.000  4.279967e-01 
  368.000  4.306398e-01 
  369.000  4.332595e-01 
  370.000  4.358515e-01 
  371.000  4.384226e-01 
  372.000  4.409720e-01 
  373.000  4.434991e-01 
  374.000  4.459849e-01 
  375.000  4.484223e-01 
  376.000  4.507762e-01 
  377.000  4.530005e-01 
  378.000  4.550661e-01 
  379.000  4.571645e-01 
  380.000  4.594718e-01 
  381.000  4.620976e-01 
  382.000  4.648179e-01 
  383.000  4.673896e-01 
  384.000  4.698283e-01 
  385.000  4.721774e-01 
  386.000  4.744656e-01 
  387.000  4.767161e-01 
  388.000  4.789373e-01 
  389.000  4.811395e-01 
  390.000  4.833232e-01 
  391.000  4.854839e-01 
  392.000  4.876277e-01 
  393.000  4.897533e-01 
  394.000  4.918583e-01 
  395.000  4.939412e-01 
  396.000  4.960100e-01 
  397.000  4.980540e-01 
  398.000  5.000786e-01 
  399.000  5.020853e-01 
  400.000  5.040636e-01 
  401.000  5.060337e-01 
  402.000  5.079873e-01 
  403.000  5.099235e-01 
  404.000  5.118418e-01 
  405.000  5.137386e-01 
  406.000  5.156221e-01 
  407.000  5.174903e-01 
  408.000  5.193416e-01 
  409.000  5.211741e-01 
  410.000  5.229886e-01 
  411.000  5.247847e-01 
  412.000  5.265609e-01 
  413.000  5.283265e-01 
  414.000  5.299647e-01 
  415.000  5.317366e-01 
  416.000  5.334855e-01 
  417.000  5.352047e-01 
  418.000  5.368840e-01 
  419.000  5.385442e-01 
  420.000  5.401890e-01 
  421.000  5.418235e-01 
  422.000  5.434475e-01 
  423.000  5.450590e-01 
  424.000  5.466509e-01 
  425.000  5.482061e-01 
  426.000  5.497457e-01 
  427.000  5.512713e-01 
  428.000  5.527695e-01 
  429.000  5.542463e-01 
  430.000  5.557057e-01 
  431.000  5.571538e-01 
  432.000  5.585864e-01 
  433.000  5.600052e-01 
  434.000  5.614116e-01 
  435.000  5.628040e-01 
  436.000  5.641806e-01 
  437.000  5.655418e-01 
  438.000  5.668873e-01 
  439.000  5.682221e-01 
  440.000  5.695351e-01 
  441.000  5.708312e-01 
  442.000  5.721066e-01 
  443.000  5.733625e-01 
  444.000  5.745983e-01 
  445.000  5.758073e-01 
  446.000  5.769826e-01 
  447.000  5.782149e-01 
  448.000  5.795359e-01 
  449.000  5.808727e-01 
  450.000  5.821835e-01 
  451.000  5.834429e-01 
  452.000  5.846579e-01 
  453.000  5.858479e-01 
  454.000  5.870160e-01 
  455.000  5.881162e-01 
  456.000  5.891274e-01 
  457.000  5.901387e-01 
  458.000  5.911363e-01 
  459.000  5.921126e-01 
  460.000  5.930809e-01 
  461.000  5.940388e-01 
  462.000  5.949784e-01 
  463.000  5.959138e-01 
  464.000  5.971313e-01 
  465.000  5.983303e-01 
  466.000  5.995079e-01 
  467.000  6.006581e-01 
  468.000  6.015949e-01 
  469.000  6.024015e-01 
  470.000  6.031432e-01 
  471.000  6.038108e-01 
  472.000  6.043776e-01 
  473.000  6.047749e-01 
  474.000  6.051011e-01 
  475.000  6.051849e-01 
  476.000  6.050234e-01 
  477.000  6.050201e-01 
  478.000  6.059638e-01 
  479.000  6.074001e-01 
  480.000  6.089500e-01 
  481.000  6.103400e-01 
  482.000  6.116434e-01 
  483.000  6.127763e-01 
  484.000  6.137499e-01 
  485.000  6.146204e-01 
  486.000  6.155486e-01 
  487.000  6.165256e-01 
  488.000  6.174710e-01 
  489.000  6.183990e-01 
  490.000  6.193158e-01 
  491.000  6.200336e-01 
  492.000  6.206897e-01 
  493.000  6.213425e-01 
  494.000  6.219767e-01 
  495.000  6.226109e-01 
  496.000  6.229376e-01 
  497.000  6.232519e-01 
  498.000  6.235616e-01 
  499.000  6.238546e-01 
  500.000  6.241429e-01 
  501.000  6.243992e-01 
  502.000  6.246555e-01 
  503.000  6.249086e-01 
  504.000  6.251501e-01 
  505.000  6.253783e-01 
  506.000  6.260468e-01 
  507.000  6.267346e-01 
  508.000  6.274213e-01 
  509.000  6.280999e-01 
  510.000  6.287641e-01 
  511.000  6.293594e-01 
  512.000  6.299343e-01 
  513.000  6.305057e-01 
  514.000  6.310701e-01 
  515.000  6.316293e-01 
  516.000  6.320289e-01 
  517.000  6.322851e-01 
  518.000  6.325341e-01 
  519.000  6.327784e-01 
  520.000  6.330203e-01 
  521.000  6.332371e-01 
  522.000  6.333934e-01 
  523.000  6.335061e-01 
  524.000  6.336225e-01 
  525.000  6.337143e-01 
  526.000  6.338431e-01 
  527.000  6.338638e-01 
  528.000  6.338408e-01 
  529.000  6.338165e-01 
  530.000  6.337976e-01 
  531.000  6.337821e-01 
  532.000  6.338169e-01 
  533.000  6.341308e-01 
  534.000  6.345273e-01 
  535.000  6.349748e-01 
  536.000  6.354073e-01 
  537.000  6.358030e-01 
  538.000  6.361567e-01 
  539.000  6.364844e-01 
  540.000  6.367919e-01 
  541.000  6.370903e-01 
  542.000  6.373757e-01 
  543.000  6.376510e-01 
  544.000  6.378590e-01 
  545.000  6.380124e-01 
  546.000  6.381587e-01 
  547.000  6.383091e-01 
  548.000  6.384519e-01 
  549.000  6.385925e-01 
  550.000  6.386607e-01 
  551.000  6.386571e-01 
  552.000  6.386563e-01 
  553.000  6.386406e-01 
  554.000  6.386182e-01 
  555.000  6.385918e-01 
  556.000  6.385381e-01 
  557.000  6.384375e-01 
  558.000  6.383287e-01 
  559.000  6.382072e-01 
  560.000  6.380551e-01 
  561.000  6.378750e-01 
  562.000  6.375252e-01 
  563.000  6.373054e-01 
  564.000  6.370193e-01 
  565.000  6.365922e-01 
  566.000  6.362815e-01 
  567.000  6.353813e-01 
  568.000  6.328614e-01 
  569.000  6.276857e-01 
  570.000  6.282877e-01 
  571.000  6.316181e-01 
  572.000  6.280160e-01 
  573.000  6.287311e-01 
  574.000  6.288122e-01 
  575.000  6.285011e-01 
  576.000  6.286791e-01 
  577.000  6.299466e-01 
  578.000  6.316995e-01 
  579.000  6.333407e-01 
  580.000  6.349713e-01 
  581.000  6.372291e-01 
  582.000  6.388177e-01 
  583.000  6.398704e-01 
  584.000  6.408277e-01 
  585.000  6.415617e-01 
  586.000  6.422998e-01 
  587.000  6.412476e-01 
  588.000  6.345509e-01 
  589.000  6.237333e-01 
  590.000  6.232784e-01 
  591.000  6.310859e-01 
  592.000  6.272694e-01 
  593.000  6.361132e-01 
  594.000  6.344049e-01 
  595.000  6.285149e-01 
  596.000  6.369416e-01 
  597.000  6.347692e-01 
  598.000  6.380227e-01 
  599.000  6.391836e-01 
  600.000  6.420883e-01 
  601.000  6.438834e-01 
  602.000  6.443377e-01 
  603.000  6.452698e-01 
  604.000  6.464703e-01 
  605.000  6.473448e-01 
  606.000  6.479967e-01 
  607.000  6.486270e-01 
  608.000  6.492339e-01 
  609.000  6.498147e-01 
  610.000  6.504165e-01 
  611.000  6.510850e-01 
  612.000  6.517396e-01 
  613.000  6.523738e-01 
  614.000  6.529893e-01 
  615.000  6.536031e-01 
  616.000  6.541944e-01 
  617.000  6.547528e-01 
  618.000  6.552209e-01 
  619.000  6.556169e-01 
  620.000  6.559835e-01 
  621.000  6.562985e-01 
  622.000  6.565617e-01 
  623.000  6.567378e-01 
  624.000  6.569253e-01 
  625.000  6.570818e-01 
  626.000  6.568617e-01 
  627.000  6.538026e-01 
  628.000  6.331083e-01 
  629.000  6.459192e-01 
  630.000  6.485016e-01 
  631.000  6.525031e-01 
  632.000  6.525208e-01 
  633.000  6.572096e-01 
  634.000  6.597053e-01 
  635.000  6.609163e-01 
  636.000  6.625382e-01 
  637.000  6.639172e-01 
  638.000  6.663188e-01 
  639.000  6.673145e-01 
  640.000  6.689636e-01 
  641.000  6.698640e-01 
  642.000  6.710690e-01 
  643.000  6.707485e-01 
  644.000  6.714011e-01 
  645.000  6.705081e-01 
  646.000  6.649133e-01 
  647.000  6.610998e-01 
  648.000  6.567577e-01 
  649.000  6.614613e-01 
  650.000  6.700500e-01 
  651.000  6.704659e-01 
  652.000  6.636876e-01 
  653.000  6.723794e-01 
  654.000  6.718853e-01 
  655.000  6.692868e-01 
  656.000  6.707565e-01 
  657.000  6.727878e-01 
  658.000  6.760209e-01 
  659.000  6.780777e-01 
  660.000  6.791207e-01 
  661.000  6.816663e-01 
  662.000  6.829885e-01 
  663.000  6.832313e-01 
  664.000  6.839867e-01 
  665.000  6.847070e-01 
  666.000  6.855198e-01 
  667.000  6.862436e-01 
  668.000  6.870573e-01 
  669.000  6.876695e-01 
  670.000  6.882229e-01 
  671.000  6.888000e-01 
  672.000  6.893263e-01 
  673.000  6.898443e-01 
  674.000  6.903581e-01 
  675.000  6.908723e-01 
  676.000  6.913564e-01 
  677.000  6.918012e-01 
  678.000  6.922469e-01 
  679.000  6.926247e-01 
  680.000  6.927112e-01 
  681.000  6.926879e-01 
  682.000  6.929914e-01 
  683.000  6.931689e-01 
  684.000  6.929031e-01 
  685.000  6.936867e-01 
  686.000  6.910340e-01 
  687.000  5.969405e-01 
  688.000  6.263228e-01 
  689.000  6.180316e-01 
  690.000  6.333450e-01 
  691.000  6.537958e-01 
  692.000  6.667064e-01 
  693.000  6.642218e-01 
  694.000  6.588951e-01 
  695.000  6.665339e-01 
  696.000  6.709048e-01 
  697.000  6.882305e-01 
  698.000  6.848455e-01 
  699.000  6.695793e-01 
  700.000  6.722389e-01 
  701.000  6.688950e-01 
  702.000  6.715140e-01 
  703.000  6.844853e-01 
  704.000  6.851320e-01 
  705.000  6.799057e-01 
  706.000  6.810213e-01 
  707.000  6.830012e-01 
  708.000  6.851335e-01 
  709.000  6.894125e-01 
  710.000  6.850206e-01 
  711.000  6.896659e-01 
  712.000  6.936306e-01 
  713.000  6.905937e-01 
  714.000  6.896282e-01 
  715.000  6.846477e-01 
  716.000  6.794890e-01 
  717.000  6.459965e-01 
  718.000  6.253407e-01 
  719.000  6.179444e-01 
  720.000  6.066189e-01 
  721.000  6.561907e-01 
  722.000  6.737476e-01 
  723.000  6.639293e-01 
  724.000  6.358122e-01 
  725.000  6.400682e-01 
  726.000  6.387742e-01 
  727.000  6.428064e-01 
  728.000  6.384689e-01 
  729.000  6.493093e-01 
  730.000  6.474425e-01 
  731.000  6.451808e-01 
  732.000  6.634275e-01 
  733.000  6.808297e-01 
  734.000  6.891966e-01 
  735.000  6.862772e-01 
  736.000  6.808046e-01 
  737.000  6.849765e-01 
  738.000  6.906965e-01 
  739.000  6.931697e-01 
  740.000  6.986217e-01 
  741.000  7.017797e-01 
  742.000  7.031201e-01 
  743.000  7.059698e-01 
  744.000  7.073021e-01 
  745.000  7.083356e-01 
  746.000  7.091548e-01 
  747.000  7.093641e-01 
  748.000  7.101510e-01 
  749.000  7.105736e-01 
  750.000  7.103948e-01 
  751.000  7.105798e-01 
  752.000  7.113014e-01 
  753.000  7.116213e-01 
  754.000  7.118818e-01 
  755.000  7.120653e-01 
  756.000  7.122557e-01 
  757.000  7.123884e-01 
  758.000  7.111759e-01 
  759.000  6.607066e-01 
  760.000  2.922750e-01 
  761.000  2.584108e-01 
  762.000  4.688275e-01 
  763.000  4.026468e-01 
  764.000  4.353431e-01 
  765.000  5.100876e-01 
  766.000  6.011008e-01 
  767.000  6.473325e-01 
  768.000  6.776725e-01 
  769.000  6.977418e-01 
  770.000  7.084329e-01 
  771.000  7.135718e-01 
  772.000  7.148396e-01 
  773.000  7.154142e-01 
  774.000  7.161365e-01 
  775.000  7.165572e-01 
  776.000  7.168565e-01 
  777.000  7.169572e-01 
  778.000  7.169666e-01 
  779.000  7.169629e-01 
  780.000  7.169555e-01 
  781.000  7.172735e-01 
  782.000  7.172568e-01 
  783.000  7.172500e-01 
  784.000  7.170305e-01 
  785.000  7.158511e-01 
  786.000  7.140038e-01 
  787.000  7.099654e-01 
  788.000  7.078146e-01 
  789.000  7.000651e-01 
  790.000  6.994194e-01 
  791.000  7.009084e-01 
  792.000  7.022834e-01 
  793.000  7.054635e-01 
  794.000  7.121864e-01 
  795.000  7.081080e-01 
  796.000  6.972041e-01 
  797.000  7.003469e-01 
  798.000  7.072635e-01 
  799.000  7.057062e-01 
  800.000  7.007012e-01 
  801.000  7.013170e-01 
  802.000  7.008260e-01 
  803.000  7.015768e-01 
  804.000  7.039523e-01 
  805.000  7.084892e-01 
  806.000  7.112010e-01 
  807.000  7.113366e-01 
  808.000  7.098247e-01 
  809.000  7.079635e-01 
  810.000  7.059250e-01 
  811.000  7.017206e-01 
  812.000  6.960574e-01 
  813.000  6.891113e-01 
  814.000  6.799340e-01 
  815.000  6.685110e-01 
  816.000  6.537920e-01 
  817.000  6.546432e-01 
  818.000  6.558608e-01 
  819.000  6.607181e-01 
  820.000  6.769380e-01 
  821.000  6.954334e-01 
  822.000  6.813910e-01 
  823.000  6.420756e-01 
  824.000  6.752347e-01 
  825.000  6.964994e-01 
  826.000  6.928668e-01 
  827.000  6.901943e-01 
  828.000  6.762058e-01 
  829.000  6.812644e-01 
  830.000  6.869218e-01 
  831.000  6.882536e-01 
  832.000  6.888317e-01 
  833.000  6.920919e-01 
  834.000  6.959256e-01 
  835.000  7.035229e-01 
  836.000  7.010871e-01 
  837.000  7.008333e-01 
  838.000  7.045403e-01 
  839.000  7.067910e-01 
  840.000  7.076165e-01 
  841.000  7.051944e-01 
  842.000  7.073885e-01 
  843.000  7.125835e-01 
  844.000  7.149425e-01 
  845.000  7.160484e-01 
  846.000  7.172105e-01 
  847.000  7.184157e-01 
  848.000  7.164091e-01 
  849.000  7.166905e-01 
  850.000  7.156675e-01 
  851.000  7.144451e-01 
  852.000  7.145802e-01 
  853.000  7.166319e-01 
  854.000  7.165320e-01 
  855.000  7.175683e-01 
  856.000  7.196110e-01 
  857.000  7.205079e-01 
  858.000  7.210060e-01 
  859.000  7.220368e-01 
  860.000  7.225776e-01 
  861.000  7.226759e-01 
  862.000  7.229865e-01 
  863.000  7.230397e-01 
  864.000  7.232573e-01 
  865.000  7.234379e-01 
  866.000  7.234965e-01 
  867.000  7.234799e-01 
  868.000  7.235201e-01 
  869.000  7.235898e-01 
  870.000  7.235625e-01 
  871.000  7.236290e-01 
  872.000  7.237718e-01 
  873.000  7.236564e-01 
  874.000  7.236000e-01 
  875.000  7.235972e-01 
  876.000  7.233856e-01 
  877.000  7.232846e-01 
  878.000  7.226344e-01 
  879.000  7.226014e-01 
  880.000  7.220499e-01 
  881.000  7.217274e-01 
  882.000  7.214659e-01 
  883.000  7.217907e-01 
  884.000  7.218866e-01 
  885.000  7.207347e-01 
  886.000  7.191337e-01 
  887.000  7.204261e-01 
  888.000  7.203626e-01 
  889.000  7.207729e-01 
  890.000  7.198145e-01 
  891.000  7.179704e-01 
  892.000  7.138613e-01 
  893.000  7.013209e-01 
  894.000  6.950838e-01 
  895.000  6.759534e-01 
  896.000  6.587951e-01 
  897.000  6.406857e-01 
  898.000  6.322104e-01 
  899.000  6.081601e-01 
  900.000  6.116612e-01 
  901.000  6.053948e-01 
  902.000  6.065297e-01 
  903.000  6.469384e-01 
  904.000  6.715176e-01 
  905.000  6.706159e-01 
  906.000  6.552580e-01 
  907.000  6.280476e-01 
  908.000  6.100808e-01 
  909.000  6.108620e-01 
  910.000  6.135818e-01 
  911.000  6.255267e-01 
  912.000  6.197504e-01 
  913.000  5.946061e-01 
  914.000  6.070477e-01 
  915.000  6.168309e-01 
  916.000  6.194753e-01 
  917.000  6.247752e-01 
  918.000  6.316255e-01 
  919.000  6.549114e-01 
  920.000  6.724560e-01 
  921.000  6.685850e-01 
  922.000  6.682566e-01 
  923.000  6.633639e-01 
  924.000  6.515920e-01 
  925.000  6.506404e-01 
  926.000  6.504171e-01 
  927.000  6.367071e-01 
  928.000  6.155772e-01 
  929.000  5.849881e-01 
  930.000  5.459388e-01 
  931.000  5.020845e-01 
  932.000  4.445306e-01 
  933.000  4.011493e-01 
  934.000  3.562123e-01 
  935.000  3.514542e-01 
  936.000  3.693594e-01 
  937.000  3.647608e-01 
  938.000  4.146255e-01 
  939.000  5.424516e-01 
  940.000  5.612285e-01 
  941.000  5.449457e-01 
  942.000  5.049360e-01 
  943.000  4.378601e-01 
  944.000  4.331833e-01 
  945.000  4.574546e-01 
  946.000  4.587641e-01 
  947.000  4.802242e-01 
  948.000  4.927818e-01 
  949.000  4.910875e-01 
  950.000  4.942852e-01 
  951.000  5.223290e-01 
  952.000  4.922578e-01 
  953.000  5.132579e-01 
  954.000  5.356918e-01 
  955.000  5.173981e-01 
  956.000  5.131985e-01 
  957.000  5.698668e-01 
  958.000  5.771058e-01 
  959.000  5.676687e-01 
  960.000  5.648999e-01 
  961.000  5.601577e-01 
  962.000  5.644199e-01 
  963.000  5.953125e-01 
  964.000  5.997141e-01 
  965.000  5.967404e-01 
  966.000  5.983822e-01 
  967.000  6.203016e-01 
  968.000  6.567240e-01 
  969.000  6.730905e-01 
  970.000  6.739582e-01 
  971.000  6.735666e-01 
  972.000  6.689236e-01 
  973.000  6.581760e-01 
  974.000  6.450500e-01 
  975.000  6.365977e-01 
  976.000  6.469315e-01 
  977.000  6.639583e-01 
  978.000  6.625649e-01 
  979.000  6.669536e-01 
  980.000  6.842493e-01 
  981.000  6.880665e-01 
  982.000  6.842072e-01 
  983.000  6.930593e-01 
  984.000  7.021602e-01 
  985.000  7.073221e-01 
  986.000  7.139778e-01 
  987.000  7.168548e-01 
  988.000  7.175098e-01 
  989.000  7.179285e-01 
  990.000  7.186295e-01 
  991.000  7.211033e-01 
  992.000  7.218063e-01 
  993.000  7.220696e-01 
  994.000  7.242163e-01 
  995.000  7.257422e-01 
  996.000  7.257310e-01 
  997.000  7.247335e-01 
  998.000  7.236257e-01 
  999.000  7.232057e-01 
 1000.000  7.235553e-01 
 1001.000  7.212946e-01 
 1002.000  7.175052e-01 
 1003.000  7.184093e-01 
 1004.000  7.205941e-01 
 1005.000  7.215936e-01 
 1006.000  7.219078e-01 
 1007.000  7.211866e-01 
 1008.000  7.180963e-01 
 1009.000  7.139595e-01 
 1010.000  7.158030e-01 
 1011.000  7.201943e-01 
 1012.000  7.218653e-01 
 1013.000  7.231753e-01 
 1014.000  7.236145e-01 
 1015.000  7.237170e-01 
 1016.000  7.243205e-01 
 1017.000  7.246714e-01 
 1018.000  7.239089e-01 
 1019.000  7.224846e-01 
 1020.000  7.230170e-01 
 1021.000  7.240161e-01 
 1022.000  7.222622e-01 
 1023.000  7.207097e-01 
 1024.000  7.197765e-01 
 1025.000  7.226047e-01 
 1026.000  7.237439e-01 
 1027.000  7.231925e-01 
 1028.000  7.236252e-01 
 1029.000  7.248439e-01 
 1030.000  7.259697e-01 
 1031.000  7.265797e-01 
 1032.000  7.270162e-01 
 1033.000  7.270947e-01 
 1034.000  7.273559e-01 
 1035.000  7.274700e-01 
 1036.000  7.273280e-01 
 1037.000  7.273018e-01 
 1038.000  7.273823e-01 
 1039.000  7.271981e-01 
 1040.000  7.270252e-01 
 1041.000  7.268870e-01 
 1042.000  7.268381e-01 
 1043.000  7.268124e-01 
 1044.000  7.266763e-01 
 1045.000  7.263139e-01 
 1046.000  7.260599e-01 
 1047.000  7.257485e-01 
 1048.000  7.252989e-01 
 1049.000  7.248159e-01 
 1050.000  7.244190e-01 
 1051.000  7.239223e-01 
 1052.000  7.235352e-01 
 1053.000  7.234110e-01 
 1054.000  7.228512e-01 
 1055.000  7.223138e-01 
 1056.000  7.218007e-01 
 1057.000  7.206559e-01 
 1058.000  7.186390e-01 
 1059.000  7.186567e-01 
 1060.000  7.195172e-01 
 1061.000  7.192135e-01 
 1062.000  7.179068e-01 
 1063.000  7.173029e-01 
 1064.000  7.161528e-01 
 1065.000  7.149485e-01 
 1066.000  7.150291e-01 
 1067.000  7.143269e-01 
 1068.000  7.121126e-01 
 1069.000  7.112601e-01 
 1070.000  7.118385e-01 
 1071.000  7.105105e-01 
 1072.000  7.090812e-01 
 1073.000  7.089190e-01 
 1074.000  7.092808e-01 
 1075.000  7.117189e-01 
 1076.000  7.103912e-01 
 1077.000  7.085593e-01 
 1078.000  7.063777e-01 
 1079.000  7.061808e-01 
 1080.000  7.001426e-01 
 1081.000  6.998702e-01 
 1082.000  7.026335e-01 
 1083.000  6.994674e-01 
 1084.000  6.959771e-01 
 1085.000  6.875444e-01 
 1086.000  6.895917e-01 
 1087.000  6.989825e-01 
 1088.000  6.993915e-01 
 1089.000  6.880888e-01 
 1090.000  6.860036e-01 
 1091.000  6.882153e-01 
 1092.000  6.826360e-01 
 1093.000  6.700608e-01 
 1094.000  6.645874e-01 
 1095.000  6.655146e-01 
 1096.000  6.663743e-01 
 1097.000  6.639104e-01 
 1098.000  6.331327e-01 
 1099.000  6.067963e-01 
 1100.000  6.086142e-01 
 1101.000  6.122955e-01 
 1102.000  6.105869e-01 
 1103.000  6.130531e-01 
 1104.000  6.086920e-01 
 1105.000  5.976439e-01 
 1106.000  5.864269e-01 
 1107.000  5.892918e-01 
 1108.000  5.914395e-01 
 1109.000  6.011624e-01 
 1110.000  6.001654e-01 
 1111.000  5.949460e-01 
 1112.000  5.715116e-01 
 1113.000  5.394661e-01 
 1114.000  5.310473e-01 
 1115.000  4.915241e-01 
 1116.000  4.669206e-01 
 1117.000  4.094481e-01 
 1118.000  3.568486e-01 
 1119.000  3.290973e-01 
 1120.000  2.943829e-01 
 1121.000  2.867321e-01 
 1122.000  2.504670e-01 
 1123.000  2.704002e-01 
 1124.000  2.838104e-01 
 1125.000  2.768162e-01 
 1126.000  2.739868e-01 
 1127.000  2.769767e-01 
 1128.000  2.827927e-01 
 1129.000  3.184296e-01 
 1130.000  4.016632e-01 
 1131.000  4.256756e-01 
 1132.000  3.928953e-01 
 1133.000  3.326999e-01 
 1134.000  2.238490e-01 
 1135.000  2.320628e-01 
 1136.000  3.412296e-01 
 1137.000  4.007213e-01 
 1138.000  4.579202e-01 
 1139.000  4.749269e-01 
 1140.000  4.640531e-01 
 1141.000  4.417776e-01 
 1142.000  4.339984e-01 
 1143.000  4.095581e-01 
 1144.000  3.819352e-01 
 1145.000  3.419723e-01 
 1146.000  3.514042e-01 
 1147.000  3.826218e-01 
 1148.000  4.102994e-01 
 1149.000  4.213983e-01 
 1150.000  4.217808e-01 
