  320.000  1.470995e-01 
  321.000  1.845898e-01 
  322.000  1.697637e-01 
  323.000  1.885753e-01 
  324.000  2.076490e-01 
  325.000  1.934185e-01 
  326.000  2.168351e-01 
  327.000  2.234241e-01 
  328.000  2.092225e-01 
  329.000  2.365764e-01 
  330.000  2.409471e-01 
  331.000  2.323079e-01 
  332.000  2.490215e-01 
  333.000  2.539200e-01 
  334.000  2.498972e-01 
  335.000  2.622422e-01 
  336.000  2.672614e-01 
  337.000  2.651448e-01 
  338.000  2.710350e-01 
  339.000  2.771295e-01 
  340.000  2.761269e-01 
  341.000  2.820572e-01 
  342.000  2.864032e-01 
  343.000  2.885889e-01 
  344.000  2.890357e-01 
  345.000  2.949440e-01 
  346.000  2.986813e-01 
  347.000  3.017322e-01 
  348.000  3.045928e-01 
  349.000  3.078094e-01 
  350.000  3.105615e-01 
  351.000  3.133050e-01 
  352.000  3.155575e-01 
  353.000  3.187630e-01 
  354.000  3.214945e-01 
  355.000  3.240382e-01 
  356.000  3.265186e-01 
  357.000  3.287275e-01 
  358.000  3.311058e-01 
  359.000  3.334832e-01 
  360.000  3.359196e-01 
  361.000  3.389996e-01 
  362.000  3.422093e-01 
  363.000  3.451677e-01 
  364.000  3.478921e-01 
  365.000  3.504492e-01 
  366.000  3.530654e-01 
  367.000  3.555579e-01 
  368.000  3.580290e-01 
  369.000  3.604802e-01 
  370.000  3.629073e-01 
  371.000  3.653166e-01 
  372.000  3.677072e-01 
  373.000  3.700787e-01 
  374.000  3.724132e-01 
  375.000  3.747036e-01 
  376.000  3.769172e-01 
  377.000  3.790102e-01 
  378.000  3.809550e-01 
  379.000  3.829317e-01 
  380.000  3.851067e-01 
  381.000  3.875835e-01 
  382.000  3.901513e-01 
  383.000  3.925804e-01 
  384.000  3.948857e-01 
  385.000  3.971076e-01 
  386.000  3.992732e-01 
  387.000  4.014044e-01 
  388.000  4.035091e-01 
  389.000  4.055969e-01 
  390.000  4.076685e-01 
  391.000  4.097193e-01 
  392.000  4.117554e-01 
  393.000  4.137751e-01 
  394.000  4.157764e-01 
  395.000  4.177578e-01 
  396.000  4.197266e-01 
  397.000  4.216730e-01 
  398.000  4.236019e-01 
  399.000  4.255146e-01 
  400.000  4.274013e-01 
  401.000  4.292810e-01 
  402.000  4.311459e-01 
  403.000  4.329951e-01 
  404.000  4.348281e-01 
  405.000  4.366413e-01 
  406.000  4.384427e-01 
  407.000  4.402302e-01 
  408.000  4.420023e-01 
  409.000  4.437573e-01 
  410.000  4.454958e-01 
  411.000  4.472173e-01 
  412.000  4.489206e-01 
  413.000  4.506143e-01 
  414.000  4.521866e-01 
  415.000  4.538877e-01 
  416.000  4.555676e-01 
  417.000  4.572195e-01 
  418.000  4.588337e-01 
  419.000  4.604303e-01 
  420.000  4.620126e-01 
  421.000  4.635856e-01 
  422.000  4.651490e-01 
  423.000  4.667010e-01 
  424.000  4.682348e-01 
  425.000  4.697337e-01 
  426.000  4.712180e-01 
  427.000  4.726894e-01 
  428.000  4.741349e-01 
  429.000  4.755602e-01 
  430.000  4.769691e-01 
  431.000  4.783676e-01 
  432.000  4.797516e-01 
  433.000  4.811227e-01 
  434.000  4.824823e-01 
  435.000  4.838288e-01 
  436.000  4.851602e-01 
  437.000  4.864773e-01 
  438.000  4.877796e-01 
  439.000  4.890719e-01 
  440.000  4.903435e-01 
  441.000  4.915990e-01 
  442.000  4.928348e-01 
  443.000  4.940521e-01 
  444.000  4.952502e-01 
  445.000  4.964227e-01 
  446.000  4.975628e-01 
  447.000  4.987584e-01 
  448.000  5.000405e-01 
  449.000  5.013384e-01 
  450.000  5.026113e-01 
  451.000  5.038346e-01 
  452.000  5.050151e-01 
  453.000  5.061716e-01 
  454.000  5.073072e-01 
  455.000  5.083770e-01 
  456.000  5.093604e-01 
  457.000  5.103443e-01 
  458.000  5.113149e-01 
  459.000  5.122650e-01 
  460.000  5.132076e-01 
  461.000  5.141402e-01 
  462.000  5.150551e-01 
  463.000  5.159661e-01 
  464.000  5.171522e-01 
  465.000  5.183206e-01 
  466.000  5.194684e-01 
  467.000  5.205897e-01 
  468.000  5.215032e-01 
  469.000  5.222899e-01 
  470.000  5.230134e-01 
  471.000  5.236647e-01 
  472.000  5.242178e-01 
  473.000  5.246055e-01 
  474.000  5.249238e-01 
  475.000  5.250056e-01 
  476.000  5.248480e-01 
  477.000  5.248447e-01 
  478.000  5.257658e-01 
  479.000  5.271680e-01 
  480.000  5.286815e-01 
  481.000  5.300394e-01 
  482.000  5.313130e-01 
  483.000  5.324203e-01 
  484.000  5.333720e-01 
  485.000  5.342231e-01 
  486.000  5.351308e-01 
  487.000  5.360864e-01 
  488.000  5.370114e-01 
  489.000  5.379193e-01 
  490.000  5.388166e-01 
  491.000  5.395193e-01 
  492.000  5.401616e-01 
  493.000  5.408007e-01 
  494.000  5.414218e-01 
  495.000  5.420428e-01 
  496.000  5.423628e-01 
  497.000  5.426707e-01 
  498.000  5.429741e-01 
  499.000  5.432611e-01 
  500.000  5.435436e-01 
  501.000  5.437947e-01 
  502.000  5.440459e-01 
  503.000  5.442938e-01 
  504.000  5.445305e-01 
  505.000  5.447541e-01 
  506.000  5.454092e-01 
  507.000  5.460833e-01 
  508.000  5.467565e-01 
  509.000  5.474219e-01 
  510.000  5.480731e-01 
  511.000  5.486569e-01 
  512.000  5.492208e-01 
  513.000  5.497814e-01 
  514.000  5.503350e-01 
  515.000  5.508837e-01 
  516.000  5.512757e-01 
  517.000  5.515271e-01 
  518.000  5.517715e-01 
  519.000  5.520113e-01 
  520.000  5.522487e-01 
  521.000  5.524614e-01 
  522.000  5.526149e-01 
  523.000  5.527255e-01 
  524.000  5.528398e-01 
  525.000  5.529299e-01 
  526.000  5.530562e-01 
  527.000  5.530766e-01 
  528.000  5.530540e-01 
  529.000  5.530301e-01 
  530.000  5.530116e-01 
  531.000  5.529964e-01 
  532.000  5.530306e-01 
  533.000  5.533387e-01 
  534.000  5.537280e-01 
  535.000  5.541673e-01 
  536.000  5.545920e-01 
  537.000  5.549805e-01 
  538.000  5.553278e-01 
  539.000  5.556497e-01 
  540.000  5.559517e-01 
  541.000  5.562448e-01 
  542.000  5.565251e-01 
  543.000  5.567955e-01 
  544.000  5.569999e-01 
  545.000  5.571506e-01 
  546.000  5.572943e-01 
  547.000  5.574420e-01 
  548.000  5.575823e-01 
  549.000  5.577205e-01 
  550.000  5.577875e-01 
  551.000  5.577840e-01 
  552.000  5.577831e-01 
  553.000  5.577678e-01 
  554.000  5.577457e-01 
  555.000  5.577198e-01 
  556.000  5.576671e-01 
  557.000  5.575682e-01 
  558.000  5.574613e-01 
  559.000  5.573418e-01 
  560.000  5.571922e-01 
  561.000  5.570146e-01 
  562.000  5.565973e-01 
  563.000  5.563750e-01 
  564.000  5.560756e-01 
  565.000  5.556034e-01 
  566.000  5.553320e-01 
  567.000  5.542491e-01 
  568.000  5.509959e-01 
  569.000  5.438163e-01 
  570.000  5.448703e-01 
  571.000  5.498189e-01 
  572.000  5.449644e-01 
  573.000  5.462102e-01 
  574.000  5.465106e-01 
  575.000  5.461829e-01 
  576.000  5.463692e-01 
  577.000  5.481067e-01 
  578.000  5.502657e-01 
  579.000  5.521221e-01 
  580.000  5.536997e-01 
  581.000  5.560531e-01 
  582.000  5.576023e-01 
  583.000  5.584992e-01 
  584.000  5.593400e-01 
  585.000  5.599220e-01 
  586.000  5.605600e-01 
  587.000  5.586831e-01 
  588.000  5.488884e-01 
  589.000  5.335419e-01 
  590.000  5.327348e-01 
  591.000  5.434464e-01 
  592.000  5.379807e-01 
  593.000  5.502065e-01 
  594.000  5.476757e-01 
  595.000  5.393280e-01 
  596.000  5.512117e-01 
  597.000  5.483234e-01 
  598.000  5.530499e-01 
  599.000  5.548483e-01 
  600.000  5.591132e-01 
  601.000  5.618303e-01 
  602.000  5.625867e-01 
  603.000  5.638584e-01 
  604.000  5.652623e-01 
  605.000  5.662518e-01 
  606.000  5.669277e-01 
  607.000  5.675792e-01 
  608.000  5.681825e-01 
  609.000  5.687581e-01 
  610.000  5.693510e-01 
  611.000  5.700095e-01 
  612.000  5.706543e-01 
  613.000  5.712791e-01 
  614.000  5.718855e-01 
  615.000  5.724903e-01 
  616.000  5.730730e-01 
  617.000  5.736233e-01 
  618.000  5.740847e-01 
  619.000  5.744750e-01 
  620.000  5.748365e-01 
  621.000  5.751470e-01 
  622.000  5.754064e-01 
  623.000  5.755800e-01 
  624.000  5.757644e-01 
  625.000  5.759174e-01 
  626.000  5.755079e-01 
  627.000  5.715831e-01 
  628.000  5.524426e-01 
  629.000  5.635687e-01 
  630.000  5.671928e-01 
  631.000  5.709750e-01 
  632.000  5.694644e-01 
  633.000  5.751040e-01 
  634.000  5.776135e-01 
  635.000  5.786721e-01 
  636.000  5.802740e-01 
  637.000  5.816454e-01 
  638.000  5.845065e-01 
  639.000  5.854028e-01 
  640.000  5.872427e-01 
  641.000  5.880347e-01 
  642.000  5.893865e-01 
  643.000  5.885449e-01 
  644.000  5.891270e-01 
  645.000  5.876423e-01 
  646.000  5.792946e-01 
  647.000  5.736261e-01 
  648.000  5.672631e-01 
  649.000  5.735690e-01 
  650.000  5.854056e-01 
  651.000  5.857589e-01 
  652.000  5.759976e-01 
  653.000  5.879998e-01 
  654.000  5.870782e-01 
  655.000  5.831869e-01 
  656.000  5.850318e-01 
  657.000  5.876948e-01 
  658.000  5.920504e-01 
  659.000  5.947437e-01 
  660.000  5.961228e-01 
  661.000  5.993953e-01 
  662.000  6.010424e-01 
  663.000  6.011656e-01 
  664.000  6.020161e-01 
  665.000  6.028168e-01 
  666.000  6.037403e-01 
  667.000  6.045239e-01 
  668.000  6.054714e-01 
  669.000  6.061209e-01 
  670.000  6.066845e-01 
  671.000  6.072839e-01 
  672.000  6.078091e-01 
  673.000  6.083230e-01 
  674.000  6.088318e-01 
  675.000  6.093420e-01 
  676.000  6.098185e-01 
  677.000  6.102573e-01 
  678.000  6.106979e-01 
  679.000  6.110414e-01 
  680.000  6.109644e-01 
  681.000  6.108297e-01 
  682.000  6.110422e-01 
  683.000  6.111178e-01 
  684.000  6.105843e-01 
  685.000  6.115000e-01 
  686.000  6.088833e-01 
  687.000  5.210559e-01 
  688.000  5.487135e-01 
  689.000  5.406290e-01 
  690.000  5.551173e-01 
  691.000  5.734361e-01 
  692.000  5.834752e-01 
  693.000  5.750993e-01 
  694.000  5.648137e-01 
  695.000  5.737807e-01 
  696.000  5.790849e-01 
  697.000  6.022963e-01 
  698.000  5.974771e-01 
  699.000  5.766244e-01 
  700.000  5.800763e-01 
  701.000  5.754592e-01 
  702.000  5.788902e-01 
  703.000  5.963877e-01 
  704.000  5.971783e-01 
  705.000  5.899922e-01 
  706.000  5.914308e-01 
  707.000  5.940444e-01 
  708.000  5.968716e-01 
  709.000  6.026306e-01 
  710.000  5.965517e-01 
  711.000  6.028054e-01 
  712.000  6.081431e-01 
  713.000  6.038823e-01 
  714.000  6.024420e-01 
  715.000  5.954792e-01 
  716.000  5.882023e-01 
  717.000  5.431303e-01 
  718.000  5.158529e-01 
  719.000  5.060937e-01 
  720.000  4.916351e-01 
  721.000  5.560198e-01 
  722.000  5.794531e-01 
  723.000  5.662005e-01 
  724.000  5.289783e-01 
  725.000  5.343968e-01 
  726.000  5.326814e-01 
  727.000  5.379307e-01 
  728.000  5.322442e-01 
  729.000  5.464540e-01 
  730.000  5.440297e-01 
  731.000  5.411011e-01 
  732.000  5.652229e-01 
  733.000  5.886392e-01 
  734.000  6.000212e-01 
  735.000  5.960274e-01 
  736.000  5.885797e-01 
  737.000  5.942059e-01 
  738.000  6.019561e-01 
  739.000  6.053057e-01 
  740.000  6.127467e-01 
  741.000  6.170563e-01 
  742.000  6.188694e-01 
  743.000  6.228538e-01 
  744.000  6.245688e-01 
  745.000  6.259497e-01 
  746.000  6.269856e-01 
  747.000  6.272589e-01 
  748.000  6.282288e-01 
  749.000  6.287553e-01 
  750.000  6.284512e-01 
  751.000  6.286341e-01 
  752.000  6.295541e-01 
  753.000  6.299331e-01 
  754.000  6.302264e-01 
  755.000  6.304084e-01 
  756.000  6.306006e-01 
  757.000  6.307329e-01 
  758.000  6.295518e-01 
  759.000  5.819885e-01 
  760.000  2.434837e-01 
  761.000  2.134705e-01 
  762.000  4.034083e-01 
  763.000  3.428805e-01 
  764.000  3.727126e-01 
  765.000  4.414746e-01 
  766.000  5.261294e-01 
  767.000  5.694840e-01 
  768.000  5.980555e-01 
  769.000  6.170076e-01 
  770.000  6.271927e-01 
  771.000  6.320157e-01 
  772.000  6.332210e-01 
  773.000  6.337585e-01 
  774.000  6.344325e-01 
  775.000  6.348546e-01 
  776.000  6.351624e-01 
  777.000  6.352337e-01 
  778.000  6.351926e-01 
  779.000  6.351433e-01 
  780.000  6.350927e-01 
  781.000  6.355081e-01 
  782.000  6.354440e-01 
  783.000  6.353945e-01 
  784.000  6.350792e-01 
  785.000  6.334515e-01 
  786.000  6.309954e-01 
  787.000  6.253681e-01 
  788.000  6.224099e-01 
  789.000  6.119157e-01 
  790.000  6.110055e-01 
  791.000  6.129737e-01 
  792.000  6.147997e-01 
  793.000  6.190660e-01 
  794.000  6.281366e-01 
  795.000  6.225793e-01 
  796.000  6.078641e-01 
  797.000  6.120521e-01 
  798.000  6.213456e-01 
  799.000  6.192165e-01 
  800.000  6.124439e-01 
  801.000  6.132425e-01 
  802.000  6.125544e-01 
  803.000  6.135393e-01 
  804.000  6.167196e-01 
  805.000  6.228210e-01 
  806.000  6.264704e-01 
  807.000  6.266276e-01 
  808.000  6.245474e-01 
  809.000  6.219913e-01 
  810.000  6.191874e-01 
  811.000  6.134612e-01 
  812.000  6.057696e-01 
  813.000  5.963894e-01 
  814.000  5.840816e-01 
  815.000  5.688576e-01 
  816.000  5.496227e-01 
  817.000  5.506235e-01 
  818.000  5.521649e-01 
  819.000  5.585127e-01 
  820.000  5.797895e-01 
  821.000  6.043220e-01 
  822.000  5.856287e-01 
  823.000  5.344703e-01 
  824.000  5.774974e-01 
  825.000  6.057152e-01 
  826.000  6.009324e-01 
  827.000  5.973470e-01 
  828.000  5.787882e-01 
  829.000  5.854359e-01 
  830.000  5.929317e-01 
  831.000  5.947101e-01 
  832.000  5.955321e-01 
  833.000  5.998860e-01 
  834.000  6.050285e-01 
  835.000  6.152462e-01 
  836.000  6.119736e-01 
  837.000  6.116427e-01 
  838.000  6.166142e-01 
  839.000  6.196414e-01 
  840.000  6.207380e-01 
  841.000  6.174590e-01 
  842.000  6.204016e-01 
  843.000  6.274073e-01 
  844.000  6.305951e-01 
  845.000  6.320792e-01 
  846.000  6.336411e-01 
  847.000  6.353626e-01 
  848.000  6.325096e-01 
  849.000  6.328674e-01 
  850.000  6.314545e-01 
  851.000  6.297746e-01 
  852.000  6.299366e-01 
  853.000  6.327004e-01 
  854.000  6.325493e-01 
  855.000  6.339389e-01 
  856.000  6.368344e-01 
  857.000  6.379141e-01 
  858.000  6.385719e-01 
  859.000  6.399527e-01 
  860.000  6.406271e-01 
  861.000  6.407440e-01 
  862.000  6.411650e-01 
  863.000  6.412173e-01 
  864.000  6.415052e-01 
  865.000  6.417400e-01 
  866.000  6.418002e-01 
  867.000  6.417542e-01 
  868.000  6.417885e-01 
  869.000  6.418645e-01 
  870.000  6.418036e-01 
  871.000  6.418753e-01 
  872.000  6.420549e-01 
  873.000  6.418697e-01 
  874.000  6.417681e-01 
  875.000  6.417418e-01 
  876.000  6.414210e-01 
  877.000  6.413023e-01 
  878.000  6.404276e-01 
  879.000  6.403652e-01 
  880.000  6.396105e-01 
  881.000  6.391611e-01 
  882.000  6.387933e-01 
  883.000  6.391506e-01 
  884.000  6.393172e-01 
  885.000  6.377580e-01 
  886.000  6.357299e-01 
  887.000  6.374031e-01 
  888.000  6.372985e-01 
  889.000  6.377985e-01 
  890.000  6.365057e-01 
  891.000  6.338557e-01 
  892.000  6.282802e-01 
  893.000  6.114882e-01 
  894.000  6.031123e-01 
  895.000  5.779825e-01 
  896.000  5.556151e-01 
  897.000  5.322526e-01 
  898.000  5.214121e-01 
  899.000  4.915459e-01 
  900.000  4.957249e-01 
  901.000  4.880628e-01 
  902.000  4.895989e-01 
  903.000  5.399316e-01 
  904.000  5.713875e-01 
  905.000  5.703236e-01 
  906.000  5.506361e-01 
  907.000  5.163221e-01 
  908.000  4.940461e-01 
  909.000  4.949219e-01 
  910.000  4.982281e-01 
  911.000  5.129724e-01 
  912.000  5.058268e-01 
  913.000  4.751267e-01 
  914.000  4.902533e-01 
  915.000  5.023187e-01 
  916.000  5.056478e-01 
  917.000  5.123013e-01 
  918.000  5.209135e-01 
  919.000  5.503467e-01 
  920.000  5.729654e-01 
  921.000  5.680434e-01 
  922.000  5.676351e-01 
  923.000  5.613317e-01 
  924.000  5.462583e-01 
  925.000  5.448592e-01 
  926.000  5.441009e-01 
  927.000  5.263499e-01 
  928.000  4.994175e-01 
  929.000  4.613423e-01 
  930.000  4.143660e-01 
  931.000  3.638521e-01 
  932.000  3.000361e-01 
  933.000  2.558363e-01 
  934.000  2.131733e-01 
  935.000  2.085414e-01 
  936.000  2.246464e-01 
  937.000  2.207472e-01 
  938.000  2.692661e-01 
  939.000  4.059497e-01 
  940.000  4.278618e-01 
  941.000  4.094205e-01 
  942.000  3.647441e-01 
  943.000  2.937477e-01 
  944.000  2.887809e-01 
  945.000  3.134402e-01 
  946.000  3.150598e-01 
  947.000  3.381944e-01 
  948.000  3.519364e-01 
  949.000  3.504276e-01 
  950.000  3.540453e-01 
  951.000  3.851764e-01 
  952.000  3.524616e-01 
  953.000  3.758788e-01 
  954.000  4.015195e-01 
  955.000  3.813431e-01 
  956.000  3.773464e-01 
  957.000  4.426581e-01 
  958.000  4.516394e-01 
  959.000  4.408570e-01 
  960.000  4.378783e-01 
  961.000  4.325384e-01 
  962.000  4.377341e-01 
  963.000  4.746811e-01 
  964.000  4.801802e-01 
  965.000  4.767870e-01 
  966.000  4.789863e-01 
  967.000  5.059859e-01 
  968.000  5.518955e-01 
  969.000  5.730399e-01 
  970.000  5.742519e-01 
  971.000  5.737666e-01 
  972.000  5.677493e-01 
  973.000  5.539501e-01 
  974.000  5.373044e-01 
  975.000  5.266909e-01 
  976.000  5.396852e-01 
  977.000  5.613552e-01 
  978.000  5.596589e-01 
  979.000  5.653881e-01 
  980.000  5.878066e-01 
  981.000  5.928478e-01 
  982.000  5.879069e-01 
  983.000  5.995320e-01 
  984.000  6.115448e-01 
  985.000  6.184050e-01 
  986.000  6.272773e-01 
  987.000  6.311446e-01 
  988.000  6.320420e-01 
  989.000  6.326156e-01 
  990.000  6.335570e-01 
  991.000  6.368660e-01 
  992.000  6.378031e-01 
  993.000  6.381509e-01 
  994.000  6.411361e-01 
  995.000  6.430658e-01 
  996.000  6.430424e-01 
  997.000  6.417005e-01 
  998.000  6.403291e-01 
  999.000  6.397675e-01 
 1000.000  6.402135e-01 
 1001.000  6.370390e-01 
 1002.000  6.319718e-01 
 1003.000  6.331668e-01 
 1004.000  6.360717e-01 
 1005.000  6.373969e-01 
 1006.000  6.378213e-01 
 1007.000  6.368468e-01 
 1008.000  6.327173e-01 
 1009.000  6.272090e-01 
 1010.000  6.296571e-01 
 1011.000  6.355101e-01 
 1012.000  6.377419e-01 
 1013.000  6.394998e-01 
 1014.000  6.402353e-01 
 1015.000  6.403753e-01 
 1016.000  6.411690e-01 
 1017.000  6.416282e-01 
 1018.000  6.406315e-01 
 1019.000  6.385908e-01 
 1020.000  6.393053e-01 
 1021.000  6.407740e-01 
 1022.000  6.383041e-01 
 1023.000  6.362399e-01 
 1024.000  6.350051e-01 
 1025.000  6.387911e-01 
 1026.000  6.404664e-01 
 1027.000  6.397568e-01 
 1028.000  6.403449e-01 
 1029.000  6.418728e-01 
 1030.000  6.433973e-01 
 1031.000  6.441787e-01 
 1032.000  6.448460e-01 
 1033.000  6.449766e-01 
 1034.000  6.453457e-01 
 1035.000  6.455272e-01 
 1036.000  6.454379e-01 
 1037.000  6.454940e-01 
 1038.000  6.456190e-01 
 1039.000  6.453875e-01 
 1040.000  6.451928e-01 
 1041.000  6.450392e-01 
 1042.000  6.449987e-01 
 1043.000  6.449999e-01 
 1044.000  6.448672e-01 
 1045.000  6.444319e-01 
 1046.000  6.441426e-01 
 1047.000  6.438029e-01 
 1048.000  6.433949e-01 
 1049.000  6.430176e-01 
 1050.000  6.425822e-01 
 1051.000  6.419508e-01 
 1052.000  6.415322e-01 
 1053.000  6.414641e-01 
 1054.000  6.408064e-01 
 1055.000  6.401873e-01 
 1056.000  6.396506e-01 
 1057.000  6.382754e-01 
 1058.000  6.357597e-01 
 1059.000  6.359268e-01 
 1060.000  6.372032e-01 
 1061.000  6.368933e-01 
 1062.000  6.353138e-01 
 1063.000  6.347510e-01 
 1064.000  6.334156e-01 
 1065.000  6.319391e-01 
 1066.000  6.320688e-01 
 1067.000  6.311911e-01 
 1068.000  6.280267e-01 
 1069.000  6.264437e-01 
 1070.000  6.268910e-01 
 1071.000  6.248426e-01 
 1072.000  6.227551e-01 
 1073.000  6.223377e-01 
 1074.000  6.226261e-01 
 1075.000  6.256704e-01 
 1076.000  6.237327e-01 
 1077.000  6.211432e-01 
 1078.000  6.181021e-01 
 1079.000  6.176887e-01 
 1080.000  6.096104e-01 
 1081.000  6.091393e-01 
 1082.000  6.126651e-01 
 1083.000  6.083684e-01 
 1084.000  6.036851e-01 
 1085.000  5.925969e-01 
 1086.000  5.951550e-01 
 1087.000  6.073178e-01 
 1088.000  6.077923e-01 
 1089.000  5.929376e-01 
 1090.000  5.901284e-01 
 1091.000  5.929017e-01 
 1092.000  5.855395e-01 
 1093.000  5.692509e-01 
 1094.000  5.621923e-01 
 1095.000  5.632878e-01 
 1096.000  5.642423e-01 
 1097.000  5.609342e-01 
 1098.000  5.220307e-01 
 1099.000  4.894746e-01 
 1100.000  4.916048e-01 
 1101.000  4.959977e-01 
 1102.000  4.937259e-01 
 1103.000  4.965803e-01 
 1104.000  4.910977e-01 
 1105.000  4.775075e-01 
 1106.000  4.640390e-01 
 1107.000  4.671588e-01 
 1108.000  4.693058e-01 
 1109.000  4.804296e-01 
 1110.000  4.784790e-01 
 1111.000  4.717984e-01 
 1112.000  4.434732e-01 
 1113.000  4.052451e-01 
 1114.000  3.941309e-01 
 1115.000  3.488389e-01 
 1116.000  3.218125e-01 
 1117.000  2.631158e-01 
 1118.000  2.122607e-01 
 1119.000  1.862892e-01 
 1120.000  1.563191e-01 
 1121.000  1.497974e-01 
 1122.000  1.217668e-01 
 1123.000  1.361103e-01 
 1124.000  1.461165e-01 
 1125.000  1.406560e-01 
 1126.000  1.385975e-01 
 1127.000  1.412187e-01 
 1128.000  1.462878e-01 
 1129.000  1.755106e-01 
 1130.000  2.490857e-01 
 1131.000  2.718925e-01 
 1132.000  2.405767e-01 
 1133.000  1.875890e-01 
 1134.000  1.034836e-01 
 1135.000  1.093717e-01 
 1136.000  1.957501e-01 
 1137.000  2.497264e-01 
 1138.000  3.066376e-01 
 1139.000  3.259917e-01 
 1140.000  3.148085e-01 
 1141.000  2.930084e-01 
 1142.000  2.851332e-01 
 1143.000  2.609966e-01 
 1144.000  2.349137e-01 
 1145.000  1.987634e-01 
 1146.000  2.071813e-01 
 1147.000  2.357452e-01 
 1148.000  2.621383e-01 
 1149.000  2.733696e-01 
 1150.000  2.747273e-01 
