  320.000  1.794252e-01 
  321.000  2.211805e-01 
  322.000  2.047556e-01 
  323.000  2.255778e-01 
  324.000  2.465241e-01 
  325.000  2.309115e-01 
  326.000  2.565574e-01 
  327.000  2.637335e-01 
  328.000  2.482451e-01 
  329.000  2.780087e-01 
  330.000  2.827386e-01 
  331.000  2.733828e-01 
  332.000  2.914591e-01 
  333.000  2.967387e-01 
  334.000  2.924035e-01 
  335.000  3.056900e-01 
  336.000  3.110779e-01 
  337.000  3.088068e-01 
  338.000  3.151234e-01 
  339.000  3.216479e-01 
  340.000  3.205753e-01 
  341.000  3.269149e-01 
  342.000  3.315542e-01 
  343.000  3.338853e-01 
  344.000  3.343617e-01 
  345.000  3.406554e-01 
  346.000  3.446315e-01 
  347.000  3.478743e-01 
  348.000  3.509126e-01 
  349.000  3.543262e-01 
  350.000  3.572448e-01 
  351.000  3.601522e-01 
  352.000  3.625377e-01 
  353.000  3.659303e-01 
  354.000  3.688190e-01 
  355.000  3.715074e-01 
  356.000  3.741274e-01 
  357.000  3.764593e-01 
  358.000  3.789685e-01 
  359.000  3.814755e-01 
  360.000  3.840432e-01 
  361.000  3.872871e-01 
  362.000  3.906651e-01 
  363.000  3.937764e-01 
  364.000  3.966399e-01 
  365.000  3.993259e-01 
  366.000  4.020724e-01 
  367.000  4.046874e-01 
  368.000  4.072787e-01 
  369.000  4.098477e-01 
  370.000  4.123901e-01 
  371.000  4.149125e-01 
  372.000  4.174141e-01 
  373.000  4.198944e-01 
  374.000  4.223348e-01 
  375.000  4.247279e-01 
  376.000  4.270397e-01 
  377.000  4.292246e-01 
  378.000  4.312539e-01 
  379.000  4.333157e-01 
  380.000  4.355833e-01 
  381.000  4.381643e-01 
  382.000  4.408389e-01 
  383.000  4.433678e-01 
  384.000  4.457664e-01 
  385.000  4.480774e-01 
  386.000  4.503288e-01 
  387.000  4.525436e-01 
  388.000  4.547299e-01 
  389.000  4.568978e-01 
  390.000  4.590479e-01 
  391.000  4.611757e-01 
  392.000  4.632873e-01 
  393.000  4.653811e-01 
  394.000  4.674551e-01 
  395.000  4.695076e-01 
  396.000  4.715465e-01 
  397.000  4.735613e-01 
  398.000  4.755572e-01 
  399.000  4.775358e-01 
  400.000  4.794867e-01 
  401.000  4.814298e-01 
  402.000  4.833569e-01 
  403.000  4.852670e-01 
  404.000  4.871599e-01 
  405.000  4.890317e-01 
  406.000  4.908907e-01 
  407.000  4.927348e-01 
  408.000  4.945624e-01 
  409.000  4.963717e-01 
  410.000  4.981636e-01 
  411.000  4.999374e-01 
  412.000  5.016919e-01 
  413.000  5.034360e-01 
  414.000  5.050546e-01 
  415.000  5.068053e-01 
  416.000  5.085337e-01 
  417.000  5.102327e-01 
  418.000  5.118926e-01 
  419.000  5.135339e-01 
  420.000  5.151600e-01 
  421.000  5.167762e-01 
  422.000  5.183821e-01 
  423.000  5.199758e-01 
  424.000  5.215505e-01 
  425.000  5.230889e-01 
  426.000  5.246120e-01 
  427.000  5.261216e-01 
  428.000  5.276040e-01 
  429.000  5.290655e-01 
  430.000  5.305098e-01 
  431.000  5.319431e-01 
  432.000  5.333613e-01 
  433.000  5.347658e-01 
  434.000  5.361584e-01 
  435.000  5.375371e-01 
  436.000  5.389002e-01 
  437.000  5.402483e-01 
  438.000  5.415809e-01 
  439.000  5.429031e-01 
  440.000  5.442038e-01 
  441.000  5.454879e-01 
  442.000  5.467514e-01 
  443.000  5.479959e-01 
  444.000  5.492205e-01 
  445.000  5.504187e-01 
  446.000  5.515834e-01 
  447.000  5.528048e-01 
  448.000  5.541143e-01 
  449.000  5.554395e-01 
  450.000  5.567391e-01 
  451.000  5.579877e-01 
  452.000  5.591925e-01 
  453.000  5.603725e-01 
  454.000  5.615309e-01 
  455.000  5.626221e-01 
  456.000  5.636251e-01 
  457.000  5.646283e-01 
  458.000  5.656179e-01 
  459.000  5.665863e-01 
  460.000  5.675470e-01 
  461.000  5.684974e-01 
  462.000  5.694297e-01 
  463.000  5.703578e-01 
  464.000  5.715660e-01 
  465.000  5.727559e-01 
  466.000  5.739247e-01 
  467.000  5.750663e-01 
  468.000  5.759962e-01 
  469.000  5.767969e-01 
  470.000  5.775332e-01 
  471.000  5.781959e-01 
  472.000  5.787587e-01 
  473.000  5.791531e-01 
  474.000  5.794770e-01 
  475.000  5.795602e-01 
  476.000  5.793999e-01 
  477.000  5.793965e-01 
  478.000  5.803335e-01 
  479.000  5.817598e-01 
  480.000  5.832989e-01 
  481.000  5.846793e-01 
  482.000  5.859739e-01 
  483.000  5.870993e-01 
  484.000  5.880663e-01 
  485.000  5.889311e-01 
  486.000  5.898532e-01 
  487.000  5.908238e-01 
  488.000  5.917633e-01 
  489.000  5.926852e-01 
  490.000  5.935962e-01 
  491.000  5.943096e-01 
  492.000  5.949616e-01 
  493.000  5.956103e-01 
  494.000  5.962407e-01 
  495.000  5.968709e-01 
  496.000  5.971956e-01 
  497.000  5.975081e-01 
  498.000  5.978159e-01 
  499.000  5.981071e-01 
  500.000  5.983937e-01 
  501.000  5.986485e-01 
  502.000  5.989032e-01 
  503.000  5.991548e-01 
  504.000  5.993949e-01 
  505.000  5.996217e-01 
  506.000  6.002862e-01 
  507.000  6.009700e-01 
  508.000  6.016527e-01 
  509.000  6.023274e-01 
  510.000  6.029877e-01 
  511.000  6.035796e-01 
  512.000  6.041512e-01 
  513.000  6.047195e-01 
  514.000  6.052806e-01 
  515.000  6.058368e-01 
  516.000  6.062341e-01 
  517.000  6.064888e-01 
  518.000  6.067365e-01 
  519.000  6.069795e-01 
  520.000  6.072201e-01 
  521.000  6.074356e-01 
  522.000  6.075911e-01 
  523.000  6.077032e-01 
  524.000  6.078190e-01 
  525.000  6.079103e-01 
  526.000  6.080384e-01 
  527.000  6.080590e-01 
  528.000  6.080360e-01 
  529.000  6.080119e-01 
  530.000  6.079931e-01 
  531.000  6.079777e-01 
  532.000  6.080123e-01 
  533.000  6.083245e-01 
  534.000  6.087189e-01 
  535.000  6.091639e-01 
  536.000  6.095941e-01 
  537.000  6.099877e-01 
  538.000  6.103395e-01 
  539.000  6.106656e-01 
  540.000  6.109713e-01 
  541.000  6.112682e-01 
  542.000  6.115521e-01 
  543.000  6.118259e-01 
  544.000  6.120329e-01 
  545.000  6.121855e-01 
  546.000  6.123310e-01 
  547.000  6.124806e-01 
  548.000  6.126227e-01 
  549.000  6.127625e-01 
  550.000  6.128303e-01 
  551.000  6.128268e-01 
  552.000  6.128260e-01 
  553.000  6.128104e-01 
  554.000  6.127881e-01 
  555.000  6.127618e-01 
  556.000  6.127084e-01 
  557.000  6.126083e-01 
  558.000  6.125001e-01 
  559.000  6.123791e-01 
  560.000  6.122276e-01 
  561.000  6.120477e-01 
  562.000  6.116195e-01 
  563.000  6.113939e-01 
  564.000  6.110893e-01 
  565.000  6.106070e-01 
  566.000  6.103348e-01 
  567.000  6.092139e-01 
  568.000  6.057451e-01 
  569.000  5.981000e-01 
  570.000  5.992520e-01 
  571.000  6.046813e-01 
  572.000  5.994112e-01 
  573.000  6.007726e-01 
  574.000  6.011167e-01 
  575.000  6.007801e-01 
  576.000  6.009706e-01 
  577.000  6.028099e-01 
  578.000  6.051102e-01 
  579.000  6.070348e-01 
  580.000  6.086302e-01 
  581.000  6.110400e-01 
  582.000  6.126400e-01 
  583.000  6.134892e-01 
  584.000  6.143179e-01 
  585.000  6.148867e-01 
  586.000  6.155107e-01 
  587.000  6.134462e-01 
  588.000  6.029547e-01 
  589.000  5.865436e-01 
  590.000  5.856602e-01 
  591.000  5.970783e-01 
  592.000  5.912245e-01 
  593.000  6.042579e-01 
  594.000  6.015410e-01 
  595.000  5.926146e-01 
  596.000  6.053076e-01 
  597.000  6.022431e-01 
  598.000  6.073048e-01 
  599.000  6.092413e-01 
  600.000  6.138101e-01 
  601.000  6.168439e-01 
  602.000  6.176152e-01 
  603.000  6.189196e-01 
  604.000  6.203791e-01 
  605.000  6.213897e-01 
  606.000  6.220759e-01 
  607.000  6.227371e-01 
  608.000  6.233474e-01 
  609.000  6.239296e-01 
  610.000  6.245291e-01 
  611.000  6.251947e-01 
  612.000  6.258465e-01 
  613.000  6.264780e-01 
  614.000  6.270908e-01 
  615.000  6.277018e-01 
  616.000  6.282906e-01 
  617.000  6.288466e-01 
  618.000  6.293128e-01 
  619.000  6.297071e-01 
  620.000  6.300722e-01 
  621.000  6.303858e-01 
  622.000  6.306479e-01 
  623.000  6.308232e-01 
  624.000  6.310093e-01 
  625.000  6.311638e-01 
  626.000  6.307355e-01 
  627.000  6.265401e-01 
  628.000  6.064878e-01 
  629.000  6.180902e-01 
  630.000  6.219323e-01 
  631.000  6.258714e-01 
  632.000  6.241767e-01 
  633.000  6.301073e-01 
  634.000  6.327154e-01 
  635.000  6.337436e-01 
  636.000  6.353981e-01 
  637.000  6.367841e-01 
  638.000  6.397558e-01 
  639.000  6.406471e-01 
  640.000  6.425406e-01 
  641.000  6.433179e-01 
  642.000  6.447076e-01 
  643.000  6.437683e-01 
  644.000  6.443458e-01 
  645.000  6.427065e-01 
  646.000  6.337936e-01 
  647.000  6.277296e-01 
  648.000  6.209267e-01 
  649.000  6.275997e-01 
  650.000  6.401517e-01 
  651.000  6.404971e-01 
  652.000  6.300914e-01 
  653.000  6.428191e-01 
  654.000  6.418102e-01 
  655.000  6.376463e-01 
  656.000  6.395779e-01 
  657.000  6.423801e-01 
  658.000  6.469784e-01 
  659.000  6.498098e-01 
  660.000  6.512449e-01 
  661.000  6.547083e-01 
  662.000  6.564341e-01 
  663.000  6.565323e-01 
  664.000  6.574119e-01 
  665.000  6.582291e-01 
  666.000  6.591814e-01 
  667.000  6.599832e-01 
  668.000  6.609471e-01 
  669.000  6.616036e-01 
  670.000  6.621716e-01 
  671.000  6.627766e-01 
  672.000  6.633050e-01 
  673.000  6.638219e-01 
  674.000  6.643335e-01 
  675.000  6.648465e-01 
  676.000  6.653253e-01 
  677.000  6.657663e-01 
  678.000  6.662092e-01 
  679.000  6.665521e-01 
  680.000  6.664626e-01 
  681.000  6.662953e-01 
  682.000  6.665003e-01 
  683.000  6.665519e-01 
  684.000  6.659609e-01 
  685.000  6.669151e-01 
  686.000  6.641682e-01 
  687.000  5.723326e-01 
  688.000  6.013156e-01 
  689.000  5.928167e-01 
  690.000  6.079794e-01 
  691.000  6.270620e-01 
  692.000  6.374021e-01 
  693.000  6.282658e-01 
  694.000  6.171792e-01 
  695.000  6.266505e-01 
  696.000  6.322488e-01 
  697.000  6.568832e-01 
  698.000  6.517433e-01 
  699.000  6.295665e-01 
  700.000  6.332212e-01 
  701.000  6.282966e-01 
  702.000  6.319277e-01 
  703.000  6.505026e-01 
  704.000  6.513247e-01 
  705.000  6.436765e-01 
  706.000  6.451908e-01 
  707.000  6.479532e-01 
  708.000  6.509420e-01 
  709.000  6.570436e-01 
  710.000  6.505753e-01 
  711.000  6.572025e-01 
  712.000  6.628556e-01 
  713.000  6.583203e-01 
  714.000  6.567802e-01 
  715.000  6.493770e-01 
  716.000  6.416434e-01 
  717.000  5.937176e-01 
  718.000  5.646650e-01 
  719.000  5.542563e-01 
  720.000  5.388147e-01 
  721.000  6.073888e-01 
  722.000  6.322827e-01 
  723.000  6.181833e-01 
  724.000  5.785663e-01 
  725.000  5.843282e-01 
  726.000  5.824909e-01 
  727.000  5.880687e-01 
  728.000  5.820033e-01 
  729.000  5.971162e-01 
  730.000  5.945225e-01 
  731.000  5.913911e-01 
  732.000  6.170366e-01 
  733.000  6.418999e-01 
  734.000  6.539682e-01 
  735.000  6.497172e-01 
  736.000  6.418015e-01 
  737.000  6.477665e-01 
  738.000  6.559844e-01 
  739.000  6.595303e-01 
  740.000  6.674156e-01 
  741.000  6.719781e-01 
  742.000  6.738927e-01 
  743.000  6.781096e-01 
  744.000  6.800193e-01 
  745.000  6.813990e-01 
  746.000  6.825417e-01 
  747.000  6.827781e-01 
  748.000  6.837941e-01 
  749.000  6.843300e-01 
  750.000  6.840061e-01 
  751.000  6.841893e-01 
  752.000  6.851367e-01 
  753.000  6.855213e-01 
  754.000  6.858180e-01 
  755.000  6.860005e-01 
  756.000  6.861935e-01 
  757.000  6.863261e-01 
  758.000  6.851225e-01 
  759.000  6.355586e-01 
  760.000  2.764896e-01 
  761.000  2.438398e-01 
  762.000  4.478271e-01 
  763.000  3.834160e-01 
  764.000  4.152138e-01 
  765.000  4.880915e-01 
  766.000  5.771207e-01 
  767.000  6.224563e-01 
  768.000  6.522450e-01 
  769.000  6.719666e-01 
  770.000  6.825003e-01 
  771.000  6.875397e-01 
  772.000  6.887874e-01 
  773.000  6.893454e-01 
  774.000  6.900327e-01 
  775.000  6.904559e-01 
  776.000  6.907650e-01 
  777.000  6.908345e-01 
  778.000  6.907895e-01 
  779.000  6.907368e-01 
  780.000  6.906828e-01 
  781.000  6.911063e-01 
  782.000  6.910387e-01 
  783.000  6.909859e-01 
  784.000  6.906533e-01 
  785.000  6.889203e-01 
  786.000  6.862870e-01 
  787.000  6.803163e-01 
  788.000  6.771752e-01 
  789.000  6.660393e-01 
  790.000  6.650695e-01 
  791.000  6.671532e-01 
  792.000  6.690853e-01 
  793.000  6.736053e-01 
  794.000  6.832191e-01 
  795.000  6.773219e-01 
  796.000  6.617077e-01 
  797.000  6.661468e-01 
  798.000  6.759998e-01 
  799.000  6.737370e-01 
  800.000  6.665487e-01 
  801.000  6.673915e-01 
  802.000  6.666571e-01 
  803.000  6.676973e-01 
  804.000  6.710657e-01 
  805.000  6.775316e-01 
  806.000  6.813963e-01 
  807.000  6.815584e-01 
  808.000  6.793487e-01 
  809.000  6.766348e-01 
  810.000  6.736585e-01 
  811.000  6.675829e-01 
  812.000  6.594228e-01 
  813.000  6.494684e-01 
  814.000  6.364028e-01 
  815.000  6.202351e-01 
  816.000  5.997835e-01 
  817.000  6.008488e-01 
  818.000  6.024852e-01 
  819.000  6.092277e-01 
  820.000  6.318316e-01 
  821.000  6.578730e-01 
  822.000  6.380254e-01 
  823.000  5.836304e-01 
  824.000  6.293797e-01 
  825.000  6.593323e-01 
  826.000  6.542476e-01 
  827.000  6.504388e-01 
  828.000  6.307304e-01 
  829.000  6.377881e-01 
  830.000  6.457417e-01 
  831.000  6.476232e-01 
  832.000  6.484883e-01 
  833.000  6.531035e-01 
  834.000  6.585538e-01 
  835.000  6.693858e-01 
  836.000  6.659098e-01 
  837.000  6.655533e-01 
  838.000  6.708217e-01 
  839.000  6.740271e-01 
  840.000  6.751859e-01 
  841.000  6.717051e-01 
  842.000  6.748213e-01 
  843.000  6.822442e-01 
  844.000  6.856187e-01 
  845.000  6.871877e-01 
  846.000  6.888390e-01 
  847.000  6.906596e-01 
  848.000  6.876330e-01 
  849.000  6.880089e-01 
  850.000  6.865084e-01 
  851.000  6.847247e-01 
  852.000  6.848931e-01 
  853.000  6.878185e-01 
  854.000  6.876548e-01 
  855.000  6.891237e-01 
  856.000  6.921883e-01 
  857.000  6.933597e-01 
  858.000  6.940477e-01 
  859.000  6.955104e-01 
  860.000  6.962224e-01 
  861.000  6.963408e-01 
  862.000  6.967707e-01 
  863.000  6.968230e-01 
  864.000  6.971165e-01 
  865.000  6.973557e-01 
  866.000  6.974161e-01 
  867.000  6.973678e-01 
  868.000  6.974018e-01 
  869.000  6.974784e-01 
  870.000  6.974149e-01 
  871.000  6.974872e-01 
  872.000  6.976697e-01 
  873.000  6.974791e-01 
  874.000  6.973740e-01 
  875.000  6.973460e-01 
  876.000  6.970166e-01 
  877.000  6.968857e-01 
  878.000  6.959532e-01 
  879.000  6.958856e-01 
  880.000  6.950803e-01 
  881.000  6.946059e-01 
  882.000  6.942037e-01 
  883.000  6.945900e-01 
  884.000  6.947626e-01 
  885.000  6.931050e-01 
  886.000  6.909197e-01 
  887.000  6.926913e-01 
  888.000  6.925777e-01 
  889.000  6.931062e-01 
  890.000  6.917337e-01 
  891.000  6.889228e-01 
  892.000  6.830114e-01 
  893.000  6.652009e-01 
  894.000  6.563158e-01 
  895.000  6.296284e-01 
  896.000  6.058590e-01 
  897.000  5.810124e-01 
  898.000  5.694741e-01 
  899.000  5.376309e-01 
  900.000  5.420936e-01 
  901.000  5.339130e-01 
  902.000  5.355400e-01 
  903.000  5.891812e-01 
  904.000  6.226387e-01 
  905.000  6.214980e-01 
  906.000  6.005560e-01 
  907.000  5.640148e-01 
  908.000  5.402628e-01 
  909.000  5.411996e-01 
  910.000  5.447261e-01 
  911.000  5.604467e-01 
  912.000  5.528252e-01 
  913.000  5.200588e-01 
  914.000  5.362047e-01 
  915.000  5.490699e-01 
  916.000  5.526132e-01 
  917.000  5.596983e-01 
  918.000  5.688685e-01 
  919.000  6.001998e-01 
  920.000  6.242424e-01 
  921.000  6.190022e-01 
  922.000  6.185635e-01 
  923.000  6.118584e-01 
  924.000  5.958227e-01 
  925.000  5.943413e-01 
  926.000  5.935596e-01 
  927.000  5.746852e-01 
  928.000  5.460182e-01 
  929.000  5.054233e-01 
  930.000  4.552166e-01 
  931.000  4.010607e-01 
  932.000  3.324327e-01 
  933.000  2.846230e-01 
  934.000  2.382472e-01 
  935.000  2.332141e-01 
  936.000  2.507794e-01 
  937.000  2.465085e-01 
  938.000  2.991560e-01 
  939.000  4.464323e-01 
  940.000  4.698971e-01 
  941.000  4.501126e-01 
  942.000  4.021279e-01 
  943.000  3.255778e-01 
  944.000  3.202200e-01 
  945.000  3.468825e-01 
  946.000  3.486137e-01 
  947.000  3.735327e-01 
  948.000  3.883173e-01 
  949.000  3.866726e-01 
  950.000  3.905566e-01 
  951.000  4.240101e-01 
  952.000  3.888127e-01 
  953.000  4.139710e-01 
  954.000  4.414700e-01 
  955.000  4.197865e-01 
  956.000  4.154503e-01 
  957.000  4.854383e-01 
  958.000  4.950160e-01 
  959.000  4.834586e-01 
  960.000  4.802526e-01 
  961.000  4.745229e-01 
  962.000  4.800692e-01 
  963.000  5.195524e-01 
  964.000  5.254115e-01 
  965.000  5.217740e-01 
  966.000  5.241073e-01 
  967.000  5.528991e-01 
  968.000  6.017750e-01 
  969.000  6.242458e-01 
  970.000  6.255264e-01 
  971.000  6.250077e-01 
  972.000  6.186124e-01 
  973.000  6.039396e-01 
  974.000  5.862255e-01 
  975.000  5.749224e-01 
  976.000  5.887562e-01 
  977.000  6.118073e-01 
  978.000  6.099964e-01 
  979.000  6.160798e-01 
  980.000  6.398964e-01 
  981.000  6.452436e-01 
  982.000  6.399893e-01 
  983.000  6.523272e-01 
  984.000  6.650715e-01 
  985.000  6.723451e-01 
  986.000  6.817504e-01 
  987.000  6.858466e-01 
  988.000  6.867944e-01 
  989.000  6.873995e-01 
  990.000  6.883951e-01 
  991.000  6.919006e-01 
  992.000  6.928918e-01 
  993.000  6.932587e-01 
  994.000  6.964210e-01 
  995.000  6.984882e-01 
  996.000  6.984621e-01 
  997.000  6.971726e-01 
  998.000  6.955597e-01 
  999.000  6.949631e-01 
 1000.000  6.954345e-01 
 1001.000  6.920683e-01 
 1002.000  6.866952e-01 
 1003.000  6.879607e-01 
 1004.000  6.910389e-01 
 1005.000  6.924422e-01 
 1006.000  6.928931e-01 
 1007.000  6.918591e-01 
 1008.000  6.874804e-01 
 1009.000  6.816396e-01 
 1010.000  6.842347e-01 
 1011.000  6.904398e-01 
 1012.000  6.928048e-01 
 1013.000  6.946682e-01 
 1014.000  6.954475e-01 
 1015.000  6.955963e-01 
 1016.000  6.964377e-01 
 1017.000  6.969243e-01 
 1018.000  6.958686e-01 
 1019.000  6.937057e-01 
 1020.000  6.944637e-01 
 1021.000  6.960208e-01 
 1022.000  6.934047e-01 
 1023.000  6.912183e-01 
 1024.000  6.899111e-01 
 1025.000  6.939256e-01 
 1026.000  6.957036e-01 
 1027.000  6.949532e-01 
 1028.000  6.955797e-01 
 1029.000  6.972327e-01 
 1030.000  6.988529e-01 
 1031.000  6.996876e-01 
 1032.000  7.003883e-01 
 1033.000  7.005376e-01 
 1034.000  7.009329e-01 
 1035.000  7.011296e-01 
 1036.000  7.010441e-01 
 1037.000  7.011062e-01 
 1038.000  7.012346e-01 
 1039.000  7.009994e-01 
 1040.000  7.008029e-01 
 1041.000  7.006480e-01 
 1042.000  7.006081e-01 
 1043.000  7.006112e-01 
 1044.000  7.004786e-01 
 1045.000  7.000375e-01 
 1046.000  6.997452e-01 
 1047.000  6.994029e-01 
 1048.000  6.989975e-01 
 1049.000  6.986229e-01 
 1050.000  6.981772e-01 
 1051.000  6.975198e-01 
 1052.000  6.970954e-01 
 1053.000  6.970436e-01 
 1054.000  6.963714e-01 
 1055.000  6.957296e-01 
 1056.000  6.951879e-01 
 1057.000  6.937573e-01 
 1058.000  6.911219e-01 
 1059.000  6.913200e-01 
 1060.000  6.926941e-01 
 1061.000  6.923816e-01 
 1062.000  6.907276e-01 
 1063.000  6.901503e-01 
 1064.000  6.887512e-01 
 1065.000  6.871557e-01 
 1066.000  6.872934e-01 
 1067.000  6.863581e-01 
 1068.000  6.829832e-01 
 1069.000  6.812587e-01 
 1070.000  6.816964e-01 
 1071.000  6.794882e-01 
 1072.000  6.772457e-01 
 1073.000  6.767749e-01 
 1074.000  6.770522e-01 
 1075.000  6.802559e-01 
 1076.000  6.781752e-01 
 1077.000  6.754047e-01 
 1078.000  6.721564e-01 
 1079.000  6.716971e-01 
 1080.000  6.631070e-01 
 1081.000  6.625910e-01 
 1082.000  6.663192e-01 
 1083.000  6.617448e-01 
 1084.000  6.567613e-01 
 1085.000  6.449750e-01 
 1086.000  6.476819e-01 
 1087.000  6.605873e-01 
 1088.000  6.610803e-01 
 1089.000  6.453012e-01 
 1090.000  6.423104e-01 
 1091.000  6.452496e-01 
 1092.000  6.374220e-01 
 1093.000  6.201093e-01 
 1094.000  6.125997e-01 
 1095.000  6.137624e-01 
 1096.000  6.147797e-01 
 1097.000  6.112616e-01 
 1098.000  5.698560e-01 
 1099.000  5.351480e-01 
 1100.000  5.374200e-01 
 1101.000  5.421072e-01 
 1102.000  5.396866e-01 
 1103.000  5.427375e-01 
 1104.000  5.368968e-01 
 1105.000  5.223992e-01 
 1106.000  5.080116e-01 
 1107.000  5.113576e-01 
 1108.000  5.136713e-01 
 1109.000  5.255807e-01 
 1110.000  5.235395e-01 
 1111.000  5.164264e-01 
 1112.000  4.861792e-01 
 1113.000  4.453147e-01 
 1114.000  4.334908e-01 
 1115.000  3.849238e-01 
 1116.000  3.558556e-01 
 1117.000  2.924201e-01 
 1118.000  2.372232e-01 
 1119.000  2.089528e-01 
 1120.000  1.761504e-01 
 1121.000  1.690016e-01 
 1122.000  1.380894e-01 
 1123.000  1.539765e-01 
 1124.000  1.650300e-01 
 1125.000  1.590093e-01 
 1126.000  1.567300e-01 
 1127.000  1.595987e-01 
 1128.000  1.651494e-01 
 1129.000  1.972348e-01 
 1130.000  2.775658e-01 
 1131.000  3.023400e-01 
 1132.000  2.683318e-01 
 1133.000  2.104673e-01 
 1134.000  1.177635e-01 
 1135.000  1.242915e-01 
 1136.000  2.193460e-01 
 1137.000  2.781707e-01 
 1138.000  3.397955e-01 
 1139.000  3.605808e-01 
 1140.000  3.485031e-01 
 1141.000  3.248871e-01 
 1142.000  3.163730e-01 
 1143.000  2.902301e-01 
 1144.000  2.618887e-01 
 1145.000  2.224892e-01 
 1146.000  2.316764e-01 
 1147.000  2.627876e-01 
 1148.000  2.914492e-01 
 1149.000  3.036005e-01 
 1150.000  3.050115e-01 
