  320.000  1.423982e-01 
  321.000  1.792214e-01 
  322.000  1.646461e-01 
  323.000  1.831421e-01 
  324.000  2.019204e-01 
  325.000  1.879080e-01 
  326.000  2.109723e-01 
  327.000  2.174683e-01 
  328.000  2.034705e-01 
  329.000  2.304422e-01 
  330.000  2.347558e-01 
  331.000  2.262305e-01 
  332.000  2.427273e-01 
  333.000  2.475650e-01 
  334.000  2.435920e-01 
  335.000  2.557867e-01 
  336.000  2.607470e-01 
  337.000  2.586551e-01 
  338.000  2.644770e-01 
  339.000  2.705027e-01 
  340.000  2.695113e-01 
  341.000  2.753760e-01 
  342.000  2.796749e-01 
  343.000  2.818373e-01 
  344.000  2.822793e-01 
  345.000  2.881257e-01 
  346.000  2.918247e-01 
  347.000  2.948447e-01 
  348.000  2.976767e-01 
  349.000  3.008616e-01 
  350.000  3.035869e-01 
  351.000  3.063040e-01 
  352.000  3.085350e-01 
  353.000  3.117105e-01 
  354.000  3.144165e-01 
  355.000  3.169369e-01 
  356.000  3.193947e-01 
  357.000  3.215838e-01 
  358.000  3.239410e-01 
  359.000  3.262975e-01 
  360.000  3.287126e-01 
  361.000  3.317661e-01 
  362.000  3.349486e-01 
  363.000  3.378822e-01 
  364.000  3.405841e-01 
  365.000  3.431203e-01 
  366.000  3.457155e-01 
  367.000  3.481880e-01 
  368.000  3.506397e-01 
  369.000  3.530718e-01 
  370.000  3.554802e-01 
  371.000  3.578711e-01 
  372.000  3.602438e-01 
  373.000  3.625976e-01 
  374.000  3.649148e-01 
  375.000  3.671886e-01 
  376.000  3.693862e-01 
  377.000  3.714643e-01 
  378.000  3.733954e-01 
  379.000  3.753583e-01 
  380.000  3.775181e-01 
  381.000  3.799779e-01 
  382.000  3.825284e-01 
  383.000  3.849414e-01 
  384.000  3.872313e-01 
  385.000  3.894387e-01 
  386.000  3.915904e-01 
  387.000  3.937080e-01 
  388.000  3.957994e-01 
  389.000  3.978741e-01 
  390.000  3.999329e-01 
  391.000  4.019712e-01 
  392.000  4.039949e-01 
  393.000  4.060026e-01 
  394.000  4.079920e-01 
  395.000  4.099617e-01 
  396.000  4.119192e-01 
  397.000  4.138544e-01 
  398.000  4.157723e-01 
  399.000  4.176743e-01 
  400.000  4.195504e-01 
  401.000  4.214198e-01 
  402.000  4.232745e-01 
  403.000  4.251137e-01 
  404.000  4.269370e-01 
  405.000  4.287406e-01 
  406.000  4.305325e-01 
  407.000  4.323108e-01 
  408.000  4.340738e-01 
  409.000  4.358199e-01 
  410.000  4.375497e-01 
  411.000  4.392626e-01 
  412.000  4.409575e-01 
  413.000  4.426430e-01 
  414.000  4.442077e-01 
  415.000  4.459007e-01 
  416.000  4.475726e-01 
  417.000  4.492168e-01 
  418.000  4.508235e-01 
  419.000  4.524127e-01 
  420.000  4.539878e-01 
  421.000  4.555537e-01 
  422.000  4.571102e-01 
  423.000  4.586553e-01 
  424.000  4.601825e-01 
  425.000  4.616748e-01 
  426.000  4.631528e-01 
  427.000  4.646180e-01 
  428.000  4.660573e-01 
  429.000  4.674767e-01 
  430.000  4.688798e-01 
  431.000  4.702726e-01 
  432.000  4.716510e-01 
  433.000  4.730166e-01 
  434.000  4.743708e-01 
  435.000  4.757119e-01 
  436.000  4.770382e-01 
  437.000  4.783502e-01 
  438.000  4.796474e-01 
  439.000  4.809349e-01 
  440.000  4.822016e-01 
  441.000  4.834525e-01 
  442.000  4.846837e-01 
  443.000  4.858965e-01 
  444.000  4.870903e-01 
  445.000  4.882586e-01 
  446.000  4.893945e-01 
  447.000  4.905860e-01 
  448.000  4.918635e-01 
  449.000  4.931569e-01 
  450.000  4.944254e-01 
  451.000  4.956445e-01 
  452.000  4.968211e-01 
  453.000  4.979737e-01 
  454.000  4.991055e-01 
  455.000  5.001718e-01 
  456.000  5.011520e-01 
  457.000  5.021327e-01 
  458.000  5.031002e-01 
  459.000  5.040472e-01 
  460.000  5.049868e-01 
  461.000  5.059165e-01 
  462.000  5.068285e-01 
  463.000  5.077367e-01 
  464.000  5.089192e-01 
  465.000  5.100840e-01 
  466.000  5.112284e-01 
  467.000  5.123464e-01 
  468.000  5.132571e-01 
  469.000  5.140415e-01 
  470.000  5.147629e-01 
  471.000  5.154123e-01 
  472.000  5.159639e-01 
  473.000  5.163504e-01 
  474.000  5.166678e-01 
  475.000  5.167493e-01 
  476.000  5.165922e-01 
  477.000  5.165890e-01 
  478.000  5.175074e-01 
  479.000  5.189056e-01 
  480.000  5.204149e-01 
  481.000  5.217691e-01 
  482.000  5.230392e-01 
  483.000  5.241435e-01 
  484.000  5.250927e-01 
  485.000  5.259416e-01 
  486.000  5.268469e-01 
  487.000  5.278000e-01 
  488.000  5.287226e-01 
  489.000  5.296283e-01 
  490.000  5.305232e-01 
  491.000  5.312241e-01 
  492.000  5.318648e-01 
  493.000  5.325024e-01 
  494.000  5.331219e-01 
  495.000  5.337414e-01 
  496.000  5.340607e-01 
  497.000  5.343678e-01 
  498.000  5.346704e-01 
  499.000  5.349568e-01 
  500.000  5.352386e-01 
  501.000  5.354891e-01 
  502.000  5.357396e-01 
  503.000  5.359870e-01 
  504.000  5.362231e-01 
  505.000  5.364462e-01 
  506.000  5.370998e-01 
  507.000  5.377723e-01 
  508.000  5.384439e-01 
  509.000  5.391077e-01 
  510.000  5.397574e-01 
  511.000  5.403399e-01 
  512.000  5.409025e-01 
  513.000  5.414618e-01 
  514.000  5.420142e-01 
  515.000  5.425617e-01 
  516.000  5.429528e-01 
  517.000  5.432036e-01 
  518.000  5.434475e-01 
  519.000  5.436867e-01 
  520.000  5.439236e-01 
  521.000  5.441359e-01 
  522.000  5.442890e-01 
  523.000  5.443994e-01 
  524.000  5.445134e-01 
  525.000  5.446033e-01 
  526.000  5.447294e-01 
  527.000  5.447497e-01 
  528.000  5.447271e-01 
  529.000  5.447034e-01 
  530.000  5.446848e-01 
  531.000  5.446697e-01 
  532.000  5.447037e-01 
  533.000  5.450113e-01 
  534.000  5.453997e-01 
  535.000  5.458380e-01 
  536.000  5.462618e-01 
  537.000  5.466495e-01 
  538.000  5.469961e-01 
  539.000  5.473173e-01 
  540.000  5.476186e-01 
  541.000  5.479111e-01 
  542.000  5.481908e-01 
  543.000  5.484607e-01 
  544.000  5.486647e-01 
  545.000  5.488150e-01 
  546.000  5.489584e-01 
  547.000  5.491059e-01 
  548.000  5.492459e-01 
  549.000  5.493837e-01 
  550.000  5.494506e-01 
  551.000  5.494471e-01 
  552.000  5.494463e-01 
  553.000  5.494310e-01 
  554.000  5.494089e-01 
  555.000  5.493830e-01 
  556.000  5.493305e-01 
  557.000  5.492318e-01 
  558.000  5.491251e-01 
  559.000  5.490061e-01 
  560.000  5.488573e-01 
  561.000  5.486815e-01 
  562.000  5.484594e-01 
  563.000  5.482542e-01 
  564.000  5.480038e-01 
  565.000  5.476711e-01 
  566.000  5.473105e-01 
  567.000  5.468112e-01 
  568.000  5.459105e-01 
  569.000  5.446253e-01 
  570.000  5.443460e-01 
  571.000  5.444842e-01 
  572.000  5.433768e-01 
  573.000  5.430383e-01 
  574.000  5.427153e-01 
  575.000  5.424543e-01 
  576.000  5.426111e-01 
  577.000  5.431219e-01 
  578.000  5.439033e-01 
  579.000  5.450604e-01 
  580.000  5.467025e-01 
  581.000  5.486445e-01 
  582.000  5.502231e-01 
  583.000  5.515291e-01 
  584.000  5.526468e-01 
  585.000  5.536251e-01 
  586.000  5.544966e-01 
  587.000  5.549503e-01 
  588.000  5.544676e-01 
  589.000  5.531561e-01 
  590.000  5.534142e-01 
  591.000  5.549664e-01 
  592.000  5.545838e-01 
  593.000  5.563580e-01 
  594.000  5.563080e-01 
  595.000  5.555602e-01 
  596.000  5.568370e-01 
  597.000  5.561686e-01 
  598.000  5.564595e-01 
  599.000  5.563409e-01 
  600.000  5.565394e-01 
  601.000  5.565826e-01 
  602.000  5.563794e-01 
  603.000  5.567317e-01 
  604.000  5.574470e-01 
  605.000  5.580960e-01 
  606.000  5.586808e-01 
  607.000  5.592493e-01 
  608.000  5.598366e-01 
  609.000  5.604014e-01 
  610.000  5.609923e-01 
  611.000  5.616494e-01 
  612.000  5.622929e-01 
  613.000  5.629165e-01 
  614.000  5.635219e-01 
  615.000  5.641255e-01 
  616.000  5.647072e-01 
  617.000  5.652567e-01 
  618.000  5.657173e-01 
  619.000  5.661070e-01 
  620.000  5.664678e-01 
  621.000  5.667778e-01 
  622.000  5.670369e-01 
  623.000  5.672103e-01 
  624.000  5.673953e-01 
  625.000  5.675512e-01 
  626.000  5.676503e-01 
  627.000  5.666355e-01 
  628.000  5.470438e-01 
  629.000  5.603340e-01 
  630.000  5.608716e-01 
  631.000  5.644841e-01 
  632.000  5.670523e-01 
  633.000  5.697311e-01 
  634.000  5.717944e-01 
  635.000  5.733857e-01 
  636.000  5.748442e-01 
  637.000  5.761868e-01 
  638.000  5.776420e-01 
  639.000  5.787906e-01 
  640.000  5.800267e-01 
  641.000  5.810942e-01 
  642.000  5.820490e-01 
  643.000  5.826416e-01 
  644.000  5.833961e-01 
  645.000  5.838169e-01 
  646.000  5.834585e-01 
  647.000  5.833829e-01 
  648.000  5.831536e-01 
  649.000  5.845244e-01 
  650.000  5.864684e-01 
  651.000  5.869929e-01 
  652.000  5.862993e-01 
  653.000  5.882319e-01 
  654.000  5.885773e-01 
  655.000  5.885852e-01 
  656.000  5.892865e-01 
  657.000  5.900130e-01 
  658.000  5.909865e-01 
  659.000  5.917690e-01 
  660.000  5.924177e-01 
  661.000  5.933427e-01 
  662.000  5.940344e-01 
  663.000  5.944919e-01 
  664.000  5.950553e-01 
  665.000  5.956039e-01 
  666.000  5.961710e-01 
  667.000  5.967208e-01 
  668.000  5.972947e-01 
  669.000  5.978311e-01 
  670.000  5.983555e-01 
  671.000  5.988826e-01 
  672.000  5.993990e-01 
  673.000  5.999123e-01 
  674.000  6.004233e-01 
  675.000  6.009329e-01 
  676.000  6.014196e-01 
  677.000  6.018653e-01 
  678.000  6.023096e-01 
  679.000  6.027392e-01 
  680.000  6.031091e-01 
  681.000  6.034557e-01 
  682.000  6.038600e-01 
  683.000  6.042343e-01 
  684.000  6.045108e-01 
  685.000  6.050154e-01 
  686.000  6.026926e-01 
  687.000  5.144432e-01 
  688.000  5.414326e-01 
  689.000  5.343254e-01 
  690.000  5.483455e-01 
  691.000  5.689129e-01 
  692.000  5.845574e-01 
  693.000  5.928141e-01 
  694.000  5.973393e-01 
  695.000  6.012313e-01 
  696.000  6.032569e-01 
  697.000  6.072136e-01 
  698.000  6.069477e-01 
  699.000  6.043870e-01 
  700.000  6.051660e-01 
  701.000  6.047501e-01 
  702.000  6.055020e-01 
  703.000  6.081336e-01 
  704.000  6.084948e-01 
  705.000  6.078097e-01 
  706.000  6.082178e-01 
  707.000  6.086987e-01 
  708.000  6.092585e-01 
  709.000  6.103074e-01 
  710.000  6.096111e-01 
  711.000  6.107333e-01 
  712.000  6.116726e-01 
  713.000  6.112964e-01 
  714.000  6.112958e-01 
  715.000  6.105797e-01 
  716.000  6.099348e-01 
  717.000  6.035449e-01 
  718.000  5.995793e-01 
  719.000  5.982875e-01 
  720.000  5.960770e-01 
  721.000  6.065260e-01 
  722.000  6.102192e-01 
  723.000  6.084867e-01 
  724.000  6.030118e-01 
  725.000  6.040903e-01 
  726.000  6.039590e-01 
  727.000  6.049202e-01 
  728.000  6.041607e-01 
  729.000  6.065050e-01 
  730.000  6.062421e-01 
  731.000  6.058939e-01 
  732.000  6.097121e-01 
  733.000  6.132720e-01 
  734.000  6.149297e-01 
  735.000  6.145841e-01 
  736.000  6.136222e-01 
  737.000  6.145378e-01 
  738.000  6.156059e-01 
  739.000  6.162011e-01 
  740.000  6.173452e-01 
  741.000  6.180370e-01 
  742.000  6.184130e-01 
  743.000  6.190506e-01 
  744.000  6.194485e-01 
  745.000  6.197770e-01 
  746.000  6.200550e-01 
  747.000  6.202422e-01 
  748.000  6.205592e-01 
  749.000  6.207955e-01 
  750.000  6.209107e-01 
  751.000  6.210980e-01 
  752.000  6.213923e-01 
  753.000  6.216052e-01 
  754.000  6.218056e-01 
  755.000  6.219899e-01 
  756.000  6.221749e-01 
  757.000  6.223071e-01 
  758.000  6.211324e-01 
  759.000  5.738806e-01 
  760.000  2.385665e-01 
  761.000  2.089569e-01 
  762.000  3.967282e-01 
  763.000  3.367989e-01 
  764.000  3.663332e-01 
  765.000  4.344471e-01 
  766.000  5.184227e-01 
  767.000  5.614671e-01 
  768.000  5.898497e-01 
  769.000  6.086808e-01 
  770.000  6.188118e-01 
  771.000  6.236039e-01 
  772.000  6.248049e-01 
  773.000  6.253572e-01 
  774.000  6.261029e-01 
  775.000  6.265169e-01 
  776.000  6.267981e-01 
  777.000  6.269504e-01 
  778.000  6.270507e-01 
  779.000  6.271290e-01 
  780.000  6.271994e-01 
  781.000  6.273388e-01 
  782.000  6.274064e-01 
  783.000  6.274757e-01 
  784.000  6.274999e-01 
  785.000  6.272840e-01 
  786.000  6.269003e-01 
  787.000  6.261796e-01 
  788.000  6.257831e-01 
  789.000  6.243060e-01 
  790.000  6.242400e-01 
  791.000  6.246233e-01 
  792.000  6.249241e-01 
  793.000  6.256694e-01 
  794.000  6.270934e-01 
  795.000  6.263146e-01 
  796.000  6.242902e-01 
  797.000  6.248961e-01 
  798.000  6.263801e-01 
  799.000  6.261100e-01 
  800.000  6.251625e-01 
  801.000  6.253563e-01 
  802.000  6.253150e-01 
  803.000  6.255355e-01 
  804.000  6.260440e-01 
  805.000  6.270218e-01 
  806.000  6.276721e-01 
  807.000  6.277615e-01 
  808.000  6.274933e-01 
  809.000  6.272069e-01 
  810.000  6.268368e-01 
  811.000  6.260650e-01 
  812.000  6.250782e-01 
  813.000  6.237139e-01 
  814.000  6.218754e-01 
  815.000  6.195547e-01 
  816.000  6.164551e-01 
  817.000  6.167181e-01 
  818.000  6.170419e-01 
  819.000  6.181300e-01 
  820.000  6.216344e-01 
  821.000  6.255648e-01 
  822.000  6.226847e-01 
  823.000  6.142541e-01 
  824.000  6.214834e-01 
  825.000  6.259912e-01 
  826.000  6.252665e-01 
  827.000  6.247636e-01 
  828.000  6.218778e-01 
  829.000  6.230022e-01 
  830.000  6.242391e-01 
  831.000  6.245626e-01 
  832.000  6.247161e-01 
  833.000  6.254399e-01 
  834.000  6.262774e-01 
  835.000  6.277818e-01 
  836.000  6.274298e-01 
  837.000  6.274202e-01 
  838.000  6.280728e-01 
  839.000  6.286016e-01 
  840.000  6.288269e-01 
  841.000  6.283540e-01 
  842.000  6.288722e-01 
  843.000  6.299844e-01 
  844.000  6.304936e-01 
  845.000  6.307880e-01 
  846.000  6.310450e-01 
  847.000  6.313526e-01 
  848.000  6.310084e-01 
  849.000  6.311190e-01 
  850.000  6.309364e-01 
  851.000  6.307641e-01 
  852.000  6.308398e-01 
  853.000  6.312900e-01 
  854.000  6.313112e-01 
  855.000  6.315364e-01 
  856.000  6.320490e-01 
  857.000  6.323118e-01 
  858.000  6.324704e-01 
  859.000  6.327649e-01 
  860.000  6.329309e-01 
  861.000  6.329958e-01 
  862.000  6.331057e-01 
  863.000  6.331606e-01 
  864.000  6.332503e-01 
  865.000  6.333318e-01 
  866.000  6.333871e-01 
  867.000  6.334252e-01 
  868.000  6.334760e-01 
  869.000  6.335332e-01 
  870.000  6.335682e-01 
  871.000  6.336242e-01 
  872.000  6.336973e-01 
  873.000  6.337116e-01 
  874.000  6.337392e-01 
  875.000  6.337786e-01 
  876.000  6.337706e-01 
  877.000  6.337874e-01 
  878.000  6.336580e-01 
  879.000  6.336886e-01 
  880.000  6.335817e-01 
  881.000  6.335400e-01 
  882.000  6.335014e-01 
  883.000  6.336204e-01 
  884.000  6.336923e-01 
  885.000  6.334301e-01 
  886.000  6.331620e-01 
  887.000  6.334586e-01 
  888.000  6.334809e-01 
  889.000  6.335825e-01 
  890.000  6.334315e-01 
  891.000  6.330642e-01 
  892.000  6.322212e-01 
  893.000  6.295846e-01 
  894.000  6.284459e-01 
  895.000  6.242658e-01 
  896.000  6.204833e-01 
  897.000  6.164337e-01 
  898.000  6.145328e-01 
  899.000  6.088209e-01 
  900.000  6.097386e-01 
  901.000  6.082351e-01 
  902.000  6.084930e-01 
  903.000  6.181335e-01 
  904.000  6.237807e-01 
  905.000  6.235778e-01 
  906.000  6.201042e-01 
  907.000  6.137750e-01 
  908.000  6.095011e-01 
  909.000  6.097465e-01 
  910.000  6.104463e-01 
  911.000  6.133555e-01 
  912.000  6.119949e-01 
  913.000  6.058585e-01 
  914.000  6.089547e-01 
  915.000  6.113432e-01 
  916.000  6.119879e-01 
  917.000  6.132594e-01 
  918.000  6.148929e-01 
  919.000  6.203465e-01 
  920.000  6.243420e-01 
  921.000  6.234713e-01 
  922.000  6.234182e-01 
  923.000  6.223341e-01 
  924.000  6.196660e-01 
  925.000  6.195258e-01 
  926.000  6.196393e-01 
  927.000  6.166016e-01 
  928.000  6.118024e-01 
  929.000  6.046100e-01 
  930.000  5.949725e-01 
  931.000  5.834655e-01 
  932.000  5.676873e-01 
  933.000  5.542378e-01 
  934.000  5.387930e-01 
  935.000  5.372721e-01 
  936.000  5.439557e-01 
  937.000  5.421044e-01 
  938.000  5.586343e-01 
  939.000  5.959023e-01 
  940.000  6.007228e-01 
  941.000  5.963722e-01 
  942.000  5.854324e-01 
  943.000  5.655659e-01 
  944.000  5.642303e-01 
  945.000  5.718932e-01 
  946.000  5.721907e-01 
  947.000  5.783813e-01 
  948.000  5.819440e-01 
  949.000  5.813413e-01 
  950.000  5.822195e-01 
  951.000  5.900193e-01 
  952.000  5.814205e-01 
  953.000  5.872324e-01 
  954.000  5.932254e-01 
  955.000  5.880831e-01 
  956.000  5.866627e-01 
  957.000  6.016942e-01 
  958.000  6.034166e-01 
  959.000  6.008918e-01 
  960.000  6.000999e-01 
  961.000  5.988122e-01 
  962.000  5.998688e-01 
  963.000  6.076792e-01 
  964.000  6.087351e-01 
  965.000  6.079501e-01 
  966.000  6.083086e-01 
  967.000  6.136304e-01 
  968.000  6.221732e-01 
  969.000  6.258869e-01 
  970.000  6.260790e-01 
  971.000  6.260065e-01 
  972.000  6.249849e-01 
  973.000  6.225567e-01 
  974.000  6.195298e-01 
  975.000  6.175590e-01 
  976.000  6.200105e-01 
  977.000  6.239654e-01 
  978.000  6.236414e-01 
  979.000  6.246356e-01 
  980.000  6.285473e-01 
  981.000  6.294018e-01 
  982.000  6.285352e-01 
  983.000  6.305089e-01 
  984.000  6.325234e-01 
  985.000  6.335242e-01 
  986.000  6.349723e-01 
  987.000  6.356350e-01 
  988.000  6.357378e-01 
  989.000  6.358495e-01 
  990.000  6.360294e-01 
  991.000  6.365643e-01 
  992.000  6.367517e-01 
  993.000  6.368341e-01 
  994.000  6.373433e-01 
  995.000  6.377151e-01 
  996.000  6.377325e-01 
  997.000  6.375019e-01 
  998.000  6.372808e-01 
  999.000  6.372560e-01 
 1000.000  6.373060e-01 
 1001.000  6.368707e-01 
 1002.000  6.360728e-01 
 1003.000  6.362425e-01 
 1004.000  6.367702e-01 
 1005.000  6.369673e-01 
 1006.000  6.370298e-01 
 1007.000  6.369331e-01 
 1008.000  6.362292e-01 
 1009.000  6.353521e-01 
 1010.000  6.357815e-01 
 1011.000  6.367333e-01 
 1012.000  6.370732e-01 
 1013.000  6.373805e-01 
 1014.000  6.375105e-01 
 1015.000  6.374726e-01 
 1016.000  6.376168e-01 
 1017.000  6.377044e-01 
 1018.000  6.375100e-01 
 1019.000  6.371961e-01 
 1020.000  6.373154e-01 
 1021.000  6.375238e-01 
 1022.000  6.371108e-01 
 1023.000  6.367787e-01 
 1024.000  6.365376e-01 
 1025.000  6.371307e-01 
 1026.000  6.373427e-01 
 1027.000  6.372397e-01 
 1028.000  6.372447e-01 
 1029.000  6.374809e-01 
 1030.000  6.377317e-01 
 1031.000  6.378384e-01 
 1032.000  6.378938e-01 
 1033.000  6.378632e-01 
 1034.000  6.378585e-01 
 1035.000  6.377670e-01 
 1036.000  6.375276e-01 
 1037.000  6.373488e-01 
 1038.000  6.373459e-01 
 1039.000  6.372501e-01 
 1040.000  6.371188e-01 
 1041.000  6.370094e-01 
 1042.000  6.369444e-01 
 1043.000  6.368679e-01 
 1044.000  6.367253e-01 
 1045.000  6.364999e-01 
 1046.000  6.363127e-01 
 1047.000  6.360551e-01 
 1048.000  6.355287e-01 
 1049.000  6.348830e-01 
 1050.000  6.345790e-01 
 1051.000  6.343747e-01 
 1052.000  6.340581e-01 
 1053.000  6.338106e-01 
 1054.000  6.334691e-01 
 1055.000  6.331080e-01 
 1056.000  6.326482e-01 
 1057.000  6.320198e-01 
 1058.000  6.311238e-01 
 1059.000  6.308059e-01 
 1060.000  6.307369e-01 
 1061.000  6.304475e-01 
 1062.000  6.297887e-01 
 1063.000  6.291831e-01 
 1064.000  6.285474e-01 
 1065.000  6.282244e-01 
 1066.000  6.282015e-01 
 1067.000  6.279484e-01 
 1068.000  6.276591e-01 
 1069.000  6.284027e-01 
 1070.000  6.291894e-01 
 1071.000  6.295094e-01 
 1072.000  6.296047e-01 
 1073.000  6.300045e-01 
 1074.000  6.305093e-01 
 1075.000  6.314179e-01 
 1076.000  6.314880e-01 
 1077.000  6.314719e-01 
 1078.000  6.312987e-01 
 1079.000  6.315660e-01 
 1080.000  6.306213e-01 
 1081.000  6.308004e-01 
 1082.000  6.314586e-01 
 1083.000  6.311641e-01 
 1084.000  6.305814e-01 
 1085.000  6.288663e-01 
 1086.000  6.295063e-01 
 1087.000  6.317699e-01 
 1088.000  6.320101e-01 
 1089.000  6.296177e-01 
 1090.000  6.292946e-01 
 1091.000  6.299303e-01 
 1092.000  6.288351e-01 
 1093.000  6.260608e-01 
 1094.000  6.248885e-01 
 1095.000  6.251984e-01 
 1096.000  6.254925e-01 
 1097.000  6.250612e-01 
 1098.000  6.178946e-01 
 1099.000  6.115857e-01 
 1100.000  6.121228e-01 
 1101.000  6.131102e-01 
 1102.000  6.128287e-01 
 1103.000  6.135087e-01 
 1104.000  6.124908e-01 
 1105.000  6.098475e-01 
 1106.000  6.070571e-01 
 1107.000  6.079384e-01 
 1108.000  6.086802e-01 
 1109.000  6.113472e-01 
 1110.000  6.113895e-01 
 1111.000  6.102586e-01 
 1112.000  6.044845e-01 
 1113.000  5.964248e-01 
 1114.000  5.947748e-01 
 1115.000  5.843847e-01 
 1116.000  5.775417e-01 
 1117.000  5.596038e-01 
 1118.000  5.420413e-01 
 1119.000  5.325062e-01 
 1120.000  5.190946e-01 
 1121.000  5.161502e-01 
 1122.000  4.996447e-01 
 1123.000  5.097104e-01 
 1124.000  5.161158e-01 
 1125.000  5.130152e-01 
 1126.000  5.116067e-01 
 1127.000  5.126933e-01 
 1128.000  5.147727e-01 
 1129.000  5.296575e-01 
 1130.000  5.609226e-01 
 1131.000  5.690206e-01 
 1132.000  5.581214e-01 
 1133.000  5.354335e-01 
 1134.000  4.852230e-01 
 1135.000  4.894421e-01 
 1136.000  5.382034e-01 
 1137.000  5.597970e-01 
 1138.000  5.779083e-01 
 1139.000  5.821819e-01 
 1140.000  5.788702e-01 
 1141.000  5.715333e-01 
 1142.000  5.691197e-01 
 1143.000  5.612134e-01 
 1144.000  5.516329e-01 
 1145.000  5.368742e-01 
 1146.000  5.404452e-01 
 1147.000  5.518126e-01 
 1148.000  5.612971e-01 
 1149.000  5.647649e-01 
 1150.000  5.643729e-01 
