  320.000  1.401130e-01 
  321.000  1.766070e-01 
  322.000  1.621556e-01 
  323.000  1.804958e-01 
  324.000  1.991281e-01 
  325.000  1.852235e-01 
  326.000  2.081137e-01 
  327.000  2.145637e-01 
  328.000  2.006667e-01 
  329.000  2.274493e-01 
  330.000  2.317346e-01 
  331.000  2.232658e-01 
  332.000  2.396551e-01 
  333.000  2.444627e-01 
  334.000  2.405144e-01 
  335.000  2.526346e-01 
  336.000  2.575657e-01 
  337.000  2.554860e-01 
  338.000  2.612742e-01 
  339.000  2.672657e-01 
  340.000  2.662799e-01 
  341.000  2.721120e-01 
  342.000  2.763877e-01 
  343.000  2.785384e-01 
  344.000  2.789781e-01 
  345.000  2.847938e-01 
  346.000  2.884738e-01 
  347.000  2.914784e-01 
  348.000  2.942963e-01 
  349.000  2.974654e-01 
  350.000  3.001774e-01 
  351.000  3.028814e-01 
  352.000  3.051018e-01 
  353.000  3.082623e-01 
  354.000  3.109557e-01 
  355.000  3.134645e-01 
  356.000  3.159112e-01 
  357.000  3.180904e-01 
  358.000  3.204370e-01 
  359.000  3.227831e-01 
  360.000  3.251877e-01 
  361.000  3.282281e-01 
  362.000  3.313970e-01 
  363.000  3.343183e-01 
  364.000  3.370090e-01 
  365.000  3.395349e-01 
  366.000  3.421196e-01 
  367.000  3.445823e-01 
  368.000  3.470243e-01 
  369.000  3.494468e-01 
  370.000  3.518459e-01 
  371.000  3.542277e-01 
  372.000  3.565914e-01 
  373.000  3.589365e-01 
  374.000  3.612452e-01 
  375.000  3.635106e-01 
  376.000  3.657003e-01 
  377.000  3.677710e-01 
  378.000  3.696952e-01 
  379.000  3.716512e-01 
  380.000  3.738036e-01 
  381.000  3.762550e-01 
  382.000  3.787968e-01 
  383.000  3.812017e-01 
  384.000  3.834841e-01 
  385.000  3.856843e-01 
  386.000  3.878289e-01 
  387.000  3.899398e-01 
  388.000  3.920245e-01 
  389.000  3.940928e-01 
  390.000  3.961452e-01 
  391.000  3.981772e-01 
  392.000  4.001948e-01 
  393.000  4.021964e-01 
  394.000  4.041800e-01 
  395.000  4.061439e-01 
  396.000  4.080957e-01 
  397.000  4.100253e-01 
  398.000  4.119377e-01 
  399.000  4.138344e-01 
  400.000  4.157054e-01 
  401.000  4.175695e-01 
  402.000  4.194192e-01 
  403.000  4.212534e-01 
  404.000  4.230718e-01 
  405.000  4.248706e-01 
  406.000  4.266579e-01 
  407.000  4.284315e-01 
  408.000  4.301901e-01 
  409.000  4.319317e-01 
  410.000  4.336571e-01 
  411.000  4.353658e-01 
  412.000  4.370565e-01 
  413.000  4.387378e-01 
  414.000  4.402988e-01 
  415.000  4.419878e-01 
  416.000  4.436557e-01 
  417.000  4.452960e-01 
  418.000  4.468990e-01 
  419.000  4.484846e-01 
  420.000  4.500561e-01 
  421.000  4.516185e-01 
  422.000  4.531715e-01 
  423.000  4.547132e-01 
  424.000  4.562370e-01 
  425.000  4.577261e-01 
  426.000  4.592009e-01 
  427.000  4.606630e-01 
  428.000  4.620993e-01 
  429.000  4.635157e-01 
  430.000  4.649159e-01 
  431.000  4.663059e-01 
  432.000  4.676815e-01 
  433.000  4.690443e-01 
  434.000  4.703958e-01 
  435.000  4.717343e-01 
  436.000  4.730580e-01 
  437.000  4.743674e-01 
  438.000  4.756622e-01 
  439.000  4.769472e-01 
  440.000  4.782116e-01 
  441.000  4.794601e-01 
  442.000  4.806890e-01 
  443.000  4.818996e-01 
  444.000  4.830912e-01 
  445.000  4.842574e-01 
  446.000  4.853913e-01 
  447.000  4.865806e-01 
  448.000  4.878560e-01 
  449.000  4.891471e-01 
  450.000  4.904134e-01 
  451.000  4.916304e-01 
  452.000  4.928050e-01 
  453.000  4.939556e-01 
  454.000  4.950856e-01 
  455.000  4.961501e-01 
  456.000  4.971288e-01 
  457.000  4.981078e-01 
  458.000  4.990737e-01 
  459.000  5.000193e-01 
  460.000  5.009574e-01 
  461.000  5.018856e-01 
  462.000  5.027962e-01 
  463.000  5.037031e-01 
  464.000  5.048836e-01 
  465.000  5.060467e-01 
  466.000  5.071893e-01 
  467.000  5.083057e-01 
  468.000  5.092151e-01 
  469.000  5.099983e-01 
  470.000  5.107186e-01 
  471.000  5.113671e-01 
  472.000  5.119178e-01 
  473.000  5.123038e-01 
  474.000  5.126208e-01 
  475.000  5.127022e-01 
  476.000  5.125453e-01 
  477.000  5.125421e-01 
  478.000  5.134592e-01 
  479.000  5.148554e-01 
  480.000  5.163627e-01 
  481.000  5.177149e-01 
  482.000  5.189834e-01 
  483.000  5.200862e-01 
  484.000  5.210341e-01 
  485.000  5.218818e-01 
  486.000  5.227860e-01 
  487.000  5.237378e-01 
  488.000  5.246593e-01 
  489.000  5.255637e-01 
  490.000  5.264576e-01 
  491.000  5.271576e-01 
  492.000  5.277975e-01 
  493.000  5.284342e-01 
  494.000  5.290530e-01 
  495.000  5.296718e-01 
  496.000  5.299906e-01 
  497.000  5.302974e-01 
  498.000  5.305997e-01 
  499.000  5.308856e-01 
  500.000  5.311671e-01 
  501.000  5.314173e-01 
  502.000  5.316675e-01 
  503.000  5.319147e-01 
  504.000  5.321504e-01 
  505.000  5.323732e-01 
  506.000  5.330260e-01 
  507.000  5.336978e-01 
  508.000  5.343686e-01 
  509.000  5.350317e-01 
  510.000  5.356807e-01 
  511.000  5.362625e-01 
  512.000  5.368244e-01 
  513.000  5.373831e-01 
  514.000  5.379348e-01 
  515.000  5.384817e-01 
  516.000  5.388724e-01 
  517.000  5.391229e-01 
  518.000  5.393665e-01 
  519.000  5.396055e-01 
  520.000  5.398422e-01 
  521.000  5.400542e-01 
  522.000  5.402071e-01 
  523.000  5.403174e-01 
  524.000  5.404313e-01 
  525.000  5.405211e-01 
  526.000  5.406471e-01 
  527.000  5.406674e-01 
  528.000  5.406448e-01 
  529.000  5.406210e-01 
  530.000  5.406026e-01 
  531.000  5.405874e-01 
  532.000  5.406214e-01 
  533.000  5.409286e-01 
  534.000  5.413166e-01 
  535.000  5.417544e-01 
  536.000  5.421778e-01 
  537.000  5.425650e-01 
  538.000  5.429113e-01 
  539.000  5.432322e-01 
  540.000  5.435331e-01 
  541.000  5.438253e-01 
  542.000  5.441048e-01 
  543.000  5.443743e-01 
  544.000  5.445781e-01 
  545.000  5.447283e-01 
  546.000  5.448716e-01 
  547.000  5.450189e-01 
  548.000  5.451587e-01 
  549.000  5.452964e-01 
  550.000  5.453632e-01 
  551.000  5.453597e-01 
  552.000  5.453589e-01 
  553.000  5.453436e-01 
  554.000  5.453216e-01 
  555.000  5.452957e-01 
  556.000  5.452432e-01 
  557.000  5.451446e-01 
  558.000  5.450380e-01 
  559.000  5.449191e-01 
  560.000  5.447702e-01 
  561.000  5.445938e-01 
  562.000  5.442582e-01 
  563.000  5.440436e-01 
  564.000  5.437652e-01 
  565.000  5.433520e-01 
  566.000  5.430446e-01 
  567.000  5.421857e-01 
  568.000  5.399025e-01 
  569.000  5.352847e-01 
  570.000  5.357768e-01 
  571.000  5.386520e-01 
  572.000  5.354376e-01 
  573.000  5.360233e-01 
  574.000  5.359477e-01 
  575.000  5.357580e-01 
  576.000  5.358195e-01 
  577.000  5.370589e-01 
  578.000  5.386574e-01 
  579.000  5.402138e-01 
  580.000  5.418124e-01 
  581.000  5.439957e-01 
  582.000  5.455527e-01 
  583.000  5.466114e-01 
  584.000  5.475765e-01 
  585.000  5.483176e-01 
  586.000  5.490678e-01 
  587.000  5.481219e-01 
  588.000  5.423341e-01 
  589.000  5.327461e-01 
  590.000  5.323765e-01 
  591.000  5.393617e-01 
  592.000  5.359942e-01 
  593.000  5.439008e-01 
  594.000  5.424061e-01 
  595.000  5.371852e-01 
  596.000  5.446765e-01 
  597.000  5.427105e-01 
  598.000  5.455790e-01 
  599.000  5.465828e-01 
  600.000  5.491396e-01 
  601.000  5.506703e-01 
  602.000  5.510137e-01 
  603.000  5.518981e-01 
  604.000  5.530388e-01 
  605.000  5.538849e-01 
  606.000  5.545215e-01 
  607.000  5.551372e-01 
  608.000  5.557325e-01 
  609.000  5.563025e-01 
  610.000  5.568935e-01 
  611.000  5.575501e-01 
  612.000  5.581931e-01 
  613.000  5.588163e-01 
  614.000  5.594210e-01 
  615.000  5.600242e-01 
  616.000  5.606053e-01 
  617.000  5.611543e-01 
  618.000  5.616146e-01 
  619.000  5.620039e-01 
  620.000  5.623644e-01 
  621.000  5.626742e-01 
  622.000  5.629330e-01 
  623.000  5.631062e-01 
  624.000  5.632906e-01 
  625.000  5.634447e-01 
  626.000  5.632464e-01 
  627.000  5.604860e-01 
  628.000  5.413816e-01 
  629.000  5.533032e-01 
  630.000  5.556403e-01 
  631.000  5.593786e-01 
  632.000  5.595478e-01 
  633.000  5.638323e-01 
  634.000  5.662088e-01 
  635.000  5.674306e-01 
  636.000  5.689967e-01 
  637.000  5.703529e-01 
  638.000  5.726231e-01 
  639.000  5.736186e-01 
  640.000  5.752011e-01 
  641.000  5.760730e-01 
  642.000  5.772646e-01 
  643.000  5.770604e-01 
  644.000  5.777145e-01 
  645.000  5.769774e-01 
  646.000  5.720639e-01 
  647.000  5.687074e-01 
  648.000  5.648757e-01 
  649.000  5.691486e-01 
  650.000  5.769026e-01 
  651.000  5.773258e-01 
  652.000  5.712964e-01 
  653.000  5.791417e-01 
  654.000  5.787476e-01 
  655.000  5.764648e-01 
  656.000  5.778317e-01 
  657.000  5.796999e-01 
  658.000  5.826493e-01 
  659.000  5.845441e-01 
  660.000  5.854914e-01 
  661.000  5.878360e-01 
  662.000  5.890640e-01 
  663.000  5.893350e-01 
  664.000  5.900539e-01 
  665.000  5.907549e-01 
  666.000  5.915353e-01 
  667.000  5.922421e-01 
  668.000  5.930344e-01 
  669.000  5.936365e-01 
  670.000  5.941832e-01 
  671.000  5.947521e-01 
  672.000  5.952731e-01 
  673.000  5.957863e-01 
  674.000  5.962954e-01 
  675.000  5.968049e-01 
  676.000  5.972850e-01 
  677.000  5.977260e-01 
  678.000  5.981678e-01 
  679.000  5.985454e-01 
  680.000  5.986468e-01 
  681.000  5.986441e-01 
  682.000  5.989628e-01 
  683.000  5.991686e-01 
  684.000  5.989693e-01 
  685.000  5.997049e-01 
  686.000  5.972571e-01 
  687.000  5.099518e-01 
  688.000  5.371200e-01 
  689.000  5.294910e-01 
  690.000  5.436831e-01 
  691.000  5.627587e-01 
  692.000  5.749567e-01 
  693.000  5.731557e-01 
  694.000  5.686532e-01 
  695.000  5.756308e-01 
  696.000  5.796253e-01 
  697.000  5.952355e-01 
  698.000  5.922300e-01 
  699.000  5.785499e-01 
  700.000  5.809644e-01 
  701.000  5.779895e-01 
  702.000  5.803682e-01 
  703.000  5.920470e-01 
  704.000  5.926563e-01 
  705.000  5.879845e-01 
  706.000  5.890094e-01 
  707.000  5.908110e-01 
  708.000  5.927498e-01 
  709.000  5.966187e-01 
  710.000  5.926926e-01 
  711.000  5.968906e-01 
  712.000  6.004774e-01 
  713.000  5.977677e-01 
  714.000  5.969197e-01 
  715.000  5.924633e-01 
  716.000  5.878446e-01 
  717.000  5.577855e-01 
  718.000  5.392802e-01 
  719.000  5.326712e-01 
  720.000  5.225579e-01 
  721.000  5.670211e-01 
  722.000  5.828174e-01 
  723.000  5.740200e-01 
  724.000  5.488064e-01 
  725.000  5.526410e-01 
  726.000  5.514972e-01 
  727.000  5.551313e-01 
  728.000  5.512572e-01 
  729.000  5.610018e-01 
  730.000  5.593454e-01 
  731.000  5.573351e-01 
  732.000  5.737364e-01 
  733.000  5.893994e-01 
  734.000  5.969456e-01 
  735.000  5.943365e-01 
  736.000  5.894274e-01 
  737.000  5.931928e-01 
  738.000  5.983522e-01 
  739.000  6.005907e-01 
  740.000  6.055117e-01 
  741.000  6.083679e-01 
  742.000  6.095875e-01 
  743.000  6.120803e-01 
  744.000  6.133447e-01 
  745.000  6.142863e-01 
  746.000  6.149899e-01 
  747.000  6.152297e-01 
  748.000  6.159729e-01 
  749.000  6.163833e-01 
  750.000  6.162215e-01 
  751.000  6.164057e-01 
  752.000  6.171004e-01 
  753.000  6.174129e-01 
  754.000  6.176689e-01 
  755.000  6.178517e-01 
  756.000  6.180409e-01 
  757.000  6.181730e-01 
  758.000  6.169984e-01 
  759.000  5.699009e-01 
  760.000  2.361607e-01 
  761.000  2.067518e-01 
  762.000  3.934503e-01 
  763.000  3.338207e-01 
  764.000  3.632003e-01 
  765.000  4.310038e-01 
  766.000  5.146420e-01 
  767.000  5.575347e-01 
  768.000  5.858229e-01 
  769.000  6.045954e-01 
  770.000  6.146995e-01 
  771.000  6.194730e-01 
  772.000  6.206693e-01 
  773.000  6.212091e-01 
  774.000  6.219085e-01 
  775.000  6.223273e-01 
  776.000  6.226246e-01 
  777.000  6.227277e-01 
  778.000  6.227420e-01 
  779.000  6.227427e-01 
  780.000  6.227396e-01 
  781.000  6.230469e-01 
  782.000  6.230348e-01 
  783.000  6.230322e-01 
  784.000  6.228266e-01 
  785.000  6.217705e-01 
  786.000  6.200615e-01 
  787.000  6.165232e-01 
  788.000  6.145933e-01 
  789.000  6.076220e-01 
  790.000  6.070481e-01 
  791.000  6.083966e-01 
  792.000  6.096430e-01 
  793.000  6.125153e-01 
  794.000  6.185797e-01 
  795.000  6.149132e-01 
  796.000  6.051009e-01 
  797.000  6.079382e-01 
  798.000  6.141754e-01 
  799.000  6.127804e-01 
  800.000  6.082801e-01 
  801.000  6.088421e-01 
  802.000  6.084073e-01 
  803.000  6.090911e-01 
  804.000  6.112383e-01 
  805.000  6.153330e-01 
  806.000  6.177841e-01 
  807.000  6.179137e-01 
  808.000  6.165584e-01 
  809.000  6.148882e-01 
  810.000  6.130578e-01 
  811.000  6.092759e-01 
  812.000  6.041800e-01 
  813.000  5.979300e-01 
  814.000  5.896736e-01 
  815.000  5.793989e-01 
  816.000  5.661747e-01 
  817.000  5.669425e-01 
  818.000  5.680423e-01 
  819.000  5.724164e-01 
  820.000  5.870099e-01 
  821.000  6.036631e-01 
  822.000  5.910292e-01 
  823.000  5.556990e-01 
  824.000  5.855045e-01 
  825.000  6.046513e-01 
  826.000  6.013905e-01 
  827.000  5.989905e-01 
  828.000  5.864069e-01 
  829.000  5.909642e-01 
  830.000  5.960629e-01 
  831.000  5.972691e-01 
  832.000  5.977987e-01 
  833.000  6.007416e-01 
  834.000  6.042019e-01 
  835.000  6.110539e-01 
  836.000  6.088665e-01 
  837.000  6.086451e-01 
  838.000  6.119915e-01 
  839.000  6.140264e-01 
  840.000  6.147766e-01 
  841.000  6.126000e-01 
  842.000  6.145835e-01 
  843.000  6.192724e-01 
  844.000  6.214055e-01 
  845.000  6.224087e-01 
  846.000  6.234627e-01 
  847.000  6.244617e-01 
  848.000  6.227515e-01 
  849.000  6.230109e-01 
  850.000  6.220939e-01 
  851.000  6.209972e-01 
  852.000  6.211247e-01 
  853.000  6.229804e-01 
  854.000  6.228960e-01 
  855.000  6.238362e-01 
  856.000  6.256400e-01 
  857.000  6.264492e-01 
  858.000  6.269127e-01 
  859.000  6.278447e-01 
  860.000  6.283511e-01 
  861.000  6.284473e-01 
  862.000  6.287462e-01 
  863.000  6.287994e-01 
  864.000  6.290097e-01 
  865.000  6.291845e-01 
  866.000  6.292428e-01 
  867.000  6.292291e-01 
  868.000  6.292698e-01 
  869.000  6.293387e-01 
  870.000  6.293147e-01 
  871.000  6.293805e-01 
  872.000  6.295193e-01 
  873.000  6.294110e-01 
  874.000  6.293592e-01 
  875.000  6.293586e-01 
  876.000  6.291583e-01 
  877.000  6.290638e-01 
  878.000  6.284809e-01 
  879.000  6.284534e-01 
  880.000  6.279636e-01 
  881.000  6.276699e-01 
  882.000  6.274526e-01 
  883.000  6.276960e-01 
  884.000  6.278279e-01 
  885.000  6.267954e-01 
  886.000  6.253616e-01 
  887.000  6.265420e-01 
  888.000  6.264883e-01 
  889.000  6.268040e-01 
  890.000  6.259969e-01 
  891.000  6.243830e-01 
  892.000  6.206830e-01 
  893.000  6.093894e-01 
  894.000  6.037740e-01 
  895.000  5.865650e-01 
  896.000  5.711389e-01 
  897.000  5.548694e-01 
  898.000  5.472620e-01 
  899.000  5.257083e-01 
  900.000  5.288432e-01 
  901.000  5.232366e-01 
  902.000  5.242641e-01 
  903.000  5.604998e-01 
  904.000  5.825843e-01 
  905.000  5.817829e-01 
  906.000  5.679891e-01 
  907.000  5.435741e-01 
  908.000  5.274735e-01 
  909.000  5.281735e-01 
  910.000  5.306124e-01 
  911.000  5.413207e-01 
  912.000  5.361475e-01 
  913.000  5.136356e-01 
  914.000  5.247772e-01 
  915.000  5.335475e-01 
  916.000  5.359243e-01 
  917.000  5.406831e-01 
  918.000  5.468336e-01 
  919.000  5.677400e-01 
  920.000  5.835149e-01 
  921.000  5.800434e-01 
  922.000  5.797535e-01 
  923.000  5.753601e-01 
  924.000  5.647880e-01 
  925.000  5.639301e-01 
  926.000  5.637134e-01 
  927.000  5.513911e-01 
  928.000  5.324175e-01 
  929.000  5.049917e-01 
  930.000  4.700600e-01 
  931.000  4.309446e-01 
  932.000  3.797433e-01 
  933.000  3.413675e-01 
  934.000  3.018052e-01 
  935.000  2.976123e-01 
  936.000  3.133262e-01 
  937.000  3.093087e-01 
  938.000  3.532917e-01 
  939.000  4.667749e-01 
  940.000  4.835491e-01 
  941.000  4.690355e-01 
  942.000  4.334081e-01 
  943.000  3.739029e-01 
  944.000  3.697552e-01 
  945.000  3.912307e-01 
  946.000  3.924071e-01 
  947.000  4.114693e-01 
  948.000  4.226362e-01 
  949.000  4.211490e-01 
  950.000  4.239999e-01 
  951.000  4.489615e-01 
  952.000  4.222332e-01 
  953.000  4.409298e-01 
  954.000  4.609363e-01 
  955.000  4.446617e-01 
  956.000  4.409591e-01 
  957.000  4.915224e-01 
  958.000  4.980157e-01 
  959.000  4.896011e-01 
  960.000  4.871430e-01 
  961.000  4.829200e-01 
  962.000  4.867393e-01 
  963.000  5.143752e-01 
  964.000  5.183265e-01 
  965.000  5.156764e-01 
  966.000  5.171589e-01 
  967.000  5.368080e-01 
  968.000  5.695089e-01 
  969.000  5.842298e-01 
  970.000  5.850170e-01 
  971.000  5.846686e-01 
  972.000  5.804953e-01 
  973.000  5.708364e-01 
  974.000  5.590495e-01 
  975.000  5.514656e-01 
  976.000  5.607445e-01 
  977.000  5.760445e-01 
  978.000  5.747991e-01 
  979.000  5.787507e-01 
  980.000  5.943120e-01 
  981.000  5.977530e-01 
  982.000  5.942867e-01 
  983.000  6.022596e-01 
  984.000  6.104598e-01 
  985.000  6.151142e-01 
  986.000  6.211162e-01 
  987.000  6.237137e-01 
  988.000  6.243082e-01 
  989.000  6.246892e-01 
  990.000  6.253244e-01 
  991.000  6.275576e-01 
  992.000  6.281944e-01 
  993.000  6.284345e-01 
  994.000  6.303337e-01 
  995.000  6.317119e-01 
  996.000  6.317039e-01 
  997.000  6.307923e-01 
  998.000  6.298050e-01 
  999.000  6.294246e-01 
 1000.000  6.297452e-01 
 1001.000  6.277561e-01 
 1002.000  6.243424e-01 
 1003.000  6.251597e-01 
 1004.000  6.271318e-01 
 1005.000  6.280352e-01 
 1006.000  6.283168e-01 
 1007.000  6.276686e-01 
 1008.000  6.248844e-01 
 1009.000  6.211564e-01 
 1010.000  6.228192e-01 
 1011.000  6.267778e-01 
 1012.000  6.282853e-01 
 1013.000  6.294660e-01 
 1014.000  6.298146e-01 
 1015.000  6.299071e-01 
 1016.000  6.304565e-01 
 1017.000  6.307764e-01 
 1018.000  6.300808e-01 
 1019.000  6.288413e-01 
 1020.000  6.293202e-01 
 1021.000  6.301768e-01 
 1022.000  6.286364e-01 
 1023.000  6.272339e-01 
 1024.000  6.263895e-01 
 1025.000  6.289374e-01 
 1026.000  6.299157e-01 
 1027.000  6.294107e-01 
 1028.000  6.298000e-01 
 1029.000  6.308877e-01 
 1030.000  6.318973e-01 
 1031.000  6.324006e-01 
 1032.000  6.327871e-01 
 1033.000  6.328953e-01 
 1034.000  6.331282e-01 
 1035.000  6.332313e-01 
 1036.000  6.330844e-01 
 1037.000  6.330502e-01 
 1038.000  6.331262e-01 
 1039.000  6.329469e-01 
 1040.000  6.327764e-01 
 1041.000  6.326400e-01 
 1042.000  6.325904e-01 
 1043.000  6.325620e-01 
 1044.000  6.324259e-01 
 1045.000  6.320713e-01 
 1046.000  6.318213e-01 
 1047.000  6.315132e-01 
 1048.000  6.310604e-01 
 1049.000  6.305699e-01 
 1050.000  6.301851e-01 
 1051.000  6.297197e-01 
 1052.000  6.293391e-01 
 1053.000  6.291944e-01 
 1054.000  6.286502e-01 
 1055.000  6.281413e-01 
 1056.000  6.276340e-01 
 1057.000  6.265564e-01 
 1058.000  6.246838e-01 
 1059.000  6.246655e-01 
 1060.000  6.254084e-01 
 1061.000  6.251078e-01 
 1062.000  6.238930e-01 
 1063.000  6.233125e-01 
 1064.000  6.222457e-01 
 1065.000  6.211665e-01 
 1066.000  6.212372e-01 
 1067.000  6.206127e-01 
 1068.000  6.186960e-01 
 1069.000  6.180056e-01 
 1070.000  6.185889e-01 
 1071.000  6.174522e-01 
 1072.000  6.162115e-01 
 1073.000  6.161129e-01 
 1074.000  6.164868e-01 
 1075.000  6.187269e-01 
 1076.000  6.175734e-01 
 1077.000  6.159633e-01 
 1078.000  6.140355e-01 
 1079.000  6.138939e-01 
 1080.000  6.084864e-01 
 1081.000  6.082688e-01 
 1082.000  6.107808e-01 
 1083.000  6.079561e-01 
 1084.000  6.048357e-01 
 1085.000  5.972679e-01 
 1086.000  5.991287e-01 
 1087.000  6.075968e-01 
 1088.000  6.079828e-01 
 1089.000  5.978239e-01 
 1090.000  5.959624e-01 
 1091.000  5.979652e-01 
 1092.000  5.929608e-01 
 1093.000  5.816604e-01 
 1094.000  5.767493e-01 
 1095.000  5.775894e-01 
 1096.000  5.783645e-01 
 1097.000  5.761577e-01 
 1098.000  5.485227e-01 
 1099.000  5.249161e-01 
 1100.000  5.265496e-01 
 1101.000  5.298507e-01 
 1102.000  5.283236e-01 
 1103.000  5.305306e-01 
 1104.000  5.266176e-01 
 1105.000  5.167202e-01 
 1106.000  5.066856e-01 
 1107.000  5.092429e-01 
 1108.000  5.111536e-01 
 1109.000  5.198376e-01 
 1110.000  5.189168e-01 
 1111.000  5.142308e-01 
 1112.000  4.932468e-01 
 1113.000  4.645715e-01 
 1114.000  4.569883e-01 
 1115.000  4.217166e-01 
 1116.000  3.998238e-01 
 1117.000  3.489236e-01 
 1118.000  3.025211e-01 
 1119.000  2.780920e-01 
 1120.000  2.476984e-01 
 1121.000  2.410068e-01 
 1122.000  2.094856e-01 
 1123.000  2.267365e-01 
 1124.000  2.383749e-01 
 1125.000  2.322938e-01 
 1126.000  2.298439e-01 
 1127.000  2.324689e-01 
 1128.000  2.375663e-01 
 1129.000  2.686769e-01 
 1130.000  3.417214e-01 
 1131.000  3.629019e-01 
 1132.000  3.339786e-01 
 1133.000  2.811621e-01 
 1134.000  1.865422e-01 
 1135.000  1.936437e-01 
 1136.000  2.886841e-01 
 1137.000  3.409799e-01 
 1138.000  3.915801e-01 
 1139.000  4.067611e-01 
 1140.000  3.971215e-01 
 1141.000  3.774360e-01 
 1142.000  3.705465e-01 
 1143.000  3.489404e-01 
 1144.000  3.245985e-01 
 1145.000  2.894856e-01 
 1146.000  2.977626e-01 
 1147.000  3.252096e-01 
 1148.000  3.496150e-01 
 1149.000  3.594398e-01 
 1150.000  3.598319e-01 
