  320.000  1.313862e-01 
  321.000  1.665931e-01 
  322.000  1.526266e-01 
  323.000  1.703564e-01 
  324.000  1.884161e-01 
  325.000  1.749345e-01 
  326.000  1.971414e-01 
  327.000  2.034104e-01 
  328.000  1.899094e-01 
  329.000  2.159489e-01 
  330.000  2.201228e-01 
  331.000  2.118760e-01 
  332.000  2.278427e-01 
  333.000  2.325318e-01 
  334.000  2.286807e-01 
  335.000  2.405075e-01 
  336.000  2.453235e-01 
  337.000  2.432921e-01 
  338.000  2.489469e-01 
  339.000  2.548039e-01 
  340.000  2.538399e-01 
  341.000  2.595438e-01 
  342.000  2.637273e-01 
  343.000  2.658324e-01 
  344.000  2.662628e-01 
  345.000  2.719572e-01 
  346.000  2.755620e-01 
  347.000  2.785062e-01 
  348.000  2.812681e-01 
  349.000  2.843749e-01 
  350.000  2.870344e-01 
  351.000  2.896866e-01 
  352.000  2.918649e-01 
  353.000  2.949662e-01 
  354.000  2.976098e-01 
  355.000  3.000728e-01 
  356.000  3.024752e-01 
  357.000  3.046155e-01 
  358.000  3.069205e-01 
  359.000  3.092255e-01 
  360.000  3.115884e-01 
  361.000  3.145767e-01 
  362.000  3.176920e-01 
  363.000  3.205647e-01 
  364.000  3.232111e-01 
  365.000  3.256959e-01 
  366.000  3.282391e-01 
  367.000  3.306626e-01 
  368.000  3.330663e-01 
  369.000  3.354512e-01 
  370.000  3.378135e-01 
  371.000  3.401592e-01 
  372.000  3.424874e-01 
  373.000  3.447976e-01 
  374.000  3.470725e-01 
  375.000  3.493050e-01 
  376.000  3.514633e-01 
  377.000  3.535044e-01 
  378.000  3.554016e-01 
  379.000  3.573304e-01 
  380.000  3.594530e-01 
  381.000  3.618709e-01 
  382.000  3.643785e-01 
  383.000  3.667513e-01 
  384.000  3.690037e-01 
  385.000  3.711752e-01 
  386.000  3.732923e-01 
  387.000  3.753763e-01 
  388.000  3.774348e-01 
  389.000  3.794773e-01 
  390.000  3.815043e-01 
  391.000  3.835116e-01 
  392.000  3.855048e-01 
  393.000  3.874825e-01 
  394.000  3.894426e-01 
  395.000  3.913836e-01 
  396.000  3.933128e-01 
  397.000  3.952203e-01 
  398.000  3.971111e-01 
  399.000  3.989865e-01 
  400.000  4.008366e-01 
  401.000  4.026803e-01 
  402.000  4.045099e-01 
  403.000  4.063244e-01 
  404.000  4.081233e-01 
  405.000  4.099032e-01 
  406.000  4.116718e-01 
  407.000  4.134271e-01 
  408.000  4.151677e-01 
  409.000  4.168917e-01 
  410.000  4.185998e-01 
  411.000  4.202916e-01 
  412.000  4.219657e-01 
  413.000  4.236307e-01 
  414.000  4.251766e-01 
  415.000  4.268494e-01 
  416.000  4.285016e-01 
  417.000  4.301266e-01 
  418.000  4.317148e-01 
  419.000  4.332858e-01 
  420.000  4.348431e-01 
  421.000  4.363914e-01 
  422.000  4.379306e-01 
  423.000  4.394588e-01 
  424.000  4.409693e-01 
  425.000  4.424455e-01 
  426.000  4.439077e-01 
  427.000  4.453574e-01 
  428.000  4.467816e-01 
  429.000  4.481863e-01 
  430.000  4.495749e-01 
  431.000  4.509535e-01 
  432.000  4.523180e-01 
  433.000  4.536699e-01 
  434.000  4.550107e-01 
  435.000  4.563386e-01 
  436.000  4.576520e-01 
  437.000  4.589513e-01 
  438.000  4.602362e-01 
  439.000  4.615114e-01 
  440.000  4.627663e-01 
  441.000  4.640055e-01 
  442.000  4.652254e-01 
  443.000  4.664271e-01 
  444.000  4.676101e-01 
  445.000  4.687678e-01 
  446.000  4.698937e-01 
  447.000  4.710746e-01 
  448.000  4.723410e-01 
  449.000  4.736231e-01 
  450.000  4.748807e-01 
  451.000  4.760895e-01 
  452.000  4.772561e-01 
  453.000  4.783990e-01 
  454.000  4.795215e-01 
  455.000  4.805790e-01 
  456.000  4.815513e-01 
  457.000  4.825240e-01 
  458.000  4.834837e-01 
  459.000  4.844232e-01 
  460.000  4.853554e-01 
  461.000  4.862778e-01 
  462.000  4.871828e-01 
  463.000  4.880840e-01 
  464.000  4.892573e-01 
  465.000  4.904133e-01 
  466.000  4.915491e-01 
  467.000  4.926588e-01 
  468.000  4.935628e-01 
  469.000  4.943414e-01 
  470.000  4.950576e-01 
  471.000  4.957023e-01 
  472.000  4.962498e-01 
  473.000  4.966336e-01 
  474.000  4.969488e-01 
  475.000  4.970297e-01 
  476.000  4.968737e-01 
  477.000  4.968705e-01 
  478.000  4.977824e-01 
  479.000  4.991708e-01 
  480.000  5.006696e-01 
  481.000  5.020145e-01 
  482.000  5.032760e-01 
  483.000  5.043728e-01 
  484.000  5.053157e-01 
  485.000  5.061589e-01 
  486.000  5.070584e-01 
  487.000  5.080053e-01 
  488.000  5.089220e-01 
  489.000  5.098219e-01 
  490.000  5.107112e-01 
  491.000  5.114077e-01 
  492.000  5.120444e-01 
  493.000  5.126780e-01 
  494.000  5.132937e-01 
  495.000  5.139095e-01 
  496.000  5.142267e-01 
  497.000  5.145320e-01 
  498.000  5.148328e-01 
  499.000  5.151174e-01 
  500.000  5.153975e-01 
  501.000  5.156466e-01 
  502.000  5.158956e-01 
  503.000  5.161415e-01 
  504.000  5.163761e-01 
  505.000  5.165979e-01 
  506.000  5.172476e-01 
  507.000  5.179162e-01 
  508.000  5.185839e-01 
  509.000  5.192439e-01 
  510.000  5.198899e-01 
  511.000  5.204690e-01 
  512.000  5.210284e-01 
  513.000  5.215845e-01 
  514.000  5.221338e-01 
  515.000  5.226783e-01 
  516.000  5.230672e-01 
  517.000  5.233166e-01 
  518.000  5.235592e-01 
  519.000  5.237970e-01 
  520.000  5.240327e-01 
  521.000  5.242438e-01 
  522.000  5.243960e-01 
  523.000  5.245058e-01 
  524.000  5.246192e-01 
  525.000  5.247086e-01 
  526.000  5.248340e-01 
  527.000  5.248542e-01 
  528.000  5.248318e-01 
  529.000  5.248081e-01 
  530.000  5.247897e-01 
  531.000  5.247746e-01 
  532.000  5.248085e-01 
  533.000  5.251144e-01 
  534.000  5.255007e-01 
  535.000  5.259366e-01 
  536.000  5.263581e-01 
  537.000  5.267438e-01 
  538.000  5.270885e-01 
  539.000  5.274081e-01 
  540.000  5.277078e-01 
  541.000  5.279987e-01 
  542.000  5.282770e-01 
  543.000  5.285454e-01 
  544.000  5.287483e-01 
  545.000  5.288979e-01 
  546.000  5.290406e-01 
  547.000  5.291872e-01 
  548.000  5.293265e-01 
  549.000  5.294636e-01 
  550.000  5.295302e-01 
  551.000  5.295267e-01 
  552.000  5.295259e-01 
  553.000  5.295106e-01 
  554.000  5.294887e-01 
  555.000  5.294629e-01 
  556.000  5.294107e-01 
  557.000  5.293125e-01 
  558.000  5.292063e-01 
  559.000  5.290878e-01 
  560.000  5.289394e-01 
  561.000  5.287635e-01 
  562.000  5.283900e-01 
  563.000  5.281729e-01 
  564.000  5.278859e-01 
  565.000  5.274463e-01 
  566.000  5.271583e-01 
  567.000  5.261776e-01 
  568.000  5.234258e-01 
  569.000  5.177201e-01 
  570.000  5.184680e-01 
  571.000  5.222936e-01 
  572.000  5.183305e-01 
  573.000  5.192165e-01 
  574.000  5.193728e-01 
  575.000  5.190623e-01 
  576.000  5.192399e-01 
  577.000  5.205762e-01 
  578.000  5.225005e-01 
  579.000  5.241839e-01 
  580.000  5.257641e-01 
  581.000  5.280070e-01 
  582.000  5.295519e-01 
  583.000  5.305365e-01 
  584.000  5.313949e-01 
  585.000  5.321043e-01 
  586.000  5.327552e-01 
  587.000  5.314759e-01 
  588.000  5.238142e-01 
  589.000  5.116204e-01 
  590.000  5.110503e-01 
  591.000  5.197180e-01 
  592.000  5.153999e-01 
  593.000  5.252573e-01 
  594.000  5.232923e-01 
  595.000  5.166556e-01 
  596.000  5.261341e-01 
  597.000  5.237530e-01 
  598.000  5.274632e-01 
  599.000  5.288279e-01 
  600.000  5.321581e-01 
  601.000  5.342413e-01 
  602.000  5.347721e-01 
  603.000  5.358270e-01 
  604.000  5.370665e-01 
  605.000  5.379781e-01 
  606.000  5.386306e-01 
  607.000  5.392606e-01 
  608.000  5.398569e-01 
  609.000  5.404267e-01 
  610.000  5.410157e-01 
  611.000  5.416700e-01 
  612.000  5.423108e-01 
  613.000  5.429317e-01 
  614.000  5.435344e-01 
  615.000  5.441355e-01 
  616.000  5.447146e-01 
  617.000  5.452617e-01 
  618.000  5.457204e-01 
  619.000  5.461084e-01 
  620.000  5.464677e-01 
  621.000  5.467764e-01 
  622.000  5.470344e-01 
  623.000  5.472070e-01 
  624.000  5.473906e-01 
  625.000  5.475435e-01 
  626.000  5.472430e-01 
  627.000  5.440337e-01 
  628.000  5.252463e-01 
  629.000  5.365448e-01 
  630.000  5.394692e-01 
  631.000  5.431637e-01 
  632.000  5.425232e-01 
  633.000  5.474504e-01 
  634.000  5.497787e-01 
  635.000  5.508789e-01 
  636.000  5.525357e-01 
  637.000  5.538927e-01 
  638.000  5.563815e-01 
  639.000  5.573696e-01 
  640.000  5.590194e-01 
  641.000  5.598781e-01 
  642.000  5.611323e-01 
  643.000  5.606143e-01 
  644.000  5.612307e-01 
  645.000  5.602491e-01 
  646.000  5.537078e-01 
  647.000  5.492954e-01 
  648.000  5.443068e-01 
  649.000  5.495039e-01 
  650.000  5.591164e-01 
  651.000  5.595056e-01 
  652.000  5.517723e-01 
  653.000  5.615112e-01 
  654.000  5.608745e-01 
  655.000  5.578559e-01 
  656.000  5.594388e-01 
  657.000  5.616677e-01 
  658.000  5.652568e-01 
  659.000  5.675140e-01 
  660.000  5.687203e-01 
  661.000  5.713904e-01 
  662.000  5.728529e-01 
  663.000  5.730076e-01 
  664.000  5.738329e-01 
  665.000  5.745307e-01 
  666.000  5.753830e-01 
  667.000  5.761426e-01 
  668.000  5.770087e-01 
  669.000  5.776324e-01 
  670.000  5.781859e-01 
  671.000  5.787683e-01 
  672.000  5.792899e-01 
  673.000  5.798022e-01 
  674.000  5.803097e-01 
  675.000  5.808184e-01 
  676.000  5.812954e-01 
  677.000  5.817343e-01 
  678.000  5.821745e-01 
  679.000  5.825344e-01 
  680.000  5.825474e-01 
  681.000  5.824758e-01 
  682.000  5.827730e-01 
  683.000  5.828701e-01 
  684.000  5.825148e-01 
  685.000  5.833851e-01 
  686.000  5.808797e-01 
  687.000  4.950012e-01 
  688.000  5.218663e-01 
  689.000  5.141714e-01 
  690.000  5.282346e-01 
  691.000  5.465841e-01 
  692.000  5.575088e-01 
  693.000  5.525246e-01 
  694.000  5.452631e-01 
  695.000  5.530984e-01 
  696.000  5.576682e-01 
  697.000  5.767370e-01 
  698.000  5.728994e-01 
  699.000  5.559417e-01 
  700.000  5.588287e-01 
  701.000  5.551025e-01 
  702.000  5.579606e-01 
  703.000  5.722967e-01 
  704.000  5.729878e-01 
  705.000  5.671663e-01 
  706.000  5.683795e-01 
  707.000  5.705512e-01 
  708.000  5.728953e-01 
  709.000  5.776271e-01 
  710.000  5.727166e-01 
  711.000  5.778534e-01 
  712.000  5.822399e-01 
  713.000  5.788210e-01 
  714.000  5.777021e-01 
  715.000  5.720996e-01 
  716.000  5.662652e-01 
  717.000  5.293337e-01 
  718.000  5.068083e-01 
  719.000  4.987539e-01 
  720.000  4.866486e-01 
  721.000  5.402387e-01 
  722.000  5.595328e-01 
  723.000  5.486928e-01 
  724.000  5.179743e-01 
  725.000  5.225334e-01 
  726.000  5.211264e-01 
  727.000  5.254997e-01 
  728.000  5.207934e-01 
  729.000  5.325839e-01 
  730.000  5.305741e-01 
  731.000  5.281416e-01 
  732.000  5.480808e-01 
  733.000  5.672948e-01 
  734.000  5.765967e-01 
  735.000  5.733526e-01 
  736.000  5.672801e-01 
  737.000  5.718973e-01 
  738.000  5.782427e-01 
  739.000  5.809893e-01 
  740.000  5.870636e-01 
  741.000  5.905846e-01 
  742.000  5.920754e-01 
  743.000  5.953308e-01 
  744.000  5.966836e-01 
  745.000  5.978264e-01 
  746.000  5.987338e-01 
  747.000  5.989878e-01 
  748.000  5.998102e-01 
  749.000  6.002774e-01 
  750.000  6.000251e-01 
  751.000  6.002082e-01 
  752.000  6.010337e-01 
  753.000  6.013787e-01 
  754.000  6.016527e-01 
  755.000  6.018350e-01 
  756.000  6.020253e-01 
  757.000  6.021574e-01 
  758.000  6.009890e-01 
  759.000  5.544942e-01 
  760.000  2.268975e-01 
  761.000  1.982654e-01 
  762.000  3.807923e-01 
  763.000  3.223237e-01 
  764.000  3.511151e-01 
  765.000  4.176882e-01 
  766.000  5.000116e-01 
  767.000  5.423083e-01 
  768.000  5.702296e-01 
  769.000  5.887705e-01 
  770.000  5.987697e-01 
  771.000  6.034774e-01 
  772.000  6.046603e-01 
  773.000  6.051903e-01 
  774.000  6.058707e-01 
  775.000  6.062907e-01 
  776.000  6.065928e-01 
  777.000  6.066801e-01 
  778.000  6.066669e-01 
  779.000  6.066428e-01 
  780.000  6.066161e-01 
  781.000  6.069767e-01 
  782.000  6.069390e-01 
  783.000  6.069131e-01 
  784.000  6.066335e-01 
  785.000  6.053067e-01 
  786.000  6.033832e-01 
  787.000  5.988026e-01 
  788.000  5.964024e-01 
  789.000  5.878194e-01 
  790.000  5.870915e-01 
  791.000  5.887234e-01 
  792.000  5.902349e-01 
  793.000  5.937448e-01 
  794.000  6.011844e-01 
  795.000  5.966526e-01 
  796.000  5.845968e-01 
  797.000  5.880520e-01 
  798.000  5.956876e-01 
  799.000  5.939566e-01 
  800.000  5.884163e-01 
  801.000  5.890864e-01 
  802.000  5.885355e-01 
  803.000  5.893570e-01 
  804.000  5.919768e-01 
  805.000  5.969898e-01 
  806.000  5.999892e-01 
  807.000  6.001313e-01 
  808.000  5.984442e-01 
  809.000  5.963686e-01 
  810.000  5.940927e-01 
  811.000  5.894208e-01 
  812.000  5.831367e-01 
  813.000  5.754534e-01 
  814.000  5.653417e-01 
  815.000  5.527998e-01 
  816.000  5.368219e-01 
  817.000  5.376961e-01 
  818.000  5.389981e-01 
  819.000  5.442763e-01 
  820.000  5.619318e-01 
  821.000  5.821946e-01 
  822.000  5.667842e-01 
  823.000  5.242021e-01 
  824.000  5.600649e-01 
  825.000  5.833670e-01 
  826.000  5.794085e-01 
  827.000  5.764651e-01 
  828.000  5.611438e-01 
  829.000  5.666582e-01 
  830.000  5.728545e-01 
  831.000  5.743224e-01 
  832.000  5.749857e-01 
  833.000  5.785747e-01 
  834.000  5.828053e-01 
  835.000  5.911987e-01 
  836.000  5.885139e-01 
  837.000  5.882421e-01 
  838.000  5.923327e-01 
  839.000  5.948219e-01 
  840.000  5.957306e-01 
  841.000  5.930489e-01 
  842.000  5.954716e-01 
  843.000  6.012214e-01 
  844.000  6.038374e-01 
  845.000  6.050607e-01 
  846.000  6.063472e-01 
  847.000  6.077650e-01 
  848.000  6.054434e-01 
  849.000  6.057477e-01 
  850.000  6.046035e-01 
  851.000  6.032397e-01 
  852.000  6.033828e-01 
  853.000  6.056544e-01 
  854.000  6.055394e-01 
  855.000  6.066853e-01 
  856.000  6.089508e-01 
  857.000  6.099393e-01 
  858.000  6.104326e-01 
  859.000  6.116248e-01 
  860.000  6.121848e-01 
  861.000  6.122911e-01 
  862.000  6.126505e-01 
  863.000  6.127031e-01 
  864.000  6.129518e-01 
  865.000  6.131564e-01 
  866.000  6.132156e-01 
  867.000  6.131858e-01 
  868.000  6.132233e-01 
  869.000  6.132957e-01 
  870.000  6.132534e-01 
  871.000  6.133221e-01 
  872.000  6.134812e-01 
  873.000  6.133347e-01 
  874.000  6.132581e-01 
  875.000  6.132448e-01 
  876.000  6.129845e-01 
  877.000  6.128553e-01 
  878.000  6.121892e-01 
  879.000  6.121466e-01 
  880.000  6.115366e-01 
  881.000  6.111746e-01 
  882.000  6.108269e-01 
  883.000  6.111846e-01 
  884.000  6.113317e-01 
  885.000  6.100612e-01 
  886.000  6.084171e-01 
  887.000  6.096535e-01 
  888.000  6.095745e-01 
  889.000  6.100166e-01 
  890.000  6.091086e-01 
  891.000  6.069487e-01 
  892.000  6.023924e-01 
  893.000  5.885879e-01 
  894.000  5.817116e-01 
  895.000  5.608848e-01 
  896.000  5.422884e-01 
  897.000  5.227798e-01 
  898.000  5.136961e-01 
  899.000  4.883552e-01 
  900.000  4.919639e-01 
  901.000  4.854231e-01 
  902.000  4.866842e-01 
  903.000  5.293452e-01 
  904.000  5.557106e-01 
  905.000  5.547893e-01 
  906.000  5.383031e-01 
  907.000  5.093714e-01 
  908.000  4.904575e-01 
  909.000  4.912361e-01 
  910.000  4.940693e-01 
  911.000  5.066155e-01 
  912.000  5.005437e-01 
  913.000  4.743081e-01 
  914.000  4.872606e-01 
  915.000  4.975312e-01 
  916.000  5.003424e-01 
  917.000  5.059652e-01 
  918.000  5.132387e-01 
  919.000  5.380362e-01 
  920.000  5.569384e-01 
  921.000  5.528049e-01 
  922.000  5.524617e-01 
  923.000  5.471969e-01 
  924.000  5.345703e-01 
  925.000  5.334656e-01 
  926.000  5.329999e-01 
  927.000  5.181960e-01 
  928.000  4.955842e-01 
  929.000  4.632949e-01 
  930.000  4.228808e-01 
  931.000  3.786222e-01 
  932.000  3.217908e-01 
  933.000  2.810031e-01 
  934.000  2.404525e-01 
  935.000  2.360959e-01 
  936.000  2.517626e-01 
  937.000  2.478752e-01 
  938.000  2.935323e-01 
  939.000  4.171591e-01 
  940.000  4.362749e-01 
  941.000  4.199860e-01 
  942.000  3.802965e-01 
  943.000  3.158157e-01 
  944.000  3.113101e-01 
  945.000  3.340949e-01 
  946.000  3.354783e-01 
  947.000  3.563291e-01 
  948.000  3.686365e-01 
  949.000  3.671551e-01 
  950.000  3.703500e-01 
  951.000  3.980627e-01 
  952.000  3.686928e-01 
  953.000  3.894955e-01 
  954.000  4.120393e-01 
  955.000  3.940320e-01 
  956.000  3.902252e-01 
  957.000  4.474333e-01 
  958.000  4.550644e-01 
  959.000  4.455844e-01 
  960.000  4.428969e-01 
  961.000  4.381740e-01 
  962.000  4.426199e-01 
  963.000  4.744814e-01 
  964.000  4.791392e-01 
  965.000  4.761542e-01 
  966.000  4.779657e-01 
  967.000  5.009633e-01 
  968.000  5.396946e-01 
  969.000  5.573516e-01 
  970.000  5.583327e-01 
  971.000  5.579212e-01 
  972.000  5.529041e-01 
  973.000  5.413526e-01 
  974.000  5.273460e-01 
  975.000  5.183788e-01 
  976.000  5.293530e-01 
  977.000  5.475624e-01 
  978.000  5.461107e-01 
  979.000  5.508749e-01 
  980.000  5.695703e-01 
  981.000  5.737424e-01 
  982.000  5.696021e-01 
  983.000  5.792445e-01 
  984.000  5.891876e-01 
  985.000  5.948503e-01 
  986.000  6.021644e-01 
  987.000  6.053422e-01 
  988.000  6.060750e-01 
  989.000  6.065438e-01 
  990.000  6.073189e-01 
  991.000  6.100437e-01 
  992.000  6.108176e-01 
  993.000  6.111068e-01 
  994.000  6.134126e-01 
  995.000  6.150914e-01 
  996.000  6.150756e-01 
  997.000  6.140304e-01 
  998.000  6.129213e-01 
  999.000  6.124647e-01 
 1000.000  6.128376e-01 
 1001.000  6.102296e-01 
 1002.000  6.060598e-01 
 1003.000  6.070498e-01 
 1004.000  6.094483e-01 
 1005.000  6.105446e-01 
 1006.000  6.108915e-01 
 1007.000  6.100940e-01 
 1008.000  6.066946e-01 
 1009.000  6.021525e-01 
 1010.000  6.041744e-01 
 1011.000  6.089993e-01 
 1012.000  6.108379e-01 
 1013.000  6.122825e-01 
 1014.000  6.128865e-01 
 1015.000  6.129991e-01 
 1016.000  6.134890e-01 
 1017.000  6.138799e-01 
 1018.000  6.132074e-01 
 1019.000  6.115277e-01 
 1020.000  6.121143e-01 
 1021.000  6.133226e-01 
 1022.000  6.112854e-01 
 1023.000  6.095804e-01 
 1024.000  6.085575e-01 
 1025.000  6.116715e-01 
 1026.000  6.130421e-01 
 1027.000  6.124516e-01 
 1028.000  6.129245e-01 
 1029.000  6.141595e-01 
 1030.000  6.154020e-01 
 1031.000  6.160321e-01 
 1032.000  6.165209e-01 
 1033.000  6.166619e-01 
 1034.000  6.169094e-01 
 1035.000  6.170732e-01 
 1036.000  6.169551e-01 
 1037.000  6.169659e-01 
 1038.000  6.170664e-01 
 1039.000  6.168611e-01 
 1040.000  6.166787e-01 
 1041.000  6.165338e-01 
 1042.000  6.164888e-01 
 1043.000  6.164752e-01 
 1044.000  6.163409e-01 
 1045.000  6.159463e-01 
 1046.000  6.156768e-01 
 1047.000  6.153531e-01 
 1048.000  6.149231e-01 
 1049.000  6.144984e-01 
 1050.000  6.140941e-01 
 1051.000  6.135206e-01 
 1052.000  6.131203e-01 
 1053.000  6.130092e-01 
 1054.000  6.124526e-01 
 1055.000  6.118467e-01 
 1056.000  6.113244e-01 
 1057.000  6.101066e-01 
 1058.000  6.080031e-01 
 1059.000  6.080678e-01 
 1060.000  6.089985e-01 
 1061.000  6.086934e-01 
 1062.000  6.073714e-01 
 1063.000  6.068031e-01 
 1064.000  6.056187e-01 
 1065.000  6.042666e-01 
 1066.000  6.043634e-01 
 1067.000  6.037865e-01 
 1068.000  6.012273e-01 
 1069.000  6.001192e-01 
 1070.000  6.006344e-01 
 1071.000  5.990773e-01 
 1072.000  5.974488e-01 
 1073.000  5.972029e-01 
 1074.000  5.975364e-01 
 1075.000  6.001418e-01 
 1076.000  5.986292e-01 
 1077.000  5.965714e-01 
 1078.000  5.941346e-01 
 1079.000  5.938683e-01 
 1080.000  5.872410e-01 
 1081.000  5.869071e-01 
 1082.000  5.898817e-01 
 1083.000  5.863844e-01 
 1084.000  5.825500e-01 
 1085.000  5.733742e-01 
 1086.000  5.755532e-01 
 1087.000  5.857092e-01 
 1088.000  5.861352e-01 
 1089.000  5.738310e-01 
 1090.000  5.715365e-01 
 1091.000  5.738915e-01 
 1092.000  5.678095e-01 
 1093.000  5.542306e-01 
 1094.000  5.483387e-01 
 1095.000  5.492952e-01 
 1096.000  5.501522e-01 
 1097.000  5.474421e-01 
 1098.000  5.146639e-01 
 1099.000  4.869811e-01 
 1100.000  4.888394e-01 
 1101.000  4.926361e-01 
 1102.000  4.907683e-01 
 1103.000  4.932691e-01 
 1104.000  4.886407e-01 
 1105.000  4.770618e-01 
 1106.000  4.654675e-01 
 1107.000  4.682752e-01 
 1108.000  4.702861e-01 
 1109.000  4.800711e-01 
 1110.000  4.786701e-01 
 1111.000  4.730689e-01 
 1112.000  4.487373e-01 
 1113.000  4.157110e-01 
 1114.000  4.064851e-01 
 1115.000  3.666706e-01 
 1116.000  3.424847e-01 
 1117.000  2.883309e-01 
 1118.000  2.403181e-01 
 1119.000  2.154440e-01 
 1120.000  1.857504e-01 
 1121.000  1.792513e-01 
 1122.000  1.501562e-01 
 1123.000  1.655100e-01 
 1124.000  1.760659e-01 
 1125.000  1.704216e-01 
 1126.000  1.682289e-01 
 1127.000  1.708186e-01 
 1128.000  1.758332e-01 
 1129.000  2.054400e-01 
 1130.000  2.776896e-01 
 1131.000  2.994327e-01 
 1132.000  2.696481e-01 
 1133.000  2.175114e-01 
 1134.000  1.302273e-01 
 1135.000  1.365297e-01 
 1136.000  2.252654e-01 
 1137.000  2.776770e-01 
 1138.000  3.308565e-01 
 1139.000  3.479679e-01 
 1140.000  3.376670e-01 
 1141.000  3.171621e-01 
 1142.000  3.098588e-01 
 1143.000  2.872500e-01 
 1144.000  2.623636e-01 
 1145.000  2.272505e-01 
 1146.000  2.354679e-01 
 1147.000  2.630730e-01 
 1148.000  2.881472e-01 
 1149.000  2.985554e-01 
 1150.000  2.994378e-01 
