  320.000  1.378700e-01 
  321.000  1.740379e-01 
  322.000  1.597093e-01 
  323.000  1.778949e-01 
  324.000  1.963824e-01 
  325.000  1.825848e-01 
  326.000  2.053023e-01 
  327.000  2.117065e-01 
  328.000  1.979095e-01 
  329.000  2.245044e-01 
  330.000  2.287616e-01 
  331.000  2.203488e-01 
  332.000  2.366315e-01 
  333.000  2.414092e-01 
  334.000  2.374854e-01 
  335.000  2.495316e-01 
  336.000  2.544337e-01 
  337.000  2.523662e-01 
  338.000  2.581207e-01 
  339.000  2.640783e-01 
  340.000  2.630979e-01 
  341.000  2.688978e-01 
  342.000  2.731501e-01 
  343.000  2.752894e-01 
  344.000  2.757268e-01 
  345.000  2.815119e-01 
  346.000  2.851729e-01 
  347.000  2.881624e-01 
  348.000  2.909661e-01 
  349.000  2.941195e-01 
  350.000  2.968183e-01 
  351.000  2.995093e-01 
  352.000  3.017191e-01 
  353.000  3.048646e-01 
  354.000  3.075455e-01 
  355.000  3.100428e-01 
  356.000  3.124783e-01 
  357.000  3.146478e-01 
  358.000  3.169839e-01 
  359.000  3.193197e-01 
  360.000  3.217137e-01 
  361.000  3.247410e-01 
  362.000  3.278965e-01 
  363.000  3.308055e-01 
  364.000  3.334851e-01 
  365.000  3.360007e-01 
  366.000  3.385749e-01 
  367.000  3.410277e-01 
  368.000  3.434601e-01 
  369.000  3.458732e-01 
  370.000  3.482630e-01 
  371.000  3.506357e-01 
  372.000  3.529905e-01 
  373.000  3.553268e-01 
  374.000  3.576270e-01 
  375.000  3.598842e-01 
  376.000  3.620660e-01 
  377.000  3.641292e-01 
  378.000  3.660466e-01 
  379.000  3.679958e-01 
  380.000  3.701407e-01 
  381.000  3.725837e-01 
  382.000  3.751169e-01 
  383.000  3.775137e-01 
  384.000  3.797886e-01 
  385.000  3.819816e-01 
  386.000  3.841193e-01 
  387.000  3.862234e-01 
  388.000  3.883016e-01 
  389.000  3.903634e-01 
  390.000  3.924094e-01 
  391.000  3.944352e-01 
  392.000  3.964467e-01 
  393.000  3.984423e-01 
  394.000  4.004200e-01 
  395.000  4.023781e-01 
  396.000  4.043242e-01 
  397.000  4.062483e-01 
  398.000  4.081553e-01 
  399.000  4.100466e-01 
  400.000  4.119123e-01 
  401.000  4.137714e-01 
  402.000  4.156160e-01 
  403.000  4.174453e-01 
  404.000  4.192587e-01 
  405.000  4.210528e-01 
  406.000  4.228354e-01 
  407.000  4.246044e-01 
  408.000  4.263585e-01 
  409.000  4.280957e-01 
  410.000  4.298168e-01 
  411.000  4.315212e-01 
  412.000  4.332078e-01 
  413.000  4.348850e-01 
  414.000  4.364421e-01 
  415.000  4.381271e-01 
  416.000  4.397910e-01 
  417.000  4.414275e-01 
  418.000  4.430268e-01 
  419.000  4.446087e-01 
  420.000  4.461766e-01 
  421.000  4.477355e-01 
  422.000  4.492851e-01 
  423.000  4.508234e-01 
  424.000  4.523439e-01 
  425.000  4.538297e-01 
  426.000  4.553014e-01 
  427.000  4.567603e-01 
  428.000  4.581936e-01 
  429.000  4.596071e-01 
  430.000  4.610044e-01 
  431.000  4.623915e-01 
  432.000  4.637643e-01 
  433.000  4.651244e-01 
  434.000  4.664732e-01 
  435.000  4.678091e-01 
  436.000  4.691301e-01 
  437.000  4.704371e-01 
  438.000  4.717293e-01 
  439.000  4.730119e-01 
  440.000  4.742739e-01 
  441.000  4.755201e-01 
  442.000  4.767467e-01 
  443.000  4.779551e-01 
  444.000  4.791445e-01 
  445.000  4.803086e-01 
  446.000  4.814405e-01 
  447.000  4.826277e-01 
  448.000  4.839008e-01 
  449.000  4.851896e-01 
  450.000  4.864538e-01 
  451.000  4.876688e-01 
  452.000  4.888413e-01 
  453.000  4.899901e-01 
  454.000  4.911181e-01 
  455.000  4.921809e-01 
  456.000  4.931580e-01 
  457.000  4.941354e-01 
  458.000  4.950998e-01 
  459.000  4.960438e-01 
  460.000  4.969804e-01 
  461.000  4.979072e-01 
  462.000  4.988164e-01 
  463.000  4.997218e-01 
  464.000  5.009006e-01 
  465.000  5.020619e-01 
  466.000  5.032028e-01 
  467.000  5.043175e-01 
  468.000  5.052255e-01 
  469.000  5.060076e-01 
  470.000  5.067269e-01 
  471.000  5.073745e-01 
  472.000  5.079243e-01 
  473.000  5.083098e-01 
  474.000  5.086263e-01 
  475.000  5.087076e-01 
  476.000  5.085509e-01 
  477.000  5.085477e-01 
  478.000  5.094635e-01 
  479.000  5.108578e-01 
  480.000  5.123629e-01 
  481.000  5.137133e-01 
  482.000  5.149800e-01 
  483.000  5.160813e-01 
  484.000  5.170280e-01 
  485.000  5.178746e-01 
  486.000  5.187775e-01 
  487.000  5.197282e-01 
  488.000  5.206484e-01 
  489.000  5.215517e-01 
  490.000  5.224445e-01 
  491.000  5.231436e-01 
  492.000  5.237827e-01 
  493.000  5.244187e-01 
  494.000  5.250367e-01 
  495.000  5.256547e-01 
  496.000  5.259731e-01 
  497.000  5.262795e-01 
  498.000  5.265814e-01 
  499.000  5.268670e-01 
  500.000  5.271482e-01 
  501.000  5.273981e-01 
  502.000  5.276480e-01 
  503.000  5.278949e-01 
  504.000  5.281303e-01 
  505.000  5.283529e-01 
  506.000  5.290049e-01 
  507.000  5.296759e-01 
  508.000  5.303459e-01 
  509.000  5.310082e-01 
  510.000  5.316564e-01 
  511.000  5.322376e-01 
  512.000  5.327988e-01 
  513.000  5.333568e-01 
  514.000  5.339080e-01 
  515.000  5.344543e-01 
  516.000  5.348446e-01 
  517.000  5.350948e-01 
  518.000  5.353381e-01 
  519.000  5.355768e-01 
  520.000  5.358132e-01 
  521.000  5.360250e-01 
  522.000  5.361778e-01 
  523.000  5.362879e-01 
  524.000  5.364017e-01 
  525.000  5.364914e-01 
  526.000  5.366173e-01 
  527.000  5.366375e-01 
  528.000  5.366150e-01 
  529.000  5.365912e-01 
  530.000  5.365728e-01 
  531.000  5.365576e-01 
  532.000  5.365916e-01 
  533.000  5.368985e-01 
  534.000  5.372860e-01 
  535.000  5.377234e-01 
  536.000  5.381463e-01 
  537.000  5.385332e-01 
  538.000  5.388790e-01 
  539.000  5.391996e-01 
  540.000  5.395002e-01 
  541.000  5.397921e-01 
  542.000  5.400712e-01 
  543.000  5.403405e-01 
  544.000  5.405441e-01 
  545.000  5.406941e-01 
  546.000  5.408372e-01 
  547.000  5.409844e-01 
  548.000  5.411241e-01 
  549.000  5.412617e-01 
  550.000  5.413284e-01 
  551.000  5.413249e-01 
  552.000  5.413241e-01 
  553.000  5.413088e-01 
  554.000  5.412868e-01 
  555.000  5.412610e-01 
  556.000  5.412085e-01 
  557.000  5.411100e-01 
  558.000  5.410035e-01 
  559.000  5.408847e-01 
  560.000  5.407358e-01 
  561.000  5.405593e-01 
  562.000  5.401846e-01 
  563.000  5.399668e-01 
  564.000  5.396789e-01 
  565.000  5.392379e-01 
  566.000  5.389490e-01 
  567.000  5.379652e-01 
  568.000  5.351889e-01 
  569.000  5.294250e-01 
  570.000  5.301836e-01 
  571.000  5.340547e-01 
  572.000  5.300516e-01 
  573.000  5.309500e-01 
  574.000  5.311105e-01 
  575.000  5.307986e-01 
  576.000  5.309769e-01 
  577.000  5.323291e-01 
  578.000  5.342684e-01 
  579.000  5.359614e-01 
  580.000  5.375466e-01 
  581.000  5.397992e-01 
  582.000  5.413489e-01 
  583.000  5.423340e-01 
  584.000  5.431941e-01 
  585.000  5.439025e-01 
  586.000  5.445544e-01 
  587.000  5.432528e-01 
  588.000  5.355129e-01 
  589.000  5.231962e-01 
  590.000  5.226180e-01 
  591.000  5.313693e-01 
  592.000  5.270063e-01 
  593.000  5.369580e-01 
  594.000  5.349722e-01 
  595.000  5.282686e-01 
  596.000  5.378404e-01 
  597.000  5.354382e-01 
  598.000  5.391864e-01 
  599.000  5.405660e-01 
  600.000  5.439302e-01 
  601.000  5.460395e-01 
  602.000  5.465779e-01 
  603.000  5.476407e-01 
  604.000  5.488871e-01 
  605.000  5.498013e-01 
  606.000  5.504556e-01 
  607.000  5.510875e-01 
  608.000  5.516853e-01 
  609.000  5.522568e-01 
  610.000  5.528474e-01 
  611.000  5.535034e-01 
  612.000  5.541459e-01 
  613.000  5.547685e-01 
  614.000  5.553728e-01 
  615.000  5.559754e-01 
  616.000  5.565561e-01 
  617.000  5.571046e-01 
  618.000  5.575644e-01 
  619.000  5.579534e-01 
  620.000  5.583136e-01 
  621.000  5.586231e-01 
  622.000  5.588818e-01 
  623.000  5.590548e-01 
  624.000  5.592388e-01 
  625.000  5.593920e-01 
  626.000  5.590909e-01 
  627.000  5.558467e-01 
  628.000  5.368477e-01 
  629.000  5.482727e-01 
  630.000  5.512204e-01 
  631.000  5.549502e-01 
  632.000  5.543027e-01 
  633.000  5.592710e-01 
  634.000  5.616188e-01 
  635.000  5.627200e-01 
  636.000  5.643822e-01 
  637.000  5.657426e-01 
  638.000  5.682463e-01 
  639.000  5.692340e-01 
  640.000  5.708926e-01 
  641.000  5.717505e-01 
  642.000  5.730099e-01 
  643.000  5.724824e-01 
  644.000  5.730995e-01 
  645.000  5.720987e-01 
  646.000  5.654959e-01 
  647.000  5.610402e-01 
  648.000  5.560030e-01 
  649.000  5.612424e-01 
  650.000  5.709352e-01 
  651.000  5.713241e-01 
  652.000  5.635197e-01 
  653.000  5.733398e-01 
  654.000  5.726939e-01 
  655.000  5.696458e-01 
  656.000  5.712389e-01 
  657.000  5.734835e-01 
  658.000  5.770996e-01 
  659.000  5.793723e-01 
  660.000  5.805851e-01 
  661.000  5.832791e-01 
  662.000  5.847496e-01 
  663.000  5.849034e-01 
  664.000  5.857309e-01 
  665.000  5.864323e-01 
  666.000  5.872877e-01 
  667.000  5.880485e-01 
  668.000  5.889159e-01 
  669.000  5.895404e-01 
  670.000  5.900947e-01 
  671.000  5.906780e-01 
  672.000  5.912004e-01 
  673.000  5.917133e-01 
  674.000  5.922217e-01 
  675.000  5.927309e-01 
  676.000  5.932087e-01 
  677.000  5.936482e-01 
  678.000  5.940889e-01 
  679.000  5.944493e-01 
  680.000  5.944623e-01 
  681.000  5.943890e-01 
  682.000  5.946843e-01 
  683.000  5.947803e-01 
  684.000  5.944191e-01 
  685.000  5.952925e-01 
  686.000  5.927611e-01 
  687.000  5.059723e-01 
  688.000  5.331316e-01 
  689.000  5.253510e-01 
  690.000  5.395631e-01 
  691.000  5.581040e-01 
  692.000  5.691424e-01 
  693.000  5.641191e-01 
  694.000  5.567931e-01 
  695.000  5.647023e-01 
  696.000  5.693126e-01 
  697.000  5.885515e-01 
  698.000  5.846775e-01 
  699.000  5.675637e-01 
  700.000  5.704756e-01 
  701.000  5.667130e-01 
  702.000  5.695951e-01 
  703.000  5.840585e-01 
  704.000  5.847533e-01 
  705.000  5.788774e-01 
  706.000  5.800995e-01 
  707.000  5.822887e-01 
  708.000  5.846516e-01 
  709.000  5.894234e-01 
  710.000  5.844676e-01 
  711.000  5.896482e-01 
  712.000  5.940713e-01 
  713.000  5.906210e-01 
  714.000  5.894912e-01 
  715.000  5.838388e-01 
  716.000  5.779536e-01 
  717.000  5.406787e-01 
  718.000  5.179310e-01 
  719.000  5.097944e-01 
  720.000  4.975575e-01 
  721.000  5.516855e-01 
  722.000  5.711564e-01 
  723.000  5.602143e-01 
  724.000  5.291981e-01 
  725.000  5.338021e-01 
  726.000  5.323793e-01 
  727.000  5.367939e-01 
  728.000  5.320390e-01 
  729.000  5.439427e-01 
  730.000  5.419105e-01 
  731.000  5.394510e-01 
  732.000  5.595784e-01 
  733.000  5.789644e-01 
  734.000  5.883455e-01 
  735.000  5.850708e-01 
  736.000  5.789430e-01 
  737.000  5.835998e-01 
  738.000  5.899995e-01 
  739.000  5.927687e-01 
  740.000  5.988936e-01 
  741.000  6.024432e-01 
  742.000  6.039454e-01 
  743.000  6.072269e-01 
  744.000  6.085960e-01 
  745.000  6.097476e-01 
  746.000  6.106611e-01 
  747.000  6.109157e-01 
  748.000  6.117432e-01 
  749.000  6.122107e-01 
  750.000  6.119583e-01 
  751.000  6.121415e-01 
  752.000  6.129677e-01 
  753.000  6.133128e-01 
  754.000  6.135871e-01 
  755.000  6.137694e-01 
  756.000  6.139600e-01 
  757.000  6.140921e-01 
  758.000  6.129186e-01 
  759.000  5.659739e-01 
  760.000  2.337920e-01 
  761.000  2.045808e-01 
  762.000  3.902196e-01 
  763.000  3.308850e-01 
  764.000  3.601144e-01 
  765.000  4.276072e-01 
  766.000  5.109118e-01 
  767.000  5.536537e-01 
  768.000  5.818489e-01 
  769.000  6.005627e-01 
  770.000  6.106402e-01 
  771.000  6.153967e-01 
  772.000  6.165892e-01 
  773.000  6.171239e-01 
  774.000  6.178077e-01 
  775.000  6.182280e-01 
  776.000  6.185303e-01 
  777.000  6.186177e-01 
  778.000  6.186044e-01 
  779.000  6.185803e-01 
  780.000  6.185536e-01 
  781.000  6.189145e-01 
  782.000  6.188766e-01 
  783.000  6.188508e-01 
  784.000  6.185710e-01 
  785.000  6.172326e-01 
  786.000  6.152852e-01 
  787.000  6.106649e-01 
  788.000  6.082435e-01 
  789.000  5.995851e-01 
  790.000  5.988503e-01 
  791.000  6.004961e-01 
  792.000  6.020200e-01 
  793.000  6.055597e-01 
  794.000  6.130629e-01 
  795.000  6.084916e-01 
  796.000  5.963295e-01 
  797.000  5.998147e-01 
  798.000  6.075163e-01 
  799.000  6.057696e-01 
  800.000  6.001802e-01 
  801.000  6.008556e-01 
  802.000  6.002993e-01 
  803.000  6.011273e-01 
  804.000  6.037693e-01 
  805.000  6.088250e-01 
  806.000  6.118495e-01 
  807.000  6.119922e-01 
  808.000  6.102902e-01 
  809.000  6.081963e-01 
  810.000  6.059005e-01 
  811.000  6.011881e-01 
  812.000  5.948492e-01 
  813.000  5.870981e-01 
  814.000  5.768957e-01 
  815.000  5.642394e-01 
  816.000  5.481080e-01 
  817.000  5.489918e-01 
  818.000  5.503062e-01 
  819.000  5.556338e-01 
  820.000  5.734547e-01 
  821.000  5.939014e-01 
  822.000  5.783511e-01 
  823.000  5.353575e-01 
  824.000  5.715675e-01 
  825.000  5.950809e-01 
  826.000  5.910845e-01 
  827.000  5.881143e-01 
  828.000  5.726523e-01 
  829.000  5.782176e-01 
  830.000  5.844696e-01 
  831.000  5.859496e-01 
  832.000  5.866168e-01 
  833.000  5.902369e-01 
  834.000  5.945038e-01 
  835.000  6.029695e-01 
  836.000  6.002603e-01 
  837.000  5.999849e-01 
  838.000  6.041105e-01 
  839.000  6.066206e-01 
  840.000  6.075364e-01 
  841.000  6.048308e-01 
  842.000  6.072738e-01 
  843.000  6.130724e-01 
  844.000  6.157099e-01 
  845.000  6.169431e-01 
  846.000  6.182398e-01 
  847.000  6.196690e-01 
  848.000  6.173273e-01 
  849.000  6.176338e-01 
  850.000  6.164796e-01 
  851.000  6.151037e-01 
  852.000  6.152476e-01 
  853.000  6.175379e-01 
  854.000  6.174213e-01 
  855.000  6.185764e-01 
  856.000  6.208653e-01 
  857.000  6.218624e-01 
  858.000  6.223608e-01 
  859.000  6.235607e-01 
  860.000  6.241249e-01 
  861.000  6.242313e-01 
  862.000  6.245908e-01 
  863.000  6.246435e-01 
  864.000  6.248922e-01 
  865.000  6.250969e-01 
  866.000  6.251561e-01 
  867.000  6.251262e-01 
  868.000  6.251638e-01 
  869.000  6.252363e-01 
  870.000  6.251939e-01 
  871.000  6.252627e-01 
  872.000  6.254218e-01 
  873.000  6.252753e-01 
  874.000  6.251986e-01 
  875.000  6.251853e-01 
  876.000  6.249250e-01 
  877.000  6.247957e-01 
  878.000  6.241211e-01 
  879.000  6.240780e-01 
  880.000  6.234619e-01 
  881.000  6.230972e-01 
  882.000  6.227471e-01 
  883.000  6.231067e-01 
  884.000  6.232545e-01 
  885.000  6.219723e-01 
  886.000  6.203074e-01 
  887.000  6.215611e-01 
  888.000  6.214812e-01 
  889.000  6.219265e-01 
  890.000  6.210044e-01 
  891.000  6.188259e-01 
  892.000  6.142305e-01 
  893.000  6.003042e-01 
  894.000  5.933675e-01 
  895.000  5.723469e-01 
  896.000  5.535734e-01 
  897.000  5.338733e-01 
  898.000  5.246981e-01 
  899.000  4.990835e-01 
  900.000  5.027340e-01 
  901.000  4.961194e-01 
  902.000  4.973909e-01 
  903.000  5.405071e-01 
  904.000  5.671342e-01 
  905.000  5.662013e-01 
  906.000  5.495513e-01 
  907.000  5.203196e-01 
  908.000  5.012008e-01 
  909.000  5.019893e-01 
  910.000  5.048539e-01 
  911.000  5.175365e-01 
  912.000  5.113983e-01 
  913.000  4.848682e-01 
  914.000  4.979668e-01 
  915.000  5.083492e-01 
  916.000  5.111892e-01 
  917.000  5.168705e-01 
  918.000  5.242193e-01 
  919.000  5.492709e-01 
  920.000  5.683566e-01 
  921.000  5.641808e-01 
  922.000  5.638332e-01 
  923.000  5.585164e-01 
  924.000  5.457639e-01 
  925.000  5.446512e-01 
  926.000  5.441900e-01 
  927.000  5.292424e-01 
  928.000  5.064021e-01 
  929.000  4.737659e-01 
  930.000  4.328808e-01 
  931.000  3.880548e-01 
  932.000  3.304338e-01 
  933.000  2.889875e-01 
  934.000  2.477055e-01 
  935.000  2.432723e-01 
  936.000  2.592431e-01 
  937.000  2.552738e-01 
  938.000  3.017236e-01 
  939.000  4.271762e-01 
  940.000  4.465291e-01 
  941.000  4.300254e-01 
  942.000  3.897969e-01 
  943.000  3.243462e-01 
  944.000  3.197728e-01 
  945.000  3.429248e-01 
  946.000  3.443235e-01 
  947.000  3.654784e-01 
  948.000  3.779601e-01 
  949.000  3.764498e-01 
  950.000  3.796871e-01 
  951.000  4.077809e-01 
  952.000  3.779920e-01 
  953.000  3.990785e-01 
  954.000  4.219151e-01 
  955.000  4.036576e-01 
  956.000  3.997836e-01 
  957.000  4.577202e-01 
  958.000  4.654336e-01 
  959.000  4.558310e-01 
  960.000  4.531045e-01 
  961.000  4.483186e-01 
  962.000  4.528144e-01 
  963.000  4.850492e-01 
  964.000  4.897561e-01 
  965.000  4.867323e-01 
  966.000  4.885595e-01 
  967.000  5.118083e-01 
  968.000  5.509384e-01 
  969.000  5.687654e-01 
  970.000  5.697536e-01 
  971.000  5.693374e-01 
  972.000  5.642720e-01 
  973.000  5.526069e-01 
  974.000  5.384581e-01 
  975.000  5.293974e-01 
  976.000  5.404850e-01 
  977.000  5.588766e-01 
  978.000  5.574085e-01 
  979.000  5.622170e-01 
  980.000  5.810904e-01 
  981.000  5.853000e-01 
  982.000  5.811184e-01 
  983.000  5.908491e-01 
  984.000  6.008818e-01 
  985.000  6.065943e-01 
  986.000  6.139722e-01 
  987.000  6.171769e-01 
  988.000  6.179152e-01 
  989.000  6.183873e-01 
  990.000  6.191686e-01 
  991.000  6.219168e-01 
  992.000  6.226971e-01 
  993.000  6.229884e-01 
  994.000  6.253208e-01 
  995.000  6.270139e-01 
  996.000  6.269979e-01 
  997.000  6.259425e-01 
  998.000  6.248174e-01 
  999.000  6.243567e-01 
 1000.000  6.247327e-01 
 1001.000  6.221019e-01 
 1002.000  6.178955e-01 
 1003.000  6.188940e-01 
 1004.000  6.213133e-01 
 1005.000  6.224190e-01 
 1006.000  6.227691e-01 
 1007.000  6.219645e-01 
 1008.000  6.185352e-01 
 1009.000  6.139532e-01 
 1010.000  6.159927e-01 
 1011.000  6.208599e-01 
 1012.000  6.227143e-01 
 1013.000  6.241715e-01 
 1014.000  6.247807e-01 
 1015.000  6.248942e-01 
 1016.000  6.253956e-01 
 1017.000  6.257893e-01 
 1018.000  6.251044e-01 
 1019.000  6.234102e-01 
 1020.000  6.240020e-01 
 1021.000  6.252208e-01 
 1022.000  6.231662e-01 
 1023.000  6.214466e-01 
 1024.000  6.204150e-01 
 1025.000  6.235563e-01 
 1026.000  6.249392e-01 
 1027.000  6.243438e-01 
 1028.000  6.248211e-01 
 1029.000  6.260729e-01 
 1030.000  6.273269e-01 
 1031.000  6.279635e-01 
 1032.000  6.284573e-01 
 1033.000  6.285991e-01 
 1034.000  6.288511e-01 
 1035.000  6.290149e-01 
 1036.000  6.288967e-01 
 1037.000  6.289076e-01 
 1038.000  6.290081e-01 
 1039.000  6.288028e-01 
 1040.000  6.286202e-01 
 1041.000  6.284753e-01 
 1042.000  6.284303e-01 
 1043.000  6.284168e-01 
 1044.000  6.282824e-01 
 1045.000  6.278877e-01 
 1046.000  6.276181e-01 
 1047.000  6.272944e-01 
 1048.000  6.268641e-01 
 1049.000  6.264387e-01 
 1050.000  6.260331e-01 
 1051.000  6.254580e-01 
 1052.000  6.250573e-01 
 1053.000  6.249483e-01 
 1054.000  6.243892e-01 
 1055.000  6.237821e-01 
 1056.000  6.232593e-01 
 1057.000  6.220351e-01 
 1058.000  6.199154e-01 
 1059.000  6.199833e-01 
 1060.000  6.209273e-01 
 1061.000  6.206220e-01 
 1062.000  6.192885e-01 
 1063.000  6.187167e-01 
 1064.000  6.175233e-01 
 1065.000  6.161601e-01 
 1066.000  6.162579e-01 
 1067.000  6.156669e-01 
 1068.000  6.130822e-01 
 1069.000  6.119598e-01 
 1070.000  6.124756e-01 
 1071.000  6.109004e-01 
 1072.000  6.092536e-01 
 1073.000  6.090019e-01 
 1074.000  6.093346e-01 
 1075.000  6.119600e-01 
 1076.000  6.104307e-01 
 1077.000  6.083512e-01 
 1078.000  6.058897e-01 
 1079.000  6.056183e-01 
 1080.000  5.989283e-01 
 1081.000  5.985892e-01 
 1082.000  6.015893e-01 
 1083.000  5.980584e-01 
 1084.000  5.941872e-01 
 1085.000  5.849240e-01 
 1086.000  5.871226e-01 
 1087.000  5.973725e-01 
 1088.000  5.978009e-01 
 1089.000  5.853814e-01 
 1090.000  5.830648e-01 
 1091.000  5.854417e-01 
 1092.000  5.793018e-01 
 1093.000  5.655918e-01 
 1094.000  5.596413e-01 
 1095.000  5.606077e-01 
 1096.000  5.614750e-01 
 1097.000  5.587394e-01 
 1098.000  5.256264e-01 
 1099.000  4.976436e-01 
 1100.000  4.995233e-01 
 1101.000  5.033633e-01 
 1102.000  5.014771e-01 
 1103.000  5.040082e-01 
 1104.000  4.993316e-01 
 1105.000  4.876252e-01 
 1106.000  4.758962e-01 
 1107.000  4.787421e-01 
 1108.000  4.807844e-01 
 1109.000  4.906932e-01 
 1110.000  4.892913e-01 
 1111.000  4.836336e-01 
 1112.000  4.590243e-01 
 1113.000  4.256094e-01 
 1114.000  4.162970e-01 
 1115.000  3.759698e-01 
 1116.000  3.514448e-01 
 1117.000  2.964285e-01 
 1118.000  2.475772e-01 
 1119.000  2.222451e-01 
 1120.000  1.919409e-01 
 1121.000  1.853054e-01 
 1122.000  1.555262e-01 
 1123.000  1.712690e-01 
 1124.000  1.820816e-01 
 1125.000  1.763055e-01 
 1126.000  1.740579e-01 
 1127.000  1.766999e-01 
 1128.000  1.818168e-01 
 1129.000  2.120708e-01 
 1130.000  2.857497e-01 
 1131.000  3.078803e-01 
 1132.000  2.775688e-01 
 1133.000  2.243958e-01 
 1134.000  1.350651e-01 
 1135.000  1.415287e-01 
 1136.000  2.322888e-01 
 1137.000  2.857007e-01 
 1138.000  3.397629e-01 
 1139.000  3.570994e-01 
 1140.000  3.466370e-01 
 1141.000  3.257844e-01 
 1142.000  3.183637e-01 
 1143.000  2.953756e-01 
 1144.000  2.700411e-01 
 1145.000  2.342552e-01 
 1146.000  2.426335e-01 
 1147.000  2.707599e-01 
 1148.000  2.962793e-01 
 1149.000  3.068562e-01 
 1150.000  3.077307e-01 
