  320.000  1.175763e-01 
  321.000  1.506393e-01 
  322.000  1.374826e-01 
  323.000  1.541928e-01 
  324.000  1.712925e-01 
  325.000  1.585204e-01 
  326.000  1.795800e-01 
  327.000  1.855446e-01 
  328.000  1.727097e-01 
  329.000  1.974979e-01 
  330.000  2.014839e-01 
  331.000  1.936117e-01 
  332.000  2.088649e-01 
  333.000  2.133534e-01 
  334.000  2.096667e-01 
  335.000  2.209972e-01 
  336.000  2.256181e-01 
  337.000  2.236685e-01 
  338.000  2.290974e-01 
  339.000  2.347261e-01 
  340.000  2.337993e-01 
  341.000  2.392853e-01 
  342.000  2.433125e-01 
  343.000  2.453399e-01 
  344.000  2.457546e-01 
  345.000  2.512429e-01 
  346.000  2.547198e-01 
  347.000  2.575610e-01 
  348.000  2.602275e-01 
  349.000  2.632284e-01 
  350.000  2.657984e-01 
  351.000  2.683623e-01 
  352.000  2.704689e-01 
  353.000  2.734693e-01 
  354.000  2.760280e-01 
  355.000  2.784127e-01 
  356.000  2.807396e-01 
  357.000  2.828133e-01 
  358.000  2.850474e-01 
  359.000  2.872821e-01 
  360.000  2.895737e-01 
  361.000  2.924730e-01 
  362.000  2.954969e-01 
  363.000  2.982862e-01 
  364.000  3.008570e-01 
  365.000  3.032715e-01 
  366.000  3.057436e-01 
  367.000  3.081002e-01 
  368.000  3.104382e-01 
  369.000  3.127587e-01 
  370.000  3.150579e-01 
  371.000  3.173416e-01 
  372.000  3.196090e-01 
  373.000  3.218596e-01 
  374.000  3.240763e-01 
  375.000  3.262525e-01 
  376.000  3.283567e-01 
  377.000  3.303474e-01 
  378.000  3.321981e-01 
  379.000  3.340800e-01 
  380.000  3.361516e-01 
  381.000  3.385121e-01 
  382.000  3.409607e-01 
  383.000  3.432786e-01 
  384.000  3.454793e-01 
  385.000  3.476016e-01 
  386.000  3.496712e-01 
  387.000  3.517090e-01 
  388.000  3.537223e-01 
  389.000  3.557205e-01 
  390.000  3.577040e-01 
  391.000  3.596686e-01 
  392.000  3.616199e-01 
  393.000  3.635565e-01 
  394.000  3.654763e-01 
  395.000  3.673777e-01 
  396.000  3.692679e-01 
  397.000  3.711374e-01 
  398.000  3.729908e-01 
  399.000  3.748296e-01 
  400.000  3.766439e-01 
  401.000  3.784523e-01 
  402.000  3.802472e-01 
  403.000  3.820277e-01 
  404.000  3.837932e-01 
  405.000  3.855404e-01 
  406.000  3.872768e-01 
  407.000  3.890005e-01 
  408.000  3.907101e-01 
  409.000  3.924036e-01 
  410.000  3.940819e-01 
  411.000  3.957444e-01 
  412.000  3.973898e-01 
  413.000  3.990266e-01 
  414.000  4.005466e-01 
  415.000  4.021916e-01 
  416.000  4.038166e-01 
  417.000  4.054151e-01 
  418.000  4.069777e-01 
  419.000  4.085236e-01 
  420.000  4.100562e-01 
  421.000  4.115803e-01 
  422.000  4.130956e-01 
  423.000  4.146002e-01 
  424.000  4.160877e-01 
  425.000  4.175417e-01 
  426.000  4.189821e-01 
  427.000  4.204103e-01 
  428.000  4.218137e-01 
  429.000  4.231980e-01 
  430.000  4.245667e-01 
  431.000  4.259256e-01 
  432.000  4.272709e-01 
  433.000  4.286039e-01 
  434.000  4.299261e-01 
  435.000  4.312358e-01 
  436.000  4.325313e-01 
  437.000  4.338131e-01 
  438.000  4.350808e-01 
  439.000  4.363391e-01 
  440.000  4.375775e-01 
  441.000  4.388007e-01 
  442.000  4.400048e-01 
  443.000  4.411911e-01 
  444.000  4.423591e-01 
  445.000  4.435024e-01 
  446.000  4.446142e-01 
  447.000  4.457805e-01 
  448.000  4.470314e-01 
  449.000  4.482980e-01 
  450.000  4.495406e-01 
  451.000  4.507349e-01 
  452.000  4.518878e-01 
  453.000  4.530174e-01 
  454.000  4.541269e-01 
  455.000  4.551722e-01 
  456.000  4.561335e-01 
  457.000  4.570951e-01 
  458.000  4.580441e-01 
  459.000  4.589732e-01 
  460.000  4.598950e-01 
  461.000  4.608074e-01 
  462.000  4.617025e-01 
  463.000  4.625939e-01 
  464.000  4.637547e-01 
  465.000  4.648985e-01 
  466.000  4.660223e-01 
  467.000  4.671204e-01 
  468.000  4.680151e-01 
  469.000  4.687858e-01 
  470.000  4.694946e-01 
  471.000  4.701329e-01 
  472.000  4.706749e-01 
  473.000  4.710548e-01 
  474.000  4.713668e-01 
  475.000  4.714470e-01 
  476.000  4.712925e-01 
  477.000  4.712893e-01 
  478.000  4.721921e-01 
  479.000  4.735669e-01 
  480.000  4.750511e-01 
  481.000  4.763830e-01 
  482.000  4.776326e-01 
  483.000  4.787192e-01 
  484.000  4.796533e-01 
  485.000  4.804888e-01 
  486.000  4.813800e-01 
  487.000  4.823183e-01 
  488.000  4.832267e-01 
  489.000  4.841186e-01 
  490.000  4.850001e-01 
  491.000  4.856904e-01 
  492.000  4.863216e-01 
  493.000  4.869497e-01 
  494.000  4.875602e-01 
  495.000  4.881706e-01 
  496.000  4.884852e-01 
  497.000  4.887879e-01 
  498.000  4.890862e-01 
  499.000  4.893684e-01 
  500.000  4.896461e-01 
  501.000  4.898930e-01 
  502.000  4.901400e-01 
  503.000  4.903839e-01 
  504.000  4.906165e-01 
  505.000  4.908365e-01 
  506.000  4.914808e-01 
  507.000  4.921439e-01 
  508.000  4.928061e-01 
  509.000  4.934608e-01 
  510.000  4.941016e-01 
  511.000  4.946761e-01 
  512.000  4.952310e-01 
  513.000  4.957827e-01 
  514.000  4.963277e-01 
  515.000  4.968679e-01 
  516.000  4.972539e-01 
  517.000  4.975013e-01 
  518.000  4.977419e-01 
  519.000  4.979780e-01 
  520.000  4.982118e-01 
  521.000  4.984213e-01 
  522.000  4.985724e-01 
  523.000  4.986813e-01 
  524.000  4.987939e-01 
  525.000  4.988826e-01 
  526.000  4.990071e-01 
  527.000  4.990271e-01 
  528.000  4.990049e-01 
  529.000  4.989814e-01 
  530.000  4.989631e-01 
  531.000  4.989481e-01 
  532.000  4.989817e-01 
  533.000  4.992853e-01 
  534.000  4.996686e-01 
  535.000  5.001013e-01 
  536.000  5.005197e-01 
  537.000  5.009024e-01 
  538.000  5.012446e-01 
  539.000  5.015618e-01 
  540.000  5.018592e-01 
  541.000  5.021481e-01 
  542.000  5.024243e-01 
  543.000  5.026907e-01 
  544.000  5.028922e-01 
  545.000  5.030407e-01 
  546.000  5.031823e-01 
  547.000  5.033279e-01 
  548.000  5.034662e-01 
  549.000  5.036023e-01 
  550.000  5.036684e-01 
  551.000  5.036649e-01 
  552.000  5.036641e-01 
  553.000  5.036489e-01 
  554.000  5.036272e-01 
  555.000  5.036016e-01 
  556.000  5.035497e-01 
  557.000  5.034522e-01 
  558.000  5.033469e-01 
  559.000  5.032293e-01 
  560.000  5.030819e-01 
  561.000  5.029073e-01 
  562.000  5.025427e-01 
  563.000  5.023277e-01 
  564.000  5.020444e-01 
  565.000  5.016124e-01 
  566.000  5.013238e-01 
  567.000  5.003701e-01 
  568.000  4.977498e-01 
  569.000  4.923518e-01 
  570.000  4.930351e-01 
  571.000  4.966109e-01 
  572.000  4.928536e-01 
  573.000  4.936634e-01 
  574.000  4.937907e-01 
  575.000  4.934857e-01 
  576.000  4.936606e-01 
  577.000  4.949266e-01 
  578.000  4.967701e-01 
  579.000  4.984097e-01 
  580.000  4.999805e-01 
  581.000  5.021885e-01 
  582.000  5.037233e-01 
  583.000  5.047193e-01 
  584.000  5.055840e-01 
  585.000  5.063064e-01 
  586.000  5.069640e-01 
  587.000  5.058064e-01 
  588.000  4.986051e-01 
  589.000  4.871076e-01 
  590.000  4.865876e-01 
  591.000  4.947961e-01 
  592.000  4.907318e-01 
  593.000  5.000620e-01 
  594.000  4.982198e-01 
  595.000  4.919614e-01 
  596.000  5.009097e-01 
  597.000  4.986432e-01 
  598.000  5.021326e-01 
  599.000  5.034053e-01 
  600.000  5.065343e-01 
  601.000  5.084759e-01 
  602.000  5.089596e-01 
  603.000  5.099677e-01 
  604.000  5.111697e-01 
  605.000  5.120645e-01 
  606.000  5.127099e-01 
  607.000  5.133333e-01 
  608.000  5.139251e-01 
  609.000  5.144911e-01 
  610.000  5.150763e-01 
  611.000  5.157264e-01 
  612.000  5.163633e-01 
  613.000  5.169804e-01 
  614.000  5.175794e-01 
  615.000  5.181769e-01 
  616.000  5.187525e-01 
  617.000  5.192963e-01 
  618.000  5.197523e-01 
  619.000  5.201380e-01 
  620.000  5.204952e-01 
  621.000  5.208021e-01 
  622.000  5.210586e-01 
  623.000  5.212302e-01 
  624.000  5.214127e-01 
  625.000  5.215648e-01 
  626.000  5.212823e-01 
  627.000  5.182433e-01 
  628.000  4.999076e-01 
  629.000  5.109922e-01 
  630.000  5.137696e-01 
  631.000  5.173842e-01 
  632.000  5.168850e-01 
  633.000  5.215039e-01 
  634.000  5.239015e-01 
  635.000  5.250177e-01 
  636.000  5.266533e-01 
  637.000  5.280018e-01 
  638.000  5.304143e-01 
  639.000  5.313601e-01 
  640.000  5.330222e-01 
  641.000  5.338909e-01 
  642.000  5.351206e-01 
  643.000  5.346693e-01 
  644.000  5.352900e-01 
  645.000  5.344094e-01 
  646.000  5.282502e-01 
  647.000  5.241044e-01 
  648.000  5.194110e-01 
  649.000  5.243641e-01 
  650.000  5.334965e-01 
  651.000  5.338914e-01 
  652.000  5.265921e-01 
  653.000  5.358434e-01 
  654.000  5.352659e-01 
  655.000  5.324320e-01 
  656.000  5.339571e-01 
  657.000  5.360921e-01 
  658.000  5.395170e-01 
  659.000  5.416806e-01 
  660.000  5.428491e-01 
  661.000  5.453933e-01 
  662.000  5.468064e-01 
  663.000  5.469751e-01 
  664.000  5.477844e-01 
  665.000  5.484681e-01 
  666.000  5.493017e-01 
  667.000  5.500500e-01 
  668.000  5.509012e-01 
  669.000  5.515191e-01 
  670.000  5.520695e-01 
  671.000  5.526476e-01 
  672.000  5.531672e-01 
  673.000  5.536778e-01 
  674.000  5.541838e-01 
  675.000  5.546908e-01 
  676.000  5.551667e-01 
  677.000  5.556044e-01 
  678.000  5.560433e-01 
  679.000  5.564048e-01 
  680.000  5.564316e-01 
  681.000  5.563803e-01 
  682.000  5.566859e-01 
  683.000  5.567960e-01 
  684.000  5.564794e-01 
  685.000  5.573280e-01 
  686.000  5.548874e-01 
  687.000  4.710127e-01 
  688.000  4.972061e-01 
  689.000  4.897298e-01 
  690.000  5.034499e-01 
  691.000  5.214429e-01 
  692.000  5.322841e-01 
  693.000  5.278770e-01 
  694.000  5.211880e-01 
  695.000  5.287153e-01 
  696.000  5.330998e-01 
  697.000  5.512318e-01 
  698.000  5.476087e-01 
  699.000  5.315251e-01 
  700.000  5.342808e-01 
  701.000  5.307564e-01 
  702.000  5.334837e-01 
  703.000  5.471088e-01 
  704.000  5.477785e-01 
  705.000  5.422628e-01 
  706.000  5.434256e-01 
  707.000  5.454987e-01 
  708.000  5.477353e-01 
  709.000  5.522392e-01 
  710.000  5.475878e-01 
  711.000  5.524763e-01 
  712.000  5.566524e-01 
  713.000  5.534174e-01 
  714.000  5.523665e-01 
  715.000  5.470600e-01 
  716.000  5.415348e-01 
  717.000  5.064677e-01 
  718.000  4.850766e-01 
  719.000  4.774341e-01 
  720.000  4.659351e-01 
  721.000  5.168808e-01 
  722.000  5.352222e-01 
  723.000  5.249359e-01 
  724.000  4.957566e-01 
  725.000  5.001007e-01 
  726.000  4.987704e-01 
  727.000  5.029342e-01 
  728.000  4.984678e-01 
  729.000  5.096806e-01 
  730.000  5.077766e-01 
  731.000  5.054705e-01 
  732.000  5.244266e-01 
  733.000  5.426887e-01 
  734.000  5.515319e-01 
  735.000  5.484574e-01 
  736.000  5.426946e-01 
  737.000  5.470866e-01 
  738.000  5.531204e-01 
  739.000  5.557352e-01 
  740.000  5.615107e-01 
  741.000  5.648609e-01 
  742.000  5.662827e-01 
  743.000  5.693805e-01 
  744.000  5.706583e-01 
  745.000  5.717492e-01 
  746.000  5.726175e-01 
  747.000  5.728678e-01 
  748.000  5.736586e-01 
  749.000  5.741159e-01 
  750.000  5.738783e-01 
  751.000  5.740613e-01 
  752.000  5.748647e-01 
  753.000  5.752040e-01 
  754.000  5.754747e-01 
  755.000  5.756567e-01 
  756.000  5.758465e-01 
  757.000  5.759783e-01 
  758.000  5.748215e-01 
  759.000  5.293323e-01 
  760.000  2.119461e-01 
  761.000  1.845950e-01 
  762.000  3.602122e-01 
  763.000  3.036717e-01 
  764.000  3.314887e-01 
  765.000  3.960113e-01 
  766.000  4.761442e-01 
  767.000  5.174462e-01 
  768.000  5.447558e-01 
  769.000  5.629098e-01 
  770.000  5.727337e-01 
  771.000  5.773325e-01 
  772.000  5.784941e-01 
  773.000  5.790141e-01 
  774.000  5.796891e-01 
  775.000  5.801083e-01 
  776.000  5.804092e-01 
  777.000  5.804988e-01 
  778.000  5.804899e-01 
  779.000  5.804698e-01 
  780.000  5.804467e-01 
  781.000  5.807986e-01 
  782.000  5.807649e-01 
  783.000  5.807427e-01 
  784.000  5.804751e-01 
  785.000  5.792176e-01 
  786.000  5.774087e-01 
  787.000  5.730586e-01 
  788.000  5.707812e-01 
  789.000  5.626252e-01 
  790.000  5.619373e-01 
  791.000  5.634930e-01 
  792.000  5.649340e-01 
  793.000  5.682749e-01 
  794.000  5.753517e-01 
  795.000  5.710474e-01 
  796.000  5.595886e-01 
  797.000  5.628778e-01 
  798.000  5.701416e-01 
  799.000  5.684996e-01 
  800.000  5.632355e-01 
  801.000  5.638765e-01 
  802.000  5.633564e-01 
  803.000  5.641411e-01 
  804.000  5.666357e-01 
  805.000  5.714057e-01 
  806.000  5.742611e-01 
  807.000  5.743999e-01 
  808.000  5.727996e-01 
  809.000  5.708299e-01 
  810.000  5.686698e-01 
  811.000  5.642315e-01 
  812.000  5.582602e-01 
  813.000  5.509579e-01 
  814.000  5.413454e-01 
  815.000  5.294207e-01 
  816.000  5.142227e-01 
  817.000  5.150591e-01 
  818.000  5.163013e-01 
  819.000  5.213255e-01 
  820.000  5.381246e-01 
  821.000  5.574011e-01 
  822.000  5.427467e-01 
  823.000  5.022330e-01 
  824.000  5.363602e-01 
  825.000  5.585278e-01 
  826.000  5.547645e-01 
  827.000  5.519681e-01 
  828.000  5.373969e-01 
  829.000  5.426460e-01 
  830.000  5.485427e-01 
  831.000  5.499414e-01 
  832.000  5.505741e-01 
  833.000  5.539902e-01 
  834.000  5.580164e-01 
  835.000  5.660012e-01 
  836.000  5.634505e-01 
  837.000  5.631945e-01 
  838.000  5.670877e-01 
  839.000  5.694577e-01 
  840.000  5.703247e-01 
  841.000  5.677771e-01 
  842.000  5.700839e-01 
  843.000  5.755547e-01 
  844.000  5.780452e-01 
  845.000  5.792113e-01 
  846.000  5.804375e-01 
  847.000  5.817886e-01 
  848.000  5.795837e-01 
  849.000  5.798761e-01 
  850.000  5.787909e-01 
  851.000  5.774967e-01 
  852.000  5.776356e-01 
  853.000  5.797986e-01 
  854.000  5.796919e-01 
  855.000  5.807844e-01 
  856.000  5.828627e-01 
  857.000  5.838716e-01 
  858.000  5.843402e-01 
  859.000  5.854223e-01 
  860.000  5.860155e-01 
  861.000  5.861201e-01 
  862.000  5.864697e-01 
  863.000  5.865224e-01 
  864.000  5.867648e-01 
  865.000  5.869645e-01 
  866.000  5.870236e-01 
  867.000  5.869963e-01 
  868.000  5.870343e-01 
  869.000  5.871061e-01 
  870.000  5.870667e-01 
  871.000  5.871348e-01 
  872.000  5.872907e-01 
  873.000  5.871502e-01 
  874.000  5.870776e-01 
  875.000  5.870663e-01 
  876.000  5.868156e-01 
  877.000  5.866919e-01 
  878.000  5.860036e-01 
  879.000  5.860270e-01 
  880.000  5.853844e-01 
  881.000  5.851061e-01 
  882.000  5.847759e-01 
  883.000  5.851201e-01 
  884.000  5.852630e-01 
  885.000  5.840576e-01 
  886.000  5.825089e-01 
  887.000  5.836730e-01 
  888.000  5.835999e-01 
  889.000  5.840245e-01 
  890.000  5.831770e-01 
  891.000  5.811250e-01 
  892.000  5.767939e-01 
  893.000  5.636640e-01 
  894.000  5.571253e-01 
  895.000  5.373086e-01 
  896.000  5.196126e-01 
  897.000  5.010454e-01 
  898.000  4.923998e-01 
  899.000  4.682648e-01 
  900.000  4.717063e-01 
  901.000  4.654764e-01 
  902.000  4.666771e-01 
  903.000  5.073116e-01 
  904.000  5.324144e-01 
  905.000  5.315375e-01 
  906.000  5.158438e-01 
  907.000  4.882941e-01 
  908.000  4.702793e-01 
  909.000  4.710240e-01 
  910.000  4.737252e-01 
  911.000  4.856786e-01 
  912.000  4.798961e-01 
  913.000  4.548999e-01 
  914.000  4.672435e-01 
  915.000  4.770291e-01 
  916.000  4.797075e-01 
  917.000  4.850639e-01 
  918.000  4.919921e-01 
  919.000  5.156078e-01 
  920.000  5.336039e-01 
  921.000  5.296696e-01 
  922.000  5.293444e-01 
  923.000  5.243342e-01 
  924.000  5.123144e-01 
  925.000  5.112675e-01 
  926.000  5.108339e-01 
  927.000  4.967447e-01 
  928.000  4.752179e-01 
  929.000  4.444648e-01 
  930.000  4.059511e-01 
  931.000  3.637429e-01 
  932.000  3.095139e-01 
  933.000  2.705360e-01 
  934.000  2.317381e-01 
  935.000  2.275735e-01 
  936.000  2.425799e-01 
  937.000  2.388532e-01 
  938.000  2.825215e-01 
  939.000  4.005859e-01 
  940.000  4.188160e-01 
  941.000  4.032739e-01 
  942.000  3.653961e-01 
  943.000  3.038059e-01 
  944.000  2.995037e-01 
  945.000  3.212834e-01 
  946.000  3.226013e-01 
  947.000  3.425102e-01 
  948.000  3.542592e-01 
  949.000  3.528393e-01 
  950.000  3.558875e-01 
  951.000  3.823372e-01 
  952.000  3.542954e-01 
  953.000  3.741477e-01 
  954.000  3.956529e-01 
  955.000  3.784633e-01 
  956.000  3.748188e-01 
  957.000  4.293854e-01 
  958.000  4.366550e-01 
  959.000  4.276109e-01 
  960.000  4.250445e-01 
  961.000  4.205381e-01 
  962.000  4.247750e-01 
  963.000  4.551478e-01 
  964.000  4.595851e-01 
  965.000  4.567377e-01 
  966.000  4.584615e-01 
  967.000  4.803742e-01 
  968.000  5.172641e-01 
  969.000  5.340753e-01 
  970.000  5.350090e-01 
  971.000  5.346178e-01 
  972.000  5.298426e-01 
  973.000  5.188445e-01 
  974.000  5.055060e-01 
  975.000  4.969655e-01 
  976.000  5.074195e-01 
  977.000  5.247615e-01 
  978.000  5.233788e-01 
  979.000  5.279146e-01 
  980.000  5.457143e-01 
  981.000  5.496859e-01 
  982.000  5.457440e-01 
  983.000  5.549229e-01 
  984.000  5.643874e-01 
  985.000  5.697774e-01 
  986.000  5.767387e-01 
  987.000  5.797634e-01 
  988.000  5.804614e-01 
  989.000  5.809085e-01 
  990.000  5.816470e-01 
  991.000  5.842410e-01 
  992.000  5.849786e-01 
  993.000  5.852550e-01 
  994.000  5.874354e-01 
  995.000  5.890341e-01 
  996.000  5.890201e-01 
  997.000  5.880288e-01 
  998.000  5.869879e-01 
  999.000  5.865547e-01 
 1000.000  5.869108e-01 
 1001.000  5.844303e-01 
 1002.000  5.804635e-01 
 1003.000  5.814068e-01 
 1004.000  5.836906e-01 
 1005.000  5.847351e-01 
 1006.000  5.850644e-01 
 1007.000  5.843067e-01 
 1008.000  5.810724e-01 
 1009.000  5.767502e-01 
 1010.000  5.786749e-01 
 1011.000  5.832666e-01 
 1012.000  5.850167e-01 
 1013.000  5.863910e-01 
 1014.000  5.869658e-01 
 1015.000  5.870724e-01 
 1016.000  5.875226e-01 
 1017.000  5.878960e-01 
 1018.000  5.872700e-01 
 1019.000  5.856715e-01 
 1020.000  5.862292e-01 
 1021.000  5.873788e-01 
 1022.000  5.854389e-01 
 1023.000  5.838150e-01 
 1024.000  5.828400e-01 
 1025.000  5.858024e-01 
 1026.000  5.871047e-01 
 1027.000  5.865412e-01 
 1028.000  5.869884e-01 
 1029.000  5.881488e-01 
 1030.000  5.893279e-01 
 1031.000  5.899233e-01 
 1032.000  5.903842e-01 
 1033.000  5.905169e-01 
 1034.000  5.907447e-01 
 1035.000  5.908989e-01 
 1036.000  5.907763e-01 
 1037.000  5.907802e-01 
 1038.000  5.908768e-01 
 1039.000  5.906757e-01 
 1040.000  5.904952e-01 
 1041.000  5.903517e-01 
 1042.000  5.903060e-01 
 1043.000  5.902902e-01 
 1044.000  5.901557e-01 
 1045.000  5.897676e-01 
 1046.000  5.895013e-01 
 1047.000  5.891804e-01 
 1048.000  5.887470e-01 
 1049.000  5.883165e-01 
 1050.000  5.878919e-01 
 1051.000  5.873629e-01 
 1052.000  5.869668e-01 
 1053.000  5.868454e-01 
 1054.000  5.863029e-01 
 1055.000  5.857089e-01 
 1056.000  5.851901e-01 
 1057.000  5.840091e-01 
 1058.000  5.819885e-01 
 1059.000  5.819641e-01 
 1060.000  5.828940e-01 
 1061.000  5.825905e-01 
 1062.000  5.813196e-01 
 1063.000  5.807565e-01 
 1064.000  5.796115e-01 
 1065.000  5.783218e-01 
 1066.000  5.784126e-01 
 1067.000  5.778829e-01 
 1068.000  5.754622e-01 
 1069.000  5.744517e-01 
 1070.000  5.749760e-01 
 1071.000  5.735262e-01 
 1072.000  5.720004e-01 
 1073.000  5.717910e-01 
 1074.000  5.721327e-01 
 1075.000  5.746347e-01 
 1076.000  5.732173e-01 
 1077.000  5.712793e-01 
 1078.000  5.689794e-01 
 1079.000  5.687445e-01 
 1080.000  5.624521e-01 
 1081.000  5.621485e-01 
 1082.000  5.649922e-01 
 1083.000  5.616776e-01 
 1084.000  5.580395e-01 
 1085.000  5.493155e-01 
 1086.000  5.514005e-01 
 1087.000  5.610778e-01 
 1088.000  5.614920e-01 
 1089.000  5.497874e-01 
 1090.000  5.476117e-01 
 1091.000  5.498619e-01 
 1092.000  5.440813e-01 
 1093.000  5.311573e-01 
 1094.000  5.255516e-01 
 1095.000  5.264680e-01 
 1096.000  5.272900e-01 
 1097.000  5.247172e-01 
 1098.000  4.934987e-01 
 1099.000  4.671250e-01 
 1100.000  4.689008e-01 
 1101.000  4.725237e-01 
 1102.000  4.707513e-01 
 1103.000  4.731391e-01 
 1104.000  4.687314e-01 
 1105.000  4.577003e-01 
 1106.000  4.466487e-01 
 1107.000  4.493339e-01 
 1108.000  4.512615e-01 
 1109.000  4.606020e-01 
 1110.000  4.592816e-01 
 1111.000  4.539506e-01 
 1112.000  4.307582e-01 
 1113.000  3.992704e-01 
 1114.000  3.904941e-01 
 1115.000  3.525104e-01 
 1116.000  3.294204e-01 
 1117.000  2.776504e-01 
 1118.000  2.317148e-01 
 1119.000  2.079061e-01 
 1120.000  1.794441e-01 
 1121.000  1.732142e-01 
 1122.000  1.452706e-01 
 1123.000  1.600385e-01 
 1124.000  1.701865e-01 
 1125.000  1.647677e-01 
 1126.000  1.626593e-01 
 1127.000  1.651414e-01 
 1128.000  1.699466e-01 
 1129.000  1.983569e-01 
 1130.000  2.676059e-01 
 1131.000  2.884218e-01 
 1132.000  2.599114e-01 
 1133.000  2.099343e-01 
 1134.000  1.260928e-01 
 1135.000  1.321532e-01 
 1136.000  2.173523e-01 
 1137.000  2.675637e-01 
 1138.000  3.184317e-01 
 1139.000  3.347576e-01 
 1140.000  3.249097e-01 
 1141.000  3.052873e-01 
 1142.000  2.983030e-01 
 1143.000  2.766741e-01 
 1144.000  2.528490e-01 
 1145.000  2.192094e-01 
 1146.000  2.270823e-01 
 1147.000  2.535224e-01 
 1148.000  2.775225e-01 
 1149.000  2.874734e-01 
 1150.000  2.882989e-01 
