  320.000  9.610166e-02 
  321.000  1.255240e-01 
  322.000  1.137488e-01 
  323.000  1.287185e-01 
  324.000  1.441685e-01 
  325.000  1.326165e-01 
  326.000  1.517007e-01 
  327.000  1.571384e-01 
  328.000  1.454545e-01 
  329.000  1.680766e-01 
  330.000  1.717357e-01 
  331.000  1.645146e-01 
  332.000  1.785262e-01 
  333.000  1.826649e-01 
  334.000  1.792651e-01 
  335.000  1.897284e-01 
  336.000  1.940077e-01 
  337.000  1.922014e-01 
  338.000  1.972344e-01 
  339.000  2.024624e-01 
  340.000  2.016009e-01 
  341.000  2.067043e-01 
  342.000  2.104563e-01 
  343.000  2.123471e-01 
  344.000  2.127340e-01 
  345.000  2.178591e-01 
  346.000  2.211105e-01 
  347.000  2.237699e-01 
  348.000  2.262679e-01 
  349.000  2.290816e-01 
  350.000  2.314932e-01 
  351.000  2.339010e-01 
  352.000  2.358806e-01 
  353.000  2.387021e-01 
  354.000  2.411103e-01 
  355.000  2.433562e-01 
  356.000  2.455492e-01 
  357.000  2.475047e-01 
  358.000  2.496127e-01 
  359.000  2.517226e-01 
  360.000  2.538875e-01 
  361.000  2.566285e-01 
  362.000  2.594894e-01 
  363.000  2.621305e-01 
  364.000  2.645664e-01 
  365.000  2.668557e-01 
  366.000  2.692010e-01 
  367.000  2.714381e-01 
  368.000  2.736589e-01 
  369.000  2.758644e-01 
  370.000  2.780508e-01 
  371.000  2.802238e-01 
  372.000  2.823824e-01 
  373.000  2.845263e-01 
  374.000  2.866389e-01 
  375.000  2.887141e-01 
  376.000  2.907217e-01 
  377.000  2.926219e-01 
  378.000  2.943892e-01 
  379.000  2.961871e-01 
  380.000  2.981672e-01 
  381.000  3.004245e-01 
  382.000  3.027675e-01 
  383.000  3.049865e-01 
  384.000  3.070945e-01 
  385.000  3.091284e-01 
  386.000  3.111126e-01 
  387.000  3.130673e-01 
  388.000  3.149993e-01 
  389.000  3.169177e-01 
  390.000  3.188228e-01 
  391.000  3.207106e-01 
  392.000  3.225864e-01 
  393.000  3.244488e-01 
  394.000  3.262958e-01 
  395.000  3.281259e-01 
  396.000  3.299460e-01 
  397.000  3.317468e-01 
  398.000  3.335328e-01 
  399.000  3.353053e-01 
  400.000  3.370550e-01 
  401.000  3.387997e-01 
  402.000  3.405319e-01 
  403.000  3.422508e-01 
  404.000  3.439560e-01 
  405.000  3.456440e-01 
  406.000  3.473222e-01 
  407.000  3.489887e-01 
  408.000  3.506421e-01 
  409.000  3.522805e-01 
  410.000  3.539048e-01 
  411.000  3.555143e-01 
  412.000  3.571078e-01 
  413.000  3.586933e-01 
  414.000  3.601662e-01 
  415.000  3.617608e-01 
  416.000  3.633365e-01 
  417.000  3.648870e-01 
  418.000  3.664030e-01 
  419.000  3.679034e-01 
  420.000  3.693913e-01 
  421.000  3.708713e-01 
  422.000  3.723432e-01 
  423.000  3.738053e-01 
  424.000  3.752510e-01 
  425.000  3.766645e-01 
  426.000  3.780652e-01 
  427.000  3.794545e-01 
  428.000  3.808199e-01 
  429.000  3.821672e-01 
  430.000  3.834995e-01 
  431.000  3.848228e-01 
  432.000  3.861330e-01 
  433.000  3.874315e-01 
  434.000  3.887199e-01 
  435.000  3.899964e-01 
  436.000  3.912594e-01 
  437.000  3.925093e-01 
  438.000  3.937457e-01 
  439.000  3.949733e-01 
  440.000  3.961817e-01 
  441.000  3.973754e-01 
  442.000  3.985509e-01 
  443.000  3.997093e-01 
  444.000  4.008499e-01 
  445.000  4.019667e-01 
  446.000  4.030529e-01 
  447.000  4.041926e-01 
  448.000  4.054152e-01 
  449.000  4.066535e-01 
  450.000  4.078684e-01 
  451.000  4.090366e-01 
  452.000  4.101643e-01 
  453.000  4.112696e-01 
  454.000  4.123553e-01 
  455.000  4.133785e-01 
  456.000  4.143195e-01 
  457.000  4.152611e-01 
  458.000  4.161904e-01 
  459.000  4.171004e-01 
  460.000  4.180034e-01 
  461.000  4.188972e-01 
  462.000  4.197744e-01 
  463.000  4.206480e-01 
  464.000  4.217859e-01 
  465.000  4.229072e-01 
  466.000  4.240092e-01 
  467.000  4.250862e-01 
  468.000  4.259638e-01 
  469.000  4.267199e-01 
  470.000  4.274154e-01 
  471.000  4.280417e-01 
  472.000  4.285736e-01 
  473.000  4.289465e-01 
  474.000  4.292527e-01 
  475.000  4.293314e-01 
  476.000  4.291798e-01 
  477.000  4.291767e-01 
  478.000  4.300629e-01 
  479.000  4.314126e-01 
  480.000  4.328701e-01 
  481.000  4.341784e-01 
  482.000  4.354061e-01 
  483.000  4.364738e-01 
  484.000  4.373918e-01 
  485.000  4.382131e-01 
  486.000  4.390892e-01 
  487.000  4.400118e-01 
  488.000  4.409051e-01 
  489.000  4.417823e-01 
  490.000  4.426493e-01 
  491.000  4.433285e-01 
  492.000  4.439495e-01 
  493.000  4.445675e-01 
  494.000  4.451683e-01 
  495.000  4.457691e-01 
  496.000  4.460787e-01 
  497.000  4.463767e-01 
  498.000  4.466702e-01 
  499.000  4.469480e-01 
  500.000  4.472215e-01 
  501.000  4.474646e-01 
  502.000  4.477077e-01 
  503.000  4.479478e-01 
  504.000  4.481769e-01 
  505.000  4.483934e-01 
  506.000  4.490279e-01 
  507.000  4.496809e-01 
  508.000  4.503331e-01 
  509.000  4.509780e-01 
  510.000  4.516092e-01 
  511.000  4.521752e-01 
  512.000  4.527220e-01 
  513.000  4.532656e-01 
  514.000  4.538026e-01 
  515.000  4.543350e-01 
  516.000  4.547154e-01 
  517.000  4.549593e-01 
  518.000  4.551965e-01 
  519.000  4.554293e-01 
  520.000  4.556597e-01 
  521.000  4.558662e-01 
  522.000  4.560152e-01 
  523.000  4.561226e-01 
  524.000  4.562335e-01 
  525.000  4.563210e-01 
  526.000  4.564437e-01 
  527.000  4.564635e-01 
  528.000  4.564415e-01 
  529.000  4.564184e-01 
  530.000  4.564004e-01 
  531.000  4.563856e-01 
  532.000  4.564188e-01 
  533.000  4.567180e-01 
  534.000  4.570960e-01 
  535.000  4.575227e-01 
  536.000  4.579352e-01 
  537.000  4.583126e-01 
  538.000  4.586501e-01 
  539.000  4.589629e-01 
  540.000  4.592564e-01 
  541.000  4.595412e-01 
  542.000  4.598137e-01 
  543.000  4.600765e-01 
  544.000  4.602753e-01 
  545.000  4.604217e-01 
  546.000  4.605615e-01 
  547.000  4.607051e-01 
  548.000  4.608415e-01 
  549.000  4.609759e-01 
  550.000  4.610410e-01 
  551.000  4.610376e-01 
  552.000  4.610368e-01 
  553.000  4.610219e-01 
  554.000  4.610004e-01 
  555.000  4.609752e-01 
  556.000  4.609239e-01 
  557.000  4.608278e-01 
  558.000  4.607238e-01 
  559.000  4.606079e-01 
  560.000  4.604627e-01 
  561.000  4.602911e-01 
  562.000  4.600093e-01 
  563.000  4.598039e-01 
  564.000  4.595438e-01 
  565.000  4.591733e-01 
  566.000  4.588526e-01 
  567.000  4.581597e-01 
  568.000  4.565313e-01 
  569.000  4.535640e-01 
  570.000  4.537007e-01 
  571.000  4.552133e-01 
  572.000  4.529708e-01 
  573.000  4.531713e-01 
  574.000  4.530021e-01 
  575.000  4.527260e-01 
  576.000  4.528869e-01 
  577.000  4.537862e-01 
  578.000  4.549552e-01 
  579.000  4.563068e-01 
  580.000  4.578798e-01 
  581.000  4.599325e-01 
  582.000  4.614591e-01 
  583.000  4.625682e-01 
  584.000  4.635792e-01 
  585.000  4.643941e-01 
  586.000  4.652021e-01 
  587.000  4.648917e-01 
  588.000  4.616485e-01 
  589.000  4.558487e-01 
  590.000  4.557597e-01 
  591.000  4.602571e-01 
  592.000  4.582754e-01 
  593.000  4.633222e-01 
  594.000  4.624999e-01 
  595.000  4.593424e-01 
  596.000  4.639467e-01 
  597.000  4.625984e-01 
  598.000  4.642610e-01 
  599.000  4.647601e-01 
  600.000  4.661026e-01 
  601.000  4.669637e-01 
  602.000  4.670495e-01 
  603.000  4.676982e-01 
  604.000  4.686619e-01 
  605.000  4.694097e-01 
  606.000  4.700111e-01 
  607.000  4.705942e-01 
  608.000  4.711730e-01 
  609.000  4.717284e-01 
  610.000  4.723064e-01 
  611.000  4.729489e-01 
  612.000  4.735784e-01 
  613.000  4.741884e-01 
  614.000  4.747806e-01 
  615.000  4.753713e-01 
  616.000  4.759406e-01 
  617.000  4.764784e-01 
  618.000  4.769293e-01 
  619.000  4.773108e-01 
  620.000  4.776641e-01 
  621.000  4.779677e-01 
  622.000  4.782215e-01 
  623.000  4.783913e-01 
  624.000  4.785722e-01 
  625.000  4.787240e-01 
  626.000  4.786491e-01 
  627.000  4.767552e-01 
  628.000  4.590775e-01 
  629.000  4.705327e-01 
  630.000  4.720545e-01 
  631.000  4.753802e-01 
  632.000  4.766003e-01 
  633.000  4.799412e-01 
  634.000  4.820775e-01 
  635.000  4.834205e-01 
  636.000  4.848804e-01 
  637.000  4.862058e-01 
  638.000  4.880453e-01 
  639.000  4.891209e-01 
  640.000  4.905335e-01 
  641.000  4.914640e-01 
  642.000  4.925664e-01 
  643.000  4.926960e-01 
  644.000  4.933814e-01 
  645.000  4.931736e-01 
  646.000  4.904302e-01 
  647.000  4.885655e-01 
  648.000  4.863853e-01 
  649.000  4.893087e-01 
  650.000  4.943956e-01 
  651.000  4.948573e-01 
  652.000  4.912545e-01 
  653.000  4.963860e-01 
  654.000  4.963289e-01 
  655.000  4.950831e-01 
  656.000  4.961329e-01 
  657.000  4.974826e-01 
  658.000  4.993651e-01 
  659.000  5.007812e-01 
  660.000  5.015970e-01 
  661.000  5.032828e-01 
  662.000  5.042449e-01 
  663.000  5.045954e-01 
  664.000  5.052331e-01 
  665.000  5.058680e-01 
  666.000  5.065728e-01 
  667.000  5.072075e-01 
  668.000  5.079020e-01 
  669.000  5.084702e-01 
  670.000  5.090014e-01 
  671.000  5.095468e-01 
  672.000  5.100599e-01 
  673.000  5.105672e-01 
  674.000  5.110713e-01 
  675.000  5.115751e-01 
  676.000  5.120525e-01 
  677.000  5.124906e-01 
  678.000  5.129287e-01 
  679.000  5.133227e-01 
  680.000  5.135284e-01 
  681.000  5.136629e-01 
  682.000  5.139876e-01 
  683.000  5.142198e-01 
  684.000  5.142830e-01 
  685.000  5.148886e-01 
  686.000  5.127158e-01 
  687.000  4.319242e-01 
  688.000  4.568206e-01 
  689.000  4.500134e-01 
  690.000  4.630295e-01 
  691.000  4.811863e-01 
  692.000  4.937353e-01 
  693.000  4.956952e-01 
  694.000  4.947521e-01 
  695.000  5.001496e-01 
  696.000  5.031691e-01 
  697.000  5.135469e-01 
  698.000  5.117605e-01 
  699.000  5.030044e-01 
  700.000  5.046847e-01 
  701.000  5.028498e-01 
  702.000  5.044965e-01 
  703.000  5.121752e-01 
  704.000  5.126668e-01 
  705.000  5.097206e-01 
  706.000  5.104650e-01 
  707.000  5.117131e-01 
  708.000  5.130487e-01 
  709.000  5.156339e-01 
  710.000  5.131712e-01 
  711.000  5.159703e-01 
  712.000  5.183712e-01 
  713.000  5.167016e-01 
  714.000  5.162391e-01 
  715.000  5.134565e-01 
  716.000  5.105876e-01 
  717.000  4.910604e-01 
  718.000  4.789608e-01 
  719.000  4.746825e-01 
  720.000  4.679889e-01 
  721.000  4.975377e-01 
  722.000  5.079518e-01 
  723.000  5.022902e-01 
  724.000  4.857828e-01 
  725.000  4.884101e-01 
  726.000  4.877040e-01 
  727.000  4.901580e-01 
  728.000  4.876433e-01 
  729.000  4.941263e-01 
  730.000  4.930710e-01 
  731.000  4.917787e-01 
  732.000  5.026202e-01 
  733.000  5.128925e-01 
  734.000  5.178408e-01 
  735.000  5.161953e-01 
  736.000  5.130432e-01 
  737.000  5.155342e-01 
  738.000  5.189278e-01 
  739.000  5.204195e-01 
  740.000  5.236472e-01 
  741.000  5.255349e-01 
  742.000  5.263634e-01 
  743.000  5.279809e-01 
  744.000  5.288004e-01 
  745.000  5.294511e-01 
  746.000  5.299414e-01 
  747.000  5.301602e-01 
  748.000  5.307585e-01 
  749.000  5.310977e-01 
  750.000  5.310460e-01 
  751.000  5.312303e-01 
  752.000  5.317628e-01 
  753.000  5.320341e-01 
  754.000  5.322667e-01 
  755.000  5.324489e-01 
  756.000  5.326354e-01 
  757.000  5.327668e-01 
  758.000  5.316307e-01 
  759.000  4.878621e-01 
  760.000  1.878151e-01 
  761.000  1.626120e-01 
  762.000  3.265624e-01 
  763.000  2.732948e-01 
  764.000  2.994599e-01 
  765.000  3.604917e-01 
  766.000  4.368867e-01 
  767.000  4.764874e-01 
  768.000  5.027508e-01 
  769.000  5.202425e-01 
  770.000  5.297663e-01 
  771.000  5.341798e-01 
  772.000  5.353057e-01 
  773.000  5.358146e-01 
  774.000  5.365064e-01 
  775.000  5.369213e-01 
  776.000  5.372111e-01 
  777.000  5.373328e-01 
  778.000  5.373805e-01 
  779.000  5.374115e-01 
  780.000  5.374370e-01 
  781.000  5.376776e-01 
  782.000  5.376967e-01 
  783.000  5.377222e-01 
  784.000  5.376074e-01 
  785.000  5.368956e-01 
  786.000  5.358521e-01 
  787.000  5.336065e-01 
  788.000  5.323745e-01 
  789.000  5.278293e-01 
  790.000  5.274833e-01 
  791.000  5.283995e-01 
  792.000  5.292460e-01 
  793.000  5.311587e-01 
  794.000  5.351622e-01 
  795.000  5.327884e-01 
  796.000  5.263689e-01 
  797.000  5.282641e-01 
  798.000  5.323887e-01 
  799.000  5.315000e-01 
  800.000  5.285705e-01 
  801.000  5.289672e-01 
  802.000  5.287080e-01 
  803.000  5.291836e-01 
  804.000  5.306193e-01 
  805.000  5.333329e-01 
  806.000  5.349651e-01 
  807.000  5.350760e-01 
  808.000  5.342146e-01 
  809.000  5.331472e-01 
  810.000  5.319763e-01 
  811.000  5.295238e-01 
  812.000  5.262079e-01 
  813.000  5.221252e-01 
  814.000  5.167078e-01 
  815.000  5.099419e-01 
  816.000  5.011452e-01 
  817.000  5.017003e-01 
  818.000  5.024625e-01 
  819.000  5.053953e-01 
  820.000  5.151248e-01 
  821.000  5.261690e-01 
  822.000  5.178366e-01 
  823.000  4.942491e-01 
  824.000  5.142068e-01 
  825.000  5.269003e-01 
  826.000  5.247504e-01 
  827.000  5.231874e-01 
  828.000  5.148728e-01 
  829.000  5.179214e-01 
  830.000  5.213172e-01 
  831.000  5.221307e-01 
  832.000  5.224861e-01 
  833.000  5.244458e-01 
  834.000  5.267425e-01 
  835.000  5.312683e-01 
  836.000  5.298448e-01 
  837.000  5.297136e-01 
  838.000  5.319357e-01 
  839.000  5.332916e-01 
  840.000  5.338048e-01 
  841.000  5.323931e-01 
  842.000  5.337169e-01 
  843.000  5.368158e-01 
  844.000  5.382332e-01 
  845.000  5.387647e-01 
  846.000  5.394303e-01 
  847.000  5.402570e-01 
  848.000  5.390540e-01 
  849.000  5.392504e-01 
  850.000  5.388069e-01 
  851.000  5.381080e-01 
  852.000  5.382117e-01 
  853.000  5.393046e-01 
  854.000  5.392640e-01 
  855.000  5.398491e-01 
  856.000  5.411525e-01 
  857.000  5.416939e-01 
  858.000  5.420344e-01 
  859.000  5.426767e-01 
  860.000  5.430747e-01 
  861.000  5.431583e-01 
  862.000  5.433826e-01 
  863.000  5.434362e-01 
  864.000  5.435989e-01 
  865.000  5.437368e-01 
  866.000  5.437938e-01 
  867.000  5.438000e-01 
  868.000  5.438445e-01 
  869.000  5.439087e-01 
  870.000  5.439075e-01 
  871.000  5.439693e-01 
  872.000  5.440826e-01 
  873.000  5.440217e-01 
  874.000  5.440006e-01 
  875.000  5.440155e-01 
  876.000  5.438896e-01 
  877.000  5.438381e-01 
  878.000  5.434106e-01 
  879.000  5.434045e-01 
  880.000  5.430986e-01 
  881.000  5.429050e-01 
  882.000  5.428020e-01 
  883.000  5.430270e-01 
  884.000  5.430613e-01 
  885.000  5.424671e-01 
  886.000  5.414591e-01 
  887.000  5.422847e-01 
  888.000  5.422643e-01 
  889.000  5.425431e-01 
  890.000  5.419674e-01 
  891.000  5.408521e-01 
  892.000  5.386020e-01 
  893.000  5.311377e-01 
  894.000  5.274384e-01 
  895.000  5.159541e-01 
  896.000  5.056251e-01 
  897.000  4.946795e-01 
  898.000  4.895465e-01 
  899.000  4.747738e-01 
  900.000  4.769750e-01 
  901.000  4.731105e-01 
  902.000  4.737935e-01 
  903.000  4.986241e-01 
  904.000  5.135691e-01 
  905.000  5.130168e-01 
  906.000  5.037059e-01 
  907.000  4.870882e-01 
  908.000  4.760446e-01 
  909.000  4.765577e-01 
  910.000  4.782576e-01 
  911.000  4.856350e-01 
  912.000  4.820890e-01 
  913.000  4.665285e-01 
  914.000  4.742591e-01 
  915.000  4.803052e-01 
  916.000  4.819341e-01 
  917.000  4.851912e-01 
  918.000  4.893957e-01 
  919.000  5.036315e-01 
  920.000  5.142748e-01 
  921.000  5.119275e-01 
  922.000  5.117377e-01 
  923.000  5.087838e-01 
  924.000  5.016418e-01 
  925.000  5.011122e-01 
  926.000  5.010852e-01 
  927.000  4.928103e-01 
  928.000  4.799719e-01 
  929.000  4.612067e-01 
  930.000  4.369245e-01 
  931.000  4.091815e-01 
  932.000  3.722717e-01 
  933.000  3.434913e-01 
  934.000  3.128197e-01 
  935.000  3.096221e-01 
  936.000  3.221219e-01 
  937.000  3.188430e-01 
  938.000  3.525489e-01 
  939.000  4.358468e-01 
  940.000  4.476618e-01 
  941.000  4.372999e-01 
  942.000  4.116817e-01 
  943.000  3.677860e-01 
  944.000  3.647432e-01 
  945.000  3.809018e-01 
  946.000  3.817032e-01 
  947.000  3.956458e-01 
  948.000  4.037622e-01 
  949.000  4.025883e-01 
  950.000  4.046327e-01 
  951.000  4.226571e-01 
  952.000  4.031780e-01 
  953.000  4.166548e-01 
  954.000  4.309109e-01 
  955.000  4.191208e-01 
  956.000  4.162645e-01 
  957.000  4.521837e-01 
  958.000  4.566384e-01 
  959.000  4.506409e-01 
  960.000  4.488451e-01 
  961.000  4.458171e-01 
  962.000  4.484650e-01 
  963.000  4.677763e-01 
  964.000  4.704854e-01 
  965.000  4.685998e-01 
  966.000  4.695837e-01 
  967.000  4.831305e-01 
  968.000  5.054294e-01 
  969.000  5.153556e-01 
  970.000  5.158731e-01 
  971.000  5.156414e-01 
  972.000  5.128411e-01 
  973.000  5.063208e-01 
  974.000  4.983149e-01 
  975.000  4.931415e-01 
  976.000  4.994832e-01 
  977.000  5.098757e-01 
  978.000  5.090195e-01 
  979.000  5.116764e-01 
  980.000  5.221562e-01 
  981.000  5.244586e-01 
  982.000  5.221188e-01 
  983.000  5.274589e-01 
  984.000  5.329381e-01 
  985.000  5.360413e-01 
  986.000  5.400352e-01 
  987.000  5.417610e-01 
  988.000  5.421579e-01 
  989.000  5.424149e-01 
  990.000  5.428427e-01 
  991.000  5.441434e-01 
  992.000  5.445910e-01 
  993.000  5.447642e-01 
  994.000  5.461062e-01 
  995.000  5.470343e-01 
  996.000  5.470367e-01 
  997.000  5.464875e-01 
  998.000  5.457768e-01 
  999.000  5.455247e-01 
 1000.000  5.457541e-01 
 1001.000  5.443616e-01 
 1002.000  5.422938e-01 
 1003.000  5.428458e-01 
 1004.000  5.441645e-01 
 1005.000  5.445884e-01 
 1006.000  5.447785e-01 
 1007.000  5.443375e-01 
 1008.000  5.426893e-01 
 1009.000  5.402130e-01 
 1010.000  5.413231e-01 
 1011.000  5.439541e-01 
 1012.000  5.447780e-01 
 1013.000  5.455922e-01 
 1014.000  5.458575e-01 
 1015.000  5.459173e-01 
 1016.000  5.462930e-01 
 1017.000  5.465133e-01 
 1018.000  5.460325e-01 
 1019.000  5.451512e-01 
 1020.000  5.454796e-01 
 1021.000  5.460938e-01 
 1022.000  5.449971e-01 
 1023.000  5.442237e-01 
 1024.000  5.436524e-01 
 1025.000  5.451803e-01 
 1026.000  5.458671e-01 
 1027.000  5.455098e-01 
 1028.000  5.457585e-01 
 1029.000  5.464567e-01 
 1030.000  5.471110e-01 
 1031.000  5.474908e-01 
 1032.000  5.476703e-01 
 1033.000  5.477299e-01 
 1034.000  5.478996e-01 
 1035.000  5.479277e-01 
 1036.000  5.477455e-01 
 1037.000  5.476559e-01 
 1038.000  5.477014e-01 
 1039.000  5.475546e-01 
 1040.000  5.473993e-01 
 1041.000  5.472736e-01 
 1042.000  5.472183e-01 
 1043.000  5.471717e-01 
 1044.000  5.470334e-01 
 1045.000  5.467291e-01 
 1046.000  5.465037e-01 
 1047.000  5.462158e-01 
 1048.000  5.457360e-01 
 1049.000  5.451874e-01 
 1050.000  5.448440e-01 
 1051.000  5.444611e-01 
 1052.000  5.441049e-01 
 1053.000  5.439146e-01 
 1054.000  5.434436e-01 
 1055.000  5.429563e-01 
 1056.000  5.424656e-01 
 1057.000  5.416401e-01 
 1058.000  5.402815e-01 
 1059.000  5.400683e-01 
 1060.000  5.404455e-01 
 1061.000  5.401513e-01 
 1062.000  5.392556e-01 
 1063.000  5.386766e-01 
 1064.000  5.378121e-01 
 1065.000  5.370405e-01 
 1066.000  5.370737e-01 
 1067.000  5.366448e-01 
 1068.000  5.353925e-01 
 1069.000  5.354697e-01 
 1070.000  5.361221e-01 
 1071.000  5.356066e-01 
 1072.000  5.349533e-01 
 1073.000  5.350671e-01 
 1074.000  5.354925e-01 
 1075.000  5.371524e-01 
 1076.000  5.365420e-01 
 1077.000  5.356146e-01 
 1078.000  5.344660e-01 
 1079.000  5.345051e-01 
 1080.000  5.309995e-01 
 1081.000  5.309558e-01 
 1082.000  5.327281e-01 
 1083.000  5.309422e-01 
 1084.000  5.289373e-01 
 1085.000  5.239326e-01 
 1086.000  5.252617e-01 
 1087.000  5.310149e-01 
 1088.000  5.313358e-01 
 1089.000  5.245811e-01 
 1090.000  5.233949e-01 
 1091.000  5.248045e-01 
 1092.000  5.215114e-01 
 1093.000  5.139245e-01 
 1094.000  5.106359e-01 
 1095.000  5.112512e-01 
 1096.000  5.118293e-01 
 1097.000  5.104025e-01 
 1098.000  4.915866e-01 
 1099.000  4.753519e-01 
 1100.000  4.765260e-01 
 1101.000  4.788539e-01 
 1102.000  4.778688e-01 
 1103.000  4.794436e-01 
 1104.000  4.767739e-01 
 1105.000  4.699583e-01 
 1106.000  4.629661e-01 
 1107.000  4.648493e-01 
 1108.000  4.663107e-01 
 1109.000  4.725218e-01 
 1110.000  4.720831e-01 
 1111.000  4.689324e-01 
 1112.000  4.543568e-01 
 1113.000  4.343123e-01 
 1114.000  4.293232e-01 
 1115.000  4.042514e-01 
 1116.000  3.883901e-01 
 1117.000  3.501835e-01 
 1118.000  3.145043e-01 
 1119.000  2.954833e-01 
 1120.000  2.709098e-01 
 1121.000  2.654837e-01 
 1122.000  2.386342e-01 
 1123.000  2.538238e-01 
 1124.000  2.638925e-01 
 1125.000  2.587471e-01 
 1126.000  2.566012e-01 
 1127.000  2.586954e-01 
 1128.000  2.627628e-01 
 1129.000  2.885336e-01 
 1130.000  3.469612e-01 
 1131.000  3.633303e-01 
 1132.000  3.410549e-01 
 1133.000  2.987433e-01 
 1134.000  2.179716e-01 
 1135.000  2.242509e-01 
 1136.000  3.045173e-01 
 1137.000  3.458696e-01 
 1138.000  3.841711e-01 
 1139.000  3.949097e-01 
 1140.000  3.877153e-01 
 1141.000  3.726663e-01 
 1142.000  3.674882e-01 
 1143.000  3.510461e-01 
 1144.000  3.321157e-01 
 1145.000  3.042484e-01 
 1146.000  3.108645e-01 
 1147.000  3.325398e-01 
 1148.000  3.514400e-01 
 1149.000  3.588338e-01 
 1150.000  3.588080e-01 
